Step X Y Z 
121000 9.990390e-11 0.000000e+00 0.000000e+00
122050 1.184519e-10 0.000000e+00 0.000000e+00
122339 1.020070e-10 0.000000e+00 0.000000e+00
122942 9.519762e-11 0.000000e+00 0.000000e+00
124804 9.696489e-11 0.000000e+00 0.000000e+00
126678 9.794055e-11 0.000000e+00 0.000000e+00
132725 1.161227e-10 0.000000e+00 0.000000e+00
132918 1.107803e-10 0.000000e+00 0.000000e+00
133055 4.500965e-11 0.000000e+00 0.000000e+00
134878 1.668660e-11 0.000000e+00 0.000000e+00
135060 3.732933e-11 0.000000e+00 0.000000e+00
135789 7.409067e-11 0.000000e+00 0.000000e+00
136789 8.461430e-11 0.000000e+00 0.000000e+00
138560 1.132397e-10 0.000000e+00 0.000000e+00
138621 1.302388e-10 0.000000e+00 0.000000e+00
140318 1.047049e-10 0.000000e+00 0.000000e+00
141629 8.968380e-11 0.000000e+00 0.000000e+00
142059 1.069493e-10 0.000000e+00 0.000000e+00
145220 1.259752e-10 0.000000e+00 0.000000e+00
147886 1.083725e-10 0.000000e+00 0.000000e+00
148374 9.925053e-11 0.000000e+00 0.000000e+00
148856 8.653194e-11 0.000000e+00 0.000000e+00
149631 9.197121e-11 0.000000e+00 0.000000e+00
150531 9.076417e-11 0.000000e+00 0.000000e+00
153807 1.170812e-10 0.000000e+00 0.000000e+00
154499 1.058269e-10 0.000000e+00 0.000000e+00
155589 1.051079e-10 0.000000e+00 0.000000e+00
157200 1.146576e-10 0.000000e+00 0.000000e+00
157299 1.067768e-10 0.000000e+00 0.000000e+00
157412 1.298205e-10 0.000000e+00 0.000000e+00
157944 1.097032e-10 0.000000e+00 0.000000e+00
158393 1.121242e-10 0.000000e+00 0.000000e+00
158860 1.150424e-10 0.000000e+00 0.000000e+00
160217 1.237946e-10 0.000000e+00 0.000000e+00
161465 1.154863e-10 0.000000e+00 0.000000e+00
169295 1.274174e-10 0.000000e+00 0.000000e+00
169955 1.206589e-10 0.000000e+00 0.000000e+00
171616 1.222571e-10 0.000000e+00 0.000000e+00
171665 1.228679e-10 0.000000e+00 0.000000e+00
172854 1.248478e-10 0.000000e+00 0.000000e+00
172874 1.248151e-10 0.000000e+00 0.000000e+00
174759 1.315762e-10 0.000000e+00 0.000000e+00
175061 1.340284e-10 0.000000e+00 0.000000e+00
175676 1.372217e-10 0.000000e+00 0.000000e+00
176236 1.201421e-10 0.000000e+00 0.000000e+00
176338 1.179461e-10 0.000000e+00 0.000000e+00
177243 1.196782e-10 0.000000e+00 0.000000e+00
177258 1.162570e-10 0.000000e+00 0.000000e+00
177406 1.214464e-10 0.000000e+00 0.000000e+00
177834 1.239704e-10 0.000000e+00 0.000000e+00
178651 1.188706e-10 0.000000e+00 0.000000e+00
178840 1.173700e-10 0.000000e+00 0.000000e+00
179521 1.216559e-10 0.000000e+00 0.000000e+00
179917 1.110450e-10 0.000000e+00 0.000000e+00
181849 1.141983e-10 0.000000e+00 0.000000e+00
183721 1.128580e-10 0.000000e+00 0.000000e+00
185555 7.987429e-11 0.000000e+00 0.000000e+00
185713 6.986531e-11 0.000000e+00 0.000000e+00
187269 6.621259e-11 0.000000e+00 0.000000e+00
190242 8.122147e-11 0.000000e+00 0.000000e+00
190552 8.517283e-11 0.000000e+00 0.000000e+00
190588 9.805945e-11 0.000000e+00 0.000000e+00
190634 1.028718e-10 0.000000e+00 0.000000e+00
192709 1.010930e-10 0.000000e+00 0.000000e+00
193594 1.005372e-10 0.000000e+00 0.000000e+00
195107 1.034010e-10 0.000000e+00 0.000000e+00
196550 1.016082e-10 0.000000e+00 0.000000e+00
199750 1.078367e-10 0.000000e+00 0.000000e+00
200204 1.033138e-10 0.000000e+00 0.000000e+00
200356 1.094669e-10 0.000000e+00 0.000000e+00
200564 1.089068e-10 0.000000e+00 0.000000e+00
201568 8.148010e-11 0.000000e+00 0.000000e+00
201996 9.323079e-11 0.000000e+00 0.000000e+00
203569 8.800705e-11 0.000000e+00 0.000000e+00
205300 9.447023e-11 0.000000e+00 0.000000e+00
206730 9.186788e-11 0.000000e+00 0.000000e+00
208796 8.718497e-11 0.000000e+00 0.000000e+00
209133 8.613453e-11 0.000000e+00 0.000000e+00
209189 8.271305e-11 0.000000e+00 0.000000e+00
209651 8.334300e-11 0.000000e+00 0.000000e+00
210239 8.420993e-11 0.000000e+00 0.000000e+00
210625 7.282155e-11 0.000000e+00 0.000000e+00
210663 7.218070e-11 0.000000e+00 0.000000e+00
210847 5.787906e-11 0.000000e+00 0.000000e+00
210910 6.465914e-11 0.000000e+00 0.000000e+00
212622 6.050298e-11 0.000000e+00 0.000000e+00
212628 5.797084e-11 0.000000e+00 0.000000e+00
212630 5.813863e-11 0.000000e+00 0.000000e+00
213773 8.915356e-11 0.000000e+00 0.000000e+00
214477 9.680636e-11 0.000000e+00 0.000000e+00
214918 7.918429e-11 0.000000e+00 0.000000e+00
216575 7.715033e-11 0.000000e+00 0.000000e+00
217066 7.599904e-11 0.000000e+00 0.000000e+00
217762 7.744088e-11 0.000000e+00 0.000000e+00
218196 1.119383e-10 0.000000e+00 0.000000e+00
221556 1.050255e-10 0.000000e+00 0.000000e+00
221877 9.434380e-11 0.000000e+00 0.000000e+00
222307 8.818460e-11 0.000000e+00 0.000000e+00
222511 8.995152e-11 0.000000e+00 0.000000e+00
222824 9.132240e-11 0.000000e+00 0.000000e+00
228623 6.219590e-11 0.000000e+00 0.000000e+00
229297 6.378955e-11 0.000000e+00 0.000000e+00
229454 6.125995e-11 0.000000e+00 0.000000e+00
229890 6.745446e-11 0.000000e+00 0.000000e+00
230110 6.872013e-11 0.000000e+00 0.000000e+00
230232 7.060394e-11 0.000000e+00 0.000000e+00
231173 7.146968e-11 0.000000e+00 0.000000e+00
231951 7.096697e-11 0.000000e+00 0.000000e+00
232983 7.958711e-11 0.000000e+00 0.000000e+00
233390 7.486965e-11 0.000000e+00 0.000000e+00
234937 7.850436e-11 0.000000e+00 0.000000e+00
240680 7.642276e-11 0.000000e+00 0.000000e+00
242370 7.294627e-11 0.000000e+00 0.000000e+00
246138 7.395071e-11 0.000000e+00 0.000000e+00
247217 7.796845e-11 0.000000e+00 0.000000e+00
248841 9.958771e-11 0.000000e+00 0.000000e+00
249882 9.283961e-11 0.000000e+00 0.000000e+00
252787 7.573094e-11 0.000000e+00 0.000000e+00
258486 6.276714e-11 0.000000e+00 0.000000e+00
262688 6.723475e-11 0.000000e+00 0.000000e+00
263093 6.517885e-11 0.000000e+00 0.000000e+00
263837 6.569789e-11 0.000000e+00 0.000000e+00
264395 6.899280e-11 0.000000e+00 0.000000e+00
264698 9.829319e-11 0.000000e+00 0.000000e+00
265095 1.172133e-10 0.000000e+00 0.000000e+00
269654 9.590525e-11 0.000000e+00 0.000000e+00
270453 9.360582e-11 0.000000e+00 0.000000e+00
270766 9.623573e-11 0.000000e+00 0.000000e+00
272733 5.923684e-11 0.000000e+00 0.000000e+00
273255 5.953960e-11 0.000000e+00 0.000000e+00
275161 6.288297e-11 0.000000e+00 0.000000e+00
275824 8.220443e-11 0.000000e+00 0.000000e+00
276218 8.578204e-11 0.000000e+00 0.000000e+00
276445 8.108706e-11 0.000000e+00 0.000000e+00
276655 7.124642e-11 0.000000e+00 0.000000e+00
276747 6.323438e-11 0.000000e+00 0.000000e+00
277725 1.354236e-10 0.000000e+00 0.000000e+00
277878 1.407035e-10 0.000000e+00 0.000000e+00
278873 1.495047e-10 0.000000e+00 0.000000e+00
279431 1.290615e-10 0.000000e+00 0.000000e+00
279444 1.260094e-10 0.000000e+00 0.000000e+00
281300 1.284172e-10 0.000000e+00 0.000000e+00
281949 1.269987e-10 0.000000e+00 0.000000e+00
283953 1.286236e-10 0.000000e+00 0.000000e+00
284150 1.366042e-10 0.000000e+00 0.000000e+00
284526 1.330590e-10 0.000000e+00 0.000000e+00
285037 1.318262e-10 0.000000e+00 0.000000e+00
285643 1.353475e-10 0.000000e+00 0.000000e+00
286523 1.420894e-10 0.000000e+00 0.000000e+00
286757 1.462457e-10 0.000000e+00 0.000000e+00
287100 1.474731e-10 0.000000e+00 0.000000e+00
287237 1.434989e-10 0.000000e+00 0.000000e+00
288704 1.392197e-10 0.000000e+00 0.000000e+00
288800 1.415504e-10 0.000000e+00 0.000000e+00
289965 1.380724e-10 0.000000e+00 0.000000e+00
290116 1.397851e-10 0.000000e+00 0.000000e+00
290265 1.399880e-10 0.000000e+00 0.000000e+00
292428 1.451358e-10 0.000000e+00 0.000000e+00
293140 1.431797e-10 0.000000e+00 0.000000e+00
294789 1.484691e-10 0.000000e+00 0.000000e+00
296309 1.525135e-10 0.000000e+00 0.000000e+00
296421 1.445757e-10 0.000000e+00 0.000000e+00
298357 1.517403e-10 0.000000e+00 0.000000e+00
299418 1.506047e-10 0.000000e+00 0.000000e+00
300317 1.219632e-10 0.000000e+00 0.000000e+00
300735 1.267462e-10 0.000000e+00 0.000000e+00
301100 1.310284e-10 0.000000e+00 0.000000e+00
301957 1.256097e-10 0.000000e+00 0.000000e+00
306072 1.345329e-10 0.000000e+00 0.000000e+00
306704 1.189527e-10 0.000000e+00 0.000000e+00
306861 1.212432e-10 0.000000e+00 0.000000e+00
306894 1.014755e-10 0.000000e+00 0.000000e+00
307858 1.211484e-10 0.000000e+00 0.000000e+00
307920 1.047288e-10 0.000000e+00 0.000000e+00
308422 7.406316e-11 0.000000e+00 0.000000e+00
308793 6.653727e-11 0.000000e+00 0.000000e+00
310347 6.800791e-11 0.000000e+00 0.000000e+00
311130 6.709995e-11 0.000000e+00 0.000000e+00
311391 6.459474e-11 0.000000e+00 0.000000e+00
312191 2.585510e-11 0.000000e+00 0.000000e+00
314853 3.179419e-11 0.000000e+00 0.000000e+00
319767 4.234617e-11 0.000000e+00 0.000000e+00
319787 5.243662e-11 0.000000e+00 0.000000e+00
320245 5.603123e-11 0.000000e+00 0.000000e+00
323725 4.976234e-11 0.000000e+00 0.000000e+00
324534 5.408252e-11 0.000000e+00 0.000000e+00
324615 5.658371e-11 0.000000e+00 0.000000e+00
324942 4.739393e-11 0.000000e+00 0.000000e+00
327965 3.404838e-11 0.000000e+00 0.000000e+00
328880 3.677565e-11 0.000000e+00 0.000000e+00
330645 2.907330e-11 0.000000e+00 0.000000e+00
330760 3.062210e-11 0.000000e+00 0.000000e+00
332059 1.898906e-11 0.000000e+00 0.000000e+00
333911 2.106796e-11 0.000000e+00 0.000000e+00
333921 2.480623e-11 0.000000e+00 0.000000e+00
334507 2.743000e-11 0.000000e+00 0.000000e+00
335575 4.348477e-11 0.000000e+00 0.000000e+00
336092 5.519209e-11 0.000000e+00 0.000000e+00
336962 3.822965e-11 0.000000e+00 0.000000e+00
337045 5.275945e-11 0.000000e+00 0.000000e+00
337150 3.890818e-11 0.000000e+00 0.000000e+00
337497 4.633301e-11 0.000000e+00 0.000000e+00
341364 4.047494e-11 0.000000e+00 0.000000e+00
341506 3.960579e-11 0.000000e+00 0.000000e+00
342122 5.129033e-11 0.000000e+00 0.000000e+00
342163 4.834324e-11 0.000000e+00 0.000000e+00
342493 4.450667e-11 0.000000e+00 0.000000e+00
342836 4.155419e-11 0.000000e+00 0.000000e+00
343494 4.951147e-11 0.000000e+00 0.000000e+00
344377 5.054206e-11 0.000000e+00 0.000000e+00
344724 5.157071e-11 0.000000e+00 0.000000e+00
345951 5.514206e-11 0.000000e+00 0.000000e+00
346200 5.387256e-11 0.000000e+00 0.000000e+00
351101 2.246321e-11 0.000000e+00 0.000000e+00
352811 -1.155946e-10 0.000000e+00 0.000000e+00
354132 -1.219297e-10 0.000000e+00 0.000000e+00
354209 -1.042688e-10 0.000000e+00 0.000000e+00
354668 -1.152050e-10 0.000000e+00 0.000000e+00
355405 -8.559646e-11 0.000000e+00 0.000000e+00
357113 -9.261406e-11 0.000000e+00 0.000000e+00
358613 -9.989989e-11 0.000000e+00 0.000000e+00
358755 -1.053142e-10 0.000000e+00 0.000000e+00
360373 -8.933173e-11 0.000000e+00 0.000000e+00
361153 -7.755188e-11 0.000000e+00 0.000000e+00
361196 -5.246025e-11 0.000000e+00 0.000000e+00
361668 -7.439266e-12 0.000000e+00 0.000000e+00
365261 -4.862581e-11 0.000000e+00 0.000000e+00
365322 -2.966458e-11 0.000000e+00 0.000000e+00
366442 -2.556956e-11 0.000000e+00 0.000000e+00
367471 -2.282472e-11 0.000000e+00 0.000000e+00
367579 -2.483396e-11 0.000000e+00 0.000000e+00
367933 -1.502115e-11 0.000000e+00 0.000000e+00
369053 -1.772742e-11 0.000000e+00 0.000000e+00
369372 -1.964501e-11 0.000000e+00 0.000000e+00
369762 -1.877425e-11 0.000000e+00 0.000000e+00
369777 -9.592921e-12 0.000000e+00 0.000000e+00
370070 -2.647994e-12 0.000000e+00 0.000000e+00
370903 1.461505e-11 0.000000e+00 0.000000e+00
371123 1.384713e-11 0.000000e+00 0.000000e+00
371450 5.414982e-12 0.000000e+00 0.000000e+00
371909 3.330546e-12 0.000000e+00 0.000000e+00
372989 1.920835e-12 0.000000e+00 0.000000e+00
374189 1.015060e-11 0.000000e+00 0.000000e+00
374221 6.719159e-12 0.000000e+00 0.000000e+00
374715 1.175630e-11 0.000000e+00 0.000000e+00
375717 6.376059e-13 0.000000e+00 0.000000e+00
378033 1.034146e-11 0.000000e+00 0.000000e+00
379146 -2.064045e-11 0.000000e+00 0.000000e+00
379254 -2.368652e-11 0.000000e+00 0.000000e+00
381186 -4.489908e-11 0.000000e+00 0.000000e+00
382492 -7.922508e-11 0.000000e+00 0.000000e+00
383122 -8.440278e-11 0.000000e+00 0.000000e+00
383511 -9.070260e-11 0.000000e+00 0.000000e+00
383975 -9.514925e-11 0.000000e+00 0.000000e+00
384099 -1.006590e-10 0.000000e+00 0.000000e+00
384159 -1.079319e-10 0.000000e+00 0.000000e+00
385860 -1.094355e-10 0.000000e+00 0.000000e+00
387763 -1.032332e-10 0.000000e+00 0.000000e+00
388071 -1.118454e-10 0.000000e+00 0.000000e+00
388332 -1.018574e-10 0.000000e+00 0.000000e+00
388446 -1.089569e-10 0.000000e+00 0.000000e+00
389359 -9.648707e-11 0.000000e+00 0.000000e+00
389368 -9.530950e-11 0.000000e+00 0.000000e+00
389881 -1.139595e-10 0.000000e+00 0.000000e+00
390840 -1.108930e-10 0.000000e+00 0.000000e+00
394237 -1.127967e-10 0.000000e+00 0.000000e+00
394372 -1.100735e-10 0.000000e+00 0.000000e+00
395196 -1.314107e-10 0.000000e+00 0.000000e+00
397305 -1.332344e-10 0.000000e+00 0.000000e+00
398655 -1.178569e-10 0.000000e+00 0.000000e+00
399887 -1.240873e-10 0.000000e+00 0.000000e+00
400263 -1.282615e-10 0.000000e+00 0.000000e+00
400321 -1.257652e-10 0.000000e+00 0.000000e+00
400588 -1.271653e-10 0.000000e+00 0.000000e+00
401826 -1.202874e-10 0.000000e+00 0.000000e+00
401830 -1.216588e-10 0.000000e+00 0.000000e+00
402161 -8.125616e-11 0.000000e+00 0.000000e+00
403228 -9.339452e-11 0.000000e+00 0.000000e+00
406832 -7.277290e-11 0.000000e+00 0.000000e+00
408827 -7.585893e-11 0.000000e+00 0.000000e+00
409348 -7.909753e-11 0.000000e+00 0.000000e+00
409605 -7.108571e-11 0.000000e+00 0.000000e+00
410684 -4.777994e-11 0.000000e+00 0.000000e+00
411462 -8.323360e-11 0.000000e+00 0.000000e+00
412093 -8.239023e-11 0.000000e+00 0.000000e+00
412845 -8.745784e-11 0.000000e+00 0.000000e+00
413341 -8.847126e-11 0.000000e+00 0.000000e+00
413535 -8.505127e-11 0.000000e+00 0.000000e+00
415354 -9.373027e-11 0.000000e+00 0.000000e+00
415779 -9.460486e-11 0.000000e+00 0.000000e+00
417073 -8.653036e-11 0.000000e+00 0.000000e+00
417741 -9.164145e-11 0.000000e+00 0.000000e+00
418860 -8.100501e-11 0.000000e+00 0.000000e+00
419534 -8.690840e-11 0.000000e+00 0.000000e+00
419910 -8.390301e-11 0.000000e+00 0.000000e+00
422954 -6.722543e-11 0.000000e+00 0.000000e+00
423231 -6.535412e-11 0.000000e+00 0.000000e+00
424457 -7.371929e-11 0.000000e+00 0.000000e+00
424481 -7.687546e-11 0.000000e+00 0.000000e+00
427578 -7.482643e-11 0.000000e+00 0.000000e+00
428706 -6.906109e-11 0.000000e+00 0.000000e+00
430299 -5.465448e-11 0.000000e+00 0.000000e+00
430729 -6.064431e-11 0.000000e+00 0.000000e+00
431947 -7.177152e-11 0.000000e+00 0.000000e+00
432460 -4.414340e-11 0.000000e+00 0.000000e+00
432944 -3.978397e-11 0.000000e+00 0.000000e+00
433295 -4.270146e-11 0.000000e+00 0.000000e+00
433976 -7.837326e-11 0.000000e+00 0.000000e+00
434524 -5.641640e-11 0.000000e+00 0.000000e+00
436111 -5.940379e-11 0.000000e+00 0.000000e+00
436519 -5.706693e-11 0.000000e+00 0.000000e+00
438318 -5.209710e-11 0.000000e+00 0.000000e+00
438665 -5.079683e-11 0.000000e+00 0.000000e+00
439922 -5.070246e-11 0.000000e+00 0.000000e+00
440919 -6.413609e-11 0.000000e+00 0.000000e+00
442386 -6.230142e-11 0.000000e+00 0.000000e+00
443855 -7.019872e-11 0.000000e+00 0.000000e+00
445059 -5.814441e-11 0.000000e+00 0.000000e+00
445249 -6.022308e-11 0.000000e+00 0.000000e+00
446098 -5.590696e-11 0.000000e+00 0.000000e+00
446270 -5.357422e-11 0.000000e+00 0.000000e+00
446520 -5.487036e-11 0.000000e+00 0.000000e+00
447263 -7.394757e-11 0.000000e+00 0.000000e+00
449087 -6.869483e-11 0.000000e+00 0.000000e+00
450470 -6.653882e-11 0.000000e+00 0.000000e+00
451115 -6.787694e-11 0.000000e+00 0.000000e+00
453037 -6.249830e-11 0.000000e+00 0.000000e+00
453052 -6.099822e-11 0.000000e+00 0.000000e+00
453538 -1.067049e-10 0.000000e+00 0.000000e+00
454975 -9.774255e-11 0.000000e+00 0.000000e+00
455849 -9.882860e-11 0.000000e+00 0.000000e+00
458233 -1.061231e-10 0.000000e+00 0.000000e+00
458863 -1.039037e-10 0.000000e+00 0.000000e+00
460616 -1.023596e-10 0.000000e+00 0.000000e+00
460622 -1.031230e-10 0.000000e+00 0.000000e+00
460779 -9.579704e-11 0.000000e+00 0.000000e+00
461210 -9.786517e-11 0.000000e+00 0.000000e+00
461468 -9.915740e-11 0.000000e+00 0.000000e+00
462526 -1.016451e-10 0.000000e+00 0.000000e+00
463229 -1.013848e-10 0.000000e+00 0.000000e+00
465997 -8.999725e-11 0.000000e+00 0.000000e+00
466166 -9.149791e-11 0.000000e+00 0.000000e+00
467603 -8.072381e-11 0.000000e+00 0.000000e+00
467663 -7.793911e-11 0.000000e+00 0.000000e+00
467696 -9.569872e-11 0.000000e+00 0.000000e+00
469362 -1.295249e-10 0.000000e+00 0.000000e+00
471071 -1.188160e-10 0.000000e+00 0.000000e+00
472625 -1.127803e-10 0.000000e+00 0.000000e+00
472921 -1.168583e-10 0.000000e+00 0.000000e+00
474395 -1.345798e-10 0.000000e+00 0.000000e+00
475811 -1.236834e-10 0.000000e+00 0.000000e+00
476550 -1.228391e-10 0.000000e+00 0.000000e+00
477155 -1.133847e-10 0.000000e+00 0.000000e+00
480939 -1.301543e-10 0.000000e+00 0.000000e+00
482467 -1.253201e-10 0.000000e+00 0.000000e+00
482914 -1.167301e-10 0.000000e+00 0.000000e+00
484166 -1.052043e-10 0.000000e+00 0.000000e+00
484608 -1.075377e-10 0.000000e+00 0.000000e+00
485770 -1.109941e-10 0.000000e+00 0.000000e+00
486783 -1.120243e-10 0.000000e+00 0.000000e+00
487578 -1.179843e-10 0.000000e+00 0.000000e+00
487614 -1.144221e-10 0.000000e+00 0.000000e+00
488210 -1.191917e-10 0.000000e+00 0.000000e+00
488234 -1.198692e-10 0.000000e+00 0.000000e+00
489846 -1.357051e-10 0.000000e+00 0.000000e+00
491041 -9.662189e-11 0.000000e+00 0.000000e+00
491096 -1.008226e-10 0.000000e+00 0.000000e+00
491364 -9.732282e-11 0.000000e+00 0.000000e+00
491368 -9.652631e-11 0.000000e+00 0.000000e+00
491537 -9.886042e-11 0.000000e+00 0.000000e+00
491569 -9.905852e-11 0.000000e+00 0.000000e+00
492099 -1.368884e-10 0.000000e+00 0.000000e+00
492103 -1.382947e-10 0.000000e+00 0.000000e+00
492104 -1.389590e-10 0.000000e+00 0.000000e+00
493426 -1.405444e-10 0.000000e+00 0.000000e+00
494256 -1.416201e-10 0.000000e+00 0.000000e+00
496466 -1.438508e-10 0.000000e+00 0.000000e+00
497593 -1.460020e-10 0.000000e+00 0.000000e+00
498635 -1.226167e-10 0.000000e+00 0.000000e+00
501844 -1.425718e-10 0.000000e+00 0.000000e+00
502156 -1.310422e-10 0.000000e+00 0.000000e+00
503424 -1.318640e-10 0.000000e+00 0.000000e+00
505749 -1.329470e-10 0.000000e+00 0.000000e+00
508974 -1.449678e-10 0.000000e+00 0.000000e+00
510379 -1.395217e-10 0.000000e+00 0.000000e+00
510644 -1.261963e-10 0.000000e+00 0.000000e+00
512473 -1.286005e-10 0.000000e+00 0.000000e+00
512895 -1.275857e-10 0.000000e+00 0.000000e+00
513418 -1.161101e-10 0.000000e+00 0.000000e+00
514209 -1.147838e-10 0.000000e+00 0.000000e+00
514744 -1.084897e-10 0.000000e+00 0.000000e+00
515394 -1.063667e-10 0.000000e+00 0.000000e+00
518493 -1.046356e-10 0.000000e+00 0.000000e+00
518636 -1.100018e-10 0.000000e+00 0.000000e+00
519466 -1.026087e-10 0.000000e+00 0.000000e+00
519478 -1.066815e-10 0.000000e+00 0.000000e+00
519566 -1.168642e-10 0.000000e+00 0.000000e+00
523352 -1.093924e-10 0.000000e+00 0.000000e+00
524107 -1.076068e-10 0.000000e+00 0.000000e+00
524244 -1.080198e-10 0.000000e+00 0.000000e+00
525189 -1.161697e-10 0.000000e+00 0.000000e+00
525501 -1.133451e-10 0.000000e+00 0.000000e+00
527391 -1.161345e-10 0.000000e+00 0.000000e+00
527424 -9.050241e-11 0.000000e+00 0.000000e+00
528770 -4.620907e-12 0.000000e+00 0.000000e+00
529709 -1.227868e-11 0.000000e+00 0.000000e+00
531098 8.659981e-12 0.000000e+00 0.000000e+00
538092 -1.573443e-11 0.000000e+00 0.000000e+00
538143 -2.189123e-11 0.000000e+00 0.000000e+00
540710 -4.141337e-11 0.000000e+00 0.000000e+00
541093 -3.394916e-11 0.000000e+00 0.000000e+00
542123 -2.774883e-11 0.000000e+00 0.000000e+00
542246 -3.210923e-11 0.000000e+00 0.000000e+00
543118 -3.777227e-11 0.000000e+00 0.000000e+00
543271 -2.254497e-11 0.000000e+00 0.000000e+00
544239 -1.637156e-12 0.000000e+00 0.000000e+00
544669 7.734421e-12 0.000000e+00 0.000000e+00
546628 -6.324407e-12 0.000000e+00 0.000000e+00
547137 -4.642894e-13 0.000000e+00 0.000000e+00
547274 3.328692e-12 0.000000e+00 0.000000e+00
548751 -1.147161e-11 0.000000e+00 0.000000e+00
551077 -1.070275e-11 0.000000e+00 0.000000e+00
551407 -2.249256e-12 0.000000e+00 0.000000e+00
553617 -1.374365e-11 0.000000e+00 0.000000e+00
554085 -1.439431e-11 0.000000e+00 0.000000e+00
554142 -1.602848e-11 0.000000e+00 0.000000e+00
554187 -4.771556e-11 0.000000e+00 0.000000e+00
556390 -6.300948e-11 0.000000e+00 0.000000e+00
557152 -7.620407e-11 0.000000e+00 0.000000e+00
559202 -6.571996e-11 0.000000e+00 0.000000e+00
560141 -7.225658e-11 0.000000e+00 0.000000e+00
560236 -7.533967e-11 0.000000e+00 0.000000e+00
561607 -7.994140e-11 0.000000e+00 0.000000e+00
562167 -7.044567e-11 0.000000e+00 0.000000e+00
562446 -6.440199e-11 0.000000e+00 0.000000e+00
562744 -6.804621e-11 0.000000e+00 0.000000e+00
562767 -6.576977e-11 0.000000e+00 0.000000e+00
565120 -7.164963e-11 0.000000e+00 0.000000e+00
565365 -5.025195e-11 0.000000e+00 0.000000e+00
565519 -4.932579e-11 0.000000e+00 0.000000e+00
565523 -4.963999e-11 0.000000e+00 0.000000e+00
566354 -3.853901e-11 0.000000e+00 0.000000e+00
569135 -2.680927e-11 0.000000e+00 0.000000e+00
570276 -4.598011e-11 0.000000e+00 0.000000e+00
572857 -4.667007e-11 0.000000e+00 0.000000e+00
573929 -3.657519e-11 0.000000e+00 0.000000e+00
574208 -3.246348e-11 0.000000e+00 0.000000e+00
575069 -3.521775e-11 0.000000e+00 0.000000e+00
575105 -3.372907e-11 0.000000e+00 0.000000e+00
575913 -3.320997e-11 0.000000e+00 0.000000e+00
576180 -3.102762e-11 0.000000e+00 0.000000e+00
578190 -2.883824e-11 0.000000e+00 0.000000e+00
578199 -2.644981e-11 0.000000e+00 0.000000e+00
578404 -3.135757e-11 0.000000e+00 0.000000e+00
579280 -2.482349e-11 0.000000e+00 0.000000e+00
579548 -2.383962e-11 0.000000e+00 0.000000e+00
579716 -1.663742e-11 0.000000e+00 0.000000e+00
581031 -2.124580e-11 0.000000e+00 0.000000e+00
583232 -9.197469e-11 0.000000e+00 0.000000e+00
584209 -8.239027e-11 0.000000e+00 0.000000e+00
584536 -8.531314e-11 0.000000e+00 0.000000e+00
584705 -6.690864e-11 0.000000e+00 0.000000e+00
586294 -5.340909e-11 0.000000e+00 0.000000e+00
587440 -5.897048e-11 0.000000e+00 0.000000e+00
588823 -5.282663e-11 0.000000e+00 0.000000e+00
589038 -3.969155e-11 0.000000e+00 0.000000e+00
589092 -4.491697e-11 0.000000e+00 0.000000e+00
589177 -4.609967e-11 0.000000e+00 0.000000e+00
590188 -3.636060e-11 0.000000e+00 0.000000e+00
590201 -3.802432e-11 0.000000e+00 0.000000e+00
591268 -6.487152e-11 0.000000e+00 0.000000e+00
591389 -5.519620e-11 0.000000e+00 0.000000e+00
591415 -5.886301e-11 0.000000e+00 0.000000e+00
591743 -2.624608e-11 0.000000e+00 0.000000e+00
591819 -1.861063e-11 0.000000e+00 0.000000e+00
592626 -8.174609e-12 0.000000e+00 0.000000e+00
593824 -4.259149e-12 0.000000e+00 0.000000e+00
595094 -8.918288e-12 0.000000e+00 0.000000e+00
596008 -1.048257e-11 0.000000e+00 0.000000e+00
596295 -1.285068e-11 0.000000e+00 0.000000e+00
597470 -2.513994e-11 0.000000e+00 0.000000e+00
599537 -5.755905e-11 0.000000e+00 0.000000e+00
600396 -6.153656e-11 0.000000e+00 0.000000e+00
602259 -6.965969e-11 0.000000e+00 0.000000e+00
602795 -7.110714e-11 0.000000e+00 0.000000e+00
603598 -8.194431e-11 0.000000e+00 0.000000e+00
604718 -7.969858e-11 0.000000e+00 0.000000e+00
604842 -8.382504e-11 0.000000e+00 0.000000e+00
604892 -8.970927e-11 0.000000e+00 0.000000e+00
605101 -7.293973e-11 0.000000e+00 0.000000e+00
605914 -7.678411e-11 0.000000e+00 0.000000e+00
606372 -7.453753e-11 0.000000e+00 0.000000e+00
607118 -8.287262e-11 0.000000e+00 0.000000e+00
607425 -1.004881e-10 0.000000e+00 0.000000e+00
607485 -1.069826e-10 0.000000e+00 0.000000e+00
608840 -8.862100e-11 0.000000e+00 0.000000e+00
609307 -8.761823e-11 0.000000e+00 0.000000e+00
613070 -9.301806e-11 0.000000e+00 0.000000e+00
614042 -8.890016e-11 0.000000e+00 0.000000e+00
614725 -9.429301e-11 0.000000e+00 0.000000e+00
617174 -7.710877e-11 0.000000e+00 0.000000e+00
618740 -8.642731e-11 0.000000e+00 0.000000e+00
619096 -8.613944e-11 0.000000e+00 0.000000e+00
619344 -1.112951e-10 0.000000e+00 0.000000e+00
619368 -1.112830e-10 0.000000e+00 0.000000e+00
620332 -1.045016e-10 0.000000e+00 0.000000e+00
621087 -9.965378e-11 0.000000e+00 0.000000e+00
621201 -1.118593e-10 0.000000e+00 0.000000e+00
623162 -1.141935e-10 0.000000e+00 0.000000e+00
625358 -1.152253e-10 0.000000e+00 0.000000e+00
626537 -1.133680e-10 0.000000e+00 0.000000e+00
626803 -6.923222e-11 0.000000e+00 0.000000e+00
627019 -7.006540e-11 0.000000e+00 0.000000e+00
628286 -7.459291e-11 0.000000e+00 0.000000e+00
629082 -8.471387e-11 0.000000e+00 0.000000e+00
629704 -8.776661e-11 0.000000e+00 0.000000e+00
630000 -9.149593e-11 0.000000e+00 0.000000e+00
631392 -9.380332e-11 0.000000e+00 0.000000e+00
632320 -9.833450e-11 0.000000e+00 0.000000e+00
633926 -7.539141e-11 0.000000e+00 0.000000e+00
634430 -1.021745e-10 0.000000e+00 0.000000e+00
635152 -1.008148e-10 0.000000e+00 0.000000e+00
635297 -1.002100e-10 0.000000e+00 0.000000e+00
639072 -8.002651e-11 0.000000e+00 0.000000e+00
640125 -9.276690e-11 0.000000e+00 0.000000e+00
640198 -8.421596e-11 0.000000e+00 0.000000e+00
640846 -9.048968e-11 0.000000e+00 0.000000e+00
640962 -8.835244e-11 0.000000e+00 0.000000e+00
641067 -9.218140e-11 0.000000e+00 0.000000e+00
642945 -7.827295e-11 0.000000e+00 0.000000e+00
643190 -7.624529e-11 0.000000e+00 0.000000e+00
643552 -2.832441e-11 0.000000e+00 0.000000e+00
645150 -2.892206e-11 0.000000e+00 0.000000e+00
645267 -4.106106e-11 0.000000e+00 0.000000e+00
645883 -4.321017e-11 0.000000e+00 0.000000e+00
648714 -4.185866e-11 0.000000e+00 0.000000e+00
650127 -4.554679e-11 0.000000e+00 0.000000e+00
651487 -4.465567e-13 0.000000e+00 0.000000e+00
653303 1.389942e-12 0.000000e+00 0.000000e+00
653745 1.351501e-12 0.000000e+00 0.000000e+00
655355 -5.603342e-12 0.000000e+00 0.000000e+00
656243 -8.092272e-12 0.000000e+00 0.000000e+00
657224 -9.778783e-12 0.000000e+00 0.000000e+00
659803 -3.402273e-12 0.000000e+00 0.000000e+00
660496 -2.002998e-11 0.000000e+00 0.000000e+00
661531 -1.737553e-11 0.000000e+00 0.000000e+00
662203 -1.828399e-11 0.000000e+00 0.000000e+00
662880 -1.505326e-11 0.000000e+00 0.000000e+00
662953 -1.628752e-11 0.000000e+00 0.000000e+00
663872 -2.994926e-11 0.000000e+00 0.000000e+00
665890 -4.027692e-11 0.000000e+00 0.000000e+00
665895 -4.083277e-11 0.000000e+00 0.000000e+00
666047 -3.278423e-11 0.000000e+00 0.000000e+00
666187 -2.761311e-11 0.000000e+00 0.000000e+00
667664 -5.951476e-11 0.000000e+00 0.000000e+00
668112 -6.358767e-11 0.000000e+00 0.000000e+00
668817 -6.164195e-11 0.000000e+00 0.000000e+00
672021 -6.385895e-11 0.000000e+00 0.000000e+00
674390 -6.320563e-11 0.000000e+00 0.000000e+00
674701 -6.063161e-11 0.000000e+00 0.000000e+00
674836 -4.458868e-11 0.000000e+00 0.000000e+00
675166 -4.301965e-11 0.000000e+00 0.000000e+00
675710 -4.355263e-11 0.000000e+00 0.000000e+00
676704 -3.477817e-11 0.000000e+00 0.000000e+00
677104 -3.723144e-11 0.000000e+00 0.000000e+00
677631 -3.875933e-11 0.000000e+00 0.000000e+00
678021 3.615104e-12 0.000000e+00 0.000000e+00
679181 3.534499e-11 0.000000e+00 0.000000e+00
680296 3.278364e-11 0.000000e+00 0.000000e+00
680409 1.888333e-11 0.000000e+00 0.000000e+00
680769 4.857820e-11 0.000000e+00 0.000000e+00
681034 4.616159e-11 0.000000e+00 0.000000e+00
681638 5.359698e-11 0.000000e+00 0.000000e+00
682144 2.631863e-11 0.000000e+00 0.000000e+00
682774 3.495116e-11 0.000000e+00 0.000000e+00
683717 2.379151e-11 0.000000e+00 0.000000e+00
684096 1.994738e-11 0.000000e+00 0.000000e+00
685553 2.172274e-11 0.000000e+00 0.000000e+00
685945 2.666335e-11 0.000000e+00 0.000000e+00
686287 3.162360e-11 0.000000e+00 0.000000e+00
688306 2.963271e-11 0.000000e+00 0.000000e+00
688440 3.042734e-11 0.000000e+00 0.000000e+00
688506 2.735993e-11 0.000000e+00 0.000000e+00
688524 3.883430e-11 0.000000e+00 0.000000e+00
688791 4.738241e-11 0.000000e+00 0.000000e+00
690947 2.888457e-11 0.000000e+00 0.000000e+00
693366 3.645717e-11 0.000000e+00 0.000000e+00
693763 3.347291e-11 0.000000e+00 0.000000e+00
693849 3.457693e-11 0.000000e+00 0.000000e+00
694408 3.221624e-11 0.000000e+00 0.000000e+00
695237 2.816292e-11 0.000000e+00 0.000000e+00
695309 2.861322e-11 0.000000e+00 0.000000e+00
699781 1.552344e-11 0.000000e+00 0.000000e+00
700260 1.269161e-11 0.000000e+00 0.000000e+00
700340 1.138454e-11 0.000000e+00 0.000000e+00
701083 1.540721e-11 0.000000e+00 0.000000e+00
701848 2.405635e-11 0.000000e+00 0.000000e+00
702380 2.534580e-11 0.000000e+00 0.000000e+00
706775 1.730751e-11 0.000000e+00 0.000000e+00
707153 1.769787e-11 0.000000e+00 0.000000e+00
707524 2.326672e-11 0.000000e+00 0.000000e+00
707836 1.308743e-11 0.000000e+00 0.000000e+00
708685 1.620226e-11 0.000000e+00 0.000000e+00
711153 2.048673e-11 0.000000e+00 0.000000e+00
714255 1.813511e-11 0.000000e+00 0.000000e+00
714873 1.997282e-11 0.000000e+00 0.000000e+00
716608 9.190295e-12 0.000000e+00 0.000000e+00
717459 9.323437e-12 0.000000e+00 0.000000e+00
718231 4.602454e-12 0.000000e+00 0.000000e+00
720222 6.350834e-12 0.000000e+00 0.000000e+00
722727 8.344232e-12 0.000000e+00 0.000000e+00
724263 4.385698e-12 0.000000e+00 0.000000e+00
724827 5.443907e-12 0.000000e+00 0.000000e+00
724933 6.547257e-12 0.000000e+00 0.000000e+00
728300 1.200617e-11 0.000000e+00 0.000000e+00
729173 2.080389e-11 0.000000e+00 0.000000e+00
729793 1.555955e-11 0.000000e+00 0.000000e+00
730634 1.708456e-11 0.000000e+00 0.000000e+00
731677 -1.149587e-12 0.000000e+00 0.000000e+00
731781 -1.272108e-11 0.000000e+00 0.000000e+00
731937 -1.363276e-11 0.000000e+00 0.000000e+00
732773 1.373764e-11 0.000000e+00 0.000000e+00
732870 1.489244e-11 0.000000e+00 0.000000e+00
733370 1.015634e-11 0.000000e+00 0.000000e+00
734872 4.538626e-13 0.000000e+00 0.000000e+00
737002 -6.873169e-12 0.000000e+00 0.000000e+00
738181 -5.221015e-12 0.000000e+00 0.000000e+00
738552 -6.096624e-12 0.000000e+00 0.000000e+00
738914 -2.436841e-11 0.000000e+00 0.000000e+00
739573 -2.138554e-11 0.000000e+00 0.000000e+00
741063 -2.879444e-12 0.000000e+00 0.000000e+00
741479 -3.985734e-12 0.000000e+00 0.000000e+00
744787 4.719072e-11 0.000000e+00 0.000000e+00
746666 4.144314e-11 0.000000e+00 0.000000e+00
746753 4.281517e-11 0.000000e+00 0.000000e+00
747914 4.561437e-11 0.000000e+00 0.000000e+00
748073 4.091042e-11 0.000000e+00 0.000000e+00
751203 2.996567e-11 0.000000e+00 0.000000e+00
752163 4.384513e-11 0.000000e+00 0.000000e+00
754946 4.564057e-11 0.000000e+00 0.000000e+00
754998 5.715242e-11 0.000000e+00 0.000000e+00
755261 5.648305e-11 0.000000e+00 0.000000e+00
756804 4.895551e-11 0.000000e+00 0.000000e+00
756856 4.965956e-11 0.000000e+00 0.000000e+00
757552 9.503865e-11 0.000000e+00 0.000000e+00
757713 9.888748e-11 0.000000e+00 0.000000e+00
757850 8.853307e-11 0.000000e+00 0.000000e+00
759224 8.727929e-11 0.000000e+00 0.000000e+00
759333 8.326506e-11 0.000000e+00 0.000000e+00
759774 8.526061e-11 0.000000e+00 0.000000e+00
761503 8.130171e-11 0.000000e+00 0.000000e+00
761508 7.777634e-11 0.000000e+00 0.000000e+00
762395 7.541932e-11 0.000000e+00 0.000000e+00
764905 7.232877e-11 0.000000e+00 0.000000e+00
765535 7.331546e-11 0.000000e+00 0.000000e+00
765722 6.984728e-11 0.000000e+00 0.000000e+00
766685 6.918868e-11 0.000000e+00 0.000000e+00
768088 1.139469e-10 0.000000e+00 0.000000e+00
768849 1.131930e-10 0.000000e+00 0.000000e+00
771508 1.154149e-10 0.000000e+00 0.000000e+00
771840 1.119623e-10 0.000000e+00 0.000000e+00
771963 1.128394e-10 0.000000e+00 0.000000e+00
772294 1.102850e-10 0.000000e+00 0.000000e+00
772796 1.063948e-10 0.000000e+00 0.000000e+00
773171 1.087150e-10 0.000000e+00 0.000000e+00
774473 1.079256e-10 0.000000e+00 0.000000e+00
775514 1.177728e-10 0.000000e+00 0.000000e+00
775734 8.285365e-11 0.000000e+00 0.000000e+00
778070 9.727996e-11 0.000000e+00 0.000000e+00
778199 8.990580e-11 0.000000e+00 0.000000e+00
780507 8.416078e-11 0.000000e+00 0.000000e+00
781868 9.070829e-11 0.000000e+00 0.000000e+00
782863 9.368896e-11 0.000000e+00 0.000000e+00
783507 8.622172e-11 0.000000e+00 0.000000e+00
783713 1.039246e-10 0.000000e+00 0.000000e+00
783726 1.042608e-10 0.000000e+00 0.000000e+00
784485 8.287180e-11 0.000000e+00 0.000000e+00
786111 6.106979e-11 0.000000e+00 0.000000e+00
789107 6.021896e-11 0.000000e+00 0.000000e+00
789296 6.424098e-11 0.000000e+00 0.000000e+00
790408 5.891874e-11 0.000000e+00 0.000000e+00
790635 6.133652e-11 0.000000e+00 0.000000e+00
793526 5.230487e-11 0.000000e+00 0.000000e+00
793840 5.758875e-11 0.000000e+00 0.000000e+00
795307 3.979847e-11 0.000000e+00 0.000000e+00
796106 4.047809e-11 0.000000e+00 0.000000e+00
796194 3.096797e-11 0.000000e+00 0.000000e+00
796656 3.778139e-11 0.000000e+00 0.000000e+00
796674 3.707791e-11 0.000000e+00 0.000000e+00
797029 4.256409e-11 0.000000e+00 0.000000e+00
797314 4.446921e-11 0.000000e+00 0.000000e+00
798641 5.460632e-11 0.000000e+00 0.000000e+00
800047 5.050521e-11 0.000000e+00 0.000000e+00
800761 5.058949e-11 0.000000e+00 0.000000e+00
801416 5.320266e-11 0.000000e+00 0.000000e+00
802413 5.524725e-11 0.000000e+00 0.000000e+00
802630 5.158950e-11 0.000000e+00 0.000000e+00
802773 5.458767e-11 0.000000e+00 0.000000e+00
804964 4.822348e-11 0.000000e+00 0.000000e+00
805966 3.931782e-11 0.000000e+00 0.000000e+00
806016 4.719063e-11 0.000000e+00 0.000000e+00
807515 4.496835e-11 0.000000e+00 0.000000e+00
808052 3.581426e-11 0.000000e+00 0.000000e+00
808915 3.330279e-11 0.000000e+00 0.000000e+00
808980 3.235024e-11 0.000000e+00 0.000000e+00
810140 2.227336e-11 0.000000e+00 0.000000e+00
811546 2.494920e-11 0.000000e+00 0.000000e+00
812063 2.740917e-11 0.000000e+00 0.000000e+00
814157 7.653056e-12 0.000000e+00 0.000000e+00
815342 -1.153437e-12 0.000000e+00 0.000000e+00
815731 -3.601434e-11 0.000000e+00 0.000000e+00
816219 -3.473533e-11 0.000000e+00 0.000000e+00
816903 -5.579456e-11 0.000000e+00 0.000000e+00
817880 -7.286417e-11 0.000000e+00 0.000000e+00
818805 -6.853440e-11 0.000000e+00 0.000000e+00
820269 -6.719792e-11 0.000000e+00 0.000000e+00
820408 -6.195231e-11 0.000000e+00 0.000000e+00
821760 -6.620658e-11 0.000000e+00 0.000000e+00
821903 -7.029759e-11 0.000000e+00 0.000000e+00
825987 -7.243524e-11 0.000000e+00 0.000000e+00
827808 -7.367690e-11 0.000000e+00 0.000000e+00
827853 -7.410488e-11 0.000000e+00 0.000000e+00
828660 -7.122696e-11 0.000000e+00 0.000000e+00
831723 -9.398612e-11 0.000000e+00 0.000000e+00
832358 -9.653821e-11 0.000000e+00 0.000000e+00
833616 -9.735123e-11 0.000000e+00 0.000000e+00
833956 -9.819452e-11 0.000000e+00 0.000000e+00
834147 -9.481422e-11 0.000000e+00 0.000000e+00
837251 -1.030601e-10 0.000000e+00 0.000000e+00
838987 -1.056674e-10 0.000000e+00 0.000000e+00
839497 -1.036278e-10 0.000000e+00 0.000000e+00
839634 -1.106747e-10 0.000000e+00 0.000000e+00
839914 -1.051217e-10 0.000000e+00 0.000000e+00
842218 -8.137819e-11 0.000000e+00 0.000000e+00
843819 -8.338208e-11 0.000000e+00 0.000000e+00
844244 -8.542699e-11 0.000000e+00 0.000000e+00
844576 -8.941616e-11 0.000000e+00 0.000000e+00
844971 -9.247586e-11 0.000000e+00 0.000000e+00
846883 -8.048519e-11 0.000000e+00 0.000000e+00
849588 -7.734252e-11 0.000000e+00 0.000000e+00
850789 -7.887585e-11 0.000000e+00 0.000000e+00
852796 -7.890564e-11 0.000000e+00 0.000000e+00
854700 -5.163697e-11 0.000000e+00 0.000000e+00
855194 -5.982762e-11 0.000000e+00 0.000000e+00
856710 -6.496149e-11 0.000000e+00 0.000000e+00
857135 -5.407388e-11 0.000000e+00 0.000000e+00
858057 -4.728207e-11 0.000000e+00 0.000000e+00
859201 -4.922540e-11 0.000000e+00 0.000000e+00
862164 -5.783997e-11 0.000000e+00 0.000000e+00
864118 -5.101401e-11 0.000000e+00 0.000000e+00
867737 -5.655454e-11 0.000000e+00 0.000000e+00
867814 -5.814171e-11 0.000000e+00 0.000000e+00
869348 -4.781264e-11 0.000000e+00 0.000000e+00
869759 -5.389297e-11 0.000000e+00 0.000000e+00
870779 -3.815664e-11 0.000000e+00 0.000000e+00
871092 -2.325815e-11 0.000000e+00 0.000000e+00
874827 -2.015642e-11 0.000000e+00 0.000000e+00
875618 -1.922663e-11 0.000000e+00 0.000000e+00
876961 -2.158622e-11 0.000000e+00 0.000000e+00
879078 -4.673037e-11 0.000000e+00 0.000000e+00
880906 -4.190484e-11 0.000000e+00 0.000000e+00
882840 -4.215872e-11 0.000000e+00 0.000000e+00
887435 -5.582718e-11 0.000000e+00 0.000000e+00
887530 -5.302434e-11 0.000000e+00 0.000000e+00
889861 -5.149714e-11 0.000000e+00 0.000000e+00
890001 -4.809766e-11 0.000000e+00 0.000000e+00
890062 -3.642846e-11 0.000000e+00 0.000000e+00
891292 -3.087194e-11 0.000000e+00 0.000000e+00
894956 -1.195819e-11 0.000000e+00 0.000000e+00
895621 -9.560500e-12 0.000000e+00 0.000000e+00
896088 -3.585044e-12 0.000000e+00 0.000000e+00
896219 -7.447333e-12 0.000000e+00 0.000000e+00
896517 -5.898860e-12 0.000000e+00 0.000000e+00
898501 -6.746271e-11 0.000000e+00 0.000000e+00
898760 -6.341372e-11 0.000000e+00 0.000000e+00
899225 -4.874861e-11 0.000000e+00 0.000000e+00
899904 -5.004652e-11 0.000000e+00 0.000000e+00
901981 -5.213819e-11 0.000000e+00 0.000000e+00
905262 -7.562619e-11 0.000000e+00 0.000000e+00
905698 -9.107617e-11 0.000000e+00 0.000000e+00
907570 -8.177307e-11 0.000000e+00 0.000000e+00
910225 -8.677539e-11 0.000000e+00 0.000000e+00
910298 -8.746638e-11 0.000000e+00 0.000000e+00
910317 -8.893779e-11 0.000000e+00 0.000000e+00
912785 -6.858451e-11 0.000000e+00 0.000000e+00
913224 -5.738176e-11 0.000000e+00 0.000000e+00
914694 -5.672548e-11 0.000000e+00 0.000000e+00
914903 -6.308690e-11 0.000000e+00 0.000000e+00
915010 -5.852076e-11 0.000000e+00 0.000000e+00
915223 -6.115761e-11 0.000000e+00 0.000000e+00
920380 -8.268114e-11 0.000000e+00 0.000000e+00
921318 -8.490909e-11 0.000000e+00 0.000000e+00
921691 -1.354655e-10 0.000000e+00 0.000000e+00
921779 -1.374473e-10 0.000000e+00 0.000000e+00
922824 -1.339147e-10 0.000000e+00 0.000000e+00
923160 -1.343618e-10 0.000000e+00 0.000000e+00
924408 -1.425947e-10 0.000000e+00 0.000000e+00
924462 -1.226370e-10 0.000000e+00 0.000000e+00
925796 -1.248444e-10 0.000000e+00 0.000000e+00
928601 -1.264979e-10 0.000000e+00 0.000000e+00
929509 -1.300553e-10 0.000000e+00 0.000000e+00
930118 -1.323674e-10 0.000000e+00 0.000000e+00
930273 -1.243077e-10 0.000000e+00 0.000000e+00
930925 -1.240791e-10 0.000000e+00 0.000000e+00
931033 -1.285911e-10 0.000000e+00 0.000000e+00
931264 -1.267103e-10 0.000000e+00 0.000000e+00
934677 -1.372383e-10 0.000000e+00 0.000000e+00
935105 -1.549840e-10 0.000000e+00 0.000000e+00
936370 -1.400112e-10 0.000000e+00 0.000000e+00
936566 -1.408129e-10 0.000000e+00 0.000000e+00
936631 -1.442117e-10 0.000000e+00 0.000000e+00
937612 -1.476732e-10 0.000000e+00 0.000000e+00
940552 -1.522216e-10 0.000000e+00 0.000000e+00
942714 -1.208463e-10 0.000000e+00 0.000000e+00
945577 -1.185003e-10 0.000000e+00 0.000000e+00
948994 -1.209279e-10 0.000000e+00 0.000000e+00
949700 -1.202621e-10 0.000000e+00 0.000000e+00
949800 -1.217867e-10 0.000000e+00 0.000000e+00
951301 -1.302745e-10 0.000000e+00 0.000000e+00
952033 -1.196937e-10 0.000000e+00 0.000000e+00
952209 -1.195729e-10 0.000000e+00 0.000000e+00
953501 -1.182900e-10 0.000000e+00 0.000000e+00
954963 -1.178841e-10 0.000000e+00 0.000000e+00
955514 -1.292161e-10 0.000000e+00 0.000000e+00
955529 -1.289882e-10 0.000000e+00 0.000000e+00
955906 -1.489394e-10 0.000000e+00 0.000000e+00
956015 -1.474737e-10 0.000000e+00 0.000000e+00
957525 -1.529430e-10 0.000000e+00 0.000000e+00
958402 -1.545761e-10 0.000000e+00 0.000000e+00
958874 -1.465206e-10 0.000000e+00 0.000000e+00
959556 -1.432558e-10 0.000000e+00 0.000000e+00
961980 -1.511559e-10 0.000000e+00 0.000000e+00
962281 -1.499555e-10 0.000000e+00 0.000000e+00
963071 -1.361755e-10 0.000000e+00 0.000000e+00
963651 -1.314832e-10 0.000000e+00 0.000000e+00
964477 -1.350883e-10 0.000000e+00 0.000000e+00
964486 -1.316920e-10 0.000000e+00 0.000000e+00
964639 -1.260206e-10 0.000000e+00 0.000000e+00
967650 -1.247776e-10 0.000000e+00 0.000000e+00
967970 -1.275471e-10 0.000000e+00 0.000000e+00
968463 -1.266368e-10 0.000000e+00 0.000000e+00
970322 -1.560478e-10 0.000000e+00 0.000000e+00
972078 -1.580370e-10 0.000000e+00 0.000000e+00
974144 -1.415828e-10 0.000000e+00 0.000000e+00
974298 -1.390062e-10 0.000000e+00 0.000000e+00
974469 -1.376931e-10 0.000000e+00 0.000000e+00
979902 -1.484802e-10 0.000000e+00 0.000000e+00
982239 -1.327493e-10 0.000000e+00 0.000000e+00
983253 -1.364013e-10 0.000000e+00 0.000000e+00
983404 -1.338146e-10 0.000000e+00 0.000000e+00
983471 -1.345780e-10 0.000000e+00 0.000000e+00
983643 -1.446338e-10 0.000000e+00 0.000000e+00
984544 -1.450697e-10 0.000000e+00 0.000000e+00
984812 -1.504285e-10 0.000000e+00 0.000000e+00
985530 -1.509913e-10 0.000000e+00 0.000000e+00
985893 -1.455603e-10 0.000000e+00 0.000000e+00
987281 -1.474037e-10 0.000000e+00 0.000000e+00
987488 -1.498267e-10 0.000000e+00 0.000000e+00
988601 -1.487806e-10 0.000000e+00 0.000000e+00
988626 -1.462478e-10 0.000000e+00 0.000000e+00
989290 -1.380364e-10 0.000000e+00 0.000000e+00
992418 -1.423837e-10 0.000000e+00 0.000000e+00
992825 -1.404845e-10 0.000000e+00 0.000000e+00
997445 -1.434194e-10 0.000000e+00 0.000000e+00
997544 -1.238287e-10 0.000000e+00 0.000000e+00
