Step X Y Z 
121000 1.250164e-10 0.000000e+00 0.000000e+00
121842 9.512146e-11 0.000000e+00 0.000000e+00
123316 9.177056e-11 0.000000e+00 0.000000e+00
123648 9.356511e-11 0.000000e+00 0.000000e+00
124310 1.207544e-10 0.000000e+00 0.000000e+00
124463 1.238203e-10 0.000000e+00 0.000000e+00
124616 1.219333e-10 0.000000e+00 0.000000e+00
125718 6.714585e-11 0.000000e+00 0.000000e+00
126183 1.022336e-10 0.000000e+00 0.000000e+00
126335 1.150387e-10 0.000000e+00 0.000000e+00
126631 1.034815e-10 0.000000e+00 0.000000e+00
126913 1.130301e-10 0.000000e+00 0.000000e+00
127254 1.118160e-10 0.000000e+00 0.000000e+00
128587 1.057663e-10 0.000000e+00 0.000000e+00
129327 8.489118e-11 0.000000e+00 0.000000e+00
129738 7.982912e-11 0.000000e+00 0.000000e+00
129930 7.083629e-11 0.000000e+00 0.000000e+00
130920 7.630032e-11 0.000000e+00 0.000000e+00
132655 1.072224e-10 0.000000e+00 0.000000e+00
133515 1.100768e-10 0.000000e+00 0.000000e+00
133952 9.936541e-11 0.000000e+00 0.000000e+00
134662 1.007787e-10 0.000000e+00 0.000000e+00
134736 1.093545e-10 0.000000e+00 0.000000e+00
135971 1.307267e-10 0.000000e+00 0.000000e+00
136701 1.258243e-10 0.000000e+00 0.000000e+00
139268 1.281996e-10 0.000000e+00 0.000000e+00
139396 1.272085e-10 0.000000e+00 0.000000e+00
141045 1.166754e-10 0.000000e+00 0.000000e+00
141132 1.161228e-10 0.000000e+00 0.000000e+00
145032 8.183238e-11 0.000000e+00 0.000000e+00
146199 7.379172e-11 0.000000e+00 0.000000e+00
147641 7.249484e-11 0.000000e+00 0.000000e+00
148089 6.094508e-11 0.000000e+00 0.000000e+00
148809 6.548185e-11 0.000000e+00 0.000000e+00
148818 6.192940e-11 0.000000e+00 0.000000e+00
148895 3.774358e-11 0.000000e+00 0.000000e+00
152678 5.696877e-11 0.000000e+00 0.000000e+00
153135 4.465784e-11 0.000000e+00 0.000000e+00
153321 5.290291e-11 0.000000e+00 0.000000e+00
154387 5.229728e-11 0.000000e+00 0.000000e+00
155928 3.925215e-11 0.000000e+00 0.000000e+00
156167 4.085888e-11 0.000000e+00 0.000000e+00
156755 4.399262e-11 0.000000e+00 0.000000e+00
157218 4.240388e-11 0.000000e+00 0.000000e+00
157476 4.297548e-11 0.000000e+00 0.000000e+00
159562 4.849454e-11 0.000000e+00 0.000000e+00
160032 4.617213e-11 0.000000e+00 0.000000e+00
161623 5.845140e-11 0.000000e+00 0.000000e+00
161907 5.519911e-11 0.000000e+00 0.000000e+00
162066 5.965315e-11 0.000000e+00 0.000000e+00
166856 8.864941e-11 0.000000e+00 0.000000e+00
167168 8.925609e-11 0.000000e+00 0.000000e+00
167208 1.078699e-10 0.000000e+00 0.000000e+00
167855 9.754978e-11 0.000000e+00 0.000000e+00
167875 9.611083e-11 0.000000e+00 0.000000e+00
168117 1.045370e-10 0.000000e+00 0.000000e+00
169545 9.029686e-11 0.000000e+00 0.000000e+00
172412 9.854117e-11 0.000000e+00 0.000000e+00
172519 1.043343e-10 0.000000e+00 0.000000e+00
172525 1.066006e-10 0.000000e+00 0.000000e+00
172818 1.291980e-10 0.000000e+00 0.000000e+00
174102 1.183958e-10 0.000000e+00 0.000000e+00
174196 1.178626e-10 0.000000e+00 0.000000e+00
174446 1.196355e-10 0.000000e+00 0.000000e+00
176065 1.192002e-10 0.000000e+00 0.000000e+00
176785 1.109711e-10 0.000000e+00 0.000000e+00
177155 1.125491e-10 0.000000e+00 0.000000e+00
177570 1.060510e-10 0.000000e+00 0.000000e+00
179579 1.015959e-10 0.000000e+00 0.000000e+00
180967 6.776508e-11 0.000000e+00 0.000000e+00
182350 7.517332e-11 0.000000e+00 0.000000e+00
183744 6.928871e-11 0.000000e+00 0.000000e+00
184723 8.365414e-11 0.000000e+00 0.000000e+00
185462 8.599587e-11 0.000000e+00 0.000000e+00
185791 8.689065e-11 0.000000e+00 0.000000e+00
186921 8.754288e-11 0.000000e+00 0.000000e+00
187591 9.945603e-11 0.000000e+00 0.000000e+00
187735 1.023969e-10 0.000000e+00 0.000000e+00
188967 1.137422e-10 0.000000e+00 0.000000e+00
189160 1.150468e-10 0.000000e+00 0.000000e+00
189293 9.693827e-11 0.000000e+00 0.000000e+00
189710 8.084972e-11 0.000000e+00 0.000000e+00
190587 7.849243e-11 0.000000e+00 0.000000e+00
191407 8.352844e-11 0.000000e+00 0.000000e+00
191600 7.188104e-11 0.000000e+00 0.000000e+00
191931 6.325287e-11 0.000000e+00 0.000000e+00
193763 7.782049e-11 0.000000e+00 0.000000e+00
194277 9.078169e-11 0.000000e+00 0.000000e+00
196011 9.463038e-11 0.000000e+00 0.000000e+00
197074 8.406924e-11 0.000000e+00 0.000000e+00
197094 9.363601e-11 0.000000e+00 0.000000e+00
197164 9.008617e-11 0.000000e+00 0.000000e+00
199446 8.834511e-11 0.000000e+00 0.000000e+00
200983 8.517760e-11 0.000000e+00 0.000000e+00
202094 8.739601e-11 0.000000e+00 0.000000e+00
202143 1.011577e-10 0.000000e+00 0.000000e+00
206481 1.077804e-10 0.000000e+00 0.000000e+00
206980 1.143815e-10 0.000000e+00 0.000000e+00
207084 1.087380e-10 0.000000e+00 0.000000e+00
208763 1.106003e-10 0.000000e+00 0.000000e+00
213295 1.362974e-10 0.000000e+00 0.000000e+00
213464 1.252904e-10 0.000000e+00 0.000000e+00
216030 1.226564e-10 0.000000e+00 0.000000e+00
218577 1.178648e-10 0.000000e+00 0.000000e+00
219752 1.085236e-10 0.000000e+00 0.000000e+00
220160 1.094441e-10 0.000000e+00 0.000000e+00
220412 1.173374e-10 0.000000e+00 0.000000e+00
223418 1.122939e-10 0.000000e+00 0.000000e+00
224239 1.158653e-10 0.000000e+00 0.000000e+00
224561 1.330377e-10 0.000000e+00 0.000000e+00
224691 1.348193e-10 0.000000e+00 0.000000e+00
226663 1.340597e-10 0.000000e+00 0.000000e+00
227557 1.298235e-10 0.000000e+00 0.000000e+00
233380 9.252085e-11 0.000000e+00 0.000000e+00
234490 9.788794e-11 0.000000e+00 0.000000e+00
234527 9.789171e-11 0.000000e+00 0.000000e+00
235052 1.030686e-10 0.000000e+00 0.000000e+00
237089 1.002097e-10 0.000000e+00 0.000000e+00
238933 1.053268e-10 0.000000e+00 0.000000e+00
240804 1.027690e-10 0.000000e+00 0.000000e+00
241140 5.772300e-11 0.000000e+00 0.000000e+00
243819 6.901268e-11 0.000000e+00 0.000000e+00
245174 6.570282e-11 0.000000e+00 0.000000e+00
245760 7.371878e-11 0.000000e+00 0.000000e+00
246000 7.081539e-11 0.000000e+00 0.000000e+00
247244 6.409585e-11 0.000000e+00 0.000000e+00
247763 7.646154e-11 0.000000e+00 0.000000e+00
248230 7.318074e-11 0.000000e+00 0.000000e+00
248493 7.182827e-11 0.000000e+00 0.000000e+00
248593 5.566956e-11 0.000000e+00 0.000000e+00
249350 5.633140e-11 0.000000e+00 0.000000e+00
251581 6.236288e-11 0.000000e+00 0.000000e+00
251827 6.023659e-11 0.000000e+00 0.000000e+00
252324 9.165441e-11 0.000000e+00 0.000000e+00
254939 9.300285e-11 0.000000e+00 0.000000e+00
255440 9.525289e-11 0.000000e+00 0.000000e+00
255488 9.541386e-11 0.000000e+00 0.000000e+00
256077 9.601304e-11 0.000000e+00 0.000000e+00
256437 9.667462e-11 0.000000e+00 0.000000e+00
256559 1.017409e-10 0.000000e+00 0.000000e+00
257811 9.919600e-11 0.000000e+00 0.000000e+00
258110 1.003170e-10 0.000000e+00 0.000000e+00
258147 9.987674e-11 0.000000e+00 0.000000e+00
258592 5.938229e-11 0.000000e+00 0.000000e+00
259404 4.708431e-11 0.000000e+00 0.000000e+00
260149 5.032033e-11 0.000000e+00 0.000000e+00
261601 5.139831e-11 0.000000e+00 0.000000e+00
262827 4.934818e-11 0.000000e+00 0.000000e+00
265137 4.005865e-11 0.000000e+00 0.000000e+00
266799 4.562377e-11 0.000000e+00 0.000000e+00
267137 2.827140e-11 0.000000e+00 0.000000e+00
267400 -8.298998e-11 0.000000e+00 0.000000e+00
268066 -9.744213e-11 0.000000e+00 0.000000e+00
270257 -1.244473e-10 0.000000e+00 0.000000e+00
270924 -1.036396e-10 0.000000e+00 0.000000e+00
272416 -1.126417e-10 0.000000e+00 0.000000e+00
272758 -8.679635e-11 0.000000e+00 0.000000e+00
273525 -1.017573e-10 0.000000e+00 0.000000e+00
274427 -9.920513e-11 0.000000e+00 0.000000e+00
275919 -1.003102e-10 0.000000e+00 0.000000e+00
276787 -1.089310e-10 0.000000e+00 0.000000e+00
277521 -1.223631e-10 0.000000e+00 0.000000e+00
277974 -1.205133e-10 0.000000e+00 0.000000e+00
278907 -1.105770e-10 0.000000e+00 0.000000e+00
279681 -1.117342e-10 0.000000e+00 0.000000e+00
279890 -9.581961e-11 0.000000e+00 0.000000e+00
280153 -9.672709e-11 0.000000e+00 0.000000e+00
282421 -9.401571e-11 0.000000e+00 0.000000e+00
286374 -9.508149e-11 0.000000e+00 0.000000e+00
287682 -5.828114e-11 0.000000e+00 0.000000e+00
290016 -9.275821e-11 0.000000e+00 0.000000e+00
290374 -8.950919e-11 0.000000e+00 0.000000e+00
294726 -7.661197e-11 0.000000e+00 0.000000e+00
295344 -6.321235e-11 0.000000e+00 0.000000e+00
295434 -6.101004e-11 0.000000e+00 0.000000e+00
295992 -6.943949e-11 0.000000e+00 0.000000e+00
297576 -8.796753e-11 0.000000e+00 0.000000e+00
297962 -8.568389e-11 0.000000e+00 0.000000e+00
299896 -7.965615e-11 0.000000e+00 0.000000e+00
300219 -8.420114e-11 0.000000e+00 0.000000e+00
300329 -8.483144e-11 0.000000e+00 0.000000e+00
301261 -1.261085e-10 0.000000e+00 0.000000e+00
302254 -1.292333e-10 0.000000e+00 0.000000e+00
302322 -1.169707e-10 0.000000e+00 0.000000e+00
302857 -1.145946e-10 0.000000e+00 0.000000e+00
303480 -1.135181e-10 0.000000e+00 0.000000e+00
304327 -1.187177e-10 0.000000e+00 0.000000e+00
304629 -1.272270e-10 0.000000e+00 0.000000e+00
305527 -1.337549e-10 0.000000e+00 0.000000e+00
306032 -1.201894e-10 0.000000e+00 0.000000e+00
306035 -1.201401e-10 0.000000e+00 0.000000e+00
306905 -9.104947e-11 0.000000e+00 0.000000e+00
307048 -8.999737e-11 0.000000e+00 0.000000e+00
309416 -1.048545e-10 0.000000e+00 0.000000e+00
311283 -1.076966e-10 0.000000e+00 0.000000e+00
311294 -1.017843e-10 0.000000e+00 0.000000e+00
311357 -8.692705e-11 0.000000e+00 0.000000e+00
311565 -1.032942e-10 0.000000e+00 0.000000e+00
312426 -1.151107e-10 0.000000e+00 0.000000e+00
312603 -1.178490e-10 0.000000e+00 0.000000e+00
313308 -1.057668e-10 0.000000e+00 0.000000e+00
313549 -1.067912e-10 0.000000e+00 0.000000e+00
315168 -9.817458e-11 0.000000e+00 0.000000e+00
315236 -9.994938e-11 0.000000e+00 0.000000e+00
315444 -9.167954e-11 0.000000e+00 0.000000e+00
317618 -9.285574e-11 0.000000e+00 0.000000e+00
318100 -1.103585e-10 0.000000e+00 0.000000e+00
320832 -7.576592e-11 0.000000e+00 0.000000e+00
323418 -7.261677e-11 0.000000e+00 0.000000e+00
323942 -7.099051e-11 0.000000e+00 0.000000e+00
324179 -8.143430e-11 0.000000e+00 0.000000e+00
327110 -7.908124e-11 0.000000e+00 0.000000e+00
327582 -7.783357e-11 0.000000e+00 0.000000e+00
328005 -7.808072e-11 0.000000e+00 0.000000e+00
328281 -7.316310e-11 0.000000e+00 0.000000e+00
329123 -7.464159e-11 0.000000e+00 0.000000e+00
330460 -5.257538e-11 0.000000e+00 0.000000e+00
331054 -5.440556e-11 0.000000e+00 0.000000e+00
332430 -6.806491e-11 0.000000e+00 0.000000e+00
332871 -5.634084e-11 0.000000e+00 0.000000e+00
333542 -6.519496e-11 0.000000e+00 0.000000e+00
333694 -7.190093e-11 0.000000e+00 0.000000e+00
334055 -5.727269e-11 0.000000e+00 0.000000e+00
334550 -6.433187e-11 0.000000e+00 0.000000e+00
334898 -6.650541e-11 0.000000e+00 0.000000e+00
337180 -6.985005e-11 0.000000e+00 0.000000e+00
337213 -7.751013e-11 0.000000e+00 0.000000e+00
337621 -8.890814e-11 0.000000e+00 0.000000e+00
338459 -8.827937e-11 0.000000e+00 0.000000e+00
339173 -8.608273e-11 0.000000e+00 0.000000e+00
339299 -8.022229e-11 0.000000e+00 0.000000e+00
339360 -8.219250e-11 0.000000e+00 0.000000e+00
339709 -8.377921e-11 0.000000e+00 0.000000e+00
340063 -8.099862e-11 0.000000e+00 0.000000e+00
341329 -8.271120e-11 0.000000e+00 0.000000e+00
342123 -7.940239e-11 0.000000e+00 0.000000e+00
342303 -1.088620e-10 0.000000e+00 0.000000e+00
344846 -1.164193e-10 0.000000e+00 0.000000e+00
346963 -1.074246e-10 0.000000e+00 0.000000e+00
347462 -9.401641e-11 0.000000e+00 0.000000e+00
347568 -9.257595e-11 0.000000e+00 0.000000e+00
347854 -1.504733e-11 0.000000e+00 0.000000e+00
348112 -5.189096e-11 0.000000e+00 0.000000e+00
349181 -4.169200e-11 0.000000e+00 0.000000e+00
349448 -3.122917e-11 0.000000e+00 0.000000e+00
349885 -3.931339e-11 0.000000e+00 0.000000e+00
350503 -2.801001e-11 0.000000e+00 0.000000e+00
350921 -2.651942e-11 0.000000e+00 0.000000e+00
351180 -2.390802e-11 0.000000e+00 0.000000e+00
351289 -2.572758e-11 0.000000e+00 0.000000e+00
351726 5.185900e-12 0.000000e+00 0.000000e+00
351784 1.791747e-11 0.000000e+00 0.000000e+00
356123 3.308964e-11 0.000000e+00 0.000000e+00
361581 3.564535e-11 0.000000e+00 0.000000e+00
361781 3.802522e-11 0.000000e+00 0.000000e+00
362114 2.715513e-11 0.000000e+00 0.000000e+00
362280 2.535270e-11 0.000000e+00 0.000000e+00
362620 9.725615e-12 0.000000e+00 0.000000e+00
363779 -1.190203e-12 0.000000e+00 0.000000e+00
363923 -2.267828e-11 0.000000e+00 0.000000e+00
364549 -1.873567e-11 0.000000e+00 0.000000e+00
369343 6.570247e-12 0.000000e+00 0.000000e+00
372311 2.222873e-12 0.000000e+00 0.000000e+00
372613 -1.482278e-13 0.000000e+00 0.000000e+00
376084 -4.268082e-12 0.000000e+00 0.000000e+00
377984 -2.077669e-11 0.000000e+00 0.000000e+00
378342 -1.741870e-11 0.000000e+00 0.000000e+00
378981 -1.166285e-11 0.000000e+00 0.000000e+00
379189 -1.034099e-11 0.000000e+00 0.000000e+00
380918 -6.457299e-12 0.000000e+00 0.000000e+00
381561 -2.788201e-12 0.000000e+00 0.000000e+00
381601 -9.247320e-12 0.000000e+00 0.000000e+00
382469 -8.374541e-12 0.000000e+00 0.000000e+00
383523 3.163280e-11 0.000000e+00 0.000000e+00
384679 3.417548e-11 0.000000e+00 0.000000e+00
385591 3.547136e-11 0.000000e+00 0.000000e+00
385848 2.023159e-11 0.000000e+00 0.000000e+00
385912 2.098528e-11 0.000000e+00 0.000000e+00
386192 2.279313e-11 0.000000e+00 0.000000e+00
387735 2.448742e-11 0.000000e+00 0.000000e+00
389677 3.049621e-11 0.000000e+00 0.000000e+00
389939 2.601597e-11 0.000000e+00 0.000000e+00
390305 2.956505e-11 0.000000e+00 0.000000e+00
390391 2.816754e-11 0.000000e+00 0.000000e+00
393357 2.383420e-11 0.000000e+00 0.000000e+00
393525 2.688633e-11 0.000000e+00 0.000000e+00
394522 -2.416558e-11 0.000000e+00 0.000000e+00
394846 -4.324896e-11 0.000000e+00 0.000000e+00
395461 -7.409285e-11 0.000000e+00 0.000000e+00
395487 -7.337210e-11 0.000000e+00 0.000000e+00
395696 -7.587230e-11 0.000000e+00 0.000000e+00
396475 -5.541786e-11 0.000000e+00 0.000000e+00
396539 -6.046304e-11 0.000000e+00 0.000000e+00
399324 -6.208904e-11 0.000000e+00 0.000000e+00
400407 -6.716076e-11 0.000000e+00 0.000000e+00
401986 -6.337261e-11 0.000000e+00 0.000000e+00
405508 -5.876211e-11 0.000000e+00 0.000000e+00
406985 -5.936955e-11 0.000000e+00 0.000000e+00
407016 -3.992462e-11 0.000000e+00 0.000000e+00
408604 -3.772166e-11 0.000000e+00 0.000000e+00
409273 -3.290567e-11 0.000000e+00 0.000000e+00
409393 -3.657198e-11 0.000000e+00 0.000000e+00
410717 -3.499301e-11 0.000000e+00 0.000000e+00
411051 -3.616519e-11 0.000000e+00 0.000000e+00
412035 -3.378067e-11 0.000000e+00 0.000000e+00
416415 -3.006193e-11 0.000000e+00 0.000000e+00
416900 -2.835060e-11 0.000000e+00 0.000000e+00
420042 -7.081620e-11 0.000000e+00 0.000000e+00
420132 -6.785762e-11 0.000000e+00 0.000000e+00
420760 -6.880608e-11 0.000000e+00 0.000000e+00
421905 -5.995654e-11 0.000000e+00 0.000000e+00
423058 -4.570194e-11 0.000000e+00 0.000000e+00
423414 -4.855648e-11 0.000000e+00 0.000000e+00
423494 -5.041742e-11 0.000000e+00 0.000000e+00
425656 -4.766989e-11 0.000000e+00 0.000000e+00
427119 -4.486149e-11 0.000000e+00 0.000000e+00
427246 -5.096149e-11 0.000000e+00 0.000000e+00
427661 -4.705509e-11 0.000000e+00 0.000000e+00
431359 -2.952459e-11 0.000000e+00 0.000000e+00
431691 -5.322890e-11 0.000000e+00 0.000000e+00
432657 -6.495993e-11 0.000000e+00 0.000000e+00
432822 -9.095418e-11 0.000000e+00 0.000000e+00
433305 -9.017396e-11 0.000000e+00 0.000000e+00
434582 -9.898317e-11 0.000000e+00 0.000000e+00
435915 -1.059305e-10 0.000000e+00 0.000000e+00
436563 -1.327192e-10 0.000000e+00 0.000000e+00
437091 -1.305989e-10 0.000000e+00 0.000000e+00
437735 -1.317294e-10 0.000000e+00 0.000000e+00
437903 -1.237294e-10 0.000000e+00 0.000000e+00
438434 -1.283517e-10 0.000000e+00 0.000000e+00
438689 -1.257987e-10 0.000000e+00 0.000000e+00
439341 -1.211723e-10 0.000000e+00 0.000000e+00
440485 -1.224075e-10 0.000000e+00 0.000000e+00
440941 -1.236174e-10 0.000000e+00 0.000000e+00
441216 -1.215380e-10 0.000000e+00 0.000000e+00
441951 -1.360708e-10 0.000000e+00 0.000000e+00
442317 -1.267484e-10 0.000000e+00 0.000000e+00
442476 -1.349408e-10 0.000000e+00 0.000000e+00
444176 -1.375533e-10 0.000000e+00 0.000000e+00
445074 -1.387383e-10 0.000000e+00 0.000000e+00
446442 -1.405263e-10 0.000000e+00 0.000000e+00
447233 -1.301987e-10 0.000000e+00 0.000000e+00
447701 -1.413385e-10 0.000000e+00 0.000000e+00
448275 -1.293585e-10 0.000000e+00 0.000000e+00
449922 -1.468613e-10 0.000000e+00 0.000000e+00
450434 -1.338234e-10 0.000000e+00 0.000000e+00
451785 -1.417118e-10 0.000000e+00 0.000000e+00
451994 -1.429625e-10 0.000000e+00 0.000000e+00
453680 -1.454193e-10 0.000000e+00 0.000000e+00
455296 -1.442332e-10 0.000000e+00 0.000000e+00
455377 -1.428969e-10 0.000000e+00 0.000000e+00
456579 -1.520836e-10 0.000000e+00 0.000000e+00
458000 -1.247303e-10 0.000000e+00 0.000000e+00
458247 -1.249184e-10 0.000000e+00 0.000000e+00
458271 -1.286158e-10 0.000000e+00 0.000000e+00
458743 -1.275081e-10 0.000000e+00 0.000000e+00
459958 -1.365157e-10 0.000000e+00 0.000000e+00
461350 -1.398778e-10 0.000000e+00 0.000000e+00
461771 -1.319465e-10 0.000000e+00 0.000000e+00
463015 -1.354571e-10 0.000000e+00 0.000000e+00
463767 -1.313306e-10 0.000000e+00 0.000000e+00
464035 -1.023046e-10 0.000000e+00 0.000000e+00
464229 -1.305505e-10 0.000000e+00 0.000000e+00
464295 -1.257129e-10 0.000000e+00 0.000000e+00
464920 -1.043624e-10 0.000000e+00 0.000000e+00
465024 -1.055641e-10 0.000000e+00 0.000000e+00
465849 -9.608895e-11 0.000000e+00 0.000000e+00
466493 -1.008724e-10 0.000000e+00 0.000000e+00
466571 -9.931050e-11 0.000000e+00 0.000000e+00
469675 -1.099324e-10 0.000000e+00 0.000000e+00
469927 -1.066991e-10 0.000000e+00 0.000000e+00
470240 -1.119644e-10 0.000000e+00 0.000000e+00
470418 -1.190119e-10 0.000000e+00 0.000000e+00
470638 -1.135445e-10 0.000000e+00 0.000000e+00
470838 -1.174754e-10 0.000000e+00 0.000000e+00
472180 -1.155225e-10 0.000000e+00 0.000000e+00
472580 -1.162310e-10 0.000000e+00 0.000000e+00
472957 -1.116236e-10 0.000000e+00 0.000000e+00
473133 -1.233581e-10 0.000000e+00 0.000000e+00
473238 -1.083062e-10 0.000000e+00 0.000000e+00
473620 -1.111103e-10 0.000000e+00 0.000000e+00
474263 -1.090936e-10 0.000000e+00 0.000000e+00
479178 -9.504460e-11 0.000000e+00 0.000000e+00
480886 -9.743982e-11 0.000000e+00 0.000000e+00
482200 -8.489904e-11 0.000000e+00 0.000000e+00
482968 -9.654447e-11 0.000000e+00 0.000000e+00
484611 -6.162164e-11 0.000000e+00 0.000000e+00
486074 -6.393119e-11 0.000000e+00 0.000000e+00
486148 -6.712777e-11 0.000000e+00 0.000000e+00
489010 -4.862342e-11 0.000000e+00 0.000000e+00
490133 -5.414757e-11 0.000000e+00 0.000000e+00
490142 -5.826897e-11 0.000000e+00 0.000000e+00
491558 -4.937360e-11 0.000000e+00 0.000000e+00
492666 -5.563391e-11 0.000000e+00 0.000000e+00
492828 -4.983420e-11 0.000000e+00 0.000000e+00
493131 4.417384e-12 0.000000e+00 0.000000e+00
493346 3.299730e-12 0.000000e+00 0.000000e+00
494072 1.225847e-12 0.000000e+00 0.000000e+00
497697 -1.205009e-11 0.000000e+00 0.000000e+00
498995 -1.315099e-11 0.000000e+00 0.000000e+00
499530 -1.403902e-11 0.000000e+00 0.000000e+00
499742 -2.203313e-11 0.000000e+00 0.000000e+00
500037 -1.617135e-11 0.000000e+00 0.000000e+00
500768 -2.026957e-11 0.000000e+00 0.000000e+00
502489 -1.650863e-11 0.000000e+00 0.000000e+00
502600 -1.999056e-11 0.000000e+00 0.000000e+00
504828 -1.229271e-11 0.000000e+00 0.000000e+00
505624 -1.390294e-11 0.000000e+00 0.000000e+00
506317 -1.285840e-11 0.000000e+00 0.000000e+00
507478 -2.540341e-11 0.000000e+00 0.000000e+00
507649 -2.340088e-11 0.000000e+00 0.000000e+00
508116 -4.251224e-11 0.000000e+00 0.000000e+00
510050 -4.112086e-11 0.000000e+00 0.000000e+00
511673 -3.868773e-11 0.000000e+00 0.000000e+00
513428 -4.432032e-11 0.000000e+00 0.000000e+00
513502 -4.190629e-11 0.000000e+00 0.000000e+00
514771 -1.005607e-10 0.000000e+00 0.000000e+00
516032 -1.042143e-10 0.000000e+00 0.000000e+00
517344 -7.526144e-11 0.000000e+00 0.000000e+00
517880 -7.192790e-11 0.000000e+00 0.000000e+00
518009 -7.129378e-11 0.000000e+00 0.000000e+00
518240 -4.269492e-11 0.000000e+00 0.000000e+00
518689 -5.297451e-11 0.000000e+00 0.000000e+00
519187 -7.682638e-11 0.000000e+00 0.000000e+00
519559 -8.614017e-11 0.000000e+00 0.000000e+00
520691 -8.935047e-11 0.000000e+00 0.000000e+00
520826 -1.077963e-10 0.000000e+00 0.000000e+00
521027 -1.030482e-10 0.000000e+00 0.000000e+00
521713 -1.024362e-10 0.000000e+00 0.000000e+00
521772 -1.034910e-10 0.000000e+00 0.000000e+00
521888 -1.186806e-10 0.000000e+00 0.000000e+00
523422 -1.132406e-10 0.000000e+00 0.000000e+00
524244 -1.223842e-10 0.000000e+00 0.000000e+00
524615 -1.483530e-10 0.000000e+00 0.000000e+00
525062 -1.444928e-10 0.000000e+00 0.000000e+00
525410 -1.538343e-10 0.000000e+00 0.000000e+00
525459 -1.551122e-10 0.000000e+00 0.000000e+00
525795 -1.374369e-10 0.000000e+00 0.000000e+00
526739 -1.487554e-10 0.000000e+00 0.000000e+00
526899 -1.494945e-10 0.000000e+00 0.000000e+00
528156 -1.510583e-10 0.000000e+00 0.000000e+00
528544 -1.501454e-10 0.000000e+00 0.000000e+00
530064 -1.143026e-10 0.000000e+00 0.000000e+00
530690 -1.159166e-10 0.000000e+00 0.000000e+00
531591 -1.149226e-10 0.000000e+00 0.000000e+00
532277 -1.166911e-10 0.000000e+00 0.000000e+00
532436 -1.179606e-10 0.000000e+00 0.000000e+00
532814 -1.197481e-10 0.000000e+00 0.000000e+00
533109 -1.221340e-10 0.000000e+00 0.000000e+00
534310 -1.126379e-10 0.000000e+00 0.000000e+00
534565 -9.836678e-11 0.000000e+00 0.000000e+00
534654 -9.831836e-11 0.000000e+00 0.000000e+00
535365 -7.847739e-11 0.000000e+00 0.000000e+00
535408 -8.285897e-11 0.000000e+00 0.000000e+00
535548 -8.092545e-11 0.000000e+00 0.000000e+00
535852 -8.757492e-11 0.000000e+00 0.000000e+00
538357 -8.413442e-11 0.000000e+00 0.000000e+00
540633 -9.221202e-11 0.000000e+00 0.000000e+00
542121 -8.839169e-11 0.000000e+00 0.000000e+00
542997 -7.442203e-11 0.000000e+00 0.000000e+00
544517 -8.536984e-11 0.000000e+00 0.000000e+00
546650 -7.595924e-11 0.000000e+00 0.000000e+00
546887 -1.480140e-11 0.000000e+00 0.000000e+00
546977 -1.897637e-11 0.000000e+00 0.000000e+00
547302 -1.573748e-11 0.000000e+00 0.000000e+00
547412 -3.991698e-11 0.000000e+00 0.000000e+00
550599 -6.562303e-11 0.000000e+00 0.000000e+00
550805 -6.631727e-11 0.000000e+00 0.000000e+00
551095 -4.567896e-11 0.000000e+00 0.000000e+00
551206 -4.685909e-11 0.000000e+00 0.000000e+00
551559 -4.411027e-11 0.000000e+00 0.000000e+00
551680 -5.509629e-11 0.000000e+00 0.000000e+00
552579 -4.655117e-11 0.000000e+00 0.000000e+00
554767 -5.161700e-11 0.000000e+00 0.000000e+00
555316 -5.912212e-11 0.000000e+00 0.000000e+00
555874 -6.177130e-11 0.000000e+00 0.000000e+00
555985 -6.592894e-11 0.000000e+00 0.000000e+00
556022 -6.445565e-11 0.000000e+00 0.000000e+00
558300 -7.305781e-11 0.000000e+00 0.000000e+00
558925 -7.015453e-11 0.000000e+00 0.000000e+00
559576 -6.887688e-11 0.000000e+00 0.000000e+00
561605 -9.483251e-11 0.000000e+00 0.000000e+00
565175 -9.413762e-11 0.000000e+00 0.000000e+00
566147 -1.098038e-10 0.000000e+00 0.000000e+00
568225 -1.064277e-10 0.000000e+00 0.000000e+00
570185 -1.104137e-10 0.000000e+00 0.000000e+00
571759 -6.937500e-11 0.000000e+00 0.000000e+00
573842 -6.636850e-11 0.000000e+00 0.000000e+00
574192 -8.710851e-11 0.000000e+00 0.000000e+00
574829 -8.194368e-11 0.000000e+00 0.000000e+00
575357 -7.867607e-11 0.000000e+00 0.000000e+00
578779 -9.541054e-11 0.000000e+00 0.000000e+00
578783 -9.669005e-11 0.000000e+00 0.000000e+00
578892 -1.154143e-10 0.000000e+00 0.000000e+00
578959 -1.179651e-10 0.000000e+00 0.000000e+00
579529 -1.051590e-10 0.000000e+00 0.000000e+00
582263 -1.009988e-10 0.000000e+00 0.000000e+00
583344 -1.043117e-10 0.000000e+00 0.000000e+00
583626 -1.082653e-10 0.000000e+00 0.000000e+00
585025 -1.023250e-10 0.000000e+00 0.000000e+00
585523 -1.139667e-10 0.000000e+00 0.000000e+00
586994 -1.069964e-10 0.000000e+00 0.000000e+00
587228 -1.095884e-10 0.000000e+00 0.000000e+00
587530 -7.906960e-11 0.000000e+00 0.000000e+00
594611 -9.131100e-11 0.000000e+00 0.000000e+00
595159 -9.025757e-11 0.000000e+00 0.000000e+00
600153 -1.109579e-10 0.000000e+00 0.000000e+00
600477 -1.123393e-10 0.000000e+00 0.000000e+00
600638 -1.268232e-10 0.000000e+00 0.000000e+00
601804 -1.342737e-10 0.000000e+00 0.000000e+00
603575 -1.461255e-10 0.000000e+00 0.000000e+00
607006 -1.393266e-10 0.000000e+00 0.000000e+00
608531 -1.326722e-10 0.000000e+00 0.000000e+00
608730 -1.368658e-10 0.000000e+00 0.000000e+00
610645 -1.287923e-10 0.000000e+00 0.000000e+00
611141 -1.199040e-10 0.000000e+00 0.000000e+00
611373 -1.139209e-10 0.000000e+00 0.000000e+00
613690 -1.384336e-10 0.000000e+00 0.000000e+00
615189 -1.473706e-10 0.000000e+00 0.000000e+00
615945 -1.353848e-10 0.000000e+00 0.000000e+00
615952 -1.338824e-10 0.000000e+00 0.000000e+00
616064 -1.251911e-10 0.000000e+00 0.000000e+00
616164 -1.212472e-10 0.000000e+00 0.000000e+00
616714 -1.209884e-10 0.000000e+00 0.000000e+00
617386 -1.330660e-10 0.000000e+00 0.000000e+00
617432 -1.310266e-10 0.000000e+00 0.000000e+00
617845 -1.281328e-10 0.000000e+00 0.000000e+00
618419 -1.238721e-10 0.000000e+00 0.000000e+00
622713 -1.196952e-10 0.000000e+00 0.000000e+00
623782 -1.170375e-10 0.000000e+00 0.000000e+00
624400 -1.402089e-10 0.000000e+00 0.000000e+00
624635 -1.435989e-10 0.000000e+00 0.000000e+00
624743 -1.457288e-10 0.000000e+00 0.000000e+00
625465 -1.385375e-10 0.000000e+00 0.000000e+00
625865 -1.419512e-10 0.000000e+00 0.000000e+00
626950 -1.410850e-10 0.000000e+00 0.000000e+00
628267 -1.298969e-10 0.000000e+00 0.000000e+00
629762 -1.272635e-10 0.000000e+00 0.000000e+00
630784 -9.875792e-11 0.000000e+00 0.000000e+00
631153 -9.971683e-11 0.000000e+00 0.000000e+00
631730 -1.023688e-10 0.000000e+00 0.000000e+00
634956 -1.047730e-10 0.000000e+00 0.000000e+00
635790 -8.074680e-11 0.000000e+00 0.000000e+00
636285 -8.026073e-11 0.000000e+00 0.000000e+00
636304 -8.016594e-11 0.000000e+00 0.000000e+00
637616 -7.446708e-11 0.000000e+00 0.000000e+00
637947 -7.732692e-11 0.000000e+00 0.000000e+00
641289 -7.204937e-11 0.000000e+00 0.000000e+00
642871 -7.012266e-11 0.000000e+00 0.000000e+00
644602 -7.399575e-11 0.000000e+00 0.000000e+00
644879 -7.265963e-11 0.000000e+00 0.000000e+00
645139 -4.515521e-11 0.000000e+00 0.000000e+00
647401 -2.726753e-11 0.000000e+00 0.000000e+00
648183 -3.070553e-11 0.000000e+00 0.000000e+00
649575 -3.227833e-11 0.000000e+00 0.000000e+00
650216 -3.438870e-11 0.000000e+00 0.000000e+00
650217 -3.428011e-11 0.000000e+00 0.000000e+00
650349 -2.452108e-11 0.000000e+00 0.000000e+00
650414 -3.024640e-11 0.000000e+00 0.000000e+00
653463 -3.569091e-11 0.000000e+00 0.000000e+00
655289 -3.804805e-11 0.000000e+00 0.000000e+00
657350 -3.680636e-11 0.000000e+00 0.000000e+00
657438 -3.753332e-11 0.000000e+00 0.000000e+00
660032 -2.705127e-11 0.000000e+00 0.000000e+00
662003 -3.196826e-11 0.000000e+00 0.000000e+00
662828 -3.320523e-11 0.000000e+00 0.000000e+00
663074 -3.247721e-11 0.000000e+00 0.000000e+00
663363 -2.212319e-11 0.000000e+00 0.000000e+00
664443 -1.826491e-11 0.000000e+00 0.000000e+00
665233 -1.738976e-11 0.000000e+00 0.000000e+00
666035 -2.132325e-11 0.000000e+00 0.000000e+00
667155 -2.906383e-11 0.000000e+00 0.000000e+00
668102 -2.628273e-11 0.000000e+00 0.000000e+00
670810 -1.449080e-11 0.000000e+00 0.000000e+00
671133 1.198116e-11 0.000000e+00 0.000000e+00
674502 1.596573e-11 0.000000e+00 0.000000e+00
675986 7.953855e-12 0.000000e+00 0.000000e+00
676165 1.081431e-11 0.000000e+00 0.000000e+00
677710 5.417931e-11 0.000000e+00 0.000000e+00
679169 5.393951e-11 0.000000e+00 0.000000e+00
679763 4.779675e-11 0.000000e+00 0.000000e+00
681079 5.105730e-11 0.000000e+00 0.000000e+00
681233 -6.865840e-12 0.000000e+00 0.000000e+00
682182 1.689431e-11 0.000000e+00 0.000000e+00
683091 1.392021e-11 0.000000e+00 0.000000e+00
683360 7.792397e-12 0.000000e+00 0.000000e+00
683956 7.774738e-13 0.000000e+00 0.000000e+00
685726 -3.225726e-12 0.000000e+00 0.000000e+00
686318 -5.087502e-12 0.000000e+00 0.000000e+00
686580 -5.759784e-12 0.000000e+00 0.000000e+00
686927 -3.455597e-12 0.000000e+00 0.000000e+00
688836 -7.634016e-12 0.000000e+00 0.000000e+00
688881 -1.023269e-11 0.000000e+00 0.000000e+00
688980 -9.261732e-12 0.000000e+00 0.000000e+00
689950 -1.082861e-11 0.000000e+00 0.000000e+00
690880 -7.877542e-12 0.000000e+00 0.000000e+00
691463 -4.993203e-12 0.000000e+00 0.000000e+00
693869 1.175225e-11 0.000000e+00 0.000000e+00
694396 1.958904e-11 0.000000e+00 0.000000e+00
695818 2.181971e-11 0.000000e+00 0.000000e+00
697778 1.834072e-11 0.000000e+00 0.000000e+00
698317 1.515364e-11 0.000000e+00 0.000000e+00
700931 1.284876e-11 0.000000e+00 0.000000e+00
701752 1.391610e-11 0.000000e+00 0.000000e+00
701954 -7.703838e-14 0.000000e+00 0.000000e+00
702151 -9.447410e-12 0.000000e+00 0.000000e+00
702768 5.822213e-11 0.000000e+00 0.000000e+00
704162 9.248404e-11 0.000000e+00 0.000000e+00
704176 8.499016e-11 0.000000e+00 0.000000e+00
704556 8.159835e-11 0.000000e+00 0.000000e+00
704805 8.030461e-11 0.000000e+00 0.000000e+00
704846 7.806816e-11 0.000000e+00 0.000000e+00
706768 7.425735e-11 0.000000e+00 0.000000e+00
707033 8.074668e-11 0.000000e+00 0.000000e+00
707354 7.705045e-11 0.000000e+00 0.000000e+00
708119 7.531264e-11 0.000000e+00 0.000000e+00
708514 8.260199e-11 0.000000e+00 0.000000e+00
709463 9.123977e-11 0.000000e+00 0.000000e+00
709482 8.550469e-11 0.000000e+00 0.000000e+00
714773 8.624788e-11 0.000000e+00 0.000000e+00
714964 8.941391e-11 0.000000e+00 0.000000e+00
715264 8.812202e-11 0.000000e+00 0.000000e+00
715473 9.146897e-11 0.000000e+00 0.000000e+00
717143 6.647733e-11 0.000000e+00 0.000000e+00
717289 6.824989e-11 0.000000e+00 0.000000e+00
717931 6.748558e-11 0.000000e+00 0.000000e+00
719740 6.955641e-11 0.000000e+00 0.000000e+00
720570 7.012796e-11 0.000000e+00 0.000000e+00
721394 6.223718e-11 0.000000e+00 0.000000e+00
724442 6.482636e-11 0.000000e+00 0.000000e+00
724920 6.410864e-11 0.000000e+00 0.000000e+00
725455 6.603983e-11 0.000000e+00 0.000000e+00
726547 8.263741e-11 0.000000e+00 0.000000e+00
727707 7.894423e-11 0.000000e+00 0.000000e+00
728063 7.949861e-11 0.000000e+00 0.000000e+00
728207 7.672352e-11 0.000000e+00 0.000000e+00
729426 8.155618e-11 0.000000e+00 0.000000e+00
729991 8.413796e-11 0.000000e+00 0.000000e+00
731194 5.210913e-11 0.000000e+00 0.000000e+00
731296 7.770923e-11 0.000000e+00 0.000000e+00
733486 7.531009e-11 0.000000e+00 0.000000e+00
733800 7.279002e-11 0.000000e+00 0.000000e+00
734666 7.477905e-11 0.000000e+00 0.000000e+00
735196 6.319905e-11 0.000000e+00 0.000000e+00
735271 6.384402e-11 0.000000e+00 0.000000e+00
736442 5.678653e-11 0.000000e+00 0.000000e+00
736479 5.912874e-11 0.000000e+00 0.000000e+00
736635 6.134151e-11 0.000000e+00 0.000000e+00
737060 6.056389e-11 0.000000e+00 0.000000e+00
737274 6.245473e-11 0.000000e+00 0.000000e+00
738599 1.116851e-10 0.000000e+00 0.000000e+00
739999 1.062411e-10 0.000000e+00 0.000000e+00
740835 1.389822e-10 0.000000e+00 0.000000e+00
740897 1.467267e-10 0.000000e+00 0.000000e+00
741636 1.266461e-10 0.000000e+00 0.000000e+00
742081 1.226937e-10 0.000000e+00 0.000000e+00
743093 1.208622e-10 0.000000e+00 0.000000e+00
743620 1.375880e-10 0.000000e+00 0.000000e+00
744233 1.310840e-10 0.000000e+00 0.000000e+00
744573 1.321072e-10 0.000000e+00 0.000000e+00
746302 1.406787e-10 0.000000e+00 0.000000e+00
746585 1.442516e-10 0.000000e+00 0.000000e+00
746604 1.342421e-10 0.000000e+00 0.000000e+00
746698 1.162728e-10 0.000000e+00 0.000000e+00
746795 1.192696e-10 0.000000e+00 0.000000e+00
747574 1.239812e-10 0.000000e+00 0.000000e+00
747743 1.244277e-10 0.000000e+00 0.000000e+00
748767 1.283281e-10 0.000000e+00 0.000000e+00
749223 1.317482e-10 0.000000e+00 0.000000e+00
751175 1.304692e-10 0.000000e+00 0.000000e+00
751446 1.216060e-10 0.000000e+00 0.000000e+00
751704 1.263633e-10 0.000000e+00 0.000000e+00
752873 1.197830e-10 0.000000e+00 0.000000e+00
753016 1.225861e-10 0.000000e+00 0.000000e+00
753267 1.433724e-10 0.000000e+00 0.000000e+00
754589 1.352835e-10 0.000000e+00 0.000000e+00
757415 1.396115e-10 0.000000e+00 0.000000e+00
759694 1.380171e-10 0.000000e+00 0.000000e+00
760296 1.423921e-10 0.000000e+00 0.000000e+00
760435 1.411002e-10 0.000000e+00 0.000000e+00
760628 1.445123e-10 0.000000e+00 0.000000e+00
765048 1.498670e-10 0.000000e+00 0.000000e+00
767574 1.474750e-10 0.000000e+00 0.000000e+00
768448 1.451200e-10 0.000000e+00 0.000000e+00
768610 1.460970e-10 0.000000e+00 0.000000e+00
769027 1.487551e-10 0.000000e+00 0.000000e+00
769204 1.477266e-10 0.000000e+00 0.000000e+00
770838 1.521352e-10 0.000000e+00 0.000000e+00
771872 1.074207e-10 0.000000e+00 0.000000e+00
772027 1.055876e-10 0.000000e+00 0.000000e+00
773079 1.206197e-10 0.000000e+00 0.000000e+00
775416 1.140379e-10 0.000000e+00 0.000000e+00
775497 1.130591e-10 0.000000e+00 0.000000e+00
776305 1.171162e-10 0.000000e+00 0.000000e+00
778541 9.859329e-11 0.000000e+00 0.000000e+00
780283 9.424384e-11 0.000000e+00 0.000000e+00
780305 9.380183e-11 0.000000e+00 0.000000e+00
781310 9.753403e-11 0.000000e+00 0.000000e+00
784151 3.097886e-11 0.000000e+00 0.000000e+00
784208 3.174972e-11 0.000000e+00 0.000000e+00
788314 4.316972e-11 0.000000e+00 0.000000e+00
789309 4.516028e-11 0.000000e+00 0.000000e+00
789420 4.375162e-11 0.000000e+00 0.000000e+00
790659 5.468706e-11 0.000000e+00 0.000000e+00
791356 5.363759e-11 0.000000e+00 0.000000e+00
792458 5.019918e-11 0.000000e+00 0.000000e+00
792743 4.892895e-11 0.000000e+00 0.000000e+00
793275 4.701435e-11 0.000000e+00 0.000000e+00
793797 4.813543e-11 0.000000e+00 0.000000e+00
794212 4.537047e-11 0.000000e+00 0.000000e+00
794725 4.959694e-11 0.000000e+00 0.000000e+00
794826 5.265384e-11 0.000000e+00 0.000000e+00
797719 4.193790e-11 0.000000e+00 0.000000e+00
801222 4.116134e-11 0.000000e+00 0.000000e+00
801917 3.400678e-11 0.000000e+00 0.000000e+00
803702 3.643037e-11 0.000000e+00 0.000000e+00
805964 3.637648e-11 0.000000e+00 0.000000e+00
805996 4.470186e-11 0.000000e+00 0.000000e+00
806159 3.910961e-11 0.000000e+00 0.000000e+00
810283 3.259813e-11 0.000000e+00 0.000000e+00
811368 3.418809e-11 0.000000e+00 0.000000e+00
811394 4.057616e-11 0.000000e+00 0.000000e+00
811822 1.574725e-11 0.000000e+00 0.000000e+00
812137 2.128194e-11 0.000000e+00 0.000000e+00
812230 2.763609e-11 0.000000e+00 0.000000e+00
812533 4.258154e-11 0.000000e+00 0.000000e+00
813447 3.866132e-11 0.000000e+00 0.000000e+00
813989 3.707770e-11 0.000000e+00 0.000000e+00
815265 3.509014e-11 0.000000e+00 0.000000e+00
819950 5.770971e-11 0.000000e+00 0.000000e+00
820156 5.880954e-11 0.000000e+00 0.000000e+00
820458 5.976975e-11 0.000000e+00 0.000000e+00
820652 8.239433e-11 0.000000e+00 0.000000e+00
823740 9.048979e-11 0.000000e+00 0.000000e+00
824749 9.471076e-11 0.000000e+00 0.000000e+00
825670 6.666658e-11 0.000000e+00 0.000000e+00
825822 7.036257e-11 0.000000e+00 0.000000e+00
826204 6.526082e-11 0.000000e+00 0.000000e+00
828030 6.054623e-11 0.000000e+00 0.000000e+00
832410 9.654691e-11 0.000000e+00 0.000000e+00
834222 8.632099e-11 0.000000e+00 0.000000e+00
834407 7.792132e-11 0.000000e+00 0.000000e+00
834532 6.759757e-11 0.000000e+00 0.000000e+00
835354 7.097920e-11 0.000000e+00 0.000000e+00
836255 7.577892e-11 0.000000e+00 0.000000e+00
838042 7.186194e-11 0.000000e+00 0.000000e+00
838255 7.385654e-11 0.000000e+00 0.000000e+00
840725 5.544563e-11 0.000000e+00 0.000000e+00
841710 5.752789e-11 0.000000e+00 0.000000e+00
843366 5.621410e-11 0.000000e+00 0.000000e+00
843549 1.899264e-11 0.000000e+00 0.000000e+00
845806 1.721524e-11 0.000000e+00 0.000000e+00
845824 1.675646e-11 0.000000e+00 0.000000e+00
846317 6.442248e-12 0.000000e+00 0.000000e+00
847685 -2.074486e-12 0.000000e+00 0.000000e+00
848523 2.860509e-12 0.000000e+00 0.000000e+00
850335 -1.512910e-12 0.000000e+00 0.000000e+00
850632 9.335955e-12 0.000000e+00 0.000000e+00
851563 1.009409e-11 0.000000e+00 0.000000e+00
851996 1.096641e-11 0.000000e+00 0.000000e+00
852536 1.273433e-11 0.000000e+00 0.000000e+00
857969 1.536232e-11 0.000000e+00 0.000000e+00
858651 5.611641e-12 0.000000e+00 0.000000e+00
858904 8.118909e-12 0.000000e+00 0.000000e+00
859487 -5.735112e-12 0.000000e+00 0.000000e+00
859924 1.471919e-11 0.000000e+00 0.000000e+00
862705 -7.091167e-12 0.000000e+00 0.000000e+00
862857 -1.084500e-11 0.000000e+00 0.000000e+00
863327 -1.116081e-12 0.000000e+00 0.000000e+00
863833 1.977868e-12 0.000000e+00 0.000000e+00
864256 3.971940e-12 0.000000e+00 0.000000e+00
865055 2.222626e-11 0.000000e+00 0.000000e+00
866514 2.967774e-11 0.000000e+00 0.000000e+00
867121 2.910397e-11 0.000000e+00 0.000000e+00
868841 3.050851e-11 0.000000e+00 0.000000e+00
868972 1.893785e-11 0.000000e+00 0.000000e+00
869852 2.578443e-11 0.000000e+00 0.000000e+00
871773 2.314659e-11 0.000000e+00 0.000000e+00
872022 2.474376e-11 0.000000e+00 0.000000e+00
872073 1.946675e-11 0.000000e+00 0.000000e+00
872433 4.752012e-11 0.000000e+00 0.000000e+00
872576 4.587458e-11 0.000000e+00 0.000000e+00
872791 4.641263e-11 0.000000e+00 0.000000e+00
876616 5.121713e-11 0.000000e+00 0.000000e+00
880083 5.046213e-11 0.000000e+00 0.000000e+00
882302 5.209740e-11 0.000000e+00 0.000000e+00
882908 4.908740e-11 0.000000e+00 0.000000e+00
883450 5.131490e-11 0.000000e+00 0.000000e+00
884237 1.274402e-10 0.000000e+00 0.000000e+00
885637 1.104649e-10 0.000000e+00 0.000000e+00
885695 1.117948e-10 0.000000e+00 0.000000e+00
885961 1.151748e-10 0.000000e+00 0.000000e+00
887578 1.181719e-10 0.000000e+00 0.000000e+00
888093 1.275337e-10 0.000000e+00 0.000000e+00
889429 1.201344e-10 0.000000e+00 0.000000e+00
889572 1.377680e-10 0.000000e+00 0.000000e+00
889858 1.426141e-10 0.000000e+00 0.000000e+00
890703 1.397993e-10 0.000000e+00 0.000000e+00
890861 1.424188e-10 0.000000e+00 0.000000e+00
891202 1.328601e-10 0.000000e+00 0.000000e+00
891751 1.367898e-10 0.000000e+00 0.000000e+00
892498 1.358542e-10 0.000000e+00 0.000000e+00
893186 1.296703e-10 0.000000e+00 0.000000e+00
894181 1.286907e-10 0.000000e+00 0.000000e+00
894855 1.335832e-10 0.000000e+00 0.000000e+00
897733 1.360407e-10 0.000000e+00 0.000000e+00
899966 1.247653e-10 0.000000e+00 0.000000e+00
903204 8.907192e-11 0.000000e+00 0.000000e+00
903912 8.686187e-11 0.000000e+00 0.000000e+00
910433 7.900475e-11 0.000000e+00 0.000000e+00
911126 8.325242e-11 0.000000e+00 0.000000e+00
914031 7.994931e-11 0.000000e+00 0.000000e+00
914656 9.718767e-11 0.000000e+00 0.000000e+00
914794 6.896278e-11 0.000000e+00 0.000000e+00
915276 9.291768e-11 0.000000e+00 0.000000e+00
915350 8.826617e-11 0.000000e+00 0.000000e+00
916471 8.988395e-11 0.000000e+00 0.000000e+00
917749 9.189120e-11 0.000000e+00 0.000000e+00
918127 9.411289e-11 0.000000e+00 0.000000e+00
920968 1.315233e-10 0.000000e+00 0.000000e+00
921060 1.114098e-10 0.000000e+00 0.000000e+00
921394 1.089745e-10 0.000000e+00 0.000000e+00
922415 8.360032e-11 0.000000e+00 0.000000e+00
924098 6.860340e-11 0.000000e+00 0.000000e+00
924519 6.440996e-11 0.000000e+00 0.000000e+00
925303 6.843392e-11 0.000000e+00 0.000000e+00
925957 6.282894e-11 0.000000e+00 0.000000e+00
926778 6.637723e-11 0.000000e+00 0.000000e+00
927037 6.196029e-11 0.000000e+00 0.000000e+00
928908 5.344714e-11 0.000000e+00 0.000000e+00
929000 5.575693e-11 0.000000e+00 0.000000e+00
930207 5.689596e-11 0.000000e+00 0.000000e+00
931526 5.505679e-11 0.000000e+00 0.000000e+00
931979 5.308914e-11 0.000000e+00 0.000000e+00
932751 4.824841e-11 0.000000e+00 0.000000e+00
934602 3.826944e-11 0.000000e+00 0.000000e+00
937731 3.246754e-11 0.000000e+00 0.000000e+00
937735 3.414852e-11 0.000000e+00 0.000000e+00
938199 3.993334e-11 0.000000e+00 0.000000e+00
939777 4.137561e-11 0.000000e+00 0.000000e+00
939951 4.162417e-11 0.000000e+00 0.000000e+00
942190 2.329877e-11 0.000000e+00 0.000000e+00
942892 2.680709e-11 0.000000e+00 0.000000e+00
945364 2.035009e-11 0.000000e+00 0.000000e+00
946996 2.630444e-11 0.000000e+00 0.000000e+00
947143 2.475263e-11 0.000000e+00 0.000000e+00
948678 2.206741e-11 0.000000e+00 0.000000e+00
949504 2.924715e-11 0.000000e+00 0.000000e+00
949577 5.722819e-11 0.000000e+00 0.000000e+00
954528 8.232984e-11 0.000000e+00 0.000000e+00
955166 8.083311e-11 0.000000e+00 0.000000e+00
956276 7.923708e-11 0.000000e+00 0.000000e+00
958279 8.768759e-11 0.000000e+00 0.000000e+00
958860 1.522093e-10 0.000000e+00 0.000000e+00
959553 1.534375e-10 0.000000e+00 0.000000e+00
961865 1.566711e-10 0.000000e+00 0.000000e+00
962304 1.582621e-10 0.000000e+00 0.000000e+00
963293 1.598326e-10 0.000000e+00 0.000000e+00
963818 1.552110e-10 0.000000e+00 0.000000e+00
964451 1.416685e-10 0.000000e+00 0.000000e+00
970181 1.137216e-10 0.000000e+00 0.000000e+00
970864 1.182718e-10 0.000000e+00 0.000000e+00
971525 1.326953e-10 0.000000e+00 0.000000e+00
972592 1.037539e-10 0.000000e+00 0.000000e+00
972860 1.044955e-10 0.000000e+00 0.000000e+00
972883 1.052080e-10 0.000000e+00 0.000000e+00
973128 1.007679e-10 0.000000e+00 0.000000e+00
973773 1.035912e-10 0.000000e+00 0.000000e+00
975028 1.023604e-10 0.000000e+00 0.000000e+00
975802 9.884176e-11 0.000000e+00 0.000000e+00
976632 1.259949e-10 0.000000e+00 0.000000e+00
977935 1.234119e-10 0.000000e+00 0.000000e+00
978927 1.215424e-10 0.000000e+00 0.000000e+00
979666 1.235995e-10 0.000000e+00 0.000000e+00
980480 1.270921e-10 0.000000e+00 0.000000e+00
980538 1.415516e-10 0.000000e+00 0.000000e+00
980775 1.369549e-10 0.000000e+00 0.000000e+00
981114 1.387092e-10 0.000000e+00 0.000000e+00
981476 1.396237e-10 0.000000e+00 0.000000e+00
982682 1.296902e-10 0.000000e+00 0.000000e+00
983934 1.038493e-10 0.000000e+00 0.000000e+00
984066 1.346848e-10 0.000000e+00 0.000000e+00
984633 1.284158e-10 0.000000e+00 0.000000e+00
985162 1.222242e-10 0.000000e+00 0.000000e+00
988427 1.324624e-10 0.000000e+00 0.000000e+00
989416 1.254627e-10 0.000000e+00 0.000000e+00
989433 1.227253e-10 0.000000e+00 0.000000e+00
992623 1.097243e-10 0.000000e+00 0.000000e+00
992899 1.103805e-10 0.000000e+00 0.000000e+00
993103 1.140021e-10 0.000000e+00 0.000000e+00
993589 1.112264e-10 0.000000e+00 0.000000e+00
993663 7.033557e-11 0.000000e+00 0.000000e+00
995193 7.618073e-11 0.000000e+00 0.000000e+00
995835 7.443200e-11 0.000000e+00 0.000000e+00
996210 7.242245e-11 0.000000e+00 0.000000e+00
997116 7.319528e-11 0.000000e+00 0.000000e+00
998931 1.008713e-10 0.000000e+00 0.000000e+00
