Step X Y Z 
121000 1.098483e-10 0.000000e+00 0.000000e+00
121031 9.721087e-11 0.000000e+00 0.000000e+00
121777 7.882519e-11 0.000000e+00 0.000000e+00
123304 6.956351e-11 0.000000e+00 0.000000e+00
123388 5.099193e-11 0.000000e+00 0.000000e+00
124593 7.571123e-11 0.000000e+00 0.000000e+00
124778 8.432735e-11 0.000000e+00 0.000000e+00
125391 8.175705e-11 0.000000e+00 0.000000e+00
126018 8.741443e-11 0.000000e+00 0.000000e+00
126876 1.230394e-10 0.000000e+00 0.000000e+00
128151 1.152774e-10 0.000000e+00 0.000000e+00
130113 1.130216e-10 0.000000e+00 0.000000e+00
132805 1.120564e-10 0.000000e+00 0.000000e+00
134140 9.597748e-11 0.000000e+00 0.000000e+00
134624 1.026242e-10 0.000000e+00 0.000000e+00
135256 9.832651e-11 0.000000e+00 0.000000e+00
135361 1.068224e-10 0.000000e+00 0.000000e+00
136856 9.216865e-11 0.000000e+00 0.000000e+00
138929 1.035589e-10 0.000000e+00 0.000000e+00
139945 1.058433e-10 0.000000e+00 0.000000e+00
140859 1.048123e-10 0.000000e+00 0.000000e+00
141681 1.008475e-10 0.000000e+00 0.000000e+00
142051 9.969444e-11 0.000000e+00 0.000000e+00
144297 9.328059e-11 0.000000e+00 0.000000e+00
144321 9.374477e-11 0.000000e+00 0.000000e+00
144656 1.042176e-10 0.000000e+00 0.000000e+00
144969 7.333984e-11 0.000000e+00 0.000000e+00
145918 8.019666e-11 0.000000e+00 0.000000e+00
147156 7.640327e-11 0.000000e+00 0.000000e+00
149109 9.038152e-11 0.000000e+00 0.000000e+00
149848 8.709884e-11 0.000000e+00 0.000000e+00
152041 8.542097e-11 0.000000e+00 0.000000e+00
153230 8.334986e-11 0.000000e+00 0.000000e+00
154556 8.125120e-11 0.000000e+00 0.000000e+00
154775 7.116955e-11 0.000000e+00 0.000000e+00
154993 7.196820e-11 0.000000e+00 0.000000e+00
155077 7.362993e-11 0.000000e+00 0.000000e+00
155627 7.782928e-11 0.000000e+00 0.000000e+00
156144 7.935512e-11 0.000000e+00 0.000000e+00
156353 8.798240e-11 0.000000e+00 0.000000e+00
156636 8.879426e-11 0.000000e+00 0.000000e+00
160284 1.175256e-10 0.000000e+00 0.000000e+00
165083 1.087650e-10 0.000000e+00 0.000000e+00
166249 1.111972e-10 0.000000e+00 0.000000e+00
167641 1.082108e-10 0.000000e+00 0.000000e+00
168928 1.073361e-10 0.000000e+00 0.000000e+00
168966 1.057012e-10 0.000000e+00 0.000000e+00
169198 9.858149e-11 0.000000e+00 0.000000e+00
169599 1.014602e-10 0.000000e+00 0.000000e+00
169634 1.019429e-10 0.000000e+00 0.000000e+00
170124 1.035343e-10 0.000000e+00 0.000000e+00
170578 1.164641e-10 0.000000e+00 0.000000e+00
171047 1.243232e-10 0.000000e+00 0.000000e+00
171715 1.104389e-10 0.000000e+00 0.000000e+00
171924 1.296426e-10 0.000000e+00 0.000000e+00
173429 1.218414e-10 0.000000e+00 0.000000e+00
174583 1.257191e-10 0.000000e+00 0.000000e+00
177259 1.195143e-10 0.000000e+00 0.000000e+00
177550 1.186406e-10 0.000000e+00 0.000000e+00
177991 1.179670e-10 0.000000e+00 0.000000e+00
179362 1.281090e-10 0.000000e+00 0.000000e+00
180147 1.316227e-10 0.000000e+00 0.000000e+00
180565 1.268489e-10 0.000000e+00 0.000000e+00
181084 1.205037e-10 0.000000e+00 0.000000e+00
181101 1.262552e-10 0.000000e+00 0.000000e+00
181306 1.382670e-10 0.000000e+00 0.000000e+00
181324 1.425831e-10 0.000000e+00 0.000000e+00
183458 1.212249e-10 0.000000e+00 0.000000e+00
184813 1.228850e-10 0.000000e+00 0.000000e+00
185735 1.127744e-10 0.000000e+00 0.000000e+00
187439 1.142876e-10 0.000000e+00 0.000000e+00
190360 1.140050e-10 0.000000e+00 0.000000e+00
190963 1.197897e-10 0.000000e+00 0.000000e+00
191516 1.239317e-10 0.000000e+00 0.000000e+00
191717 1.105221e-10 0.000000e+00 0.000000e+00
192042 1.080907e-10 0.000000e+00 0.000000e+00
192648 5.948035e-11 0.000000e+00 0.000000e+00
192710 7.250102e-11 0.000000e+00 0.000000e+00
193046 8.314035e-11 0.000000e+00 0.000000e+00
196202 8.545542e-11 0.000000e+00 0.000000e+00
197376 4.885311e-11 0.000000e+00 0.000000e+00
197647 5.289180e-11 0.000000e+00 0.000000e+00
199432 5.660040e-11 0.000000e+00 0.000000e+00
200139 6.752556e-11 0.000000e+00 0.000000e+00
201289 6.262440e-11 0.000000e+00 0.000000e+00
201299 6.906824e-11 0.000000e+00 0.000000e+00
201359 8.631604e-11 0.000000e+00 0.000000e+00
202431 9.486312e-11 0.000000e+00 0.000000e+00
202846 9.559144e-11 0.000000e+00 0.000000e+00
206010 9.051853e-11 0.000000e+00 0.000000e+00
207255 9.669206e-11 0.000000e+00 0.000000e+00
207703 1.001438e-10 0.000000e+00 0.000000e+00
208113 9.469838e-11 0.000000e+00 0.000000e+00
208358 8.947170e-11 0.000000e+00 0.000000e+00
208660 8.833563e-11 0.000000e+00 0.000000e+00
210954 1.007611e-10 0.000000e+00 0.000000e+00
211332 5.798492e-11 0.000000e+00 0.000000e+00
213425 3.484957e-11 0.000000e+00 0.000000e+00
213515 4.218314e-11 0.000000e+00 0.000000e+00
213630 6.550014e-11 0.000000e+00 0.000000e+00
214439 6.590367e-11 0.000000e+00 0.000000e+00
214671 6.711112e-11 0.000000e+00 0.000000e+00
218409 4.797465e-11 0.000000e+00 0.000000e+00
218898 3.923952e-11 0.000000e+00 0.000000e+00
218990 4.659468e-11 0.000000e+00 0.000000e+00
219441 4.460940e-11 0.000000e+00 0.000000e+00
219541 4.725017e-11 0.000000e+00 0.000000e+00
220094 4.093632e-11 0.000000e+00 0.000000e+00
220295 3.978580e-11 0.000000e+00 0.000000e+00
220952 2.164883e-11 0.000000e+00 0.000000e+00
221074 -1.356879e-11 0.000000e+00 0.000000e+00
221720 -9.555577e-11 0.000000e+00 0.000000e+00
222681 -8.191369e-11 0.000000e+00 0.000000e+00
224695 -8.820060e-11 0.000000e+00 0.000000e+00
225407 -1.087635e-10 0.000000e+00 0.000000e+00
225682 -9.833762e-11 0.000000e+00 0.000000e+00
226991 -9.149213e-11 0.000000e+00 0.000000e+00
229859 -1.049235e-10 0.000000e+00 0.000000e+00
230281 -1.141371e-10 0.000000e+00 0.000000e+00
230957 -1.062126e-10 0.000000e+00 0.000000e+00
233980 -9.957016e-11 0.000000e+00 0.000000e+00
235120 -9.725035e-11 0.000000e+00 0.000000e+00
238339 -9.390491e-11 0.000000e+00 0.000000e+00
238681 -1.034917e-10 0.000000e+00 0.000000e+00
239332 -1.014356e-10 0.000000e+00 0.000000e+00
240602 -1.105666e-10 0.000000e+00 0.000000e+00
240779 -1.130764e-10 0.000000e+00 0.000000e+00
242702 -9.283288e-11 0.000000e+00 0.000000e+00
242853 -9.701569e-11 0.000000e+00 0.000000e+00
243749 -8.726376e-11 0.000000e+00 0.000000e+00
244218 -9.576561e-11 0.000000e+00 0.000000e+00
244572 -6.648294e-11 0.000000e+00 0.000000e+00
245322 -5.619532e-11 0.000000e+00 0.000000e+00
245814 -8.032130e-11 0.000000e+00 0.000000e+00
246502 -7.981175e-11 0.000000e+00 0.000000e+00
248224 -7.412580e-11 0.000000e+00 0.000000e+00
248297 -7.857306e-11 0.000000e+00 0.000000e+00
248882 -6.501404e-11 0.000000e+00 0.000000e+00
249629 -7.172756e-11 0.000000e+00 0.000000e+00
249794 -6.925303e-11 0.000000e+00 0.000000e+00
253550 -7.606667e-11 0.000000e+00 0.000000e+00
253653 -5.750357e-11 0.000000e+00 0.000000e+00
255459 -7.336017e-11 0.000000e+00 0.000000e+00
255547 -7.056427e-11 0.000000e+00 0.000000e+00
255907 -6.775867e-11 0.000000e+00 0.000000e+00
257229 -6.152912e-11 0.000000e+00 0.000000e+00
257736 -6.344771e-11 0.000000e+00 0.000000e+00
258226 -5.902866e-11 0.000000e+00 0.000000e+00
258273 -4.627094e-11 0.000000e+00 0.000000e+00
258675 -7.500850e-11 0.000000e+00 0.000000e+00
258945 -7.690797e-11 0.000000e+00 0.000000e+00
260355 -7.772486e-11 0.000000e+00 0.000000e+00
260738 -9.008708e-11 0.000000e+00 0.000000e+00
261479 -8.897447e-11 0.000000e+00 0.000000e+00
261484 -8.776459e-11 0.000000e+00 0.000000e+00
261633 -6.079493e-11 0.000000e+00 0.000000e+00
263230 -8.373138e-11 0.000000e+00 0.000000e+00
263568 -8.158749e-11 0.000000e+00 0.000000e+00
264347 -4.077214e-11 0.000000e+00 0.000000e+00
264469 -4.381094e-11 0.000000e+00 0.000000e+00
264480 -4.024394e-11 0.000000e+00 0.000000e+00
266728 -3.177157e-11 0.000000e+00 0.000000e+00
268260 -3.057648e-11 0.000000e+00 0.000000e+00
268273 -3.766282e-11 0.000000e+00 0.000000e+00
268542 -6.256593e-11 0.000000e+00 0.000000e+00
269640 -7.294486e-11 0.000000e+00 0.000000e+00
269937 -5.388208e-11 0.000000e+00 0.000000e+00
270157 -5.535963e-11 0.000000e+00 0.000000e+00
272105 -4.205864e-11 0.000000e+00 0.000000e+00
272349 -4.299248e-11 0.000000e+00 0.000000e+00
273638 -7.045148e-11 0.000000e+00 0.000000e+00
273942 -5.005211e-11 0.000000e+00 0.000000e+00
274751 -5.207419e-11 0.000000e+00 0.000000e+00
274911 -5.104690e-11 0.000000e+00 0.000000e+00
275435 -4.777254e-11 0.000000e+00 0.000000e+00
275583 -4.516627e-11 0.000000e+00 0.000000e+00
277538 -8.495648e-11 0.000000e+00 0.000000e+00
277834 -8.333193e-11 0.000000e+00 0.000000e+00
278772 -8.615770e-11 0.000000e+00 0.000000e+00
279143 -8.584010e-11 0.000000e+00 0.000000e+00
280647 -7.943041e-11 0.000000e+00 0.000000e+00
280695 -7.535057e-11 0.000000e+00 0.000000e+00
283606 -9.144200e-11 0.000000e+00 0.000000e+00
283787 -9.017631e-11 0.000000e+00 0.000000e+00
285199 -9.424629e-11 0.000000e+00 0.000000e+00
285873 -9.306971e-11 0.000000e+00 0.000000e+00
287708 -1.181532e-10 0.000000e+00 0.000000e+00
287713 -1.149818e-10 0.000000e+00 0.000000e+00
288017 -1.073891e-10 0.000000e+00 0.000000e+00
288721 -1.043341e-10 0.000000e+00 0.000000e+00
289058 -1.020842e-10 0.000000e+00 0.000000e+00
289243 -1.303964e-10 0.000000e+00 0.000000e+00
290027 -1.312248e-10 0.000000e+00 0.000000e+00
290202 -1.321866e-10 0.000000e+00 0.000000e+00
291139 -1.004420e-10 0.000000e+00 0.000000e+00
291300 -1.249938e-10 0.000000e+00 0.000000e+00
291687 -1.165662e-10 0.000000e+00 0.000000e+00
292311 -1.197922e-10 0.000000e+00 0.000000e+00
292726 -1.272258e-10 0.000000e+00 0.000000e+00
293662 -1.118807e-10 0.000000e+00 0.000000e+00
294421 -1.094278e-10 0.000000e+00 0.000000e+00
294635 -1.105838e-10 0.000000e+00 0.000000e+00
295723 -1.212434e-10 0.000000e+00 0.000000e+00
297354 -1.232373e-10 0.000000e+00 0.000000e+00
297498 -1.159337e-10 0.000000e+00 0.000000e+00
299073 -1.222087e-10 0.000000e+00 0.000000e+00
300994 -1.172238e-10 0.000000e+00 0.000000e+00
301067 -1.233724e-10 0.000000e+00 0.000000e+00
301133 -1.422154e-10 0.000000e+00 0.000000e+00
303699 -1.256626e-10 0.000000e+00 0.000000e+00
305633 -1.287284e-10 0.000000e+00 0.000000e+00
305866 -1.264420e-10 0.000000e+00 0.000000e+00
306903 -1.059528e-10 0.000000e+00 0.000000e+00
307248 -9.884835e-11 0.000000e+00 0.000000e+00
309105 -1.068071e-10 0.000000e+00 0.000000e+00
310079 -1.203213e-10 0.000000e+00 0.000000e+00
312263 -1.190061e-10 0.000000e+00 0.000000e+00
314282 -1.085807e-10 0.000000e+00 0.000000e+00
316419 -1.076345e-10 0.000000e+00 0.000000e+00
316434 -1.073378e-10 0.000000e+00 0.000000e+00
318060 -1.350803e-10 0.000000e+00 0.000000e+00
318088 -1.372556e-10 0.000000e+00 0.000000e+00
318427 -1.346679e-10 0.000000e+00 0.000000e+00
322300 -1.429242e-10 0.000000e+00 0.000000e+00
322598 -1.220186e-10 0.000000e+00 0.000000e+00
322779 -1.133158e-10 0.000000e+00 0.000000e+00
322816 -1.148844e-10 0.000000e+00 0.000000e+00
323541 -9.795129e-11 0.000000e+00 0.000000e+00
325829 -1.031180e-10 0.000000e+00 0.000000e+00
328177 -1.010936e-10 0.000000e+00 0.000000e+00
328530 -1.003059e-10 0.000000e+00 0.000000e+00
331659 -7.441811e-11 0.000000e+00 0.000000e+00
333695 -1.040227e-10 0.000000e+00 0.000000e+00
333870 -8.064353e-11 0.000000e+00 0.000000e+00
335208 -8.417221e-11 0.000000e+00 0.000000e+00
336434 -8.687924e-11 0.000000e+00 0.000000e+00
337107 -8.232582e-11 0.000000e+00 0.000000e+00
337886 -7.724833e-11 0.000000e+00 0.000000e+00
338025 -1.018496e-10 0.000000e+00 0.000000e+00
338707 -1.023197e-10 0.000000e+00 0.000000e+00
339376 -1.032725e-10 0.000000e+00 0.000000e+00
341173 -8.304360e-11 0.000000e+00 0.000000e+00
342857 -6.366125e-11 0.000000e+00 0.000000e+00
344080 -6.838285e-11 0.000000e+00 0.000000e+00
344134 -6.628090e-11 0.000000e+00 0.000000e+00
345873 -6.581084e-11 0.000000e+00 0.000000e+00
346358 -6.504934e-11 0.000000e+00 0.000000e+00
346364 -6.259060e-11 0.000000e+00 0.000000e+00
348606 -2.698009e-11 0.000000e+00 0.000000e+00
349896 -3.019154e-11 0.000000e+00 0.000000e+00
350148 -1.603442e-11 0.000000e+00 0.000000e+00
350681 -2.146909e-11 0.000000e+00 0.000000e+00
351688 -1.960164e-11 0.000000e+00 0.000000e+00
351875 5.622578e-12 0.000000e+00 0.000000e+00
353718 1.623084e-11 0.000000e+00 0.000000e+00
353782 2.604715e-11 0.000000e+00 0.000000e+00
355623 1.464726e-11 0.000000e+00 0.000000e+00
355887 1.061694e-11 0.000000e+00 0.000000e+00
357119 -2.293864e-11 0.000000e+00 0.000000e+00
357342 -2.532491e-11 0.000000e+00 0.000000e+00
358597 -1.491132e-11 0.000000e+00 0.000000e+00
358635 -2.923593e-11 0.000000e+00 0.000000e+00
359015 -1.847302e-11 0.000000e+00 0.000000e+00
359088 -1.626172e-11 0.000000e+00 0.000000e+00
360726 -1.767931e-11 0.000000e+00 0.000000e+00
361367 -2.416313e-11 0.000000e+00 0.000000e+00
361848 -2.036762e-11 0.000000e+00 0.000000e+00
367787 -2.769294e-11 0.000000e+00 0.000000e+00
370124 -2.506411e-11 0.000000e+00 0.000000e+00
370425 -2.291027e-11 0.000000e+00 0.000000e+00
373246 -2.598132e-11 0.000000e+00 0.000000e+00
373289 -2.830710e-11 0.000000e+00 0.000000e+00
373744 -5.977652e-11 0.000000e+00 0.000000e+00
374249 -5.707824e-11 0.000000e+00 0.000000e+00
375778 -5.458993e-11 0.000000e+00 0.000000e+00
377159 -5.853626e-11 0.000000e+00 0.000000e+00
379410 -4.861397e-11 0.000000e+00 0.000000e+00
380383 -4.727147e-11 0.000000e+00 0.000000e+00
381238 -6.391360e-11 0.000000e+00 0.000000e+00
382930 -7.179718e-11 0.000000e+00 0.000000e+00
384258 -6.950940e-11 0.000000e+00 0.000000e+00
384534 -6.646521e-11 0.000000e+00 0.000000e+00
385075 -3.590376e-11 0.000000e+00 0.000000e+00
386157 -3.291147e-11 0.000000e+00 0.000000e+00
387882 -4.505971e-11 0.000000e+00 0.000000e+00
387924 -4.299251e-11 0.000000e+00 0.000000e+00
388932 -5.195981e-11 0.000000e+00 0.000000e+00
389603 -5.575804e-11 0.000000e+00 0.000000e+00
390675 -6.060327e-11 0.000000e+00 0.000000e+00
391173 -5.950547e-11 0.000000e+00 0.000000e+00
391282 -5.019081e-11 0.000000e+00 0.000000e+00
391962 -4.142334e-11 0.000000e+00 0.000000e+00
393282 -3.387320e-11 0.000000e+00 0.000000e+00
395143 -3.503105e-11 0.000000e+00 0.000000e+00
395768 -3.390315e-11 0.000000e+00 0.000000e+00
397565 -6.441124e-11 0.000000e+00 0.000000e+00
398349 -5.301878e-11 0.000000e+00 0.000000e+00
398477 -5.346702e-11 0.000000e+00 0.000000e+00
398590 -4.560873e-11 0.000000e+00 0.000000e+00
399758 -6.167787e-11 0.000000e+00 0.000000e+00
400994 -4.871639e-11 0.000000e+00 0.000000e+00
401133 -5.765012e-11 0.000000e+00 0.000000e+00
401315 -4.992353e-11 0.000000e+00 0.000000e+00
402786 -4.609209e-11 0.000000e+00 0.000000e+00
402871 -6.199762e-11 0.000000e+00 0.000000e+00
402972 -6.833047e-11 0.000000e+00 0.000000e+00
403425 -7.835756e-11 0.000000e+00 0.000000e+00
404923 -9.226730e-11 0.000000e+00 0.000000e+00
406246 -9.782981e-11 0.000000e+00 0.000000e+00
406861 -8.563374e-11 0.000000e+00 0.000000e+00
407235 -9.619425e-11 0.000000e+00 0.000000e+00
408311 -7.658498e-11 0.000000e+00 0.000000e+00
408742 -7.284016e-11 0.000000e+00 0.000000e+00
410019 -8.889043e-11 0.000000e+00 0.000000e+00
412789 -7.100270e-11 0.000000e+00 0.000000e+00
413117 -7.598867e-11 0.000000e+00 0.000000e+00
413383 -1.300343e-10 0.000000e+00 0.000000e+00
413899 -1.182635e-10 0.000000e+00 0.000000e+00
413909 -1.155640e-10 0.000000e+00 0.000000e+00
414370 -1.391354e-10 0.000000e+00 0.000000e+00
416495 -1.405906e-10 0.000000e+00 0.000000e+00
416659 -1.378048e-10 0.000000e+00 0.000000e+00
416670 -1.332480e-10 0.000000e+00 0.000000e+00
416957 -1.243295e-10 0.000000e+00 0.000000e+00
417306 -1.336984e-10 0.000000e+00 0.000000e+00
417564 -1.264389e-10 0.000000e+00 0.000000e+00
417650 -1.365496e-10 0.000000e+00 0.000000e+00
417884 -1.321029e-10 0.000000e+00 0.000000e+00
419182 -1.277208e-10 0.000000e+00 0.000000e+00
419368 -1.290252e-10 0.000000e+00 0.000000e+00
419926 -1.279080e-10 0.000000e+00 0.000000e+00
420809 -1.390250e-10 0.000000e+00 0.000000e+00
421580 -1.163545e-10 0.000000e+00 0.000000e+00
421975 -1.242995e-10 0.000000e+00 0.000000e+00
422128 -1.224767e-10 0.000000e+00 0.000000e+00
424953 -1.454507e-10 0.000000e+00 0.000000e+00
425340 -1.472022e-10 0.000000e+00 0.000000e+00
426427 -1.440725e-10 0.000000e+00 0.000000e+00
428199 -1.499924e-10 0.000000e+00 0.000000e+00
430078 -1.310919e-10 0.000000e+00 0.000000e+00
430792 -1.119205e-10 0.000000e+00 0.000000e+00
431606 -1.102936e-10 0.000000e+00 0.000000e+00
435018 -1.129907e-10 0.000000e+00 0.000000e+00
435627 -1.142654e-10 0.000000e+00 0.000000e+00
436239 -1.053727e-10 0.000000e+00 0.000000e+00
436373 -1.055377e-10 0.000000e+00 0.000000e+00
439918 -1.256790e-10 0.000000e+00 0.000000e+00
440056 -1.190203e-10 0.000000e+00 0.000000e+00
442112 -1.213170e-10 0.000000e+00 0.000000e+00
442443 -1.085273e-10 0.000000e+00 0.000000e+00
443093 -1.171391e-10 0.000000e+00 0.000000e+00
443436 -1.177519e-10 0.000000e+00 0.000000e+00
446923 -1.294833e-10 0.000000e+00 0.000000e+00
448470 -9.896404e-11 0.000000e+00 0.000000e+00
451191 -8.092297e-11 0.000000e+00 0.000000e+00
452277 -6.737692e-11 0.000000e+00 0.000000e+00
455010 -7.552658e-11 0.000000e+00 0.000000e+00
455320 -7.422917e-11 0.000000e+00 0.000000e+00
455542 -7.212038e-11 0.000000e+00 0.000000e+00
456509 -6.990064e-11 0.000000e+00 0.000000e+00
456596 -6.949154e-11 0.000000e+00 0.000000e+00
457133 3.211499e-13 0.000000e+00 0.000000e+00
458122 -6.874048e-12 0.000000e+00 0.000000e+00
460966 -1.431366e-12 0.000000e+00 0.000000e+00
461351 7.740799e-12 0.000000e+00 0.000000e+00
461429 2.220376e-12 0.000000e+00 0.000000e+00
461484 4.242554e-13 0.000000e+00 0.000000e+00
461991 2.024275e-11 0.000000e+00 0.000000e+00
463184 1.782127e-11 0.000000e+00 0.000000e+00
465832 1.257447e-11 0.000000e+00 0.000000e+00
467096 6.798965e-12 0.000000e+00 0.000000e+00
467097 6.847251e-12 0.000000e+00 0.000000e+00
469991 -9.713262e-12 0.000000e+00 0.000000e+00
470143 -1.245695e-11 0.000000e+00 0.000000e+00
471678 -4.054499e-12 0.000000e+00 0.000000e+00
472373 -7.675483e-12 0.000000e+00 0.000000e+00
472669 -9.122084e-12 0.000000e+00 0.000000e+00
474164 -5.495003e-12 0.000000e+00 0.000000e+00
474428 -2.734679e-12 0.000000e+00 0.000000e+00
475567 4.505691e-12 0.000000e+00 0.000000e+00
476149 3.405287e-12 0.000000e+00 0.000000e+00
476569 1.603843e-12 0.000000e+00 0.000000e+00
476952 5.077713e-12 0.000000e+00 0.000000e+00
477057 6.184178e-12 0.000000e+00 0.000000e+00
477060 6.469084e-12 0.000000e+00 0.000000e+00
478836 -2.116003e-11 0.000000e+00 0.000000e+00
479749 -1.060690e-11 0.000000e+00 0.000000e+00
479933 -1.150018e-11 0.000000e+00 0.000000e+00
480867 -1.411838e-11 0.000000e+00 0.000000e+00
482458 -5.322322e-12 0.000000e+00 0.000000e+00
483111 -3.554298e-12 0.000000e+00 0.000000e+00
483292 -3.542605e-13 0.000000e+00 0.000000e+00
484208 -1.323782e-11 0.000000e+00 0.000000e+00
484573 -6.332545e-12 0.000000e+00 0.000000e+00
485399 -9.152151e-12 0.000000e+00 0.000000e+00
487203 -1.915687e-12 0.000000e+00 0.000000e+00
489099 -7.723036e-12 0.000000e+00 0.000000e+00
489176 -5.890637e-11 0.000000e+00 0.000000e+00
489392 -9.141356e-11 0.000000e+00 0.000000e+00
490065 -8.441955e-11 0.000000e+00 0.000000e+00
493101 -8.702896e-11 0.000000e+00 0.000000e+00
493121 -9.801078e-11 0.000000e+00 0.000000e+00
493206 -1.123309e-10 0.000000e+00 0.000000e+00
493888 -1.115784e-10 0.000000e+00 0.000000e+00
494273 -1.080735e-10 0.000000e+00 0.000000e+00
495288 -9.967812e-11 0.000000e+00 0.000000e+00
496053 -1.000633e-10 0.000000e+00 0.000000e+00
496967 -1.357676e-10 0.000000e+00 0.000000e+00
497179 -1.324648e-10 0.000000e+00 0.000000e+00
497329 -1.195839e-10 0.000000e+00 0.000000e+00
497688 -1.235174e-10 0.000000e+00 0.000000e+00
497809 -1.136933e-10 0.000000e+00 0.000000e+00
497946 -1.228711e-10 0.000000e+00 0.000000e+00
499592 -1.204204e-10 0.000000e+00 0.000000e+00
499656 -1.042909e-10 0.000000e+00 0.000000e+00
502730 -1.065764e-10 0.000000e+00 0.000000e+00
507816 -7.887883e-11 0.000000e+00 0.000000e+00
508252 -8.989413e-11 0.000000e+00 0.000000e+00
508693 -7.968075e-11 0.000000e+00 0.000000e+00
509147 -9.482731e-11 0.000000e+00 0.000000e+00
509421 -9.468661e-11 0.000000e+00 0.000000e+00
509548 -9.305758e-11 0.000000e+00 0.000000e+00
510322 -9.646052e-11 0.000000e+00 0.000000e+00
510815 -9.216026e-11 0.000000e+00 0.000000e+00
511099 -7.150685e-11 0.000000e+00 0.000000e+00
512770 -9.372370e-11 0.000000e+00 0.000000e+00
513292 -9.526791e-11 0.000000e+00 0.000000e+00
514002 -9.382315e-11 0.000000e+00 0.000000e+00
514111 -7.725807e-11 0.000000e+00 0.000000e+00
517974 -8.936950e-11 0.000000e+00 0.000000e+00
519993 -8.814938e-11 0.000000e+00 0.000000e+00
520348 -9.081266e-11 0.000000e+00 0.000000e+00
521011 -8.762310e-11 0.000000e+00 0.000000e+00
522745 -5.679084e-11 0.000000e+00 0.000000e+00
523400 -5.482199e-11 0.000000e+00 0.000000e+00
523578 -5.088031e-11 0.000000e+00 0.000000e+00
524757 -6.110854e-11 0.000000e+00 0.000000e+00
525085 3.083333e-12 0.000000e+00 0.000000e+00
526270 1.460753e-12 0.000000e+00 0.000000e+00
527574 -7.761468e-13 0.000000e+00 0.000000e+00
532083 -2.736666e-12 0.000000e+00 0.000000e+00
532693 -4.655877e-12 0.000000e+00 0.000000e+00
533123 -4.322445e-12 0.000000e+00 0.000000e+00
534568 -5.267662e-11 0.000000e+00 0.000000e+00
538284 -4.716605e-11 0.000000e+00 0.000000e+00
538472 -4.921102e-11 0.000000e+00 0.000000e+00
539062 -4.656097e-11 0.000000e+00 0.000000e+00
539856 -4.820154e-11 0.000000e+00 0.000000e+00
542307 -5.643840e-11 0.000000e+00 0.000000e+00
544405 -8.240143e-11 0.000000e+00 0.000000e+00
545112 -8.131734e-11 0.000000e+00 0.000000e+00
545239 -8.357060e-11 0.000000e+00 0.000000e+00
546782 -8.478158e-11 0.000000e+00 0.000000e+00
547519 -8.641170e-11 0.000000e+00 0.000000e+00
547878 -8.532579e-11 0.000000e+00 0.000000e+00
548453 -7.841878e-11 0.000000e+00 0.000000e+00
549543 -8.293460e-11 0.000000e+00 0.000000e+00
549863 -8.027907e-11 0.000000e+00 0.000000e+00
550266 -7.357178e-11 0.000000e+00 0.000000e+00
550861 -7.720092e-11 0.000000e+00 0.000000e+00
552470 -8.184610e-11 0.000000e+00 0.000000e+00
552484 -8.173835e-11 0.000000e+00 0.000000e+00
552863 -6.519154e-11 0.000000e+00 0.000000e+00
553956 -6.715079e-11 0.000000e+00 0.000000e+00
556715 -6.850206e-11 0.000000e+00 0.000000e+00
558019 -2.791396e-11 0.000000e+00 0.000000e+00
558271 -3.924485e-11 0.000000e+00 0.000000e+00
559241 -3.844910e-11 0.000000e+00 0.000000e+00
561162 -3.667401e-11 0.000000e+00 0.000000e+00
561467 -3.569546e-11 0.000000e+00 0.000000e+00
561707 -3.102981e-11 0.000000e+00 0.000000e+00
562879 -3.236381e-11 0.000000e+00 0.000000e+00
563035 -3.476036e-11 0.000000e+00 0.000000e+00
564129 -3.144387e-11 0.000000e+00 0.000000e+00
565433 -2.929957e-11 0.000000e+00 0.000000e+00
565656 -2.720916e-11 0.000000e+00 0.000000e+00
566103 -4.096608e-11 0.000000e+00 0.000000e+00
566335 -4.339807e-11 0.000000e+00 0.000000e+00
566607 -4.451335e-11 0.000000e+00 0.000000e+00
566850 -4.391775e-11 0.000000e+00 0.000000e+00
567224 -7.063044e-11 0.000000e+00 0.000000e+00
567894 -5.293242e-11 0.000000e+00 0.000000e+00
569562 -6.300962e-11 0.000000e+00 0.000000e+00
570953 -6.436682e-11 0.000000e+00 0.000000e+00
571071 -6.732260e-11 0.000000e+00 0.000000e+00
571623 -5.430060e-11 0.000000e+00 0.000000e+00
573392 -5.563987e-11 0.000000e+00 0.000000e+00
573490 -5.406451e-11 0.000000e+00 0.000000e+00
575504 -1.708264e-11 0.000000e+00 0.000000e+00
576175 -2.161501e-11 0.000000e+00 0.000000e+00
576307 -2.390131e-11 0.000000e+00 0.000000e+00
576414 -2.489246e-11 0.000000e+00 0.000000e+00
576944 -1.154413e-11 0.000000e+00 0.000000e+00
579522 -2.257042e-11 0.000000e+00 0.000000e+00
580612 4.239998e-12 0.000000e+00 0.000000e+00
581246 2.914763e-12 0.000000e+00 0.000000e+00
582518 1.042296e-12 0.000000e+00 0.000000e+00
583086 -2.638609e-11 0.000000e+00 0.000000e+00
584830 -3.934864e-11 0.000000e+00 0.000000e+00
586026 -3.803383e-11 0.000000e+00 0.000000e+00
586547 -3.242067e-11 0.000000e+00 0.000000e+00
588573 -3.710093e-11 0.000000e+00 0.000000e+00
588914 -3.944816e-11 0.000000e+00 0.000000e+00
591216 -4.190572e-11 0.000000e+00 0.000000e+00
591874 -4.186119e-11 0.000000e+00 0.000000e+00
592670 -5.073811e-11 0.000000e+00 0.000000e+00
594619 -5.161153e-11 0.000000e+00 0.000000e+00
595589 -5.232088e-11 0.000000e+00 0.000000e+00
597118 -6.033675e-11 0.000000e+00 0.000000e+00
599531 -5.818960e-11 0.000000e+00 0.000000e+00
600505 -7.501048e-11 0.000000e+00 0.000000e+00
600688 -7.977605e-11 0.000000e+00 0.000000e+00
600926 -7.204026e-11 0.000000e+00 0.000000e+00
601514 -7.368653e-11 0.000000e+00 0.000000e+00
602347 -7.827953e-11 0.000000e+00 0.000000e+00
605202 -6.895358e-11 0.000000e+00 0.000000e+00
605282 -7.108686e-11 0.000000e+00 0.000000e+00
605377 -6.104511e-11 0.000000e+00 0.000000e+00
605472 -2.881054e-11 0.000000e+00 0.000000e+00
605835 -3.414698e-11 0.000000e+00 0.000000e+00
605951 -3.267148e-11 0.000000e+00 0.000000e+00
606212 -3.871818e-11 0.000000e+00 0.000000e+00
606766 -3.695448e-11 0.000000e+00 0.000000e+00
607135 -3.513075e-11 0.000000e+00 0.000000e+00
607910 -3.658328e-11 0.000000e+00 0.000000e+00
611321 -1.718843e-11 0.000000e+00 0.000000e+00
612403 -1.872800e-11 0.000000e+00 0.000000e+00
613417 -2.011211e-11 0.000000e+00 0.000000e+00
613749 -1.806928e-11 0.000000e+00 0.000000e+00
614267 -2.198501e-11 0.000000e+00 0.000000e+00
615052 -2.396786e-11 0.000000e+00 0.000000e+00
615160 -3.056585e-11 0.000000e+00 0.000000e+00
616541 -2.565088e-11 0.000000e+00 0.000000e+00
617085 -2.931249e-11 0.000000e+00 0.000000e+00
618353 -9.934598e-13 0.000000e+00 0.000000e+00
618780 -1.525617e-11 0.000000e+00 0.000000e+00
619977 -1.046622e-11 0.000000e+00 0.000000e+00
620446 -1.185073e-11 0.000000e+00 0.000000e+00
621825 -1.927039e-11 0.000000e+00 0.000000e+00
622972 -8.355604e-12 0.000000e+00 0.000000e+00
623161 -1.254033e-11 0.000000e+00 0.000000e+00
623706 -2.113977e-11 0.000000e+00 0.000000e+00
623887 2.074258e-12 0.000000e+00 0.000000e+00
625204 3.752002e-12 0.000000e+00 0.000000e+00
626074 5.479313e-11 0.000000e+00 0.000000e+00
631625 6.152150e-11 0.000000e+00 0.000000e+00
631774 5.720587e-11 0.000000e+00 0.000000e+00
631917 3.606087e-11 0.000000e+00 0.000000e+00
634793 3.705088e-11 0.000000e+00 0.000000e+00
636102 3.306695e-11 0.000000e+00 0.000000e+00
637735 2.803999e-11 0.000000e+00 0.000000e+00
637778 3.532985e-11 0.000000e+00 0.000000e+00
637867 4.260024e-11 0.000000e+00 0.000000e+00
638574 4.397095e-11 0.000000e+00 0.000000e+00
640734 5.164185e-11 0.000000e+00 0.000000e+00
640949 5.028472e-11 0.000000e+00 0.000000e+00
642463 4.564213e-11 0.000000e+00 0.000000e+00
644949 6.307216e-11 0.000000e+00 0.000000e+00
646092 8.388317e-11 0.000000e+00 0.000000e+00
646454 8.643535e-11 0.000000e+00 0.000000e+00
646523 1.001068e-10 0.000000e+00 0.000000e+00
647160 1.359235e-10 0.000000e+00 0.000000e+00
649156 1.328222e-10 0.000000e+00 0.000000e+00
649379 1.342152e-10 0.000000e+00 0.000000e+00
649993 1.301254e-10 0.000000e+00 0.000000e+00
650991 1.311519e-10 0.000000e+00 0.000000e+00
651829 1.447644e-10 0.000000e+00 0.000000e+00
652098 1.393068e-10 0.000000e+00 0.000000e+00
652226 1.407030e-10 0.000000e+00 0.000000e+00
652739 1.151530e-10 0.000000e+00 0.000000e+00
657370 1.163997e-10 0.000000e+00 0.000000e+00
657669 1.219227e-10 0.000000e+00 0.000000e+00
657871 1.114807e-10 0.000000e+00 0.000000e+00
659795 1.019421e-10 0.000000e+00 0.000000e+00
660430 1.139075e-10 0.000000e+00 0.000000e+00
662082 1.170462e-10 0.000000e+00 0.000000e+00
662089 1.194499e-10 0.000000e+00 0.000000e+00
662824 1.063698e-10 0.000000e+00 0.000000e+00
663927 1.094072e-10 0.000000e+00 0.000000e+00
664190 1.119972e-10 0.000000e+00 0.000000e+00
664404 1.186692e-10 0.000000e+00 0.000000e+00
665299 1.091553e-10 0.000000e+00 0.000000e+00
666540 1.053977e-10 0.000000e+00 0.000000e+00
666699 1.042746e-10 0.000000e+00 0.000000e+00
666856 1.029040e-10 0.000000e+00 0.000000e+00
667079 1.025942e-10 0.000000e+00 0.000000e+00
667293 1.051104e-10 0.000000e+00 0.000000e+00
668129 7.082847e-11 0.000000e+00 0.000000e+00
668396 7.737479e-11 0.000000e+00 0.000000e+00
669390 6.057058e-11 0.000000e+00 0.000000e+00
669710 5.889727e-11 0.000000e+00 0.000000e+00
672577 5.388650e-11 0.000000e+00 0.000000e+00
672994 5.591081e-11 0.000000e+00 0.000000e+00
673646 6.220620e-11 0.000000e+00 0.000000e+00
673798 5.832254e-11 0.000000e+00 0.000000e+00
674970 9.325894e-11 0.000000e+00 0.000000e+00
675069 8.464878e-11 0.000000e+00 0.000000e+00
677335 7.457968e-11 0.000000e+00 0.000000e+00
680320 6.422106e-11 0.000000e+00 0.000000e+00
681039 8.043357e-11 0.000000e+00 0.000000e+00
681658 7.621898e-11 0.000000e+00 0.000000e+00
682245 6.788853e-11 0.000000e+00 0.000000e+00
682749 4.944050e-11 0.000000e+00 0.000000e+00
685162 4.430428e-11 0.000000e+00 0.000000e+00
685919 5.289567e-11 0.000000e+00 0.000000e+00
686471 5.566622e-11 0.000000e+00 0.000000e+00
687503 4.552840e-11 0.000000e+00 0.000000e+00
687742 5.735075e-11 0.000000e+00 0.000000e+00
689129 5.213287e-11 0.000000e+00 0.000000e+00
689504 4.994666e-11 0.000000e+00 0.000000e+00
689874 3.808089e-11 0.000000e+00 0.000000e+00
691866 4.079226e-11 0.000000e+00 0.000000e+00
692761 2.663560e-11 0.000000e+00 0.000000e+00
693426 3.360604e-11 0.000000e+00 0.000000e+00
694185 3.006789e-11 0.000000e+00 0.000000e+00
695286 2.926365e-11 0.000000e+00 0.000000e+00
696205 3.151690e-11 0.000000e+00 0.000000e+00
697210 3.161878e-11 0.000000e+00 0.000000e+00
697381 2.350899e-11 0.000000e+00 0.000000e+00
700143 9.390049e-12 0.000000e+00 0.000000e+00
703213 1.377238e-11 0.000000e+00 0.000000e+00
703822 2.463638e-11 0.000000e+00 0.000000e+00
704658 1.913343e-11 0.000000e+00 0.000000e+00
707817 2.288916e-11 0.000000e+00 0.000000e+00
708566 8.484278e-12 0.000000e+00 0.000000e+00
709722 1.544739e-11 0.000000e+00 0.000000e+00
709913 3.077608e-11 0.000000e+00 0.000000e+00
711161 1.701871e-11 0.000000e+00 0.000000e+00
711198 2.116624e-11 0.000000e+00 0.000000e+00
711405 2.864903e-11 0.000000e+00 0.000000e+00
712203 1.170751e-11 0.000000e+00 0.000000e+00
712781 1.020069e-11 0.000000e+00 0.000000e+00
713228 1.924089e-11 0.000000e+00 0.000000e+00
714152 2.421446e-11 0.000000e+00 0.000000e+00
715494 2.199252e-11 0.000000e+00 0.000000e+00
716354 2.559410e-11 0.000000e+00 0.000000e+00
717699 3.242213e-11 0.000000e+00 0.000000e+00
719120 3.724877e-11 0.000000e+00 0.000000e+00
722317 7.833897e-11 0.000000e+00 0.000000e+00
722669 8.209127e-11 0.000000e+00 0.000000e+00
723180 8.302943e-11 0.000000e+00 0.000000e+00
723693 7.509526e-11 0.000000e+00 0.000000e+00
724485 8.214128e-11 0.000000e+00 0.000000e+00
725774 6.482915e-11 0.000000e+00 0.000000e+00
725980 6.661895e-11 0.000000e+00 0.000000e+00
726525 5.840604e-11 0.000000e+00 0.000000e+00
728973 7.044817e-11 0.000000e+00 0.000000e+00
729140 6.934003e-11 0.000000e+00 0.000000e+00
730023 4.868471e-11 0.000000e+00 0.000000e+00
733412 4.747453e-11 0.000000e+00 0.000000e+00
735092 4.500252e-11 0.000000e+00 0.000000e+00
735636 3.618612e-11 0.000000e+00 0.000000e+00
736829 3.855469e-11 0.000000e+00 0.000000e+00
736976 4.326701e-11 0.000000e+00 0.000000e+00
737599 2.726849e-11 0.000000e+00 0.000000e+00
738112 2.781358e-11 0.000000e+00 0.000000e+00
738989 8.648747e-12 0.000000e+00 0.000000e+00
740290 1.357226e-11 0.000000e+00 0.000000e+00
740371 1.492172e-11 0.000000e+00 0.000000e+00
744668 1.099886e-11 0.000000e+00 0.000000e+00
745281 2.541000e-11 0.000000e+00 0.000000e+00
745580 2.281870e-11 0.000000e+00 0.000000e+00
745936 2.375376e-11 0.000000e+00 0.000000e+00
746070 7.123402e-11 0.000000e+00 0.000000e+00
746289 7.390942e-11 0.000000e+00 0.000000e+00
747694 7.744527e-11 0.000000e+00 0.000000e+00
747716 6.027510e-11 0.000000e+00 0.000000e+00
748089 5.353962e-11 0.000000e+00 0.000000e+00
749926 5.480429e-11 0.000000e+00 0.000000e+00
750981 5.649262e-11 0.000000e+00 0.000000e+00
752041 5.392610e-11 0.000000e+00 0.000000e+00
754180 5.075351e-11 0.000000e+00 0.000000e+00
754812 5.152677e-11 0.000000e+00 0.000000e+00
754992 1.695292e-10 0.000000e+00 0.000000e+00
755057 7.394608e-11 0.000000e+00 0.000000e+00
756285 5.486040e-11 0.000000e+00 0.000000e+00
756327 6.272961e-11 0.000000e+00 0.000000e+00
757648 6.178974e-11 0.000000e+00 0.000000e+00
757803 5.960777e-11 0.000000e+00 0.000000e+00
759297 6.107595e-11 0.000000e+00 0.000000e+00
761257 9.752897e-11 0.000000e+00 0.000000e+00
761972 9.947822e-11 0.000000e+00 0.000000e+00
763436 9.250887e-11 0.000000e+00 0.000000e+00
763604 9.115290e-11 0.000000e+00 0.000000e+00
764963 9.170258e-11 0.000000e+00 0.000000e+00
765268 8.966188e-11 0.000000e+00 0.000000e+00
765317 8.830309e-11 0.000000e+00 0.000000e+00
765514 8.569293e-11 0.000000e+00 0.000000e+00
766767 7.890031e-11 0.000000e+00 0.000000e+00
767525 8.704643e-11 0.000000e+00 0.000000e+00
767949 9.712956e-11 0.000000e+00 0.000000e+00
768441 1.160825e-10 0.000000e+00 0.000000e+00
768940 1.134534e-10 0.000000e+00 0.000000e+00
769421 1.074701e-10 0.000000e+00 0.000000e+00
769461 1.077746e-10 0.000000e+00 0.000000e+00
769708 1.068032e-10 0.000000e+00 0.000000e+00
771704 6.442972e-11 0.000000e+00 0.000000e+00
771928 6.881165e-11 0.000000e+00 0.000000e+00
772133 6.591591e-11 0.000000e+00 0.000000e+00
772952 7.284131e-11 0.000000e+00 0.000000e+00
773523 6.820960e-11 0.000000e+00 0.000000e+00
774071 6.657731e-11 0.000000e+00 0.000000e+00
774850 2.902364e-11 0.000000e+00 0.000000e+00
776087 4.159225e-11 0.000000e+00 0.000000e+00
776163 3.954709e-11 0.000000e+00 0.000000e+00
781118 3.414775e-11 0.000000e+00 0.000000e+00
783525 3.512251e-11 0.000000e+00 0.000000e+00
785788 4.237441e-11 0.000000e+00 0.000000e+00
786203 4.625561e-11 0.000000e+00 0.000000e+00
786736 4.974604e-11 0.000000e+00 0.000000e+00
786969 3.824110e-11 0.000000e+00 0.000000e+00
788596 4.734516e-11 0.000000e+00 0.000000e+00
789599 4.050499e-11 0.000000e+00 0.000000e+00
789920 4.152536e-11 0.000000e+00 0.000000e+00
791884 4.338293e-11 0.000000e+00 0.000000e+00
791985 4.369258e-11 0.000000e+00 0.000000e+00
792092 1.069804e-10 0.000000e+00 0.000000e+00
792343 1.322840e-10 0.000000e+00 0.000000e+00
792868 1.177202e-10 0.000000e+00 0.000000e+00
793929 1.153942e-10 0.000000e+00 0.000000e+00
794105 1.274824e-10 0.000000e+00 0.000000e+00
794556 1.268540e-10 0.000000e+00 0.000000e+00
796807 1.351509e-10 0.000000e+00 0.000000e+00
797779 1.368751e-10 0.000000e+00 0.000000e+00
797829 1.364202e-10 0.000000e+00 0.000000e+00
798129 1.250781e-10 0.000000e+00 0.000000e+00
798836 1.241994e-10 0.000000e+00 0.000000e+00
799524 1.208994e-10 0.000000e+00 0.000000e+00
800138 1.221876e-10 0.000000e+00 0.000000e+00
801385 1.376668e-10 0.000000e+00 0.000000e+00
801776 1.462167e-10 0.000000e+00 0.000000e+00
801804 1.487050e-10 0.000000e+00 0.000000e+00
804596 1.415273e-10 0.000000e+00 0.000000e+00
805449 1.437621e-10 0.000000e+00 0.000000e+00
805511 1.459025e-10 0.000000e+00 0.000000e+00
805782 1.285564e-10 0.000000e+00 0.000000e+00
805958 1.304809e-10 0.000000e+00 0.000000e+00
807175 1.335093e-10 0.000000e+00 0.000000e+00
808182 1.306188e-10 0.000000e+00 0.000000e+00
808505 1.369787e-10 0.000000e+00 0.000000e+00
810751 1.402521e-10 0.000000e+00 0.000000e+00
811759 1.392036e-10 0.000000e+00 0.000000e+00
812780 1.347263e-10 0.000000e+00 0.000000e+00
814063 1.352034e-10 0.000000e+00 0.000000e+00
814481 1.128320e-10 0.000000e+00 0.000000e+00
814679 1.290586e-10 0.000000e+00 0.000000e+00
815771 1.091085e-10 0.000000e+00 0.000000e+00
818371 1.110432e-10 0.000000e+00 0.000000e+00
818890 1.102882e-10 0.000000e+00 0.000000e+00
819345 1.200169e-10 0.000000e+00 0.000000e+00
819514 1.257767e-10 0.000000e+00 0.000000e+00
820871 1.280156e-10 0.000000e+00 0.000000e+00
821267 1.290420e-10 0.000000e+00 0.000000e+00
821453 1.225138e-10 0.000000e+00 0.000000e+00
822241 1.320865e-10 0.000000e+00 0.000000e+00
822671 1.331742e-10 0.000000e+00 0.000000e+00
823310 1.339475e-10 0.000000e+00 0.000000e+00
823443 1.157641e-10 0.000000e+00 0.000000e+00
824421 1.205445e-10 0.000000e+00 0.000000e+00
824453 1.209920e-10 0.000000e+00 0.000000e+00
824864 1.358325e-10 0.000000e+00 0.000000e+00
827188 1.435619e-10 0.000000e+00 0.000000e+00
827668 1.415807e-10 0.000000e+00 0.000000e+00
827942 1.503903e-10 0.000000e+00 0.000000e+00
828464 1.472228e-10 0.000000e+00 0.000000e+00
829496 1.514859e-10 0.000000e+00 0.000000e+00
829662 1.530725e-10 0.000000e+00 0.000000e+00
832421 1.386673e-10 0.000000e+00 0.000000e+00
832764 1.404398e-10 0.000000e+00 0.000000e+00
833569 1.449657e-10 0.000000e+00 0.000000e+00
834251 1.421406e-10 0.000000e+00 0.000000e+00
840681 1.545819e-10 0.000000e+00 0.000000e+00
841190 1.491387e-10 0.000000e+00 0.000000e+00
841278 1.421663e-10 0.000000e+00 0.000000e+00
841899 1.249591e-10 0.000000e+00 0.000000e+00
842923 1.235441e-10 0.000000e+00 0.000000e+00
843719 1.334297e-10 0.000000e+00 0.000000e+00
844158 7.486244e-11 0.000000e+00 0.000000e+00
844621 8.127477e-11 0.000000e+00 0.000000e+00
844694 8.046211e-11 0.000000e+00 0.000000e+00
847522 7.669003e-11 0.000000e+00 0.000000e+00
849184 8.419124e-11 0.000000e+00 0.000000e+00
849290 7.163166e-11 0.000000e+00 0.000000e+00
849856 9.141531e-11 0.000000e+00 0.000000e+00
850100 8.913842e-11 0.000000e+00 0.000000e+00
850303 9.846721e-11 0.000000e+00 0.000000e+00
851640 9.405839e-11 0.000000e+00 0.000000e+00
852959 9.572127e-11 0.000000e+00 0.000000e+00
853707 9.109123e-11 0.000000e+00 0.000000e+00
855328 7.774716e-11 0.000000e+00 0.000000e+00
856393 7.538570e-11 0.000000e+00 0.000000e+00
859938 7.578828e-11 0.000000e+00 0.000000e+00
860837 1.272429e-10 0.000000e+00 0.000000e+00
862798 1.313041e-10 0.000000e+00 0.000000e+00
862809 1.272111e-10 0.000000e+00 0.000000e+00
864289 1.262171e-10 0.000000e+00 0.000000e+00
864619 1.251890e-10 0.000000e+00 0.000000e+00
866067 1.193735e-10 0.000000e+00 0.000000e+00
866158 1.019801e-10 0.000000e+00 0.000000e+00
866476 9.287479e-11 0.000000e+00 0.000000e+00
868875 9.332761e-11 0.000000e+00 0.000000e+00
871045 9.557804e-11 0.000000e+00 0.000000e+00
871998 9.782002e-11 0.000000e+00 0.000000e+00
872412 9.891141e-11 0.000000e+00 0.000000e+00
875093 9.465306e-11 0.000000e+00 0.000000e+00
876372 1.010664e-10 0.000000e+00 0.000000e+00
876782 9.441892e-11 0.000000e+00 0.000000e+00
877058 1.036045e-10 0.000000e+00 0.000000e+00
878566 1.045111e-10 0.000000e+00 0.000000e+00
878720 1.060488e-10 0.000000e+00 0.000000e+00
878783 1.024700e-10 0.000000e+00 0.000000e+00
882854 1.146066e-10 0.000000e+00 0.000000e+00
883027 1.125093e-10 0.000000e+00 0.000000e+00
883682 1.094796e-10 0.000000e+00 0.000000e+00
885975 1.178698e-10 0.000000e+00 0.000000e+00
887204 1.143223e-10 0.000000e+00 0.000000e+00
889208 1.170598e-10 0.000000e+00 0.000000e+00
889542 1.166591e-10 0.000000e+00 0.000000e+00
891554 1.081651e-10 0.000000e+00 0.000000e+00
892489 1.061798e-10 0.000000e+00 0.000000e+00
894370 1.114470e-10 0.000000e+00 0.000000e+00
894925 1.148103e-10 0.000000e+00 0.000000e+00
899431 1.472436e-10 0.000000e+00 0.000000e+00
900535 1.559482e-10 0.000000e+00 0.000000e+00
901159 1.432809e-10 0.000000e+00 0.000000e+00
902390 1.483966e-10 0.000000e+00 0.000000e+00
902484 1.543245e-10 0.000000e+00 0.000000e+00
902970 1.577115e-10 0.000000e+00 0.000000e+00
903969 1.583868e-10 0.000000e+00 0.000000e+00
905438 1.598952e-10 0.000000e+00 0.000000e+00
912363 1.564774e-10 0.000000e+00 0.000000e+00
914225 1.443389e-10 0.000000e+00 0.000000e+00
915928 1.234279e-10 0.000000e+00 0.000000e+00
916931 1.223947e-10 0.000000e+00 0.000000e+00
919752 1.376127e-10 0.000000e+00 0.000000e+00
920817 1.400375e-10 0.000000e+00 0.000000e+00
921525 1.299913e-10 0.000000e+00 0.000000e+00
923490 1.289638e-10 0.000000e+00 0.000000e+00
924510 1.281133e-10 0.000000e+00 0.000000e+00
924514 1.287384e-10 0.000000e+00 0.000000e+00
924618 1.524445e-10 0.000000e+00 0.000000e+00
925208 1.346573e-10 0.000000e+00 0.000000e+00
926165 1.386964e-10 0.000000e+00 0.000000e+00
927371 1.378934e-10 0.000000e+00 0.000000e+00
928432 1.504121e-10 0.000000e+00 0.000000e+00
929436 1.432419e-10 0.000000e+00 0.000000e+00
930467 1.467708e-10 0.000000e+00 0.000000e+00
930470 1.459806e-10 0.000000e+00 0.000000e+00
931086 1.454863e-10 0.000000e+00 0.000000e+00
931598 1.317606e-10 0.000000e+00 0.000000e+00
931600 1.317897e-10 0.000000e+00 0.000000e+00
933008 1.359218e-10 0.000000e+00 0.000000e+00
937215 1.412064e-10 0.000000e+00 0.000000e+00
937631 1.398213e-10 0.000000e+00 0.000000e+00
937690 1.330437e-10 0.000000e+00 0.000000e+00
937837 1.328049e-10 0.000000e+00 0.000000e+00
937922 1.165977e-10 0.000000e+00 0.000000e+00
938823 1.554365e-10 0.000000e+00 0.000000e+00
939389 1.515382e-10 0.000000e+00 0.000000e+00
940394 1.616233e-10 0.000000e+00 0.000000e+00
940832 1.574394e-10 0.000000e+00 0.000000e+00
941546 1.534562e-10 0.000000e+00 0.000000e+00
942831 1.531812e-10 0.000000e+00 0.000000e+00
943644 1.380322e-10 0.000000e+00 0.000000e+00
943867 1.341475e-10 0.000000e+00 0.000000e+00
943877 1.372625e-10 0.000000e+00 0.000000e+00
944820 1.246827e-10 0.000000e+00 0.000000e+00
945694 1.184422e-10 0.000000e+00 0.000000e+00
946653 1.190644e-10 0.000000e+00 0.000000e+00
946972 1.223811e-10 0.000000e+00 0.000000e+00
947587 1.258025e-10 0.000000e+00 0.000000e+00
947666 1.255700e-10 0.000000e+00 0.000000e+00
949093 1.213714e-10 0.000000e+00 0.000000e+00
949137 1.192043e-10 0.000000e+00 0.000000e+00
949564 2.706691e-11 0.000000e+00 0.000000e+00
949706 1.154005e-11 0.000000e+00 0.000000e+00
950139 1.253608e-11 0.000000e+00 0.000000e+00
954305 1.866933e-11 0.000000e+00 0.000000e+00
956660 1.614179e-11 0.000000e+00 0.000000e+00
957036 1.779299e-11 0.000000e+00 0.000000e+00
957641 9.644667e-12 0.000000e+00 0.000000e+00
960045 7.816482e-12 0.000000e+00 0.000000e+00
961848 1.366112e-11 0.000000e+00 0.000000e+00
962042 2.318001e-11 0.000000e+00 0.000000e+00
962667 9.582420e-12 0.000000e+00 0.000000e+00
963418 1.975324e-11 0.000000e+00 0.000000e+00
964336 2.021788e-11 0.000000e+00 0.000000e+00
964435 2.052708e-11 0.000000e+00 0.000000e+00
965475 2.212950e-11 0.000000e+00 0.000000e+00
965816 -1.401485e-11 0.000000e+00 0.000000e+00
969289 -5.197179e-12 0.000000e+00 0.000000e+00
970099 -7.213851e-12 0.000000e+00 0.000000e+00
971288 -1.599702e-11 0.000000e+00 0.000000e+00
971937 -1.473732e-11 0.000000e+00 0.000000e+00
971994 -9.750084e-12 0.000000e+00 0.000000e+00
972048 -5.598813e-12 0.000000e+00 0.000000e+00
973553 1.234252e-11 0.000000e+00 0.000000e+00
974842 1.701965e-11 0.000000e+00 0.000000e+00
976067 1.619490e-11 0.000000e+00 0.000000e+00
976441 1.817447e-11 0.000000e+00 0.000000e+00
976453 1.807322e-11 0.000000e+00 0.000000e+00
977089 3.007010e-11 0.000000e+00 0.000000e+00
979045 3.226688e-11 0.000000e+00 0.000000e+00
979060 3.242023e-11 0.000000e+00 0.000000e+00
979299 7.247371e-11 0.000000e+00 0.000000e+00
979381 7.134064e-11 0.000000e+00 0.000000e+00
979489 9.003445e-11 0.000000e+00 0.000000e+00
980163 9.207171e-11 0.000000e+00 0.000000e+00
981540 8.003188e-11 0.000000e+00 0.000000e+00
982129 8.289740e-11 0.000000e+00 0.000000e+00
984282 8.590583e-11 0.000000e+00 0.000000e+00
985525 7.946590e-11 0.000000e+00 0.000000e+00
985600 7.915406e-11 0.000000e+00 0.000000e+00
986077 7.658296e-11 0.000000e+00 0.000000e+00
986293 7.833565e-11 0.000000e+00 0.000000e+00
986989 8.793852e-11 0.000000e+00 0.000000e+00
988668 8.169833e-11 0.000000e+00 0.000000e+00
990144 9.115338e-11 0.000000e+00 0.000000e+00
990639 8.040358e-11 0.000000e+00 0.000000e+00
992953 8.485928e-11 0.000000e+00 0.000000e+00
993112 8.418442e-11 0.000000e+00 0.000000e+00
994825 8.213928e-11 0.000000e+00 0.000000e+00
995070 7.189054e-11 0.000000e+00 0.000000e+00
995613 7.232433e-11 0.000000e+00 0.000000e+00
995672 7.837867e-11 0.000000e+00 0.000000e+00
996756 7.470549e-11 0.000000e+00 0.000000e+00
997196 8.745974e-11 0.000000e+00 0.000000e+00
