Step X Y Z 
125000 9.922380e-11 0.000000e+00 0.000000e+00
130000 1.112127e-10 0.000000e+00 0.000000e+00
135000 8.818895e-11 0.000000e+00 0.000000e+00
140000 9.107826e-11 0.000000e+00 0.000000e+00
145000 9.781508e-11 0.000000e+00 0.000000e+00
150000 1.023046e-10 0.000000e+00 0.000000e+00
155000 1.041278e-10 0.000000e+00 0.000000e+00
160000 1.071822e-10 0.000000e+00 0.000000e+00
165000 1.161560e-10 0.000000e+00 0.000000e+00
170000 1.222104e-10 0.000000e+00 0.000000e+00
175000 1.234629e-10 0.000000e+00 0.000000e+00
180000 1.335245e-10 0.000000e+00 0.000000e+00
185000 1.368476e-10 0.000000e+00 0.000000e+00
190000 1.097153e-10 0.000000e+00 0.000000e+00
195000 1.083473e-10 0.000000e+00 0.000000e+00
200000 1.149738e-10 0.000000e+00 0.000000e+00
205000 1.128069e-10 0.000000e+00 0.000000e+00
210000 1.009960e-10 0.000000e+00 0.000000e+00
215000 8.077272e-11 0.000000e+00 0.000000e+00
220000 6.581275e-11 0.000000e+00 0.000000e+00
225000 6.220911e-11 0.000000e+00 0.000000e+00
230000 7.270209e-11 0.000000e+00 0.000000e+00
235000 7.786585e-11 0.000000e+00 0.000000e+00
240000 7.525653e-11 0.000000e+00 0.000000e+00
245000 7.940259e-11 0.000000e+00 0.000000e+00
250000 6.891173e-11 0.000000e+00 0.000000e+00
255000 6.417546e-11 0.000000e+00 0.000000e+00
260000 7.632076e-11 0.000000e+00 0.000000e+00
265000 9.444102e-11 0.000000e+00 0.000000e+00
270000 9.290118e-11 0.000000e+00 0.000000e+00
275000 9.635916e-11 0.000000e+00 0.000000e+00
280000 1.053962e-10 0.000000e+00 0.000000e+00
285000 8.247493e-11 0.000000e+00 0.000000e+00
290000 8.715966e-11 0.000000e+00 0.000000e+00
295000 6.747678e-11 0.000000e+00 0.000000e+00
300000 7.396991e-11 0.000000e+00 0.000000e+00
305000 -1.218820e-10 0.000000e+00 0.000000e+00
310000 -1.020636e-10 0.000000e+00 0.000000e+00
315000 -1.122591e-10 0.000000e+00 0.000000e+00
320000 -1.060074e-10 0.000000e+00 0.000000e+00
325000 -1.095542e-10 0.000000e+00 0.000000e+00
330000 -1.077273e-10 0.000000e+00 0.000000e+00
335000 -1.198559e-10 0.000000e+00 0.000000e+00
340000 -1.258629e-10 0.000000e+00 0.000000e+00
345000 -1.299618e-10 0.000000e+00 0.000000e+00
350000 -1.149604e-10 0.000000e+00 0.000000e+00
355000 -7.450524e-11 0.000000e+00 0.000000e+00
360000 -6.189789e-11 0.000000e+00 0.000000e+00
365000 -5.865532e-11 0.000000e+00 0.000000e+00
370000 -8.568585e-11 0.000000e+00 0.000000e+00
375000 -8.320508e-11 0.000000e+00 0.000000e+00
380000 -8.046602e-11 0.000000e+00 0.000000e+00
385000 -6.727247e-11 0.000000e+00 0.000000e+00
390000 -6.484140e-11 0.000000e+00 0.000000e+00
395000 -6.329196e-11 0.000000e+00 0.000000e+00
400000 -7.273857e-11 0.000000e+00 0.000000e+00
405000 -7.141170e-11 0.000000e+00 0.000000e+00
410000 -6.637529e-11 0.000000e+00 0.000000e+00
415000 -5.198139e-11 0.000000e+00 0.000000e+00
420000 6.057893e-11 0.000000e+00 0.000000e+00
425000 -4.834169e-11 0.000000e+00 0.000000e+00
430000 5.501050e-11 0.000000e+00 0.000000e+00
435000 7.145591e-11 0.000000e+00 0.000000e+00
440000 8.451592e-11 0.000000e+00 0.000000e+00
445000 -3.606548e-11 0.000000e+00 0.000000e+00
450000 4.661033e-11 0.000000e+00 0.000000e+00
455000 4.805818e-11 0.000000e+00 0.000000e+00
460000 5.111596e-11 0.000000e+00 0.000000e+00
465000 8.929146e-11 0.000000e+00 0.000000e+00
470000 1.142704e-10 0.000000e+00 0.000000e+00
475000 3.752001e-11 0.000000e+00 0.000000e+00
480000 -3.267115e-11 0.000000e+00 0.000000e+00
485000 -3.478297e-11 0.000000e+00 0.000000e+00
490000 3.255876e-11 0.000000e+00 0.000000e+00
495000 3.525979e-11 0.000000e+00 0.000000e+00
500000 3.644821e-11 0.000000e+00 0.000000e+00
505000 -2.648151e-11 0.000000e+00 0.000000e+00
510000 -2.802846e-11 0.000000e+00 0.000000e+00
515000 2.476261e-11 0.000000e+00 0.000000e+00
520000 4.322470e-12 0.000000e+00 0.000000e+00
525000 1.719604e-12 0.000000e+00 0.000000e+00
530000 1.836586e-11 0.000000e+00 0.000000e+00
535000 2.191875e-11 0.000000e+00 0.000000e+00
540000 1.066590e-11 0.000000e+00 0.000000e+00
545000 1.674235e-11 0.000000e+00 0.000000e+00
550000 2.617653e-11 0.000000e+00 0.000000e+00
555000 3.103096e-11 0.000000e+00 0.000000e+00
560000 -1.325792e-10 0.000000e+00 0.000000e+00
565000 -1.110322e-10 0.000000e+00 0.000000e+00
570000 -9.009209e-11 0.000000e+00 0.000000e+00
575000 -9.313509e-11 0.000000e+00 0.000000e+00
580000 -9.214873e-11 0.000000e+00 0.000000e+00
585000 -8.456875e-11 0.000000e+00 0.000000e+00
590000 -8.733964e-11 0.000000e+00 0.000000e+00
595000 -8.207561e-11 0.000000e+00 0.000000e+00
600000 -7.602918e-11 0.000000e+00 0.000000e+00
605000 -7.866422e-11 0.000000e+00 0.000000e+00
610000 -8.872318e-11 0.000000e+00 0.000000e+00
615000 -1.160377e-10 0.000000e+00 0.000000e+00
620000 -2.038066e-12 0.000000e+00 0.000000e+00
625000 7.243374e-12 0.000000e+00 0.000000e+00
630000 5.340878e-11 0.000000e+00 0.000000e+00
635000 5.211744e-11 0.000000e+00 0.000000e+00
640000 7.029145e-11 0.000000e+00 0.000000e+00
645000 1.347968e-10 0.000000e+00 0.000000e+00
650000 1.187214e-10 0.000000e+00 0.000000e+00
655000 1.210541e-10 0.000000e+00 0.000000e+00
660000 1.200084e-10 0.000000e+00 0.000000e+00
665000 1.176185e-10 0.000000e+00 0.000000e+00
670000 1.288141e-10 0.000000e+00 0.000000e+00
675000 1.259158e-10 0.000000e+00 0.000000e+00
680000 1.302901e-10 0.000000e+00 0.000000e+00
685000 1.315715e-10 0.000000e+00 0.000000e+00
690000 1.247161e-10 0.000000e+00 0.000000e+00
695000 2.018847e-11 0.000000e+00 0.000000e+00
700000 5.708371e-11 0.000000e+00 0.000000e+00
705000 8.637313e-11 0.000000e+00 0.000000e+00
710000 3.039027e-12 0.000000e+00 0.000000e+00
715000 9.204451e-12 0.000000e+00 0.000000e+00
720000 1.452378e-11 0.000000e+00 0.000000e+00
725000 -1.347742e-10 0.000000e+00 0.000000e+00
730000 -9.765714e-11 0.000000e+00 0.000000e+00
735000 -9.531534e-11 0.000000e+00 0.000000e+00
740000 -9.967431e-11 0.000000e+00 0.000000e+00
745000 -1.186179e-10 0.000000e+00 0.000000e+00
750000 -1.280539e-10 0.000000e+00 0.000000e+00
755000 -1.360917e-10 0.000000e+00 0.000000e+00
760000 -1.385127e-10 0.000000e+00 0.000000e+00
765000 -1.307118e-10 0.000000e+00 0.000000e+00
770000 -1.406786e-10 0.000000e+00 0.000000e+00
775000 -1.395243e-10 0.000000e+00 0.000000e+00
780000 -1.422523e-10 0.000000e+00 0.000000e+00
785000 -1.445649e-10 0.000000e+00 0.000000e+00
790000 -1.335816e-10 0.000000e+00 0.000000e+00
795000 -1.373439e-10 0.000000e+00 0.000000e+00
800000 -9.136306e-11 0.000000e+00 0.000000e+00
805000 -7.762691e-11 0.000000e+00 0.000000e+00
810000 -4.166257e-11 0.000000e+00 0.000000e+00
815000 -4.585498e-11 0.000000e+00 0.000000e+00
820000 -4.473848e-11 0.000000e+00 0.000000e+00
825000 -4.400323e-11 0.000000e+00 0.000000e+00
830000 -3.827844e-11 0.000000e+00 0.000000e+00
835000 -3.947561e-11 0.000000e+00 0.000000e+00
840000 -4.279462e-11 0.000000e+00 0.000000e+00
845000 -3.040854e-11 0.000000e+00 0.000000e+00
850000 -3.146342e-11 0.000000e+00 0.000000e+00
855000 -2.394834e-11 0.000000e+00 0.000000e+00
860000 -2.547805e-11 0.000000e+00 0.000000e+00
865000 -5.853103e-12 0.000000e+00 0.000000e+00
870000 -2.097466e-11 0.000000e+00 0.000000e+00
875000 -1.753406e-11 0.000000e+00 0.000000e+00
880000 -1.928075e-11 0.000000e+00 0.000000e+00
885000 -3.746918e-11 0.000000e+00 0.000000e+00
890000 -3.349233e-11 0.000000e+00 0.000000e+00
895000 -1.233881e-11 0.000000e+00 0.000000e+00
900000 -1.125300e-11 0.000000e+00 0.000000e+00
905000 -7.614420e-12 0.000000e+00 0.000000e+00
910000 2.349110e-11 0.000000e+00 0.000000e+00
915000 5.774310e-12 0.000000e+00 0.000000e+00
920000 1.217543e-11 0.000000e+00 0.000000e+00
925000 1.359876e-11 0.000000e+00 0.000000e+00
930000 -4.387258e-12 0.000000e+00 0.000000e+00
935000 -3.679286e-12 0.000000e+00 0.000000e+00
940000 7.115025e-13 0.000000e+00 0.000000e+00
945000 -1.043756e-12 0.000000e+00 0.000000e+00
950000 4.293428e-11 0.000000e+00 0.000000e+00
955000 2.873937e-11 0.000000e+00 0.000000e+00
960000 2.984619e-11 0.000000e+00 0.000000e+00
965000 4.915472e-11 0.000000e+00 0.000000e+00
970000 4.432771e-11 0.000000e+00 0.000000e+00
975000 3.881225e-11 0.000000e+00 0.000000e+00
980000 4.559042e-11 0.000000e+00 0.000000e+00
985000 1.577388e-11 0.000000e+00 0.000000e+00
990000 -8.912712e-11 0.000000e+00 0.000000e+00
995000 -1.231594e-10 0.000000e+00 0.000000e+00
