Step X Y Z 
121000 1.000184e-10 0.000000e+00 0.000000e+00
121733 9.036801e-11 0.000000e+00 0.000000e+00
122808 9.493676e-11 0.000000e+00 0.000000e+00
122958 8.759868e-11 0.000000e+00 0.000000e+00
123795 9.365926e-11 0.000000e+00 0.000000e+00
124163 9.805167e-11 0.000000e+00 0.000000e+00
125685 9.119816e-11 0.000000e+00 0.000000e+00
125798 6.110836e-11 0.000000e+00 0.000000e+00
126947 8.527740e-11 0.000000e+00 0.000000e+00
127741 7.690612e-11 0.000000e+00 0.000000e+00
128466 7.976431e-11 0.000000e+00 0.000000e+00
129408 7.776263e-11 0.000000e+00 0.000000e+00
130110 1.015626e-10 0.000000e+00 0.000000e+00
131242 1.153769e-10 0.000000e+00 0.000000e+00
132272 1.038274e-10 0.000000e+00 0.000000e+00
133723 1.084060e-10 0.000000e+00 0.000000e+00
134807 9.710590e-11 0.000000e+00 0.000000e+00
138039 9.299208e-11 0.000000e+00 0.000000e+00
139130 8.278913e-11 0.000000e+00 0.000000e+00
139410 8.147410e-11 0.000000e+00 0.000000e+00
142729 8.901738e-11 0.000000e+00 0.000000e+00
143228 8.641656e-11 0.000000e+00 0.000000e+00
143874 8.469086e-11 0.000000e+00 0.000000e+00
144070 8.355765e-11 0.000000e+00 0.000000e+00
144406 6.815534e-11 0.000000e+00 0.000000e+00
144686 6.184234e-11 0.000000e+00 0.000000e+00
145144 7.067710e-11 0.000000e+00 0.000000e+00
145256 7.842635e-11 0.000000e+00 0.000000e+00
147309 1.170011e-10 0.000000e+00 0.000000e+00
147564 1.218119e-10 0.000000e+00 0.000000e+00
149399 1.112537e-10 0.000000e+00 0.000000e+00
151853 1.202394e-10 0.000000e+00 0.000000e+00
152064 1.050160e-10 0.000000e+00 0.000000e+00
152244 1.089955e-10 0.000000e+00 0.000000e+00
153266 1.066244e-10 0.000000e+00 0.000000e+00
155400 9.649195e-11 0.000000e+00 0.000000e+00
155525 9.406756e-11 0.000000e+00 0.000000e+00
155766 1.075347e-10 0.000000e+00 0.000000e+00
157109 1.017835e-10 0.000000e+00 0.000000e+00
157387 1.029183e-10 0.000000e+00 0.000000e+00
160794 9.548704e-11 0.000000e+00 0.000000e+00
161898 9.912129e-11 0.000000e+00 0.000000e+00
162667 9.853489e-11 0.000000e+00 0.000000e+00
163643 1.103811e-10 0.000000e+00 0.000000e+00
166175 1.149150e-10 0.000000e+00 0.000000e+00
167023 1.124079e-10 0.000000e+00 0.000000e+00
168676 1.134094e-10 0.000000e+00 0.000000e+00
170088 1.110071e-10 0.000000e+00 0.000000e+00
170814 1.314574e-10 0.000000e+00 0.000000e+00
171351 1.162568e-10 0.000000e+00 0.000000e+00
171549 1.250053e-10 0.000000e+00 0.000000e+00
171748 1.262308e-10 0.000000e+00 0.000000e+00
172101 1.338229e-10 0.000000e+00 0.000000e+00
172979 1.356896e-10 0.000000e+00 0.000000e+00
174623 1.237891e-10 0.000000e+00 0.000000e+00
175760 1.281442e-10 0.000000e+00 0.000000e+00
175943 1.186470e-10 0.000000e+00 0.000000e+00
176004 1.229172e-10 0.000000e+00 0.000000e+00
177447 1.178191e-10 0.000000e+00 0.000000e+00
177720 1.274199e-10 0.000000e+00 0.000000e+00
179425 1.189702e-10 0.000000e+00 0.000000e+00
180280 1.204272e-10 0.000000e+00 0.000000e+00
180536 1.144098e-10 0.000000e+00 0.000000e+00
185477 1.299279e-10 0.000000e+00 0.000000e+00
185613 1.328331e-10 0.000000e+00 0.000000e+00
185724 1.391058e-10 0.000000e+00 0.000000e+00
189136 1.211244e-10 0.000000e+00 0.000000e+00
189987 1.259930e-10 0.000000e+00 0.000000e+00
193848 1.059799e-10 0.000000e+00 0.000000e+00
195881 7.416083e-11 0.000000e+00 0.000000e+00
197912 8.963664e-11 0.000000e+00 0.000000e+00
198190 8.741075e-11 0.000000e+00 0.000000e+00
200391 1.129092e-10 0.000000e+00 0.000000e+00
201633 1.301501e-10 0.000000e+00 0.000000e+00
203018 9.975826e-11 0.000000e+00 0.000000e+00
203871 5.055543e-11 0.000000e+00 0.000000e+00
203877 5.411398e-11 0.000000e+00 0.000000e+00
204406 6.622024e-11 0.000000e+00 0.000000e+00
206379 7.527016e-11 0.000000e+00 0.000000e+00
206841 6.548339e-11 0.000000e+00 0.000000e+00
207832 6.294952e-11 0.000000e+00 0.000000e+00
208320 6.420802e-11 0.000000e+00 0.000000e+00
208516 6.484143e-11 0.000000e+00 0.000000e+00
210174 7.207356e-11 0.000000e+00 0.000000e+00
210201 6.882599e-11 0.000000e+00 0.000000e+00
210216 7.571683e-11 0.000000e+00 0.000000e+00
210761 8.247442e-11 0.000000e+00 0.000000e+00
210888 6.697634e-11 0.000000e+00 0.000000e+00
211384 1.041938e-10 0.000000e+00 0.000000e+00
213074 1.096060e-10 0.000000e+00 0.000000e+00
213267 1.071977e-10 0.000000e+00 0.000000e+00
214523 8.070041e-11 0.000000e+00 0.000000e+00
215699 7.269252e-11 0.000000e+00 0.000000e+00
219415 5.818169e-11 0.000000e+00 0.000000e+00
220269 5.924339e-11 0.000000e+00 0.000000e+00
221389 5.268879e-11 0.000000e+00 0.000000e+00
223940 5.591832e-11 0.000000e+00 0.000000e+00
224040 5.517941e-11 0.000000e+00 0.000000e+00
225448 4.310957e-11 0.000000e+00 0.000000e+00
225658 3.520660e-11 0.000000e+00 0.000000e+00
226244 2.139614e-11 0.000000e+00 0.000000e+00
226488 2.940589e-11 0.000000e+00 0.000000e+00
228367 3.141568e-11 0.000000e+00 0.000000e+00
229544 3.877567e-11 0.000000e+00 0.000000e+00
231223 3.254376e-11 0.000000e+00 0.000000e+00
232803 5.331047e-11 0.000000e+00 0.000000e+00
233729 5.740857e-11 0.000000e+00 0.000000e+00
233864 5.653171e-11 0.000000e+00 0.000000e+00
234213 6.002180e-11 0.000000e+00 0.000000e+00
234845 6.221079e-11 0.000000e+00 0.000000e+00
238090 9.077620e-11 0.000000e+00 0.000000e+00
239358 9.212625e-11 0.000000e+00 0.000000e+00
240904 9.589684e-11 0.000000e+00 0.000000e+00
242101 1.020813e-10 0.000000e+00 0.000000e+00
244179 1.054606e-10 0.000000e+00 0.000000e+00
245891 1.027497e-10 0.000000e+00 0.000000e+00
246382 1.076938e-10 0.000000e+00 0.000000e+00
246828 1.289341e-10 0.000000e+00 0.000000e+00
249292 1.254162e-10 0.000000e+00 0.000000e+00
250363 1.237569e-10 0.000000e+00 0.000000e+00
250498 1.223612e-10 0.000000e+00 0.000000e+00
251054 1.244929e-10 0.000000e+00 0.000000e+00
251200 1.273899e-10 0.000000e+00 0.000000e+00
251762 6.948623e-11 0.000000e+00 0.000000e+00
252109 7.013392e-11 0.000000e+00 0.000000e+00
252679 8.878105e-11 0.000000e+00 0.000000e+00
254561 7.928758e-11 0.000000e+00 0.000000e+00
256412 7.213836e-11 0.000000e+00 0.000000e+00
258785 6.365016e-11 0.000000e+00 0.000000e+00
259596 6.732550e-11 0.000000e+00 0.000000e+00
262029 6.913249e-11 0.000000e+00 0.000000e+00
263217 4.648815e-11 0.000000e+00 0.000000e+00
263348 4.769505e-11 0.000000e+00 0.000000e+00
263522 4.884093e-11 0.000000e+00 0.000000e+00
266330 5.168514e-11 0.000000e+00 0.000000e+00
266568 4.034321e-11 0.000000e+00 0.000000e+00
269603 4.155613e-11 0.000000e+00 0.000000e+00
270229 4.934006e-11 0.000000e+00 0.000000e+00
270336 3.439170e-11 0.000000e+00 0.000000e+00
270371 3.216845e-11 0.000000e+00 0.000000e+00
272673 5.804236e-11 0.000000e+00 0.000000e+00
273377 6.550869e-11 0.000000e+00 0.000000e+00
274097 4.477543e-11 0.000000e+00 0.000000e+00
275771 3.650180e-11 0.000000e+00 0.000000e+00
276044 3.757237e-11 0.000000e+00 0.000000e+00
276501 4.242129e-11 0.000000e+00 0.000000e+00
280924 4.368552e-11 0.000000e+00 0.000000e+00
282132 5.441306e-11 0.000000e+00 0.000000e+00
284089 6.035265e-11 0.000000e+00 0.000000e+00
288567 5.010367e-11 0.000000e+00 0.000000e+00
288617 5.972204e-11 0.000000e+00 0.000000e+00
291172 1.009458e-10 0.000000e+00 0.000000e+00
292753 9.748444e-11 0.000000e+00 0.000000e+00
294880 9.204700e-11 0.000000e+00 0.000000e+00
297324 8.376512e-11 0.000000e+00 0.000000e+00
298487 8.583088e-11 0.000000e+00 0.000000e+00
300053 7.344845e-11 0.000000e+00 0.000000e+00
302076 9.005751e-11 0.000000e+00 0.000000e+00
302385 7.624701e-11 0.000000e+00 0.000000e+00
303298 8.041461e-11 0.000000e+00 0.000000e+00
306265 7.442009e-11 0.000000e+00 0.000000e+00
306383 8.446877e-11 0.000000e+00 0.000000e+00
307899 7.871361e-11 0.000000e+00 0.000000e+00
309291 6.797641e-11 0.000000e+00 0.000000e+00
310995 7.073657e-11 0.000000e+00 0.000000e+00
314191 7.654466e-11 0.000000e+00 0.000000e+00
314207 8.439152e-11 0.000000e+00 0.000000e+00
314901 1.043429e-10 0.000000e+00 0.000000e+00
314925 1.001280e-10 0.000000e+00 0.000000e+00
315440 8.822212e-11 0.000000e+00 0.000000e+00
316027 8.628222e-11 0.000000e+00 0.000000e+00
316269 9.310084e-11 0.000000e+00 0.000000e+00
317063 9.126177e-11 0.000000e+00 0.000000e+00
317854 8.693867e-11 0.000000e+00 0.000000e+00
318297 8.799854e-11 0.000000e+00 0.000000e+00
318531 1.034795e-10 0.000000e+00 0.000000e+00
320821 1.011978e-10 0.000000e+00 0.000000e+00
321422 9.890493e-11 0.000000e+00 0.000000e+00
321509 9.663485e-11 0.000000e+00 0.000000e+00
322670 1.010334e-10 0.000000e+00 0.000000e+00
322965 9.471481e-11 0.000000e+00 0.000000e+00
323405 8.936587e-11 0.000000e+00 0.000000e+00
323611 7.173257e-11 0.000000e+00 0.000000e+00
323775 6.944100e-11 0.000000e+00 0.000000e+00
324095 9.181823e-11 0.000000e+00 0.000000e+00
324394 9.429128e-11 0.000000e+00 0.000000e+00
325128 9.768689e-11 0.000000e+00 0.000000e+00
327445 9.613510e-11 0.000000e+00 0.000000e+00
328213 1.003409e-10 0.000000e+00 0.000000e+00
330607 9.294292e-11 0.000000e+00 0.000000e+00
331574 8.217391e-11 0.000000e+00 0.000000e+00
333422 7.937541e-11 0.000000e+00 0.000000e+00
333554 8.110264e-11 0.000000e+00 0.000000e+00
335161 8.189753e-11 0.000000e+00 0.000000e+00
335279 7.379523e-11 0.000000e+00 0.000000e+00
336259 7.749856e-11 0.000000e+00 0.000000e+00
338839 8.002347e-11 0.000000e+00 0.000000e+00
339867 7.121345e-11 0.000000e+00 0.000000e+00
339969 7.020986e-11 0.000000e+00 0.000000e+00
341796 3.685923e-11 0.000000e+00 0.000000e+00
341820 3.580033e-11 0.000000e+00 0.000000e+00
344051 -9.783024e-11 0.000000e+00 0.000000e+00
344673 -9.128916e-11 0.000000e+00 0.000000e+00
344732 -8.528717e-11 0.000000e+00 0.000000e+00
346029 -8.281001e-11 0.000000e+00 0.000000e+00
346426 -4.823553e-11 0.000000e+00 0.000000e+00
347804 -4.162958e-11 0.000000e+00 0.000000e+00
349881 -3.873926e-11 0.000000e+00 0.000000e+00
350545 -3.450282e-11 0.000000e+00 0.000000e+00
351810 -2.275218e-11 0.000000e+00 0.000000e+00
353050 -2.074452e-11 0.000000e+00 0.000000e+00
353547 3.728588e-12 0.000000e+00 0.000000e+00
354594 2.384097e-11 0.000000e+00 0.000000e+00
354679 3.008664e-11 0.000000e+00 0.000000e+00
355763 1.620548e-11 0.000000e+00 0.000000e+00
356839 1.875384e-11 0.000000e+00 0.000000e+00
357704 1.790999e-11 0.000000e+00 0.000000e+00
359510 -1.513552e-11 0.000000e+00 0.000000e+00
361849 -2.705342e-12 0.000000e+00 0.000000e+00
363034 5.879293e-13 0.000000e+00 0.000000e+00
364524 5.110418e-12 0.000000e+00 0.000000e+00
364912 7.402795e-12 0.000000e+00 0.000000e+00
369364 1.295488e-11 0.000000e+00 0.000000e+00
370928 1.472611e-11 0.000000e+00 0.000000e+00
371172 9.260406e-12 0.000000e+00 0.000000e+00
371342 8.397142e-12 0.000000e+00 0.000000e+00
371589 2.203849e-12 0.000000e+00 0.000000e+00
374957 -3.327807e-11 0.000000e+00 0.000000e+00
375024 -2.660534e-11 0.000000e+00 0.000000e+00
376065 -8.021639e-11 0.000000e+00 0.000000e+00
377275 -9.033150e-11 0.000000e+00 0.000000e+00
378742 -8.145773e-11 0.000000e+00 0.000000e+00
378800 -8.919520e-11 0.000000e+00 0.000000e+00
379061 -1.139458e-10 0.000000e+00 0.000000e+00
380553 -1.167961e-10 0.000000e+00 0.000000e+00
380658 -1.082905e-10 0.000000e+00 0.000000e+00
380731 -1.004812e-10 0.000000e+00 0.000000e+00
381484 -1.097269e-10 0.000000e+00 0.000000e+00
382262 -1.050797e-10 0.000000e+00 0.000000e+00
382449 -1.073298e-10 0.000000e+00 0.000000e+00
382611 -8.778274e-11 0.000000e+00 0.000000e+00
383714 -7.540675e-11 0.000000e+00 0.000000e+00
384111 -7.850506e-11 0.000000e+00 0.000000e+00
385179 -7.813959e-11 0.000000e+00 0.000000e+00
385531 -7.127637e-11 0.000000e+00 0.000000e+00
387803 -6.875802e-11 0.000000e+00 0.000000e+00
387906 -6.378714e-11 0.000000e+00 0.000000e+00
387964 -7.431859e-11 0.000000e+00 0.000000e+00
388061 -7.692524e-11 0.000000e+00 0.000000e+00
388337 -7.025075e-11 0.000000e+00 0.000000e+00
388614 -7.605421e-11 0.000000e+00 0.000000e+00
389418 -7.750789e-11 0.000000e+00 0.000000e+00
389803 -7.287682e-11 0.000000e+00 0.000000e+00
390061 -6.730687e-11 0.000000e+00 0.000000e+00
391702 -5.504782e-11 0.000000e+00 0.000000e+00
395963 -6.468139e-11 0.000000e+00 0.000000e+00
399606 -7.340252e-11 0.000000e+00 0.000000e+00
399915 -5.370922e-11 0.000000e+00 0.000000e+00
400059 -6.136036e-11 0.000000e+00 0.000000e+00
402885 -5.997180e-11 0.000000e+00 0.000000e+00
403104 -5.821959e-11 0.000000e+00 0.000000e+00
405579 -5.712178e-11 0.000000e+00 0.000000e+00
405926 -5.598272e-11 0.000000e+00 0.000000e+00
406541 -6.616351e-11 0.000000e+00 0.000000e+00
407470 -1.157001e-10 0.000000e+00 0.000000e+00
407746 -1.123702e-10 0.000000e+00 0.000000e+00
408032 -1.148091e-10 0.000000e+00 0.000000e+00
408684 -8.377748e-11 0.000000e+00 0.000000e+00
409574 -9.962390e-11 0.000000e+00 0.000000e+00
411038 -9.322940e-11 0.000000e+00 0.000000e+00
411049 -9.770147e-11 0.000000e+00 0.000000e+00
411695 -1.109520e-10 0.000000e+00 0.000000e+00
412733 -1.033977e-10 0.000000e+00 0.000000e+00
413754 -1.022637e-10 0.000000e+00 0.000000e+00
415112 -1.058923e-10 0.000000e+00 0.000000e+00
416827 -1.192810e-10 0.000000e+00 0.000000e+00
417528 -1.208071e-10 0.000000e+00 0.000000e+00
417732 -1.178584e-10 0.000000e+00 0.000000e+00
418155 -1.232640e-10 0.000000e+00 0.000000e+00
419513 -1.255802e-10 0.000000e+00 0.000000e+00
419569 -1.238561e-10 0.000000e+00 0.000000e+00
420103 -1.275930e-10 0.000000e+00 0.000000e+00
420960 -1.312058e-10 0.000000e+00 0.000000e+00
422050 -1.253515e-10 0.000000e+00 0.000000e+00
422388 -1.069043e-10 0.000000e+00 0.000000e+00
422390 -1.061391e-10 0.000000e+00 0.000000e+00
422795 -6.794374e-11 0.000000e+00 0.000000e+00
426384 -7.206103e-11 0.000000e+00 0.000000e+00
426848 -7.365223e-11 0.000000e+00 0.000000e+00
427939 -9.504165e-11 0.000000e+00 0.000000e+00
428950 -9.641691e-11 0.000000e+00 0.000000e+00
429593 -9.419075e-11 0.000000e+00 0.000000e+00
430959 -8.869611e-11 0.000000e+00 0.000000e+00
431011 -1.214443e-10 0.000000e+00 0.000000e+00
432470 -1.116203e-10 0.000000e+00 0.000000e+00
433090 -1.089781e-10 0.000000e+00 0.000000e+00
435452 -1.202171e-10 0.000000e+00 0.000000e+00
435507 -1.078757e-10 0.000000e+00 0.000000e+00
438704 -1.134225e-10 0.000000e+00 0.000000e+00
438836 -1.163023e-10 0.000000e+00 0.000000e+00
440449 -9.209036e-11 0.000000e+00 0.000000e+00
440732 -8.479987e-11 0.000000e+00 0.000000e+00
442086 -8.093812e-11 0.000000e+00 0.000000e+00
443266 -9.931362e-11 0.000000e+00 0.000000e+00
445323 -9.403764e-11 0.000000e+00 0.000000e+00
445891 -8.666404e-11 0.000000e+00 0.000000e+00
452173 -7.909320e-11 0.000000e+00 0.000000e+00
452492 -8.515222e-11 0.000000e+00 0.000000e+00
452763 -1.019152e-10 0.000000e+00 0.000000e+00
452889 -1.046387e-10 0.000000e+00 0.000000e+00
454022 -1.010122e-10 0.000000e+00 0.000000e+00
454448 -9.727651e-11 0.000000e+00 0.000000e+00
456825 -9.290118e-11 0.000000e+00 0.000000e+00
460037 -9.537001e-11 0.000000e+00 0.000000e+00
460622 -9.202830e-11 0.000000e+00 0.000000e+00
460956 -8.722221e-11 0.000000e+00 0.000000e+00
461458 -8.990237e-11 0.000000e+00 0.000000e+00
463148 -8.996303e-11 0.000000e+00 0.000000e+00
463157 -8.532787e-11 0.000000e+00 0.000000e+00
463667 -8.864492e-11 0.000000e+00 0.000000e+00
464885 -1.018184e-10 0.000000e+00 0.000000e+00
466512 -1.220043e-10 0.000000e+00 0.000000e+00
468967 -1.108105e-10 0.000000e+00 0.000000e+00
473463 -1.099394e-10 0.000000e+00 0.000000e+00
474099 -1.038252e-10 0.000000e+00 0.000000e+00
475294 -1.290812e-10 0.000000e+00 0.000000e+00
476525 -1.300848e-10 0.000000e+00 0.000000e+00
477000 -1.182619e-10 0.000000e+00 0.000000e+00
477957 -1.156553e-10 0.000000e+00 0.000000e+00
478131 -1.142419e-10 0.000000e+00 0.000000e+00
479947 -1.041090e-10 0.000000e+00 0.000000e+00
480138 -9.090447e-11 0.000000e+00 0.000000e+00
480481 -9.651329e-11 0.000000e+00 0.000000e+00
484098 -1.173590e-10 0.000000e+00 0.000000e+00
485347 -1.225341e-10 0.000000e+00 0.000000e+00
488395 -1.190240e-10 0.000000e+00 0.000000e+00
489392 -1.329807e-10 0.000000e+00 0.000000e+00
489948 -1.319136e-10 0.000000e+00 0.000000e+00
491085 -1.349250e-10 0.000000e+00 0.000000e+00
491415 -1.366728e-10 0.000000e+00 0.000000e+00
491704 -1.391380e-10 0.000000e+00 0.000000e+00
493466 -1.332797e-10 0.000000e+00 0.000000e+00
494744 -9.611271e-11 0.000000e+00 0.000000e+00
495172 -9.852985e-11 0.000000e+00 0.000000e+00
497730 -1.003499e-10 0.000000e+00 0.000000e+00
498670 -9.871203e-11 0.000000e+00 0.000000e+00
499455 -1.029632e-10 0.000000e+00 0.000000e+00
499597 -1.026062e-10 0.000000e+00 0.000000e+00
499672 -1.063793e-10 0.000000e+00 0.000000e+00
501414 -1.127253e-10 0.000000e+00 0.000000e+00
501603 -1.201001e-10 0.000000e+00 0.000000e+00
505367 -1.267002e-10 0.000000e+00 0.000000e+00
507370 -1.249337e-10 0.000000e+00 0.000000e+00
507617 -1.241472e-10 0.000000e+00 0.000000e+00
507872 -1.200052e-10 0.000000e+00 0.000000e+00
508076 -1.280384e-10 0.000000e+00 0.000000e+00
511150 -1.401818e-10 0.000000e+00 0.000000e+00
512328 -1.085728e-10 0.000000e+00 0.000000e+00
513661 -1.099117e-10 0.000000e+00 0.000000e+00
514438 -1.173158e-10 0.000000e+00 0.000000e+00
515039 -1.051518e-10 0.000000e+00 0.000000e+00
515443 -1.075977e-10 0.000000e+00 0.000000e+00
517904 -1.148524e-10 0.000000e+00 0.000000e+00
518650 -1.036370e-10 0.000000e+00 0.000000e+00
520614 -1.131702e-10 0.000000e+00 0.000000e+00
520970 -1.169138e-10 0.000000e+00 0.000000e+00
521609 -4.589760e-11 0.000000e+00 0.000000e+00
522560 -6.052564e-11 0.000000e+00 0.000000e+00
522643 -5.301093e-11 0.000000e+00 0.000000e+00
527460 -3.611617e-11 0.000000e+00 0.000000e+00
527952 -3.731483e-11 0.000000e+00 0.000000e+00
528710 -4.006160e-11 0.000000e+00 0.000000e+00
532621 -4.237078e-11 0.000000e+00 0.000000e+00
533624 -4.376123e-11 0.000000e+00 0.000000e+00
533811 -5.118220e-11 0.000000e+00 0.000000e+00
534009 -4.961133e-11 0.000000e+00 0.000000e+00
534203 -5.212914e-11 0.000000e+00 0.000000e+00
534359 -4.709344e-11 0.000000e+00 0.000000e+00
534681 -4.422706e-11 0.000000e+00 0.000000e+00
535933 -5.950787e-11 0.000000e+00 0.000000e+00
536468 -5.596045e-11 0.000000e+00 0.000000e+00
537223 -5.220730e-11 0.000000e+00 0.000000e+00
537786 -5.039271e-11 0.000000e+00 0.000000e+00
537973 -4.881330e-11 0.000000e+00 0.000000e+00
538893 -4.526866e-11 0.000000e+00 0.000000e+00
542285 -3.123136e-11 0.000000e+00 0.000000e+00
542721 -2.389977e-11 0.000000e+00 0.000000e+00
546109 -3.858519e-11 0.000000e+00 0.000000e+00
547018 -1.688989e-11 0.000000e+00 0.000000e+00
547169 -3.071106e-11 0.000000e+00 0.000000e+00
551377 -2.743576e-11 0.000000e+00 0.000000e+00
553032 -1.823809e-11 0.000000e+00 0.000000e+00
556019 -1.975714e-11 0.000000e+00 0.000000e+00
556952 -1.116729e-11 0.000000e+00 0.000000e+00
557020 -1.346214e-11 0.000000e+00 0.000000e+00
559186 -5.632970e-12 0.000000e+00 0.000000e+00
566797 -2.439083e-11 0.000000e+00 0.000000e+00
566966 -3.544894e-11 0.000000e+00 0.000000e+00
567170 -3.186158e-11 0.000000e+00 0.000000e+00
571467 -3.378601e-11 0.000000e+00 0.000000e+00
571486 -4.387549e-11 0.000000e+00 0.000000e+00
572913 -6.886515e-11 0.000000e+00 0.000000e+00
575045 -7.098602e-11 0.000000e+00 0.000000e+00
575628 -7.570525e-11 0.000000e+00 0.000000e+00
576650 -5.904543e-11 0.000000e+00 0.000000e+00
577806 -6.284158e-11 0.000000e+00 0.000000e+00
580600 -6.517986e-11 0.000000e+00 0.000000e+00
581751 -6.642258e-11 0.000000e+00 0.000000e+00
581814 -8.096018e-11 0.000000e+00 0.000000e+00
583182 -8.650493e-11 0.000000e+00 0.000000e+00
583721 -8.778366e-11 0.000000e+00 0.000000e+00
584133 -8.617057e-11 0.000000e+00 0.000000e+00
584389 -9.972232e-11 0.000000e+00 0.000000e+00
584498 -1.124899e-10 0.000000e+00 0.000000e+00
585441 -1.143767e-10 0.000000e+00 0.000000e+00
586948 -9.285214e-11 0.000000e+00 0.000000e+00
590282 -9.401723e-11 0.000000e+00 0.000000e+00
591575 -9.094914e-11 0.000000e+00 0.000000e+00
591835 -8.624140e-11 0.000000e+00 0.000000e+00
592622 -1.773614e-12 0.000000e+00 0.000000e+00
592693 -1.046774e-11 0.000000e+00 0.000000e+00
594540 -7.836540e-12 0.000000e+00 0.000000e+00
594934 -8.494658e-12 0.000000e+00 0.000000e+00
595587 -1.480428e-11 0.000000e+00 0.000000e+00
596503 -4.073931e-11 0.000000e+00 0.000000e+00
598515 -2.954260e-11 0.000000e+00 0.000000e+00
599642 -2.873570e-11 0.000000e+00 0.000000e+00
600167 -2.820607e-11 0.000000e+00 0.000000e+00
600894 -2.550820e-11 0.000000e+00 0.000000e+00
601672 -2.525288e-11 0.000000e+00 0.000000e+00
603651 -1.932868e-11 0.000000e+00 0.000000e+00
604515 -1.609419e-11 0.000000e+00 0.000000e+00
604601 -2.096238e-11 0.000000e+00 0.000000e+00
605047 -2.218060e-11 0.000000e+00 0.000000e+00
605665 -3.227506e-11 0.000000e+00 0.000000e+00
606222 -3.685891e-11 0.000000e+00 0.000000e+00
606812 -4.181455e-11 0.000000e+00 0.000000e+00
606861 -3.741935e-11 0.000000e+00 0.000000e+00
611103 -3.517125e-11 0.000000e+00 0.000000e+00
613694 -9.452384e-12 0.000000e+00 0.000000e+00
616245 -1.211682e-12 0.000000e+00 0.000000e+00
616264 8.024905e-12 0.000000e+00 0.000000e+00
617114 1.149887e-11 0.000000e+00 0.000000e+00
623751 2.037961e-11 0.000000e+00 0.000000e+00
623824 2.709480e-11 0.000000e+00 0.000000e+00
624603 2.810283e-11 0.000000e+00 0.000000e+00
625116 1.374091e-11 0.000000e+00 0.000000e+00
627178 2.574682e-11 0.000000e+00 0.000000e+00
628013 2.228903e-11 0.000000e+00 0.000000e+00
628628 1.612394e-11 0.000000e+00 0.000000e+00
629879 9.772068e-12 0.000000e+00 0.000000e+00
630644 1.081310e-11 0.000000e+00 0.000000e+00
634013 2.038355e-11 0.000000e+00 0.000000e+00
635046 2.877513e-11 0.000000e+00 0.000000e+00
635439 3.875078e-11 0.000000e+00 0.000000e+00
636130 4.630247e-11 0.000000e+00 0.000000e+00
636140 4.898633e-11 0.000000e+00 0.000000e+00
637402 4.009662e-11 0.000000e+00 0.000000e+00
638920 4.526008e-11 0.000000e+00 0.000000e+00
639284 4.362899e-11 0.000000e+00 0.000000e+00
640005 4.708465e-11 0.000000e+00 0.000000e+00
640501 4.797325e-11 0.000000e+00 0.000000e+00
640666 4.551038e-11 0.000000e+00 0.000000e+00
641906 2.343446e-11 0.000000e+00 0.000000e+00
644217 2.478401e-11 0.000000e+00 0.000000e+00
646738 2.662306e-11 0.000000e+00 0.000000e+00
647138 3.343660e-11 0.000000e+00 0.000000e+00
648577 3.066396e-11 0.000000e+00 0.000000e+00
652211 2.719742e-11 0.000000e+00 0.000000e+00
653136 3.338351e-11 0.000000e+00 0.000000e+00
653291 3.762836e-11 0.000000e+00 0.000000e+00
653817 4.105531e-11 0.000000e+00 0.000000e+00
655282 4.209021e-11 0.000000e+00 0.000000e+00
656352 3.952179e-11 0.000000e+00 0.000000e+00
660743 5.713020e-11 0.000000e+00 0.000000e+00
661327 5.179229e-11 0.000000e+00 0.000000e+00
661467 6.366431e-11 0.000000e+00 0.000000e+00
661570 6.696453e-11 0.000000e+00 0.000000e+00
661610 3.901773e-11 0.000000e+00 0.000000e+00
662022 1.522746e-11 0.000000e+00 0.000000e+00
662437 9.825807e-12 0.000000e+00 0.000000e+00
662703 1.714569e-11 0.000000e+00 0.000000e+00
668171 2.467872e-11 0.000000e+00 0.000000e+00
668259 2.158908e-11 0.000000e+00 0.000000e+00
670547 3.435136e-11 0.000000e+00 0.000000e+00
672383 3.542539e-11 0.000000e+00 0.000000e+00
673115 3.198097e-11 0.000000e+00 0.000000e+00
673763 3.063325e-11 0.000000e+00 0.000000e+00
673787 3.110328e-11 0.000000e+00 0.000000e+00
674148 6.616765e-11 0.000000e+00 0.000000e+00
674260 5.381552e-11 0.000000e+00 0.000000e+00
675715 5.548699e-11 0.000000e+00 0.000000e+00
678824 6.120869e-11 0.000000e+00 0.000000e+00
679367 6.262803e-11 0.000000e+00 0.000000e+00
680988 5.894011e-11 0.000000e+00 0.000000e+00
680989 5.860997e-11 0.000000e+00 0.000000e+00
681702 5.100645e-11 0.000000e+00 0.000000e+00
683043 6.466708e-11 0.000000e+00 0.000000e+00
683409 6.337441e-11 0.000000e+00 0.000000e+00
688148 8.947698e-11 0.000000e+00 0.000000e+00
688600 7.829298e-11 0.000000e+00 0.000000e+00
688744 7.495046e-11 0.000000e+00 0.000000e+00
690771 7.273594e-11 0.000000e+00 0.000000e+00
692855 8.596112e-11 0.000000e+00 0.000000e+00
692968 7.644732e-11 0.000000e+00 0.000000e+00
695685 7.494917e-11 0.000000e+00 0.000000e+00
696013 7.775405e-11 0.000000e+00 0.000000e+00
696806 6.058076e-11 0.000000e+00 0.000000e+00
697149 6.106797e-11 0.000000e+00 0.000000e+00
697759 4.440737e-11 0.000000e+00 0.000000e+00
698033 5.269120e-11 0.000000e+00 0.000000e+00
699538 4.671169e-11 0.000000e+00 0.000000e+00
699580 4.758433e-11 0.000000e+00 0.000000e+00
701353 5.188719e-11 0.000000e+00 0.000000e+00
701883 5.666616e-11 0.000000e+00 0.000000e+00
701925 5.328986e-11 0.000000e+00 0.000000e+00
702561 4.412255e-11 0.000000e+00 0.000000e+00
703211 6.544323e-11 0.000000e+00 0.000000e+00
704251 4.985706e-11 0.000000e+00 0.000000e+00
704253 4.964589e-11 0.000000e+00 0.000000e+00
704378 5.544859e-11 0.000000e+00 0.000000e+00
705246 5.453418e-11 0.000000e+00 0.000000e+00
705466 5.723705e-11 0.000000e+00 0.000000e+00
705725 5.798005e-11 0.000000e+00 0.000000e+00
706435 8.720009e-11 0.000000e+00 0.000000e+00
706710 8.331638e-11 0.000000e+00 0.000000e+00
708436 8.123178e-11 0.000000e+00 0.000000e+00
709514 7.358048e-11 0.000000e+00 0.000000e+00
710327 8.866123e-11 0.000000e+00 0.000000e+00
712806 8.285376e-11 0.000000e+00 0.000000e+00
713170 8.517671e-11 0.000000e+00 0.000000e+00
716785 8.057959e-11 0.000000e+00 0.000000e+00
718475 7.124269e-11 0.000000e+00 0.000000e+00
718599 7.571664e-11 0.000000e+00 0.000000e+00
718952 7.695523e-11 0.000000e+00 0.000000e+00
719997 7.901348e-11 0.000000e+00 0.000000e+00
720766 8.505871e-11 0.000000e+00 0.000000e+00
721541 8.424892e-11 0.000000e+00 0.000000e+00
723283 1.363771e-10 0.000000e+00 0.000000e+00
724848 1.375542e-10 0.000000e+00 0.000000e+00
727640 1.409585e-10 0.000000e+00 0.000000e+00
728338 1.323602e-10 0.000000e+00 0.000000e+00
730082 1.344287e-10 0.000000e+00 0.000000e+00
730186 1.399426e-10 0.000000e+00 0.000000e+00
730207 1.404138e-10 0.000000e+00 0.000000e+00
732150 1.422399e-10 0.000000e+00 0.000000e+00
733159 1.415037e-10 0.000000e+00 0.000000e+00
733836 1.430533e-10 0.000000e+00 0.000000e+00
735942 1.447035e-10 0.000000e+00 0.000000e+00
738445 1.476500e-10 0.000000e+00 0.000000e+00
738550 1.493809e-10 0.000000e+00 0.000000e+00
739202 1.456249e-10 0.000000e+00 0.000000e+00
739430 1.467253e-10 0.000000e+00 0.000000e+00
740079 1.435359e-10 0.000000e+00 0.000000e+00
741418 1.506714e-10 0.000000e+00 0.000000e+00
741543 1.534041e-10 0.000000e+00 0.000000e+00
741598 1.421515e-10 0.000000e+00 0.000000e+00
743959 1.487229e-10 0.000000e+00 0.000000e+00
744129 1.452746e-10 0.000000e+00 0.000000e+00
744382 1.374376e-10 0.000000e+00 0.000000e+00
744409 1.258075e-10 0.000000e+00 0.000000e+00
744669 1.347900e-10 0.000000e+00 0.000000e+00
746187 1.354644e-10 0.000000e+00 0.000000e+00
746605 1.378211e-10 0.000000e+00 0.000000e+00
746679 1.382768e-10 0.000000e+00 0.000000e+00
747741 1.511279e-10 0.000000e+00 0.000000e+00
748227 1.459560e-10 0.000000e+00 0.000000e+00
748437 1.518622e-10 0.000000e+00 0.000000e+00
748723 1.525883e-10 0.000000e+00 0.000000e+00
749530 1.540935e-10 0.000000e+00 0.000000e+00
750223 1.553127e-10 0.000000e+00 0.000000e+00
750245 1.577927e-10 0.000000e+00 0.000000e+00
750973 1.137868e-10 0.000000e+00 0.000000e+00
752107 1.174663e-10 0.000000e+00 0.000000e+00
752133 1.141949e-10 0.000000e+00 0.000000e+00
753693 1.108811e-10 0.000000e+00 0.000000e+00
755347 1.060545e-10 0.000000e+00 0.000000e+00
755629 1.082937e-10 0.000000e+00 0.000000e+00
757108 1.194036e-10 0.000000e+00 0.000000e+00
757763 1.219371e-10 0.000000e+00 0.000000e+00
759470 1.166718e-10 0.000000e+00 0.000000e+00
760280 1.157234e-10 0.000000e+00 0.000000e+00
761451 1.198144e-10 0.000000e+00 0.000000e+00
761585 1.281478e-10 0.000000e+00 0.000000e+00
763107 1.362036e-10 0.000000e+00 0.000000e+00
765218 1.309533e-10 0.000000e+00 0.000000e+00
765291 1.291183e-10 0.000000e+00 0.000000e+00
766259 1.322642e-10 0.000000e+00 0.000000e+00
766529 1.313037e-10 0.000000e+00 0.000000e+00
767181 1.304850e-10 0.000000e+00 0.000000e+00
767582 1.179261e-10 0.000000e+00 0.000000e+00
767584 1.183173e-10 0.000000e+00 0.000000e+00
768895 1.225182e-10 0.000000e+00 0.000000e+00
770201 1.244631e-10 0.000000e+00 0.000000e+00
771224 1.234591e-10 0.000000e+00 0.000000e+00
771420 1.209821e-10 0.000000e+00 0.000000e+00
772103 1.117728e-10 0.000000e+00 0.000000e+00
772637 1.126067e-10 0.000000e+00 0.000000e+00
773251 1.153503e-10 0.000000e+00 0.000000e+00
774815 1.045526e-10 0.000000e+00 0.000000e+00
775083 1.090039e-10 0.000000e+00 0.000000e+00
775825 1.062556e-10 0.000000e+00 0.000000e+00
775952 1.021917e-10 0.000000e+00 0.000000e+00
776251 1.164146e-10 0.000000e+00 0.000000e+00
776654 1.087214e-10 0.000000e+00 0.000000e+00
776732 1.034153e-10 0.000000e+00 0.000000e+00
777595 1.023908e-10 0.000000e+00 0.000000e+00
779792 1.066338e-10 0.000000e+00 0.000000e+00
780358 1.335402e-10 0.000000e+00 0.000000e+00
781506 1.099850e-10 0.000000e+00 0.000000e+00
781965 1.144236e-10 0.000000e+00 0.000000e+00
783015 1.117516e-10 0.000000e+00 0.000000e+00
784261 1.131966e-10 0.000000e+00 0.000000e+00
785417 1.340775e-10 0.000000e+00 0.000000e+00
787203 1.191801e-10 0.000000e+00 0.000000e+00
787404 1.267220e-10 0.000000e+00 0.000000e+00
788079 1.293281e-10 0.000000e+00 0.000000e+00
788278 1.243585e-10 0.000000e+00 0.000000e+00
790264 1.439528e-10 0.000000e+00 0.000000e+00
791473 1.077997e-10 0.000000e+00 0.000000e+00
791977 1.171100e-10 0.000000e+00 0.000000e+00
792066 1.411241e-10 0.000000e+00 0.000000e+00
793020 1.269126e-10 0.000000e+00 0.000000e+00
794423 1.320867e-10 0.000000e+00 0.000000e+00
796377 1.394788e-10 0.000000e+00 0.000000e+00
796471 1.391625e-10 0.000000e+00 0.000000e+00
796586 1.332645e-10 0.000000e+00 0.000000e+00
797764 1.053713e-10 0.000000e+00 0.000000e+00
799123 1.158738e-10 0.000000e+00 0.000000e+00
799826 1.108856e-10 0.000000e+00 0.000000e+00
800414 9.054240e-11 0.000000e+00 0.000000e+00
800697 9.835256e-11 0.000000e+00 0.000000e+00
800720 9.233977e-11 0.000000e+00 0.000000e+00
800752 9.545930e-11 0.000000e+00 0.000000e+00
800798 6.570570e-11 0.000000e+00 0.000000e+00
800996 3.515818e-11 0.000000e+00 0.000000e+00
801670 3.780718e-11 0.000000e+00 0.000000e+00
801959 4.089923e-11 0.000000e+00 0.000000e+00
802428 4.179751e-11 0.000000e+00 0.000000e+00
803118 4.805596e-11 0.000000e+00 0.000000e+00
803233 5.495422e-11 0.000000e+00 0.000000e+00
803737 6.231200e-11 0.000000e+00 0.000000e+00
805444 6.026022e-11 0.000000e+00 0.000000e+00
806832 1.219431e-11 0.000000e+00 0.000000e+00
807955 1.337977e-11 0.000000e+00 0.000000e+00
808315 1.423481e-11 0.000000e+00 0.000000e+00
808656 2.266804e-11 0.000000e+00 0.000000e+00
809215 2.586769e-11 0.000000e+00 0.000000e+00
810814 -3.188856e-12 0.000000e+00 0.000000e+00
811217 -3.286996e-11 0.000000e+00 0.000000e+00
812556 -3.002634e-11 0.000000e+00 0.000000e+00
812964 -2.704926e-11 0.000000e+00 0.000000e+00
814449 -4.724447e-11 0.000000e+00 0.000000e+00
814647 -4.925531e-11 0.000000e+00 0.000000e+00
816668 -6.211771e-11 0.000000e+00 0.000000e+00
816917 -6.391731e-11 0.000000e+00 0.000000e+00
819447 -7.978176e-11 0.000000e+00 0.000000e+00
819603 -7.744171e-11 0.000000e+00 0.000000e+00
821656 -4.083732e-11 0.000000e+00 0.000000e+00
824818 -1.745497e-11 0.000000e+00 0.000000e+00
824984 -2.332790e-11 0.000000e+00 0.000000e+00
825090 8.939470e-13 0.000000e+00 0.000000e+00
827230 6.124297e-12 0.000000e+00 0.000000e+00
829620 2.106870e-12 0.000000e+00 0.000000e+00
830413 -5.097794e-12 0.000000e+00 0.000000e+00
831636 -3.826906e-12 0.000000e+00 0.000000e+00
832795 -6.982561e-12 0.000000e+00 0.000000e+00
833749 -1.199602e-11 0.000000e+00 0.000000e+00
834071 -1.331650e-11 0.000000e+00 0.000000e+00
834414 -3.385000e-11 0.000000e+00 0.000000e+00
836959 -6.985301e-11 0.000000e+00 0.000000e+00
837211 -6.967107e-11 0.000000e+00 0.000000e+00
838442 -7.203197e-11 0.000000e+00 0.000000e+00
839456 -7.470474e-11 0.000000e+00 0.000000e+00
840064 -6.547893e-11 0.000000e+00 0.000000e+00
840570 -6.828413e-11 0.000000e+00 0.000000e+00
841976 -5.720638e-11 0.000000e+00 0.000000e+00
842320 -5.454381e-11 0.000000e+00 0.000000e+00
843512 -6.202457e-11 0.000000e+00 0.000000e+00
844469 -6.708472e-11 0.000000e+00 0.000000e+00
844955 -5.835821e-11 0.000000e+00 0.000000e+00
845755 -6.351367e-11 0.000000e+00 0.000000e+00
846571 -5.148877e-11 0.000000e+00 0.000000e+00
846718 -5.039569e-11 0.000000e+00 0.000000e+00
847227 -4.775889e-11 0.000000e+00 0.000000e+00
848002 -7.674205e-11 0.000000e+00 0.000000e+00
848307 -7.411140e-11 0.000000e+00 0.000000e+00
848372 -8.272566e-11 0.000000e+00 0.000000e+00
850495 -8.361517e-11 0.000000e+00 0.000000e+00
854232 -7.166012e-11 0.000000e+00 0.000000e+00
854363 -6.506910e-11 0.000000e+00 0.000000e+00
854482 -6.095710e-11 0.000000e+00 0.000000e+00
854645 -6.201662e-11 0.000000e+00 0.000000e+00
857056 -5.487845e-11 0.000000e+00 0.000000e+00
858203 -5.332972e-11 0.000000e+00 0.000000e+00
858405 -5.286997e-11 0.000000e+00 0.000000e+00
860669 -3.931299e-11 0.000000e+00 0.000000e+00
861010 -4.007606e-11 0.000000e+00 0.000000e+00
861201 -4.825575e-11 0.000000e+00 0.000000e+00
861307 -5.000882e-11 0.000000e+00 0.000000e+00
865430 -8.214644e-11 0.000000e+00 0.000000e+00
865825 -8.395891e-11 0.000000e+00 0.000000e+00
866640 -8.226049e-11 0.000000e+00 0.000000e+00
867869 -7.645058e-11 0.000000e+00 0.000000e+00
869390 -7.273847e-11 0.000000e+00 0.000000e+00
869509 -7.495114e-11 0.000000e+00 0.000000e+00
870430 -6.925441e-11 0.000000e+00 0.000000e+00
870531 -7.929544e-11 0.000000e+00 0.000000e+00
871305 -8.366493e-11 0.000000e+00 0.000000e+00
872021 -5.615413e-11 0.000000e+00 0.000000e+00
872117 -5.800044e-11 0.000000e+00 0.000000e+00
872233 -5.668287e-11 0.000000e+00 0.000000e+00
873238 -6.030596e-11 0.000000e+00 0.000000e+00
873932 -5.930066e-11 0.000000e+00 0.000000e+00
874114 -4.576160e-11 0.000000e+00 0.000000e+00
874336 -4.653979e-11 0.000000e+00 0.000000e+00
879593 3.084700e-12 0.000000e+00 0.000000e+00
880982 6.422643e-12 0.000000e+00 0.000000e+00
882092 3.795364e-12 0.000000e+00 0.000000e+00
883097 -2.186401e-11 0.000000e+00 0.000000e+00
885416 -3.409232e-13 0.000000e+00 0.000000e+00
885856 -1.239177e-11 0.000000e+00 0.000000e+00
886614 -1.929109e-11 0.000000e+00 0.000000e+00
888929 -4.900372e-12 0.000000e+00 0.000000e+00
893407 -6.264721e-12 0.000000e+00 0.000000e+00
893802 -1.028548e-11 0.000000e+00 0.000000e+00
893935 -8.657251e-12 0.000000e+00 0.000000e+00
894736 -7.249986e-12 0.000000e+00 0.000000e+00
897520 -1.371977e-11 0.000000e+00 0.000000e+00
899435 -1.420909e-11 0.000000e+00 0.000000e+00
899460 -2.174850e-11 0.000000e+00 0.000000e+00
899652 -1.810397e-11 0.000000e+00 0.000000e+00
901510 -1.598658e-11 0.000000e+00 0.000000e+00
902311 -2.011408e-11 0.000000e+00 0.000000e+00
904160 -1.637904e-11 0.000000e+00 0.000000e+00
906353 -8.039583e-11 0.000000e+00 0.000000e+00
906397 -7.828844e-11 0.000000e+00 0.000000e+00
907218 -6.691546e-11 0.000000e+00 0.000000e+00
907945 -6.301360e-11 0.000000e+00 0.000000e+00
909215 -6.418416e-11 0.000000e+00 0.000000e+00
915846 -7.091418e-11 0.000000e+00 0.000000e+00
917468 -7.498839e-11 0.000000e+00 0.000000e+00
919514 -6.746387e-11 0.000000e+00 0.000000e+00
920029 -7.269255e-11 0.000000e+00 0.000000e+00
920789 -7.079769e-11 0.000000e+00 0.000000e+00
921411 -5.746407e-11 0.000000e+00 0.000000e+00
922097 -8.851419e-11 0.000000e+00 0.000000e+00
922675 -1.106006e-10 0.000000e+00 0.000000e+00
923144 -1.088656e-10 0.000000e+00 0.000000e+00
923586 -1.015480e-10 0.000000e+00 0.000000e+00
924133 -9.689843e-11 0.000000e+00 0.000000e+00
925446 -9.863340e-11 0.000000e+00 0.000000e+00
925559 -9.504387e-11 0.000000e+00 0.000000e+00
927100 -1.114811e-10 0.000000e+00 0.000000e+00
928478 -1.051868e-10 0.000000e+00 0.000000e+00
929282 -9.188499e-11 0.000000e+00 0.000000e+00
929865 -7.363694e-11 0.000000e+00 0.000000e+00
930632 -1.012175e-10 0.000000e+00 0.000000e+00
931406 -8.120439e-11 0.000000e+00 0.000000e+00
932639 -8.195292e-11 0.000000e+00 0.000000e+00
933955 -8.990203e-11 0.000000e+00 0.000000e+00
934060 -8.278554e-11 0.000000e+00 0.000000e+00
936098 -9.336519e-11 0.000000e+00 0.000000e+00
939002 -1.006680e-10 0.000000e+00 0.000000e+00
939161 -1.056025e-10 0.000000e+00 0.000000e+00
940771 -1.228748e-10 0.000000e+00 0.000000e+00
943046 -1.378031e-10 0.000000e+00 0.000000e+00
943190 -1.356618e-10 0.000000e+00 0.000000e+00
943378 -1.412092e-10 0.000000e+00 0.000000e+00
943948 -1.305838e-10 0.000000e+00 0.000000e+00
943998 -1.412070e-10 0.000000e+00 0.000000e+00
944176 -1.449873e-10 0.000000e+00 0.000000e+00
947058 -1.423265e-10 0.000000e+00 0.000000e+00
947457 -1.436168e-10 0.000000e+00 0.000000e+00
947781 -1.469799e-10 0.000000e+00 0.000000e+00
949345 -1.516556e-10 0.000000e+00 0.000000e+00
949466 -1.434151e-10 0.000000e+00 0.000000e+00
950968 -1.277745e-10 0.000000e+00 0.000000e+00
951765 -1.267070e-10 0.000000e+00 0.000000e+00
953559 -1.288616e-10 0.000000e+00 0.000000e+00
953889 -1.386785e-10 0.000000e+00 0.000000e+00
953905 -1.312665e-10 0.000000e+00 0.000000e+00
955317 -1.270094e-10 0.000000e+00 0.000000e+00
955883 -1.340062e-10 0.000000e+00 0.000000e+00
958701 -1.322918e-10 0.000000e+00 0.000000e+00
960095 -1.325281e-10 0.000000e+00 0.000000e+00
960597 -1.559584e-10 0.000000e+00 0.000000e+00
964237 -1.574008e-10 0.000000e+00 0.000000e+00
965528 -1.421532e-10 0.000000e+00 0.000000e+00
965610 -1.477017e-10 0.000000e+00 0.000000e+00
965911 -1.447089e-10 0.000000e+00 0.000000e+00
966685 -1.074794e-10 0.000000e+00 0.000000e+00
966942 -1.241371e-10 0.000000e+00 0.000000e+00
967037 -1.219630e-10 0.000000e+00 0.000000e+00
967194 -1.208597e-10 0.000000e+00 0.000000e+00
968051 -1.257678e-10 0.000000e+00 0.000000e+00
968136 -1.259989e-10 0.000000e+00 0.000000e+00
969984 -1.293004e-10 0.000000e+00 0.000000e+00
971030 -1.360018e-10 0.000000e+00 0.000000e+00
971179 -1.375058e-10 0.000000e+00 0.000000e+00
971225 -1.367535e-10 0.000000e+00 0.000000e+00
973667 -1.341558e-10 0.000000e+00 0.000000e+00
976102 -1.297053e-10 0.000000e+00 0.000000e+00
977203 -1.402572e-10 0.000000e+00 0.000000e+00
979287 -1.457215e-10 0.000000e+00 0.000000e+00
979766 -1.460470e-10 0.000000e+00 0.000000e+00
980009 -1.488145e-10 0.000000e+00 0.000000e+00
980783 -1.531664e-10 0.000000e+00 0.000000e+00
981201 -1.498267e-10 0.000000e+00 0.000000e+00
983829 -1.525233e-10 0.000000e+00 0.000000e+00
983877 -1.335926e-10 0.000000e+00 0.000000e+00
985266 -1.393429e-10 0.000000e+00 0.000000e+00
985460 -1.427875e-10 0.000000e+00 0.000000e+00
985536 -1.392926e-10 0.000000e+00 0.000000e+00
986367 -1.503350e-10 0.000000e+00 0.000000e+00
986453 -1.508866e-10 0.000000e+00 0.000000e+00
986732 -1.539963e-10 0.000000e+00 0.000000e+00
987196 -1.548442e-10 0.000000e+00 0.000000e+00
987703 -1.401495e-10 0.000000e+00 0.000000e+00
987909 -1.235920e-10 0.000000e+00 0.000000e+00
988110 -1.122212e-10 0.000000e+00 0.000000e+00
990689 -1.117976e-10 0.000000e+00 0.000000e+00
992517 -1.094587e-10 0.000000e+00 0.000000e+00
992932 -1.041347e-10 0.000000e+00 0.000000e+00
997097 -9.489800e-11 0.000000e+00 0.000000e+00
997368 -9.704486e-11 0.000000e+00 0.000000e+00
999038 -9.825254e-11 0.000000e+00 0.000000e+00
999369 -6.129380e-11 0.000000e+00 0.000000e+00
999732 -4.309460e-11 0.000000e+00 0.000000e+00
999779 -4.298327e-11 0.000000e+00 0.000000e+00
