Step X Y Z 
121000 8.689083e-11 0.000000e+00 0.000000e+00
122000 1.127446e-10 0.000000e+00 0.000000e+00
123000 1.184896e-10 0.000000e+00 0.000000e+00
124000 9.628166e-11 0.000000e+00 0.000000e+00
125000 8.969738e-11 0.000000e+00 0.000000e+00
126000 9.432624e-11 0.000000e+00 0.000000e+00
127000 8.780118e-11 0.000000e+00 0.000000e+00
128000 7.365375e-11 0.000000e+00 0.000000e+00
129000 6.926719e-11 0.000000e+00 0.000000e+00
130000 5.847192e-11 0.000000e+00 0.000000e+00
131000 5.448568e-11 0.000000e+00 0.000000e+00
132000 5.112165e-11 0.000000e+00 0.000000e+00
133000 4.585101e-11 0.000000e+00 0.000000e+00
134000 8.067153e-11 0.000000e+00 0.000000e+00
135000 8.191255e-11 0.000000e+00 0.000000e+00
136000 7.738518e-11 0.000000e+00 0.000000e+00
137000 5.631862e-11 0.000000e+00 0.000000e+00
138000 7.952829e-11 0.000000e+00 0.000000e+00
139000 7.509514e-11 0.000000e+00 0.000000e+00
140000 7.615750e-11 0.000000e+00 0.000000e+00
141000 8.494893e-11 0.000000e+00 0.000000e+00
142000 9.901574e-11 0.000000e+00 0.000000e+00
143000 1.056669e-10 0.000000e+00 0.000000e+00
144000 9.288177e-11 0.000000e+00 0.000000e+00
145000 1.024045e-10 0.000000e+00 0.000000e+00
146000 1.099739e-10 0.000000e+00 0.000000e+00
147000 1.117453e-10 0.000000e+00 0.000000e+00
148000 1.049181e-10 0.000000e+00 0.000000e+00
149000 1.013800e-10 0.000000e+00 0.000000e+00
150000 8.562335e-11 0.000000e+00 0.000000e+00
151000 9.852625e-11 0.000000e+00 0.000000e+00
152000 9.144144e-11 0.000000e+00 0.000000e+00
153000 9.498200e-11 0.000000e+00 0.000000e+00
154000 9.746147e-11 0.000000e+00 0.000000e+00
155000 8.953041e-11 0.000000e+00 0.000000e+00
156000 7.455327e-11 0.000000e+00 0.000000e+00
157000 6.417348e-11 0.000000e+00 0.000000e+00
158000 6.005084e-11 0.000000e+00 0.000000e+00
159000 6.265322e-11 0.000000e+00 0.000000e+00
160000 6.753063e-11 0.000000e+00 0.000000e+00
161000 6.638071e-11 0.000000e+00 0.000000e+00
162000 6.208857e-11 0.000000e+00 0.000000e+00
163000 5.741256e-11 0.000000e+00 0.000000e+00
164000 4.159409e-11 0.000000e+00 0.000000e+00
165000 2.559248e-11 0.000000e+00 0.000000e+00
166000 -3.514833e-11 0.000000e+00 0.000000e+00
167000 -7.832601e-11 0.000000e+00 0.000000e+00
168000 -7.551744e-11 0.000000e+00 0.000000e+00
169000 -9.650426e-11 0.000000e+00 0.000000e+00
170000 -1.030484e-10 0.000000e+00 0.000000e+00
171000 -8.378938e-11 0.000000e+00 0.000000e+00
172000 -9.325174e-11 0.000000e+00 0.000000e+00
173000 -9.170188e-11 0.000000e+00 0.000000e+00
174000 -7.431997e-11 0.000000e+00 0.000000e+00
175000 -7.082677e-11 0.000000e+00 0.000000e+00
176000 -1.011334e-10 0.000000e+00 0.000000e+00
177000 -9.767444e-11 0.000000e+00 0.000000e+00
178000 -9.498747e-11 0.000000e+00 0.000000e+00
179000 -8.450565e-11 0.000000e+00 0.000000e+00
180000 -1.057627e-10 0.000000e+00 0.000000e+00
181000 -1.084362e-10 0.000000e+00 0.000000e+00
182000 -1.136236e-10 0.000000e+00 0.000000e+00
183000 -1.106333e-10 0.000000e+00 0.000000e+00
184000 -1.169133e-10 0.000000e+00 0.000000e+00
185000 -1.222168e-10 0.000000e+00 0.000000e+00
186000 -1.046360e-10 0.000000e+00 0.000000e+00
187000 -1.332073e-10 0.000000e+00 0.000000e+00
188000 -1.354556e-10 0.000000e+00 0.000000e+00
189000 -1.147293e-10 0.000000e+00 0.000000e+00
190000 -1.210415e-10 0.000000e+00 0.000000e+00
191000 -1.196208e-10 0.000000e+00 0.000000e+00
192000 -1.117019e-10 0.000000e+00 0.000000e+00
193000 -9.971654e-11 0.000000e+00 0.000000e+00
194000 -1.002513e-10 0.000000e+00 0.000000e+00
195000 -1.191132e-10 0.000000e+00 0.000000e+00
196000 -8.830073e-11 0.000000e+00 0.000000e+00
197000 -9.469318e-11 0.000000e+00 0.000000e+00
198000 -9.051963e-11 0.000000e+00 0.000000e+00
199000 -8.573566e-11 0.000000e+00 0.000000e+00
200000 -8.921658e-11 0.000000e+00 0.000000e+00
201000 -6.909520e-11 0.000000e+00 0.000000e+00
202000 -9.074266e-11 0.000000e+00 0.000000e+00
203000 -9.213488e-11 0.000000e+00 0.000000e+00
204000 -9.875320e-11 0.000000e+00 0.000000e+00
205000 -1.067264e-10 0.000000e+00 0.000000e+00
206000 -1.074442e-10 0.000000e+00 0.000000e+00
207000 -1.238256e-10 0.000000e+00 0.000000e+00
208000 -1.292307e-10 0.000000e+00 0.000000e+00
209000 -1.267376e-10 0.000000e+00 0.000000e+00
210000 -1.284550e-10 0.000000e+00 0.000000e+00
211000 -1.093400e-10 0.000000e+00 0.000000e+00
212000 -1.041806e-10 0.000000e+00 0.000000e+00
213000 -1.023514e-10 0.000000e+00 0.000000e+00
214000 -1.153903e-10 0.000000e+00 0.000000e+00
215000 -1.183267e-10 0.000000e+00 0.000000e+00
216000 -1.125651e-10 0.000000e+00 0.000000e+00
217000 -1.112280e-10 0.000000e+00 0.000000e+00
218000 -1.164270e-10 0.000000e+00 0.000000e+00
219000 -1.147228e-10 0.000000e+00 0.000000e+00
220000 -8.215367e-11 0.000000e+00 0.000000e+00
221000 -8.040750e-11 0.000000e+00 0.000000e+00
222000 -6.574683e-11 0.000000e+00 0.000000e+00
223000 -6.442070e-11 0.000000e+00 0.000000e+00
224000 -5.730840e-11 0.000000e+00 0.000000e+00
225000 -6.735253e-11 0.000000e+00 0.000000e+00
226000 -7.922816e-11 0.000000e+00 0.000000e+00
227000 -8.163144e-11 0.000000e+00 0.000000e+00
228000 -7.652100e-11 0.000000e+00 0.000000e+00
229000 -7.712969e-11 0.000000e+00 0.000000e+00
230000 -7.208227e-11 0.000000e+00 0.000000e+00
231000 -7.264562e-11 0.000000e+00 0.000000e+00
232000 -6.650290e-11 0.000000e+00 0.000000e+00
233000 -4.498325e-11 0.000000e+00 0.000000e+00
234000 -4.337587e-11 0.000000e+00 0.000000e+00
235000 -6.000164e-11 0.000000e+00 0.000000e+00
236000 -5.155781e-11 0.000000e+00 0.000000e+00
237000 -5.888095e-11 0.000000e+00 0.000000e+00
238000 -5.546832e-11 0.000000e+00 0.000000e+00
239000 -4.794254e-11 0.000000e+00 0.000000e+00
240000 -2.032102e-11 0.000000e+00 0.000000e+00
241000 -3.264486e-11 0.000000e+00 0.000000e+00
242000 -3.887682e-11 0.000000e+00 0.000000e+00
243000 -4.246921e-11 0.000000e+00 0.000000e+00
244000 -6.277418e-11 0.000000e+00 0.000000e+00
245000 -6.095843e-11 0.000000e+00 0.000000e+00
246000 -6.143596e-11 0.000000e+00 0.000000e+00
247000 -6.497776e-11 0.000000e+00 0.000000e+00
248000 -6.931411e-11 0.000000e+00 0.000000e+00
249000 -8.058577e-11 0.000000e+00 0.000000e+00
250000 -8.724523e-11 0.000000e+00 0.000000e+00
251000 -8.660317e-11 0.000000e+00 0.000000e+00
252000 -9.347259e-11 0.000000e+00 0.000000e+00
253000 -8.952175e-11 0.000000e+00 0.000000e+00
254000 -1.099651e-10 0.000000e+00 0.000000e+00
255000 -1.059555e-10 0.000000e+00 0.000000e+00
256000 -9.590808e-11 0.000000e+00 0.000000e+00
257000 -9.752243e-11 0.000000e+00 0.000000e+00
258000 -1.017200e-10 0.000000e+00 0.000000e+00
259000 -9.975073e-11 0.000000e+00 0.000000e+00
260000 -1.080470e-10 0.000000e+00 0.000000e+00
261000 -1.038099e-10 0.000000e+00 0.000000e+00
262000 -1.125847e-10 0.000000e+00 0.000000e+00
263000 -1.216611e-10 0.000000e+00 0.000000e+00
264000 -1.316496e-10 0.000000e+00 0.000000e+00
265000 -1.175571e-10 0.000000e+00 0.000000e+00
266000 -1.202988e-10 0.000000e+00 0.000000e+00
267000 -1.157576e-10 0.000000e+00 0.000000e+00
268000 -1.248704e-10 0.000000e+00 0.000000e+00
269000 -1.254565e-10 0.000000e+00 0.000000e+00
270000 -1.308311e-10 0.000000e+00 0.000000e+00
271000 -1.223154e-10 0.000000e+00 0.000000e+00
272000 -1.294979e-10 0.000000e+00 0.000000e+00
273000 -1.386073e-10 0.000000e+00 0.000000e+00
274000 -1.324153e-10 0.000000e+00 0.000000e+00
275000 -1.297835e-10 0.000000e+00 0.000000e+00
276000 -1.367326e-10 0.000000e+00 0.000000e+00
277000 -1.393320e-10 0.000000e+00 0.000000e+00
278000 -1.403866e-10 0.000000e+00 0.000000e+00
279000 -1.431488e-10 0.000000e+00 0.000000e+00
280000 -1.413300e-10 0.000000e+00 0.000000e+00
281000 -1.423913e-10 0.000000e+00 0.000000e+00
282000 -1.347677e-10 0.000000e+00 0.000000e+00
283000 -1.332699e-10 0.000000e+00 0.000000e+00
284000 -1.373880e-10 0.000000e+00 0.000000e+00
285000 -1.360821e-10 0.000000e+00 0.000000e+00
286000 -1.339877e-10 0.000000e+00 0.000000e+00
287000 -1.404401e-10 0.000000e+00 0.000000e+00
288000 -1.309783e-10 0.000000e+00 0.000000e+00
289000 -8.341758e-11 0.000000e+00 0.000000e+00
290000 -1.071070e-10 0.000000e+00 0.000000e+00
291000 -1.100803e-10 0.000000e+00 0.000000e+00
292000 -7.502640e-11 0.000000e+00 0.000000e+00
293000 -6.986761e-11 0.000000e+00 0.000000e+00
294000 -7.116709e-11 0.000000e+00 0.000000e+00
295000 -8.515158e-11 0.000000e+00 0.000000e+00
296000 -9.892495e-11 0.000000e+00 0.000000e+00
297000 -8.664632e-11 0.000000e+00 0.000000e+00
298000 -9.410816e-11 0.000000e+00 0.000000e+00
299000 -8.778447e-11 0.000000e+00 0.000000e+00
300000 -9.282944e-11 0.000000e+00 0.000000e+00
301000 -7.800668e-11 0.000000e+00 0.000000e+00
302000 -7.307096e-11 0.000000e+00 0.000000e+00
303000 -7.365160e-11 0.000000e+00 0.000000e+00
304000 -8.352950e-11 0.000000e+00 0.000000e+00
305000 -7.963542e-11 0.000000e+00 0.000000e+00
306000 -7.637521e-11 0.000000e+00 0.000000e+00
307000 -7.537455e-11 0.000000e+00 0.000000e+00
308000 -7.939471e-11 0.000000e+00 0.000000e+00
309000 -5.395304e-11 0.000000e+00 0.000000e+00
310000 -5.088278e-11 0.000000e+00 0.000000e+00
311000 -4.715212e-11 0.000000e+00 0.000000e+00
312000 -3.379667e-11 0.000000e+00 0.000000e+00
313000 -3.063147e-11 0.000000e+00 0.000000e+00
314000 -3.726846e-11 0.000000e+00 0.000000e+00
315000 -2.229773e-11 0.000000e+00 0.000000e+00
316000 -1.696390e-11 0.000000e+00 0.000000e+00
317000 -3.977265e-11 0.000000e+00 0.000000e+00
318000 -4.595864e-11 0.000000e+00 0.000000e+00
319000 -4.369471e-11 0.000000e+00 0.000000e+00
320000 -5.779814e-11 0.000000e+00 0.000000e+00
321000 -6.335533e-11 0.000000e+00 0.000000e+00
322000 -4.939958e-11 0.000000e+00 0.000000e+00
323000 -5.304752e-11 0.000000e+00 0.000000e+00
324000 -5.640431e-11 0.000000e+00 0.000000e+00
325000 -5.457516e-11 0.000000e+00 0.000000e+00
326000 -5.900332e-11 0.000000e+00 0.000000e+00
327000 -6.836625e-11 0.000000e+00 0.000000e+00
328000 -6.722913e-11 0.000000e+00 0.000000e+00
329000 -6.179649e-11 0.000000e+00 0.000000e+00
330000 -6.377540e-11 0.000000e+00 0.000000e+00
331000 -6.226412e-11 0.000000e+00 0.000000e+00
332000 -7.031040e-11 0.000000e+00 0.000000e+00
333000 -6.588241e-11 0.000000e+00 0.000000e+00
334000 -6.799838e-11 0.000000e+00 0.000000e+00
335000 -7.176814e-11 0.000000e+00 0.000000e+00
336000 -7.412576e-11 0.000000e+00 0.000000e+00
337000 -4.879906e-11 0.000000e+00 0.000000e+00
338000 -5.006167e-11 0.000000e+00 0.000000e+00
339000 -5.269134e-11 0.000000e+00 0.000000e+00
340000 -4.555269e-11 0.000000e+00 0.000000e+00
341000 8.548242e-13 0.000000e+00 0.000000e+00
342000 -4.005079e-12 0.000000e+00 0.000000e+00
343000 2.009586e-11 0.000000e+00 0.000000e+00
344000 5.325538e-11 0.000000e+00 0.000000e+00
345000 4.850686e-11 0.000000e+00 0.000000e+00
346000 6.117426e-11 0.000000e+00 0.000000e+00
347000 6.559516e-11 0.000000e+00 0.000000e+00
348000 7.021571e-11 0.000000e+00 0.000000e+00
349000 6.783670e-11 0.000000e+00 0.000000e+00
350000 7.320935e-11 0.000000e+00 0.000000e+00
351000 7.182427e-11 0.000000e+00 0.000000e+00
352000 6.994585e-11 0.000000e+00 0.000000e+00
353000 1.247432e-10 0.000000e+00 0.000000e+00
354000 1.040466e-10 0.000000e+00 0.000000e+00
355000 1.005770e-10 0.000000e+00 0.000000e+00
356000 9.983687e-11 0.000000e+00 0.000000e+00
357000 1.207596e-10 0.000000e+00 0.000000e+00
358000 1.271067e-10 0.000000e+00 0.000000e+00
359000 1.152752e-10 0.000000e+00 0.000000e+00
360000 1.142839e-10 0.000000e+00 0.000000e+00
361000 1.170476e-10 0.000000e+00 0.000000e+00
362000 1.192534e-10 0.000000e+00 0.000000e+00
363000 1.220698e-10 0.000000e+00 0.000000e+00
364000 1.312156e-10 0.000000e+00 0.000000e+00
365000 1.069102e-10 0.000000e+00 0.000000e+00
366000 1.087488e-10 0.000000e+00 0.000000e+00
367000 1.074296e-10 0.000000e+00 0.000000e+00
368000 1.103610e-10 0.000000e+00 0.000000e+00
369000 1.112229e-10 0.000000e+00 0.000000e+00
370000 1.131584e-10 0.000000e+00 0.000000e+00
371000 1.283031e-10 0.000000e+00 0.000000e+00
372000 1.231677e-10 0.000000e+00 0.000000e+00
373000 1.296217e-10 0.000000e+00 0.000000e+00
374000 1.160662e-10 0.000000e+00 0.000000e+00
375000 1.260152e-10 0.000000e+00 0.000000e+00
376000 1.201126e-10 0.000000e+00 0.000000e+00
377000 1.244167e-10 0.000000e+00 0.000000e+00
378000 1.032863e-10 0.000000e+00 0.000000e+00
379000 1.089528e-10 0.000000e+00 0.000000e+00
380000 1.063678e-10 0.000000e+00 0.000000e+00
381000 7.799370e-11 0.000000e+00 0.000000e+00
382000 8.365913e-11 0.000000e+00 0.000000e+00
383000 9.093693e-11 0.000000e+00 0.000000e+00
384000 8.271070e-11 0.000000e+00 0.000000e+00
385000 8.835985e-11 0.000000e+00 0.000000e+00
386000 1.180883e-10 0.000000e+00 0.000000e+00
387000 1.082458e-10 0.000000e+00 0.000000e+00
388000 8.388347e-11 0.000000e+00 0.000000e+00
389000 9.246007e-11 0.000000e+00 0.000000e+00
390000 9.749145e-11 0.000000e+00 0.000000e+00
391000 1.023188e-10 0.000000e+00 0.000000e+00
392000 1.043002e-10 0.000000e+00 0.000000e+00
393000 1.373688e-10 0.000000e+00 0.000000e+00
394000 1.351545e-10 0.000000e+00 0.000000e+00
395000 1.304145e-10 0.000000e+00 0.000000e+00
396000 1.136383e-10 0.000000e+00 0.000000e+00
397000 1.165696e-10 0.000000e+00 0.000000e+00
398000 1.213827e-10 0.000000e+00 0.000000e+00
399000 1.145017e-10 0.000000e+00 0.000000e+00
400000 8.189644e-11 0.000000e+00 0.000000e+00
401000 7.663452e-11 0.000000e+00 0.000000e+00
402000 7.172164e-11 0.000000e+00 0.000000e+00
403000 8.083819e-11 0.000000e+00 0.000000e+00
404000 9.631653e-11 0.000000e+00 0.000000e+00
405000 9.110699e-11 0.000000e+00 0.000000e+00
406000 1.009977e-10 0.000000e+00 0.000000e+00
407000 9.346635e-11 0.000000e+00 0.000000e+00
408000 9.504679e-11 0.000000e+00 0.000000e+00
409000 8.920533e-11 0.000000e+00 0.000000e+00
410000 3.892000e-11 0.000000e+00 0.000000e+00
411000 4.042265e-11 0.000000e+00 0.000000e+00
412000 3.783058e-11 0.000000e+00 0.000000e+00
413000 4.459608e-11 0.000000e+00 0.000000e+00
414000 4.337493e-11 0.000000e+00 0.000000e+00
415000 5.921986e-11 0.000000e+00 0.000000e+00
416000 6.385522e-11 0.000000e+00 0.000000e+00
417000 6.847765e-11 0.000000e+00 0.000000e+00
418000 8.458450e-11 0.000000e+00 0.000000e+00
419000 8.590083e-11 0.000000e+00 0.000000e+00
420000 8.658427e-11 0.000000e+00 0.000000e+00
421000 8.202853e-11 0.000000e+00 0.000000e+00
422000 1.229855e-10 0.000000e+00 0.000000e+00
423000 1.049603e-10 0.000000e+00 0.000000e+00
424000 1.059373e-10 0.000000e+00 0.000000e+00
425000 1.123786e-10 0.000000e+00 0.000000e+00
426000 1.324422e-10 0.000000e+00 0.000000e+00
427000 1.338487e-10 0.000000e+00 0.000000e+00
428000 1.362485e-10 0.000000e+00 0.000000e+00
429000 1.389189e-10 0.000000e+00 0.000000e+00
430000 1.176409e-10 0.000000e+00 0.000000e+00
431000 1.416460e-10 0.000000e+00 0.000000e+00
432000 1.328024e-10 0.000000e+00 0.000000e+00
433000 1.399777e-10 0.000000e+00 0.000000e+00
434000 1.459267e-10 0.000000e+00 0.000000e+00
435000 1.339876e-10 0.000000e+00 0.000000e+00
436000 1.289727e-10 0.000000e+00 0.000000e+00
437000 1.271883e-10 0.000000e+00 0.000000e+00
438000 1.378268e-10 0.000000e+00 0.000000e+00
439000 1.215862e-10 0.000000e+00 0.000000e+00
440000 1.255079e-10 0.000000e+00 0.000000e+00
441000 1.239246e-10 0.000000e+00 0.000000e+00
442000 1.263316e-10 0.000000e+00 0.000000e+00
443000 1.436281e-10 0.000000e+00 0.000000e+00
444000 1.429455e-10 0.000000e+00 0.000000e+00
445000 1.352509e-10 0.000000e+00 0.000000e+00
446000 1.408324e-10 0.000000e+00 0.000000e+00
447000 1.373249e-10 0.000000e+00 0.000000e+00
448000 1.187664e-10 0.000000e+00 0.000000e+00
449000 1.198058e-10 0.000000e+00 0.000000e+00
450000 1.108890e-10 0.000000e+00 0.000000e+00
451000 9.035971e-11 0.000000e+00 0.000000e+00
452000 1.035714e-10 0.000000e+00 0.000000e+00
453000 9.825449e-11 0.000000e+00 0.000000e+00
454000 9.507740e-11 0.000000e+00 0.000000e+00
455000 1.097615e-10 0.000000e+00 0.000000e+00
456000 8.688851e-11 0.000000e+00 0.000000e+00
457000 9.234270e-11 0.000000e+00 0.000000e+00
458000 9.183013e-11 0.000000e+00 0.000000e+00
459000 9.358809e-11 0.000000e+00 0.000000e+00
460000 9.419903e-11 0.000000e+00 0.000000e+00
461000 5.543967e-11 0.000000e+00 0.000000e+00
462000 5.154997e-11 0.000000e+00 0.000000e+00
463000 6.469774e-11 0.000000e+00 0.000000e+00
464000 7.908344e-11 0.000000e+00 0.000000e+00
465000 7.949370e-11 0.000000e+00 0.000000e+00
466000 5.217583e-11 0.000000e+00 0.000000e+00
467000 5.325668e-11 0.000000e+00 0.000000e+00
468000 5.813060e-11 0.000000e+00 0.000000e+00
469000 5.742079e-11 0.000000e+00 0.000000e+00
470000 1.314597e-10 0.000000e+00 0.000000e+00
471000 1.276948e-10 0.000000e+00 0.000000e+00
472000 1.292227e-10 0.000000e+00 0.000000e+00
473000 1.157797e-10 0.000000e+00 0.000000e+00
474000 1.111537e-10 0.000000e+00 0.000000e+00
475000 1.136076e-10 0.000000e+00 0.000000e+00
476000 1.204569e-10 0.000000e+00 0.000000e+00
477000 9.715114e-11 0.000000e+00 0.000000e+00
478000 9.994398e-11 0.000000e+00 0.000000e+00
479000 1.013972e-10 0.000000e+00 0.000000e+00
480000 1.021292e-10 0.000000e+00 0.000000e+00
481000 8.787459e-11 0.000000e+00 0.000000e+00
482000 6.133428e-11 0.000000e+00 0.000000e+00
483000 7.135261e-11 0.000000e+00 0.000000e+00
484000 7.092861e-11 0.000000e+00 0.000000e+00
485000 3.671742e-11 0.000000e+00 0.000000e+00
486000 3.160401e-11 0.000000e+00 0.000000e+00
487000 2.194820e-11 0.000000e+00 0.000000e+00
488000 5.451718e-12 0.000000e+00 0.000000e+00
489000 4.821271e-12 0.000000e+00 0.000000e+00
490000 -1.429957e-12 0.000000e+00 0.000000e+00
491000 -1.161548e-11 0.000000e+00 0.000000e+00
492000 -7.118778e-12 0.000000e+00 0.000000e+00
493000 -1.339133e-11 0.000000e+00 0.000000e+00
494000 -1.483247e-11 0.000000e+00 0.000000e+00
495000 -4.140735e-11 0.000000e+00 0.000000e+00
496000 -2.875272e-11 0.000000e+00 0.000000e+00
497000 -4.087170e-11 0.000000e+00 0.000000e+00
498000 -2.646609e-11 0.000000e+00 0.000000e+00
499000 -2.767290e-11 0.000000e+00 0.000000e+00
500000 -3.632179e-11 0.000000e+00 0.000000e+00
501000 -3.142477e-11 0.000000e+00 0.000000e+00
502000 -3.322106e-11 0.000000e+00 0.000000e+00
503000 -1.797950e-11 0.000000e+00 0.000000e+00
504000 -4.588578e-12 0.000000e+00 0.000000e+00
505000 -1.040498e-11 0.000000e+00 0.000000e+00
506000 -2.510289e-11 0.000000e+00 0.000000e+00
507000 -1.905455e-11 0.000000e+00 0.000000e+00
508000 -1.285817e-11 0.000000e+00 0.000000e+00
509000 -8.451293e-12 0.000000e+00 0.000000e+00
510000 -7.928374e-12 0.000000e+00 0.000000e+00
511000 -6.311718e-12 0.000000e+00 0.000000e+00
512000 -5.251157e-12 0.000000e+00 0.000000e+00
513000 3.275604e-12 0.000000e+00 0.000000e+00
514000 -3.018173e-12 0.000000e+00 0.000000e+00
515000 3.422443e-12 0.000000e+00 0.000000e+00
516000 2.781621e-11 0.000000e+00 0.000000e+00
517000 3.024518e-11 0.000000e+00 0.000000e+00
518000 8.158245e-12 0.000000e+00 0.000000e+00
519000 7.351612e-12 0.000000e+00 0.000000e+00
520000 1.188872e-11 0.000000e+00 0.000000e+00
521000 2.661037e-11 0.000000e+00 0.000000e+00
522000 3.558766e-11 0.000000e+00 0.000000e+00
523000 4.708599e-11 0.000000e+00 0.000000e+00
524000 4.373783e-11 0.000000e+00 0.000000e+00
525000 2.890182e-11 0.000000e+00 0.000000e+00
526000 2.479979e-11 0.000000e+00 0.000000e+00
527000 1.019921e-11 0.000000e+00 0.000000e+00
528000 4.882779e-11 0.000000e+00 0.000000e+00
529000 5.007836e-11 0.000000e+00 0.000000e+00
530000 4.934658e-11 0.000000e+00 0.000000e+00
531000 4.515044e-11 0.000000e+00 0.000000e+00
532000 3.204174e-11 0.000000e+00 0.000000e+00
533000 4.247077e-11 0.000000e+00 0.000000e+00
534000 3.404953e-11 0.000000e+00 0.000000e+00
535000 1.307804e-11 0.000000e+00 0.000000e+00
536000 6.221211e-12 0.000000e+00 0.000000e+00
537000 1.881633e-11 0.000000e+00 0.000000e+00
538000 1.531943e-11 0.000000e+00 0.000000e+00
539000 1.453993e-11 0.000000e+00 0.000000e+00
540000 1.666086e-11 0.000000e+00 0.000000e+00
541000 2.317610e-11 0.000000e+00 0.000000e+00
542000 1.772364e-11 0.000000e+00 0.000000e+00
543000 9.199420e-12 0.000000e+00 0.000000e+00
544000 1.101171e-11 0.000000e+00 0.000000e+00
545000 3.317223e-11 0.000000e+00 0.000000e+00
546000 3.472601e-11 0.000000e+00 0.000000e+00
547000 4.134929e-11 0.000000e+00 0.000000e+00
548000 3.951103e-11 0.000000e+00 0.000000e+00
549000 3.570141e-11 0.000000e+00 0.000000e+00
550000 6.901793e-11 0.000000e+00 0.000000e+00
551000 6.592915e-11 0.000000e+00 0.000000e+00
552000 5.847734e-11 0.000000e+00 0.000000e+00
553000 6.649084e-11 0.000000e+00 0.000000e+00
554000 3.710470e-11 0.000000e+00 0.000000e+00
555000 4.747496e-11 0.000000e+00 0.000000e+00
556000 5.207211e-11 0.000000e+00 0.000000e+00
557000 5.672092e-11 0.000000e+00 0.000000e+00
558000 5.436412e-11 0.000000e+00 0.000000e+00
559000 5.523596e-11 0.000000e+00 0.000000e+00
560000 5.341592e-11 0.000000e+00 0.000000e+00
561000 2.136159e-11 0.000000e+00 0.000000e+00
562000 1.919134e-11 0.000000e+00 0.000000e+00
563000 2.955237e-11 0.000000e+00 0.000000e+00
564000 3.128072e-11 0.000000e+00 0.000000e+00
565000 2.389580e-11 0.000000e+00 0.000000e+00
566000 2.264620e-11 0.000000e+00 0.000000e+00
567000 4.606649e-11 0.000000e+00 0.000000e+00
568000 4.688438e-11 0.000000e+00 0.000000e+00
569000 4.282449e-11 0.000000e+00 0.000000e+00
570000 4.512525e-11 0.000000e+00 0.000000e+00
571000 3.321739e-11 0.000000e+00 0.000000e+00
572000 3.823578e-11 0.000000e+00 0.000000e+00
573000 3.974155e-11 0.000000e+00 0.000000e+00
574000 5.062908e-11 0.000000e+00 0.000000e+00
575000 4.945736e-11 0.000000e+00 0.000000e+00
576000 3.784986e-11 0.000000e+00 0.000000e+00
577000 2.736166e-11 0.000000e+00 0.000000e+00
578000 2.566354e-11 0.000000e+00 0.000000e+00
579000 3.633620e-11 0.000000e+00 0.000000e+00
580000 3.462383e-11 0.000000e+00 0.000000e+00
581000 4.034777e-11 0.000000e+00 0.000000e+00
582000 4.796207e-11 0.000000e+00 0.000000e+00
583000 4.147292e-11 0.000000e+00 0.000000e+00
584000 5.591883e-11 0.000000e+00 0.000000e+00
585000 8.576650e-11 0.000000e+00 0.000000e+00
586000 7.522980e-11 0.000000e+00 0.000000e+00
587000 7.852244e-11 0.000000e+00 0.000000e+00
588000 7.579346e-11 0.000000e+00 0.000000e+00
589000 7.751387e-11 0.000000e+00 0.000000e+00
590000 8.016482e-11 0.000000e+00 0.000000e+00
591000 8.332951e-11 0.000000e+00 0.000000e+00
592000 8.479100e-11 0.000000e+00 0.000000e+00
593000 8.977560e-11 0.000000e+00 0.000000e+00
594000 7.258953e-11 0.000000e+00 0.000000e+00
595000 7.454842e-11 0.000000e+00 0.000000e+00
596000 7.276316e-11 0.000000e+00 0.000000e+00
597000 7.264785e-11 0.000000e+00 0.000000e+00
598000 6.321722e-11 0.000000e+00 0.000000e+00
599000 6.496541e-11 0.000000e+00 0.000000e+00
600000 6.790120e-11 0.000000e+00 0.000000e+00
601000 6.851487e-11 0.000000e+00 0.000000e+00
602000 2.089777e-11 0.000000e+00 0.000000e+00
603000 -9.067731e-12 0.000000e+00 0.000000e+00
604000 -5.258154e-13 0.000000e+00 0.000000e+00
605000 2.041491e-12 0.000000e+00 0.000000e+00
606000 1.802824e-13 0.000000e+00 0.000000e+00
607000 1.433568e-11 0.000000e+00 0.000000e+00
608000 1.188422e-11 0.000000e+00 0.000000e+00
609000 1.326038e-11 0.000000e+00 0.000000e+00
610000 -2.953366e-11 0.000000e+00 0.000000e+00
611000 -2.316078e-11 0.000000e+00 0.000000e+00
612000 -2.390754e-11 0.000000e+00 0.000000e+00
613000 -2.674134e-11 0.000000e+00 0.000000e+00
614000 -2.122222e-11 0.000000e+00 0.000000e+00
615000 -1.593739e-11 0.000000e+00 0.000000e+00
616000 -4.696951e-11 0.000000e+00 0.000000e+00
617000 -3.796288e-11 0.000000e+00 0.000000e+00
618000 -5.367376e-11 0.000000e+00 0.000000e+00
619000 -3.672658e-11 0.000000e+00 0.000000e+00
620000 -2.212772e-11 0.000000e+00 0.000000e+00
621000 -1.025284e-11 0.000000e+00 0.000000e+00
622000 -1.631806e-11 0.000000e+00 0.000000e+00
623000 -1.901736e-12 0.000000e+00 0.000000e+00
624000 -1.396145e-11 0.000000e+00 0.000000e+00
625000 -1.951608e-11 0.000000e+00 0.000000e+00
626000 -3.634921e-11 0.000000e+00 0.000000e+00
627000 -2.540710e-11 0.000000e+00 0.000000e+00
628000 -2.409170e-11 0.000000e+00 0.000000e+00
629000 -2.876093e-11 0.000000e+00 0.000000e+00
630000 -1.537232e-11 0.000000e+00 0.000000e+00
631000 2.389105e-11 0.000000e+00 0.000000e+00
632000 -3.534889e-12 0.000000e+00 0.000000e+00
633000 1.639633e-11 0.000000e+00 0.000000e+00
634000 2.765874e-11 0.000000e+00 0.000000e+00
635000 1.751617e-11 0.000000e+00 0.000000e+00
636000 1.446410e-12 0.000000e+00 0.000000e+00
637000 8.817778e-12 0.000000e+00 0.000000e+00
638000 6.290358e-12 0.000000e+00 0.000000e+00
639000 1.411002e-11 0.000000e+00 0.000000e+00
640000 -6.354523e-13 0.000000e+00 0.000000e+00
641000 -1.145091e-11 0.000000e+00 0.000000e+00
642000 -7.685817e-12 0.000000e+00 0.000000e+00
643000 -3.152653e-11 0.000000e+00 0.000000e+00
644000 -3.499422e-11 0.000000e+00 0.000000e+00
645000 -3.430636e-11 0.000000e+00 0.000000e+00
646000 -3.060663e-11 0.000000e+00 0.000000e+00
647000 -1.781214e-11 0.000000e+00 0.000000e+00
648000 -2.827844e-11 0.000000e+00 0.000000e+00
649000 -2.043792e-11 0.000000e+00 0.000000e+00
650000 -1.474305e-11 0.000000e+00 0.000000e+00
651000 -1.232251e-11 0.000000e+00 0.000000e+00
652000 -3.325075e-11 0.000000e+00 0.000000e+00
653000 -3.213752e-11 0.000000e+00 0.000000e+00
654000 -2.070950e-11 0.000000e+00 0.000000e+00
655000 -2.987625e-11 0.000000e+00 0.000000e+00
656000 -4.932045e-11 0.000000e+00 0.000000e+00
657000 -3.886232e-11 0.000000e+00 0.000000e+00
658000 -4.669722e-11 0.000000e+00 0.000000e+00
659000 -4.402643e-11 0.000000e+00 0.000000e+00
660000 -4.461901e-11 0.000000e+00 0.000000e+00
661000 -4.446201e-11 0.000000e+00 0.000000e+00
662000 -7.781701e-11 0.000000e+00 0.000000e+00
663000 -1.023386e-10 0.000000e+00 0.000000e+00
664000 -8.285264e-11 0.000000e+00 0.000000e+00
665000 -6.404044e-11 0.000000e+00 0.000000e+00
666000 -7.713066e-11 0.000000e+00 0.000000e+00
667000 -6.525206e-11 0.000000e+00 0.000000e+00
668000 -8.164352e-11 0.000000e+00 0.000000e+00
669000 -8.091330e-11 0.000000e+00 0.000000e+00
670000 -1.138618e-10 0.000000e+00 0.000000e+00
671000 -9.616867e-11 0.000000e+00 0.000000e+00
672000 -9.558719e-11 0.000000e+00 0.000000e+00
673000 -8.747733e-11 0.000000e+00 0.000000e+00
674000 -1.130800e-10 0.000000e+00 0.000000e+00
675000 -1.242518e-10 0.000000e+00 0.000000e+00
676000 -1.234538e-10 0.000000e+00 0.000000e+00
677000 -1.277985e-10 0.000000e+00 0.000000e+00
678000 -1.267111e-10 0.000000e+00 0.000000e+00
679000 -1.258429e-10 0.000000e+00 0.000000e+00
680000 -1.231924e-10 0.000000e+00 0.000000e+00
681000 -1.058673e-10 0.000000e+00 0.000000e+00
682000 -1.121093e-10 0.000000e+00 0.000000e+00
683000 -1.085800e-10 0.000000e+00 0.000000e+00
684000 -1.111361e-10 0.000000e+00 0.000000e+00
685000 -9.750053e-11 0.000000e+00 0.000000e+00
686000 -1.011061e-10 0.000000e+00 0.000000e+00
687000 -1.097486e-10 0.000000e+00 0.000000e+00
688000 -1.185629e-10 0.000000e+00 0.000000e+00
689000 -1.204858e-10 0.000000e+00 0.000000e+00
690000 -1.159413e-10 0.000000e+00 0.000000e+00
691000 -1.176239e-10 0.000000e+00 0.000000e+00
692000 -1.366221e-10 0.000000e+00 0.000000e+00
693000 -1.437480e-10 0.000000e+00 0.000000e+00
694000 -1.451687e-10 0.000000e+00 0.000000e+00
695000 -1.178422e-10 0.000000e+00 0.000000e+00
696000 -1.226676e-10 0.000000e+00 0.000000e+00
697000 -1.185694e-10 0.000000e+00 0.000000e+00
698000 -1.198478e-10 0.000000e+00 0.000000e+00
699000 -1.215742e-10 0.000000e+00 0.000000e+00
700000 -1.463034e-10 0.000000e+00 0.000000e+00
701000 -1.467966e-10 0.000000e+00 0.000000e+00
702000 -1.495591e-10 0.000000e+00 0.000000e+00
703000 -1.488049e-10 0.000000e+00 0.000000e+00
704000 -1.476765e-10 0.000000e+00 0.000000e+00
705000 -1.479615e-10 0.000000e+00 0.000000e+00
706000 -1.444699e-10 0.000000e+00 0.000000e+00
707000 -1.276664e-10 0.000000e+00 0.000000e+00
708000 -1.287955e-10 0.000000e+00 0.000000e+00
709000 -1.242637e-10 0.000000e+00 0.000000e+00
710000 -1.259847e-10 0.000000e+00 0.000000e+00
711000 -1.413734e-10 0.000000e+00 0.000000e+00
712000 -1.557132e-10 0.000000e+00 0.000000e+00
713000 -1.350074e-10 0.000000e+00 0.000000e+00
714000 -1.459329e-10 0.000000e+00 0.000000e+00
715000 -1.391734e-10 0.000000e+00 0.000000e+00
716000 -1.321941e-10 0.000000e+00 0.000000e+00
717000 -1.310662e-10 0.000000e+00 0.000000e+00
718000 -1.197424e-10 0.000000e+00 0.000000e+00
719000 -8.483647e-11 0.000000e+00 0.000000e+00
720000 -8.632838e-11 0.000000e+00 0.000000e+00
721000 -7.833664e-11 0.000000e+00 0.000000e+00
722000 -8.257462e-11 0.000000e+00 0.000000e+00
723000 -1.047897e-10 0.000000e+00 0.000000e+00
724000 -9.907604e-11 0.000000e+00 0.000000e+00
725000 -9.163169e-11 0.000000e+00 0.000000e+00
726000 -9.178030e-11 0.000000e+00 0.000000e+00
727000 -9.632223e-11 0.000000e+00 0.000000e+00
728000 -1.034336e-10 0.000000e+00 0.000000e+00
729000 -1.042169e-10 0.000000e+00 0.000000e+00
730000 -8.982713e-11 0.000000e+00 0.000000e+00
731000 -9.400574e-11 0.000000e+00 0.000000e+00
732000 -8.870680e-11 0.000000e+00 0.000000e+00
733000 -8.860399e-11 0.000000e+00 0.000000e+00
734000 -8.059289e-11 0.000000e+00 0.000000e+00
735000 -8.991349e-11 0.000000e+00 0.000000e+00
736000 -9.080256e-11 0.000000e+00 0.000000e+00
737000 -8.127013e-11 0.000000e+00 0.000000e+00
738000 -6.033823e-11 0.000000e+00 0.000000e+00
739000 -5.661092e-11 0.000000e+00 0.000000e+00
740000 -5.503772e-11 0.000000e+00 0.000000e+00
741000 -5.202628e-11 0.000000e+00 0.000000e+00
742000 -5.803575e-11 0.000000e+00 0.000000e+00
743000 -5.986812e-11 0.000000e+00 0.000000e+00
744000 -4.875350e-11 0.000000e+00 0.000000e+00
745000 -4.788083e-11 0.000000e+00 0.000000e+00
746000 -6.255857e-11 0.000000e+00 0.000000e+00
747000 -7.282301e-11 0.000000e+00 0.000000e+00
748000 -7.719418e-11 0.000000e+00 0.000000e+00
749000 -5.574341e-11 0.000000e+00 0.000000e+00
750000 -5.152275e-11 0.000000e+00 0.000000e+00
751000 -6.781405e-11 0.000000e+00 0.000000e+00
752000 -5.975396e-11 0.000000e+00 0.000000e+00
753000 -5.050639e-11 0.000000e+00 0.000000e+00
754000 -5.358559e-11 0.000000e+00 0.000000e+00
755000 -5.846593e-11 0.000000e+00 0.000000e+00
756000 -5.707436e-11 0.000000e+00 0.000000e+00
757000 -5.510491e-11 0.000000e+00 0.000000e+00
758000 -5.291542e-11 0.000000e+00 0.000000e+00
759000 -4.993307e-11 0.000000e+00 0.000000e+00
760000 -4.623773e-11 0.000000e+00 0.000000e+00
761000 -5.101919e-11 0.000000e+00 0.000000e+00
762000 -5.192341e-11 0.000000e+00 0.000000e+00
763000 -7.603582e-11 0.000000e+00 0.000000e+00
764000 -7.099679e-11 0.000000e+00 0.000000e+00
765000 -6.999724e-11 0.000000e+00 0.000000e+00
766000 -6.661407e-11 0.000000e+00 0.000000e+00
767000 -6.083575e-11 0.000000e+00 0.000000e+00
768000 -7.395690e-11 0.000000e+00 0.000000e+00
769000 -9.202902e-11 0.000000e+00 0.000000e+00
770000 -1.165886e-10 0.000000e+00 0.000000e+00
771000 -1.145526e-10 0.000000e+00 0.000000e+00
772000 -9.496859e-11 0.000000e+00 0.000000e+00
773000 -9.293978e-11 0.000000e+00 0.000000e+00
774000 -9.355068e-11 0.000000e+00 0.000000e+00
775000 -1.420433e-10 0.000000e+00 0.000000e+00
776000 -1.443169e-10 0.000000e+00 0.000000e+00
777000 -1.271390e-10 0.000000e+00 0.000000e+00
778000 -1.207884e-10 0.000000e+00 0.000000e+00
779000 -1.508523e-10 0.000000e+00 0.000000e+00
780000 -1.518232e-10 0.000000e+00 0.000000e+00
781000 -1.539830e-10 0.000000e+00 0.000000e+00
782000 -1.532331e-10 0.000000e+00 0.000000e+00
783000 -1.452415e-10 0.000000e+00 0.000000e+00
784000 -1.504702e-10 0.000000e+00 0.000000e+00
785000 -1.380174e-10 0.000000e+00 0.000000e+00
786000 -1.343525e-10 0.000000e+00 0.000000e+00
787000 -1.250624e-10 0.000000e+00 0.000000e+00
788000 -1.236043e-10 0.000000e+00 0.000000e+00
789000 -5.791674e-11 0.000000e+00 0.000000e+00
790000 -6.284841e-11 0.000000e+00 0.000000e+00
791000 -7.142868e-11 0.000000e+00 0.000000e+00
792000 -8.594519e-11 0.000000e+00 0.000000e+00
793000 -8.445304e-11 0.000000e+00 0.000000e+00
794000 -8.551441e-11 0.000000e+00 0.000000e+00
795000 -8.393031e-11 0.000000e+00 0.000000e+00
796000 -8.788143e-11 0.000000e+00 0.000000e+00
797000 -1.318439e-10 0.000000e+00 0.000000e+00
798000 -1.305098e-10 0.000000e+00 0.000000e+00
799000 -1.298653e-10 0.000000e+00 0.000000e+00
800000 -1.075654e-10 0.000000e+00 0.000000e+00
801000 -1.006269e-10 0.000000e+00 0.000000e+00
802000 -9.815084e-11 0.000000e+00 0.000000e+00
803000 -1.065793e-10 0.000000e+00 0.000000e+00
804000 -1.032781e-10 0.000000e+00 0.000000e+00
805000 -1.087497e-10 0.000000e+00 0.000000e+00
806000 -1.136646e-10 0.000000e+00 0.000000e+00
807000 -1.051482e-10 0.000000e+00 0.000000e+00
808000 -1.052128e-10 0.000000e+00 0.000000e+00
809000 -1.107570e-10 0.000000e+00 0.000000e+00
810000 -1.153611e-10 0.000000e+00 0.000000e+00
811000 -1.120442e-10 0.000000e+00 0.000000e+00
812000 -6.178910e-11 0.000000e+00 0.000000e+00
813000 -8.477874e-11 0.000000e+00 0.000000e+00
814000 -1.015657e-10 0.000000e+00 0.000000e+00
815000 -9.442134e-11 0.000000e+00 0.000000e+00
816000 -9.981378e-11 0.000000e+00 0.000000e+00
817000 -1.025751e-10 0.000000e+00 0.000000e+00
818000 -1.132985e-10 0.000000e+00 0.000000e+00
819000 -1.219096e-10 0.000000e+00 0.000000e+00
820000 -1.283255e-10 0.000000e+00 0.000000e+00
821000 -1.253732e-10 0.000000e+00 0.000000e+00
822000 -1.007696e-10 0.000000e+00 0.000000e+00
823000 -9.722312e-11 0.000000e+00 0.000000e+00
824000 -9.846360e-11 0.000000e+00 0.000000e+00
825000 -1.176618e-10 0.000000e+00 0.000000e+00
826000 -1.067049e-10 0.000000e+00 0.000000e+00
827000 -1.089282e-10 0.000000e+00 0.000000e+00
828000 -9.067530e-11 0.000000e+00 0.000000e+00
829000 -8.640263e-11 0.000000e+00 0.000000e+00
830000 -9.237618e-11 0.000000e+00 0.000000e+00
831000 -9.521783e-11 0.000000e+00 0.000000e+00
832000 -1.117868e-10 0.000000e+00 0.000000e+00
833000 -1.166973e-10 0.000000e+00 0.000000e+00
834000 -1.107658e-10 0.000000e+00 0.000000e+00
835000 -1.145836e-10 0.000000e+00 0.000000e+00
836000 -1.380592e-10 0.000000e+00 0.000000e+00
837000 -1.329238e-10 0.000000e+00 0.000000e+00
838000 -1.430574e-10 0.000000e+00 0.000000e+00
839000 -1.343477e-10 0.000000e+00 0.000000e+00
840000 -1.589143e-10 0.000000e+00 0.000000e+00
841000 -1.397373e-10 0.000000e+00 0.000000e+00
842000 -1.189525e-10 0.000000e+00 0.000000e+00
843000 -1.267663e-10 0.000000e+00 0.000000e+00
844000 -1.279442e-10 0.000000e+00 0.000000e+00
845000 -1.226836e-10 0.000000e+00 0.000000e+00
846000 -1.601720e-10 0.000000e+00 0.000000e+00
847000 -1.358397e-10 0.000000e+00 0.000000e+00
848000 -1.404036e-10 0.000000e+00 0.000000e+00
849000 -1.546757e-10 0.000000e+00 0.000000e+00
850000 -1.369639e-10 0.000000e+00 0.000000e+00
851000 -1.380902e-10 0.000000e+00 0.000000e+00
852000 -1.392177e-10 0.000000e+00 0.000000e+00
853000 -1.535655e-10 0.000000e+00 0.000000e+00
854000 -1.492217e-10 0.000000e+00 0.000000e+00
855000 -1.526616e-10 0.000000e+00 0.000000e+00
856000 -1.471512e-10 0.000000e+00 0.000000e+00
857000 -1.411951e-10 0.000000e+00 0.000000e+00
858000 -1.428929e-10 0.000000e+00 0.000000e+00
859000 -1.422628e-10 0.000000e+00 0.000000e+00
860000 -1.336739e-10 0.000000e+00 0.000000e+00
861000 -1.316650e-10 0.000000e+00 0.000000e+00
862000 -1.128294e-10 0.000000e+00 0.000000e+00
863000 -1.231372e-10 0.000000e+00 0.000000e+00
864000 -1.353725e-10 0.000000e+00 0.000000e+00
865000 -1.373704e-10 0.000000e+00 0.000000e+00
866000 -9.684586e-11 0.000000e+00 0.000000e+00
867000 -1.025928e-10 0.000000e+00 0.000000e+00
868000 -1.161096e-10 0.000000e+00 0.000000e+00
869000 -1.141689e-10 0.000000e+00 0.000000e+00
870000 -1.080101e-10 0.000000e+00 0.000000e+00
871000 -1.039132e-10 0.000000e+00 0.000000e+00
872000 -8.940994e-11 0.000000e+00 0.000000e+00
873000 -8.801900e-11 0.000000e+00 0.000000e+00
874000 -8.711779e-11 0.000000e+00 0.000000e+00
875000 -1.097274e-10 0.000000e+00 0.000000e+00
876000 -1.061656e-10 0.000000e+00 0.000000e+00
877000 -9.063609e-11 0.000000e+00 0.000000e+00
878000 -6.849240e-11 0.000000e+00 0.000000e+00
879000 -6.579547e-11 0.000000e+00 0.000000e+00
880000 -6.462962e-11 0.000000e+00 0.000000e+00
881000 -8.232066e-11 0.000000e+00 0.000000e+00
882000 -7.478150e-11 0.000000e+00 0.000000e+00
883000 -7.713202e-11 0.000000e+00 0.000000e+00
884000 -5.932779e-11 0.000000e+00 0.000000e+00
885000 -5.577964e-11 0.000000e+00 0.000000e+00
886000 -5.679117e-11 0.000000e+00 0.000000e+00
887000 -6.352746e-11 0.000000e+00 0.000000e+00
888000 -3.610539e-11 0.000000e+00 0.000000e+00
889000 -4.240734e-11 0.000000e+00 0.000000e+00
890000 -4.071715e-11 0.000000e+00 0.000000e+00
891000 -3.965947e-11 0.000000e+00 0.000000e+00
892000 -3.753328e-11 0.000000e+00 0.000000e+00
893000 -3.831310e-11 0.000000e+00 0.000000e+00
894000 -4.276525e-11 0.000000e+00 0.000000e+00
895000 -3.963151e-11 0.000000e+00 0.000000e+00
896000 -4.547513e-11 0.000000e+00 0.000000e+00
897000 -2.380238e-11 0.000000e+00 0.000000e+00
898000 -2.595723e-11 0.000000e+00 0.000000e+00
899000 -2.630317e-11 0.000000e+00 0.000000e+00
900000 -2.558760e-11 0.000000e+00 0.000000e+00
901000 -3.189745e-11 0.000000e+00 0.000000e+00
902000 -3.028175e-11 0.000000e+00 0.000000e+00
903000 -4.174181e-11 0.000000e+00 0.000000e+00
904000 -4.069265e-11 0.000000e+00 0.000000e+00
905000 -3.829244e-11 0.000000e+00 0.000000e+00
906000 -4.986573e-11 0.000000e+00 0.000000e+00
907000 -6.613528e-11 0.000000e+00 0.000000e+00
908000 -7.241548e-11 0.000000e+00 0.000000e+00
909000 -6.911962e-11 0.000000e+00 0.000000e+00
910000 -7.360179e-11 0.000000e+00 0.000000e+00
911000 -7.072884e-11 0.000000e+00 0.000000e+00
912000 -6.978222e-11 0.000000e+00 0.000000e+00
913000 -6.731604e-11 0.000000e+00 0.000000e+00
914000 -6.844358e-11 0.000000e+00 0.000000e+00
915000 -6.714793e-11 0.000000e+00 0.000000e+00
916000 -5.439972e-11 0.000000e+00 0.000000e+00
917000 -6.065663e-11 0.000000e+00 0.000000e+00
918000 -5.262051e-11 0.000000e+00 0.000000e+00
919000 -3.556395e-11 0.000000e+00 0.000000e+00
920000 -3.469074e-11 0.000000e+00 0.000000e+00
921000 -3.394647e-11 0.000000e+00 0.000000e+00
922000 -2.728769e-11 0.000000e+00 0.000000e+00
923000 -3.268352e-11 0.000000e+00 0.000000e+00
924000 -2.781966e-11 0.000000e+00 0.000000e+00
925000 1.077722e-10 0.000000e+00 0.000000e+00
926000 1.221010e-10 0.000000e+00 0.000000e+00
927000 1.234047e-10 0.000000e+00 0.000000e+00
928000 1.253344e-10 0.000000e+00 0.000000e+00
929000 1.173982e-10 0.000000e+00 0.000000e+00
930000 1.155865e-10 0.000000e+00 0.000000e+00
931000 1.092024e-10 0.000000e+00 0.000000e+00
932000 1.075178e-10 0.000000e+00 0.000000e+00
933000 1.119209e-10 0.000000e+00 0.000000e+00
934000 1.207931e-10 0.000000e+00 0.000000e+00
935000 9.890545e-11 0.000000e+00 0.000000e+00
936000 1.070104e-10 0.000000e+00 0.000000e+00
937000 8.106965e-11 0.000000e+00 0.000000e+00
938000 7.896741e-11 0.000000e+00 0.000000e+00
939000 7.398227e-11 0.000000e+00 0.000000e+00
940000 7.663763e-11 0.000000e+00 0.000000e+00
941000 7.672902e-11 0.000000e+00 0.000000e+00
942000 6.022077e-11 0.000000e+00 0.000000e+00
943000 6.095993e-11 0.000000e+00 0.000000e+00
944000 5.944661e-11 0.000000e+00 0.000000e+00
945000 4.808317e-11 0.000000e+00 0.000000e+00
946000 2.887056e-11 0.000000e+00 0.000000e+00
947000 3.070257e-11 0.000000e+00 0.000000e+00
948000 2.975276e-11 0.000000e+00 0.000000e+00
949000 6.694002e-11 0.000000e+00 0.000000e+00
950000 6.425577e-11 0.000000e+00 0.000000e+00
951000 6.220012e-11 0.000000e+00 0.000000e+00
952000 5.611748e-11 0.000000e+00 0.000000e+00
953000 6.330954e-11 0.000000e+00 0.000000e+00
954000 6.482202e-11 0.000000e+00 0.000000e+00
955000 7.560338e-11 0.000000e+00 0.000000e+00
956000 7.066407e-11 0.000000e+00 0.000000e+00
957000 6.964157e-11 0.000000e+00 0.000000e+00
958000 6.687752e-11 0.000000e+00 0.000000e+00
959000 7.084693e-11 0.000000e+00 0.000000e+00
960000 8.884362e-11 0.000000e+00 0.000000e+00
961000 8.862833e-11 0.000000e+00 0.000000e+00
962000 7.827593e-11 0.000000e+00 0.000000e+00
963000 8.742457e-11 0.000000e+00 0.000000e+00
964000 8.463648e-11 0.000000e+00 0.000000e+00
965000 7.979572e-11 0.000000e+00 0.000000e+00
966000 8.278030e-11 0.000000e+00 0.000000e+00
967000 1.031062e-10 0.000000e+00 0.000000e+00
968000 9.590127e-11 0.000000e+00 0.000000e+00
969000 1.016019e-10 0.000000e+00 0.000000e+00
970000 8.723811e-11 0.000000e+00 0.000000e+00
971000 1.082738e-10 0.000000e+00 0.000000e+00
972000 9.082848e-11 0.000000e+00 0.000000e+00
973000 9.854279e-11 0.000000e+00 0.000000e+00
974000 9.747641e-11 0.000000e+00 0.000000e+00
975000 9.301692e-11 0.000000e+00 0.000000e+00
976000 9.582254e-11 0.000000e+00 0.000000e+00
977000 1.051936e-10 0.000000e+00 0.000000e+00
978000 1.039809e-10 0.000000e+00 0.000000e+00
979000 1.063759e-10 0.000000e+00 0.000000e+00
980000 7.348867e-11 0.000000e+00 0.000000e+00
981000 7.384615e-11 0.000000e+00 0.000000e+00
982000 7.726231e-11 0.000000e+00 0.000000e+00
983000 1.144904e-10 0.000000e+00 0.000000e+00
984000 1.300945e-10 0.000000e+00 0.000000e+00
985000 1.312203e-10 0.000000e+00 0.000000e+00
986000 1.479084e-10 0.000000e+00 0.000000e+00
987000 1.447866e-10 0.000000e+00 0.000000e+00
988000 1.465723e-10 0.000000e+00 0.000000e+00
989000 1.489573e-10 0.000000e+00 0.000000e+00
990000 1.428586e-10 0.000000e+00 0.000000e+00
991000 1.367278e-10 0.000000e+00 0.000000e+00
992000 1.334263e-10 0.000000e+00 0.000000e+00
993000 1.323977e-10 0.000000e+00 0.000000e+00
994000 1.271990e-10 0.000000e+00 0.000000e+00
995000 1.451681e-10 0.000000e+00 0.000000e+00
996000 1.492622e-10 0.000000e+00 0.000000e+00
997000 1.389745e-10 0.000000e+00 0.000000e+00
998000 1.384249e-10 0.000000e+00 0.000000e+00
999000 1.399200e-10 0.000000e+00 0.000000e+00
