Step X Y Z 
125000 9.810981e-11 0.000000e+00 0.000000e+00
130000 9.587395e-11 0.000000e+00 0.000000e+00
135000 9.484875e-11 0.000000e+00 0.000000e+00
140000 9.366611e-11 0.000000e+00 0.000000e+00
145000 9.981651e-11 0.000000e+00 0.000000e+00
150000 1.008915e-10 0.000000e+00 0.000000e+00
155000 1.027043e-10 0.000000e+00 0.000000e+00
160000 9.716952e-11 0.000000e+00 0.000000e+00
165000 1.041953e-10 0.000000e+00 0.000000e+00
170000 1.055900e-10 0.000000e+00 0.000000e+00
175000 1.056947e-10 0.000000e+00 0.000000e+00
180000 9.250753e-11 0.000000e+00 0.000000e+00
185000 9.089895e-11 0.000000e+00 0.000000e+00
190000 1.074983e-10 0.000000e+00 0.000000e+00
195000 1.076734e-10 0.000000e+00 0.000000e+00
200000 1.088138e-10 0.000000e+00 0.000000e+00
205000 1.098180e-10 0.000000e+00 0.000000e+00
210000 8.998270e-11 0.000000e+00 0.000000e+00
215000 8.916110e-11 0.000000e+00 0.000000e+00
220000 1.102417e-10 0.000000e+00 0.000000e+00
225000 1.107182e-10 0.000000e+00 0.000000e+00
230000 1.068105e-10 0.000000e+00 0.000000e+00
235000 8.814677e-11 0.000000e+00 0.000000e+00
240000 1.119675e-10 0.000000e+00 0.000000e+00
245000 1.091045e-10 0.000000e+00 0.000000e+00
250000 9.509971e-11 0.000000e+00 0.000000e+00
255000 9.386922e-11 0.000000e+00 0.000000e+00
260000 1.105229e-10 0.000000e+00 0.000000e+00
265000 8.183260e-11 0.000000e+00 0.000000e+00
270000 8.735722e-11 0.000000e+00 0.000000e+00
275000 8.800235e-11 0.000000e+00 0.000000e+00
280000 8.645579e-11 0.000000e+00 0.000000e+00
285000 8.591678e-11 0.000000e+00 0.000000e+00
290000 9.381555e-11 0.000000e+00 0.000000e+00
295000 8.562426e-11 0.000000e+00 0.000000e+00
300000 8.459352e-11 0.000000e+00 0.000000e+00
305000 8.350132e-11 0.000000e+00 0.000000e+00
310000 9.822251e-11 0.000000e+00 0.000000e+00
315000 9.202872e-11 0.000000e+00 0.000000e+00
320000 1.018416e-10 0.000000e+00 0.000000e+00
325000 1.011527e-10 0.000000e+00 0.000000e+00
330000 7.165781e-11 0.000000e+00 0.000000e+00
335000 9.662471e-11 0.000000e+00 0.000000e+00
340000 1.215658e-10 0.000000e+00 0.000000e+00
345000 9.119192e-11 0.000000e+00 0.000000e+00
350000 1.015978e-10 0.000000e+00 0.000000e+00
355000 8.474072e-11 0.000000e+00 0.000000e+00
360000 8.370027e-11 0.000000e+00 0.000000e+00
365000 1.032862e-10 0.000000e+00 0.000000e+00
370000 7.843091e-11 0.000000e+00 0.000000e+00
375000 8.752668e-11 0.000000e+00 0.000000e+00
380000 9.168361e-11 0.000000e+00 0.000000e+00
385000 5.936949e-11 0.000000e+00 0.000000e+00
390000 9.024114e-11 0.000000e+00 0.000000e+00
395000 1.242596e-10 0.000000e+00 0.000000e+00
400000 8.919725e-11 0.000000e+00 0.000000e+00
405000 9.627555e-11 0.000000e+00 0.000000e+00
410000 1.148901e-10 0.000000e+00 0.000000e+00
415000 1.061248e-10 0.000000e+00 0.000000e+00
420000 8.780309e-11 0.000000e+00 0.000000e+00
425000 8.077390e-11 0.000000e+00 0.000000e+00
430000 8.519407e-11 0.000000e+00 0.000000e+00
435000 1.082327e-10 0.000000e+00 0.000000e+00
440000 1.220258e-10 0.000000e+00 0.000000e+00
445000 5.539985e-11 0.000000e+00 0.000000e+00
450000 8.494114e-11 0.000000e+00 0.000000e+00
455000 9.784290e-11 0.000000e+00 0.000000e+00
460000 9.511419e-11 0.000000e+00 0.000000e+00
465000 -1.017273e-10 0.000000e+00 0.000000e+00
470000 -9.762645e-11 0.000000e+00 0.000000e+00
475000 -9.919098e-11 0.000000e+00 0.000000e+00
480000 -1.032985e-10 0.000000e+00 0.000000e+00
485000 -1.043930e-10 0.000000e+00 0.000000e+00
490000 -1.060015e-10 0.000000e+00 0.000000e+00
495000 -1.002189e-10 0.000000e+00 0.000000e+00
500000 -9.629450e-11 0.000000e+00 0.000000e+00
505000 -9.545837e-11 0.000000e+00 0.000000e+00
510000 -9.422222e-11 0.000000e+00 0.000000e+00
515000 -1.074058e-10 0.000000e+00 0.000000e+00
520000 -9.258838e-11 0.000000e+00 0.000000e+00
525000 -9.175192e-11 0.000000e+00 0.000000e+00
530000 -9.092963e-11 0.000000e+00 0.000000e+00
535000 -1.085088e-10 0.000000e+00 0.000000e+00
540000 -9.009703e-11 0.000000e+00 0.000000e+00
545000 -8.927417e-11 0.000000e+00 0.000000e+00
550000 -1.097287e-10 0.000000e+00 0.000000e+00
555000 -8.818115e-11 0.000000e+00 0.000000e+00
560000 -9.838146e-11 0.000000e+00 0.000000e+00
565000 -1.022350e-10 0.000000e+00 0.000000e+00
570000 -9.330361e-11 0.000000e+00 0.000000e+00
575000 -9.940015e-11 0.000000e+00 0.000000e+00
580000 -1.137330e-10 0.000000e+00 0.000000e+00
585000 -9.702521e-11 0.000000e+00 0.000000e+00
590000 -9.477834e-11 0.000000e+00 0.000000e+00
595000 -9.618489e-11 0.000000e+00 0.000000e+00
600000 -9.799679e-11 0.000000e+00 0.000000e+00
605000 -9.027570e-11 0.000000e+00 0.000000e+00
610000 -1.028084e-10 0.000000e+00 0.000000e+00
615000 -9.402048e-11 0.000000e+00 0.000000e+00
620000 -9.251321e-11 0.000000e+00 0.000000e+00
625000 -8.709317e-11 0.000000e+00 0.000000e+00
630000 -8.899146e-11 0.000000e+00 0.000000e+00
635000 -8.743349e-11 0.000000e+00 0.000000e+00
640000 -9.940022e-11 0.000000e+00 0.000000e+00
645000 -1.069645e-10 0.000000e+00 0.000000e+00
650000 -1.050743e-10 0.000000e+00 0.000000e+00
655000 -8.574213e-11 0.000000e+00 0.000000e+00
660000 -1.114475e-10 0.000000e+00 0.000000e+00
665000 -9.962101e-11 0.000000e+00 0.000000e+00
670000 -9.699061e-11 0.000000e+00 0.000000e+00
675000 -9.506633e-11 0.000000e+00 0.000000e+00
680000 -9.828067e-11 0.000000e+00 0.000000e+00
685000 -9.179425e-11 0.000000e+00 0.000000e+00
690000 -8.188686e-11 0.000000e+00 0.000000e+00
695000 -1.082029e-10 0.000000e+00 0.000000e+00
700000 -9.591356e-11 0.000000e+00 0.000000e+00
705000 -8.828794e-11 0.000000e+00 0.000000e+00
710000 -8.467509e-11 0.000000e+00 0.000000e+00
715000 -1.102501e-10 0.000000e+00 0.000000e+00
720000 -1.088810e-10 0.000000e+00 0.000000e+00
725000 -1.092349e-10 0.000000e+00 0.000000e+00
730000 -1.045841e-10 0.000000e+00 0.000000e+00
735000 -1.258686e-10 0.000000e+00 0.000000e+00
740000 -7.929700e-11 0.000000e+00 0.000000e+00
745000 -1.055998e-10 0.000000e+00 0.000000e+00
750000 -7.304178e-11 0.000000e+00 0.000000e+00
755000 -8.910984e-11 0.000000e+00 0.000000e+00
760000 -9.750520e-11 0.000000e+00 0.000000e+00
765000 -1.155549e-10 0.000000e+00 0.000000e+00
770000 -1.211462e-10 0.000000e+00 0.000000e+00
775000 -9.216467e-11 0.000000e+00 0.000000e+00
780000 -1.084878e-10 0.000000e+00 0.000000e+00
785000 -1.347842e-10 0.000000e+00 0.000000e+00
790000 -7.561331e-11 0.000000e+00 0.000000e+00
795000 -8.232465e-11 0.000000e+00 0.000000e+00
800000 -7.507096e-11 0.000000e+00 0.000000e+00
805000 9.364892e-11 0.000000e+00 0.000000e+00
810000 -8.821770e-11 0.000000e+00 0.000000e+00
815000 -8.109875e-11 0.000000e+00 0.000000e+00
820000 -6.131744e-11 0.000000e+00 0.000000e+00
825000 -7.055661e-11 0.000000e+00 0.000000e+00
830000 -6.563845e-11 0.000000e+00 0.000000e+00
835000 -9.021385e-11 0.000000e+00 0.000000e+00
840000 8.848559e-11 0.000000e+00 0.000000e+00
845000 -8.845394e-11 0.000000e+00 0.000000e+00
850000 -9.483257e-11 0.000000e+00 0.000000e+00
855000 -8.666017e-11 0.000000e+00 0.000000e+00
860000 -8.607434e-11 0.000000e+00 0.000000e+00
865000 -8.411374e-11 0.000000e+00 0.000000e+00
870000 -1.011708e-10 0.000000e+00 0.000000e+00
875000 9.524279e-11 0.000000e+00 0.000000e+00
880000 -4.171685e-11 0.000000e+00 0.000000e+00
885000 -1.109940e-10 0.000000e+00 0.000000e+00
890000 -1.124398e-10 0.000000e+00 0.000000e+00
895000 -1.111328e-10 0.000000e+00 0.000000e+00
900000 -8.620940e-11 0.000000e+00 0.000000e+00
905000 -6.235907e-11 0.000000e+00 0.000000e+00
910000 -1.136251e-10 0.000000e+00 0.000000e+00
915000 -7.257495e-11 0.000000e+00 0.000000e+00
920000 -1.133569e-10 0.000000e+00 0.000000e+00
925000 -7.162992e-11 0.000000e+00 0.000000e+00
930000 9.549050e-11 0.000000e+00 0.000000e+00
935000 -1.096213e-10 0.000000e+00 0.000000e+00
940000 -9.566358e-11 0.000000e+00 0.000000e+00
945000 -7.412501e-11 0.000000e+00 0.000000e+00
950000 -1.142565e-10 0.000000e+00 0.000000e+00
955000 -1.114989e-10 0.000000e+00 0.000000e+00
960000 -6.363706e-11 0.000000e+00 0.000000e+00
965000 -8.026117e-11 0.000000e+00 0.000000e+00
970000 -9.407470e-11 0.000000e+00 0.000000e+00
975000 -8.404738e-11 0.000000e+00 0.000000e+00
980000 1.095035e-10 0.000000e+00 0.000000e+00
985000 -9.244353e-11 0.000000e+00 0.000000e+00
990000 -1.016455e-10 0.000000e+00 0.000000e+00
995000 -8.730120e-11 0.000000e+00 0.000000e+00
