FX FY FZ 
7.985312e-11 0.000000e+00 0.000000e+00
-3.732182e-10 0.000000e+00 0.000000e+00
3.355364e-10 0.000000e+00 0.000000e+00
5.288331e-10 0.000000e+00 0.000000e+00
4.156801e-10 0.000000e+00 0.000000e+00
4.487212e-10 0.000000e+00 0.000000e+00
5.135365e-10 0.000000e+00 0.000000e+00
3.706116e-10 0.000000e+00 0.000000e+00
3.917503e-10 0.000000e+00 0.000000e+00
4.936859e-10 0.000000e+00 0.000000e+00
5.622446e-10 0.000000e+00 0.000000e+00
-6.653377e-11 0.000000e+00 0.000000e+00
-2.745222e-10 0.000000e+00 0.000000e+00
-6.618363e-10 0.000000e+00 0.000000e+00
-7.670306e-10 0.000000e+00 0.000000e+00
-5.126340e-10 0.000000e+00 0.000000e+00
-5.605580e-10 0.000000e+00 0.000000e+00
-7.036735e-10 0.000000e+00 0.000000e+00
-8.294534e-10 0.000000e+00 0.000000e+00
-9.233215e-10 0.000000e+00 0.000000e+00
-1.024399e-09 0.000000e+00 0.000000e+00
-4.603384e-10 0.000000e+00 0.000000e+00
-1.770862e-10 0.000000e+00 0.000000e+00
2.200060e-10 0.000000e+00 0.000000e+00
1.305823e-10 0.000000e+00 0.000000e+00
2.608521e-10 0.000000e+00 0.000000e+00
4.717121e-10 0.000000e+00 0.000000e+00
-3.978610e-12 0.000000e+00 0.000000e+00
4.974794e-11 0.000000e+00 0.000000e+00
-2.194773e-10 0.000000e+00 0.000000e+00
-1.168900e-10 0.000000e+00 0.000000e+00
2.801838e-10 0.000000e+00 0.000000e+00
3.093365e-10 0.000000e+00 0.000000e+00
1.031208e-10 0.000000e+00 0.000000e+00
6.917319e-11 0.000000e+00 0.000000e+00
4.336676e-10 0.000000e+00 0.000000e+00
6.065830e-10 0.000000e+00 0.000000e+00
5.932483e-10 0.000000e+00 0.000000e+00
-1.844835e-09 0.000000e+00 0.000000e+00
5.870653e-10 0.000000e+00 0.000000e+00
5.460867e-10 0.000000e+00 0.000000e+00
4.528965e-10 0.000000e+00 0.000000e+00
1.733813e-10 0.000000e+00 0.000000e+00
1.797334e-10 0.000000e+00 0.000000e+00
3.478674e-10 0.000000e+00 0.000000e+00
2.179613e-10 0.000000e+00 0.000000e+00
-1.309194e-09 0.000000e+00 0.000000e+00
-1.573800e-09 0.000000e+00 0.000000e+00
-1.101468e-09 0.000000e+00 0.000000e+00
1.401293e-10 0.000000e+00 0.000000e+00
-9.959731e-10 0.000000e+00 0.000000e+00
-5.320842e-12 0.000000e+00 0.000000e+00
4.161133e-11 0.000000e+00 0.000000e+00
-8.797830e-10 0.000000e+00 0.000000e+00
-3.189982e-10 0.000000e+00 0.000000e+00
-4.204823e-10 0.000000e+00 0.000000e+00
-1.812638e-10 0.000000e+00 0.000000e+00
-6.013142e-10 0.000000e+00 0.000000e+00
-3.404342e-10 0.000000e+00 0.000000e+00
-4.106858e-10 0.000000e+00 0.000000e+00
-2.348166e-10 0.000000e+00 0.000000e+00
-1.169843e-09 0.000000e+00 0.000000e+00
-1.399150e-09 0.000000e+00 0.000000e+00
-1.670337e-09 0.000000e+00 0.000000e+00
-1.490359e-09 0.000000e+00 0.000000e+00
-1.247229e-09 0.000000e+00 0.000000e+00
-1.915797e-09 0.000000e+00 0.000000e+00
-1.095945e-09 0.000000e+00 0.000000e+00
-1.482855e-09 0.000000e+00 0.000000e+00
-5.997064e-10 0.000000e+00 0.000000e+00
-8.367411e-10 0.000000e+00 0.000000e+00
-7.345199e-10 0.000000e+00 0.000000e+00
-6.607983e-10 0.000000e+00 0.000000e+00
-1.066959e-09 0.000000e+00 0.000000e+00
5.754216e-10 0.000000e+00 0.000000e+00
5.076631e-10 0.000000e+00 0.000000e+00
6.322417e-10 0.000000e+00 0.000000e+00
6.206030e-10 0.000000e+00 0.000000e+00
6.011723e-10 0.000000e+00 0.000000e+00
6.290457e-10 0.000000e+00 0.000000e+00
6.163478e-10 0.000000e+00 0.000000e+00
6.118382e-10 0.000000e+00 0.000000e+00
6.327688e-10 0.000000e+00 0.000000e+00
6.277512e-10 0.000000e+00 0.000000e+00
5.876125e-10 0.000000e+00 0.000000e+00
5.556681e-10 0.000000e+00 0.000000e+00
4.060349e-10 0.000000e+00 0.000000e+00
4.687864e-10 0.000000e+00 0.000000e+00
4.196096e-10 0.000000e+00 0.000000e+00
-2.523178e-10 0.000000e+00 0.000000e+00
7.073762e-10 0.000000e+00 0.000000e+00
1.520631e-09 0.000000e+00 0.000000e+00
1.293736e-09 0.000000e+00 0.000000e+00
-4.936409e-11 0.000000e+00 0.000000e+00
4.583544e-10 0.000000e+00 0.000000e+00
2.637108e-10 0.000000e+00 0.000000e+00
5.903218e-10 0.000000e+00 0.000000e+00
-4.995124e-10 0.000000e+00 0.000000e+00
-4.142991e-10 0.000000e+00 0.000000e+00
-3.800208e-10 0.000000e+00 0.000000e+00
-3.533168e-10 0.000000e+00 0.000000e+00
-5.239526e-10 0.000000e+00 0.000000e+00
-5.772367e-10 0.000000e+00 0.000000e+00
-6.277697e-10 0.000000e+00 0.000000e+00
3.435342e-10 0.000000e+00 0.000000e+00
5.258791e-10 0.000000e+00 0.000000e+00
7.781595e-10 0.000000e+00 0.000000e+00
8.588329e-10 0.000000e+00 0.000000e+00
-1.745042e-10 0.000000e+00 0.000000e+00
5.122038e-11 0.000000e+00 0.000000e+00
-2.062568e-10 0.000000e+00 0.000000e+00
2.081151e-10 0.000000e+00 0.000000e+00
3.977083e-10 0.000000e+00 0.000000e+00
-2.920084e-10 0.000000e+00 0.000000e+00
1.158481e-10 0.000000e+00 0.000000e+00
-8.307215e-11 0.000000e+00 0.000000e+00
-5.877178e-12 0.000000e+00 0.000000e+00
1.601190e-10 0.000000e+00 0.000000e+00
-3.163073e-10 0.000000e+00 0.000000e+00
-4.414678e-10 0.000000e+00 0.000000e+00
-4.746787e-10 0.000000e+00 0.000000e+00
-1.391429e-10 0.000000e+00 0.000000e+00
-1.195217e-10 0.000000e+00 0.000000e+00
9.811503e-10 0.000000e+00 0.000000e+00
2.356677e-10 0.000000e+00 0.000000e+00
-4.504637e-10 0.000000e+00 0.000000e+00
-6.327756e-10 0.000000e+00 0.000000e+00
-6.048882e-10 0.000000e+00 0.000000e+00
-5.159816e-10 0.000000e+00 0.000000e+00
-1.574010e-10 0.000000e+00 0.000000e+00
6.310691e-10 0.000000e+00 0.000000e+00
8.050291e-10 0.000000e+00 0.000000e+00
1.413066e-09 0.000000e+00 0.000000e+00
-2.345381e-10 0.000000e+00 0.000000e+00
-3.562586e-10 0.000000e+00 0.000000e+00
1.292056e-10 0.000000e+00 0.000000e+00
2.105051e-09 0.000000e+00 0.000000e+00
2.609207e-11 0.000000e+00 0.000000e+00
7.084178e-11 0.000000e+00 0.000000e+00
4.341143e-10 0.000000e+00 0.000000e+00
3.262982e-10 0.000000e+00 0.000000e+00
2.632868e-10 0.000000e+00 0.000000e+00
5.413850e-10 0.000000e+00 0.000000e+00
8.419885e-10 0.000000e+00 0.000000e+00
4.878779e-10 0.000000e+00 0.000000e+00
3.053863e-10 0.000000e+00 0.000000e+00
2.964571e-10 0.000000e+00 0.000000e+00
-9.605359e-11 0.000000e+00 0.000000e+00
-2.735925e-10 0.000000e+00 0.000000e+00
-2.643928e-10 0.000000e+00 0.000000e+00
1.795376e-10 0.000000e+00 0.000000e+00
-1.898978e-10 0.000000e+00 0.000000e+00
-6.030768e-13 0.000000e+00 0.000000e+00
8.103905e-11 0.000000e+00 0.000000e+00
1.068630e-10 0.000000e+00 0.000000e+00
-5.957571e-10 0.000000e+00 0.000000e+00
-5.386100e-10 0.000000e+00 0.000000e+00
-6.286085e-10 0.000000e+00 0.000000e+00
-6.315012e-10 0.000000e+00 0.000000e+00
-6.152380e-10 0.000000e+00 0.000000e+00
-5.547109e-10 0.000000e+00 0.000000e+00
-5.894047e-10 0.000000e+00 0.000000e+00
-6.202585e-10 0.000000e+00 0.000000e+00
-6.323615e-10 0.000000e+00 0.000000e+00
-5.484260e-10 0.000000e+00 0.000000e+00
-4.631870e-10 0.000000e+00 0.000000e+00
-5.870623e-10 0.000000e+00 0.000000e+00
-3.358600e-10 0.000000e+00 0.000000e+00
-3.314620e-10 0.000000e+00 0.000000e+00
-4.804736e-11 0.000000e+00 0.000000e+00
4.591311e-11 0.000000e+00 0.000000e+00
-5.608510e-10 0.000000e+00 0.000000e+00
-5.759692e-10 0.000000e+00 0.000000e+00
-3.975599e-10 0.000000e+00 0.000000e+00
-4.292973e-10 0.000000e+00 0.000000e+00
-3.809441e-10 0.000000e+00 0.000000e+00
-4.954368e-10 0.000000e+00 0.000000e+00
-5.347113e-10 0.000000e+00 0.000000e+00
-4.857478e-10 0.000000e+00 0.000000e+00
-4.091446e-10 0.000000e+00 0.000000e+00
1.575511e-09 0.000000e+00 0.000000e+00
1.798201e-09 0.000000e+00 0.000000e+00
1.676947e-09 0.000000e+00 0.000000e+00
1.946074e-09 0.000000e+00 0.000000e+00
2.143065e-09 0.000000e+00 0.000000e+00
2.302005e-09 0.000000e+00 0.000000e+00
2.511617e-09 0.000000e+00 0.000000e+00
2.201779e-09 0.000000e+00 0.000000e+00
2.433401e-09 0.000000e+00 0.000000e+00
2.924253e-09 0.000000e+00 0.000000e+00
3.082075e-09 0.000000e+00 0.000000e+00
2.125075e-10 0.000000e+00 0.000000e+00
1.646898e-10 0.000000e+00 0.000000e+00
-6.250871e-10 0.000000e+00 0.000000e+00
-5.485842e-10 0.000000e+00 0.000000e+00
8.046734e-11 0.000000e+00 0.000000e+00
-5.001355e-10 0.000000e+00 0.000000e+00
-5.703226e-10 0.000000e+00 0.000000e+00
-6.322991e-10 0.000000e+00 0.000000e+00
-6.090534e-10 0.000000e+00 0.000000e+00
-5.890430e-10 0.000000e+00 0.000000e+00
-5.209729e-10 0.000000e+00 0.000000e+00
-5.443117e-10 0.000000e+00 0.000000e+00
-6.245235e-10 0.000000e+00 0.000000e+00
-6.301205e-10 0.000000e+00 0.000000e+00
-6.307877e-10 0.000000e+00 0.000000e+00
-6.082610e-10 0.000000e+00 0.000000e+00
-6.206371e-10 0.000000e+00 0.000000e+00
-5.071386e-10 0.000000e+00 0.000000e+00
-5.596698e-10 0.000000e+00 0.000000e+00
-5.993959e-10 0.000000e+00 0.000000e+00
-5.826072e-10 0.000000e+00 0.000000e+00
-6.173323e-10 0.000000e+00 0.000000e+00
-6.311821e-10 0.000000e+00 0.000000e+00
-6.262741e-10 0.000000e+00 0.000000e+00
-6.129295e-10 0.000000e+00 0.000000e+00
-5.580624e-10 0.000000e+00 0.000000e+00
-5.968385e-10 0.000000e+00 0.000000e+00
-6.016749e-10 0.000000e+00 0.000000e+00
-6.215012e-10 0.000000e+00 0.000000e+00
-5.771267e-10 0.000000e+00 0.000000e+00
-5.933610e-10 0.000000e+00 0.000000e+00
-4.157047e-10 0.000000e+00 0.000000e+00
-3.816509e-10 0.000000e+00 0.000000e+00
-6.979136e-11 0.000000e+00 0.000000e+00
-2.498311e-10 0.000000e+00 0.000000e+00
-3.260526e-10 0.000000e+00 0.000000e+00
-2.925352e-10 0.000000e+00 0.000000e+00
-3.026242e-10 0.000000e+00 0.000000e+00
-4.814929e-10 0.000000e+00 0.000000e+00
-4.392049e-10 0.000000e+00 0.000000e+00
-5.319881e-10 0.000000e+00 0.000000e+00
-6.323789e-10 0.000000e+00 0.000000e+00
-6.162569e-10 0.000000e+00 0.000000e+00
-6.214564e-10 0.000000e+00 0.000000e+00
-5.654303e-10 0.000000e+00 0.000000e+00
6.316289e-10 0.000000e+00 0.000000e+00
6.180097e-10 0.000000e+00 0.000000e+00
6.149655e-10 0.000000e+00 0.000000e+00
5.320558e-10 0.000000e+00 0.000000e+00
5.954596e-10 0.000000e+00 0.000000e+00
2.663502e-10 0.000000e+00 0.000000e+00
2.527672e-10 0.000000e+00 0.000000e+00
2.207807e-10 0.000000e+00 0.000000e+00
1.545868e-10 0.000000e+00 0.000000e+00
1.975532e-10 0.000000e+00 0.000000e+00
2.347023e-10 0.000000e+00 0.000000e+00
5.986038e-10 0.000000e+00 0.000000e+00
2.389858e-10 0.000000e+00 0.000000e+00
2.979143e-10 0.000000e+00 0.000000e+00
3.964715e-10 0.000000e+00 0.000000e+00
-3.049663e-10 0.000000e+00 0.000000e+00
-6.610748e-11 0.000000e+00 0.000000e+00
4.781379e-10 0.000000e+00 0.000000e+00
4.864282e-10 0.000000e+00 0.000000e+00
5.532144e-10 0.000000e+00 0.000000e+00
5.697969e-10 0.000000e+00 0.000000e+00
5.847637e-10 0.000000e+00 0.000000e+00
3.546217e-10 0.000000e+00 0.000000e+00
2.717930e-10 0.000000e+00 0.000000e+00
4.232959e-10 0.000000e+00 0.000000e+00
1.684148e-10 0.000000e+00 0.000000e+00
-4.186416e-11 0.000000e+00 0.000000e+00
-1.375784e-10 0.000000e+00 0.000000e+00
-2.542606e-10 0.000000e+00 0.000000e+00
1.094253e-10 0.000000e+00 0.000000e+00
-8.271243e-11 0.000000e+00 0.000000e+00
3.728314e-10 0.000000e+00 0.000000e+00
2.982475e-10 0.000000e+00 0.000000e+00
1.751789e-10 0.000000e+00 0.000000e+00
1.245247e-10 0.000000e+00 0.000000e+00
1.051989e-10 0.000000e+00 0.000000e+00
6.098506e-10 0.000000e+00 0.000000e+00
6.024087e-10 0.000000e+00 0.000000e+00
5.719335e-10 0.000000e+00 0.000000e+00
4.417958e-10 0.000000e+00 0.000000e+00
6.239907e-10 0.000000e+00 0.000000e+00
6.251279e-10 0.000000e+00 0.000000e+00
6.301657e-10 0.000000e+00 0.000000e+00
6.311342e-10 0.000000e+00 0.000000e+00
6.303891e-10 0.000000e+00 0.000000e+00
6.326819e-10 0.000000e+00 0.000000e+00
6.297647e-10 0.000000e+00 0.000000e+00
3.373270e-10 0.000000e+00 0.000000e+00
2.444211e-10 0.000000e+00 0.000000e+00
4.047687e-11 0.000000e+00 0.000000e+00
-5.472607e-10 0.000000e+00 0.000000e+00
-4.670506e-10 0.000000e+00 0.000000e+00
-7.245080e-10 0.000000e+00 0.000000e+00
-1.604847e-10 0.000000e+00 0.000000e+00
-1.310802e-10 0.000000e+00 0.000000e+00
-4.849361e-10 0.000000e+00 0.000000e+00
-9.850319e-10 0.000000e+00 0.000000e+00
-9.055445e-10 0.000000e+00 0.000000e+00
-2.038190e-09 0.000000e+00 0.000000e+00
-1.011940e-10 0.000000e+00 0.000000e+00
-2.899579e-10 0.000000e+00 0.000000e+00
6.208810e-10 0.000000e+00 0.000000e+00
5.358008e-10 0.000000e+00 0.000000e+00
5.227799e-10 0.000000e+00 0.000000e+00
3.816003e-10 0.000000e+00 0.000000e+00
5.800163e-10 0.000000e+00 0.000000e+00
5.641052e-10 0.000000e+00 0.000000e+00
5.053486e-10 0.000000e+00 0.000000e+00
4.015810e-10 0.000000e+00 0.000000e+00
6.061024e-10 0.000000e+00 0.000000e+00
6.130705e-10 0.000000e+00 0.000000e+00
6.323175e-10 0.000000e+00 0.000000e+00
6.321318e-10 0.000000e+00 0.000000e+00
3.548136e-10 0.000000e+00 0.000000e+00
-2.348300e-12 0.000000e+00 0.000000e+00
-1.014271e-10 0.000000e+00 0.000000e+00
3.233241e-10 0.000000e+00 0.000000e+00
2.799521e-10 0.000000e+00 0.000000e+00
4.992281e-10 0.000000e+00 0.000000e+00
5.436436e-10 0.000000e+00 0.000000e+00
5.372843e-10 0.000000e+00 0.000000e+00
5.781760e-10 0.000000e+00 0.000000e+00
6.217915e-10 0.000000e+00 0.000000e+00
6.048049e-10 0.000000e+00 0.000000e+00
6.266275e-10 0.000000e+00 0.000000e+00
5.630991e-10 0.000000e+00 0.000000e+00
4.882247e-10 0.000000e+00 0.000000e+00
4.766589e-10 0.000000e+00 0.000000e+00
3.110337e-10 0.000000e+00 0.000000e+00
-1.446557e-10 0.000000e+00 0.000000e+00
-1.908934e-10 0.000000e+00 0.000000e+00
-1.785944e-10 0.000000e+00 0.000000e+00
-1.597803e-10 0.000000e+00 0.000000e+00
-1.222558e-10 0.000000e+00 0.000000e+00
-8.512376e-11 0.000000e+00 0.000000e+00
-1.726655e-11 0.000000e+00 0.000000e+00
1.272072e-11 0.000000e+00 0.000000e+00
5.235883e-11 0.000000e+00 0.000000e+00
3.420472e-11 0.000000e+00 0.000000e+00
-5.338789e-11 0.000000e+00 0.000000e+00
-3.005798e-11 0.000000e+00 0.000000e+00
-2.117965e-10 0.000000e+00 0.000000e+00
-2.732003e-10 0.000000e+00 0.000000e+00
-2.335050e-10 0.000000e+00 0.000000e+00
-5.101977e-10 0.000000e+00 0.000000e+00
-4.553570e-10 0.000000e+00 0.000000e+00
-3.985880e-10 0.000000e+00 0.000000e+00
-3.390659e-10 0.000000e+00 0.000000e+00
-3.657481e-10 0.000000e+00 0.000000e+00
-4.428832e-10 0.000000e+00 0.000000e+00
-5.827720e-10 0.000000e+00 0.000000e+00
-6.055764e-10 0.000000e+00 0.000000e+00
-6.238463e-10 0.000000e+00 0.000000e+00
-6.131757e-10 0.000000e+00 0.000000e+00
-5.290344e-10 0.000000e+00 0.000000e+00
7.429185e-10 0.000000e+00 0.000000e+00
6.116146e-10 0.000000e+00 0.000000e+00
5.676164e-10 0.000000e+00 0.000000e+00
3.489723e-10 0.000000e+00 0.000000e+00
1.039790e-09 0.000000e+00 0.000000e+00
1.130609e-09 0.000000e+00 0.000000e+00
1.178749e-09 0.000000e+00 0.000000e+00
9.170533e-10 0.000000e+00 0.000000e+00
1.078826e-09 0.000000e+00 0.000000e+00
1.243002e-09 0.000000e+00 0.000000e+00
8.898680e-10 0.000000e+00 0.000000e+00
6.716303e-10 0.000000e+00 0.000000e+00
3.988075e-12 0.000000e+00 0.000000e+00
-3.003364e-10 0.000000e+00 0.000000e+00
-1.051658e-10 0.000000e+00 0.000000e+00
-4.412996e-10 0.000000e+00 0.000000e+00
-4.716188e-10 0.000000e+00 0.000000e+00
-5.152171e-10 0.000000e+00 0.000000e+00
-5.947670e-10 0.000000e+00 0.000000e+00
-2.260153e-10 0.000000e+00 0.000000e+00
-2.107886e-10 0.000000e+00 0.000000e+00
-3.163361e-10 0.000000e+00 0.000000e+00
-4.789475e-10 0.000000e+00 0.000000e+00
-4.098107e-10 0.000000e+00 0.000000e+00
-7.193557e-11 0.000000e+00 0.000000e+00
1.470031e-09 0.000000e+00 0.000000e+00
1.131210e-09 0.000000e+00 0.000000e+00
9.506359e-10 0.000000e+00 0.000000e+00
1.035938e-09 0.000000e+00 0.000000e+00
-2.426629e-10 0.000000e+00 0.000000e+00
9.697863e-10 0.000000e+00 0.000000e+00
1.352612e-09 0.000000e+00 0.000000e+00
1.604378e-09 0.000000e+00 0.000000e+00
1.245848e-09 0.000000e+00 0.000000e+00
4.196682e-10 0.000000e+00 0.000000e+00
7.250297e-10 0.000000e+00 0.000000e+00
3.652004e-10 0.000000e+00 0.000000e+00
6.760064e-10 0.000000e+00 0.000000e+00
4.791685e-10 0.000000e+00 0.000000e+00
4.970271e-10 0.000000e+00 0.000000e+00
2.030198e-09 0.000000e+00 0.000000e+00
1.882623e-09 0.000000e+00 0.000000e+00
1.491870e-09 0.000000e+00 0.000000e+00
1.710749e-09 0.000000e+00 0.000000e+00
1.660319e-09 0.000000e+00 0.000000e+00
1.140193e-09 0.000000e+00 0.000000e+00
6.977893e-10 0.000000e+00 0.000000e+00
2.733024e-09 0.000000e+00 0.000000e+00
2.612011e-09 0.000000e+00 0.000000e+00
2.408488e-09 0.000000e+00 0.000000e+00
1.397642e-09 0.000000e+00 0.000000e+00
1.196544e-09 0.000000e+00 0.000000e+00
1.335204e-09 0.000000e+00 0.000000e+00
1.568098e-09 0.000000e+00 0.000000e+00
1.882673e-09 0.000000e+00 0.000000e+00
1.784605e-09 0.000000e+00 0.000000e+00
8.989983e-10 0.000000e+00 0.000000e+00
7.951611e-10 0.000000e+00 0.000000e+00
-6.096784e-10 0.000000e+00 0.000000e+00
-5.663777e-10 0.000000e+00 0.000000e+00
-5.411362e-10 0.000000e+00 0.000000e+00
-5.474530e-10 0.000000e+00 0.000000e+00
-6.021723e-10 0.000000e+00 0.000000e+00
-6.295012e-10 0.000000e+00 0.000000e+00
-6.324924e-10 0.000000e+00 0.000000e+00
-6.300140e-10 0.000000e+00 0.000000e+00
-6.278870e-10 0.000000e+00 0.000000e+00
-6.260985e-10 0.000000e+00 0.000000e+00
-6.090801e-10 0.000000e+00 0.000000e+00
-6.226831e-10 0.000000e+00 0.000000e+00
-6.181301e-10 0.000000e+00 0.000000e+00
-6.327232e-10 0.000000e+00 0.000000e+00
-6.327023e-10 0.000000e+00 0.000000e+00
-6.288697e-10 0.000000e+00 0.000000e+00
-5.664737e-10 0.000000e+00 0.000000e+00
-5.690674e-10 0.000000e+00 0.000000e+00
-6.161113e-10 0.000000e+00 0.000000e+00
-6.317552e-10 0.000000e+00 0.000000e+00
-6.327725e-10 0.000000e+00 0.000000e+00
-4.669008e-10 0.000000e+00 0.000000e+00
-4.798971e-10 0.000000e+00 0.000000e+00
-3.314261e-10 0.000000e+00 0.000000e+00
-2.194883e-10 0.000000e+00 0.000000e+00
-2.588994e-10 0.000000e+00 0.000000e+00
-7.397207e-11 0.000000e+00 0.000000e+00
5.651590e-10 0.000000e+00 0.000000e+00
5.433299e-10 0.000000e+00 0.000000e+00
6.256569e-10 0.000000e+00 0.000000e+00
5.902388e-10 0.000000e+00 0.000000e+00
6.327677e-10 0.000000e+00 0.000000e+00
6.171913e-10 0.000000e+00 0.000000e+00
6.234925e-10 0.000000e+00 0.000000e+00
4.951781e-10 0.000000e+00 0.000000e+00
6.020079e-10 0.000000e+00 0.000000e+00
4.623145e-10 0.000000e+00 0.000000e+00
3.708829e-10 0.000000e+00 0.000000e+00
1.119412e-10 0.000000e+00 0.000000e+00
1.664743e-11 0.000000e+00 0.000000e+00
-2.726771e-11 0.000000e+00 0.000000e+00
-2.130934e-10 0.000000e+00 0.000000e+00
-5.392396e-10 0.000000e+00 0.000000e+00
-3.778143e-11 0.000000e+00 0.000000e+00
-3.838020e-10 0.000000e+00 0.000000e+00
-4.357354e-10 0.000000e+00 0.000000e+00
-3.339017e-10 0.000000e+00 0.000000e+00
-5.215765e-10 0.000000e+00 0.000000e+00
-8.643941e-11 0.000000e+00 0.000000e+00
-3.605474e-10 0.000000e+00 0.000000e+00
5.137008e-10 0.000000e+00 0.000000e+00
5.235134e-10 0.000000e+00 0.000000e+00
5.065500e-10 0.000000e+00 0.000000e+00
4.575998e-10 0.000000e+00 0.000000e+00
3.929774e-10 0.000000e+00 0.000000e+00
4.270932e-10 0.000000e+00 0.000000e+00
4.478540e-10 0.000000e+00 0.000000e+00
6.147932e-10 0.000000e+00 0.000000e+00
5.981813e-10 0.000000e+00 0.000000e+00
6.318033e-10 0.000000e+00 0.000000e+00
6.314819e-10 0.000000e+00 0.000000e+00
6.275081e-10 0.000000e+00 0.000000e+00
6.281139e-10 0.000000e+00 0.000000e+00
-1.883464e-10 0.000000e+00 0.000000e+00
-1.767343e-09 0.000000e+00 0.000000e+00
-2.173191e-09 0.000000e+00 0.000000e+00
-2.102556e-09 0.000000e+00 0.000000e+00
-2.291010e-09 0.000000e+00 0.000000e+00
-2.417977e-09 0.000000e+00 0.000000e+00
-2.241966e-09 0.000000e+00 0.000000e+00
-1.703195e-09 0.000000e+00 0.000000e+00
-1.608765e-09 0.000000e+00 0.000000e+00
-1.381359e-09 0.000000e+00 0.000000e+00
-1.735743e-09 0.000000e+00 0.000000e+00
-2.492830e-09 0.000000e+00 0.000000e+00
-1.241167e-09 0.000000e+00 0.000000e+00
-1.303206e-09 0.000000e+00 0.000000e+00
-8.063342e-10 0.000000e+00 0.000000e+00
-7.799813e-10 0.000000e+00 0.000000e+00
-1.175541e-09 0.000000e+00 0.000000e+00
-9.213132e-10 0.000000e+00 0.000000e+00
-6.175408e-10 0.000000e+00 0.000000e+00
-6.856193e-10 0.000000e+00 0.000000e+00
-6.281883e-10 0.000000e+00 0.000000e+00
-2.772620e-09 0.000000e+00 0.000000e+00
-2.578944e-09 0.000000e+00 0.000000e+00
-1.979150e-09 0.000000e+00 0.000000e+00
-1.541003e-09 0.000000e+00 0.000000e+00
-2.695493e-09 0.000000e+00 0.000000e+00
-9.418598e-10 0.000000e+00 0.000000e+00
-2.968508e-09 0.000000e+00 0.000000e+00
-2.356286e-09 0.000000e+00 0.000000e+00
-1.394417e-09 0.000000e+00 0.000000e+00
-1.207252e-09 0.000000e+00 0.000000e+00
-1.639926e-09 0.000000e+00 0.000000e+00
-1.457639e-09 0.000000e+00 0.000000e+00
-1.042082e-09 0.000000e+00 0.000000e+00
-1.825950e-09 0.000000e+00 0.000000e+00
-3.040730e-09 0.000000e+00 0.000000e+00
-1.248183e-09 0.000000e+00 0.000000e+00
-8.419380e-10 0.000000e+00 0.000000e+00
-1.116236e-09 0.000000e+00 0.000000e+00
-1.139289e-09 0.000000e+00 0.000000e+00
-2.077957e-09 0.000000e+00 0.000000e+00
-2.518502e-09 0.000000e+00 0.000000e+00
-1.912476e-09 0.000000e+00 0.000000e+00
-2.192382e-09 0.000000e+00 0.000000e+00
-2.283045e-09 0.000000e+00 0.000000e+00
-1.337691e-09 0.000000e+00 0.000000e+00
-1.975347e-09 0.000000e+00 0.000000e+00
-1.658780e-09 0.000000e+00 0.000000e+00
4.397284e-10 0.000000e+00 0.000000e+00
3.116199e-10 0.000000e+00 0.000000e+00
-2.573333e-10 0.000000e+00 0.000000e+00
2.968101e-10 0.000000e+00 0.000000e+00
1.877738e-10 0.000000e+00 0.000000e+00
1.928997e-10 0.000000e+00 0.000000e+00
2.206354e-10 0.000000e+00 0.000000e+00
5.577784e-10 0.000000e+00 0.000000e+00
5.521697e-10 0.000000e+00 0.000000e+00
5.738056e-10 0.000000e+00 0.000000e+00
3.254199e-10 0.000000e+00 0.000000e+00
5.200759e-10 0.000000e+00 0.000000e+00
3.670713e-10 0.000000e+00 0.000000e+00
2.804497e-10 0.000000e+00 0.000000e+00
2.501296e-10 0.000000e+00 0.000000e+00
1.563060e-10 0.000000e+00 0.000000e+00
7.136351e-11 0.000000e+00 0.000000e+00
-5.776129e-12 0.000000e+00 0.000000e+00
4.709735e-10 0.000000e+00 0.000000e+00
4.803829e-10 0.000000e+00 0.000000e+00
6.098705e-10 0.000000e+00 0.000000e+00
5.396063e-10 0.000000e+00 0.000000e+00
4.992719e-10 0.000000e+00 0.000000e+00
5.832241e-10 0.000000e+00 0.000000e+00
5.309178e-10 0.000000e+00 0.000000e+00
3.410117e-10 0.000000e+00 0.000000e+00
6.788299e-11 0.000000e+00 0.000000e+00
1.857484e-10 0.000000e+00 0.000000e+00
3.984277e-10 0.000000e+00 0.000000e+00
6.207509e-10 0.000000e+00 0.000000e+00
6.262430e-10 0.000000e+00 0.000000e+00
6.279615e-10 0.000000e+00 0.000000e+00
5.803264e-10 0.000000e+00 0.000000e+00
5.892051e-10 0.000000e+00 0.000000e+00
4.970007e-10 0.000000e+00 0.000000e+00
4.111940e-11 0.000000e+00 0.000000e+00
-3.655450e-11 0.000000e+00 0.000000e+00
2.537614e-11 0.000000e+00 0.000000e+00
3.407488e-10 0.000000e+00 0.000000e+00
4.384752e-10 0.000000e+00 0.000000e+00
4.305631e-10 0.000000e+00 0.000000e+00
3.624001e-10 0.000000e+00 0.000000e+00
3.833312e-10 0.000000e+00 0.000000e+00
2.407710e-10 0.000000e+00 0.000000e+00
8.571668e-11 0.000000e+00 0.000000e+00
4.105271e-10 0.000000e+00 0.000000e+00
5.530957e-10 0.000000e+00 0.000000e+00
6.136499e-10 0.000000e+00 0.000000e+00
5.712986e-10 0.000000e+00 0.000000e+00
5.828296e-10 0.000000e+00 0.000000e+00
5.917837e-10 0.000000e+00 0.000000e+00
6.083192e-10 0.000000e+00 0.000000e+00
6.324824e-10 0.000000e+00 0.000000e+00
6.326499e-10 0.000000e+00 0.000000e+00
6.304677e-10 0.000000e+00 0.000000e+00
6.301261e-10 0.000000e+00 0.000000e+00
6.181760e-10 0.000000e+00 0.000000e+00
5.952830e-10 0.000000e+00 0.000000e+00
-1.008054e-09 0.000000e+00 0.000000e+00
8.622937e-11 0.000000e+00 0.000000e+00
1.523491e-10 0.000000e+00 0.000000e+00
-4.693111e-10 0.000000e+00 0.000000e+00
-5.905646e-10 0.000000e+00 0.000000e+00
8.439513e-11 0.000000e+00 0.000000e+00
2.239829e-11 0.000000e+00 0.000000e+00
-1.515891e-10 0.000000e+00 0.000000e+00
-2.620978e-09 0.000000e+00 0.000000e+00
-3.201658e-09 0.000000e+00 0.000000e+00
-2.431723e-09 0.000000e+00 0.000000e+00
-3.231598e-09 0.000000e+00 0.000000e+00
-2.861125e-09 0.000000e+00 0.000000e+00
-2.777634e-09 0.000000e+00 0.000000e+00
-1.883702e-09 0.000000e+00 0.000000e+00
-7.663354e-10 0.000000e+00 0.000000e+00
-2.964783e-10 0.000000e+00 0.000000e+00
1.240616e-10 0.000000e+00 0.000000e+00
4.123486e-10 0.000000e+00 0.000000e+00
4.568351e-10 0.000000e+00 0.000000e+00
4.254035e-10 0.000000e+00 0.000000e+00
4.583068e-10 0.000000e+00 0.000000e+00
2.581546e-10 0.000000e+00 0.000000e+00
6.324484e-10 0.000000e+00 0.000000e+00
4.819481e-10 0.000000e+00 0.000000e+00
4.612399e-10 0.000000e+00 0.000000e+00
5.473642e-10 0.000000e+00 0.000000e+00
5.146010e-10 0.000000e+00 0.000000e+00
6.028613e-10 0.000000e+00 0.000000e+00
5.243986e-10 0.000000e+00 0.000000e+00
5.596993e-10 0.000000e+00 0.000000e+00
4.758905e-10 0.000000e+00 0.000000e+00
2.719838e-10 0.000000e+00 0.000000e+00
2.950730e-10 0.000000e+00 0.000000e+00
3.836441e-10 0.000000e+00 0.000000e+00
3.223441e-10 0.000000e+00 0.000000e+00
3.691389e-10 0.000000e+00 0.000000e+00
-1.308635e-10 0.000000e+00 0.000000e+00
-2.417172e-10 0.000000e+00 0.000000e+00
-2.044423e-10 0.000000e+00 0.000000e+00
-1.145830e-10 0.000000e+00 0.000000e+00
-9.042685e-11 0.000000e+00 0.000000e+00
-3.139369e-10 0.000000e+00 0.000000e+00
-2.813049e-10 0.000000e+00 0.000000e+00
-5.211282e-10 0.000000e+00 0.000000e+00
-4.711815e-10 0.000000e+00 0.000000e+00
-5.385924e-10 0.000000e+00 0.000000e+00
-6.118816e-10 0.000000e+00 0.000000e+00
-6.006342e-10 0.000000e+00 0.000000e+00
-6.266507e-10 0.000000e+00 0.000000e+00
-6.083803e-10 0.000000e+00 0.000000e+00
-5.869882e-10 0.000000e+00 0.000000e+00
-5.775950e-10 0.000000e+00 0.000000e+00
-6.240233e-10 0.000000e+00 0.000000e+00
-6.219218e-10 0.000000e+00 0.000000e+00
-6.318159e-10 0.000000e+00 0.000000e+00
1.957188e-09 0.000000e+00 0.000000e+00
1.758829e-09 0.000000e+00 0.000000e+00
1.424887e-09 0.000000e+00 0.000000e+00
1.289347e-09 0.000000e+00 0.000000e+00
1.327289e-09 0.000000e+00 0.000000e+00
2.220425e-09 0.000000e+00 0.000000e+00
3.005371e-09 0.000000e+00 0.000000e+00
1.733104e-09 0.000000e+00 0.000000e+00
2.316840e-09 0.000000e+00 0.000000e+00
2.679372e-09 0.000000e+00 0.000000e+00
2.539562e-09 0.000000e+00 0.000000e+00
2.793396e-09 0.000000e+00 0.000000e+00
-4.567551e-10 0.000000e+00 0.000000e+00
-3.615443e-10 0.000000e+00 0.000000e+00
-2.900917e-10 0.000000e+00 0.000000e+00
-1.455731e-10 0.000000e+00 0.000000e+00
-1.739592e-10 0.000000e+00 0.000000e+00
-4.312880e-10 0.000000e+00 0.000000e+00
-3.143954e-11 0.000000e+00 0.000000e+00
3.868871e-10 0.000000e+00 0.000000e+00
4.027490e-10 0.000000e+00 0.000000e+00
8.523192e-10 0.000000e+00 0.000000e+00
1.036652e-09 0.000000e+00 0.000000e+00
7.628636e-10 0.000000e+00 0.000000e+00
-9.886420e-11 0.000000e+00 0.000000e+00
1.561081e-10 0.000000e+00 0.000000e+00
9.476769e-11 0.000000e+00 0.000000e+00
-3.208641e-11 0.000000e+00 0.000000e+00
5.610058e-11 0.000000e+00 0.000000e+00
-7.028834e-11 0.000000e+00 0.000000e+00
5.990833e-10 0.000000e+00 0.000000e+00
5.661754e-10 0.000000e+00 0.000000e+00
2.558857e-10 0.000000e+00 0.000000e+00
1.149709e-10 0.000000e+00 0.000000e+00
2.455962e-10 0.000000e+00 0.000000e+00
1.864089e-10 0.000000e+00 0.000000e+00
2.905445e-11 0.000000e+00 0.000000e+00
-2.534176e-10 0.000000e+00 0.000000e+00
-2.140338e-10 0.000000e+00 0.000000e+00
-1.157284e-10 0.000000e+00 0.000000e+00
-3.379659e-10 0.000000e+00 0.000000e+00
-3.839968e-10 0.000000e+00 0.000000e+00
-3.933682e-10 0.000000e+00 0.000000e+00
-5.308514e-10 0.000000e+00 0.000000e+00
-4.913889e-10 0.000000e+00 0.000000e+00
-1.764408e-10 0.000000e+00 0.000000e+00
-1.296973e-10 0.000000e+00 0.000000e+00
-4.182087e-10 0.000000e+00 0.000000e+00
-6.029131e-10 0.000000e+00 0.000000e+00
-2.812505e-10 0.000000e+00 0.000000e+00
-3.699025e-10 0.000000e+00 0.000000e+00
1.637048e-09 0.000000e+00 0.000000e+00
1.215829e-09 0.000000e+00 0.000000e+00
1.545324e-09 0.000000e+00 0.000000e+00
-4.040523e-11 0.000000e+00 0.000000e+00
1.362917e-09 0.000000e+00 0.000000e+00
2.846251e-09 0.000000e+00 0.000000e+00
2.020547e-09 0.000000e+00 0.000000e+00
2.060657e-09 0.000000e+00 0.000000e+00
2.141705e-09 0.000000e+00 0.000000e+00
1.872258e-09 0.000000e+00 0.000000e+00
1.485045e-09 0.000000e+00 0.000000e+00
2.333752e-09 0.000000e+00 0.000000e+00
3.319205e-09 0.000000e+00 0.000000e+00
3.183717e-09 0.000000e+00 0.000000e+00
3.524913e-09 0.000000e+00 0.000000e+00
2.683468e-09 0.000000e+00 0.000000e+00
1.838184e-09 0.000000e+00 0.000000e+00
1.459307e-09 0.000000e+00 0.000000e+00
2.097499e-11 0.000000e+00 0.000000e+00
-1.485168e-11 0.000000e+00 0.000000e+00
8.407047e-10 0.000000e+00 0.000000e+00
3.708072e-10 0.000000e+00 0.000000e+00
1.377676e-10 0.000000e+00 0.000000e+00
6.490509e-10 0.000000e+00 0.000000e+00
2.766110e-10 0.000000e+00 0.000000e+00
5.435127e-10 0.000000e+00 0.000000e+00
4.934874e-10 0.000000e+00 0.000000e+00
2.241328e-10 0.000000e+00 0.000000e+00
7.174926e-11 0.000000e+00 0.000000e+00
1.774010e-10 0.000000e+00 0.000000e+00
-4.066497e-10 0.000000e+00 0.000000e+00
-2.020699e-10 0.000000e+00 0.000000e+00
-1.641569e-10 0.000000e+00 0.000000e+00
-3.097714e-10 0.000000e+00 0.000000e+00
-3.778708e-10 0.000000e+00 0.000000e+00
-1.388642e-10 0.000000e+00 0.000000e+00
-3.501191e-10 0.000000e+00 0.000000e+00
-2.379238e-10 0.000000e+00 0.000000e+00
-2.865464e-10 0.000000e+00 0.000000e+00
-2.606148e-10 0.000000e+00 0.000000e+00
-3.282451e-10 0.000000e+00 0.000000e+00
9.177071e-11 0.000000e+00 0.000000e+00
6.305448e-10 0.000000e+00 0.000000e+00
2.968773e-10 0.000000e+00 0.000000e+00
4.484804e-10 0.000000e+00 0.000000e+00
9.499071e-10 0.000000e+00 0.000000e+00
1.085603e-09 0.000000e+00 0.000000e+00
1.016592e-09 0.000000e+00 0.000000e+00
9.038649e-10 0.000000e+00 0.000000e+00
7.592258e-10 0.000000e+00 0.000000e+00
4.255223e-10 0.000000e+00 0.000000e+00
1.000348e-09 0.000000e+00 0.000000e+00
3.074775e-10 0.000000e+00 0.000000e+00
8.013936e-10 0.000000e+00 0.000000e+00
9.571943e-10 0.000000e+00 0.000000e+00
3.465500e-10 0.000000e+00 0.000000e+00
-5.829781e-10 0.000000e+00 0.000000e+00
1.446641e-10 0.000000e+00 0.000000e+00
9.710420e-11 0.000000e+00 0.000000e+00
-5.045198e-11 0.000000e+00 0.000000e+00
2.140582e-10 0.000000e+00 0.000000e+00
1.248162e-10 0.000000e+00 0.000000e+00
3.456646e-10 0.000000e+00 0.000000e+00
1.664417e-10 0.000000e+00 0.000000e+00
1.377658e-10 0.000000e+00 0.000000e+00
2.136932e-10 0.000000e+00 0.000000e+00
1.092815e-10 0.000000e+00 0.000000e+00
5.735560e-10 0.000000e+00 0.000000e+00
6.217193e-10 0.000000e+00 0.000000e+00
6.241148e-10 0.000000e+00 0.000000e+00
5.992427e-10 0.000000e+00 0.000000e+00
5.856411e-10 0.000000e+00 0.000000e+00
6.313535e-10 0.000000e+00 0.000000e+00
6.094307e-10 0.000000e+00 0.000000e+00
6.289712e-10 0.000000e+00 0.000000e+00
6.319588e-10 0.000000e+00 0.000000e+00
6.142619e-10 0.000000e+00 0.000000e+00
6.211676e-10 0.000000e+00 0.000000e+00
6.327146e-10 0.000000e+00 0.000000e+00
6.317919e-10 0.000000e+00 0.000000e+00
5.126653e-10 0.000000e+00 0.000000e+00
5.722506e-10 0.000000e+00 0.000000e+00
3.188162e-10 0.000000e+00 0.000000e+00
-3.684571e-10 0.000000e+00 0.000000e+00
-5.626434e-11 0.000000e+00 0.000000e+00
2.369998e-10 0.000000e+00 0.000000e+00
-1.437876e-09 0.000000e+00 0.000000e+00
-1.581816e-09 0.000000e+00 0.000000e+00
-1.531962e-09 0.000000e+00 0.000000e+00
-6.600054e-10 0.000000e+00 0.000000e+00
-1.164233e-09 0.000000e+00 0.000000e+00
-4.051333e-10 0.000000e+00 0.000000e+00
-4.998005e-10 0.000000e+00 0.000000e+00
-7.221440e-10 0.000000e+00 0.000000e+00
-1.391252e-10 0.000000e+00 0.000000e+00
3.977902e-10 0.000000e+00 0.000000e+00
4.319285e-10 0.000000e+00 0.000000e+00
2.915360e-10 0.000000e+00 0.000000e+00
5.537655e-10 0.000000e+00 0.000000e+00
6.241944e-10 0.000000e+00 0.000000e+00
5.493395e-10 0.000000e+00 0.000000e+00
3.726566e-10 0.000000e+00 0.000000e+00
4.805895e-10 0.000000e+00 0.000000e+00
5.239664e-10 0.000000e+00 0.000000e+00
2.061696e-10 0.000000e+00 0.000000e+00
1.455874e-10 0.000000e+00 0.000000e+00
3.455309e-10 0.000000e+00 0.000000e+00
4.422020e-10 0.000000e+00 0.000000e+00
4.154329e-10 0.000000e+00 0.000000e+00
2.046326e-10 0.000000e+00 0.000000e+00
1.167304e-11 0.000000e+00 0.000000e+00
4.904099e-10 0.000000e+00 0.000000e+00
5.338087e-10 0.000000e+00 0.000000e+00
-1.128465e-10 0.000000e+00 0.000000e+00
-2.003917e-11 0.000000e+00 0.000000e+00
-2.350966e-10 0.000000e+00 0.000000e+00
-9.517161e-10 0.000000e+00 0.000000e+00
-2.878899e-09 0.000000e+00 0.000000e+00
-3.112527e-09 0.000000e+00 0.000000e+00
-2.934079e-09 0.000000e+00 0.000000e+00
-3.378486e-09 0.000000e+00 0.000000e+00
-3.657585e-09 0.000000e+00 0.000000e+00
-3.470749e-09 0.000000e+00 0.000000e+00
-3.727361e-09 0.000000e+00 0.000000e+00
-3.984318e-09 0.000000e+00 0.000000e+00
-4.157524e-09 0.000000e+00 0.000000e+00
-2.003175e-09 0.000000e+00 0.000000e+00
-2.138848e-09 0.000000e+00 0.000000e+00
-8.713109e-10 0.000000e+00 0.000000e+00
-9.813261e-10 0.000000e+00 0.000000e+00
-4.726670e-10 0.000000e+00 0.000000e+00
-6.129857e-10 0.000000e+00 0.000000e+00
-5.008766e-10 0.000000e+00 0.000000e+00
-5.160812e-10 0.000000e+00 0.000000e+00
-6.242312e-10 0.000000e+00 0.000000e+00
-6.308947e-10 0.000000e+00 0.000000e+00
-6.274273e-10 0.000000e+00 0.000000e+00
-6.320456e-10 0.000000e+00 0.000000e+00
-5.935573e-10 0.000000e+00 0.000000e+00
-5.713652e-10 0.000000e+00 0.000000e+00
-5.483183e-10 0.000000e+00 0.000000e+00
-5.833129e-10 0.000000e+00 0.000000e+00
-5.258048e-10 0.000000e+00 0.000000e+00
-4.543463e-10 0.000000e+00 0.000000e+00
-4.834699e-10 0.000000e+00 0.000000e+00
-4.955424e-10 0.000000e+00 0.000000e+00
-5.076756e-10 0.000000e+00 0.000000e+00
-4.220389e-10 0.000000e+00 0.000000e+00
-3.945741e-10 0.000000e+00 0.000000e+00
-4.315998e-10 0.000000e+00 0.000000e+00
-3.550700e-10 0.000000e+00 0.000000e+00
-3.792835e-10 0.000000e+00 0.000000e+00
-3.593730e-10 0.000000e+00 0.000000e+00
-1.424318e-10 0.000000e+00 0.000000e+00
-1.619640e-10 0.000000e+00 0.000000e+00
-2.646457e-10 0.000000e+00 0.000000e+00
-1.918985e-10 0.000000e+00 0.000000e+00
-5.569432e-10 0.000000e+00 0.000000e+00
-5.773985e-10 0.000000e+00 0.000000e+00
-5.311621e-10 0.000000e+00 0.000000e+00
-4.905365e-10 0.000000e+00 0.000000e+00
-4.114768e-10 0.000000e+00 0.000000e+00
-4.452578e-10 0.000000e+00 0.000000e+00
-2.292613e-10 0.000000e+00 0.000000e+00
-1.746231e-10 0.000000e+00 0.000000e+00
-5.939781e-10 0.000000e+00 0.000000e+00
-6.067784e-10 0.000000e+00 0.000000e+00
-5.734284e-10 0.000000e+00 0.000000e+00
-4.602434e-10 0.000000e+00 0.000000e+00
-5.499808e-10 0.000000e+00 0.000000e+00
-4.869527e-10 0.000000e+00 0.000000e+00
-5.620152e-10 0.000000e+00 0.000000e+00
-5.164444e-10 0.000000e+00 0.000000e+00
-5.278186e-10 0.000000e+00 0.000000e+00
5.989418e-11 0.000000e+00 0.000000e+00
1.251851e-11 0.000000e+00 0.000000e+00
7.259065e-11 0.000000e+00 0.000000e+00
-3.384169e-10 0.000000e+00 0.000000e+00
-4.301383e-10 0.000000e+00 0.000000e+00
-4.068655e-10 0.000000e+00 0.000000e+00
-3.727705e-10 0.000000e+00 0.000000e+00
-3.473265e-10 0.000000e+00 0.000000e+00
-3.860507e-10 0.000000e+00 0.000000e+00
-4.518843e-10 0.000000e+00 0.000000e+00
1.126204e-10 0.000000e+00 0.000000e+00
4.176190e-10 0.000000e+00 0.000000e+00
5.312108e-10 0.000000e+00 0.000000e+00
6.243949e-10 0.000000e+00 0.000000e+00
6.286804e-10 0.000000e+00 0.000000e+00
6.091531e-10 0.000000e+00 0.000000e+00
6.197043e-10 0.000000e+00 0.000000e+00
5.923822e-10 0.000000e+00 0.000000e+00
6.168173e-10 0.000000e+00 0.000000e+00
6.121742e-10 0.000000e+00 0.000000e+00
6.082375e-10 0.000000e+00 0.000000e+00
