pX pY pZ 
-2.314791e-13 0.000000e+00 0.000000e+00
4.752061e-15 0.000000e+00 0.000000e+00
1.332694e-13 0.000000e+00 0.000000e+00
-1.929248e-13 0.000000e+00 0.000000e+00
-1.146578e-13 0.000000e+00 0.000000e+00
7.092468e-14 0.000000e+00 0.000000e+00
2.733595e-13 0.000000e+00 0.000000e+00
4.184370e-14 0.000000e+00 0.000000e+00
4.927583e-14 0.000000e+00 0.000000e+00
-1.815147e-13 0.000000e+00 0.000000e+00
2.302448e-13 0.000000e+00 0.000000e+00
-9.216592e-14 0.000000e+00 0.000000e+00
-2.026248e-13 0.000000e+00 0.000000e+00
4.499749e-14 0.000000e+00 0.000000e+00
-1.087499e-13 0.000000e+00 0.000000e+00
-1.661107e-13 0.000000e+00 0.000000e+00
5.511871e-14 0.000000e+00 0.000000e+00
-8.422184e-15 0.000000e+00 0.000000e+00
8.510425e-14 0.000000e+00 0.000000e+00
1.764280e-13 0.000000e+00 0.000000e+00
-4.350309e-14 0.000000e+00 0.000000e+00
-1.210205e-14 0.000000e+00 0.000000e+00
2.235226e-13 0.000000e+00 0.000000e+00
6.377515e-14 0.000000e+00 0.000000e+00
6.185856e-14 0.000000e+00 0.000000e+00
3.219243e-14 0.000000e+00 0.000000e+00
-2.032119e-13 0.000000e+00 0.000000e+00
2.158199e-13 0.000000e+00 0.000000e+00
2.422374e-13 0.000000e+00 0.000000e+00
-1.746618e-13 0.000000e+00 0.000000e+00
-8.587306e-14 0.000000e+00 0.000000e+00
1.519768e-13 0.000000e+00 0.000000e+00
1.425441e-13 0.000000e+00 0.000000e+00
-6.765018e-14 0.000000e+00 0.000000e+00
-2.377568e-13 0.000000e+00 0.000000e+00
3.868236e-13 0.000000e+00 0.000000e+00
-2.541717e-14 0.000000e+00 0.000000e+00
-1.055801e-13 0.000000e+00 0.000000e+00
5.699596e-14 0.000000e+00 0.000000e+00
-1.072033e-14 0.000000e+00 0.000000e+00
-2.958147e-13 0.000000e+00 0.000000e+00
-1.331528e-13 0.000000e+00 0.000000e+00
3.496191e-13 0.000000e+00 0.000000e+00
8.298679e-14 0.000000e+00 0.000000e+00
1.611841e-13 0.000000e+00 0.000000e+00
-6.553919e-14 0.000000e+00 0.000000e+00
-2.335310e-13 0.000000e+00 0.000000e+00
-2.542661e-15 0.000000e+00 0.000000e+00
6.094257e-14 0.000000e+00 0.000000e+00
-1.474697e-13 0.000000e+00 0.000000e+00
1.415405e-13 0.000000e+00 0.000000e+00
1.039745e-13 0.000000e+00 0.000000e+00
1.187524e-13 0.000000e+00 0.000000e+00
-1.593013e-13 0.000000e+00 0.000000e+00
1.219594e-13 0.000000e+00 0.000000e+00
5.042355e-14 0.000000e+00 0.000000e+00
-2.103141e-13 0.000000e+00 0.000000e+00
-6.998082e-14 0.000000e+00 0.000000e+00
-1.612531e-13 0.000000e+00 0.000000e+00
-1.642290e-13 0.000000e+00 0.000000e+00
-4.920675e-13 0.000000e+00 0.000000e+00
1.539592e-14 0.000000e+00 0.000000e+00
2.863114e-13 0.000000e+00 0.000000e+00
1.491722e-13 0.000000e+00 0.000000e+00
-3.799724e-14 0.000000e+00 0.000000e+00
3.224762e-14 0.000000e+00 0.000000e+00
-2.091414e-13 0.000000e+00 0.000000e+00
-2.881089e-13 0.000000e+00 0.000000e+00
3.308002e-13 0.000000e+00 0.000000e+00
1.017216e-13 0.000000e+00 0.000000e+00
1.936394e-13 0.000000e+00 0.000000e+00
-1.329390e-13 0.000000e+00 0.000000e+00
-2.212048e-13 0.000000e+00 0.000000e+00
-1.298469e-13 0.000000e+00 0.000000e+00
1.446726e-14 0.000000e+00 0.000000e+00
-8.708002e-15 0.000000e+00 0.000000e+00
-4.856534e-14 0.000000e+00 0.000000e+00
-2.167088e-13 0.000000e+00 0.000000e+00
-1.010988e-13 0.000000e+00 0.000000e+00
-1.201117e-13 0.000000e+00 0.000000e+00
-4.603673e-14 0.000000e+00 0.000000e+00
2.559283e-13 0.000000e+00 0.000000e+00
-7.924527e-14 0.000000e+00 0.000000e+00
-4.941360e-13 0.000000e+00 0.000000e+00
2.910843e-14 0.000000e+00 0.000000e+00
2.458321e-13 0.000000e+00 0.000000e+00
-1.110328e-13 0.000000e+00 0.000000e+00
2.627400e-14 0.000000e+00 0.000000e+00
9.406501e-14 0.000000e+00 0.000000e+00
-1.127100e-13 0.000000e+00 0.000000e+00
9.902300e-14 0.000000e+00 0.000000e+00
2.364639e-13 0.000000e+00 0.000000e+00
-1.118910e-13 0.000000e+00 0.000000e+00
5.387339e-14 0.000000e+00 0.000000e+00
-2.568689e-13 0.000000e+00 0.000000e+00
-2.516147e-13 0.000000e+00 0.000000e+00
-9.279748e-15 0.000000e+00 0.000000e+00
1.880268e-13 0.000000e+00 0.000000e+00
-1.556907e-13 0.000000e+00 0.000000e+00
-7.460391e-14 0.000000e+00 0.000000e+00
2.366159e-13 0.000000e+00 0.000000e+00
4.507113e-14 0.000000e+00 0.000000e+00
-2.810047e-13 0.000000e+00 0.000000e+00
-1.574329e-13 0.000000e+00 0.000000e+00
1.637691e-13 0.000000e+00 0.000000e+00
2.533224e-13 0.000000e+00 0.000000e+00
2.326908e-14 0.000000e+00 0.000000e+00
-6.481792e-14 0.000000e+00 0.000000e+00
6.961944e-14 0.000000e+00 0.000000e+00
-1.795394e-13 0.000000e+00 0.000000e+00
1.436316e-13 0.000000e+00 0.000000e+00
5.119647e-14 0.000000e+00 0.000000e+00
-1.937549e-13 0.000000e+00 0.000000e+00
-3.704219e-14 0.000000e+00 0.000000e+00
4.038272e-14 0.000000e+00 0.000000e+00
-6.217107e-14 0.000000e+00 0.000000e+00
5.043743e-14 0.000000e+00 0.000000e+00
-1.330570e-13 0.000000e+00 0.000000e+00
-3.875422e-14 0.000000e+00 0.000000e+00
-1.640422e-13 0.000000e+00 0.000000e+00
-1.242551e-13 0.000000e+00 0.000000e+00
-6.052097e-14 0.000000e+00 0.000000e+00
4.259209e-13 0.000000e+00 0.000000e+00
-7.398949e-14 0.000000e+00 0.000000e+00
-1.789315e-13 0.000000e+00 0.000000e+00
-1.029226e-13 0.000000e+00 0.000000e+00
-2.681892e-13 0.000000e+00 0.000000e+00
4.019050e-13 0.000000e+00 0.000000e+00
-2.070813e-13 0.000000e+00 0.000000e+00
-1.511683e-13 0.000000e+00 0.000000e+00
1.144642e-13 0.000000e+00 0.000000e+00
-4.523248e-13 0.000000e+00 0.000000e+00
-5.566216e-14 0.000000e+00 0.000000e+00
1.528851e-13 0.000000e+00 0.000000e+00
1.780031e-14 0.000000e+00 0.000000e+00
-1.558439e-14 0.000000e+00 0.000000e+00
-9.149276e-14 0.000000e+00 0.000000e+00
2.427176e-13 0.000000e+00 0.000000e+00
-1.822604e-13 0.000000e+00 0.000000e+00
-2.783442e-15 0.000000e+00 0.000000e+00
2.491214e-13 0.000000e+00 0.000000e+00
-2.798185e-13 0.000000e+00 0.000000e+00
-2.590577e-13 0.000000e+00 0.000000e+00
8.451076e-14 0.000000e+00 0.000000e+00
-1.549831e-14 0.000000e+00 0.000000e+00
9.767289e-14 0.000000e+00 0.000000e+00
-2.307227e-14 0.000000e+00 0.000000e+00
-2.103451e-13 0.000000e+00 0.000000e+00
-2.301420e-13 0.000000e+00 0.000000e+00
1.721384e-13 0.000000e+00 0.000000e+00
-4.306053e-15 0.000000e+00 0.000000e+00
1.242205e-13 0.000000e+00 0.000000e+00
5.653529e-14 0.000000e+00 0.000000e+00
-2.557945e-14 0.000000e+00 0.000000e+00
-2.578740e-13 0.000000e+00 0.000000e+00
2.434231e-13 0.000000e+00 0.000000e+00
1.035673e-13 0.000000e+00 0.000000e+00
-2.191529e-13 0.000000e+00 0.000000e+00
3.068001e-13 0.000000e+00 0.000000e+00
8.372791e-14 0.000000e+00 0.000000e+00
-2.896992e-13 0.000000e+00 0.000000e+00
3.579655e-13 0.000000e+00 0.000000e+00
-1.522226e-13 0.000000e+00 0.000000e+00
1.249006e-13 0.000000e+00 0.000000e+00
-3.282627e-14 0.000000e+00 0.000000e+00
2.746697e-13 0.000000e+00 0.000000e+00
2.812753e-14 0.000000e+00 0.000000e+00
3.022846e-13 0.000000e+00 0.000000e+00
-4.158049e-14 0.000000e+00 0.000000e+00
-1.008387e-13 0.000000e+00 0.000000e+00
1.218633e-13 0.000000e+00 0.000000e+00
-1.781479e-13 0.000000e+00 0.000000e+00
6.498609e-15 0.000000e+00 0.000000e+00
8.782978e-14 0.000000e+00 0.000000e+00
-1.283065e-13 0.000000e+00 0.000000e+00
1.827082e-13 0.000000e+00 0.000000e+00
-1.811790e-13 0.000000e+00 0.000000e+00
-1.615096e-14 0.000000e+00 0.000000e+00
6.294217e-14 0.000000e+00 0.000000e+00
9.488409e-14 0.000000e+00 0.000000e+00
-6.995619e-14 0.000000e+00 0.000000e+00
1.157523e-13 0.000000e+00 0.000000e+00
-2.997766e-13 0.000000e+00 0.000000e+00
-7.329238e-14 0.000000e+00 0.000000e+00
-3.037662e-14 0.000000e+00 0.000000e+00
8.081880e-14 0.000000e+00 0.000000e+00
-1.370721e-14 0.000000e+00 0.000000e+00
2.209625e-13 0.000000e+00 0.000000e+00
2.824802e-13 0.000000e+00 0.000000e+00
-1.602989e-13 0.000000e+00 0.000000e+00
2.840194e-13 0.000000e+00 0.000000e+00
-9.642641e-14 0.000000e+00 0.000000e+00
-2.883409e-13 0.000000e+00 0.000000e+00
-1.736710e-13 0.000000e+00 0.000000e+00
-1.226200e-13 0.000000e+00 0.000000e+00
-7.745045e-14 0.000000e+00 0.000000e+00
7.751507e-13 0.000000e+00 0.000000e+00
-7.079394e-14 0.000000e+00 0.000000e+00
7.388393e-14 0.000000e+00 0.000000e+00
-1.305580e-13 0.000000e+00 0.000000e+00
9.712756e-14 0.000000e+00 0.000000e+00
-4.820287e-14 0.000000e+00 0.000000e+00
3.079553e-13 0.000000e+00 0.000000e+00
-7.455315e-14 0.000000e+00 0.000000e+00
-2.216534e-13 0.000000e+00 0.000000e+00
-3.746406e-14 0.000000e+00 0.000000e+00
1.542836e-13 0.000000e+00 0.000000e+00
-1.056427e-13 0.000000e+00 0.000000e+00
-3.438964e-14 0.000000e+00 0.000000e+00
4.149089e-14 0.000000e+00 0.000000e+00
2.764051e-13 0.000000e+00 0.000000e+00
-1.438595e-13 0.000000e+00 0.000000e+00
-1.888309e-13 0.000000e+00 0.000000e+00
-7.917326e-14 0.000000e+00 0.000000e+00
2.974014e-14 0.000000e+00 0.000000e+00
-8.942522e-14 0.000000e+00 0.000000e+00
2.594715e-13 0.000000e+00 0.000000e+00
-2.099021e-13 0.000000e+00 0.000000e+00
-2.859956e-13 0.000000e+00 0.000000e+00
8.437857e-14 0.000000e+00 0.000000e+00
2.518265e-14 0.000000e+00 0.000000e+00
3.040851e-13 0.000000e+00 0.000000e+00
-3.297965e-13 0.000000e+00 0.000000e+00
-6.767056e-14 0.000000e+00 0.000000e+00
1.735092e-13 0.000000e+00 0.000000e+00
5.324233e-15 0.000000e+00 0.000000e+00
-1.893900e-13 0.000000e+00 0.000000e+00
1.536116e-13 0.000000e+00 0.000000e+00
-4.200878e-14 0.000000e+00 0.000000e+00
-2.444570e-15 0.000000e+00 0.000000e+00
1.653870e-13 0.000000e+00 0.000000e+00
-6.122672e-16 0.000000e+00 0.000000e+00
-1.614054e-13 0.000000e+00 0.000000e+00
5.070252e-15 0.000000e+00 0.000000e+00
1.029233e-13 0.000000e+00 0.000000e+00
-3.128018e-15 0.000000e+00 0.000000e+00
-2.117250e-13 0.000000e+00 0.000000e+00
3.599588e-14 0.000000e+00 0.000000e+00
2.896226e-13 0.000000e+00 0.000000e+00
2.869887e-14 0.000000e+00 0.000000e+00
-4.372304e-13 0.000000e+00 0.000000e+00
2.926573e-13 0.000000e+00 0.000000e+00
1.112345e-13 0.000000e+00 0.000000e+00
-4.319863e-15 0.000000e+00 0.000000e+00
1.727655e-13 0.000000e+00 0.000000e+00
1.679222e-13 0.000000e+00 0.000000e+00
-9.278188e-14 0.000000e+00 0.000000e+00
3.074996e-14 0.000000e+00 0.000000e+00
1.671866e-13 0.000000e+00 0.000000e+00
-5.529102e-13 0.000000e+00 0.000000e+00
5.583664e-14 0.000000e+00 0.000000e+00
-1.478478e-13 0.000000e+00 0.000000e+00
9.067101e-14 0.000000e+00 0.000000e+00
-1.307643e-13 0.000000e+00 0.000000e+00
-9.551968e-14 0.000000e+00 0.000000e+00
1.047612e-13 0.000000e+00 0.000000e+00
-1.675011e-13 0.000000e+00 0.000000e+00
1.513066e-13 0.000000e+00 0.000000e+00
-2.066351e-13 0.000000e+00 0.000000e+00
2.594398e-13 0.000000e+00 0.000000e+00
1.027421e-13 0.000000e+00 0.000000e+00
2.386207e-13 0.000000e+00 0.000000e+00
6.681818e-14 0.000000e+00 0.000000e+00
-1.725299e-13 0.000000e+00 0.000000e+00
2.323429e-14 0.000000e+00 0.000000e+00
-1.506788e-13 0.000000e+00 0.000000e+00
-3.007623e-13 0.000000e+00 0.000000e+00
-4.971004e-15 0.000000e+00 0.000000e+00
-3.184972e-13 0.000000e+00 0.000000e+00
-1.339873e-13 0.000000e+00 0.000000e+00
-4.261430e-13 0.000000e+00 0.000000e+00
-9.798602e-14 0.000000e+00 0.000000e+00
-1.253866e-13 0.000000e+00 0.000000e+00
7.171606e-13 0.000000e+00 0.000000e+00
7.568894e-14 0.000000e+00 0.000000e+00
-1.141013e-13 0.000000e+00 0.000000e+00
-1.174344e-13 0.000000e+00 0.000000e+00
-1.134155e-13 0.000000e+00 0.000000e+00
9.145679e-14 0.000000e+00 0.000000e+00
-1.537040e-13 0.000000e+00 0.000000e+00
-4.308154e-14 0.000000e+00 0.000000e+00
-2.255768e-15 0.000000e+00 0.000000e+00
1.370077e-13 0.000000e+00 0.000000e+00
-9.827544e-14 0.000000e+00 0.000000e+00
1.009287e-13 0.000000e+00 0.000000e+00
-2.053524e-14 0.000000e+00 0.000000e+00
8.607036e-14 0.000000e+00 0.000000e+00
-3.495539e-13 0.000000e+00 0.000000e+00
3.041998e-14 0.000000e+00 0.000000e+00
4.388646e-14 0.000000e+00 0.000000e+00
5.029886e-15 0.000000e+00 0.000000e+00
-3.615747e-14 0.000000e+00 0.000000e+00
3.807384e-14 0.000000e+00 0.000000e+00
-1.771366e-13 0.000000e+00 0.000000e+00
-9.137640e-14 0.000000e+00 0.000000e+00
-3.996044e-14 0.000000e+00 0.000000e+00
-4.207408e-15 0.000000e+00 0.000000e+00
2.713297e-13 0.000000e+00 0.000000e+00
1.375939e-15 0.000000e+00 0.000000e+00
1.295672e-13 0.000000e+00 0.000000e+00
1.441750e-13 0.000000e+00 0.000000e+00
-7.851033e-14 0.000000e+00 0.000000e+00
-2.466203e-13 0.000000e+00 0.000000e+00
-2.608544e-15 0.000000e+00 0.000000e+00
-1.691118e-13 0.000000e+00 0.000000e+00
1.332615e-13 0.000000e+00 0.000000e+00
-1.105779e-13 0.000000e+00 0.000000e+00
-7.814299e-15 0.000000e+00 0.000000e+00
5.192724e-14 0.000000e+00 0.000000e+00
-2.160085e-14 0.000000e+00 0.000000e+00
-9.354216e-15 0.000000e+00 0.000000e+00
-4.883434e-14 0.000000e+00 0.000000e+00
-1.368627e-13 0.000000e+00 0.000000e+00
1.597231e-13 0.000000e+00 0.000000e+00
2.023647e-13 0.000000e+00 0.000000e+00
2.089659e-13 0.000000e+00 0.000000e+00
-2.560192e-13 0.000000e+00 0.000000e+00
-1.868532e-13 0.000000e+00 0.000000e+00
9.400615e-14 0.000000e+00 0.000000e+00
8.920682e-14 0.000000e+00 0.000000e+00
3.802168e-13 0.000000e+00 0.000000e+00
-1.458326e-13 0.000000e+00 0.000000e+00
6.689172e-14 0.000000e+00 0.000000e+00
2.437710e-13 0.000000e+00 0.000000e+00
1.906342e-13 0.000000e+00 0.000000e+00
2.731322e-13 0.000000e+00 0.000000e+00
-2.025910e-13 0.000000e+00 0.000000e+00
5.276995e-14 0.000000e+00 0.000000e+00
-1.485092e-13 0.000000e+00 0.000000e+00
-1.435035e-13 0.000000e+00 0.000000e+00
-7.525587e-14 0.000000e+00 0.000000e+00
4.903663e-14 0.000000e+00 0.000000e+00
2.505079e-13 0.000000e+00 0.000000e+00
1.976159e-13 0.000000e+00 0.000000e+00
2.361873e-13 0.000000e+00 0.000000e+00
1.619904e-13 0.000000e+00 0.000000e+00
-5.196333e-14 0.000000e+00 0.000000e+00
5.663954e-13 0.000000e+00 0.000000e+00
2.052475e-15 0.000000e+00 0.000000e+00
1.882932e-13 0.000000e+00 0.000000e+00
-6.921938e-14 0.000000e+00 0.000000e+00
-7.947772e-13 0.000000e+00 0.000000e+00
-1.879230e-13 0.000000e+00 0.000000e+00
-3.254981e-15 0.000000e+00 0.000000e+00
-1.143719e-14 0.000000e+00 0.000000e+00
1.127549e-13 0.000000e+00 0.000000e+00
-3.305240e-13 0.000000e+00 0.000000e+00
2.585102e-13 0.000000e+00 0.000000e+00
1.326032e-13 0.000000e+00 0.000000e+00
-2.929466e-13 0.000000e+00 0.000000e+00
-1.511388e-14 0.000000e+00 0.000000e+00
-1.566454e-13 0.000000e+00 0.000000e+00
-6.093648e-14 0.000000e+00 0.000000e+00
4.186854e-14 0.000000e+00 0.000000e+00
-1.024139e-14 0.000000e+00 0.000000e+00
1.799029e-13 0.000000e+00 0.000000e+00
1.267959e-13 0.000000e+00 0.000000e+00
7.038206e-14 0.000000e+00 0.000000e+00
5.049411e-14 0.000000e+00 0.000000e+00
9.942577e-15 0.000000e+00 0.000000e+00
-3.965309e-13 0.000000e+00 0.000000e+00
-3.207920e-14 0.000000e+00 0.000000e+00
-1.505022e-14 0.000000e+00 0.000000e+00
3.470278e-13 0.000000e+00 0.000000e+00
6.830349e-15 0.000000e+00 0.000000e+00
-6.388571e-14 0.000000e+00 0.000000e+00
3.510616e-13 0.000000e+00 0.000000e+00
3.243175e-13 0.000000e+00 0.000000e+00
3.876496e-14 0.000000e+00 0.000000e+00
8.507976e-14 0.000000e+00 0.000000e+00
-3.630026e-13 0.000000e+00 0.000000e+00
9.132530e-14 0.000000e+00 0.000000e+00
1.792366e-13 0.000000e+00 0.000000e+00
-2.666823e-14 0.000000e+00 0.000000e+00
-2.671256e-13 0.000000e+00 0.000000e+00
-3.482081e-14 0.000000e+00 0.000000e+00
2.262738e-13 0.000000e+00 0.000000e+00
4.982605e-13 0.000000e+00 0.000000e+00
-3.447532e-13 0.000000e+00 0.000000e+00
-7.743254e-14 0.000000e+00 0.000000e+00
8.865341e-14 0.000000e+00 0.000000e+00
-1.182098e-13 0.000000e+00 0.000000e+00
-1.175468e-14 0.000000e+00 0.000000e+00
8.221425e-14 0.000000e+00 0.000000e+00
4.671740e-14 0.000000e+00 0.000000e+00
-3.427116e-14 0.000000e+00 0.000000e+00
1.319548e-13 0.000000e+00 0.000000e+00
-3.099084e-13 0.000000e+00 0.000000e+00
2.381596e-14 0.000000e+00 0.000000e+00
-1.182160e-13 0.000000e+00 0.000000e+00
-2.526139e-13 0.000000e+00 0.000000e+00
-7.152577e-15 0.000000e+00 0.000000e+00
-8.680403e-14 0.000000e+00 0.000000e+00
1.908852e-14 0.000000e+00 0.000000e+00
-3.764541e-14 0.000000e+00 0.000000e+00
5.506876e-14 0.000000e+00 0.000000e+00
-2.867094e-13 0.000000e+00 0.000000e+00
7.930451e-14 0.000000e+00 0.000000e+00
-5.669512e-14 0.000000e+00 0.000000e+00
3.064399e-14 0.000000e+00 0.000000e+00
2.955229e-14 0.000000e+00 0.000000e+00
-6.740185e-14 0.000000e+00 0.000000e+00
-7.135194e-14 0.000000e+00 0.000000e+00
3.419055e-13 0.000000e+00 0.000000e+00
1.777383e-13 0.000000e+00 0.000000e+00
-8.461084e-15 0.000000e+00 0.000000e+00
3.130609e-14 0.000000e+00 0.000000e+00
7.513717e-15 0.000000e+00 0.000000e+00
-1.618068e-13 0.000000e+00 0.000000e+00
-2.401262e-13 0.000000e+00 0.000000e+00
1.397506e-13 0.000000e+00 0.000000e+00
1.940568e-13 0.000000e+00 0.000000e+00
2.820029e-14 0.000000e+00 0.000000e+00
1.901910e-13 0.000000e+00 0.000000e+00
1.554103e-14 0.000000e+00 0.000000e+00
3.215847e-14 0.000000e+00 0.000000e+00
-1.950714e-13 0.000000e+00 0.000000e+00
2.524027e-13 0.000000e+00 0.000000e+00
-1.721784e-13 0.000000e+00 0.000000e+00
3.335302e-13 0.000000e+00 0.000000e+00
3.208896e-13 0.000000e+00 0.000000e+00
-1.552557e-13 0.000000e+00 0.000000e+00
1.602489e-13 0.000000e+00 0.000000e+00
-1.472162e-13 0.000000e+00 0.000000e+00
-3.953633e-13 0.000000e+00 0.000000e+00
-3.458769e-13 0.000000e+00 0.000000e+00
1.556377e-13 0.000000e+00 0.000000e+00
1.576421e-13 0.000000e+00 0.000000e+00
-6.360847e-15 0.000000e+00 0.000000e+00
2.094959e-13 0.000000e+00 0.000000e+00
-1.431469e-14 0.000000e+00 0.000000e+00
5.349148e-14 0.000000e+00 0.000000e+00
-1.407278e-13 0.000000e+00 0.000000e+00
-7.754032e-14 0.000000e+00 0.000000e+00
-3.962584e-14 0.000000e+00 0.000000e+00
-1.518635e-13 0.000000e+00 0.000000e+00
-4.764071e-14 0.000000e+00 0.000000e+00
-2.797235e-13 0.000000e+00 0.000000e+00
3.932286e-13 0.000000e+00 0.000000e+00
6.783340e-14 0.000000e+00 0.000000e+00
1.298117e-13 0.000000e+00 0.000000e+00
-1.606212e-13 0.000000e+00 0.000000e+00
3.993076e-14 0.000000e+00 0.000000e+00
-2.780657e-13 0.000000e+00 0.000000e+00
-9.501452e-14 0.000000e+00 0.000000e+00
1.493887e-13 0.000000e+00 0.000000e+00
-6.083337e-14 0.000000e+00 0.000000e+00
1.675171e-13 0.000000e+00 0.000000e+00
-1.173665e-13 0.000000e+00 0.000000e+00
2.677198e-13 0.000000e+00 0.000000e+00
-1.150275e-13 0.000000e+00 0.000000e+00
-1.889566e-13 0.000000e+00 0.000000e+00
-2.062517e-13 0.000000e+00 0.000000e+00
-7.271420e-14 0.000000e+00 0.000000e+00
-1.595257e-13 0.000000e+00 0.000000e+00
2.890591e-13 0.000000e+00 0.000000e+00
-1.067290e-14 0.000000e+00 0.000000e+00
4.960030e-14 0.000000e+00 0.000000e+00
2.527692e-15 0.000000e+00 0.000000e+00
2.427727e-13 0.000000e+00 0.000000e+00
-7.617532e-14 0.000000e+00 0.000000e+00
6.075247e-14 0.000000e+00 0.000000e+00
1.116143e-13 0.000000e+00 0.000000e+00
-2.341206e-14 0.000000e+00 0.000000e+00
4.841923e-14 0.000000e+00 0.000000e+00
5.348493e-14 0.000000e+00 0.000000e+00
-5.709087e-15 0.000000e+00 0.000000e+00
-6.686476e-14 0.000000e+00 0.000000e+00
3.766320e-13 0.000000e+00 0.000000e+00
-2.394522e-13 0.000000e+00 0.000000e+00
-5.416288e-14 0.000000e+00 0.000000e+00
2.877081e-14 0.000000e+00 0.000000e+00
7.783449e-14 0.000000e+00 0.000000e+00
-2.465456e-14 0.000000e+00 0.000000e+00
-4.933607e-14 0.000000e+00 0.000000e+00
-2.943439e-13 0.000000e+00 0.000000e+00
-9.036171e-14 0.000000e+00 0.000000e+00
-1.803280e-13 0.000000e+00 0.000000e+00
-1.324324e-13 0.000000e+00 0.000000e+00
-1.277329e-13 0.000000e+00 0.000000e+00
9.271133e-14 0.000000e+00 0.000000e+00
7.500635e-14 0.000000e+00 0.000000e+00
1.343072e-14 0.000000e+00 0.000000e+00
2.984872e-13 0.000000e+00 0.000000e+00
-2.066126e-13 0.000000e+00 0.000000e+00
1.374459e-13 0.000000e+00 0.000000e+00
-8.145746e-14 0.000000e+00 0.000000e+00
6.259858e-14 0.000000e+00 0.000000e+00
-3.961415e-14 0.000000e+00 0.000000e+00
6.947594e-14 0.000000e+00 0.000000e+00
-2.554774e-14 0.000000e+00 0.000000e+00
-7.622103e-14 0.000000e+00 0.000000e+00
3.156741e-13 0.000000e+00 0.000000e+00
-8.252225e-14 0.000000e+00 0.000000e+00
-1.590210e-13 0.000000e+00 0.000000e+00
9.394534e-14 0.000000e+00 0.000000e+00
1.572733e-13 0.000000e+00 0.000000e+00
2.386805e-14 0.000000e+00 0.000000e+00
2.893412e-13 0.000000e+00 0.000000e+00
2.158924e-13 0.000000e+00 0.000000e+00
-2.413090e-13 0.000000e+00 0.000000e+00
2.650271e-13 0.000000e+00 0.000000e+00
-9.174039e-14 0.000000e+00 0.000000e+00
7.191228e-15 0.000000e+00 0.000000e+00
1.589975e-13 0.000000e+00 0.000000e+00
1.775457e-13 0.000000e+00 0.000000e+00
8.374555e-14 0.000000e+00 0.000000e+00
5.891493e-14 0.000000e+00 0.000000e+00
1.790303e-13 0.000000e+00 0.000000e+00
-2.556256e-13 0.000000e+00 0.000000e+00
5.782240e-14 0.000000e+00 0.000000e+00
-7.082006e-14 0.000000e+00 0.000000e+00
-4.455023e-15 0.000000e+00 0.000000e+00
9.491773e-14 0.000000e+00 0.000000e+00
1.797797e-13 0.000000e+00 0.000000e+00
2.092128e-14 0.000000e+00 0.000000e+00
8.742043e-14 0.000000e+00 0.000000e+00
1.718682e-13 0.000000e+00 0.000000e+00
-5.439837e-14 0.000000e+00 0.000000e+00
-1.165983e-13 0.000000e+00 0.000000e+00
-2.609252e-13 0.000000e+00 0.000000e+00
1.883534e-14 0.000000e+00 0.000000e+00
1.927398e-13 0.000000e+00 0.000000e+00
-1.255883e-13 0.000000e+00 0.000000e+00
-2.134145e-13 0.000000e+00 0.000000e+00
2.026143e-13 0.000000e+00 0.000000e+00
-1.368583e-13 0.000000e+00 0.000000e+00
5.281952e-14 0.000000e+00 0.000000e+00
3.412183e-13 0.000000e+00 0.000000e+00
1.179618e-13 0.000000e+00 0.000000e+00
8.528369e-14 0.000000e+00 0.000000e+00
3.647919e-14 0.000000e+00 0.000000e+00
9.408543e-14 0.000000e+00 0.000000e+00
-4.293633e-14 0.000000e+00 0.000000e+00
3.425983e-13 0.000000e+00 0.000000e+00
1.130072e-13 0.000000e+00 0.000000e+00
-2.313332e-13 0.000000e+00 0.000000e+00
-2.813958e-13 0.000000e+00 0.000000e+00
-1.966113e-13 0.000000e+00 0.000000e+00
-2.752843e-13 0.000000e+00 0.000000e+00
-6.203047e-15 0.000000e+00 0.000000e+00
9.725239e-14 0.000000e+00 0.000000e+00
-5.092210e-16 0.000000e+00 0.000000e+00
-3.491502e-13 0.000000e+00 0.000000e+00
-1.135039e-13 0.000000e+00 0.000000e+00
1.253910e-13 0.000000e+00 0.000000e+00
-1.449635e-13 0.000000e+00 0.000000e+00
-5.116587e-14 0.000000e+00 0.000000e+00
-3.683832e-13 0.000000e+00 0.000000e+00
-1.637015e-13 0.000000e+00 0.000000e+00
1.593886e-14 0.000000e+00 0.000000e+00
2.423846e-13 0.000000e+00 0.000000e+00
-1.874818e-13 0.000000e+00 0.000000e+00
2.880263e-13 0.000000e+00 0.000000e+00
-1.922757e-13 0.000000e+00 0.000000e+00
-6.742268e-14 0.000000e+00 0.000000e+00
7.704396e-14 0.000000e+00 0.000000e+00
-9.800604e-14 0.000000e+00 0.000000e+00
-2.000735e-13 0.000000e+00 0.000000e+00
-1.320624e-13 0.000000e+00 0.000000e+00
-3.204643e-13 0.000000e+00 0.000000e+00
3.731591e-13 0.000000e+00 0.000000e+00
-1.919152e-13 0.000000e+00 0.000000e+00
-8.775575e-14 0.000000e+00 0.000000e+00
1.236629e-13 0.000000e+00 0.000000e+00
-4.945742e-15 0.000000e+00 0.000000e+00
-3.801582e-13 0.000000e+00 0.000000e+00
-5.070547e-14 0.000000e+00 0.000000e+00
-1.041978e-14 0.000000e+00 0.000000e+00
1.552496e-13 0.000000e+00 0.000000e+00
-4.007865e-14 0.000000e+00 0.000000e+00
4.817035e-14 0.000000e+00 0.000000e+00
-1.564369e-16 0.000000e+00 0.000000e+00
-2.300857e-13 0.000000e+00 0.000000e+00
-4.510318e-14 0.000000e+00 0.000000e+00
2.551093e-13 0.000000e+00 0.000000e+00
-4.950007e-13 0.000000e+00 0.000000e+00
-3.686423e-13 0.000000e+00 0.000000e+00
2.416977e-13 0.000000e+00 0.000000e+00
7.651563e-14 0.000000e+00 0.000000e+00
1.375292e-13 0.000000e+00 0.000000e+00
-8.367872e-14 0.000000e+00 0.000000e+00
8.460687e-14 0.000000e+00 0.000000e+00
-7.392873e-14 0.000000e+00 0.000000e+00
-1.725683e-13 0.000000e+00 0.000000e+00
-1.921579e-13 0.000000e+00 0.000000e+00
-1.474108e-13 0.000000e+00 0.000000e+00
2.854392e-13 0.000000e+00 0.000000e+00
4.046694e-15 0.000000e+00 0.000000e+00
8.549385e-14 0.000000e+00 0.000000e+00
-4.599946e-13 0.000000e+00 0.000000e+00
-3.445413e-13 0.000000e+00 0.000000e+00
9.346016e-14 0.000000e+00 0.000000e+00
-3.726270e-13 0.000000e+00 0.000000e+00
3.167174e-13 0.000000e+00 0.000000e+00
-8.826650e-14 0.000000e+00 0.000000e+00
1.077230e-13 0.000000e+00 0.000000e+00
-1.005308e-13 0.000000e+00 0.000000e+00
-7.909029e-14 0.000000e+00 0.000000e+00
2.184785e-13 0.000000e+00 0.000000e+00
-6.076701e-14 0.000000e+00 0.000000e+00
-4.781254e-13 0.000000e+00 0.000000e+00
4.654398e-14 0.000000e+00 0.000000e+00
2.862007e-13 0.000000e+00 0.000000e+00
2.309257e-13 0.000000e+00 0.000000e+00
-8.553125e-14 0.000000e+00 0.000000e+00
-4.286402e-13 0.000000e+00 0.000000e+00
-1.563243e-14 0.000000e+00 0.000000e+00
2.884771e-14 0.000000e+00 0.000000e+00
3.411772e-13 0.000000e+00 0.000000e+00
-4.212605e-14 0.000000e+00 0.000000e+00
2.192180e-13 0.000000e+00 0.000000e+00
-1.113757e-14 0.000000e+00 0.000000e+00
-1.260091e-14 0.000000e+00 0.000000e+00
4.591682e-14 0.000000e+00 0.000000e+00
-8.017055e-14 0.000000e+00 0.000000e+00
1.013060e-13 0.000000e+00 0.000000e+00
-7.057972e-14 0.000000e+00 0.000000e+00
-1.646960e-13 0.000000e+00 0.000000e+00
-2.690986e-14 0.000000e+00 0.000000e+00
2.040232e-13 0.000000e+00 0.000000e+00
2.532470e-14 0.000000e+00 0.000000e+00
1.482333e-13 0.000000e+00 0.000000e+00
4.465542e-14 0.000000e+00 0.000000e+00
-2.694940e-13 0.000000e+00 0.000000e+00
-1.042683e-13 0.000000e+00 0.000000e+00
3.487326e-14 0.000000e+00 0.000000e+00
9.642204e-14 0.000000e+00 0.000000e+00
-2.578757e-13 0.000000e+00 0.000000e+00
-8.023629e-14 0.000000e+00 0.000000e+00
-8.998203e-14 0.000000e+00 0.000000e+00
-1.516241e-13 0.000000e+00 0.000000e+00
2.474474e-13 0.000000e+00 0.000000e+00
-2.420390e-14 0.000000e+00 0.000000e+00
5.088489e-14 0.000000e+00 0.000000e+00
8.691018e-14 0.000000e+00 0.000000e+00
-2.221535e-14 0.000000e+00 0.000000e+00
2.329945e-13 0.000000e+00 0.000000e+00
1.094294e-14 0.000000e+00 0.000000e+00
-8.167728e-14 0.000000e+00 0.000000e+00
1.974575e-13 0.000000e+00 0.000000e+00
2.715876e-14 0.000000e+00 0.000000e+00
1.211357e-13 0.000000e+00 0.000000e+00
-2.095760e-13 0.000000e+00 0.000000e+00
5.216306e-14 0.000000e+00 0.000000e+00
1.058221e-13 0.000000e+00 0.000000e+00
-7.614360e-14 0.000000e+00 0.000000e+00
-2.705348e-13 0.000000e+00 0.000000e+00
-2.552944e-13 0.000000e+00 0.000000e+00
-2.164739e-13 0.000000e+00 0.000000e+00
-5.764535e-16 0.000000e+00 0.000000e+00
1.546598e-13 0.000000e+00 0.000000e+00
3.078203e-13 0.000000e+00 0.000000e+00
-1.598407e-13 0.000000e+00 0.000000e+00
6.239341e-14 0.000000e+00 0.000000e+00
-2.109282e-14 0.000000e+00 0.000000e+00
-1.956374e-13 0.000000e+00 0.000000e+00
1.051297e-14 0.000000e+00 0.000000e+00
1.904374e-13 0.000000e+00 0.000000e+00
-8.775559e-14 0.000000e+00 0.000000e+00
7.295781e-14 0.000000e+00 0.000000e+00
-7.333754e-14 0.000000e+00 0.000000e+00
-1.054385e-13 0.000000e+00 0.000000e+00
1.336645e-13 0.000000e+00 0.000000e+00
2.636992e-14 0.000000e+00 0.000000e+00
2.638540e-13 0.000000e+00 0.000000e+00
-2.732427e-13 0.000000e+00 0.000000e+00
-3.265845e-13 0.000000e+00 0.000000e+00
8.629226e-14 0.000000e+00 0.000000e+00
-2.417539e-13 0.000000e+00 0.000000e+00
-9.305841e-14 0.000000e+00 0.000000e+00
2.640034e-14 0.000000e+00 0.000000e+00
5.054422e-13 0.000000e+00 0.000000e+00
6.966170e-14 0.000000e+00 0.000000e+00
1.268496e-13 0.000000e+00 0.000000e+00
-1.127719e-13 0.000000e+00 0.000000e+00
-1.030160e-13 0.000000e+00 0.000000e+00
2.454933e-14 0.000000e+00 0.000000e+00
-7.203200e-14 0.000000e+00 0.000000e+00
1.858109e-13 0.000000e+00 0.000000e+00
-3.023505e-14 0.000000e+00 0.000000e+00
-1.091787e-13 0.000000e+00 0.000000e+00
-4.152189e-14 0.000000e+00 0.000000e+00
-6.724943e-14 0.000000e+00 0.000000e+00
1.980718e-13 0.000000e+00 0.000000e+00
-2.741032e-13 0.000000e+00 0.000000e+00
6.360752e-14 0.000000e+00 0.000000e+00
7.109182e-15 0.000000e+00 0.000000e+00
-1.235903e-13 0.000000e+00 0.000000e+00
1.003980e-13 0.000000e+00 0.000000e+00
-1.278026e-13 0.000000e+00 0.000000e+00
2.704015e-13 0.000000e+00 0.000000e+00
1.617762e-13 0.000000e+00 0.000000e+00
-2.391543e-13 0.000000e+00 0.000000e+00
-6.157039e-14 0.000000e+00 0.000000e+00
-1.986769e-13 0.000000e+00 0.000000e+00
-2.109209e-13 0.000000e+00 0.000000e+00
-1.323019e-14 0.000000e+00 0.000000e+00
9.722371e-14 0.000000e+00 0.000000e+00
-8.645361e-14 0.000000e+00 0.000000e+00
8.229710e-14 0.000000e+00 0.000000e+00
-1.195149e-13 0.000000e+00 0.000000e+00
-3.294261e-14 0.000000e+00 0.000000e+00
4.227014e-14 0.000000e+00 0.000000e+00
-2.735307e-13 0.000000e+00 0.000000e+00
-1.615170e-14 0.000000e+00 0.000000e+00
-2.371618e-13 0.000000e+00 0.000000e+00
7.999442e-14 0.000000e+00 0.000000e+00
-5.318276e-14 0.000000e+00 0.000000e+00
2.205315e-13 0.000000e+00 0.000000e+00
1.418469e-13 0.000000e+00 0.000000e+00
-7.698271e-14 0.000000e+00 0.000000e+00
-3.325009e-14 0.000000e+00 0.000000e+00
7.919631e-14 0.000000e+00 0.000000e+00
1.683729e-13 0.000000e+00 0.000000e+00
2.058057e-14 0.000000e+00 0.000000e+00
-3.407742e-13 0.000000e+00 0.000000e+00
-3.851534e-15 0.000000e+00 0.000000e+00
-3.842566e-14 0.000000e+00 0.000000e+00
-1.326572e-13 0.000000e+00 0.000000e+00
2.492905e-13 0.000000e+00 0.000000e+00
2.390782e-13 0.000000e+00 0.000000e+00
2.242298e-13 0.000000e+00 0.000000e+00
8.227442e-14 0.000000e+00 0.000000e+00
-6.289567e-13 0.000000e+00 0.000000e+00
1.614139e-13 0.000000e+00 0.000000e+00
-2.890016e-13 0.000000e+00 0.000000e+00
-3.265256e-13 0.000000e+00 0.000000e+00
-5.819213e-15 0.000000e+00 0.000000e+00
8.972133e-14 0.000000e+00 0.000000e+00
1.970939e-13 0.000000e+00 0.000000e+00
8.245865e-14 0.000000e+00 0.000000e+00
-8.471573e-16 0.000000e+00 0.000000e+00
1.050010e-13 0.000000e+00 0.000000e+00
1.103642e-13 0.000000e+00 0.000000e+00
1.735191e-13 0.000000e+00 0.000000e+00
-3.026586e-13 0.000000e+00 0.000000e+00
-3.783021e-13 0.000000e+00 0.000000e+00
-2.856547e-13 0.000000e+00 0.000000e+00
-1.988577e-14 0.000000e+00 0.000000e+00
3.295658e-13 0.000000e+00 0.000000e+00
-8.444687e-14 0.000000e+00 0.000000e+00
2.626314e-13 0.000000e+00 0.000000e+00
-3.580288e-15 0.000000e+00 0.000000e+00
-1.110608e-13 0.000000e+00 0.000000e+00
-8.557395e-14 0.000000e+00 0.000000e+00
-3.380908e-14 0.000000e+00 0.000000e+00
-2.460007e-14 0.000000e+00 0.000000e+00
1.187466e-13 0.000000e+00 0.000000e+00
-7.267009e-15 0.000000e+00 0.000000e+00
-4.762511e-14 0.000000e+00 0.000000e+00
1.187711e-13 0.000000e+00 0.000000e+00
-2.070144e-13 0.000000e+00 0.000000e+00
-1.045960e-13 0.000000e+00 0.000000e+00
1.706943e-14 0.000000e+00 0.000000e+00
-4.423536e-13 0.000000e+00 0.000000e+00
2.231837e-13 0.000000e+00 0.000000e+00
-1.316150e-13 0.000000e+00 0.000000e+00
-6.159980e-14 0.000000e+00 0.000000e+00
7.617581e-14 0.000000e+00 0.000000e+00
2.397176e-13 0.000000e+00 0.000000e+00
-2.133534e-13 0.000000e+00 0.000000e+00
6.849180e-14 0.000000e+00 0.000000e+00
-3.308151e-13 0.000000e+00 0.000000e+00
1.470214e-13 0.000000e+00 0.000000e+00
-1.188374e-13 0.000000e+00 0.000000e+00
3.200637e-14 0.000000e+00 0.000000e+00
-3.569826e-14 0.000000e+00 0.000000e+00
3.939101e-14 0.000000e+00 0.000000e+00
-1.057679e-13 0.000000e+00 0.000000e+00
-2.099179e-13 0.000000e+00 0.000000e+00
3.129432e-14 0.000000e+00 0.000000e+00
-3.351399e-13 0.000000e+00 0.000000e+00
1.681776e-14 0.000000e+00 0.000000e+00
-1.216179e-15 0.000000e+00 0.000000e+00
-2.051591e-13 0.000000e+00 0.000000e+00
-6.198200e-14 0.000000e+00 0.000000e+00
-1.147896e-13 0.000000e+00 0.000000e+00
2.137792e-14 0.000000e+00 0.000000e+00
-1.812284e-13 0.000000e+00 0.000000e+00
-2.426382e-13 0.000000e+00 0.000000e+00
7.710920e-14 0.000000e+00 0.000000e+00
-2.632411e-14 0.000000e+00 0.000000e+00
-1.512560e-13 0.000000e+00 0.000000e+00
4.488311e-14 0.000000e+00 0.000000e+00
-3.072538e-14 0.000000e+00 0.000000e+00
-2.089592e-13 0.000000e+00 0.000000e+00
-9.248649e-14 0.000000e+00 0.000000e+00
-4.218757e-13 0.000000e+00 0.000000e+00
1.345452e-13 0.000000e+00 0.000000e+00
1.573028e-13 0.000000e+00 0.000000e+00
-1.441019e-13 0.000000e+00 0.000000e+00
4.291988e-14 0.000000e+00 0.000000e+00
-4.973562e-14 0.000000e+00 0.000000e+00
2.663574e-13 0.000000e+00 0.000000e+00
1.763967e-13 0.000000e+00 0.000000e+00
3.754062e-14 0.000000e+00 0.000000e+00
-2.818113e-14 0.000000e+00 0.000000e+00
-2.311553e-13 0.000000e+00 0.000000e+00
5.305854e-14 0.000000e+00 0.000000e+00
-2.732032e-13 0.000000e+00 0.000000e+00
2.019616e-13 0.000000e+00 0.000000e+00
-3.367872e-14 0.000000e+00 0.000000e+00
3.273567e-13 0.000000e+00 0.000000e+00
2.970842e-13 0.000000e+00 0.000000e+00
4.307317e-14 0.000000e+00 0.000000e+00
-1.729818e-13 0.000000e+00 0.000000e+00
1.194524e-13 0.000000e+00 0.000000e+00
2.441433e-13 0.000000e+00 0.000000e+00
-8.110764e-14 0.000000e+00 0.000000e+00
2.342102e-13 0.000000e+00 0.000000e+00
3.599318e-14 0.000000e+00 0.000000e+00
-1.725680e-13 0.000000e+00 0.000000e+00
-1.765731e-13 0.000000e+00 0.000000e+00
5.216638e-14 0.000000e+00 0.000000e+00
1.182872e-14 0.000000e+00 0.000000e+00
3.977242e-14 0.000000e+00 0.000000e+00
-1.163396e-13 0.000000e+00 0.000000e+00
-1.516797e-13 0.000000e+00 0.000000e+00
2.573307e-13 0.000000e+00 0.000000e+00
-7.238474e-14 0.000000e+00 0.000000e+00
-4.168268e-14 0.000000e+00 0.000000e+00
-1.008523e-13 0.000000e+00 0.000000e+00
1.257024e-13 0.000000e+00 0.000000e+00
2.449658e-13 0.000000e+00 0.000000e+00
5.779348e-14 0.000000e+00 0.000000e+00
-2.666244e-14 0.000000e+00 0.000000e+00
1.145399e-13 0.000000e+00 0.000000e+00
2.705253e-13 0.000000e+00 0.000000e+00
-7.276192e-14 0.000000e+00 0.000000e+00
7.260080e-14 0.000000e+00 0.000000e+00
-5.093033e-14 0.000000e+00 0.000000e+00
8.043388e-14 0.000000e+00 0.000000e+00
-1.727161e-13 0.000000e+00 0.000000e+00
-1.684519e-13 0.000000e+00 0.000000e+00
1.595442e-13 0.000000e+00 0.000000e+00
8.817531e-14 0.000000e+00 0.000000e+00
-1.315892e-13 0.000000e+00 0.000000e+00
1.903934e-13 0.000000e+00 0.000000e+00
2.123044e-13 0.000000e+00 0.000000e+00
-1.201048e-13 0.000000e+00 0.000000e+00
2.163817e-13 0.000000e+00 0.000000e+00
2.840731e-13 0.000000e+00 0.000000e+00
6.867068e-14 0.000000e+00 0.000000e+00
3.799215e-13 0.000000e+00 0.000000e+00
-1.354894e-13 0.000000e+00 0.000000e+00
-1.599813e-13 0.000000e+00 0.000000e+00
2.494667e-13 0.000000e+00 0.000000e+00
9.239140e-14 0.000000e+00 0.000000e+00
-3.588631e-14 0.000000e+00 0.000000e+00
-3.419782e-14 0.000000e+00 0.000000e+00
-1.093837e-13 0.000000e+00 0.000000e+00
3.747038e-12 0.000000e+00 0.000000e+00
-4.743391e-14 0.000000e+00 0.000000e+00
-7.991353e-14 0.000000e+00 0.000000e+00
-4.724379e-14 0.000000e+00 0.000000e+00
1.999865e-13 0.000000e+00 0.000000e+00
8.308907e-14 0.000000e+00 0.000000e+00
-9.180727e-14 0.000000e+00 0.000000e+00
1.608250e-13 0.000000e+00 0.000000e+00
5.885772e-14 0.000000e+00 0.000000e+00
1.893734e-13 0.000000e+00 0.000000e+00
-6.621355e-14 0.000000e+00 0.000000e+00
-2.747733e-14 0.000000e+00 0.000000e+00
1.634176e-13 0.000000e+00 0.000000e+00
-1.193819e-13 0.000000e+00 0.000000e+00
-1.483487e-14 0.000000e+00 0.000000e+00
-1.496808e-13 0.000000e+00 0.000000e+00
-2.995853e-13 0.000000e+00 0.000000e+00
-1.674501e-13 0.000000e+00 0.000000e+00
4.034114e-13 0.000000e+00 0.000000e+00
-1.993929e-13 0.000000e+00 0.000000e+00
-1.595308e-14 0.000000e+00 0.000000e+00
-2.733485e-13 0.000000e+00 0.000000e+00
-7.796120e-14 0.000000e+00 0.000000e+00
1.221200e-13 0.000000e+00 0.000000e+00
8.134911e-14 0.000000e+00 0.000000e+00
-4.909059e-13 0.000000e+00 0.000000e+00
1.241744e-14 0.000000e+00 0.000000e+00
5.005160e-14 0.000000e+00 0.000000e+00
1.292418e-13 0.000000e+00 0.000000e+00
3.073694e-13 0.000000e+00 0.000000e+00
-2.698410e-14 0.000000e+00 0.000000e+00
1.292540e-13 0.000000e+00 0.000000e+00
2.368927e-13 0.000000e+00 0.000000e+00
-2.859758e-13 0.000000e+00 0.000000e+00
-8.204232e-14 0.000000e+00 0.000000e+00
1.282660e-13 0.000000e+00 0.000000e+00
7.956109e-14 0.000000e+00 0.000000e+00
-1.464188e-14 0.000000e+00 0.000000e+00
3.026356e-14 0.000000e+00 0.000000e+00
1.789470e-13 0.000000e+00 0.000000e+00
1.335844e-14 0.000000e+00 0.000000e+00
2.802474e-13 0.000000e+00 0.000000e+00
2.894358e-13 0.000000e+00 0.000000e+00
-1.776931e-13 0.000000e+00 0.000000e+00
1.034956e-13 0.000000e+00 0.000000e+00
1.913896e-15 0.000000e+00 0.000000e+00
4.162098e-14 0.000000e+00 0.000000e+00
-1.707513e-13 0.000000e+00 0.000000e+00
2.413301e-13 0.000000e+00 0.000000e+00
1.565732e-13 0.000000e+00 0.000000e+00
-1.311233e-13 0.000000e+00 0.000000e+00
-3.488435e-13 0.000000e+00 0.000000e+00
6.865985e-14 0.000000e+00 0.000000e+00
7.332566e-14 0.000000e+00 0.000000e+00
-3.814744e-14 0.000000e+00 0.000000e+00
3.345049e-13 0.000000e+00 0.000000e+00
-4.588680e-13 0.000000e+00 0.000000e+00
1.093619e-13 0.000000e+00 0.000000e+00
-3.129043e-14 0.000000e+00 0.000000e+00
9.800262e-14 0.000000e+00 0.000000e+00
-6.079563e-14 0.000000e+00 0.000000e+00
-2.239951e-13 0.000000e+00 0.000000e+00
-3.254399e-14 0.000000e+00 0.000000e+00
-8.761564e-14 0.000000e+00 0.000000e+00
-1.685654e-13 0.000000e+00 0.000000e+00
8.234166e-14 0.000000e+00 0.000000e+00
-8.604469e-14 0.000000e+00 0.000000e+00
2.338883e-14 0.000000e+00 0.000000e+00
1.251418e-13 0.000000e+00 0.000000e+00
1.186912e-13 0.000000e+00 0.000000e+00
1.714909e-13 0.000000e+00 0.000000e+00
-2.987529e-13 0.000000e+00 0.000000e+00
2.836640e-13 0.000000e+00 0.000000e+00
-1.873070e-13 0.000000e+00 0.000000e+00
3.642833e-14 0.000000e+00 0.000000e+00
-9.711071e-14 0.000000e+00 0.000000e+00
-1.240547e-13 0.000000e+00 0.000000e+00
1.473364e-12 0.000000e+00 0.000000e+00
8.745495e-16 0.000000e+00 0.000000e+00
1.282698e-13 0.000000e+00 0.000000e+00
1.399814e-13 0.000000e+00 0.000000e+00
-5.781223e-14 0.000000e+00 0.000000e+00
-2.666558e-13 0.000000e+00 0.000000e+00
1.406752e-13 0.000000e+00 0.000000e+00
7.165375e-15 0.000000e+00 0.000000e+00
3.650518e-13 0.000000e+00 0.000000e+00
-1.513894e-13 0.000000e+00 0.000000e+00
5.713610e-14 0.000000e+00 0.000000e+00
1.740633e-13 0.000000e+00 0.000000e+00
1.800865e-13 0.000000e+00 0.000000e+00
-2.571551e-13 0.000000e+00 0.000000e+00
-7.353564e-14 0.000000e+00 0.000000e+00
8.905291e-14 0.000000e+00 0.000000e+00
-3.239627e-13 0.000000e+00 0.000000e+00
-1.256422e-12 0.000000e+00 0.000000e+00
9.328887e-15 0.000000e+00 0.000000e+00
-1.608285e-13 0.000000e+00 0.000000e+00
2.014692e-13 0.000000e+00 0.000000e+00
-2.350447e-13 0.000000e+00 0.000000e+00
3.615369e-13 0.000000e+00 0.000000e+00
1.690951e-13 0.000000e+00 0.000000e+00
-1.463572e-13 0.000000e+00 0.000000e+00
1.275335e-14 0.000000e+00 0.000000e+00
-1.579516e-13 0.000000e+00 0.000000e+00
-1.998393e-13 0.000000e+00 0.000000e+00
-1.058522e-13 0.000000e+00 0.000000e+00
9.189817e-14 0.000000e+00 0.000000e+00
-1.524583e-13 0.000000e+00 0.000000e+00
-3.544904e-14 0.000000e+00 0.000000e+00
6.644811e-14 0.000000e+00 0.000000e+00
4.408077e-14 0.000000e+00 0.000000e+00
-6.245767e-14 0.000000e+00 0.000000e+00
-3.057003e-14 0.000000e+00 0.000000e+00
8.038840e-14 0.000000e+00 0.000000e+00
3.285784e-13 0.000000e+00 0.000000e+00
-1.461590e-13 0.000000e+00 0.000000e+00
-7.724222e-14 0.000000e+00 0.000000e+00
-3.409038e-15 0.000000e+00 0.000000e+00
-1.324908e-13 0.000000e+00 0.000000e+00
1.325711e-14 0.000000e+00 0.000000e+00
-1.422158e-13 0.000000e+00 0.000000e+00
3.283238e-13 0.000000e+00 0.000000e+00
2.161851e-13 0.000000e+00 0.000000e+00
1.899838e-13 0.000000e+00 0.000000e+00
3.260301e-14 0.000000e+00 0.000000e+00
2.378794e-14 0.000000e+00 0.000000e+00
8.966940e-13 0.000000e+00 0.000000e+00
-5.980624e-13 0.000000e+00 0.000000e+00
-2.598116e-13 0.000000e+00 0.000000e+00
1.949961e-13 0.000000e+00 0.000000e+00
1.207077e-13 0.000000e+00 0.000000e+00
-3.148988e-13 0.000000e+00 0.000000e+00
-1.455563e-14 0.000000e+00 0.000000e+00
-3.766627e-13 0.000000e+00 0.000000e+00
6.837406e-14 0.000000e+00 0.000000e+00
-1.853630e-14 0.000000e+00 0.000000e+00
1.209477e-13 0.000000e+00 0.000000e+00
6.730661e-14 0.000000e+00 0.000000e+00
-1.246271e-13 0.000000e+00 0.000000e+00
-1.915286e-13 0.000000e+00 0.000000e+00
1.244227e-13 0.000000e+00 0.000000e+00
-1.717616e-13 0.000000e+00 0.000000e+00
-2.330716e-13 0.000000e+00 0.000000e+00
-1.116464e-13 0.000000e+00 0.000000e+00
-1.376309e-13 0.000000e+00 0.000000e+00
-1.536870e-13 0.000000e+00 0.000000e+00
7.281928e-14 0.000000e+00 0.000000e+00
-2.018845e-13 0.000000e+00 0.000000e+00
3.055080e-14 0.000000e+00 0.000000e+00
-1.062920e-13 0.000000e+00 0.000000e+00
7.236957e-14 0.000000e+00 0.000000e+00
3.656021e-13 0.000000e+00 0.000000e+00
-1.153142e-13 0.000000e+00 0.000000e+00
1.205361e-13 0.000000e+00 0.000000e+00
-1.981776e-13 0.000000e+00 0.000000e+00
-8.755988e-15 0.000000e+00 0.000000e+00
8.512054e-14 0.000000e+00 0.000000e+00
5.971858e-14 0.000000e+00 0.000000e+00
-2.502955e-13 0.000000e+00 0.000000e+00
7.156430e-13 0.000000e+00 0.000000e+00
-3.455013e-14 0.000000e+00 0.000000e+00
5.622873e-14 0.000000e+00 0.000000e+00
-3.452498e-14 0.000000e+00 0.000000e+00
6.406462e-13 0.000000e+00 0.000000e+00
1.260899e-13 0.000000e+00 0.000000e+00
1.502349e-14 0.000000e+00 0.000000e+00
7.889803e-14 0.000000e+00 0.000000e+00
1.427660e-14 0.000000e+00 0.000000e+00
-1.512038e-13 0.000000e+00 0.000000e+00
-1.344162e-13 0.000000e+00 0.000000e+00
-1.038995e-13 0.000000e+00 0.000000e+00
9.508197e-14 0.000000e+00 0.000000e+00
3.240498e-14 0.000000e+00 0.000000e+00
3.572778e-15 0.000000e+00 0.000000e+00
-2.956576e-13 0.000000e+00 0.000000e+00
1.824350e-13 0.000000e+00 0.000000e+00
-2.190809e-13 0.000000e+00 0.000000e+00
-5.039746e-13 0.000000e+00 0.000000e+00
1.891453e-13 0.000000e+00 0.000000e+00
-4.277203e-14 0.000000e+00 0.000000e+00
-3.898036e-14 0.000000e+00 0.000000e+00
9.712659e-14 0.000000e+00 0.000000e+00
-1.072999e-13 0.000000e+00 0.000000e+00
-2.093576e-13 0.000000e+00 0.000000e+00
1.798398e-13 0.000000e+00 0.000000e+00
2.010875e-13 0.000000e+00 0.000000e+00
-1.431402e-13 0.000000e+00 0.000000e+00
-2.572010e-14 0.000000e+00 0.000000e+00
4.655603e-14 0.000000e+00 0.000000e+00
9.633534e-15 0.000000e+00 0.000000e+00
1.442808e-14 0.000000e+00 0.000000e+00
1.106417e-13 0.000000e+00 0.000000e+00
-1.768879e-13 0.000000e+00 0.000000e+00
-2.430607e-14 0.000000e+00 0.000000e+00
-2.983292e-13 0.000000e+00 0.000000e+00
1.423082e-13 0.000000e+00 0.000000e+00
-2.140341e-13 0.000000e+00 0.000000e+00
6.060242e-14 0.000000e+00 0.000000e+00
-6.958123e-16 0.000000e+00 0.000000e+00
3.732295e-13 0.000000e+00 0.000000e+00
1.790532e-13 0.000000e+00 0.000000e+00
-4.987125e-15 0.000000e+00 0.000000e+00
-6.295296e-13 0.000000e+00 0.000000e+00
4.225089e-14 0.000000e+00 0.000000e+00
7.150399e-13 0.000000e+00 0.000000e+00
-2.056788e-14 0.000000e+00 0.000000e+00
-5.025372e-14 0.000000e+00 0.000000e+00
-1.312891e-14 0.000000e+00 0.000000e+00
-2.170411e-13 0.000000e+00 0.000000e+00
1.561778e-13 0.000000e+00 0.000000e+00
-2.322368e-13 0.000000e+00 0.000000e+00
2.724619e-13 0.000000e+00 0.000000e+00
1.580117e-13 0.000000e+00 0.000000e+00
-8.475222e-14 0.000000e+00 0.000000e+00
-1.292489e-13 0.000000e+00 0.000000e+00
-1.222389e-13 0.000000e+00 0.000000e+00
-9.776692e-14 0.000000e+00 0.000000e+00
1.272465e-12 0.000000e+00 0.000000e+00
-1.708116e-13 0.000000e+00 0.000000e+00
-1.947437e-13 0.000000e+00 0.000000e+00
-1.169993e-13 0.000000e+00 0.000000e+00
-5.823938e-13 0.000000e+00 0.000000e+00
-2.039385e-14 0.000000e+00 0.000000e+00
1.530395e-14 0.000000e+00 0.000000e+00
2.689369e-13 0.000000e+00 0.000000e+00
-1.482038e-13 0.000000e+00 0.000000e+00
-8.642234e-14 0.000000e+00 0.000000e+00
-1.403685e-13 0.000000e+00 0.000000e+00
-1.803381e-14 0.000000e+00 0.000000e+00
-2.355215e-13 0.000000e+00 0.000000e+00
2.909441e-13 0.000000e+00 0.000000e+00
-2.580191e-13 0.000000e+00 0.000000e+00
2.002754e-14 0.000000e+00 0.000000e+00
-4.648637e-14 0.000000e+00 0.000000e+00
9.004261e-14 0.000000e+00 0.000000e+00
-3.402233e-14 0.000000e+00 0.000000e+00
1.091531e-13 0.000000e+00 0.000000e+00
-4.446441e-13 0.000000e+00 0.000000e+00
3.262191e-13 0.000000e+00 0.000000e+00
1.546250e-13 0.000000e+00 0.000000e+00
-1.671153e-13 0.000000e+00 0.000000e+00
-1.228747e-13 0.000000e+00 0.000000e+00
5.293926e-14 0.000000e+00 0.000000e+00
-1.596805e-13 0.000000e+00 0.000000e+00
-7.164674e-14 0.000000e+00 0.000000e+00
1.013582e-13 0.000000e+00 0.000000e+00
-1.902267e-13 0.000000e+00 0.000000e+00
-9.505661e-14 0.000000e+00 0.000000e+00
3.300449e-14 0.000000e+00 0.000000e+00
1.883130e-13 0.000000e+00 0.000000e+00
9.697505e-14 0.000000e+00 0.000000e+00
2.033777e-13 0.000000e+00 0.000000e+00
-2.373842e-13 0.000000e+00 0.000000e+00
-2.985566e-14 0.000000e+00 0.000000e+00
1.937747e-13 0.000000e+00 0.000000e+00
1.996501e-13 0.000000e+00 0.000000e+00
-1.965034e-13 0.000000e+00 0.000000e+00
-4.532668e-14 0.000000e+00 0.000000e+00
6.617297e-15 0.000000e+00 0.000000e+00
-1.811197e-14 0.000000e+00 0.000000e+00
2.532013e-13 0.000000e+00 0.000000e+00
-6.508344e-14 0.000000e+00 0.000000e+00
-4.647928e-14 0.000000e+00 0.000000e+00
-3.084008e-13 0.000000e+00 0.000000e+00
1.315679e-13 0.000000e+00 0.000000e+00
2.203645e-14 0.000000e+00 0.000000e+00
1.710852e-13 0.000000e+00 0.000000e+00
2.288984e-13 0.000000e+00 0.000000e+00
2.719156e-13 0.000000e+00 0.000000e+00
-1.519191e-13 0.000000e+00 0.000000e+00
-3.794801e-13 0.000000e+00 0.000000e+00
1.480195e-13 0.000000e+00 0.000000e+00
-1.362082e-13 0.000000e+00 0.000000e+00
-1.234509e-13 0.000000e+00 0.000000e+00
-1.754648e-13 0.000000e+00 0.000000e+00
3.048227e-14 0.000000e+00 0.000000e+00
8.187996e-14 0.000000e+00 0.000000e+00
-2.750968e-14 0.000000e+00 0.000000e+00
3.033298e-13 0.000000e+00 0.000000e+00
-1.326281e-13 0.000000e+00 0.000000e+00
-3.872636e-13 0.000000e+00 0.000000e+00
-4.303901e-14 0.000000e+00 0.000000e+00
-1.439528e-13 0.000000e+00 0.000000e+00
-2.769166e-13 0.000000e+00 0.000000e+00
-1.135663e-13 0.000000e+00 0.000000e+00
-1.305304e-13 0.000000e+00 0.000000e+00
-1.059084e-13 0.000000e+00 0.000000e+00
3.061518e-14 0.000000e+00 0.000000e+00
-7.331580e-14 0.000000e+00 0.000000e+00
-1.989880e-13 0.000000e+00 0.000000e+00
-3.009170e-14 0.000000e+00 0.000000e+00
1.375789e-13 0.000000e+00 0.000000e+00
8.112034e-14 0.000000e+00 0.000000e+00
-1.912184e-13 0.000000e+00 0.000000e+00
3.756389e-13 0.000000e+00 0.000000e+00
1.783141e-13 0.000000e+00 0.000000e+00
-1.190631e-13 0.000000e+00 0.000000e+00
3.263054e-13 0.000000e+00 0.000000e+00
-1.773823e-13 0.000000e+00 0.000000e+00
3.415919e-13 0.000000e+00 0.000000e+00
-2.654608e-14 0.000000e+00 0.000000e+00
-9.475931e-14 0.000000e+00 0.000000e+00
1.374804e-13 0.000000e+00 0.000000e+00
2.004522e-13 0.000000e+00 0.000000e+00
4.596174e-14 0.000000e+00 0.000000e+00
2.345052e-13 0.000000e+00 0.000000e+00
-2.659763e-12 0.000000e+00 0.000000e+00
2.057642e-13 0.000000e+00 0.000000e+00
-3.814520e-15 0.000000e+00 0.000000e+00
-1.252938e-13 0.000000e+00 0.000000e+00
-1.748356e-13 0.000000e+00 0.000000e+00
-2.045650e-13 0.000000e+00 0.000000e+00
2.773226e-14 0.000000e+00 0.000000e+00
-1.699158e-13 0.000000e+00 0.000000e+00
1.193984e-13 0.000000e+00 0.000000e+00
5.419107e-14 0.000000e+00 0.000000e+00
-2.298629e-13 0.000000e+00 0.000000e+00
-3.791417e-13 0.000000e+00 0.000000e+00
-4.166203e-14 0.000000e+00 0.000000e+00
-3.272096e-13 0.000000e+00 0.000000e+00
1.165693e-13 0.000000e+00 0.000000e+00
-2.072064e-13 0.000000e+00 0.000000e+00
-2.612018e-14 0.000000e+00 0.000000e+00
-8.778554e-14 0.000000e+00 0.000000e+00
-7.271951e-14 0.000000e+00 0.000000e+00
-8.081175e-14 0.000000e+00 0.000000e+00
-2.223125e-14 0.000000e+00 0.000000e+00
2.484172e-13 0.000000e+00 0.000000e+00
4.007171e-13 0.000000e+00 0.000000e+00
1.738182e-14 0.000000e+00 0.000000e+00
-4.539997e-13 0.000000e+00 0.000000e+00
-2.473982e-14 0.000000e+00 0.000000e+00
-1.860492e-13 0.000000e+00 0.000000e+00
8.643538e-14 0.000000e+00 0.000000e+00
-4.261291e-14 0.000000e+00 0.000000e+00
-5.165043e-14 0.000000e+00 0.000000e+00
-3.048233e-13 0.000000e+00 0.000000e+00
4.330746e-13 0.000000e+00 0.000000e+00
1.634151e-12 0.000000e+00 0.000000e+00
-5.252310e-14 0.000000e+00 0.000000e+00
-1.724037e-13 0.000000e+00 0.000000e+00
2.371822e-12 0.000000e+00 0.000000e+00
1.020351e-13 0.000000e+00 0.000000e+00
2.329606e-13 0.000000e+00 0.000000e+00
-2.397329e-13 0.000000e+00 0.000000e+00
2.580686e-13 0.000000e+00 0.000000e+00
-1.721142e-13 0.000000e+00 0.000000e+00
1.140419e-13 0.000000e+00 0.000000e+00
9.706717e-14 0.000000e+00 0.000000e+00
-2.119455e-13 0.000000e+00 0.000000e+00
-2.393348e-13 0.000000e+00 0.000000e+00
1.426147e-15 0.000000e+00 0.000000e+00
-3.188018e-13 0.000000e+00 0.000000e+00
3.194960e-13 0.000000e+00 0.000000e+00
-7.813325e-14 0.000000e+00 0.000000e+00
-2.147743e-13 0.000000e+00 0.000000e+00
-3.377769e-14 0.000000e+00 0.000000e+00
1.035804e-12 0.000000e+00 0.000000e+00
-2.035061e-13 0.000000e+00 0.000000e+00
-1.497798e-13 0.000000e+00 0.000000e+00
-4.169778e-14 0.000000e+00 0.000000e+00
-2.848505e-13 0.000000e+00 0.000000e+00
-5.041559e-14 0.000000e+00 0.000000e+00
2.206746e-13 0.000000e+00 0.000000e+00
6.185688e-14 0.000000e+00 0.000000e+00
1.586524e-13 0.000000e+00 0.000000e+00
-2.341775e-14 0.000000e+00 0.000000e+00
-1.896922e-14 0.000000e+00 0.000000e+00
-2.737955e-12 0.000000e+00 0.000000e+00
1.367527e-13 0.000000e+00 0.000000e+00
-1.840949e-13 0.000000e+00 0.000000e+00
-4.892974e-14 0.000000e+00 0.000000e+00
8.945947e-15 0.000000e+00 0.000000e+00
-8.071915e-14 0.000000e+00 0.000000e+00
1.157801e-13 0.000000e+00 0.000000e+00
3.475039e-14 0.000000e+00 0.000000e+00
-2.744496e-13 0.000000e+00 0.000000e+00
2.395184e-13 0.000000e+00 0.000000e+00
3.135639e-14 0.000000e+00 0.000000e+00
-1.363744e-13 0.000000e+00 0.000000e+00
-3.036598e-13 0.000000e+00 0.000000e+00
-1.218602e-12 0.000000e+00 0.000000e+00
-2.478109e-13 0.000000e+00 0.000000e+00
5.722468e-14 0.000000e+00 0.000000e+00
8.810168e-14 0.000000e+00 0.000000e+00
4.512936e-14 0.000000e+00 0.000000e+00
2.082535e-14 0.000000e+00 0.000000e+00
-1.548129e-13 0.000000e+00 0.000000e+00
1.234161e-13 0.000000e+00 0.000000e+00
1.151236e-13 0.000000e+00 0.000000e+00
-4.465401e-13 0.000000e+00 0.000000e+00
1.619568e-13 0.000000e+00 0.000000e+00
-1.437502e-13 0.000000e+00 0.000000e+00
-2.628681e-14 0.000000e+00 0.000000e+00
1.457212e-13 0.000000e+00 0.000000e+00
-1.020001e-13 0.000000e+00 0.000000e+00
4.540113e-14 0.000000e+00 0.000000e+00
1.980800e-13 0.000000e+00 0.000000e+00
-3.101636e-13 0.000000e+00 0.000000e+00
1.821106e-14 0.000000e+00 0.000000e+00
-2.081744e-14 0.000000e+00 0.000000e+00
-1.522943e-13 0.000000e+00 0.000000e+00
7.259780e-14 0.000000e+00 0.000000e+00
1.612096e-13 0.000000e+00 0.000000e+00
-2.207036e-13 0.000000e+00 0.000000e+00
1.407961e-13 0.000000e+00 0.000000e+00
-1.094449e-12 0.000000e+00 0.000000e+00
-1.285217e-13 0.000000e+00 0.000000e+00
-2.179855e-13 0.000000e+00 0.000000e+00
3.542133e-13 0.000000e+00 0.000000e+00
-1.941687e-13 0.000000e+00 0.000000e+00
-1.185260e-13 0.000000e+00 0.000000e+00
2.853479e-13 0.000000e+00 0.000000e+00
3.976865e-13 0.000000e+00 0.000000e+00
2.582797e-13 0.000000e+00 0.000000e+00
-1.051802e-13 0.000000e+00 0.000000e+00
-2.465244e-13 0.000000e+00 0.000000e+00
-6.991886e-14 0.000000e+00 0.000000e+00
4.044901e-13 0.000000e+00 0.000000e+00
5.496717e-13 0.000000e+00 0.000000e+00
3.513999e-14 0.000000e+00 0.000000e+00
5.766441e-14 0.000000e+00 0.000000e+00
1.333547e-14 0.000000e+00 0.000000e+00
-2.897974e-13 0.000000e+00 0.000000e+00
7.594160e-14 0.000000e+00 0.000000e+00
-2.034936e-13 0.000000e+00 0.000000e+00
7.364084e-14 0.000000e+00 0.000000e+00
1.433627e-14 0.000000e+00 0.000000e+00
5.212683e-13 0.000000e+00 0.000000e+00
1.731760e-13 0.000000e+00 0.000000e+00
1.016693e-13 0.000000e+00 0.000000e+00
-7.577503e-13 0.000000e+00 0.000000e+00
-1.101648e-13 0.000000e+00 0.000000e+00
-1.440933e-13 0.000000e+00 0.000000e+00
-7.224542e-14 0.000000e+00 0.000000e+00
1.823505e-13 0.000000e+00 0.000000e+00
1.004167e-13 0.000000e+00 0.000000e+00
-3.214222e-13 0.000000e+00 0.000000e+00
2.074975e-13 0.000000e+00 0.000000e+00
-8.204730e-14 0.000000e+00 0.000000e+00
2.376934e-13 0.000000e+00 0.000000e+00
-5.779409e-14 0.000000e+00 0.000000e+00
3.757069e-14 0.000000e+00 0.000000e+00
9.243764e-14 0.000000e+00 0.000000e+00
-3.995479e-14 0.000000e+00 0.000000e+00
-1.035031e-13 0.000000e+00 0.000000e+00
5.196370e-14 0.000000e+00 0.000000e+00
-2.916239e-13 0.000000e+00 0.000000e+00
1.400947e-13 0.000000e+00 0.000000e+00
-1.408620e-13 0.000000e+00 0.000000e+00
-4.397992e-14 0.000000e+00 0.000000e+00
-4.095201e-13 0.000000e+00 0.000000e+00
-1.750492e-13 0.000000e+00 0.000000e+00
3.461791e-14 0.000000e+00 0.000000e+00
2.991452e-13 0.000000e+00 0.000000e+00
-1.680851e-13 0.000000e+00 0.000000e+00
1.150700e-13 0.000000e+00 0.000000e+00
-9.223753e-14 0.000000e+00 0.000000e+00
1.251426e-13 0.000000e+00 0.000000e+00
4.862340e-13 0.000000e+00 0.000000e+00
3.584589e-13 0.000000e+00 0.000000e+00
-4.237001e-14 0.000000e+00 0.000000e+00
4.174581e-13 0.000000e+00 0.000000e+00
3.165896e-15 0.000000e+00 0.000000e+00
5.414789e-13 0.000000e+00 0.000000e+00
1.516466e-14 0.000000e+00 0.000000e+00
2.995116e-13 0.000000e+00 0.000000e+00
-2.444753e-13 0.000000e+00 0.000000e+00
-3.467118e-12 0.000000e+00 0.000000e+00
-2.296446e-13 0.000000e+00 0.000000e+00
1.510715e-13 0.000000e+00 0.000000e+00
-4.258315e-14 0.000000e+00 0.000000e+00
-8.287955e-14 0.000000e+00 0.000000e+00
-2.308060e-13 0.000000e+00 0.000000e+00
-4.624487e-14 0.000000e+00 0.000000e+00
-3.690798e-13 0.000000e+00 0.000000e+00
2.031309e-13 0.000000e+00 0.000000e+00
-3.953335e-14 0.000000e+00 0.000000e+00
2.105550e-13 0.000000e+00 0.000000e+00
-1.211430e-13 0.000000e+00 0.000000e+00
-6.297326e-14 0.000000e+00 0.000000e+00
-3.016965e-13 0.000000e+00 0.000000e+00
1.641400e-13 0.000000e+00 0.000000e+00
-3.319881e-13 0.000000e+00 0.000000e+00
1.588720e-13 0.000000e+00 0.000000e+00
-1.126587e-13 0.000000e+00 0.000000e+00
-6.460932e-14 0.000000e+00 0.000000e+00
-1.992677e-13 0.000000e+00 0.000000e+00
-4.359323e-13 0.000000e+00 0.000000e+00
-1.273224e-13 0.000000e+00 0.000000e+00
2.872871e-13 0.000000e+00 0.000000e+00
8.200477e-14 0.000000e+00 0.000000e+00
-4.212188e-14 0.000000e+00 0.000000e+00
1.400022e-13 0.000000e+00 0.000000e+00
1.431467e-13 0.000000e+00 0.000000e+00
-3.101177e-13 0.000000e+00 0.000000e+00
-2.834041e-13 0.000000e+00 0.000000e+00
-1.993000e-14 0.000000e+00 0.000000e+00
-2.403430e-13 0.000000e+00 0.000000e+00
1.942215e-13 0.000000e+00 0.000000e+00
5.042646e-13 0.000000e+00 0.000000e+00
-1.360061e-14 0.000000e+00 0.000000e+00
9.199419e-14 0.000000e+00 0.000000e+00
8.350070e-14 0.000000e+00 0.000000e+00
-1.137598e-13 0.000000e+00 0.000000e+00
8.076032e-14 0.000000e+00 0.000000e+00
-7.725548e-14 0.000000e+00 0.000000e+00
-1.851085e-13 0.000000e+00 0.000000e+00
-2.016691e-13 0.000000e+00 0.000000e+00
-3.028649e-13 0.000000e+00 0.000000e+00
-1.632680e-13 0.000000e+00 0.000000e+00
-1.185616e-13 0.000000e+00 0.000000e+00
5.433614e-14 0.000000e+00 0.000000e+00
5.405139e-13 0.000000e+00 0.000000e+00
-1.978440e-13 0.000000e+00 0.000000e+00
-1.620426e-12 0.000000e+00 0.000000e+00
-2.467163e-14 0.000000e+00 0.000000e+00
-1.216240e-13 0.000000e+00 0.000000e+00
-2.012010e-14 0.000000e+00 0.000000e+00
-5.194292e-14 0.000000e+00 0.000000e+00
-1.544349e-13 0.000000e+00 0.000000e+00
1.071292e-13 0.000000e+00 0.000000e+00
-4.088356e-14 0.000000e+00 0.000000e+00
9.730375e-14 0.000000e+00 0.000000e+00
-2.244374e-13 0.000000e+00 0.000000e+00
3.298520e-13 0.000000e+00 0.000000e+00
2.765331e-13 0.000000e+00 0.000000e+00
1.567747e-13 0.000000e+00 0.000000e+00
5.961342e-14 0.000000e+00 0.000000e+00
-7.882012e-14 0.000000e+00 0.000000e+00
8.485205e-14 0.000000e+00 0.000000e+00
7.867170e-14 0.000000e+00 0.000000e+00
-2.510539e-13 0.000000e+00 0.000000e+00
-2.019801e-13 0.000000e+00 0.000000e+00
-1.701584e-13 0.000000e+00 0.000000e+00
2.058897e-13 0.000000e+00 0.000000e+00
-4.293853e-13 0.000000e+00 0.000000e+00
-1.596002e-13 0.000000e+00 0.000000e+00
-1.114185e-15 0.000000e+00 0.000000e+00
-1.617640e-13 0.000000e+00 0.000000e+00
1.327806e-14 0.000000e+00 0.000000e+00
3.881662e-14 0.000000e+00 0.000000e+00
3.885857e-14 0.000000e+00 0.000000e+00
1.056453e-13 0.000000e+00 0.000000e+00
7.549871e-14 0.000000e+00 0.000000e+00
7.876425e-14 0.000000e+00 0.000000e+00
1.464863e-13 0.000000e+00 0.000000e+00
-4.035951e-14 0.000000e+00 0.000000e+00
-1.041357e-12 0.000000e+00 0.000000e+00
2.482232e-13 0.000000e+00 0.000000e+00
-1.629921e-13 0.000000e+00 0.000000e+00
2.240727e-13 0.000000e+00 0.000000e+00
-6.253453e-14 0.000000e+00 0.000000e+00
3.125963e-13 0.000000e+00 0.000000e+00
1.933235e-13 0.000000e+00 0.000000e+00
1.156502e-13 0.000000e+00 0.000000e+00
-1.055677e-13 0.000000e+00 0.000000e+00
-6.287750e-14 0.000000e+00 0.000000e+00
-1.021149e-14 0.000000e+00 0.000000e+00
-3.852438e-13 0.000000e+00 0.000000e+00
-3.340018e-14 0.000000e+00 0.000000e+00
-4.769693e-14 0.000000e+00 0.000000e+00
2.547792e-13 0.000000e+00 0.000000e+00
1.884184e-13 0.000000e+00 0.000000e+00
1.274252e-13 0.000000e+00 0.000000e+00
-2.548438e-13 0.000000e+00 0.000000e+00
1.126786e-13 0.000000e+00 0.000000e+00
-4.946028e-14 0.000000e+00 0.000000e+00
-1.285521e-14 0.000000e+00 0.000000e+00
-3.028652e-14 0.000000e+00 0.000000e+00
8.052582e-14 0.000000e+00 0.000000e+00
-4.227526e-13 0.000000e+00 0.000000e+00
-1.472982e-14 0.000000e+00 0.000000e+00
-1.810360e-13 0.000000e+00 0.000000e+00
2.189443e-13 0.000000e+00 0.000000e+00
-2.543605e-14 0.000000e+00 0.000000e+00
4.441434e-14 0.000000e+00 0.000000e+00
-4.045661e-14 0.000000e+00 0.000000e+00
-8.350453e-14 0.000000e+00 0.000000e+00
5.084022e-14 0.000000e+00 0.000000e+00
1.234596e-13 0.000000e+00 0.000000e+00
-1.560397e-13 0.000000e+00 0.000000e+00
7.292581e-14 0.000000e+00 0.000000e+00
-9.806092e-14 0.000000e+00 0.000000e+00
1.385662e-13 0.000000e+00 0.000000e+00
-1.720145e-13 0.000000e+00 0.000000e+00
-4.873321e-13 0.000000e+00 0.000000e+00
5.329729e-13 0.000000e+00 0.000000e+00
-1.964175e-13 0.000000e+00 0.000000e+00
1.328310e-13 0.000000e+00 0.000000e+00
2.002632e-13 0.000000e+00 0.000000e+00
-2.865059e-14 0.000000e+00 0.000000e+00
-1.278817e-13 0.000000e+00 0.000000e+00
1.721186e-13 0.000000e+00 0.000000e+00
-2.137176e-13 0.000000e+00 0.000000e+00
3.487930e-13 0.000000e+00 0.000000e+00
-8.754487e-14 0.000000e+00 0.000000e+00
-1.574647e-14 0.000000e+00 0.000000e+00
-2.592591e-14 0.000000e+00 0.000000e+00
7.256841e-14 0.000000e+00 0.000000e+00
-1.690092e-13 0.000000e+00 0.000000e+00
-1.377127e-13 0.000000e+00 0.000000e+00
2.191659e-13 0.000000e+00 0.000000e+00
1.433764e-13 0.000000e+00 0.000000e+00
-5.069279e-14 0.000000e+00 0.000000e+00
6.466453e-14 0.000000e+00 0.000000e+00
-1.162987e-13 0.000000e+00 0.000000e+00
1.379800e-14 0.000000e+00 0.000000e+00
2.152674e-13 0.000000e+00 0.000000e+00
5.415755e-14 0.000000e+00 0.000000e+00
-9.271356e-14 0.000000e+00 0.000000e+00
-4.186600e-13 0.000000e+00 0.000000e+00
9.463405e-14 0.000000e+00 0.000000e+00
-2.075447e-13 0.000000e+00 0.000000e+00
1.523214e-13 0.000000e+00 0.000000e+00
1.449459e-13 0.000000e+00 0.000000e+00
9.243224e-14 0.000000e+00 0.000000e+00
1.155128e-13 0.000000e+00 0.000000e+00
3.308841e-13 0.000000e+00 0.000000e+00
-7.923801e-14 0.000000e+00 0.000000e+00
-2.590682e-13 0.000000e+00 0.000000e+00
9.196995e-14 0.000000e+00 0.000000e+00
-1.909412e-13 0.000000e+00 0.000000e+00
-3.522885e-14 0.000000e+00 0.000000e+00
-8.510754e-14 0.000000e+00 0.000000e+00
-3.185718e-13 0.000000e+00 0.000000e+00
-3.575286e-14 0.000000e+00 0.000000e+00
1.702527e-13 0.000000e+00 0.000000e+00
-5.510559e-14 0.000000e+00 0.000000e+00
8.162490e-14 0.000000e+00 0.000000e+00
1.560313e-13 0.000000e+00 0.000000e+00
-9.960320e-14 0.000000e+00 0.000000e+00
-1.190938e-13 0.000000e+00 0.000000e+00
2.054434e-13 0.000000e+00 0.000000e+00
3.122501e-13 0.000000e+00 0.000000e+00
1.452827e-13 0.000000e+00 0.000000e+00
-3.196177e-13 0.000000e+00 0.000000e+00
-4.446649e-13 0.000000e+00 0.000000e+00
-2.076359e-13 0.000000e+00 0.000000e+00
-3.890465e-15 0.000000e+00 0.000000e+00
-1.770593e-14 0.000000e+00 0.000000e+00
1.377729e-13 0.000000e+00 0.000000e+00
1.244715e-13 0.000000e+00 0.000000e+00
4.954863e-14 0.000000e+00 0.000000e+00
-9.475663e-14 0.000000e+00 0.000000e+00
2.275757e-13 0.000000e+00 0.000000e+00
-1.536198e-13 0.000000e+00 0.000000e+00
-1.435981e-13 0.000000e+00 0.000000e+00
3.843765e-13 0.000000e+00 0.000000e+00
-1.790814e-13 0.000000e+00 0.000000e+00
1.526056e-13 0.000000e+00 0.000000e+00
-5.321070e-15 0.000000e+00 0.000000e+00
2.239414e-13 0.000000e+00 0.000000e+00
1.031196e-13 0.000000e+00 0.000000e+00
3.733154e-13 0.000000e+00 0.000000e+00
1.445079e-13 0.000000e+00 0.000000e+00
-4.364151e-14 0.000000e+00 0.000000e+00
2.642029e-13 0.000000e+00 0.000000e+00
-5.004252e-13 0.000000e+00 0.000000e+00
-9.007563e-15 0.000000e+00 0.000000e+00
6.073633e-14 0.000000e+00 0.000000e+00
2.009037e-13 0.000000e+00 0.000000e+00
-1.751461e-12 0.000000e+00 0.000000e+00
-2.476412e-13 0.000000e+00 0.000000e+00
-2.741622e-14 0.000000e+00 0.000000e+00
-4.965479e-13 0.000000e+00 0.000000e+00
-6.566192e-14 0.000000e+00 0.000000e+00
2.412665e-13 0.000000e+00 0.000000e+00
2.983252e-13 0.000000e+00 0.000000e+00
5.214183e-13 0.000000e+00 0.000000e+00
-1.053357e-13 0.000000e+00 0.000000e+00
6.969114e-14 0.000000e+00 0.000000e+00
-2.082757e-13 0.000000e+00 0.000000e+00
4.686605e-13 0.000000e+00 0.000000e+00
-1.400171e-14 0.000000e+00 0.000000e+00
-8.582071e-14 0.000000e+00 0.000000e+00
-1.379787e-13 0.000000e+00 0.000000e+00
6.647859e-14 0.000000e+00 0.000000e+00
-8.391008e-14 0.000000e+00 0.000000e+00
-1.420459e-13 0.000000e+00 0.000000e+00
-1.676189e-12 0.000000e+00 0.000000e+00
1.172830e-13 0.000000e+00 0.000000e+00
-1.798049e-14 0.000000e+00 0.000000e+00
-1.684067e-13 0.000000e+00 0.000000e+00
-4.632495e-14 0.000000e+00 0.000000e+00
3.151344e-14 0.000000e+00 0.000000e+00
1.387437e-13 0.000000e+00 0.000000e+00
9.817023e-14 0.000000e+00 0.000000e+00
-9.751104e-14 0.000000e+00 0.000000e+00
2.128534e-13 0.000000e+00 0.000000e+00
7.665101e-14 0.000000e+00 0.000000e+00
-1.479445e-14 0.000000e+00 0.000000e+00
3.968465e-14 0.000000e+00 0.000000e+00
1.258264e-13 0.000000e+00 0.000000e+00
6.889405e-15 0.000000e+00 0.000000e+00
2.950935e-13 0.000000e+00 0.000000e+00
2.536321e-14 0.000000e+00 0.000000e+00
1.181630e-12 0.000000e+00 0.000000e+00
1.140090e-13 0.000000e+00 0.000000e+00
-1.656371e-13 0.000000e+00 0.000000e+00
-1.740290e-13 0.000000e+00 0.000000e+00
-1.039236e-13 0.000000e+00 0.000000e+00
1.124829e-13 0.000000e+00 0.000000e+00
3.038474e-13 0.000000e+00 0.000000e+00
5.654751e-14 0.000000e+00 0.000000e+00
1.602287e-13 0.000000e+00 0.000000e+00
-1.495416e-13 0.000000e+00 0.000000e+00
-2.030309e-12 0.000000e+00 0.000000e+00
3.157064e-13 0.000000e+00 0.000000e+00
2.652369e-13 0.000000e+00 0.000000e+00
1.938823e-12 0.000000e+00 0.000000e+00
-1.911116e-13 0.000000e+00 0.000000e+00
-2.746820e-13 0.000000e+00 0.000000e+00
2.439320e-13 0.000000e+00 0.000000e+00
7.604208e-14 0.000000e+00 0.000000e+00
4.474541e-14 0.000000e+00 0.000000e+00
5.257041e-13 0.000000e+00 0.000000e+00
1.114077e-13 0.000000e+00 0.000000e+00
-3.347049e-13 0.000000e+00 0.000000e+00
1.976899e-13 0.000000e+00 0.000000e+00
-5.244561e-14 0.000000e+00 0.000000e+00
1.635313e-13 0.000000e+00 0.000000e+00
8.535313e-13 0.000000e+00 0.000000e+00
2.818363e-13 0.000000e+00 0.000000e+00
-1.788003e-13 0.000000e+00 0.000000e+00
1.117144e-14 0.000000e+00 0.000000e+00
-8.567924e-13 0.000000e+00 0.000000e+00
1.317342e-13 0.000000e+00 0.000000e+00
1.053766e-13 0.000000e+00 0.000000e+00
-1.925186e-13 0.000000e+00 0.000000e+00
-9.359974e-14 0.000000e+00 0.000000e+00
-3.982087e-13 0.000000e+00 0.000000e+00
9.675847e-13 0.000000e+00 0.000000e+00
2.589879e-13 0.000000e+00 0.000000e+00
4.274748e-14 0.000000e+00 0.000000e+00
-8.144298e-14 0.000000e+00 0.000000e+00
-9.946553e-14 0.000000e+00 0.000000e+00
-1.461984e-13 0.000000e+00 0.000000e+00
6.358291e-13 0.000000e+00 0.000000e+00
1.017638e-13 0.000000e+00 0.000000e+00
-1.809403e-13 0.000000e+00 0.000000e+00
-3.539306e-14 0.000000e+00 0.000000e+00
2.061350e-13 0.000000e+00 0.000000e+00
-2.557384e-13 0.000000e+00 0.000000e+00
-8.088899e-14 0.000000e+00 0.000000e+00
-1.287913e-13 0.000000e+00 0.000000e+00
2.787000e-14 0.000000e+00 0.000000e+00
4.717798e-14 0.000000e+00 0.000000e+00
3.224043e-14 0.000000e+00 0.000000e+00
-4.405867e-14 0.000000e+00 0.000000e+00
1.047570e-13 0.000000e+00 0.000000e+00
4.362898e-14 0.000000e+00 0.000000e+00
2.527494e-14 0.000000e+00 0.000000e+00
-5.788137e-14 0.000000e+00 0.000000e+00
6.171630e-13 0.000000e+00 0.000000e+00
-6.142213e-15 0.000000e+00 0.000000e+00
-1.936040e-13 0.000000e+00 0.000000e+00
-1.531955e-13 0.000000e+00 0.000000e+00
-2.824829e-14 0.000000e+00 0.000000e+00
8.106955e-14 0.000000e+00 0.000000e+00
-5.514277e-14 0.000000e+00 0.000000e+00
9.773856e-15 0.000000e+00 0.000000e+00
4.100924e-14 0.000000e+00 0.000000e+00
-2.681838e-13 0.000000e+00 0.000000e+00
1.218103e-15 0.000000e+00 0.000000e+00
1.311829e-13 0.000000e+00 0.000000e+00
9.547017e-14 0.000000e+00 0.000000e+00
-6.316124e-14 0.000000e+00 0.000000e+00
5.989007e-13 0.000000e+00 0.000000e+00
-5.912000e-13 0.000000e+00 0.000000e+00
1.004199e-13 0.000000e+00 0.000000e+00
3.094703e-14 0.000000e+00 0.000000e+00
-2.348297e-14 0.000000e+00 0.000000e+00
-4.624774e-14 0.000000e+00 0.000000e+00
5.144454e-13 0.000000e+00 0.000000e+00
-3.789293e-14 0.000000e+00 0.000000e+00
5.451435e-14 0.000000e+00 0.000000e+00
-1.467801e-13 0.000000e+00 0.000000e+00
1.113140e-13 0.000000e+00 0.000000e+00
1.968484e-13 0.000000e+00 0.000000e+00
2.206465e-12 0.000000e+00 0.000000e+00
2.503953e-13 0.000000e+00 0.000000e+00
-4.854135e-13 0.000000e+00 0.000000e+00
1.808832e-13 0.000000e+00 0.000000e+00
-8.076900e-14 0.000000e+00 0.000000e+00
-2.198577e-13 0.000000e+00 0.000000e+00
7.933759e-14 0.000000e+00 0.000000e+00
-2.028462e-13 0.000000e+00 0.000000e+00
2.742127e-13 0.000000e+00 0.000000e+00
1.351302e-13 0.000000e+00 0.000000e+00
-1.000903e-12 0.000000e+00 0.000000e+00
-2.497948e-14 0.000000e+00 0.000000e+00
-1.025884e-13 0.000000e+00 0.000000e+00
-8.158969e-13 0.000000e+00 0.000000e+00
2.463659e-14 0.000000e+00 0.000000e+00
-2.942113e-13 0.000000e+00 0.000000e+00
9.555360e-14 0.000000e+00 0.000000e+00
5.989952e-15 0.000000e+00 0.000000e+00
-1.051362e-13 0.000000e+00 0.000000e+00
-4.307633e-13 0.000000e+00 0.000000e+00
-5.526534e-14 0.000000e+00 0.000000e+00
4.671346e-14 0.000000e+00 0.000000e+00
-2.051458e-13 0.000000e+00 0.000000e+00
-6.143234e-14 0.000000e+00 0.000000e+00
-7.546971e-14 0.000000e+00 0.000000e+00
1.652729e-13 0.000000e+00 0.000000e+00
2.717915e-14 0.000000e+00 0.000000e+00
-1.436834e-13 0.000000e+00 0.000000e+00
5.666872e-14 0.000000e+00 0.000000e+00
-1.197800e-14 0.000000e+00 0.000000e+00
-1.199409e-13 0.000000e+00 0.000000e+00
9.169618e-14 0.000000e+00 0.000000e+00
-2.802185e-13 0.000000e+00 0.000000e+00
1.448646e-13 0.000000e+00 0.000000e+00
7.683871e-14 0.000000e+00 0.000000e+00
2.080463e-13 0.000000e+00 0.000000e+00
1.632297e-12 0.000000e+00 0.000000e+00
-2.893002e-13 0.000000e+00 0.000000e+00
1.915302e-13 0.000000e+00 0.000000e+00
-6.547878e-14 0.000000e+00 0.000000e+00
2.285764e-13 0.000000e+00 0.000000e+00
4.753241e-13 0.000000e+00 0.000000e+00
2.348543e-13 0.000000e+00 0.000000e+00
3.011932e-13 0.000000e+00 0.000000e+00
5.569455e-15 0.000000e+00 0.000000e+00
-1.530928e-13 0.000000e+00 0.000000e+00
-1.369576e-14 0.000000e+00 0.000000e+00
-4.446277e-14 0.000000e+00 0.000000e+00
-5.785018e-14 0.000000e+00 0.000000e+00
-9.282371e-13 0.000000e+00 0.000000e+00
1.225509e-13 0.000000e+00 0.000000e+00
1.501588e-12 0.000000e+00 0.000000e+00
9.422219e-14 0.000000e+00 0.000000e+00
1.383630e-13 0.000000e+00 0.000000e+00
4.664533e-15 0.000000e+00 0.000000e+00
-5.365291e-14 0.000000e+00 0.000000e+00
1.363016e-13 0.000000e+00 0.000000e+00
-3.562182e-14 0.000000e+00 0.000000e+00
2.173266e-13 0.000000e+00 0.000000e+00
1.446933e-14 0.000000e+00 0.000000e+00
-8.460320e-14 0.000000e+00 0.000000e+00
-1.758665e-12 0.000000e+00 0.000000e+00
-1.186308e-13 0.000000e+00 0.000000e+00
7.636533e-15 0.000000e+00 0.000000e+00
-1.919535e-13 0.000000e+00 0.000000e+00
-1.543032e-13 0.000000e+00 0.000000e+00
3.502293e-14 0.000000e+00 0.000000e+00
-2.444799e-14 0.000000e+00 0.000000e+00
1.938668e-13 0.000000e+00 0.000000e+00
7.759510e-15 0.000000e+00 0.000000e+00
-5.069252e-14 0.000000e+00 0.000000e+00
2.651043e-13 0.000000e+00 0.000000e+00
-1.064220e-13 0.000000e+00 0.000000e+00
-3.381196e-13 0.000000e+00 0.000000e+00
1.492893e-13 0.000000e+00 0.000000e+00
-2.002534e-13 0.000000e+00 0.000000e+00
3.210272e-13 0.000000e+00 0.000000e+00
4.724949e-14 0.000000e+00 0.000000e+00
2.981708e-13 0.000000e+00 0.000000e+00
5.260808e-14 0.000000e+00 0.000000e+00
1.581235e-13 0.000000e+00 0.000000e+00
-3.893521e-13 0.000000e+00 0.000000e+00
3.115821e-13 0.000000e+00 0.000000e+00
6.929534e-14 0.000000e+00 0.000000e+00
-1.309541e-13 0.000000e+00 0.000000e+00
-7.721521e-14 0.000000e+00 0.000000e+00
1.688609e-13 0.000000e+00 0.000000e+00
-2.815598e-13 0.000000e+00 0.000000e+00
4.970055e-14 0.000000e+00 0.000000e+00
1.056221e-13 0.000000e+00 0.000000e+00
1.078621e-13 0.000000e+00 0.000000e+00
1.143665e-12 0.000000e+00 0.000000e+00
1.399379e-13 0.000000e+00 0.000000e+00
1.818729e-13 0.000000e+00 0.000000e+00
-2.251821e-13 0.000000e+00 0.000000e+00
-2.020108e-13 0.000000e+00 0.000000e+00
-1.282145e-13 0.000000e+00 0.000000e+00
-4.948336e-14 0.000000e+00 0.000000e+00
-1.213736e-12 0.000000e+00 0.000000e+00
-3.231380e-13 0.000000e+00 0.000000e+00
-3.374384e-14 0.000000e+00 0.000000e+00
-8.738277e-14 0.000000e+00 0.000000e+00
-1.052386e-14 0.000000e+00 0.000000e+00
-2.304284e-13 0.000000e+00 0.000000e+00
2.498656e-13 0.000000e+00 0.000000e+00
8.086686e-14 0.000000e+00 0.000000e+00
-1.106369e-13 0.000000e+00 0.000000e+00
-1.952704e-13 0.000000e+00 0.000000e+00
-4.237154e-14 0.000000e+00 0.000000e+00
2.028579e-13 0.000000e+00 0.000000e+00
3.655507e-14 0.000000e+00 0.000000e+00
1.467453e-13 0.000000e+00 0.000000e+00
4.132171e-14 0.000000e+00 0.000000e+00
-3.014615e-13 0.000000e+00 0.000000e+00
-1.042271e-13 0.000000e+00 0.000000e+00
-2.632036e-13 0.000000e+00 0.000000e+00
-1.289665e-13 0.000000e+00 0.000000e+00
-6.045838e-14 0.000000e+00 0.000000e+00
6.627052e-14 0.000000e+00 0.000000e+00
6.823117e-14 0.000000e+00 0.000000e+00
-1.972454e-12 0.000000e+00 0.000000e+00
-2.511515e-14 0.000000e+00 0.000000e+00
-1.801357e-14 0.000000e+00 0.000000e+00
-9.513107e-14 0.000000e+00 0.000000e+00
-5.331342e-14 0.000000e+00 0.000000e+00
-5.385565e-14 0.000000e+00 0.000000e+00
4.077346e-14 0.000000e+00 0.000000e+00
-2.691818e-13 0.000000e+00 0.000000e+00
-8.527874e-14 0.000000e+00 0.000000e+00
1.417595e-13 0.000000e+00 0.000000e+00
-4.524751e-14 0.000000e+00 0.000000e+00
-8.928614e-14 0.000000e+00 0.000000e+00
-2.599581e-13 0.000000e+00 0.000000e+00
3.704225e-13 0.000000e+00 0.000000e+00
-8.470150e-14 0.000000e+00 0.000000e+00
1.244816e-13 0.000000e+00 0.000000e+00
1.106782e-13 0.000000e+00 0.000000e+00
1.158774e-12 0.000000e+00 0.000000e+00
2.139573e-13 0.000000e+00 0.000000e+00
3.197664e-13 0.000000e+00 0.000000e+00
3.335658e-14 0.000000e+00 0.000000e+00
-2.868429e-13 0.000000e+00 0.000000e+00
-3.327410e-13 0.000000e+00 0.000000e+00
-6.521212e-14 0.000000e+00 0.000000e+00
-5.159524e-15 0.000000e+00 0.000000e+00
-5.188303e-14 0.000000e+00 0.000000e+00
-1.116460e-13 0.000000e+00 0.000000e+00
-1.725887e-13 0.000000e+00 0.000000e+00
3.964899e-14 0.000000e+00 0.000000e+00
-4.592454e-13 0.000000e+00 0.000000e+00
1.637653e-12 0.000000e+00 0.000000e+00
9.336864e-14 0.000000e+00 0.000000e+00
9.813706e-14 0.000000e+00 0.000000e+00
-1.089511e-13 0.000000e+00 0.000000e+00
-3.661597e-13 0.000000e+00 0.000000e+00
5.212101e-14 0.000000e+00 0.000000e+00
1.005238e-13 0.000000e+00 0.000000e+00
1.423827e-13 0.000000e+00 0.000000e+00
-7.241141e-14 0.000000e+00 0.000000e+00
1.273811e-13 0.000000e+00 0.000000e+00
-5.218422e-14 0.000000e+00 0.000000e+00
-1.177362e-13 0.000000e+00 0.000000e+00
2.244824e-13 0.000000e+00 0.000000e+00
-1.545163e-13 0.000000e+00 0.000000e+00
2.358748e-13 0.000000e+00 0.000000e+00
8.841762e-14 0.000000e+00 0.000000e+00
-2.128471e-12 0.000000e+00 0.000000e+00
1.423792e-14 0.000000e+00 0.000000e+00
-2.797646e-15 0.000000e+00 0.000000e+00
-3.679590e-14 0.000000e+00 0.000000e+00
-2.957587e-13 0.000000e+00 0.000000e+00
7.208967e-14 0.000000e+00 0.000000e+00
-3.256133e-14 0.000000e+00 0.000000e+00
-1.340066e-14 0.000000e+00 0.000000e+00
-2.413751e-13 0.000000e+00 0.000000e+00
-8.471805e-14 0.000000e+00 0.000000e+00
2.496597e-13 0.000000e+00 0.000000e+00
-9.781424e-14 0.000000e+00 0.000000e+00
3.653808e-13 0.000000e+00 0.000000e+00
1.660485e-13 0.000000e+00 0.000000e+00
1.819408e-13 0.000000e+00 0.000000e+00
3.200362e-14 0.000000e+00 0.000000e+00
9.533411e-14 0.000000e+00 0.000000e+00
5.959239e-14 0.000000e+00 0.000000e+00
1.643991e-12 0.000000e+00 0.000000e+00
5.035270e-14 0.000000e+00 0.000000e+00
-1.096472e-13 0.000000e+00 0.000000e+00
-1.243696e-14 0.000000e+00 0.000000e+00
7.911994e-14 0.000000e+00 0.000000e+00
-7.426869e-13 0.000000e+00 0.000000e+00
4.770735e-14 0.000000e+00 0.000000e+00
-2.073434e-13 0.000000e+00 0.000000e+00
-1.319817e-13 0.000000e+00 0.000000e+00
-6.611166e-14 0.000000e+00 0.000000e+00
-2.812227e-13 0.000000e+00 0.000000e+00
-1.168939e-14 0.000000e+00 0.000000e+00
1.281825e-13 0.000000e+00 0.000000e+00
1.882813e-15 0.000000e+00 0.000000e+00
-2.204180e-13 0.000000e+00 0.000000e+00
-2.093663e-13 0.000000e+00 0.000000e+00
-4.237240e-13 0.000000e+00 0.000000e+00
-4.572551e-13 0.000000e+00 0.000000e+00
3.392675e-13 0.000000e+00 0.000000e+00
9.108795e-13 0.000000e+00 0.000000e+00
-1.519436e-13 0.000000e+00 0.000000e+00
8.284691e-14 0.000000e+00 0.000000e+00
1.750273e-13 0.000000e+00 0.000000e+00
2.053083e-13 0.000000e+00 0.000000e+00
1.456182e-13 0.000000e+00 0.000000e+00
-1.487336e-14 0.000000e+00 0.000000e+00
-2.355414e-13 0.000000e+00 0.000000e+00
5.009034e-14 0.000000e+00 0.000000e+00
6.145883e-13 0.000000e+00 0.000000e+00
2.468657e-13 0.000000e+00 0.000000e+00
9.253346e-14 0.000000e+00 0.000000e+00
-3.537686e-13 0.000000e+00 0.000000e+00
2.138668e-13 0.000000e+00 0.000000e+00
1.964070e-14 0.000000e+00 0.000000e+00
1.178376e-13 0.000000e+00 0.000000e+00
1.232908e-12 0.000000e+00 0.000000e+00
2.863060e-12 0.000000e+00 0.000000e+00
1.074199e-12 0.000000e+00 0.000000e+00
-3.060757e-13 0.000000e+00 0.000000e+00
-4.887380e-14 0.000000e+00 0.000000e+00
9.314861e-14 0.000000e+00 0.000000e+00
-1.390698e-12 0.000000e+00 0.000000e+00
5.649359e-14 0.000000e+00 0.000000e+00
1.712604e-13 0.000000e+00 0.000000e+00
-7.118217e-14 0.000000e+00 0.000000e+00
9.674481e-14 0.000000e+00 0.000000e+00
2.319869e-13 0.000000e+00 0.000000e+00
1.130413e-13 0.000000e+00 0.000000e+00
1.023176e-12 0.000000e+00 0.000000e+00
-9.685417e-14 0.000000e+00 0.000000e+00
-1.981841e-14 0.000000e+00 0.000000e+00
1.623059e-13 0.000000e+00 0.000000e+00
2.610164e-13 0.000000e+00 0.000000e+00
-3.527793e-13 0.000000e+00 0.000000e+00
1.869588e-13 0.000000e+00 0.000000e+00
1.214340e-14 0.000000e+00 0.000000e+00
7.764851e-14 0.000000e+00 0.000000e+00
-4.980924e-14 0.000000e+00 0.000000e+00
1.658473e-13 0.000000e+00 0.000000e+00
2.648318e-14 0.000000e+00 0.000000e+00
9.962883e-14 0.000000e+00 0.000000e+00
1.913711e-13 0.000000e+00 0.000000e+00
2.353878e-13 0.000000e+00 0.000000e+00
-2.449114e-14 0.000000e+00 0.000000e+00
