pX pY pZ 
-2.619103e-14 0.000000e+00 0.000000e+00
1.008055e-13 0.000000e+00 0.000000e+00
2.556268e-13 0.000000e+00 0.000000e+00
7.867799e-14 0.000000e+00 0.000000e+00
2.273369e-13 0.000000e+00 0.000000e+00
-3.009045e-14 0.000000e+00 0.000000e+00
6.034718e-14 0.000000e+00 0.000000e+00
-1.112242e-13 0.000000e+00 0.000000e+00
-3.601001e-13 0.000000e+00 0.000000e+00
8.230581e-14 0.000000e+00 0.000000e+00
2.014693e-15 0.000000e+00 0.000000e+00
1.378358e-13 0.000000e+00 0.000000e+00
8.083165e-15 0.000000e+00 0.000000e+00
-1.786105e-13 0.000000e+00 0.000000e+00
7.263310e-14 0.000000e+00 0.000000e+00
1.854605e-13 0.000000e+00 0.000000e+00
-3.733199e-14 0.000000e+00 0.000000e+00
-1.124852e-14 0.000000e+00 0.000000e+00
1.544718e-13 0.000000e+00 0.000000e+00
-5.221248e-14 0.000000e+00 0.000000e+00
9.091612e-14 0.000000e+00 0.000000e+00
-7.274461e-14 0.000000e+00 0.000000e+00
1.340461e-13 0.000000e+00 0.000000e+00
3.266030e-13 0.000000e+00 0.000000e+00
4.958464e-14 0.000000e+00 0.000000e+00
4.628793e-13 0.000000e+00 0.000000e+00
3.275321e-14 0.000000e+00 0.000000e+00
2.795828e-13 0.000000e+00 0.000000e+00
1.206570e-13 0.000000e+00 0.000000e+00
-1.337116e-13 0.000000e+00 0.000000e+00
-3.163719e-13 0.000000e+00 0.000000e+00
3.253491e-13 0.000000e+00 0.000000e+00
1.779864e-14 0.000000e+00 0.000000e+00
-8.070841e-15 0.000000e+00 0.000000e+00
-1.245500e-13 0.000000e+00 0.000000e+00
-1.211767e-13 0.000000e+00 0.000000e+00
4.609876e-14 0.000000e+00 0.000000e+00
-3.656941e-13 0.000000e+00 0.000000e+00
-1.227951e-14 0.000000e+00 0.000000e+00
9.456948e-14 0.000000e+00 0.000000e+00
1.774978e-13 0.000000e+00 0.000000e+00
-2.530825e-14 0.000000e+00 0.000000e+00
-1.286380e-13 0.000000e+00 0.000000e+00
8.714518e-15 0.000000e+00 0.000000e+00
-8.148066e-14 0.000000e+00 0.000000e+00
4.524109e-14 0.000000e+00 0.000000e+00
8.180371e-14 0.000000e+00 0.000000e+00
1.167228e-14 0.000000e+00 0.000000e+00
-1.400228e-13 0.000000e+00 0.000000e+00
-2.252962e-14 0.000000e+00 0.000000e+00
-1.121062e-13 0.000000e+00 0.000000e+00
-3.058607e-13 0.000000e+00 0.000000e+00
1.061594e-13 0.000000e+00 0.000000e+00
4.761636e-14 0.000000e+00 0.000000e+00
2.525701e-13 0.000000e+00 0.000000e+00
1.368634e-13 0.000000e+00 0.000000e+00
2.477357e-13 0.000000e+00 0.000000e+00
-7.031355e-14 0.000000e+00 0.000000e+00
2.210114e-13 0.000000e+00 0.000000e+00
7.848894e-14 0.000000e+00 0.000000e+00
-1.546707e-13 0.000000e+00 0.000000e+00
-6.516010e-15 0.000000e+00 0.000000e+00
5.367855e-14 0.000000e+00 0.000000e+00
1.483423e-13 0.000000e+00 0.000000e+00
1.315521e-13 0.000000e+00 0.000000e+00
3.189726e-14 0.000000e+00 0.000000e+00
6.214308e-14 0.000000e+00 0.000000e+00
4.671258e-14 0.000000e+00 0.000000e+00
1.185843e-13 0.000000e+00 0.000000e+00
1.812415e-13 0.000000e+00 0.000000e+00
3.894898e-14 0.000000e+00 0.000000e+00
-1.529762e-13 0.000000e+00 0.000000e+00
-2.013243e-13 0.000000e+00 0.000000e+00
-1.299130e-14 0.000000e+00 0.000000e+00
8.879768e-14 0.000000e+00 0.000000e+00
2.503769e-13 0.000000e+00 0.000000e+00
1.045872e-13 0.000000e+00 0.000000e+00
1.461832e-13 0.000000e+00 0.000000e+00
6.733394e-14 0.000000e+00 0.000000e+00
1.328168e-13 0.000000e+00 0.000000e+00
-1.549208e-13 0.000000e+00 0.000000e+00
2.746142e-13 0.000000e+00 0.000000e+00
-6.841865e-14 0.000000e+00 0.000000e+00
1.345290e-13 0.000000e+00 0.000000e+00
-1.002278e-13 0.000000e+00 0.000000e+00
-8.396195e-14 0.000000e+00 0.000000e+00
-1.303362e-13 0.000000e+00 0.000000e+00
-2.001972e-13 0.000000e+00 0.000000e+00
9.688707e-14 0.000000e+00 0.000000e+00
-1.474580e-13 0.000000e+00 0.000000e+00
2.067693e-14 0.000000e+00 0.000000e+00
1.513699e-14 0.000000e+00 0.000000e+00
-3.496396e-13 0.000000e+00 0.000000e+00
-3.868621e-14 0.000000e+00 0.000000e+00
3.013684e-14 0.000000e+00 0.000000e+00
3.128969e-13 0.000000e+00 0.000000e+00
1.488302e-13 0.000000e+00 0.000000e+00
3.121379e-14 0.000000e+00 0.000000e+00
1.696326e-13 0.000000e+00 0.000000e+00
2.260880e-13 0.000000e+00 0.000000e+00
-1.671306e-13 0.000000e+00 0.000000e+00
1.111405e-13 0.000000e+00 0.000000e+00
1.299029e-13 0.000000e+00 0.000000e+00
-1.088026e-13 0.000000e+00 0.000000e+00
-2.496282e-14 0.000000e+00 0.000000e+00
-1.195223e-13 0.000000e+00 0.000000e+00
4.486979e-13 0.000000e+00 0.000000e+00
1.480926e-13 0.000000e+00 0.000000e+00
3.215618e-13 0.000000e+00 0.000000e+00
2.289559e-14 0.000000e+00 0.000000e+00
-2.483065e-13 0.000000e+00 0.000000e+00
-3.142633e-13 0.000000e+00 0.000000e+00
-1.258694e-13 0.000000e+00 0.000000e+00
-1.356510e-13 0.000000e+00 0.000000e+00
-9.868391e-14 0.000000e+00 0.000000e+00
-9.838253e-14 0.000000e+00 0.000000e+00
3.404788e-13 0.000000e+00 0.000000e+00
1.248368e-13 0.000000e+00 0.000000e+00
3.963997e-13 0.000000e+00 0.000000e+00
-6.580813e-14 0.000000e+00 0.000000e+00
2.270368e-13 0.000000e+00 0.000000e+00
-1.458112e-13 0.000000e+00 0.000000e+00
-7.286624e-14 0.000000e+00 0.000000e+00
-3.087085e-13 0.000000e+00 0.000000e+00
-9.333201e-15 0.000000e+00 0.000000e+00
-2.539214e-13 0.000000e+00 0.000000e+00
-7.118342e-14 0.000000e+00 0.000000e+00
2.027067e-13 0.000000e+00 0.000000e+00
-1.306585e-13 0.000000e+00 0.000000e+00
2.026527e-13 0.000000e+00 0.000000e+00
-1.015231e-13 0.000000e+00 0.000000e+00
-1.529395e-13 0.000000e+00 0.000000e+00
-1.023329e-13 0.000000e+00 0.000000e+00
-1.351824e-14 0.000000e+00 0.000000e+00
3.526177e-13 0.000000e+00 0.000000e+00
-1.574240e-13 0.000000e+00 0.000000e+00
-1.284674e-13 0.000000e+00 0.000000e+00
-1.499257e-13 0.000000e+00 0.000000e+00
3.244979e-13 0.000000e+00 0.000000e+00
-2.596752e-14 0.000000e+00 0.000000e+00
5.063238e-15 0.000000e+00 0.000000e+00
9.659703e-14 0.000000e+00 0.000000e+00
7.360659e-14 0.000000e+00 0.000000e+00
3.931109e-14 0.000000e+00 0.000000e+00
-4.750190e-13 0.000000e+00 0.000000e+00
-2.058234e-13 0.000000e+00 0.000000e+00
8.988655e-14 0.000000e+00 0.000000e+00
-1.810727e-13 0.000000e+00 0.000000e+00
-7.541736e-14 0.000000e+00 0.000000e+00
1.785219e-13 0.000000e+00 0.000000e+00
-3.898846e-14 0.000000e+00 0.000000e+00
3.779966e-13 0.000000e+00 0.000000e+00
1.142181e-13 0.000000e+00 0.000000e+00
-2.574794e-14 0.000000e+00 0.000000e+00
1.421118e-13 0.000000e+00 0.000000e+00
2.735736e-13 0.000000e+00 0.000000e+00
4.803541e-13 0.000000e+00 0.000000e+00
1.304775e-13 0.000000e+00 0.000000e+00
8.055817e-14 0.000000e+00 0.000000e+00
8.959334e-14 0.000000e+00 0.000000e+00
-5.376677e-14 0.000000e+00 0.000000e+00
-1.184759e-13 0.000000e+00 0.000000e+00
-2.263764e-13 0.000000e+00 0.000000e+00
1.281117e-13 0.000000e+00 0.000000e+00
2.156597e-13 0.000000e+00 0.000000e+00
2.287290e-14 0.000000e+00 0.000000e+00
-3.155536e-13 0.000000e+00 0.000000e+00
8.214316e-14 0.000000e+00 0.000000e+00
-7.868158e-14 0.000000e+00 0.000000e+00
-1.693378e-13 0.000000e+00 0.000000e+00
-1.438954e-14 0.000000e+00 0.000000e+00
1.661207e-13 0.000000e+00 0.000000e+00
2.542817e-13 0.000000e+00 0.000000e+00
-1.618641e-13 0.000000e+00 0.000000e+00
-1.028296e-13 0.000000e+00 0.000000e+00
4.550319e-15 0.000000e+00 0.000000e+00
-1.035411e-14 0.000000e+00 0.000000e+00
-3.475652e-13 0.000000e+00 0.000000e+00
2.118348e-13 0.000000e+00 0.000000e+00
1.868934e-13 0.000000e+00 0.000000e+00
6.521047e-14 0.000000e+00 0.000000e+00
5.691048e-14 0.000000e+00 0.000000e+00
-8.589464e-14 0.000000e+00 0.000000e+00
1.488978e-14 0.000000e+00 0.000000e+00
-5.362416e-14 0.000000e+00 0.000000e+00
2.801682e-13 0.000000e+00 0.000000e+00
-7.630512e-14 0.000000e+00 0.000000e+00
4.135310e-14 0.000000e+00 0.000000e+00
1.180217e-13 0.000000e+00 0.000000e+00
8.940159e-14 0.000000e+00 0.000000e+00
-1.739935e-13 0.000000e+00 0.000000e+00
-2.437241e-13 0.000000e+00 0.000000e+00
1.066833e-13 0.000000e+00 0.000000e+00
4.073184e-13 0.000000e+00 0.000000e+00
5.243869e-14 0.000000e+00 0.000000e+00
-2.634709e-13 0.000000e+00 0.000000e+00
6.656917e-14 0.000000e+00 0.000000e+00
9.692735e-14 0.000000e+00 0.000000e+00
-3.794339e-13 0.000000e+00 0.000000e+00
-8.105978e-14 0.000000e+00 0.000000e+00
-2.243256e-13 0.000000e+00 0.000000e+00
4.390902e-14 0.000000e+00 0.000000e+00
-1.301686e-13 0.000000e+00 0.000000e+00
1.472718e-13 0.000000e+00 0.000000e+00
1.134991e-13 0.000000e+00 0.000000e+00
2.098109e-13 0.000000e+00 0.000000e+00
-1.640223e-13 0.000000e+00 0.000000e+00
-8.739291e-14 0.000000e+00 0.000000e+00
5.629443e-14 0.000000e+00 0.000000e+00
-3.694757e-14 0.000000e+00 0.000000e+00
2.293738e-13 0.000000e+00 0.000000e+00
-7.799172e-14 0.000000e+00 0.000000e+00
-1.187435e-13 0.000000e+00 0.000000e+00
-1.629287e-13 0.000000e+00 0.000000e+00
-5.584208e-14 0.000000e+00 0.000000e+00
-3.540690e-13 0.000000e+00 0.000000e+00
1.398019e-14 0.000000e+00 0.000000e+00
-8.694841e-16 0.000000e+00 0.000000e+00
-3.941514e-14 0.000000e+00 0.000000e+00
3.266539e-13 0.000000e+00 0.000000e+00
6.418787e-14 0.000000e+00 0.000000e+00
2.249494e-14 0.000000e+00 0.000000e+00
1.677634e-13 0.000000e+00 0.000000e+00
-2.134637e-13 0.000000e+00 0.000000e+00
-2.449000e-13 0.000000e+00 0.000000e+00
1.445205e-13 0.000000e+00 0.000000e+00
-3.572210e-14 0.000000e+00 0.000000e+00
2.028796e-14 0.000000e+00 0.000000e+00
-7.097839e-14 0.000000e+00 0.000000e+00
-1.444747e-13 0.000000e+00 0.000000e+00
-9.285553e-14 0.000000e+00 0.000000e+00
-1.131907e-13 0.000000e+00 0.000000e+00
2.315309e-13 0.000000e+00 0.000000e+00
-1.646234e-13 0.000000e+00 0.000000e+00
8.831935e-14 0.000000e+00 0.000000e+00
-1.972175e-13 0.000000e+00 0.000000e+00
-1.212178e-13 0.000000e+00 0.000000e+00
-1.672408e-13 0.000000e+00 0.000000e+00
-6.992247e-14 0.000000e+00 0.000000e+00
1.372731e-14 0.000000e+00 0.000000e+00
-8.070096e-14 0.000000e+00 0.000000e+00
-6.772175e-15 0.000000e+00 0.000000e+00
-9.448161e-14 0.000000e+00 0.000000e+00
1.177207e-13 0.000000e+00 0.000000e+00
8.370627e-14 0.000000e+00 0.000000e+00
-9.598107e-14 0.000000e+00 0.000000e+00
-1.028260e-13 0.000000e+00 0.000000e+00
2.168330e-13 0.000000e+00 0.000000e+00
6.367929e-14 0.000000e+00 0.000000e+00
2.952284e-13 0.000000e+00 0.000000e+00
-5.803896e-14 0.000000e+00 0.000000e+00
7.907173e-14 0.000000e+00 0.000000e+00
1.488216e-13 0.000000e+00 0.000000e+00
2.175407e-13 0.000000e+00 0.000000e+00
3.855013e-13 0.000000e+00 0.000000e+00
5.798334e-14 0.000000e+00 0.000000e+00
2.935313e-14 0.000000e+00 0.000000e+00
1.913927e-13 0.000000e+00 0.000000e+00
2.714025e-14 0.000000e+00 0.000000e+00
-1.536826e-13 0.000000e+00 0.000000e+00
-1.766699e-13 0.000000e+00 0.000000e+00
4.391591e-14 0.000000e+00 0.000000e+00
-5.077258e-14 0.000000e+00 0.000000e+00
1.373434e-13 0.000000e+00 0.000000e+00
7.512414e-14 0.000000e+00 0.000000e+00
1.803232e-13 0.000000e+00 0.000000e+00
-2.366647e-13 0.000000e+00 0.000000e+00
-5.986371e-14 0.000000e+00 0.000000e+00
-1.105873e-13 0.000000e+00 0.000000e+00
-2.116248e-13 0.000000e+00 0.000000e+00
6.866878e-14 0.000000e+00 0.000000e+00
-5.660154e-14 0.000000e+00 0.000000e+00
-9.516547e-14 0.000000e+00 0.000000e+00
-5.616725e-14 0.000000e+00 0.000000e+00
-9.838418e-14 0.000000e+00 0.000000e+00
2.488751e-14 0.000000e+00 0.000000e+00
2.247473e-13 0.000000e+00 0.000000e+00
4.275163e-14 0.000000e+00 0.000000e+00
-2.005011e-13 0.000000e+00 0.000000e+00
2.900073e-13 0.000000e+00 0.000000e+00
4.206331e-13 0.000000e+00 0.000000e+00
9.490481e-14 0.000000e+00 0.000000e+00
-1.327265e-13 0.000000e+00 0.000000e+00
2.313845e-14 0.000000e+00 0.000000e+00
2.170838e-13 0.000000e+00 0.000000e+00
9.137151e-14 0.000000e+00 0.000000e+00
-1.578619e-14 0.000000e+00 0.000000e+00
-3.904485e-14 0.000000e+00 0.000000e+00
8.179530e-14 0.000000e+00 0.000000e+00
5.707640e-14 0.000000e+00 0.000000e+00
-5.545484e-14 0.000000e+00 0.000000e+00
7.883317e-15 0.000000e+00 0.000000e+00
9.307049e-14 0.000000e+00 0.000000e+00
9.895850e-14 0.000000e+00 0.000000e+00
-2.162977e-13 0.000000e+00 0.000000e+00
2.972262e-13 0.000000e+00 0.000000e+00
2.406614e-13 0.000000e+00 0.000000e+00
-3.725443e-13 0.000000e+00 0.000000e+00
3.111722e-15 0.000000e+00 0.000000e+00
-1.083895e-13 0.000000e+00 0.000000e+00
-9.233948e-14 0.000000e+00 0.000000e+00
-3.757622e-14 0.000000e+00 0.000000e+00
1.719144e-13 0.000000e+00 0.000000e+00
4.368186e-14 0.000000e+00 0.000000e+00
-1.331851e-13 0.000000e+00 0.000000e+00
-2.282402e-13 0.000000e+00 0.000000e+00
1.796568e-13 0.000000e+00 0.000000e+00
1.324318e-13 0.000000e+00 0.000000e+00
2.305141e-14 0.000000e+00 0.000000e+00
-2.412343e-13 0.000000e+00 0.000000e+00
1.381751e-13 0.000000e+00 0.000000e+00
-1.555270e-13 0.000000e+00 0.000000e+00
2.694926e-14 0.000000e+00 0.000000e+00
-1.452047e-13 0.000000e+00 0.000000e+00
-2.343174e-13 0.000000e+00 0.000000e+00
-2.419696e-13 0.000000e+00 0.000000e+00
-1.621053e-13 0.000000e+00 0.000000e+00
-8.650030e-14 0.000000e+00 0.000000e+00
-7.846167e-14 0.000000e+00 0.000000e+00
-9.532412e-14 0.000000e+00 0.000000e+00
-1.526688e-13 0.000000e+00 0.000000e+00
-1.191341e-13 0.000000e+00 0.000000e+00
1.587437e-13 0.000000e+00 0.000000e+00
8.304324e-14 0.000000e+00 0.000000e+00
1.119663e-13 0.000000e+00 0.000000e+00
3.308459e-14 0.000000e+00 0.000000e+00
1.718913e-14 0.000000e+00 0.000000e+00
1.108544e-13 0.000000e+00 0.000000e+00
-4.489376e-14 0.000000e+00 0.000000e+00
-7.416120e-14 0.000000e+00 0.000000e+00
-1.906058e-13 0.000000e+00 0.000000e+00
-2.051709e-13 0.000000e+00 0.000000e+00
-6.318850e-14 0.000000e+00 0.000000e+00
-1.038358e-13 0.000000e+00 0.000000e+00
1.454479e-13 0.000000e+00 0.000000e+00
8.280621e-15 0.000000e+00 0.000000e+00
1.385003e-13 0.000000e+00 0.000000e+00
8.812150e-14 0.000000e+00 0.000000e+00
5.857260e-14 0.000000e+00 0.000000e+00
7.883546e-14 0.000000e+00 0.000000e+00
-1.565171e-13 0.000000e+00 0.000000e+00
1.887891e-13 0.000000e+00 0.000000e+00
1.759951e-13 0.000000e+00 0.000000e+00
-1.147899e-13 0.000000e+00 0.000000e+00
2.111479e-13 0.000000e+00 0.000000e+00
1.626260e-13 0.000000e+00 0.000000e+00
2.816258e-14 0.000000e+00 0.000000e+00
2.284170e-13 0.000000e+00 0.000000e+00
-3.152305e-14 0.000000e+00 0.000000e+00
-1.666336e-13 0.000000e+00 0.000000e+00
1.529559e-13 0.000000e+00 0.000000e+00
-6.250455e-14 0.000000e+00 0.000000e+00
1.263667e-13 0.000000e+00 0.000000e+00
-5.507249e-14 0.000000e+00 0.000000e+00
4.284464e-14 0.000000e+00 0.000000e+00
4.970371e-14 0.000000e+00 0.000000e+00
-2.198019e-13 0.000000e+00 0.000000e+00
-7.667978e-14 0.000000e+00 0.000000e+00
-5.523935e-14 0.000000e+00 0.000000e+00
-1.964938e-13 0.000000e+00 0.000000e+00
-5.255427e-14 0.000000e+00 0.000000e+00
1.558797e-13 0.000000e+00 0.000000e+00
-2.435832e-13 0.000000e+00 0.000000e+00
1.056249e-13 0.000000e+00 0.000000e+00
1.050236e-13 0.000000e+00 0.000000e+00
-1.073423e-13 0.000000e+00 0.000000e+00
1.006416e-13 0.000000e+00 0.000000e+00
9.112005e-16 0.000000e+00 0.000000e+00
3.655395e-14 0.000000e+00 0.000000e+00
-1.617970e-13 0.000000e+00 0.000000e+00
-4.731104e-13 0.000000e+00 0.000000e+00
1.129026e-13 0.000000e+00 0.000000e+00
-1.930307e-13 0.000000e+00 0.000000e+00
-5.113608e-14 0.000000e+00 0.000000e+00
9.799681e-15 0.000000e+00 0.000000e+00
9.972727e-14 0.000000e+00 0.000000e+00
-1.644697e-13 0.000000e+00 0.000000e+00
-6.929964e-14 0.000000e+00 0.000000e+00
1.895431e-13 0.000000e+00 0.000000e+00
-4.437018e-15 0.000000e+00 0.000000e+00
