step K U E temp
0 4.103495e-22 -3.336688e-20 -3.295653e-20 5.944299e+01
1000 3.465624e-22 -3.928341e-20 -3.893685e-20 5.020283e+01
2000 1.311031e-21 -4.095460e-20 -3.964357e-20 1.899152e+02
3000 1.746355e-20 -3.796614e-20 -2.050259e-20 2.529759e+03
4000 1.597257e-21 -4.109442e-20 -3.949716e-20 2.313777e+02
5000 1.925277e-24 -4.005647e-20 1.099455e-19 2.788945e-01
6000 1.056999e-20 -4.001916e-20 7.055083e-20 1.531163e+03
7000 1.385898e-21 -3.257474e-20 1.688112e-19 2.007603e+02
8000 4.040619e-21 -4.038606e-20 1.636546e-19 5.853218e+02
9000 1.109336e-22 -4.024255e-20 1.598684e-19 1.606977e+01
10000 1.070053e-20 -4.078154e-20 2.699190e-19 1.550073e+03
11000 3.409571e-23 -4.011554e-20 2.599186e-19 4.939084e+00
12000 3.110357e-22 -4.049161e-20 3.598195e-19 4.505644e+01
13000 8.581413e-23 -3.982617e-20 3.602596e-19 1.243098e+01
14000 4.311802e-21 -2.454534e-20 4.797665e-19 6.246051e+02
15000 2.656582e-21 -3.776850e-20 4.648881e-19 3.848308e+02
16000 8.830164e-23 -3.615870e-20 4.639296e-19 1.279132e+01
17000 7.434600e-22 -3.725007e-20 4.634934e-19 1.076972e+02
18000 2.999129e-21 -3.585505e-20 4.671441e-19 4.344521e+02
19000 4.113750e-21 -2.603373e-20 4.780800e-19 5.959155e+02
20000 8.789282e-22 -3.845186e-20 4.630816e-19 1.273210e+02
21000 7.183480e-23 -3.843002e-20 4.620968e-19 1.040595e+01
22000 1.246597e-20 -3.746063e-20 4.750053e-19 1.805812e+03
23000 3.550233e-22 -3.108327e-20 4.692718e-19 5.142846e+01
24000 5.323265e-22 -3.560323e-20 5.649291e-19 7.711251e+01
25000 1.778461e-21 -3.415894e-20 6.676195e-19 2.576268e+02
26000 2.546351e-22 -3.638850e-20 6.638661e-19 3.688629e+01
27000 2.571202e-21 -3.704203e-20 6.655457e-19 3.724628e+02
28000 7.398434e-23 -3.507345e-20 6.650005e-19 1.071733e+01
29000 2.420155e-21 -3.355589e-20 6.688643e-19 3.505822e+02
30000 2.408698e-21 -3.613503e-20 6.662737e-19 3.489226e+02
31000 3.600670e-21 -3.703423e-20 6.665807e-19 5.215910e+02
32000 5.024375e-21 -3.453514e-20 6.704892e-19 7.278280e+02
33000 5.151376e-23 -3.339447e-20 6.666570e-19 7.462253e+00
34000 7.239972e-22 -3.518282e-20 6.655412e-19 1.048778e+02
35000 8.059899e-22 -3.474494e-20 7.661248e-19 1.167552e+02
36000 4.046381e-22 -3.609008e-20 7.643146e-19 5.861564e+01
37000 1.704803e-21 -3.670553e-20 7.649993e-19 2.469567e+02
38000 2.050726e-22 -3.728281e-20 7.637492e-19 2.970669e+01
39000 1.407955e-22 -3.654429e-20 8.636093e-19 2.039555e+01
40000 7.132425e-22 -3.655387e-20 8.641701e-19 1.033199e+02
41000 5.589557e-23 -3.668015e-20 8.633766e-19 8.097000e+00
42000 1.375117e-21 -3.690207e-20 8.644740e-19 1.991987e+02
43000 1.026663e-20 -3.725294e-20 8.735574e-19 1.487219e+03
44000 5.074161e-23 -3.312118e-20 9.688407e-19 7.350399e+00
45000 3.921864e-24 -3.218227e-20 9.685401e-19 5.681189e-01
46000 1.796177e-21 -3.943520e-20 1.062857e-18 2.601931e+02
47000 5.815723e-21 -3.830604e-20 1.170830e-18 8.424622e+02
48000 1.170893e-21 -3.862705e-20 1.169896e-18 1.696148e+02
49000 9.629298e-22 -3.825811e-20 1.168523e-18 1.394894e+02
50000 6.215416e-22 -3.855868e-20 1.165293e-18 9.003615e+01
51000 2.052035e-21 -3.851408e-20 1.165366e-18 2.972566e+02
52000 6.280917e-22 -2.136230e-20 1.279266e-18 9.098499e+01
53000 3.359510e-21 -2.768474e-20 1.275675e-18 4.866567e+02
54000 4.368921e-21 -2.984401e-20 1.274525e-18 6.328793e+02
55000 1.328022e-21 -2.826364e-20 1.273064e-18 1.923766e+02
56000 5.075880e-21 -3.009444e-20 1.274986e-18 7.352890e+02
57000 1.118677e-20 -2.661624e-20 1.284571e-18 1.620509e+03
58000 8.162983e-21 -2.986198e-20 1.278301e-18 1.182485e+03
59000 9.337619e-23 -2.927439e-20 1.270819e-18 1.352642e+01
60000 2.192044e-23 -2.983499e-20 1.270187e-18 3.175382e+00
61000 1.822356e-24 -2.835792e-20 1.371644e-18 2.639854e-01
62000 1.064013e-21 -2.693777e-20 1.374512e-18 1.541323e+02
63000 1.412569e-20 -2.760274e-20 1.486548e-18 2.046239e+03
64000 3.961083e-21 -2.723808e-20 1.476735e-18 5.738002e+02
65000 5.830041e-22 -2.733888e-20 1.473248e-18 8.445364e+01
66000 5.414603e-21 -2.726327e-20 1.478160e-18 7.843561e+02
67000 7.820261e-24 -2.673139e-20 1.475739e-18 1.132838e+00
68000 7.909736e-23 -2.818921e-20 1.478824e-18 1.145800e+01
69000 3.572685e-21 -2.661707e-20 1.482629e-18 5.175371e+02
70000 5.297880e-21 -2.665552e-20 1.482992e-18 7.674478e+02
71000 1.035411e-20 -2.717839e-20 1.600554e-18 1.499891e+03
72000 1.469861e-21 -2.666034e-20 1.579391e-18 2.129232e+02
73000 8.394391e-22 -2.663254e-20 1.579600e-18 1.216006e+02
74000 3.856997e-21 -2.694747e-20 1.581701e-18 5.587223e+02
75000 1.504207e-21 -2.651044e-20 1.586002e-18 2.178985e+02
76000 4.512825e-21 -2.670408e-20 1.581433e-18 6.537252e+02
77000 1.062049e-21 -2.676220e-20 1.577220e-18 1.538478e+02
78000 5.708599e-22 -2.687518e-20 1.576994e-18 8.269444e+01
79000 4.592407e-21 -1.674479e-20 1.687848e-18 6.652534e+02
80000 5.434652e-22 -2.316921e-20 1.677374e-18 7.872604e+01
81000 1.855630e-21 -2.492960e-20 1.677140e-18 2.688055e+02
82000 1.545567e-22 -2.484037e-20 1.675395e-18 2.238899e+01
83000 3.013344e-22 -1.402819e-20 1.686273e-18 4.365112e+01
84000 1.584449e-21 -2.246876e-20 1.779116e-18 2.295223e+02
85000 1.026785e-20 -2.255048e-20 1.787717e-18 1.487395e+03
86000 1.062295e-20 -9.829929e-21 1.900793e-18 1.538835e+03
87000 3.512148e-21 -1.969275e-20 1.883820e-18 5.087677e+02
88000 3.130925e-21 -1.780137e-20 1.985336e-18 4.535439e+02
89000 7.553116e-22 -1.995465e-20 1.980814e-18 1.094140e+02
90000 9.699865e-22 -1.794660e-20 1.983024e-18 1.405117e+02
91000 7.486978e-21 -1.915816e-20 1.988329e-18 1.084559e+03
92000 1.130923e-21 -1.783967e-20 1.983295e-18 1.638248e+02
93000 1.287571e-20 -1.765192e-20 1.995266e-18 1.865168e+03
94000 1.815060e-20 -1.800043e-20 2.000150e-18 2.629286e+03
95000 4.761454e-23 -1.872899e-20 1.981319e-18 6.897415e+00
96000 4.342376e-22 -1.837993e-20 1.982054e-18 6.290340e+01
97000 2.355196e-21 -2.036305e-20 1.983093e-18 3.411723e+02
98000 3.336117e-22 -2.036126e-20 2.085447e-18 4.832679e+01
99000 8.002490e-23 -2.033039e-20 2.085999e-18 1.159236e+01
100000 1.356407e-20 -2.041537e-20 2.097828e-18 1.964883e+03
101000 1.286040e-21 -2.026525e-20 2.089688e-18 1.862949e+02
102000 1.151395e-21 -2.063644e-20 2.089280e-18 1.667903e+02
103000 7.250272e-21 -2.044054e-20 2.091359e-18 1.050270e+03
104000 1.201497e-21 -2.054857e-20 2.086363e-18 1.740482e+02
105000 5.021322e-21 -2.036379e-20 2.090079e-18 7.273857e+02
106000 7.538611e-22 -2.033217e-20 2.086619e-18 1.092039e+02
107000 5.643702e-22 -2.050230e-20 2.084931e-18 8.175433e+01
108000 7.976595e-21 -2.052796e-20 2.092720e-18 1.155485e+03
109000 1.883204e-21 -2.055550e-20 2.087209e-18 2.727998e+02
110000 7.550505e-21 -2.063117e-20 2.095446e-18 1.093762e+03
111000 1.286446e-22 -2.039563e-20 2.084621e-18 1.863539e+01
112000 8.504686e-21 -3.701896e-20 2.171486e-18 1.231984e+03
113000 1.215793e-21 -4.053391e-20 2.160682e-18 1.761191e+02
114000 1.516517e-21 -3.772977e-20 2.263787e-18 2.196818e+02
115000 2.153853e-24 -3.921149e-20 2.260791e-18 3.120058e-01
116000 1.679723e-22 -4.000972e-20 2.360158e-18 2.433237e+01
117000 1.123320e-26 -4.037783e-20 2.361020e-18 1.627235e-03
118000 2.829852e-23 -4.006006e-20 2.359968e-18 4.099306e+00
119000 7.266516e-24 -3.896480e-20 2.362238e-18 1.052623e+00
120000 3.341400e-22 -3.991061e-20 2.461814e-18 4.840333e+01
121000 1.733138e-22 -3.952060e-20 2.460653e-18 2.510613e+01
122000 1.074237e-21 -3.990864e-20 2.462508e-18 1.556133e+02
123000 9.647374e-22 -3.978019e-20 2.461288e-18 1.397513e+02
124000 2.248567e-22 -3.961737e-20 2.460609e-18 3.257261e+01
125000 1.219817e-23 -3.932422e-20 2.460690e-18 1.767020e+00
126000 4.045479e-22 -3.891410e-20 2.463744e-18 5.860258e+01
127000 2.188858e-21 -3.697850e-20 2.565210e-18 3.170767e+02
128000 2.800346e-21 -3.566570e-20 2.567135e-18 4.056564e+02
129000 1.143781e-21 -2.120171e-20 2.579942e-18 1.656874e+02
130000 1.902663e-21 -3.591390e-20 2.565989e-18 2.756186e+02
131000 2.491444e-21 -3.530631e-20 2.567185e-18 3.609091e+02
132000 7.054899e-22 -3.781818e-20 2.671204e-18 1.021969e+02
133000 3.592356e-22 -3.763451e-20 2.676607e-18 5.203865e+01
134000 3.072720e-21 -3.786300e-20 2.674520e-18 4.451124e+02
135000 2.347982e-21 -3.786388e-20 2.673823e-18 3.401274e+02
136000 8.766069e-23 -3.944539e-20 2.760642e-18 1.269848e+01
137000 3.961222e-23 -4.090647e-20 2.759133e-18 5.738204e+00
138000 1.894640e-21 -3.692522e-20 2.764969e-18 2.744564e+02
139000 4.850670e-23 -4.072381e-20 2.759325e-18 7.026652e+00
140000 4.163123e-24 -3.335193e-20 2.766652e-18 6.030675e-01
141000 1.961641e-22 -3.605355e-20 2.764143e-18 2.841621e+01
142000 6.600441e-22 -3.835914e-20 2.762301e-18 9.561360e+01
143000 1.983689e-23 -4.109318e-20 2.758927e-18 2.873561e+00
144000 1.487649e-20 -3.731423e-20 2.777562e-18 2.154999e+03
145000 3.881651e-21 -3.953163e-20 2.764350e-18 5.622937e+02
146000 2.673164e-21 -3.605854e-20 2.766615e-18 3.872329e+02
147000 2.604764e-21 -3.320862e-20 2.969396e-18 3.773246e+02
148000 3.228458e-21 -3.429322e-20 3.068944e-18 4.676726e+02
149000 5.464401e-23 -3.506219e-20 3.064993e-18 7.915699e+00
150000 8.455166e-22 -3.564351e-20 3.167382e-18 1.224810e+02
151000 3.709813e-21 -3.526880e-20 3.168563e-18 5.374014e+02
152000 1.606557e-22 -3.836992e-20 3.261897e-18 2.327248e+01
153000 7.088002e-24 -4.107284e-20 3.258934e-18 1.026764e+00
154000 6.685034e-21 -4.082210e-20 3.265863e-18 9.683900e+02
155000 6.156144e-21 -4.076333e-20 3.265393e-18 8.917753e+02
156000 9.525867e-22 -4.107342e-20 3.259879e-18 1.379912e+02
157000 9.609070e-21 -4.107811e-20 3.268531e-18 1.391964e+03
158000 2.725918e-21 -4.109859e-20 3.261627e-18 3.948748e+02
159000 1.854706e-23 -4.105752e-20 3.258961e-18 2.686716e+00
160000 1.831724e-21 -4.086879e-20 3.260963e-18 2.653425e+02
161000 4.049687e-24 -3.989334e-20 3.260111e-18 5.866353e-01
162000 3.286981e-23 -4.108046e-20 3.258952e-18 4.761501e+00
163000 2.886982e-22 -4.083852e-20 3.365829e-18 4.182065e+01
164000 9.748057e-22 -4.086056e-20 3.368056e-18 1.412098e+02
165000 1.071790e-20 -4.102301e-20 3.469695e-18 1.552588e+03
166000 2.508850e-22 -3.940831e-20 3.460843e-18 3.634306e+01
167000 1.578465e-20 -3.971608e-20 3.576069e-18 2.286556e+03
168000 3.546142e-21 -4.083274e-20 3.562713e-18 5.136921e+02
169000 2.648367e-21 -4.056598e-20 3.562082e-18 3.836409e+02
170000 8.842719e-22 -3.861410e-20 3.562271e-18 1.280951e+02
171000 6.114366e-21 -4.101136e-20 3.565103e-18 8.857235e+02
172000 3.270078e-22 -4.109409e-20 3.559269e-18 4.737016e+01
173000 3.588603e-22 -3.850491e-20 3.561860e-18 5.198429e+01
174000 3.953012e-21 -4.054587e-20 3.563407e-18 5.726309e+02
175000 9.074153e-22 -3.995016e-20 3.560957e-18 1.314476e+02
176000 1.077667e-21 -3.837201e-20 3.664675e-18 1.561103e+02
177000 9.512375e-23 -3.826145e-20 3.662875e-18 1.377957e+01
178000 7.373484e-22 -3.839230e-20 3.664882e-18 1.068119e+02
179000 1.411824e-21 -3.836556e-20 3.664866e-18 2.045160e+02
180000 6.338949e-21 -3.820873e-20 3.669813e-18 9.182564e+02
181000 1.435726e-21 -2.914497e-20 3.772291e-18 2.079785e+02
182000 6.745150e-22 -2.902906e-20 3.771645e-18 9.770984e+01
183000 4.256707e-22 -1.812679e-20 3.782299e-18 6.166240e+01
184000 4.413243e-21 -3.123518e-20 3.773178e-18 6.392997e+02
185000 3.035846e-22 -2.865507e-20 3.771649e-18 4.397708e+01
186000 2.089490e-23 -2.560504e-20 3.774416e-18 3.026823e+00
187000 3.174593e-22 -3.191114e-20 3.768407e-18 4.598697e+01
188000 1.635290e-20 -3.112805e-20 3.785225e-18 2.368871e+03
189000 2.156127e-21 -2.935286e-20 3.772803e-18 3.123352e+02
190000 3.274209e-21 -3.062514e-20 3.772649e-18 4.743000e+02
191000 2.815545e-21 -2.946656e-20 3.773349e-18 4.078582e+02
192000 3.989636e-22 -3.190617e-20 3.768494e-18 5.779362e+01
193000 1.811165e-21 -3.166199e-20 3.770149e-18 2.623643e+02
194000 6.584453e-21 -3.093936e-20 3.775645e-18 9.538200e+02
195000 8.387809e-22 -3.126657e-20 3.769572e-18 1.215053e+02
196000 2.418337e-21 -2.934540e-20 3.773073e-18 3.503188e+02
197000 2.065088e-23 -2.671606e-20 3.873305e-18 2.991474e+00
198000 1.460550e-22 -1.492522e-20 3.985221e-18 2.115744e+01
199000 4.027522e-21 -1.566477e-20 4.089368e-18 5.834245e+02
200000 3.084029e-21 -2.255518e-20 4.180559e-18 4.467506e+02
201000 9.989922e-22 -1.514724e-20 4.185852e-18 1.447134e+02
202000 7.091384e-22 -2.140067e-20 4.179308e-18 1.027254e+02
203000 1.396659e-24 -2.094663e-20 4.179055e-18 2.023192e-01
204000 1.371580e-21 -2.139862e-20 4.179973e-18 1.986863e+02
205000 2.827429e-21 -1.936935e-20 4.183458e-18 4.095797e+02
206000 1.825525e-21 -1.324867e-20 4.188577e-18 2.644444e+02
207000 3.690207e-22 -1.992638e-20 4.180443e-18 5.345612e+01
208000 1.509730e-21 -2.062431e-20 4.180885e-18 2.186987e+02
209000 8.431816e-22 -2.101232e-20 4.179831e-18 1.221428e+02
210000 3.521538e-20 -1.260920e-20 4.422606e-18 5.101280e+03
211000 6.027479e-22 -1.339041e-20 4.387388e-18 8.731371e+01
212000 9.961917e-23 -1.394797e-20 4.404379e-18 1.443077e+01
213000 1.172733e-21 -1.086611e-20 4.390307e-18 1.698814e+02
214000 1.675513e-20 -1.199692e-20 4.404758e-18 2.427139e+03
215000 1.743569e-21 -1.347289e-20 4.388716e-18 2.525723e+02
216000 8.040613e-22 -9.804026e-21 4.391000e-18 1.164758e+02
217000 5.221059e-23 -1.209374e-20 4.488049e-18 7.563195e+00
218000 1.331779e-21 -1.034719e-20 4.490985e-18 1.929208e+02
219000 1.036364e-21 -1.048157e-20 4.490555e-18 1.501271e+02
220000 1.753279e-21 -9.774484e-21 4.491979e-18 2.539790e+02
221000 1.903098e-22 -1.231803e-20 4.489031e-18 2.756817e+01
222000 1.187654e-21 -1.109844e-20 4.490089e-18 1.720428e+02
223000 6.098794e-21 -1.246914e-20 4.498062e-18 8.834677e+02
224000 5.032143e-23 -1.023104e-20 4.489819e-18 7.289533e+00
225000 1.949026e-21 -1.233934e-20 4.491035e-18 2.823348e+02
226000 1.354946e-21 -1.131718e-20 4.490038e-18 1.962767e+02
227000 1.169952e-20 -1.170550e-20 4.499994e-18 1.694785e+03
228000 6.739288e-22 -1.270449e-20 4.587985e-18 9.762493e+01
229000 1.765746e-21 -1.266658e-20 4.589108e-18 2.557849e+02
230000 2.555739e-21 -9.084559e-21 4.593471e-18 3.702228e+02
231000 3.448767e-23 -1.181147e-20 4.588223e-18 4.995863e+00
232000 3.503870e-22 -1.188081e-20 4.588470e-18 5.075685e+01
233000 1.781148e-21 -7.695451e-21 4.594086e-18 2.580160e+02
234000 6.223064e-22 -9.659014e-21 4.590963e-18 9.014693e+01
235000 1.299944e-23 -5.216032e-21 4.594797e-18 1.883092e+00
236000 5.373156e-21 -1.312796e-20 4.704610e-18 7.783522e+02
237000 8.304940e-21 -1.671415e-20 4.731012e-18 1.203049e+03
238000 8.499003e-22 -1.900715e-20 4.787103e-18 1.231161e+02
239000 3.656400e-22 -1.920948e-20 4.798060e-18 5.296639e+01
240000 8.844755e-23 -1.839652e-20 4.781944e-18 1.281246e+01
241000 1.564450e-22 -1.878977e-20 4.782303e-18 2.266254e+01
242000 1.499072e-21 -1.816555e-20 4.785419e-18 2.171547e+02
243000 2.934356e-22 -1.817346e-20 4.784074e-18 4.250690e+01
244000 4.294585e-21 -1.814527e-20 4.788604e-18 6.221111e+02
245000 5.347516e-22 -1.898973e-20 4.786209e-18 7.746381e+01
246000 4.710492e-23 -1.856144e-20 4.781612e-18 6.823592e+00
247000 4.690650e-22 -1.855835e-20 4.782035e-18 6.794848e+01
248000 1.172698e-22 -1.817613e-20 4.783853e-18 1.698763e+01
249000 1.109777e-21 -1.821508e-20 4.784269e-18 1.607616e+02
250000 1.972024e-21 -1.833151e-20 4.784112e-18 2.856663e+02
251000 5.463627e-21 -2.008605e-20 4.914181e-18 7.914578e+02
252000 2.787060e-22 -6.711982e-21 4.993567e-18 4.037319e+01
253000 3.139355e-21 -8.437323e-22 5.002296e-18 4.547651e+02
254000 7.061818e-21 -1.317257e-21 5.005745e-18 1.022971e+03
255000 1.153300e-21 -7.506511e-21 5.093694e-18 1.670663e+02
256000 6.364283e-22 -7.562150e-21 5.093187e-18 9.219263e+01
257000 1.266792e-21 -7.638723e-21 5.093967e-18 1.835067e+02
258000 1.021955e-21 -7.136836e-21 5.093892e-18 1.480398e+02
259000 1.048246e-21 -7.608865e-21 5.093663e-18 1.518484e+02
260000 5.401329e-22 -7.657045e-21 5.093317e-18 7.824333e+01
261000 5.391331e-22 -6.707491e-21 5.199333e-18 7.809850e+01
262000 2.261324e-23 -1.994797e-20 5.380075e-18 3.275741e+00
263000 1.851887e-22 -2.212813e-20 5.378057e-18 2.682632e+01
264000 1.598785e-21 -2.011458e-20 5.381484e-18 2.315991e+02
265000 6.965072e-22 -4.109965e-20 5.463065e-18 1.008956e+02
266000 5.778296e-21 -4.097531e-20 5.464803e-18 8.370406e+02
267000 1.253405e-21 -4.021052e-20 5.461043e-18 1.815675e+02
268000 6.494047e-22 -3.957582e-20 5.461074e-18 9.407239e+01
269000 7.088198e-22 -4.089538e-20 5.459813e-18 1.026792e+02
270000 1.932209e-21 -4.082389e-20 5.461108e-18 2.798987e+02
271000 2.085101e-21 -4.091893e-20 5.461166e-18 3.020465e+02
272000 1.007682e-21 -4.040576e-20 5.560602e-18 1.459723e+02
273000 1.991869e-21 -3.986647e-20 5.562125e-18 2.885410e+02
274000 4.169354e-22 -3.914437e-20 5.568588e-18 6.039702e+01
275000 2.250209e-21 -3.921128e-20 5.565942e-18 3.259640e+02
276000 1.226198e-22 -4.055168e-20 5.559743e-18 1.776263e+01
277000 1.613692e-26 -3.971344e-20 5.560287e-18 2.337585e-03
278000 1.262676e-20 -4.044086e-20 5.572187e-18 1.829104e+03
279000 4.225320e-23 -4.042623e-20 5.559617e-18 6.120774e+00
280000 2.010537e-23 -4.042014e-20 5.559601e-18 2.912452e+00
281000 7.493809e-23 -4.012160e-20 5.559953e-18 1.085549e+01
282000 1.214617e-22 -4.035664e-20 5.559765e-18 1.759486e+01
283000 9.706333e-22 -4.065884e-20 5.565748e-18 1.406054e+02
284000 1.473319e-21 -3.956227e-20 5.661912e-18 2.134241e+02
285000 3.285654e-24 -4.109982e-20 5.759872e-18 4.759580e-01
286000 7.203142e-22 -4.102425e-20 5.759704e-18 1.043443e+02
287000 1.235938e-20 -4.109966e-20 5.872375e-18 1.790372e+03
288000 1.182737e-22 -4.102618e-20 5.995153e-18 1.713305e+01
289000 1.096557e-22 -4.095142e-20 5.963204e-18 1.588466e+01
290000 1.375787e-21 -4.093503e-20 5.966540e-18 1.992956e+02
291000 2.384013e-21 -4.094157e-20 5.966438e-18 3.453467e+02
292000 6.488215e-23 -4.089799e-20 5.978014e-18 9.398790e+00
293000 2.437043e-22 -4.093661e-20 5.965105e-18 3.530286e+01
294000 5.640908e-22 -4.099206e-20 5.970594e-18 8.171386e+01
295000 1.747971e-21 -4.094250e-20 5.965675e-18 2.532100e+02
296000 1.831424e-21 -4.096469e-20 5.965071e-18 2.652990e+02
297000 4.537340e-24 -4.097365e-20 5.964390e-18 6.572765e-01
298000 1.098386e-23 -4.096503e-20 5.963278e-18 1.591116e+00
299000 1.835807e-21 -4.095286e-20 5.964864e-18 2.659339e+02
300000 3.552745e-21 -4.097185e-20 5.967633e-18 5.146486e+02
301000 1.821989e-22 -4.095966e-20 5.963162e-18 2.639323e+01
302000 5.705778e-23 -4.098682e-20 5.967971e-18 8.265356e+00
303000 6.308995e-21 -4.096081e-20 5.969326e-18 9.139172e+02
304000 4.908003e-21 -4.094273e-20 5.968804e-18 7.109704e+02
305000 2.260915e-20 -4.096494e-20 5.985869e-18 3.275148e+03
306000 3.203535e-21 -4.096178e-20 5.966262e-18 4.640622e+02
307000 4.282307e-23 -4.098997e-20 5.969173e-18 6.203325e+00
308000 1.181055e-22 -4.095619e-20 5.963067e-18 1.710869e+01
309000 1.067989e-23 -4.096707e-20 5.963467e-18 1.547082e+00
310000 6.856670e-23 -4.093889e-20 5.964532e-18 9.932532e+00
311000 7.172689e-23 -4.094037e-20 5.964302e-18 1.039031e+01
312000 8.476311e-22 -4.098083e-20 5.966859e-18 1.227873e+02
313000 1.041589e-22 -4.097457e-20 5.964660e-18 1.508840e+01
314000 1.148333e-22 -4.099909e-20 5.973690e-18 1.663468e+01
315000 1.644325e-22 -4.099481e-20 5.971479e-18 2.381960e+01
316000 2.398918e-21 -4.090754e-20 5.976109e-18 3.475058e+02
317000 1.206230e-22 -4.097346e-20 5.964471e-18 1.747337e+01
318000 4.595851e-22 -4.097660e-20 5.965432e-18 6.657523e+01
319000 2.834452e-22 -4.091196e-20 5.972225e-18 4.105970e+01
320000 7.537891e-23 -4.093240e-20 5.965791e-18 1.091934e+01
321000 2.691188e-23 -4.100678e-20 5.978436e-18 3.898439e+00
322000 4.234453e-25 -4.095340e-20 5.963009e-18 6.134004e-02
323000 8.399902e-22 -3.584564e-20 6.082034e-18 1.216805e+02
324000 7.301555e-21 -3.588140e-20 6.090670e-18 1.057699e+03
325000 3.057790e-21 -3.577711e-20 6.082630e-18 4.429496e+02
326000 3.451601e-21 -3.554389e-20 6.100363e-18 4.999969e+02
327000 6.745461e-22 -3.797451e-20 6.192210e-18 9.771435e+01
328000 1.123882e-22 -3.933114e-20 6.166291e-18 1.628049e+01
329000 1.150074e-23 -3.930801e-20 6.164940e-18 1.665990e+00
330000 1.574600e-23 -3.884380e-20 6.267067e-18 2.280957e+00
331000 9.532525e-23 -3.874936e-20 6.272985e-18 1.380876e+01
332000 3.989546e-22 -4.052634e-20 6.285722e-18 5.779233e+01
333000 1.715457e-20 -3.895266e-20 6.283383e-18 2.485001e+03
334000 7.187294e-22 -3.879378e-20 6.270276e-18 1.041147e+02
335000 7.204978e-21 -3.903134e-20 6.277010e-18 1.043709e+03
336000 1.434023e-23 -3.893566e-20 6.265945e-18 2.077317e+00
337000 1.209955e-23 -3.898174e-20 6.267131e-18 1.752734e+00
338000 7.303586e-21 -3.897385e-20 6.274132e-18 1.057993e+03
339000 1.113894e-22 -3.879067e-20 6.269868e-18 1.613581e+01
340000 1.041745e-22 -3.899250e-20 6.267679e-18 1.509065e+01
341000 6.602330e-22 -3.977829e-20 6.365274e-18 9.564097e+01
342000 3.480520e-21 -4.109404e-20 6.490641e-18 5.041861e+02
343000 2.178691e-21 -3.993504e-20 6.466610e-18 3.156039e+02
344000 4.060043e-23 -4.009064e-20 6.460757e-18 5.881354e+00
345000 1.773432e-21 -4.016606e-20 6.465354e-18 2.568984e+02
346000 6.615161e-21 -4.008275e-20 6.467246e-18 9.582683e+02
347000 1.145317e-21 -3.996498e-20 6.463701e-18 1.659100e+02
348000 5.430204e-23 -4.012116e-20 6.461407e-18 7.866162e+00
349000 4.615157e-22 -4.011171e-20 6.461559e-18 6.685489e+01
350000 2.766724e-22 -3.993405e-20 6.464785e-18 4.007860e+01
351000 5.492015e-22 -3.681886e-20 6.565295e-18 7.955701e+01
352000 2.697950e-22 -3.703342e-20 6.563587e-18 3.908235e+01
353000 6.713845e-24 -3.690960e-20 6.563610e-18 9.725636e-01
354000 7.122035e-23 -3.693482e-20 6.563525e-18 1.031694e+01
355000 6.023887e-22 -3.691315e-20 6.564181e-18 8.726167e+01
356000 2.833752e-23 -4.109499e-20 6.702451e-18 4.104957e+00
357000 2.646967e-21 -1.168039e-20 6.690967e-18 3.834380e+02
358000 3.627517e-22 -1.005187e-20 6.690677e-18 5.254799e+01
359000 6.864604e-25 -1.204274e-20 6.688004e-18 9.944025e-02
360000 4.904100e-21 -1.045925e-20 6.694446e-18 7.104051e+02
361000 2.347418e-22 -1.132798e-20 6.688907e-18 3.400456e+01
362000 5.740243e-22 -1.016029e-20 6.690504e-18 8.315283e+01
363000 1.895794e-21 -1.146551e-20 6.790514e-18 2.746237e+02
364000 1.698318e-23 -1.137689e-20 6.788895e-18 2.460174e+00
365000 1.712986e-20 -1.134700e-20 6.909715e-18 2.481422e+03
366000 7.368716e-21 -1.153258e-20 6.909495e-18 1.067428e+03
367000 8.626079e-23 -1.111292e-20 6.893114e-18 1.249569e+01
368000 5.531985e-22 -1.902350e-20 6.981530e-18 8.013601e+01
369000 6.206338e-22 -1.884183e-20 6.981779e-18 8.990465e+01
370000 4.566472e-24 -2.061911e-20 7.081677e-18 6.614965e-01
371000 1.861300e-21 -1.954580e-20 7.085003e-18 2.696269e+02
372000 1.437956e-22 -1.791677e-20 7.183142e-18 2.083015e+01
373000 1.473136e-21 -1.741784e-20 7.184058e-18 2.133977e+02
374000 1.572010e-22 -1.682082e-20 7.183336e-18 2.277205e+01
375000 2.695841e-21 -1.710943e-20 7.185586e-18 3.905179e+02
376000 2.381075e-21 -1.674812e-20 7.185633e-18 3.449211e+02
377000 1.028485e-21 -1.613832e-20 7.184890e-18 1.489858e+02
378000 9.950881e-21 -1.739638e-20 7.192556e-18 1.441479e+03
379000 1.068938e-21 -1.697338e-20 7.184096e-18 1.548458e+02
380000 4.252946e-22 -1.562128e-20 7.184809e-18 6.160792e+01
381000 1.714986e-21 -1.740771e-20 7.184309e-18 2.484318e+02
382000 2.529678e-21 -1.588912e-20 7.186641e-18 3.664476e+02
383000 1.051455e-23 -3.564346e-20 7.264368e-18 1.523131e+00
384000 1.037666e-21 -3.561666e-20 7.265421e-18 1.503156e+02
385000 2.641432e-21 -3.009371e-20 7.272548e-18 3.826363e+02
386000 2.639402e-21 -3.597702e-20 7.266698e-18 3.823422e+02
387000 9.049685e-22 -3.611449e-20 7.264945e-18 1.310932e+02
388000 2.861634e-21 -3.076829e-20 7.272093e-18 4.145346e+02
389000 2.037637e-21 -3.329397e-20 7.268744e-18 2.951709e+02
390000 1.274713e-21 -3.135262e-20 7.269922e-18 1.846541e+02
391000 1.431902e-22 -3.257557e-20 7.267568e-18 2.074245e+01
392000 5.094159e-21 -3.515148e-20 7.269943e-18 7.379368e+02
393000 2.886023e-21 -3.009850e-20 7.372788e-18 4.180676e+02
394000 1.308938e-21 -3.211692e-20 7.369608e-18 1.896120e+02
395000 7.948858e-25 -2.804836e-20 7.371952e-18 1.151467e-01
396000 7.633750e-22 -3.151099e-20 7.369256e-18 1.105820e+02
397000 5.500105e-22 -3.173980e-20 7.368836e-18 7.967420e+01
398000 1.141540e-21 -3.076808e-20 7.370373e-18 1.653628e+02
399000 1.402654e-22 -2.934028e-20 7.370800e-18 2.031876e+01
400000 9.189615e-22 -1.910917e-20 7.381810e-18 1.331202e+02
401000 1.181252e-22 -3.120591e-20 7.368912e-18 1.711155e+01
402000 4.675234e-22 -2.601317e-20 7.474454e-18 6.772517e+01
403000 1.941761e-22 -1.679995e-20 7.783405e-18 2.812824e+01
404000 1.850391e-22 -1.625650e-20 7.784049e-18 2.680465e+01
405000 7.852041e-21 -1.537700e-20 7.794962e-18 1.137442e+03
406000 2.880325e-20 -1.711360e-20 7.945035e-18 4.172422e+03
407000 6.603036e-22 -2.378347e-20 7.878778e-18 9.565119e+01
408000 1.649286e-21 -2.432048e-20 7.879732e-18 2.389146e+02
409000 5.376415e-23 -2.427418e-20 7.877865e-18 7.788243e+00
410000 9.855953e-22 -2.448318e-20 7.880564e-18 1.427727e+02
411000 2.685946e-22 -2.362686e-20 7.879700e-18 3.890845e+01
412000 9.513967e-22 -1.939680e-20 7.981778e-18 1.378188e+02
413000 8.640439e-22 -2.015002e-20 7.983555e-18 1.251649e+02
414000 2.414891e-21 -1.982163e-20 7.983535e-18 3.498197e+02
415000 1.222819e-21 -1.967842e-20 7.982104e-18 1.771368e+02
416000 1.532142e-22 -2.081183e-20 8.088262e-18 2.219452e+01
417000 2.200917e-21 -2.081213e-20 8.090324e-18 3.188235e+02
418000 8.009701e-22 -2.259869e-20 8.178291e-18 1.160281e+02
419000 6.272698e-21 -2.715599e-20 8.279121e-18 9.086593e+02
420000 3.695086e-21 -3.381109e-20 8.377442e-18 5.352679e+02
421000 7.952992e-22 -3.376566e-20 8.374826e-18 1.152066e+02
422000 3.367522e-21 -3.089876e-20 8.573538e-18 4.878172e+02
423000 2.572976e-22 -3.088268e-20 8.570619e-18 3.727198e+01
424000 2.714588e-23 -3.236262e-20 8.568175e-18 3.932337e+00
425000 1.310092e-21 -3.242638e-20 8.569880e-18 1.897792e+02
426000 1.216611e-21 -2.645509e-20 8.674949e-18 1.762376e+02
427000 3.592035e-24 -2.519695e-20 8.674809e-18 5.203401e-01
428000 8.691779e-23 -2.547002e-20 8.674617e-18 1.259086e+01
429000 8.433310e-23 -2.529422e-20 8.775686e-18 1.221644e+01
430000 1.098846e-22 -2.522027e-20 8.775338e-18 1.591783e+01
431000 2.135224e-23 -2.503246e-20 8.775066e-18 3.093072e+00
432000 4.087964e-22 -2.453482e-20 8.778612e-18 5.921801e+01
433000 3.742732e-22 -2.485647e-20 8.775663e-18 5.421700e+01
434000 3.044898e-21 -2.506320e-20 8.778078e-18 4.410821e+02
435000 3.351044e-22 -2.508835e-20 8.775368e-18 4.854303e+01
436000 2.281883e-21 -2.515527e-20 8.777362e-18 3.305522e+02
437000 3.083733e-21 -2.547834e-20 8.781583e-18 4.467077e+02
438000 4.860891e-25 -2.500589e-20 8.775063e-18 7.041458e-02
439000 2.649726e-22 -2.506720e-20 8.775298e-18 3.838378e+01
440000 5.232669e-21 -2.471614e-20 8.781098e-18 7.580014e+02
441000 7.769567e-22 -2.496709e-20 8.775876e-18 1.125495e+02
442000 3.426676e-21 -2.500290e-20 8.778491e-18 4.963863e+02
443000 3.855933e-22 -2.516581e-20 8.775481e-18 5.585682e+01
444000 3.957971e-21 -2.496681e-20 8.779058e-18 5.733494e+02
445000 1.691369e-21 -2.520682e-20 8.776877e-18 2.450107e+02
446000 4.328328e-23 -2.499723e-20 8.775112e-18 6.269991e+00
447000 3.978903e-21 -1.514158e-20 8.890296e-18 5.763816e+02
448000 5.543341e-24 -1.577022e-20 8.884236e-18 8.030050e-01
449000 4.900223e-22 -1.616057e-20 8.884342e-18 7.098434e+01
450000 1.053013e-20 -1.623398e-20 8.894329e-18 1.525389e+03
451000 1.468637e-20 -1.631640e-20 8.898459e-18 2.127459e+03
452000 3.687210e-22 -1.590039e-20 8.884469e-18 5.341270e+01
453000 2.413796e-21 -1.562598e-20 8.886793e-18 3.496611e+02
454000 1.187146e-21 -5.646993e-21 9.095540e-18 1.719693e+02
455000 4.393258e-21 -6.574489e-21 9.097819e-18 6.364047e+02
456000 1.299668e-22 -1.131782e-20 9.088813e-18 1.882691e+01
457000 1.531845e-21 -1.071133e-20 9.090821e-18 2.219021e+02
458000 2.351703e-21 -8.769751e-21 9.193582e-18 3.406664e+02
459000 5.799295e-21 -9.062220e-21 9.196737e-18 8.400825e+02
460000 1.000468e-20 -1.803436e-20 9.301479e-18 1.449272e+03
461000 2.425139e-21 -1.824126e-20 9.299550e-18 3.513042e+02
462000 4.645422e-22 -1.823351e-20 9.297116e-18 6.729331e+01
463000 1.159221e-21 -1.854316e-20 9.324294e-18 1.679240e+02
464000 3.701292e-21 -1.814157e-20 9.296217e-18 5.361669e+02
465000 1.787225e-21 -1.909156e-20 9.417430e-18 2.588964e+02
466000 4.744180e-22 -1.563745e-20 9.392854e-18 6.872392e+01
467000 2.603158e-21 -1.567808e-20 9.393554e-18 3.770919e+02
468000 6.215522e-22 -1.601730e-20 9.398372e-18 9.003768e+01
469000 2.948942e-21 -1.557777e-20 9.398316e-18 4.271820e+02
470000 8.863122e-23 -1.586000e-20 9.390536e-18 1.283907e+01
471000 4.828744e-21 -1.582924e-20 9.394690e-18 6.994890e+02
472000 3.648171e-21 -1.563804e-20 9.396004e-18 5.284718e+02
473000 7.153638e-23 -1.570147e-20 9.390421e-18 1.036272e+01
474000 3.800974e-21 -1.590418e-20 9.395572e-18 5.506068e+02
475000 2.849525e-22 -1.310109e-21 9.498979e-18 4.127805e+01
476000 8.535717e-21 -1.496238e-21 9.607039e-18 1.236479e+03
477000 2.132852e-21 -2.427009e-21 9.599706e-18 3.089637e+02
478000 6.283074e-22 -1.542635e-21 9.599086e-18 9.101623e+01
479000 1.964812e-24 -1.659460e-21 9.598343e-18 2.846214e-01
480000 2.292182e-21 -1.986257e-21 9.600306e-18 3.320441e+02
481000 1.931248e-21 -2.295664e-21 9.599636e-18 2.797595e+02
482000 1.527851e-21 -3.161875e-21 9.603499e-18 2.213236e+02
483000 2.397531e-22 -1.188212e-21 9.599429e-18 3.473049e+01
484000 2.998345e-21 -1.222635e-21 9.601895e-18 4.343385e+02
485000 4.002429e-22 -1.841184e-21 9.598559e-18 5.797896e+01
486000 2.677108e-23 -3.002543e-21 9.597359e-18 3.878044e+00
487000 3.760792e-22 -2.927739e-21 9.697522e-18 5.447862e+01
488000 1.734161e-21 -1.435108e-20 9.801257e-18 2.512096e+02
489000 1.751879e-21 -1.438016e-20 9.800197e-18 2.537762e+02
490000 2.405760e-22 -1.034027e-20 9.890379e-18 3.484970e+01
491000 1.677717e-21 -1.167222e-20 9.997790e-18 2.430330e+02
492000 8.852442e-23 -1.165933e-20 9.996918e-18 1.282360e+01
493000 3.101663e-21 -1.153186e-20 1.012293e-17 4.493051e+02
494000 7.360431e-22 -1.320517e-20 1.009768e-17 1.066228e+02
495000 1.276131e-23 -1.332582e-20 1.009864e-17 1.848596e+00
496000 8.730495e-22 -1.316545e-20 1.009868e-17 1.264694e+02
497000 2.342074e-20 -1.334661e-20 1.012297e-17 3.392714e+03
498000 6.993632e-22 -1.340043e-20 1.010345e-17 1.013093e+02
499000 2.554537e-21 -1.314690e-20 1.010100e-17 3.700488e+02
500000 6.007675e-22 -1.327998e-20 1.009783e-17 8.702683e+01
501000 8.594299e-21 -8.494126e-21 1.020116e-17 1.244965e+03
502000 3.772068e-22 -9.355717e-21 1.019102e-17 5.464196e+01
503000 2.853634e-22 -1.061317e-20 1.019631e-17 4.133757e+01
504000 9.676545e-22 -1.020456e-20 1.019085e-17 1.401739e+02
505000 2.726948e-21 -1.007102e-20 1.019267e-17 3.950240e+02
506000 5.570684e-22 -9.928638e-21 1.019063e-17 8.069660e+01
507000 2.069668e-22 -9.307022e-21 1.029113e-17 2.998109e+01
508000 1.666961e-21 -8.762597e-21 1.029293e-17 2.414749e+02
509000 3.589451e-22 -4.085018e-20 1.035951e-17 5.199657e+01
510000 8.473449e-21 -4.073242e-20 1.036774e-17 1.227459e+03
511000 5.290785e-22 -4.091658e-20 1.035961e-17 7.664200e+01
512000 3.740657e-22 -4.105469e-20 1.045982e-17 5.418694e+01
513000 2.907374e-22 -4.103603e-20 1.046180e-17 4.211605e+01
514000 6.868002e-21 -4.109819e-20 1.059038e-17 9.948947e+02
515000 1.091079e-21 -4.108646e-20 1.057420e-17 1.580530e+02
516000 9.001685e-21 -4.107732e-20 1.059288e-17 1.303979e+03
517000 5.024351e-22 -4.109184e-20 1.057185e-17 7.278246e+01
518000 9.559362e-22 -4.108335e-20 1.057710e-17 1.384763e+02
519000 6.123662e-23 -4.105940e-20 1.056065e-17 8.870700e+00
520000 8.600110e-23 -4.102757e-20 1.055953e-17 1.245807e+01
521000 2.872606e-21 -4.106041e-20 1.056364e-17 4.161240e+02
522000 8.159724e-22 -4.104516e-20 1.056021e-17 1.182013e+02
523000 9.278690e-22 -4.070438e-20 1.066144e-17 1.344106e+02
524000 4.543224e-23 -3.972646e-20 1.076171e-17 6.581288e+00
525000 3.508309e-22 -3.976096e-20 1.076127e-17 5.082116e+01
526000 2.880156e-22 -3.991949e-20 1.076046e-17 4.172178e+01
527000 1.435434e-21 -3.978094e-20 1.076209e-17 2.079361e+02
528000 5.148614e-21 -3.976105e-20 1.088579e-17 7.458252e+02
529000 9.601347e-22 -3.962622e-20 1.087200e-17 1.390845e+02
530000 7.596119e-22 -3.975159e-20 1.096759e-17 1.100369e+02
531000 2.146399e-22 -3.607355e-20 1.096414e-17 3.109261e+01
532000 6.426078e-22 -3.330464e-20 1.106734e-17 9.308779e+01
533000 1.954911e-22 -3.612022e-20 1.116408e-17 2.831872e+01
534000 2.097593e-21 -3.641853e-20 1.116572e-17 3.038561e+02
535000 2.137557e-21 -3.100705e-20 1.117113e-17 3.096452e+02
536000 8.357840e-22 -3.506904e-20 1.116577e-17 1.210712e+02
537000 2.713683e-21 -5.273237e-21 1.129744e-17 3.931025e+02
538000 2.357566e-22 -5.313993e-21 1.129493e-17 3.415156e+01
539000 3.534875e-22 -3.889772e-21 1.129646e-17 5.120599e+01
540000 1.336042e-20 -2.794577e-21 1.141058e-17 1.935382e+03
541000 3.495782e-23 -3.766077e-21 1.139627e-17 5.063970e+00
542000 3.656421e-23 -3.863989e-21 1.139617e-17 5.296670e+00
543000 7.878358e-21 -1.227933e-20 1.152351e-17 1.141254e+03
544000 2.354427e-21 -1.270873e-20 1.151173e-17 3.410609e+02
545000 1.502578e-22 -1.236939e-20 1.150765e-17 2.176626e+01
546000 2.275159e-21 -1.163102e-20 1.162602e-17 3.295782e+02
547000 8.977023e-21 -4.032202e-21 1.170547e-17 1.300406e+03
548000 2.339544e-22 -3.818161e-21 1.169735e-17 3.389049e+01
549000 2.180460e-21 -4.099917e-21 1.169961e-17 3.158601e+02
550000 2.377820e-21 -3.684706e-21 1.170499e-17 3.444496e+02
551000 2.424762e-21 -3.881474e-21 1.169887e-17 3.512495e+02
552000 1.307594e-21 -4.044200e-21 1.169790e-17 1.894174e+02
553000 9.551529e-22 -3.805211e-21 1.169830e-17 1.383629e+02
554000 3.571639e-25 -3.974407e-21 1.169625e-17 5.173856e-02
555000 9.098469e-25 -3.736042e-21 1.169950e-17 1.317999e-01
556000 9.355055e-23 -3.965663e-21 1.169634e-17 1.355168e+01
557000 3.249494e-21 -4.138403e-21 1.170176e-17 4.707198e+02
558000 9.094805e-22 -4.982180e-22 1.180041e-17 1.317468e+02
559000 3.265787e-22 -1.585853e-24 1.180032e-17 4.730800e+01
560000 2.800816e-21 -5.445976e-22 1.180226e-17 4.057246e+02
561000 2.074855e-24 -6.338758e-24 1.180000e-17 3.005623e-01
562000 5.146541e-21 -3.175118e-21 1.190850e-17 7.455249e+02
563000 7.215094e-22 -3.003794e-21 1.190480e-17 1.045174e+02
564000 5.790162e-22 -6.271654e-21 1.189431e-17 8.387595e+01
565000 1.946718e-21 -6.715345e-21 1.189523e-17 2.820005e+02
566000 2.946513e-21 -5.844578e-21 1.189710e-17 4.268301e+02
567000 3.234010e-21 -4.193662e-21 1.189906e-17 4.684767e+02
568000 9.820161e-23 -5.985857e-21 1.189411e-17 1.422543e+01
569000 3.870406e-21 -5.563010e-21 1.189831e-17 5.606647e+02
570000 6.155621e-22 -6.583982e-21 1.189403e-17 8.916996e+01
571000 1.978608e-21 -5.119685e-21 1.189686e-17 2.866200e+02
572000 4.898274e-21 -6.568753e-21 1.189833e-17 7.095611e+02
573000 2.019791e-21 -6.099992e-21 1.189592e-17 2.925857e+02
574000 7.597370e-24 -5.486292e-21 1.189452e-17 1.100551e+00
575000 4.818895e-21 -7.230273e-21 1.189923e-17 6.980623e+02
576000 3.016466e-21 -7.334142e-21 1.201244e-17 4.369635e+02
577000 9.618404e-22 -7.472151e-21 1.201225e-17 1.393316e+02
578000 1.914398e-21 -6.402257e-21 1.199767e-17 2.773186e+02
579000 4.204690e-22 -5.691884e-21 1.199473e-17 6.090889e+01
580000 4.498123e-24 -4.868609e-21 1.199514e-17 6.515955e-01
581000 1.361791e-21 -5.162508e-21 1.219663e-17 1.972682e+02
582000 1.181397e-21 -4.969823e-21 1.219645e-17 1.711364e+02
583000 3.403209e-22 -5.505430e-21 1.221454e-17 4.929868e+01
584000 4.228798e-23 -5.306030e-21 1.219781e-17 6.125812e+00
585000 1.055313e-22 -4.863922e-21 1.219646e-17 1.528720e+01
586000 8.753364e-21 -5.333785e-21 1.220765e-17 1.268007e+03
587000 2.534654e-22 -5.379327e-21 1.220173e-17 3.671684e+01
588000 6.075354e-23 -5.252497e-21 1.219637e-17 8.800722e+00
589000 3.881271e-21 -4.724055e-21 1.220607e-17 5.622387e+02
590000 4.873252e-21 -4.985787e-21 1.220008e-17 7.059364e+02
591000 4.072821e-21 -4.823023e-21 1.220138e-17 5.899864e+02
592000 3.701007e-21 -4.892241e-21 1.219961e-17 5.361257e+02
593000 1.416356e-22 -5.102551e-21 1.219521e-17 2.051725e+01
594000 3.751289e-21 -1.912615e-22 1.240357e-17 5.434095e+02
595000 9.183430e-22 -5.744417e-22 1.240035e-17 1.330306e+02
596000 1.838003e-21 -5.365044e-22 1.250130e-17 2.662520e+02
597000 2.251927e-22 -3.928062e-22 1.249985e-17 3.262129e+01
598000 7.453267e-22 -4.888366e-22 1.250026e-17 1.079676e+02
599000 9.457998e-23 -6.825342e-22 1.250057e-17 1.370080e+01
600000 3.193396e-22 -5.088843e-22 1.249981e-17 4.625934e+01
601000 1.199708e-21 -3.102201e-21 1.260173e-17 1.737890e+02
602000 1.382760e-23 -3.789979e-21 1.270807e-17 2.003058e+00
603000 1.937295e-23 -4.873920e-22 1.282011e-17 2.806353e+00
604000 1.886707e-22 -2.981484e-22 1.280393e-17 2.733073e+01
605000 2.770929e-21 -3.157461e-22 1.280418e-17 4.013951e+02
606000 1.373716e-21 -1.854915e-21 1.289956e-17 1.989957e+02
607000 2.755512e-22 -1.238193e-21 1.289911e-17 3.991618e+01
608000 1.807452e-21 -1.357765e-21 1.300045e-17 2.618264e+02
609000 3.790238e-23 -4.375091e-23 1.300044e-17 5.490516e+00
610000 1.537425e-21 -1.146267e-21 1.300039e-17 2.227105e+02
611000 5.803889e-21 -3.595741e-23 1.310734e-17 8.407480e+02
612000 3.408917e-21 -6.795814e-23 1.310759e-17 4.938137e+02
613000 5.657983e-21 -3.828492e-23 1.310675e-17 8.196121e+02
614000 2.615787e-21 -1.822909e-21 1.320107e-17 3.789213e+02
615000 6.023767e-21 -6.782790e-22 1.330535e-17 8.725993e+02
616000 2.924717e-21 -1.096894e-21 1.330194e-17 4.236727e+02
617000 2.049030e-23 -7.457529e-22 1.329927e-17 2.968212e+00
618000 4.015294e-22 -5.334756e-22 1.329987e-17 5.816532e+01
619000 6.509194e-22 -7.680478e-22 1.329988e-17 9.429180e+01
620000 3.620018e-24 -5.680435e-22 1.329944e-17 5.243937e-01
621000 2.243654e-23 -4.741475e-22 1.329955e-17 3.250144e+00
622000 4.143160e-21 -3.257763e-22 1.340382e-17 6.001757e+02
623000 4.471584e-21 -2.327144e-22 1.340563e-17 6.477511e+02
624000 2.515353e-21 -5.834248e-23 1.351495e-17 3.643725e+02
625000 2.052376e-21 -6.797028e-23 1.351103e-17 2.973060e+02
626000 2.531076e-21 -8.216852e-23 1.351649e-17 3.666501e+02
627000 5.895907e-23 -7.857712e-23 1.351181e-17 8.540777e+00
628000 3.354590e-22 -6.777558e-23 1.350932e-17 4.859439e+01
629000 6.482936e-21 -5.936260e-23 1.351825e-17 9.391144e+02
630000 8.936788e-22 -6.882174e-23 1.350985e-17 1.294578e+02
631000 3.589107e-21 -4.895202e-23 1.352575e-17 5.199160e+02
632000 9.713633e-21 -4.112207e-23 1.364204e-17 1.407111e+03
633000 3.736024e-21 -6.704241e-24 1.360399e-17 5.411983e+02
634000 1.729621e-21 -1.503243e-23 1.360302e-17 2.505518e+02
635000 3.636396e-22 -6.321664e-24 1.360064e-17 5.267662e+01
636000 8.941965e-23 -8.671273e-25 1.360460e-17 1.295328e+01
637000 1.749998e-22 -4.430340e-24 1.360073e-17 2.535037e+01
638000 3.263272e-21 -3.756102e-24 1.360403e-17 4.727157e+02
639000 9.916722e-22 -1.121822e-23 1.360146e-17 1.436531e+02
640000 5.447966e-21 -4.210882e-23 1.374825e-17 7.891892e+02
641000 2.099424e-23 -1.461286e-22 1.371978e-17 3.041213e+00
642000 5.301314e-21 -4.677146e-22 1.382354e-17 7.679453e+02
643000 3.696616e-21 -9.326006e-21 1.379467e-17 5.354897e+02
644000 1.040675e-22 -9.511936e-21 1.379299e-17 1.507516e+01
645000 2.631997e-24 -8.916688e-21 1.379200e-17 3.812695e-01
646000 8.138136e-22 -9.093068e-21 1.379183e-17 1.178886e+02
647000 6.272620e-23 -8.979639e-21 1.379152e-17 9.086480e+00
648000 6.339885e-21 -8.951117e-21 1.379800e-17 9.183920e+02
649000 1.193471e-21 -9.023211e-21 1.379242e-17 1.728855e+02
650000 8.837088e-22 -9.450784e-21 1.379272e-17 1.280135e+02
651000 7.217665e-23 -9.370826e-21 1.379122e-17 1.045547e+01
652000 7.079775e-23 -9.473407e-21 1.389452e-17 1.025572e+01
653000 5.459925e-23 -9.408547e-21 1.389565e-17 7.909215e+00
654000 1.667008e-21 -9.363328e-21 1.389894e-17 2.414818e+02
655000 1.725939e-23 -9.550512e-21 1.389494e-17 2.500184e+00
656000 7.893319e-22 -9.399074e-21 1.389667e-17 1.143422e+02
657000 2.229301e-21 -9.631319e-21 1.389984e-17 3.229353e+02
658000 1.040363e-20 -1.631375e-21 1.410879e-17 1.507064e+03
659000 7.666991e-22 -1.825857e-21 1.420238e-17 1.110636e+02
660000 5.825909e-21 -1.871780e-21 1.420534e-17 8.439378e+02
661000 7.266164e-21 -1.752283e-21 1.421733e-17 1.052572e+03
662000 2.229275e-22 -1.974951e-21 1.419933e-17 3.229315e+01
663000 2.690580e-22 -1.766073e-21 1.420813e-17 3.897558e+01
664000 1.607427e-21 -1.846985e-21 1.420204e-17 2.328509e+02
665000 1.240262e-21 -2.038042e-21 1.420274e-17 1.796636e+02
666000 4.244787e-21 -1.985431e-21 1.420357e-17 6.148974e+02
667000 2.673479e-21 -1.944679e-21 1.420144e-17 3.872786e+02
668000 8.107931e-22 -1.980676e-21 1.420003e-17 1.174510e+02
669000 4.540625e-21 -1.964356e-21 1.420348e-17 6.577523e+02
670000 3.351501e-21 -1.983273e-21 1.420262e-17 4.854964e+02
671000 7.610628e-22 -1.954590e-21 1.419959e-17 1.102471e+02
672000 1.286799e-20 -3.084248e-20 1.428203e-17 1.864049e+03
673000 1.148470e-21 -2.035365e-20 1.438081e-17 1.663667e+02
674000 3.803817e-23 -2.143057e-20 1.438032e-17 5.510186e+00
675000 8.190641e-22 -2.055246e-20 1.438031e-17 1.186491e+02
676000 4.066959e-22 -1.945433e-20 1.438095e-17 5.891372e+01
677000 1.447976e-21 -6.698745e-21 1.449475e-17 2.097529e+02
678000 6.335171e-22 -1.279146e-20 1.449345e-17 9.177091e+01
679000 5.610232e-21 -7.500250e-21 1.449811e-17 8.126949e+02
680000 2.498836e-22 -6.649114e-21 1.449360e-17 3.619799e+01
681000 2.000767e-22 -8.394416e-21 1.449181e-17 2.898299e+01
682000 1.541081e-21 4.651249e-21 1.460619e-17 2.232400e+02
683000 5.851860e-21 7.194872e-21 1.461305e-17 8.476970e+02
684000 8.104099e-23 7.733808e-21 1.460781e-17 1.173955e+01
685000 4.157583e-22 1.506421e-20 1.471548e-17 6.022650e+01
686000 8.274705e-22 8.067517e-21 1.470890e-17 1.198669e+02
687000 1.147795e-21 8.168697e-21 1.470932e-17 1.662690e+02
688000 2.522341e-23 6.620600e-21 1.470672e-17 3.653848e+00
689000 1.417915e-21 1.330978e-20 1.471473e-17 2.053983e+02
690000 3.931862e-22 7.467878e-21 1.470787e-17 5.695672e+01
691000 3.657263e-21 1.232654e-20 1.471598e-17 5.297890e+02
692000 1.446621e-22 8.003200e-21 1.470815e-17 2.095566e+01
693000 7.504128e-22 6.898144e-21 1.470768e-17 1.087044e+02
694000 7.630715e-24 1.219676e-20 1.471220e-17 1.105381e+00
695000 4.968033e-22 1.307195e-20 1.471357e-17 7.196663e+01
696000 1.212989e-21 8.252560e-21 1.470947e-17 1.757129e+02
697000 1.740151e-21 2.251605e-20 1.482426e-17 2.520773e+02
698000 8.481004e-21 2.176427e-20 1.493025e-17 1.228553e+03
699000 3.289441e-21 2.881656e-20 1.493211e-17 4.765065e+02
700000 2.153590e-21 2.148717e-20 1.492365e-17 3.119678e+02
701000 5.667502e-23 2.185615e-20 1.492191e-17 8.209909e+00
702000 6.419356e-22 2.266474e-20 1.492331e-17 9.299041e+01
703000 2.796518e-22 2.458505e-20 1.492486e-17 4.051020e+01
704000 4.474359e-22 2.425286e-20 1.492470e-17 6.481530e+01
705000 1.736396e-21 1.809150e-20 1.492637e-17 2.515333e+02
706000 6.192561e-22 2.350978e-20 1.492413e-17 8.970507e+01
707000 3.912188e-21 2.080635e-20 1.492475e-17 5.667173e+02
708000 1.821111e-21 2.072621e-20 1.492258e-17 2.638050e+02
709000 1.317712e-21 2.106772e-20 1.492240e-17 1.908830e+02
710000 5.043813e-22 2.506464e-20 1.492557e-17 7.306438e+01
711000 5.494740e-21 2.169761e-20 1.492720e-17 7.959648e+02
712000 2.968863e-21 2.653840e-20 1.492951e-17 4.300678e+02
713000 2.302445e-21 2.012416e-20 1.492259e-17 3.335308e+02
714000 7.972151e-23 2.377064e-20 1.492385e-17 1.154841e+01
715000 2.284521e-21 1.842521e-20 1.492474e-17 3.309343e+02
716000 4.098771e-23 1.965386e-20 1.492014e-17 5.937455e+00
717000 1.077207e-20 5.476139e-20 1.506553e-17 1.560436e+03
718000 1.171711e-24 2.873229e-20 1.502876e-17 1.697334e-01
719000 3.199488e-22 2.827536e-20 1.502866e-17 4.634759e+01
720000 1.991662e-22 2.962304e-20 1.502982e-17 2.885110e+01
721000 2.451575e-21 2.755249e-20 1.503030e-17 3.551337e+02
722000 4.040293e-21 3.950834e-20 1.504355e-17 5.852744e+02
723000 3.281593e-21 2.693383e-20 1.503116e-17 4.753697e+02
724000 2.856631e-23 3.056537e-20 1.503059e-17 4.138099e+00
725000 1.323404e-22 2.751471e-20 1.502796e-17 1.917075e+01
726000 1.108569e-22 2.998902e-20 1.503010e-17 1.605867e+01
727000 6.994204e-23 2.618634e-20 1.502942e-17 1.013176e+01
728000 1.357550e-21 3.519172e-20 1.503655e-17 1.966539e+02
729000 5.434965e-23 2.977036e-20 1.502983e-17 7.873058e+00
730000 5.776208e-21 2.899858e-20 1.503479e-17 8.367381e+02
731000 3.754433e-23 3.706871e-20 1.503711e-17 5.438649e+00
732000 7.488676e-21 2.779578e-20 1.503546e-17 1.084805e+03
733000 5.958626e-21 2.917735e-20 1.503514e-17 8.631630e+02
734000 2.986052e-22 3.476105e-20 1.503506e-17 4.325577e+01
735000 4.681832e-21 2.795759e-20 1.503277e-17 6.782074e+02
736000 2.536947e-21 2.664412e-20 1.503073e-17 3.675006e+02
737000 1.642761e-21 3.624077e-20 1.503788e-17 2.379694e+02
738000 3.510053e-21 2.609269e-20 1.503323e-17 5.084642e+02
739000 1.604547e-23 2.945532e-20 1.502947e-17 2.324337e+00
740000 8.243744e-21 2.770218e-20 1.503616e-17 1.194184e+03
741000 2.279047e-22 3.944981e-20 1.503968e-17 3.301415e+01
742000 1.482119e-21 -3.933666e-20 1.506215e-17 2.146988e+02
743000 4.965545e-21 -3.895052e-20 1.506870e-17 7.193060e+02
744000 1.006768e-21 -3.972163e-20 1.506575e-17 1.458399e+02
745000 8.294792e-22 -2.979936e-20 1.517121e-17 1.201579e+02
746000 4.400170e-21 -3.243544e-20 1.529287e-17 6.374061e+02
747000 1.057856e-22 -3.215550e-20 1.527224e-17 1.532403e+01
748000 2.316141e-23 -3.206188e-20 1.527171e-17 3.355148e+00
749000 3.039579e-22 -3.226035e-20 1.527581e-17 4.403116e+01
750000 4.132881e-21 -3.200108e-20 1.527676e-17 5.986867e+02
751000 1.351967e-22 -3.203538e-20 1.527211e-17 1.958451e+01
752000 4.708712e-23 -3.209363e-20 1.527162e-17 6.821013e+00
753000 6.555568e-22 -3.219039e-20 1.527356e-17 9.496357e+01
754000 1.259800e-22 -3.081464e-20 1.537924e-17 1.824938e+01
755000 5.006804e-23 -3.064358e-20 1.537735e-17 7.252826e+00
756000 1.129030e-22 -3.082155e-20 1.537953e-17 1.635507e+01
757000 5.391785e-22 -3.070259e-20 1.537725e-17 7.810508e+01
758000 2.529684e-21 -3.054462e-20 1.538362e-17 3.664485e+02
759000 2.703420e-21 -3.058272e-20 1.538193e-17 3.916158e+02
760000 5.999567e-26 -3.071724e-20 1.537677e-17 8.690938e-03
761000 1.210115e-20 -3.194799e-20 1.552013e-17 1.752965e+03
762000 2.419223e-21 -2.942274e-20 1.548500e-17 3.504472e+02
763000 2.222837e-22 -2.930602e-20 1.548538e-17 3.219988e+01
764000 7.573543e-22 -2.948367e-20 1.548431e-17 1.097099e+02
765000 1.855782e-21 -3.175102e-20 1.557010e-17 2.688275e+02
766000 1.974423e-21 -2.876567e-20 1.557321e-17 2.860137e+02
767000 1.240138e-21 -3.329464e-20 1.556857e-17 1.796457e+02
768000 1.044136e-22 -2.931711e-20 1.557079e-17 1.512529e+01
769000 4.970676e-22 -2.829028e-20 1.557221e-17 7.200492e+01
770000 1.477299e-21 -3.077402e-20 1.557070e-17 2.140007e+02
771000 1.220806e-21 -2.722180e-20 1.557400e-17 1.768453e+02
772000 1.611882e-22 -3.073039e-20 1.566943e-17 2.334963e+01
773000 2.663954e-23 -3.347486e-20 1.566856e-17 3.858988e+00
774000 4.235208e-22 -2.604945e-20 1.577441e-17 6.135098e+01
775000 1.636863e-21 -2.549272e-20 1.577638e-17 2.371149e+02
776000 3.365042e-21 -2.679109e-20 1.577788e-17 4.874581e+02
777000 2.564950e-21 -2.583290e-20 1.577677e-17 3.715571e+02
778000 4.705762e-24 -2.581328e-20 1.577424e-17 6.816739e-01
779000 6.283247e-21 -2.578772e-20 1.578055e-17 9.101875e+02
780000 1.448919e-21 -2.674742e-20 1.577577e-17 2.098895e+02
781000 7.971350e-23 -2.645224e-20 1.577388e-17 1.154725e+01
782000 5.769263e-23 -2.599984e-20 1.577409e-17 8.357320e+00
783000 1.205661e-21 -2.652631e-20 1.577505e-17 1.746514e+02
784000 1.536105e-25 -2.484564e-20 1.587896e-17 2.225193e-02
785000 5.080623e-22 -2.500356e-20 1.587785e-17 7.359761e+01
786000 1.109409e-21 -2.550257e-20 1.587829e-17 1.607083e+02
787000 9.860438e-22 -2.583133e-20 1.588281e-17 1.428377e+02
788000 1.777546e-22 -2.448598e-20 1.588665e-17 2.574942e+01
789000 1.144641e-21 -4.100770e-20 1.609869e-17 1.658120e+02
790000 7.970620e-22 -8.202355e-22 1.620054e-17 1.154619e+02
791000 3.808647e-22 -1.167934e-21 1.620040e-17 5.517183e+01
792000 2.204451e-21 -8.430129e-22 1.620160e-17 3.193355e+02
793000 9.220258e-22 -1.041587e-21 1.619989e-17 1.335641e+02
794000 7.506503e-23 -3.236791e-20 1.626825e-17 1.087388e+01
795000 5.428500e-23 -3.245433e-20 1.626891e-17 7.863693e+00
796000 1.073069e-21 -3.143374e-20 1.627895e-17 1.554441e+02
797000 6.844403e-23 -3.193088e-20 1.626822e-17 9.914761e+00
798000 6.051165e-21 -3.266009e-20 1.628081e-17 8.765683e+02
799000 1.713652e-21 -3.190968e-20 1.626991e-17 2.482386e+02
800000 2.732469e-23 -3.176521e-20 1.626882e-17 3.958238e+00
801000 6.227744e-23 -3.250849e-20 1.626974e-17 9.021474e+00
802000 4.590589e-22 -3.201358e-20 1.626848e-17 6.649900e+01
803000 3.924426e-21 -3.242634e-20 1.627249e-17 5.684900e+02
804000 1.362160e-22 -3.268641e-20 1.627635e-17 1.973217e+01
805000 3.939871e-22 -3.248231e-20 1.626963e-17 5.707274e+01
806000 4.737864e-21 -3.232361e-20 1.627275e-17 6.863241e+02
807000 4.283376e-22 -3.205661e-20 1.626840e-17 6.204873e+01
808000 1.316048e-22 -3.162734e-20 1.627064e-17 1.906420e+01
809000 6.133015e-22 -9.841308e-21 1.639598e-17 8.884249e+01
810000 4.529953e-21 -7.574406e-21 1.651959e-17 6.562063e+02
811000 5.897647e-22 -7.772131e-21 1.649989e-17 8.543297e+01
812000 2.775291e-21 -7.911447e-21 1.650299e-17 4.020270e+02
813000 6.995099e-23 -7.609588e-21 1.651101e-17 1.013306e+01
814000 3.890059e-22 -7.869016e-21 1.649926e-17 5.635116e+01
815000 4.210224e-20 -3.243696e-20 1.661247e-17 6.098906e+03
816000 1.179361e-21 -4.063266e-20 1.656567e-17 1.708416e+02
817000 4.058259e-21 -4.060243e-20 1.657013e-17 5.878770e+02
818000 8.056867e-23 -4.064301e-20 1.656480e-17 1.167113e+01
819000 4.007547e-22 -4.066628e-20 1.656715e-17 5.805308e+01
820000 1.699554e-20 -4.068786e-20 1.658767e-17 2.461964e+03
821000 9.526017e-22 3.368993e-20 1.683465e-17 1.379933e+02
822000 2.754469e-21 3.681875e-20 1.683957e-17 3.990107e+02
823000 7.605810e-21 3.140622e-20 1.683997e-17 1.101773e+03
824000 4.873628e-25 3.461717e-20 1.683462e-17 7.059909e-02
825000 1.972807e-21 3.300701e-20 1.683502e-17 2.857796e+02
826000 1.962467e-22 3.201620e-20 1.683253e-17 2.842818e+01
827000 1.800631e-21 3.395243e-20 1.683576e-17 2.608384e+02
828000 5.883724e-22 4.037919e-20 1.684097e-17 8.523128e+01
829000 9.609274e-23 3.078956e-20 1.683342e-17 1.391994e+01
830000 1.760144e-21 3.404701e-20 1.683581e-17 2.549734e+02
831000 3.589454e-22 3.273158e-20 1.683317e-17 5.199662e+01
832000 1.816312e-22 3.115752e-20 1.683278e-17 2.631099e+01
833000 7.425692e-22 3.206926e-20 1.683310e-17 1.075681e+02
834000 1.089530e-20 3.410947e-20 1.684501e-17 1.578286e+03
835000 3.158013e-22 3.232913e-20 1.683282e-17 4.574679e+01
836000 1.693437e-22 3.135847e-20 1.683256e-17 2.453102e+01
837000 1.322984e-21 3.622724e-20 1.683755e-17 1.916467e+02
838000 3.940003e-25 3.133425e-20 1.683241e-17 5.707465e-02
839000 6.871659e-21 3.505185e-20 1.684192e-17 9.954244e+02
840000 3.746631e-22 3.692227e-20 1.683730e-17 5.427347e+01
841000 9.825714e-21 3.663890e-20 1.684646e-17 1.423347e+03
842000 1.545862e-21 3.475368e-20 1.683630e-17 2.239326e+02
843000 4.385321e-23 3.843022e-20 1.683847e-17 6.352551e+00
844000 4.017371e-22 3.091569e-20 1.683341e-17 5.819539e+01
845000 1.737166e-21 3.666493e-20 1.683840e-17 2.516449e+02
846000 4.637174e-21 3.342119e-20 1.683807e-17 6.717383e+02
847000 5.467967e-23 3.236815e-20 1.683258e-17 7.920865e+00
848000 2.033749e-21 3.090516e-20 1.683507e-17 2.946077e+02
849000 1.456428e-21 -9.621702e-21 1.689183e-17 2.109773e+02
850000 5.993159e-22 -1.259055e-20 1.689149e-17 8.681655e+01
851000 7.741224e-23 -1.007186e-20 1.689001e-17 1.121389e+01
852000 4.292723e-21 -7.780007e-21 1.689651e-17 6.218413e+02
853000 6.408463e-21 -1.092327e-20 1.689550e-17 9.283262e+02
854000 2.980028e-21 -7.215511e-21 1.689579e-17 4.316851e+02
855000 4.028034e-22 -1.249918e-20 1.689066e-17 5.834987e+01
856000 1.232295e-20 -1.018116e-20 1.690214e-17 1.785096e+03
857000 3.966162e-21 -6.441698e-21 1.689784e-17 5.745360e+02
858000 4.430728e-21 -1.959540e-20 1.698484e-17 6.418326e+02
859000 2.493154e-24 -1.973631e-20 1.698027e-17 3.611569e-01
860000 6.823914e-21 -1.796934e-20 1.698888e-17 9.885082e+02
861000 5.617105e-21 -2.143365e-20 1.698591e-17 8.136906e+02
862000 2.662486e-21 -1.794848e-20 1.698475e-17 3.856862e+02
863000 2.423767e-21 -2.159473e-20 1.698380e-17 3.511055e+02
864000 3.929191e-21 -1.828145e-20 1.698565e-17 5.691803e+02
865000 1.228055e-21 -2.042046e-20 1.698083e-17 1.778953e+02
866000 1.062001e-21 -2.139945e-20 1.698119e-17 1.538409e+02
867000 6.212657e-23 -2.064012e-20 1.697948e-17 8.999619e+00
868000 1.761481e-21 -2.106189e-20 1.698112e-17 2.551671e+02
869000 6.433394e-23 -2.103367e-20 1.697940e-17 9.319377e+00
870000 9.270956e-23 -2.107027e-20 1.697945e-17 1.342985e+01
871000 3.219990e-21 -2.163122e-20 1.698493e-17 4.664458e+02
872000 1.053751e-21 -1.891048e-20 1.698214e-17 1.526458e+02
873000 1.221447e-21 -2.160822e-20 1.698272e-17 1.769381e+02
874000 1.058671e-21 -1.805262e-20 1.708303e-17 1.533584e+02
875000 4.922078e-23 -1.780064e-20 1.708231e-17 7.130093e+00
876000 1.057876e-21 -1.814674e-20 1.708292e-17 1.532433e+02
877000 1.706563e-21 -1.733175e-20 1.708479e-17 2.472117e+02
878000 2.496434e-21 -1.781004e-20 1.708475e-17 3.616319e+02
879000 4.734883e-21 -1.652969e-20 1.709332e-17 6.858924e+02
