step K U E temp
0 1.569465e-23 -3.987112e-20 -3.985542e-20 2.273518e+00
1000 3.855409e-22 -4.043340e-20 1.995214e-20 5.584923e+01
2000 2.279767e-24 -4.085217e-20 5.915011e-20 3.302456e-01
3000 5.386421e-23 -3.731634e-20 1.027375e-19 7.802738e+00
4000 5.519608e-22 -4.106749e-20 1.394845e-19 7.995672e+01
5000 6.873007e-22 -3.987939e-20 1.808109e-19 9.956198e+01
6000 6.739059e-21 -4.109801e-20 2.256808e-19 9.762162e+02
7000 5.308775e-23 -3.844876e-20 2.616057e-19 7.690261e+00
8000 3.535552e-21 -3.512461e-20 3.084109e-19 5.121580e+02
9000 6.586614e-22 -3.393505e-20 3.469072e-19 9.541330e+01
10000 2.424304e-21 -3.654344e-20 3.866131e-19 3.511833e+02
11000 5.027749e-21 -4.096329e-20 4.240645e-19 7.283168e+02
12000 3.310375e-21 -3.888103e-20 4.644293e-19 4.795390e+02
13000 1.405928e-21 -4.020389e-20 5.012020e-19 2.036619e+02
14000 7.916504e-21 -4.053357e-20 5.474880e-19 1.146780e+03
15000 4.569287e-23 -3.822092e-20 5.818440e-19 6.619042e+00
16000 1.805681e-22 -3.745450e-20 6.227356e-19 2.615699e+01
17000 1.187817e-22 -3.699490e-20 6.649488e-19 1.720665e+01
18000 1.803396e-22 -2.891623e-20 7.112641e-19 2.612388e+01
19000 5.814287e-21 -3.992852e-20 7.472818e-19 8.422541e+02
20000 4.193489e-24 -3.942536e-20 7.806561e-19 6.074664e-01
21000 1.218017e-22 -3.913430e-20 8.303025e-19 1.764412e+01
22000 1.470036e-22 -3.936628e-20 8.609842e-19 2.129485e+01
23000 7.939967e-21 -4.105129e-20 9.088959e-19 1.150179e+03
24000 5.797136e-22 -3.411440e-20 9.464653e-19 8.397697e+01
25000 2.542043e-21 -3.565405e-20 9.868880e-19 3.682389e+02
26000 6.875789e-22 -3.635806e-20 1.024850e-18 9.960227e+01
27000 3.106555e-23 -3.526427e-20 1.070210e-18 4.500138e+00
28000 8.627738e-21 -3.486059e-20 1.119430e-18 1.249809e+03
29000 1.820879e-21 -1.933116e-20 1.162490e-18 2.637715e+02
30000 1.499352e-21 -1.999033e-20 1.203683e-18 2.171953e+02
31000 1.860929e-21 -1.712751e-20 1.244733e-18 2.695731e+02
32000 7.659841e-22 -2.483008e-20 1.275936e-18 1.109600e+02
33000 1.077262e-22 -2.372632e-20 1.316426e-18 1.560516e+01
34000 3.539887e-21 -2.306761e-20 1.362758e-18 5.127860e+02
35000 7.401774e-21 -2.178565e-20 1.405622e-18 1.072217e+03
36000 4.535168e-22 -2.074883e-20 1.440882e-18 6.569617e+01
37000 9.545255e-22 -2.661382e-20 1.474341e-18 1.382720e+02
38000 2.473530e-23 -2.530876e-20 1.521003e-18 3.583140e+00
39000 3.537070e-21 -3.253640e-20 1.551001e-18 5.123778e+02
40000 4.176552e-21 -3.119178e-20 1.592985e-18 6.050129e+02
41000 1.205871e-21 -2.757552e-20 1.633792e-18 1.746818e+02
42000 4.335158e-22 -2.803147e-20 1.679332e-18 6.279884e+01
43000 2.829652e-23 -3.319223e-20 1.708010e-18 4.099017e+00
44000 1.615759e-22 -4.002701e-20 1.752443e-18 2.340579e+01
45000 1.909842e-21 -3.972133e-20 1.790259e-18 2.766586e+02
46000 2.423182e-21 -4.028411e-20 1.838485e-18 3.510207e+02
47000 4.680722e-23 -4.103307e-20 1.868247e-18 6.780466e+00
48000 2.631488e-22 -4.069058e-20 1.904454e-18 3.811957e+01
49000 1.535058e-21 -4.078674e-20 1.941096e-18 2.223676e+02
50000 5.991831e-22 -4.090104e-20 1.994119e-18 8.679732e+01
51000 7.288314e-22 -3.195582e-20 2.028774e-18 1.055781e+02
52000 6.650514e-23 -2.373493e-20 2.076332e-18 9.633895e+00
53000 4.691082e-22 -3.303300e-20 2.110690e-18 6.795474e+01
54000 1.235697e-20 -2.708024e-20 2.165277e-18 1.790024e+03
55000 3.549240e-22 -2.878115e-20 2.191853e-18 5.141408e+01
56000 1.589099e-21 -3.807352e-20 2.229933e-18 2.301959e+02
57000 2.630522e-21 -3.441114e-20 2.281624e-18 3.810558e+02
58000 1.588337e-21 -4.056161e-20 2.311251e-18 2.300855e+02
59000 6.335228e-21 -4.109798e-20 2.354910e-18 9.177175e+02
60000 2.214733e-21 -4.099635e-20 2.397895e-18 3.208249e+02
61000 7.869332e-22 -3.829207e-20 2.441155e-18 1.139947e+02
62000 1.682933e-21 -4.002814e-20 2.485413e-18 2.437886e+02
63000 2.650933e-22 -3.949160e-20 2.525542e-18 3.840125e+01
64000 3.134464e-22 -3.010558e-20 2.550235e-18 4.540566e+01
65000 1.006801e-21 -3.373249e-20 2.596784e-18 1.458446e+02
66000 4.917453e-25 -2.948090e-20 2.636145e-18 7.123393e-02
67000 8.170182e-23 -3.788655e-20 2.670499e-18 1.183528e+01
68000 8.249536e-22 -1.595131e-20 2.724884e-18 1.195023e+02
69000 6.082542e-21 -1.786548e-20 2.769320e-18 8.811135e+02
70000 2.625229e-24 -7.640716e-21 2.812362e-18 3.802891e-01
71000 1.291787e-21 -1.490827e-20 2.846426e-18 1.871276e+02
72000 4.269582e-21 -2.282255e-20 2.896694e-18 6.184891e+02
73000 1.560001e-21 -1.852263e-20 2.925803e-18 2.259808e+02
74000 1.235342e-22 -1.665499e-20 2.970778e-18 1.789509e+01
75000 7.410040e-22 -1.019815e-20 3.010543e-18 1.073414e+02
76000 2.092625e-21 -1.280518e-20 3.049287e-18 3.031364e+02
77000 1.076078e-20 -8.252625e-21 3.103194e-18 1.558800e+03
78000 9.638285e-22 -9.380303e-21 3.131705e-18 1.396196e+02
79000 8.772740e-23 -1.425043e-20 3.167441e-18 1.270814e+01
80000 6.576262e-21 -1.549113e-20 3.220103e-18 9.526335e+02
81000 2.304297e-21 -3.870155e-21 3.258434e-18 3.337991e+02
82000 4.387513e-23 -5.857793e-21 3.294186e-18 6.355725e+00
83000 1.788334e-20 -6.270326e-21 3.354527e-18 2.590570e+03
84000 4.088771e-23 -4.110000e-20 3.338941e-18 5.922969e+00
85000 6.809859e-22 -3.211590e-20 3.388565e-18 9.864721e+01
86000 1.406823e-21 -2.921505e-20 3.432192e-18 2.037915e+02
87000 9.272660e-22 -3.869916e-20 3.462228e-18 1.343232e+02
88000 3.790922e-21 -4.055400e-20 3.503237e-18 5.491507e+02
89000 9.325888e-21 -3.908193e-20 3.551686e-18 1.350943e+03
90000 2.090086e-21 -4.090565e-20 3.581184e-18 3.027686e+02
91000 4.458175e-22 -4.075353e-20 3.620625e-18 6.458086e+01
92000 1.060020e-21 -4.033057e-20 3.662127e-18 1.535538e+02
93000 3.129692e-21 -3.846828e-20 3.704661e-18 4.533653e+02
94000 1.904004e-21 -3.748562e-20 3.744430e-18 2.758129e+02
95000 7.418021e-22 -3.907820e-20 3.782050e-18 1.074570e+02
96000 1.432767e-21 -4.091084e-20 3.821402e-18 2.075498e+02
97000 6.059279e-22 -3.795557e-20 3.862656e-18 8.777436e+01
98000 2.971126e-21 -3.681274e-20 3.906158e-18 4.303955e+02
99000 2.082507e-22 -3.384842e-20 3.946360e-18 3.016707e+01
100000 1.542201e-21 -3.539301e-20 3.986149e-18 2.234023e+02
101000 2.376131e-23 -4.103526e-20 4.019360e-18 3.442049e+00
102000 9.648141e-24 -4.103880e-20 4.059199e-18 1.397624e+00
103000 2.667656e-22 -3.306195e-20 4.107525e-18 3.864351e+01
104000 1.701229e-23 -3.109961e-20 4.148951e-18 2.464390e+00
105000 3.064676e-22 -4.082485e-20 4.198053e-18 4.439472e+01
106000 6.601854e-21 -3.617206e-20 4.230857e-18 9.563407e+02
107000 2.086392e-22 -4.067253e-20 4.280447e-18 3.022335e+01
108000 5.486874e-23 -3.456528e-20 4.305997e-18 7.948253e+00
109000 2.701593e-22 -3.832107e-20 4.347133e-18 3.913511e+01
110000 7.121317e-23 -3.744216e-20 4.383602e-18 1.031590e+01
111000 2.096440e-21 -3.993008e-20 4.422216e-18 3.036890e+02
112000 6.946025e-22 -3.926583e-20 4.471592e-18 1.006197e+02
113000 7.234613e-22 -3.958565e-20 4.503900e-18 1.048002e+02
114000 1.552948e-21 -4.025994e-20 4.557994e-18 2.249592e+02
115000 3.129893e-21 -2.805027e-20 4.595092e-18 4.533945e+02
116000 4.912159e-21 -2.690480e-20 4.638027e-18 7.115724e+02
117000 1.325667e-21 -3.434051e-20 4.683911e-18 1.920354e+02
118000 2.713151e-21 -3.889593e-20 4.726048e-18 3.930254e+02
119000 4.036445e-21 -3.985297e-20 4.763847e-18 5.847170e+02
120000 4.150260e-21 -3.693332e-20 4.790438e-18 6.012042e+02
121000 1.338089e-22 -3.387369e-20 4.826260e-18 1.938349e+01
122000 2.465330e-22 -3.503754e-20 4.865447e-18 3.571263e+01
123000 3.019424e-23 -2.969160e-20 4.910339e-18 4.373920e+00
124000 4.602445e-21 -4.003398e-20 4.944568e-18 6.667074e+02
125000 1.817888e-21 -3.956961e-20 4.983153e-18 2.633382e+02
126000 3.545895e-22 -4.049306e-20 5.019883e-18 5.136563e+01
127000 1.733427e-22 -4.072667e-20 5.061119e-18 2.511032e+01
128000 4.380206e-23 -4.017503e-20 5.112248e-18 6.345141e+00
129000 2.304415e-21 -3.163023e-20 5.150688e-18 3.338162e+02
130000 1.278115e-21 -3.600533e-20 5.186034e-18 1.851471e+02
131000 3.003815e-22 -3.265508e-20 5.229759e-18 4.351309e+01
132000 1.691475e-21 -3.793708e-20 5.270520e-18 2.450261e+02
133000 6.000468e-22 -3.421681e-20 5.322444e-18 8.692242e+01
134000 4.790744e-22 -4.108389e-20 5.345435e-18 6.939844e+01
135000 3.473059e-21 -4.058840e-20 5.401788e-18 5.031053e+02
136000 2.070552e-21 -4.109148e-20 5.429009e-18 2.999390e+02
137000 1.957247e-21 -4.109957e-20 5.489167e-18 2.835256e+02
138000 1.611176e-21 -3.890948e-20 5.519818e-18 2.333941e+02
139000 4.756936e-21 -3.974909e-20 5.560077e-18 6.890869e+02
140000 2.052701e-21 -4.085519e-20 5.600103e-18 2.973530e+02
141000 2.654973e-21 -4.106016e-20 5.640978e-18 3.845978e+02
142000 2.463643e-22 -3.634958e-20 5.679008e-18 3.568819e+01
143000 4.420624e-24 -4.099561e-20 5.718724e-18 6.403690e-01
144000 7.641477e-22 -3.708428e-20 5.757378e-18 1.106940e+02
145000 4.318860e-21 -3.503915e-20 5.800139e-18 6.256276e+02
146000 1.331368e-20 -3.675990e-20 5.863245e-18 1.928612e+03
147000 1.001166e-21 -3.952423e-20 5.885858e-18 1.450284e+02
148000 1.160491e-21 -3.770816e-20 5.921259e-18 1.681080e+02
149000 2.707281e-21 -4.093774e-20 5.963244e-18 3.921751e+02
150000 2.510288e-22 -4.101438e-20 6.000979e-18 3.636388e+01
151000 1.076399e-21 -4.107806e-20 6.050242e-18 1.559266e+02
152000 1.815646e-21 -2.099350e-20 6.080822e-18 2.630134e+02
153000 1.313523e-23 -3.029549e-20 6.110190e-18 1.902762e+00
154000 1.508617e-21 -2.504517e-20 6.156463e-18 2.185374e+02
155000 4.753926e-21 -2.205480e-20 6.202770e-18 6.886509e+02
156000 6.119463e-21 -2.391033e-20 6.242240e-18 8.864619e+02
157000 2.363883e-21 -2.066586e-20 6.293343e-18 3.424307e+02
158000 1.927455e-21 -1.340422e-20 6.328523e-18 2.792099e+02
159000 5.966160e-22 -1.993581e-20 6.362074e-18 8.642545e+01
160000 3.679845e-22 -1.823000e-20 6.402138e-18 5.330602e+01
161000 1.028213e-21 -1.619024e-20 6.444838e-18 1.489464e+02
162000 4.497034e-21 -1.900652e-20 6.486602e-18 6.514376e+02
163000 1.658113e-23 -1.693491e-20 6.524057e-18 2.401933e+00
164000 1.545943e-21 -3.576119e-21 6.582354e-18 2.239444e+02
165000 1.889988e-21 -4.358364e-26 6.621890e-18 2.737825e+02
166000 4.439140e-22 -1.510689e-20 6.645365e-18 6.430512e+01
167000 1.139846e-21 -1.439365e-20 6.687853e-18 1.651175e+02
168000 2.524674e-21 -6.181845e-21 6.736343e-18 3.657227e+02
169000 3.837004e-22 -1.756823e-20 6.767141e-18 5.558261e+01
170000 6.721697e-22 -1.161475e-20 6.809057e-18 9.737011e+01
171000 5.475989e-25 -1.004935e-20 6.849951e-18 7.932485e-02
172000 1.385628e-21 -8.903213e-21 6.892483e-18 2.007212e+02
173000 4.476371e-22 -6.568798e-21 6.937825e-18 6.484444e+01
174000 3.652413e-22 -1.797103e-20 6.985082e-18 5.290864e+01
175000 1.603113e-21 -7.208684e-21 7.014708e-18 2.322260e+02
176000 4.329268e-21 -8.201808e-21 7.056437e-18 6.271352e+02
177000 3.255134e-21 -3.760328e-20 7.102720e-18 4.715367e+02
178000 1.177845e-21 -2.601784e-20 7.115670e-18 1.706220e+02
179000 1.685717e-22 -2.986390e-20 7.159085e-18 2.441920e+01
180000 1.035464e-21 -2.778597e-20 7.207382e-18 1.499967e+02
181000 6.872716e-22 -2.308628e-20 7.238370e-18 9.955776e+01
182000 5.218407e-23 -2.462197e-20 7.285114e-18 7.559354e+00
183000 7.589833e-21 -3.152337e-20 7.325026e-18 1.099459e+03
184000 1.477404e-21 -2.849791e-20 7.362322e-18 2.140158e+02
185000 2.069551e-21 -3.353126e-20 7.402841e-18 2.997939e+02
186000 2.256900e-21 -2.530308e-20 7.454649e-18 3.269332e+02
187000 2.119156e-23 -2.738249e-20 7.489100e-18 3.069797e+00
188000 3.218505e-22 -2.329041e-20 7.536210e-18 4.662308e+01
189000 9.744185e-22 -2.451190e-20 7.584170e-18 1.411537e+02
190000 6.043560e-21 -2.010913e-20 7.627691e-18 8.754665e+02
191000 1.553866e-22 -3.247072e-20 7.638628e-18 2.250921e+01
192000 9.074490e-21 -3.515892e-20 7.705635e-18 1.314525e+03
193000 6.329954e-22 -3.150106e-20 7.738541e-18 9.169533e+01
194000 2.564267e-21 -3.595735e-20 7.760993e-18 3.714582e+02
195000 3.963962e-23 -2.205417e-20 7.818165e-18 5.742171e+00
196000 3.038704e-21 -2.424988e-20 7.875278e-18 4.401849e+02
197000 8.826920e-22 -9.158227e-21 7.903564e-18 1.278662e+02
198000 3.742052e-21 -1.269839e-20 7.931948e-18 5.420714e+02
199000 3.460968e-22 -1.036374e-20 7.979606e-18 5.013538e+01
200000 6.408074e-22 -1.377708e-20 8.017553e-18 9.282698e+01
201000 1.125838e-21 -1.568078e-20 8.053282e-18 1.630883e+02
202000 7.692662e-22 -1.702690e-20 8.107651e-18 1.114355e+02
203000 1.057768e-24 -1.943346e-20 8.135886e-18 1.532277e-01
204000 1.083271e-20 -1.891334e-20 8.198083e-18 1.569221e+03
205000 5.252468e-21 -3.050093e-20 8.214839e-18 7.608694e+02
206000 1.412133e-21 -2.645176e-20 8.249733e-18 2.045608e+02
207000 5.794027e-21 -3.280436e-20 8.296877e-18 8.393194e+02
208000 7.297903e-23 -3.412768e-20 8.337752e-18 1.057170e+01
209000 1.495762e-21 -3.371031e-20 8.389095e-18 2.166752e+02
210000 2.100805e-21 -2.664857e-20 8.429881e-18 3.043213e+02
211000 8.492950e-21 -3.336188e-20 8.477364e-18 1.230284e+03
212000 1.768780e-22 -2.962394e-20 8.494671e-18 2.562245e+01
213000 3.005789e-22 -2.871620e-20 8.534379e-18 4.354168e+01
214000 3.847596e-22 -2.473214e-20 8.613084e-18 5.573605e+01
215000 2.004453e-21 -4.107768e-20 8.617310e-18 2.903639e+02
216000 3.427401e-21 -4.046816e-20 8.647558e-18 4.964913e+02
217000 7.804915e-22 -3.916230e-20 8.702400e-18 1.130615e+02
218000 2.228539e-21 -4.008541e-20 8.722583e-18 3.228248e+02
219000 2.436091e-20 -4.071273e-20 8.796175e-18 3.528907e+03
220000 6.830768e-22 -2.272665e-20 8.797956e-18 9.895010e+01
221000 8.583994e-21 -2.644590e-20 8.842138e-18 1.243472e+03
222000 7.934935e-22 -3.097446e-20 8.878931e-18 1.149450e+02
223000 1.701948e-21 -2.495674e-20 8.918162e-18 2.465432e+02
224000 3.313233e-27 -2.406831e-20 8.967298e-18 4.799529e-04
225000 5.519732e-23 -1.695224e-20 9.003103e-18 7.995851e+00
226000 3.286750e-27 -1.479846e-20 9.046069e-18 4.761167e-04
227000 8.348551e-22 -1.459641e-21 9.099375e-18 1.209366e+02
228000 1.647107e-21 -3.952497e-20 9.131236e-18 2.385990e+02
229000 1.088050e-21 -3.309324e-20 9.164544e-18 1.576143e+02
230000 5.631918e-21 -1.047025e-20 9.215162e-18 8.158364e+02
231000 5.771517e-22 -1.232271e-20 9.251729e-18 8.360586e+01
232000 5.846422e-21 -3.928795e-20 9.296456e-18 8.469093e+02
233000 2.046035e-22 -3.849587e-20 9.327067e-18 2.963874e+01
234000 4.778285e-21 -2.777105e-20 9.358857e-18 6.921795e+02
235000 4.913814e-22 -2.850225e-20 9.402944e-18 7.118122e+01
236000 1.953007e-21 -3.012480e-20 9.451616e-18 2.829115e+02
237000 2.121135e-23 -1.902282e-20 9.481793e-18 3.072664e+00
238000 9.167116e-24 -2.057439e-20 9.522417e-18 1.327943e+00
239000 5.360882e-22 -2.926294e-20 9.579938e-18 7.765743e+01
240000 1.289568e-21 -7.286008e-21 9.614128e-18 1.868060e+02
241000 2.002381e-21 -4.391318e-21 9.658690e-18 2.900637e+02
242000 1.174181e-20 -2.054587e-20 9.714345e-18 1.700911e+03
243000 2.320899e-22 -4.030244e-20 9.720217e-18 3.362041e+01
244000 2.479870e-23 -3.986696e-20 9.774285e-18 3.592325e+00
245000 5.802078e-22 -4.086194e-20 9.822475e-18 8.404856e+01
246000 4.556088e-22 -4.015018e-20 9.867671e-18 6.599922e+01
247000 1.979003e-21 -4.058076e-20 9.903487e-18 2.866772e+02
248000 1.459906e-21 -4.035765e-20 9.949009e-18 2.114811e+02
249000 8.092431e-22 -3.573559e-20 9.970122e-18 1.172265e+02
250000 4.686552e-26 -3.826046e-20 1.000760e-17 6.788911e-03
251000 4.355105e-22 -3.855312e-20 1.005326e-17 6.308779e+01
252000 1.595764e-21 -3.880552e-20 1.011136e-17 2.311614e+02
253000 5.453062e-23 -3.657072e-20 1.013441e-17 7.899274e+00
254000 5.696710e-21 -3.842715e-20 1.020249e-17 8.252220e+02
255000 6.972046e-22 -3.472047e-20 1.022418e-17 1.009966e+02
256000 8.676295e-23 -3.640266e-20 1.026353e-17 1.256843e+01
257000 1.129719e-21 -3.785529e-20 1.031062e-17 1.636504e+02
258000 2.626390e-21 -3.559948e-20 1.035064e-17 3.804573e+02
259000 1.622928e-24 -2.870111e-20 1.039441e-17 2.350965e-01
260000 1.798425e-21 -3.092342e-20 1.042144e-17 2.605188e+02
261000 1.169529e-23 -3.479384e-20 1.048273e-17 1.694173e+00
262000 4.859949e-22 -3.503242e-20 1.053731e-17 7.040094e+01
263000 7.595310e-22 -4.086428e-20 1.054425e-17 1.100252e+02
264000 1.438226e-20 -4.045661e-20 1.059299e-17 2.083406e+03
265000 2.948756e-22 -3.567912e-20 1.060416e-17 4.271550e+01
266000 1.663118e-22 -3.209375e-20 1.065296e-17 2.409183e+01
267000 6.930228e-22 -3.810133e-20 1.069171e-17 1.003909e+02
268000 2.101903e-21 -3.739070e-20 1.073260e-17 3.044804e+02
269000 3.508305e-22 -3.476633e-20 1.077091e-17 5.082110e+01
270000 4.285757e-22 -3.884012e-20 1.082391e-17 6.208322e+01
271000 6.340976e-21 -3.658608e-20 1.086077e-17 9.185500e+02
272000 7.392544e-23 -3.357330e-20 1.090087e-17 1.070880e+01
273000 4.162969e-22 -3.215008e-20 1.095326e-17 6.030452e+01
274000 1.083679e-21 -8.363713e-21 1.098625e-17 1.569810e+02
275000 3.400664e-25 -2.717332e-20 1.101631e-17 4.926182e-02
276000 6.312611e-22 -2.346488e-20 1.106399e-17 9.144411e+01
277000 2.528774e-21 -3.648772e-20 1.111851e-17 3.663167e+02
278000 2.286327e-22 7.125013e-21 1.114735e-17 3.311959e+01
279000 1.764407e-25 -2.188976e-20 1.117829e-17 2.555909e-02
280000 3.684524e-21 -1.338528e-20 1.122653e-17 5.337379e+02
281000 2.509472e-25 -1.808682e-20 1.126012e-17 3.635206e-02
282000 7.267314e-22 -1.631691e-20 1.130603e-17 1.052739e+02
283000 7.110521e-22 -3.369233e-20 1.136238e-17 1.030026e+02
284000 4.648530e-21 -2.564390e-20 1.138158e-17 6.733833e+02
285000 4.952030e-21 -2.808223e-20 1.143862e-17 7.173481e+02
286000 1.650750e-23 -2.929724e-20 1.148185e-17 2.391267e+00
287000 2.137520e-22 2.460577e-21 1.150277e-17 3.096399e+01
288000 9.193061e-22 1.008851e-20 1.155255e-17 1.331701e+02
289000 6.672774e-22 -1.024463e-20 1.159538e-17 9.666141e+01
290000 9.607040e-22 -2.144127e-20 1.164083e-17 1.391670e+02
291000 2.016021e-23 -1.944827e-20 1.167765e-17 2.920396e+00
292000 6.160614e-25 -5.694693e-21 1.171084e-17 8.924229e-02
293000 1.603561e-21 1.434236e-20 1.175611e-17 2.322909e+02
294000 8.561876e-24 3.687952e-21 1.179619e-17 1.240268e+00
295000 6.848676e-22 1.736731e-20 1.184017e-17 9.920951e+01
296000 2.209996e-21 -5.050133e-22 1.187677e-17 3.201387e+02
297000 2.319358e-22 -3.870637e-21 1.192122e-17 3.359809e+01
298000 8.948712e-21 1.211160e-20 1.197309e-17 1.296305e+03
299000 5.940645e-21 2.123016e-20 1.200784e-17 8.605584e+02
300000 5.566181e-28 2.383088e-20 1.204857e-17 8.063137e-05
301000 4.137419e-22 2.699268e-20 1.209010e-17 5.993440e+01
302000 8.179996e-21 -2.652662e-20 1.212447e-17 1.184949e+03
303000 7.001362e-23 -2.503060e-20 1.215919e-17 1.014213e+01
304000 2.907574e-21 -3.505601e-20 1.218984e-17 4.211894e+02
305000 1.139943e-21 -3.562771e-20 1.223149e-17 1.651315e+02
306000 1.335613e-21 -4.109267e-20 1.227079e-17 1.934761e+02
307000 1.486756e-22 -4.069024e-20 1.231491e-17 2.153707e+01
308000 1.106587e-22 -4.099474e-20 1.234015e-17 1.602995e+01
309000 2.777747e-21 -4.092358e-20 1.239866e-17 4.023828e+02
310000 7.584266e-22 -3.716193e-20 1.242250e-17 1.098652e+02
311000 1.124944e-22 -3.748039e-20 1.247121e-17 1.629587e+01
312000 7.284626e-22 -3.795788e-20 1.251425e-17 1.055247e+02
313000 5.937264e-22 -3.586401e-20 1.257141e-17 8.600685e+01
314000 1.170623e-23 2.080629e-21 1.261142e-17 1.695758e+00
315000 1.838339e-20 -1.277697e-20 1.266262e-17 2.663007e+03
316000 2.972435e-21 -2.303407e-20 1.268927e-17 4.305851e+02
317000 3.714168e-22 -1.465240e-20 1.271966e-17 5.380322e+01
318000 7.926849e-23 -2.086179e-20 1.278451e-17 1.148279e+01
319000 1.213522e-21 3.436220e-20 1.281558e-17 1.757900e+02
320000 5.614716e-21 -1.796753e-20 1.285194e-17 8.133445e+02
321000 4.545521e-22 -1.587410e-20 1.288978e-17 6.584615e+01
322000 3.410640e-21 -6.268004e-21 1.293517e-17 4.940634e+02
323000 4.877312e-22 -7.535460e-21 1.298145e-17 7.065245e+01
324000 7.142272e-21 -1.164276e-20 1.302047e-17 1.034625e+03
325000 2.107670e-24 -9.460141e-21 1.305495e-17 3.053158e-01
326000 4.602128e-24 -1.702294e-20 1.310645e-17 6.666616e-01
327000 9.237864e-21 -4.100501e-20 1.311044e-17 1.338191e+03
328000 2.194117e-21 -3.925801e-20 1.315481e-17 3.178385e+02
329000 3.119147e-21 -3.702977e-20 1.319905e-17 4.518377e+02
330000 7.479058e-22 -3.691766e-20 1.325042e-17 1.083412e+02
331000 1.596961e-22 -3.981032e-20 1.327844e-17 2.313348e+01
332000 9.053863e-23 -4.105970e-20 1.331064e-17 1.311537e+01
333000 1.520703e-21 -3.773032e-20 1.337520e-17 2.202881e+02
334000 2.741951e-22 -4.109672e-20 1.339274e-17 3.971975e+01
335000 8.639985e-22 -3.990619e-20 1.342774e-17 1.251583e+02
336000 1.767497e-21 -3.943143e-20 1.346717e-17 2.560386e+02
337000 8.888508e-22 -4.074354e-20 1.351134e-17 1.287584e+02
338000 2.094565e-23 -4.094056e-20 1.355911e-17 3.034174e+00
339000 1.370882e-21 -4.109627e-20 1.361369e-17 1.985851e+02
340000 2.120434e-25 -4.029769e-20 1.363863e-17 3.071648e-02
341000 5.176114e-21 -4.106020e-20 1.368929e-17 7.498088e+02
342000 1.948081e-22 -3.851017e-20 1.372009e-17 2.821979e+01
343000 1.616194e-21 -4.050807e-20 1.376764e-17 2.341209e+02
344000 4.574629e-22 -4.085145e-20 1.381491e-17 6.626780e+01
345000 6.899211e-21 -3.903857e-20 1.386016e-17 9.994156e+02
346000 6.103864e-21 -3.077771e-20 1.387106e-17 8.842021e+02
347000 3.054328e-22 -3.091298e-20 1.392485e-17 4.424481e+01
348000 2.242910e-21 -2.682970e-20 1.397888e-17 3.249066e+02
349000 2.105996e-22 -3.265537e-20 1.400557e-17 3.050734e+01
350000 8.299597e-22 -3.448938e-20 1.404214e-17 1.202275e+02
351000 2.020667e-21 -3.000789e-20 1.409900e-17 2.927126e+02
352000 1.344812e-22 -4.015320e-20 1.414026e-17 1.948087e+01
353000 7.880037e-22 -3.945629e-20 1.417379e-17 1.141498e+02
354000 3.394070e-23 -3.987242e-20 1.421971e-17 4.916630e+00
355000 1.003170e-21 -3.484392e-20 1.426405e-17 1.453186e+02
356000 6.738229e-22 -2.471953e-20 1.429824e-17 9.760959e+01
357000 2.199291e-21 -3.221819e-20 1.434822e-17 3.185879e+02
358000 9.972764e-22 -4.010641e-20 1.434746e-17 1.444649e+02
359000 2.263721e-21 -3.963885e-20 1.439397e-17 3.279213e+02
360000 1.122986e-21 -4.072678e-20 1.445077e-17 1.626751e+02
361000 8.627120e-25 -4.013788e-20 1.448469e-17 1.249719e-01
362000 1.654545e-21 -4.041764e-20 1.452849e-17 2.396765e+02
363000 9.731022e-22 -3.903941e-20 1.456832e-17 1.409630e+02
364000 1.047835e-21 -3.795228e-20 1.461473e-17 1.517887e+02
365000 2.385303e-22 -4.097019e-20 1.465183e-17 3.455335e+01
366000 3.797694e-21 -3.937688e-20 1.469480e-17 5.501317e+02
367000 5.561151e-21 -4.057679e-20 1.473915e-17 8.055850e+02
368000 1.350348e-21 -4.097868e-20 1.477454e-17 1.956106e+02
369000 2.180684e-21 -3.979088e-20 1.480911e-17 3.158927e+02
370000 1.213069e-22 -4.077476e-20 1.486068e-17 1.757245e+01
371000 3.853116e-22 -4.035750e-20 1.490737e-17 5.581602e+01
372000 4.195211e-21 -3.840607e-20 1.494206e-17 6.077157e+02
373000 5.587591e-23 -4.118623e-22 1.493964e-17 8.094152e+00
374000 2.685285e-22 -5.194327e-21 1.497507e-17 3.889888e+01
375000 4.008612e-21 -5.895413e-21 1.502617e-17 5.806852e+02
376000 2.983260e-21 -4.581222e-21 1.505852e-17 4.321533e+02
377000 3.581144e-21 -5.026906e-21 1.511365e-17 5.187624e+02
378000 2.078475e-21 -1.058103e-21 1.514102e-17 3.010867e+02
379000 6.116461e-22 -3.455648e-21 1.517716e-17 8.860270e+01
380000 4.687703e-21 -2.249083e-21 1.522244e-17 6.790579e+02
381000 7.328841e-22 -2.199177e-22 1.526051e-17 1.061652e+02
382000 1.698087e-23 -1.329198e-21 1.529869e-17 2.459838e+00
383000 3.035546e-21 -1.072499e-21 1.534262e-17 4.397274e+02
384000 6.161881e-21 -3.030255e-21 1.538319e-17 8.926064e+02
385000 1.201810e-23 -5.753666e-22 1.541944e-17 1.740936e+00
386000 1.738702e-24 -8.968933e-22 1.546197e-17 2.518673e-01
387000 5.455672e-24 -1.699823e-23 1.550020e-17 7.903054e-01
388000 1.157175e-20 -6.237618e-23 1.555213e-17 1.676277e+03
389000 6.111088e-22 -4.666886e-21 1.557595e-17 8.852486e+01
390000 1.114279e-23 -5.127753e-21 1.561601e-17 1.614138e+00
391000 8.570680e-23 -5.666367e-21 1.566821e-17 1.241544e+01
392000 1.334616e-21 -4.041179e-21 1.571014e-17 1.933317e+02
393000 4.264768e-22 -4.240194e-21 1.575034e-17 6.177917e+01
394000 1.137137e-22 -5.149718e-21 1.579642e-17 1.647250e+01
395000 5.721008e-23 -1.359695e-20 1.580842e-17 8.287419e+00
396000 4.519134e-22 -1.213732e-20 1.584945e-17 6.546391e+01
397000 6.606607e-22 -1.103525e-20 1.588976e-17 9.570293e+01
398000 4.301670e-21 -2.300874e-20 1.595931e-17 6.231373e+02
399000 1.157202e-22 -2.226430e-20 1.596010e-17 1.676316e+01
400000 5.581524e-21 -1.393690e-20 1.601164e-17 8.085362e+02
401000 2.221487e-22 -3.116100e-20 1.603420e-17 3.218033e+01
402000 2.029485e-22 -3.086103e-20 1.608762e-17 2.939900e+01
403000 2.701212e-21 -2.805895e-20 1.612868e-17 3.912960e+02
404000 7.869255e-22 -1.749058e-20 1.616330e-17 1.139936e+02
405000 1.360830e-21 -2.566528e-20 1.619750e-17 1.971290e+02
406000 9.064081e-23 -2.085731e-20 1.624247e-17 1.313017e+01
407000 5.103372e-23 -8.514586e-21 1.629154e-17 7.392714e+00
408000 2.254964e-21 -2.654143e-20 1.633767e-17 3.266527e+02
409000 2.430671e-21 -4.084229e-20 1.635871e-17 3.521056e+02
410000 2.545404e-23 -3.882688e-20 1.638666e-17 3.687257e+00
411000 2.077560e-24 -3.693591e-20 1.644055e-17 3.009541e-01
412000 1.575189e-21 -4.104248e-20 1.648273e-17 2.281809e+02
413000 1.036998e-22 -3.908000e-20 1.651755e-17 1.502188e+01
414000 3.080430e-23 -3.603794e-20 1.655105e-17 4.462292e+00
415000 1.208676e-21 -3.570403e-20 1.660417e-17 1.750881e+02
416000 1.562122e-21 -3.977404e-20 1.664398e-17 2.262880e+02
417000 6.068821e-22 -3.768919e-20 1.667852e-17 8.791258e+01
418000 2.543187e-21 -3.818132e-20 1.673706e-17 3.684045e+02
419000 4.862127e-22 -3.356937e-20 1.677201e-17 7.043248e+01
420000 2.871432e-21 -2.949855e-20 1.680342e-17 4.159540e+02
421000 4.777912e-21 -2.998788e-20 1.685584e-17 6.921255e+02
422000 6.847381e-22 -1.939566e-20 1.688580e-17 9.919076e+01
423000 6.344651e-24 -1.523595e-20 1.693220e-17 9.190824e-01
424000 2.568185e-21 -2.557444e-20 1.698446e-17 3.720258e+02
425000 5.615069e-21 -1.528775e-20 1.703724e-17 8.133956e+02
426000 4.936031e-22 -4.025679e-20 1.703256e-17 7.150305e+01
427000 2.390898e-21 -4.045297e-20 1.708246e-17 3.463440e+02
428000 4.756125e-21 -3.672651e-20 1.712257e-17 6.889694e+02
429000 1.802595e-21 -3.771541e-20 1.716742e-17 2.611229e+02
430000 1.427421e-22 -4.078473e-20 1.720341e-17 2.067754e+01
431000 2.931400e-21 -2.422495e-20 1.724773e-17 4.246409e+02
432000 3.471456e-21 -3.589431e-20 1.728285e-17 5.028731e+02
433000 5.981687e-22 -3.196647e-20 1.731162e-17 8.665037e+01
434000 1.343846e-20 -3.085104e-20 1.737337e-17 1.946687e+03
435000 4.832122e-22 -2.838947e-20 1.740719e-17 6.999783e+01
436000 3.418910e-22 -4.096859e-20 1.744672e-17 4.952613e+01
437000 3.217610e-22 -4.068496e-20 1.748025e-17 4.661011e+01
438000 1.855954e-24 -4.108147e-20 1.752543e-17 2.688525e-01
439000 7.076947e-21 -4.093999e-20 1.757840e-17 1.025162e+03
440000 8.956523e-22 -3.545704e-20 1.761961e-17 1.297437e+02
441000 2.462830e-21 -4.109197e-20 1.764329e-17 3.567641e+02
442000 6.105709e-22 -4.107569e-20 1.769718e-17 8.844693e+01
443000 3.878295e-22 -4.109947e-20 1.773946e-17 5.618075e+01
444000 6.173516e-23 -3.852884e-20 1.775746e-17 8.942919e+00
445000 4.548355e-22 -3.921741e-20 1.781268e-17 6.588721e+01
446000 1.261087e-22 -4.061576e-20 1.785129e-17 1.826803e+01
447000 4.936105e-24 -2.600033e-20 1.787867e-17 7.150413e-01
448000 9.116268e-24 -2.719585e-20 1.792616e-17 1.320577e+00
449000 4.913235e-21 -2.618022e-20 1.798379e-17 7.117283e+02
450000 3.417374e-22 -2.551583e-20 1.802096e-17 4.950388e+01
451000 2.380049e-21 -3.012185e-20 1.805512e-17 3.447725e+02
452000 1.158676e-22 -2.382561e-20 1.810642e-17 1.678451e+01
453000 1.676136e-23 -3.451415e-20 1.811973e-17 2.428041e+00
454000 1.546833e-20 -3.157977e-20 1.818063e-17 2.240733e+03
455000 4.260433e-21 -3.729858e-20 1.821250e-17 6.171638e+02
456000 5.314079e-21 -3.545769e-20 1.826355e-17 7.697943e+02
457000 1.004580e-21 -3.895281e-20 1.829731e-17 1.455228e+02
458000 1.003824e-21 -3.616744e-20 1.833198e-17 1.454133e+02
459000 3.420546e-22 -3.687308e-20 1.838118e-17 4.954983e+01
460000 5.700646e-21 -3.273997e-20 1.841368e-17 8.257922e+02
461000 7.325632e-22 -2.755492e-20 1.846998e-17 1.061187e+02
462000 1.699940e-21 -3.342811e-20 1.849385e-17 2.462523e+02
463000 1.905322e-21 -3.415966e-20 1.854136e-17 2.760039e+02
464000 1.837450e-21 -2.948658e-20 1.858001e-17 2.661719e+02
465000 1.379146e-20 -3.219144e-20 1.863019e-17 1.997822e+03
466000 1.672411e-21 -3.969881e-20 1.865700e-17 2.422644e+02
467000 2.014847e-21 -4.027073e-20 1.870540e-17 2.918696e+02
468000 2.631165e-23 -3.035551e-20 1.874383e-17 3.811491e+00
469000 2.169558e-21 -3.622580e-20 1.879255e-17 3.142809e+02
470000 6.528632e-22 -3.987446e-20 1.882827e-17 9.457337e+01
471000 9.061099e-22 -3.767471e-20 1.886184e-17 1.312586e+02
472000 2.224093e-22 -3.665536e-20 1.890084e-17 3.221808e+01
473000 7.442189e-22 -2.263808e-20 1.894245e-17 1.078071e+02
474000 1.175302e-21 -3.218647e-20 1.897274e-17 1.702535e+02
475000 1.434523e-22 -3.262480e-20 1.902247e-17 2.078042e+01
476000 1.097834e-21 -4.021434e-20 1.905296e-17 1.590316e+02
477000 2.069455e-21 -4.043429e-20 1.910243e-17 2.997800e+02
478000 2.232704e-21 -4.095578e-20 1.915125e-17 3.234282e+02
479000 4.216661e-21 -4.097655e-20 1.919126e-17 6.108231e+02
480000 3.749312e-22 -3.941798e-20 1.920744e-17 5.431231e+01
481000 1.228641e-21 -3.865672e-20 1.925698e-17 1.779802e+02
482000 1.404672e-21 -3.435743e-20 1.930453e-17 2.034799e+02
483000 3.418247e-24 -4.066101e-20 1.934071e-17 4.951653e-01
484000 1.043920e-21 -4.090248e-20 1.938513e-17 1.512216e+02
485000 2.244019e-21 -3.621035e-20 1.943274e-17 3.250673e+02
486000 2.680127e-22 -3.953456e-20 1.946057e-17 3.882417e+01
487000 1.103650e-21 -3.981333e-20 1.951375e-17 1.598741e+02
488000 7.578256e-21 -4.001211e-20 1.956619e-17 1.097782e+03
489000 3.624749e-21 -1.793209e-20 1.958706e-17 5.250790e+02
490000 6.380789e-24 -3.907636e-20 1.962552e-17 9.243174e-01
491000 3.946882e-23 -2.935175e-20 1.967335e-17 5.717429e+00
492000 4.301740e-24 -2.788778e-20 1.970779e-17 6.231475e-01
493000 1.239163e-22 -2.065045e-20 1.974647e-17 1.795045e+01
494000 1.019152e-21 -2.454343e-20 1.977733e-17 1.476338e+02
495000 2.304465e-21 -2.422216e-20 1.983751e-17 3.338234e+02
496000 1.197696e-21 -3.184978e-20 1.987972e-17 1.734975e+02
497000 2.499845e-21 -2.696435e-20 1.992472e-17 3.621261e+02
498000 1.395938e-21 -1.696917e-20 1.995673e-17 2.022147e+02
499000 3.169301e-21 -1.040592e-20 1.997598e-17 4.591031e+02
500000 8.567705e-22 -4.566268e-21 2.001631e-17 1.241113e+02
501000 9.415113e-22 3.271239e-21 2.006421e-17 1.363868e+02
502000 4.723459e-22 9.606973e-21 2.011008e-17 6.842375e+01
503000 4.047575e-23 -5.697979e-21 2.014626e-17 5.863293e+00
504000 1.210894e-21 -1.267972e-20 2.017804e-17 1.754094e+02
505000 1.577966e-21 -9.921470e-21 2.023697e-17 2.285832e+02
506000 1.706874e-20 -1.655257e-21 2.027607e-17 2.472567e+03
507000 1.832615e-21 3.419140e-22 2.030760e-17 2.654716e+02
508000 1.475300e-22 1.432482e-20 2.035452e-17 2.137110e+01
509000 1.393742e-23 5.916953e-21 2.038835e-17 2.018966e+00
510000 8.225994e-22 -2.903538e-21 2.043608e-17 1.191613e+02
511000 2.332070e-22 1.529096e-21 2.048134e-17 3.378223e+01
512000 3.400571e-21 1.171636e-20 2.052432e-17 4.926047e+02
513000 2.059603e-21 3.824519e-21 2.057243e-17 2.983529e+02
514000 2.984452e-21 2.218388e-20 2.060517e-17 4.323259e+02
515000 4.666411e-22 -1.879647e-20 2.063685e-17 6.759736e+01
516000 1.522371e-21 -2.228928e-20 2.068467e-17 2.205298e+02
517000 8.514411e-23 -2.015635e-20 2.072726e-17 1.233393e+01
518000 1.524123e-21 -7.565863e-21 2.075284e-17 2.207835e+02
519000 2.307548e-23 -3.712580e-20 2.079043e-17 3.342700e+00
520000 6.190170e-21 -3.483587e-20 2.083399e-17 8.967044e+02
521000 6.555241e-22 -3.301239e-20 2.087779e-17 9.495884e+01
522000 3.343241e-26 -3.929976e-20 2.092782e-17 4.842999e-03
523000 2.037039e-21 -3.752950e-20 2.096696e-17 2.950842e+02
524000 3.721415e-21 -3.520832e-20 2.100894e-17 5.390820e+02
525000 1.391278e-22 -3.076422e-20 2.103466e-17 2.015398e+01
526000 3.041508e-22 -4.037040e-20 2.107266e-17 4.405910e+01
527000 8.749964e-23 -4.076245e-20 2.110478e-17 1.267515e+01
528000 2.361701e-22 -4.052649e-20 2.115704e-17 3.421146e+01
529000 2.198781e-20 -4.107645e-20 2.121132e-17 3.185142e+03
530000 4.268942e-21 -4.076781e-20 2.123995e-17 6.183964e+02
531000 8.369451e-22 -4.108734e-20 2.127716e-17 1.212394e+02
532000 1.589645e-21 -4.052689e-20 2.132237e-17 2.302750e+02
533000 2.694660e-22 -4.102615e-20 2.135308e-17 3.903469e+01
534000 1.310430e-23 -4.105647e-20 2.140623e-17 1.898282e+00
535000 5.965257e-23 -4.024342e-20 2.144284e-17 8.641236e+00
536000 1.055067e-22 -2.145410e-20 2.149611e-17 1.528364e+01
537000 4.554602e-22 -4.094677e-20 2.153583e-17 6.597770e+01
538000 1.948355e-21 -3.839658e-20 2.155972e-17 2.822375e+02
539000 2.498798e-21 -3.761988e-20 2.162601e-17 3.619744e+02
540000 6.429094e-22 -4.062380e-20 2.165833e-17 9.313147e+01
541000 3.627216e-21 -3.859273e-20 2.165840e-17 5.254364e+02
542000 5.310228e-23 -3.797072e-20 2.170300e-17 7.692365e+00
543000 8.791221e-25 -3.876058e-20 2.175078e-17 1.273491e-01
544000 5.623584e-23 -3.939183e-20 2.179547e-17 8.146290e+00
545000 1.612336e-21 -2.182776e-20 2.181984e-17 2.335620e+02
546000 1.293585e-23 -1.633660e-20 2.186503e-17 1.873879e+00
547000 7.774609e-21 -8.880605e-21 2.190227e-17 1.126225e+03
548000 4.100536e-21 -1.139151e-20 2.194152e-17 5.940013e+02
549000 1.278513e-20 -3.756165e-20 2.200471e-17 1.852047e+03
550000 2.694476e-23 -4.109954e-20 2.204387e-17 3.903203e+00
551000 3.823921e-21 -3.471441e-20 2.206579e-17 5.539309e+02
552000 2.873748e-24 -3.062313e-20 2.210921e-17 4.162894e-01
553000 2.671740e-21 -3.649156e-20 2.215840e-17 3.870267e+02
554000 5.418309e-22 -4.012273e-20 2.219614e-17 7.848931e+01
555000 5.328789e-24 -3.747462e-20 2.224958e-17 7.719253e-01
556000 7.759337e-21 -3.305857e-20 2.227462e-17 1.124013e+03
557000 1.677472e-23 -3.158471e-20 2.230721e-17 2.429976e+00
558000 2.977612e-21 -3.521017e-20 2.235385e-17 4.313351e+02
559000 5.962463e-22 -3.590828e-20 2.240244e-17 8.637189e+01
560000 8.666849e-22 -3.365272e-20 2.243413e-17 1.255475e+02
561000 1.244842e-21 -2.469698e-20 2.246569e-17 1.803271e+02
562000 1.808602e-22 -2.882169e-20 2.250191e-17 2.619931e+01
563000 1.631710e-21 -1.423547e-20 2.255054e-17 2.363686e+02
564000 5.756242e-23 -6.686422e-21 2.257653e-17 8.338458e+00
565000 2.270938e-21 -7.182143e-21 2.261946e-17 3.289668e+02
566000 4.208380e-22 -1.084103e-20 2.266835e-17 6.096234e+01
567000 2.191758e-23 -1.057837e-20 2.271336e-17 3.174967e+00
568000 2.457973e-21 -9.842518e-21 2.274457e-17 3.560605e+02
569000 1.264841e-22 -7.689994e-21 2.279487e-17 1.832241e+01
570000 3.309462e-21 -8.473971e-21 2.283308e-17 4.794067e+02
571000 1.632795e-21 -8.011693e-21 2.288225e-17 2.365257e+02
572000 1.663049e-22 -9.563437e-21 2.291840e-17 2.409083e+01
573000 5.138719e-21 -1.308130e-20 2.294844e-17 7.443918e+02
574000 1.125716e-22 -1.514169e-20 2.299049e-17 1.630706e+01
575000 5.429125e-22 -2.089657e-20 2.301851e-17 7.864599e+01
576000 2.148818e-22 -1.978055e-20 2.306375e-17 3.112765e+01
577000 5.816114e-21 -1.865360e-20 2.310813e-17 8.425188e+02
578000 2.113568e-22 -2.836679e-20 2.315449e-17 3.061702e+01
579000 2.309485e-22 -2.678520e-20 2.318449e-17 3.345506e+01
580000 8.224304e-21 -2.560020e-20 2.324878e-17 1.191368e+03
581000 5.317971e-21 -2.909474e-20 2.328617e-17 7.703581e+02
582000 1.207296e-21 -1.918013e-20 2.331058e-17 1.748882e+02
583000 2.288253e-21 -4.066401e-20 2.336498e-17 3.314750e+02
584000 1.561034e-21 -1.750136e-20 2.338398e-17 2.261305e+02
585000 2.204800e-21 -2.432272e-20 2.344165e-17 3.193861e+02
586000 4.773819e-21 -3.223456e-20 2.348292e-17 6.915325e+02
587000 3.044977e-21 -2.088698e-20 2.352128e-17 4.410936e+02
588000 5.499874e-22 -3.109943e-20 2.355832e-17 7.967085e+01
589000 9.543681e-22 -3.285770e-20 2.360639e-17 1.382492e+02
590000 7.100928e-22 -3.403404e-20 2.364671e-17 1.028636e+02
591000 6.536466e-21 -3.461005e-20 2.369201e-17 9.468686e+02
592000 2.093855e-21 -3.793909e-20 2.372976e-17 3.033146e+02
593000 5.821354e-22 -3.842494e-20 2.376429e-17 8.432779e+01
594000 7.276387e-23 -3.911363e-20 2.380617e-17 1.054053e+01
595000 8.160008e-22 -1.160366e-20 2.382951e-17 1.182054e+02
596000 1.190134e-23 -1.367415e-20 2.387391e-17 1.724022e+00
597000 1.997958e-21 -1.221127e-20 2.391329e-17 2.894230e+02
598000 9.284857e-21 -1.836284e-20 2.396796e-17 1.344999e+03
599000 4.128593e-21 -1.478951e-20 2.400580e-17 5.980655e+02
600000 1.285138e-22 -1.247164e-20 2.404217e-17 1.861643e+01
601000 3.667717e-21 -1.308092e-20 2.409135e-17 5.313033e+02
602000 1.040003e-21 -1.390196e-20 2.413411e-17 1.506543e+02
603000 2.655277e-21 -4.251571e-21 2.414232e-17 3.846419e+02
604000 1.287314e-21 -1.426102e-21 2.417988e-17 1.864796e+02
605000 1.065414e-21 -1.225498e-22 2.422094e-17 1.543352e+02
606000 1.361880e-21 -2.577170e-21 2.425995e-17 1.972811e+02
607000 7.584898e-24 -2.933193e-21 2.429820e-17 1.098744e+00
608000 9.444180e-23 -5.670723e-22 2.434048e-17 1.368078e+01
609000 3.631929e-21 -1.845116e-21 2.438194e-17 5.261191e+02
610000 1.857821e-21 -7.110644e-22 2.442596e-17 2.691228e+02
611000 2.699036e-21 -1.310001e-22 2.446472e-17 3.909807e+02
612000 5.420110e-22 -3.738372e-22 2.450041e-17 7.851539e+01
613000 3.088724e-22 -1.454249e-23 2.454114e-17 4.474307e+01
614000 5.658328e-21 -3.439899e-21 2.459786e-17 8.196621e+02
615000 1.715645e-21 -2.696889e-21 2.462067e-17 2.485273e+02
616000 2.089842e-21 -3.842111e-21 2.466094e-17 3.027333e+02
617000 2.408332e-21 -8.134865e-22 2.470206e-17 3.488696e+02
618000 6.007642e-21 -2.061392e-22 2.474724e-17 8.702635e+02
619000 1.142024e-21 -3.200157e-21 2.478803e-17 1.654330e+02
620000 4.529724e-21 -1.519173e-21 2.483723e-17 6.561731e+02
621000 5.525006e-21 -6.948490e-23 2.486883e-17 8.003491e+02
622000 4.104135e-21 -1.535673e-20 2.491435e-17 5.945226e+02
623000 1.098124e-21 -1.755385e-20 2.496039e-17 1.590736e+02
624000 1.807885e-21 -1.205281e-20 2.497669e-17 2.618892e+02
625000 4.585435e-23 -1.102313e-20 2.501176e-17 6.642435e+00
626000 8.997255e-22 -1.069898e-20 2.506956e-17 1.303337e+02
627000 3.591210e-23 -9.814282e-21 2.510627e-17 5.202205e+00
628000 3.619065e-21 -7.779920e-21 2.514081e-17 5.242556e+02
629000 2.308061e-21 -8.313720e-21 2.519461e-17 3.343443e+02
630000 3.456643e-21 -4.841705e-21 2.524274e-17 5.007273e+02
631000 4.900793e-21 -6.882680e-22 2.527444e-17 7.099260e+02
632000 6.550650e-22 -2.358109e-21 2.529940e-17 9.489234e+01
633000 7.537777e-25 -1.646299e-21 2.533864e-17 1.091918e-01
634000 1.003043e-21 -4.148161e-22 2.539681e-17 1.453002e+02
635000 1.410373e-21 -2.173837e-21 2.542698e-17 2.043057e+02
636000 2.732277e-21 -1.666226e-21 2.548094e-17 3.957961e+02
637000 3.031146e-21 -4.505028e-21 2.552002e-17 4.390900e+02
638000 1.088502e-23 -8.801303e-21 2.556147e-17 1.576798e+00
639000 6.819792e-22 -1.277256e-20 2.562560e-17 9.879111e+01
640000 1.696869e-23 -5.413760e-21 2.564085e-17 2.458074e+00
641000 4.207205e-21 -6.427558e-21 2.568352e-17 6.094533e+02
642000 6.573429e-22 -1.334841e-21 2.572040e-17 9.522231e+01
643000 1.093964e-20 -8.980836e-22 2.577434e-17 1.584710e+03
644000 3.653443e-22 -6.964315e-21 2.579647e-17 5.292356e+01
645000 9.967023e-22 -1.043782e-20 2.585034e-17 1.443817e+02
646000 2.602074e-22 -9.203069e-21 2.588887e-17 3.769349e+01
647000 6.268738e-21 -3.006055e-21 2.592582e-17 9.080857e+02
648000 5.146516e-21 -2.747407e-22 2.595157e-17 7.455212e+02
649000 5.721372e-21 -1.222903e-21 2.599227e-17 8.287946e+02
650000 1.310587e-22 -9.808831e-22 2.603672e-17 1.898509e+01
651000 2.955378e-21 -2.386094e-23 2.607926e-17 4.281143e+02
652000 9.048232e-22 -1.396421e-23 2.612093e-17 1.310722e+02
653000 1.555825e-21 -1.581161e-22 2.616277e-17 2.253759e+02
654000 2.845134e-21 -3.146641e-22 2.620219e-17 4.121444e+02
655000 3.031446e-21 -7.260850e-23 2.624815e-17 4.391335e+02
656000 3.603106e-21 -5.477655e-23 2.628498e-17 5.219438e+02
657000 1.775022e-21 -1.863130e-21 2.630962e-17 2.571286e+02
658000 4.235437e-21 -2.124155e-21 2.636729e-17 6.135429e+02
659000 1.726624e-21 -4.192995e-22 2.640612e-17 2.501177e+02
660000 5.583758e-21 -3.570051e-24 2.644711e-17 8.088599e+02
661000 1.318825e-21 -2.560280e-24 2.650079e-17 1.910443e+02
662000 7.933023e-22 -5.568768e-21 2.650503e-17 1.149173e+02
663000 5.709970e-22 -2.107087e-20 2.654819e-17 8.271429e+01
664000 5.886132e-23 -2.144074e-20 2.658304e-17 8.526617e+00
665000 2.305097e-21 -2.266508e-20 2.661695e-17 3.339150e+02
666000 6.712344e-24 -2.256548e-20 2.667397e-17 9.723462e-01
667000 1.580172e-24 -2.389757e-20 2.671583e-17 2.289028e-01
668000 1.542451e-22 -1.171035e-20 2.675728e-17 2.234385e+01
669000 5.140074e-21 -1.474636e-20 2.679213e-17 7.445881e+02
670000 5.918662e-24 -1.292019e-20 2.682680e-17 8.573739e-01
671000 4.195366e-23 -1.343066e-20 2.688094e-17 6.077382e+00
672000 1.855024e-21 -1.426337e-20 2.691657e-17 2.687177e+02
673000 3.420201e-24 -9.523480e-21 2.695129e-17 4.954482e-01
674000 2.093481e-23 -6.733034e-21 2.699122e-17 3.032604e+00
675000 4.224499e-22 -7.320254e-21 2.703430e-17 6.119585e+01
676000 2.674798e-21 -1.235779e-20 2.707524e-17 3.874697e+02
677000 3.455754e-22 -6.345886e-21 2.712677e-17 5.005985e+01
678000 2.188014e-22 -1.652926e-20 2.714827e-17 3.169544e+01
679000 3.018076e-21 -1.601467e-20 2.720151e-17 4.371966e+02
680000 6.841269e-22 -2.158940e-20 2.723960e-17 9.910222e+01
681000 7.443872e-21 -2.102937e-21 2.727850e-17 1.078315e+03
682000 1.978918e-21 -2.543681e-21 2.732155e-17 2.866649e+02
683000 2.959913e-21 -5.438333e-21 2.736723e-17 4.287712e+02
684000 2.043010e-21 -1.208906e-20 2.741656e-17 2.959493e+02
685000 6.461952e-22 -5.896094e-22 2.744804e-17 9.360745e+01
686000 2.910804e-22 -3.862221e-21 2.747906e-17 4.216573e+01
687000 3.362471e-21 -1.688705e-21 2.751786e-17 4.870855e+02
688000 3.790387e-21 -8.615762e-22 2.757099e-17 5.490733e+02
689000 9.819687e-23 -1.788784e-22 2.762023e-17 1.422474e+01
690000 3.858771e-25 -2.078948e-21 2.764978e-17 5.589793e-02
691000 6.798802e-22 -1.223740e-21 2.768794e-17 9.848705e+01
692000 2.167394e-21 -1.478377e-21 2.774269e-17 3.139674e+02
693000 2.382416e-21 -2.954938e-21 2.776613e-17 3.451154e+02
694000 5.573861e-22 -7.939291e-21 2.780582e-17 8.074262e+01
695000 1.218880e-21 -7.062239e-21 2.784936e-17 1.765663e+02
696000 5.037510e-21 -2.488631e-21 2.790258e-17 7.297308e+02
697000 2.681507e-21 -1.109605e-21 2.794696e-17 3.884415e+02
698000 6.363952e-26 -1.882793e-21 2.797318e-17 9.218783e-03
699000 9.265035e-22 -2.016301e-24 2.800457e-17 1.342128e+02
700000 3.679166e-21 -3.517651e-23 2.805466e-17 5.329619e+02
701000 3.029985e-22 -7.302432e-22 2.809841e-17 4.389218e+01
702000 9.141167e-23 -5.398126e-22 2.814153e-17 1.324184e+01
703000 2.354880e-21 -3.308636e-22 2.818461e-17 3.411265e+02
704000 7.545855e-21 -1.141271e-22 2.823094e-17 1.093088e+03
705000 1.087224e-21 -6.904368e-22 2.827962e-17 1.574947e+02
706000 1.452343e-23 -2.350255e-20 2.828100e-17 2.103856e+00
707000 6.261721e-22 -1.853810e-20 2.831463e-17 9.070692e+01
708000 2.525830e-21 -2.033298e-20 2.836198e-17 3.658902e+02
709000 1.597369e-22 -1.380253e-20 2.841097e-17 2.313939e+01
710000 9.543014e-22 -1.998981e-20 2.845674e-17 1.382395e+02
711000 3.516797e-21 -1.660616e-20 2.849624e-17 5.094412e+02
712000 1.312969e-21 -1.446605e-20 2.853939e-17 1.901958e+02
713000 9.540963e-22 -8.566447e-21 2.855992e-17 1.382098e+02
714000 5.082337e-21 -1.105279e-20 2.860622e-17 7.362243e+02
715000 4.397091e-23 -8.901874e-21 2.865302e-17 6.369600e+00
716000 1.728339e-21 -4.426469e-21 2.868592e-17 2.503662e+02
717000 4.518396e-21 -4.049251e-21 2.873438e-17 6.545322e+02
718000 1.204985e-21 -3.412263e-21 2.876711e-17 1.745534e+02
719000 1.031253e-21 -5.913691e-21 2.881278e-17 1.493866e+02
720000 1.353607e-21 -7.511694e-21 2.885339e-17 1.960828e+02
721000 5.199419e-21 -3.190469e-20 2.886690e-17 7.531847e+02
722000 2.376155e-24 -3.166421e-20 2.892644e-17 3.442084e-01
723000 1.653299e-21 -3.243320e-20 2.895315e-17 2.394960e+02
724000 2.480768e-23 -3.311915e-20 2.900060e-17 3.593626e+00
725000 1.104575e-23 -3.366051e-20 2.905920e-17 1.600081e+00
726000 7.399510e-21 -2.742778e-20 2.907831e-17 1.071889e+03
727000 6.733750e-21 -2.971852e-20 2.912237e-17 9.754471e+02
728000 1.012593e-21 -2.559215e-20 2.914207e-17 1.466836e+02
729000 1.024049e-22 -2.579153e-20 2.919591e-17 1.483431e+01
730000 4.921593e-21 -3.091649e-20 2.924516e-17 7.129391e+02
731000 1.217094e-20 -3.045952e-20 2.929579e-17 1.763075e+03
732000 1.018046e-22 -2.803110e-20 2.932124e-17 1.474736e+01
733000 4.119067e-22 -2.924376e-20 2.935732e-17 5.966856e+01
734000 1.211707e-22 -2.699215e-20 2.940505e-17 1.755272e+01
735000 1.435152e-22 -3.222877e-20 2.945254e-17 2.078953e+01
736000 6.127978e-22 -3.312443e-20 2.950410e-17 8.876953e+01
737000 2.664432e-21 -2.624675e-20 2.952923e-17 3.859680e+02
738000 4.669614e-21 -2.892590e-20 2.958080e-17 6.764375e+02
739000 8.630233e-23 -2.567379e-20 2.962109e-17 1.250170e+01
740000 1.981837e-22 -1.043974e-20 2.965201e-17 2.870878e+01
741000 3.354888e-21 -3.707787e-21 2.970095e-17 4.859871e+02
742000 3.856034e-21 -2.797834e-21 2.973898e-17 5.585829e+02
743000 1.336623e-22 -2.347951e-21 2.978373e-17 1.936224e+01
744000 2.982714e-22 -1.522949e-20 2.981512e-17 4.320743e+01
745000 3.873244e-23 -1.949457e-20 2.984637e-17 5.610759e+00
746000 2.008136e-22 -1.718328e-20 2.989978e-17 2.908974e+01
747000 5.413363e-21 -2.295931e-20 2.994038e-17 7.841765e+02
748000 6.939920e-21 -2.334800e-20 2.999641e-17 1.005313e+03
749000 1.439305e-21 -3.596447e-20 3.000254e-17 2.084968e+02
750000 5.456750e-21 -3.645606e-20 3.005529e-17 7.904616e+02
751000 6.256754e-22 -2.742507e-20 3.010189e-17 9.063497e+01
752000 5.489477e-24 -2.816879e-20 3.014099e-17 7.952024e-01
753000 8.933028e-21 -3.033489e-20 3.018882e-17 1.294033e+03
754000 5.686479e-23 -3.433968e-20 3.021044e-17 8.237400e+00
755000 1.367167e-26 -2.516125e-20 3.026307e-17 1.980470e-03
756000 3.098754e-21 -2.410485e-20 3.031194e-17 4.488837e+02
757000 4.002716e-22 -2.998287e-20 3.034483e-17 5.798311e+01
758000 1.286587e-20 -2.685934e-20 3.040438e-17 1.863742e+03
759000 3.245779e-23 -2.358400e-20 3.044465e-17 4.701816e+00
760000 1.655111e-22 -4.105857e-20 3.045547e-17 2.397584e+01
761000 8.212061e-21 -4.095244e-20 3.052272e-17 1.189594e+03
762000 2.809745e-22 -1.269386e-20 3.055700e-17 4.070179e+01
763000 3.151473e-21 5.250485e-21 3.056641e-17 4.565205e+02
764000 3.119087e-21 1.234313e-20 3.062729e-17 4.518292e+02
765000 1.923780e-22 7.998065e-21 3.065209e-17 2.786777e+01
766000 5.785098e-22 5.593447e-21 3.070590e-17 8.380259e+01
767000 3.830574e-25 1.735898e-22 3.073320e-17 5.548947e-02
768000 1.738477e-22 -2.971142e-21 3.077160e-17 2.518347e+01
769000 1.461412e-21 -1.438443e-21 3.083249e-17 2.116993e+02
770000 4.161100e-22 3.902384e-20 3.086000e-17 6.027745e+01
771000 2.454872e-21 3.037361e-20 3.089633e-17 3.556113e+02
772000 2.539639e-21 1.693036e-20 3.094286e-17 3.678906e+02
773000 5.111613e-22 4.333545e-20 3.098501e-17 7.404652e+01
774000 4.700151e-22 2.573966e-20 3.103101e-17 6.808611e+01
775000 1.513117e-22 9.618653e-21 3.106761e-17 2.191893e+01
776000 5.912415e-21 -5.716123e-21 3.112396e-17 8.564690e+02
777000 3.982102e-21 -2.869920e-20 3.114020e-17 5.768450e+02
778000 3.526638e-25 -2.800859e-20 3.118888e-17 5.108667e-02
779000 1.657583e-21 -1.500377e-20 3.123169e-17 2.401166e+02
780000 3.241131e-21 -2.225220e-20 3.126807e-17 4.695084e+02
781000 1.975585e-21 -2.626330e-20 3.131359e-17 2.861821e+02
782000 1.387796e-24 -1.927567e-20 3.134485e-17 2.010353e-01
783000 9.092097e-23 -2.370612e-20 3.138900e-17 1.317076e+01
784000 3.571950e-21 -1.830171e-20 3.144624e-17 5.174305e+02
785000 3.031518e-24 3.698960e-21 3.148008e-17 4.391440e-01
786000 5.162226e-22 4.664666e-20 3.151127e-17 7.477970e+01
787000 5.355185e-22 4.059849e-20 3.156127e-17 7.757490e+01
788000 2.983749e-24 -1.421149e-20 3.160425e-17 4.322241e-01
789000 6.442574e-21 5.325878e-20 3.163976e-17 9.332674e+02
790000 1.748053e-20 1.522266e-20 3.168957e-17 2.532220e+03
791000 1.482852e-22 -8.591647e-21 3.171587e-17 2.148050e+01
792000 2.693624e-21 -1.088253e-20 3.176246e-17 3.901968e+02
793000 2.261028e-21 5.833277e-20 3.180142e-17 3.275312e+02
794000 7.527346e-21 3.681548e-20 3.184283e-17 1.090407e+03
795000 5.513258e-21 2.075531e-20 3.187021e-17 7.986473e+02
796000 6.832590e-21 3.292245e-20 3.192156e-17 9.897649e+02
797000 8.833624e-23 2.783951e-20 3.196074e-17 1.279634e+01
798000 7.052098e-22 1.878871e-20 3.199568e-17 1.021563e+02
799000 1.801440e-21 9.531410e-21 3.204915e-17 2.609555e+02
800000 5.867979e-23 -3.301830e-20 3.206272e-17 8.500320e+00
801000 2.710286e-21 -4.082767e-20 3.210368e-17 3.926104e+02
802000 3.190293e-21 -3.723816e-20 3.213045e-17 4.621440e+02
803000 4.269786e-21 -3.741144e-20 3.218660e-17 6.185186e+02
804000 2.601073e-22 -3.555847e-20 3.221501e-17 3.767900e+01
805000 3.565550e-21 -3.427379e-20 3.227168e-17 5.165035e+02
806000 1.337822e-23 -3.887348e-20 3.230264e-17 1.937961e+00
807000 8.912046e-22 -3.994487e-20 3.235214e-17 1.290994e+02
808000 2.375003e-21 -4.017857e-20 3.238950e-17 3.440416e+02
809000 1.363613e-20 -4.085781e-20 3.245464e-17 1.975322e+03
810000 3.635701e-21 -2.514054e-20 3.248663e-17 5.266655e+02
811000 3.897338e-23 -3.133813e-20 3.250449e-17 5.645661e+00
812000 9.808724e-23 -3.596537e-20 3.254778e-17 1.420886e+01
813000 4.574623e-22 -4.062785e-20 3.259313e-17 6.626773e+01
814000 5.924417e-22 -3.818656e-20 3.262362e-17 8.582076e+01
815000 2.334325e-22 -3.106503e-20 3.267837e-17 3.381489e+01
816000 1.575173e-21 -1.299448e-20 3.269518e-17 2.281786e+02
817000 3.509861e-21 -1.883629e-20 3.274267e-17 5.084364e+02
818000 3.742204e-22 -1.850406e-20 3.278559e-17 5.420935e+01
819000 7.521498e-23 -9.368007e-21 3.281327e-17 1.089560e+01
820000 1.884997e-22 -5.259912e-21 3.286538e-17 2.730596e+01
821000 2.632878e-21 -3.197581e-21 3.290422e-17 3.813971e+02
822000 1.093806e-21 -1.800223e-20 3.294398e-17 1.584481e+02
823000 5.443927e-23 -4.644867e-21 3.298101e-17 7.886041e+00
824000 2.144577e-21 -6.639158e-21 3.302711e-17 3.106621e+02
825000 2.292842e-21 -3.490270e-21 3.307650e-17 3.321397e+02
826000 1.591143e-21 -6.008313e-21 3.311423e-17 2.304920e+02
827000 1.183192e-21 -2.190689e-20 3.313838e-17 1.713965e+02
828000 3.035517e-22 -2.108825e-20 3.318524e-17 4.397233e+01
829000 3.737834e-23 -2.255990e-20 3.322681e-17 5.414604e+00
830000 6.222578e-23 -2.051908e-20 3.326633e-17 9.013989e+00
831000 3.665799e-22 -1.250246e-20 3.330457e-17 5.310255e+01
832000 3.056139e-22 -1.558206e-20 3.334433e-17 4.427104e+01
833000 9.528921e-22 -1.132118e-20 3.337327e-17 1.380354e+02
834000 5.967063e-21 -9.870099e-21 3.342769e-17 8.643853e+02
835000 5.873081e-21 -7.301009e-21 3.348535e-17 8.507711e+02
836000 1.239854e-21 -5.582116e-21 3.351438e-17 1.796045e+02
837000 6.362054e-21 -3.413059e-21 3.353712e-17 9.216034e+02
838000 2.516839e-22 -4.809586e-21 3.356542e-17 3.645878e+01
839000 7.618420e-22 -4.091713e-21 3.362068e-17 1.103600e+02
840000 5.635765e-22 -6.118026e-21 3.364865e-17 8.163936e+01
841000 7.655344e-21 -8.463099e-21 3.370882e-17 1.108949e+03
842000 6.898621e-22 -7.228944e-21 3.373082e-17 9.993302e+01
843000 1.528131e-22 -5.539229e-21 3.377920e-17 2.213642e+01
844000 8.673289e-22 -5.402691e-22 3.380200e-17 1.256408e+02
845000 1.670396e-20 -2.005200e-22 3.385777e-17 2.419725e+03
846000 3.520629e-24 -1.026775e-21 3.389058e-17 5.099962e-01
847000 1.077346e-21 -2.442703e-21 3.392313e-17 1.560636e+02
848000 1.119406e-21 -2.277803e-22 3.399021e-17 1.621564e+02
849000 6.545909e-22 -1.923123e-21 3.400839e-17 9.482365e+01
850000 2.839894e-22 -4.942805e-24 3.406081e-17 4.113854e+01
851000 7.110617e-21 -1.026000e-22 3.408980e-17 1.030040e+03
852000 5.442088e-22 -6.617464e-21 3.414051e-17 7.883376e+01
853000 2.018309e-22 -7.616363e-21 3.418529e-17 2.923711e+01
854000 2.586709e-21 -3.081172e-22 3.419882e-17 3.747092e+02
855000 3.121514e-22 -3.212934e-21 3.425349e-17 4.521807e+01
856000 4.578991e-23 -2.772623e-21 3.428728e-17 6.633100e+00
857000 1.655248e-22 -1.538008e-21 3.432853e-17 2.397782e+01
858000 1.657002e-22 -1.168113e-21 3.436850e-17 2.400323e+01
859000 9.264721e-22 -3.188104e-22 3.441899e-17 1.342082e+02
860000 1.346982e-20 -1.048491e-22 3.447599e-17 1.951230e+03
861000 6.783300e-22 -5.467041e-22 3.450225e-17 9.826249e+01
862000 3.181433e-21 -7.614199e-22 3.453008e-17 4.608606e+02
863000 6.178926e-23 -2.614811e-21 3.457982e-17 8.950756e+00
864000 2.683397e-21 -1.521083e-21 3.462914e-17 3.887153e+02
865000 1.995630e-21 -6.569137e-22 3.466582e-17 2.890858e+02
866000 1.325626e-22 -1.122168e-21 3.471215e-17 1.920294e+01
867000 7.602946e-22 -4.386447e-21 3.474336e-17 1.101358e+02
868000 2.667430e-21 -2.158591e-21 3.479333e-17 3.864023e+02
869000 4.222135e-23 -3.664324e-21 3.482077e-17 6.116159e+00
870000 1.096576e-20 -5.058594e-21 3.487915e-17 1.588493e+03
871000 1.437813e-21 -1.199090e-20 3.489569e-17 2.082808e+02
872000 6.086688e-21 -1.155445e-20 3.494357e-17 8.817141e+02
873000 3.520209e-22 -9.854074e-21 3.497544e-17 5.099354e+01
874000 1.117254e-21 -1.216612e-20 3.499427e-17 1.618448e+02
875000 1.104637e-20 -9.948551e-21 3.506892e-17 1.600171e+03
876000 2.962686e-22 3.103751e-20 3.509133e-17 4.291730e+01
877000 1.271166e-20 7.137733e-21 3.513668e-17 1.841404e+03
878000 7.650391e-22 -3.415780e-20 3.517177e-17 1.108231e+02
879000 1.367827e-22 3.327139e-20 3.522164e-17 1.981425e+01
