FX FY FZ 
-3.012639e-11 0.000000e+00 0.000000e+00
4.501479e-10 0.000000e+00 0.000000e+00
-1.261082e-10 0.000000e+00 0.000000e+00
2.781944e-10 0.000000e+00 0.000000e+00
7.129999e-11 0.000000e+00 0.000000e+00
3.804616e-10 0.000000e+00 0.000000e+00
4.378022e-10 0.000000e+00 0.000000e+00
4.102047e-10 0.000000e+00 0.000000e+00
5.473468e-10 0.000000e+00 0.000000e+00
3.963056e-10 0.000000e+00 0.000000e+00
5.089723e-10 0.000000e+00 0.000000e+00
6.319448e-10 0.000000e+00 0.000000e+00
5.294579e-10 0.000000e+00 0.000000e+00
5.905079e-10 0.000000e+00 0.000000e+00
5.709232e-10 0.000000e+00 0.000000e+00
5.991056e-10 0.000000e+00 0.000000e+00
5.287460e-10 0.000000e+00 0.000000e+00
5.802134e-10 0.000000e+00 0.000000e+00
5.410342e-10 0.000000e+00 0.000000e+00
5.211294e-10 0.000000e+00 0.000000e+00
5.288292e-10 0.000000e+00 0.000000e+00
5.824344e-10 0.000000e+00 0.000000e+00
5.654857e-10 0.000000e+00 0.000000e+00
5.874567e-10 0.000000e+00 0.000000e+00
5.602765e-10 0.000000e+00 0.000000e+00
5.487728e-10 0.000000e+00 0.000000e+00
4.124200e-10 0.000000e+00 0.000000e+00
4.919807e-10 0.000000e+00 0.000000e+00
4.240542e-10 0.000000e+00 0.000000e+00
4.180256e-10 0.000000e+00 0.000000e+00
4.543836e-10 0.000000e+00 0.000000e+00
4.246166e-10 0.000000e+00 0.000000e+00
4.298433e-10 0.000000e+00 0.000000e+00
4.310333e-10 0.000000e+00 0.000000e+00
4.075814e-10 0.000000e+00 0.000000e+00
4.094094e-10 0.000000e+00 0.000000e+00
4.281985e-10 0.000000e+00 0.000000e+00
4.347575e-10 0.000000e+00 0.000000e+00
4.354618e-10 0.000000e+00 0.000000e+00
4.335267e-10 0.000000e+00 0.000000e+00
4.407567e-10 0.000000e+00 0.000000e+00
3.406254e-10 0.000000e+00 0.000000e+00
2.940766e-10 0.000000e+00 0.000000e+00
2.727698e-11 0.000000e+00 0.000000e+00
1.862754e-10 0.000000e+00 0.000000e+00
-1.017638e-10 0.000000e+00 0.000000e+00
7.656901e-12 0.000000e+00 0.000000e+00
2.247399e-10 0.000000e+00 0.000000e+00
3.155549e-10 0.000000e+00 0.000000e+00
2.168425e-10 0.000000e+00 0.000000e+00
9.345647e-11 0.000000e+00 0.000000e+00
-8.312539e-10 0.000000e+00 0.000000e+00
-3.509838e-10 0.000000e+00 0.000000e+00
-2.658203e-10 0.000000e+00 0.000000e+00
-2.340982e-10 0.000000e+00 0.000000e+00
-2.800742e-10 0.000000e+00 0.000000e+00
-5.256378e-10 0.000000e+00 0.000000e+00
-4.013974e-10 0.000000e+00 0.000000e+00
-6.004499e-10 0.000000e+00 0.000000e+00
-7.345730e-10 0.000000e+00 0.000000e+00
-3.643285e-10 0.000000e+00 0.000000e+00
-1.686278e-10 0.000000e+00 0.000000e+00
-2.242616e-10 0.000000e+00 0.000000e+00
-1.930906e-10 0.000000e+00 0.000000e+00
-1.896674e-10 0.000000e+00 0.000000e+00
-1.936067e-10 0.000000e+00 0.000000e+00
1.179774e-10 0.000000e+00 0.000000e+00
2.286914e-10 0.000000e+00 0.000000e+00
2.358463e-10 0.000000e+00 0.000000e+00
3.158251e-10 0.000000e+00 0.000000e+00
2.457607e-10 0.000000e+00 0.000000e+00
3.225351e-10 0.000000e+00 0.000000e+00
3.036942e-10 0.000000e+00 0.000000e+00
3.445039e-10 0.000000e+00 0.000000e+00
3.190284e-10 0.000000e+00 0.000000e+00
3.563649e-10 0.000000e+00 0.000000e+00
1.525956e-10 0.000000e+00 0.000000e+00
1.809780e-10 0.000000e+00 0.000000e+00
1.782298e-10 0.000000e+00 0.000000e+00
1.425724e-10 0.000000e+00 0.000000e+00
2.141178e-10 0.000000e+00 0.000000e+00
1.678696e-10 0.000000e+00 0.000000e+00
1.280010e-10 0.000000e+00 0.000000e+00
1.337110e-10 0.000000e+00 0.000000e+00
1.574058e-10 0.000000e+00 0.000000e+00
1.341789e-10 0.000000e+00 0.000000e+00
1.955488e-11 0.000000e+00 0.000000e+00
-1.895106e-11 0.000000e+00 0.000000e+00
-3.965382e-11 0.000000e+00 0.000000e+00
2.512633e-11 0.000000e+00 0.000000e+00
4.066074e-11 0.000000e+00 0.000000e+00
-6.239707e-11 0.000000e+00 0.000000e+00
5.411894e-12 0.000000e+00 0.000000e+00
-2.006847e-11 0.000000e+00 0.000000e+00
-1.442163e-11 0.000000e+00 0.000000e+00
-3.718290e-11 0.000000e+00 0.000000e+00
9.509647e-12 0.000000e+00 0.000000e+00
-3.431817e-14 0.000000e+00 0.000000e+00
-1.991453e-12 0.000000e+00 0.000000e+00
-7.044385e-12 0.000000e+00 0.000000e+00
2.699772e-12 0.000000e+00 0.000000e+00
2.917930e-10 0.000000e+00 0.000000e+00
3.223083e-10 0.000000e+00 0.000000e+00
3.290796e-10 0.000000e+00 0.000000e+00
2.985608e-10 0.000000e+00 0.000000e+00
3.075376e-10 0.000000e+00 0.000000e+00
2.906805e-10 0.000000e+00 0.000000e+00
2.786485e-10 0.000000e+00 0.000000e+00
2.761115e-10 0.000000e+00 0.000000e+00
2.724431e-10 0.000000e+00 0.000000e+00
2.766896e-10 0.000000e+00 0.000000e+00
3.325684e-10 0.000000e+00 0.000000e+00
3.348444e-10 0.000000e+00 0.000000e+00
3.275119e-10 0.000000e+00 0.000000e+00
3.380697e-10 0.000000e+00 0.000000e+00
3.256152e-10 0.000000e+00 0.000000e+00
5.809147e-10 0.000000e+00 0.000000e+00
5.667585e-10 0.000000e+00 0.000000e+00
5.788101e-10 0.000000e+00 0.000000e+00
5.876426e-10 0.000000e+00 0.000000e+00
5.772997e-10 0.000000e+00 0.000000e+00
5.878883e-10 0.000000e+00 0.000000e+00
5.860474e-10 0.000000e+00 0.000000e+00
5.862132e-10 0.000000e+00 0.000000e+00
5.861782e-10 0.000000e+00 0.000000e+00
4.820589e-10 0.000000e+00 0.000000e+00
4.980897e-10 0.000000e+00 0.000000e+00
4.956174e-10 0.000000e+00 0.000000e+00
4.965281e-10 0.000000e+00 0.000000e+00
4.930440e-10 0.000000e+00 0.000000e+00
4.954978e-10 0.000000e+00 0.000000e+00
6.094470e-10 0.000000e+00 0.000000e+00
6.168602e-10 0.000000e+00 0.000000e+00
6.184626e-10 0.000000e+00 0.000000e+00
6.133962e-10 0.000000e+00 0.000000e+00
6.155043e-10 0.000000e+00 0.000000e+00
5.173033e-10 0.000000e+00 0.000000e+00
-3.044732e-10 0.000000e+00 0.000000e+00
-3.764870e-10 0.000000e+00 0.000000e+00
4.118839e-11 0.000000e+00 0.000000e+00
-2.066880e-10 0.000000e+00 0.000000e+00
1.054626e-10 0.000000e+00 0.000000e+00
-6.858938e-11 0.000000e+00 0.000000e+00
1.987890e-11 0.000000e+00 0.000000e+00
3.219648e-10 0.000000e+00 0.000000e+00
2.028169e-10 0.000000e+00 0.000000e+00
-1.347560e-10 0.000000e+00 0.000000e+00
-9.867082e-11 0.000000e+00 0.000000e+00
1.096517e-10 0.000000e+00 0.000000e+00
-1.091441e-10 0.000000e+00 0.000000e+00
-4.132683e-11 0.000000e+00 0.000000e+00
-8.181592e-11 0.000000e+00 0.000000e+00
-1.322550e-10 0.000000e+00 0.000000e+00
-1.749076e-10 0.000000e+00 0.000000e+00
-1.170939e-10 0.000000e+00 0.000000e+00
-1.108413e-10 0.000000e+00 0.000000e+00
-7.603133e-11 0.000000e+00 0.000000e+00
-6.692453e-11 0.000000e+00 0.000000e+00
-7.399182e-11 0.000000e+00 0.000000e+00
-9.035059e-11 0.000000e+00 0.000000e+00
-6.636266e-11 0.000000e+00 0.000000e+00
-2.664517e-10 0.000000e+00 0.000000e+00
-3.893419e-10 0.000000e+00 0.000000e+00
-3.107681e-10 0.000000e+00 0.000000e+00
-3.251167e-10 0.000000e+00 0.000000e+00
-6.115012e-10 0.000000e+00 0.000000e+00
-6.225847e-10 0.000000e+00 0.000000e+00
-6.325902e-10 0.000000e+00 0.000000e+00
-6.316910e-10 0.000000e+00 0.000000e+00
-6.175925e-10 0.000000e+00 0.000000e+00
-5.880070e-10 0.000000e+00 0.000000e+00
-6.318925e-10 0.000000e+00 0.000000e+00
-6.281611e-10 0.000000e+00 0.000000e+00
-6.297503e-10 0.000000e+00 0.000000e+00
-6.180829e-10 0.000000e+00 0.000000e+00
-6.325398e-10 0.000000e+00 0.000000e+00
-6.312230e-10 0.000000e+00 0.000000e+00
-6.300667e-10 0.000000e+00 0.000000e+00
-6.304274e-10 0.000000e+00 0.000000e+00
-6.047458e-10 0.000000e+00 0.000000e+00
-6.214394e-10 0.000000e+00 0.000000e+00
-6.324465e-10 0.000000e+00 0.000000e+00
-6.298026e-10 0.000000e+00 0.000000e+00
-6.324685e-10 0.000000e+00 0.000000e+00
-6.168227e-10 0.000000e+00 0.000000e+00
-6.303919e-10 0.000000e+00 0.000000e+00
-3.953287e-10 0.000000e+00 0.000000e+00
-3.836120e-10 0.000000e+00 0.000000e+00
-5.219030e-10 0.000000e+00 0.000000e+00
-4.399096e-10 0.000000e+00 0.000000e+00
-4.305676e-10 0.000000e+00 0.000000e+00
-1.513891e-10 0.000000e+00 0.000000e+00
-1.328089e-10 0.000000e+00 0.000000e+00
-1.722092e-10 0.000000e+00 0.000000e+00
-1.524346e-10 0.000000e+00 0.000000e+00
-1.702071e-10 0.000000e+00 0.000000e+00
-4.874510e-10 0.000000e+00 0.000000e+00
-5.841922e-10 0.000000e+00 0.000000e+00
-5.342614e-10 0.000000e+00 0.000000e+00
-4.876527e-10 0.000000e+00 0.000000e+00
-5.960871e-10 0.000000e+00 0.000000e+00
-3.101815e-10 0.000000e+00 0.000000e+00
-3.486312e-10 0.000000e+00 0.000000e+00
-3.512739e-10 0.000000e+00 0.000000e+00
-3.199562e-10 0.000000e+00 0.000000e+00
-3.264859e-10 0.000000e+00 0.000000e+00
-3.667275e-10 0.000000e+00 0.000000e+00
-4.025821e-10 0.000000e+00 0.000000e+00
-3.712129e-10 0.000000e+00 0.000000e+00
-3.664517e-10 0.000000e+00 0.000000e+00
-3.728463e-10 0.000000e+00 0.000000e+00
-2.536737e-10 0.000000e+00 0.000000e+00
-2.568110e-10 0.000000e+00 0.000000e+00
-2.446896e-10 0.000000e+00 0.000000e+00
-2.864623e-10 0.000000e+00 0.000000e+00
-2.842812e-10 0.000000e+00 0.000000e+00
6.562682e-10 0.000000e+00 0.000000e+00
4.394115e-10 0.000000e+00 0.000000e+00
2.933778e-10 0.000000e+00 0.000000e+00
3.174803e-10 0.000000e+00 0.000000e+00
5.002940e-10 0.000000e+00 0.000000e+00
4.147122e-10 0.000000e+00 0.000000e+00
3.385171e-10 0.000000e+00 0.000000e+00
3.129363e-10 0.000000e+00 0.000000e+00
3.715979e-10 0.000000e+00 0.000000e+00
2.634855e-10 0.000000e+00 0.000000e+00
4.220337e-10 0.000000e+00 0.000000e+00
4.037322e-10 0.000000e+00 0.000000e+00
3.377635e-10 0.000000e+00 0.000000e+00
3.921161e-10 0.000000e+00 0.000000e+00
3.766551e-10 0.000000e+00 0.000000e+00
4.257884e-10 0.000000e+00 0.000000e+00
4.289109e-10 0.000000e+00 0.000000e+00
4.539998e-10 0.000000e+00 0.000000e+00
4.246130e-10 0.000000e+00 0.000000e+00
4.389966e-10 0.000000e+00 0.000000e+00
9.476925e-11 0.000000e+00 0.000000e+00
5.255249e-11 0.000000e+00 0.000000e+00
3.478227e-11 0.000000e+00 0.000000e+00
4.648272e-12 0.000000e+00 0.000000e+00
9.704628e-11 0.000000e+00 0.000000e+00
1.024698e-09 0.000000e+00 0.000000e+00
7.482360e-10 0.000000e+00 0.000000e+00
1.015300e-09 0.000000e+00 0.000000e+00
5.892834e-10 0.000000e+00 0.000000e+00
6.316507e-10 0.000000e+00 0.000000e+00
7.818598e-10 0.000000e+00 0.000000e+00
7.025000e-10 0.000000e+00 0.000000e+00
1.026414e-09 0.000000e+00 0.000000e+00
1.087810e-09 0.000000e+00 0.000000e+00
7.751202e-10 0.000000e+00 0.000000e+00
-4.047425e-10 0.000000e+00 0.000000e+00
-3.981629e-10 0.000000e+00 0.000000e+00
-4.038745e-10 0.000000e+00 0.000000e+00
-4.026071e-10 0.000000e+00 0.000000e+00
-4.064579e-10 0.000000e+00 0.000000e+00
-3.076105e-10 0.000000e+00 0.000000e+00
-9.090986e-11 0.000000e+00 0.000000e+00
-9.994135e-11 0.000000e+00 0.000000e+00
-1.339993e-10 0.000000e+00 0.000000e+00
-1.344654e-10 0.000000e+00 0.000000e+00
-2.367135e-10 0.000000e+00 0.000000e+00
-2.366308e-10 0.000000e+00 0.000000e+00
-2.450530e-10 0.000000e+00 0.000000e+00
-2.451192e-10 0.000000e+00 0.000000e+00
-2.458407e-10 0.000000e+00 0.000000e+00
-3.481270e-10 0.000000e+00 0.000000e+00
-3.553412e-10 0.000000e+00 0.000000e+00
-3.461456e-10 0.000000e+00 0.000000e+00
-3.539736e-10 0.000000e+00 0.000000e+00
-3.455777e-10 0.000000e+00 0.000000e+00
-5.442610e-10 0.000000e+00 0.000000e+00
-5.130224e-10 0.000000e+00 0.000000e+00
-5.315201e-10 0.000000e+00 0.000000e+00
-5.638245e-10 0.000000e+00 0.000000e+00
-4.996510e-10 0.000000e+00 0.000000e+00
-4.778217e-10 0.000000e+00 0.000000e+00
-4.735720e-10 0.000000e+00 0.000000e+00
-4.654027e-10 0.000000e+00 0.000000e+00
-4.530861e-10 0.000000e+00 0.000000e+00
-4.678479e-10 0.000000e+00 0.000000e+00
-5.488361e-10 0.000000e+00 0.000000e+00
-5.226591e-10 0.000000e+00 0.000000e+00
-5.805294e-10 0.000000e+00 0.000000e+00
-5.172774e-10 0.000000e+00 0.000000e+00
-5.376881e-10 0.000000e+00 0.000000e+00
-5.658884e-10 0.000000e+00 0.000000e+00
-5.587622e-10 0.000000e+00 0.000000e+00
-5.746262e-10 0.000000e+00 0.000000e+00
-5.609272e-10 0.000000e+00 0.000000e+00
-5.781112e-10 0.000000e+00 0.000000e+00
-5.879221e-10 0.000000e+00 0.000000e+00
-5.874170e-10 0.000000e+00 0.000000e+00
-5.887892e-10 0.000000e+00 0.000000e+00
-5.845744e-10 0.000000e+00 0.000000e+00
-5.861076e-10 0.000000e+00 0.000000e+00
-6.136874e-10 0.000000e+00 0.000000e+00
-6.153209e-10 0.000000e+00 0.000000e+00
-6.078911e-10 0.000000e+00 0.000000e+00
-6.122282e-10 0.000000e+00 0.000000e+00
-6.031869e-10 0.000000e+00 0.000000e+00
-4.860004e-10 0.000000e+00 0.000000e+00
-5.393195e-10 0.000000e+00 0.000000e+00
-5.036008e-10 0.000000e+00 0.000000e+00
-5.239785e-10 0.000000e+00 0.000000e+00
-5.414562e-10 0.000000e+00 0.000000e+00
-6.112501e-10 0.000000e+00 0.000000e+00
-6.130938e-10 0.000000e+00 0.000000e+00
-6.159314e-10 0.000000e+00 0.000000e+00
-6.117743e-10 0.000000e+00 0.000000e+00
-6.111472e-10 0.000000e+00 0.000000e+00
-6.312955e-10 0.000000e+00 0.000000e+00
-6.305523e-10 0.000000e+00 0.000000e+00
-6.313084e-10 0.000000e+00 0.000000e+00
-6.310150e-10 0.000000e+00 0.000000e+00
-6.279132e-10 0.000000e+00 0.000000e+00
-6.174315e-10 0.000000e+00 0.000000e+00
-6.178648e-10 0.000000e+00 0.000000e+00
-6.164499e-10 0.000000e+00 0.000000e+00
-6.171643e-10 0.000000e+00 0.000000e+00
-6.175190e-10 0.000000e+00 0.000000e+00
-5.661503e-10 0.000000e+00 0.000000e+00
-5.647909e-10 0.000000e+00 0.000000e+00
-5.568856e-10 0.000000e+00 0.000000e+00
-5.611105e-10 0.000000e+00 0.000000e+00
-5.616525e-10 0.000000e+00 0.000000e+00
-5.511638e-10 0.000000e+00 0.000000e+00
-5.516341e-10 0.000000e+00 0.000000e+00
-5.532594e-10 0.000000e+00 0.000000e+00
-5.465878e-10 0.000000e+00 0.000000e+00
-5.531470e-10 0.000000e+00 0.000000e+00
-5.244069e-10 0.000000e+00 0.000000e+00
-5.125877e-10 0.000000e+00 0.000000e+00
-5.221357e-10 0.000000e+00 0.000000e+00
-5.122561e-10 0.000000e+00 0.000000e+00
-5.242428e-10 0.000000e+00 0.000000e+00
-4.514133e-10 0.000000e+00 0.000000e+00
-4.606177e-10 0.000000e+00 0.000000e+00
-4.490622e-10 0.000000e+00 0.000000e+00
-4.454649e-10 0.000000e+00 0.000000e+00
-4.547533e-10 0.000000e+00 0.000000e+00
8.447127e-10 0.000000e+00 0.000000e+00
1.080527e-09 0.000000e+00 0.000000e+00
9.711695e-10 0.000000e+00 0.000000e+00
1.177310e-09 0.000000e+00 0.000000e+00
9.274946e-10 0.000000e+00 0.000000e+00
5.576053e-10 0.000000e+00 0.000000e+00
5.627209e-10 0.000000e+00 0.000000e+00
5.793102e-10 0.000000e+00 0.000000e+00
5.774488e-10 0.000000e+00 0.000000e+00
5.603637e-10 0.000000e+00 0.000000e+00
8.603449e-10 0.000000e+00 0.000000e+00
8.491400e-10 0.000000e+00 0.000000e+00
8.538720e-10 0.000000e+00 0.000000e+00
8.334943e-10 0.000000e+00 0.000000e+00
8.181738e-10 0.000000e+00 0.000000e+00
1.074119e-09 0.000000e+00 0.000000e+00
1.193015e-09 0.000000e+00 0.000000e+00
1.039349e-09 0.000000e+00 0.000000e+00
1.449970e-09 0.000000e+00 0.000000e+00
1.061098e-09 0.000000e+00 0.000000e+00
9.960043e-10 0.000000e+00 0.000000e+00
1.002964e-09 0.000000e+00 0.000000e+00
1.006206e-09 0.000000e+00 0.000000e+00
9.996873e-10 0.000000e+00 0.000000e+00
9.876815e-10 0.000000e+00 0.000000e+00
1.175163e-09 0.000000e+00 0.000000e+00
1.406950e-09 0.000000e+00 0.000000e+00
1.393862e-09 0.000000e+00 0.000000e+00
1.223457e-09 0.000000e+00 0.000000e+00
1.431518e-09 0.000000e+00 0.000000e+00
1.528708e-09 0.000000e+00 0.000000e+00
1.704597e-09 0.000000e+00 0.000000e+00
1.509963e-09 0.000000e+00 0.000000e+00
1.662827e-09 0.000000e+00 0.000000e+00
1.724370e-09 0.000000e+00 0.000000e+00
1.808716e-09 0.000000e+00 0.000000e+00
1.879181e-09 0.000000e+00 0.000000e+00
2.175658e-09 0.000000e+00 0.000000e+00
1.928034e-09 0.000000e+00 0.000000e+00
1.961241e-09 0.000000e+00 0.000000e+00
2.173563e-09 0.000000e+00 0.000000e+00
2.190796e-09 0.000000e+00 0.000000e+00
2.223622e-09 0.000000e+00 0.000000e+00
2.197869e-09 0.000000e+00 0.000000e+00
2.249718e-09 0.000000e+00 0.000000e+00
1.543457e-09 0.000000e+00 0.000000e+00
1.579507e-09 0.000000e+00 0.000000e+00
1.580002e-09 0.000000e+00 0.000000e+00
1.512822e-09 0.000000e+00 0.000000e+00
1.638949e-09 0.000000e+00 0.000000e+00
1.543845e-09 0.000000e+00 0.000000e+00
1.551362e-09 0.000000e+00 0.000000e+00
1.542254e-09 0.000000e+00 0.000000e+00
1.510654e-09 0.000000e+00 0.000000e+00
1.526701e-09 0.000000e+00 0.000000e+00
8.742651e-10 0.000000e+00 0.000000e+00
8.587593e-10 0.000000e+00 0.000000e+00
8.653989e-10 0.000000e+00 0.000000e+00
1.187080e-09 0.000000e+00 0.000000e+00
1.272542e-09 0.000000e+00 0.000000e+00
1.182029e-09 0.000000e+00 0.000000e+00
1.154760e-09 0.000000e+00 0.000000e+00
1.148893e-09 0.000000e+00 0.000000e+00
1.157175e-09 0.000000e+00 0.000000e+00
1.140289e-09 0.000000e+00 0.000000e+00
1.211433e-09 0.000000e+00 0.000000e+00
1.226775e-09 0.000000e+00 0.000000e+00
1.226752e-09 0.000000e+00 0.000000e+00
1.207099e-09 0.000000e+00 0.000000e+00
1.194161e-09 0.000000e+00 0.000000e+00
1.347058e-09 0.000000e+00 0.000000e+00
1.360276e-09 0.000000e+00 0.000000e+00
1.357255e-09 0.000000e+00 0.000000e+00
1.349557e-09 0.000000e+00 0.000000e+00
1.342086e-09 0.000000e+00 0.000000e+00
2.089300e-09 0.000000e+00 0.000000e+00
2.049964e-09 0.000000e+00 0.000000e+00
2.063862e-09 0.000000e+00 0.000000e+00
2.070317e-09 0.000000e+00 0.000000e+00
2.147720e-09 0.000000e+00 0.000000e+00
5.668433e-11 0.000000e+00 0.000000e+00
3.668830e-11 0.000000e+00 0.000000e+00
1.769703e-11 0.000000e+00 0.000000e+00
2.580102e-11 0.000000e+00 0.000000e+00
1.356829e-11 0.000000e+00 0.000000e+00
7.191595e-10 0.000000e+00 0.000000e+00
7.148988e-10 0.000000e+00 0.000000e+00
7.104225e-10 0.000000e+00 0.000000e+00
-2.255152e-11 0.000000e+00 0.000000e+00
1.472797e-10 0.000000e+00 0.000000e+00
3.200420e-10 0.000000e+00 0.000000e+00
3.248892e-10 0.000000e+00 0.000000e+00
2.346895e-10 0.000000e+00 0.000000e+00
1.634781e-10 0.000000e+00 0.000000e+00
4.665824e-10 0.000000e+00 0.000000e+00
2.476834e-09 0.000000e+00 0.000000e+00
2.682083e-09 0.000000e+00 0.000000e+00
2.345587e-09 0.000000e+00 0.000000e+00
2.756314e-09 0.000000e+00 0.000000e+00
2.418238e-09 0.000000e+00 0.000000e+00
2.538494e-09 0.000000e+00 0.000000e+00
2.502759e-09 0.000000e+00 0.000000e+00
2.547212e-09 0.000000e+00 0.000000e+00
2.525917e-09 0.000000e+00 0.000000e+00
2.579393e-09 0.000000e+00 0.000000e+00
-5.654996e-10 0.000000e+00 0.000000e+00
-5.728289e-10 0.000000e+00 0.000000e+00
-5.592059e-10 0.000000e+00 0.000000e+00
-5.650790e-10 0.000000e+00 0.000000e+00
-5.677625e-10 0.000000e+00 0.000000e+00
-5.573634e-10 0.000000e+00 0.000000e+00
-5.560584e-10 0.000000e+00 0.000000e+00
-5.512604e-10 0.000000e+00 0.000000e+00
-5.576876e-10 0.000000e+00 0.000000e+00
-5.564078e-10 0.000000e+00 0.000000e+00
-5.956808e-10 0.000000e+00 0.000000e+00
-5.953972e-10 0.000000e+00 0.000000e+00
-5.968283e-10 0.000000e+00 0.000000e+00
-5.962970e-10 0.000000e+00 0.000000e+00
-5.982869e-10 0.000000e+00 0.000000e+00
-4.885795e-10 0.000000e+00 0.000000e+00
-5.177512e-10 0.000000e+00 0.000000e+00
6.313078e-10 0.000000e+00 0.000000e+00
6.318721e-10 0.000000e+00 0.000000e+00
6.216775e-10 0.000000e+00 0.000000e+00
6.327641e-10 0.000000e+00 0.000000e+00
6.327355e-10 0.000000e+00 0.000000e+00
6.255317e-10 0.000000e+00 0.000000e+00
6.326171e-10 0.000000e+00 0.000000e+00
6.322603e-10 0.000000e+00 0.000000e+00
6.255767e-10 0.000000e+00 0.000000e+00
6.257758e-10 0.000000e+00 0.000000e+00
6.138530e-10 0.000000e+00 0.000000e+00
6.127722e-10 0.000000e+00 0.000000e+00
6.307022e-10 0.000000e+00 0.000000e+00
6.182882e-10 0.000000e+00 0.000000e+00
-4.667659e-10 0.000000e+00 0.000000e+00
7.338598e-11 0.000000e+00 0.000000e+00
6.255954e-10 0.000000e+00 0.000000e+00
6.032153e-10 0.000000e+00 0.000000e+00
-2.611933e-10 0.000000e+00 0.000000e+00
2.410605e-10 0.000000e+00 0.000000e+00
4.577723e-10 0.000000e+00 0.000000e+00
4.155784e-10 0.000000e+00 0.000000e+00
4.148960e-10 0.000000e+00 0.000000e+00
-8.360440e-11 0.000000e+00 0.000000e+00
-4.902863e-10 0.000000e+00 0.000000e+00
-3.237572e-10 0.000000e+00 0.000000e+00
-3.502028e-10 0.000000e+00 0.000000e+00
-9.546211e-11 0.000000e+00 0.000000e+00
-4.235635e-10 0.000000e+00 0.000000e+00
-5.151277e-10 0.000000e+00 0.000000e+00
-1.642523e-10 0.000000e+00 0.000000e+00
-4.981066e-10 0.000000e+00 0.000000e+00
-5.080222e-10 0.000000e+00 0.000000e+00
-5.269754e-10 0.000000e+00 0.000000e+00
-4.405981e-10 0.000000e+00 0.000000e+00
-1.177861e-10 0.000000e+00 0.000000e+00
-4.741160e-10 0.000000e+00 0.000000e+00
-4.562371e-10 0.000000e+00 0.000000e+00
-1.200963e-10 0.000000e+00 0.000000e+00
-1.192638e-10 0.000000e+00 0.000000e+00
-4.268523e-10 0.000000e+00 0.000000e+00
-1.683009e-10 0.000000e+00 0.000000e+00
-4.067866e-10 0.000000e+00 0.000000e+00
-2.428231e-10 0.000000e+00 0.000000e+00
-1.915158e-10 0.000000e+00 0.000000e+00
-1.274598e-10 0.000000e+00 0.000000e+00
-2.253161e-10 0.000000e+00 0.000000e+00
-3.838382e-10 0.000000e+00 0.000000e+00
-1.762407e-10 0.000000e+00 0.000000e+00
-3.369134e-10 0.000000e+00 0.000000e+00
-3.502298e-10 0.000000e+00 0.000000e+00
-1.768587e-10 0.000000e+00 0.000000e+00
-2.287816e-10 0.000000e+00 0.000000e+00
-1.911674e-10 0.000000e+00 0.000000e+00
-1.866113e-10 0.000000e+00 0.000000e+00
-1.441565e-10 0.000000e+00 0.000000e+00
-1.938236e-10 0.000000e+00 0.000000e+00
-2.021597e-10 0.000000e+00 0.000000e+00
-1.314728e-10 0.000000e+00 0.000000e+00
-1.197089e-10 0.000000e+00 0.000000e+00
-1.753660e-10 0.000000e+00 0.000000e+00
-1.469222e-10 0.000000e+00 0.000000e+00
-1.251555e-10 0.000000e+00 0.000000e+00
-5.256400e-10 0.000000e+00 0.000000e+00
-5.239010e-10 0.000000e+00 0.000000e+00
-5.257565e-10 0.000000e+00 0.000000e+00
-5.281999e-10 0.000000e+00 0.000000e+00
-5.169069e-10 0.000000e+00 0.000000e+00
-2.524943e-10 0.000000e+00 0.000000e+00
-3.609484e-10 0.000000e+00 0.000000e+00
-3.102061e-10 0.000000e+00 0.000000e+00
-3.050667e-10 0.000000e+00 0.000000e+00
-2.846257e-10 0.000000e+00 0.000000e+00
-2.588123e-10 0.000000e+00 0.000000e+00
-2.676768e-10 0.000000e+00 0.000000e+00
-2.659291e-10 0.000000e+00 0.000000e+00
-2.469393e-10 0.000000e+00 0.000000e+00
-2.542525e-10 0.000000e+00 0.000000e+00
-1.752915e-10 0.000000e+00 0.000000e+00
-1.727437e-10 0.000000e+00 0.000000e+00
-1.760120e-10 0.000000e+00 0.000000e+00
-1.502865e-10 0.000000e+00 0.000000e+00
-1.682748e-10 0.000000e+00 0.000000e+00
-4.296103e-10 0.000000e+00 0.000000e+00
-4.361700e-10 0.000000e+00 0.000000e+00
-4.409846e-10 0.000000e+00 0.000000e+00
-4.359016e-10 0.000000e+00 0.000000e+00
-4.379815e-10 0.000000e+00 0.000000e+00
-4.250598e-10 0.000000e+00 0.000000e+00
-4.239304e-10 0.000000e+00 0.000000e+00
-4.154668e-10 0.000000e+00 0.000000e+00
-4.262068e-10 0.000000e+00 0.000000e+00
-4.254730e-10 0.000000e+00 0.000000e+00
-4.898086e-10 0.000000e+00 0.000000e+00
-4.742639e-10 0.000000e+00 0.000000e+00
-4.758749e-10 0.000000e+00 0.000000e+00
-4.893829e-10 0.000000e+00 0.000000e+00
-4.802737e-10 0.000000e+00 0.000000e+00
-4.979050e-10 0.000000e+00 0.000000e+00
-4.923485e-10 0.000000e+00 0.000000e+00
-4.925402e-10 0.000000e+00 0.000000e+00
-4.957633e-10 0.000000e+00 0.000000e+00
-4.946960e-10 0.000000e+00 0.000000e+00
-4.684036e-10 0.000000e+00 0.000000e+00
-4.685377e-10 0.000000e+00 0.000000e+00
-4.691476e-10 0.000000e+00 0.000000e+00
-4.670645e-10 0.000000e+00 0.000000e+00
-4.713445e-10 0.000000e+00 0.000000e+00
-3.335071e-10 0.000000e+00 0.000000e+00
-3.358684e-10 0.000000e+00 0.000000e+00
-3.316329e-10 0.000000e+00 0.000000e+00
-3.639852e-10 0.000000e+00 0.000000e+00
-3.466437e-10 0.000000e+00 0.000000e+00
-3.107679e-10 0.000000e+00 0.000000e+00
-3.268727e-10 0.000000e+00 0.000000e+00
-3.296157e-10 0.000000e+00 0.000000e+00
-3.048476e-10 0.000000e+00 0.000000e+00
-3.093759e-10 0.000000e+00 0.000000e+00
-3.310369e-10 0.000000e+00 0.000000e+00
-3.239517e-10 0.000000e+00 0.000000e+00
-3.312507e-10 0.000000e+00 0.000000e+00
-3.236548e-10 0.000000e+00 0.000000e+00
-3.280506e-10 0.000000e+00 0.000000e+00
-2.710014e-10 0.000000e+00 0.000000e+00
-2.704485e-10 0.000000e+00 0.000000e+00
-1.059114e-10 0.000000e+00 0.000000e+00
-1.056118e-10 0.000000e+00 0.000000e+00
-1.860864e-10 0.000000e+00 0.000000e+00
3.390450e-10 0.000000e+00 0.000000e+00
3.761581e-10 0.000000e+00 0.000000e+00
3.925549e-10 0.000000e+00 0.000000e+00
1.123108e-10 0.000000e+00 0.000000e+00
2.532367e-10 0.000000e+00 0.000000e+00
4.811477e-10 0.000000e+00 0.000000e+00
5.855230e-10 0.000000e+00 0.000000e+00
5.644451e-10 0.000000e+00 0.000000e+00
5.909070e-10 0.000000e+00 0.000000e+00
5.589325e-10 0.000000e+00 0.000000e+00
5.369711e-10 0.000000e+00 0.000000e+00
5.241911e-10 0.000000e+00 0.000000e+00
5.308100e-10 0.000000e+00 0.000000e+00
5.326474e-10 0.000000e+00 0.000000e+00
5.065710e-10 0.000000e+00 0.000000e+00
4.438823e-10 0.000000e+00 0.000000e+00
4.383787e-10 0.000000e+00 0.000000e+00
4.661487e-10 0.000000e+00 0.000000e+00
4.446680e-10 0.000000e+00 0.000000e+00
4.483490e-10 0.000000e+00 0.000000e+00
3.834086e-10 0.000000e+00 0.000000e+00
3.340183e-10 0.000000e+00 0.000000e+00
3.973874e-10 0.000000e+00 0.000000e+00
3.867518e-10 0.000000e+00 0.000000e+00
3.050259e-10 0.000000e+00 0.000000e+00
3.458123e-10 0.000000e+00 0.000000e+00
3.806209e-10 0.000000e+00 0.000000e+00
3.741903e-10 0.000000e+00 0.000000e+00
3.405093e-10 0.000000e+00 0.000000e+00
3.991576e-10 0.000000e+00 0.000000e+00
5.203370e-10 0.000000e+00 0.000000e+00
5.924981e-10 0.000000e+00 0.000000e+00
5.925488e-10 0.000000e+00 0.000000e+00
5.898285e-10 0.000000e+00 0.000000e+00
5.873268e-10 0.000000e+00 0.000000e+00
6.318605e-10 0.000000e+00 0.000000e+00
6.268645e-10 0.000000e+00 0.000000e+00
6.280660e-10 0.000000e+00 0.000000e+00
6.273439e-10 0.000000e+00 0.000000e+00
6.282017e-10 0.000000e+00 0.000000e+00
6.312717e-10 0.000000e+00 0.000000e+00
6.319401e-10 0.000000e+00 0.000000e+00
6.327350e-10 0.000000e+00 0.000000e+00
6.327567e-10 0.000000e+00 0.000000e+00
6.318115e-10 0.000000e+00 0.000000e+00
6.087315e-10 0.000000e+00 0.000000e+00
6.061626e-10 0.000000e+00 0.000000e+00
6.085850e-10 0.000000e+00 0.000000e+00
6.062181e-10 0.000000e+00 0.000000e+00
6.038509e-10 0.000000e+00 0.000000e+00
6.303123e-10 0.000000e+00 0.000000e+00
6.308682e-10 0.000000e+00 0.000000e+00
6.301049e-10 0.000000e+00 0.000000e+00
6.305616e-10 0.000000e+00 0.000000e+00
6.305469e-10 0.000000e+00 0.000000e+00
6.250401e-10 0.000000e+00 0.000000e+00
6.243641e-10 0.000000e+00 0.000000e+00
6.266053e-10 0.000000e+00 0.000000e+00
6.251187e-10 0.000000e+00 0.000000e+00
6.243996e-10 0.000000e+00 0.000000e+00
6.192727e-10 0.000000e+00 0.000000e+00
6.239421e-10 0.000000e+00 0.000000e+00
6.273374e-10 0.000000e+00 0.000000e+00
6.245846e-10 0.000000e+00 0.000000e+00
6.124253e-10 0.000000e+00 0.000000e+00
5.461090e-10 0.000000e+00 0.000000e+00
5.198490e-10 0.000000e+00 0.000000e+00
5.225414e-10 0.000000e+00 0.000000e+00
5.416275e-10 0.000000e+00 0.000000e+00
5.362170e-10 0.000000e+00 0.000000e+00
5.250172e-10 0.000000e+00 0.000000e+00
5.240288e-10 0.000000e+00 0.000000e+00
5.223965e-10 0.000000e+00 0.000000e+00
5.183307e-10 0.000000e+00 0.000000e+00
5.243649e-10 0.000000e+00 0.000000e+00
4.643891e-10 0.000000e+00 0.000000e+00
4.643976e-10 0.000000e+00 0.000000e+00
4.750579e-10 0.000000e+00 0.000000e+00
4.775721e-10 0.000000e+00 0.000000e+00
4.898240e-10 0.000000e+00 0.000000e+00
3.621741e-10 0.000000e+00 0.000000e+00
3.507734e-10 0.000000e+00 0.000000e+00
3.544197e-10 0.000000e+00 0.000000e+00
3.455782e-10 0.000000e+00 0.000000e+00
3.485686e-10 0.000000e+00 0.000000e+00
-3.027982e-11 0.000000e+00 0.000000e+00
1.690045e-10 0.000000e+00 0.000000e+00
1.157786e-10 0.000000e+00 0.000000e+00
1.006902e-10 0.000000e+00 0.000000e+00
-5.296437e-11 0.000000e+00 0.000000e+00
-1.464469e-10 0.000000e+00 0.000000e+00
-1.522670e-10 0.000000e+00 0.000000e+00
-1.501981e-10 0.000000e+00 0.000000e+00
-1.460641e-10 0.000000e+00 0.000000e+00
-1.522394e-10 0.000000e+00 0.000000e+00
1.273533e-10 0.000000e+00 0.000000e+00
7.033029e-11 0.000000e+00 0.000000e+00
1.378136e-10 0.000000e+00 0.000000e+00
2.236261e-10 0.000000e+00 0.000000e+00
6.484128e-11 0.000000e+00 0.000000e+00
1.318646e-10 0.000000e+00 0.000000e+00
1.473412e-10 0.000000e+00 0.000000e+00
1.121104e-10 0.000000e+00 0.000000e+00
1.874161e-10 0.000000e+00 0.000000e+00
1.580227e-10 0.000000e+00 0.000000e+00
1.069143e-10 0.000000e+00 0.000000e+00
1.159870e-10 0.000000e+00 0.000000e+00
9.567640e-11 0.000000e+00 0.000000e+00
1.216696e-10 0.000000e+00 0.000000e+00
1.034867e-10 0.000000e+00 0.000000e+00
1.395570e-10 0.000000e+00 0.000000e+00
1.340759e-10 0.000000e+00 0.000000e+00
1.364692e-10 0.000000e+00 0.000000e+00
1.368069e-10 0.000000e+00 0.000000e+00
1.315127e-10 0.000000e+00 0.000000e+00
5.489233e-10 0.000000e+00 0.000000e+00
5.468254e-10 0.000000e+00 0.000000e+00
5.500560e-10 0.000000e+00 0.000000e+00
5.490098e-10 0.000000e+00 0.000000e+00
5.476777e-10 0.000000e+00 0.000000e+00
4.805058e-10 0.000000e+00 0.000000e+00
4.747811e-10 0.000000e+00 0.000000e+00
4.605587e-10 0.000000e+00 0.000000e+00
4.627009e-10 0.000000e+00 0.000000e+00
4.714922e-10 0.000000e+00 0.000000e+00
3.237115e-10 0.000000e+00 0.000000e+00
3.282228e-10 0.000000e+00 0.000000e+00
3.240285e-10 0.000000e+00 0.000000e+00
3.256662e-10 0.000000e+00 0.000000e+00
3.262685e-10 0.000000e+00 0.000000e+00
2.802677e-10 0.000000e+00 0.000000e+00
2.730778e-10 0.000000e+00 0.000000e+00
2.713380e-10 0.000000e+00 0.000000e+00
2.801291e-10 0.000000e+00 0.000000e+00
2.801349e-10 0.000000e+00 0.000000e+00
2.079456e-10 0.000000e+00 0.000000e+00
1.960845e-10 0.000000e+00 0.000000e+00
2.237524e-10 0.000000e+00 0.000000e+00
2.001046e-10 0.000000e+00 0.000000e+00
1.942425e-10 0.000000e+00 0.000000e+00
1.733299e-10 0.000000e+00 0.000000e+00
1.802572e-10 0.000000e+00 0.000000e+00
1.739437e-10 0.000000e+00 0.000000e+00
1.823606e-10 0.000000e+00 0.000000e+00
1.803416e-10 0.000000e+00 0.000000e+00
5.779323e-10 0.000000e+00 0.000000e+00
5.764177e-10 0.000000e+00 0.000000e+00
5.890692e-10 0.000000e+00 0.000000e+00
5.779605e-10 0.000000e+00 0.000000e+00
5.846307e-10 0.000000e+00 0.000000e+00
6.095532e-10 0.000000e+00 0.000000e+00
4.588788e-10 0.000000e+00 0.000000e+00
4.651723e-10 0.000000e+00 0.000000e+00
4.643899e-10 0.000000e+00 0.000000e+00
4.620180e-10 0.000000e+00 0.000000e+00
2.213057e-10 0.000000e+00 0.000000e+00
2.331588e-10 0.000000e+00 0.000000e+00
2.249495e-10 0.000000e+00 0.000000e+00
2.290565e-10 0.000000e+00 0.000000e+00
2.218055e-10 0.000000e+00 0.000000e+00
6.235174e-10 0.000000e+00 0.000000e+00
6.239652e-10 0.000000e+00 0.000000e+00
6.230175e-10 0.000000e+00 0.000000e+00
6.276777e-10 0.000000e+00 0.000000e+00
6.206029e-10 0.000000e+00 0.000000e+00
5.954619e-10 0.000000e+00 0.000000e+00
5.946373e-10 0.000000e+00 0.000000e+00
5.931381e-10 0.000000e+00 0.000000e+00
5.926579e-10 0.000000e+00 0.000000e+00
5.967081e-10 0.000000e+00 0.000000e+00
5.726981e-10 0.000000e+00 0.000000e+00
5.720683e-10 0.000000e+00 0.000000e+00
5.705685e-10 0.000000e+00 0.000000e+00
5.787398e-10 0.000000e+00 0.000000e+00
5.752852e-10 0.000000e+00 0.000000e+00
6.250112e-10 0.000000e+00 0.000000e+00
6.252296e-10 0.000000e+00 0.000000e+00
6.258320e-10 0.000000e+00 0.000000e+00
6.244533e-10 0.000000e+00 0.000000e+00
6.286748e-10 0.000000e+00 0.000000e+00
6.234923e-10 0.000000e+00 0.000000e+00
6.253695e-10 0.000000e+00 0.000000e+00
6.244705e-10 0.000000e+00 0.000000e+00
6.252999e-10 0.000000e+00 0.000000e+00
6.253412e-10 0.000000e+00 0.000000e+00
6.083291e-10 0.000000e+00 0.000000e+00
6.061270e-10 0.000000e+00 0.000000e+00
6.084389e-10 0.000000e+00 0.000000e+00
5.339891e-10 0.000000e+00 0.000000e+00
-1.007534e-09 0.000000e+00 0.000000e+00
-1.117554e-09 0.000000e+00 0.000000e+00
-1.238314e-09 0.000000e+00 0.000000e+00
-1.339174e-09 0.000000e+00 0.000000e+00
-1.566985e-09 0.000000e+00 0.000000e+00
-1.097156e-09 0.000000e+00 0.000000e+00
-1.494928e-09 0.000000e+00 0.000000e+00
-1.441931e-09 0.000000e+00 0.000000e+00
-1.338847e-09 0.000000e+00 0.000000e+00
-1.229070e-09 0.000000e+00 0.000000e+00
-1.187213e-09 0.000000e+00 0.000000e+00
-2.225368e-10 0.000000e+00 0.000000e+00
-3.046783e-10 0.000000e+00 0.000000e+00
-6.404292e-10 0.000000e+00 0.000000e+00
-5.271040e-10 0.000000e+00 0.000000e+00
-9.320618e-10 0.000000e+00 0.000000e+00
-4.407031e-10 0.000000e+00 0.000000e+00
-4.660114e-10 0.000000e+00 0.000000e+00
-5.661450e-10 0.000000e+00 0.000000e+00
-7.815053e-10 0.000000e+00 0.000000e+00
-6.062572e-10 0.000000e+00 0.000000e+00
-2.340837e-10 0.000000e+00 0.000000e+00
-2.347640e-10 0.000000e+00 0.000000e+00
-2.120531e-10 0.000000e+00 0.000000e+00
-2.347036e-10 0.000000e+00 0.000000e+00
-2.337292e-10 0.000000e+00 0.000000e+00
-1.417462e-09 0.000000e+00 0.000000e+00
-1.344586e-09 0.000000e+00 0.000000e+00
-1.345316e-09 0.000000e+00 0.000000e+00
-1.274083e-09 0.000000e+00 0.000000e+00
-1.561465e-09 0.000000e+00 0.000000e+00
-4.309535e-10 0.000000e+00 0.000000e+00
-4.255966e-10 0.000000e+00 0.000000e+00
-4.805977e-10 0.000000e+00 0.000000e+00
-4.269284e-10 0.000000e+00 0.000000e+00
-4.736113e-10 0.000000e+00 0.000000e+00
-3.099954e-10 0.000000e+00 0.000000e+00
-3.251551e-10 0.000000e+00 0.000000e+00
-6.565373e-10 0.000000e+00 0.000000e+00
-6.835625e-10 0.000000e+00 0.000000e+00
-7.955917e-10 0.000000e+00 0.000000e+00
-5.491775e-10 0.000000e+00 0.000000e+00
-5.423774e-10 0.000000e+00 0.000000e+00
-5.232487e-10 0.000000e+00 0.000000e+00
-5.289113e-10 0.000000e+00 0.000000e+00
-5.114435e-10 0.000000e+00 0.000000e+00
-6.578527e-10 0.000000e+00 0.000000e+00
-7.128726e-10 0.000000e+00 0.000000e+00
-7.094527e-10 0.000000e+00 0.000000e+00
-7.172535e-10 0.000000e+00 0.000000e+00
-7.080572e-10 0.000000e+00 0.000000e+00
-3.245697e-10 0.000000e+00 0.000000e+00
-3.272948e-10 0.000000e+00 0.000000e+00
-3.035480e-10 0.000000e+00 0.000000e+00
-4.308280e-10 0.000000e+00 0.000000e+00
-4.122953e-10 0.000000e+00 0.000000e+00
-3.168937e-10 0.000000e+00 0.000000e+00
-3.170754e-10 0.000000e+00 0.000000e+00
-4.425867e-10 0.000000e+00 0.000000e+00
-3.147930e-10 0.000000e+00 0.000000e+00
-3.297690e-10 0.000000e+00 0.000000e+00
-1.658004e-09 0.000000e+00 0.000000e+00
-1.637832e-09 0.000000e+00 0.000000e+00
-1.696718e-09 0.000000e+00 0.000000e+00
-1.791713e-09 0.000000e+00 0.000000e+00
-2.073465e-09 0.000000e+00 0.000000e+00
2.584448e-10 0.000000e+00 0.000000e+00
2.400033e-10 0.000000e+00 0.000000e+00
2.425368e-10 0.000000e+00 0.000000e+00
2.352268e-10 0.000000e+00 0.000000e+00
2.352989e-10 0.000000e+00 0.000000e+00
3.807850e-10 0.000000e+00 0.000000e+00
3.727784e-10 0.000000e+00 0.000000e+00
3.684932e-10 0.000000e+00 0.000000e+00
3.717440e-10 0.000000e+00 0.000000e+00
3.680593e-10 0.000000e+00 0.000000e+00
3.855802e-10 0.000000e+00 0.000000e+00
3.894090e-10 0.000000e+00 0.000000e+00
3.886897e-10 0.000000e+00 0.000000e+00
3.859829e-10 0.000000e+00 0.000000e+00
3.843565e-10 0.000000e+00 0.000000e+00
6.090021e-10 0.000000e+00 0.000000e+00
6.093450e-10 0.000000e+00 0.000000e+00
6.088681e-10 0.000000e+00 0.000000e+00
6.089737e-10 0.000000e+00 0.000000e+00
6.097055e-10 0.000000e+00 0.000000e+00
-1.460760e-10 0.000000e+00 0.000000e+00
-1.470786e-10 0.000000e+00 0.000000e+00
-1.583643e-10 0.000000e+00 0.000000e+00
-1.487075e-10 0.000000e+00 0.000000e+00
-1.310727e-10 0.000000e+00 0.000000e+00
-4.401672e-10 0.000000e+00 0.000000e+00
-2.194920e-09 0.000000e+00 0.000000e+00
-2.191407e-09 0.000000e+00 0.000000e+00
-2.399573e-09 0.000000e+00 0.000000e+00
-2.232239e-09 0.000000e+00 0.000000e+00
-2.422460e-09 0.000000e+00 0.000000e+00
-2.704410e-09 0.000000e+00 0.000000e+00
-2.500444e-09 0.000000e+00 0.000000e+00
-2.394437e-09 0.000000e+00 0.000000e+00
