step K U E temp
0 6.637679e-22 -4.109729e-18 -4.109066e-18 9.615303e+01
1000 3.527930e-21 -4.106075e-18 -4.102548e-18 5.110538e+02
2000 2.648816e-21 -4.110000e-18 -4.107351e-18 3.837059e+02
3000 1.070748e-22 -4.109975e-18 -4.109868e-18 1.551080e+01
4000 5.505446e-23 -4.109874e-18 -4.109819e-18 7.975156e+00
5000 7.287830e-22 -4.109504e-18 -3.928775e-18 1.055711e+02
6000 4.019591e-21 -4.103043e-18 -3.978309e-18 5.822756e+02
7000 3.101647e-21 -4.095177e-18 -3.972075e-18 4.493028e+02
8000 3.049379e-22 -4.095765e-18 -3.975460e-18 4.417313e+01
9000 7.917121e-22 -4.099038e-18 -3.978227e-18 1.146870e+02
10000 2.243060e-22 -4.105334e-18 -3.800290e-18 3.249284e+01
11000 6.499201e-23 -4.096231e-18 -3.852504e-18 9.414705e+00
12000 5.582944e-21 -4.085074e-18 -3.839486e-18 8.087420e+02
13000 2.454975e-22 -4.093148e-18 -3.852157e-18 3.556262e+01
14000 9.258925e-22 -4.096158e-18 -3.851697e-18 1.341242e+02
15000 8.349967e-22 -4.093839e-18 -3.671921e-18 1.209571e+02
16000 1.316792e-21 -4.101856e-18 -3.740539e-18 1.907497e+02
17000 2.964038e-21 -4.108258e-18 -3.744893e-18 4.293688e+02
18000 2.910277e-21 -4.107289e-18 -3.744310e-18 4.215810e+02
19000 1.529832e-21 -4.102720e-18 -3.741190e-18 2.216106e+02
20000 8.452350e-21 -4.106339e-18 -3.557873e-18 1.224402e+03
21000 1.553160e-22 -4.093713e-18 -3.613366e-18 2.249899e+01
22000 2.049902e-22 -4.089938e-18 -3.609720e-18 2.969476e+01
23000 1.413951e-21 -4.090440e-18 -3.609007e-18 2.048241e+02
24000 1.242101e-22 -4.088852e-18 -3.608722e-18 1.799301e+01
25000 7.240298e-23 -4.071086e-18 -3.411014e-18 1.048825e+01
26000 1.814895e-21 -4.085379e-18 -3.461674e-18 2.629047e+02
27000 3.745561e-22 -4.071545e-18 -3.470889e-18 5.425797e+01
28000 2.029938e-21 -4.075415e-18 -3.472183e-18 2.940556e+02
29000 3.061139e-21 -4.078678e-18 -3.472015e-18 4.434349e+02
30000 5.681121e-22 -4.067825e-18 -3.287195e-18 8.229639e+01
31000 2.047101e-21 -4.100297e-18 -3.368604e-18 2.965418e+02
32000 1.503242e-21 -4.087859e-18 -3.363715e-18 2.177588e+02
33000 5.613706e-21 -4.090667e-18 -3.364362e-18 8.131982e+02
34000 1.132113e-21 -4.096874e-18 -3.374275e-18 1.639972e+02
35000 8.343298e-22 -4.092625e-18 -3.191493e-18 1.208605e+02
36000 4.494896e-21 -4.087069e-18 -3.209607e-18 6.511279e+02
37000 7.849927e-22 -4.084611e-18 -3.212789e-18 1.137136e+02
38000 3.557785e-21 -4.057064e-18 -3.199630e-18 5.153786e+02
39000 3.277414e-21 -4.047970e-18 -3.203160e-18 4.747643e+02
40000 4.936084e-22 -4.048627e-18 -3.026287e-18 7.150382e+01
41000 2.804925e-19 -4.109959e-18 -2.845595e-18 4.063198e+04
42000 1.275539e-21 -4.048198e-18 -3.079160e-18 1.847738e+02
43000 3.607219e-22 -4.043220e-18 -3.080081e-18 5.225397e+01
44000 9.388439e-22 -4.037657e-18 -3.075986e-18 1.360004e+02
45000 1.013278e-20 -4.044824e-18 -2.890752e-18 1.467829e+03
46000 1.283942e-21 -4.109817e-18 -3.011957e-18 1.859911e+02
47000 1.273803e-21 -4.109987e-18 -2.988524e-18 1.845224e+02
48000 9.347700e-22 -4.109843e-18 -3.011641e-18 1.354102e+02
49000 2.187606e-21 -4.109962e-18 -3.003584e-18 3.168953e+02
50000 2.104212e-22 -4.109671e-18 -2.834742e-18 3.048149e+01
51000 1.793434e-20 -3.962517e-18 -2.744582e-18 2.597959e+03
52000 4.048100e-21 -4.019771e-18 -2.808902e-18 5.864054e+02
53000 1.004149e-20 -4.015448e-18 -2.802139e-18 1.454605e+03
54000 2.034504e-21 -4.019059e-18 -2.810945e-18 2.947171e+02
55000 1.082823e-21 -4.108769e-18 -2.660266e-18 1.568571e+02
56000 2.196908e-21 -4.104042e-18 -2.737493e-18 3.182428e+02
57000 1.425396e-21 -4.007567e-18 -2.685453e-18 2.064821e+02
58000 4.569171e-21 -4.016130e-18 -2.687870e-18 6.618875e+02
59000 1.553555e-21 -4.021660e-18 -2.690961e-18 2.250471e+02
60000 5.635760e-21 -4.024538e-18 -2.505099e-18 8.163929e+02
61000 2.117572e-20 -3.890507e-18 -2.429331e-18 3.067503e+03
62000 6.617774e-22 -4.005554e-18 -2.564873e-18 9.586469e+01
63000 5.369462e-21 -4.019744e-18 -2.573167e-18 7.778172e+02
64000 4.900687e-22 -4.018694e-18 -2.577277e-18 7.099106e+01
65000 7.975508e-23 -4.003833e-18 -2.383743e-18 1.155327e+01
66000 1.396863e-20 -4.061926e-18 -2.424670e-18 2.023488e+03
67000 2.794318e-22 -3.989327e-18 -2.398568e-18 4.047833e+01
68000 2.468543e-22 -3.974350e-18 -2.409856e-18 3.575916e+01
69000 1.699846e-21 -3.983204e-18 -2.405769e-18 2.462387e+02
70000 1.600504e-21 -3.974122e-18 -2.228437e-18 2.318481e+02
71000 2.600496e-22 -3.996665e-18 -2.308767e-18 3.767063e+01
72000 1.660569e-23 -3.989056e-18 -2.306655e-18 2.405491e+00
73000 4.215596e-21 -3.986836e-18 -2.300988e-18 6.106688e+02
74000 8.016832e-23 -3.990494e-18 -2.307395e-18 1.161314e+01
75000 6.746156e-22 -3.992846e-18 -2.127798e-18 9.772442e+01
76000 2.352320e-20 -4.108862e-18 -2.214816e-18 3.407556e+03
77000 3.064170e-19 -4.109474e-18 -1.928337e-18 4.438738e+04
78000 1.697857e-22 -3.961532e-18 -2.152475e-18 2.459506e+01
79000 6.716273e-23 -4.099968e-18 -2.255132e-18 9.729153e+00
80000 1.199004e-21 -3.923037e-18 -1.941712e-18 1.736870e+02
81000 9.081216e-22 -3.950681e-18 -2.003885e-18 1.315500e+02
82000 7.243319e-20 -3.376009e-18 -1.383576e-18 1.049263e+04
83000 8.278903e-20 -4.015787e-18 -1.945464e-18 1.199277e+04
84000 7.232254e-21 -4.101266e-18 -2.149764e-18 1.047660e+03
85000 1.802920e-22 -4.085720e-18 -1.958142e-18 2.611700e+01
86000 2.334736e-23 -4.107509e-18 -1.998023e-18 3.382085e+00
87000 2.020138e-19 -4.020570e-18 -1.755641e-18 2.926361e+04
88000 4.266700e-20 -4.037156e-18 -1.923503e-18 6.180717e+03
89000 3.819085e-22 -4.103522e-18 -2.024351e-18 5.532304e+01
90000 2.566232e-21 -4.098573e-18 -1.845206e-18 3.717429e+02
91000 3.668794e-19 -3.796583e-18 -1.269703e-18 5.314594e+04
92000 8.914387e-21 -3.968151e-18 -1.781475e-18 1.291333e+03
93000 1.359691e-21 -4.102680e-18 -1.876559e-18 1.969640e+02
94000 1.906275e-21 -4.108529e-18 -1.876934e-18 2.761419e+02
95000 7.199766e-22 -4.105492e-18 -1.696626e-18 1.042954e+02
96000 4.102245e-21 -4.109845e-18 -1.745368e-18 5.942489e+02
97000 1.816100e-22 -4.109710e-18 -1.749787e-18 2.630792e+01
98000 1.123909e-22 -4.109238e-18 -1.747789e-18 1.628088e+01
99000 8.086756e-23 -4.027785e-18 -1.733868e-18 1.171443e+01
100000 1.342660e-19 -3.950419e-18 -1.330338e-18 1.944969e+04
101000 1.445938e-21 -4.109820e-18 -1.628202e-18 2.094577e+02
102000 7.358571e-22 -4.109502e-18 -1.628854e-18 1.065958e+02
103000 3.562696e-22 -4.109995e-18 -1.624081e-18 5.160900e+01
104000 1.204758e-22 -4.109669e-18 -1.629854e-18 1.745205e+01
105000 4.120871e-21 -4.096822e-18 -1.448613e-18 5.969470e+02
106000 3.465439e-20 -3.822512e-18 -1.267857e-18 5.020014e+03
107000 4.403771e-21 -4.109697e-18 -1.470069e-18 6.379277e+02
108000 2.528932e-21 -4.066335e-18 -1.486278e-18 3.663396e+02
109000 7.850127e-21 -3.887921e-18 -1.354409e-18 1.137165e+03
110000 6.194712e-21 -3.888930e-18 -1.176288e-18 8.973624e+02
111000 3.232921e-21 -4.082700e-18 -1.360323e-18 4.683191e+02
112000 2.858633e-22 -4.073391e-18 -1.368935e-18 4.140999e+01
113000 5.247089e-22 -4.069351e-18 -1.361294e-18 7.600902e+01
114000 1.697171e-21 -3.856622e-18 -1.204615e-18 2.458512e+02
115000 2.447520e-19 -3.956105e-18 -8.867892e-19 3.545463e+04
116000 2.891001e-20 -4.015462e-18 -1.189005e-18 4.187887e+03
117000 2.242464e-22 -3.845073e-18 -1.082368e-18 3.248420e+01
118000 7.966414e-21 -3.862132e-18 -1.076466e-18 1.154010e+03
119000 3.281426e-22 -3.852777e-18 -1.085748e-18 4.753454e+01
120000 8.251048e-20 -3.939004e-18 -8.781743e-19 1.195242e+04
121000 2.393277e-20 -4.101665e-18 -1.099690e-18 3.466887e+03
122000 1.564184e-22 -4.109984e-18 -1.145646e-18 2.265868e+01
123000 9.836635e-22 -4.109827e-18 -1.148619e-18 1.424929e+02
124000 1.247945e-24 -4.107936e-18 -1.110546e-18 1.807766e-01
125000 5.980272e-21 -4.075186e-18 -9.462633e-19 8.662986e+02
126000 2.096995e-21 -3.900313e-18 -8.890926e-19 3.037695e+02
127000 3.331910e-23 -3.887793e-18 -8.855305e-19 4.826586e+00
128000 3.107157e-23 -3.910440e-18 -8.875376e-19 4.501010e+00
129000 3.751659e-23 -3.906053e-18 -8.902684e-19 5.434632e+00
130000 5.511686e-23 -3.914389e-18 -7.033726e-19 7.984196e+00
131000 5.661450e-22 -3.860607e-18 -7.376045e-19 8.201144e+01
132000 9.864993e-23 -3.870206e-18 -7.434208e-19 1.429037e+01
133000 3.045629e-22 -3.880728e-18 -7.435717e-19 4.411881e+01
134000 1.555917e-21 -3.878719e-18 -7.428243e-19 2.253891e+02
135000 1.286592e-21 -3.876860e-18 -5.633030e-19 1.863750e+02
136000 1.685409e-19 -4.053733e-18 -5.868895e-19 2.441474e+04
137000 6.661965e-22 -4.109309e-18 -7.878149e-19 9.650484e+01
138000 1.656158e-22 -4.109820e-18 -7.894772e-19 2.399101e+01
139000 5.012193e-19 -3.980127e-18 -1.712043e-19 7.260633e+04
140000 2.348444e-20 -4.082226e-18 -6.088285e-19 3.401942e+03
141000 6.659276e-21 -4.109702e-18 -6.633142e-19 9.646587e+02
142000 9.526777e-22 -4.109454e-18 -6.684256e-19 1.380043e+02
143000 3.324954e-21 -4.092364e-18 -6.300468e-19 4.816509e+02
144000 1.733282e-25 -4.056107e-18 -6.415569e-19 2.510822e-02
145000 3.289933e-21 -4.102631e-18 -4.828397e-19 4.765777e+02
146000 2.920885e-20 -4.109878e-18 -4.965249e-19 4.231176e+03
147000 1.407525e-22 -4.101275e-18 -5.242157e-19 2.038933e+01
148000 1.136433e-20 -4.094749e-18 -4.997966e-19 1.646231e+03
149000 8.739227e-22 -3.852982e-18 -3.652442e-19 1.265959e+02
150000 6.337773e-22 -3.844129e-18 -1.621746e-19 9.180861e+01
151000 4.707892e-21 -4.084434e-18 -3.641244e-19 6.819824e+02
152000 3.761487e-21 -4.109873e-18 -4.254458e-19 5.448869e+02
153000 2.860073e-21 -4.109328e-18 -4.257624e-19 4.143085e+02
154000 5.893150e-21 -4.109741e-18 -4.240372e-19 8.536782e+02
155000 4.096188e-22 -4.108855e-18 -2.428349e-19 5.933713e+01
156000 4.100953e-20 -4.059426e-18 -2.472655e-19 5.940616e+03
157000 3.607129e-19 -3.774103e-18 3.066096e-19 5.225267e+04
158000 1.776154e-22 -4.028736e-18 -2.944838e-19 2.572926e+01
159000 1.897422e-20 -3.841611e-18 -1.011356e-19 2.748595e+03
160000 1.552943e-20 -3.868034e-18 7.599358e-20 2.249585e+03
161000 2.116145e-22 -4.090095e-18 -1.567063e-19 3.065436e+01
162000 6.439909e-20 -4.099996e-18 -5.502949e-20 9.328815e+03
163000 7.611036e-21 -4.062932e-18 -1.615075e-19 1.102530e+03
164000 4.831173e-22 -4.037135e-18 -1.657366e-19 6.998409e+01
165000 7.627551e-22 -4.099024e-18 2.015962e-20 1.104923e+02
166000 7.154621e-21 -4.030095e-18 -4.789787e-20 1.036414e+03
167000 1.382752e-21 -4.024987e-18 -4.841451e-20 2.003047e+02
168000 1.703301e-20 -4.052546e-18 -1.544581e-20 2.467392e+03
169000 3.278845e-19 -4.080490e-18 3.243027e-19 4.749716e+04
170000 3.154003e-22 -4.062685e-18 1.310081e-19 4.568871e+01
171000 4.850818e-23 -4.029808e-18 6.516812e-20 7.026866e+00
172000 1.144857e-22 -4.032745e-18 6.677365e-20 1.658433e+01
173000 5.591266e-21 -4.065473e-18 1.181558e-19 8.099474e+02
174000 1.508117e-19 -4.107459e-18 2.475428e-19 2.184649e+04
175000 2.461924e-19 -4.099903e-18 5.470564e-19 3.566328e+04
176000 2.914551e-23 -4.085322e-18 2.328032e-19 4.222002e+00
177000 4.912104e-23 -4.088397e-18 2.076779e-19 7.115645e+00
178000 1.691374e-21 -4.082641e-18 2.107813e-19 2.450114e+02
179000 1.454355e-21 -4.082900e-18 2.100345e-19 2.106770e+02
180000 5.767748e-21 -4.108946e-18 4.076829e-19 8.355126e+02
181000 2.455610e-23 -4.087012e-18 3.253127e-19 3.557183e+00
182000 5.522300e-22 -4.085210e-18 3.258546e-19 7.999571e+01
183000 4.361014e-21 -4.077791e-18 3.457642e-19 6.317340e+02
184000 3.797029e-19 -3.973916e-18 8.045954e-19 5.500354e+04
185000 3.705367e-21 -3.215022e-18 1.288684e-18 5.367572e+02
186000 8.376634e-20 -4.034497e-18 5.731473e-19 1.213434e+04
187000 8.094341e-21 -4.059859e-18 4.634721e-19 1.172541e+03
188000 2.185377e-21 -4.055774e-18 4.543817e-19 3.165725e+02
189000 2.263453e-24 -4.030307e-18 4.251329e-19 3.278824e-01
190000 7.690206e-22 -4.027734e-18 6.069452e-19 1.113999e+02
191000 4.775278e-21 -4.030169e-18 6.083593e-19 6.917440e+02
192000 1.470156e-19 -4.061169e-18 7.565473e-19 2.129659e+04
193000 2.863004e-22 -4.087025e-18 5.655854e-19 4.147331e+01
194000 7.249626e-21 -4.086645e-18 5.722914e-19 1.050176e+03
195000 2.024780e-22 -4.087058e-18 7.455316e-19 2.933085e+01
196000 4.999773e-21 -4.046572e-18 7.207302e-19 7.242642e+02
197000 2.594767e-21 -4.043029e-18 7.162475e-19 3.758764e+02
198000 6.336908e-21 -4.045885e-18 7.215569e-19 9.179608e+02
199000 5.165295e-21 -4.039940e-18 7.187288e-19 7.482416e+02
200000 3.993575e-21 -4.053349e-18 9.054963e-19 5.785069e+02
201000 4.416272e-19 -3.981431e-18 1.327821e-18 6.397386e+04
202000 4.849104e-19 -4.077495e-18 1.327808e-18 7.024384e+04
203000 2.772722e-19 -3.574037e-18 1.503235e-18 4.016548e+04
204000 2.452703e-19 -4.102659e-18 1.086278e-18 3.552971e+04
205000 5.120476e-19 -3.809638e-18 1.682757e-18 7.417491e+04
206000 2.453839e-19 -4.109739e-18 1.179677e-18 3.554617e+04
207000 1.140232e-22 -4.044525e-18 9.930086e-19 1.651734e+01
208000 4.927978e-22 -4.029841e-18 9.679631e-19 7.138641e+01
209000 1.384832e-21 -4.060044e-18 9.371305e-19 2.006059e+02
210000 6.634334e-21 -4.075176e-18 1.149593e-18 9.610457e+02
211000 2.817932e-19 -4.015305e-18 1.373555e-18 4.082039e+04
212000 1.415039e-19 -3.588302e-18 1.593202e-18 2.049818e+04
213000 1.130427e-18 -3.572523e-18 2.597904e-18 1.637530e+05
214000 5.658849e-19 -4.024863e-18 1.655357e-18 8.197376e+04
215000 4.835100e-23 -4.053098e-18 1.234920e-18 7.004097e+00
216000 3.843172e-21 -4.085487e-18 1.196832e-18 5.567197e+02
217000 9.891981e-26 -4.078014e-18 1.203449e-18 1.432946e-02
218000 5.915159e-21 -4.083536e-18 1.198367e-18 8.568665e+02
219000 2.024707e-21 -4.092133e-18 1.225639e-18 2.932979e+02
220000 6.017907e-22 -4.032185e-18 1.402208e-18 8.717505e+01
221000 1.219125e-19 -3.694319e-18 1.707594e-18 1.766018e+04
222000 2.435829e-19 -4.109803e-18 1.535235e-18 3.528527e+04
223000 3.861183e-21 -3.724241e-18 1.559626e-18 5.593287e+02
224000 5.807776e-20 -4.079663e-18 1.377112e-18 8.413110e+03
225000 1.659007e-21 -3.979168e-18 1.550426e-18 2.403228e+02
226000 1.318546e-22 -3.805264e-18 1.612196e-18 1.910038e+01
227000 5.076373e-22 -3.795530e-18 1.613600e-18 7.353604e+01
228000 1.827990e-19 -3.432896e-18 2.149903e-18 2.648016e+04
229000 7.395839e-22 -3.776842e-18 1.638251e-18 1.071357e+02
230000 1.255044e-21 -3.802378e-18 1.793153e-18 1.818050e+02
231000 4.881214e-23 -3.764054e-18 1.777023e-18 7.070898e+00
232000 1.589964e-19 -4.104838e-18 1.737673e-18 2.303213e+04
233000 4.995249e-25 -4.022824e-18 1.570231e-18 7.236088e-02
234000 9.389539e-20 -3.772154e-18 1.873334e-18 1.360163e+04
235000 6.576194e-22 -3.761995e-18 1.957387e-18 9.526236e+01
236000 1.629447e-20 -4.078753e-18 1.697722e-18 2.360407e+03
237000 4.494492e-22 -4.089724e-18 1.687707e-18 6.510695e+01
238000 4.513347e-21 -4.085597e-18 1.677634e-18 6.538008e+02
239000 8.047285e-21 -4.077886e-18 1.691851e-18 1.165725e+03
240000 1.011734e-21 -4.084642e-18 1.853363e-18 1.465592e+02
241000 5.735854e-19 -4.094996e-18 2.402744e-18 8.308924e+04
242000 2.258428e-19 -3.941634e-18 2.174418e-18 3.271545e+04
243000 1.191514e-20 -4.033045e-18 1.818766e-18 1.726020e+03
244000 9.796476e-24 -4.036239e-18 1.808633e-18 1.419112e+00
245000 8.636741e-22 -4.013740e-18 1.997503e-18 1.251113e+02
246000 5.923063e-20 -4.105192e-18 1.994777e-18 8.580115e+03
247000 8.395683e-22 -4.103920e-18 1.921674e-18 1.216194e+02
248000 3.651752e-20 -3.389262e-18 2.527256e-18 5.289907e+03
249000 6.224542e-20 -3.965220e-18 2.062280e-18 9.016834e+03
250000 2.028385e-22 -3.765013e-18 2.376977e-18 2.938307e+01
251000 3.095458e-22 -4.063451e-18 2.062156e-18 4.484062e+01
252000 1.359472e-19 -4.108134e-18 2.181105e-18 1.969323e+04
253000 3.909054e-21 -4.063916e-18 2.065677e-18 5.662633e+02
254000 7.264334e-23 -4.061630e-18 2.063158e-18 1.052307e+01
255000 6.550710e-21 -4.066744e-18 2.249680e-18 9.489319e+02
256000 2.810881e-21 -3.701920e-18 2.432467e-18 4.071826e+02
257000 5.425450e-20 -3.895148e-18 2.365015e-18 7.859275e+03
258000 5.771188e-19 -3.887728e-18 2.905559e-18 8.360109e+04
259000 2.716569e-22 -3.751173e-18 2.486751e-18 3.935206e+01
260000 1.254031e-19 -3.926210e-18 2.616279e-18 1.816582e+04
261000 2.531675e-20 -3.939963e-18 2.500563e-18 3.667370e+03
262000 4.552168e-20 -4.098788e-18 2.390501e-18 6.594243e+03
263000 2.215395e-21 -4.055714e-18 2.348929e-18 3.209209e+02
264000 4.384016e-20 -3.943677e-18 2.423983e-18 6.350660e+03
265000 4.077267e-19 -4.080463e-18 2.921438e-18 5.906305e+04
266000 2.803390e-20 -3.928520e-18 2.638731e-18 4.060974e+03
267000 5.822479e-20 -2.923939e-18 3.494286e-18 8.434409e+03
268000 4.013785e-22 -4.049447e-18 2.470136e-18 5.814346e+01
269000 2.123806e-19 -4.103220e-18 2.612479e-18 3.076533e+04
270000 5.699003e-24 -3.891218e-18 2.751132e-18 8.255542e-01
271000 1.610227e-21 -4.089567e-18 2.572936e-18 2.332565e+02
272000 1.006226e-19 -4.042136e-18 2.645629e-18 1.457614e+04
273000 9.819708e-24 -4.103704e-18 2.520402e-18 1.422477e+00
274000 1.128676e-21 -3.694489e-18 2.793180e-18 1.634993e+02
275000 1.399834e-22 -4.054362e-18 2.766635e-18 2.027791e+01
276000 3.380002e-21 -4.087470e-18 2.696658e-18 4.896251e+02
277000 4.808906e-20 -3.783208e-18 3.004694e-18 6.966153e+03
278000 1.183920e-19 -3.907313e-18 2.988897e-18 1.715019e+04
279000 3.172903e-19 -4.107978e-18 2.963667e-18 4.596249e+04
280000 3.638887e-20 -3.324659e-18 3.491730e-18 5.271270e+03
281000 4.580002e-19 -4.062928e-18 3.282975e-18 6.634564e+04
282000 1.000599e-18 -4.105439e-18 3.767983e-18 1.449462e+05
283000 1.409615e-19 -3.484575e-18 3.376387e-18 2.041960e+04
284000 3.240972e-23 -3.773996e-18 2.957180e-18 4.694853e+00
285000 6.302459e-22 -3.770495e-18 3.138081e-18 9.129705e+01
286000 9.992852e-24 -3.859452e-18 3.099783e-18 1.447559e+00
287000 9.813571e-21 -4.109995e-18 2.857038e-18 1.421588e+03
288000 6.070771e-19 -2.683166e-18 4.763911e-18 8.794083e+04
289000 1.991641e-19 -3.752568e-18 3.327879e-18 2.885079e+04
290000 4.536247e-23 -3.724627e-18 3.342019e-18 6.571181e+00
291000 5.995651e-21 -3.663765e-18 3.310239e-18 8.685265e+02
292000 4.777864e-23 -3.687039e-18 3.303197e-18 6.921186e+00
293000 6.258389e-23 -3.656653e-18 3.308278e-18 9.065866e+00
294000 9.118841e-21 -3.666884e-18 3.312061e-18 1.320950e+03
295000 8.244876e-22 -3.658792e-18 3.487714e-18 1.194348e+02
296000 5.879849e-19 -3.415784e-18 4.252201e-18 8.517514e+04
297000 1.832480e-22 -4.109099e-18 3.160900e-18 2.654520e+01
298000 2.755863e-19 -4.106800e-18 3.408827e-18 3.992127e+04
299000 1.743273e-19 -3.983683e-18 3.340134e-18 2.525295e+04
300000 1.294899e-18 -4.045222e-18 4.631676e-18 1.875783e+05
301000 3.165065e-19 -2.965629e-18 4.550878e-18 4.584894e+04
302000 1.484779e-21 -4.029674e-18 3.289100e-18 2.150842e+02
303000 4.224104e-19 -3.944508e-18 3.847556e-18 6.119012e+04
304000 1.634765e-19 -1.398581e-18 5.964896e-18 2.368111e+04
305000 8.611022e-19 -3.451421e-18 4.790185e-18 1.247387e+05
306000 5.531964e-20 -3.631079e-18 3.786011e-18 8.013570e+03
307000 1.397315e-19 -4.101168e-18 3.555268e-18 2.024143e+04
308000 1.734644e-21 -3.998069e-18 3.421538e-18 2.512795e+02
309000 3.329588e-19 -3.659188e-18 3.993771e-18 4.823221e+04
310000 6.173078e-19 -4.088678e-18 4.215027e-18 8.942284e+04
311000 2.509451e-20 -4.029104e-18 3.587353e-18 3.635176e+03
312000 5.548146e-21 -4.014932e-18 3.561589e-18 8.037012e+02
313000 7.434493e-22 -3.855769e-18 3.699379e-18 1.076956e+02
314000 4.167844e-19 -4.109910e-18 3.886041e-18 6.037514e+04
315000 1.546887e-18 -3.887938e-18 5.437847e-18 2.240811e+05
316000 1.294746e-21 -4.090492e-18 3.652411e-18 1.875562e+02
317000 2.154417e-21 -4.089703e-18 3.653419e-18 3.120876e+02
318000 8.472374e-22 -4.091475e-18 3.652412e-18 1.227303e+02
319000 1.205886e-20 -3.369833e-18 4.202226e-18 1.746840e+03
320000 3.732139e-20 -3.536382e-18 4.240939e-18 5.406355e+03
321000 1.395555e-19 -3.736427e-18 4.097931e-18 2.021592e+04
322000 1.477939e-22 -4.032960e-18 3.768622e-18 2.140934e+01
323000 4.453713e-22 -4.085618e-18 3.856979e-18 6.451623e+01
324000 2.073880e-19 -3.052900e-18 4.834488e-18 3.004210e+04
325000 3.442599e-22 -3.851459e-18 4.133644e-18 4.986929e+01
326000 1.045475e-18 -3.665863e-18 5.247297e-18 1.514469e+05
327000 1.522199e-20 -3.870924e-18 4.165817e-18 2.205049e+03
328000 3.302252e-20 -3.427430e-18 4.458166e-18 4.783623e+03
329000 3.083603e-19 -4.098898e-18 4.179171e-18 4.466889e+04
330000 7.282719e-21 -2.670153e-18 5.317129e-18 1.054970e+03
331000 8.099161e-19 -3.800493e-18 5.001547e-18 1.173240e+05
332000 7.251362e-21 -2.714141e-18 5.235054e-18 1.050428e+03
333000 1.267027e-19 -4.100422e-18 4.146710e-18 1.835408e+04
334000 1.054317e-19 -3.815327e-18 4.272473e-18 1.527277e+04
335000 4.176460e-20 -3.108960e-18 5.032806e-18 6.049996e+03
336000 1.534482e-21 -4.022441e-18 4.142648e-18 2.222841e+02
337000 4.922089e-21 -4.034817e-18 4.136686e-18 7.130108e+02
338000 1.283470e-19 -4.109890e-18 4.176455e-18 1.859227e+04
339000 4.696552e-19 -3.981161e-18 4.599856e-18 6.803398e+04
340000 6.431541e-20 -3.977975e-18 4.435279e-18 9.316692e+03
341000 4.913946e-19 -3.898868e-18 4.833242e-18 7.118313e+04
342000 2.612963e-20 -3.849922e-18 4.381850e-18 3.785123e+03
343000 9.849383e-22 -4.104958e-18 4.206009e-18 1.426776e+02
344000 7.536391e-19 -3.818787e-18 5.152338e-18 1.091717e+05
345000 5.892266e-23 -4.104624e-18 4.400876e-18 8.535502e+00
346000 1.370780e-18 -4.101713e-18 5.783738e-18 1.985704e+05
347000 4.955729e-19 -4.104274e-18 4.899753e-18 7.178841e+04
348000 5.635318e-19 -4.089810e-18 4.991431e-18 8.163288e+04
349000 1.348662e-18 -4.038679e-18 5.733786e-18 1.953664e+05
350000 1.006796e-21 -4.089364e-18 4.552650e-18 1.458438e+02
351000 5.970222e-20 -4.034921e-18 4.551713e-18 8.648429e+03
352000 2.258880e-19 -2.399755e-18 6.226133e-18 3.272201e+04
353000 7.114097e-21 -3.972875e-18 4.621362e-18 1.030544e+03
354000 8.267559e-20 -4.049322e-18 4.630563e-18 1.197634e+04
355000 3.259634e-20 -3.801917e-18 4.934249e-18 4.721886e+03
356000 1.725312e-20 -4.089678e-18 4.688683e-18 2.499277e+03
357000 4.681766e-21 -3.700746e-18 4.901045e-18 6.781979e+02
358000 3.809616e-22 -3.744514e-18 4.929825e-18 5.518587e+01
359000 9.933338e-19 -3.914566e-18 5.810112e-18 1.438938e+05
360000 1.911666e-21 -3.731894e-18 4.980027e-18 2.769228e+02
361000 5.034125e-21 -4.104934e-18 4.689939e-18 7.292404e+02
362000 2.661489e-20 -3.794286e-18 5.061701e-18 3.855417e+03
363000 8.069613e-20 -3.787492e-18 5.006952e-18 1.168959e+04
364000 9.103387e-20 -4.108203e-18 4.824397e-18 1.318711e+04
365000 1.151347e-20 -4.061609e-18 4.947577e-18 1.667835e+03
366000 1.434872e-19 -3.684379e-18 5.224106e-18 2.078547e+04
367000 2.172808e-19 -3.628841e-18 5.387624e-18 3.147517e+04
368000 1.291645e-19 -4.099983e-18 4.950183e-18 1.871069e+04
369000 1.073884e-21 -3.696041e-18 5.138532e-18 1.555622e+02
370000 2.356723e-19 -4.030730e-18 5.302247e-18 3.413936e+04
371000 1.897500e-21 -3.986409e-18 4.964439e-18 2.748707e+02
372000 8.106620e-19 -3.535481e-18 6.215140e-18 1.174320e+05
373000 5.950738e-20 -3.275403e-18 5.669717e-18 8.620204e+03
374000 3.972345e-19 -3.886080e-18 5.489061e-18 5.754315e+04
375000 1.698789e-20 -4.018489e-18 5.186729e-18 2.460856e+03
376000 6.542110e-21 -3.688903e-18 5.387815e-18 9.476862e+02
377000 1.032021e-21 -3.695046e-18 5.378874e-18 1.494980e+02
378000 3.666603e-21 -3.697548e-18 5.380642e-18 5.311419e+02
379000 3.700628e-21 -3.728373e-18 5.395999e-18 5.360708e+02
380000 2.644973e-20 -3.502422e-18 5.727078e-18 3.831492e+03
381000 5.742877e-20 -3.168708e-18 6.037158e-18 8.319097e+03
382000 9.140044e-19 -4.047519e-18 6.197298e-18 1.324021e+05
383000 5.605291e-19 -3.448196e-18 6.238332e-18 8.119792e+04
384000 5.791346e-22 -3.994059e-18 5.213764e-18 8.389309e+01
385000 1.801352e-20 -3.221641e-18 6.104341e-18 2.609429e+03
386000 2.463113e-19 -3.954873e-18 5.703236e-18 3.568051e+04
387000 6.545887e-23 -4.072041e-18 5.402371e-18 9.482333e+00
388000 6.591036e-20 -3.814953e-18 5.553812e-18 9.547736e+03
389000 5.411136e-19 -3.267180e-18 6.576095e-18 7.838540e+04
390000 4.056608e-19 -3.980043e-18 5.918534e-18 5.876379e+04
391000 1.316973e-22 -3.695302e-18 5.737870e-18 1.907760e+01
392000 9.440187e-22 -3.714348e-18 5.740994e-18 1.367500e+02
393000 4.534533e-21 -3.718411e-18 5.747457e-18 6.568698e+02
394000 2.310272e-21 -3.682929e-18 5.748336e-18 3.346647e+02
395000 4.353836e-21 -3.702349e-18 5.920625e-18 6.306942e+02
396000 3.618384e-19 -3.084327e-18 6.757513e-18 5.241570e+04
397000 2.305518e-22 -3.594195e-18 5.894733e-18 3.339759e+01
398000 7.219898e-22 -3.612843e-18 5.890831e-18 1.045870e+02
399000 9.798819e-22 -3.603008e-18 5.892181e-18 1.419451e+02
400000 5.357867e-21 -3.631739e-18 6.080687e-18 7.761375e+02
401000 2.432618e-19 -3.748423e-18 6.171872e-18 3.523877e+04
402000 1.269268e-20 -4.065702e-18 5.764808e-18 1.838654e+03
403000 1.959371e-19 -3.956837e-18 5.940238e-18 2.838333e+04
404000 7.371427e-20 -3.832955e-18 5.877667e-18 1.067821e+04
405000 3.811445e-19 -3.312178e-18 6.914550e-18 5.521236e+04
406000 6.210067e-20 -4.053561e-18 5.965479e-18 8.995867e+03
407000 1.010080e-18 -3.954598e-18 6.947310e-18 1.463196e+05
408000 1.537298e-21 -4.093894e-18 5.863223e-18 2.226920e+02
409000 1.423255e-19 -2.470500e-18 7.391826e-18 2.061718e+04
410000 7.883646e-22 -3.820826e-18 6.249113e-18 1.142020e+02
411000 9.347447e-19 -3.844342e-18 7.149335e-18 1.354066e+05
412000 4.590532e-19 -3.566507e-18 6.743467e-18 6.649818e+04
413000 4.421969e-19 -4.025857e-18 6.450473e-18 6.405638e+04
414000 9.166382e-23 -4.107642e-18 5.888618e-18 1.327837e+01
415000 2.273620e-19 -4.108134e-18 6.340629e-18 3.293553e+04
416000 2.560382e-20 -4.109999e-18 5.999664e-18 3.708955e+03
417000 5.739448e-22 -3.947338e-18 6.102071e-18 8.314130e+01
418000 4.326354e-21 -1.909537e-18 8.054789e-18 6.267131e+02
419000 2.058911e-19 -4.032217e-18 6.281314e-18 2.982527e+04
420000 1.498310e-21 -4.105878e-18 6.283094e-18 2.170444e+02
421000 3.895455e-21 -3.941427e-18 6.226968e-18 5.642933e+02
422000 8.863375e-22 -3.964831e-18 6.233525e-18 1.283943e+02
423000 3.049069e-21 -3.952205e-18 6.225027e-18 4.416864e+02
424000 1.121468e-21 -3.961983e-18 6.230334e-18 1.624551e+02
425000 9.786734e-24 -3.948678e-18 6.401463e-18 1.417701e+00
426000 6.397576e-20 -4.102756e-18 6.441115e-18 9.267490e+03
427000 1.900179e-21 -2.711463e-18 7.490438e-18 2.752588e+02
428000 8.398358e-22 -3.690340e-18 6.519391e-18 1.216581e+02
429000 4.407697e-22 -3.718252e-18 6.533087e-18 6.384963e+01
430000 8.117732e-20 -3.088122e-18 7.373059e-18 1.175930e+04
431000 1.158173e-19 -3.968773e-18 6.614850e-18 1.677723e+04
432000 2.460421e-20 -3.845693e-18 6.537634e-18 3.564151e+03
433000 3.113316e-21 -3.878070e-18 6.545826e-18 4.509931e+02
434000 2.559827e-20 -3.384895e-18 6.960705e-18 3.708151e+03
435000 2.517792e-19 -4.091446e-18 6.884122e-18 3.647258e+04
436000 1.015562e-19 -4.109748e-18 6.556414e-18 1.471137e+04
437000 2.576121e-21 -4.076049e-18 6.615694e-18 3.731753e+02
438000 1.997332e-18 -3.853034e-18 8.636613e-18 2.893323e+05
439000 1.514104e-19 -3.066037e-18 7.567347e-18 2.193322e+04
440000 9.607475e-20 -3.893030e-18 6.912182e-18 1.391733e+04
441000 8.426235e-19 -4.014071e-18 7.509234e-18 1.220619e+05
442000 5.912610e-20 -3.862066e-18 6.843773e-18 8.564972e+03
443000 1.777001e-19 -3.141398e-18 7.609223e-18 2.574153e+04
444000 9.920205e-19 -3.755841e-18 7.983033e-18 1.437035e+05
445000 1.226520e-18 -2.534823e-18 9.431698e-18 1.776730e+05
446000 9.302832e-21 -4.103220e-18 6.731160e-18 1.347603e+03
447000 4.135025e-22 -4.070800e-18 6.842248e-18 5.989973e+01
448000 2.722705e-22 -4.062437e-18 6.854384e-18 3.944094e+01
449000 1.200300e-19 -4.071525e-18 6.962387e-18 1.738748e+04
450000 1.548757e-19 -4.655622e-19 1.054931e-17 2.243520e+04
451000 4.148545e-19 -3.729029e-18 7.552898e-18 6.009558e+04
452000 4.181236e-21 -3.806848e-18 7.227765e-18 6.056914e+02
453000 6.396129e-21 -4.077483e-18 6.985196e-18 9.265395e+02
454000 2.512223e-22 -4.074106e-18 6.967241e-18 3.639191e+01
455000 1.088242e-21 -4.068903e-18 7.143120e-18 1.576422e+02
456000 4.469688e-21 -3.573858e-18 7.366613e-18 6.474764e+02
457000 9.830999e-22 -3.567228e-18 7.365095e-18 1.424113e+02
458000 1.691504e-21 -3.588727e-18 7.365240e-18 2.450303e+02
459000 2.489949e-23 -3.575718e-18 7.361892e-18 3.606925e+00
460000 1.623133e-21 -3.579612e-18 7.543323e-18 2.351261e+02
461000 3.157947e-19 -3.960597e-18 7.568856e-18 4.574584e+04
462000 2.136505e-20 -3.913342e-18 7.253261e-18 3.094928e+03
463000 7.668362e-21 -3.641088e-18 7.536179e-18 1.110834e+03
464000 3.753347e-19 -3.994048e-18 7.542074e-18 5.437077e+04
465000 2.758334e-20 -4.095022e-18 7.387406e-18 3.995706e+03
466000 3.096540e-19 -3.966297e-18 7.682874e-18 4.485630e+04
467000 5.137779e-20 -4.006327e-18 7.309499e-18 7.442556e+03
468000 1.790205e-22 -4.059465e-18 7.324996e-18 2.593280e+01
469000 4.758863e-19 -4.099037e-18 7.821479e-18 6.893661e+04
470000 3.371920e-19 -4.063282e-18 7.896261e-18 4.884544e+04
471000 1.180007e-19 -4.099332e-18 7.479730e-18 1.709351e+04
472000 6.353850e-19 -4.104742e-18 7.959697e-18 9.204150e+04
473000 1.530440e-22 -4.109580e-18 7.170573e-18 2.216987e+01
474000 3.072184e-24 -4.109707e-18 7.170296e-18 4.450348e-01
475000 1.603670e-20 -4.107657e-18 7.368379e-18 2.323066e+03
476000 1.734527e-22 -4.101777e-18 7.298397e-18 2.512626e+01
477000 3.550762e-21 -4.107612e-18 7.295940e-18 5.143613e+02
478000 3.284423e-21 -4.109859e-18 7.294119e-18 4.757796e+02
479000 6.724180e-21 -4.104453e-18 7.302271e-18 9.740607e+02
480000 9.921178e-21 -4.109636e-18 7.480511e-18 1.437176e+03
481000 1.428801e-21 -4.106821e-18 7.426001e-18 2.069753e+02
482000 2.690654e-21 -4.101684e-18 7.421134e-18 3.897666e+02
483000 1.465448e-21 -4.099794e-18 7.421693e-18 2.122840e+02
484000 1.329448e-22 -4.096654e-18 7.423480e-18 1.925831e+01
485000 6.972651e-22 -4.099176e-18 7.601533e-18 1.010054e+02
486000 1.135181e-21 -4.100942e-18 7.543994e-18 1.644417e+02
487000 3.114962e-22 -4.101190e-18 7.543552e-18 4.512315e+01
488000 2.300447e-23 -4.100052e-18 7.542122e-18 3.332414e+00
489000 4.029969e-22 -4.100845e-18 7.543134e-18 5.837789e+01
490000 2.246807e-22 -4.094575e-18 7.725690e-18 3.254712e+01
491000 1.012726e-21 -4.081051e-18 7.680374e-18 1.467029e+02
492000 2.934266e-24 -4.079916e-18 7.680336e-18 4.250560e-01
493000 3.241247e-22 -4.077870e-18 7.682550e-18 4.695251e+01
494000 9.568929e-22 -4.089753e-18 7.682406e-18 1.386149e+02
495000 3.030636e-21 -4.086584e-18 7.860301e-18 4.390161e+02
496000 4.412412e-21 -4.064508e-18 7.820947e-18 6.391794e+02
497000 9.228061e-22 -4.071258e-18 7.816662e-18 1.336772e+02
498000 1.423512e-21 -4.069195e-18 7.816328e-18 2.062091e+02
499000 2.589658e-21 -4.072233e-18 7.819222e-18 3.751364e+02
500000 2.134011e-21 -4.065789e-18 7.997891e-18 3.091316e+02
501000 4.540822e-22 -4.037041e-18 7.964633e-18 6.577807e+01
502000 2.203341e-24 -4.040972e-18 7.962020e-18 3.191747e-01
503000 7.411773e-21 -4.043422e-18 7.968974e-18 1.073665e+03
504000 1.767431e-22 -4.041414e-18 7.962050e-18 2.560290e+01
505000 5.774813e-22 -4.047023e-18 8.143391e-18 8.365360e+01
506000 2.408559e-21 -4.028546e-18 8.110758e-18 3.489025e+02
507000 1.908485e-22 -4.020637e-18 8.104658e-18 2.764619e+01
508000 8.634040e-22 -4.009692e-18 8.111765e-18 1.250722e+02
509000 8.987024e-23 -4.079360e-18 8.042741e-18 1.301855e+01
510000 2.703943e-23 -4.073154e-18 8.227014e-18 3.916916e+00
511000 3.805947e-19 -4.084829e-18 8.598722e-18 5.513273e+04
512000 9.429128e-21 -4.050271e-18 8.200570e-18 1.365898e+03
513000 3.701251e-22 -4.054616e-18 8.190394e-18 5.361611e+01
514000 5.594991e-24 -4.046887e-18 8.193613e-18 8.104871e-01
515000 3.507793e-22 -4.053659e-18 8.370320e-18 5.081368e+01
516000 7.443142e-21 -4.105091e-18 8.297101e-18 1.078209e+03
517000 3.481985e-24 -4.082413e-18 8.334675e-18 5.043983e-01
518000 1.089193e-19 -4.108956e-18 8.408763e-18 1.577798e+04
519000 2.072332e-21 -4.101636e-18 8.281375e-18 3.001969e+02
520000 1.458276e-22 -4.105381e-18 8.451403e-18 2.112450e+01
521000 3.890342e-22 -4.011538e-18 8.469737e-18 5.635526e+01
522000 6.518449e-21 -3.992536e-18 8.493990e-18 9.442586e+02
523000 2.645136e-22 -4.028596e-18 8.468675e-18 3.831729e+01
524000 2.036996e-22 -4.018177e-18 8.465326e-18 2.950780e+01
525000 1.937056e-22 -4.024304e-18 8.645146e-18 2.806009e+01
526000 4.697811e-22 -4.092784e-18 8.568927e-18 6.805221e+01
527000 1.779668e-22 -4.109573e-18 8.522537e-18 2.578017e+01
528000 1.861630e-22 -4.109523e-18 8.523532e-18 2.696747e+01
529000 6.183414e-22 -4.030930e-18 8.573803e-18 8.957257e+01
530000 1.128385e-22 -4.020592e-18 8.759812e-18 1.634572e+01
531000 2.204156e-19 -4.106677e-18 8.901663e-18 3.192928e+04
532000 2.910957e-19 -4.109675e-18 8.931839e-18 4.216795e+04
533000 5.692688e-21 -4.101129e-18 8.647679e-18 8.246395e+02
534000 4.380280e-25 -3.998892e-18 8.731723e-18 6.345248e-02
535000 1.244681e-21 -3.998359e-18 8.912793e-18 1.803038e+02
536000 1.265793e-20 -4.024730e-18 8.884801e-18 1.833620e+03
537000 9.296109e-23 -3.975050e-18 8.865110e-18 1.346629e+01
538000 1.231717e-20 -3.992352e-18 8.863625e-18 1.784258e+03
539000 2.308322e-23 -3.991808e-18 8.851519e-18 3.343822e+00
540000 2.216962e-21 -3.989712e-18 9.034699e-18 3.211478e+02
541000 2.890651e-19 -4.052120e-18 9.258987e-18 4.187380e+04
542000 8.963697e-21 -3.732221e-18 9.236743e-18 1.298476e+03
543000 3.030674e-20 -4.109656e-18 8.944163e-18 4.390216e+03
544000 2.409964e-20 -4.105404e-18 8.917189e-18 3.491060e+03
545000 1.089874e-19 -3.975222e-18 9.293350e-18 1.578785e+04
546000 2.295690e-20 -4.109936e-18 9.025736e-18 3.325524e+03
547000 9.779988e-22 -3.939020e-18 9.148738e-18 1.416723e+02
548000 3.800655e-21 -3.952391e-18 9.156488e-18 5.505607e+02
549000 1.128264e-22 -3.941623e-18 9.147558e-18 1.634397e+01
550000 2.983126e-21 -3.961284e-18 9.347782e-18 4.321339e+02
551000 1.030805e-21 -3.914957e-18 9.288812e-18 1.493218e+02
552000 1.412690e-21 -3.920550e-18 9.286370e-18 2.046414e+02
553000 6.740536e-21 -3.911628e-18 9.296865e-18 9.764301e+02
554000 4.922433e-23 -3.918595e-18 9.285801e-18 7.130608e+00
555000 1.124072e-21 -3.920010e-18 9.466277e-18 1.628325e+02
556000 3.427246e-26 -3.882855e-18 9.448723e-18 4.964688e-03
557000 1.173799e-21 -3.882512e-18 9.449907e-18 1.700359e+02
558000 4.732108e-21 -3.858099e-18 9.467442e-18 6.854903e+02
559000 5.511187e-21 -4.100970e-18 9.248492e-18 7.983472e+02
560000 3.860390e-22 -4.109514e-18 9.423913e-18 5.592138e+01
561000 2.450740e-21 -4.103925e-18 9.363673e-18 3.550127e+02
562000 2.208354e-22 -4.107309e-18 9.396254e-18 3.199009e+01
563000 1.536582e-21 -4.108223e-18 9.393361e-18 2.225884e+02
564000 2.319184e-22 -4.108412e-18 9.392173e-18 3.359556e+01
565000 1.142794e-22 -4.107978e-18 9.572386e-18 1.655445e+01
566000 2.898086e-21 -4.095288e-18 9.531511e-18 4.198150e+02
567000 8.008561e-21 -4.082864e-18 9.543426e-18 1.160115e+03
568000 8.221235e-20 -4.102186e-18 9.629181e-18 1.190923e+04
569000 6.068217e-21 -4.099396e-18 9.545522e-18 8.790383e+02
570000 3.481582e-22 -4.095226e-18 9.708875e-18 5.043400e+01
571000 1.330715e-19 -3.990357e-18 9.885134e-18 1.927665e+04
572000 1.138869e-19 -4.039635e-18 9.831739e-18 1.649760e+04
573000 3.811034e-23 -4.064411e-18 9.675186e-18 5.520642e+00
574000 3.148016e-20 -4.101773e-18 9.630365e-18 4.560197e+03
575000 1.634009e-20 -3.915277e-18 1.002220e-17 2.367015e+03
576000 6.673184e-19 -4.106277e-18 1.041971e-17 9.666735e+04
577000 7.326405e-20 -3.848053e-18 1.002586e-17 1.061299e+04
578000 1.707844e-19 -3.858207e-18 1.011501e-17 2.473972e+04
579000 8.674104e-20 -3.505064e-18 1.038168e-17 1.256526e+04
580000 3.166289e-22 -3.975111e-18 1.003764e-17 4.586667e+01
581000 2.178828e-21 -4.060854e-18 9.922285e-18 3.156237e+02
582000 2.588487e-21 -4.109971e-18 9.895753e-18 3.749667e+02
583000 1.242102e-21 -4.104381e-18 9.846155e-18 1.799302e+02
584000 2.110869e-20 -3.967441e-18 1.009488e-17 3.057793e+03
585000 4.198138e-19 -4.109571e-18 1.051060e-17 6.081398e+04
586000 6.390436e-20 -4.015124e-18 1.014936e-17 9.257147e+03
587000 3.843187e-20 -3.937215e-18 1.014302e-17 5.567218e+03
588000 2.437143e-23 -3.944347e-18 1.010153e-17 3.530431e+00
589000 7.304631e-22 -3.952988e-18 1.010637e-17 1.058145e+02
590000 1.945206e-22 -3.947427e-18 1.028192e-17 2.817815e+01
591000 8.996723e-21 -3.898741e-18 1.027069e-17 1.303260e+03
592000 7.041271e-21 -3.902877e-18 1.026510e-17 1.019994e+03
593000 3.394855e-21 -3.926167e-18 1.025951e-17 4.917767e+02
594000 5.661639e-21 -3.959629e-18 1.028488e-17 8.201417e+02
595000 1.906721e-21 -3.908959e-18 1.043554e-17 2.762064e+02
596000 2.451050e-19 -3.752886e-18 1.077222e-17 3.550576e+04
597000 1.363378e-23 -3.871834e-18 1.041914e-17 1.974981e+00
598000 7.210648e-22 -4.098553e-18 1.022391e-17 1.044530e+02
599000 4.080566e-21 -3.877984e-18 1.041652e-17 5.911084e+02
600000 6.926034e-22 -3.878547e-18 1.059322e-17 1.003301e+02
601000 1.068618e-19 -4.057761e-18 1.051283e-17 1.547993e+04
602000 4.798017e-20 -3.459401e-18 1.098858e-17 6.950380e+03
603000 3.869867e-23 -3.846747e-18 1.056490e-17 5.605866e+00
604000 4.084038e-22 -4.103204e-18 1.040202e-17 5.916113e+01
605000 1.021327e-21 -4.103580e-18 1.058265e-17 1.479488e+02
606000 4.927450e-19 -4.008189e-18 1.108717e-17 7.137875e+04
607000 1.496708e-21 -4.097534e-18 1.047332e-17 2.168122e+02
608000 1.544869e-19 -3.963201e-18 1.079374e-17 2.237888e+04
609000 3.097871e-20 -3.966741e-18 1.070482e-17 4.487557e+03
610000 7.592909e-24 -3.875602e-18 1.084008e-17 1.099904e+00
611000 2.284863e-22 -3.830294e-18 1.081854e-17 3.309839e+01
612000 5.942209e-21 -3.819590e-18 1.082962e-17 8.607849e+02
613000 1.136478e-21 -3.826916e-18 1.082068e-17 1.646295e+02
614000 8.794869e-22 -3.841115e-18 1.081893e-17 1.274020e+02
615000 3.431732e-22 -3.869830e-18 1.101745e-17 4.971186e+01
616000 3.234768e-20 -4.082714e-18 1.073940e-17 4.685866e+03
617000 2.436489e-19 -4.071781e-18 1.099645e-17 3.529484e+04
618000 2.827814e-20 -4.083192e-18 1.073362e-17 4.096354e+03
619000 1.106814e-20 -4.103613e-18 1.069046e-17 1.603324e+03
620000 8.603935e-20 -3.895014e-18 1.120986e-17 1.246361e+04
621000 7.062092e-22 -4.041223e-18 1.087386e-17 1.023010e+02
622000 1.275135e-22 -3.840971e-18 1.104578e-17 1.847153e+01
623000 1.010643e-22 -3.842970e-18 1.104553e-17 1.464011e+01
624000 4.973734e-21 -3.825788e-18 1.105996e-17 7.204922e+02
625000 9.565655e-22 -3.853748e-18 1.123257e-17 1.385675e+02
626000 2.895577e-22 -3.821972e-18 1.119184e-17 4.194516e+01
627000 1.225538e-21 -3.820388e-18 1.119242e-17 1.775307e+02
628000 1.076919e-21 -3.817075e-18 1.119221e-17 1.560019e+02
629000 6.688528e-21 -3.810489e-18 1.120000e-17 9.688962e+02
630000 9.478677e-22 -3.824854e-18 1.137373e-17 1.373076e+02
631000 1.574721e-19 -4.077458e-18 1.125186e-17 2.281131e+04
632000 8.423701e-22 -3.790072e-18 1.134224e-17 1.220252e+02
633000 7.607240e-21 -3.774894e-18 1.135477e-17 1.101980e+03
634000 1.763556e-22 -3.779630e-18 1.134427e-17 2.554676e+01
635000 2.248275e-23 -3.795157e-18 1.152289e-17 3.256839e+00
636000 5.710019e-23 -3.816875e-18 1.143033e-17 8.271500e+00
637000 8.487831e-19 -4.109866e-18 1.207999e-17 1.229542e+05
638000 1.234250e-20 -4.104453e-18 1.131401e-17 1.787927e+03
639000 1.842993e-19 -3.706667e-18 1.171764e-17 2.669748e+04
640000 1.938922e-20 -3.676084e-18 1.176331e-17 2.808711e+03
641000 8.553451e-21 -4.088903e-18 1.137690e-17 1.239048e+03
642000 4.815925e-23 -3.752942e-18 1.161343e-17 6.976321e+00
643000 3.856233e-21 -3.749918e-18 1.161849e-17 5.586117e+02
644000 1.257237e-21 -3.742521e-18 1.162061e-17 1.821226e+02
645000 2.651778e-22 -3.756345e-18 1.179285e-17 3.841350e+01
646000 3.224085e-22 -3.712512e-18 1.177427e-17 4.670390e+01
647000 1.499625e-20 -4.100683e-18 1.142000e-17 2.172349e+03
648000 2.509304e-20 -3.766969e-18 1.173855e-17 3.634962e+03
649000 1.259814e-20 -3.871551e-18 1.174173e-17 1.824958e+03
650000 3.172630e-21 -4.078178e-18 1.163536e-17 4.595853e+02
651000 3.452456e-21 -4.094840e-18 1.164030e-17 5.001207e+02
652000 5.634817e-21 -4.087593e-18 1.163213e-17 8.162562e+02
653000 2.107767e-21 -4.054906e-18 1.162686e-17 3.053299e+02
654000 1.735350e-22 -4.057850e-18 1.162323e-17 2.513818e+01
655000 4.000434e-21 -4.061472e-18 1.180696e-17 5.795006e+02
656000 8.256840e-21 -4.029439e-18 1.177785e-17 1.196081e+03
657000 1.631958e-21 -4.023254e-18 1.177795e-17 2.364045e+02
658000 4.363738e-21 -4.023813e-18 1.178010e-17 6.321285e+02
659000 1.077233e-22 -4.036070e-18 1.176447e-17 1.560473e+01
660000 6.756849e-21 -4.035762e-18 1.195123e-17 9.787932e+02
661000 8.143931e-21 -4.062459e-18 1.193351e-17 1.179725e+03
662000 1.286901e-20 -4.042388e-18 1.184705e-17 1.864197e+03
663000 1.634005e-22 -4.101434e-18 1.176055e-17 2.367011e+01
664000 2.447584e-20 -4.096248e-18 1.182480e-17 3.545556e+03
665000 8.204952e-21 -4.072841e-18 1.201944e-17 1.188565e+03
666000 3.317967e-22 -4.058540e-18 1.197729e-17 4.806388e+01
667000 7.193228e-20 -3.809278e-18 1.222598e-17 1.042007e+04
668000 8.021032e-19 -4.065620e-18 1.284219e-17 1.161922e+05
669000 6.238525e-19 -3.200313e-18 1.338354e-17 9.037091e+04
670000 5.068812e-25 -4.041212e-18 1.213322e-17 7.342651e-02
671000 2.134337e-20 -3.736105e-18 1.240287e-17 3.091789e+03
672000 2.123626e-19 -3.794917e-18 1.258414e-17 3.076271e+04
673000 1.549571e-21 -4.091354e-18 1.210875e-17 2.244699e+02
674000 2.142480e-23 -4.087089e-18 1.210728e-17 3.103585e+00
675000 1.455112e-21 -4.087752e-18 1.228803e-17 2.107867e+02
676000 1.233610e-19 -4.106687e-18 1.237960e-17 1.787000e+04
677000 3.526989e-19 -3.516767e-18 1.303593e-17 5.109176e+04
678000 1.001698e-22 -4.060114e-18 1.222588e-17 1.451054e+01
679000 1.417441e-20 -4.096953e-18 1.217027e-17 2.053297e+03
680000 1.065934e-19 -3.205678e-18 1.328092e-17 1.544106e+04
681000 1.747078e-19 -4.025988e-18 1.254436e-17 2.530807e+04
682000 1.246982e-19 -4.055502e-18 1.247916e-17 1.806371e+04
683000 6.205254e-20 -4.109992e-18 1.239438e-17 8.988894e+03
684000 4.392079e-19 -4.083875e-18 1.284128e-17 6.362340e+04
685000 8.489864e-22 -3.726716e-18 1.279564e-17 1.229837e+02
686000 2.070471e-22 -4.059458e-18 1.246651e-17 2.999272e+01
687000 6.058589e-20 -3.598234e-18 1.290560e-17 8.776436e+03
688000 1.646713e-18 -3.962687e-18 1.420590e-17 2.385419e+05
689000 2.841420e-20 -4.028401e-18 1.256896e-17 4.116064e+03
690000 6.918683e-20 -3.156545e-18 1.353264e-17 1.002236e+04
691000 5.871611e-19 -3.182726e-18 1.400751e-17 8.505581e+04
692000 5.228018e-22 -4.003487e-18 1.264673e-17 7.573276e+01
693000 1.247548e-18 -3.502732e-18 1.430482e-17 1.807191e+05
694000 5.021130e-19 -4.098820e-18 1.300291e-17 7.273580e+04
695000 1.806236e-21 -4.076743e-18 1.280301e-17 2.616503e+02
696000 4.260893e-19 -3.770481e-18 1.333590e-17 6.172305e+04
697000 5.099651e-22 -3.678722e-18 1.300672e-17 7.387324e+01
698000 2.353700e-21 -3.686936e-18 1.300622e-17 3.409557e+02
699000 6.277603e-23 -3.701177e-18 1.300972e-17 9.093699e+00
700000 5.313783e-22 -3.682842e-18 1.318512e-17 7.697514e+01
701000 1.629221e-20 -3.952710e-18 1.293880e-17 2.360080e+03
702000 9.054696e-20 -3.684674e-18 1.327448e-17 1.311658e+04
703000 1.698949e-21 -4.050422e-18 1.288911e-17 2.461087e+02
704000 1.760925e-19 -4.077031e-18 1.300340e-17 2.550866e+04
705000 7.324579e-22 -4.014493e-18 1.302893e-17 1.061034e+02
706000 8.380922e-20 -4.100144e-18 1.306186e-17 1.214055e+04
707000 3.683733e-22 -4.046184e-18 1.301207e-17 5.336235e+01
708000 1.579442e-21 -4.058779e-18 1.301520e-17 2.287970e+02
709000 2.730693e-21 -4.013355e-18 1.300194e-17 3.955665e+02
710000 2.818219e-20 -4.094112e-18 1.309419e-17 4.082455e+03
711000 5.712200e-19 -3.351385e-18 1.425983e-17 8.274659e+04
712000 3.616611e-20 -3.485457e-18 1.359071e-17 5.239001e+03
713000 2.874545e-20 -2.642382e-18 1.442636e-17 4.164049e+03
714000 7.139451e-20 -4.096071e-18 1.317328e-17 1.034217e+04
715000 1.577875e-19 -4.109833e-18 1.341456e-17 2.285700e+04
716000 1.952400e-21 -4.107387e-18 1.322755e-17 2.828235e+02
717000 7.605426e-19 -4.107062e-18 1.398379e-17 1.101717e+05
718000 5.398979e-19 -3.785792e-18 1.391433e-17 7.820929e+04
719000 2.567882e-22 -4.101521e-18 1.321969e-17 3.719818e+01
720000 1.665910e-21 -4.105537e-18 1.340329e-17 2.413227e+02
721000 1.585377e-23 -4.025707e-18 1.337639e-17 2.296568e+00
722000 1.394047e-21 -4.020388e-18 1.336833e-17 2.019409e+02
723000 2.416766e-22 -4.018272e-18 1.336393e-17 3.500913e+01
724000 5.560660e-21 -4.015833e-18 1.336639e-17 8.055140e+02
725000 9.115919e-24 -4.010435e-18 1.353914e-17 1.320527e+00
726000 3.059440e-20 -4.108369e-18 1.342049e-17 4.431886e+03
727000 8.932904e-23 -4.097902e-18 1.346550e-17 1.294015e+01
728000 3.222165e-21 -4.088492e-18 1.350316e-17 4.667609e+02
729000 1.887636e-21 -4.095896e-18 1.346683e-17 2.734419e+02
730000 7.977289e-21 -4.097618e-18 1.365288e-17 1.155585e+03
731000 4.335367e-20 -3.711685e-18 1.388137e-17 6.280187e+03
732000 3.695760e-22 -3.828930e-18 1.371170e-17 5.353657e+01
733000 1.539862e-20 -4.061698e-18 1.363434e-17 2.230635e+03
734000 8.322108e-22 -4.064276e-18 1.362433e-17 1.205536e+02
735000 9.403013e-21 -4.057666e-18 1.380121e-17 1.362115e+03
736000 4.731987e-19 -3.547018e-18 1.456618e-17 6.854728e+04
737000 5.539025e-20 -3.421758e-18 1.427363e-17 8.023799e+03
738000 1.918032e-20 -3.939236e-18 1.378409e-17 2.778449e+03
739000 1.223680e-19 -4.030229e-18 1.388652e-17 1.772615e+04
740000 2.730497e-21 -3.822807e-18 1.401218e-17 3.955382e+02
741000 2.174458e-21 -3.785668e-18 1.399713e-17 3.149907e+02
742000 7.666440e-21 -3.761061e-18 1.401086e-17 1.110556e+03
743000 1.491342e-21 -3.761501e-18 1.400434e-17 2.160349e+02
744000 3.135764e-22 -4.028121e-18 1.388622e-17 4.542450e+01
745000 4.474578e-23 -4.031015e-18 1.406357e-17 6.481848e+00
746000 4.139428e-19 -4.107836e-18 1.427582e-17 5.996351e+04
747000 1.687341e-22 -4.095300e-18 1.399971e-17 2.444272e+01
748000 8.377413e-25 -4.090516e-18 1.399202e-17 1.213547e-01
749000 4.274454e-22 -4.086303e-18 1.399896e-17 6.191948e+01
750000 4.702644e-23 -4.095480e-18 1.418009e-17 6.812223e+00
751000 1.983202e-20 -3.991843e-18 1.412777e-17 2.872855e+03
752000 1.746955e-19 -3.737196e-18 1.444481e-17 2.530628e+04
753000 1.563533e-19 -3.989614e-18 1.426950e-17 2.264924e+04
754000 1.022418e-23 -3.797973e-18 1.423960e-17 1.481068e+00
755000 1.069697e-21 -3.397568e-18 1.478350e-17 1.549557e+02
756000 1.160074e-20 -4.047940e-18 1.418404e-17 1.680476e+03
757000 1.525071e-19 -3.881701e-18 1.452558e-17 2.209209e+04
758000 1.386710e-19 -3.716318e-18 1.456668e-17 2.008780e+04
759000 9.152164e-19 -4.060250e-18 1.506093e-17 1.325777e+05
760000 3.690096e-21 -3.984650e-18 1.444482e-17 5.345451e+02
761000 2.343511e-22 -4.076038e-18 1.436806e-17 3.394797e+01
762000 2.851357e-21 -4.079793e-18 1.437151e-17 4.130459e+02
763000 5.206308e-22 -4.072567e-18 1.437133e-17 7.541827e+01
764000 4.080855e-22 -4.074083e-18 1.436933e-17 5.911502e+01
765000 3.489900e-23 -4.078652e-18 1.454818e-17 5.055449e+00
766000 4.073012e-22 -3.314816e-18 1.504574e-17 5.900142e+01
767000 1.023194e-18 -3.374882e-18 1.600831e-17 1.482193e+05
768000 2.305001e-22 -4.050930e-18 1.450885e-17 3.339011e+01
769000 3.495433e-21 -4.039123e-18 1.453047e-17 5.063464e+02
770000 1.457073e-19 -4.021856e-18 1.486501e-17 2.110707e+04
771000 1.954764e-20 -4.073083e-18 1.467616e-17 2.831660e+03
772000 4.834519e-22 -3.964068e-18 1.459994e-17 7.003256e+01
773000 6.395726e-20 -4.094219e-18 1.472173e-17 9.264811e+03
774000 1.860387e-21 -3.928098e-18 1.467320e-17 2.694946e+02
775000 1.832157e-21 -4.049205e-18 1.481387e-17 2.654052e+02
776000 4.233285e-21 -3.685219e-18 1.497639e-17 6.132312e+02
777000 2.478919e-19 -3.657769e-18 1.522193e-17 3.590948e+04
778000 2.877288e-19 -4.105830e-18 1.501503e-17 4.168022e+04
779000 1.104409e-19 -4.031369e-18 1.495628e-17 1.599841e+04
780000 3.402118e-22 -3.880052e-18 1.503869e-17 4.928289e+01
781000 2.937453e-18 -4.057526e-18 1.785870e-17 4.255178e+05
782000 2.561841e-20 -3.947206e-18 1.487019e-17 3.711068e+03
783000 3.616294e-21 -3.791979e-18 1.496044e-17 5.238542e+02
784000 3.231625e-21 -3.771004e-18 1.496026e-17 4.681313e+02
785000 1.011935e-21 -3.781100e-18 1.513565e-17 1.465884e+02
786000 8.227518e-19 -4.106840e-18 1.577977e-17 1.191833e+05
787000 5.294456e-20 -4.054678e-18 1.492972e-17 7.669518e+03
788000 3.669674e-21 -3.632734e-18 1.521573e-17 5.315868e+02
789000 6.143468e-20 -4.103005e-18 1.482479e-17 8.899391e+03
790000 5.620832e-21 -3.786418e-18 1.531951e-17 8.142305e+02
791000 1.511949e-19 -3.145928e-18 1.597177e-17 2.190200e+04
792000 1.433241e-19 -3.330879e-18 1.577499e-17 2.076184e+04
793000 2.509704e-19 -4.069542e-18 1.538591e-17 3.635543e+04
794000 7.264788e-20 -3.761383e-18 1.535812e-17 1.052373e+04
795000 9.295105e-19 -4.003025e-18 1.626618e-17 1.346483e+05
796000 3.003912e-19 -2.587849e-18 1.679254e-17 4.351449e+04
797000 2.983389e-21 -4.102578e-18 1.500788e-17 4.321720e+02
798000 1.465411e-19 -3.330788e-18 1.589579e-17 2.122785e+04
799000 6.444444e-20 -3.954560e-18 1.530419e-17 9.335383e+03
800000 6.549464e-19 -2.417941e-18 1.749701e-17 9.487515e+04
801000 5.656454e-19 -2.883108e-18 1.688254e-17 8.193906e+04
802000 4.180923e-19 -3.923977e-18 1.582717e-17 6.056460e+04
803000 3.559854e-22 -3.273293e-18 1.593017e-17 5.156783e+01
804000 3.496242e-20 -4.068960e-18 1.540998e-17 5.064636e+03
805000 2.169165e-20 -4.076464e-18 1.543481e-17 3.142240e+03
806000 1.278462e-18 -3.948235e-18 1.672279e-17 1.851972e+05
807000 2.998764e-19 -4.086905e-18 1.578616e-17 4.343991e+04
808000 4.143800e-21 -3.861130e-18 1.562891e-17 6.002684e+02
809000 5.986614e-19 -2.402225e-18 1.751644e-17 8.672174e+04
810000 8.804932e-22 -3.010232e-18 1.649152e-17 1.275477e+02
811000 5.350393e-20 -3.393809e-18 1.609969e-17 7.750547e+03
812000 3.862890e-20 -4.064452e-18 1.552709e-17 5.595760e+03
813000 4.033931e-20 -3.314882e-18 1.616596e-17 5.843528e+03
814000 1.993237e-19 -4.088032e-18 1.563213e-17 2.887392e+04
815000 9.324594e-19 -3.395167e-18 1.715729e-17 1.350755e+05
816000 8.916793e-19 -3.465491e-18 1.698803e-17 1.291681e+05
817000 2.234207e-19 -3.562270e-18 1.622115e-17 3.236459e+04
818000 2.315866e-19 -4.109237e-18 1.590587e-17 3.354750e+04
819000 3.885494e-19 -3.932858e-18 1.607601e-17 5.628504e+04
820000 2.667439e-19 -3.151815e-18 1.686476e-17 3.864037e+04
821000 6.405047e-19 -2.818672e-18 1.750197e-17 9.278314e+04
822000 2.655010e-22 -4.090013e-18 1.584333e-17 3.846032e+01
823000 4.167446e-21 -3.970031e-18 1.588440e-17 6.036938e+02
824000 7.745296e-24 -4.055811e-18 1.571577e-17 1.121979e+00
825000 6.627762e-19 -3.253784e-18 1.728262e-17 9.600937e+04
826000 2.313049e-20 -4.104459e-18 1.595907e-17 3.350669e+03
827000 1.538053e-19 -3.867896e-18 1.627049e-17 2.228014e+04
828000 3.765264e-19 -3.037293e-18 1.713926e-17 5.454339e+04
829000 4.109261e-19 -2.985915e-18 1.727916e-17 5.952651e+04
830000 5.287045e-19 -2.849630e-18 1.765907e-17 7.658782e+04
831000 3.721056e-22 -3.880872e-18 1.617320e-17 5.390299e+01
832000 6.746500e-19 -4.109807e-18 1.660990e-17 9.772940e+04
833000 2.540264e-19 -3.340654e-18 1.685890e-17 3.679812e+04
834000 9.958665e-19 -3.728590e-18 1.727749e-17 1.442606e+05
835000 2.772220e-20 -4.071118e-18 1.630355e-17 4.015821e+03
836000 5.192101e-19 -4.109986e-18 1.662817e-17 7.521246e+04
837000 1.971891e-19 -3.814794e-18 1.654370e-17 2.856469e+04
838000 8.298447e-21 -3.483431e-18 1.656508e-17 1.202108e+03
839000 5.685962e-19 -3.721718e-18 1.691521e-17 8.236651e+04
840000 3.477835e-19 -3.075145e-18 1.749439e-17 5.037972e+04
841000 9.201159e-20 -3.560045e-18 1.669209e-17 1.332874e+04
842000 1.136388e-24 -3.929449e-18 1.629190e-17 1.646164e-01
843000 9.625378e-20 -3.386864e-18 1.692817e-17 1.394327e+04
844000 2.533209e-19 -3.854706e-18 1.666201e-17 3.669592e+04
845000 8.378085e-23 -4.046864e-18 1.655704e-17 1.213644e+01
846000 8.069072e-22 -3.640090e-18 1.665016e-17 1.168881e+02
847000 1.378849e-19 -3.452779e-18 1.698620e-17 1.997393e+04
848000 5.967387e-21 -3.780911e-18 1.663930e-17 8.644321e+02
849000 8.456940e-21 -4.109422e-18 1.640269e-17 1.225067e+03
850000 2.506327e-20 -4.109052e-18 1.659812e-17 3.630651e+03
851000 5.995124e-20 -4.083749e-18 1.646484e-17 8.684502e+03
852000 1.086648e-19 -3.963202e-18 1.662794e-17 1.574112e+04
853000 1.820722e-19 -3.696010e-18 1.695800e-17 2.637487e+04
854000 1.139132e-18 -4.048939e-18 1.759025e-17 1.650140e+05
855000 6.008994e-20 -3.747255e-18 1.698775e-17 8.704593e+03
856000 3.887977e-22 -3.690610e-18 1.690238e-17 5.632100e+01
857000 4.137180e-21 -3.644606e-18 1.689315e-17 5.993094e+02
858000 1.442111e-22 -3.649543e-18 1.689005e-17 2.089034e+01
859000 3.164272e-21 -3.638893e-18 1.689279e-17 4.583746e+02
860000 6.193584e-22 -3.639919e-18 1.707001e-17 8.971989e+01
861000 2.188420e-20 -3.845451e-18 1.691490e-17 3.170133e+03
862000 3.519780e-19 -2.545320e-18 1.844667e-17 5.098733e+04
863000 2.024032e-20 -1.922098e-18 1.873814e-17 2.932001e+03
864000 7.962532e-22 -3.602045e-18 1.705421e-17 1.153448e+02
865000 1.635608e-21 -3.576035e-18 1.724694e-17 2.369332e+02
866000 2.325466e-19 -2.690692e-18 1.830185e-17 3.368656e+04
867000 9.543339e-19 -3.714074e-18 1.809585e-17 1.382442e+05
868000 1.769162e-19 -2.954592e-18 1.801703e-17 2.562797e+04
869000 7.581875e-23 -3.984545e-18 1.688298e-17 1.098306e+01
870000 1.864297e-18 -3.842977e-18 1.905894e-17 2.700610e+05
871000 8.750583e-20 -4.063036e-18 1.700824e-17 1.267604e+04
872000 1.337786e-19 -3.642604e-18 1.740516e-17 1.937908e+04
873000 1.988062e-19 -3.603728e-18 1.752238e-17 2.879895e+04
874000 7.539624e-20 -4.051291e-18 1.700188e-17 1.092185e+04
875000 1.019879e-20 -4.104821e-18 1.700125e-17 1.477390e+03
876000 4.033967e-22 -4.086435e-18 1.717526e-17 5.843581e+01
877000 4.507965e-21 -4.105058e-18 1.714685e-17 6.530211e+02
878000 1.290190e-18 -3.869751e-18 1.855783e-17 1.868961e+05
879000 1.092454e-19 -3.769806e-18 1.754067e-17 1.582523e+04
