step K U E temp
0 5.461740e-23 -4.109551e-18 -4.109497e-18 7.911845e+00
1000 1.798067e-23 -4.109794e-18 -4.109776e-18 2.604669e+00
2000 8.960584e-22 -4.109484e-18 -4.108588e-18 1.298025e+02
3000 3.711022e-21 -4.109939e-18 -4.106228e-18 5.375764e+02
4000 1.650340e-21 -4.102093e-18 -4.100443e-18 2.390672e+02
5000 7.251731e-22 -4.109848e-18 -3.929123e-18 1.050481e+02
6000 1.422250e-21 -4.107411e-18 -3.985544e-18 2.060263e+02
7000 2.607526e-22 -4.107865e-18 -3.986705e-18 3.777247e+01
8000 2.478578e-22 -4.109420e-18 -3.977250e-18 3.590454e+01
9000 1.344650e-22 -4.098810e-18 -3.978676e-18 1.947852e+01
10000 2.397764e-22 -4.100734e-18 -3.800494e-18 3.473386e+01
11000 2.983795e-21 -4.106046e-18 -3.860234e-18 4.322308e+02
12000 1.590237e-21 -4.100006e-18 -3.858409e-18 2.303608e+02
13000 4.213354e-21 -4.099161e-18 -3.854945e-18 6.103440e+02
14000 6.451961e-21 -4.098612e-18 -3.852158e-18 9.346272e+02
15000 2.838044e-24 -4.105772e-18 -3.683595e-18 4.111174e-01
16000 1.683799e-21 -4.096494e-18 -3.731973e-18 2.439141e+02
17000 3.351548e-22 -4.096329e-18 -3.733386e-18 4.855032e+01
18000 2.445742e-21 -4.085514e-18 -3.723065e-18 3.542887e+02
19000 5.778294e-21 -4.098769e-18 -3.724519e-18 8.370403e+02
20000 2.281829e-21 -4.078985e-18 -3.536703e-18 3.305444e+02
21000 3.477080e-22 -4.108214e-18 -3.624782e-18 5.036877e+01
22000 4.726722e-23 -4.109057e-18 -3.622486e-18 6.847102e+00
23000 4.100528e-22 -4.107327e-18 -3.621638e-18 5.940000e+01
24000 1.701850e-21 -4.109079e-18 -3.620627e-18 2.465290e+02
25000 6.340413e-21 -4.107802e-18 -3.437874e-18 9.184686e+02
26000 1.027597e-24 -4.058273e-18 -3.455019e-18 1.488571e-01
27000 2.532494e-21 -4.057697e-18 -3.452349e-18 3.668556e+02
28000 1.151424e-21 -4.059725e-18 -3.453948e-18 1.667946e+02
29000 1.471605e-21 -4.065916e-18 -3.447642e-18 2.131758e+02
30000 1.697983e-21 -4.064446e-18 -3.269964e-18 2.459688e+02
31000 7.117301e-24 -4.085929e-18 -3.365254e-18 1.031008e+00
32000 1.067295e-20 -4.089682e-18 -3.355245e-18 1.546077e+03
33000 8.008023e-21 -4.082637e-18 -3.354509e-18 1.160038e+03
34000 4.627215e-23 -4.090109e-18 -3.365563e-18 6.702956e+00
35000 2.116721e-21 -4.082934e-18 -3.180677e-18 3.066269e+02
36000 1.211564e-21 -4.072168e-18 -3.212889e-18 1.755065e+02
37000 2.302895e-22 -4.071151e-18 -3.216393e-18 3.335960e+01
38000 1.244509e-21 -4.063676e-18 -3.220531e-18 1.802789e+02
39000 8.487030e-21 -4.066639e-18 -3.213516e-18 1.229426e+03
40000 4.856718e-22 -4.063277e-18 -3.041119e-18 7.035413e+01
41000 3.078008e-21 -4.096254e-18 -3.129489e-18 4.458784e+02
42000 3.834109e-21 -4.094618e-18 -3.126951e-18 5.554068e+02
43000 8.691171e-21 -4.095079e-18 -3.122820e-18 1.258998e+03
44000 5.527705e-23 -4.098535e-18 -3.130592e-18 8.007401e+00
45000 2.712941e-21 -4.100381e-18 -2.940879e-18 3.929950e+02
46000 2.985520e-21 -4.024934e-18 -2.941927e-18 4.324807e+02
47000 2.463948e-21 -4.040298e-18 -2.955290e-18 3.569260e+02
48000 2.106634e-22 -4.038321e-18 -2.956589e-18 3.051658e+01
49000 1.515687e-21 -4.029244e-18 -2.947631e-18 2.195615e+02
50000 1.177555e-21 -4.048335e-18 -2.772678e-18 1.705799e+02
51000 1.675165e-22 -4.028680e-18 -2.819472e-18 2.426634e+01
52000 2.377211e-21 -4.022727e-18 -2.817681e-18 3.443613e+02
53000 8.902998e-22 -4.023516e-18 -2.819443e-18 1.289683e+02
54000 4.738391e-22 -4.031043e-18 -2.816916e-18 6.864006e+01
55000 7.303077e-21 -4.009290e-18 -2.621916e-18 1.057919e+03
56000 4.568478e-20 -3.910892e-18 -2.545208e-18 6.617871e+03
57000 8.770808e-24 -4.031368e-18 -2.688390e-18 1.270534e+00
58000 1.073082e-19 -4.059150e-18 -2.548909e-18 1.554461e+04
59000 5.426871e-21 -4.109807e-18 -2.721252e-18 7.861333e+02
60000 2.278795e-21 -4.028948e-18 -2.526424e-18 3.301049e+02
61000 1.191751e-20 -4.107504e-18 -2.591767e-18 1.726364e+03
62000 5.403378e-23 -4.094763e-18 -2.624887e-18 7.827301e+00
63000 2.228084e-22 -3.984623e-18 -2.536015e-18 3.227589e+01
64000 4.306887e-21 -3.973519e-18 -2.528084e-18 6.238931e+02
65000 2.448888e-22 -3.982386e-18 -2.356253e-18 3.547445e+01
66000 4.670670e-24 -4.109848e-18 -2.507376e-18 6.765906e-01
67000 3.810855e-22 -3.946866e-18 -2.384185e-18 5.520383e+01
68000 2.740605e-22 -3.959538e-18 -2.384449e-18 3.970025e+01
69000 2.938503e-21 -3.947991e-18 -2.382261e-18 4.256698e+02
70000 4.640212e-21 -3.926036e-18 -2.181370e-18 6.721784e+02
71000 6.120837e-19 -4.101363e-18 -1.745897e-18 8.866608e+04
72000 1.053992e-19 -3.653725e-18 -1.868326e-18 1.526807e+04
73000 1.649022e-20 -3.956403e-18 -2.242492e-18 2.388763e+03
74000 1.276855e-20 -4.109685e-18 -2.375905e-18 1.849645e+03
75000 8.769827e-24 -4.109991e-18 -2.198960e-18 1.270392e+00
76000 6.188505e-25 -3.894557e-18 -2.085921e-18 8.964632e-02
77000 9.518373e-22 -3.887086e-18 -2.082908e-18 1.378826e+02
78000 4.036784e-21 -3.893438e-18 -2.081860e-18 5.847662e+02
79000 1.157806e-20 -3.516448e-18 -1.704870e-18 1.677190e+03
80000 8.624468e-21 -3.990050e-18 -2.000327e-18 1.249335e+03
81000 1.399187e-19 -3.964854e-18 -1.877022e-18 2.026853e+04
82000 3.721268e-21 -4.045377e-18 -2.089674e-18 5.390607e+02
83000 3.157001e-19 -3.952627e-18 -1.698772e-18 4.573213e+04
84000 2.460572e-19 -3.988908e-18 -1.754640e-18 3.564370e+04
85000 3.768560e-23 -4.006518e-18 -1.860572e-18 5.459113e+00
86000 4.413588e-19 -3.676684e-18 -1.195325e-18 6.393498e+04
87000 2.427092e-20 -4.088196e-18 -1.980586e-18 3.515872e+03
88000 2.103976e-22 -4.109592e-18 -1.976609e-18 3.047808e+01
89000 3.838438e-20 -3.327137e-18 -1.248753e-18 5.560339e+03
90000 6.071542e-21 -3.545358e-18 -1.319287e-18 8.795200e+02
91000 1.476437e-21 -3.957867e-18 -1.787518e-18 2.138758e+02
92000 1.861465e-21 -3.928518e-18 -1.766564e-18 2.696507e+02
93000 1.987066e-23 -3.956913e-18 -1.788978e-18 2.878451e+00
94000 1.400714e-22 -3.961677e-18 -1.787883e-18 2.029067e+01
95000 6.893342e-21 -3.946752e-18 -1.597837e-18 9.985655e+02
96000 2.336970e-19 -3.934017e-18 -1.372953e-18 3.385320e+04
97000 5.960788e-21 -4.092787e-18 -1.783325e-18 8.634763e+02
98000 2.069413e-19 -4.056430e-18 -1.522599e-18 2.997739e+04
99000 8.278594e-23 -3.905652e-18 -1.619644e-18 1.199232e+01
100000 2.013613e-21 -3.927170e-18 -1.430802e-18 2.916909e+02
101000 1.456363e-23 -3.883835e-18 -1.477388e-18 2.109680e+00
102000 3.510712e-21 -3.888768e-18 -1.474816e-18 5.085597e+02
103000 2.170842e-19 -4.081565e-18 -1.401491e-18 3.144669e+04
104000 2.992010e-21 -4.097060e-18 -1.651271e-18 4.334208e+02
105000 3.624029e-19 -3.949767e-18 -9.168312e-19 5.249746e+04
106000 2.727555e-19 -3.993604e-18 -1.097357e-18 3.951121e+04
107000 3.945713e-21 -4.106791e-18 -1.519445e-18 5.715737e+02
108000 2.801035e-21 -4.102646e-18 -1.518710e-18 4.057563e+02
109000 1.937265e-19 -3.889888e-18 -1.171391e-18 2.806311e+04
110000 2.494765e-19 -4.103474e-18 -1.066586e-18 3.613901e+04
111000 2.186013e-18 -3.944503e-18 1.038773e-18 3.166646e+05
112000 1.092696e-22 -4.103929e-18 -1.406724e-18 1.582874e+01
113000 1.614212e-19 -3.883343e-18 -1.075616e-18 2.338338e+04
114000 1.205007e-21 -4.056723e-18 -1.367623e-18 1.745567e+02
115000 2.396828e-19 -4.071787e-18 -9.305765e-19 3.472030e+04
116000 7.484994e-22 -4.090149e-18 -1.304009e-18 1.084272e+02
117000 1.949919e-19 -4.042955e-18 -1.031357e-18 2.824642e+04
118000 2.392125e-19 -3.197635e-18 -1.984227e-19 3.465219e+04
119000 4.998060e-24 -3.890021e-18 -1.125159e-18 7.240161e-01
120000 1.051265e-20 -3.892831e-18 -9.353242e-19 1.522856e+03
121000 1.947618e-19 -3.982729e-18 -8.417379e-19 2.821307e+04
122000 6.837445e-22 -4.091377e-18 -1.181897e-18 9.904683e+01
123000 8.466108e-20 -3.877692e-18 -9.096447e-19 1.226395e+04
124000 5.974457e-21 -3.869359e-18 -9.602287e-19 8.654564e+02
125000 7.117587e-21 -3.851248e-18 -7.808760e-19 1.031049e+03
126000 3.769837e-20 -4.089224e-18 -1.013644e-18 5.460964e+03
127000 3.166557e-19 -4.100602e-18 -7.212794e-19 4.587056e+04
128000 1.366464e-21 -4.094766e-18 -1.053599e-18 1.979451e+02
129000 1.462988e-21 -4.085930e-18 -1.035259e-18 2.119276e+02
130000 1.873978e-21 -3.181487e-18 3.865436e-22 2.714634e+02
131000 4.129892e-19 -3.087865e-18 4.454148e-19 5.982538e+04
132000 1.007349e-20 -4.095556e-18 -9.320776e-19 1.459240e+03
133000 1.358578e-20 -4.024756e-18 -8.630278e-19 1.968028e+03
134000 9.139040e-21 -4.026571e-18 -8.725574e-19 1.323876e+03
135000 1.069360e-20 -3.981136e-18 -5.868850e-19 1.549069e+03
136000 4.419506e-19 -4.047285e-18 -3.322819e-19 6.402070e+04
137000 1.791968e-19 -3.791465e-18 -3.719154e-19 2.595834e+04
138000 1.684375e-21 -3.900503e-18 -6.290428e-19 2.439975e+02
139000 2.518321e-21 -3.891323e-18 -6.349806e-19 3.648025e+02
140000 2.625815e-22 -3.883598e-18 -4.568584e-19 3.803739e+01
141000 3.300502e-21 -3.837037e-18 -4.665524e-19 4.781087e+02
142000 1.281658e-22 -3.833441e-18 -4.681095e-19 1.856603e+01
143000 2.065676e-19 -4.092454e-18 -4.992287e-19 2.992326e+04
144000 8.128889e-19 -2.960834e-18 1.212054e-18 1.177546e+05
145000 1.462741e-23 -3.817772e-18 -2.664628e-19 2.118917e+00
146000 3.336668e-21 -3.772595e-18 -2.853317e-19 4.833477e+02
147000 3.754280e-24 -3.781590e-18 -2.913096e-19 5.438427e-01
148000 2.972542e-22 -3.775674e-18 -2.897988e-19 4.306006e+01
149000 2.746573e-19 -4.087543e-18 -2.860753e-19 3.978669e+04
150000 2.131048e-19 -3.339443e-18 5.336614e-19 3.087023e+04
151000 1.895892e-21 -4.092438e-18 -4.638672e-19 2.746378e+02
152000 9.245308e-20 -3.201738e-18 5.370910e-19 1.339270e+04
153000 1.105185e-21 -3.127394e-18 4.836410e-19 1.600965e+02
154000 6.557879e-20 -3.694832e-18 -2.925284e-20 9.499705e+03
155000 1.167032e-21 -3.952554e-18 -1.531488e-19 1.690556e+02
156000 2.096106e-19 -4.026262e-18 -7.130779e-20 3.036407e+04
157000 6.009541e-22 -3.774935e-18 -4.919643e-20 8.705385e+01
158000 9.130876e-23 -3.778557e-18 -5.087362e-20 1.322693e+01
159000 2.781772e-21 -3.801939e-18 -3.506353e-20 4.029659e+02
160000 1.038812e-20 -3.157953e-18 7.949957e-19 1.504817e+03
161000 2.389501e-20 -3.947382e-18 -2.603797e-21 3.461417e+03
162000 3.117525e-19 -4.109998e-18 1.562564e-19 4.516028e+04
163000 1.015623e-19 -4.109655e-18 -8.249631e-20 1.471226e+04
164000 3.619040e-19 -4.093933e-18 1.412526e-19 5.242520e+04
165000 8.420755e-21 -3.807876e-18 2.208463e-19 1.219826e+03
166000 1.151360e-19 -4.050626e-18 1.040103e-19 1.667853e+04
167000 1.572210e-19 -3.665786e-18 4.514355e-19 2.277494e+04
168000 4.387246e-19 -4.092423e-18 3.323287e-19 6.355339e+04
169000 4.896019e-21 -4.091470e-18 -1.022300e-19 7.092345e+02
170000 1.538938e-19 -3.559571e-18 7.343230e-19 2.229297e+04
171000 3.100774e-21 -3.790176e-18 3.143888e-19 4.491763e+02
172000 1.676002e-21 -3.774041e-18 3.122784e-19 2.427847e+02
173000 1.013099e-21 -3.772433e-18 3.124323e-19 1.467570e+02
174000 1.352890e-22 -4.020862e-18 9.756958e-20 1.959789e+01
175000 1.423450e-21 -4.078158e-18 2.385465e-19 2.062001e+02
176000 7.238272e-19 -4.109988e-18 9.243677e-19 1.048532e+05
177000 4.129827e-22 -4.093422e-18 1.359450e-19 5.982444e+01
178000 1.669497e-19 -3.512220e-18 8.799962e-19 2.418423e+04
179000 2.327956e-19 -3.972138e-18 5.292493e-19 3.372264e+04
180000 5.419873e-24 -4.092733e-18 3.169793e-19 7.851196e-01
181000 4.718454e-21 -4.063755e-18 3.457931e-19 6.835124e+02
182000 3.710807e-21 -4.032536e-18 3.153523e-19 5.375453e+02
183000 1.627147e-21 -4.106239e-18 2.755006e-19 2.357075e+02
184000 9.794611e-22 -4.105179e-18 2.723293e-19 1.418842e+02
185000 2.179470e-19 -3.938666e-18 8.615483e-19 3.157168e+04
186000 1.598352e-21 -3.899654e-18 6.161331e-19 2.315363e+02
187000 5.891606e-23 -3.911746e-18 6.133832e-19 8.534545e+00
188000 3.243149e-25 -3.903744e-18 6.124129e-19 4.698006e-02
189000 2.025792e-23 -3.887504e-18 6.200097e-19 2.934551e+00
190000 3.120452e-23 -3.911850e-18 7.934317e-19 4.520269e+00
191000 1.612013e-20 -4.105346e-18 5.275369e-19 2.335153e+03
192000 5.979144e-22 -4.107640e-18 5.214108e-19 8.661353e+01
193000 1.333784e-20 -4.104452e-18 5.258780e-19 1.932111e+03
194000 1.037277e-19 -3.941166e-18 8.737150e-19 1.502593e+04
195000 1.463311e-19 -3.954533e-18 1.043151e-18 2.119744e+04
196000 3.096951e-24 -4.105547e-18 6.316738e-19 4.486225e-01
197000 1.104615e-24 -4.104245e-18 6.332812e-19 1.600139e-01
198000 4.457659e-21 -4.106859e-18 6.414832e-19 6.457339e+02
199000 5.336499e-20 -3.135572e-18 1.658320e-18 7.730421e+03
200000 3.484257e-21 -4.104273e-18 8.166548e-19 5.047274e+02
201000 4.405917e-23 -3.793731e-18 1.033945e-18 6.382386e+00
202000 5.436409e-21 -3.776934e-18 1.034900e-18 7.875151e+02
203000 2.277254e-21 -4.095652e-18 7.965484e-19 3.298817e+02
204000 5.177677e-22 -4.093941e-18 7.962192e-19 7.500352e+01
205000 4.487718e-19 -3.954287e-18 1.646696e-18 6.500882e+04
206000 2.618149e-21 -4.066517e-18 9.406438e-19 3.792636e+02
207000 9.310078e-21 -4.033480e-18 9.214507e-19 1.348652e+03
208000 6.782882e-19 -3.994136e-18 1.673565e-18 9.825643e+04
209000 1.731775e-19 -4.103557e-18 1.136996e-18 2.508639e+04
210000 6.267228e-20 -4.089659e-18 1.170826e-18 9.078669e+03
211000 1.746697e-21 -3.772767e-18 1.272986e-18 2.530255e+02
212000 1.083585e-21 -3.793055e-18 1.274427e-18 1.569675e+02
213000 5.870263e-22 -3.795386e-18 1.275959e-18 8.503628e+01
214000 2.218910e-21 -3.797053e-18 1.279203e-18 3.214300e+02
215000 4.481614e-21 -3.778164e-18 1.453606e-18 6.492039e+02
216000 1.638044e-19 -3.696456e-18 1.627374e-18 2.372861e+04
217000 4.030725e-20 -2.040164e-18 3.160143e-18 5.838885e+03
218000 4.481812e-19 -3.995843e-18 1.756236e-18 6.492326e+04
219000 2.851080e-19 -3.085833e-18 2.359275e-18 4.130058e+04
220000 5.983864e-20 -4.107875e-18 1.366814e-18 8.668190e+03
221000 9.908627e-22 -4.061858e-18 1.304583e-18 1.435358e+02
222000 3.044405e-22 -4.109008e-18 1.249446e-18 4.410107e+01
223000 3.638593e-20 -3.358354e-18 2.012327e-18 5.270844e+03
224000 1.085034e-18 -2.858030e-18 3.507004e-18 1.571774e+05
225000 5.101121e-22 -4.058953e-18 1.487513e-18 7.389454e+01
226000 2.696641e-21 -3.803560e-18 1.672181e-18 3.906338e+02
227000 3.796610e-20 -4.056833e-18 1.525076e-18 5.499747e+03
228000 2.342559e-20 -3.864307e-18 1.622846e-18 3.393418e+03
229000 8.117992e-21 -3.122456e-18 2.320549e-18 1.175968e+03
230000 5.651805e-21 -3.193022e-18 2.475749e-18 8.187171e+02
231000 3.116518e-19 -4.097025e-18 1.801083e-18 4.514569e+04
232000 2.356117e-19 -3.565939e-18 2.231230e-18 3.413058e+04
233000 6.940527e-23 -4.108986e-18 1.489294e-18 1.005401e+01
234000 8.485489e-20 -3.989626e-18 1.764099e-18 1.229203e+04
235000 7.647280e-22 -4.015673e-18 1.783874e-18 1.107780e+02
236000 6.525234e-19 -4.093137e-18 2.338223e-18 9.452415e+04
237000 4.281275e-19 -2.081600e-18 3.986528e-18 6.201830e+04
238000 1.817391e-21 -2.838445e-18 2.803373e-18 2.632662e+02
239000 8.006291e-19 -4.102157e-18 2.486983e-18 1.159787e+05
240000 1.057880e-19 -4.093166e-18 1.971247e-18 1.532438e+04
241000 1.025172e-22 -3.803631e-18 2.029540e-18 1.485058e+01
242000 7.747413e-20 -3.900624e-18 2.058799e-18 1.122286e+04
243000 5.398034e-21 -3.746164e-18 2.036276e-18 7.819560e+02
244000 8.133121e-20 -4.108450e-18 1.857988e-18 1.178159e+04
245000 1.292602e-19 -3.758665e-18 2.348488e-18 1.872456e+04
246000 4.228380e-19 -3.468782e-18 2.837254e-18 6.125207e+04
247000 6.923906e-20 -4.109068e-18 1.958721e-18 1.002993e+04
248000 3.026438e-21 -4.108047e-18 1.862340e-18 4.384080e+02
249000 8.991094e-20 -3.954704e-18 2.169472e-18 1.302445e+04
250000 2.513559e-21 -3.870254e-18 2.245201e-18 3.641127e+02
251000 8.622806e-20 -3.693262e-18 2.393432e-18 1.249095e+04
252000 7.375851e-24 -3.931081e-18 2.265950e-18 1.068461e+00
253000 5.869344e-19 -3.976102e-18 2.718265e-18 8.502297e+04
254000 1.728043e-21 -4.092748e-18 1.936096e-18 2.503234e+02
255000 2.424706e-20 -3.770653e-18 2.542764e-18 3.512414e+03
256000 2.189467e-19 -3.659916e-18 2.679032e-18 3.171649e+04
257000 7.212062e-23 -3.712658e-18 2.414012e-18 1.044735e+01
258000 7.335788e-22 -3.719922e-18 2.414965e-18 1.062658e+02
259000 2.082167e-21 -3.699053e-18 2.424234e-18 3.016214e+02
260000 3.323845e-22 -3.713254e-18 2.594130e-18 4.814903e+01
261000 1.811144e-23 -3.934611e-18 2.456083e-18 2.623612e+00
262000 3.750676e-20 -4.049531e-18 2.340116e-18 5.433207e+03
263000 3.200235e-23 -3.681700e-18 2.578896e-18 4.635841e+00
264000 1.269480e-21 -3.665529e-18 2.581062e-18 1.838961e+02
265000 5.769755e-22 -3.678160e-18 2.758406e-18 8.358033e+01
266000 1.058333e-20 -4.091066e-18 2.303784e-18 1.533094e+03
267000 1.865789e-20 -3.765802e-18 2.629172e-18 2.702771e+03
268000 6.263424e-23 -4.108125e-18 2.338333e-18 9.073159e+00
269000 3.019806e-20 -4.083875e-18 2.374055e-18 4.374474e+03
270000 3.332341e-19 -4.049811e-18 2.937255e-18 4.827209e+04
271000 4.166311e-22 -3.889113e-18 2.682808e-18 6.035294e+01
272000 3.108429e-20 -4.109998e-18 2.521039e-18 4.502853e+03
273000 8.565271e-19 -3.352282e-18 4.041556e-18 1.240760e+05
274000 2.445676e-19 -4.042089e-18 2.727703e-18 3.542791e+04
275000 1.383344e-20 -4.016972e-18 2.707259e-18 2.003904e+03
276000 6.580044e-19 -4.070822e-18 3.328117e-18 9.531814e+04
277000 6.378057e-19 -3.840495e-18 3.476650e-18 9.239216e+04
278000 2.573698e-19 -1.808653e-18 5.048717e-18 3.728244e+04
279000 7.857377e-23 -3.338218e-18 3.321836e-18 1.138215e+01
280000 5.298568e-19 -3.827935e-18 3.562904e-18 7.675475e+04
281000 2.400695e-19 -4.089006e-18 2.900186e-18 3.477632e+04
282000 1.748297e-20 -4.108829e-18 2.707638e-18 2.532573e+03
283000 2.382752e-20 -4.109066e-18 2.753318e-18 3.451640e+03
284000 4.424727e-21 -4.044304e-18 2.811512e-18 6.409634e+02
285000 2.024048e-19 -3.841411e-18 3.385896e-18 2.932025e+04
286000 3.845346e-20 -4.103573e-18 2.937498e-18 5.570345e+03
287000 6.816541e-19 -3.911284e-18 3.756742e-18 9.874402e+04
288000 1.045510e-18 -3.878823e-18 4.082691e-18 1.514519e+05
289000 4.898357e-19 -4.057749e-18 3.458182e-18 7.095731e+04
290000 9.732356e-20 -3.831276e-18 3.342829e-18 1.409823e+04
291000 4.110565e-19 -3.843845e-18 3.642507e-18 5.954540e+04
292000 2.667488e-18 -4.097547e-18 5.680395e-18 3.864107e+05
293000 6.339402e-20 -3.485052e-18 3.541320e-18 9.183221e+03
294000 1.614600e-20 -4.039929e-18 2.989857e-18 2.338900e+03
295000 3.279113e-22 -4.110000e-18 3.030328e-18 4.750104e+01
296000 1.267494e-23 -4.107862e-18 2.976897e-18 1.836084e+00
297000 1.692723e-21 -4.106413e-18 2.976131e-18 2.452068e+02
298000 1.094863e-21 -4.105835e-18 2.975689e-18 1.586012e+02
299000 1.166322e-21 -4.095089e-18 2.986077e-18 1.689527e+02
300000 1.434422e-22 -4.107857e-18 3.157006e-18 2.077895e+01
301000 1.915606e-21 -4.100633e-18 3.101283e-18 2.774935e+02
302000 5.046212e-21 -4.106165e-18 3.099382e-18 7.309913e+02
303000 1.212277e-21 -4.105865e-18 3.095691e-18 1.756097e+02
304000 1.399107e-21 -4.107286e-18 3.096147e-18 2.026738e+02
305000 2.443028e-22 -4.103590e-18 3.276674e-18 3.538956e+01
306000 3.869295e-21 -4.090674e-18 3.233198e-18 5.605038e+02
307000 2.151504e-21 -4.099084e-18 3.224198e-18 3.116656e+02
308000 9.212015e-22 -4.090528e-18 3.230396e-18 1.334447e+02
309000 1.879904e-22 -4.098053e-18 3.222707e-18 2.723218e+01
310000 8.196708e-21 -4.091816e-18 3.416388e-18 1.187370e+03
311000 2.886318e-22 -4.088390e-18 3.352085e-18 4.181103e+01
312000 2.269141e-22 -4.087020e-18 3.353288e-18 3.287064e+01
313000 1.141410e-20 -4.093011e-18 3.360744e-18 1.653440e+03
314000 2.408822e-22 -4.090400e-18 3.350431e-18 3.489406e+01
315000 1.834702e-21 -4.086713e-18 3.535189e-18 2.657738e+02
316000 1.915461e-21 -4.109114e-18 3.475197e-18 2.774726e+02
317000 7.879590e-23 -4.106916e-18 3.482581e-18 1.141433e+01
318000 1.844737e-22 -4.070815e-18 3.490052e-18 2.672275e+01
319000 1.222112e-20 -4.072361e-18 3.501029e-18 1.770344e+03
320000 1.002552e-21 -4.071027e-18 3.670711e-18 1.452291e+02
321000 1.373621e-22 -4.051149e-18 3.635378e-18 1.989819e+01
322000 2.022860e-22 -4.055775e-18 3.639495e-18 2.930303e+01
323000 1.561625e-21 -4.050172e-18 3.636609e-18 2.262161e+02
324000 6.438993e-22 -4.049412e-18 3.635671e-18 9.327488e+01
325000 2.694082e-21 -4.051364e-18 3.818004e-18 3.902632e+02
326000 1.998758e-21 -4.024507e-18 3.781474e-18 2.895390e+02
327000 5.298248e-21 -4.028572e-18 3.784782e-18 7.675011e+02
328000 2.464113e-23 -4.015781e-18 3.784911e-18 3.569500e+00
329000 1.830155e-22 -4.013412e-18 3.787158e-18 2.651151e+01
330000 4.674846e-22 -4.030696e-18 3.961007e-18 6.771954e+01
331000 3.944760e-19 -4.105057e-18 4.240410e-18 5.714356e+04
332000 1.142879e-22 -4.070383e-18 3.853123e-18 1.655568e+01
333000 7.768775e-22 -4.070924e-18 3.853862e-18 1.125380e+02
334000 5.374952e-22 -4.070515e-18 3.853557e-18 7.786123e+01
335000 5.550485e-22 -4.063505e-18 4.037345e-18 8.040399e+01
336000 6.410858e-22 -4.106913e-18 3.963183e-18 9.286731e+01
337000 1.899472e-20 -4.109826e-18 3.998273e-18 2.751563e+03
338000 4.772338e-21 -4.107757e-18 3.956327e-18 6.913180e+02
339000 2.154003e-21 -4.106761e-18 3.966997e-18 3.120276e+02
340000 4.454027e-21 -4.109096e-18 4.137400e-18 6.452077e+02
341000 3.070655e-22 -4.045531e-18 4.122766e-18 4.448132e+01
342000 4.470214e-21 -4.033067e-18 4.131709e-18 6.475526e+02
343000 1.581225e-21 -4.039818e-18 4.123862e-18 2.290554e+02
344000 6.078150e-25 -4.038071e-18 4.123249e-18 8.804772e-02
345000 1.395378e-21 -4.042112e-18 4.302997e-18 2.021337e+02
346000 7.062189e-22 -3.990933e-18 4.289775e-18 1.023025e+02
347000 6.051936e-21 -3.998798e-18 4.287284e-18 8.766799e+02
348000 1.960200e-21 -4.014700e-18 4.269514e-18 2.839534e+02
349000 5.349575e-22 -4.024039e-18 4.269885e-18 7.749362e+01
350000 4.008940e-21 -4.009989e-18 4.454757e-18 5.807327e+02
351000 1.077330e-19 -3.789866e-18 4.717867e-18 1.560614e+04
352000 7.819546e-20 -4.083483e-18 4.435237e-18 1.132735e+04
353000 2.078144e-19 -3.704189e-18 4.903626e-18 3.010387e+04
354000 1.161647e-21 -4.101442e-18 4.312193e-18 1.682756e+02
355000 3.331616e-21 -4.100686e-18 4.496796e-18 4.826159e+02
356000 1.504764e-21 -4.106854e-18 4.478512e-18 2.179792e+02
357000 1.464938e-21 -4.107302e-18 4.480241e-18 2.122100e+02
358000 3.222505e-21 -4.105041e-18 4.476066e-18 4.668101e+02
359000 4.506439e-22 -4.105808e-18 4.473776e-18 6.528001e+01
360000 3.969530e-24 -4.109740e-18 4.659218e-18 5.750238e-01
361000 4.436412e-22 -3.933897e-18 4.706547e-18 6.426561e+01
362000 3.377059e-21 -4.005381e-18 4.647454e-18 4.891988e+02
363000 3.653027e-22 -4.011085e-18 4.648542e-18 5.291753e+01
364000 6.704806e-22 -3.999330e-18 4.645168e-18 9.712542e+01
365000 2.710539e-22 -3.994011e-18 4.827795e-18 3.926470e+01
366000 1.099953e-22 -3.991938e-18 4.788400e-18 1.593386e+01
367000 4.155531e-21 -3.980510e-18 4.787384e-18 6.019678e+02
368000 1.789956e-21 -3.981846e-18 4.784665e-18 2.592919e+02
369000 3.898483e-22 -3.977420e-18 4.785075e-18 5.647320e+01
370000 5.512829e-23 -3.979730e-18 4.963574e-18 7.985852e+00
371000 1.563800e-21 -4.104407e-18 4.836739e-18 2.265312e+02
372000 4.600735e-20 -4.037364e-18 4.967156e-18 6.664598e+03
373000 1.349145e-19 -3.195031e-18 5.819883e-18 1.954364e+04
374000 2.718385e-22 -4.075438e-18 4.836828e-18 3.937837e+01
375000 5.362260e-21 -4.093758e-18 5.001220e-18 7.767739e+02
376000 1.390225e-20 -4.075097e-18 4.971650e-18 2.013872e+03
377000 6.602820e-22 -4.099677e-18 4.961730e-18 9.564806e+01
378000 3.309562e-22 -4.106714e-18 4.949916e-18 4.794211e+01
379000 1.048661e-20 -4.106481e-18 4.960552e-18 1.519085e+03
380000 1.359897e-20 -4.106450e-18 5.143755e-18 1.969938e+03
381000 9.027844e-22 -4.076993e-18 5.077402e-18 1.307768e+02
382000 2.601574e-24 -4.109228e-18 5.118024e-18 3.768625e-01
383000 6.045774e-22 -4.096134e-18 5.100494e-18 8.757873e+01
384000 3.646896e-20 -4.016466e-18 5.189858e-18 5.282871e+03
385000 7.235576e-20 -3.993911e-18 5.436498e-18 1.048141e+04
386000 3.078651e-20 -3.835551e-18 5.435236e-18 4.459715e+03
387000 1.376684e-21 -3.970707e-18 5.290598e-18 1.994256e+02
388000 5.060858e-21 -3.946790e-18 5.299232e-18 7.331129e+02
389000 3.994031e-22 -4.104570e-18 5.195258e-18 5.785730e+01
390000 6.810977e-24 -4.105713e-18 5.376430e-18 9.866341e-01
391000 1.541051e-21 -4.087952e-18 5.328983e-18 2.232358e+02
392000 8.890788e-22 -4.084393e-18 5.318938e-18 1.287914e+02
393000 4.259124e-20 -4.069901e-18 5.379602e-18 6.169742e+03
394000 3.002530e-21 -4.077644e-18 5.334905e-18 4.349447e+02
395000 1.863236e-20 -3.742099e-18 5.816533e-18 2.699073e+03
396000 2.402232e-23 -3.947436e-18 5.536891e-18 3.479859e+00
397000 6.117255e-22 -3.953908e-18 5.537935e-18 8.861419e+01
398000 6.463671e-22 -3.948238e-18 5.537299e-18 9.363235e+01
399000 1.319194e-22 -3.955206e-18 5.538264e-18 1.910976e+01
400000 4.521098e-22 -3.941236e-18 5.720683e-18 6.549236e+01
401000 1.372795e-20 -3.992600e-18 5.682046e-18 1.988623e+03
402000 1.230254e-21 -3.912081e-18 5.699167e-18 1.782138e+02
403000 5.459932e-22 -3.909519e-18 5.698329e-18 7.909225e+01
404000 2.713007e-21 -3.960135e-18 5.648996e-18 3.930046e+02
405000 8.395572e-21 -3.973037e-18 5.839729e-18 1.216178e+03
406000 1.712276e-20 -3.884683e-18 5.852545e-18 2.480393e+03
407000 2.873938e-20 -4.064371e-18 5.747336e-18 4.163169e+03
408000 3.341702e-20 -3.984313e-18 5.878537e-18 4.840769e+03
409000 2.601038e-22 -3.950099e-18 5.795986e-18 3.767849e+01
410000 4.739689e-22 -3.943333e-18 5.971254e-18 6.865885e+01
411000 3.689837e-20 -3.760912e-18 6.155168e-18 5.345076e+03
412000 1.285339e-19 -4.106312e-18 5.979055e-18 1.861935e+04
413000 3.972094e-22 -4.096177e-18 5.819996e-18 5.753952e+01
414000 4.324694e-23 -3.914804e-18 5.944896e-18 6.264727e+00
415000 1.583396e-22 -3.907877e-18 6.123175e-18 2.293698e+01
416000 3.876759e-23 -3.864746e-18 6.103001e-18 5.615850e+00
417000 7.589192e-22 -3.926424e-18 6.114387e-18 1.099366e+02
418000 3.057004e-20 -4.023440e-18 6.027459e-18 4.428358e+03
419000 1.280279e-19 -4.061451e-18 6.096926e-18 1.854604e+04
420000 2.073298e-22 -4.109659e-18 6.142655e-18 3.003367e+01
421000 8.156164e-23 -3.855188e-18 6.227881e-18 1.181497e+01
422000 9.821753e-22 -3.868797e-18 6.223164e-18 1.422773e+02
423000 3.099812e-20 -4.095440e-18 6.095749e-18 4.490370e+03
424000 6.691385e-21 -4.102871e-18 6.088050e-18 9.693101e+02
425000 3.789596e-20 -4.091214e-18 6.276559e-18 5.489587e+03
426000 6.940169e-21 -4.102120e-18 6.209108e-18 1.005349e+03
427000 4.550276e-21 -4.102943e-18 6.208579e-18 6.591503e+02
428000 1.069854e-21 -4.101245e-18 6.202655e-18 1.549785e+02
429000 1.597574e-21 -4.099170e-18 6.207718e-18 2.314237e+02
430000 4.328649e-22 -4.102366e-18 6.383027e-18 6.270456e+01
431000 2.144955e-21 -3.710930e-18 6.630993e-18 3.107169e+02
432000 2.149188e-20 -3.900881e-18 6.502571e-18 3.113302e+03
433000 2.923936e-19 -3.924436e-18 6.767507e-18 4.235596e+04
434000 8.818560e-21 -4.060340e-18 6.339305e-18 1.277451e+03
435000 1.064556e-19 -4.089824e-18 6.640984e-18 1.542109e+04
436000 2.658744e-20 -3.666379e-18 6.800321e-18 3.851440e+03
437000 4.145119e-20 -4.085916e-18 6.477423e-18 6.004595e+03
438000 3.691588e-23 -4.109169e-18 6.462756e-18 5.347612e+00
439000 4.793823e-21 -4.109892e-18 6.490095e-18 6.944304e+02
440000 1.720689e-20 -3.938698e-18 6.782057e-18 2.492580e+03
441000 1.237284e-23 -3.864879e-18 6.703021e-18 1.792323e+00
442000 1.106353e-22 -3.867248e-18 6.702611e-18 1.602656e+01
443000 6.862039e-22 -3.864700e-18 6.703746e-18 9.940310e+01
444000 5.063663e-24 -3.834995e-18 6.725257e-18 7.335193e-01
445000 3.114350e-21 -3.869658e-18 6.885429e-18 4.511429e+02
446000 8.126848e-21 -4.058894e-18 6.692572e-18 1.177250e+03
447000 8.547294e-22 -4.109541e-18 6.710378e-18 1.238156e+02
448000 1.501877e-22 -4.106626e-18 6.721794e-18 2.175611e+01
449000 2.169944e-20 -3.820794e-18 6.887633e-18 3.143368e+03
450000 8.080457e-23 -3.910835e-18 7.052606e-18 1.170530e+01
451000 2.370070e-20 -4.012331e-18 6.892394e-18 3.433269e+03
452000 4.717284e-21 -3.922348e-18 6.910188e-18 6.833430e+02
453000 2.904052e-19 -4.108308e-18 7.113739e-18 4.206792e+04
454000 1.334286e-21 -4.108880e-18 6.822479e-18 1.932839e+02
455000 7.807184e-20 -4.109803e-18 7.122727e-18 1.130944e+04
456000 5.021285e-19 -4.097286e-18 7.489528e-18 7.273804e+04
457000 9.048056e-20 -3.924963e-18 7.119332e-18 1.310696e+04
458000 2.979213e-19 -3.985357e-18 7.344050e-18 4.315670e+04
459000 2.137375e-21 -3.829905e-18 7.106107e-18 3.096189e+02
460000 8.308544e-22 -3.835598e-18 7.285682e-18 1.203571e+02
461000 7.598832e-22 -3.800303e-18 7.262839e-18 1.100762e+02
462000 2.003886e-21 -3.811026e-18 7.269837e-18 2.902818e+02
463000 3.263254e-21 -3.791857e-18 7.264444e-18 4.727131e+02
464000 6.332350e-24 -3.775072e-18 7.268326e-18 9.173005e-01
465000 9.115783e-22 -3.818878e-18 7.455017e-18 1.320507e+02
466000 2.494773e-20 -4.011373e-18 7.224475e-18 3.613914e+03
467000 4.109697e-24 -3.882201e-18 7.390111e-18 5.953283e-01
468000 5.141992e-22 -3.876361e-18 7.391878e-18 7.448660e+01
469000 5.097482e-21 -4.019927e-18 7.198899e-18 7.384182e+02
470000 1.736930e-21 -4.108737e-18 7.365967e-18 2.516107e+02
471000 4.667389e-22 -3.905510e-18 7.379202e-18 6.761152e+01
472000 2.672887e-22 -3.913844e-18 7.378704e-18 3.871929e+01
473000 1.508702e-21 -3.910921e-18 7.379295e-18 2.185496e+02
474000 4.347081e-21 -3.907288e-18 7.382497e-18 6.297156e+02
475000 1.672765e-21 -3.907229e-18 7.559838e-18 2.423157e+02
476000 4.429580e-23 -3.862493e-18 7.539298e-18 6.416663e+00
477000 1.641241e-20 -4.064742e-18 7.421997e-18 2.377493e+03
478000 2.801183e-21 -3.760391e-18 7.647906e-18 4.057777e+02
479000 5.057212e-21 -3.582491e-18 7.822567e-18 7.325847e+02
480000 2.050544e-22 -3.859104e-18 7.722127e-18 2.970406e+01
481000 4.033460e-21 -4.021812e-18 7.550631e-18 5.842846e+02
482000 3.545197e-20 -4.109891e-18 7.684127e-18 5.135551e+03
483000 7.003907e-21 -4.077071e-18 7.483543e-18 1.014582e+03
484000 4.277729e-20 -3.043428e-18 8.519350e-18 6.196693e+03
485000 6.502487e-22 -3.822982e-18 7.885927e-18 9.419465e+01
486000 1.719004e-20 -3.763832e-18 7.900708e-18 2.490139e+03
487000 1.150858e-22 -4.097216e-18 7.707982e-18 1.667126e+01
488000 4.404975e-20 -3.904724e-18 7.843978e-18 6.381021e+03
489000 2.919612e-19 -3.983073e-18 8.055547e-18 4.229332e+04
490000 2.453084e-19 -4.037207e-18 8.106547e-18 3.553523e+04
491000 9.595710e-20 -3.772731e-18 8.097865e-18 1.390029e+04
492000 2.593727e-20 -4.060781e-18 7.800782e-18 3.757258e+03
493000 1.370174e-19 -3.667023e-18 8.229994e-18 1.984826e+04
494000 2.484190e-22 -4.055521e-18 7.765292e-18 3.598583e+01
495000 1.027542e-25 -3.781126e-18 8.184628e-18 1.488492e-02
496000 7.765939e-21 -3.958743e-18 7.978803e-18 1.124969e+03
497000 5.185406e-20 -2.718933e-18 9.212921e-18 7.511548e+03
498000 5.695152e-23 -4.099017e-18 7.941438e-18 8.249963e+00
499000 5.953453e-22 -4.100285e-18 7.942519e-18 8.624138e+01
500000 2.474172e-22 -4.100962e-18 8.123635e-18 3.584071e+01
501000 5.465689e-21 -4.096960e-18 7.980013e-18 7.917565e+02
502000 2.425993e-19 -4.088197e-18 8.325064e-18 3.514280e+04
503000 8.163041e-23 -4.109711e-18 8.093836e-18 1.182493e+01
504000 3.843592e-23 -4.107128e-18 8.084876e-18 5.567805e+00
505000 9.449830e-21 -4.108500e-18 8.274267e-18 1.368897e+03
506000 3.904498e-19 -3.958348e-18 8.601957e-18 5.656033e+04
507000 1.801560e-21 -3.802769e-18 8.354014e-18 2.609729e+02
508000 2.790581e-22 -4.076694e-18 8.076691e-18 4.042419e+01
509000 8.816498e-19 -4.103914e-18 9.003715e-18 1.277153e+05
510000 1.715821e-19 -4.005097e-18 8.529714e-18 2.485528e+04
511000 2.616220e-21 -3.760267e-18 8.532100e-18 3.789840e+02
512000 6.043978e-22 -3.746306e-18 8.522025e-18 8.755271e+01
513000 3.994392e-20 -3.503795e-18 8.776149e-18 5.786253e+03
514000 2.327791e-20 -3.636668e-18 8.626610e-18 3.372025e+03
515000 9.137711e-20 -4.013888e-18 8.607082e-18 1.323683e+04
516000 3.022059e-19 -4.043150e-18 8.755410e-18 4.377737e+04
517000 4.447665e-21 -4.098754e-18 8.331811e-18 6.442862e+02
518000 4.079111e-22 -3.737562e-18 8.640180e-18 5.908977e+01
519000 2.209312e-21 -3.744840e-18 8.643142e-18 3.200397e+02
520000 3.450006e-23 -3.748626e-18 8.822391e-18 4.997659e+00
521000 2.817823e-23 -3.724692e-18 8.804735e-18 4.081882e+00
522000 2.106560e-21 -3.703129e-18 8.797299e-18 3.051550e+02
523000 4.062152e-20 -4.106837e-18 8.647990e-18 5.884410e+03
524000 1.043001e-18 -3.988454e-18 9.675146e-18 1.510885e+05
525000 6.356599e-24 -4.018910e-18 8.698106e-18 9.208133e-01
526000 7.721344e-19 -3.888420e-18 9.529106e-18 1.118509e+05
527000 3.871418e-19 -4.104508e-18 8.994946e-18 5.608113e+04
528000 9.497431e-19 -3.656696e-18 9.893539e-18 1.375792e+05
529000 3.724233e-19 -4.023824e-18 9.047209e-18 5.394902e+04
530000 3.415257e-20 -3.978004e-18 8.955664e-18 4.947321e+03
531000 2.021805e-22 -4.084200e-18 8.706362e-18 2.928775e+01
532000 3.561534e-19 -3.974373e-18 9.181921e-18 5.159217e+04
533000 7.780992e-21 -4.034362e-18 8.765756e-18 1.127150e+03
534000 2.059973e-19 -4.039810e-18 9.032368e-18 2.984065e+04
535000 9.091875e-19 -3.828423e-18 1.011707e-17 1.317044e+05
536000 4.073504e-19 -3.925747e-18 9.387422e-18 5.900854e+04
537000 1.604314e-19 -3.904800e-18 9.160349e-18 2.324000e+04
538000 3.882192e-20 -4.103774e-18 8.879447e-18 5.623721e+03
539000 7.118310e-21 -3.666624e-18 9.181751e-18 1.031154e+03
540000 2.353780e-22 -3.716324e-18 9.339331e-18 3.409671e+01
541000 1.152092e-20 -3.650135e-18 9.327274e-18 1.668914e+03
542000 3.488262e-22 -3.713701e-18 9.270469e-18 5.053076e+01
543000 1.657799e-19 -3.550826e-18 9.574954e-18 2.401477e+04
544000 1.884200e-19 -3.244195e-18 9.904225e-18 2.729442e+04
545000 7.359529e-19 -3.693676e-18 1.023735e-17 1.066097e+05
546000 2.268774e-20 -4.073316e-18 9.065084e-18 3.286533e+03
547000 4.749466e-21 -3.798356e-18 9.437507e-18 6.880048e+02
548000 5.020281e-21 -4.095719e-18 9.193938e-18 7.272350e+02
549000 4.196966e-20 -4.006688e-18 9.248867e-18 6.079700e+03
550000 8.319826e-20 -2.528474e-18 1.081472e-17 1.205205e+04
551000 1.275985e-20 -3.947441e-18 9.326508e-18 1.848384e+03
552000 1.861811e-19 -4.024608e-18 9.523150e-18 2.697009e+04
553000 1.037481e-23 -4.081256e-18 9.169128e-18 1.502889e+00
554000 5.441908e-21 -4.095914e-18 9.186856e-18 7.883116e+02
555000 2.638456e-19 -3.794508e-18 9.993777e-18 3.822052e+04
556000 2.211579e-19 -4.095604e-18 9.524751e-18 3.203681e+04
557000 9.014882e-22 -3.888598e-18 9.555321e-18 1.305891e+02
558000 6.762508e-21 -3.661951e-18 9.712637e-18 9.796129e+02
559000 1.189572e-20 -3.634191e-18 9.709187e-18 1.723206e+03
560000 3.371344e-19 -4.092158e-18 9.841053e-18 4.883709e+04
561000 1.307465e-18 -4.101797e-18 1.087419e-17 1.893986e+05
562000 9.652727e-20 -4.020719e-18 9.680072e-18 1.398288e+04
563000 2.469804e-19 -3.534230e-18 1.015275e-17 3.577743e+04
564000 4.671064e-20 -3.596138e-18 9.891176e-18 6.766476e+03
565000 1.331219e-20 -4.107476e-18 9.667428e-18 1.928396e+03
566000 2.847049e-19 -3.783735e-18 1.007535e-17 4.124218e+04
567000 2.195124e-19 -2.665314e-18 1.111420e-17 3.179843e+04
568000 1.761569e-20 -4.013845e-18 9.693626e-18 2.551799e+03
569000 2.499377e-19 -3.913532e-18 9.964088e-18 3.620583e+04
570000 7.146462e-19 -3.905871e-18 1.061433e-17 1.035232e+05
571000 2.402700e-20 -1.852121e-18 1.185191e-17 3.480537e+03
572000 1.240504e-18 -4.050629e-18 1.097749e-17 1.796987e+05
573000 1.141605e-21 -3.787339e-18 9.909064e-18 1.653722e+02
574000 4.159429e-21 -3.912021e-18 9.895628e-18 6.025324e+02
575000 1.613287e-19 -3.603699e-18 1.041763e-17 2.336998e+04
576000 2.755295e-19 -4.045534e-18 1.015789e-17 3.991304e+04
577000 1.025286e-20 -3.521567e-18 1.028869e-17 1.485223e+03
578000 4.060479e-19 -4.030430e-18 1.025333e-17 5.881987e+04
579000 7.566549e-19 -4.056847e-18 1.058455e-17 1.096086e+05
580000 9.349579e-19 -4.099390e-18 1.103235e-17 1.354375e+05
581000 5.539023e-20 -3.985666e-18 1.010319e-17 8.023796e+03
582000 6.122650e-20 -3.686127e-18 1.029700e-17 8.869235e+03
583000 2.539941e-19 -1.018627e-18 1.315537e-17 3.679344e+04
584000 2.103394e-20 -4.085157e-18 9.985869e-18 3.046964e+03
585000 7.920183e-20 -4.086094e-18 1.020970e-17 1.147313e+04
586000 3.654762e-20 -3.748551e-18 1.047455e-17 5.294266e+03
587000 9.952043e-20 -4.035914e-18 1.017512e-17 1.441647e+04
588000 6.149858e-19 -4.062283e-18 1.065770e-17 8.908648e+04
589000 2.425480e-19 -4.039449e-18 1.039017e-17 3.513536e+04
590000 1.360756e-18 -2.676982e-18 1.290377e-17 1.971184e+05
591000 5.114471e-21 -3.770134e-18 1.056057e-17 7.408793e+02
592000 1.095000e-19 -3.111419e-18 1.115808e-17 1.586210e+04
593000 6.535539e-19 -4.016371e-18 1.096640e-17 9.467343e+04
594000 2.597596e-20 -4.035333e-18 1.030551e-17 3.762862e+03
595000 1.243639e-19 -3.276360e-18 1.118800e-17 1.801528e+04
596000 4.070110e-20 -3.984952e-18 1.044769e-17 5.895937e+03
597000 3.630974e-19 -4.109967e-18 1.078006e-17 5.259808e+04
598000 6.762299e-20 -3.914908e-18 1.055136e-17 9.795826e+03
599000 2.216294e-20 -4.048854e-18 1.031641e-17 3.210510e+03
600000 2.739750e-19 -3.672156e-18 1.113092e-17 3.968786e+04
601000 4.776373e-20 -4.036505e-18 1.056436e-17 6.919026e+03
602000 1.374739e-18 -4.072988e-18 1.174790e-17 1.991438e+05
603000 2.870841e-21 -3.594987e-18 1.081193e-17 4.158683e+02
604000 2.602791e-20 -3.583948e-18 1.084380e-17 3.770388e+03
605000 6.271203e-21 -3.600170e-18 1.099196e-17 9.084428e+02
606000 8.008280e-21 -3.150530e-18 1.148820e-17 1.160075e+03
607000 3.092757e-18 -3.772330e-18 1.386792e-17 4.480150e+05
608000 4.330734e-22 -3.096609e-18 1.143091e-17 6.273475e+01
609000 1.461450e-21 -3.106498e-18 1.142952e-17 2.117047e+02
610000 1.857312e-21 -3.110072e-18 1.161020e-17 2.690492e+02
611000 5.219307e-22 -3.051711e-18 1.159688e-17 7.560657e+01
612000 1.662854e-21 -3.038380e-18 1.160619e-17 2.408800e+02
613000 6.922346e-21 -4.074965e-18 1.069061e-17 1.002767e+03
614000 3.049745e-19 -3.566014e-18 1.142040e-17 4.417843e+04
615000 1.985553e-19 -4.073150e-18 1.108596e-17 2.876261e+04
616000 2.590348e-19 -3.718868e-18 1.146023e-17 3.752363e+04
617000 3.609700e-20 -2.940920e-18 1.185518e-17 5.228990e+03
618000 8.257933e-23 -4.109942e-18 1.088650e-17 1.196239e+01
619000 4.620806e-21 -3.706276e-18 1.107229e-17 6.693672e+02
620000 1.164196e-21 -3.694747e-18 1.125126e-17 1.686448e+02
621000 1.861222e-20 -3.879157e-18 1.108127e-17 2.696155e+03
622000 6.605178e-20 -4.003609e-18 1.112795e-17 9.568222e+03
623000 7.860640e-19 -2.869207e-18 1.279686e-17 1.138688e+05
624000 6.417991e-19 -4.092353e-18 1.165513e-17 9.297064e+04
625000 3.271171e-21 -3.787964e-18 1.146895e-17 4.738598e+02
626000 6.307827e-21 -4.074671e-18 1.097979e-17 9.137482e+02
627000 5.443415e-19 -4.079857e-18 1.155162e-17 7.885299e+04
628000 1.871026e-19 -3.495745e-18 1.169216e-17 2.710358e+04
629000 9.909315e-19 -4.070768e-18 1.199086e-17 1.435457e+05
630000 3.383996e-19 -3.755684e-18 1.194312e-17 4.902037e+04
631000 3.321592e-20 -4.080832e-18 1.117240e-17 4.811639e+03
632000 2.395739e-18 -3.527138e-18 1.398895e-17 3.470453e+05
633000 6.377654e-21 -1.010523e-18 1.411585e-17 9.238632e+02
634000 1.682008e-19 -3.709813e-18 1.176039e-17 2.436546e+04
635000 4.388575e-19 -2.475968e-18 1.327780e-17 6.357263e+04
636000 2.664892e-19 -3.171058e-18 1.233548e-17 3.860347e+04
637000 6.542726e-21 -3.983253e-18 1.137121e-17 9.477754e+02
638000 2.749925e-20 -4.106125e-18 1.139690e-17 3.983525e+03
639000 2.461199e-21 -4.109892e-18 1.136830e-17 3.565278e+02
640000 3.985479e-20 -3.827986e-18 1.170334e-17 5.773342e+03
641000 7.641890e-19 -4.080315e-18 1.212265e-17 1.107000e+05
642000 2.006644e-20 -3.656179e-18 1.182785e-17 2.906812e+03
643000 2.482055e-19 -4.076063e-18 1.158556e-17 3.595490e+04
644000 1.047412e-20 -4.046512e-18 1.138985e-17 1.517275e+03
645000 3.869459e-19 -3.608254e-18 1.237758e-17 5.605276e+04
646000 1.470035e-18 -4.109950e-18 1.308810e-17 2.129484e+05
647000 3.587697e-20 -3.170075e-18 1.234584e-17 5.197117e+03
648000 7.999937e-21 -4.035932e-18 1.160607e-17 1.158866e+03
649000 4.825519e-20 -4.098329e-18 1.152679e-17 6.990219e+03
650000 1.046665e-18 -3.152058e-18 1.355461e-17 1.516193e+05
651000 1.138381e-19 -3.476187e-18 1.223780e-17 1.649052e+04
652000 5.329736e-21 -2.767214e-18 1.283812e-17 7.720624e+02
653000 4.686952e-20 -4.016073e-18 1.175609e-17 6.789490e+03
654000 8.130767e-19 -3.845308e-18 1.267926e-17 1.177818e+05
655000 3.259505e-20 -3.105370e-18 1.270723e-17 4.721699e+03
656000 9.533476e-20 -4.068450e-18 1.180158e-17 1.381014e+04
657000 4.922921e-20 -3.328935e-18 1.244029e-17 7.131315e+03
658000 1.353878e-19 -3.235763e-18 1.264076e-17 1.961220e+04
659000 3.174754e-20 -4.035321e-18 1.187131e-17 4.598930e+03
660000 1.642440e-19 -4.102642e-18 1.223303e-17 2.379229e+04
661000 4.672103e-21 -2.768563e-18 1.309485e-17 6.767981e+02
662000 9.765585e-19 -4.075818e-18 1.279297e-17 1.414637e+05
663000 6.141630e-22 -4.109698e-18 1.196918e-17 8.896729e+01
664000 3.946864e-19 -3.906320e-19 1.584405e-17 5.717404e+04
665000 8.437252e-20 -3.603234e-18 1.261975e-17 1.222215e+04
666000 3.499687e-19 -3.354264e-18 1.295570e-17 5.069626e+04
667000 7.664039e-21 -4.090329e-18 1.208504e-17 1.110208e+03
668000 2.739497e-21 -3.763631e-18 1.221520e-17 3.968419e+02
669000 1.589971e-21 -3.778201e-18 1.222098e-17 2.303223e+02
670000 2.760075e-23 -3.772087e-18 1.239506e-17 3.998228e+00
671000 7.364773e-20 -3.448348e-18 1.270767e-17 1.066857e+04
672000 6.306235e-20 -4.084490e-18 1.213926e-17 9.135175e+03
673000 1.681963e-19 -3.860403e-18 1.250059e-17 2.436482e+04
674000 3.119616e-19 -3.894844e-18 1.260037e-17 4.519057e+04
675000 3.233287e-20 -4.109556e-18 1.226643e-17 4.683720e+03
676000 1.175053e-21 -4.106483e-18 1.220894e-17 1.702175e+02
677000 3.291869e-22 -4.107669e-18 1.220868e-17 4.768581e+01
678000 4.152638e-21 -4.106543e-18 1.221180e-17 6.015486e+02
679000 1.673600e-21 -4.107248e-18 1.220899e-17 2.424367e+02
680000 2.289605e-22 -4.106168e-18 1.238880e-17 3.316708e+01
681000 1.420523e-18 -4.109888e-18 1.377234e-17 2.057762e+05
682000 1.965936e-19 -4.050663e-18 1.264480e-17 2.847843e+04
683000 2.012970e-19 -3.683199e-18 1.299291e-17 2.915977e+04
684000 7.221029e-19 -4.096135e-18 1.307573e-17 1.046034e+05
685000 1.154111e-21 -3.665042e-18 1.289143e-17 1.671838e+02
686000 8.289809e-22 -2.989338e-18 1.345150e-17 1.200857e+02
687000 5.529946e-20 -3.665875e-18 1.294624e-17 8.010648e+03
688000 1.442454e-22 -4.108366e-18 1.248681e-17 2.089531e+01
689000 3.344616e-18 -3.562477e-18 1.628193e-17 4.844991e+05
690000 4.060942e-20 -4.090035e-18 1.277449e-17 5.882657e+03
691000 3.930414e-19 -3.957015e-18 1.304663e-17 5.693575e+04
692000 6.164828e-19 -2.985683e-18 1.419080e-17 8.930333e+04
693000 6.528829e-19 -3.166534e-18 1.407369e-17 9.457623e+04
694000 3.435981e-18 -3.687323e-18 1.636758e-17 4.977342e+05
695000 2.090804e-19 -4.083939e-18 1.301176e-17 3.028727e+04
696000 1.467138e-19 -3.579381e-18 1.329831e-17 2.125288e+04
697000 1.024233e-19 -3.976208e-18 1.289261e-17 1.483698e+04
698000 2.204599e-20 -4.104894e-18 1.274771e-17 3.193570e+03
699000 1.114704e-21 -4.063399e-18 1.268335e-17 1.614754e+02
700000 3.198759e-20 -4.003838e-18 1.307346e-17 4.633703e+03
701000 4.444794e-20 -3.609361e-18 1.330364e-17 6.438703e+03
702000 3.942805e-19 -1.849408e-18 1.534487e-17 5.711524e+04
703000 9.859752e-21 -3.987198e-18 1.290316e-17 1.428278e+03
704000 4.667703e-19 -3.759644e-18 1.366346e-17 6.761607e+04
705000 3.379481e-19 -3.647924e-18 1.367188e-17 4.895496e+04
706000 1.388894e-18 -3.092895e-18 1.527157e-17 2.011944e+05
707000 1.180578e-18 -3.615509e-18 1.449247e-17 1.710178e+05
708000 1.239957e-18 -4.044773e-18 1.418300e-17 1.796195e+05
709000 2.254740e-19 -4.044256e-18 1.316953e-17 3.266203e+04
710000 5.026598e-20 -2.980987e-18 1.416928e-17 7.281501e+03
711000 1.778987e-18 -4.062914e-18 1.482928e-17 2.577031e+05
712000 5.749793e-19 -3.204533e-18 1.452434e-17 8.329116e+04
713000 1.898654e-21 -3.720956e-18 1.333571e-17 2.750379e+02
714000 4.637597e-19 -3.753556e-18 1.380561e-17 6.717995e+04
715000 1.140916e-19 -2.481441e-18 1.493138e-17 1.652725e+04
716000 1.190217e-19 -4.088730e-18 1.343447e-17 1.724141e+04
717000 3.617888e-19 -3.987389e-18 1.365113e-17 5.240851e+04
718000 5.805248e-21 -3.928884e-18 1.341106e-17 8.409448e+02
719000 1.169957e-19 -3.985581e-18 1.340470e-17 1.694793e+04
720000 2.153840e-18 -3.598400e-18 1.606748e-17 3.120040e+05
721000 2.575692e-18 -3.358819e-18 1.649687e-17 3.731133e+05
722000 4.210797e-19 -3.790694e-18 1.404406e-17 6.099736e+04
723000 1.832905e-21 -3.505141e-18 1.379223e-17 2.655136e+02
724000 5.505693e-19 -3.397223e-18 1.445630e-17 7.975514e+04
725000 3.526202e-19 -1.549973e-18 1.626265e-17 5.108036e+04
726000 1.687444e-18 -3.937697e-18 1.536954e-17 2.444421e+05
727000 7.969780e-22 -4.044648e-18 1.339502e-17 1.154498e+02
728000 2.906629e-19 -2.742480e-18 1.494818e-17 4.210526e+04
729000 1.317339e-19 -4.108084e-18 1.355518e-17 1.908289e+04
730000 1.224524e-18 -3.765654e-18 1.529734e-17 1.773838e+05
731000 9.891577e-19 -4.093316e-18 1.460730e-17 1.432888e+05
732000 1.106094e-20 -3.879986e-18 1.376612e-17 1.602282e+03
733000 7.038428e-19 -3.931540e-18 1.437505e-17 1.019582e+05
734000 5.438426e-19 -4.106835e-18 1.421740e-17 7.878072e+04
735000 2.685790e-18 -2.631854e-18 1.775419e-17 3.890620e+05
736000 1.544110e-18 -4.108476e-18 1.533394e-17 2.236788e+05
737000 1.373255e-20 -1.874512e-18 1.577922e-17 1.989289e+03
738000 1.854425e-23 -4.109690e-18 1.378144e-17 2.686308e+00
739000 1.247587e-18 -3.943589e-18 1.510737e-17 1.807247e+05
740000 4.574216e-20 -4.097551e-18 1.392121e-17 6.626183e+03
741000 2.866576e-19 -4.086943e-18 1.401085e-17 4.152505e+04
742000 1.407568e-21 -2.285198e-18 1.547621e-17 2.038994e+02
743000 7.166847e-22 -3.063592e-18 1.471408e-17 1.038185e+02
744000 1.818067e-22 -3.069449e-18 1.471382e-17 2.633641e+01
745000 1.924570e-21 -3.051576e-18 1.489834e-17 2.787920e+02
746000 2.562047e-19 -3.741934e-18 1.449530e-17 3.711367e+04
747000 1.107173e-19 -3.844433e-18 1.432362e-17 1.603844e+04
748000 3.126363e-21 -4.039359e-18 1.390008e-17 4.528831e+02
749000 4.783037e-22 -3.618896e-18 1.427132e-17 6.928680e+01
750000 2.296661e-21 -3.618640e-18 1.445319e-17 3.326930e+02
751000 2.243539e-18 -3.326977e-18 1.697407e-17 3.249978e+05
752000 4.298286e-19 -1.510147e-18 1.694407e-17 6.226472e+04
753000 2.636717e-21 -2.761426e-18 1.524121e-17 3.819533e+02
754000 9.612645e-20 -3.515306e-18 1.460892e-17 1.392482e+04
755000 1.246316e-18 -4.109482e-18 1.544193e-17 1.805406e+05
756000 1.753462e-19 -2.149081e-18 1.614626e-17 2.540055e+04
757000 3.202507e-19 -3.677592e-18 1.480127e-17 4.639133e+04
758000 1.259083e-20 -3.273195e-18 1.487835e-17 1.823901e+03
759000 1.298369e-22 -3.678784e-18 1.447857e-17 1.880809e+01
760000 2.539009e-20 -4.104120e-18 1.435543e-17 3.677993e+03
761000 2.251951e-21 -3.769907e-18 1.449785e-17 3.262162e+02
762000 1.317684e-20 -4.044136e-18 1.424894e-17 1.908789e+03
763000 3.738432e-20 -2.569452e-18 1.572162e-17 5.415471e+03
764000 2.306033e-20 -3.834938e-18 1.462048e-17 3.340506e+03
765000 2.506752e-20 -3.990830e-18 1.453236e-17 3.631267e+03
766000 1.402679e-19 -4.038896e-18 1.451980e-17 2.031912e+04
767000 3.466007e-19 -3.357056e-18 1.540457e-17 5.020838e+04
768000 6.379506e-22 -4.070308e-18 1.440598e-17 9.241315e+01
769000 5.251276e-22 -3.802640e-18 1.467859e-17 7.606967e+01
770000 1.051780e-18 -3.498587e-18 1.610291e-17 1.523602e+05
771000 9.211280e-22 -4.108448e-18 1.460459e-17 1.334341e+02
772000 2.893759e-21 -3.518484e-18 1.499562e-17 4.191882e+02
773000 2.079376e-19 -4.086037e-18 1.479500e-17 3.012172e+04
774000 6.430356e-21 -1.935885e-18 1.655055e-17 9.314975e+02
775000 4.596269e-19 -2.702090e-18 1.642221e-17 6.658129e+04
776000 1.854253e-18 -3.999262e-18 1.662283e-17 2.686061e+05
777000 1.631678e-18 -3.969028e-18 1.642259e-17 2.363639e+05
778000 5.385121e-19 -4.105906e-18 1.530264e-17 7.800854e+04
779000 9.333809e-20 -3.338246e-18 1.535509e-17 1.352090e+04
780000 2.465875e-19 -3.758795e-18 1.533253e-17 3.572053e+04
781000 4.723879e-23 -3.721645e-18 1.503855e-17 6.842983e+00
782000 1.120333e-19 -2.724318e-18 1.610772e-17 1.622908e+04
783000 1.968069e-18 -4.046548e-18 1.679233e-17 2.850933e+05
784000 5.229621e-20 -4.056814e-18 1.479078e-17 7.575597e+03
785000 9.297247e-19 -3.999618e-18 1.599807e-17 1.346794e+05
786000 4.069658e-19 -4.033398e-18 1.527521e-17 5.895283e+04
787000 7.752177e-20 -3.702373e-18 1.523899e-17 1.122976e+04
788000 3.126625e-19 -1.166481e-18 1.798618e-17 4.529211e+04
789000 1.402554e-19 -1.485413e-18 1.750042e-17 2.031731e+04
790000 1.998276e-18 -4.104214e-18 1.708194e-17 2.894691e+05
791000 8.591942e-20 -2.770340e-18 1.628079e-17 1.244624e+04
792000 9.682281e-19 -4.012448e-18 1.611921e-17 1.402569e+05
793000 3.708639e-19 -1.995511e-18 1.733535e-17 5.372313e+04
794000 1.745399e-22 -4.108954e-18 1.500257e-17 2.528375e+01
795000 1.528269e-22 -4.108689e-18 1.518405e-17 2.213841e+01
796000 2.082697e-23 -4.109424e-18 1.515754e-17 3.016983e+00
797000 2.765056e-19 -3.781646e-18 1.571715e-17 4.005444e+04
798000 3.354185e-20 -4.749701e-19 1.863857e-17 4.858853e+03
799000 2.758848e-19 -3.942614e-18 1.557881e-17 3.996451e+04
800000 1.393093e-19 -3.460794e-18 1.594087e-17 2.018026e+04
801000 2.328574e-18 -3.923118e-18 1.777890e-17 3.373158e+05
802000 3.115736e-19 -3.621263e-18 1.596179e-17 4.513437e+04
803000 1.713677e-18 -4.100613e-18 1.700035e-17 2.482422e+05
804000 2.022416e-19 -3.713881e-18 1.577583e-17 2.929659e+04
805000 7.781487e-21 -3.960360e-18 1.563403e-17 1.127222e+03
806000 1.605840e-18 -3.908892e-18 1.714308e-17 2.326211e+05
807000 2.504916e-19 -2.738751e-18 1.686161e-17 3.628606e+04
808000 4.377891e-22 -3.963037e-18 1.540920e-17 6.341786e+01
809000 6.476457e-19 -1.450401e-18 1.851724e-17 9.381758e+04
810000 5.840476e-20 -3.383431e-18 1.617497e-17 8.460479e+03
811000 2.594948e-18 -2.525168e-18 1.950978e-17 3.759026e+05
812000 2.428143e-21 -4.103059e-18 1.552186e-17 3.517394e+02
813000 3.090539e-19 -3.175270e-18 1.673594e-17 4.476937e+04
814000 1.309608e-21 -3.466287e-18 1.603727e-17 1.897091e+02
815000 4.572390e-19 -4.091653e-18 1.626643e-17 6.623537e+04
816000 3.844017e-19 -3.967606e-18 1.612019e-17 5.568420e+04
817000 1.228067e-18 -3.861599e-18 1.704948e-17 1.778971e+05
818000 1.281747e-20 -3.670093e-18 1.602990e-17 1.856731e+03
819000 1.889251e-19 -3.178381e-18 1.657065e-17 2.736757e+04
820000 4.507719e-19 -3.907126e-18 1.642106e-17 6.529855e+04
821000 1.577205e-18 -3.474158e-18 1.782123e-17 2.284730e+05
822000 2.012474e-21 -3.612097e-18 1.612107e-17 2.915258e+02
823000 1.106235e-18 -4.023128e-18 1.691401e-17 1.602485e+05
824000 1.751035e-18 -1.710140e-18 1.972090e-17 2.536539e+05
825000 2.248014e-18 -3.124753e-18 1.908077e-17 3.256459e+05
826000 1.538317e-18 -4.046446e-18 1.732857e-17 2.228397e+05
827000 5.662482e-19 -3.209577e-18 1.725581e-17 8.202639e+04
828000 1.150076e-19 -4.095451e-18 1.604986e-17 1.665993e+04
829000 2.834853e-19 -3.872461e-18 1.633867e-17 4.106552e+04
830000 5.995425e-19 -2.310205e-18 1.826934e-17 8.684938e+04
831000 2.123902e-19 -3.704835e-18 1.652502e-17 3.076672e+04
832000 8.096840e-20 -3.868509e-18 1.622183e-17 1.172903e+04
833000 6.906469e-20 -2.914038e-18 1.707503e-17 1.000467e+04
834000 8.402781e-22 -4.108255e-18 1.602716e-17 1.217222e+02
835000 5.141209e-19 -3.607780e-18 1.706484e-17 7.447525e+04
836000 9.526948e-19 -3.928318e-18 1.728242e-17 1.380068e+05
837000 4.465996e-19 -1.487706e-18 1.900548e-17 6.469415e+04
838000 9.592933e-22 -3.006371e-18 1.705315e-17 1.389627e+02
839000 4.164500e-22 -3.017491e-18 1.705401e-17 6.032670e+01
840000 1.597980e-21 -3.019726e-18 1.723580e-17 2.314824e+02
841000 1.134148e-20 -4.104091e-18 1.625403e-17 1.642920e+03
842000 5.155907e-19 -1.740726e-18 1.893486e-17 7.468816e+04
843000 2.049773e-19 -4.110000e-18 1.645288e-17 2.969289e+04
844000 1.029722e-18 -3.746512e-18 1.754085e-17 1.491649e+05
845000 7.183888e-20 -2.609390e-18 1.780245e-17 1.040654e+04
846000 4.214953e-19 -3.650291e-18 1.711264e-17 6.105756e+04
847000 1.571412e-21 -4.109355e-18 1.635800e-17 2.276339e+02
848000 7.581703e-20 -3.325481e-18 1.708748e-17 1.098281e+04
849000 1.488257e-19 -3.545271e-18 1.690073e-17 2.155880e+04
850000 4.221177e-19 -4.109203e-18 1.702255e-17 6.114772e+04
851000 8.681008e-20 -4.023172e-18 1.656478e-17 1.257526e+04
852000 1.260337e-18 -4.074738e-18 1.766169e-17 1.825717e+05
853000 1.635586e-20 -4.085431e-18 1.651898e-17 2.369301e+03
854000 2.592717e-20 -4.099998e-18 1.647191e-17 3.755795e+03
855000 5.368339e-19 -4.064644e-18 1.720531e-17 7.776544e+04
856000 6.654334e-20 -3.468872e-18 1.711767e-17 9.639429e+03
857000 6.836125e-21 -4.103607e-18 1.664625e-17 9.902771e+02
858000 5.348764e-20 -3.777663e-18 1.695985e-17 7.748189e+03
859000 1.588239e-20 -4.108323e-18 1.660960e-17 2.300714e+03
860000 6.830731e-22 -4.102503e-18 1.677994e-17 9.894957e+01
861000 1.847368e-19 -1.360966e-18 1.946377e-17 2.676086e+04
862000 4.145320e-19 -2.759478e-18 1.829505e-17 6.004886e+04
863000 1.155020e-18 -3.751591e-18 1.817459e-17 1.673156e+05
864000 1.373308e-19 -2.425601e-18 1.838129e-17 1.989366e+04
865000 1.713322e-18 -3.632049e-18 1.901356e-17 2.481908e+05
866000 9.477423e-21 -4.029902e-18 1.690763e-17 1.372894e+03
867000 3.966647e-19 -2.859772e-18 1.829737e-17 5.746062e+04
868000 1.448110e-19 -4.048763e-18 1.697134e-17 2.097724e+04
869000 1.921799e-19 -3.606473e-18 1.761333e-17 2.783907e+04
870000 1.120146e-22 -3.084546e-18 1.785557e-17 1.622637e+01
871000 1.446971e-19 -4.091574e-18 1.715366e-17 2.096074e+04
872000 1.889239e-18 -2.015816e-18 2.075342e-17 2.736741e+05
873000 1.190184e-18 -3.942224e-18 1.819807e-17 1.724094e+05
874000 6.025749e-22 -3.782636e-18 1.711596e-17 8.728865e+01
875000 4.504308e-21 -5.722426e-19 2.049226e-17 6.524914e+02
876000 1.716955e-19 -3.814158e-18 1.750673e-17 2.487170e+04
877000 2.212775e-19 -3.999129e-18 1.735101e-17 3.205413e+04
878000 7.770355e-21 -3.955100e-18 1.720842e-17 1.125609e+03
879000 2.999941e-20 -3.956423e-18 1.722919e-17 4.345698e+03
