step K U E temp
0 1.592034e-21 -4.086514e-20 -3.927311e-20 2.306211e+02
1000 1.334262e-21 -4.102326e-20 -3.968900e-20 1.932803e+02
2000 1.149814e-21 -3.965511e-20 -3.850530e-20 1.665613e+02
3000 7.288929e-25 -3.347974e-20 -3.347901e-20 1.055870e-01
4000 6.544520e-22 -3.915315e-20 -3.849870e-20 9.480354e+01
5000 4.962784e-21 -4.095740e-20 1.140054e-19 7.189060e+02
6000 1.924474e-22 -4.034012e-20 5.985233e-20 2.787782e+01
7000 1.755617e-21 -3.822048e-20 6.353514e-20 2.543176e+02
8000 1.459659e-23 -3.650726e-20 6.350733e-20 2.114453e+00
9000 9.981508e-26 -4.037870e-20 5.962140e-20 1.445915e-02
10000 1.558254e-20 -3.797365e-20 2.276089e-19 2.257278e+03
11000 4.674163e-21 -4.108872e-20 1.635854e-19 6.770965e+02
12000 7.658367e-21 -4.107258e-20 1.665858e-19 1.109387e+03
13000 1.465815e-23 -3.931696e-20 1.606977e-19 2.123370e+00
14000 1.908475e-21 -3.963784e-20 1.622706e-19 2.764605e+02
15000 2.085098e-22 -4.109431e-20 3.091142e-19 3.020460e+01
16000 2.792533e-21 -4.107271e-20 2.620234e-19 4.045247e+02
17000 1.267232e-21 -4.109542e-20 2.643024e-19 1.835705e+02
18000 1.462201e-21 -4.107604e-20 2.606198e-19 2.118135e+02
19000 3.075706e-22 -4.108068e-20 2.594820e-19 4.455450e+01
20000 3.125329e-21 -4.105290e-20 4.145661e-19 4.527333e+02
21000 1.469960e-21 -3.990899e-20 3.615610e-19 2.129376e+02
22000 1.510721e-21 -3.945612e-20 3.620546e-19 2.188421e+02
23000 8.875007e-23 -3.924146e-20 3.608473e-19 1.285628e+01
24000 1.102003e-21 -4.034051e-20 3.607615e-19 1.596356e+02
25000 4.365650e-22 -4.095882e-20 5.094783e-19 6.324055e+01
26000 6.541146e-23 -4.072786e-20 4.593736e-19 9.475466e+00
27000 3.032924e-22 -4.003479e-20 4.602685e-19 4.393476e+01
28000 1.250493e-21 -4.057443e-20 4.606761e-19 1.811456e+02
29000 1.139622e-21 -3.950818e-20 4.616314e-19 1.650850e+02
30000 1.413743e-20 -3.851519e-20 6.263357e-19 2.047939e+03
31000 4.304486e-23 -3.540251e-20 5.646405e-19 6.235454e+00
32000 9.954279e-26 -3.681883e-20 5.631813e-19 1.441971e-02
33000 8.136709e-22 -3.647965e-20 5.643340e-19 1.178679e+02
34000 5.195413e-23 -3.551256e-20 5.645394e-19 7.526044e+00
35000 5.858153e-22 -3.484109e-20 7.157447e-19 8.486086e+01
36000 1.881835e-22 -3.252230e-20 6.676659e-19 2.726015e+01
37000 1.490181e-22 -2.787086e-20 6.722782e-19 2.158667e+01
38000 3.726518e-22 -2.468555e-20 6.756871e-19 5.398212e+01
39000 2.694078e-21 -2.867847e-20 6.740156e-19 3.902625e+02
40000 2.866088e-21 -3.105512e-20 8.218110e-19 4.151798e+02
41000 6.834800e-22 -4.066913e-20 7.600223e-19 9.900852e+01
42000 2.031867e-23 -3.847277e-20 7.615475e-19 2.943350e+00
43000 3.791235e-22 -4.053753e-20 7.598416e-19 5.491961e+01
44000 3.907380e-21 -4.071772e-20 7.632620e-19 5.660208e+02
45000 1.594447e-20 -3.986223e-20 9.260822e-19 2.309706e+03
46000 1.968825e-25 -4.043616e-20 8.595683e-19 2.852029e-02
47000 9.219249e-22 -4.046213e-20 8.604613e-19 1.335495e+02
48000 3.046394e-22 -4.068505e-20 8.596363e-19 4.412989e+01
49000 2.901185e-21 -4.050684e-20 8.623945e-19 4.202640e+02
50000 6.378108e-21 -4.041774e-20 1.015969e-18 9.239290e+02
51000 3.354190e-21 -4.082831e-20 9.673229e-19 4.858860e+02
52000 2.634376e-22 -4.080568e-20 9.617496e-19 3.816141e+01
53000 3.251417e-21 -4.079012e-20 9.637982e-19 4.709983e+02
54000 1.568572e-21 -4.077424e-20 9.615649e-19 2.272224e+02
55000 5.353786e-22 -4.074623e-20 1.110174e-18 7.755462e+01
56000 1.266448e-21 -3.976540e-20 1.061501e-18 1.834569e+02
57000 1.807863e-21 -4.032663e-20 1.061481e-18 2.618860e+02
58000 9.731246e-22 -3.908917e-20 1.062046e-18 1.409663e+02
59000 4.436356e-21 -4.017958e-20 1.064257e-18 6.426479e+02
60000 1.235212e-22 -4.056368e-20 1.209560e-18 1.789321e+01
61000 3.755363e-21 -4.011980e-20 1.163640e-18 5.439997e+02
62000 8.121447e-23 -3.975731e-20 1.160324e-18 1.176468e+01
63000 8.736902e-23 -3.900141e-20 1.161964e-18 1.265623e+01
64000 2.677972e-21 -3.998877e-20 1.162689e-18 3.879294e+02
65000 7.709640e-23 -4.025068e-20 1.310163e-18 1.116814e+01
66000 1.408810e-21 -3.959816e-20 1.261811e-18 2.040794e+02
67000 2.713472e-21 -3.964468e-20 1.263069e-18 3.930720e+02
68000 2.629288e-22 -3.941877e-20 1.260844e-18 3.808771e+01
69000 4.216643e-23 -3.989263e-20 1.260685e-18 6.108203e+00
70000 1.321853e-21 -3.896670e-20 1.413922e-18 1.914829e+02
71000 3.387107e-21 -3.945946e-20 1.364265e-18 4.906543e+02
72000 1.396492e-22 -3.952903e-20 1.360677e-18 2.022950e+01
73000 8.319135e-22 -3.974157e-20 1.361099e-18 1.205105e+02
74000 2.416498e-21 -3.959701e-20 1.362830e-18 3.500524e+02
75000 7.784873e-21 -3.961865e-20 1.518172e-18 1.127712e+03
76000 3.011294e-21 -3.990039e-20 1.469274e-18 4.362143e+02
77000 2.430493e-21 -3.990976e-20 1.468036e-18 3.520798e+02
78000 1.858992e-21 -3.983720e-20 1.475820e-18 2.692925e+02
79000 6.298422e-22 -4.013486e-20 1.489986e-18 9.123858e+01
80000 2.829683e-29 -3.990575e-20 1.615871e-18 4.099062e-06
81000 2.947850e-22 -3.596897e-20 1.564326e-18 4.270238e+01
82000 6.884045e-21 -3.541329e-20 1.571471e-18 9.972186e+02
83000 3.018698e-21 -3.373731e-20 1.569281e-18 4.372868e+02
84000 3.959033e-22 -2.953651e-20 1.570859e-18 5.735032e+01
85000 2.156479e-21 -3.831543e-20 1.713841e-18 3.123863e+02
86000 5.336972e-21 -4.109109e-20 1.674137e-18 7.731106e+02
87000 3.323948e-22 -4.109942e-20 1.674743e-18 4.815051e+01
88000 1.828564e-23 -4.109579e-20 1.666648e-18 2.648846e+00
89000 7.382475e-21 -4.109623e-20 1.674191e-18 1.069421e+03
90000 5.434106e-22 -4.108877e-20 1.821954e-18 7.871814e+01
91000 1.551111e-21 -4.083012e-20 1.764181e-18 2.246931e+02
92000 2.452314e-22 -4.077424e-20 1.761266e-18 3.552408e+01
93000 1.591192e-22 -4.080631e-20 1.761066e-18 2.304991e+01
94000 7.119995e-24 -4.082016e-20 1.761685e-18 1.031398e+00
95000 8.448005e-22 -4.083641e-20 1.914283e-18 1.223773e+02
96000 7.100940e-21 -3.634374e-20 1.870757e-18 1.028638e+03
97000 8.048346e-22 -3.551386e-20 1.866468e-18 1.165879e+02
98000 1.331379e-20 -3.574066e-20 1.877629e-18 1.928628e+03
99000 1.263362e-21 -3.602427e-20 1.865239e-18 1.830099e+02
100000 1.150453e-22 -3.711849e-20 2.013003e-18 1.666540e+01
101000 7.135585e-23 -2.613612e-20 1.973935e-18 1.033657e+01
102000 4.334142e-21 -2.480816e-20 1.979526e-18 6.278412e+02
103000 1.983639e-21 -2.887561e-20 1.973108e-18 2.873487e+02
104000 4.423420e-21 -2.005292e-20 1.984370e-18 6.407740e+02
105000 1.847065e-21 -3.020318e-20 2.122351e-18 2.675648e+02
106000 1.165571e-20 -3.399515e-20 2.077873e-18 1.688439e+03
107000 1.463084e-21 -3.246441e-20 2.068999e-18 2.119415e+02
108000 1.201481e-21 -3.230469e-20 2.068900e-18 1.740458e+02
109000 3.887915e-22 -3.299741e-20 2.067391e-18 5.632011e+01
110000 7.608958e-22 -3.396890e-20 2.216944e-18 1.102229e+02
111000 7.083789e-22 -3.930302e-20 2.171653e-18 1.026154e+02
112000 4.868177e-23 -3.926115e-20 2.172539e-18 7.052013e+00
113000 6.347960e-22 -3.921986e-20 2.177118e-18 9.195617e+01
114000 2.628188e-21 -3.928023e-20 2.174085e-18 3.807177e+02
115000 1.961678e-21 -3.929871e-20 2.322942e-18 2.841675e+02
116000 6.497929e-25 -3.206086e-20 2.268039e-18 9.412862e-02
117000 1.224508e-21 -3.289204e-20 2.268348e-18 1.773815e+02
118000 4.988446e-21 -3.205761e-20 2.273034e-18 7.226234e+02
119000 7.704285e-22 -3.296440e-20 2.267849e-18 1.116038e+02
120000 1.083062e-21 -3.190013e-20 2.419813e-18 1.568917e+02
121000 1.517374e-21 -3.743288e-20 2.364241e-18 2.198059e+02
122000 3.082911e-22 -3.078440e-20 2.369524e-18 4.465887e+01
123000 1.163462e-22 -3.646617e-20 2.363650e-18 1.685384e+01
124000 6.896463e-23 -3.641111e-20 2.363658e-18 9.990176e+00
125000 7.991413e-21 -3.753706e-20 2.520976e-18 1.157631e+03
126000 3.284984e-23 -3.596313e-20 2.464070e-18 4.758609e+00
127000 1.110376e-22 -3.530389e-20 2.464807e-18 1.608485e+01
128000 7.162770e-23 -3.363618e-20 2.466435e-18 1.037595e+01
129000 2.172826e-21 -3.636713e-20 2.465829e-18 3.147542e+02
130000 1.324347e-21 -2.488462e-20 2.626440e-18 1.918441e+02
131000 3.315265e-22 -3.671734e-20 2.564591e-18 4.802473e+01
132000 4.271883e-21 -3.291127e-20 2.571361e-18 6.188225e+02
133000 2.360579e-21 -3.418761e-20 2.568173e-18 3.419520e+02
134000 3.091924e-21 -3.520112e-20 2.567891e-18 4.478943e+02
135000 1.685538e-24 -3.671236e-20 2.714222e-18 2.441660e-01
136000 5.892763e-21 -3.186791e-20 2.674025e-18 8.536222e+02
137000 4.120558e-23 -3.293675e-20 2.667104e-18 5.969016e+00
138000 8.904349e-22 -3.551734e-20 2.665449e-18 1.289879e+02
139000 8.857855e-21 -3.350605e-20 2.675352e-18 1.283144e+03
140000 3.521848e-22 -2.972321e-20 2.820629e-18 5.101728e+01
141000 6.945333e-21 -3.402896e-20 2.772916e-18 1.006097e+03
142000 1.759436e-21 -3.493131e-20 2.766828e-18 2.548709e+02
143000 4.928424e-22 -3.254303e-20 2.767950e-18 7.139286e+01
144000 1.679830e-23 -3.404590e-20 2.765971e-18 2.433391e+00
145000 7.751638e-23 -3.350708e-20 2.916570e-18 1.122898e+01
146000 2.588920e-24 -3.579431e-20 2.865174e-18 3.750294e-01
147000 8.894824e-21 -3.583178e-20 2.874367e-18 1.288499e+03
148000 4.492627e-23 -3.497388e-20 2.865127e-18 6.507993e+00
149000 8.532934e-22 -3.520734e-20 2.865653e-18 1.236076e+02
150000 1.818660e-22 -3.572050e-20 3.014979e-18 2.634501e+01
151000 6.693514e-23 -3.469782e-20 2.966987e-18 9.696185e+00
152000 1.016513e-20 -3.450719e-20 2.978282e-18 1.472515e+03
153000 1.242027e-21 -3.490493e-20 2.970368e-18 1.799193e+02
154000 4.040758e-21 -3.450847e-20 2.972139e-18 5.853418e+02
155000 5.760954e-21 -3.471631e-20 3.122720e-18 8.345284e+02
156000 7.603037e-21 -3.933846e-20 3.068715e-18 1.101371e+03
157000 4.095147e-23 -3.939764e-20 3.061783e-18 5.932207e+00
158000 5.455324e-24 -3.942619e-20 3.062310e-18 7.902550e-01
159000 2.389254e-21 -3.908958e-20 3.063408e-18 3.461059e+02
160000 2.857663e-22 -3.932890e-20 3.211342e-18 4.139594e+01
161000 4.011218e-22 -3.890055e-20 3.168181e-18 5.810626e+01
162000 1.123122e-20 -3.877958e-20 3.180081e-18 1.626948e+03
163000 1.336024e-23 -3.907464e-20 3.182369e-18 1.935357e+00
164000 2.060979e-21 -3.859822e-20 3.187552e-18 2.985523e+02
165000 1.323867e-21 -3.895374e-20 3.321514e-18 1.917746e+02
166000 3.980196e-21 -2.657863e-20 3.278871e-18 5.765688e+02
167000 3.639028e-21 -2.671733e-20 3.277709e-18 5.271475e+02
168000 1.943442e-22 -2.734079e-20 3.272884e-18 2.815259e+01
169000 2.486803e-22 -2.781154e-20 3.272584e-18 3.602369e+01
170000 7.747017e-21 -2.723685e-20 3.430560e-18 1.122228e+03
171000 8.576858e-22 -3.141058e-20 3.369659e-18 1.242439e+02
172000 1.839025e-21 -3.206634e-20 3.370036e-18 2.664001e+02
173000 9.325252e-22 -3.185403e-20 3.369140e-18 1.350851e+02
174000 2.675136e-21 -3.095895e-20 3.374584e-18 3.875186e+02
175000 5.226346e-22 -3.205262e-20 3.518710e-18 7.570854e+01
176000 5.105420e-21 -4.029041e-20 3.512791e-18 7.395682e+02
177000 1.824592e-21 -3.624901e-20 3.465597e-18 2.643093e+02
178000 1.823802e-22 -3.554855e-20 3.465419e-18 2.641948e+01
179000 4.847268e-23 -3.572825e-20 3.464388e-18 7.021724e+00
180000 1.681712e-22 -3.568908e-20 3.614601e-18 2.436119e+01
181000 1.178887e-21 -3.630983e-20 3.566364e-18 1.707728e+02
182000 1.863377e-21 -3.660263e-20 3.568277e-18 2.699277e+02
183000 2.424402e-21 -3.652072e-20 3.567154e-18 3.511974e+02
184000 1.099372e-22 -3.640144e-20 3.564399e-18 1.592544e+01
185000 3.075818e-21 -3.618527e-20 3.722180e-18 4.455611e+02
186000 1.620677e-21 -3.763688e-20 3.677738e-18 2.347703e+02
187000 8.394588e-21 -3.438723e-20 3.713863e-18 1.216035e+03
188000 8.678250e-23 -2.202464e-20 3.678072e-18 1.257126e+01
189000 1.793247e-21 -2.282119e-20 3.679494e-18 2.597687e+02
190000 3.863294e-23 -1.988687e-20 3.830152e-18 5.596345e+00
191000 4.923492e-21 -1.720808e-20 3.787907e-18 7.132142e+02
192000 3.251978e-22 -1.163868e-20 3.788687e-18 4.710797e+01
193000 1.734785e-22 -1.209937e-20 3.788074e-18 2.513000e+01
194000 6.374682e-21 -9.487412e-21 3.796887e-18 9.234327e+02
195000 3.845661e-21 -1.773794e-20 3.937431e-18 5.570802e+02
196000 5.314169e-23 -2.172163e-20 3.880912e-18 7.698074e+00
197000 3.611526e-21 -2.231916e-20 3.881589e-18 5.231635e+02
198000 7.511664e-22 -2.250125e-20 3.878476e-18 1.088135e+02
199000 4.633502e-22 -2.333048e-20 3.880727e-18 6.712063e+01
200000 8.320436e-23 -2.165270e-20 4.031660e-18 1.205293e+01
201000 8.492846e-22 -4.107875e-20 3.959771e-18 1.230269e+02
202000 6.313922e-21 -3.729889e-20 3.969015e-18 9.146310e+02
203000 5.567053e-22 -3.975169e-20 3.960805e-18 8.064400e+01
204000 5.398062e-24 -4.067652e-20 3.959329e-18 7.819601e-01
205000 1.578820e-23 -3.235908e-20 4.117657e-18 2.287070e+00
206000 1.536344e-21 -4.107430e-20 4.060462e-18 2.225539e+02
207000 3.843268e-22 -3.984892e-20 4.060535e-18 5.567335e+01
208000 5.837594e-22 -4.092308e-20 4.059661e-18 8.456305e+01
209000 2.359457e-22 -4.101483e-20 4.059221e-18 3.417895e+01
210000 3.267859e-21 -4.043737e-20 4.212830e-18 4.733802e+02
211000 2.458475e-21 -4.107701e-20 4.161381e-18 3.561333e+02
212000 5.077185e-22 -2.999044e-20 4.170517e-18 7.354780e+01
213000 3.791202e-21 -4.013349e-20 4.163658e-18 5.491913e+02
214000 2.097422e-23 -4.075955e-20 4.159261e-18 3.038314e+00
215000 7.217581e-22 -4.107664e-20 4.309645e-18 1.045535e+02
216000 4.547157e-23 -4.109928e-20 4.259966e-18 6.586985e+00
217000 7.357620e-22 -3.884622e-20 4.261890e-18 1.065821e+02
218000 2.306136e-21 -3.749427e-20 4.264812e-18 3.340654e+02
219000 4.660977e-22 -3.852315e-20 4.261943e-18 6.751863e+01
220000 5.784978e-22 -3.878557e-20 4.411793e-18 8.380085e+01
221000 4.004902e-22 -2.839909e-20 4.372001e-18 5.801478e+01
222000 1.107747e-21 -3.770745e-20 4.363400e-18 1.604676e+02
223000 3.825675e-24 -3.500735e-20 4.364996e-18 5.541850e-01
224000 4.246301e-21 -3.647995e-20 4.367766e-18 6.151166e+02
225000 2.695622e-21 -3.600773e-20 4.516688e-18 3.904862e+02
226000 2.878227e-21 -3.546380e-20 4.471027e-18 4.169382e+02
227000 1.687340e-20 -3.480349e-20 4.482070e-18 2.444271e+03
228000 2.433572e-24 -3.206517e-20 4.467937e-18 3.525258e-01
229000 5.642841e-23 -1.762631e-20 4.482430e-18 8.174186e+00
230000 9.654793e-22 -3.376218e-20 4.617203e-18 1.398588e+02
231000 2.932750e-23 -3.684628e-20 4.563233e-18 4.248364e+00
232000 4.281258e-21 -3.687194e-20 4.567441e-18 6.201805e+02
233000 5.064957e-22 -3.714066e-20 4.563366e-18 7.337067e+01
234000 1.116709e-20 -3.669354e-20 4.574993e-18 1.617658e+03
235000 3.347778e-21 -3.821783e-20 4.715449e-18 4.849571e+02
236000 1.825547e-22 -3.738633e-20 4.662803e-18 2.644477e+01
237000 7.521587e-22 -3.729276e-20 4.663460e-18 1.089573e+02
238000 1.705638e-22 -3.681518e-20 4.663439e-18 2.470777e+01
239000 1.311280e-22 -3.786744e-20 4.671577e-18 1.899512e+01
240000 3.389562e-21 -3.729329e-20 4.816097e-18 4.910099e+02
241000 1.769251e-20 -3.665164e-20 4.782531e-18 2.562927e+03
242000 7.820960e-22 -3.667642e-20 4.765573e-18 1.132940e+02
243000 4.867018e-22 -3.668576e-20 4.765295e-18 7.050333e+01
244000 9.107378e-22 -3.682899e-20 4.768840e-18 1.319289e+02
245000 8.373791e-21 -3.677500e-20 4.924417e-18 1.213022e+03
246000 1.735516e-21 -4.098587e-20 4.860750e-18 2.514058e+02
247000 6.789103e-26 -4.103938e-20 4.858961e-18 9.834654e-03
248000 2.058255e-22 -3.977713e-20 4.860429e-18 2.981576e+01
249000 1.526890e-21 -4.102155e-20 4.860505e-18 2.211844e+02
250000 8.796185e-21 -4.109672e-20 5.017941e-18 1.274210e+03
251000 2.919143e-21 -4.031643e-20 4.962603e-18 4.228653e+02
252000 5.593780e-21 -3.986184e-20 4.965732e-18 8.103117e+02
253000 1.209650e-21 -4.058215e-20 4.960628e-18 1.752292e+02
254000 2.044972e-22 -4.093670e-20 4.959268e-18 2.962334e+01
255000 6.888753e-21 -4.046645e-20 5.116422e-18 9.979006e+02
256000 4.070418e-23 -4.078975e-20 5.059272e-18 5.896384e+00
257000 5.645965e-22 -4.104371e-20 5.060407e-18 8.178711e+01
258000 1.239918e-21 -4.074226e-20 5.060737e-18 1.796138e+02
259000 9.343122e-22 -4.090325e-20 5.060031e-18 1.353439e+02
260000 3.667278e-21 -4.071873e-20 5.213590e-18 5.312397e+02
261000 4.881758e-21 -4.103141e-20 5.164120e-18 7.071686e+02
262000 3.084819e-21 -4.089201e-20 5.163765e-18 4.468650e+02
263000 4.910498e-22 -4.098766e-20 5.159508e-18 7.113318e+01
264000 9.552788e-22 -4.103221e-20 5.160215e-18 1.383811e+02
265000 2.461107e-22 -4.088246e-20 5.311774e-18 3.565145e+01
266000 4.318326e-23 -3.999137e-20 5.260168e-18 6.255502e+00
267000 1.553259e-22 -3.868447e-20 5.261471e-18 2.250042e+01
268000 7.994226e-21 -3.922800e-20 5.268766e-18 1.158039e+03
269000 6.571637e-21 -3.878376e-20 5.267788e-18 9.519635e+02
270000 3.583105e-21 -3.947167e-20 5.414111e-18 5.190464e+02
271000 1.059324e-20 -3.824201e-20 5.372351e-18 1.534531e+03
272000 7.837197e-22 -3.599647e-20 5.364787e-18 1.135292e+02
273000 9.996010e-23 -3.836465e-20 5.361735e-18 1.448016e+01
274000 4.040190e-24 -3.783159e-20 5.362172e-18 5.852595e-01
275000 9.955883e-22 -3.890050e-20 5.512780e-18 1.442203e+02
276000 1.592940e-21 -3.745060e-20 5.464142e-18 2.307523e+02
277000 8.277856e-24 -3.726669e-20 5.462742e-18 1.199125e+00
278000 2.661504e-21 -3.734797e-20 5.465314e-18 3.855439e+02
279000 9.567178e-21 -3.826371e-20 5.472272e-18 1.385896e+03
280000 1.373891e-21 -3.766262e-20 5.613711e-18 1.990210e+02
281000 2.232757e-21 -3.631017e-20 5.565924e-18 3.234358e+02
282000 3.337390e-22 -3.556228e-20 5.564771e-18 4.834524e+01
283000 1.054684e-21 -3.632062e-20 5.564736e-18 1.527809e+02
284000 2.658527e-22 -3.385474e-20 5.566545e-18 3.851127e+01
285000 3.251916e-23 -3.342054e-20 5.719396e-18 4.710707e+00
286000 6.223303e-23 -3.516821e-20 5.664897e-18 9.015040e+00
287000 4.899836e-22 -3.584113e-20 5.664649e-18 7.097873e+01
288000 1.277705e-21 -3.629583e-20 5.664983e-18 1.850876e+02
289000 3.040120e-22 -3.526532e-20 5.665040e-18 4.403900e+01
290000 9.787607e-23 -3.517543e-20 5.814925e-18 1.417827e+01
291000 3.125839e-21 -3.435144e-20 5.777375e-18 4.528072e+02
292000 4.436062e-22 -3.434648e-20 5.774678e-18 6.426053e+01
293000 1.706058e-21 -3.430064e-20 5.776055e-18 2.471386e+02
294000 2.790325e-21 -3.416046e-20 5.780212e-18 4.042048e+02
295000 4.449844e-21 -3.423736e-20 5.929687e-18 6.446018e+02
296000 1.855802e-21 -2.065158e-20 5.881204e-18 2.688304e+02
297000 3.223731e-22 -3.103073e-20 5.870339e-18 4.669878e+01
298000 1.516381e-21 -2.283967e-20 5.878677e-18 2.196621e+02
299000 2.973413e-22 -1.885492e-20 5.881442e-18 4.307268e+01
300000 1.112436e-21 -2.568243e-20 6.025430e-18 1.611468e+02
301000 1.107696e-21 -2.043209e-20 5.980676e-18 1.604602e+02
302000 2.023933e-24 -2.231573e-20 5.977687e-18 2.931858e-01
303000 2.020352e-23 -2.288824e-20 5.977141e-18 2.926670e+00
304000 2.535655e-21 -6.136131e-21 5.996400e-18 3.673135e+02
305000 1.847731e-22 -2.477230e-20 6.144195e-18 2.676613e+01
306000 5.157728e-22 -2.084459e-20 6.079671e-18 7.471455e+01
307000 2.105565e-21 -1.771021e-20 6.084395e-18 3.050110e+02
308000 9.666865e-21 -1.782709e-20 6.091840e-18 1.400336e+03
309000 2.609490e-22 -2.188117e-20 6.078389e-18 3.780092e+01
310000 4.789230e-21 -2.214823e-20 6.232679e-18 6.937650e+02
311000 1.951118e-22 -1.972317e-20 6.180742e-18 2.826379e+01
312000 1.294497e-20 -1.959280e-20 6.193507e-18 1.875201e+03
313000 2.846639e-22 -1.913530e-20 6.181167e-18 4.123625e+01
314000 5.391961e-21 -2.036811e-20 6.187865e-18 7.810763e+02
315000 1.281710e-20 -1.757716e-20 6.345240e-18 1.856677e+03
316000 1.381921e-20 -1.131624e-20 6.302503e-18 2.001842e+03
317000 9.939235e-22 -1.322315e-20 6.287771e-18 1.439792e+02
318000 2.155400e-23 -1.181220e-20 6.288209e-18 3.122300e+00
319000 2.119753e-21 -1.571546e-20 6.290786e-18 3.070662e+02
320000 1.075603e-21 -1.437158e-20 6.436750e-18 1.558112e+02
321000 4.362784e-21 -7.600447e-21 6.396762e-18 6.319904e+02
322000 2.445749e-22 -1.156927e-20 6.389153e-18 3.542897e+01
323000 3.169688e-25 -9.112028e-21 6.390888e-18 4.591592e-02
324000 1.418731e-21 -1.125240e-20 6.390330e-18 2.055166e+02
325000 3.039858e-22 -3.056327e-21 6.547248e-18 4.403521e+01
326000 1.938101e-24 -2.026650e-20 6.481947e-18 2.807522e-01
327000 2.699183e-21 -2.066935e-20 6.488840e-18 3.910020e+02
328000 4.539056e-24 -2.018002e-20 6.481593e-18 6.575249e-01
329000 5.777612e-22 -1.975366e-20 6.482371e-18 8.369414e+01
330000 7.600299e-24 -2.023868e-20 6.631821e-18 1.100975e+00
331000 2.823026e-22 -1.095731e-20 6.589380e-18 4.089419e+01
332000 5.519925e-21 -1.113619e-20 6.594491e-18 7.996131e+02
333000 1.273970e-23 -1.012622e-20 6.589888e-18 1.845466e+00
334000 2.220072e-21 -1.122537e-20 6.591143e-18 3.215983e+02
335000 2.050986e-21 -1.250011e-20 6.745577e-18 2.971047e+02
336000 4.925148e-22 -1.008566e-20 6.692418e-18 7.134540e+01
337000 1.376178e-22 -9.041386e-21 6.691175e-18 1.993523e+01
338000 1.887541e-22 -6.905788e-21 6.693362e-18 2.734281e+01
339000 7.428684e-22 -8.851296e-21 6.691930e-18 1.076115e+02
340000 6.540900e-21 -8.737897e-21 6.847828e-18 9.475109e+02
341000 2.363003e-24 -2.350984e-20 6.793346e-18 3.423032e-01
342000 1.589396e-21 -1.639967e-20 6.807064e-18 2.302389e+02
343000 6.554009e-23 1.005727e-20 6.810123e-18 9.494098e+00
344000 5.093467e-21 1.163742e-21 6.806313e-18 7.378367e+02
345000 6.324902e-22 7.110287e-21 6.957743e-18 9.162216e+01
346000 2.513292e-21 1.904482e-21 6.904430e-18 3.640739e+02
347000 1.506565e-21 2.219376e-21 6.903749e-18 2.182402e+02
348000 1.539675e-21 -1.070930e-21 6.911021e-18 2.230364e+02
349000 2.172823e-22 -8.798850e-23 6.901758e-18 3.147539e+01
350000 3.273293e-22 1.225916e-21 7.051600e-18 4.741673e+01
351000 3.506863e-22 3.107972e-21 7.018385e-18 5.080021e+01
352000 5.062142e-21 2.880470e-21 7.027382e-18 7.332989e+02
353000 8.969340e-21 3.725183e-21 7.019851e-18 1.299293e+03
354000 6.340236e-21 3.982401e-21 7.016297e-18 9.184429e+02
355000 2.281007e-21 3.825153e-21 7.162660e-18 3.304253e+02
356000 2.381829e-21 1.329098e-20 7.115674e-18 3.450304e+02
357000 1.317004e-21 1.608453e-20 7.117402e-18 1.907805e+02
358000 1.828289e-22 1.251051e-20 7.112706e-18 2.648449e+01
359000 1.303899e-22 1.368083e-20 7.113812e-18 1.888820e+01
360000 8.716525e-22 1.467130e-20 7.265543e-18 1.262671e+02
361000 6.942716e-21 -1.070740e-20 7.211284e-18 1.005718e+03
362000 9.524371e-23 -1.102928e-20 7.207205e-18 1.379695e+01
363000 4.150467e-22 -1.046121e-20 7.205761e-18 6.012342e+01
364000 2.578626e-21 -1.085397e-20 7.207617e-18 3.735382e+02
365000 1.334427e-20 -1.132894e-20 7.376729e-18 1.933043e+03
366000 7.190017e-21 2.271139e-20 7.329901e-18 1.041542e+03
367000 8.069082e-22 2.393685e-20 7.324744e-18 1.168883e+02
368000 3.417252e-21 2.018085e-20 7.323636e-18 4.950211e+02
369000 1.316925e-21 1.891582e-20 7.320891e-18 1.907690e+02
370000 5.198653e-23 1.807346e-20 7.471144e-18 7.530738e+00
371000 9.657338e-22 2.184992e-20 7.424849e-18 1.398956e+02
372000 1.398343e-21 2.513306e-20 7.426532e-18 2.025631e+02
373000 1.778338e-21 2.293874e-20 7.424978e-18 2.576090e+02
374000 3.729738e-21 2.576040e-20 7.429490e-18 5.402877e+02
375000 1.344267e-24 2.379242e-20 7.573831e-18 1.947297e-01
376000 1.137786e-21 -5.567477e-21 7.499444e-18 1.648191e+02
377000 1.830921e-21 -6.090859e-21 7.498508e-18 2.652261e+02
378000 8.259188e-21 -6.345917e-21 7.505663e-18 1.196421e+03
379000 2.401420e-21 -6.418788e-21 7.500210e-18 3.478683e+02
380000 7.615588e-22 -5.250130e-21 7.652221e-18 1.103190e+02
381000 9.439253e-21 1.195219e-20 7.628774e-18 1.367365e+03
382000 1.106683e-21 9.879925e-21 7.616409e-18 1.603134e+02
383000 8.990151e-22 1.111276e-20 7.614308e-18 1.302308e+02
384000 5.141241e-21 1.053568e-20 7.617886e-18 7.447572e+02
385000 4.389939e-23 1.133867e-20 7.764407e-18 6.359240e+00
386000 6.938299e-21 -2.809423e-20 7.678844e-18 1.005078e+03
387000 1.154281e-21 -3.231837e-20 7.668836e-18 1.672085e+02
388000 1.375979e-22 -2.916636e-20 7.670971e-18 1.993235e+01
389000 9.230975e-24 -3.251313e-20 7.667497e-18 1.337194e+00
390000 2.972247e-23 -3.079765e-20 7.819232e-18 4.305579e+00
391000 1.506937e-21 -2.855918e-20 7.772948e-18 2.182940e+02
392000 1.741075e-20 -2.417257e-20 7.793238e-18 2.522110e+03
393000 3.000174e-21 -2.989204e-20 7.773541e-18 4.346034e+02
394000 1.540568e-21 -2.026340e-20 7.781277e-18 2.231657e+02
395000 3.910343e-21 -2.480171e-20 7.929109e-18 5.664500e+02
396000 8.548686e-22 -2.205164e-20 7.878803e-18 1.238358e+02
397000 1.674184e-22 -2.377348e-20 7.876642e-18 2.425212e+01
398000 6.139294e-22 -2.106982e-20 7.879544e-18 8.893345e+01
399000 3.333009e-21 -2.406160e-20 7.882460e-18 4.828177e+02
400000 4.868476e-22 -1.672343e-20 8.033763e-18 7.052446e+01
401000 1.344669e-21 -1.219889e-20 7.989146e-18 1.947879e+02
402000 2.187654e-21 -2.721521e-20 7.974972e-18 3.169022e+02
403000 4.011164e-22 -2.746351e-20 7.972938e-18 5.810549e+01
404000 2.437752e-21 -2.690391e-20 7.975534e-18 3.531313e+02
405000 2.395767e-20 -2.663818e-20 8.147319e-18 3.470494e+03
406000 4.530173e-22 -1.279735e-20 8.087656e-18 6.562381e+01
407000 8.655596e-24 -1.035181e-20 8.089657e-18 1.253845e+00
408000 6.799167e-22 -1.072360e-20 8.089956e-18 9.849233e+01
409000 4.736049e-23 -6.093938e-21 8.093953e-18 6.860613e+00
410000 1.211463e-20 -1.284663e-20 8.249268e-18 1.754918e+03
411000 1.481338e-25 -2.166367e-20 8.178336e-18 2.145858e-02
412000 4.542536e-23 -1.749126e-20 8.184659e-18 6.580291e+00
413000 3.125623e-21 -2.306259e-20 8.180063e-18 4.527759e+02
414000 3.839343e-22 -2.205285e-20 8.178331e-18 5.561649e+01
415000 5.105086e-24 -2.374536e-20 8.326444e-18 7.395197e-01
416000 1.823649e-22 -1.882207e-20 8.281360e-18 2.641727e+01
417000 1.489645e-20 -2.125290e-20 8.293644e-18 2.157891e+03
418000 2.774628e-21 -2.053469e-20 8.282240e-18 4.019310e+02
419000 8.670322e-21 -1.924464e-20 8.289426e-18 1.255978e+03
420000 7.397488e-22 -2.015002e-20 8.430590e-18 1.071596e+02
421000 1.722546e-22 -1.882384e-20 8.381355e-18 2.495270e+01
422000 2.424156e-22 -1.916048e-20 8.381418e-18 3.511618e+01
423000 1.204124e-21 -1.846463e-20 8.382740e-18 1.744286e+02
424000 1.863156e-21 -1.787112e-20 8.384036e-18 2.698957e+02
425000 1.372469e-21 -1.756113e-20 8.534967e-18 1.988151e+02
426000 9.472549e-22 -2.186731e-20 8.479080e-18 1.372188e+02
427000 5.680793e-22 -2.241552e-20 8.478160e-18 8.229164e+01
428000 1.811996e-20 -2.282703e-20 8.496032e-18 2.624847e+03
429000 1.594327e-22 -2.192630e-20 8.478233e-18 2.309533e+01
430000 1.600361e-21 -2.196861e-20 8.629632e-18 2.318273e+02
431000 1.254456e-21 -3.446418e-20 8.568087e-18 1.817197e+02
432000 1.124693e-20 -3.519108e-20 8.576204e-18 1.629223e+03
433000 1.511878e-25 -3.514369e-20 8.564932e-18 2.190098e-02
434000 4.255289e-23 -3.476420e-20 8.565305e-18 6.164187e+00
435000 4.995450e-21 -3.456588e-20 8.720837e-18 7.236380e+02
436000 2.797237e-21 -3.545007e-20 8.670601e-18 4.052061e+02
437000 3.212509e-21 -3.523949e-20 8.669567e-18 4.653622e+02
438000 1.585442e-21 -3.525928e-20 8.667744e-18 2.296662e+02
439000 2.430703e-21 -3.502334e-20 8.676928e-18 3.521101e+02
440000 1.454321e-22 -3.522705e-20 8.816660e-18 2.106720e+01
441000 6.813772e-25 -3.998830e-20 8.760438e-18 9.870391e-02
442000 4.035444e-22 -3.992816e-20 8.761564e-18 5.845721e+01
443000 1.364382e-22 -4.001891e-20 8.760498e-18 1.976435e+01
444000 5.148238e-21 -4.002968e-20 8.765525e-18 7.457707e+02
445000 1.102233e-21 -4.000445e-20 8.911478e-18 1.596688e+02
446000 8.483422e-22 -2.802514e-20 8.872854e-18 1.228903e+02
447000 1.719921e-21 -2.864528e-20 8.873075e-18 2.491468e+02
448000 1.756793e-21 -2.985793e-20 8.871899e-18 2.544880e+02
449000 1.445677e-21 -3.015171e-20 8.871296e-18 2.094199e+02
450000 5.012291e-22 -2.994421e-20 9.020557e-18 7.260775e+01
451000 2.745095e-21 -2.842908e-20 8.975420e-18 3.976528e+02
452000 9.039792e-23 -2.802758e-20 8.972219e-18 1.309499e+01
453000 2.839269e-22 -2.849289e-20 8.973286e-18 4.112948e+01
454000 1.337752e-20 -2.794013e-20 8.985565e-18 1.937860e+03
455000 1.967206e-22 -2.769311e-20 9.122753e-18 2.849682e+01
456000 3.727632e-22 -3.785681e-20 9.071968e-18 5.399826e+01
457000 2.498973e-21 -3.783038e-20 9.072627e-18 3.619998e+02
458000 2.346366e-21 -3.795608e-20 9.083972e-18 3.398931e+02
459000 1.049202e-21 -3.775149e-20 9.069927e-18 1.519868e+02
460000 5.762380e-21 -3.787731e-20 9.228857e-18 8.347349e+02
461000 7.947071e-23 -3.206394e-20 9.168018e-18 1.151208e+01
462000 1.820953e-21 -3.272596e-20 9.169126e-18 2.637822e+02
463000 3.934539e-24 -3.316921e-20 9.171096e-18 5.699550e-01
464000 4.767079e-22 -3.206603e-20 9.168413e-18 6.905563e+01
465000 3.289366e-23 -3.189173e-20 9.318176e-18 4.764956e+00
466000 1.077211e-23 -2.969117e-20 9.270363e-18 1.560441e+00
467000 3.813049e-22 -2.889419e-20 9.271487e-18 5.523560e+01
468000 1.194552e-20 -2.905517e-20 9.282890e-18 1.730420e+03
469000 1.941798e-21 -2.796729e-20 9.273975e-18 2.812877e+02
470000 2.917871e-21 -2.797624e-20 9.424942e-18 4.226811e+02
471000 1.006519e-22 -2.965066e-20 9.370476e-18 1.458037e+01
472000 5.462798e-22 -3.025046e-20 9.379004e-18 7.913377e+01
473000 3.437671e-21 -2.927389e-20 9.374169e-18 4.979790e+02
474000 8.466160e-21 -2.970010e-20 9.378814e-18 1.226403e+03
475000 7.896643e-22 -2.925661e-20 9.521540e-18 1.143903e+02
476000 3.710323e-21 -3.009376e-20 9.477383e-18 5.374752e+02
477000 1.943864e-21 -3.012921e-20 9.476209e-18 2.815869e+02
478000 5.641348e-21 -3.004200e-20 9.478966e-18 8.172023e+02
479000 1.074744e-21 -2.994621e-20 9.475336e-18 1.556868e+02
480000 3.070143e-22 -3.006980e-20 9.623744e-18 4.447391e+01
481000 5.295663e-23 -1.903081e-20 9.581105e-18 7.671266e+00
482000 9.848985e-22 -1.930874e-20 9.583026e-18 1.426718e+02
483000 1.649942e-22 -1.930137e-20 9.582131e-18 2.390096e+01
484000 6.367341e-21 -1.912912e-20 9.587482e-18 9.223693e+02
485000 3.441511e-21 -1.899185e-20 9.734503e-18 4.985353e+02
486000 3.963940e-22 -2.597005e-20 9.674476e-18 5.742140e+01
487000 9.710210e-23 -2.613854e-20 9.673964e-18 1.406615e+01
488000 1.217235e-21 -2.682950e-20 9.674438e-18 1.763280e+02
489000 2.520501e-25 -2.660347e-20 9.673399e-18 3.651183e-02
490000 4.401654e-24 -2.598541e-20 9.824060e-18 6.376210e-01
491000 8.415170e-22 -2.709169e-20 9.774649e-18 1.219017e+02
492000 1.500270e-21 -2.732072e-20 9.779346e-18 2.173282e+02
493000 3.251934e-21 -2.697626e-20 9.776851e-18 4.710733e+02
494000 1.602614e-21 -2.709701e-20 9.775441e-18 2.321537e+02
495000 9.450399e-22 -2.695892e-20 9.924580e-18 1.368979e+02
496000 6.157477e-21 -2.099221e-20 9.886973e-18 8.919685e+02
497000 1.986627e-22 -2.105167e-20 9.880708e-18 2.877816e+01
498000 1.874870e-21 -2.129553e-20 9.885810e-18 2.715925e+02
499000 3.410996e-21 -2.125761e-20 9.886224e-18 4.941148e+02
500000 1.520331e-21 -2.105040e-20 1.003203e-17 2.202343e+02
501000 1.996113e-21 -1.840792e-20 9.993263e-18 2.891558e+02
502000 7.614525e-22 -1.828428e-20 9.989369e-18 1.103036e+02
503000 1.915504e-21 -1.819691e-20 9.991522e-18 2.774788e+02
504000 3.128503e-21 -1.838702e-20 9.993614e-18 4.531930e+02
505000 1.161028e-21 -1.820437e-20 1.014059e-17 1.681859e+02
506000 2.735123e-22 -4.082446e-20 1.005945e-17 3.962084e+01
507000 1.294522e-20 -4.084017e-20 1.007211e-17 1.875237e+03
508000 9.020899e-23 -4.095652e-20 1.005926e-17 1.306762e+01
509000 7.937867e-22 -4.088338e-20 1.005991e-17 1.149875e+02
510000 7.672701e-24 -4.101741e-20 1.021494e-17 1.111463e+00
511000 2.015598e-21 -4.080411e-20 1.016125e-17 2.919784e+02
512000 4.892434e-23 -4.078376e-20 1.015932e-17 7.087151e+00
513000 1.166951e-21 -4.082080e-20 1.016042e-17 1.690438e+02
514000 7.130653e-21 -4.084590e-20 1.016652e-17 1.032942e+03
515000 3.830405e-21 -4.082539e-20 1.031309e-17 5.548702e+02
516000 3.556779e-21 -4.018583e-20 1.026472e-17 5.152329e+02
517000 4.363496e-21 -3.991179e-20 1.026445e-17 6.320934e+02
518000 2.015035e-21 -3.977957e-20 1.026224e-17 2.918967e+02
519000 5.007434e-22 -3.985720e-20 1.026064e-17 7.253740e+01
520000 1.516956e-23 -3.950641e-20 1.041051e-17 2.197454e+00
521000 1.700115e-21 -4.004965e-20 1.036169e-17 2.462777e+02
522000 3.347523e-23 -4.026176e-20 1.036648e-17 4.849201e+00
523000 3.631909e-21 -4.001772e-20 1.036366e-17 5.261162e+02
524000 4.268890e-22 -4.004130e-20 1.036042e-17 6.183889e+01
525000 4.991093e-22 -3.997765e-20 1.051063e-17 7.230067e+01
526000 1.082341e-21 -4.029794e-20 1.047429e-17 1.567873e+02
527000 1.429477e-21 -4.020083e-20 1.047155e-17 2.070732e+02
528000 1.252163e-21 -4.030238e-20 1.047523e-17 1.813875e+02
529000 5.837459e-22 -4.028463e-20 1.047182e-17 8.456108e+01
530000 4.557824e-21 -4.028921e-20 1.062642e-17 6.602438e+02
531000 1.748558e-23 -3.909652e-20 1.057081e-17 2.532951e+00
532000 2.863716e-22 -3.915648e-20 1.056853e-17 4.148363e+01
533000 4.706769e-22 -3.914011e-20 1.056897e-17 6.818198e+01
534000 4.581453e-22 -3.915783e-20 1.056869e-17 6.636665e+01
535000 1.445537e-22 -3.912243e-20 1.071930e-17 2.093996e+01
536000 1.265297e-21 -3.634925e-20 1.066507e-17 1.832902e+02
537000 1.445657e-22 -3.609336e-20 1.066565e-17 2.094170e+01
538000 5.022307e-22 -3.679894e-20 1.066426e-17 7.275284e+01
539000 5.935853e-23 -3.626915e-20 1.066413e-17 8.598641e+00
540000 5.710136e-24 -3.630505e-20 1.081394e-17 8.271669e-01
541000 1.696652e-21 -3.682335e-20 1.077849e-17 2.457760e+02
542000 7.835647e-21 -3.698662e-20 1.077838e-17 1.135067e+03
543000 3.399698e-22 -3.682172e-20 1.077724e-17 4.924783e+01
544000 1.785436e-21 -3.751436e-20 1.080744e-17 2.586372e+02
545000 8.993590e-22 -3.712653e-20 1.092335e-17 1.302806e+02
546000 1.112113e-21 -4.107385e-20 1.088008e-17 1.611000e+02
547000 8.308006e-22 -4.102774e-20 1.087185e-17 1.203493e+02
548000 3.333694e-22 -4.103982e-20 1.086635e-17 4.829170e+01
549000 4.817621e-22 -4.103547e-20 1.086790e-17 6.978777e+01
550000 3.950650e-22 -4.105750e-20 1.101659e-17 5.722888e+01
551000 2.397180e-21 -3.704871e-20 1.101276e-17 3.472541e+02
552000 4.263480e-22 -2.082564e-22 1.100022e-17 6.176052e+01
553000 1.550675e-22 -1.520382e-20 1.098495e-17 2.246299e+01
554000 1.034408e-20 -2.367096e-20 1.098667e-17 1.498437e+03
555000 2.285106e-21 -2.571702e-20 1.112721e-17 3.310191e+02
556000 3.208169e-22 -2.772376e-20 1.107270e-17 4.647335e+01
557000 7.949352e-22 -2.816304e-20 1.107263e-17 1.151538e+02
558000 7.985534e-22 -2.855314e-20 1.107225e-17 1.156780e+02
559000 1.691571e-21 -2.884645e-20 1.107285e-17 2.450400e+02
560000 5.715524e-22 -2.825684e-20 1.122231e-17 8.279475e+01
561000 1.857140e-21 -2.932601e-20 1.117327e-17 2.690242e+02
562000 6.441872e-22 -2.908179e-20 1.117284e-17 9.331657e+01
563000 1.623375e-23 -2.917072e-20 1.117150e-17 2.351612e+00
564000 6.765893e-21 -2.911243e-20 1.117865e-17 9.801032e+02
565000 1.003705e-21 -2.931500e-20 1.132238e-17 1.453961e+02
566000 2.892586e-22 -2.221458e-20 1.127807e-17 4.190183e+01
567000 2.515463e-21 -2.102116e-20 1.128149e-17 3.643885e+02
568000 7.875672e-22 -2.035911e-20 1.128043e-17 1.140865e+02
569000 6.247079e-23 -2.153234e-20 1.127853e-17 9.049481e+00
570000 6.504526e-22 -1.228002e-20 1.143837e-17 9.422417e+01
571000 9.779721e-22 -2.460841e-20 1.137647e-17 1.416685e+02
572000 4.749080e-22 -1.661899e-20 1.138386e-17 6.879489e+01
573000 7.053568e-25 -2.236762e-20 1.137763e-17 1.021776e-01
574000 5.080346e-22 -2.177437e-20 1.137873e-17 7.359359e+01
575000 2.257954e-20 -2.358796e-20 1.154899e-17 3.270859e+03
576000 1.687561e-23 2.818137e-21 1.150284e-17 2.444591e+00
577000 1.500966e-21 -1.474344e-20 1.148686e-17 2.174290e+02
578000 2.711294e-21 -8.776882e-21 1.149393e-17 3.927564e+02
579000 1.583934e-21 -1.542148e-20 1.148733e-17 2.294478e+02
580000 1.322669e-21 -1.511245e-20 1.163663e-17 1.916011e+02
581000 1.130776e-20 -3.610163e-20 1.161010e-17 1.638036e+03
582000 4.662425e-21 -8.276858e-21 1.159639e-17 6.753961e+02
583000 1.243748e-21 -8.927177e-21 1.159232e-17 1.801686e+02
584000 2.846862e-22 -8.161939e-21 1.159212e-17 4.123948e+01
585000 2.408452e-22 -1.092106e-20 1.173932e-17 3.488870e+01
586000 7.969880e-22 -2.130768e-21 1.169867e-17 1.154512e+02
587000 9.980669e-23 -3.650467e-21 1.169645e-17 1.445794e+01
588000 7.406738e-21 -6.442831e-21 1.170097e-17 1.072936e+03
589000 2.227626e-21 -6.908694e-21 1.169533e-17 3.226925e+02
590000 4.777734e-24 2.400568e-21 1.185241e-17 6.920997e-01
591000 2.594833e-22 1.335291e-20 1.181361e-17 3.758860e+01
592000 5.327786e-21 8.727053e-21 1.181405e-17 7.717799e+02
593000 4.178368e-23 5.562117e-21 1.180746e-17 6.052759e+00
594000 8.306113e-22 6.993316e-21 1.180788e-17 1.203219e+02
595000 8.573268e-22 5.640918e-21 1.195807e-17 1.241919e+02
596000 7.854023e-23 -3.066798e-20 1.187996e-17 1.137729e+01
597000 2.528516e-21 -3.067133e-20 1.188230e-17 3.662794e+02
598000 6.821404e-22 -3.092078e-20 1.187644e-17 9.881445e+01
599000 1.896439e-22 -3.065404e-20 1.188050e-17 2.747170e+01
600000 2.503152e-21 -3.112628e-20 1.203042e-17 3.626051e+02
601000 1.154211e-21 -2.880316e-20 1.198579e-17 1.671983e+02
602000 2.852195e-21 -2.857895e-20 1.198352e-17 4.131673e+02
603000 1.746218e-21 -2.859747e-20 1.198254e-17 2.529560e+02
604000 9.278966e-23 -2.801260e-20 1.199360e-17 1.344146e+01
605000 9.397199e-22 -2.852266e-20 1.213146e-17 1.361273e+02
606000 5.293040e-21 -2.411697e-20 1.210712e-17 7.667466e+02
607000 3.887718e-21 -2.383321e-20 1.209517e-17 5.631725e+02
608000 9.120459e-22 -2.331451e-20 1.208437e-17 1.321184e+02
609000 1.711831e-21 -2.300690e-20 1.208831e-17 2.479748e+02
610000 1.124317e-21 -2.346658e-20 1.223516e-17 1.628679e+02
611000 1.080136e-21 -8.313649e-21 1.219427e-17 1.564679e+02
612000 4.644466e-23 -7.850606e-21 1.219260e-17 6.727946e+00
613000 2.532887e-21 -7.025665e-21 1.219553e-17 3.669124e+02
614000 9.569774e-22 -3.051960e-21 1.219791e-17 1.386272e+02
615000 2.399035e-21 -2.329083e-21 1.235008e-17 3.475229e+02
616000 3.409163e-22 -3.704483e-20 1.231135e-17 4.938494e+01
617000 6.235028e-22 -3.269890e-20 1.226870e-17 9.032026e+01
618000 1.031079e-24 -3.279654e-20 1.226754e-17 1.493615e-01
619000 2.621797e-23 -3.291263e-20 1.226751e-17 3.797919e+00
620000 8.433967e-23 -3.248744e-20 1.242278e-17 1.221739e+01
621000 1.279404e-22 -2.294184e-20 1.237961e-17 1.853337e+01
622000 6.592447e-23 -2.264789e-20 1.238252e-17 9.549780e+00
623000 8.945142e-22 -2.264780e-20 1.238335e-17 1.295788e+02
624000 1.479684e-21 -2.290760e-20 1.238068e-17 2.143462e+02
625000 2.014678e-22 -2.311061e-20 1.253384e-17 2.918451e+01
626000 2.196478e-22 -1.285933e-20 1.249550e-17 3.181805e+01
627000 4.828748e-21 -1.271781e-20 1.250167e-17 6.994896e+02
628000 3.242784e-21 -1.336455e-20 1.249891e-17 4.697477e+02
629000 3.104454e-21 -1.278984e-20 1.249906e-17 4.497093e+02
630000 4.676417e-23 -1.393402e-20 1.265710e-17 6.774230e+00
631000 6.768702e-21 -7.571182e-21 1.259936e-17 9.805102e+02
632000 1.484448e-21 -7.106589e-21 1.259441e-17 2.150362e+02
633000 1.550326e-21 -6.902213e-21 1.259467e-17 2.245794e+02
634000 1.551349e-22 -6.725978e-21 1.259345e-17 2.247276e+01
635000 2.678386e-21 -7.379340e-21 1.274539e-17 3.879895e+02
636000 8.431392e-23 -5.432622e-21 1.270438e-17 1.221366e+01
637000 1.943301e-23 -5.502136e-21 1.270522e-17 2.815055e+00
638000 1.207036e-21 -4.819886e-21 1.270279e-17 1.748505e+02
639000 1.562111e-22 -5.743991e-21 1.270941e-17 2.262865e+01
640000 9.903688e-22 -4.333536e-21 1.285702e-17 1.434642e+02
641000 4.081388e-20 -4.076461e-20 1.283050e-17 5.912275e+03
642000 1.326639e-20 -3.893784e-20 1.282986e-17 1.921761e+03
643000 6.737051e-22 -4.101311e-20 1.279994e-17 9.759252e+01
644000 1.452017e-22 -2.759291e-20 1.277777e-17 2.103383e+01
645000 7.165169e-24 -2.745728e-20 1.292574e-17 1.037942e+00
646000 8.590388e-22 -2.464841e-20 1.287654e-17 1.244399e+02
647000 4.365806e-22 -2.465029e-20 1.287612e-17 6.324281e+01
648000 6.351331e-22 -2.508600e-20 1.288218e-17 9.200501e+01
649000 4.801789e-21 -2.445546e-20 1.288151e-17 6.955843e+02
650000 2.119849e-22 -2.460924e-20 1.302597e-17 3.070801e+01
651000 9.758731e-23 -2.986255e-20 1.300531e-17 1.413644e+01
652000 1.406977e-20 -2.906354e-20 1.302174e-17 2.038138e+03
653000 5.170524e-21 -3.301558e-20 1.297225e-17 7.489991e+02
654000 5.229185e-22 -3.277531e-20 1.296811e-17 7.574966e+01
655000 4.140500e-21 -3.242446e-20 1.313038e-17 5.997905e+02
656000 3.891665e-23 -3.827814e-20 1.311254e-17 5.637442e+00
657000 3.848915e-22 -4.087975e-20 1.308723e-17 5.575515e+01
658000 5.679961e-21 -4.084255e-20 1.309345e-17 8.227958e+02
659000 3.418021e-21 -1.022991e-20 1.309319e-17 4.951325e+02
660000 1.245358e-21 -1.095306e-20 1.324029e-17 1.804019e+02
661000 4.762030e-21 -1.143396e-20 1.319376e-17 6.898248e+02
662000 5.153126e-21 -5.219321e-21 1.319993e-17 7.464788e+02
663000 2.095582e-21 -4.944006e-21 1.319715e-17 3.035648e+02
664000 9.141698e-22 -6.341968e-21 1.319457e-17 1.324261e+02
665000 6.320190e-23 -7.519018e-21 1.334254e-17 9.155390e+00
666000 1.957293e-23 -8.536849e-21 1.329149e-17 2.835324e+00
667000 1.054769e-23 -8.278573e-21 1.329200e-17 1.527932e+00
668000 6.431400e-21 -9.397617e-21 1.329703e-17 9.316488e+02
669000 2.391940e-21 -1.018292e-20 1.329290e-17 3.464951e+02
670000 6.768737e-21 -9.641774e-21 1.344713e-17 9.805153e+02
671000 1.742276e-21 -1.084173e-20 1.339090e-17 2.523851e+02
672000 4.514275e-21 -6.296637e-21 1.339822e-17 6.539352e+02
673000 1.255906e-22 -4.931034e-21 1.339519e-17 1.819297e+01
674000 3.530525e-21 -1.158451e-20 1.339398e-17 5.114298e+02
675000 1.466747e-21 -1.122260e-20 1.354027e-17 2.124721e+02
676000 7.282995e-22 -2.070465e-20 1.348002e-17 1.055010e+02
677000 2.647000e-21 -1.520985e-20 1.348744e-17 3.834429e+02
678000 1.523773e-21 -2.086855e-20 1.348066e-17 2.207329e+02
679000 9.416962e-22 -1.491362e-20 1.348603e-17 1.364136e+02
680000 1.484026e-21 -1.892320e-20 1.363256e-17 2.149751e+02
681000 8.425535e-23 -2.147712e-20 1.357861e-17 1.220518e+01
682000 5.401412e-21 -2.220336e-20 1.358320e-17 7.824454e+02
683000 2.132465e-21 -2.038667e-20 1.358175e-17 3.089076e+02
684000 5.096261e-22 -2.119523e-20 1.357931e-17 7.382413e+01
685000 2.863267e-22 -2.145124e-20 1.372884e-17 4.147712e+01
686000 2.193482e-23 -2.007162e-20 1.368001e-17 3.177465e+00
687000 1.709657e-21 -1.977185e-20 1.368318e-17 2.476600e+02
688000 1.319448e-21 -2.047804e-20 1.368127e-17 1.911344e+02
689000 1.332767e-21 -1.973010e-20 1.368337e-17 1.930639e+02
690000 3.717246e-21 -2.051227e-20 1.383380e-17 5.384780e+02
691000 1.284890e-21 -1.368958e-20 1.378760e-17 1.861285e+02
692000 3.010226e-23 -1.607282e-20 1.378396e-17 4.360595e+00
693000 9.137475e-22 -1.679445e-20 1.378412e-17 1.323649e+02
694000 3.111657e-24 -1.765880e-20 1.378236e-17 4.507527e-01
695000 1.002138e-23 -1.673232e-20 1.393328e-17 1.451691e+00
696000 4.839743e-22 -1.443459e-20 1.388605e-17 7.010823e+01
697000 7.989046e-22 -1.516178e-20 1.388564e-17 1.157288e+02
698000 9.803446e-22 -1.476596e-20 1.388621e-17 1.420121e+02
699000 2.125700e-22 -1.544502e-20 1.388477e-17 3.079276e+01
700000 3.552458e-22 -1.330697e-20 1.403711e-17 5.146070e+01
701000 5.633166e-22 -5.587806e-21 1.399498e-17 8.160171e+01
702000 7.843635e-21 -4.396622e-21 1.400345e-17 1.136224e+03
703000 1.492667e-22 -4.227394e-21 1.399592e-17 2.162269e+01
704000 1.035337e-23 -4.753734e-23 1.399996e-17 1.499783e+00
705000 1.331911e-21 -4.972971e-21 1.414636e-17 1.929399e+02
706000 8.373950e-21 -7.907276e-25 1.410837e-17 1.213045e+03
707000 1.974796e-21 -3.681605e-21 1.409829e-17 2.860678e+02
708000 2.515618e-22 -4.578053e-21 1.409567e-17 3.644110e+01
709000 4.835593e-22 -8.981172e-21 1.409150e-17 7.004812e+01
710000 2.035014e-21 -9.027990e-21 1.424301e-17 2.947909e+02
711000 1.118973e-21 -4.043154e-21 1.419708e-17 1.620938e+02
712000 5.677099e-22 -6.110684e-21 1.419446e-17 8.223812e+01
713000 8.651430e-22 -4.073026e-21 1.419679e-17 1.253241e+02
714000 1.981765e-24 -3.535660e-21 1.419647e-17 2.870773e-01
715000 6.270488e-22 -3.520792e-21 1.434711e-17 9.083393e+01
716000 9.295496e-22 -4.265191e-21 1.429671e-17 1.346540e+02
717000 5.762628e-21 -4.117988e-21 1.430176e-17 8.347708e+02
718000 5.875733e-21 -4.428915e-21 1.430220e-17 8.511552e+02
719000 1.399693e-21 -4.419363e-21 1.429762e-17 2.027587e+02
720000 1.203350e-23 -4.172977e-21 1.444588e-17 1.743166e+00
721000 1.922522e-21 -6.730934e-21 1.439530e-17 2.784955e+02
722000 2.812096e-22 -5.609538e-21 1.439496e-17 4.073585e+01
723000 2.957543e-21 -5.502065e-21 1.439881e-17 4.284280e+02
724000 6.817601e-22 -5.692746e-21 1.439506e-17 9.875937e+01
725000 1.219089e-21 -5.656741e-21 1.454569e-17 1.765965e+02
726000 1.889777e-22 -2.253227e-20 1.449731e-17 2.737520e+01
727000 5.542323e-21 -2.265034e-20 1.450527e-17 8.028577e+02
728000 1.633088e-23 -1.036841e-20 1.449491e-17 2.365682e+00
729000 2.241998e-21 -1.025716e-20 1.449639e-17 3.247746e+02
730000 2.909144e-23 -1.019044e-20 1.464572e-17 4.214169e+00
731000 1.792374e-21 -1.172570e-20 1.459091e-17 2.596422e+02
732000 2.401689e-23 -1.176203e-20 1.458885e-17 3.479073e+00
733000 6.883483e-21 -1.186772e-20 1.459528e-17 9.971373e+02
734000 1.477064e-21 -1.174351e-20 1.459044e-17 2.139666e+02
735000 3.525513e-21 -1.198846e-20 1.474201e-17 5.107038e+02
736000 1.263168e-22 -2.847869e-20 1.468637e-17 1.829817e+01
737000 3.519583e-25 -2.852796e-20 1.468396e-17 5.098448e-02
738000 4.017271e-22 -2.868859e-20 1.468348e-17 5.819396e+01
739000 2.812755e-22 -2.874464e-20 1.468546e-17 4.074540e+01
740000 1.181016e-21 -2.857278e-20 1.483385e-17 1.710813e+02
741000 2.128397e-23 -3.828956e-20 1.476550e-17 3.083184e+00
742000 2.311961e-21 -3.829718e-20 1.476772e-17 3.349093e+02
743000 1.050066e-21 -3.830270e-20 1.476641e-17 1.521120e+02
744000 1.013791e-20 -3.840981e-20 1.477683e-17 1.468572e+03
745000 5.461382e-21 -3.827984e-20 1.492107e-17 7.911325e+02
746000 1.371316e-21 -4.058535e-20 1.489549e-17 1.986481e+02
747000 7.213530e-21 -4.107850e-20 1.488478e-17 1.044948e+03
748000 1.974837e-22 -4.103229e-20 1.485967e-17 2.860737e+01
749000 6.827554e-22 -4.104786e-20 1.486098e-17 9.890354e+01
750000 1.872005e-21 -4.105951e-20 1.501464e-17 2.711775e+02
751000 1.244125e-22 -3.830163e-20 1.501529e-17 1.802232e+01
752000 4.799281e-22 -4.062909e-20 1.497098e-17 6.952210e+01
753000 5.135199e-21 -4.062615e-20 1.497595e-17 7.438819e+02
754000 1.416953e-21 -4.065375e-20 1.497063e-17 2.052589e+02
755000 9.277903e-22 -4.068674e-20 1.512264e-17 1.343992e+02
756000 8.331298e-21 -3.107848e-20 1.508292e-17 1.206867e+03
757000 2.423174e-21 -3.088478e-20 1.508141e-17 3.510195e+02
758000 3.363306e-21 -3.109538e-20 1.507775e-17 4.872065e+02
759000 2.139666e-22 -3.098878e-20 1.507636e-17 3.099507e+01
760000 5.512167e-23 -3.153405e-20 1.522963e-17 7.984892e+00
761000 4.337451e-22 -3.069986e-20 1.519916e-17 6.283206e+01
762000 2.862373e-21 3.176096e-20 1.523462e-17 4.146417e+02
763000 8.784740e-21 3.260356e-20 1.524139e-17 1.272552e+03
764000 1.446883e-21 2.908559e-20 1.523073e-17 2.095946e+02
765000 3.537534e-21 3.169582e-20 1.538523e-17 5.124451e+02
766000 5.411757e-22 3.824245e-20 1.533882e-17 7.839439e+01
767000 7.563675e-21 4.032017e-20 1.534788e-17 1.095670e+03
768000 2.780742e-22 3.867317e-20 1.533896e-17 4.028166e+01
769000 3.925563e-21 4.442466e-20 1.534835e-17 5.686548e+02
770000 5.092053e-21 3.664269e-20 1.549248e-17 7.376317e+02
771000 1.008571e-21 4.921292e-20 1.545022e-17 1.461010e+02
772000 3.424688e-22 4.593485e-20 1.544628e-17 4.960983e+01
773000 5.263412e-21 4.348050e-20 1.544878e-17 7.624548e+02
774000 8.391137e-22 5.362635e-20 1.545447e-17 1.215535e+02
775000 9.254599e-21 4.432577e-20 1.560359e-17 1.340616e+03
776000 5.978254e-22 4.948709e-20 1.555127e-17 8.660064e+01
777000 9.428254e-23 5.498471e-20 1.555508e-17 1.365771e+01
778000 2.264704e-21 4.843595e-20 1.555529e-17 3.280637e+02
779000 6.690353e-22 4.904005e-20 1.555190e-17 9.691606e+01
780000 3.226924e-21 5.079132e-20 1.570417e-17 4.674503e+02
781000 4.352072e-21 2.742755e-20 1.563699e-17 6.304386e+02
782000 9.364405e-24 2.840657e-20 1.563593e-17 1.356522e+00
783000 2.145557e-21 2.852374e-20 1.563908e-17 3.108041e+02
784000 2.279447e-23 2.869071e-20 1.563862e-17 3.301994e+00
785000 1.803227e-22 2.822683e-20 1.578481e-17 2.612144e+01
786000 1.655652e-21 5.656726e-20 1.575893e-17 2.398368e+02
787000 3.125652e-21 7.609876e-20 1.577922e-17 4.527801e+02
788000 3.156539e-21 5.918153e-20 1.576235e-17 4.572544e+02
789000 5.680118e-21 5.836086e-20 1.576408e-17 8.228186e+02
790000 5.893567e-24 6.379932e-20 1.591381e-17 8.537386e-01
791000 2.862828e-22 -2.877949e-20 1.578490e-17 4.147076e+01
792000 6.393373e-22 -2.900938e-20 1.578637e-17 9.261402e+01
793000 1.068806e-21 -2.914325e-20 1.579046e-17 1.548266e+02
794000 4.811995e-22 -3.563779e-20 1.579131e-17 6.970628e+01
795000 1.312680e-21 -3.644050e-20 1.593942e-17 1.901541e+02
796000 8.050451e-25 1.078186e-20 1.591080e-17 1.166184e-01
797000 1.946521e-21 1.002156e-20 1.591213e-17 2.819719e+02
798000 1.660357e-22 1.395093e-20 1.591412e-17 2.405184e+01
799000 6.531772e-22 1.561437e-20 1.591627e-17 9.461887e+01
800000 1.360046e-21 1.599898e-20 1.606736e-17 1.970155e+02
801000 1.638131e-22 -4.072320e-20 1.597991e-17 2.372987e+01
802000 1.221118e-21 -4.072628e-20 1.598128e-17 1.768905e+02
803000 8.957905e-23 -4.102004e-20 1.599965e-17 1.297637e+01
804000 2.472376e-20 -2.268634e-20 1.600292e-17 3.581470e+03
805000 9.635732e-22 -2.300271e-20 1.613699e-17 1.395826e+02
806000 1.625096e-22 -1.814161e-20 1.608410e-17 2.354105e+01
807000 2.297689e-21 -1.733978e-20 1.609182e-17 3.328419e+02
808000 3.480579e-24 -1.814805e-20 1.608405e-17 5.041946e-01
809000 3.424018e-22 -1.820787e-20 1.608563e-17 4.960012e+01
810000 7.065333e-21 -1.753522e-20 1.624110e-17 1.023480e+03
811000 1.871534e-21 -2.213718e-20 1.618566e-17 2.711094e+02
812000 1.390619e-22 -2.191746e-20 1.619519e-17 2.014443e+01
813000 1.555575e-21 -2.214043e-20 1.618527e-17 2.253396e+02
814000 3.187733e-23 -2.245147e-20 1.618895e-17 4.617731e+00
815000 4.212849e-21 -2.195006e-20 1.634684e-17 6.102709e+02
816000 9.976373e-20 -4.084930e-20 1.641440e-17 1.445171e+04
817000 7.344090e-22 -1.493910e-20 1.628580e-17 1.063861e+02
818000 1.683817e-21 -1.559857e-20 1.628613e-17 2.439167e+02
819000 5.541338e-23 -1.469221e-20 1.628536e-17 8.027149e+00
820000 1.181875e-22 -1.416274e-20 1.643655e-17 1.712057e+01
821000 3.948609e-21 -1.524857e-20 1.638875e-17 5.719931e+02
822000 7.522247e-22 -1.621387e-20 1.639605e-17 1.089668e+02
823000 2.275484e-22 -1.517875e-20 1.638517e-17 3.296253e+01
824000 2.872665e-22 -1.499431e-20 1.638618e-17 4.161326e+01
825000 2.676798e-21 -1.498417e-20 1.653867e-17 3.877594e+02
826000 3.075299e-23 -8.407002e-21 1.649361e-17 4.454860e+00
827000 8.686634e-21 -7.990594e-21 1.650070e-17 1.258341e+03
828000 3.922628e-22 -7.305034e-21 1.649309e-17 5.682296e+01
829000 1.809013e-20 -2.196298e-21 1.651589e-17 2.620526e+03
830000 3.357566e-21 -1.137859e-21 1.665222e-17 4.863751e+02
831000 1.175444e-20 -4.176282e-21 1.660758e-17 1.702741e+03
832000 5.353822e-21 -5.588482e-21 1.659977e-17 7.755515e+02
833000 1.214066e-21 -5.726364e-22 1.660064e-17 1.758688e+02
834000 2.848231e-24 -3.120925e-21 1.659688e-17 4.125930e-01
835000 7.384487e-22 -8.455640e-24 1.675073e-17 1.069712e+02
836000 2.388618e-22 -7.019919e-22 1.669954e-17 3.460138e+01
837000 3.953117e-21 -4.007145e-22 1.670355e-17 5.726462e+02
838000 2.371788e-21 -5.422681e-22 1.670183e-17 3.435759e+02
839000 5.898733e-21 -7.059964e-22 1.670519e-17 8.544870e+02
840000 4.551934e-23 -6.095677e-22 1.684944e-17 6.593905e+00
841000 4.614349e-22 -8.043832e-22 1.680150e-17 6.684318e+01
842000 2.845494e-21 -9.645304e-22 1.681035e-17 4.121966e+02
843000 1.049010e-23 -8.255975e-22 1.680017e-17 1.519590e+00
844000 2.333031e-26 -8.298711e-22 1.680006e-17 3.379615e-03
845000 1.366524e-21 -8.888090e-22 1.695166e-17 1.979539e+02
846000 5.531601e-24 -7.273278e-23 1.689993e-17 8.013045e-01
847000 4.842659e-21 -2.999066e-22 1.690454e-17 7.015047e+02
848000 4.743088e-21 -4.301356e-22 1.690540e-17 6.870810e+02
849000 4.867243e-21 -2.935563e-22 1.690457e-17 7.050659e+02
850000 1.049043e-22 -4.354007e-22 1.705105e-17 1.519638e+01
851000 1.338841e-21 -2.659062e-21 1.699868e-17 1.939437e+02
852000 8.559999e-22 -2.043320e-21 1.699881e-17 1.239996e+02
853000 8.764338e-21 -2.941354e-21 1.700588e-17 1.269597e+03
854000 6.665971e-23 -2.222801e-21 1.699784e-17 9.656286e+00
855000 1.125726e-22 -1.914695e-21 1.714820e-17 1.630720e+01
856000 1.163646e-20 -2.603858e-21 1.710903e-17 1.685651e+03
857000 5.969833e-21 -2.327871e-21 1.710394e-17 8.647865e+02
858000 4.638092e-21 -2.520389e-21 1.710212e-17 6.718712e+02
859000 1.131223e-21 -2.921048e-21 1.709825e-17 1.638682e+02
860000 1.590276e-22 -2.651015e-21 1.724751e-17 2.303665e+01
861000 4.765405e-21 -6.009088e-21 1.719876e-17 6.903138e+02
862000 7.058584e-23 -6.796423e-21 1.719327e-17 1.022502e+01
863000 1.781464e-21 -5.528889e-21 1.719625e-17 2.580618e+02
864000 6.482632e-22 -8.643065e-21 1.720669e-17 9.390702e+01
865000 6.428399e-23 -8.200028e-21 1.734202e-17 9.312141e+00
866000 8.083295e-22 -1.977930e-20 1.728546e-17 1.170941e+02
867000 4.830286e-22 -1.960928e-20 1.728612e-17 6.997123e+01
868000 2.448095e-21 -1.970122e-20 1.728675e-17 3.546296e+02
869000 5.780204e-23 -1.982613e-20 1.728558e-17 8.373169e+00
870000 1.611195e-21 -1.967089e-20 1.743614e-17 2.333968e+02
871000 6.160424e-22 -9.773321e-21 1.739147e-17 8.923954e+01
872000 1.853896e-21 -1.047095e-20 1.739230e-17 2.685543e+02
873000 3.130377e-22 -1.068289e-20 1.739608e-17 4.534645e+01
874000 6.514914e-22 -9.816861e-21 1.739121e-17 9.437466e+01
875000 1.736753e-22 -1.063302e-20 1.754387e-17 2.515851e+01
876000 2.053662e-21 -1.011274e-20 1.749886e-17 2.974923e+02
877000 1.366615e-22 -9.802884e-21 1.749108e-17 1.979670e+01
878000 3.394978e-23 -1.011657e-20 1.749704e-17 4.917946e+00
879000 2.208704e-21 -9.659218e-21 1.749472e-17 3.199515e+02
