step K U E temp
0 1.325282e-22 -4.068517e-20 -4.055264e-20 1.919795e+01
1000 2.317766e-21 -4.011523e-20 2.220253e-20 3.357503e+02
2000 8.971970e-22 -3.209372e-20 6.880348e-20 1.299674e+02
3000 6.809634e-21 -3.798911e-20 1.088205e-19 9.864395e+02
4000 1.652537e-24 -3.844678e-20 1.415549e-19 2.393856e-01
5000 2.291625e-22 -3.627337e-20 1.839558e-19 3.319635e+01
6000 3.302032e-21 -3.357746e-20 2.297246e-19 4.783304e+02
7000 9.974839e-22 -3.249615e-20 2.694386e-19 1.444949e+02
8000 3.962809e-21 -3.639297e-20 3.262535e-19 5.740501e+02
9000 1.650874e-21 -4.056023e-20 3.410924e-19 2.391447e+02
10000 6.378038e-22 -3.932559e-20 3.813122e-19 9.239188e+01
11000 1.293293e-23 -3.878006e-20 4.213004e-19 1.873456e+00
12000 3.287604e-21 -3.993461e-20 4.633530e-19 4.762404e+02
13000 6.421601e-22 -3.952144e-20 5.019203e-19 9.302294e+01
14000 1.731273e-22 -4.042890e-20 5.474710e-19 2.507912e+01
15000 1.746474e-22 -3.825770e-20 5.894804e-19 2.529932e+01
16000 3.608579e-22 -3.962036e-20 6.233759e-19 5.227366e+01
17000 1.701375e-21 -3.900890e-20 6.731681e-19 2.464601e+02
18000 7.068592e-23 -3.977103e-20 7.118588e-19 1.023952e+01
19000 4.320594e-21 -4.082126e-20 7.435621e-19 6.258787e+02
20000 4.774188e-21 -4.043572e-20 7.843505e-19 6.915861e+02
21000 1.914686e-22 -3.770355e-20 8.227378e-19 2.773602e+01
22000 3.448474e-22 -4.109700e-20 8.592478e-19 4.995439e+01
23000 1.280623e-22 -4.101829e-20 8.991449e-19 1.855103e+01
24000 3.514090e-22 -4.092559e-20 9.456081e-19 5.090490e+01
25000 3.698017e-22 -4.094631e-20 9.794235e-19 5.356926e+01
26000 4.618986e-22 -4.060852e-20 1.024721e-18 6.691036e+01
27000 1.135018e-20 -3.906357e-20 1.073721e-18 1.644180e+03
28000 3.292824e-22 -4.107962e-20 1.108455e-18 4.769966e+01
29000 1.275721e-23 -4.071824e-20 1.149388e-18 1.848001e+00
30000 7.408864e-22 -2.915935e-20 1.191582e-18 1.073244e+02
31000 2.835511e-22 -2.522536e-20 1.235058e-18 4.107505e+01
32000 4.148655e-22 -3.568209e-20 1.271146e-18 6.009717e+01
33000 9.749291e-21 -3.470857e-20 1.315996e-18 1.412277e+03
34000 5.119441e-21 -3.142173e-20 1.355166e-18 7.415993e+02
35000 2.579068e-21 -2.795049e-20 1.396668e-18 3.736022e+02
36000 4.397672e-22 -2.389371e-20 1.439264e-18 6.370441e+01
37000 2.626387e-21 -1.773356e-20 1.484893e-18 3.804568e+02
38000 4.834092e-27 -2.048960e-20 1.519557e-18 7.002637e-04
39000 5.822668e-22 -3.285562e-20 1.567341e-18 8.434682e+01
40000 3.998547e-22 -4.100876e-20 1.587248e-18 5.792272e+01
41000 3.400095e-23 -4.109472e-20 1.621829e-18 4.925357e+00
42000 9.341120e-21 -3.359292e-20 1.675748e-18 1.353149e+03
43000 7.801299e-22 -3.975966e-20 1.719030e-18 1.130092e+02
44000 9.131472e-22 -4.023366e-20 1.747555e-18 1.322780e+02
45000 4.903576e-23 -4.087267e-20 1.788674e-18 7.103292e+00
46000 8.477327e-23 -4.078727e-20 1.831629e-18 1.228021e+01
47000 2.346073e-21 -4.109572e-20 1.884708e-18 3.398508e+02
48000 3.270063e-22 -4.056274e-20 1.928305e-18 4.736993e+01
49000 8.965213e-25 -3.724537e-20 1.948425e-18 1.298696e-01
50000 4.838692e-21 -3.762940e-20 1.991081e-18 7.009300e+02
51000 2.377726e-22 -3.678607e-20 2.023458e-18 3.444360e+01
52000 5.395820e-22 -3.447416e-20 2.066131e-18 7.816353e+01
53000 5.878141e-24 -3.547050e-20 2.104542e-18 8.515041e-01
54000 7.589199e-21 -3.591638e-20 2.155142e-18 1.099367e+03
55000 1.070229e-23 -3.632814e-20 2.190227e-18 1.550328e+00
56000 2.914085e-21 -3.273660e-20 2.231682e-18 4.221327e+02
57000 4.764629e-21 -3.110615e-20 2.273707e-18 6.902014e+02
58000 1.581913e-22 -3.706179e-20 2.312520e-18 2.291549e+01
59000 1.229098e-23 -4.015980e-20 2.359401e-18 1.780464e+00
60000 2.159533e-21 -4.101947e-20 2.404797e-18 3.128287e+02
61000 1.350576e-21 -4.061492e-20 2.448709e-18 1.956436e+02
62000 8.190962e-25 -4.106140e-20 2.470406e-18 1.186538e-01
63000 8.360331e-22 -4.082936e-20 2.536876e-18 1.211073e+02
64000 3.241256e-21 -4.005898e-20 2.568719e-18 4.695264e+02
65000 6.664016e-22 -3.800486e-20 2.597239e-18 9.653454e+01
66000 9.756530e-23 -3.873404e-20 2.636416e-18 1.413325e+01
67000 3.344102e-22 -3.686399e-20 2.682330e-18 4.844247e+01
68000 2.898682e-23 -3.925813e-20 2.721363e-18 4.199014e+00
69000 5.204260e-21 -3.953778e-20 2.782159e-18 7.538860e+02
70000 4.372142e-21 -2.963392e-20 2.808652e-18 6.333460e+02
71000 2.924548e-22 -3.084538e-20 2.841079e-18 4.236483e+01
72000 2.950719e-23 -3.423056e-20 2.880984e-18 4.274395e+00
73000 2.043420e-21 -3.543091e-20 2.926569e-18 2.960086e+02
74000 2.311004e-21 -3.016266e-20 2.976881e-18 3.347707e+02
75000 1.875214e-21 -3.443875e-20 3.023333e-18 2.716423e+02
76000 1.256974e-22 -2.295319e-20 3.045290e-18 1.820845e+01
77000 3.293664e-21 -9.856307e-21 3.093437e-18 4.771182e+02
78000 1.574875e-22 -1.938089e-20 3.130365e-18 2.281355e+01
79000 1.176356e-21 -1.251007e-20 3.169085e-18 1.704063e+02
80000 1.788896e-22 -1.782811e-21 3.218396e-18 2.591384e+01
81000 7.342981e-23 -1.879920e-20 3.266850e-18 1.063700e+01
82000 2.072237e-21 -8.900791e-21 3.305739e-18 3.001830e+02
83000 5.764062e-21 -4.116772e-21 3.343837e-18 8.349786e+02
84000 2.225670e-21 -3.003858e-20 3.352212e-18 3.224092e+02
85000 3.799478e-21 -2.885055e-20 3.394956e-18 5.503902e+02
86000 3.715213e-23 -2.638372e-20 3.433653e-18 5.381836e+00
87000 2.349727e-21 -3.951309e-20 3.462837e-18 3.403800e+02
88000 7.681021e-22 -3.671702e-20 3.504051e-18 1.112668e+02
89000 3.094845e-21 -4.109911e-20 3.541996e-18 4.483174e+02
90000 5.892080e-21 -4.000255e-20 3.586083e-18 8.535233e+02
91000 2.705945e-23 -3.529253e-20 3.624737e-18 3.919816e+00
92000 1.176288e-23 -3.372035e-20 3.666297e-18 1.703963e+00
93000 2.535449e-21 -3.280178e-20 3.711778e-18 3.672837e+02
94000 6.164974e-22 -3.465883e-20 3.751972e-18 8.930546e+01
95000 1.187593e-21 -2.957680e-20 3.791611e-18 1.720340e+02
96000 2.806430e-23 -3.137945e-20 3.828879e-18 4.065377e+00
97000 2.617782e-21 -1.891505e-20 3.883703e-18 3.792103e+02
98000 3.271495e-23 -1.358978e-20 3.926443e-18 4.739069e+00
99000 6.884601e-22 -2.339036e-20 3.957298e-18 9.972992e+01
100000 4.528641e-21 -2.146246e-20 4.003683e-18 6.560162e+02
101000 3.935402e-21 -2.793130e-20 4.036272e-18 5.700800e+02
102000 5.559248e-22 -3.909912e-20 4.063249e-18 8.053094e+01
103000 1.994213e-24 -4.026369e-20 4.099738e-18 2.888805e-01
104000 3.118077e-21 -4.044130e-20 4.142731e-18 4.516828e+02
105000 4.646538e-21 -4.079126e-20 4.183870e-18 6.730948e+02
106000 4.563468e-22 -4.107028e-20 4.219531e-18 6.610613e+01
107000 4.030335e-22 -4.098935e-20 4.260474e-18 5.838319e+01
108000 5.815696e-22 -4.095073e-20 4.299631e-18 8.424583e+01
109000 5.653671e-21 -3.904235e-20 4.346611e-18 8.189874e+02
110000 1.588828e-21 -3.488572e-20 4.386703e-18 2.301567e+02
111000 5.502643e-21 -3.775288e-20 4.427750e-18 7.971097e+02
112000 5.713146e-22 -3.972601e-20 4.460847e-18 8.276030e+01
113000 6.545938e-24 -4.108291e-20 4.504644e-18 9.482407e-01
114000 1.410715e-21 -4.001189e-20 4.544986e-18 2.043553e+02
115000 6.895302e-26 -3.629845e-20 4.583702e-18 9.988495e-03
116000 1.609280e-22 -3.930999e-20 4.625872e-18 2.331193e+01
117000 3.514110e-22 -4.090190e-20 4.669178e-18 5.090519e+01
118000 3.789000e-22 -4.064318e-20 4.706492e-18 5.488724e+01
119000 2.271552e-22 -3.719477e-20 4.743521e-18 3.290557e+01
120000 5.082312e-23 -3.358688e-20 4.786464e-18 7.362206e+00
121000 8.540138e-22 -3.284501e-20 4.828466e-18 1.237119e+02
122000 3.383894e-24 -3.859334e-20 4.862003e-18 4.901889e-01
123000 6.544831e-21 -3.562557e-20 4.911440e-18 9.480804e+02
124000 2.224318e-21 -2.493887e-20 4.958735e-18 3.222133e+02
125000 7.122608e-22 -4.082065e-20 4.981307e-18 1.031777e+02
126000 1.075751e-21 -4.098289e-20 5.035933e-18 1.558327e+02
127000 4.440022e-22 -3.576062e-20 5.073516e-18 6.431789e+01
128000 1.937841e-22 -3.807244e-20 5.102122e-18 2.807145e+01
129000 3.824564e-22 -3.891407e-20 5.154984e-18 5.540241e+01
130000 1.808776e-22 -3.727856e-20 5.186535e-18 2.620182e+01
131000 3.887922e-21 -3.828415e-20 5.239885e-18 5.632021e+02
132000 1.201659e-21 -2.666214e-20 5.277161e-18 1.740716e+02
133000 3.838213e-21 -3.179149e-20 5.327705e-18 5.560013e+02
134000 5.578832e-22 -3.980066e-20 5.353610e-18 8.081464e+01
135000 4.617815e-21 -4.109990e-20 5.402573e-18 6.689339e+02
136000 1.689091e-21 -4.025643e-20 5.430910e-18 2.446808e+02
137000 2.901078e-22 -4.103011e-20 5.478762e-18 4.202485e+01
138000 4.420620e-23 -4.106350e-20 5.531192e-18 6.403684e+00
139000 8.452195e-21 -3.090863e-20 5.557544e-18 1.224380e+03
140000 6.973215e-22 -2.673000e-20 5.593967e-18 1.010136e+02
141000 4.109261e-25 -2.986597e-20 5.630171e-18 5.952651e-02
142000 2.980689e-22 -2.797872e-20 5.672325e-18 4.317808e+01
143000 1.008527e-21 -1.584677e-20 5.725162e-18 1.460946e+02
144000 1.006371e-22 -2.369584e-20 5.756405e-18 1.457823e+01
145000 1.940701e-22 -2.268950e-20 5.797631e-18 2.811288e+01
146000 1.131883e-21 -3.824028e-20 5.826688e-18 1.639639e+02
147000 4.237421e-22 -4.056723e-20 5.860113e-18 6.138302e+01
148000 4.392522e-22 -4.067881e-20 5.910819e-18 6.362981e+01
149000 1.325800e-21 -3.429253e-20 5.948865e-18 1.920545e+02
150000 1.473485e-22 -3.682438e-20 5.989071e-18 2.134482e+01
151000 4.605333e-21 -3.161523e-20 6.033965e-18 6.671259e+02
152000 5.568600e-23 -2.493295e-20 6.075132e-18 8.066641e+00
153000 3.538347e-22 -3.042615e-20 6.118327e-18 5.125628e+01
154000 6.108662e-22 -2.585216e-20 6.155415e-18 8.848971e+01
155000 4.610058e-25 -2.920162e-20 6.192497e-18 6.678103e-02
156000 5.601048e-22 -2.878382e-20 6.240079e-18 8.113646e+01
157000 1.986302e-24 -2.763867e-20 6.283477e-18 2.877345e-01
158000 2.020949e-22 -2.056161e-20 6.319640e-18 2.927534e+01
159000 8.022574e-21 -2.203477e-20 6.368336e-18 1.162145e+03
160000 6.433584e-22 -2.515524e-20 6.395497e-18 9.319652e+01
161000 8.032757e-23 -1.546580e-20 6.444615e-18 1.163620e+01
162000 1.920821e-21 -1.238255e-20 6.489538e-18 2.782491e+02
163000 8.706483e-24 -9.656100e-21 6.530353e-18 1.261216e+00
164000 3.239208e-24 -2.355126e-20 6.556452e-18 4.692298e-01
165000 2.778314e-21 -2.144641e-20 6.601332e-18 4.024650e+02
166000 7.504443e-22 -3.514439e-20 6.634464e-18 1.087089e+02
167000 6.229205e-21 -3.497128e-20 6.692299e-18 9.023589e+02
168000 2.958779e-21 -2.851817e-20 6.725407e-18 4.286069e+02
169000 1.726345e-21 -2.741095e-20 6.754428e-18 2.500773e+02
170000 2.324854e-21 -2.456137e-20 6.801262e-18 3.367770e+02
171000 1.155219e-21 -2.202437e-20 6.842884e-18 1.673444e+02
172000 4.182303e-21 -2.682127e-20 6.888056e-18 6.058459e+02
173000 4.046366e-23 -3.175486e-20 6.919576e-18 5.861542e+00
174000 1.136007e-21 -2.942180e-20 6.957577e-18 1.645613e+02
175000 6.681081e-22 -3.059912e-20 6.997689e-18 9.678175e+01
176000 5.076875e-21 -1.793819e-20 7.047139e-18 7.354332e+02
177000 6.422656e-22 -1.411409e-20 7.086529e-18 9.303822e+01
178000 1.671271e-21 -3.798591e-20 7.134691e-18 2.420993e+02
179000 5.738098e-23 -4.085145e-20 7.168746e-18 8.312174e+00
180000 2.418143e-21 -4.072564e-20 7.219383e-18 3.502908e+02
181000 2.116393e-22 -3.819999e-20 7.253105e-18 3.065794e+01
182000 6.340318e-21 -3.746373e-20 7.302714e-18 9.184547e+02
183000 1.323867e-21 -3.607237e-20 7.349188e-18 1.917747e+02
184000 1.347805e-21 -4.031696e-20 7.374271e-18 1.952422e+02
185000 6.788522e-22 -3.853199e-20 7.396751e-18 9.833812e+01
186000 2.795076e-22 -3.931677e-20 7.446451e-18 4.048931e+01
187000 4.967267e-22 -4.000502e-20 7.486225e-18 7.195554e+01
188000 1.655481e-23 -3.984073e-20 7.533995e-18 2.398121e+00
189000 2.115427e-22 -3.728778e-20 7.560563e-18 3.064395e+01
190000 8.950577e-22 -3.620837e-20 7.612063e-18 1.296575e+02
191000 9.864962e-24 -3.552760e-20 7.656832e-18 1.429033e+00
192000 2.618780e-22 -3.659023e-20 7.694426e-18 3.793549e+01
193000 1.291086e-21 -3.958866e-20 7.740951e-18 1.870259e+02
194000 2.879934e-25 -3.898963e-20 7.774996e-18 4.171856e-02
195000 3.676993e-21 -3.842467e-20 7.820529e-18 5.326471e+02
196000 1.520753e-23 -3.338835e-20 7.842662e-18 2.202954e+00
197000 3.782872e-21 -2.305201e-20 7.886588e-18 5.479846e+02
198000 1.123312e-21 -1.690208e-20 7.924287e-18 1.627223e+02
199000 2.052856e-21 -1.995013e-22 7.981853e-18 2.973755e+02
200000 1.507312e-21 -1.384636e-20 8.007661e-18 2.183483e+02
201000 4.493344e-21 -1.791076e-20 8.046583e-18 6.509031e+02
202000 1.177055e-22 -2.722852e-20 8.087662e-18 1.705076e+01
203000 1.584135e-20 -1.985026e-20 8.137527e-18 2.294769e+03
204000 5.864266e-22 -2.453214e-20 8.165562e-18 8.494941e+01
205000 7.290615e-22 -1.870197e-20 8.202808e-18 1.056114e+02
206000 3.311181e-21 -1.718127e-20 8.247313e-18 4.796557e+02
207000 2.652670e-21 -1.347615e-20 8.297893e-18 3.842642e+02
208000 3.206926e-22 -6.908039e-21 8.333413e-18 4.645535e+01
209000 2.894022e-22 -8.387655e-21 8.371902e-18 4.192264e+01
210000 5.093525e-22 -7.616669e-21 8.413143e-18 7.378450e+01
211000 8.736808e-21 -5.377746e-21 8.463359e-18 1.265609e+03
212000 1.895467e-21 -1.594054e-21 8.500301e-18 2.745762e+02
213000 2.617394e-21 -4.733711e-21 8.537964e-18 3.791542e+02
214000 1.053051e-21 -4.257051e-21 8.577493e-18 1.525443e+02
215000 4.687701e-23 -1.045479e-20 8.609592e-18 6.790577e+00
216000 1.533613e-21 -3.163292e-21 8.658370e-18 2.221582e+02
217000 2.462199e-21 -1.119645e-20 8.691671e-18 3.566726e+02
218000 7.303835e-22 -1.206334e-20 8.728794e-18 1.058029e+02
219000 1.075514e-21 -1.295339e-20 8.772084e-18 1.557983e+02
220000 4.629436e-21 -9.284620e-21 8.815371e-18 6.706174e+02
221000 1.565198e-22 -4.014904e-20 8.842178e-18 2.267336e+01
222000 1.207223e-22 -4.042774e-20 8.872931e-18 1.748777e+01
223000 3.232817e-21 -4.085125e-20 8.925824e-18 4.683039e+02
224000 6.012021e-21 -4.106033e-20 8.958475e-18 8.708978e+02
225000 1.443635e-21 -4.105941e-20 9.013546e-18 2.091241e+02
226000 4.200831e-22 -3.882784e-20 9.038488e-18 6.085299e+01
227000 3.865144e-22 -3.149349e-20 9.089712e-18 5.599025e+01
228000 8.690858e-21 -3.091289e-20 9.146405e-18 1.258953e+03
229000 2.108130e-22 -3.938548e-20 9.165228e-18 3.053825e+01
230000 1.138915e-21 -3.622827e-20 9.199273e-18 1.649825e+02
231000 5.670764e-22 -3.418029e-20 9.246879e-18 8.214635e+01
232000 1.596974e-22 -1.755408e-21 9.298404e-18 2.313367e+01
233000 1.652421e-22 -3.059862e-20 9.319485e-18 2.393687e+01
234000 9.611692e-22 -2.387211e-20 9.378451e-18 1.392344e+02
235000 3.210983e-22 -4.046109e-20 9.407751e-18 4.651411e+01
236000 3.692826e-21 -4.085501e-20 9.452694e-18 5.349406e+02
237000 1.225721e-21 -4.066387e-20 9.491098e-18 1.775572e+02
238000 1.981142e-21 -3.764742e-20 9.518987e-18 2.869870e+02
239000 5.853940e-21 -3.663328e-20 9.580104e-18 8.479983e+02
240000 5.436704e-21 -4.019502e-20 9.615276e-18 7.875577e+02
241000 2.977219e-21 -3.847041e-20 9.647461e-18 4.312782e+02
242000 2.347323e-21 -3.973918e-20 9.696758e-18 3.400318e+02
243000 4.361928e-21 -3.202512e-20 9.723060e-18 6.318663e+02
244000 8.532064e-22 -3.592226e-20 9.759378e-18 1.235950e+02
245000 5.620567e-22 -3.942523e-20 9.799151e-18 8.141920e+01
246000 4.745522e-21 -3.851303e-20 9.854856e-18 6.874335e+02
247000 1.353881e-22 -3.794588e-20 9.880771e-18 1.961224e+01
248000 2.233196e-22 -3.531446e-20 9.918852e-18 3.234995e+01
249000 2.257895e-21 -3.248184e-20 9.963627e-18 3.270773e+02
250000 5.320805e-22 -3.314863e-20 1.000442e-17 7.707686e+01
251000 1.646025e-21 -3.396092e-20 1.004407e-17 2.384422e+02
252000 5.277945e-21 -3.730928e-20 1.008869e-17 7.645599e+02
253000 6.845897e-23 -4.069270e-20 1.013114e-17 9.916925e+00
254000 4.739316e-22 -3.991058e-20 1.016561e-17 6.865345e+01
255000 5.484074e-22 -3.937126e-20 1.022152e-17 7.944198e+01
256000 1.739167e-21 -3.672570e-20 1.024873e-17 2.519348e+02
257000 1.203291e-21 -3.498104e-20 1.029393e-17 1.743080e+02
258000 2.192579e-23 -1.474440e-20 1.032547e-17 3.176157e+00
259000 2.728441e-21 -2.332274e-20 1.037209e-17 3.952403e+02
260000 3.545029e-21 -2.159946e-20 1.040983e-17 5.135308e+02
261000 8.645079e-21 -2.278047e-20 1.047122e-17 1.252321e+03
262000 7.068647e-24 -2.563441e-20 1.049182e-17 1.023960e+00
263000 5.298229e-21 -2.977874e-20 1.053970e-17 7.674984e+02
264000 4.230238e-22 -2.410369e-20 1.057455e-17 6.127897e+01
265000 1.960996e-21 -2.632415e-20 1.061263e-17 2.840687e+02
266000 5.308190e-22 -3.820865e-20 1.065812e-17 7.689413e+01
267000 1.867638e-21 -3.631340e-20 1.069567e-17 2.705449e+02
268000 9.563975e-21 -3.457471e-20 1.074206e-17 1.385432e+03
269000 7.046636e-23 -3.886054e-20 1.078102e-17 1.020771e+01
270000 8.335301e-22 -2.913890e-20 1.080867e-17 1.207447e+02
271000 1.555639e-21 -4.011358e-20 1.086776e-17 2.253490e+02
272000 3.045954e-22 -4.108658e-20 1.089140e-17 4.412351e+01
273000 4.977792e-22 -4.044024e-20 1.093363e-17 7.210801e+01
274000 3.383859e-21 -4.102815e-20 1.097992e-17 4.901838e+02
275000 2.592650e-22 -4.087576e-20 1.102171e-17 3.755698e+01
276000 8.330304e-22 -3.965715e-20 1.105203e-17 1.206723e+02
277000 6.222572e-21 -4.027835e-20 1.111048e-17 9.013981e+02
278000 1.049509e-22 -4.087655e-20 1.114854e-17 1.520312e+01
279000 2.649873e-21 -4.109263e-20 1.118555e-17 3.838590e+02
280000 6.824793e-22 -3.464073e-20 1.122206e-17 9.886355e+01
281000 2.766878e-22 -3.767796e-20 1.125737e-17 4.008084e+01
282000 2.202142e-21 -3.884485e-20 1.129824e-17 3.190011e+02
283000 1.282089e-21 -3.466652e-20 1.136219e-17 1.857227e+02
284000 1.179255e-23 -3.564570e-20 1.138202e-17 1.708262e+00
285000 2.687524e-22 -3.984019e-20 1.143547e-17 3.893131e+01
286000 7.697097e-25 -3.687007e-20 1.146679e-17 1.114997e-01
287000 1.011236e-21 -3.918292e-20 1.150935e-17 1.464871e+02
288000 2.591476e-21 -3.856816e-20 1.155044e-17 3.753996e+02
289000 3.456635e-21 -3.761478e-20 1.160086e-17 5.007260e+02
290000 1.518175e-21 -3.601046e-20 1.163629e-17 2.199219e+02
291000 2.566621e-21 -3.723339e-20 1.166901e-17 3.717992e+02
292000 9.740475e-22 -1.654704e-20 1.168804e-17 1.410999e+02
293000 1.592741e-21 -1.525916e-20 1.173357e-17 2.307235e+02
294000 5.625829e-22 -1.966289e-20 1.177812e-17 8.149543e+01
295000 2.753152e-22 -1.422594e-20 1.181939e-17 3.988200e+01
296000 1.129619e-21 -3.261948e-20 1.186565e-17 1.636360e+02
297000 2.525245e-21 -3.311343e-20 1.191122e-17 3.658054e+02
298000 1.066946e-23 -4.067138e-20 1.195230e-17 1.545572e+00
299000 1.709867e-22 -4.099695e-20 1.198257e-17 2.476903e+01
300000 6.796926e-24 -4.103803e-20 1.204451e-17 9.845987e-01
301000 4.188992e-24 -3.977890e-20 1.206951e-17 6.068149e-01
302000 5.224162e-21 -3.396512e-20 1.210900e-17 7.567691e+02
303000 7.988552e-21 -3.607575e-20 1.215597e-17 1.157217e+03
304000 8.731020e-23 -3.677110e-20 1.219278e-17 1.264770e+01
305000 1.157720e-21 -2.106957e-20 1.221062e-17 1.677067e+02
306000 2.587298e-21 -1.875463e-20 1.226436e-17 3.747945e+02
307000 6.309932e-21 -1.653585e-20 1.231332e-17 9.140530e+02
308000 4.676164e-21 -2.143991e-20 1.235470e-17 6.773863e+02
309000 6.288376e-21 -2.491670e-20 1.239328e-17 9.109305e+02
310000 3.109897e-24 -3.063205e-20 1.243155e-17 4.504979e-01
311000 7.429932e-23 -8.362831e-21 1.247176e-17 1.076296e+01
312000 7.232290e-23 -2.675431e-21 1.249750e-17 1.047665e+01
313000 1.796781e-21 -3.947123e-21 1.254213e-17 2.602806e+02
314000 4.373936e-21 -6.790335e-21 1.257758e-17 6.336058e+02
315000 1.286185e-21 -2.271381e-21 1.261901e-17 1.863160e+02
316000 7.154019e-22 -2.121869e-21 1.266908e-17 1.036327e+02
317000 2.183637e-22 -1.631164e-21 1.269859e-17 3.163204e+01
318000 4.640732e-22 -1.193663e-21 1.273927e-17 6.722537e+01
319000 5.513543e-21 -1.141808e-21 1.278437e-17 7.986886e+02
320000 2.409127e-21 -1.357198e-21 1.282488e-17 3.489848e+02
321000 1.081809e-21 -8.865756e-22 1.286056e-17 1.567103e+02
322000 8.045450e-25 -3.507899e-22 1.289965e-17 1.165459e-01
323000 9.945570e-23 -1.814213e-22 1.293994e-17 1.440709e+01
324000 3.196540e-23 -1.090301e-21 1.299820e-17 4.630489e+00
325000 5.974091e-23 -1.805158e-21 1.302568e-17 8.654033e+00
326000 5.793080e-22 -4.944767e-22 1.306008e-17 8.391821e+01
327000 1.007722e-22 -7.744382e-22 1.309934e-17 1.459780e+01
328000 1.865618e-23 -3.293821e-22 1.314040e-17 2.702524e+00
329000 5.279930e-21 -1.401813e-21 1.318868e-17 7.648475e+02
330000 1.027573e-21 -6.027042e-22 1.322721e-17 1.488536e+02
331000 1.308770e-21 -9.503207e-22 1.326317e-17 1.895877e+02
332000 6.835738e-22 -7.092921e-22 1.330172e-17 9.902209e+01
333000 1.370627e-22 -1.203459e-22 1.334178e-17 1.985482e+01
334000 9.648583e-24 -3.440642e-22 1.339978e-17 1.397688e+00
335000 1.362597e-20 -4.720857e-21 1.342891e-17 1.973850e+03
336000 1.424947e-23 -3.919936e-21 1.345610e-17 2.064170e+00
337000 3.322812e-21 -5.906018e-21 1.349742e-17 4.813405e+02
338000 9.234072e-22 -5.646190e-21 1.354429e-17 1.337642e+02
339000 4.920813e-21 -2.892598e-21 1.358203e-17 7.128260e+02
340000 1.866628e-21 -3.490980e-21 1.361917e-17 2.703987e+02
341000 8.657806e-21 -4.264384e-21 1.366828e-17 1.254165e+03
342000 3.431400e-23 -5.275514e-21 1.369888e-17 4.970705e+00
343000 3.893592e-22 -4.847013e-21 1.375345e-17 5.640234e+01
344000 2.772817e-22 -1.920799e-20 1.376107e-17 4.016686e+01
345000 7.552983e-21 -2.008697e-20 1.380785e-17 1.094121e+03
346000 1.338406e-24 -1.133155e-20 1.384868e-17 1.938807e-01
347000 7.770528e-23 -2.063902e-20 1.388447e-17 1.125634e+01
348000 4.075191e-21 -2.248786e-20 1.393266e-17 5.903298e+02
349000 5.686006e-23 -3.263193e-20 1.396971e-17 8.236715e+00
350000 3.301427e-23 -2.789757e-20 1.400059e-17 4.782427e+00
351000 1.097585e-22 -2.566172e-20 1.404135e-17 1.589955e+01
352000 2.201768e-23 -2.393855e-20 1.408879e-17 3.189468e+00
353000 7.753013e-24 -3.121928e-20 1.413297e-17 1.123097e+00
354000 2.881398e-22 -3.424289e-20 1.416076e-17 4.173977e+01
355000 1.806521e-22 -2.784098e-20 1.422142e-17 2.616916e+01
356000 2.029354e-22 -4.109875e-20 1.425376e-17 2.939710e+01
357000 9.065174e-23 -4.091639e-20 1.429780e-17 1.313176e+01
358000 5.569612e-21 -3.893343e-20 1.434361e-17 8.068107e+02
359000 6.173332e-22 -4.045689e-20 1.439179e-17 8.942653e+01
360000 7.893155e-23 -4.013849e-20 1.442954e-17 1.143398e+01
361000 2.296790e-21 -2.653803e-20 1.443936e-17 3.327117e+02
362000 4.650730e-21 -2.561855e-20 1.450322e-17 6.737020e+02
363000 2.139552e-22 -2.838612e-20 1.453640e-17 3.099342e+01
364000 1.854077e-22 -2.706448e-20 1.457672e-17 2.685805e+01
365000 9.256395e-22 -3.744883e-20 1.461654e-17 1.340876e+02
366000 2.157412e-22 -3.054832e-20 1.465839e-17 3.125214e+01
367000 1.572884e-22 -3.671502e-20 1.471180e-17 2.278471e+01
368000 3.946754e-20 -3.261660e-20 1.478604e-17 5.717245e+03
369000 2.481559e-21 -7.212275e-21 1.478119e-17 3.594772e+02
370000 2.450222e-21 -6.166622e-21 1.483215e-17 3.549377e+02
371000 1.896029e-21 -3.307388e-20 1.487744e-17 2.746577e+02
372000 1.418097e-21 -4.030579e-20 1.488516e-17 2.054247e+02
373000 7.324100e-22 -4.065489e-20 1.494579e-17 1.060965e+02
374000 5.445779e-22 -4.099562e-20 1.498457e-17 7.888724e+01
375000 1.139051e-21 -4.098854e-20 1.501608e-17 1.650022e+02
376000 3.250707e-21 -3.676809e-20 1.507004e-17 4.708956e+02
377000 1.123265e-21 -3.922426e-20 1.511465e-17 1.627156e+02
378000 3.119401e-23 -3.981158e-20 1.515052e-17 4.518746e+00
379000 8.654570e-22 -4.080495e-20 1.519392e-17 1.253696e+02
380000 1.607792e-21 -3.875828e-20 1.522935e-17 2.329038e+02
381000 3.340790e-21 -3.752773e-20 1.527659e-17 4.839448e+02
382000 3.060366e-22 -1.616601e-20 1.528648e-17 4.433229e+01
383000 3.844315e-22 -1.045811e-20 1.533018e-17 5.568852e+01
384000 4.028420e-23 -1.333032e-20 1.536727e-17 5.835546e+00
385000 8.361359e-22 -1.283464e-20 1.541777e-17 1.211222e+02
386000 5.240469e-23 -1.859206e-20 1.544641e-17 7.591313e+00
387000 1.300629e-22 -2.125787e-20 1.549959e-17 1.884083e+01
388000 4.583439e-22 -1.461640e-20 1.553070e-17 6.639543e+01
389000 4.774892e-23 -1.728328e-20 1.557400e-17 6.916880e+00
390000 1.500513e-21 -1.990028e-20 1.562134e-17 2.173635e+02
391000 2.825037e-24 -1.508965e-20 1.565947e-17 4.092332e-01
392000 1.462478e-21 -8.729766e-21 1.569275e-17 2.118537e+02
393000 6.181145e-22 -7.815758e-21 1.573282e-17 8.953971e+01
394000 3.563610e-21 -7.259909e-21 1.577961e-17 5.162224e+02
395000 1.553098e-21 -1.655103e-20 1.582525e-17 2.249808e+02
396000 6.911221e-21 -9.274857e-21 1.586581e-17 1.001155e+03
397000 1.341373e-21 -9.868736e-21 1.590843e-17 1.943104e+02
398000 1.369550e-22 -1.190430e-20 1.593498e-17 1.983922e+01
399000 4.632117e-22 -1.124188e-20 1.598944e-17 6.710058e+01
400000 5.321573e-21 -1.090365e-20 1.603388e-17 7.708799e+02
401000 5.929899e-24 -9.954546e-21 1.608275e-17 8.590017e-01
402000 1.897578e-21 -2.025198e-20 1.611932e-17 2.748820e+02
403000 2.646762e-22 -2.593660e-20 1.613637e-17 3.834084e+01
404000 4.039637e-21 -3.006699e-20 1.618496e-17 5.851794e+02
405000 3.583393e-24 -3.388990e-20 1.620965e-17 5.190882e-01
406000 1.933717e-21 -3.232629e-20 1.626386e-17 2.801170e+02
407000 2.694650e-22 -2.924616e-20 1.629846e-17 3.903454e+01
408000 1.586532e-22 -2.453575e-20 1.634198e-17 2.298241e+01
409000 3.650936e-21 -2.802368e-20 1.639938e-17 5.288724e+02
410000 4.254596e-23 -3.576555e-20 1.642731e-17 6.163182e+00
411000 5.602365e-21 -3.318748e-20 1.646231e-17 8.115553e+02
412000 4.552938e-24 -3.474390e-20 1.649872e-17 6.595359e-01
413000 7.129095e-21 -3.212380e-20 1.656446e-17 1.032717e+03
414000 1.735910e-22 -3.860773e-20 1.660355e-17 2.514629e+01
415000 1.935076e-22 -1.396236e-24 1.662019e-17 2.803140e+01
416000 2.625390e-21 -3.555140e-23 1.666263e-17 3.803125e+02
417000 3.555185e-22 -3.442700e-24 1.670280e-17 5.150020e+01
418000 1.974092e-22 -2.672196e-24 1.676307e-17 2.859658e+01
419000 1.664849e-22 -7.266026e-23 1.678880e-17 2.411691e+01
420000 4.862670e-25 -2.848810e-22 1.684645e-17 7.044034e-02
421000 1.826384e-23 -7.692776e-23 1.688875e-17 2.645689e+00
422000 3.571380e-22 -6.510113e-23 1.690031e-17 5.173481e+01
423000 1.270246e-21 -2.418284e-22 1.694966e-17 1.840071e+02
424000 3.255023e-21 -4.707592e-22 1.698515e-17 4.715207e+02
425000 1.665398e-22 -7.473796e-22 1.704173e-17 2.412486e+01
426000 1.284320e-21 -2.966393e-22 1.708335e-17 1.860458e+02
427000 1.111057e-21 -5.605454e-22 1.711131e-17 1.609471e+02
428000 7.206980e-22 -1.064547e-22 1.714824e-17 1.043999e+02
429000 4.191649e-21 -1.222090e-23 1.718979e-17 6.071998e+02
430000 2.350383e-22 -4.156541e-23 1.723368e-17 3.404751e+01
431000 4.805249e-21 -4.269965e-22 1.729106e-17 6.960856e+02
432000 1.327541e-21 -2.069610e-22 1.732726e-17 1.923068e+02
433000 6.558379e-22 -1.381018e-23 1.736808e-17 9.500429e+01
434000 6.089577e-23 -6.290998e-21 1.737413e-17 8.821326e+00
435000 1.656410e-21 -5.983268e-21 1.742285e-17 2.399465e+02
436000 2.802411e-23 -2.163927e-21 1.745788e-17 4.059555e+00
437000 6.770791e-22 -7.497078e-21 1.751138e-17 9.808128e+01
438000 4.917689e-22 -7.064169e-21 1.755345e-17 7.123736e+01
439000 5.470221e-26 -3.494944e-21 1.757940e-17 7.924130e-03
440000 1.247204e-21 -4.906548e-21 1.763070e-17 1.806692e+02
441000 1.297884e-20 -6.657371e-21 1.768544e-17 1.880107e+03
442000 1.180518e-21 -2.006888e-21 1.770869e-17 1.710091e+02
443000 2.617392e-23 -3.726818e-21 1.775285e-17 3.791539e+00
444000 3.341332e-21 -2.956722e-21 1.779187e-17 4.840234e+02
445000 5.886297e-21 -1.760611e-21 1.783396e-17 8.526855e+02
446000 1.219089e-21 -5.690872e-21 1.786923e-17 1.765965e+02
447000 1.502208e-21 -3.998597e-21 1.792949e-17 2.176090e+02
448000 6.983137e-24 -2.799682e-21 1.796383e-17 1.011573e+00
449000 3.950788e-23 -3.329334e-21 1.800244e-17 5.723089e+00
450000 2.088795e-21 -1.947461e-21 1.804908e-17 3.025816e+02
451000 1.829267e-21 -8.814526e-22 1.808960e-17 2.649866e+02
452000 8.791703e-22 -2.028537e-20 1.810554e-17 1.273561e+02
453000 8.184175e-21 -1.819865e-20 1.815235e-17 1.185555e+03
454000 6.288173e-23 -1.770909e-20 1.818889e-17 9.109011e+00
455000 1.955559e-22 -9.881420e-21 1.821332e-17 2.832812e+01
456000 3.130451e-21 -1.252647e-20 1.826196e-17 4.534752e+02
457000 1.464528e-22 -1.117450e-20 1.830951e-17 2.121506e+01
458000 4.489434e-23 -2.778968e-22 1.838222e-17 6.503368e+00
459000 7.916595e-23 -1.013653e-22 1.840925e-17 1.146793e+01
460000 2.601883e-22 -1.447294e-22 1.845133e-17 3.769072e+01
461000 2.649851e-22 -1.035425e-21 1.847711e-17 3.838558e+01
462000 4.127855e-21 -8.383770e-21 1.850416e-17 5.979586e+02
463000 2.101696e-21 -6.253896e-21 1.854217e-17 3.044504e+02
464000 1.792529e-20 -2.636128e-21 1.860028e-17 2.596647e+03
465000 2.185319e-22 -7.721111e-21 1.863400e-17 3.165640e+01
466000 8.846395e-21 -6.498750e-21 1.868148e-17 1.281484e+03
467000 1.840653e-21 -3.200383e-21 1.870524e-17 2.666360e+02
468000 8.866789e-22 -8.494418e-21 1.876351e-17 1.284438e+02
469000 2.694839e-21 -4.342217e-21 1.880068e-17 3.903728e+02
470000 1.327808e-21 -3.586752e-21 1.883869e-17 1.923454e+02
471000 3.631584e-21 -1.339206e-21 1.888679e-17 5.260692e+02
472000 1.181871e-21 -3.977565e-21 1.892567e-17 1.712051e+02
473000 4.004867e-26 -1.555341e-20 1.895219e-17 5.801427e-03
474000 5.182945e-22 -1.819709e-20 1.898559e-17 7.507984e+01
475000 9.558054e-22 -1.380750e-20 1.902403e-17 1.384574e+02
476000 1.183186e-21 -1.321222e-20 1.907724e-17 1.713956e+02
477000 4.533525e-23 -1.442279e-20 1.911679e-17 6.567238e+00
478000 8.437306e-22 -1.931587e-20 1.914642e-17 1.222223e+02
479000 1.208305e-20 -1.760745e-20 1.920189e-17 1.750343e+03
480000 3.906130e-21 -1.864923e-20 1.923931e-17 5.658396e+02
481000 2.104792e-21 -1.191255e-20 1.927802e-17 3.048989e+02
482000 4.261091e-21 -1.110247e-20 1.934125e-17 6.172591e+02
483000 1.364023e-20 -6.011605e-21 1.938129e-17 1.975916e+03
484000 1.639243e-23 -7.508974e-22 1.940228e-17 2.374598e+00
485000 1.325255e-21 -1.540637e-21 1.944802e-17 1.919757e+02
486000 2.437919e-21 -1.819563e-21 1.948818e-17 3.531556e+02
487000 5.350188e-21 -3.321555e-21 1.953434e-17 7.750251e+02
488000 1.150468e-22 -5.050697e-21 1.956157e-17 1.666561e+01
489000 1.162586e-21 -4.669699e-21 1.961736e-17 1.684115e+02
490000 4.992320e-22 -4.452741e-22 1.964238e-17 7.231845e+01
491000 7.498171e-22 -2.385663e-21 1.967928e-17 1.086181e+02
492000 1.498223e-21 -2.502391e-21 1.973157e-17 2.170318e+02
493000 7.613181e-22 -2.021864e-21 1.976670e-17 1.102841e+02
494000 1.360853e-21 -1.157629e-21 1.981401e-17 1.971324e+02
495000 2.514996e-22 -7.271037e-21 1.983918e-17 3.643209e+01
496000 4.504339e-22 -5.428257e-21 1.988621e-17 6.524959e+01
497000 4.342249e-22 -1.033946e-20 1.992164e-17 6.290156e+01
498000 4.236342e-22 -6.613190e-21 1.997166e-17 6.136740e+01
499000 8.933305e-22 -8.887618e-21 2.000224e-17 1.294073e+02
500000 2.684533e-20 -7.807849e-21 2.008159e-17 3.888799e+03
501000 1.893700e-20 -4.537871e-23 2.011744e-17 2.743203e+03
502000 2.952787e-23 -1.074144e-20 2.013682e-17 4.277390e+00
503000 1.020224e-21 -5.786859e-22 2.017237e-17 1.477890e+02
504000 5.547894e-21 -8.620107e-22 2.021840e-17 8.036646e+02
505000 8.718837e-22 -3.981785e-21 2.026545e-17 1.263006e+02
506000 2.449441e-21 -2.797043e-21 2.029024e-17 3.548246e+02
507000 7.856328e-21 -3.024737e-21 2.033973e-17 1.138063e+03
508000 1.170663e-22 -1.632646e-24 2.037524e-17 1.695816e+01
509000 2.606994e-23 -2.557056e-23 2.040096e-17 3.776475e+00
510000 4.443242e-21 -1.757713e-23 2.046015e-17 6.436454e+02
511000 4.630173e-21 -1.356489e-22 2.049461e-17 6.707242e+02
512000 4.848235e-22 -9.373133e-22 2.054984e-17 7.023125e+01
513000 7.057091e-21 -1.514408e-21 2.059507e-17 1.022286e+03
514000 9.788244e-22 -2.936791e-21 2.063540e-17 1.417919e+02
515000 1.503383e-21 -2.005661e-21 2.066718e-17 2.177791e+02
516000 3.657995e-21 -1.726782e-24 2.071897e-17 5.298951e+02
517000 2.110342e-21 -2.300148e-21 2.071427e-17 3.057030e+02
518000 1.920926e-22 -2.523423e-21 2.075841e-17 2.782642e+01
519000 8.576671e-26 -3.032303e-21 2.081951e-17 1.242412e-02
520000 5.731476e-22 -1.706078e-20 2.083388e-17 8.302582e+01
521000 7.880238e-22 -2.815920e-20 2.085686e-17 1.141527e+02
522000 4.152315e-22 -2.894960e-20 2.090419e-17 6.015019e+01
523000 1.806636e-22 -2.648683e-20 2.095007e-17 2.617082e+01
524000 7.013299e-24 -2.960487e-20 2.099176e-17 1.015942e+00
525000 1.042855e-20 -2.411681e-20 2.104530e-17 1.510673e+03
526000 4.650259e-21 -2.897016e-20 2.109061e-17 6.736338e+02
527000 2.820032e-20 -3.201354e-20 2.113436e-17 4.085082e+03
528000 1.520437e-21 -1.683720e-20 2.112549e-17 2.202496e+02
529000 3.114594e-23 -1.966404e-20 2.117434e-17 4.511783e+00
530000 1.834955e-22 -2.257172e-20 2.121760e-17 2.658105e+01
531000 1.078654e-20 5.848644e-22 2.127391e-17 1.562532e+03
532000 1.342674e-21 -7.984545e-21 2.129336e-17 1.944990e+02
533000 8.633892e-21 -1.013346e-20 2.134047e-17 1.250701e+03
534000 2.465832e-21 -5.682282e-21 2.137853e-17 3.571990e+02
535000 6.902218e-21 -1.529562e-20 2.141874e-17 9.998513e+02
536000 7.887511e-22 -1.202859e-20 2.145638e-17 1.142580e+02
537000 6.452409e-22 -1.350110e-20 2.151532e-17 9.346921e+01
538000 2.314461e-22 1.649085e-20 2.155672e-17 3.352715e+01
539000 3.162571e-22 3.439582e-21 2.158492e-17 4.581282e+01
540000 2.473899e-21 -4.397138e-21 2.162904e-17 3.583675e+02
541000 1.972606e-24 1.005004e-20 2.167005e-17 2.857505e-01
542000 1.129169e-21 6.055089e-21 2.170956e-17 1.635707e+02
543000 5.213743e-21 1.368242e-20 2.176226e-17 7.552598e+02
544000 5.685312e-21 2.006889e-20 2.180677e-17 8.235709e+02
545000 4.605931e-21 -5.472202e-21 2.184944e-17 6.672124e+02
546000 1.303204e-21 -4.520648e-21 2.187704e-17 1.887814e+02
547000 7.969653e-22 -1.459475e-20 2.191508e-17 1.154479e+02
548000 3.401434e-22 -2.235905e-20 2.195124e-17 4.927297e+01
549000 1.049064e-21 -1.903232e-20 2.199064e-17 1.519668e+02
550000 1.405035e-21 -2.843358e-20 2.203356e-17 2.035325e+02
551000 2.005479e-21 -2.687556e-20 2.207789e-17 2.905125e+02
552000 3.410192e-22 -3.771921e-20 2.209853e-17 4.939984e+01
553000 2.106491e-21 -3.918401e-20 2.215085e-17 3.051451e+02
554000 1.426399e-23 -3.867249e-20 2.220067e-17 2.066273e+00
555000 2.817383e-22 -3.596949e-20 2.224328e-17 4.081244e+01
556000 3.263336e-22 -3.465508e-20 2.227539e-17 4.727249e+01
557000 6.601599e-21 -3.128583e-20 2.232144e-17 9.563037e+02
558000 7.150004e-21 -3.391891e-20 2.237052e-17 1.035745e+03
559000 1.453080e-21 -3.554512e-20 2.239097e-17 2.104924e+02
560000 2.760766e-22 -3.531353e-20 2.244100e-17 3.999229e+01
561000 3.031823e-21 -3.424544e-20 2.249601e-17 4.391882e+02
562000 1.514593e-22 -3.740798e-20 2.251869e-17 2.194030e+01
563000 1.421016e-21 -3.803875e-20 2.255907e-17 2.058476e+02
564000 3.731724e-22 -3.851320e-20 2.261239e-17 5.405753e+01
565000 2.475769e-22 -3.516715e-20 2.265733e-17 3.586385e+01
566000 1.084285e-21 -1.260570e-20 2.268017e-17 1.570689e+02
567000 2.018337e-21 -8.707628e-21 2.271030e-17 2.923752e+02
568000 6.760152e-21 -1.074385e-20 2.275724e-17 9.792716e+02
569000 7.453264e-22 -9.868494e-21 2.279390e-17 1.079675e+02
570000 1.041831e-22 -9.069771e-21 2.283260e-17 1.509191e+01
571000 9.480495e-21 -1.174877e-20 2.287331e-17 1.373339e+03
572000 3.884165e-21 -8.869874e-21 2.293560e-17 5.626579e+02
573000 1.636140e-23 -5.068622e-21 2.296209e-17 2.370103e+00
574000 7.013168e-22 -5.946495e-22 2.300998e-17 1.015923e+02
575000 6.702500e-22 -2.584636e-21 2.306294e-17 9.709201e+01
576000 4.346526e-22 -1.463553e-21 2.308185e-17 6.296352e+01
577000 2.315017e-21 -2.316969e-20 2.311892e-17 3.353519e+02
578000 1.366394e-21 -2.016858e-20 2.316677e-17 1.979351e+02
579000 2.911823e-21 -1.330063e-20 2.320044e-17 4.218050e+02
580000 1.135833e-20 -1.188250e-20 2.325686e-17 1.645362e+03
581000 1.425729e-21 -2.560500e-20 2.327612e-17 2.065303e+02
582000 1.868423e-22 -2.235985e-20 2.333186e-17 2.706586e+01
583000 1.885902e-21 -1.559136e-20 2.335157e-17 2.731907e+02
584000 3.478965e-22 -2.089455e-20 2.339874e-17 5.039608e+01
585000 6.136407e-22 -2.171863e-20 2.345168e-17 8.889162e+01
586000 2.804487e-21 -2.088546e-20 2.350184e-17 4.062564e+02
587000 1.022522e-20 -1.951597e-20 2.353096e-17 1.481219e+03
588000 5.422899e-22 -1.566886e-20 2.356950e-17 7.855580e+01
589000 6.154473e-22 -1.760627e-20 2.360917e-17 8.915333e+01
590000 2.369718e-22 -9.518592e-21 2.364362e-17 3.432760e+01
591000 7.744566e-22 -1.065728e-20 2.369002e-17 1.121873e+02
592000 6.854458e-21 -1.493827e-20 2.373320e-17 9.929327e+02
593000 5.730386e-21 -4.256934e-21 2.378059e-17 8.301003e+02
594000 4.164508e-23 -6.614794e-21 2.381060e-17 6.032682e+00
595000 6.610391e-22 -6.204671e-21 2.385097e-17 9.575773e+01
596000 1.376988e-21 -3.583290e-21 2.389868e-17 1.994697e+02
597000 1.673803e-21 -7.868593e-21 2.391477e-17 2.424662e+02
598000 1.672787e-21 -7.221103e-21 2.397352e-17 2.423190e+02
599000 1.822050e-22 -1.844724e-20 2.401225e-17 2.639411e+01
600000 2.369101e-21 -1.628063e-20 2.404567e-17 3.431865e+02
601000 7.704928e-21 -5.169891e-21 2.410799e-17 1.116131e+03
602000 3.872802e-21 -1.932674e-20 2.413763e-17 5.610119e+02
603000 7.008249e-23 -1.429266e-20 2.417143e-17 1.015211e+01
604000 8.109237e-21 -1.380569e-20 2.422139e-17 1.174699e+03
605000 2.303373e-21 -8.134691e-21 2.425256e-17 3.336653e+02
606000 4.047872e-21 -1.225020e-20 2.430174e-17 5.863723e+02
607000 8.227865e-21 -3.289389e-20 2.434205e-17 1.191884e+03
608000 8.004125e-22 -3.025725e-20 2.435522e-17 1.159473e+02
609000 3.911638e-21 -3.220272e-20 2.440822e-17 5.666376e+02
610000 3.998398e-25 -3.139933e-20 2.445530e-17 5.792056e-02
611000 1.168813e-21 -2.751631e-20 2.447721e-17 1.693136e+02
612000 1.557319e-22 -2.715139e-20 2.453273e-17 2.255924e+01
613000 9.286745e-24 -1.311570e-20 2.457721e-17 1.345272e+00
614000 3.851447e-23 -4.556577e-21 2.462265e-17 5.579183e+00
615000 2.767022e-22 -8.700183e-21 2.467278e-17 4.008292e+01
616000 5.032771e-21 -2.463803e-20 2.469616e-17 7.290443e+02
617000 5.820540e-23 -3.449176e-20 2.474456e-17 8.431599e+00
618000 1.183920e-21 -3.712012e-20 2.475997e-17 1.715019e+02
619000 1.287322e-21 -3.966214e-20 2.480691e-17 1.864807e+02
620000 8.530504e-23 -3.936257e-20 2.484553e-17 1.235724e+01
621000 9.805693e-22 -2.748887e-20 2.485674e-17 1.420447e+02
622000 7.010641e-22 -2.636104e-20 2.489806e-17 1.015557e+02
623000 3.262913e-21 -2.525526e-20 2.494468e-17 4.726636e+02
624000 3.916905e-22 -1.484569e-20 2.499854e-17 5.674005e+01
625000 4.415242e-21 -3.810740e-20 2.504414e-17 6.395894e+02
626000 6.892725e-22 -3.524923e-20 2.508287e-17 9.984761e+01
627000 4.393493e-22 -3.847106e-20 2.513481e-17 6.364389e+01
628000 2.377017e-23 -4.053452e-20 2.514900e-17 3.443333e+00
629000 3.325699e-22 -4.071809e-20 2.519269e-17 4.817588e+01
630000 2.936673e-21 -4.090843e-20 2.524868e-17 4.254047e+02
631000 2.836268e-24 -4.084704e-20 2.528322e-17 4.108600e-01
632000 1.188341e-21 -4.049364e-20 2.531741e-17 1.721423e+02
633000 1.367761e-23 -4.003511e-20 2.535326e-17 1.981330e+00
634000 9.564960e-21 -3.963106e-20 2.541250e-17 1.385574e+03
635000 2.478964e-21 -4.109944e-20 2.543020e-17 3.591012e+02
636000 6.099465e-22 -4.094768e-20 2.547566e-17 8.835649e+01
637000 5.308718e-21 -4.103291e-20 2.552606e-17 7.690177e+02
638000 7.075485e-21 -4.109375e-20 2.556621e-17 1.024951e+03
639000 1.840946e-22 -3.323150e-21 2.559858e-17 2.666783e+01
640000 4.524120e-21 -2.878957e-20 2.562742e-17 6.553614e+02
641000 6.161050e-21 -2.058538e-20 2.566792e-17 8.924861e+02
642000 1.723746e-22 -3.261056e-20 2.569141e-17 2.497009e+01
643000 8.279613e-21 -3.115356e-20 2.575479e-17 1.199380e+03
644000 3.134676e-22 -9.426125e-21 2.579398e-17 4.540873e+01
645000 2.386824e-21 -6.236580e-21 2.584354e-17 3.457540e+02
646000 3.988293e-22 -3.001347e-20 2.586438e-17 5.777417e+01
647000 4.560519e-22 -1.775528e-20 2.590223e-17 6.606341e+01
648000 6.636798e-21 -2.765331e-20 2.596688e-17 9.614026e+02
649000 3.205187e-21 -8.954875e-21 2.601534e-17 4.643015e+02
650000 1.649749e-21 -2.228276e-20 2.603733e-17 2.389817e+02
651000 2.319512e-22 -2.564542e-20 2.607916e-17 3.360032e+01
652000 9.403286e-21 -1.813984e-20 2.613092e-17 1.362154e+03
653000 6.122696e-22 -1.117021e-20 2.616112e-17 8.869302e+01
654000 2.159654e-23 -3.335588e-20 2.617723e-17 3.128462e+00
655000 3.860872e-21 -3.335658e-20 2.624107e-17 5.592836e+02
656000 2.343529e-21 -3.032007e-20 2.628319e-17 3.394823e+02
657000 1.886135e-21 -3.247954e-20 2.631835e-17 2.732245e+02
658000 2.721943e-22 -3.218221e-20 2.636742e-17 3.942990e+01
659000 9.923720e-24 -2.115254e-20 2.640481e-17 1.437544e+00
660000 4.238548e-21 -1.958412e-20 2.645588e-17 6.139936e+02
661000 3.404882e-21 -4.029414e-20 2.648484e-17 4.932292e+02
662000 3.708008e-23 -4.070925e-20 2.653336e-17 5.371399e+00
663000 2.093900e-23 -3.900989e-20 2.656551e-17 3.033212e+00
664000 2.012418e-21 -4.103592e-20 2.662336e-17 2.915176e+02
665000 8.554458e-21 -4.044149e-20 2.666527e-17 1.239194e+03
666000 1.542654e-21 -4.072180e-20 2.669267e-17 2.234679e+02
667000 1.791567e-23 -4.087345e-20 2.674946e-17 2.595253e+00
668000 4.902537e-22 -4.108193e-20 2.677380e-17 7.101787e+01
669000 8.431773e-22 -4.108293e-20 2.681921e-17 1.221422e+02
670000 2.092656e-22 -3.501385e-20 2.686390e-17 3.031409e+01
671000 9.557309e-22 -4.044635e-20 2.689693e-17 1.384466e+02
672000 3.123584e-21 -4.005209e-20 2.693735e-17 4.524806e+02
673000 7.439918e-22 -3.751184e-20 2.698448e-17 1.077742e+02
674000 7.171873e-22 -3.638791e-20 2.701178e-17 1.038913e+02
675000 5.484198e-21 -3.695942e-20 2.707366e-17 7.944376e+02
676000 3.461644e-22 3.562497e-20 2.709597e-17 5.014517e+01
677000 1.248854e-22 5.490645e-21 2.712885e-17 1.809082e+01
678000 1.992470e-21 1.988731e-21 2.716418e-17 2.886281e+02
679000 6.663750e-21 2.548234e-20 2.721219e-17 9.653070e+02
680000 4.879583e-21 7.924816e-21 2.724845e-17 7.068536e+02
681000 2.440380e-22 1.103921e-20 2.729093e-17 3.535120e+01
682000 9.881071e-24 3.180975e-20 2.733344e-17 1.431366e+00
683000 5.167535e-22 2.828127e-20 2.737512e-17 7.485660e+01
684000 2.026087e-21 -7.110990e-21 2.741705e-17 2.934978e+02
685000 4.111683e-21 -3.668412e-22 2.745113e-17 5.956160e+02
686000 1.907264e-21 -2.885082e-20 2.749026e-17 2.762852e+02
687000 1.348241e-22 -2.701534e-20 2.753605e-17 1.953054e+01
688000 1.178652e-21 1.254250e-21 2.758825e-17 1.707388e+02
689000 1.124672e-21 2.204249e-20 2.761341e-17 1.629194e+02
690000 4.701411e-21 8.116958e-21 2.766915e-17 6.810436e+02
691000 1.306376e-22 1.291375e-20 2.770100e-17 1.892408e+01
692000 6.119767e-22 2.925001e-21 2.775070e-17 8.865059e+01
693000 1.127763e-21 4.079909e-20 2.778220e-17 1.633671e+02
694000 1.513011e-21 2.271764e-20 2.783088e-17 2.191739e+02
695000 9.933768e-21 6.111334e-20 2.789105e-17 1.439000e+03
696000 2.756152e-21 -3.373355e-20 2.789405e-17 3.992546e+02
697000 7.589138e-22 -3.184569e-20 2.794030e-17 1.099358e+02
698000 5.025604e-21 -2.403813e-20 2.796916e-17 7.280060e+02
699000 1.984305e-23 -1.678568e-20 2.800533e-17 2.874452e+00
700000 3.158315e-22 -2.618402e-20 2.806374e-17 4.575117e+01
701000 7.574831e-23 -1.551960e-20 2.809566e-17 1.097286e+01
702000 7.202416e-22 -2.243292e-20 2.814275e-17 1.043338e+02
703000 3.903680e-22 -2.119058e-21 2.817861e-17 5.654847e+01
704000 1.826581e-21 -2.451336e-20 2.822398e-17 2.645974e+02
705000 1.800337e-21 -3.136054e-20 2.826980e-17 2.607958e+02
706000 2.707009e-22 -3.041787e-20 2.830452e-17 3.921357e+01
707000 1.369728e-21 -1.167347e-20 2.833825e-17 1.984180e+02
708000 2.792854e-21 -2.072917e-20 2.839117e-17 4.045712e+02
709000 1.451020e-20 -1.562671e-20 2.844960e-17 2.101939e+03
710000 7.534135e-22 -3.899080e-20 2.845816e-17 1.091390e+02
711000 1.542023e-22 -4.097942e-20 2.849414e-17 2.233766e+01
712000 9.948717e-22 -4.031844e-20 2.855450e-17 1.441165e+02
713000 2.841129e-22 -4.097227e-20 2.859332e-17 4.115643e+01
714000 1.395638e-21 -4.086841e-20 2.863815e-17 2.021713e+02
715000 9.297477e-22 3.979797e-20 2.867904e-17 1.346827e+02
716000 3.014753e-21 1.783213e-20 2.870103e-17 4.367154e+02
717000 5.673756e-23 -1.300133e-20 2.874634e-17 8.218969e+00
718000 3.644746e-21 -1.824901e-20 2.879448e-17 5.279758e+02
719000 6.132165e-21 -3.805842e-20 2.883264e-17 8.883019e+02
720000 1.502893e-21 -3.321329e-20 2.887436e-17 2.177082e+02
721000 5.258887e-22 -3.954401e-20 2.890748e-17 7.617993e+01
722000 1.912023e-21 -3.872204e-20 2.895087e-17 2.769745e+02
723000 3.074070e-23 -3.392136e-20 2.899134e-17 4.453080e+00
724000 2.736324e-21 -3.559671e-20 2.903375e-17 3.963822e+02
725000 4.500098e-21 -3.518281e-20 2.908231e-17 6.518815e+02
726000 3.065415e-22 -3.257392e-20 2.910773e-17 4.440542e+01
727000 1.483496e-21 -3.048645e-20 2.914106e-17 2.148984e+02
728000 9.474337e-23 -2.862299e-20 2.917872e-17 1.372447e+01
729000 5.573751e-22 -5.849237e-21 2.921788e-17 8.074103e+01
730000 1.590713e-20 -1.802161e-21 2.927234e-17 2.304298e+03
731000 2.704209e-21 -1.220917e-21 2.929338e-17 3.917301e+02
732000 4.644264e-21 -1.743282e-22 2.934956e-17 6.727654e+02
733000 2.244122e-20 -5.676254e-22 2.941447e-17 3.250822e+03
734000 4.171522e-22 -4.705023e-23 2.942829e-17 6.042842e+01
735000 9.684181e-22 -2.309188e-21 2.947418e-17 1.402845e+02
736000 1.104227e-22 -1.609796e-22 2.950808e-17 1.599576e+01
737000 4.212618e-23 -4.751977e-22 2.955486e-17 6.102373e+00
738000 1.850705e-21 -1.688195e-23 2.960036e-17 2.680920e+02
739000 1.269430e-23 -7.641565e-21 2.962833e-17 1.838889e+00
740000 2.962542e-22 -1.118437e-20 2.966063e-17 4.291522e+01
741000 3.509242e-23 -2.617398e-20 2.968976e-17 5.083468e+00
742000 1.312472e-22 -1.015744e-20 2.972825e-17 1.901239e+01
743000 1.552243e-21 -9.351109e-21 2.978751e-17 2.248571e+02
744000 1.528706e-21 -1.875268e-20 2.983777e-17 2.214474e+02
745000 6.358896e-21 -1.719414e-20 2.986590e-17 9.211459e+02
746000 4.262441e-22 -1.162917e-20 2.990314e-17 6.174546e+01
747000 1.171961e-22 -2.823716e-20 2.994362e-17 1.697696e+01
748000 8.202828e-21 -3.090773e-20 3.001324e-17 1.188257e+03
749000 2.423034e-21 1.633366e-20 3.003564e-17 3.509993e+02
750000 8.195156e-22 3.388840e-20 3.007619e-17 1.187145e+02
751000 2.071184e-21 -2.513900e-20 3.009164e-17 3.000305e+02
752000 3.573298e-21 -2.956310e-20 3.013875e-17 5.176259e+02
753000 5.505634e-22 -3.177477e-20 3.018674e-17 7.975429e+01
754000 9.730627e-21 -2.372611e-20 3.021957e-17 1.409573e+03
755000 3.542070e-21 -2.582887e-20 3.027122e-17 5.131022e+02
756000 9.885508e-23 -3.046322e-20 3.031925e-17 1.432009e+01
757000 4.918501e-21 -3.988563e-20 3.034071e-17 7.124912e+02
758000 3.916773e-21 -3.657098e-20 3.037011e-17 5.673815e+02
759000 6.986320e-22 -3.805325e-20 3.041914e-17 1.012034e+02
760000 1.183572e-20 -4.099151e-20 3.047726e-17 1.714516e+03
761000 1.607521e-23 -4.109976e-20 3.050666e-17 2.328645e+00
762000 1.920594e-21 -4.109599e-20 3.055359e-17 2.782161e+02
763000 5.557106e-21 -2.289974e-21 3.058568e-17 8.049992e+02
764000 3.645358e-22 -1.241941e-21 3.062914e-17 5.280644e+01
765000 6.291373e-22 -1.606279e-20 3.063678e-17 9.113645e+01
766000 1.251265e-22 -2.100565e-20 3.067291e-17 1.812575e+01
767000 4.146795e-21 -2.197584e-20 3.071399e-17 6.007023e+02
768000 2.445911e-21 -2.702453e-20 3.074421e-17 3.543132e+02
769000 3.058284e-21 -2.259984e-20 3.079337e-17 4.430212e+02
770000 3.875301e-22 -2.412069e-20 3.083327e-17 5.613738e+01
771000 3.374351e-21 -2.354222e-20 3.087927e-17 4.888065e+02
772000 1.849828e-21 -2.063695e-20 3.092996e-17 2.679650e+02
773000 4.096743e-21 -1.884227e-20 3.097518e-17 5.934517e+02
774000 2.670383e-22 -1.264859e-20 3.100135e-17 3.868301e+01
775000 1.479878e-23 -1.610822e-20 3.105643e-17 2.143742e+00
776000 5.407854e-21 -1.485140e-20 3.109079e-17 7.833785e+02
777000 7.010620e-22 -1.382338e-20 3.112847e-17 1.015554e+02
778000 3.201351e-24 -1.182330e-20 3.117571e-17 4.637457e-01
779000 2.444286e-21 -1.241490e-20 3.122049e-17 3.540778e+02
780000 4.867635e-22 -1.438683e-20 3.126618e-17 7.051228e+01
781000 1.894883e-23 -1.315853e-20 3.130146e-17 2.744916e+00
782000 8.916335e-22 -2.507868e-20 3.130922e-17 1.291615e+02
783000 5.487906e-21 -2.626841e-20 3.135757e-17 7.949749e+02
784000 2.506007e-20 -2.953109e-20 3.141726e-17 3.630187e+03
785000 1.121580e-22 -3.609715e-20 3.144025e-17 1.624714e+01
786000 3.807686e-22 -3.786270e-20 3.147531e-17 5.515791e+01
787000 5.913408e-23 -3.374963e-20 3.151440e-17 8.566129e+00
788000 5.761710e-23 -2.293000e-20 3.156149e-17 8.346379e+00
789000 9.782464e-25 -2.676876e-20 3.160499e-17 1.417082e-01
790000 2.701621e-24 -3.066177e-20 3.164148e-17 3.913552e-01
791000 5.751631e-21 -3.291563e-20 3.168083e-17 8.331779e+02
792000 3.341217e-23 -2.750353e-20 3.172525e-17 4.840068e+00
793000 4.206692e-21 -1.962242e-20 3.176938e-17 6.093789e+02
794000 1.013515e-22 -2.575965e-20 3.180371e-17 1.468171e+01
795000 1.670859e-21 -2.490570e-20 3.185239e-17 2.420396e+02
796000 1.010222e-20 -3.700627e-20 3.188758e-17 1.463402e+03
797000 1.478296e-21 -3.138202e-20 3.191157e-17 2.141451e+02
798000 4.340202e-21 -3.427677e-20 3.195897e-17 6.287191e+02
799000 2.851156e-23 -3.489489e-20 3.200177e-17 4.130168e+00
800000 3.491131e-21 -3.183258e-20 3.204886e-17 5.057232e+02
801000 3.879668e-22 -2.875528e-20 3.207490e-17 5.620064e+01
802000 1.158555e-22 -1.931967e-20 3.214634e-17 1.678276e+01
803000 1.897753e-20 -4.105044e-20 3.215384e-17 2.749074e+03
804000 4.217682e-23 -3.372779e-20 3.218939e-17 6.109710e+00
805000 4.364728e-22 -3.504124e-20 3.222268e-17 6.322720e+01
806000 2.627913e-21 -3.535058e-20 3.228253e-17 3.806780e+02
807000 4.104556e-22 -3.372706e-20 3.232984e-17 5.945835e+01
808000 1.700622e-21 -4.106737e-20 3.233337e-17 2.463510e+02
809000 5.878950e-22 -4.108358e-20 3.238612e-17 8.516212e+01
810000 8.397156e-21 -3.919871e-20 3.243919e-17 1.216407e+03
811000 2.624826e-21 -4.094095e-20 3.247636e-17 3.802307e+02
812000 4.130478e-22 -4.065865e-20 3.251624e-17 5.983386e+01
813000 1.572711e-21 -4.107094e-20 3.255311e-17 2.278219e+02
814000 3.762072e-21 -4.104038e-20 3.260635e-17 5.449716e+02
815000 8.086934e-22 -4.040390e-20 3.262154e-17 1.171468e+02
816000 3.426916e-23 -4.012044e-20 3.267930e-17 4.964210e+00
817000 1.197273e-20 -3.839334e-20 3.272161e-17 1.734363e+03
818000 4.163871e-23 -3.698538e-20 3.276135e-17 6.031758e+00
819000 2.885359e-22 -3.876346e-20 3.279983e-17 4.179715e+01
820000 3.963624e-21 -3.776138e-20 3.283968e-17 5.741683e+02
821000 1.983315e-22 -4.109874e-20 3.287813e-17 2.873018e+01
822000 7.604358e-23 -4.074259e-20 3.293171e-17 1.101563e+01
823000 3.911943e-21 -3.549448e-20 3.297418e-17 5.666818e+02
824000 1.874444e-21 -4.033142e-20 3.300297e-17 2.715308e+02
825000 1.209793e-21 -3.723208e-20 3.305486e-17 1.752499e+02
826000 2.301357e-21 -3.988570e-20 3.308062e-17 3.333732e+02
827000 3.708205e-22 -3.944325e-20 3.311906e-17 5.371684e+01
828000 4.827887e-21 -3.765136e-20 3.318370e-17 6.993649e+02
829000 2.163420e-21 -4.094357e-20 3.320407e-17 3.133917e+02
830000 1.241697e-21 5.749018e-21 3.322699e-17 1.798715e+02
831000 5.130652e-22 2.309333e-21 3.326327e-17 7.432232e+01
832000 3.482791e-21 -1.089454e-20 3.331104e-17 5.045151e+02
833000 2.821013e-21 -1.517851e-20 3.332811e-17 4.086503e+02
834000 6.813665e-21 -1.467706e-20 3.339032e-17 9.870235e+02
835000 7.490429e-22 -1.707998e-20 3.342293e-17 1.085059e+02
836000 2.512322e-21 2.315059e-20 3.348566e-17 3.639335e+02
837000 2.325121e-21 -1.224510e-20 3.351812e-17 3.368156e+02
838000 6.249360e-22 1.125794e-20 3.355189e-17 9.052786e+01
839000 2.126812e-23 1.385681e-21 3.359675e-17 3.080888e+00
840000 3.847110e-21 -2.135227e-20 3.361539e-17 5.572901e+02
841000 1.104623e-21 -2.304144e-20 3.366875e-17 1.600150e+02
842000 5.908229e-21 -2.547003e-20 3.372532e-17 8.558625e+02
843000 2.550704e-22 -3.134108e-20 3.374378e-17 3.694934e+01
844000 7.686943e-23 9.113599e-21 3.379537e-17 1.113526e+01
845000 2.132001e-21 1.411448e-20 3.383859e-17 3.088404e+02
846000 1.125162e-21 -2.244790e-20 3.387773e-17 1.629903e+02
847000 8.426105e-23 -1.421460e-20 3.391994e-17 1.220601e+01
848000 1.162463e-21 -3.679409e-21 3.396208e-17 1.683937e+02
849000 7.679251e-24 6.715384e-21 3.400542e-17 1.112412e+00
850000 2.689536e-22 1.847693e-20 3.403910e-17 3.896045e+01
851000 3.123357e-21 2.599284e-20 3.409295e-17 4.524477e+02
852000 4.767422e-23 3.077453e-20 3.413108e-17 6.906059e+00
853000 5.962328e-22 -2.991085e-20 3.415853e-17 8.636994e+01
854000 2.617154e-21 2.038233e-21 3.422169e-17 3.791194e+02
855000 2.335116e-23 4.169052e-21 3.424773e-17 3.382635e+00
856000 2.426759e-22 2.021274e-20 3.429364e-17 3.515389e+01
857000 1.822223e-23 1.697157e-20 3.433316e-17 2.639662e+00
858000 1.476156e-22 7.838430e-21 3.438038e-17 2.138351e+01
859000 4.915634e-22 1.490554e-20 3.442108e-17 7.120759e+01
860000 4.839432e-22 1.551400e-20 3.448114e-17 7.010372e+01
861000 3.808006e-22 3.559940e-20 3.449632e-17 5.516255e+01
862000 1.937242e-21 2.901258e-20 3.454566e-17 2.806278e+02
863000 2.226134e-21 3.775392e-20 3.458930e-17 3.224764e+02
864000 1.158366e-22 4.395361e-20 3.462412e-17 1.678002e+01
865000 2.650314e-22 4.697613e-20 3.467264e-17 3.839229e+01
866000 1.933863e-21 4.781512e-20 3.473027e-17 2.801382e+02
867000 4.094320e-21 5.535194e-20 3.475946e-17 5.931008e+02
868000 2.856600e-21 6.461165e-20 3.480747e-17 4.138055e+02
869000 4.706033e-22 5.066216e-20 3.484215e-17 6.817131e+01
870000 4.382922e-22 -1.682906e-20 3.483927e-17 6.349075e+01
871000 2.324822e-21 -2.059320e-20 3.488181e-17 3.367723e+02
872000 5.029930e-21 -2.763381e-20 3.492060e-17 7.286328e+02
873000 4.097594e-22 -1.940059e-20 3.497300e-17 5.935750e+01
874000 1.598631e-21 -1.340581e-20 3.501377e-17 2.315768e+02
875000 2.594244e-22 -6.368793e-21 3.505192e-17 3.758006e+01
876000 2.050119e-21 -9.943063e-21 3.509808e-17 2.969790e+02
877000 4.906515e-22 -3.865844e-20 3.513834e-17 7.107548e+01
878000 1.347202e-21 -3.188606e-20 3.515150e-17 1.951549e+02
879000 3.342810e-21 -3.775990e-20 3.521909e-17 4.842374e+02
