step K U E temp
0 6.933467e-24 -3.913404e-20 -3.912711e-20 1.004378e+00
1000 1.037489e-21 -4.095259e-20 2.008490e-20 1.502900e+02
2000 1.177287e-20 -3.477114e-20 1.700173e-20 1.705411e+03
3000 1.169385e-22 -3.717697e-20 2.939973e-21 1.693964e+01
4000 2.324634e-22 -3.990610e-20 3.263668e-22 3.367452e+01
5000 4.397899e-22 -3.807633e-20 4.236346e-20 6.370771e+01
6000 1.835166e-20 -3.282846e-20 3.055232e-19 2.658411e+03
7000 2.009061e-20 -3.759599e-20 3.824946e-19 2.910314e+03
8000 4.063168e-22 -3.963277e-20 3.607735e-19 5.885881e+01
9000 2.641294e-21 -3.966857e-20 5.648808e-19 3.826163e+02
10000 2.215720e-22 -3.171215e-20 6.085094e-19 3.209679e+01
11000 3.758605e-22 -2.692093e-20 6.937777e-19 5.444693e+01
12000 2.464085e-21 -2.905411e-20 7.335003e-19 3.569460e+02
13000 2.640618e-23 -3.846172e-20 8.415647e-19 3.825184e+00
14000 3.986703e-21 -4.043122e-20 8.842766e-19 5.775115e+02
15000 4.887438e-21 -4.035768e-20 9.724422e-19 7.079914e+02
16000 7.235948e-23 -3.663997e-20 1.043570e-18 1.048195e+01
17000 1.626334e-21 -3.484807e-20 1.095138e-18 2.355898e+02
18000 3.315883e-21 -3.277826e-20 1.090744e-18 4.803368e+02
19000 8.273122e-21 -2.422859e-20 1.184045e-18 1.198440e+03
20000 4.447116e-21 -3.790331e-20 1.298288e-18 6.442066e+02
21000 3.119655e-21 -4.050562e-20 1.366067e-18 4.519114e+02
22000 1.783190e-21 -4.101924e-20 1.407821e-18 2.583118e+02
23000 9.183861e-22 -4.105974e-20 1.453536e-18 1.330369e+02
24000 7.101459e-22 -4.085112e-20 1.521056e-18 1.028713e+02
25000 1.722669e-24 -4.107369e-20 1.573680e-18 2.495448e-01
26000 2.609357e-22 -3.508772e-20 1.565213e-18 3.779898e+01
27000 2.202999e-22 -3.502811e-20 1.565282e-18 3.191252e+01
28000 1.164416e-20 -3.447982e-20 1.627985e-18 1.686766e+03
29000 5.267266e-23 -3.773584e-20 1.602317e-18 7.630130e+00
30000 2.987913e-21 -3.892652e-20 1.684587e-18 4.328274e+02
31000 4.131572e-22 -4.083128e-20 1.735984e-18 5.984971e+01
32000 1.751947e-21 -4.098049e-20 1.735227e-18 2.537861e+02
33000 1.126679e-21 -4.107407e-20 1.774930e-18 1.632101e+02
34000 2.476359e-21 -4.108165e-20 1.779876e-18 3.587239e+02
35000 1.741558e-22 -3.183115e-20 1.848438e-18 2.522811e+01
36000 4.744331e-24 -3.959448e-20 2.010008e-18 6.872610e-01
37000 8.452944e-22 -4.094299e-20 2.094837e-18 1.224488e+02
38000 1.042966e-21 -3.032830e-20 2.215974e-18 1.510835e+02
39000 1.173338e-21 -3.033043e-20 2.216111e-18 1.699691e+02
40000 3.948071e-22 -3.527813e-20 2.261558e-18 5.719152e+01
41000 2.228655e-22 -3.727199e-20 2.255266e-18 3.228417e+01
42000 2.545599e-21 -3.534104e-20 2.265201e-18 3.687540e+02
43000 1.443418e-21 -3.712911e-20 2.295526e-18 2.090926e+02
44000 5.598138e-21 -1.314001e-20 2.317475e-18 8.109430e+02
45000 1.964179e-21 -3.004724e-20 2.298349e-18 2.845298e+02
46000 2.372643e-23 -3.920684e-20 2.294849e-18 3.436996e+00
47000 5.076745e-22 -3.911156e-20 2.296081e-18 7.354143e+01
48000 7.672898e-21 -4.085231e-20 2.333278e-18 1.111492e+03
49000 2.103219e-21 -4.103317e-20 2.376247e-18 3.046711e+02
50000 7.001917e-23 -4.088360e-20 2.416205e-18 1.014293e+01
51000 4.682694e-22 -3.731174e-20 2.496498e-18 6.783322e+01
52000 3.037431e-21 -3.761625e-20 2.509480e-18 4.400005e+02
53000 4.858078e-22 -3.725396e-20 2.495175e-18 7.037383e+01
54000 3.787682e-22 -4.093402e-20 2.620678e-18 5.486814e+01
55000 2.554696e-22 -4.087687e-20 2.672491e-18 3.700718e+01
56000 3.840031e-21 -3.832753e-20 2.753458e-18 5.562647e+02
57000 5.181934e-21 -2.366803e-20 2.866761e-18 7.506519e+02
58000 3.043092e-22 -2.566485e-20 2.950013e-18 4.408206e+01
59000 3.038626e-21 -1.530415e-20 2.947739e-18 4.401736e+02
60000 1.379186e-21 -1.675264e-20 2.944633e-18 1.997880e+02
61000 2.753799e-21 -1.583883e-20 2.946915e-18 3.989137e+02
62000 1.182773e-20 -3.328688e-20 2.998912e-18 1.713358e+03
63000 7.037894e-21 -2.641700e-20 3.043053e-18 1.019505e+03
64000 2.622007e-22 -2.556665e-20 3.110303e-18 3.798223e+01
65000 3.678161e-22 -2.537981e-20 3.111818e-18 5.328163e+01
66000 9.320337e-23 -2.632315e-20 3.115094e-18 1.350139e+01
67000 1.603393e-21 -3.271000e-20 3.201370e-18 2.322665e+02
68000 6.371288e-21 -5.702613e-21 3.200669e-18 9.229410e+02
69000 1.534877e-21 -7.948106e-21 3.233607e-18 2.223414e+02
70000 1.351219e-22 -1.675109e-20 3.315337e-18 1.957369e+01
71000 6.071769e-21 -4.607478e-21 3.402795e-18 8.795528e+02
72000 5.092944e-22 -1.351569e-20 3.430981e-18 7.377608e+01
73000 2.491851e-21 1.499993e-20 3.537492e-18 3.609680e+02
74000 3.426153e-21 1.615713e-20 3.579752e-18 4.963105e+02
75000 9.321993e-21 -3.480212e-20 3.707618e-18 1.350378e+03
76000 1.118425e-21 -3.659191e-20 3.752547e-18 1.620144e+02
77000 3.572327e-21 -3.634375e-20 3.792975e-18 5.174852e+02
78000 1.302427e-21 -3.791158e-20 3.861076e-18 1.886688e+02
79000 3.842455e-22 -3.874902e-20 3.865936e-18 5.566157e+01
80000 2.667675e-22 -3.899494e-20 3.860388e-18 3.864378e+01
81000 1.107508e-21 -3.757511e-20 3.855435e-18 1.604330e+02
82000 3.796576e-21 -3.073653e-20 3.924982e-18 5.499697e+02
83000 2.159278e-22 -2.045055e-20 3.939765e-18 3.127917e+01
84000 1.005509e-21 -2.252092e-20 3.938522e-18 1.456575e+02
85000 1.333736e-21 -1.706604e-20 3.984269e-18 1.932042e+02
86000 9.001139e-22 -1.614195e-20 3.984758e-18 1.303900e+02
87000 1.352529e-20 -3.529062e-20 4.040415e-18 1.959265e+03
88000 1.763989e-22 -3.153196e-20 4.016305e-18 2.555304e+01
89000 9.515434e-22 -3.293089e-20 4.112697e-18 1.378400e+02
90000 3.463273e-21 -4.045284e-20 4.190404e-18 5.016878e+02
91000 6.014769e-23 -4.057171e-20 4.186875e-18 8.712958e+00
92000 8.430593e-21 -4.050222e-20 4.241983e-18 1.221251e+03
93000 3.158002e-22 -4.025276e-20 4.282557e-18 4.574663e+01
94000 3.044354e-21 -3.486451e-20 4.441045e-18 4.410033e+02
95000 5.968683e-24 -3.161076e-20 4.432118e-18 8.646198e-01
96000 1.025856e-21 -3.074170e-20 4.434963e-18 1.486049e+02
97000 2.078523e-21 -2.891701e-20 4.522028e-18 3.010936e+02
98000 1.577826e-21 -3.344270e-20 4.564708e-18 2.285630e+02
99000 1.334008e-22 -3.459820e-20 4.556081e-18 1.932437e+01
100000 1.587498e-22 -2.921379e-20 4.638048e-18 2.299640e+01
101000 9.722467e-21 -3.612747e-20 4.693004e-18 1.408391e+03
102000 1.280509e-21 -2.495861e-20 4.751421e-18 1.854938e+02
103000 1.824524e-21 -2.669634e-20 4.740099e-18 2.642995e+02
104000 1.829886e-21 -2.532215e-20 4.781068e-18 2.650762e+02
105000 6.144654e-24 -2.533403e-20 4.779172e-18 8.901110e-01
106000 1.010744e-21 -2.953936e-20 4.815154e-18 1.464158e+02
107000 6.355073e-23 -2.828434e-20 4.912931e-18 9.205921e+00
108000 4.963752e-22 -1.569533e-20 4.944801e-18 7.190461e+01
109000 1.879301e-21 -1.677181e-20 4.945108e-18 2.722344e+02
110000 1.682812e-21 -1.392050e-21 5.000291e-18 2.437711e+02
111000 1.532565e-21 -4.107929e-20 5.040453e-18 2.220064e+02
112000 3.596157e-22 -3.728478e-20 5.123075e-18 5.209371e+01
113000 1.773942e-21 -2.269337e-20 5.179081e-18 2.569723e+02
114000 1.281269e-21 -3.142127e-20 5.249860e-18 1.856038e+02
115000 8.460906e-21 -3.975636e-20 5.328705e-18 1.225642e+03
116000 6.017801e-23 -3.925349e-20 5.321212e-18 8.717350e+00
117000 2.589903e-23 -4.028154e-20 5.359744e-18 3.751718e+00
118000 3.508288e-21 -4.062926e-20 5.362911e-18 5.082086e+02
119000 1.357187e-22 -3.947476e-20 5.360663e-18 1.966013e+01
120000 1.143130e-21 -3.931393e-20 5.401954e-18 1.655932e+02
121000 1.449668e-20 -3.907207e-20 5.500607e-18 2.099981e+03
122000 1.555108e-20 -4.105487e-20 5.618775e-18 2.252720e+03
123000 1.485454e-22 -3.985145e-20 5.736764e-18 2.151820e+01
124000 1.704782e-21 -3.949837e-20 5.805836e-18 2.469537e+02
125000 7.405942e-21 -3.923222e-20 5.808791e-18 1.072820e+03
126000 1.031843e-21 -3.930970e-20 5.802015e-18 1.494722e+02
127000 5.484840e-21 -3.921699e-20 5.807047e-18 7.945308e+02
128000 2.155116e-21 -3.922285e-20 5.803645e-18 3.121889e+02
129000 8.623998e-23 -3.994832e-20 5.908587e-18 1.249267e+01
130000 3.557767e-23 -3.951028e-20 5.947874e-18 5.153760e+00
131000 1.703979e-21 -3.044075e-20 5.971649e-18 2.468374e+02
132000 3.285265e-22 -2.986185e-20 6.050814e-18 4.759016e+01
133000 5.405405e-22 -2.932078e-20 6.051220e-18 7.830237e+01
134000 4.413722e-21 -2.574208e-20 6.138758e-18 6.393692e+02
135000 2.099740e-23 -1.590359e-20 6.184117e-18 3.041672e+00
136000 8.604089e-22 -1.795926e-20 6.182901e-18 1.246383e+02
137000 7.951673e-23 -2.317483e-20 6.220399e-18 1.151875e+01
138000 4.827974e-21 -2.937559e-20 6.255860e-18 6.993775e+02
139000 1.335894e-21 -2.577782e-20 6.296849e-18 1.935168e+02
140000 1.299061e-23 -2.920344e-20 6.511198e-18 1.881812e+00
141000 4.927100e-21 -2.191710e-20 6.630731e-18 7.137368e+02
142000 1.980369e-22 -1.951060e-20 6.621842e-18 2.868750e+01
143000 1.594572e-21 -1.511298e-20 6.706482e-18 2.309888e+02
144000 9.464493e-21 -1.398920e-20 6.755615e-18 1.371021e+03
145000 5.632823e-21 -1.807259e-20 6.788652e-18 8.159674e+02
146000 5.530813e-23 -1.890453e-20 6.783892e-18 8.011903e+00
147000 5.923178e-21 -1.116546e-20 6.874969e-18 8.580281e+02
148000 3.192263e-21 -1.049115e-20 6.952783e-18 4.624294e+02
149000 1.378663e-21 -1.049618e-20 6.950960e-18 1.997124e+02
150000 9.090356e-21 -1.071885e-20 7.014137e-18 1.316824e+03
151000 8.911289e-21 -1.659064e-20 7.033357e-18 1.290884e+03
152000 1.105760e-21 -1.666582e-20 7.026278e-18 1.601797e+02
153000 2.881473e-21 -1.856011e-20 7.028464e-18 4.174085e+02
154000 1.067396e-21 -1.620390e-20 7.065806e-18 1.546224e+02
155000 7.154426e-22 -2.783309e-20 7.154856e-18 1.036386e+02
156000 3.863939e-22 -2.801824e-20 7.194289e-18 5.597279e+01
157000 4.001044e-23 -2.424813e-20 7.313445e-18 5.795889e+00
158000 1.063399e-20 -3.463991e-20 7.382857e-18 1.540433e+03
159000 7.020800e-24 -3.650088e-20 7.459998e-18 1.017029e+00
160000 1.301394e-21 -4.035768e-20 7.441033e-18 1.885191e+02
161000 1.141334e-22 -3.209550e-20 7.448019e-18 1.653330e+01
162000 3.043620e-22 -4.038771e-20 7.440118e-18 4.408969e+01
163000 3.557735e-21 -3.844100e-20 7.485117e-18 5.153714e+02
164000 6.746726e-23 -3.844523e-20 7.521622e-18 9.773267e+00
165000 3.263515e-21 -3.743343e-20 7.567235e-18 4.727509e+02
166000 2.099596e-22 -3.791530e-20 7.562299e-18 3.041462e+01
167000 3.150064e-21 -3.805892e-20 7.565092e-18 4.563164e+02
168000 4.588776e-21 -3.792943e-20 7.566663e-18 6.647273e+02
169000 9.189153e-23 -3.825921e-20 7.561841e-18 1.331135e+01
170000 2.481871e-22 -3.869768e-20 7.563987e-18 3.595223e+01
171000 8.475087e-24 -3.859689e-20 7.562286e-18 1.227696e+00
172000 1.903358e-22 -3.827182e-20 7.561929e-18 2.757194e+01
173000 6.429178e-22 -4.109405e-20 7.640519e-18 9.313270e+01
174000 4.062159e-21 -3.967644e-20 7.684807e-18 5.884420e+02
175000 1.976351e-21 -3.970245e-20 7.682728e-18 2.862930e+02
176000 3.984099e-21 -4.087315e-20 7.764723e-18 5.771343e+02
177000 1.830590e-21 -4.089162e-20 7.761731e-18 2.651782e+02
178000 8.843023e-24 -4.070963e-20 7.896127e-18 1.280995e+00
179000 1.577018e-22 -4.063663e-20 7.898498e-18 2.284459e+01
180000 2.816782e-21 -4.074449e-20 7.902831e-18 4.080374e+02
181000 3.923663e-21 -4.065182e-20 7.900754e-18 5.683795e+02
182000 2.178131e-21 -3.963915e-20 7.905906e-18 3.155228e+02
183000 5.158660e-22 -4.108292e-20 7.905620e-18 7.472804e+01
184000 1.041652e-22 -4.105557e-20 7.979412e-18 1.508931e+01
185000 3.600585e-21 -2.163011e-20 8.061970e-18 5.215786e+02
186000 3.533674e-22 -3.528894e-20 8.089050e-18 5.118859e+01
187000 3.253533e-21 -3.968835e-20 8.123991e-18 4.713049e+02
188000 5.645021e-21 -3.940891e-20 8.256587e-18 8.177345e+02
189000 4.617593e-21 -3.599833e-20 8.336853e-18 6.689018e+02
190000 5.493393e-22 -1.289492e-20 8.467654e-18 7.957697e+01
191000 6.012560e-22 -1.984091e-20 8.460760e-18 8.709759e+01
192000 2.965590e-21 -3.315505e-20 8.496668e-18 4.295936e+02
193000 8.022107e-21 -3.595053e-20 8.552478e-18 1.162078e+03
194000 2.110634e-21 -2.573899e-20 8.618211e-18 3.057451e+02
195000 4.401623e-21 -2.583559e-20 8.620882e-18 6.376165e+02
196000 3.225447e-21 -3.240916e-20 8.650995e-18 4.672364e+02
197000 4.794843e-21 -3.877230e-20 8.693996e-18 6.945781e+02
198000 8.146276e-22 -3.236704e-20 8.774160e-18 1.180065e+02
199000 1.225640e-21 -1.146101e-20 8.909765e-18 1.775455e+02
200000 6.375641e-21 -1.496083e-20 8.991421e-18 9.235715e+02
201000 1.061319e-23 -3.156028e-20 9.068667e-18 1.537420e+00
202000 4.774333e-21 -3.606082e-20 9.190796e-18 6.916070e+02
203000 7.336666e-21 -4.050568e-20 9.178456e-18 1.062785e+03
204000 5.605546e-21 -4.050571e-20 9.230927e-18 8.120160e+02
205000 4.841041e-21 -3.701308e-20 9.338330e-18 7.012704e+02
206000 1.223269e-21 -3.717027e-20 9.335355e-18 1.772021e+02
207000 7.775379e-21 -3.877591e-20 9.390099e-18 1.126337e+03
208000 1.187845e-22 -3.919620e-20 9.465533e-18 1.720705e+01
209000 3.525512e-22 -4.024215e-20 9.545066e-18 5.107036e+01
210000 1.456637e-24 -4.075978e-20 9.622277e-18 2.110076e-01
211000 9.549942e-23 -4.066269e-20 9.617103e-18 1.383399e+01
212000 4.546412e-22 -4.063096e-20 9.621832e-18 6.585906e+01
213000 3.188651e-21 -3.949262e-20 9.677492e-18 4.619062e+02
214000 1.518614e-21 -3.854022e-20 9.719489e-18 2.199855e+02
215000 6.525248e-21 -3.687768e-20 9.707474e-18 9.452436e+02
216000 2.691012e-23 -3.708773e-20 9.702326e-18 3.898185e+00
217000 2.312907e-21 -3.643532e-20 9.744539e-18 3.350463e+02
218000 8.305291e-22 -3.708316e-20 9.754708e-18 1.203100e+02
219000 3.758265e-21 -3.267535e-20 9.824988e-18 5.444200e+02
220000 1.228462e-21 -3.217387e-20 9.852532e-18 1.779543e+02
221000 1.681000e-21 -3.223905e-20 9.853290e-18 2.435087e+02
222000 2.584765e-22 -3.205535e-20 9.853261e-18 3.744275e+01
223000 2.166808e-22 -3.140236e-20 9.966328e-18 3.138825e+01
224000 1.118196e-23 -4.030066e-20 1.003979e-17 1.619812e+00
225000 1.610908e-21 -4.094675e-20 1.002376e-17 2.333551e+02
226000 5.282037e-21 -4.100961e-20 1.008107e-17 7.651527e+02
227000 1.569970e-21 -4.095587e-20 1.007097e-17 2.274249e+02
228000 1.481562e-20 -4.098463e-20 1.008649e-17 2.146181e+03
229000 6.059752e-21 -4.094243e-20 1.011718e-17 8.778122e+02
230000 9.411327e-22 -4.107151e-20 1.015746e-17 1.363319e+02
231000 4.174630e-21 -3.947368e-20 1.017512e-17 6.047344e+02
232000 1.221372e-20 -3.973327e-20 1.028735e-17 1.769273e+03
233000 2.414770e-21 -3.326314e-20 1.031963e-17 3.498021e+02
234000 9.521639e-21 -3.151697e-20 1.037706e-17 1.379299e+03
235000 5.307743e-24 -2.949547e-20 1.035804e-17 7.688766e-01
236000 1.603209e-21 -2.988675e-20 1.036100e-17 2.322400e+02
237000 3.776964e-23 -3.967859e-20 1.043860e-17 5.471288e+00
238000 1.496392e-21 -4.004933e-20 1.042420e-17 2.167664e+02
239000 1.146308e-21 -3.843820e-20 1.042456e-17 1.660536e+02
240000 5.051186e-22 -4.108013e-20 1.052280e-17 7.317118e+01
241000 3.687121e-21 -4.105334e-20 1.051696e-17 5.341141e+02
242000 2.262097e-23 -4.099748e-20 1.056967e-17 3.276860e+00
243000 4.383953e-21 -3.577172e-20 1.060284e-17 6.350568e+02
244000 2.194360e-21 -3.991746e-20 1.068101e-17 3.178737e+02
245000 4.029295e-22 -4.097369e-20 1.075877e-17 5.836813e+01
246000 3.572410e-21 -3.799494e-20 1.088436e-17 5.174971e+02
247000 3.173890e-21 -3.704492e-20 1.093355e-17 4.597678e+02
248000 1.379278e-21 -3.507624e-20 1.093275e-17 1.998014e+02
249000 1.350338e-21 -3.733385e-20 1.100884e-17 1.956092e+02
250000 8.963287e-21 -3.610644e-20 1.104692e-17 1.298416e+03
251000 3.910179e-23 -3.834656e-20 1.111674e-17 5.664262e+00
252000 3.698130e-22 -4.030828e-20 1.120005e-17 5.357089e+01
253000 8.954003e-22 -4.028201e-20 1.124142e-17 1.297072e+02
254000 2.830824e-21 -3.700466e-20 1.131860e-17 4.100715e+02
255000 3.193065e-24 -3.235390e-20 1.136686e-17 4.625456e-01
256000 1.376391e-21 -3.327132e-20 1.135201e-17 1.993832e+02
257000 9.190283e-23 -3.375742e-20 1.134715e-17 1.331299e+01
258000 3.388237e-21 -3.384781e-20 1.134980e-17 4.908180e+02
259000 1.823339e-21 -3.499786e-20 1.140108e-17 2.641279e+02
260000 1.693849e-22 -3.159924e-20 1.140671e-17 2.453699e+01
261000 3.241721e-22 -3.601294e-20 1.141563e-17 4.695939e+01
262000 1.374509e-21 -2.708670e-20 1.144988e-17 1.991106e+02
263000 1.012639e-22 -3.363332e-20 1.148461e-17 1.466903e+01
264000 3.618415e-22 -3.180471e-20 1.152268e-17 5.241614e+01
265000 2.811968e-21 -3.411598e-20 1.160892e-17 4.073401e+02
266000 8.955479e-22 -3.413408e-20 1.160715e-17 1.297285e+02
267000 4.832935e-23 -3.328408e-20 1.160982e-17 7.000961e+00
268000 3.259500e-21 -3.846657e-20 1.160052e-17 4.721692e+02
269000 8.109850e-21 -3.883570e-20 1.165668e-17 1.174788e+03
270000 2.339316e-21 -4.105117e-20 1.169577e-17 3.388719e+02
271000 1.049697e-20 -3.997922e-20 1.173870e-17 1.520584e+03
272000 4.634110e-22 -3.993792e-20 1.177070e-17 6.712944e+01
273000 3.693875e-25 -4.006002e-20 1.177000e-17 5.350926e-02
274000 2.044040e-21 -1.222027e-20 1.186983e-17 2.960984e+02
275000 4.483538e-22 -1.006889e-20 1.187038e-17 6.494826e+01
276000 8.458443e-21 -1.694414e-20 1.192328e-17 1.225285e+03
277000 7.688683e-23 -3.771882e-20 1.197438e-17 1.113778e+01
278000 1.514262e-20 -1.072250e-20 1.204572e-17 2.193550e+03
279000 1.553569e-22 -1.994120e-20 1.208305e-17 2.250491e+01
280000 3.438760e-23 9.005716e-21 1.216956e-17 4.981368e+00
281000 5.866117e-23 -1.880225e-20 1.216342e-17 8.497622e+00
282000 5.086409e-21 -7.083905e-21 1.216900e-17 7.368143e+02
283000 8.388569e-22 -1.369260e-20 1.220266e-17 1.215163e+02
284000 9.760293e-23 -1.879773e-20 1.232349e-17 1.413870e+01
285000 1.613425e-20 -1.925839e-20 1.233841e-17 2.337198e+03
286000 9.107324e-22 -3.351769e-20 1.237711e-17 1.319282e+02
287000 1.543863e-20 -1.356963e-21 1.241686e-17 2.236431e+03
288000 2.998446e-21 -3.960838e-22 1.240862e-17 4.343531e+02
289000 4.170230e-21 -3.646088e-21 1.246339e-17 6.040971e+02
290000 6.633908e-21 9.230079e-21 1.245667e-17 9.609839e+02
291000 3.114744e-24 5.489995e-21 1.244558e-17 4.512000e-01
292000 5.278698e-22 -3.614342e-20 1.253962e-17 7.646690e+01
293000 6.027139e-21 -2.077534e-20 1.263220e-17 8.730878e+02
294000 1.342665e-20 -2.504915e-20 1.261933e-17 1.944977e+03
295000 5.482969e-21 -1.839811e-20 1.265155e-17 7.942596e+02
296000 1.067196e-21 -1.977940e-20 1.264938e-17 1.545934e+02
297000 2.106261e-21 -2.644161e-20 1.268813e-17 3.051117e+02
298000 1.601239e-20 -3.353648e-20 1.283254e-17 2.319545e+03
299000 3.474758e-21 -4.077557e-20 1.284659e-17 5.033513e+02
300000 4.845672e-21 -4.002218e-20 1.289736e-17 7.019411e+02
301000 2.006507e-22 -4.101241e-20 1.296676e-17 2.906615e+01
302000 1.387142e-21 -4.102002e-20 1.297200e-17 2.009405e+02
303000 1.844788e-21 -4.099599e-20 1.296299e-17 2.672349e+02
304000 2.887854e-25 -2.366344e-20 1.298531e-17 4.183328e-02
305000 5.823763e-21 -2.422748e-20 1.301755e-17 8.436269e+02
306000 2.124855e-22 -2.404897e-20 1.301225e-17 3.078053e+01
307000 7.974082e-22 -2.620960e-20 1.301543e-17 1.155121e+02
308000 2.163401e-22 -3.408553e-20 1.300621e-17 3.133890e+01
309000 5.306179e-22 -2.879521e-20 1.300490e-17 7.686499e+01
310000 5.969914e-23 -2.920529e-20 1.305293e-17 8.647981e+00
311000 5.815111e-22 -6.015066e-21 1.303457e-17 8.423735e+01
312000 1.977491e-21 -8.806326e-21 1.311325e-17 2.864581e+02
313000 3.007137e-22 -6.756968e-21 1.311354e-17 4.356121e+01
314000 7.053429e-23 -1.044915e-20 1.311436e-17 1.021756e+01
315000 2.486210e-21 -1.045065e-20 1.311682e-17 3.601509e+02
316000 5.261081e-21 -1.849593e-20 1.323251e-17 7.621171e+02
317000 7.034752e-21 -1.876717e-20 1.323026e-17 1.019050e+03
318000 7.987039e-22 -1.880428e-20 1.322408e-17 1.156998e+02
319000 4.880508e-21 -1.494006e-20 1.328015e-17 7.069876e+02
320000 8.257100e-22 -1.525406e-20 1.328193e-17 1.196119e+02
321000 4.305171e-21 -7.392765e-21 1.343900e-17 6.236445e+02
322000 5.498872e-24 -6.275389e-21 1.347374e-17 7.965633e-01
323000 1.307921e-21 -4.418092e-21 1.360607e-17 1.894647e+02
324000 2.113553e-21 -4.307488e-21 1.360138e-17 3.061681e+02
325000 1.751721e-23 -5.715668e-21 1.367915e-17 2.537533e+00
326000 3.313845e-21 -1.354746e-21 1.376453e-17 4.800416e+02
327000 3.848447e-21 -3.647629e-20 1.391799e-17 5.574838e+02
328000 5.380211e-22 -3.776406e-20 1.401294e-17 7.793743e+01
329000 1.578656e-22 -3.501679e-20 1.411364e-17 2.286831e+01
330000 4.706843e-22 -3.826400e-20 1.410631e-17 6.818305e+01
331000 1.173797e-21 -3.814185e-20 1.419053e-17 1.700356e+02
332000 1.275458e-21 -3.896044e-20 1.424088e-17 1.847621e+02
333000 2.037179e-21 -3.853618e-20 1.423726e-17 2.951045e+02
334000 7.250454e-23 -3.464553e-20 1.423163e-17 1.050296e+01
335000 1.656935e-21 -3.448906e-20 1.423799e-17 2.400226e+02
336000 3.954156e-21 -3.424747e-20 1.424054e-17 5.727966e+02
337000 2.299556e-21 -3.460163e-20 1.423531e-17 3.331124e+02
338000 3.888627e-21 -3.490745e-20 1.423330e-17 5.633043e+02
339000 1.582418e-22 -3.676137e-20 1.427272e-17 2.292282e+01
340000 1.987717e-23 -3.126355e-20 1.435699e-17 2.879395e+00
341000 6.322837e-22 -3.377728e-20 1.439498e-17 9.159224e+01
342000 2.158382e-21 -3.009835e-20 1.440358e-17 3.126620e+02
343000 3.171415e-21 -3.338915e-20 1.444728e-17 4.594094e+02
344000 5.280607e-22 -3.284545e-20 1.444744e-17 7.649456e+01
345000 8.965412e-22 -3.503893e-20 1.448309e-17 1.298724e+02
346000 1.385149e-21 -4.079255e-20 1.455383e-17 2.006518e+02
347000 3.499742e-23 -3.987416e-20 1.458614e-17 5.069706e+00
348000 2.402020e-23 -3.743357e-20 1.463873e-17 3.479552e+00
349000 1.032735e-21 -3.889442e-20 1.464214e-17 1.496014e+02
350000 6.480737e-23 -3.978512e-20 1.471144e-17 9.387958e+00
351000 4.196187e-21 -3.977846e-20 1.471515e-17 6.078571e+02
352000 5.354683e-21 -3.965142e-20 1.471416e-17 7.756762e+02
353000 4.030459e-22 -3.971455e-20 1.470881e-17 5.838500e+01
354000 6.303574e-22 -4.109082e-20 1.475083e-17 9.131320e+01
355000 1.254601e-21 -4.109033e-20 1.479947e-17 1.817407e+02
356000 1.276383e-21 -4.108171e-20 1.480647e-17 1.848961e+02
357000 2.094089e-21 -3.511258e-20 1.480605e-17 3.033486e+02
358000 2.870470e-21 -4.110000e-20 1.484467e-17 4.158146e+02
359000 2.840425e-21 -4.109410e-20 1.483948e-17 4.114623e+02
360000 3.675501e-24 -4.029591e-20 1.483341e-17 5.324310e-01
361000 1.365712e-21 -4.048702e-20 1.488949e-17 1.978362e+02
362000 3.043103e-23 -3.580967e-20 1.491914e-17 4.408220e+00
363000 6.652577e-21 -3.403671e-20 1.497403e-17 9.636883e+02
364000 2.018010e-23 -3.276340e-20 1.501163e-17 2.923278e+00
365000 3.418648e-21 -2.972992e-20 1.504213e-17 4.952233e+02
366000 8.817419e-22 -2.963172e-20 1.503863e-17 1.277286e+02
367000 3.656224e-22 -2.926784e-20 1.503799e-17 5.296384e+01
368000 4.807244e-22 -2.125114e-20 1.509034e-17 6.963745e+01
369000 7.870321e-21 -3.832210e-20 1.515260e-17 1.140090e+03
370000 5.037985e-21 -3.991490e-20 1.513317e-17 7.297995e+02
371000 2.618258e-21 -3.808458e-20 1.517345e-17 3.792793e+02
372000 3.254191e-23 -3.800874e-20 1.521207e-17 4.714002e+00
373000 5.613223e-23 -3.810946e-20 1.521054e-17 8.131282e+00
374000 1.288610e-21 -3.948938e-20 1.525563e-17 1.866672e+02
375000 3.519066e-21 -3.989621e-20 1.524617e-17 5.097698e+02
376000 1.434009e-20 -4.083957e-20 1.530365e-17 2.077298e+03
377000 1.745711e-24 -4.109762e-20 1.527652e-17 2.528826e-01
378000 2.262673e-21 -4.033406e-20 1.532363e-17 3.277695e+02
379000 1.115782e-20 -4.108952e-20 1.538791e-17 1.616315e+03
380000 3.566720e-22 -3.697352e-20 1.542019e-17 5.166729e+01
381000 1.046941e-21 -5.422457e-21 1.548795e-17 1.516592e+02
382000 7.046098e-21 -1.358267e-20 1.557020e-17 1.020694e+03
383000 2.408003e-22 -1.010513e-20 1.574631e-17 3.488219e+01
384000 1.519974e-20 -4.030673e-21 1.586498e-17 2.201825e+03
385000 3.374275e-23 -4.734420e-21 1.589413e-17 4.887954e+00
386000 7.643457e-22 -5.065381e-21 1.589158e-17 1.107227e+02
387000 1.026523e-20 -3.395321e-23 1.591133e-17 1.487015e+03
388000 2.915418e-21 5.647974e-21 1.589268e-17 4.223257e+02
389000 6.874845e-22 5.044307e-21 1.589199e-17 9.958861e+01
390000 4.480001e-21 1.045165e-20 1.599340e-17 6.489702e+02
391000 1.032106e-22 2.992257e-20 1.608292e-17 1.495102e+01
392000 1.490025e-23 1.948000e-20 1.616190e-17 2.158442e+00
393000 1.320705e-21 4.452410e-20 1.616584e-17 1.913166e+02
394000 5.107094e-22 4.365717e-20 1.616417e-17 7.398106e+01
395000 5.572113e-21 4.041777e-20 1.620790e-17 8.071730e+02
396000 1.104717e-21 4.351680e-20 1.620463e-17 1.600287e+02
397000 4.808303e-21 -9.351027e-21 1.622835e-17 6.965279e+02
398000 1.868268e-20 -3.320586e-20 1.631230e-17 2.706363e+03
399000 3.231265e-21 -3.280309e-20 1.629419e-17 4.680792e+02
400000 1.808201e-21 -3.087362e-20 1.635393e-17 2.619349e+02
401000 4.747777e-22 -2.031601e-20 1.633127e-17 6.877602e+01
402000 1.904698e-21 -2.037378e-20 1.633247e-17 2.759135e+02
403000 1.314018e-20 -2.564488e-20 1.647681e-17 1.903479e+03
404000 3.662776e-21 -3.620088e-20 1.645922e-17 5.305876e+02
405000 3.521554e-22 -2.454458e-20 1.651223e-17 5.101302e+01
406000 4.542420e-21 -2.703698e-20 1.657122e-17 6.580122e+02
407000 1.573714e-21 -2.608286e-20 1.666019e-17 2.279673e+02
408000 1.834099e-23 -2.669914e-20 1.664942e-17 2.656865e+00
409000 1.458715e-22 -2.682984e-20 1.664788e-17 2.113087e+01
410000 2.693841e-23 -2.707968e-20 1.664682e-17 3.902282e+00
411000 3.701675e-22 -2.680364e-20 1.664839e-17 5.362224e+01
412000 3.239918e-23 -2.613671e-20 1.675003e-17 4.693326e+00
413000 7.313835e-23 -2.156467e-20 1.678654e-17 1.059478e+01
414000 1.722670e-23 -2.880781e-20 1.682968e-17 2.495450e+00
415000 1.007479e-20 -3.946484e-20 1.690759e-17 1.459428e+03
416000 2.294142e-21 -3.991944e-20 1.689524e-17 3.323281e+02
417000 8.041965e-23 -4.018449e-20 1.692972e-17 1.164954e+01
418000 8.751879e-22 -3.901709e-20 1.694384e-17 1.267792e+02
419000 4.880042e-22 -4.109075e-20 1.705591e-17 7.069200e+01
420000 6.945355e-21 -4.109826e-20 1.706173e-17 1.006100e+03
421000 4.777185e-21 -3.944233e-20 1.706240e-17 6.920202e+02
422000 5.035665e-23 -4.046177e-20 1.713013e-17 7.294634e+00
423000 1.004928e-20 -4.075649e-20 1.732008e-17 1.455733e+03
424000 4.279013e-21 -4.084400e-20 1.729853e-17 6.198553e+02
425000 7.029031e-24 -4.071147e-20 1.733430e-17 1.018221e+00
426000 1.161215e-21 -4.103164e-20 1.738180e-17 1.682130e+02
427000 3.635715e-21 -4.059309e-20 1.741611e-17 5.266676e+02
428000 2.331654e-21 -4.068238e-20 1.741429e-17 3.377621e+02
429000 5.330625e-21 -3.880252e-20 1.746159e-17 7.721912e+02
430000 9.765774e-23 -3.969975e-20 1.744579e-17 1.414664e+01
431000 2.093602e-21 -3.986391e-20 1.745782e-17 3.032780e+02
432000 1.003866e-20 -3.805946e-20 1.763323e-17 1.454195e+03
433000 1.158051e-23 -3.924416e-20 1.766511e-17 1.677545e+00
434000 4.748994e-22 -3.865436e-20 1.765683e-17 6.879364e+01
435000 6.788560e-23 -3.714917e-20 1.772040e-17 9.833869e+00
436000 2.849561e-21 -3.882867e-20 1.770718e-17 4.127857e+02
437000 7.807342e-22 -4.066737e-20 1.776461e-17 1.130967e+02
438000 2.503922e-21 -4.090181e-20 1.778989e-17 3.627166e+02
439000 1.865663e-21 -2.194551e-20 1.773992e-17 2.702589e+02
440000 7.021332e-21 -2.297245e-20 1.774618e-17 1.017106e+03
441000 2.225574e-22 -1.736831e-20 1.778292e-17 3.223953e+01
442000 2.400461e-21 -1.659887e-20 1.778580e-17 3.477294e+02
443000 3.773529e-21 -1.544948e-20 1.782834e-17 5.466312e+02
444000 2.989566e-22 -1.505258e-20 1.782536e-17 4.330667e+01
445000 1.464075e-21 -1.202965e-20 1.786943e-17 2.120851e+02
446000 9.183321e-23 -1.970508e-20 1.790039e-17 1.330290e+01
447000 1.196173e-21 -1.596377e-20 1.795628e-17 1.732769e+02
448000 1.504599e-21 -2.567734e-20 1.799609e-17 2.179554e+02
449000 2.589931e-21 -2.258706e-20 1.798008e-17 3.751759e+02
450000 9.276902e-23 -2.260032e-20 1.797758e-17 1.343847e+01
451000 4.296105e-21 -1.780027e-20 1.802937e-17 6.223312e+02
452000 5.538648e-21 -2.182060e-20 1.806678e-17 8.023252e+02
453000 1.176019e-20 -2.748803e-20 1.822451e-17 1.703575e+03
454000 1.245154e-20 -3.854773e-20 1.832545e-17 1.803723e+03
455000 2.778360e-23 -3.626539e-20 1.828455e-17 4.024716e+00
456000 1.965863e-22 -3.613321e-20 1.828659e-17 2.847737e+01
457000 6.952432e-23 -3.506701e-20 1.832281e-17 1.007125e+01
458000 6.713423e-21 -3.526715e-20 1.837652e-17 9.725024e+02
459000 1.237554e-22 -3.439075e-20 1.847488e-17 1.792714e+01
460000 1.004336e-20 -3.815930e-20 1.846028e-17 1.454875e+03
461000 1.035609e-21 -3.608602e-20 1.849308e-17 1.500178e+02
462000 8.354716e-22 -2.722275e-20 1.849854e-17 1.210259e+02
463000 4.946542e-22 -1.780379e-20 1.851139e-17 7.165531e+01
464000 7.992280e-22 -2.296986e-20 1.855501e-17 1.157757e+02
465000 5.511414e-21 -1.261715e-20 1.859424e-17 7.983802e+02
466000 3.041834e-22 -1.499067e-20 1.862851e-17 4.406382e+01
467000 5.838674e-21 -5.306008e-21 1.872053e-17 8.457869e+02
468000 5.715607e-21 -3.907725e-21 1.876181e-17 8.279595e+02
469000 1.106515e-22 -8.947150e-22 1.875922e-17 1.602891e+01
470000 1.345879e-21 -9.262469e-22 1.876042e-17 1.949632e+02
471000 2.114340e-21 -1.255938e-26 1.880211e-17 3.062820e+02
472000 4.265482e-21 -1.141023e-23 1.884429e-17 6.178952e+02
473000 3.048421e-21 -1.301131e-21 1.892256e-17 4.415925e+02
474000 1.258546e-21 -4.315513e-21 1.896638e-17 1.823122e+02
475000 3.410535e-21 -4.312489e-21 1.900857e-17 4.940482e+02
476000 1.528286e-26 -7.639900e-21 1.904524e-17 2.213865e-03
477000 8.157523e-24 -4.552291e-21 1.909703e-17 1.181694e+00
478000 2.090753e-23 -4.771443e-21 1.909587e-17 3.028652e+00
479000 3.274745e-22 -6.698575e-22 1.907969e-17 4.743776e+01
480000 5.388317e-21 -4.043847e-22 1.912498e-17 7.805484e+02
481000 1.201700e-20 -8.167553e-23 1.917247e-17 1.740776e+03
482000 2.955889e-22 -5.600021e-21 1.931471e-17 4.281883e+01
483000 1.413537e-22 -8.926944e-21 1.939122e-17 2.047641e+01
484000 2.823007e-21 -3.219639e-21 1.943960e-17 4.089392e+02
485000 7.286602e-21 -7.638909e-21 1.953631e-17 1.055533e+03
486000 5.391014e-23 -1.386258e-21 1.963867e-17 7.809390e+00
487000 1.248489e-22 -1.779445e-21 1.968291e-17 1.808553e+01
488000 6.072535e-23 -1.053875e-21 1.971901e-17 8.796638e+00
489000 9.514351e-22 -8.536929e-22 1.972044e-17 1.378243e+02
490000 1.016765e-24 -5.582067e-26 1.977904e-17 1.472880e-01
491000 6.359657e-22 -1.160214e-21 1.976690e-17 9.212561e+01
492000 5.472560e-23 -1.345854e-21 1.976337e-17 7.927518e+00
493000 1.931243e-20 -4.858847e-22 1.982762e-17 2.797587e+03
494000 4.681636e-21 -1.878364e-21 1.992348e-17 6.781791e+02
495000 2.998224e-22 -6.301718e-22 1.992510e-17 4.343210e+01
496000 7.392942e-24 -2.590194e-21 1.991742e-17 1.070937e+00
497000 2.633947e-21 -2.277944e-21 1.996039e-17 3.815519e+02
498000 7.757936e-21 -5.386393e-22 2.010018e-17 1.123810e+03
499000 2.295673e-21 -6.476358e-22 2.012840e-17 3.325498e+02
500000 7.717616e-22 -8.210828e-21 2.021323e-17 1.117969e+02
501000 2.790667e-23 -2.165304e-20 2.023899e-17 4.042544e+00
502000 1.896051e-22 -1.535043e-20 2.032722e-17 2.746608e+01
503000 5.078081e-22 -1.651412e-20 2.032250e-17 7.356078e+01
504000 2.623728e-21 -1.678035e-20 2.031783e-17 3.800717e+02
505000 9.046536e-22 -1.640722e-20 2.041136e-17 1.310476e+02
506000 1.127069e-22 -1.681792e-20 2.039529e-17 1.632665e+01
507000 3.085465e-21 -1.523538e-20 2.041119e-17 4.469586e+02
508000 1.765737e-21 -1.361369e-20 2.054561e-17 2.557836e+02
509000 1.219122e-20 -1.094706e-20 2.060126e-17 1.766014e+03
510000 4.557812e-21 -9.410468e-21 2.062158e-17 6.602420e+02
511000 5.055881e-23 -9.554691e-21 2.066210e-17 7.323919e+00
512000 4.349529e-22 -9.593499e-21 2.066264e-17 6.300703e+01
513000 6.476019e-22 -9.738382e-21 2.066610e-17 9.381123e+01
514000 1.857651e-21 -1.161873e-20 2.068903e-17 2.690982e+02
515000 4.520189e-22 -1.061809e-20 2.073671e-17 6.547919e+01
516000 1.826819e-24 -1.070860e-20 2.074151e-17 2.646319e-01
517000 3.295410e-21 -3.113337e-21 2.081080e-17 4.773712e+02
518000 3.576693e-22 -2.196107e-21 2.093921e-17 5.181176e+01
519000 4.258975e-21 -1.118364e-21 2.105598e-17 6.169526e+02
520000 1.121092e-23 -1.196615e-21 2.104575e-17 1.624007e+00
521000 1.957743e-21 -1.181561e-21 2.104814e-17 2.835975e+02
522000 1.862850e-21 -3.742158e-21 2.112173e-17 2.698514e+02
523000 7.212411e-21 -3.049706e-21 2.112621e-17 1.044786e+03
524000 1.366284e-21 -2.997984e-21 2.111931e-17 1.979192e+02
525000 1.827901e-21 -5.535009e-21 2.121377e-17 2.647887e+02
526000 2.077218e-21 -2.321085e-20 2.127299e-17 3.009046e+02
527000 1.258198e-21 -2.292149e-20 2.127684e-17 1.822618e+02
528000 3.567474e-22 -1.594592e-20 2.139604e-17 5.167822e+01
529000 4.466319e-23 -1.613856e-20 2.139442e-17 6.469883e+00
530000 3.054849e-21 -1.141173e-20 2.143420e-17 4.425236e+02
531000 1.447414e-21 -1.160537e-20 2.143134e-17 2.096715e+02
532000 6.087031e-21 -1.250625e-20 2.149522e-17 8.817637e+02
533000 4.116475e-22 -1.906153e-20 2.152560e-17 5.963102e+01
534000 3.380812e-21 -2.068560e-20 2.159401e-17 4.897425e+02
535000 6.598435e-22 -1.766507e-20 2.173511e-17 9.558454e+01
536000 7.613966e-21 -2.216374e-20 2.173272e-17 1.102955e+03
537000 9.948534e-22 -2.168789e-20 2.173178e-17 1.441139e+02
538000 2.541045e-21 -2.046071e-20 2.172977e-17 3.680943e+02
539000 4.173106e-24 -2.344411e-20 2.177144e-17 6.045137e-01
540000 2.847192e-21 -2.201284e-20 2.176897e-17 4.124426e+02
541000 8.243494e-24 -2.310185e-20 2.181211e-17 1.194148e+00
542000 2.114255e-20 -2.976520e-20 2.190430e-17 3.062697e+03
543000 8.987109e-22 -2.936750e-20 2.198901e-17 1.301867e+02
544000 9.458942e-23 -2.532941e-21 2.200088e-17 1.370217e+01
545000 1.546569e-24 -2.464389e-21 2.200131e-17 2.240350e-01
546000 6.053937e-22 -3.716878e-21 2.204889e-17 8.769698e+01
547000 1.696582e-22 -2.699348e-21 2.209426e-17 2.457659e+01
548000 1.262931e-23 -3.180812e-21 2.208746e-17 1.829474e+00
549000 7.494965e-22 -2.697356e-21 2.213585e-17 1.085716e+02
550000 7.822481e-23 -1.669360e-25 2.221942e-17 1.133160e+01
551000 4.692516e-21 -3.496773e-22 2.221881e-17 6.797551e+02
552000 1.250555e-21 -1.653843e-23 2.224701e-17 1.811546e+02
553000 6.044663e-21 -5.671284e-22 2.235305e-17 8.756264e+02
554000 5.040125e-21 -2.366181e-21 2.239120e-17 7.301096e+02
555000 1.746214e-25 -1.651639e-21 2.237816e-17 2.529555e-02
556000 6.063539e-21 -5.539728e-21 2.242410e-17 8.783607e+02
557000 9.503344e-21 -5.407908e-21 2.242713e-17 1.376649e+03
558000 1.838587e-21 -2.345980e-21 2.246829e-17 2.663366e+02
559000 1.336884e-20 -3.595285e-21 2.256164e-17 1.936602e+03
560000 3.620212e-21 -4.728174e-23 2.270167e-17 5.244217e+02
561000 2.229071e-21 -1.716465e-21 2.281545e-17 3.229020e+02
562000 1.902906e-21 -2.304312e-22 2.277411e-17 2.756539e+02
563000 9.976590e-22 -2.665696e-22 2.277789e-17 1.445203e+02
564000 2.488875e-24 -3.670226e-22 2.281164e-17 3.605370e-01
565000 1.739701e-21 -6.659777e-22 2.285489e-17 2.520120e+02
566000 1.334635e-21 -2.079526e-23 2.286291e-17 1.933344e+02
567000 1.520899e-21 -3.247601e-23 2.291347e-17 2.203166e+02
568000 3.325908e-21 -9.112839e-22 2.294464e-17 4.817890e+02
569000 1.240092e-20 -1.609875e-23 2.303381e-17 1.796390e+03
570000 7.059389e-22 -9.213152e-25 2.308509e-17 1.022619e+02
571000 1.689028e-22 -3.964590e-22 2.314974e-17 2.446716e+01
572000 5.086321e-22 -7.690033e-22 2.314486e-17 7.368015e+01
573000 4.852284e-24 -1.416788e-21 2.327578e-17 7.028989e-01
574000 5.220430e-21 -1.360028e-21 2.338214e-17 7.562284e+02
575000 7.809900e-22 -4.368261e-21 2.341991e-17 1.131337e+02
576000 2.454284e-21 -4.904395e-21 2.345851e-17 3.555261e+02
577000 1.186055e-21 -5.011207e-21 2.350313e-17 1.718112e+02
578000 1.283856e-22 -4.815853e-21 2.350061e-17 1.859786e+01
579000 6.360619e-21 -4.857596e-21 2.350514e-17 9.213955e+02
580000 1.580545e-24 -3.415685e-21 2.356126e-17 2.289569e-01
581000 6.268827e-21 -1.453106e-21 2.363359e-17 9.080986e+02
582000 7.836561e-21 -2.362862e-21 2.367419e-17 1.135200e+03
583000 1.386844e-21 -3.882605e-21 2.365880e-17 2.008974e+02
584000 2.816106e-21 -3.918658e-21 2.366277e-17 4.079395e+02
585000 3.317706e-22 -2.976863e-21 2.379127e-17 4.806010e+01
586000 1.074396e-20 -1.720818e-20 2.385964e-17 1.556363e+03
587000 9.350646e-21 -1.748979e-20 2.385540e-17 1.354529e+03
588000 4.891174e-22 -1.901144e-20 2.390205e-17 7.085326e+01
589000 6.702066e-22 -9.579809e-21 2.394279e-17 9.708573e+01
590000 8.409679e-23 -1.847078e-20 2.396640e-17 1.218221e+01
591000 7.982756e-21 -1.829083e-20 2.397251e-17 1.156377e+03
592000 1.398086e-20 -1.801560e-20 2.407799e-17 2.025259e+03
593000 8.834873e-22 -1.936259e-20 2.405332e-17 1.279815e+02
594000 5.323943e-21 -2.442782e-20 2.410367e-17 7.712233e+02
595000 2.139032e-23 -2.996424e-20 2.417662e-17 3.098589e+00
596000 3.287176e-22 -3.311079e-20 2.428964e-17 4.761784e+01
597000 2.385425e-21 -3.319465e-20 2.429085e-17 3.455512e+02
598000 2.309534e-22 -3.309386e-20 2.428991e-17 3.345577e+01
599000 9.594810e-21 -3.640023e-20 2.434242e-17 1.389898e+03
600000 3.165473e-24 -3.416066e-20 2.438654e-17 4.585485e-01
601000 4.778664e-24 -3.501291e-20 2.437855e-17 6.922345e-01
602000 8.760542e-22 -3.859732e-20 2.440959e-17 1.269047e+02
603000 5.898276e-21 -3.927096e-20 2.450492e-17 8.544208e+02
604000 7.973686e-21 -3.666796e-20 2.468754e-17 1.155063e+03
605000 4.865070e-22 -3.708940e-20 2.466423e-17 7.047512e+01
606000 1.878563e-21 -2.423847e-20 2.473384e-17 2.721276e+02
607000 2.221438e-23 -2.166608e-20 2.481550e-17 3.217961e+00
608000 8.509493e-21 -2.731003e-20 2.487439e-17 1.232680e+03
609000 1.596602e-23 -2.524054e-20 2.490130e-17 2.312828e+00
610000 2.842805e-22 -2.163317e-20 2.490073e-17 4.118070e+01
611000 3.755762e-21 -2.261521e-20 2.491546e-17 5.440574e+02
612000 4.489036e-23 -2.339960e-20 2.490899e-17 6.502792e+00
613000 1.125534e-22 -3.527623e-20 2.498665e-17 1.630442e+01
614000 6.895005e-22 -3.328687e-20 2.497128e-17 9.988064e+01
615000 2.278266e-22 -3.565207e-20 2.502620e-17 3.300283e+01
616000 4.915598e-21 -4.008070e-20 2.505632e-17 7.120707e+02
617000 7.558821e-22 -4.010010e-20 2.505193e-17 1.094966e+02
618000 1.622464e-21 -4.049753e-20 2.510059e-17 2.350292e+02
619000 3.651151e-22 -4.008368e-20 2.515823e-17 5.289036e+01
620000 2.496223e-21 -3.956188e-20 2.523417e-17 3.616014e+02
621000 1.722823e-22 -3.862270e-20 2.521957e-17 2.495672e+01
622000 8.046864e-21 -1.449881e-20 2.538797e-17 1.165664e+03
623000 8.227887e-23 -8.650551e-21 2.541899e-17 1.191887e+01
624000 2.054595e-21 -1.436010e-20 2.546470e-17 2.976275e+02
625000 1.934363e-23 -1.466666e-20 2.546530e-17 2.802106e+00
626000 7.438770e-25 -1.762855e-20 2.550617e-17 1.077576e-01
627000 4.325846e-21 -2.416759e-20 2.549868e-17 6.266394e+02
628000 1.040348e-21 -2.259210e-20 2.549395e-17 1.507042e+02
629000 1.264999e-22 -2.706818e-20 2.559249e-17 1.832471e+01
630000 3.551657e-21 -3.106420e-20 2.560587e-17 5.144909e+02
631000 8.248226e-22 -3.307046e-20 2.565923e-17 1.194833e+02
632000 2.504637e-23 -3.344911e-20 2.569535e-17 3.628203e+00
633000 7.439408e-22 -3.341133e-20 2.569582e-17 1.077668e+02
634000 8.340574e-22 -3.212267e-20 2.574768e-17 1.208211e+02
635000 1.757435e-21 -3.475077e-20 2.574706e-17 2.545810e+02
636000 5.932325e-21 -3.438934e-20 2.575389e-17 8.593531e+02
637000 9.908397e-21 -3.477996e-20 2.575573e-17 1.435325e+03
638000 7.733281e-21 -3.148456e-20 2.575581e-17 1.120239e+03
639000 1.321890e-21 -3.084295e-20 2.575636e-17 1.914882e+02
640000 4.304743e-22 -4.063339e-20 2.578349e-17 6.235826e+01
641000 5.697632e-25 -4.067231e-20 2.578453e-17 8.253557e-02
642000 2.074696e-21 -4.081514e-20 2.578939e-17 3.005392e+02
643000 1.851498e-20 -1.731881e-20 2.588432e-17 2.682069e+03
644000 5.945519e-22 -1.764555e-20 2.586690e-17 8.612644e+01
645000 1.120669e-22 -2.244971e-20 2.587568e-17 1.623395e+01
646000 1.929476e-23 1.962153e-20 2.589997e-17 2.795027e+00
647000 2.027993e-23 2.526459e-20 2.590528e-17 2.937738e+00
648000 1.869646e-23 1.796127e-20 2.594376e-17 2.708358e+00
649000 1.045141e-20 3.867192e-20 2.600995e-17 1.513984e+03
650000 9.761761e-23 -3.435823e-20 2.602876e-17 1.414083e+01
651000 1.987245e-21 -3.163013e-20 2.602851e-17 2.878711e+02
652000 1.257729e-20 -1.973531e-20 2.612448e-17 1.821940e+03
653000 3.811914e-25 -1.531587e-20 2.611627e-17 5.521916e-02
654000 7.914962e-21 6.872709e-20 2.631664e-17 1.146557e+03
655000 4.923960e-24 3.810606e-21 2.628959e-17 7.132819e-01
656000 1.591712e-22 2.557127e-21 2.629614e-17 2.305745e+01
657000 1.361216e-21 3.398386e-21 2.629146e-17 1.971849e+02
658000 3.323587e-21 1.298224e-21 2.635236e-17 4.814529e+02
659000 5.071189e-24 -5.321426e-22 2.634416e-17 7.346094e-01
660000 4.767898e-21 2.628256e-20 2.635120e-17 6.906749e+02
661000 1.106966e-21 1.777256e-20 2.638538e-17 1.603544e+02
662000 3.610758e-21 2.478103e-20 2.639185e-17 5.230522e+02
663000 5.516964e-22 1.455237e-20 2.643936e-17 7.991841e+01
664000 5.643287e-21 3.966488e-21 2.656247e-17 8.174833e+02
665000 8.747716e-22 1.864222e-20 2.671949e-17 1.267189e+02
666000 2.033233e-21 3.033456e-20 2.680331e-17 2.945329e+02
667000 4.165462e-22 -2.570865e-22 2.682638e-17 6.034063e+01
668000 1.176377e-21 -3.986371e-22 2.682673e-17 1.704093e+02
669000 1.545338e-21 -7.754637e-22 2.682642e-17 2.238567e+02
670000 9.937903e-22 -7.797972e-22 2.682586e-17 1.439599e+02
671000 7.165540e-21 8.427480e-21 2.688501e-17 1.037996e+03
672000 2.575873e-22 8.695725e-21 2.687685e-17 3.731395e+01
673000 6.590197e-23 1.056475e-21 2.696254e-17 9.546520e+00
674000 7.111929e-23 1.715177e-21 2.696887e-17 1.030230e+01
675000 2.987320e-21 4.255833e-20 2.697171e-17 4.327415e+02
676000 2.547743e-21 3.704500e-20 2.707110e-17 3.690645e+02
677000 4.619439e-23 4.867888e-21 2.704632e-17 6.691693e+00
678000 3.059780e-24 -3.790135e-20 2.709982e-17 4.432379e-01
679000 1.123299e-21 -3.816946e-20 2.718822e-17 1.627204e+02
680000 5.732624e-22 -3.770636e-20 2.723343e-17 8.304245e+01
681000 6.307737e-23 -3.885209e-20 2.729285e-17 9.137351e+00
682000 3.255539e-22 -3.822324e-20 2.737255e-17 4.715954e+01
683000 3.917694e-24 -1.732455e-20 2.736119e-17 5.675148e-01
684000 8.788184e-22 -1.668920e-20 2.736214e-17 1.273051e+02
685000 1.625238e-21 -1.456407e-20 2.741671e-17 2.354310e+02
686000 6.060236e-21 -2.754096e-20 2.749134e-17 8.778822e+02
687000 3.011272e-22 -7.320816e-21 2.748510e-17 4.362110e+01
688000 2.765290e-21 -3.780902e-21 2.759232e-17 4.005782e+02
689000 8.876444e-22 1.879640e-20 2.767247e-17 1.285836e+02
690000 4.881541e-22 8.026556e-21 2.769959e-17 7.071372e+01
691000 1.315841e-21 1.259903e-20 2.768691e-17 1.906120e+02
692000 1.471679e-22 2.421019e-20 2.780856e-17 2.131865e+01
693000 4.946417e-22 2.326672e-20 2.780927e-17 7.165351e+01
694000 9.625419e-23 3.237740e-20 2.785415e-17 1.394332e+01
695000 9.120342e-22 3.214180e-20 2.785496e-17 1.321167e+02
696000 4.385186e-22 4.209661e-20 2.786156e-17 6.352355e+01
697000 9.202453e-21 4.801986e-20 2.785994e-17 1.333062e+03
698000 4.841042e-22 3.298031e-20 2.789595e-17 7.012705e+01
699000 2.936076e-21 8.497232e-21 2.794113e-17 4.253183e+02
700000 7.128994e-22 1.183820e-20 2.798333e-17 1.032702e+02
701000 2.122349e-21 1.026058e-20 2.798008e-17 3.074422e+02
702000 1.161157e-20 3.133152e-20 2.798793e-17 1.682045e+03
703000 6.495388e-22 1.321009e-20 2.814532e-17 9.409181e+01
704000 1.037638e-21 3.188528e-20 2.813544e-17 1.503117e+02
705000 1.046901e-21 3.178715e-20 2.813569e-17 1.516534e+02
706000 2.641133e-22 3.270059e-20 2.819469e-17 3.825930e+01
707000 2.058636e-21 8.868104e-21 2.823823e-17 2.982129e+02
708000 1.172992e-24 4.159807e-20 2.828118e-17 1.699190e-01
709000 2.814733e-22 3.521543e-20 2.831457e-17 4.077405e+01
710000 1.788008e-21 7.757685e-20 2.831941e-17 2.590098e+02
711000 4.579664e-21 2.701877e-20 2.834708e-17 6.634074e+02
712000 1.720824e-21 2.585486e-20 2.840750e-17 2.492775e+02
713000 1.051450e-22 6.321630e-20 2.847641e-17 1.523124e+01
714000 2.328574e-22 7.960290e-20 2.858504e-17 3.373159e+01
715000 7.792488e-21 -2.289386e-20 2.865561e-17 1.128815e+03
716000 1.650886e-21 -9.482769e-21 2.870559e-17 2.391463e+02
717000 1.887404e-21 -1.095624e-20 2.873995e-17 2.734083e+02
718000 1.379414e-21 -2.309112e-20 2.883013e-17 1.998211e+02
719000 9.759705e-21 -1.667924e-20 2.886730e-17 1.413785e+03
720000 1.952888e-21 -4.099888e-20 2.884368e-17 2.828942e+02
721000 5.124707e-22 -4.096720e-20 2.884361e-17 7.423620e+01
722000 8.601856e-21 -4.109780e-20 2.892162e-17 1.246060e+03
723000 4.698575e-23 -3.199936e-20 2.895327e-17 6.806328e+00
724000 7.913408e-23 -3.645710e-20 2.908214e-17 1.146332e+01
725000 9.707596e-23 -3.511673e-20 2.908723e-17 1.406237e+01
726000 2.399905e-21 -3.467600e-20 2.908788e-17 3.476489e+02
727000 6.105144e-23 -3.442017e-20 2.908864e-17 8.843876e+00
728000 3.776652e-21 -3.453529e-20 2.909069e-17 5.470837e+02
729000 2.335142e-21 -3.895959e-20 2.913435e-17 3.382673e+02
730000 9.416153e-24 -4.107343e-20 2.922537e-17 1.364018e+00
731000 4.231597e-21 -4.106888e-20 2.923130e-17 6.129867e+02
732000 6.724655e-21 -4.108303e-20 2.927873e-17 9.741296e+02
733000 5.475515e-22 -4.059356e-20 2.935914e-17 7.931799e+01
734000 7.210890e-21 -3.432014e-20 2.964884e-17 1.044565e+03
735000 8.610702e-22 -2.514986e-20 2.962060e-17 1.247341e+02
736000 6.732003e-22 -2.737405e-20 2.966713e-17 9.751940e+01
737000 1.524771e-21 -2.190541e-20 2.970796e-17 2.208774e+02
738000 1.932529e-23 -2.951892e-20 2.975373e-17 2.799451e+00
739000 1.430373e-20 -9.776860e-21 2.988118e-17 2.072029e+03
740000 1.003214e-21 -1.011006e-20 2.987658e-17 1.453250e+02
741000 6.901357e-22 -6.618142e-21 2.995244e-17 9.997265e+01
742000 9.926426e-22 -9.428013e-21 3.002564e-17 1.437936e+02
743000 1.234707e-20 -1.916740e-20 3.011968e-17 1.788589e+03
744000 3.269190e-22 -1.246779e-20 3.018700e-17 4.735729e+01
745000 6.856086e-21 -1.167572e-20 3.024101e-17 9.931686e+02
746000 4.284008e-22 -8.182734e-21 3.031467e-17 6.205789e+01
747000 1.472477e-22 -3.674630e-21 3.037961e-17 2.133021e+01
748000 8.425790e-21 -6.392628e-21 3.049305e-17 1.220555e+03
749000 1.917828e-22 -1.418388e-20 3.055658e-17 2.778154e+01
750000 2.692466e-21 -1.740175e-20 3.063571e-17 3.900291e+02
751000 1.060893e-21 -2.528578e-20 3.075290e-17 1.536803e+02
752000 3.076609e-21 -2.704374e-20 3.075480e-17 4.456758e+02
753000 6.272746e-21 -2.713645e-20 3.079700e-17 9.086663e+02
754000 1.454190e-20 -2.649650e-20 3.080472e-17 2.106531e+03
755000 9.618399e-22 -2.626341e-20 3.083094e-17 1.393316e+02
756000 3.898721e-21 -2.674256e-20 3.087544e-17 5.647664e+02
757000 4.257238e-21 -2.708880e-20 3.093454e-17 6.167010e+02
758000 1.370336e-22 -3.849860e-20 3.103410e-17 1.985060e+01
759000 5.583858e-23 -3.863590e-20 3.102730e-17 8.088744e+00
760000 1.234055e-22 -3.925015e-20 3.106805e-17 1.787645e+01
761000 6.363194e-21 -3.809784e-20 3.120186e-17 9.217685e+02
762000 1.000448e-21 -3.601021e-20 3.123739e-17 1.449242e+02
763000 2.758252e-21 -3.569459e-20 3.123067e-17 3.995588e+02
764000 3.128342e-22 -3.468533e-20 3.131649e-17 4.531697e+01
765000 2.879599e-22 -3.851137e-20 3.136851e-17 4.171370e+01
766000 8.187722e-22 -4.045109e-20 3.141126e-17 1.186069e+02
767000 4.561670e-22 -4.011790e-20 3.139327e-17 6.608008e+01
768000 7.976682e-23 -4.028457e-20 3.144456e-17 1.155498e+01
769000 5.346615e-22 -4.023682e-20 3.144430e-17 7.745075e+01
770000 9.963330e-22 -3.632541e-20 3.152463e-17 1.443282e+02
771000 6.068671e-22 -3.607050e-20 3.152936e-17 8.791042e+01
772000 6.997500e-21 -3.754738e-20 3.157978e-17 1.013654e+03
773000 2.917567e-21 -3.339122e-20 3.157768e-17 4.226370e+02
774000 1.329268e-22 -3.203926e-20 3.165258e-17 1.925570e+01
775000 1.228786e-20 -3.167775e-20 3.166660e-17 1.780012e+03
776000 1.284659e-21 -3.144200e-20 3.165981e-17 1.860950e+02
777000 4.964030e-22 -2.985034e-20 3.168166e-17 7.190864e+01
778000 1.615249e-21 -2.961388e-20 3.173457e-17 2.339840e+02
779000 3.105341e-23 -2.660712e-20 3.181678e-17 4.498378e+00
780000 5.785589e-22 -1.128178e-20 3.188725e-17 8.380970e+01
781000 4.634612e-21 -1.638233e-20 3.192355e-17 6.713672e+02
782000 5.101065e-23 -1.439049e-20 3.195171e-17 7.389373e+00
783000 3.323690e-21 -1.834041e-20 3.196371e-17 4.814677e+02
784000 4.078478e-21 -3.183441e-20 3.206842e-17 5.908059e+02
785000 6.570475e-21 -2.855594e-20 3.215064e-17 9.517952e+02
786000 1.159677e-21 -2.812409e-20 3.218659e-17 1.679901e+02
787000 8.100856e-22 -4.085512e-20 3.224471e-17 1.173485e+02
788000 4.449777e-21 -3.990630e-20 3.230775e-17 6.445921e+02
789000 2.905976e-22 -3.917062e-20 3.243415e-17 4.209580e+01
790000 1.761637e-20 -4.005202e-20 3.249891e-17 2.551898e+03
791000 7.864275e-21 -4.093985e-20 3.250019e-17 1.139214e+03
792000 9.210387e-22 -4.060868e-20 3.254188e-17 1.334211e+02
793000 6.427993e-25 -1.647007e-20 3.259725e-17 9.311553e-02
794000 1.582873e-21 -9.662446e-21 3.260116e-17 2.292941e+02
795000 7.123312e-21 -8.924231e-21 3.261463e-17 1.031879e+03
796000 2.059100e-21 -6.191554e-21 3.264906e-17 2.982801e+02
797000 3.236024e-21 -6.951685e-21 3.264985e-17 4.687686e+02
798000 1.557773e-22 -8.868873e-21 3.272493e-17 2.256581e+01
799000 1.508920e-21 -1.122420e-20 3.276901e-17 2.185812e+02
800000 7.804959e-21 -1.747488e-20 3.286282e-17 1.130622e+03
801000 4.622246e-25 -1.370368e-20 3.298290e-17 6.695758e-02
802000 4.566023e-23 -1.518287e-20 3.296347e-17 6.614315e+00
803000 3.339760e-21 -1.584147e-20 3.297668e-17 4.837957e+02
804000 1.115129e-21 -1.919733e-20 3.297402e-17 1.615369e+02
805000 5.257377e-22 -1.848847e-20 3.296883e-17 7.615805e+01
806000 2.578419e-20 -1.733864e-20 3.308008e-17 3.735082e+03
807000 1.146525e-21 -6.837920e-23 3.302043e-17 1.660850e+02
808000 1.714118e-22 -3.084223e-22 3.301440e-17 2.483061e+01
809000 4.612712e-21 -5.057126e-22 3.316590e-17 6.681947e+02
810000 1.323586e-21 -5.798988e-22 3.320862e-17 1.917339e+02
811000 1.663117e-21 -3.860185e-22 3.319203e-17 2.409182e+02
812000 3.234524e-21 -5.465451e-22 3.325250e-17 4.685513e+02
813000 5.339005e-21 -9.313689e-23 3.327483e-17 7.734051e+02
814000 2.404867e-21 -1.336065e-22 3.326290e-17 3.483677e+02
815000 5.004662e-23 -2.865288e-24 3.335878e-17 7.249724e+00
816000 3.989121e-23 -6.747933e-23 3.340273e-17 5.778617e+00
817000 3.878006e-21 -3.357293e-22 3.343587e-17 5.617657e+02
818000 7.654969e-22 -2.930322e-22 3.343217e-17 1.108894e+02
819000 3.299933e-24 -2.714985e-22 3.349494e-17 4.780264e-01
820000 4.248129e-21 -1.514493e-22 3.352735e-17 6.153815e+02
821000 1.644233e-22 -1.612769e-21 3.350962e-17 2.381826e+01
822000 1.408995e-20 -6.173429e-22 3.362366e-17 2.041061e+03
823000 2.193990e-22 -7.842456e-22 3.364545e-17 3.178200e+01
824000 1.726768e-21 -2.816152e-22 3.369740e-17 2.501386e+02
825000 4.617630e-22 -1.603566e-22 3.368510e-17 6.689071e+01
826000 4.997051e-22 -1.939491e-22 3.368943e-17 7.238698e+01
827000 4.202738e-21 -2.092003e-22 3.373252e-17 6.088062e+02
828000 7.765423e-22 -1.683467e-22 3.380697e-17 1.124895e+02
829000 2.180653e-21 -2.539885e-22 3.385296e-17 3.158881e+02
830000 5.146075e-21 -1.866378e-21 3.385233e-17 7.454573e+02
831000 7.323356e-21 -4.088280e-21 3.386009e-17 1.060857e+03
832000 4.960421e-22 -3.131799e-21 3.393738e-17 7.185636e+01
833000 1.003369e-23 -3.951317e-21 3.392157e-17 1.453475e+00
834000 4.722327e-21 -6.408900e-21 3.397159e-17 6.840735e+02
835000 1.319461e-22 -6.726064e-21 3.397038e-17 1.911363e+01
836000 3.620014e-22 -6.733816e-21 3.397072e-17 5.243932e+01
837000 3.206873e-22 -6.615604e-21 3.397013e-17 4.645457e+01
838000 5.908018e-21 -4.013910e-20 3.410657e-17 8.558320e+02
839000 4.962703e-21 -3.318369e-20 3.413069e-17 7.188943e+02
840000 2.944105e-21 -3.926980e-20 3.417019e-17 4.264813e+02
841000 3.052892e-22 -4.087494e-20 3.424566e-17 4.422401e+01
842000 7.841414e-22 -3.460669e-20 3.436417e-17 1.135903e+02
843000 5.272587e-23 -3.505934e-20 3.446012e-17 7.637839e+00
844000 3.261577e-22 -3.109500e-20 3.450674e-17 4.724701e+01
845000 2.515326e-22 -1.836640e-20 3.452971e-17 3.643687e+01
846000 2.326843e-21 -1.824849e-20 3.457651e-17 3.370651e+02
847000 1.867166e-21 -2.164209e-20 3.456013e-17 2.704766e+02
848000 2.539618e-24 -1.142653e-20 3.460672e-17 3.678876e-01
849000 2.221524e-23 -1.527521e-20 3.464665e-17 3.218086e+00
850000 2.119136e-21 -1.415887e-20 3.474758e-17 3.069769e+02
851000 5.804520e-22 -1.256561e-20 3.473924e-17 8.408394e+01
852000 2.182193e-23 -1.260642e-20 3.473742e-17 3.161112e+00
853000 1.153108e-21 -1.413564e-20 3.474645e-17 1.670386e+02
854000 3.050827e-22 -9.562040e-21 3.473697e-17 4.419409e+01
855000 2.502137e-21 -1.107471e-20 3.478127e-17 3.624581e+02
856000 6.989290e-21 -4.094785e-20 3.483449e-17 1.012464e+03
857000 6.061935e-21 -4.047497e-20 3.484164e-17 8.781283e+02
858000 1.221672e-22 -4.024622e-20 3.481815e-17 1.769706e+01
859000 2.848372e-21 -4.009140e-20 3.482389e-17 4.126135e+02
860000 4.752539e-22 -3.883429e-20 3.487564e-17 6.884499e+01
861000 2.767686e-21 -3.216190e-20 3.497975e-17 4.009254e+02
862000 2.198146e-22 -3.778187e-20 3.501126e-17 3.184222e+01
863000 1.170824e-21 -4.017619e-20 3.505527e-17 1.696049e+02
864000 3.612428e-22 -3.975870e-20 3.510648e-17 5.232941e+01
865000 4.189296e-23 -3.905087e-20 3.510244e-17 6.068590e+00
866000 1.448638e-21 -4.108501e-20 3.513018e-17 2.098488e+02
867000 2.989257e-23 -4.099675e-20 3.513808e-17 4.330220e+00
868000 4.011081e-21 -4.109708e-20 3.519417e-17 5.810428e+02
869000 1.420893e-22 -4.094039e-20 3.517246e-17 2.058297e+01
870000 1.625860e-21 -4.092319e-20 3.517496e-17 2.355211e+02
871000 8.659805e-21 -4.096168e-20 3.527270e-17 1.254454e+03
872000 8.379304e-21 -2.279935e-20 3.532379e-17 1.213821e+03
873000 5.123946e-25 -2.733435e-20 3.528236e-17 7.422517e-02
874000 3.420193e-21 -1.901522e-20 3.539325e-17 4.954471e+02
875000 7.171636e-26 -1.588385e-20 3.547040e-17 1.038879e-02
876000 1.249825e-21 -3.570210e-20 3.554421e-17 1.810489e+02
877000 9.033813e-23 -3.255907e-20 3.563285e-17 1.308633e+01
878000 7.287975e-22 -2.697170e-20 3.567520e-17 1.055732e+02
879000 7.299601e-22 -3.470758e-20 3.571071e-17 1.057416e+02
