pX pY pZ 
1.621273e-13 0.000000e+00 0.000000e+00
3.229202e-13 0.000000e+00 0.000000e+00
5.362903e-14 0.000000e+00 0.000000e+00
-2.551975e-13 0.000000e+00 0.000000e+00
-3.238063e-14 0.000000e+00 0.000000e+00
-3.693924e-14 0.000000e+00 0.000000e+00
-8.715269e-14 0.000000e+00 0.000000e+00
-1.122039e-13 0.000000e+00 0.000000e+00
-1.715017e-13 0.000000e+00 0.000000e+00
3.558750e-14 0.000000e+00 0.000000e+00
-3.163844e-14 0.000000e+00 0.000000e+00
-1.883455e-13 0.000000e+00 0.000000e+00
-1.961197e-13 0.000000e+00 0.000000e+00
1.958479e-13 0.000000e+00 0.000000e+00
8.838465e-14 0.000000e+00 0.000000e+00
-4.661171e-14 0.000000e+00 0.000000e+00
-2.320086e-13 0.000000e+00 0.000000e+00
4.584220e-14 0.000000e+00 0.000000e+00
-1.678130e-14 0.000000e+00 0.000000e+00
-1.764442e-13 0.000000e+00 0.000000e+00
1.417491e-13 0.000000e+00 0.000000e+00
2.251257e-13 0.000000e+00 0.000000e+00
-1.411271e-13 0.000000e+00 0.000000e+00
1.285056e-13 0.000000e+00 0.000000e+00
-2.609970e-14 0.000000e+00 0.000000e+00
-3.447933e-13 0.000000e+00 0.000000e+00
1.082870e-13 0.000000e+00 0.000000e+00
9.930869e-14 0.000000e+00 0.000000e+00
-1.103860e-13 0.000000e+00 0.000000e+00
1.301836e-13 0.000000e+00 0.000000e+00
-1.513419e-13 0.000000e+00 0.000000e+00
1.715466e-13 0.000000e+00 0.000000e+00
6.492226e-13 0.000000e+00 0.000000e+00
-1.628234e-13 0.000000e+00 0.000000e+00
-1.859219e-13 0.000000e+00 0.000000e+00
-1.860983e-13 0.000000e+00 0.000000e+00
6.553464e-14 0.000000e+00 0.000000e+00
4.966426e-14 0.000000e+00 0.000000e+00
-2.049691e-13 0.000000e+00 0.000000e+00
-1.974718e-12 0.000000e+00 0.000000e+00
1.896687e-12 0.000000e+00 0.000000e+00
-2.681791e-14 0.000000e+00 0.000000e+00
-2.270743e-14 0.000000e+00 0.000000e+00
-1.167694e-13 0.000000e+00 0.000000e+00
-1.321872e-13 0.000000e+00 0.000000e+00
4.855394e-13 0.000000e+00 0.000000e+00
-7.438638e-13 0.000000e+00 0.000000e+00
1.638632e-12 0.000000e+00 0.000000e+00
-6.471232e-14 0.000000e+00 0.000000e+00
-6.537488e-13 0.000000e+00 0.000000e+00
8.302431e-14 0.000000e+00 0.000000e+00
-7.688779e-14 0.000000e+00 0.000000e+00
-4.338823e-14 0.000000e+00 0.000000e+00
9.803615e-14 0.000000e+00 0.000000e+00
1.276372e-13 0.000000e+00 0.000000e+00
-1.363928e-13 0.000000e+00 0.000000e+00
-1.567708e-13 0.000000e+00 0.000000e+00
-5.126948e-14 0.000000e+00 0.000000e+00
-7.310505e-13 0.000000e+00 0.000000e+00
-1.073053e-13 0.000000e+00 0.000000e+00
-8.667021e-13 0.000000e+00 0.000000e+00
1.662861e-14 0.000000e+00 0.000000e+00
-1.813550e-12 0.000000e+00 0.000000e+00
1.478032e-12 0.000000e+00 0.000000e+00
-1.966708e-12 0.000000e+00 0.000000e+00
-2.031135e-13 0.000000e+00 0.000000e+00
2.142896e-13 0.000000e+00 0.000000e+00
-2.008984e-12 0.000000e+00 0.000000e+00
-3.696620e-13 0.000000e+00 0.000000e+00
-7.743320e-14 0.000000e+00 0.000000e+00
-2.209550e-13 0.000000e+00 0.000000e+00
4.171580e-13 0.000000e+00 0.000000e+00
-1.550992e-13 0.000000e+00 0.000000e+00
-4.160891e-14 0.000000e+00 0.000000e+00
1.777605e-14 0.000000e+00 0.000000e+00
9.286551e-14 0.000000e+00 0.000000e+00
9.822813e-14 0.000000e+00 0.000000e+00
-2.719139e-13 0.000000e+00 0.000000e+00
-9.158019e-14 0.000000e+00 0.000000e+00
1.537600e-13 0.000000e+00 0.000000e+00
-1.321965e-13 0.000000e+00 0.000000e+00
-1.049971e-12 0.000000e+00 0.000000e+00
-4.425512e-14 0.000000e+00 0.000000e+00
2.110708e-12 0.000000e+00 0.000000e+00
2.920700e-15 0.000000e+00 0.000000e+00
-6.859929e-13 0.000000e+00 0.000000e+00
-1.605297e-13 0.000000e+00 0.000000e+00
1.929121e-13 0.000000e+00 0.000000e+00
-8.695025e-13 0.000000e+00 0.000000e+00
-7.012120e-13 0.000000e+00 0.000000e+00
-1.094382e-12 0.000000e+00 0.000000e+00
-1.445886e-12 0.000000e+00 0.000000e+00
-8.611692e-13 0.000000e+00 0.000000e+00
-1.328357e-13 0.000000e+00 0.000000e+00
1.839878e-12 0.000000e+00 0.000000e+00
1.579263e-13 0.000000e+00 0.000000e+00
-9.848939e-14 0.000000e+00 0.000000e+00
-7.730997e-14 0.000000e+00 0.000000e+00
-5.410012e-14 0.000000e+00 0.000000e+00
-4.245420e-13 0.000000e+00 0.000000e+00
-1.223472e-13 0.000000e+00 0.000000e+00
-1.548062e-13 0.000000e+00 0.000000e+00
1.118405e-13 0.000000e+00 0.000000e+00
1.469763e-13 0.000000e+00 0.000000e+00
-1.226182e-13 0.000000e+00 0.000000e+00
-1.042365e-12 0.000000e+00 0.000000e+00
1.191829e-13 0.000000e+00 0.000000e+00
1.276943e-12 0.000000e+00 0.000000e+00
5.156090e-15 0.000000e+00 0.000000e+00
3.283202e-12 0.000000e+00 0.000000e+00
-2.065597e-13 0.000000e+00 0.000000e+00
-1.572381e-12 0.000000e+00 0.000000e+00
1.157002e-12 0.000000e+00 0.000000e+00
-2.496815e-14 0.000000e+00 0.000000e+00
1.362298e-13 0.000000e+00 0.000000e+00
-1.027758e-14 0.000000e+00 0.000000e+00
1.682597e-13 0.000000e+00 0.000000e+00
9.512170e-14 0.000000e+00 0.000000e+00
-9.744313e-14 0.000000e+00 0.000000e+00
-8.819382e-14 0.000000e+00 0.000000e+00
-3.276918e-13 0.000000e+00 0.000000e+00
2.861649e-14 0.000000e+00 0.000000e+00
3.101932e-14 0.000000e+00 0.000000e+00
-1.587580e-13 0.000000e+00 0.000000e+00
9.400693e-14 0.000000e+00 0.000000e+00
1.233008e-13 0.000000e+00 0.000000e+00
-1.503556e-13 0.000000e+00 0.000000e+00
1.002729e-12 0.000000e+00 0.000000e+00
1.864944e-12 0.000000e+00 0.000000e+00
2.237688e-12 0.000000e+00 0.000000e+00
6.807728e-13 0.000000e+00 0.000000e+00
1.091595e-13 0.000000e+00 0.000000e+00
1.609821e-13 0.000000e+00 0.000000e+00
-4.174138e-13 0.000000e+00 0.000000e+00
-1.385545e-12 0.000000e+00 0.000000e+00
3.750104e-14 0.000000e+00 0.000000e+00
-2.188344e-12 0.000000e+00 0.000000e+00
1.632766e-13 0.000000e+00 0.000000e+00
-1.229937e-13 0.000000e+00 0.000000e+00
2.866714e-13 0.000000e+00 0.000000e+00
-1.321120e-13 0.000000e+00 0.000000e+00
-1.677329e-13 0.000000e+00 0.000000e+00
1.141166e-12 0.000000e+00 0.000000e+00
2.418792e-13 0.000000e+00 0.000000e+00
-6.942718e-14 0.000000e+00 0.000000e+00
2.136153e-12 0.000000e+00 0.000000e+00
-2.299446e-12 0.000000e+00 0.000000e+00
2.755089e-12 0.000000e+00 0.000000e+00
7.812684e-14 0.000000e+00 0.000000e+00
2.382405e-12 0.000000e+00 0.000000e+00
-2.339663e-12 0.000000e+00 0.000000e+00
4.172986e-13 0.000000e+00 0.000000e+00
-2.508382e-12 0.000000e+00 0.000000e+00
-1.229030e-12 0.000000e+00 0.000000e+00
-2.437777e-13 0.000000e+00 0.000000e+00
4.367838e-13 0.000000e+00 0.000000e+00
5.043723e-13 0.000000e+00 0.000000e+00
1.116969e-12 0.000000e+00 0.000000e+00
4.717775e-13 0.000000e+00 0.000000e+00
-2.810057e-14 0.000000e+00 0.000000e+00
2.027068e-14 0.000000e+00 0.000000e+00
3.090331e-13 0.000000e+00 0.000000e+00
7.219334e-13 0.000000e+00 0.000000e+00
-4.791654e-12 0.000000e+00 0.000000e+00
-1.155596e-12 0.000000e+00 0.000000e+00
2.611337e-12 0.000000e+00 0.000000e+00
-3.361356e-12 0.000000e+00 0.000000e+00
1.636917e-12 0.000000e+00 0.000000e+00
2.483720e-13 0.000000e+00 0.000000e+00
1.952527e-13 0.000000e+00 0.000000e+00
-3.521805e-12 0.000000e+00 0.000000e+00
-2.785524e-12 0.000000e+00 0.000000e+00
9.250751e-13 0.000000e+00 0.000000e+00
2.171775e-12 0.000000e+00 0.000000e+00
9.083629e-13 0.000000e+00 0.000000e+00
3.007127e-12 0.000000e+00 0.000000e+00
2.125634e-12 0.000000e+00 0.000000e+00
-1.696206e-12 0.000000e+00 0.000000e+00
2.023096e-13 0.000000e+00 0.000000e+00
-4.043385e-14 0.000000e+00 0.000000e+00
-1.296373e-13 0.000000e+00 0.000000e+00
1.218551e-13 0.000000e+00 0.000000e+00
-2.403120e-12 0.000000e+00 0.000000e+00
2.626758e-12 0.000000e+00 0.000000e+00
2.484398e-13 0.000000e+00 0.000000e+00
1.760067e-12 0.000000e+00 0.000000e+00
-1.599514e-13 0.000000e+00 0.000000e+00
-1.247622e-12 0.000000e+00 0.000000e+00
-2.182990e-13 0.000000e+00 0.000000e+00
2.680784e-13 0.000000e+00 0.000000e+00
2.443214e-12 0.000000e+00 0.000000e+00
3.773348e-15 0.000000e+00 0.000000e+00
7.161730e-14 0.000000e+00 0.000000e+00
5.336679e-14 0.000000e+00 0.000000e+00
-1.806549e-13 0.000000e+00 0.000000e+00
-5.265124e-13 0.000000e+00 0.000000e+00
1.404000e-13 0.000000e+00 0.000000e+00
-1.640235e-13 0.000000e+00 0.000000e+00
-8.676764e-14 0.000000e+00 0.000000e+00
-1.611092e-13 0.000000e+00 0.000000e+00
2.367070e-13 0.000000e+00 0.000000e+00
1.971192e-13 0.000000e+00 0.000000e+00
5.973778e-14 0.000000e+00 0.000000e+00
-2.195954e-13 0.000000e+00 0.000000e+00
3.289759e-13 0.000000e+00 0.000000e+00
1.956722e-13 0.000000e+00 0.000000e+00
2.465516e-13 0.000000e+00 0.000000e+00
3.382903e-13 0.000000e+00 0.000000e+00
-7.553971e-14 0.000000e+00 0.000000e+00
3.956171e-13 0.000000e+00 0.000000e+00
-6.120952e-14 0.000000e+00 0.000000e+00
9.180945e-14 0.000000e+00 0.000000e+00
5.556506e-14 0.000000e+00 0.000000e+00
-1.721286e-13 0.000000e+00 0.000000e+00
7.785184e-14 0.000000e+00 0.000000e+00
2.394895e-13 0.000000e+00 0.000000e+00
1.200235e-13 0.000000e+00 0.000000e+00
3.142093e-14 0.000000e+00 0.000000e+00
-2.164022e-13 0.000000e+00 0.000000e+00
1.043615e-13 0.000000e+00 0.000000e+00
-1.957782e-13 0.000000e+00 0.000000e+00
-1.816871e-13 0.000000e+00 0.000000e+00
8.476162e-14 0.000000e+00 0.000000e+00
1.099353e-13 0.000000e+00 0.000000e+00
6.120476e-14 0.000000e+00 0.000000e+00
8.315805e-15 0.000000e+00 0.000000e+00
-6.171854e-15 0.000000e+00 0.000000e+00
1.563406e-13 0.000000e+00 0.000000e+00
8.934761e-14 0.000000e+00 0.000000e+00
5.022861e-14 0.000000e+00 0.000000e+00
1.811116e-13 0.000000e+00 0.000000e+00
6.168511e-14 0.000000e+00 0.000000e+00
2.481006e-14 0.000000e+00 0.000000e+00
1.322320e-14 0.000000e+00 0.000000e+00
9.484005e-14 0.000000e+00 0.000000e+00
-1.422605e-12 0.000000e+00 0.000000e+00
2.615853e-14 0.000000e+00 0.000000e+00
-1.595341e-13 0.000000e+00 0.000000e+00
2.430597e-13 0.000000e+00 0.000000e+00
-1.252501e-13 0.000000e+00 0.000000e+00
1.677353e-13 0.000000e+00 0.000000e+00
8.058662e-13 0.000000e+00 0.000000e+00
-1.609940e-14 0.000000e+00 0.000000e+00
-1.410891e-12 0.000000e+00 0.000000e+00
8.985945e-14 0.000000e+00 0.000000e+00
3.225082e-14 0.000000e+00 0.000000e+00
-5.502854e-14 0.000000e+00 0.000000e+00
-2.431589e-13 0.000000e+00 0.000000e+00
3.830227e-14 0.000000e+00 0.000000e+00
2.678183e-13 0.000000e+00 0.000000e+00
-3.242030e-13 0.000000e+00 0.000000e+00
2.380354e-13 0.000000e+00 0.000000e+00
3.645493e-15 0.000000e+00 0.000000e+00
-7.666563e-14 0.000000e+00 0.000000e+00
-1.386772e-13 0.000000e+00 0.000000e+00
1.183425e-13 0.000000e+00 0.000000e+00
-4.595284e-15 0.000000e+00 0.000000e+00
7.975511e-14 0.000000e+00 0.000000e+00
-1.844282e-13 0.000000e+00 0.000000e+00
1.390240e-13 0.000000e+00 0.000000e+00
-1.818820e-13 0.000000e+00 0.000000e+00
2.905813e-14 0.000000e+00 0.000000e+00
1.194997e-13 0.000000e+00 0.000000e+00
-8.146212e-13 0.000000e+00 0.000000e+00
4.873181e-14 0.000000e+00 0.000000e+00
-8.029732e-13 0.000000e+00 0.000000e+00
3.216841e-14 0.000000e+00 0.000000e+00
1.027683e-12 0.000000e+00 0.000000e+00
-1.021690e-12 0.000000e+00 0.000000e+00
-1.859492e-12 0.000000e+00 0.000000e+00
1.630396e-13 0.000000e+00 0.000000e+00
2.705652e-13 0.000000e+00 0.000000e+00
2.554922e-14 0.000000e+00 0.000000e+00
8.369358e-14 0.000000e+00 0.000000e+00
3.304312e-14 0.000000e+00 0.000000e+00
7.723981e-14 0.000000e+00 0.000000e+00
2.599923e-13 0.000000e+00 0.000000e+00
-5.138102e-14 0.000000e+00 0.000000e+00
-1.384249e-13 0.000000e+00 0.000000e+00
-1.723526e-13 0.000000e+00 0.000000e+00
9.154949e-13 0.000000e+00 0.000000e+00
-3.886768e-12 0.000000e+00 0.000000e+00
7.267823e-14 0.000000e+00 0.000000e+00
-3.064354e-14 0.000000e+00 0.000000e+00
-4.563171e-14 0.000000e+00 0.000000e+00
3.797105e-13 0.000000e+00 0.000000e+00
-3.782835e-14 0.000000e+00 0.000000e+00
-8.773140e-14 0.000000e+00 0.000000e+00
-1.765769e-13 0.000000e+00 0.000000e+00
1.847832e-14 0.000000e+00 0.000000e+00
-6.779997e-13 0.000000e+00 0.000000e+00
-5.892433e-13 0.000000e+00 0.000000e+00
-1.064123e-12 0.000000e+00 0.000000e+00
-2.830266e-12 0.000000e+00 0.000000e+00
-3.789051e-14 0.000000e+00 0.000000e+00
-2.522879e-12 0.000000e+00 0.000000e+00
-5.876082e-13 0.000000e+00 0.000000e+00
-3.436326e-13 0.000000e+00 0.000000e+00
-2.320649e-12 0.000000e+00 0.000000e+00
-3.229207e-14 0.000000e+00 0.000000e+00
-3.324188e-13 0.000000e+00 0.000000e+00
-4.231300e-14 0.000000e+00 0.000000e+00
-1.253478e-13 0.000000e+00 0.000000e+00
1.776701e-13 0.000000e+00 0.000000e+00
-4.406426e-14 0.000000e+00 0.000000e+00
-2.552782e-13 0.000000e+00 0.000000e+00
-6.027610e-14 0.000000e+00 0.000000e+00
9.409389e-13 0.000000e+00 0.000000e+00
-4.967494e-13 0.000000e+00 0.000000e+00
-6.143438e-13 0.000000e+00 0.000000e+00
9.437703e-13 0.000000e+00 0.000000e+00
1.287700e-13 0.000000e+00 0.000000e+00
1.359628e-13 0.000000e+00 0.000000e+00
-1.488933e-13 0.000000e+00 0.000000e+00
5.574476e-14 0.000000e+00 0.000000e+00
1.961912e-13 0.000000e+00 0.000000e+00
5.457869e-14 0.000000e+00 0.000000e+00
-2.354609e-14 0.000000e+00 0.000000e+00
2.989270e-14 0.000000e+00 0.000000e+00
1.316444e-13 0.000000e+00 0.000000e+00
6.685287e-15 0.000000e+00 0.000000e+00
6.903204e-14 0.000000e+00 0.000000e+00
-6.256249e-13 0.000000e+00 0.000000e+00
1.213168e-13 0.000000e+00 0.000000e+00
1.436718e-12 0.000000e+00 0.000000e+00
-1.045949e-12 0.000000e+00 0.000000e+00
1.031959e-13 0.000000e+00 0.000000e+00
9.891232e-14 0.000000e+00 0.000000e+00
1.008351e-13 0.000000e+00 0.000000e+00
-1.471180e-14 0.000000e+00 0.000000e+00
1.112273e-14 0.000000e+00 0.000000e+00
-7.868147e-15 0.000000e+00 0.000000e+00
-8.485548e-14 0.000000e+00 0.000000e+00
-1.054341e-12 0.000000e+00 0.000000e+00
-2.547475e-13 0.000000e+00 0.000000e+00
1.285144e-13 0.000000e+00 0.000000e+00
-1.819353e-12 0.000000e+00 0.000000e+00
2.690577e-13 0.000000e+00 0.000000e+00
9.006640e-13 0.000000e+00 0.000000e+00
4.989985e-13 0.000000e+00 0.000000e+00
3.152282e-12 0.000000e+00 0.000000e+00
-1.689219e-12 0.000000e+00 0.000000e+00
-2.701097e-12 0.000000e+00 0.000000e+00
-9.524987e-15 0.000000e+00 0.000000e+00
2.552949e-12 0.000000e+00 0.000000e+00
2.177614e-12 0.000000e+00 0.000000e+00
-2.989699e-13 0.000000e+00 0.000000e+00
-1.045054e-12 0.000000e+00 0.000000e+00
2.296457e-12 0.000000e+00 0.000000e+00
-6.066293e-14 0.000000e+00 0.000000e+00
-1.132073e-13 0.000000e+00 0.000000e+00
6.167536e-15 0.000000e+00 0.000000e+00
1.458796e-13 0.000000e+00 0.000000e+00
-2.233754e-13 0.000000e+00 0.000000e+00
2.670713e-15 0.000000e+00 0.000000e+00
-6.090388e-14 0.000000e+00 0.000000e+00
3.151138e-13 0.000000e+00 0.000000e+00
4.258102e-13 0.000000e+00 0.000000e+00
1.349043e-12 0.000000e+00 0.000000e+00
3.685737e-14 0.000000e+00 0.000000e+00
7.126661e-13 0.000000e+00 0.000000e+00
-4.123455e-13 0.000000e+00 0.000000e+00
-9.103677e-14 0.000000e+00 0.000000e+00
-8.290830e-13 0.000000e+00 0.000000e+00
-3.296498e-13 0.000000e+00 0.000000e+00
-3.926031e-14 0.000000e+00 0.000000e+00
-5.631734e-14 0.000000e+00 0.000000e+00
2.360364e-12 0.000000e+00 0.000000e+00
5.588384e-13 0.000000e+00 0.000000e+00
-6.711450e-14 0.000000e+00 0.000000e+00
5.448668e-14 0.000000e+00 0.000000e+00
-1.413168e-13 0.000000e+00 0.000000e+00
-3.059194e-13 0.000000e+00 0.000000e+00
-1.980630e-13 0.000000e+00 0.000000e+00
-1.631351e-13 0.000000e+00 0.000000e+00
1.308148e-13 0.000000e+00 0.000000e+00
3.354080e-13 0.000000e+00 0.000000e+00
-2.917303e-13 0.000000e+00 0.000000e+00
-2.457470e-13 0.000000e+00 0.000000e+00
-2.666552e-12 0.000000e+00 0.000000e+00
-3.092139e-12 0.000000e+00 0.000000e+00
3.268988e-13 0.000000e+00 0.000000e+00
7.510971e-14 0.000000e+00 0.000000e+00
-1.821990e-13 0.000000e+00 0.000000e+00
-3.170233e-12 0.000000e+00 0.000000e+00
-3.373801e-13 0.000000e+00 0.000000e+00
-3.604496e-14 0.000000e+00 0.000000e+00
-3.800428e-14 0.000000e+00 0.000000e+00
4.150934e-12 0.000000e+00 0.000000e+00
7.704097e-13 0.000000e+00 0.000000e+00
-3.392919e-12 0.000000e+00 0.000000e+00
2.802904e-12 0.000000e+00 0.000000e+00
3.296362e-13 0.000000e+00 0.000000e+00
2.061020e-12 0.000000e+00 0.000000e+00
2.010928e-13 0.000000e+00 0.000000e+00
-7.736824e-13 0.000000e+00 0.000000e+00
-3.896640e-12 0.000000e+00 0.000000e+00
2.064478e-12 0.000000e+00 0.000000e+00
-6.884395e-14 0.000000e+00 0.000000e+00
-6.704385e-14 0.000000e+00 0.000000e+00
-2.135275e-13 0.000000e+00 0.000000e+00
2.428080e-14 0.000000e+00 0.000000e+00
-4.689300e-14 0.000000e+00 0.000000e+00
-2.034546e-13 0.000000e+00 0.000000e+00
3.956245e-13 0.000000e+00 0.000000e+00
5.332148e-13 0.000000e+00 0.000000e+00
1.147196e-13 0.000000e+00 0.000000e+00
-1.571756e-13 0.000000e+00 0.000000e+00
-1.498436e-13 0.000000e+00 0.000000e+00
9.469319e-13 0.000000e+00 0.000000e+00
-1.487559e-13 0.000000e+00 0.000000e+00
6.404096e-12 0.000000e+00 0.000000e+00
1.989890e-13 0.000000e+00 0.000000e+00
-1.615590e-13 0.000000e+00 0.000000e+00
-1.437394e-12 0.000000e+00 0.000000e+00
4.903461e-14 0.000000e+00 0.000000e+00
-7.865180e-13 0.000000e+00 0.000000e+00
-1.988929e-14 0.000000e+00 0.000000e+00
3.408994e-12 0.000000e+00 0.000000e+00
-7.222880e-14 0.000000e+00 0.000000e+00
8.012941e-14 0.000000e+00 0.000000e+00
-7.603778e-15 0.000000e+00 0.000000e+00
-4.010941e-13 0.000000e+00 0.000000e+00
2.499555e-12 0.000000e+00 0.000000e+00
2.621908e-13 0.000000e+00 0.000000e+00
3.954577e-13 0.000000e+00 0.000000e+00
-1.945166e-13 0.000000e+00 0.000000e+00
-1.046360e-13 0.000000e+00 0.000000e+00
1.703790e-12 0.000000e+00 0.000000e+00
2.273512e-13 0.000000e+00 0.000000e+00
3.114385e-12 0.000000e+00 0.000000e+00
-3.567791e-13 0.000000e+00 0.000000e+00
7.853252e-14 0.000000e+00 0.000000e+00
-1.570972e-13 0.000000e+00 0.000000e+00
1.267757e-12 0.000000e+00 0.000000e+00
3.544573e-13 0.000000e+00 0.000000e+00
-1.814908e-14 0.000000e+00 0.000000e+00
2.957075e-14 0.000000e+00 0.000000e+00
-2.265852e-12 0.000000e+00 0.000000e+00
1.497455e-12 0.000000e+00 0.000000e+00
9.371660e-13 0.000000e+00 0.000000e+00
-3.110837e-12 0.000000e+00 0.000000e+00
2.952519e-12 0.000000e+00 0.000000e+00
2.916092e-13 0.000000e+00 0.000000e+00
-2.140955e-13 0.000000e+00 0.000000e+00
1.171622e-12 0.000000e+00 0.000000e+00
-4.154625e-13 0.000000e+00 0.000000e+00
1.714387e-12 0.000000e+00 0.000000e+00
1.506976e-13 0.000000e+00 0.000000e+00
-4.611548e-13 0.000000e+00 0.000000e+00
-3.415976e-12 0.000000e+00 0.000000e+00
2.286161e-12 0.000000e+00 0.000000e+00
4.903629e-13 0.000000e+00 0.000000e+00
1.320197e-13 0.000000e+00 0.000000e+00
1.043339e-13 0.000000e+00 0.000000e+00
-8.678023e-14 0.000000e+00 0.000000e+00
6.319361e-15 0.000000e+00 0.000000e+00
-4.092617e-14 0.000000e+00 0.000000e+00
-6.213819e-13 0.000000e+00 0.000000e+00
-1.598440e-12 0.000000e+00 0.000000e+00
9.004977e-14 0.000000e+00 0.000000e+00
2.784491e-13 0.000000e+00 0.000000e+00
2.695921e-12 0.000000e+00 0.000000e+00
-4.364316e-12 0.000000e+00 0.000000e+00
-3.546458e-13 0.000000e+00 0.000000e+00
2.885722e-12 0.000000e+00 0.000000e+00
-2.494504e-12 0.000000e+00 0.000000e+00
-3.850960e-12 0.000000e+00 0.000000e+00
-5.597028e-13 0.000000e+00 0.000000e+00
-1.410918e-13 0.000000e+00 0.000000e+00
8.563616e-15 0.000000e+00 0.000000e+00
-1.853536e-12 0.000000e+00 0.000000e+00
-1.591835e-12 0.000000e+00 0.000000e+00
-2.350686e-13 0.000000e+00 0.000000e+00
-6.913037e-13 0.000000e+00 0.000000e+00
-1.345843e-13 0.000000e+00 0.000000e+00
-3.924953e-14 0.000000e+00 0.000000e+00
3.838135e-13 0.000000e+00 0.000000e+00
2.003865e-12 0.000000e+00 0.000000e+00
-6.606886e-13 0.000000e+00 0.000000e+00
5.049190e-14 0.000000e+00 0.000000e+00
-1.982014e-13 0.000000e+00 0.000000e+00
2.290346e-14 0.000000e+00 0.000000e+00
5.458058e-14 0.000000e+00 0.000000e+00
-2.565476e-13 0.000000e+00 0.000000e+00
1.571220e-13 0.000000e+00 0.000000e+00
-2.073732e-12 0.000000e+00 0.000000e+00
-9.216697e-13 0.000000e+00 0.000000e+00
1.765826e-12 0.000000e+00 0.000000e+00
3.333823e-15 0.000000e+00 0.000000e+00
7.534416e-13 0.000000e+00 0.000000e+00
-2.207201e-12 0.000000e+00 0.000000e+00
2.235111e-12 0.000000e+00 0.000000e+00
-1.394331e-12 0.000000e+00 0.000000e+00
-8.090169e-14 0.000000e+00 0.000000e+00
-1.623121e-13 0.000000e+00 0.000000e+00
4.584718e-13 0.000000e+00 0.000000e+00
2.733648e-13 0.000000e+00 0.000000e+00
1.149953e-12 0.000000e+00 0.000000e+00
8.953800e-14 0.000000e+00 0.000000e+00
-1.529317e-12 0.000000e+00 0.000000e+00
6.486424e-13 0.000000e+00 0.000000e+00
-1.262513e-13 0.000000e+00 0.000000e+00
4.479660e-13 0.000000e+00 0.000000e+00
-1.337720e-13 0.000000e+00 0.000000e+00
-5.719184e-12 0.000000e+00 0.000000e+00
1.990782e-12 0.000000e+00 0.000000e+00
3.235916e-13 0.000000e+00 0.000000e+00
-3.468256e-12 0.000000e+00 0.000000e+00
-2.066403e-13 0.000000e+00 0.000000e+00
-1.521773e-12 0.000000e+00 0.000000e+00
5.781031e-13 0.000000e+00 0.000000e+00
-1.583138e-14 0.000000e+00 0.000000e+00
5.383263e-15 0.000000e+00 0.000000e+00
1.941395e-12 0.000000e+00 0.000000e+00
2.407528e-13 0.000000e+00 0.000000e+00
5.739612e-14 0.000000e+00 0.000000e+00
-1.678612e-13 0.000000e+00 0.000000e+00
3.582599e-13 0.000000e+00 0.000000e+00
1.104584e-13 0.000000e+00 0.000000e+00
-8.410060e-14 0.000000e+00 0.000000e+00
7.486987e-14 0.000000e+00 0.000000e+00
-1.230909e-13 0.000000e+00 0.000000e+00
2.131089e-13 0.000000e+00 0.000000e+00
-2.139199e-13 0.000000e+00 0.000000e+00
2.122557e-12 0.000000e+00 0.000000e+00
-2.419139e-13 0.000000e+00 0.000000e+00
-1.244139e-13 0.000000e+00 0.000000e+00
-6.270693e-14 0.000000e+00 0.000000e+00
-1.210442e-13 0.000000e+00 0.000000e+00
-1.910780e-13 0.000000e+00 0.000000e+00
-6.225182e-14 0.000000e+00 0.000000e+00
-2.312277e-14 0.000000e+00 0.000000e+00
1.381805e-13 0.000000e+00 0.000000e+00
-7.760869e-14 0.000000e+00 0.000000e+00
-2.122625e-13 0.000000e+00 0.000000e+00
2.945203e-13 0.000000e+00 0.000000e+00
-1.818805e-13 0.000000e+00 0.000000e+00
-9.631531e-14 0.000000e+00 0.000000e+00
1.923617e-13 0.000000e+00 0.000000e+00
6.286740e-14 0.000000e+00 0.000000e+00
8.004628e-14 0.000000e+00 0.000000e+00
-2.084514e-13 0.000000e+00 0.000000e+00
2.170517e-13 0.000000e+00 0.000000e+00
3.502281e-13 0.000000e+00 0.000000e+00
6.720577e-14 0.000000e+00 0.000000e+00
2.602156e-13 0.000000e+00 0.000000e+00
-5.247844e-15 0.000000e+00 0.000000e+00
-4.480227e-13 0.000000e+00 0.000000e+00
-1.831525e-13 0.000000e+00 0.000000e+00
-5.870725e-14 0.000000e+00 0.000000e+00
-1.063724e-13 0.000000e+00 0.000000e+00
-3.718006e-14 0.000000e+00 0.000000e+00
-1.587283e-13 0.000000e+00 0.000000e+00
-1.736566e-13 0.000000e+00 0.000000e+00
-1.276537e-12 0.000000e+00 0.000000e+00
1.566408e-12 0.000000e+00 0.000000e+00
4.186812e-13 0.000000e+00 0.000000e+00
4.961208e-13 0.000000e+00 0.000000e+00
2.808746e-12 0.000000e+00 0.000000e+00
-1.424141e-12 0.000000e+00 0.000000e+00
5.105784e-13 0.000000e+00 0.000000e+00
-1.740262e-13 0.000000e+00 0.000000e+00
-7.299163e-13 0.000000e+00 0.000000e+00
-2.941450e-13 0.000000e+00 0.000000e+00
3.717970e-12 0.000000e+00 0.000000e+00
-1.305019e-13 0.000000e+00 0.000000e+00
-1.855131e-13 0.000000e+00 0.000000e+00
-2.972770e-13 0.000000e+00 0.000000e+00
-6.042391e-14 0.000000e+00 0.000000e+00
3.585277e-14 0.000000e+00 0.000000e+00
-4.628744e-14 0.000000e+00 0.000000e+00
-1.237016e-13 0.000000e+00 0.000000e+00
-9.335013e-15 0.000000e+00 0.000000e+00
-1.522413e-13 0.000000e+00 0.000000e+00
-1.238832e-12 0.000000e+00 0.000000e+00
-2.267995e-12 0.000000e+00 0.000000e+00
5.620767e-13 0.000000e+00 0.000000e+00
3.707195e-14 0.000000e+00 0.000000e+00
-6.574926e-13 0.000000e+00 0.000000e+00
5.096826e-13 0.000000e+00 0.000000e+00
1.438334e-14 0.000000e+00 0.000000e+00
-1.349997e-13 0.000000e+00 0.000000e+00
-6.817702e-14 0.000000e+00 0.000000e+00
2.632538e-13 0.000000e+00 0.000000e+00
9.115984e-14 0.000000e+00 0.000000e+00
-2.971424e-15 0.000000e+00 0.000000e+00
-3.653235e-13 0.000000e+00 0.000000e+00
8.541791e-14 0.000000e+00 0.000000e+00
3.889329e-14 0.000000e+00 0.000000e+00
3.465669e-12 0.000000e+00 0.000000e+00
6.004696e-13 0.000000e+00 0.000000e+00
-9.968898e-13 0.000000e+00 0.000000e+00
2.523517e-14 0.000000e+00 0.000000e+00
-1.142791e-12 0.000000e+00 0.000000e+00
-2.974693e-14 0.000000e+00 0.000000e+00
-9.309372e-14 0.000000e+00 0.000000e+00
-1.717537e-13 0.000000e+00 0.000000e+00
6.964831e-14 0.000000e+00 0.000000e+00
4.244989e-13 0.000000e+00 0.000000e+00
9.487859e-13 0.000000e+00 0.000000e+00
6.198742e-15 0.000000e+00 0.000000e+00
2.795881e-13 0.000000e+00 0.000000e+00
9.379041e-14 0.000000e+00 0.000000e+00
1.833389e-14 0.000000e+00 0.000000e+00
-8.060066e-14 0.000000e+00 0.000000e+00
-2.370844e-13 0.000000e+00 0.000000e+00
-2.854377e-13 0.000000e+00 0.000000e+00
-5.379307e-14 0.000000e+00 0.000000e+00
2.531543e-15 0.000000e+00 0.000000e+00
2.780543e-13 0.000000e+00 0.000000e+00
2.481723e-13 0.000000e+00 0.000000e+00
-1.020333e-13 0.000000e+00 0.000000e+00
-1.849832e-13 0.000000e+00 0.000000e+00
-2.555935e-12 0.000000e+00 0.000000e+00
6.458081e-13 0.000000e+00 0.000000e+00
-2.477844e-13 0.000000e+00 0.000000e+00
1.187313e-12 0.000000e+00 0.000000e+00
1.102275e-12 0.000000e+00 0.000000e+00
-2.927162e-12 0.000000e+00 0.000000e+00
-6.455244e-14 0.000000e+00 0.000000e+00
2.557230e-12 0.000000e+00 0.000000e+00
6.994593e-13 0.000000e+00 0.000000e+00
4.812926e-14 0.000000e+00 0.000000e+00
-9.491666e-16 0.000000e+00 0.000000e+00
-3.306984e-12 0.000000e+00 0.000000e+00
1.013677e-13 0.000000e+00 0.000000e+00
4.144102e-14 0.000000e+00 0.000000e+00
8.000102e-14 0.000000e+00 0.000000e+00
-1.532096e-14 0.000000e+00 0.000000e+00
-4.745230e-13 0.000000e+00 0.000000e+00
1.295428e-12 0.000000e+00 0.000000e+00
7.133103e-13 0.000000e+00 0.000000e+00
1.936802e-13 0.000000e+00 0.000000e+00
2.585148e-13 0.000000e+00 0.000000e+00
1.472412e-13 0.000000e+00 0.000000e+00
-3.124217e-14 0.000000e+00 0.000000e+00
2.677205e-13 0.000000e+00 0.000000e+00
-1.523389e-13 0.000000e+00 0.000000e+00
2.448862e-14 0.000000e+00 0.000000e+00
8.120132e-14 0.000000e+00 0.000000e+00
1.453991e-13 0.000000e+00 0.000000e+00
2.940112e-13 0.000000e+00 0.000000e+00
3.324673e-15 0.000000e+00 0.000000e+00
9.192344e-13 0.000000e+00 0.000000e+00
-1.616311e-12 0.000000e+00 0.000000e+00
3.027706e-12 0.000000e+00 0.000000e+00
3.580734e-12 0.000000e+00 0.000000e+00
2.314976e-12 0.000000e+00 0.000000e+00
-2.426429e-13 0.000000e+00 0.000000e+00
1.789556e-12 0.000000e+00 0.000000e+00
6.551142e-15 0.000000e+00 0.000000e+00
1.261011e-12 0.000000e+00 0.000000e+00
4.247309e-12 0.000000e+00 0.000000e+00
3.734855e-13 0.000000e+00 0.000000e+00
1.317505e-12 0.000000e+00 0.000000e+00
2.592152e-14 0.000000e+00 0.000000e+00
8.939532e-13 0.000000e+00 0.000000e+00
2.603597e-12 0.000000e+00 0.000000e+00
5.224652e-13 0.000000e+00 0.000000e+00
-1.114276e-12 0.000000e+00 0.000000e+00
-2.248156e-13 0.000000e+00 0.000000e+00
-2.166608e-12 0.000000e+00 0.000000e+00
-9.413572e-13 0.000000e+00 0.000000e+00
-1.723495e-14 0.000000e+00 0.000000e+00
1.383161e-13 0.000000e+00 0.000000e+00
3.515999e-13 0.000000e+00 0.000000e+00
-4.344006e-12 0.000000e+00 0.000000e+00
5.310309e-13 0.000000e+00 0.000000e+00
1.639379e-12 0.000000e+00 0.000000e+00
-1.246009e-12 0.000000e+00 0.000000e+00
1.118211e-13 0.000000e+00 0.000000e+00
-2.880735e-12 0.000000e+00 0.000000e+00
1.763235e-12 0.000000e+00 0.000000e+00
2.079265e-12 0.000000e+00 0.000000e+00
6.521436e-13 0.000000e+00 0.000000e+00
-3.509120e-13 0.000000e+00 0.000000e+00
2.446508e-12 0.000000e+00 0.000000e+00
3.517688e-12 0.000000e+00 0.000000e+00
-3.369866e-12 0.000000e+00 0.000000e+00
1.423635e-13 0.000000e+00 0.000000e+00
-1.414026e-12 0.000000e+00 0.000000e+00
-1.365528e-13 0.000000e+00 0.000000e+00
-6.944046e-14 0.000000e+00 0.000000e+00
-1.410454e-13 0.000000e+00 0.000000e+00
2.338136e-13 0.000000e+00 0.000000e+00
1.651001e-13 0.000000e+00 0.000000e+00
4.313612e-12 0.000000e+00 0.000000e+00
-2.623671e-13 0.000000e+00 0.000000e+00
1.879092e-13 0.000000e+00 0.000000e+00
-3.675288e-13 0.000000e+00 0.000000e+00
6.440640e-15 0.000000e+00 0.000000e+00
-3.159648e-12 0.000000e+00 0.000000e+00
5.047756e-13 0.000000e+00 0.000000e+00
-1.721575e-12 0.000000e+00 0.000000e+00
4.407789e-15 0.000000e+00 0.000000e+00
-1.969436e-13 0.000000e+00 0.000000e+00
-7.006675e-12 0.000000e+00 0.000000e+00
-1.245670e-13 0.000000e+00 0.000000e+00
3.025540e-13 0.000000e+00 0.000000e+00
-4.126343e-14 0.000000e+00 0.000000e+00
-4.777063e-14 0.000000e+00 0.000000e+00
-1.077948e-13 0.000000e+00 0.000000e+00
-2.472536e-13 0.000000e+00 0.000000e+00
-1.717011e-12 0.000000e+00 0.000000e+00
1.146130e-12 0.000000e+00 0.000000e+00
1.411995e-12 0.000000e+00 0.000000e+00
-5.471391e-13 0.000000e+00 0.000000e+00
-4.618898e-12 0.000000e+00 0.000000e+00
2.584221e-13 0.000000e+00 0.000000e+00
-2.001967e-12 0.000000e+00 0.000000e+00
-5.441639e-13 0.000000e+00 0.000000e+00
1.004930e-13 0.000000e+00 0.000000e+00
6.327138e-13 0.000000e+00 0.000000e+00
-2.021141e-12 0.000000e+00 0.000000e+00
4.374026e-13 0.000000e+00 0.000000e+00
2.176016e-13 0.000000e+00 0.000000e+00
2.418274e-12 0.000000e+00 0.000000e+00
2.448195e-12 0.000000e+00 0.000000e+00
-1.431145e-12 0.000000e+00 0.000000e+00
-5.923481e-13 0.000000e+00 0.000000e+00
6.035944e-13 0.000000e+00 0.000000e+00
3.953056e-13 0.000000e+00 0.000000e+00
-1.475545e-12 0.000000e+00 0.000000e+00
1.965732e-12 0.000000e+00 0.000000e+00
-2.548675e-12 0.000000e+00 0.000000e+00
9.224358e-14 0.000000e+00 0.000000e+00
1.540556e-12 0.000000e+00 0.000000e+00
-1.515650e-13 0.000000e+00 0.000000e+00
-1.122354e-12 0.000000e+00 0.000000e+00
-2.256797e-12 0.000000e+00 0.000000e+00
-3.643478e-12 0.000000e+00 0.000000e+00
2.206500e-12 0.000000e+00 0.000000e+00
2.776838e-12 0.000000e+00 0.000000e+00
4.203684e-12 0.000000e+00 0.000000e+00
-3.256490e-13 0.000000e+00 0.000000e+00
7.072473e-13 0.000000e+00 0.000000e+00
-7.580379e-13 0.000000e+00 0.000000e+00
1.822419e-13 0.000000e+00 0.000000e+00
-2.894252e-12 0.000000e+00 0.000000e+00
-3.736222e-12 0.000000e+00 0.000000e+00
5.671051e-12 0.000000e+00 0.000000e+00
-2.791566e-12 0.000000e+00 0.000000e+00
-8.651787e-13 0.000000e+00 0.000000e+00
3.480128e-13 0.000000e+00 0.000000e+00
-1.609620e-13 0.000000e+00 0.000000e+00
-3.169044e-14 0.000000e+00 0.000000e+00
1.914546e-13 0.000000e+00 0.000000e+00
-1.600541e-13 0.000000e+00 0.000000e+00
1.295417e-13 0.000000e+00 0.000000e+00
1.106486e-12 0.000000e+00 0.000000e+00
1.901783e-12 0.000000e+00 0.000000e+00
2.377828e-12 0.000000e+00 0.000000e+00
1.096452e-13 0.000000e+00 0.000000e+00
-8.189899e-13 0.000000e+00 0.000000e+00
-2.711612e-12 0.000000e+00 0.000000e+00
-6.601539e-12 0.000000e+00 0.000000e+00
7.852412e-13 0.000000e+00 0.000000e+00
2.089616e-12 0.000000e+00 0.000000e+00
-7.644979e-13 0.000000e+00 0.000000e+00
8.444883e-13 0.000000e+00 0.000000e+00
3.387244e-12 0.000000e+00 0.000000e+00
2.807444e-12 0.000000e+00 0.000000e+00
-6.273783e-13 0.000000e+00 0.000000e+00
-3.024118e-12 0.000000e+00 0.000000e+00
3.181074e-12 0.000000e+00 0.000000e+00
2.078820e-13 0.000000e+00 0.000000e+00
1.834771e-12 0.000000e+00 0.000000e+00
-2.654362e-12 0.000000e+00 0.000000e+00
4.395833e-12 0.000000e+00 0.000000e+00
1.583445e-12 0.000000e+00 0.000000e+00
4.130752e-14 0.000000e+00 0.000000e+00
5.439918e-14 0.000000e+00 0.000000e+00
-3.770010e-12 0.000000e+00 0.000000e+00
2.080697e-12 0.000000e+00 0.000000e+00
-3.610282e-12 0.000000e+00 0.000000e+00
-1.739152e-12 0.000000e+00 0.000000e+00
1.069173e-13 0.000000e+00 0.000000e+00
3.032748e-12 0.000000e+00 0.000000e+00
-1.560456e-13 0.000000e+00 0.000000e+00
-1.426532e-13 0.000000e+00 0.000000e+00
3.990156e-14 0.000000e+00 0.000000e+00
1.025684e-14 0.000000e+00 0.000000e+00
-1.284867e-13 0.000000e+00 0.000000e+00
-9.645928e-14 0.000000e+00 0.000000e+00
-1.634386e-13 0.000000e+00 0.000000e+00
1.330630e-13 0.000000e+00 0.000000e+00
1.043235e-13 0.000000e+00 0.000000e+00
-3.094429e-13 0.000000e+00 0.000000e+00
2.206626e-13 0.000000e+00 0.000000e+00
1.321737e-13 0.000000e+00 0.000000e+00
-1.424818e-12 0.000000e+00 0.000000e+00
1.226002e-13 0.000000e+00 0.000000e+00
-2.587507e-13 0.000000e+00 0.000000e+00
9.747738e-13 0.000000e+00 0.000000e+00
-4.803690e-14 0.000000e+00 0.000000e+00
3.797816e-14 0.000000e+00 0.000000e+00
-2.254646e-12 0.000000e+00 0.000000e+00
-4.096939e-13 0.000000e+00 0.000000e+00
-2.143288e-12 0.000000e+00 0.000000e+00
1.293253e-12 0.000000e+00 0.000000e+00
3.268165e-12 0.000000e+00 0.000000e+00
-9.556904e-13 0.000000e+00 0.000000e+00
2.363520e-14 0.000000e+00 0.000000e+00
-3.996111e-12 0.000000e+00 0.000000e+00
3.541183e-12 0.000000e+00 0.000000e+00
-1.408011e-12 0.000000e+00 0.000000e+00
-6.628827e-12 0.000000e+00 0.000000e+00
-4.392422e-12 0.000000e+00 0.000000e+00
-1.697254e-12 0.000000e+00 0.000000e+00
-2.275053e-13 0.000000e+00 0.000000e+00
1.697805e-14 0.000000e+00 0.000000e+00
4.431751e-13 0.000000e+00 0.000000e+00
-2.021815e-13 0.000000e+00 0.000000e+00
1.065473e-13 0.000000e+00 0.000000e+00
-4.172857e-13 0.000000e+00 0.000000e+00
2.654470e-15 0.000000e+00 0.000000e+00
3.338406e-12 0.000000e+00 0.000000e+00
-3.503853e-12 0.000000e+00 0.000000e+00
1.229498e-13 0.000000e+00 0.000000e+00
6.090509e-13 0.000000e+00 0.000000e+00
-5.398569e-13 0.000000e+00 0.000000e+00
1.479482e-13 0.000000e+00 0.000000e+00
-1.563174e-13 0.000000e+00 0.000000e+00
4.087531e-12 0.000000e+00 0.000000e+00
-2.879589e-12 0.000000e+00 0.000000e+00
-1.213432e-12 0.000000e+00 0.000000e+00
-8.226656e-14 0.000000e+00 0.000000e+00
9.750984e-14 0.000000e+00 0.000000e+00
1.391215e-13 0.000000e+00 0.000000e+00
-9.779615e-13 0.000000e+00 0.000000e+00
3.573362e-13 0.000000e+00 0.000000e+00
-5.479568e-13 0.000000e+00 0.000000e+00
3.787675e-12 0.000000e+00 0.000000e+00
-1.866189e-12 0.000000e+00 0.000000e+00
-4.596188e-12 0.000000e+00 0.000000e+00
8.498980e-13 0.000000e+00 0.000000e+00
-1.440031e-12 0.000000e+00 0.000000e+00
-4.254799e-12 0.000000e+00 0.000000e+00
-1.641811e-12 0.000000e+00 0.000000e+00
-6.866014e-12 0.000000e+00 0.000000e+00
-3.437357e-12 0.000000e+00 0.000000e+00
2.306253e-12 0.000000e+00 0.000000e+00
-2.711497e-12 0.000000e+00 0.000000e+00
-1.294707e-12 0.000000e+00 0.000000e+00
2.245632e-12 0.000000e+00 0.000000e+00
1.823061e-12 0.000000e+00 0.000000e+00
4.003350e-12 0.000000e+00 0.000000e+00
-4.556728e-12 0.000000e+00 0.000000e+00
1.948630e-12 0.000000e+00 0.000000e+00
5.293768e-13 0.000000e+00 0.000000e+00
-4.627164e-12 0.000000e+00 0.000000e+00
9.523414e-13 0.000000e+00 0.000000e+00
-3.375761e-12 0.000000e+00 0.000000e+00
4.885597e-12 0.000000e+00 0.000000e+00
1.307399e-12 0.000000e+00 0.000000e+00
-2.011478e-12 0.000000e+00 0.000000e+00
-7.916748e-13 0.000000e+00 0.000000e+00
-3.329716e-13 0.000000e+00 0.000000e+00
-6.434408e-13 0.000000e+00 0.000000e+00
-3.167954e-12 0.000000e+00 0.000000e+00
4.114277e-12 0.000000e+00 0.000000e+00
1.824513e-12 0.000000e+00 0.000000e+00
-2.591006e-12 0.000000e+00 0.000000e+00
-2.799024e-12 0.000000e+00 0.000000e+00
-3.285991e-13 0.000000e+00 0.000000e+00
3.761688e-12 0.000000e+00 0.000000e+00
2.480386e-12 0.000000e+00 0.000000e+00
9.715085e-13 0.000000e+00 0.000000e+00
-2.485416e-12 0.000000e+00 0.000000e+00
-4.550720e-12 0.000000e+00 0.000000e+00
5.395178e-12 0.000000e+00 0.000000e+00
2.014709e-12 0.000000e+00 0.000000e+00
-1.226905e-12 0.000000e+00 0.000000e+00
-7.535028e-14 0.000000e+00 0.000000e+00
-2.823154e-13 0.000000e+00 0.000000e+00
2.878289e-13 0.000000e+00 0.000000e+00
-3.084328e-12 0.000000e+00 0.000000e+00
-6.964127e-13 0.000000e+00 0.000000e+00
3.020781e-12 0.000000e+00 0.000000e+00
