FX FY FZ 
3.741968e-10 0.000000e+00 0.000000e+00
-2.925035e-10 0.000000e+00 0.000000e+00
-5.819788e-10 0.000000e+00 0.000000e+00
5.244556e-10 0.000000e+00 0.000000e+00
3.760450e-10 0.000000e+00 0.000000e+00
-6.300921e-10 0.000000e+00 0.000000e+00
-9.977353e-10 0.000000e+00 0.000000e+00
-1.303982e-09 0.000000e+00 0.000000e+00
-8.769028e-10 0.000000e+00 0.000000e+00
-9.573089e-10 0.000000e+00 0.000000e+00
-8.472479e-10 0.000000e+00 0.000000e+00
-1.168227e-09 0.000000e+00 0.000000e+00
-9.103449e-10 0.000000e+00 0.000000e+00
-8.187372e-10 0.000000e+00 0.000000e+00
-7.241529e-10 0.000000e+00 0.000000e+00
-1.109766e-09 0.000000e+00 0.000000e+00
-7.951991e-10 0.000000e+00 0.000000e+00
-1.059361e-09 0.000000e+00 0.000000e+00
-9.686681e-10 0.000000e+00 0.000000e+00
-9.301612e-10 0.000000e+00 0.000000e+00
-1.018383e-09 0.000000e+00 0.000000e+00
-1.103912e-09 0.000000e+00 0.000000e+00
-1.141587e-09 0.000000e+00 0.000000e+00
6.198406e-10 0.000000e+00 0.000000e+00
-1.570287e-10 0.000000e+00 0.000000e+00
-4.320842e-10 0.000000e+00 0.000000e+00
5.889155e-10 0.000000e+00 0.000000e+00
6.280153e-10 0.000000e+00 0.000000e+00
6.150336e-10 0.000000e+00 0.000000e+00
6.239477e-10 0.000000e+00 0.000000e+00
6.162278e-10 0.000000e+00 0.000000e+00
5.895877e-10 0.000000e+00 0.000000e+00
6.129588e-10 0.000000e+00 0.000000e+00
-7.583655e-11 0.000000e+00 0.000000e+00
-5.992529e-10 0.000000e+00 0.000000e+00
-5.874097e-10 0.000000e+00 0.000000e+00
-4.548910e-10 0.000000e+00 0.000000e+00
-4.833247e-10 0.000000e+00 0.000000e+00
-4.694057e-10 0.000000e+00 0.000000e+00
-4.467555e-10 0.000000e+00 0.000000e+00
-4.611119e-10 0.000000e+00 0.000000e+00
-5.707305e-10 0.000000e+00 0.000000e+00
-5.214739e-10 0.000000e+00 0.000000e+00
-4.679966e-10 0.000000e+00 0.000000e+00
-4.983587e-10 0.000000e+00 0.000000e+00
-6.313383e-10 0.000000e+00 0.000000e+00
-4.450809e-10 0.000000e+00 0.000000e+00
-6.111284e-10 0.000000e+00 0.000000e+00
-5.134658e-10 0.000000e+00 0.000000e+00
-5.803700e-10 0.000000e+00 0.000000e+00
-5.870909e-10 0.000000e+00 0.000000e+00
-4.469932e-10 0.000000e+00 0.000000e+00
-4.659580e-10 0.000000e+00 0.000000e+00
-4.889005e-10 0.000000e+00 0.000000e+00
-4.408724e-10 0.000000e+00 0.000000e+00
-5.067493e-10 0.000000e+00 0.000000e+00
-4.905835e-10 0.000000e+00 0.000000e+00
-4.469105e-10 0.000000e+00 0.000000e+00
-4.839764e-10 0.000000e+00 0.000000e+00
-4.495810e-10 0.000000e+00 0.000000e+00
-5.015776e-10 0.000000e+00 0.000000e+00
-4.735616e-10 0.000000e+00 0.000000e+00
-4.890656e-10 0.000000e+00 0.000000e+00
-4.881575e-10 0.000000e+00 0.000000e+00
-4.934352e-10 0.000000e+00 0.000000e+00
-4.881489e-10 0.000000e+00 0.000000e+00
-4.858109e-10 0.000000e+00 0.000000e+00
-4.683549e-10 0.000000e+00 0.000000e+00
-5.046164e-10 0.000000e+00 0.000000e+00
-5.473065e-10 0.000000e+00 0.000000e+00
-5.670394e-10 0.000000e+00 0.000000e+00
-5.520784e-10 0.000000e+00 0.000000e+00
1.309940e-09 0.000000e+00 0.000000e+00
-1.721422e-10 0.000000e+00 0.000000e+00
-2.262321e-10 0.000000e+00 0.000000e+00
-2.963241e-10 0.000000e+00 0.000000e+00
-2.575139e-10 0.000000e+00 0.000000e+00
9.093900e-11 0.000000e+00 0.000000e+00
3.660426e-10 0.000000e+00 0.000000e+00
3.730092e-10 0.000000e+00 0.000000e+00
3.011851e-11 0.000000e+00 0.000000e+00
4.319057e-12 0.000000e+00 0.000000e+00
7.238329e-10 0.000000e+00 0.000000e+00
4.995921e-10 0.000000e+00 0.000000e+00
1.528508e-09 0.000000e+00 0.000000e+00
7.214135e-10 0.000000e+00 0.000000e+00
1.191939e-09 0.000000e+00 0.000000e+00
7.376546e-10 0.000000e+00 0.000000e+00
7.125287e-10 0.000000e+00 0.000000e+00
6.975453e-10 0.000000e+00 0.000000e+00
7.230498e-10 0.000000e+00 0.000000e+00
7.607708e-10 0.000000e+00 0.000000e+00
8.621191e-10 0.000000e+00 0.000000e+00
7.814659e-10 0.000000e+00 0.000000e+00
7.913507e-10 0.000000e+00 0.000000e+00
9.211345e-10 0.000000e+00 0.000000e+00
1.170969e-09 0.000000e+00 0.000000e+00
1.084278e-09 0.000000e+00 0.000000e+00
1.273272e-09 0.000000e+00 0.000000e+00
1.082056e-09 0.000000e+00 0.000000e+00
1.260230e-09 0.000000e+00 0.000000e+00
2.155477e-09 0.000000e+00 0.000000e+00
1.066994e-09 0.000000e+00 0.000000e+00
1.144749e-09 0.000000e+00 0.000000e+00
1.173216e-09 0.000000e+00 0.000000e+00
6.327056e-10 0.000000e+00 0.000000e+00
6.185906e-10 0.000000e+00 0.000000e+00
6.074045e-10 0.000000e+00 0.000000e+00
5.205367e-10 0.000000e+00 0.000000e+00
5.247717e-10 0.000000e+00 0.000000e+00
3.980869e-10 0.000000e+00 0.000000e+00
5.306375e-10 0.000000e+00 0.000000e+00
5.266744e-10 0.000000e+00 0.000000e+00
5.991795e-10 0.000000e+00 0.000000e+00
5.817578e-10 0.000000e+00 0.000000e+00
5.991441e-10 0.000000e+00 0.000000e+00
5.993298e-10 0.000000e+00 0.000000e+00
6.224271e-10 0.000000e+00 0.000000e+00
6.226856e-10 0.000000e+00 0.000000e+00
6.021466e-10 0.000000e+00 0.000000e+00
5.990669e-10 0.000000e+00 0.000000e+00
6.008727e-10 0.000000e+00 0.000000e+00
6.013756e-10 0.000000e+00 0.000000e+00
6.032630e-10 0.000000e+00 0.000000e+00
5.971739e-10 0.000000e+00 0.000000e+00
5.991808e-10 0.000000e+00 0.000000e+00
5.986640e-10 0.000000e+00 0.000000e+00
5.980554e-10 0.000000e+00 0.000000e+00
6.032075e-10 0.000000e+00 0.000000e+00
5.989893e-10 0.000000e+00 0.000000e+00
5.990143e-10 0.000000e+00 0.000000e+00
5.957627e-10 0.000000e+00 0.000000e+00
6.016985e-10 0.000000e+00 0.000000e+00
6.306269e-10 0.000000e+00 0.000000e+00
4.347362e-10 0.000000e+00 0.000000e+00
3.161261e-10 0.000000e+00 0.000000e+00
3.287438e-10 0.000000e+00 0.000000e+00
2.346862e-10 0.000000e+00 0.000000e+00
-4.749578e-10 0.000000e+00 0.000000e+00
4.311209e-11 0.000000e+00 0.000000e+00
-2.918724e-10 0.000000e+00 0.000000e+00
3.995495e-10 0.000000e+00 0.000000e+00
-1.175075e-10 0.000000e+00 0.000000e+00
2.299094e-10 0.000000e+00 0.000000e+00
4.917624e-10 0.000000e+00 0.000000e+00
3.475118e-11 0.000000e+00 0.000000e+00
-1.566735e-10 0.000000e+00 0.000000e+00
-2.114635e-10 0.000000e+00 0.000000e+00
-2.037523e-11 0.000000e+00 0.000000e+00
-4.382896e-10 0.000000e+00 0.000000e+00
-4.045235e-11 0.000000e+00 0.000000e+00
1.601306e-10 0.000000e+00 0.000000e+00
3.191148e-10 0.000000e+00 0.000000e+00
3.019430e-10 0.000000e+00 0.000000e+00
2.073553e-10 0.000000e+00 0.000000e+00
2.525860e-10 0.000000e+00 0.000000e+00
3.357931e-10 0.000000e+00 0.000000e+00
3.159043e-10 0.000000e+00 0.000000e+00
3.037197e-10 0.000000e+00 0.000000e+00
2.832969e-10 0.000000e+00 0.000000e+00
2.266259e-10 0.000000e+00 0.000000e+00
2.148498e-10 0.000000e+00 0.000000e+00
2.102815e-10 0.000000e+00 0.000000e+00
2.159596e-10 0.000000e+00 0.000000e+00
2.062211e-10 0.000000e+00 0.000000e+00
-2.824464e-10 0.000000e+00 0.000000e+00
-3.762325e-10 0.000000e+00 0.000000e+00
-3.639509e-10 0.000000e+00 0.000000e+00
-1.980357e-10 0.000000e+00 0.000000e+00
-2.281726e-10 0.000000e+00 0.000000e+00
-2.716706e-10 0.000000e+00 0.000000e+00
-2.343523e-10 0.000000e+00 0.000000e+00
-1.827040e-10 0.000000e+00 0.000000e+00
-2.470281e-10 0.000000e+00 0.000000e+00
-2.760916e-10 0.000000e+00 0.000000e+00
-2.753125e-10 0.000000e+00 0.000000e+00
-1.975630e-10 0.000000e+00 0.000000e+00
-1.793458e-10 0.000000e+00 0.000000e+00
-2.367403e-10 0.000000e+00 0.000000e+00
-1.910930e-10 0.000000e+00 0.000000e+00
-2.403115e-10 0.000000e+00 0.000000e+00
-2.360447e-10 0.000000e+00 0.000000e+00
-2.143809e-10 0.000000e+00 0.000000e+00
-2.431279e-10 0.000000e+00 0.000000e+00
-2.268452e-10 0.000000e+00 0.000000e+00
-1.946447e-10 0.000000e+00 0.000000e+00
-2.987032e-10 0.000000e+00 0.000000e+00
-2.282345e-10 0.000000e+00 0.000000e+00
4.173935e-11 0.000000e+00 0.000000e+00
6.470856e-11 0.000000e+00 0.000000e+00
3.262506e-11 0.000000e+00 0.000000e+00
3.732644e-11 0.000000e+00 0.000000e+00
3.021571e-11 0.000000e+00 0.000000e+00
-7.481465e-11 0.000000e+00 0.000000e+00
4.746595e-11 0.000000e+00 0.000000e+00
-5.730823e-11 0.000000e+00 0.000000e+00
-2.420645e-10 0.000000e+00 0.000000e+00
-2.752561e-10 0.000000e+00 0.000000e+00
-2.706548e-10 0.000000e+00 0.000000e+00
-2.904050e-10 0.000000e+00 0.000000e+00
-2.786581e-10 0.000000e+00 0.000000e+00
-2.442788e-10 0.000000e+00 0.000000e+00
-2.738939e-10 0.000000e+00 0.000000e+00
-2.886556e-10 0.000000e+00 0.000000e+00
-2.409316e-10 0.000000e+00 0.000000e+00
-4.122132e-10 0.000000e+00 0.000000e+00
-4.490512e-10 0.000000e+00 0.000000e+00
-5.126795e-10 0.000000e+00 0.000000e+00
-3.025733e-10 0.000000e+00 0.000000e+00
5.083805e-10 0.000000e+00 0.000000e+00
5.555553e-10 0.000000e+00 0.000000e+00
5.519756e-10 0.000000e+00 0.000000e+00
5.560676e-10 0.000000e+00 0.000000e+00
5.563702e-10 0.000000e+00 0.000000e+00
5.578337e-10 0.000000e+00 0.000000e+00
5.544115e-10 0.000000e+00 0.000000e+00
5.541891e-10 0.000000e+00 0.000000e+00
5.547907e-10 0.000000e+00 0.000000e+00
5.280917e-10 0.000000e+00 0.000000e+00
5.241839e-10 0.000000e+00 0.000000e+00
5.237470e-10 0.000000e+00 0.000000e+00
5.282921e-10 0.000000e+00 0.000000e+00
4.656539e-10 0.000000e+00 0.000000e+00
6.319085e-10 0.000000e+00 0.000000e+00
6.268424e-10 0.000000e+00 0.000000e+00
6.327312e-10 0.000000e+00 0.000000e+00
6.258650e-10 0.000000e+00 0.000000e+00
6.283402e-10 0.000000e+00 0.000000e+00
6.327584e-10 0.000000e+00 0.000000e+00
6.304098e-10 0.000000e+00 0.000000e+00
6.327711e-10 0.000000e+00 0.000000e+00
6.301014e-10 0.000000e+00 0.000000e+00
6.314045e-10 0.000000e+00 0.000000e+00
6.322235e-10 0.000000e+00 0.000000e+00
6.243704e-10 0.000000e+00 0.000000e+00
6.249577e-10 0.000000e+00 0.000000e+00
6.296629e-10 0.000000e+00 0.000000e+00
6.301987e-10 0.000000e+00 0.000000e+00
6.312012e-10 0.000000e+00 0.000000e+00
6.312589e-10 0.000000e+00 0.000000e+00
4.106504e-10 0.000000e+00 0.000000e+00
4.424668e-10 0.000000e+00 0.000000e+00
4.312832e-10 0.000000e+00 0.000000e+00
4.165534e-10 0.000000e+00 0.000000e+00
4.273104e-10 0.000000e+00 0.000000e+00
4.230778e-10 0.000000e+00 0.000000e+00
4.188575e-10 0.000000e+00 0.000000e+00
4.220955e-10 0.000000e+00 0.000000e+00
-4.530713e-10 0.000000e+00 0.000000e+00
-5.516682e-10 0.000000e+00 0.000000e+00
-5.726106e-10 0.000000e+00 0.000000e+00
-5.484951e-10 0.000000e+00 0.000000e+00
-5.749669e-10 0.000000e+00 0.000000e+00
-5.406848e-10 0.000000e+00 0.000000e+00
-5.607783e-10 0.000000e+00 0.000000e+00
-5.446285e-10 0.000000e+00 0.000000e+00
-5.698687e-10 0.000000e+00 0.000000e+00
-5.574963e-10 0.000000e+00 0.000000e+00
-5.665587e-10 0.000000e+00 0.000000e+00
-5.731420e-10 0.000000e+00 0.000000e+00
-5.726825e-10 0.000000e+00 0.000000e+00
-5.528555e-10 0.000000e+00 0.000000e+00
-5.787230e-10 0.000000e+00 0.000000e+00
-5.444174e-10 0.000000e+00 0.000000e+00
-5.759517e-10 0.000000e+00 0.000000e+00
-4.368179e-10 0.000000e+00 0.000000e+00
-4.347323e-10 0.000000e+00 0.000000e+00
-4.385855e-10 0.000000e+00 0.000000e+00
-7.626821e-10 0.000000e+00 0.000000e+00
-7.248736e-10 0.000000e+00 0.000000e+00
-7.516769e-10 0.000000e+00 0.000000e+00
-7.225920e-10 0.000000e+00 0.000000e+00
-7.692173e-10 0.000000e+00 0.000000e+00
-7.339897e-10 0.000000e+00 0.000000e+00
-7.944875e-10 0.000000e+00 0.000000e+00
-7.937570e-10 0.000000e+00 0.000000e+00
-8.083837e-10 0.000000e+00 0.000000e+00
-7.852417e-10 0.000000e+00 0.000000e+00
5.528305e-11 0.000000e+00 0.000000e+00
4.317633e-11 0.000000e+00 0.000000e+00
6.791882e-11 0.000000e+00 0.000000e+00
6.301703e-11 0.000000e+00 0.000000e+00
6.634448e-11 0.000000e+00 0.000000e+00
6.409948e-11 0.000000e+00 0.000000e+00
6.930350e-11 0.000000e+00 0.000000e+00
6.986276e-11 0.000000e+00 0.000000e+00
6.762910e-11 0.000000e+00 0.000000e+00
7.624501e-11 0.000000e+00 0.000000e+00
6.811292e-11 0.000000e+00 0.000000e+00
8.054234e-11 0.000000e+00 0.000000e+00
7.164372e-11 0.000000e+00 0.000000e+00
8.125366e-11 0.000000e+00 0.000000e+00
6.963208e-11 0.000000e+00 0.000000e+00
5.675949e-11 0.000000e+00 0.000000e+00
7.042013e-11 0.000000e+00 0.000000e+00
6.666369e-11 0.000000e+00 0.000000e+00
7.242937e-11 0.000000e+00 0.000000e+00
5.774463e-10 0.000000e+00 0.000000e+00
5.767701e-10 0.000000e+00 0.000000e+00
5.781649e-10 0.000000e+00 0.000000e+00
5.758825e-10 0.000000e+00 0.000000e+00
5.783362e-10 0.000000e+00 0.000000e+00
5.771233e-10 0.000000e+00 0.000000e+00
5.744075e-10 0.000000e+00 0.000000e+00
1.383741e-10 0.000000e+00 0.000000e+00
1.391142e-10 0.000000e+00 0.000000e+00
1.387284e-10 0.000000e+00 0.000000e+00
4.829652e-10 0.000000e+00 0.000000e+00
4.831429e-10 0.000000e+00 0.000000e+00
4.827359e-10 0.000000e+00 0.000000e+00
4.882146e-10 0.000000e+00 0.000000e+00
4.833493e-10 0.000000e+00 0.000000e+00
4.937852e-10 0.000000e+00 0.000000e+00
4.823035e-10 0.000000e+00 0.000000e+00
4.928624e-10 0.000000e+00 0.000000e+00
4.968824e-10 0.000000e+00 0.000000e+00
6.004524e-10 0.000000e+00 0.000000e+00
-1.476489e-09 0.000000e+00 0.000000e+00
-2.061122e-09 0.000000e+00 0.000000e+00
-1.524212e-09 0.000000e+00 0.000000e+00
-1.500252e-09 0.000000e+00 0.000000e+00
-1.521941e-09 0.000000e+00 0.000000e+00
-1.503366e-09 0.000000e+00 0.000000e+00
-1.439521e-09 0.000000e+00 0.000000e+00
-1.549277e-09 0.000000e+00 0.000000e+00
-1.788071e-09 0.000000e+00 0.000000e+00
-1.721573e-09 0.000000e+00 0.000000e+00
-1.845405e-09 0.000000e+00 0.000000e+00
-1.974066e-09 0.000000e+00 0.000000e+00
-1.978353e-09 0.000000e+00 0.000000e+00
-1.856311e-09 0.000000e+00 0.000000e+00
-1.847857e-09 0.000000e+00 0.000000e+00
-1.859165e-09 0.000000e+00 0.000000e+00
-1.485818e-09 0.000000e+00 0.000000e+00
-1.457289e-09 0.000000e+00 0.000000e+00
-1.043824e-09 0.000000e+00 0.000000e+00
-1.184101e-09 0.000000e+00 0.000000e+00
-1.025805e-09 0.000000e+00 0.000000e+00
-1.019949e-09 0.000000e+00 0.000000e+00
-1.263958e-09 0.000000e+00 0.000000e+00
-1.305383e-09 0.000000e+00 0.000000e+00
-5.657280e-10 0.000000e+00 0.000000e+00
-1.543338e-10 0.000000e+00 0.000000e+00
-5.044051e-11 0.000000e+00 0.000000e+00
-7.737520e-11 0.000000e+00 0.000000e+00
-5.422479e-11 0.000000e+00 0.000000e+00
-2.182404e-10 0.000000e+00 0.000000e+00
-3.061183e-11 0.000000e+00 0.000000e+00
-9.521388e-11 0.000000e+00 0.000000e+00
-1.030952e-10 0.000000e+00 0.000000e+00
5.995215e-10 0.000000e+00 0.000000e+00
5.835878e-10 0.000000e+00 0.000000e+00
6.150546e-10 0.000000e+00 0.000000e+00
6.108230e-10 0.000000e+00 0.000000e+00
5.976569e-10 0.000000e+00 0.000000e+00
5.953449e-10 0.000000e+00 0.000000e+00
6.020246e-10 0.000000e+00 0.000000e+00
6.016838e-10 0.000000e+00 0.000000e+00
5.779867e-10 0.000000e+00 0.000000e+00
5.821640e-10 0.000000e+00 0.000000e+00
5.772587e-10 0.000000e+00 0.000000e+00
5.810944e-10 0.000000e+00 0.000000e+00
5.758437e-10 0.000000e+00 0.000000e+00
5.859309e-10 0.000000e+00 0.000000e+00
6.245817e-10 0.000000e+00 0.000000e+00
6.235363e-10 0.000000e+00 0.000000e+00
6.238789e-10 0.000000e+00 0.000000e+00
6.249801e-10 0.000000e+00 0.000000e+00
6.249338e-10 0.000000e+00 0.000000e+00
6.231851e-10 0.000000e+00 0.000000e+00
6.233697e-10 0.000000e+00 0.000000e+00
6.227576e-10 0.000000e+00 0.000000e+00
6.227741e-10 0.000000e+00 0.000000e+00
6.229183e-10 0.000000e+00 0.000000e+00
6.232253e-10 0.000000e+00 0.000000e+00
6.248892e-10 0.000000e+00 0.000000e+00
6.235094e-10 0.000000e+00 0.000000e+00
3.067380e-10 0.000000e+00 0.000000e+00
-6.239379e-10 0.000000e+00 0.000000e+00
-6.053143e-10 0.000000e+00 0.000000e+00
-5.955347e-10 0.000000e+00 0.000000e+00
-6.097460e-10 0.000000e+00 0.000000e+00
-6.187204e-10 0.000000e+00 0.000000e+00
-5.958568e-10 0.000000e+00 0.000000e+00
-6.198690e-10 0.000000e+00 0.000000e+00
-6.038349e-10 0.000000e+00 0.000000e+00
-5.960376e-10 0.000000e+00 0.000000e+00
-5.330090e-10 0.000000e+00 0.000000e+00
-6.238629e-10 0.000000e+00 0.000000e+00
-6.274777e-10 0.000000e+00 0.000000e+00
-6.142472e-10 0.000000e+00 0.000000e+00
-6.116553e-10 0.000000e+00 0.000000e+00
-6.322914e-10 0.000000e+00 0.000000e+00
-6.327030e-10 0.000000e+00 0.000000e+00
-6.320895e-10 0.000000e+00 0.000000e+00
4.267983e-10 0.000000e+00 0.000000e+00
-5.215644e-10 0.000000e+00 0.000000e+00
-6.327727e-10 0.000000e+00 0.000000e+00
-6.292886e-10 0.000000e+00 0.000000e+00
-6.321764e-10 0.000000e+00 0.000000e+00
-6.284081e-10 0.000000e+00 0.000000e+00
-6.320709e-10 0.000000e+00 0.000000e+00
-6.316217e-10 0.000000e+00 0.000000e+00
-6.321193e-10 0.000000e+00 0.000000e+00
-6.315916e-10 0.000000e+00 0.000000e+00
-6.317355e-10 0.000000e+00 0.000000e+00
-6.322114e-10 0.000000e+00 0.000000e+00
-6.323191e-10 0.000000e+00 0.000000e+00
-6.316086e-10 0.000000e+00 0.000000e+00
-6.318558e-10 0.000000e+00 0.000000e+00
-6.303335e-10 0.000000e+00 0.000000e+00
-6.305863e-10 0.000000e+00 0.000000e+00
4.461837e-10 0.000000e+00 0.000000e+00
5.176405e-10 0.000000e+00 0.000000e+00
3.902549e-10 0.000000e+00 0.000000e+00
3.988746e-10 0.000000e+00 0.000000e+00
5.070100e-10 0.000000e+00 0.000000e+00
4.014503e-10 0.000000e+00 0.000000e+00
4.778436e-10 0.000000e+00 0.000000e+00
4.395377e-10 0.000000e+00 0.000000e+00
3.798981e-10 0.000000e+00 0.000000e+00
5.322417e-10 0.000000e+00 0.000000e+00
6.568230e-10 0.000000e+00 0.000000e+00
1.389881e-09 0.000000e+00 0.000000e+00
1.470295e-09 0.000000e+00 0.000000e+00
1.384447e-09 0.000000e+00 0.000000e+00
1.448734e-09 0.000000e+00 0.000000e+00
1.684156e-09 0.000000e+00 0.000000e+00
1.963662e-09 0.000000e+00 0.000000e+00
2.958997e-09 0.000000e+00 0.000000e+00
2.106574e-09 0.000000e+00 0.000000e+00
2.464879e-09 0.000000e+00 0.000000e+00
2.538113e-09 0.000000e+00 0.000000e+00
2.471444e-09 0.000000e+00 0.000000e+00
2.600318e-09 0.000000e+00 0.000000e+00
2.659707e-09 0.000000e+00 0.000000e+00
2.611233e-09 0.000000e+00 0.000000e+00
2.675512e-09 0.000000e+00 0.000000e+00
2.708788e-09 0.000000e+00 0.000000e+00
-2.447628e-10 0.000000e+00 0.000000e+00
-2.321143e-10 0.000000e+00 0.000000e+00
-2.255439e-10 0.000000e+00 0.000000e+00
-2.489192e-10 0.000000e+00 0.000000e+00
-2.218690e-10 0.000000e+00 0.000000e+00
-2.441384e-10 0.000000e+00 0.000000e+00
-2.680771e-12 0.000000e+00 0.000000e+00
2.135892e-11 0.000000e+00 0.000000e+00
7.907305e-12 0.000000e+00 0.000000e+00
8.178439e-11 0.000000e+00 0.000000e+00
1.799183e-11 0.000000e+00 0.000000e+00
6.753949e-11 0.000000e+00 0.000000e+00
5.385061e-11 0.000000e+00 0.000000e+00
2.838671e-11 0.000000e+00 0.000000e+00
4.395895e-11 0.000000e+00 0.000000e+00
8.749559e-12 0.000000e+00 0.000000e+00
5.758427e-11 0.000000e+00 0.000000e+00
8.417563e-11 0.000000e+00 0.000000e+00
9.191166e-11 0.000000e+00 0.000000e+00
6.241252e-11 0.000000e+00 0.000000e+00
8.965085e-11 0.000000e+00 0.000000e+00
5.920002e-11 0.000000e+00 0.000000e+00
6.409734e-11 0.000000e+00 0.000000e+00
5.983847e-11 0.000000e+00 0.000000e+00
7.857027e-11 0.000000e+00 0.000000e+00
9.527543e-11 0.000000e+00 0.000000e+00
8.495823e-11 0.000000e+00 0.000000e+00
7.832110e-11 0.000000e+00 0.000000e+00
-3.586896e-10 0.000000e+00 0.000000e+00
-3.830861e-10 0.000000e+00 0.000000e+00
-3.677448e-10 0.000000e+00 0.000000e+00
-3.657667e-10 0.000000e+00 0.000000e+00
-3.925954e-10 0.000000e+00 0.000000e+00
-3.906245e-10 0.000000e+00 0.000000e+00
1.738098e-10 0.000000e+00 0.000000e+00
2.686985e-10 0.000000e+00 0.000000e+00
1.780466e-10 0.000000e+00 0.000000e+00
2.091420e-10 0.000000e+00 0.000000e+00
1.919619e-10 0.000000e+00 0.000000e+00
2.075481e-10 0.000000e+00 0.000000e+00
1.951030e-10 0.000000e+00 0.000000e+00
1.663309e-10 0.000000e+00 0.000000e+00
2.005572e-10 0.000000e+00 0.000000e+00
1.914312e-10 0.000000e+00 0.000000e+00
1.723341e-10 0.000000e+00 0.000000e+00
1.748752e-10 0.000000e+00 0.000000e+00
1.874791e-10 0.000000e+00 0.000000e+00
1.887805e-10 0.000000e+00 0.000000e+00
1.724746e-10 0.000000e+00 0.000000e+00
1.695154e-10 0.000000e+00 0.000000e+00
2.761893e-10 0.000000e+00 0.000000e+00
1.450972e-09 0.000000e+00 0.000000e+00
1.405767e-09 0.000000e+00 0.000000e+00
1.079762e-09 0.000000e+00 0.000000e+00
1.152843e-09 0.000000e+00 0.000000e+00
1.123186e-09 0.000000e+00 0.000000e+00
1.084714e-09 0.000000e+00 0.000000e+00
1.174267e-09 0.000000e+00 0.000000e+00
1.171427e-09 0.000000e+00 0.000000e+00
1.120277e-09 0.000000e+00 0.000000e+00
1.118828e-09 0.000000e+00 0.000000e+00
1.163079e-09 0.000000e+00 0.000000e+00
1.124629e-09 0.000000e+00 0.000000e+00
1.124630e-09 0.000000e+00 0.000000e+00
1.132247e-09 0.000000e+00 0.000000e+00
1.095490e-09 0.000000e+00 0.000000e+00
1.167857e-09 0.000000e+00 0.000000e+00
1.174020e-09 0.000000e+00 0.000000e+00
1.137748e-09 0.000000e+00 0.000000e+00
1.114414e-09 0.000000e+00 0.000000e+00
1.112032e-09 0.000000e+00 0.000000e+00
1.123060e-09 0.000000e+00 0.000000e+00
1.131512e-09 0.000000e+00 0.000000e+00
1.104780e-09 0.000000e+00 0.000000e+00
1.104324e-09 0.000000e+00 0.000000e+00
3.742155e-10 0.000000e+00 0.000000e+00
2.618026e-10 0.000000e+00 0.000000e+00
4.177476e-10 0.000000e+00 0.000000e+00
4.752215e-10 0.000000e+00 0.000000e+00
4.257600e-10 0.000000e+00 0.000000e+00
4.236891e-10 0.000000e+00 0.000000e+00
4.275017e-10 0.000000e+00 0.000000e+00
4.403526e-10 0.000000e+00 0.000000e+00
4.350845e-10 0.000000e+00 0.000000e+00
4.230720e-10 0.000000e+00 0.000000e+00
4.406470e-10 0.000000e+00 0.000000e+00
4.536176e-10 0.000000e+00 0.000000e+00
4.706545e-10 0.000000e+00 0.000000e+00
4.515969e-10 0.000000e+00 0.000000e+00
4.165227e-10 0.000000e+00 0.000000e+00
4.556184e-10 0.000000e+00 0.000000e+00
4.462722e-10 0.000000e+00 0.000000e+00
4.228549e-10 0.000000e+00 0.000000e+00
4.455555e-10 0.000000e+00 0.000000e+00
5.624680e-10 0.000000e+00 0.000000e+00
5.670335e-10 0.000000e+00 0.000000e+00
5.720748e-10 0.000000e+00 0.000000e+00
5.772640e-10 0.000000e+00 0.000000e+00
5.773304e-10 0.000000e+00 0.000000e+00
5.656268e-10 0.000000e+00 0.000000e+00
5.599803e-10 0.000000e+00 0.000000e+00
5.667320e-10 0.000000e+00 0.000000e+00
5.717115e-10 0.000000e+00 0.000000e+00
5.724723e-10 0.000000e+00 0.000000e+00
5.760826e-10 0.000000e+00 0.000000e+00
5.746077e-10 0.000000e+00 0.000000e+00
5.729820e-10 0.000000e+00 0.000000e+00
5.744531e-10 0.000000e+00 0.000000e+00
5.800588e-10 0.000000e+00 0.000000e+00
5.764455e-10 0.000000e+00 0.000000e+00
5.749364e-10 0.000000e+00 0.000000e+00
5.705956e-10 0.000000e+00 0.000000e+00
5.729217e-10 0.000000e+00 0.000000e+00
5.745251e-10 0.000000e+00 0.000000e+00
5.774489e-10 0.000000e+00 0.000000e+00
5.759564e-10 0.000000e+00 0.000000e+00
4.324925e-10 0.000000e+00 0.000000e+00
4.380921e-10 0.000000e+00 0.000000e+00
4.331988e-10 0.000000e+00 0.000000e+00
4.323390e-10 0.000000e+00 0.000000e+00
4.244818e-10 0.000000e+00 0.000000e+00
1.196620e-10 0.000000e+00 0.000000e+00
7.107702e-11 0.000000e+00 0.000000e+00
3.816272e-10 0.000000e+00 0.000000e+00
5.663917e-11 0.000000e+00 0.000000e+00
2.478524e-10 0.000000e+00 0.000000e+00
2.202994e-10 0.000000e+00 0.000000e+00
2.051475e-10 0.000000e+00 0.000000e+00
1.447623e-10 0.000000e+00 0.000000e+00
2.408307e-10 0.000000e+00 0.000000e+00
2.378284e-10 0.000000e+00 0.000000e+00
2.398375e-10 0.000000e+00 0.000000e+00
2.558066e-10 0.000000e+00 0.000000e+00
2.719408e-10 0.000000e+00 0.000000e+00
2.866502e-10 0.000000e+00 0.000000e+00
2.107166e-10 0.000000e+00 0.000000e+00
2.158232e-10 0.000000e+00 0.000000e+00
1.950122e-10 0.000000e+00 0.000000e+00
2.370329e-10 0.000000e+00 0.000000e+00
1.926842e-10 0.000000e+00 0.000000e+00
1.708837e-10 0.000000e+00 0.000000e+00
1.652661e-10 0.000000e+00 0.000000e+00
1.893060e-10 0.000000e+00 0.000000e+00
1.922297e-10 0.000000e+00 0.000000e+00
1.954004e-10 0.000000e+00 0.000000e+00
1.856740e-10 0.000000e+00 0.000000e+00
-1.043643e-11 0.000000e+00 0.000000e+00
-4.048719e-11 0.000000e+00 0.000000e+00
-5.230186e-10 0.000000e+00 0.000000e+00
-6.302843e-10 0.000000e+00 0.000000e+00
-6.292658e-10 0.000000e+00 0.000000e+00
-6.265195e-10 0.000000e+00 0.000000e+00
-6.152949e-10 0.000000e+00 0.000000e+00
-6.301272e-10 0.000000e+00 0.000000e+00
-6.024727e-10 0.000000e+00 0.000000e+00
-5.991707e-10 0.000000e+00 0.000000e+00
-6.239478e-10 0.000000e+00 0.000000e+00
-6.298765e-10 0.000000e+00 0.000000e+00
-6.283707e-10 0.000000e+00 0.000000e+00
-6.037293e-10 0.000000e+00 0.000000e+00
-6.304436e-10 0.000000e+00 0.000000e+00
-6.241973e-10 0.000000e+00 0.000000e+00
-6.292445e-10 0.000000e+00 0.000000e+00
-6.267945e-10 0.000000e+00 0.000000e+00
-6.255456e-10 0.000000e+00 0.000000e+00
-6.237813e-10 0.000000e+00 0.000000e+00
-6.235781e-10 0.000000e+00 0.000000e+00
-6.327234e-10 0.000000e+00 0.000000e+00
-6.286870e-10 0.000000e+00 0.000000e+00
-6.306782e-10 0.000000e+00 0.000000e+00
-6.218859e-10 0.000000e+00 0.000000e+00
-6.201523e-10 0.000000e+00 0.000000e+00
-6.234921e-10 0.000000e+00 0.000000e+00
-5.690958e-10 0.000000e+00 0.000000e+00
-5.701791e-10 0.000000e+00 0.000000e+00
-5.575472e-10 0.000000e+00 0.000000e+00
-5.638796e-10 0.000000e+00 0.000000e+00
-5.669443e-10 0.000000e+00 0.000000e+00
-6.226890e-10 0.000000e+00 0.000000e+00
-6.230859e-10 0.000000e+00 0.000000e+00
-6.213875e-10 0.000000e+00 0.000000e+00
-6.243860e-10 0.000000e+00 0.000000e+00
-6.219943e-10 0.000000e+00 0.000000e+00
2.444583e-09 0.000000e+00 0.000000e+00
1.826735e-09 0.000000e+00 0.000000e+00
1.810783e-09 0.000000e+00 0.000000e+00
2.051790e-09 0.000000e+00 0.000000e+00
2.088352e-09 0.000000e+00 0.000000e+00
-6.254420e-10 0.000000e+00 0.000000e+00
-6.251668e-10 0.000000e+00 0.000000e+00
-6.054449e-10 0.000000e+00 0.000000e+00
-6.040240e-10 0.000000e+00 0.000000e+00
-6.037341e-10 0.000000e+00 0.000000e+00
-5.985130e-10 0.000000e+00 0.000000e+00
-6.040605e-10 0.000000e+00 0.000000e+00
-6.058088e-10 0.000000e+00 0.000000e+00
-6.029097e-10 0.000000e+00 0.000000e+00
-5.975947e-10 0.000000e+00 0.000000e+00
-6.027602e-10 0.000000e+00 0.000000e+00
-6.041185e-10 0.000000e+00 0.000000e+00
-6.096276e-10 0.000000e+00 0.000000e+00
-6.045389e-10 0.000000e+00 0.000000e+00
-5.931986e-10 0.000000e+00 0.000000e+00
-6.091824e-10 0.000000e+00 0.000000e+00
-6.103620e-10 0.000000e+00 0.000000e+00
-6.110190e-10 0.000000e+00 0.000000e+00
-6.089610e-10 0.000000e+00 0.000000e+00
-6.102087e-10 0.000000e+00 0.000000e+00
-6.102058e-10 0.000000e+00 0.000000e+00
-5.865520e-10 0.000000e+00 0.000000e+00
-5.898891e-10 0.000000e+00 0.000000e+00
-5.943195e-10 0.000000e+00 0.000000e+00
-5.908128e-10 0.000000e+00 0.000000e+00
-5.923328e-10 0.000000e+00 0.000000e+00
-5.966261e-10 0.000000e+00 0.000000e+00
-5.920688e-10 0.000000e+00 0.000000e+00
-5.953524e-10 0.000000e+00 0.000000e+00
-5.947967e-10 0.000000e+00 0.000000e+00
-5.950894e-10 0.000000e+00 0.000000e+00
-5.938736e-10 0.000000e+00 0.000000e+00
-5.908710e-10 0.000000e+00 0.000000e+00
-5.914120e-10 0.000000e+00 0.000000e+00
-5.918391e-10 0.000000e+00 0.000000e+00
-5.932751e-10 0.000000e+00 0.000000e+00
-5.906318e-10 0.000000e+00 0.000000e+00
-5.933392e-10 0.000000e+00 0.000000e+00
1.191775e-09 0.000000e+00 0.000000e+00
-4.303812e-10 0.000000e+00 0.000000e+00
-5.814168e-10 0.000000e+00 0.000000e+00
-5.733438e-10 0.000000e+00 0.000000e+00
-5.764897e-10 0.000000e+00 0.000000e+00
-5.735773e-10 0.000000e+00 0.000000e+00
-5.711644e-10 0.000000e+00 0.000000e+00
-6.090102e-10 0.000000e+00 0.000000e+00
-3.172769e-10 0.000000e+00 0.000000e+00
-3.272344e-10 0.000000e+00 0.000000e+00
-3.157815e-10 0.000000e+00 0.000000e+00
-3.245569e-10 0.000000e+00 0.000000e+00
-3.303215e-10 0.000000e+00 0.000000e+00
4.828396e-10 0.000000e+00 0.000000e+00
4.890508e-10 0.000000e+00 0.000000e+00
5.161096e-10 0.000000e+00 0.000000e+00
4.877688e-10 0.000000e+00 0.000000e+00
4.767547e-10 0.000000e+00 0.000000e+00
4.998135e-10 0.000000e+00 0.000000e+00
4.800546e-10 0.000000e+00 0.000000e+00
4.979373e-10 0.000000e+00 0.000000e+00
-6.143700e-10 0.000000e+00 0.000000e+00
-6.039069e-10 0.000000e+00 0.000000e+00
-6.017263e-10 0.000000e+00 0.000000e+00
-6.016155e-10 0.000000e+00 0.000000e+00
-5.987024e-10 0.000000e+00 0.000000e+00
-5.996934e-10 0.000000e+00 0.000000e+00
-5.979099e-10 0.000000e+00 0.000000e+00
-5.971608e-10 0.000000e+00 0.000000e+00
-5.936476e-10 0.000000e+00 0.000000e+00
-5.954937e-10 0.000000e+00 0.000000e+00
-6.040860e-10 0.000000e+00 0.000000e+00
-5.952975e-10 0.000000e+00 0.000000e+00
-6.047273e-10 0.000000e+00 0.000000e+00
-6.051886e-10 0.000000e+00 0.000000e+00
-6.059745e-10 0.000000e+00 0.000000e+00
-6.029643e-10 0.000000e+00 0.000000e+00
-6.044543e-10 0.000000e+00 0.000000e+00
-6.030194e-10 0.000000e+00 0.000000e+00
-6.046181e-10 0.000000e+00 0.000000e+00
-6.309368e-10 0.000000e+00 0.000000e+00
-6.148768e-10 0.000000e+00 0.000000e+00
-6.221823e-10 0.000000e+00 0.000000e+00
-6.215840e-10 0.000000e+00 0.000000e+00
-6.202617e-10 0.000000e+00 0.000000e+00
-6.229823e-10 0.000000e+00 0.000000e+00
-6.222075e-10 0.000000e+00 0.000000e+00
-6.212655e-10 0.000000e+00 0.000000e+00
-6.214426e-10 0.000000e+00 0.000000e+00
-4.379675e-10 0.000000e+00 0.000000e+00
-4.405781e-10 0.000000e+00 0.000000e+00
-3.699134e-10 0.000000e+00 0.000000e+00
-5.046030e-10 0.000000e+00 0.000000e+00
-5.045815e-10 0.000000e+00 0.000000e+00
-4.973543e-10 0.000000e+00 0.000000e+00
-5.036228e-10 0.000000e+00 0.000000e+00
-5.965646e-10 0.000000e+00 0.000000e+00
-5.972732e-10 0.000000e+00 0.000000e+00
-4.394541e-10 0.000000e+00 0.000000e+00
-4.556410e-10 0.000000e+00 0.000000e+00
4.566586e-10 0.000000e+00 0.000000e+00
4.716777e-10 0.000000e+00 0.000000e+00
4.745538e-10 0.000000e+00 0.000000e+00
4.533861e-10 0.000000e+00 0.000000e+00
4.271895e-10 0.000000e+00 0.000000e+00
4.155961e-10 0.000000e+00 0.000000e+00
4.232429e-10 0.000000e+00 0.000000e+00
4.203077e-10 0.000000e+00 0.000000e+00
4.187038e-10 0.000000e+00 0.000000e+00
4.173206e-10 0.000000e+00 0.000000e+00
3.948042e-10 0.000000e+00 0.000000e+00
-4.703385e-10 0.000000e+00 0.000000e+00
-4.800630e-10 0.000000e+00 0.000000e+00
-4.818623e-10 0.000000e+00 0.000000e+00
-2.634546e-10 0.000000e+00 0.000000e+00
-4.674861e-10 0.000000e+00 0.000000e+00
-1.523023e-10 0.000000e+00 0.000000e+00
-4.767404e-10 0.000000e+00 0.000000e+00
-4.114326e-10 0.000000e+00 0.000000e+00
-4.633755e-10 0.000000e+00 0.000000e+00
-4.502933e-10 0.000000e+00 0.000000e+00
-3.069785e-10 0.000000e+00 0.000000e+00
-3.524898e-10 0.000000e+00 0.000000e+00
-2.331722e-10 0.000000e+00 0.000000e+00
-1.794974e-10 0.000000e+00 0.000000e+00
-4.229899e-10 0.000000e+00 0.000000e+00
-4.331664e-10 0.000000e+00 0.000000e+00
-4.451987e-10 0.000000e+00 0.000000e+00
-3.456104e-10 0.000000e+00 0.000000e+00
-4.662775e-10 0.000000e+00 0.000000e+00
-4.354258e-10 0.000000e+00 0.000000e+00
-4.589296e-10 0.000000e+00 0.000000e+00
-2.862027e-10 0.000000e+00 0.000000e+00
-3.662599e-10 0.000000e+00 0.000000e+00
-5.670817e-10 0.000000e+00 0.000000e+00
-5.313629e-10 0.000000e+00 0.000000e+00
-5.220801e-10 0.000000e+00 0.000000e+00
-5.932627e-10 0.000000e+00 0.000000e+00
-5.272257e-10 0.000000e+00 0.000000e+00
-5.597218e-10 0.000000e+00 0.000000e+00
-5.523545e-10 0.000000e+00 0.000000e+00
-5.527766e-10 0.000000e+00 0.000000e+00
-5.503846e-10 0.000000e+00 0.000000e+00
-5.630033e-10 0.000000e+00 0.000000e+00
-5.533119e-10 0.000000e+00 0.000000e+00
-5.557267e-10 0.000000e+00 0.000000e+00
-5.550541e-10 0.000000e+00 0.000000e+00
-5.525305e-10 0.000000e+00 0.000000e+00
-5.507445e-10 0.000000e+00 0.000000e+00
-5.606958e-10 0.000000e+00 0.000000e+00
-5.486972e-10 0.000000e+00 0.000000e+00
-5.457404e-10 0.000000e+00 0.000000e+00
-5.589294e-10 0.000000e+00 0.000000e+00
-5.531158e-10 0.000000e+00 0.000000e+00
-5.603785e-10 0.000000e+00 0.000000e+00
-5.655685e-10 0.000000e+00 0.000000e+00
-5.488571e-10 0.000000e+00 0.000000e+00
-5.590213e-10 0.000000e+00 0.000000e+00
-5.459212e-10 0.000000e+00 0.000000e+00
-5.497385e-10 0.000000e+00 0.000000e+00
-5.805164e-10 0.000000e+00 0.000000e+00
-4.366082e-10 0.000000e+00 0.000000e+00
-4.556510e-10 0.000000e+00 0.000000e+00
-4.170754e-10 0.000000e+00 0.000000e+00
-4.349277e-10 0.000000e+00 0.000000e+00
-4.255390e-10 0.000000e+00 0.000000e+00
-4.131648e-10 0.000000e+00 0.000000e+00
-4.776887e-10 0.000000e+00 0.000000e+00
-3.666395e-10 0.000000e+00 0.000000e+00
-4.855032e-10 0.000000e+00 0.000000e+00
-3.109951e-10 0.000000e+00 0.000000e+00
-2.997146e-10 0.000000e+00 0.000000e+00
-2.283291e-10 0.000000e+00 0.000000e+00
-4.069503e-10 0.000000e+00 0.000000e+00
-3.728740e-10 0.000000e+00 0.000000e+00
-3.917089e-10 0.000000e+00 0.000000e+00
-4.257783e-10 0.000000e+00 0.000000e+00
-4.064670e-10 0.000000e+00 0.000000e+00
-4.236343e-10 0.000000e+00 0.000000e+00
-4.237710e-10 0.000000e+00 0.000000e+00
-4.193439e-10 0.000000e+00 0.000000e+00
-4.189837e-10 0.000000e+00 0.000000e+00
-4.259739e-10 0.000000e+00 0.000000e+00
-4.283031e-10 0.000000e+00 0.000000e+00
-4.231438e-10 0.000000e+00 0.000000e+00
-4.065716e-10 0.000000e+00 0.000000e+00
-4.182158e-10 0.000000e+00 0.000000e+00
-4.287871e-10 0.000000e+00 0.000000e+00
-4.180848e-10 0.000000e+00 0.000000e+00
-4.270083e-10 0.000000e+00 0.000000e+00
-4.225193e-10 0.000000e+00 0.000000e+00
-4.199765e-10 0.000000e+00 0.000000e+00
-4.230117e-10 0.000000e+00 0.000000e+00
-4.141016e-10 0.000000e+00 0.000000e+00
-4.781405e-10 0.000000e+00 0.000000e+00
-4.627623e-10 0.000000e+00 0.000000e+00
-4.613264e-10 0.000000e+00 0.000000e+00
-2.219433e-10 0.000000e+00 0.000000e+00
-2.529115e-10 0.000000e+00 0.000000e+00
-1.871402e-10 0.000000e+00 0.000000e+00
-2.493317e-10 0.000000e+00 0.000000e+00
-1.921081e-10 0.000000e+00 0.000000e+00
-1.436799e-10 0.000000e+00 0.000000e+00
-2.107045e-10 0.000000e+00 0.000000e+00
-2.047316e-10 0.000000e+00 0.000000e+00
-3.296595e-10 0.000000e+00 0.000000e+00
-3.258213e-10 0.000000e+00 0.000000e+00
-3.239953e-10 0.000000e+00 0.000000e+00
-3.224516e-10 0.000000e+00 0.000000e+00
-3.396245e-10 0.000000e+00 0.000000e+00
-3.320114e-10 0.000000e+00 0.000000e+00
-3.406242e-10 0.000000e+00 0.000000e+00
-3.430225e-10 0.000000e+00 0.000000e+00
-3.225157e-10 0.000000e+00 0.000000e+00
-3.225101e-10 0.000000e+00 0.000000e+00
-3.709168e-11 0.000000e+00 0.000000e+00
-4.192177e-11 0.000000e+00 0.000000e+00
-4.031748e-11 0.000000e+00 0.000000e+00
-4.827307e-11 0.000000e+00 0.000000e+00
-4.451719e-11 0.000000e+00 0.000000e+00
-3.424648e-11 0.000000e+00 0.000000e+00
-4.832988e-11 0.000000e+00 0.000000e+00
-4.928478e-11 0.000000e+00 0.000000e+00
-3.843603e-11 0.000000e+00 0.000000e+00
-4.380502e-11 0.000000e+00 0.000000e+00
-5.113161e-11 0.000000e+00 0.000000e+00
-4.467119e-11 0.000000e+00 0.000000e+00
-3.128143e-09 0.000000e+00 0.000000e+00
-8.147877e-10 0.000000e+00 0.000000e+00
-8.147753e-10 0.000000e+00 0.000000e+00
-8.240852e-10 0.000000e+00 0.000000e+00
-4.178855e-10 0.000000e+00 0.000000e+00
3.505866e-10 0.000000e+00 0.000000e+00
3.191076e-10 0.000000e+00 0.000000e+00
3.158032e-10 0.000000e+00 0.000000e+00
3.323934e-10 0.000000e+00 0.000000e+00
3.186991e-10 0.000000e+00 0.000000e+00
3.090912e-10 0.000000e+00 0.000000e+00
3.161659e-10 0.000000e+00 0.000000e+00
3.136594e-10 0.000000e+00 0.000000e+00
3.245148e-10 0.000000e+00 0.000000e+00
-1.507462e-09 0.000000e+00 0.000000e+00
-1.525394e-09 0.000000e+00 0.000000e+00
-1.450211e-09 0.000000e+00 0.000000e+00
-1.446224e-09 0.000000e+00 0.000000e+00
7.330455e-11 0.000000e+00 0.000000e+00
8.451735e-11 0.000000e+00 0.000000e+00
5.312614e-10 0.000000e+00 0.000000e+00
5.360790e-10 0.000000e+00 0.000000e+00
5.672506e-10 0.000000e+00 0.000000e+00
5.713242e-10 0.000000e+00 0.000000e+00
5.716166e-10 0.000000e+00 0.000000e+00
5.668563e-10 0.000000e+00 0.000000e+00
5.714257e-10 0.000000e+00 0.000000e+00
5.726059e-10 0.000000e+00 0.000000e+00
5.708322e-10 0.000000e+00 0.000000e+00
6.272413e-10 0.000000e+00 0.000000e+00
6.282683e-10 0.000000e+00 0.000000e+00
6.258573e-10 0.000000e+00 0.000000e+00
6.256975e-10 0.000000e+00 0.000000e+00
6.276944e-10 0.000000e+00 0.000000e+00
6.257806e-10 0.000000e+00 0.000000e+00
6.262432e-10 0.000000e+00 0.000000e+00
6.296995e-10 0.000000e+00 0.000000e+00
6.324685e-10 0.000000e+00 0.000000e+00
6.326737e-10 0.000000e+00 0.000000e+00
6.324504e-10 0.000000e+00 0.000000e+00
6.323337e-10 0.000000e+00 0.000000e+00
5.586297e-10 0.000000e+00 0.000000e+00
5.583684e-10 0.000000e+00 0.000000e+00
5.537566e-10 0.000000e+00 0.000000e+00
6.326288e-10 0.000000e+00 0.000000e+00
-3.341855e-11 0.000000e+00 0.000000e+00
-3.149676e-11 0.000000e+00 0.000000e+00
-2.534685e-11 0.000000e+00 0.000000e+00
-6.552861e-12 0.000000e+00 0.000000e+00
2.787637e-11 0.000000e+00 0.000000e+00
2.028471e-11 0.000000e+00 0.000000e+00
-1.275557e-09 0.000000e+00 0.000000e+00
-1.195030e-09 0.000000e+00 0.000000e+00
-1.236056e-09 0.000000e+00 0.000000e+00
-1.247935e-09 0.000000e+00 0.000000e+00
-1.217520e-09 0.000000e+00 0.000000e+00
-1.210052e-09 0.000000e+00 0.000000e+00
-1.235159e-09 0.000000e+00 0.000000e+00
-1.183637e-09 0.000000e+00 0.000000e+00
-1.183236e-09 0.000000e+00 0.000000e+00
6.700008e-11 0.000000e+00 0.000000e+00
3.072938e-11 0.000000e+00 0.000000e+00
6.937605e-11 0.000000e+00 0.000000e+00
3.202390e-11 0.000000e+00 0.000000e+00
5.254202e-11 0.000000e+00 0.000000e+00
4.493284e-11 0.000000e+00 0.000000e+00
6.437677e-11 0.000000e+00 0.000000e+00
7.894701e-11 0.000000e+00 0.000000e+00
2.788151e-11 0.000000e+00 0.000000e+00
7.675916e-11 0.000000e+00 0.000000e+00
7.102837e-11 0.000000e+00 0.000000e+00
2.469298e-10 0.000000e+00 0.000000e+00
2.668676e-10 0.000000e+00 0.000000e+00
2.758235e-10 0.000000e+00 0.000000e+00
3.661509e-10 0.000000e+00 0.000000e+00
2.872560e-10 0.000000e+00 0.000000e+00
2.279269e-10 0.000000e+00 0.000000e+00
6.249370e-10 0.000000e+00 0.000000e+00
-1.435141e-09 0.000000e+00 0.000000e+00
-2.075883e-09 0.000000e+00 0.000000e+00
-2.028630e-09 0.000000e+00 0.000000e+00
-2.032632e-09 0.000000e+00 0.000000e+00
-2.065614e-09 0.000000e+00 0.000000e+00
-3.194482e-09 0.000000e+00 0.000000e+00
-3.128786e-09 0.000000e+00 0.000000e+00
-3.964786e-09 0.000000e+00 0.000000e+00
-3.433588e-09 0.000000e+00 0.000000e+00
-3.292318e-09 0.000000e+00 0.000000e+00
-3.544543e-09 0.000000e+00 0.000000e+00
-3.643354e-09 0.000000e+00 0.000000e+00
-3.766420e-09 0.000000e+00 0.000000e+00
-3.733139e-09 0.000000e+00 0.000000e+00
-3.888432e-09 0.000000e+00 0.000000e+00
-8.296740e-10 0.000000e+00 0.000000e+00
-1.175862e-10 0.000000e+00 0.000000e+00
-6.278181e-10 0.000000e+00 0.000000e+00
-6.273752e-10 0.000000e+00 0.000000e+00
-6.270276e-10 0.000000e+00 0.000000e+00
-6.276493e-10 0.000000e+00 0.000000e+00
-6.218808e-10 0.000000e+00 0.000000e+00
-6.227571e-10 0.000000e+00 0.000000e+00
-6.209402e-10 0.000000e+00 0.000000e+00
-6.228946e-10 0.000000e+00 0.000000e+00
6.215337e-10 0.000000e+00 0.000000e+00
6.143907e-10 0.000000e+00 0.000000e+00
6.150735e-10 0.000000e+00 0.000000e+00
6.233553e-10 0.000000e+00 0.000000e+00
6.048076e-10 0.000000e+00 0.000000e+00
6.046032e-10 0.000000e+00 0.000000e+00
6.225362e-10 0.000000e+00 0.000000e+00
6.019404e-10 0.000000e+00 0.000000e+00
6.023857e-10 0.000000e+00 0.000000e+00
6.050122e-10 0.000000e+00 0.000000e+00
6.016286e-10 0.000000e+00 0.000000e+00
6.153404e-10 0.000000e+00 0.000000e+00
6.149873e-10 0.000000e+00 0.000000e+00
6.164531e-10 0.000000e+00 0.000000e+00
6.026865e-10 0.000000e+00 0.000000e+00
5.982156e-10 0.000000e+00 0.000000e+00
6.022732e-10 0.000000e+00 0.000000e+00
6.116095e-10 0.000000e+00 0.000000e+00
6.126382e-10 0.000000e+00 0.000000e+00
-5.964904e-10 0.000000e+00 0.000000e+00
-5.953777e-10 0.000000e+00 0.000000e+00
-5.968096e-10 0.000000e+00 0.000000e+00
-5.971992e-10 0.000000e+00 0.000000e+00
4.006781e-12 0.000000e+00 0.000000e+00
3.907730e-10 0.000000e+00 0.000000e+00
-4.063430e-10 0.000000e+00 0.000000e+00
-4.307675e-09 0.000000e+00 0.000000e+00
-4.139167e-09 0.000000e+00 0.000000e+00
-4.064869e-09 0.000000e+00 0.000000e+00
-4.121927e-09 0.000000e+00 0.000000e+00
2.683134e-10 0.000000e+00 0.000000e+00
1.854998e-10 0.000000e+00 0.000000e+00
5.540525e-10 0.000000e+00 0.000000e+00
6.116098e-10 0.000000e+00 0.000000e+00
6.145034e-10 0.000000e+00 0.000000e+00
6.074375e-10 0.000000e+00 0.000000e+00
6.104303e-10 0.000000e+00 0.000000e+00
6.059140e-10 0.000000e+00 0.000000e+00
6.064353e-10 0.000000e+00 0.000000e+00
6.091179e-10 0.000000e+00 0.000000e+00
-1.625185e-10 0.000000e+00 0.000000e+00
-2.256698e-10 0.000000e+00 0.000000e+00
-2.086966e-10 0.000000e+00 0.000000e+00
-2.093641e-10 0.000000e+00 0.000000e+00
-1.692893e-10 0.000000e+00 0.000000e+00
-2.138759e-10 0.000000e+00 0.000000e+00
-2.782159e-10 0.000000e+00 0.000000e+00
-2.245325e-10 0.000000e+00 0.000000e+00
-2.275974e-10 0.000000e+00 0.000000e+00
-1.725169e-10 0.000000e+00 0.000000e+00
-2.348818e-10 0.000000e+00 0.000000e+00
-2.022220e-10 0.000000e+00 0.000000e+00
-2.791213e-10 0.000000e+00 0.000000e+00
-2.856816e-10 0.000000e+00 0.000000e+00
-2.826719e-10 0.000000e+00 0.000000e+00
-2.777113e-10 0.000000e+00 0.000000e+00
-1.933280e-10 0.000000e+00 0.000000e+00
-2.148199e-10 0.000000e+00 0.000000e+00
1.910465e-10 0.000000e+00 0.000000e+00
1.818006e-10 0.000000e+00 0.000000e+00
-1.846852e-09 0.000000e+00 0.000000e+00
-1.281133e-09 0.000000e+00 0.000000e+00
-1.299744e-09 0.000000e+00 0.000000e+00
-1.275259e-09 0.000000e+00 0.000000e+00
-1.270190e-09 0.000000e+00 0.000000e+00
-1.286837e-09 0.000000e+00 0.000000e+00
-1.282149e-09 0.000000e+00 0.000000e+00
-1.279661e-09 0.000000e+00 0.000000e+00
-1.311015e-09 0.000000e+00 0.000000e+00
-1.324884e-09 0.000000e+00 0.000000e+00
-1.320994e-09 0.000000e+00 0.000000e+00
-1.293258e-09 0.000000e+00 0.000000e+00
-1.286862e-09 0.000000e+00 0.000000e+00
-1.257162e-09 0.000000e+00 0.000000e+00
-5.664265e-12 0.000000e+00 0.000000e+00
2.336509e-10 0.000000e+00 0.000000e+00
2.962972e-09 0.000000e+00 0.000000e+00
2.861812e-09 0.000000e+00 0.000000e+00
2.781458e-09 0.000000e+00 0.000000e+00
2.927133e-09 0.000000e+00 0.000000e+00
3.131268e-09 0.000000e+00 0.000000e+00
3.050143e-09 0.000000e+00 0.000000e+00
3.218121e-09 0.000000e+00 0.000000e+00
3.121239e-09 0.000000e+00 0.000000e+00
3.218510e-09 0.000000e+00 0.000000e+00
3.230426e-09 0.000000e+00 0.000000e+00
3.228818e-09 0.000000e+00 0.000000e+00
3.584198e-09 0.000000e+00 0.000000e+00
3.299735e-09 0.000000e+00 0.000000e+00
3.606477e-09 0.000000e+00 0.000000e+00
1.496928e-10 0.000000e+00 0.000000e+00
2.762320e-09 0.000000e+00 0.000000e+00
-3.734179e-10 0.000000e+00 0.000000e+00
7.915945e-10 0.000000e+00 0.000000e+00
8.602452e-10 0.000000e+00 0.000000e+00
8.546677e-10 0.000000e+00 0.000000e+00
8.748738e-10 0.000000e+00 0.000000e+00
2.837676e-10 0.000000e+00 0.000000e+00
1.496317e-10 0.000000e+00 0.000000e+00
-5.467289e-11 0.000000e+00 0.000000e+00
5.271163e-10 0.000000e+00 0.000000e+00
5.484089e-10 0.000000e+00 0.000000e+00
1.187609e-10 0.000000e+00 0.000000e+00
1.188056e-10 0.000000e+00 0.000000e+00
1.167877e-10 0.000000e+00 0.000000e+00
1.185845e-10 0.000000e+00 0.000000e+00
1.208772e-10 0.000000e+00 0.000000e+00
1.227671e-10 0.000000e+00 0.000000e+00
1.197739e-10 0.000000e+00 0.000000e+00
1.218348e-10 0.000000e+00 0.000000e+00
1.214823e-10 0.000000e+00 0.000000e+00
6.293920e-10 0.000000e+00 0.000000e+00
6.298222e-10 0.000000e+00 0.000000e+00
6.290819e-10 0.000000e+00 0.000000e+00
1.549046e-08 0.000000e+00 0.000000e+00
-3.031115e-10 0.000000e+00 0.000000e+00
-3.061543e-10 0.000000e+00 0.000000e+00
-3.090866e-10 0.000000e+00 0.000000e+00
-1.051794e-10 0.000000e+00 0.000000e+00
5.685425e-10 0.000000e+00 0.000000e+00
8.869466e-10 0.000000e+00 0.000000e+00
6.635077e-10 0.000000e+00 0.000000e+00
-6.327332e-10 0.000000e+00 0.000000e+00
-2.934776e-10 0.000000e+00 0.000000e+00
-4.279136e-09 0.000000e+00 0.000000e+00
-4.501842e-09 0.000000e+00 0.000000e+00
-4.648889e-09 0.000000e+00 0.000000e+00
-4.576774e-09 0.000000e+00 0.000000e+00
-4.497069e-09 0.000000e+00 0.000000e+00
-4.542013e-09 0.000000e+00 0.000000e+00
-4.428109e-09 0.000000e+00 0.000000e+00
-4.789968e-09 0.000000e+00 0.000000e+00
-4.557416e-09 0.000000e+00 0.000000e+00
-4.697950e-09 0.000000e+00 0.000000e+00
-4.983105e-09 0.000000e+00 0.000000e+00
-4.722374e-09 0.000000e+00 0.000000e+00
-4.630777e-09 0.000000e+00 0.000000e+00
-4.698943e-09 0.000000e+00 0.000000e+00
-2.250608e-09 0.000000e+00 0.000000e+00
-2.374774e-09 0.000000e+00 0.000000e+00
-2.315061e-09 0.000000e+00 0.000000e+00
-2.468069e-10 0.000000e+00 0.000000e+00
-1.687487e-10 0.000000e+00 0.000000e+00
-1.839775e-10 0.000000e+00 0.000000e+00
-2.555177e-10 0.000000e+00 0.000000e+00
-2.438637e-10 0.000000e+00 0.000000e+00
-1.256368e-10 0.000000e+00 0.000000e+00
-1.368711e-10 0.000000e+00 0.000000e+00
-1.412279e-10 0.000000e+00 0.000000e+00
-1.436880e-10 0.000000e+00 0.000000e+00
-1.262484e-10 0.000000e+00 0.000000e+00
-2.011959e-10 0.000000e+00 0.000000e+00
6.110616e-10 0.000000e+00 0.000000e+00
6.253097e-10 0.000000e+00 0.000000e+00
6.254243e-10 0.000000e+00 0.000000e+00
6.255718e-10 0.000000e+00 0.000000e+00
6.082305e-10 0.000000e+00 0.000000e+00
6.009707e-10 0.000000e+00 0.000000e+00
6.014829e-10 0.000000e+00 0.000000e+00
6.136539e-10 0.000000e+00 0.000000e+00
6.102900e-10 0.000000e+00 0.000000e+00
6.121080e-10 0.000000e+00 0.000000e+00
6.178670e-10 0.000000e+00 0.000000e+00
6.002608e-10 0.000000e+00 0.000000e+00
5.986443e-10 0.000000e+00 0.000000e+00
6.318083e-10 0.000000e+00 0.000000e+00
6.302183e-10 0.000000e+00 0.000000e+00
6.311709e-10 0.000000e+00 0.000000e+00
6.320345e-10 0.000000e+00 0.000000e+00
6.321481e-10 0.000000e+00 0.000000e+00
6.320001e-10 0.000000e+00 0.000000e+00
6.319716e-10 0.000000e+00 0.000000e+00
6.322440e-10 0.000000e+00 0.000000e+00
6.320604e-10 0.000000e+00 0.000000e+00
6.324029e-10 0.000000e+00 0.000000e+00
6.321615e-10 0.000000e+00 0.000000e+00
6.319686e-10 0.000000e+00 0.000000e+00
6.320332e-10 0.000000e+00 0.000000e+00
6.319980e-10 0.000000e+00 0.000000e+00
6.320824e-10 0.000000e+00 0.000000e+00
6.293771e-10 0.000000e+00 0.000000e+00
6.300770e-10 0.000000e+00 0.000000e+00
6.296884e-10 0.000000e+00 0.000000e+00
6.299596e-10 0.000000e+00 0.000000e+00
6.304003e-10 0.000000e+00 0.000000e+00
6.297282e-10 0.000000e+00 0.000000e+00
6.300279e-10 0.000000e+00 0.000000e+00
5.833886e-10 0.000000e+00 0.000000e+00
5.709917e-10 0.000000e+00 0.000000e+00
5.536930e-10 0.000000e+00 0.000000e+00
5.573339e-10 0.000000e+00 0.000000e+00
3.823023e-09 0.000000e+00 0.000000e+00
1.546714e-09 0.000000e+00 0.000000e+00
1.582808e-09 0.000000e+00 0.000000e+00
1.532796e-09 0.000000e+00 0.000000e+00
1.556237e-09 0.000000e+00 0.000000e+00
1.543794e-09 0.000000e+00 0.000000e+00
1.554156e-09 0.000000e+00 0.000000e+00
1.549275e-09 0.000000e+00 0.000000e+00
1.510229e-09 0.000000e+00 0.000000e+00
1.517807e-09 0.000000e+00 0.000000e+00
1.510332e-09 0.000000e+00 0.000000e+00
1.572063e-09 0.000000e+00 0.000000e+00
4.019135e-10 0.000000e+00 0.000000e+00
2.547760e-09 0.000000e+00 0.000000e+00
2.513748e-09 0.000000e+00 0.000000e+00
1.927302e-09 0.000000e+00 0.000000e+00
2.141229e-09 0.000000e+00 0.000000e+00
2.179629e-09 0.000000e+00 0.000000e+00
2.216622e-09 0.000000e+00 0.000000e+00
2.113922e-09 0.000000e+00 0.000000e+00
2.136052e-09 0.000000e+00 0.000000e+00
2.175480e-09 0.000000e+00 0.000000e+00
2.144080e-09 0.000000e+00 0.000000e+00
2.205184e-09 0.000000e+00 0.000000e+00
2.148151e-09 0.000000e+00 0.000000e+00
1.961326e-09 0.000000e+00 0.000000e+00
1.941975e-09 0.000000e+00 0.000000e+00
1.954386e-09 0.000000e+00 0.000000e+00
2.106687e-09 0.000000e+00 0.000000e+00
1.465051e-09 0.000000e+00 0.000000e+00
-3.636927e-09 0.000000e+00 0.000000e+00
-3.318299e-09 0.000000e+00 0.000000e+00
-1.818148e-09 0.000000e+00 0.000000e+00
-1.817802e-09 0.000000e+00 0.000000e+00
-1.821126e-09 0.000000e+00 0.000000e+00
-1.801071e-09 0.000000e+00 0.000000e+00
-2.282187e-09 0.000000e+00 0.000000e+00
-2.234066e-09 0.000000e+00 0.000000e+00
-2.263648e-09 0.000000e+00 0.000000e+00
-1.567642e-09 0.000000e+00 0.000000e+00
-1.579316e-09 0.000000e+00 0.000000e+00
3.237554e-10 0.000000e+00 0.000000e+00
-1.540131e-09 0.000000e+00 0.000000e+00
-5.435872e-10 0.000000e+00 0.000000e+00
4.638515e-10 0.000000e+00 0.000000e+00
-2.739938e-09 0.000000e+00 0.000000e+00
-2.641624e-09 0.000000e+00 0.000000e+00
-4.038727e-09 0.000000e+00 0.000000e+00
6.091071e-10 0.000000e+00 0.000000e+00
6.064943e-10 0.000000e+00 0.000000e+00
6.021584e-10 0.000000e+00 0.000000e+00
-3.107926e-09 0.000000e+00 0.000000e+00
-2.497733e-09 0.000000e+00 0.000000e+00
-1.955840e-09 0.000000e+00 0.000000e+00
-1.961241e-09 0.000000e+00 0.000000e+00
-1.953136e-09 0.000000e+00 0.000000e+00
-1.136835e-09 0.000000e+00 0.000000e+00
-3.603684e-10 0.000000e+00 0.000000e+00
-4.152723e-10 0.000000e+00 0.000000e+00
4.354533e-10 0.000000e+00 0.000000e+00
4.446467e-10 0.000000e+00 0.000000e+00
4.985019e-10 0.000000e+00 0.000000e+00
5.326329e-10 0.000000e+00 0.000000e+00
-1.505788e-10 0.000000e+00 0.000000e+00
-2.463349e-10 0.000000e+00 0.000000e+00
-1.098848e-10 0.000000e+00 0.000000e+00
-1.953914e-10 0.000000e+00 0.000000e+00
-1.451080e-10 0.000000e+00 0.000000e+00
-5.320953e-10 0.000000e+00 0.000000e+00
4.080122e-10 0.000000e+00 0.000000e+00
3.938656e-10 0.000000e+00 0.000000e+00
4.489370e-10 0.000000e+00 0.000000e+00
4.344183e-10 0.000000e+00 0.000000e+00
-1.418706e-09 0.000000e+00 0.000000e+00
-5.193671e-10 0.000000e+00 0.000000e+00
-2.830098e-09 0.000000e+00 0.000000e+00
-2.850722e-09 0.000000e+00 0.000000e+00
-2.839636e-09 0.000000e+00 0.000000e+00
6.301063e-10 0.000000e+00 0.000000e+00
6.294680e-10 0.000000e+00 0.000000e+00
6.220701e-10 0.000000e+00 0.000000e+00
6.297425e-10 0.000000e+00 0.000000e+00
6.240170e-10 0.000000e+00 0.000000e+00
5.719418e-10 0.000000e+00 0.000000e+00
5.715025e-10 0.000000e+00 0.000000e+00
6.123360e-10 0.000000e+00 0.000000e+00
6.285981e-10 0.000000e+00 0.000000e+00
7.803940e-09 0.000000e+00 0.000000e+00
-2.780358e-09 0.000000e+00 0.000000e+00
5.583174e-10 0.000000e+00 0.000000e+00
6.299623e-10 0.000000e+00 0.000000e+00
6.231472e-10 0.000000e+00 0.000000e+00
6.299779e-10 0.000000e+00 0.000000e+00
1.516062e-09 0.000000e+00 0.000000e+00
1.486526e-09 0.000000e+00 0.000000e+00
2.259516e-09 0.000000e+00 0.000000e+00
1.402524e-09 0.000000e+00 0.000000e+00
3.244469e-10 0.000000e+00 0.000000e+00
3.194654e-10 0.000000e+00 0.000000e+00
3.410969e-10 0.000000e+00 0.000000e+00
3.337208e-10 0.000000e+00 0.000000e+00
3.406005e-10 0.000000e+00 0.000000e+00
3.476083e-10 0.000000e+00 0.000000e+00
3.433053e-10 0.000000e+00 0.000000e+00
3.411963e-10 0.000000e+00 0.000000e+00
3.367524e-10 0.000000e+00 0.000000e+00
3.335326e-10 0.000000e+00 0.000000e+00
-4.256459e-10 0.000000e+00 0.000000e+00
5.571829e-11 0.000000e+00 0.000000e+00
5.030729e-11 0.000000e+00 0.000000e+00
5.238349e-11 0.000000e+00 0.000000e+00
4.629799e-11 0.000000e+00 0.000000e+00
2.892827e-09 0.000000e+00 0.000000e+00
3.373479e-10 0.000000e+00 0.000000e+00
3.312837e-10 0.000000e+00 0.000000e+00
2.665844e-10 0.000000e+00 0.000000e+00
2.643425e-10 0.000000e+00 0.000000e+00
2.597752e-10 0.000000e+00 0.000000e+00
2.856250e-10 0.000000e+00 0.000000e+00
-8.353176e-11 0.000000e+00 0.000000e+00
-7.899673e-11 0.000000e+00 0.000000e+00
-8.090958e-11 0.000000e+00 0.000000e+00
-2.880838e-10 0.000000e+00 0.000000e+00
-2.934417e-10 0.000000e+00 0.000000e+00
-1.792423e-12 0.000000e+00 0.000000e+00
2.034158e-11 0.000000e+00 0.000000e+00
1.456444e-11 0.000000e+00 0.000000e+00
2.526513e-11 0.000000e+00 0.000000e+00
1.217460e-11 0.000000e+00 0.000000e+00
-2.073277e-10 0.000000e+00 0.000000e+00
-2.069719e-10 0.000000e+00 0.000000e+00
-4.836949e-10 0.000000e+00 0.000000e+00
-4.773301e-10 0.000000e+00 0.000000e+00
-4.768254e-10 0.000000e+00 0.000000e+00
-4.598886e-10 0.000000e+00 0.000000e+00
1.508328e-09 0.000000e+00 0.000000e+00
2.081259e-09 0.000000e+00 0.000000e+00
-1.006119e-10 0.000000e+00 0.000000e+00
2.775015e-10 0.000000e+00 0.000000e+00
2.891896e-10 0.000000e+00 0.000000e+00
2.819595e-10 0.000000e+00 0.000000e+00
2.779142e-10 0.000000e+00 0.000000e+00
2.573200e-10 0.000000e+00 0.000000e+00
1.485056e-10 0.000000e+00 0.000000e+00
-2.097117e-10 0.000000e+00 0.000000e+00
-2.066338e-10 0.000000e+00 0.000000e+00
-2.072702e-10 0.000000e+00 0.000000e+00
-4.659008e-10 0.000000e+00 0.000000e+00
-4.435910e-10 0.000000e+00 0.000000e+00
-5.965736e-10 0.000000e+00 0.000000e+00
-6.251533e-10 0.000000e+00 0.000000e+00
-6.206815e-10 0.000000e+00 0.000000e+00
-5.781169e-10 0.000000e+00 0.000000e+00
1.592769e-10 0.000000e+00 0.000000e+00
4.473372e-10 0.000000e+00 0.000000e+00
5.265878e-10 0.000000e+00 0.000000e+00
5.288836e-10 0.000000e+00 0.000000e+00
1.165984e-10 0.000000e+00 0.000000e+00
6.098029e-10 0.000000e+00 0.000000e+00
6.192538e-10 0.000000e+00 0.000000e+00
6.140607e-10 0.000000e+00 0.000000e+00
6.129122e-10 0.000000e+00 0.000000e+00
6.123065e-10 0.000000e+00 0.000000e+00
6.155605e-10 0.000000e+00 0.000000e+00
6.133427e-10 0.000000e+00 0.000000e+00
6.216412e-10 0.000000e+00 0.000000e+00
6.188638e-10 0.000000e+00 0.000000e+00
6.170976e-10 0.000000e+00 0.000000e+00
6.188734e-10 0.000000e+00 0.000000e+00
-2.076758e-10 0.000000e+00 0.000000e+00
5.413370e-10 0.000000e+00 0.000000e+00
6.871420e-11 0.000000e+00 0.000000e+00
4.821326e-10 0.000000e+00 0.000000e+00
4.751485e-10 0.000000e+00 0.000000e+00
-2.788289e-10 0.000000e+00 0.000000e+00
1.121922e-09 0.000000e+00 0.000000e+00
6.317563e-10 0.000000e+00 0.000000e+00
6.310652e-10 0.000000e+00 0.000000e+00
6.316793e-10 0.000000e+00 0.000000e+00
-3.701058e-10 0.000000e+00 0.000000e+00
-5.264516e-10 0.000000e+00 0.000000e+00
-5.161143e-10 0.000000e+00 0.000000e+00
6.190340e-10 0.000000e+00 0.000000e+00
6.216780e-10 0.000000e+00 0.000000e+00
6.196149e-10 0.000000e+00 0.000000e+00
-5.435115e-09 0.000000e+00 0.000000e+00
-5.269423e-09 0.000000e+00 0.000000e+00
-5.329918e-09 0.000000e+00 0.000000e+00
-5.606037e-09 0.000000e+00 0.000000e+00
-5.738004e-09 0.000000e+00 0.000000e+00
-5.663432e-09 0.000000e+00 0.000000e+00
-5.515797e-09 0.000000e+00 0.000000e+00
-6.162871e-09 0.000000e+00 0.000000e+00
-5.692372e-09 0.000000e+00 0.000000e+00
-2.135098e-09 0.000000e+00 0.000000e+00
-2.064245e-09 0.000000e+00 0.000000e+00
-2.071296e-09 0.000000e+00 0.000000e+00
-2.106817e-09 0.000000e+00 0.000000e+00
-2.095117e-09 0.000000e+00 0.000000e+00
-1.559420e-09 0.000000e+00 0.000000e+00
-1.575338e-09 0.000000e+00 0.000000e+00
-1.541582e-09 0.000000e+00 0.000000e+00
-1.565445e-09 0.000000e+00 0.000000e+00
-2.463131e-09 0.000000e+00 0.000000e+00
-1.310028e-09 0.000000e+00 0.000000e+00
-1.302878e-09 0.000000e+00 0.000000e+00
-1.338333e-09 0.000000e+00 0.000000e+00
-1.323134e-09 0.000000e+00 0.000000e+00
-1.571095e-09 0.000000e+00 0.000000e+00
-1.558334e-09 0.000000e+00 0.000000e+00
-1.683923e-09 0.000000e+00 0.000000e+00
-1.697336e-09 0.000000e+00 0.000000e+00
-1.693464e-09 0.000000e+00 0.000000e+00
-1.555655e-09 0.000000e+00 0.000000e+00
-2.802909e-09 0.000000e+00 0.000000e+00
4.523607e-10 0.000000e+00 0.000000e+00
5.179418e-10 0.000000e+00 0.000000e+00
5.173508e-10 0.000000e+00 0.000000e+00
5.481383e-10 0.000000e+00 0.000000e+00
5.464417e-10 0.000000e+00 0.000000e+00
4.953886e-10 0.000000e+00 0.000000e+00
-1.302673e-09 0.000000e+00 0.000000e+00
1.549958e-12 0.000000e+00 0.000000e+00
-1.555520e-10 0.000000e+00 0.000000e+00
3.724287e-09 0.000000e+00 0.000000e+00
3.672341e-09 0.000000e+00 0.000000e+00
3.883704e-09 0.000000e+00 0.000000e+00
3.907212e-09 0.000000e+00 0.000000e+00
3.872352e-09 0.000000e+00 0.000000e+00
3.872635e-09 0.000000e+00 0.000000e+00
3.856541e-09 0.000000e+00 0.000000e+00
2.116874e-09 0.000000e+00 0.000000e+00
2.082392e-09 0.000000e+00 0.000000e+00
2.107927e-09 0.000000e+00 0.000000e+00
2.111182e-09 0.000000e+00 0.000000e+00
2.094139e-09 0.000000e+00 0.000000e+00
2.098007e-09 0.000000e+00 0.000000e+00
2.111025e-09 0.000000e+00 0.000000e+00
2.088338e-09 0.000000e+00 0.000000e+00
3.353371e-10 0.000000e+00 0.000000e+00
3.271460e-10 0.000000e+00 0.000000e+00
1.421710e-10 0.000000e+00 0.000000e+00
1.027450e-10 0.000000e+00 0.000000e+00
-1.059297e-10 0.000000e+00 0.000000e+00
-2.060755e-10 0.000000e+00 0.000000e+00
6.287678e-10 0.000000e+00 0.000000e+00
6.274286e-10 0.000000e+00 0.000000e+00
6.276903e-10 0.000000e+00 0.000000e+00
6.300490e-10 0.000000e+00 0.000000e+00
6.267178e-10 0.000000e+00 0.000000e+00
6.267092e-10 0.000000e+00 0.000000e+00
6.266113e-10 0.000000e+00 0.000000e+00
6.266902e-10 0.000000e+00 0.000000e+00
6.270634e-10 0.000000e+00 0.000000e+00
-1.045935e-08 0.000000e+00 0.000000e+00
-6.152822e-10 0.000000e+00 0.000000e+00
-6.274600e-10 0.000000e+00 0.000000e+00
-6.278872e-10 0.000000e+00 0.000000e+00
-6.279149e-10 0.000000e+00 0.000000e+00
-2.383392e-10 0.000000e+00 0.000000e+00
-4.090530e-10 0.000000e+00 0.000000e+00
-4.082491e-10 0.000000e+00 0.000000e+00
-4.100044e-10 0.000000e+00 0.000000e+00
-2.810969e-10 0.000000e+00 0.000000e+00
-2.743796e-10 0.000000e+00 0.000000e+00
-2.930666e-10 0.000000e+00 0.000000e+00
-2.933829e-10 0.000000e+00 0.000000e+00
-2.928333e-10 0.000000e+00 0.000000e+00
-2.855879e-10 0.000000e+00 0.000000e+00
-2.949539e-10 0.000000e+00 0.000000e+00
2.865882e-10 0.000000e+00 0.000000e+00
2.869613e-10 0.000000e+00 0.000000e+00
2.763323e-10 0.000000e+00 0.000000e+00
2.772594e-10 0.000000e+00 0.000000e+00
2.883444e-10 0.000000e+00 0.000000e+00
2.806287e-10 0.000000e+00 0.000000e+00
2.803546e-10 0.000000e+00 0.000000e+00
-3.742860e-10 0.000000e+00 0.000000e+00
2.235684e-09 0.000000e+00 0.000000e+00
2.219308e-09 0.000000e+00 0.000000e+00
-5.719175e-10 0.000000e+00 0.000000e+00
-2.983890e-10 0.000000e+00 0.000000e+00
-2.965963e-10 0.000000e+00 0.000000e+00
-3.033211e-10 0.000000e+00 0.000000e+00
-3.786628e-10 0.000000e+00 0.000000e+00
-3.763644e-10 0.000000e+00 0.000000e+00
-3.706447e-10 0.000000e+00 0.000000e+00
-3.713921e-10 0.000000e+00 0.000000e+00
-3.712880e-10 0.000000e+00 0.000000e+00
-3.721404e-10 0.000000e+00 0.000000e+00
-3.775915e-10 0.000000e+00 0.000000e+00
-5.226943e-10 0.000000e+00 0.000000e+00
3.267713e-10 0.000000e+00 0.000000e+00
4.197796e-09 0.000000e+00 0.000000e+00
4.209371e-09 0.000000e+00 0.000000e+00
4.566999e-09 0.000000e+00 0.000000e+00
4.269481e-09 0.000000e+00 0.000000e+00
4.245776e-09 0.000000e+00 0.000000e+00
4.279721e-09 0.000000e+00 0.000000e+00
4.186447e-09 0.000000e+00 0.000000e+00
4.228089e-09 0.000000e+00 0.000000e+00
4.193854e-09 0.000000e+00 0.000000e+00
4.263960e-09 0.000000e+00 0.000000e+00
4.273966e-09 0.000000e+00 0.000000e+00
4.713021e-09 0.000000e+00 0.000000e+00
2.396285e-09 0.000000e+00 0.000000e+00
2.741765e-09 0.000000e+00 0.000000e+00
3.205104e-09 0.000000e+00 0.000000e+00
3.153074e-09 0.000000e+00 0.000000e+00
2.716723e-09 0.000000e+00 0.000000e+00
2.752862e-09 0.000000e+00 0.000000e+00
2.777610e-09 0.000000e+00 0.000000e+00
2.597045e-09 0.000000e+00 0.000000e+00
2.612756e-09 0.000000e+00 0.000000e+00
2.641672e-09 0.000000e+00 0.000000e+00
2.618963e-09 0.000000e+00 0.000000e+00
2.601370e-09 0.000000e+00 0.000000e+00
-5.319895e-10 0.000000e+00 0.000000e+00
4.616744e-09 0.000000e+00 0.000000e+00
4.672916e-09 0.000000e+00 0.000000e+00
4.830591e-09 0.000000e+00 0.000000e+00
4.570918e-09 0.000000e+00 0.000000e+00
4.616048e-09 0.000000e+00 0.000000e+00
4.585588e-09 0.000000e+00 0.000000e+00
4.598542e-09 0.000000e+00 0.000000e+00
4.759557e-09 0.000000e+00 0.000000e+00
4.651395e-09 0.000000e+00 0.000000e+00
4.685493e-09 0.000000e+00 0.000000e+00
4.909630e-09 0.000000e+00 0.000000e+00
4.867372e-09 0.000000e+00 0.000000e+00
5.128026e-09 0.000000e+00 0.000000e+00
4.945258e-09 0.000000e+00 0.000000e+00
4.962203e-09 0.000000e+00 0.000000e+00
4.980798e-09 0.000000e+00 0.000000e+00
4.904243e-09 0.000000e+00 0.000000e+00
4.872298e-09 0.000000e+00 0.000000e+00
4.906982e-09 0.000000e+00 0.000000e+00
4.880771e-09 0.000000e+00 0.000000e+00
8.746547e-10 0.000000e+00 0.000000e+00
8.835789e-10 0.000000e+00 0.000000e+00
5.769779e-10 0.000000e+00 0.000000e+00
6.321942e-10 0.000000e+00 0.000000e+00
-1.000195e-09 0.000000e+00 0.000000e+00
-1.175453e-09 0.000000e+00 0.000000e+00
-4.782760e-09 0.000000e+00 0.000000e+00
-4.858675e-09 0.000000e+00 0.000000e+00
-4.888046e-09 0.000000e+00 0.000000e+00
-4.781417e-09 0.000000e+00 0.000000e+00
-4.884839e-09 0.000000e+00 0.000000e+00
-4.794280e-09 0.000000e+00 0.000000e+00
-4.833458e-09 0.000000e+00 0.000000e+00
-4.798081e-09 0.000000e+00 0.000000e+00
-4.751555e-09 0.000000e+00 0.000000e+00
-4.801451e-09 0.000000e+00 0.000000e+00
-4.890253e-09 0.000000e+00 0.000000e+00
-4.808765e-09 0.000000e+00 0.000000e+00
-4.937296e-09 0.000000e+00 0.000000e+00
-4.729336e-09 0.000000e+00 0.000000e+00
6.244265e-10 0.000000e+00 0.000000e+00
5.775972e-10 0.000000e+00 0.000000e+00
-3.647582e-11 0.000000e+00 0.000000e+00
3.754320e-10 0.000000e+00 0.000000e+00
-2.461349e-09 0.000000e+00 0.000000e+00
-2.444042e-09 0.000000e+00 0.000000e+00
-2.040050e-11 0.000000e+00 0.000000e+00
-7.687151e-11 0.000000e+00 0.000000e+00
2.031198e-11 0.000000e+00 0.000000e+00
-6.198281e-10 0.000000e+00 0.000000e+00
-8.322359e-09 0.000000e+00 0.000000e+00
5.496506e-10 0.000000e+00 0.000000e+00
5.287204e-10 0.000000e+00 0.000000e+00
1.906292e-10 0.000000e+00 0.000000e+00
2.209179e-10 0.000000e+00 0.000000e+00
2.724988e-10 0.000000e+00 0.000000e+00
7.046988e-11 0.000000e+00 0.000000e+00
2.595989e-10 0.000000e+00 0.000000e+00
3.184077e-11 0.000000e+00 0.000000e+00
3.121988e-11 0.000000e+00 0.000000e+00
2.402265e-10 0.000000e+00 0.000000e+00
2.501474e-10 0.000000e+00 0.000000e+00
-4.326361e-10 0.000000e+00 0.000000e+00
-4.508033e-10 0.000000e+00 0.000000e+00
-4.374352e-10 0.000000e+00 0.000000e+00
-2.226794e-10 0.000000e+00 0.000000e+00
-2.423105e-10 0.000000e+00 0.000000e+00
1.259148e-09 0.000000e+00 0.000000e+00
-8.660944e-09 0.000000e+00 0.000000e+00
-6.324671e-10 0.000000e+00 0.000000e+00
-5.985851e-10 0.000000e+00 0.000000e+00
-1.007146e-09 0.000000e+00 0.000000e+00
-1.318967e-09 0.000000e+00 0.000000e+00
5.259663e-10 0.000000e+00 0.000000e+00
5.296726e-10 0.000000e+00 0.000000e+00
5.265550e-10 0.000000e+00 0.000000e+00
4.491811e-10 0.000000e+00 0.000000e+00
4.788560e-10 0.000000e+00 0.000000e+00
4.790229e-10 0.000000e+00 0.000000e+00
4.797427e-10 0.000000e+00 0.000000e+00
4.770849e-10 0.000000e+00 0.000000e+00
4.588384e-10 0.000000e+00 0.000000e+00
4.805529e-10 0.000000e+00 0.000000e+00
4.821675e-10 0.000000e+00 0.000000e+00
2.601743e-10 0.000000e+00 0.000000e+00
4.081961e-10 0.000000e+00 0.000000e+00
6.005315e-10 0.000000e+00 0.000000e+00
6.298414e-10 0.000000e+00 0.000000e+00
6.320703e-10 0.000000e+00 0.000000e+00
6.317648e-10 0.000000e+00 0.000000e+00
6.153629e-10 0.000000e+00 0.000000e+00
5.113805e-09 0.000000e+00 0.000000e+00
5.111073e-09 0.000000e+00 0.000000e+00
-6.231374e-10 0.000000e+00 0.000000e+00
6.308351e-10 0.000000e+00 0.000000e+00
-3.108520e-11 0.000000e+00 0.000000e+00
5.942988e-10 0.000000e+00 0.000000e+00
5.997560e-10 0.000000e+00 0.000000e+00
5.920168e-10 0.000000e+00 0.000000e+00
-4.544551e-10 0.000000e+00 0.000000e+00
-3.676447e-10 0.000000e+00 0.000000e+00
1.144751e-08 0.000000e+00 0.000000e+00
8.649033e-10 0.000000e+00 0.000000e+00
8.819201e-10 0.000000e+00 0.000000e+00
7.766208e-10 0.000000e+00 0.000000e+00
2.660742e-11 0.000000e+00 0.000000e+00
3.541004e-11 0.000000e+00 0.000000e+00
3.285934e-09 0.000000e+00 0.000000e+00
3.336584e-09 0.000000e+00 0.000000e+00
2.946940e-09 0.000000e+00 0.000000e+00
1.843955e-09 0.000000e+00 0.000000e+00
1.113683e-09 0.000000e+00 0.000000e+00
1.130080e-09 0.000000e+00 0.000000e+00
1.294731e-09 0.000000e+00 0.000000e+00
4.387697e-10 0.000000e+00 0.000000e+00
-4.094307e-11 0.000000e+00 0.000000e+00
-2.058121e-11 0.000000e+00 0.000000e+00
-2.691035e-11 0.000000e+00 0.000000e+00
-2.100571e-11 0.000000e+00 0.000000e+00
-1.618588e-11 0.000000e+00 0.000000e+00
6.871780e-09 0.000000e+00 0.000000e+00
1.286437e-09 0.000000e+00 0.000000e+00
1.968130e-09 0.000000e+00 0.000000e+00
1.945952e-09 0.000000e+00 0.000000e+00
1.925382e-09 0.000000e+00 0.000000e+00
8.825485e-10 0.000000e+00 0.000000e+00
-4.874518e-10 0.000000e+00 0.000000e+00
-3.205489e-10 0.000000e+00 0.000000e+00
-4.949391e-11 0.000000e+00 0.000000e+00
5.614401e-09 0.000000e+00 0.000000e+00
5.484468e-09 0.000000e+00 0.000000e+00
5.615622e-09 0.000000e+00 0.000000e+00
5.461311e-09 0.000000e+00 0.000000e+00
5.455544e-09 0.000000e+00 0.000000e+00
5.413251e-09 0.000000e+00 0.000000e+00
5.679098e-09 0.000000e+00 0.000000e+00
5.481255e-09 0.000000e+00 0.000000e+00
5.492074e-09 0.000000e+00 0.000000e+00
2.608818e-10 0.000000e+00 0.000000e+00
2.871814e-10 0.000000e+00 0.000000e+00
-2.064305e-10 0.000000e+00 0.000000e+00
-1.999693e-10 0.000000e+00 0.000000e+00
3.111089e-09 0.000000e+00 0.000000e+00
4.348493e-09 0.000000e+00 0.000000e+00
4.361487e-09 0.000000e+00 0.000000e+00
4.583077e-09 0.000000e+00 0.000000e+00
4.550129e-09 0.000000e+00 0.000000e+00
4.589049e-09 0.000000e+00 0.000000e+00
4.562258e-09 0.000000e+00 0.000000e+00
4.587531e-09 0.000000e+00 0.000000e+00
4.630413e-09 0.000000e+00 0.000000e+00
4.600462e-09 0.000000e+00 0.000000e+00
4.582469e-09 0.000000e+00 0.000000e+00
4.572528e-09 0.000000e+00 0.000000e+00
4.612711e-09 0.000000e+00 0.000000e+00
4.600080e-09 0.000000e+00 0.000000e+00
4.222762e-09 0.000000e+00 0.000000e+00
-1.591088e-10 0.000000e+00 0.000000e+00
-6.197034e-10 0.000000e+00 0.000000e+00
-1.069857e-09 0.000000e+00 0.000000e+00
-2.408709e-09 0.000000e+00 0.000000e+00
-3.053070e-09 0.000000e+00 0.000000e+00
5.868279e-10 0.000000e+00 0.000000e+00
-2.673204e-09 0.000000e+00 0.000000e+00
-2.779191e-09 0.000000e+00 0.000000e+00
-2.604023e-09 0.000000e+00 0.000000e+00
6.075895e-10 0.000000e+00 0.000000e+00
6.080615e-10 0.000000e+00 0.000000e+00
-1.954485e-09 0.000000e+00 0.000000e+00
4.968382e-10 0.000000e+00 0.000000e+00
-1.593569e-09 0.000000e+00 0.000000e+00
3.404774e-10 0.000000e+00 0.000000e+00
3.282361e-10 0.000000e+00 0.000000e+00
4.535517e-10 0.000000e+00 0.000000e+00
3.708526e-10 0.000000e+00 0.000000e+00
1.030078e-10 0.000000e+00 0.000000e+00
1.862618e-10 0.000000e+00 0.000000e+00
1.066439e-10 0.000000e+00 0.000000e+00
4.876454e-10 0.000000e+00 0.000000e+00
4.057123e-10 0.000000e+00 0.000000e+00
2.139014e-09 0.000000e+00 0.000000e+00
-5.678843e-10 0.000000e+00 0.000000e+00
8.584981e-10 0.000000e+00 0.000000e+00
2.023520e-10 0.000000e+00 0.000000e+00
1.476336e-10 0.000000e+00 0.000000e+00
1.480165e-10 0.000000e+00 0.000000e+00
1.546250e-10 0.000000e+00 0.000000e+00
5.563605e-09 0.000000e+00 0.000000e+00
5.522372e-09 0.000000e+00 0.000000e+00
5.496516e-09 0.000000e+00 0.000000e+00
5.404165e-09 0.000000e+00 0.000000e+00
5.415892e-09 0.000000e+00 0.000000e+00
5.428301e-09 0.000000e+00 0.000000e+00
5.540415e-09 0.000000e+00 0.000000e+00
5.569434e-09 0.000000e+00 0.000000e+00
5.497390e-09 0.000000e+00 0.000000e+00
5.464789e-09 0.000000e+00 0.000000e+00
5.467072e-09 0.000000e+00 0.000000e+00
5.513424e-09 0.000000e+00 0.000000e+00
5.478049e-09 0.000000e+00 0.000000e+00
5.503278e-09 0.000000e+00 0.000000e+00
5.450928e-09 0.000000e+00 0.000000e+00
5.410222e-09 0.000000e+00 0.000000e+00
5.449393e-09 0.000000e+00 0.000000e+00
6.555584e-09 0.000000e+00 0.000000e+00
3.096857e-09 0.000000e+00 0.000000e+00
-6.314068e-10 0.000000e+00 0.000000e+00
-6.279017e-10 0.000000e+00 0.000000e+00
-6.274766e-10 0.000000e+00 0.000000e+00
-6.102457e-10 0.000000e+00 0.000000e+00
-2.687784e-09 0.000000e+00 0.000000e+00
-2.565398e-09 0.000000e+00 0.000000e+00
-2.373052e-09 0.000000e+00 0.000000e+00
-3.945385e-09 0.000000e+00 0.000000e+00
-3.935911e-09 0.000000e+00 0.000000e+00
-3.953148e-09 0.000000e+00 0.000000e+00
-2.799249e-09 0.000000e+00 0.000000e+00
-1.803724e-09 0.000000e+00 0.000000e+00
-3.450519e-10 0.000000e+00 0.000000e+00
-2.100366e-09 0.000000e+00 0.000000e+00
-2.049148e-09 0.000000e+00 0.000000e+00
-2.100234e-09 0.000000e+00 0.000000e+00
-2.120625e-09 0.000000e+00 0.000000e+00
-2.095403e-09 0.000000e+00 0.000000e+00
9.070815e-11 0.000000e+00 0.000000e+00
9.437120e-11 0.000000e+00 0.000000e+00
9.296401e-11 0.000000e+00 0.000000e+00
-3.697939e-09 0.000000e+00 0.000000e+00
-3.713091e-09 0.000000e+00 0.000000e+00
6.180542e-10 0.000000e+00 0.000000e+00
1.928649e-09 0.000000e+00 0.000000e+00
1.936894e-09 0.000000e+00 0.000000e+00
1.112542e-09 0.000000e+00 0.000000e+00
2.195612e-09 0.000000e+00 0.000000e+00
6.270512e-10 0.000000e+00 0.000000e+00
6.230615e-10 0.000000e+00 0.000000e+00
6.242012e-10 0.000000e+00 0.000000e+00
6.237970e-10 0.000000e+00 0.000000e+00
6.238987e-10 0.000000e+00 0.000000e+00
6.319793e-10 0.000000e+00 0.000000e+00
6.315511e-10 0.000000e+00 0.000000e+00
6.244736e-10 0.000000e+00 0.000000e+00
6.271070e-10 0.000000e+00 0.000000e+00
6.305874e-10 0.000000e+00 0.000000e+00
6.308075e-10 0.000000e+00 0.000000e+00
6.327685e-10 0.000000e+00 0.000000e+00
6.327156e-10 0.000000e+00 0.000000e+00
6.327664e-10 0.000000e+00 0.000000e+00
6.327286e-10 0.000000e+00 0.000000e+00
4.130927e-11 0.000000e+00 0.000000e+00
-4.473560e-10 0.000000e+00 0.000000e+00
-4.451344e-10 0.000000e+00 0.000000e+00
-4.489826e-10 0.000000e+00 0.000000e+00
-4.380065e-10 0.000000e+00 0.000000e+00
-4.236360e-09 0.000000e+00 0.000000e+00
-2.797959e-09 0.000000e+00 0.000000e+00
2.601623e-10 0.000000e+00 0.000000e+00
2.648962e-10 0.000000e+00 0.000000e+00
2.346605e-10 0.000000e+00 0.000000e+00
-1.131828e-08 0.000000e+00 0.000000e+00
1.936524e-09 0.000000e+00 0.000000e+00
-6.938000e-11 0.000000e+00 0.000000e+00
1.958384e-10 0.000000e+00 0.000000e+00
4.077949e-09 0.000000e+00 0.000000e+00
4.289300e-09 0.000000e+00 0.000000e+00
-5.148418e-10 0.000000e+00 0.000000e+00
5.936397e-09 0.000000e+00 0.000000e+00
-5.893847e-09 0.000000e+00 0.000000e+00
-5.903435e-09 0.000000e+00 0.000000e+00
-6.309471e-09 0.000000e+00 0.000000e+00
-5.985809e-09 0.000000e+00 0.000000e+00
-5.915022e-09 0.000000e+00 0.000000e+00
-6.379680e-09 0.000000e+00 0.000000e+00
-6.375188e-09 0.000000e+00 0.000000e+00
-6.370233e-09 0.000000e+00 0.000000e+00
-4.327521e-09 0.000000e+00 0.000000e+00
-2.808260e-09 0.000000e+00 0.000000e+00
-3.422110e-09 0.000000e+00 0.000000e+00
-3.449794e-09 0.000000e+00 0.000000e+00
-3.353340e-09 0.000000e+00 0.000000e+00
-3.386624e-09 0.000000e+00 0.000000e+00
-3.444352e-09 0.000000e+00 0.000000e+00
-3.413744e-09 0.000000e+00 0.000000e+00
-3.398939e-09 0.000000e+00 0.000000e+00
-3.473533e-09 0.000000e+00 0.000000e+00
-3.467316e-09 0.000000e+00 0.000000e+00
-4.986191e-10 0.000000e+00 0.000000e+00
-5.303861e-10 0.000000e+00 0.000000e+00
-4.993627e-09 0.000000e+00 0.000000e+00
5.332289e-10 0.000000e+00 0.000000e+00
1.688328e-10 0.000000e+00 0.000000e+00
1.600998e-10 0.000000e+00 0.000000e+00
2.249661e-10 0.000000e+00 0.000000e+00
5.470257e-11 0.000000e+00 0.000000e+00
6.096382e-11 0.000000e+00 0.000000e+00
-6.089967e-10 0.000000e+00 0.000000e+00
-5.980660e-10 0.000000e+00 0.000000e+00
-5.984072e-10 0.000000e+00 0.000000e+00
-5.959377e-10 0.000000e+00 0.000000e+00
-6.256912e-10 0.000000e+00 0.000000e+00
2.506011e-09 0.000000e+00 0.000000e+00
2.515939e-09 0.000000e+00 0.000000e+00
2.510469e-09 0.000000e+00 0.000000e+00
2.496632e-09 0.000000e+00 0.000000e+00
2.524302e-09 0.000000e+00 0.000000e+00
4.785005e-12 0.000000e+00 0.000000e+00
6.090850e-10 0.000000e+00 0.000000e+00
6.097912e-10 0.000000e+00 0.000000e+00
6.094750e-10 0.000000e+00 0.000000e+00
6.096422e-10 0.000000e+00 0.000000e+00
6.131805e-10 0.000000e+00 0.000000e+00
6.106380e-10 0.000000e+00 0.000000e+00
-4.061374e-11 0.000000e+00 0.000000e+00
6.326129e-10 0.000000e+00 0.000000e+00
6.326054e-10 0.000000e+00 0.000000e+00
6.247122e-10 0.000000e+00 0.000000e+00
6.257560e-10 0.000000e+00 0.000000e+00
6.321470e-10 0.000000e+00 0.000000e+00
5.994073e-10 0.000000e+00 0.000000e+00
5.451263e-09 0.000000e+00 0.000000e+00
5.419658e-09 0.000000e+00 0.000000e+00
5.537327e-09 0.000000e+00 0.000000e+00
5.456689e-09 0.000000e+00 0.000000e+00
5.606128e-09 0.000000e+00 0.000000e+00
5.483482e-09 0.000000e+00 0.000000e+00
5.527269e-09 0.000000e+00 0.000000e+00
5.495697e-09 0.000000e+00 0.000000e+00
5.437696e-09 0.000000e+00 0.000000e+00
5.450543e-09 0.000000e+00 0.000000e+00
5.507959e-09 0.000000e+00 0.000000e+00
5.482484e-09 0.000000e+00 0.000000e+00
5.447172e-09 0.000000e+00 0.000000e+00
-6.299203e-10 0.000000e+00 0.000000e+00
-6.305527e-10 0.000000e+00 0.000000e+00
-7.896028e-10 0.000000e+00 0.000000e+00
6.320537e-10 0.000000e+00 0.000000e+00
6.324998e-10 0.000000e+00 0.000000e+00
6.322761e-10 0.000000e+00 0.000000e+00
6.321621e-10 0.000000e+00 0.000000e+00
6.320419e-10 0.000000e+00 0.000000e+00
6.316931e-10 0.000000e+00 0.000000e+00
6.323934e-10 0.000000e+00 0.000000e+00
6.323948e-10 0.000000e+00 0.000000e+00
-5.912325e-10 0.000000e+00 0.000000e+00
-3.921442e-10 0.000000e+00 0.000000e+00
-2.084714e-10 0.000000e+00 0.000000e+00
-4.399795e-10 0.000000e+00 0.000000e+00
-4.559759e-10 0.000000e+00 0.000000e+00
6.588718e-09 0.000000e+00 0.000000e+00
5.884167e-09 0.000000e+00 0.000000e+00
-1.683297e-10 0.000000e+00 0.000000e+00
8.817059e-10 0.000000e+00 0.000000e+00
4.597508e-09 0.000000e+00 0.000000e+00
5.526597e-10 0.000000e+00 0.000000e+00
5.075050e-10 0.000000e+00 0.000000e+00
2.622622e-10 0.000000e+00 0.000000e+00
2.683565e-10 0.000000e+00 0.000000e+00
2.913580e-10 0.000000e+00 0.000000e+00
-2.988254e-10 0.000000e+00 0.000000e+00
3.607464e-10 0.000000e+00 0.000000e+00
2.145647e-10 0.000000e+00 0.000000e+00
2.617749e-10 0.000000e+00 0.000000e+00
2.190888e-10 0.000000e+00 0.000000e+00
2.601862e-10 0.000000e+00 0.000000e+00
-2.474108e-10 0.000000e+00 0.000000e+00
-2.417169e-10 0.000000e+00 0.000000e+00
-2.461941e-10 0.000000e+00 0.000000e+00
-2.558551e-10 0.000000e+00 0.000000e+00
-2.480768e-10 0.000000e+00 0.000000e+00
-5.769546e-10 0.000000e+00 0.000000e+00
-5.806151e-10 0.000000e+00 0.000000e+00
1.374135e-09 0.000000e+00 0.000000e+00
4.422503e-09 0.000000e+00 0.000000e+00
4.465848e-09 0.000000e+00 0.000000e+00
4.401704e-09 0.000000e+00 0.000000e+00
4.416158e-09 0.000000e+00 0.000000e+00
7.491547e-11 0.000000e+00 0.000000e+00
6.140207e-11 0.000000e+00 0.000000e+00
1.273264e-10 0.000000e+00 0.000000e+00
2.850646e-10 0.000000e+00 0.000000e+00
1.431383e-10 0.000000e+00 0.000000e+00
-2.676085e-11 0.000000e+00 0.000000e+00
-1.896643e-11 0.000000e+00 0.000000e+00
2.787007e-11 0.000000e+00 0.000000e+00
-5.274340e-10 0.000000e+00 0.000000e+00
-5.260539e-10 0.000000e+00 0.000000e+00
-2.537347e-10 0.000000e+00 0.000000e+00
-1.227679e-09 0.000000e+00 0.000000e+00
7.534978e-09 0.000000e+00 0.000000e+00
-5.750508e-11 0.000000e+00 0.000000e+00
-6.018283e-10 0.000000e+00 0.000000e+00
-7.207371e-10 0.000000e+00 0.000000e+00
-7.223645e-10 0.000000e+00 0.000000e+00
-5.263385e-10 0.000000e+00 0.000000e+00
-3.249096e-10 0.000000e+00 0.000000e+00
-3.155063e-10 0.000000e+00 0.000000e+00
-2.974947e-10 0.000000e+00 0.000000e+00
-3.074816e-10 0.000000e+00 0.000000e+00
-2.920054e-10 0.000000e+00 0.000000e+00
-3.169679e-10 0.000000e+00 0.000000e+00
-6.668908e-09 0.000000e+00 0.000000e+00
-5.227056e-09 0.000000e+00 0.000000e+00
-5.246182e-09 0.000000e+00 0.000000e+00
-5.212084e-09 0.000000e+00 0.000000e+00
-5.255429e-09 0.000000e+00 0.000000e+00
-5.226591e-09 0.000000e+00 0.000000e+00
-5.205501e-09 0.000000e+00 0.000000e+00
-5.303357e-09 0.000000e+00 0.000000e+00
-5.496431e-09 0.000000e+00 0.000000e+00
-5.557417e-09 0.000000e+00 0.000000e+00
-5.528164e-09 0.000000e+00 0.000000e+00
-5.559363e-09 0.000000e+00 0.000000e+00
-5.520451e-09 0.000000e+00 0.000000e+00
-5.571150e-09 0.000000e+00 0.000000e+00
-5.560713e-09 0.000000e+00 0.000000e+00
-6.019448e-09 0.000000e+00 0.000000e+00
