step K U E temp
0 2.021450e-21 -4.102958e-18 -4.100937e-18 2.928261e+02
1000 1.004846e-21 -4.108931e-18 -4.107926e-18 1.455614e+02
2000 2.082813e-21 -4.109740e-18 -4.107657e-18 3.017150e+02
3000 1.516203e-21 -4.108483e-18 -4.106966e-18 2.196363e+02
4000 7.107570e-23 -4.109915e-18 -4.109844e-18 1.029598e+01
5000 4.536065e-22 -4.107792e-18 -3.927338e-18 6.570917e+01
6000 9.365553e-21 -4.096850e-18 -3.967203e-18 1.356689e+03
7000 2.660190e-22 -4.092758e-18 -3.972477e-18 3.853535e+01
8000 1.662562e-21 -4.094081e-18 -3.972379e-18 2.408378e+02
9000 6.282028e-23 -4.098134e-18 -3.977401e-18 9.100109e+00
10000 3.113384e-22 -4.102014e-18 -3.794453e-18 4.510030e+01
11000 2.602934e-22 -4.096185e-18 -3.831799e-18 3.770595e+01
12000 8.447170e-23 -4.084621e-18 -3.844316e-18 1.223652e+01
13000 4.225522e-23 -4.091988e-18 -3.846032e-18 6.121066e+00
14000 1.205902e-23 -4.086695e-18 -3.846079e-18 1.746863e+00
15000 1.859486e-21 -4.084767e-18 -3.662671e-18 2.693641e+02
16000 1.393996e-21 -4.066698e-18 -3.701293e-18 2.019334e+02
17000 4.056243e-21 -4.069232e-18 -3.697618e-18 5.875850e+02
18000 4.672062e-22 -4.064708e-18 -3.701905e-18 6.767921e+01
19000 3.327136e-23 -4.066868e-18 -3.702641e-18 4.819669e+00
20000 7.390977e-27 -4.058948e-18 -3.518545e-18 1.070653e-03
21000 1.677933e-22 -4.107485e-18 -3.627317e-18 2.430644e+01
22000 7.585453e-22 -4.104125e-18 -3.623366e-18 1.098824e+02
23000 3.668568e-21 -4.102124e-18 -3.618455e-18 5.314266e+02
24000 1.403837e-20 -4.101042e-18 -3.607003e-18 2.033590e+03
25000 5.995258e-22 -4.108859e-18 -3.448237e-18 8.684696e+01
26000 5.982623e-22 -4.101986e-18 -3.500172e-18 8.666392e+01
27000 1.484047e-22 -4.097979e-18 -3.497789e-18 2.149781e+01
28000 8.080021e-22 -4.104075e-18 -3.497451e-18 1.170467e+02
29000 2.083281e-21 -4.101765e-18 -3.498661e-18 3.017828e+02
30000 1.165909e-27 -4.105154e-18 -3.313079e-18 1.688928e-04
31000 1.756460e-22 -4.088390e-18 -3.368188e-18 2.544397e+01
32000 2.973107e-21 -4.097049e-18 -3.369074e-18 4.306826e+02
33000 1.366253e-21 -4.085734e-18 -3.364363e-18 1.979146e+02
34000 2.840239e-21 -4.094417e-18 -3.370356e-18 4.114353e+02
35000 4.112742e-21 -4.092552e-18 -3.188034e-18 5.957694e+02
36000 4.809759e-22 -4.080222e-18 -3.232784e-18 6.967388e+01
37000 1.764722e-21 -4.055376e-18 -3.213611e-18 2.556366e+02
38000 3.823009e-21 -4.072278e-18 -3.228092e-18 5.537988e+02
39000 1.589433e-21 -4.085912e-18 -3.214505e-18 2.302444e+02
40000 1.973004e-21 -4.078269e-18 -3.052620e-18 2.858082e+02
41000 3.576345e-23 -4.092524e-18 -3.098448e-18 5.180672e+00
42000 2.314788e-19 -3.351145e-18 -2.159666e-18 3.353188e+04
43000 3.410330e-22 -4.038058e-18 -3.077716e-18 4.940184e+01
44000 4.164995e-21 -4.060021e-18 -3.092158e-18 6.033387e+02
45000 1.647711e-22 -4.056372e-18 -2.914951e-18 2.386864e+01
46000 1.965443e-21 -4.109910e-18 -2.996954e-18 2.847129e+02
47000 4.213951e-20 -3.810915e-18 -2.688776e-18 6.104305e+03
48000 3.264404e-21 -4.039351e-18 -2.944259e-18 4.728797e+02
49000 7.128932e-23 -4.037239e-18 -2.949225e-18 1.032693e+01
50000 6.830058e-21 -4.028872e-18 -2.760891e-18 9.893981e+02
51000 3.294416e-21 -4.109727e-18 -2.883864e-18 4.772272e+02
52000 6.833446e-21 -4.098725e-18 -2.855589e-18 9.898890e+02
53000 3.554999e-20 -4.094007e-18 -2.798123e-18 5.149751e+03
54000 1.676691e-21 -4.109985e-18 -2.891246e-18 2.428845e+02
55000 1.676647e-22 -4.109819e-18 -2.691616e-18 2.428780e+01
56000 2.876499e-21 -4.044599e-18 -2.676651e-18 4.166880e+02
57000 8.402166e-23 -4.023503e-18 -2.703018e-18 1.217133e+01
58000 1.930261e-21 -4.109758e-18 -2.744759e-18 2.796165e+02
59000 1.321440e-21 -4.068292e-18 -2.701218e-18 1.914230e+02
60000 6.592646e-22 -4.031732e-18 -2.528457e-18 9.550068e+01
61000 1.100543e-20 -4.025045e-18 -2.517276e-18 1.594240e+03
62000 3.740957e-20 -3.905157e-18 -2.427748e-18 5.419128e+03
63000 1.124848e-19 -3.915780e-18 -2.363295e-18 1.629448e+04
64000 9.527736e-20 -3.926654e-18 -2.391377e-18 1.380182e+04
65000 1.014020e-19 -3.965663e-18 -2.244259e-18 1.468903e+04
66000 1.348007e-22 -4.016863e-18 -2.423432e-18 1.952715e+01
67000 4.604598e-21 -4.001146e-18 -2.433295e-18 6.670194e+02
68000 9.889313e-23 -3.999092e-18 -2.436855e-18 1.432560e+01
69000 9.299347e-23 -4.007682e-18 -2.437221e-18 1.347098e+01
70000 1.616899e-21 -4.000039e-18 -2.255822e-18 2.342231e+02
71000 7.722912e-23 -4.109672e-18 -2.324253e-18 1.118737e+01
72000 9.839359e-22 -3.214171e-18 -1.533187e-18 1.425324e+02
73000 7.906081e-22 -4.070864e-18 -2.353946e-18 1.145270e+02
74000 2.971800e-21 -4.069511e-18 -2.339985e-18 4.304932e+02
75000 7.392830e-21 -4.096853e-18 -2.194098e-18 1.070921e+03
76000 9.784350e-22 -4.001137e-18 -2.191452e-18 1.417355e+02
77000 3.661130e-20 -3.671412e-18 -1.834800e-18 5.303492e+03
78000 1.275787e-20 -4.080237e-18 -2.214952e-18 1.848098e+03
79000 1.131402e-22 -4.080735e-18 -2.215911e-18 1.638942e+01
80000 5.334308e-21 -4.069390e-18 -2.045007e-18 7.727247e+02
81000 6.312519e-21 -3.614844e-18 -1.688531e-18 9.144278e+02
82000 1.433258e-19 -4.008946e-18 -1.931659e-18 2.076209e+04
83000 3.918624e-19 -4.108611e-18 -1.737858e-18 5.676496e+04
84000 9.125699e-21 -4.109844e-18 -2.084519e-18 1.321943e+03
85000 7.345722e-21 -4.022441e-18 -1.854917e-18 1.064097e+03
86000 7.544337e-22 -4.005097e-18 -1.954388e-18 1.092868e+02
87000 8.322717e-22 -4.011040e-18 -1.952900e-18 1.205624e+02
88000 1.449927e-21 -4.008493e-18 -1.953698e-18 2.100356e+02
89000 1.301175e-21 -4.007461e-18 -1.954075e-18 1.884875e+02
90000 3.077229e-21 -3.999233e-18 -1.767049e-18 4.457655e+02
91000 6.132949e-21 -3.972581e-18 -1.800101e-18 8.884154e+02
92000 3.777838e-22 -3.975446e-18 -1.805326e-18 5.472553e+01
93000 4.492872e-21 -3.964432e-18 -1.798425e-18 6.508347e+02
94000 1.166552e-22 -3.958382e-18 -1.797836e-18 1.689861e+01
95000 1.369562e-20 -3.969962e-18 -1.612123e-18 1.983940e+03
96000 1.719199e-21 -3.946162e-18 -1.649709e-18 2.490421e+02
97000 3.828341e-21 -3.998518e-18 -1.640283e-18 5.545712e+02
98000 3.008379e-21 -4.006834e-18 -1.638568e-18 4.357920e+02
99000 6.867429e-21 -4.087572e-18 -1.727370e-18 9.948117e+02
100000 1.703585e-22 -4.092820e-18 -1.555299e-18 2.467803e+01
101000 1.726814e-21 -4.076157e-18 -1.590880e-18 2.501453e+02
102000 8.809315e-20 -4.045143e-18 -1.499275e-18 1.276112e+04
103000 1.322169e-21 -4.082981e-18 -1.589169e-18 1.915287e+02
104000 2.707734e-21 -4.098165e-18 -1.657060e-18 3.922407e+02
105000 6.743298e-20 -3.119231e-18 -4.717980e-19 9.768302e+03
106000 1.526322e-19 -4.082210e-18 -1.346498e-18 2.211022e+04
107000 1.353122e-21 -4.014323e-18 -1.391645e-18 1.960125e+02
108000 5.154176e-22 -3.996392e-18 -1.404187e-18 7.466309e+01
109000 4.462545e-21 -4.033847e-18 -1.444198e-18 6.464416e+02
110000 8.186400e-22 -4.001661e-18 -1.222517e-18 1.185877e+02
111000 2.613113e-21 -4.100419e-18 -1.422414e-18 3.785341e+02
112000 4.336184e-20 -3.918460e-18 -1.233044e-18 6.281370e+03
113000 5.589698e-20 -4.081944e-18 -1.322630e-18 8.097203e+03
114000 1.841130e-21 -3.938659e-18 -1.291273e-18 2.667050e+02
115000 4.453081e-22 -3.947283e-18 -1.110116e-18 6.450707e+01
116000 4.039734e-22 -3.914823e-18 -1.148145e-18 5.851934e+01
117000 1.902529e-21 -3.931316e-18 -1.133804e-18 2.755992e+02
118000 1.636351e-23 -3.911598e-18 -1.147602e-18 2.370408e+00
119000 1.542586e-21 -3.913117e-18 -1.146620e-18 2.234581e+02
120000 7.692493e-23 -3.911212e-18 -9.673755e-19 1.114330e+01
121000 2.811667e-20 -3.903516e-18 -9.407961e-19 4.072965e+03
122000 5.173344e-20 -3.944100e-18 -9.361393e-19 7.494075e+03
123000 8.914548e-20 -3.252679e-18 -2.824150e-19 1.291356e+04
124000 4.851964e-19 -4.072439e-18 -6.550468e-19 7.028526e+04
125000 5.291016e-21 -4.025507e-18 -8.974680e-19 7.664535e+02
126000 8.747977e-21 -4.084390e-18 -9.773793e-19 1.267227e+03
127000 7.137882e-23 -4.054415e-18 -9.926444e-19 1.033989e+01
128000 2.801730e-20 -4.100608e-18 -9.551498e-19 4.058570e+03
129000 5.248275e-20 -3.758623e-18 -7.061398e-19 7.602620e+03
130000 7.453467e-20 -4.014199e-18 -6.242811e-19 1.079705e+04
131000 2.013182e-22 -3.878630e-18 -7.498779e-19 2.916284e+01
132000 1.181590e-24 -3.884020e-18 -7.487779e-19 1.711644e-01
133000 9.513491e-22 -3.860422e-18 -7.388543e-19 1.378119e+02
134000 1.483030e-23 -4.091292e-18 -9.064972e-19 2.148308e+00
135000 1.158197e-21 -4.078457e-18 -6.947410e-19 1.677757e+02
136000 4.316827e-22 -3.852273e-18 -6.117041e-19 6.253331e+01
137000 3.425274e-19 -4.087443e-18 -3.661598e-19 4.961831e+04
138000 3.870042e-20 -3.641257e-18 -3.625564e-19 5.606120e+03
139000 1.226524e-21 -4.101459e-18 -8.204592e-19 1.776736e+02
140000 2.376210e-21 -4.102023e-18 -6.359430e-19 3.442164e+02
141000 4.807910e-19 -3.889646e-18 -2.370807e-20 6.964710e+04
142000 2.850519e-22 -3.932048e-18 -5.616820e-19 4.129244e+01
143000 6.729920e-23 -3.927784e-18 -5.613011e-19 9.748922e+00
144000 8.270527e-23 -3.926017e-18 -5.606827e-19 1.198064e+01
145000 3.818682e-21 -3.936850e-18 -3.771506e-19 5.531720e+02
146000 4.769517e-22 -3.898278e-18 -4.090741e-19 6.909094e+01
147000 8.759246e-20 -4.035285e-18 -3.598524e-19 1.268859e+04
148000 1.290254e-20 -3.939899e-18 -3.672646e-19 1.869054e+03
149000 1.680169e-22 -4.071822e-18 -5.409872e-19 2.433883e+01
150000 4.140168e-20 -4.041137e-18 -2.552366e-19 5.997423e+03
151000 3.140019e-20 -3.704863e-18 -7.346258e-20 4.548613e+03
152000 5.553884e-19 -3.720034e-18 4.353545e-19 8.045323e+04
153000 6.077948e-20 -3.948174e-18 -2.015114e-19 8.804480e+03
154000 1.753415e-22 -4.089372e-18 -4.249347e-19 2.539987e+01
155000 8.681135e-21 -4.109563e-18 -2.782183e-19 1.257544e+03
156000 3.115786e-22 -3.872124e-18 -1.480543e-19 4.513509e+01
157000 3.026536e-24 -3.879837e-18 -1.500213e-19 4.384222e-01
158000 2.080565e-20 -3.837448e-18 -9.663702e-20 3.013894e+03
159000 4.291289e-20 -4.105190e-18 -2.320562e-19 6.216337e+03
160000 7.378261e-22 -4.084540e-18 -1.233674e-19 1.068811e+02
161000 8.794676e-22 -4.094814e-18 -1.727027e-19 1.273992e+02
162000 3.438577e-20 -3.903624e-18 -1.507088e-20 4.981102e+03
163000 1.372164e-22 -4.107438e-18 -1.761279e-19 1.987709e+01
164000 1.195951e-20 -4.106870e-18 -1.690092e-19 1.732447e+03
165000 1.803991e-23 -4.095953e-18 1.468125e-21 2.613251e+00
166000 3.582112e-21 -4.106109e-18 -6.115537e-20 5.189026e+02
167000 5.077089e-24 -4.106446e-18 -6.348839e-20 7.354642e-01
168000 3.407661e-22 -4.105071e-18 -6.377988e-20 4.936318e+01
169000 6.353085e-21 -3.873714e-18 9.729033e-20 9.203041e+02
170000 2.185086e-21 -3.858483e-18 2.841407e-19 3.165303e+02
171000 1.691222e-21 -4.107551e-18 6.647791e-20 2.449894e+02
172000 5.723229e-19 -4.072082e-18 7.163274e-19 8.290635e+04
173000 4.678305e-21 -3.820114e-18 2.710324e-19 6.776965e+02
174000 1.142509e-21 -3.981440e-18 1.839632e-19 1.655032e+02
175000 9.661747e-22 -4.107328e-18 2.542627e-19 1.399595e+02
176000 2.817124e-23 -4.106436e-18 1.764862e-19 4.080869e+00
177000 4.700611e-21 -4.105229e-18 1.800727e-19 6.809277e+02
178000 2.022977e-21 -3.871488e-18 3.794248e-19 2.930472e+02
179000 3.600135e-21 -4.100378e-18 2.227472e-19 5.215135e+02
180000 7.649669e-21 -4.104284e-18 3.679010e-19 1.108127e+03
181000 1.753425e-23 -3.997945e-18 3.996208e-19 2.540001e+00
182000 3.078365e-22 -4.109974e-18 3.121922e-19 4.459301e+01
183000 3.025776e-23 -4.109984e-18 3.123581e-19 4.383121e+00
184000 3.968178e-23 -4.109993e-18 3.173353e-19 5.748280e+00
185000 9.210969e-22 -4.109195e-18 5.002471e-19 1.334296e+02
186000 5.911866e-19 -3.962665e-18 1.156447e-18 8.563895e+04
187000 1.155175e-23 -4.106988e-18 4.820516e-19 1.673379e+00
188000 7.033704e-22 -4.103159e-18 4.893327e-19 1.018898e+02
189000 1.977691e-21 -4.086245e-18 4.950589e-19 2.864872e+02
190000 5.973083e-20 -3.454930e-18 1.224801e-18 8.652573e+03
191000 1.421047e-19 -3.981018e-18 7.914718e-19 2.058521e+04
192000 4.313734e-22 -3.881907e-18 6.799146e-19 6.248849e+01
193000 3.073501e-21 -3.909322e-18 6.759913e-19 4.452256e+02
194000 8.063822e-22 -3.904325e-18 6.715122e-19 1.168120e+02
195000 2.479034e-28 -4.106246e-18 7.793508e-19 3.591114e-05
196000 6.010964e-22 -4.099808e-18 7.429127e-19 8.707447e+01
197000 2.109725e-21 -4.077020e-18 7.467973e-19 3.056135e+02
198000 1.029374e-22 -4.083138e-18 7.386521e-19 1.491146e+01
199000 5.112685e-21 -4.090623e-18 7.351782e-19 7.406205e+02
200000 1.650444e-21 -4.095516e-18 9.159271e-19 2.390824e+02
201000 3.069394e-21 -4.004106e-18 8.826654e-19 4.446307e+02
202000 3.145697e-21 -3.993521e-18 8.835728e-19 4.556838e+02
203000 3.720189e-23 -4.011145e-18 8.848634e-19 5.389044e+00
204000 2.911634e-21 -4.009936e-18 8.861619e-19 4.217775e+02
205000 4.376402e-21 -3.994754e-18 1.064518e-18 6.339630e+02
206000 1.116967e-20 -3.718034e-18 1.213135e-18 1.618032e+03
207000 5.198902e-19 -4.075152e-18 1.446926e-18 7.531099e+04
208000 3.225087e-23 -4.103585e-18 9.595850e-19 4.671842e+00
209000 1.590952e-23 -4.096322e-18 9.603897e-19 2.304643e+00
210000 5.686710e-23 -4.067234e-18 1.081759e-18 8.237735e+00
211000 2.306722e-21 -4.103363e-18 1.080617e-18 3.341503e+02
212000 4.627500e-22 -4.109643e-18 1.065833e-18 6.703369e+01
213000 1.919965e-19 -3.877211e-18 1.395546e-18 2.781251e+04
214000 3.755271e-21 -4.099647e-18 1.073095e-18 5.439864e+02
215000 3.843112e-21 -4.095773e-18 1.266088e-18 5.567109e+02
216000 3.339905e-22 -4.055322e-18 1.214811e-18 4.838167e+01
217000 2.581279e-21 -4.063872e-18 1.221087e-18 3.739225e+02
218000 3.837214e-21 -4.068998e-18 1.226335e-18 5.558565e+02
219000 4.722623e-22 -4.054265e-18 1.215838e-18 6.841163e+01
220000 4.682054e-21 -4.051329e-18 1.405225e-18 6.782395e+02
221000 7.682219e-22 -4.083670e-18 1.346567e-18 1.112842e+02
222000 3.237095e-25 -4.081134e-18 1.345511e-18 4.689237e-02
223000 2.263844e-21 -4.079228e-18 1.348236e-18 3.279391e+02
224000 4.718351e-22 -4.075737e-18 1.347476e-18 6.834976e+01
225000 1.985989e-21 -4.079896e-18 1.527778e-18 2.876892e+02
226000 3.981289e-22 -3.902770e-18 1.510792e-18 5.767272e+01
227000 4.180107e-22 -3.915382e-18 1.518351e-18 6.055278e+01
228000 2.725052e-21 -3.888220e-18 1.517506e-18 3.947495e+02
229000 4.624209e-20 -4.105248e-18 1.497236e-18 6.698603e+03
230000 7.072590e-23 -4.054374e-18 1.693550e-18 1.024531e+01
231000 2.780487e-22 -3.822195e-18 1.706215e-18 4.027796e+01
232000 6.784646e-24 -3.805501e-18 1.715444e-18 9.828198e-01
233000 1.068521e-19 -4.072650e-18 1.667092e-18 1.547853e+04
234000 2.399997e-21 -4.065438e-18 1.646209e-18 3.476622e+02
235000 5.850851e-19 -3.859222e-18 2.425912e-18 8.475508e+04
236000 1.612201e-19 -2.964675e-18 2.837203e-18 2.335424e+04
237000 1.402710e-19 -2.983199e-18 2.798830e-18 2.031957e+04
238000 1.924290e-21 -3.976347e-18 1.746518e-18 2.787516e+02
239000 9.541953e-21 -4.075125e-18 1.691474e-18 1.382242e+03
240000 3.621161e-21 -4.105049e-18 1.922793e-18 5.245593e+02
241000 1.618400e-18 -3.737579e-18 3.640820e-18 2.344404e+05
242000 6.966699e-20 -3.370281e-18 2.459680e-18 1.009192e+04
243000 9.153146e-22 -4.072039e-18 1.801005e-18 1.325919e+02
244000 3.405806e-21 -4.090152e-18 1.841286e-18 4.933630e+02
245000 7.588434e-21 -4.108940e-18 2.041618e-18 1.099256e+03
246000 2.454207e-19 -4.008397e-18 2.309255e-18 3.555150e+04
247000 1.824435e-19 -3.193369e-18 2.887447e-18 2.642865e+04
248000 1.027313e-21 -3.901888e-18 1.999804e-18 1.488159e+02
249000 4.724895e-19 -4.023633e-18 2.502292e-18 6.844455e+04
250000 2.320054e-19 -3.757965e-18 2.534041e-18 3.360817e+04
251000 1.063176e-19 -4.034519e-18 2.264941e-18 1.540110e+04
252000 2.233059e-22 -3.979638e-18 2.102738e-18 3.234796e+01
253000 1.925377e-19 -4.023248e-18 2.344424e-18 2.789090e+04
254000 1.073886e-19 -4.090894e-18 2.214199e-18 1.555625e+04
255000 1.239581e-21 -4.109969e-18 2.207613e-18 1.795649e+02
256000 2.265167e-19 -3.863075e-18 2.542667e-18 3.281307e+04
257000 4.519184e-20 -4.000063e-18 2.330715e-18 6.546463e+03
258000 8.607243e-24 -3.909185e-18 2.236743e-18 1.246840e+00
259000 1.137399e-22 -3.979844e-18 2.222605e-18 1.647629e+01
260000 1.616505e-18 -3.367256e-18 4.549451e-18 2.341660e+05
261000 6.825864e-19 -3.879894e-18 3.080509e-18 9.887907e+04
262000 5.000846e-19 -4.029896e-18 2.845807e-18 7.244196e+04
263000 1.020191e-20 -3.795144e-18 2.465509e-18 1.477843e+03
264000 9.123399e-21 -4.104785e-18 2.299207e-18 1.321610e+03
265000 1.386376e-21 -4.103895e-18 2.469675e-18 2.008296e+02
266000 1.850545e-19 -4.107278e-18 2.723561e-18 2.680689e+04
267000 3.488991e-21 -3.972293e-18 2.488742e-18 5.054132e+02
268000 2.121257e-22 -3.980318e-18 2.489107e-18 3.072841e+01
269000 3.739150e-19 -3.362699e-18 3.430448e-18 5.416510e+04
270000 9.443036e-20 -3.881857e-18 2.788853e-18 1.367913e+04
271000 4.768590e-22 -3.871354e-18 2.661244e-18 6.907751e+01
272000 2.867621e-22 -3.809931e-18 2.673954e-18 4.154018e+01
273000 8.972035e-23 -3.816522e-18 2.668551e-18 1.299684e+01
274000 1.491329e-22 -3.826330e-18 2.666763e-18 2.160330e+01
275000 1.022085e-20 -3.829835e-18 2.858265e-18 1.480587e+03
276000 1.352708e-20 -4.067991e-18 2.654800e-18 1.959525e+03
277000 3.364616e-20 -2.260398e-18 4.373249e-18 4.873962e+03
278000 4.135748e-19 -3.962326e-18 3.142967e-18 5.991021e+04
279000 5.744628e-21 -3.713807e-18 2.898126e-18 8.321634e+02
280000 4.899486e-21 -4.109270e-18 2.857525e-18 7.097367e+02
281000 1.372383e-19 -3.685267e-18 3.172122e-18 1.988026e+04
282000 3.962145e-20 -3.413050e-18 3.375547e-18 5.739540e+03
283000 1.604335e-19 -3.822182e-18 3.075696e-18 2.324030e+04
284000 5.518327e-20 -4.080131e-18 2.823101e-18 7.993816e+03
285000 7.784986e-20 -4.093978e-18 3.094520e-18 1.127729e+04
286000 7.509369e-19 -3.225866e-18 4.370001e-18 1.087803e+05
287000 5.963428e-22 -4.035114e-18 2.901681e-18 8.638586e+01
288000 4.446411e-19 -4.080462e-18 3.416632e-18 6.441045e+04
289000 1.367645e-20 -2.649038e-18 4.204639e-18 1.981162e+03
290000 2.235667e-21 -2.791898e-18 4.230338e-18 3.238574e+02
291000 3.111839e-19 -4.023897e-18 3.401302e-18 4.507792e+04
292000 1.726067e-21 -4.042372e-18 2.977207e-18 2.500371e+02
293000 8.642729e-20 -3.991812e-18 3.186207e-18 1.251981e+04
294000 3.459583e-19 -4.109998e-18 3.423822e-18 5.011532e+04
295000 1.062359e-19 -4.089816e-18 3.396630e-18 1.538927e+04
296000 1.121357e-19 -4.107198e-18 3.302650e-18 1.624392e+04
297000 1.400188e-18 -3.819022e-18 4.675297e-18 2.028305e+05
298000 1.743295e-20 -3.983675e-18 3.202378e-18 2.525328e+03
299000 6.824222e-21 -3.910047e-18 3.203740e-18 9.885528e+02
300000 4.895654e-21 -2.901236e-18 4.363754e-18 7.091816e+02
301000 1.516980e-20 -4.082893e-18 3.381132e-18 2.197488e+03
302000 2.239146e-19 -4.059248e-18 3.462825e-18 3.243613e+04
303000 2.055887e-19 -4.091171e-18 3.624261e-18 2.978146e+04
304000 1.018987e-21 -3.979159e-18 3.328943e-18 1.476098e+02
305000 2.335391e-19 -4.010910e-18 3.730000e-18 3.383034e+04
306000 5.147085e-21 -4.051060e-18 3.341302e-18 7.456037e+02
307000 1.913661e-26 -3.992648e-18 3.453134e-18 2.772118e-03
308000 4.008948e-22 -4.087842e-18 3.383714e-18 5.807339e+01
309000 2.609387e-20 -3.924807e-18 3.484617e-18 3.779943e+03
310000 7.455834e-20 -3.773667e-18 3.845869e-18 1.080048e+04
311000 1.330255e-19 -3.958594e-18 3.705293e-18 1.926999e+04
312000 4.179938e-21 -3.277282e-18 4.167128e-18 6.055033e+02
313000 1.116569e-19 -4.103291e-18 3.659972e-18 1.617455e+04
314000 1.977884e-20 -3.828826e-18 3.708158e-18 2.865151e+03
315000 6.889841e-20 -4.070997e-18 3.728972e-18 9.980584e+03
316000 1.469192e-21 -4.097721e-18 3.666528e-18 2.128262e+02
317000 4.421517e-21 -3.932567e-18 3.694749e-18 6.404984e+02
318000 7.739817e-19 -3.549672e-18 4.784309e-18 1.121185e+05
319000 2.079281e-19 -3.245214e-18 4.522717e-18 3.012035e+04
320000 1.995512e-19 -2.035918e-18 5.903633e-18 2.890686e+04
321000 4.399621e-19 -3.948977e-18 4.253428e-18 6.373265e+04
322000 4.355027e-21 -3.725824e-18 3.980116e-18 6.308666e+02
323000 2.719129e-22 -3.696967e-18 3.984213e-18 3.938915e+01
324000 8.747624e-21 -3.109195e-18 4.579553e-18 1.267176e+03
325000 1.555103e-21 -3.968804e-18 3.977531e-18 2.252713e+02
326000 3.187693e-19 -3.099318e-18 5.019451e-18 4.617674e+04
327000 8.147762e-20 -3.604708e-18 4.276769e-18 1.180280e+04
328000 1.908583e-21 -3.968575e-18 3.929082e-18 2.764763e+02
329000 3.940060e-19 -4.106992e-18 4.304081e-18 5.707548e+04
330000 4.862643e-24 -3.918011e-18 4.101986e-18 7.043997e-01
331000 1.796822e-21 -3.282989e-18 4.638940e-18 2.602865e+02
332000 8.802278e-20 -3.989228e-18 4.145613e-18 1.275093e+04
333000 1.121789e-18 -3.735105e-18 5.348771e-18 1.625017e+05
334000 5.197855e-21 -4.096033e-18 4.034232e-18 7.529583e+02
335000 1.157870e-19 -3.153681e-18 5.062106e-18 1.677284e+04
336000 4.544314e-21 -3.956847e-18 4.184595e-18 6.582867e+02
337000 2.394363e-21 -3.955760e-18 4.184113e-18 3.468461e+02
338000 1.837527e-19 -4.096031e-18 4.332787e-18 2.661830e+04
339000 1.351643e-19 -4.109022e-18 4.338439e-18 1.957982e+04
340000 4.752050e-19 -1.864310e-18 6.830895e-18 6.883792e+04
341000 2.022136e-20 -3.971963e-18 4.349348e-18 2.929255e+03
342000 9.003472e-19 -3.370554e-18 5.749634e-18 1.304238e+05
343000 6.600449e-20 -3.795413e-18 4.484642e-18 9.561372e+03
344000 1.030103e-21 -3.722126e-18 4.454673e-18 1.492201e+02
345000 7.703516e-22 -3.713841e-18 4.634001e-18 1.115927e+02
346000 9.228148e-21 -3.188535e-18 5.128928e-18 1.336784e+03
347000 7.511466e-20 -4.096371e-18 4.558315e-18 1.088106e+04
348000 1.595854e-20 -4.076163e-18 4.428789e-18 2.311744e+03
349000 1.191947e-22 -3.970581e-18 4.408075e-18 1.726647e+01
350000 1.292916e-21 -3.974863e-18 4.590567e-18 1.872911e+02
351000 4.042079e-19 -4.066105e-18 4.925888e-18 5.855332e+04
352000 8.838045e-20 -3.888511e-18 4.691548e-18 1.280274e+04
353000 3.132530e-19 -3.292468e-18 5.422042e-18 4.537765e+04
354000 1.152229e-19 -4.093355e-18 4.617298e-18 1.669112e+04
355000 5.006307e-22 -3.937621e-18 4.716052e-18 7.252107e+01
356000 4.226013e-22 -3.916910e-18 4.698580e-18 6.121778e+01
357000 2.012100e-21 -3.932194e-18 4.711236e-18 2.914716e+02
358000 6.875735e-24 -3.963204e-18 4.698925e-18 9.960149e-01
359000 8.414532e-21 -3.488225e-18 5.065283e-18 1.218924e+03
360000 1.239324e-22 -4.080651e-18 4.772571e-18 1.795278e+01
361000 6.822222e-20 -4.104192e-18 4.873017e-18 9.882630e+03
362000 8.867937e-19 -4.089479e-18 5.734830e-18 1.284604e+05
363000 4.450411e-19 -3.903259e-18 5.248657e-18 6.446839e+04
364000 1.352806e-19 -3.530692e-18 5.245179e-18 1.959667e+04
365000 1.040667e-22 -3.909609e-18 5.000068e-18 1.507505e+01
366000 7.968567e-20 -3.302464e-18 5.537247e-18 1.154322e+04
367000 2.892713e-19 -3.974295e-18 5.238142e-18 4.190367e+04
368000 3.336414e-19 -3.961912e-18 5.287883e-18 4.833110e+04
369000 3.918411e-19 -4.098284e-18 5.329047e-18 5.676187e+04
370000 1.085502e-19 -3.011271e-18 6.043556e-18 1.572452e+04
371000 4.626409e-19 -3.379265e-18 6.018333e-18 6.701789e+04
372000 1.330723e-19 -4.109328e-18 5.146081e-18 1.927678e+04
373000 4.198150e-19 -3.122476e-18 6.210493e-18 6.081416e+04
374000 5.971620e-20 -3.959525e-18 5.115331e-18 8.650453e+03
375000 3.787287e-19 -3.917761e-18 5.669531e-18 5.486242e+04
376000 1.873301e-19 -4.101014e-18 5.286790e-18 2.713653e+04
377000 1.129908e-21 -3.672471e-18 5.338271e-18 1.636777e+02
378000 1.889256e-21 -3.647091e-18 5.355362e-18 2.736765e+02
379000 2.054109e-21 -3.868504e-18 5.240436e-18 2.975570e+02
380000 1.298139e-21 -4.029198e-18 5.349304e-18 1.880476e+02
381000 9.681185e-20 -4.047526e-18 5.227471e-18 1.402411e+04
382000 7.801563e-20 -3.875380e-18 5.433231e-18 1.130130e+04
383000 8.315529e-23 -3.952220e-18 5.292200e-18 1.204583e+01
384000 1.058441e-21 -3.951720e-18 5.293146e-18 1.533251e+02
385000 5.392055e-20 -4.089876e-18 5.450207e-18 7.810900e+03
386000 6.144305e-20 -3.633661e-18 5.667859e-18 8.900603e+03
387000 1.696260e-20 -3.855389e-18 5.502148e-18 2.457192e+03
388000 2.329314e-19 -3.805250e-18 5.713507e-18 3.374230e+04
389000 3.897838e-19 -4.109996e-18 5.747111e-18 5.646384e+04
390000 4.544414e-20 -4.109861e-18 5.591939e-18 6.583012e+03
391000 5.670082e-19 -3.751477e-18 6.175538e-18 8.213647e+04
392000 4.402104e-19 -3.078560e-18 6.723656e-18 6.376862e+04
393000 5.367388e-19 -1.213346e-18 8.683393e-18 7.775166e+04
394000 3.203877e-19 -3.628809e-18 6.051578e-18 4.641118e+04
395000 1.510418e-19 -3.658564e-18 6.034845e-18 2.187983e+04
396000 1.655059e-19 -4.061000e-18 5.716679e-18 2.397508e+04
397000 3.012704e-21 -3.886605e-18 5.722017e-18 4.364185e+02
398000 1.183914e-21 -3.860785e-18 5.723776e-18 1.715010e+02
399000 1.440705e-22 -3.833364e-18 5.730213e-18 2.086996e+01
400000 3.218608e-21 -3.956852e-18 5.836952e-18 4.662457e+02
401000 4.817828e-20 -3.648055e-18 6.054497e-18 6.979077e+03
402000 3.341895e-19 -3.968921e-18 6.165219e-18 4.841049e+04
403000 5.266101e-19 -3.386893e-18 6.739717e-18 7.628443e+04
404000 8.059322e-22 -4.004917e-18 5.802452e-18 1.167469e+02
405000 4.305703e-23 -4.008478e-18 5.981479e-18 6.237215e+00
406000 3.862675e-20 -4.085871e-18 5.941229e-18 5.595448e+03
407000 1.029286e-18 -4.095523e-18 6.893194e-18 1.491017e+05
408000 5.921428e-19 -3.914466e-18 6.494866e-18 8.577746e+04
409000 1.167677e-19 -4.106784e-18 6.015861e-18 1.691490e+04
410000 1.197125e-20 -4.109952e-18 6.092029e-18 1.734148e+03
411000 7.483708e-21 -4.019074e-18 6.104398e-18 1.084086e+03
412000 3.321462e-20 -2.973399e-18 6.903118e-18 4.811450e+03
413000 1.164510e-19 -3.791806e-18 6.165906e-18 1.686902e+04
414000 1.945205e-21 -4.097666e-18 5.965233e-18 2.817813e+02
415000 2.109936e-18 -3.644756e-18 8.535207e-18 3.056441e+05
416000 4.266153e-22 -4.068869e-18 6.075289e-18 6.179924e+01
417000 1.489564e-19 -3.461616e-18 6.705377e-18 2.157774e+04
418000 5.232281e-20 -4.032348e-18 6.097122e-18 7.579452e+03
419000 7.837108e-20 -3.949030e-18 6.248359e-18 1.135279e+04
420000 8.219520e-19 -3.974151e-18 7.190512e-18 1.190675e+05
421000 1.234782e-20 -4.077625e-18 6.240100e-18 1.788698e+03
422000 1.066785e-20 -4.107538e-18 6.270703e-18 1.545339e+03
423000 1.309571e-22 -4.098279e-18 6.197467e-18 1.897037e+01
424000 3.598283e-23 -3.593516e-18 6.492552e-18 5.212451e+00
425000 1.995486e-19 -3.785139e-18 6.675008e-18 2.890649e+04
426000 3.183682e-27 -3.587836e-18 6.615495e-18 4.611863e-04
427000 3.063312e-19 -4.108266e-18 6.658924e-18 4.437495e+04
428000 7.886245e-21 -4.108565e-18 6.375468e-18 1.142397e+03
429000 9.149744e-22 -3.874341e-18 6.436479e-18 1.325427e+02
430000 1.361880e-19 -3.852658e-18 6.762559e-18 1.972812e+04
431000 3.338838e-19 -3.486406e-18 7.195029e-18 4.836622e+04
432000 4.228602e-19 -4.001885e-18 7.010745e-18 6.125527e+04
433000 2.036512e-20 -4.002650e-18 6.608217e-18 2.950079e+03
434000 4.582004e-20 -3.633161e-18 6.732659e-18 6.637464e+03
435000 3.451098e-20 -3.766853e-18 6.815057e-18 4.999240e+03
436000 2.868056e-20 -2.588998e-18 7.879683e-18 4.154649e+03
437000 8.310489e-19 -2.943268e-18 8.354539e-18 1.203853e+05
438000 1.545722e-23 -4.077629e-18 6.587776e-18 2.239124e+00
439000 1.550638e-19 -3.046882e-18 7.616910e-18 2.246245e+04
440000 9.614722e-20 -3.670014e-18 7.137938e-18 1.392783e+04
441000 1.595524e-19 -3.970951e-18 6.895320e-18 2.311267e+04
442000 7.701915e-19 -2.166289e-18 9.163914e-18 1.115695e+05
443000 3.597097e-21 -3.725291e-18 6.863574e-18 5.210733e+02
444000 6.107318e-24 -3.694239e-18 6.868411e-18 8.847025e-01
445000 7.546843e-19 -3.878044e-18 7.750159e-18 1.093231e+05
446000 1.675822e-19 -4.047540e-18 6.858259e-18 2.427586e+04
447000 2.740667e-18 -4.051246e-18 9.608438e-18 3.970115e+05
448000 3.485381e-19 -3.893011e-18 7.323376e-18 5.048902e+04
449000 3.003893e-22 -3.595074e-18 7.092521e-18 4.351421e+01
450000 1.675470e-21 -3.601767e-18 7.273546e-18 2.427076e+02
451000 5.288191e-21 -3.575442e-18 7.262638e-18 7.660443e+02
452000 1.877107e-21 -3.561352e-18 7.254487e-18 2.719165e+02
453000 2.464074e-21 -3.552854e-18 7.256754e-18 3.569444e+02
454000 6.942623e-22 -3.550099e-18 7.256213e-18 1.005704e+02
455000 1.235095e-22 -3.567799e-18 7.433804e-18 1.789151e+01
456000 1.898926e-21 -3.527190e-18 7.410635e-18 2.750773e+02
457000 1.525792e-18 -3.630029e-18 8.815765e-18 2.210253e+05
458000 2.530176e-19 -3.858007e-18 7.505130e-18 3.665198e+04
459000 4.030890e-23 -4.101918e-18 7.024102e-18 5.839124e+00
460000 4.704446e-20 -4.092016e-18 7.369234e-18 6.814833e+03
461000 2.534076e-18 -4.045563e-18 9.528513e-18 3.670848e+05
462000 3.651284e-22 -4.108868e-18 6.931497e-18 5.289228e+01
463000 8.790290e-22 -4.109717e-18 6.931162e-18 1.273356e+02
464000 1.597499e-21 -4.105807e-18 6.935791e-18 2.314128e+02
465000 5.015684e-21 -4.109842e-18 7.115174e-18 7.265690e+02
466000 8.119104e-21 -4.108005e-18 7.061193e-18 1.176129e+03
467000 2.040901e-21 -4.106811e-18 7.055400e-18 2.956437e+02
468000 2.537434e-21 -4.108992e-18 7.058978e-18 3.675712e+02
469000 1.368213e-21 -4.108809e-18 7.056545e-18 1.981986e+02
470000 1.273030e-21 -4.107205e-18 7.234379e-18 1.844104e+02
471000 2.981060e-21 -4.099505e-18 7.186155e-18 4.318345e+02
472000 2.013581e-21 -4.092999e-18 7.189043e-18 2.916862e+02
473000 2.376661e-22 -4.096510e-18 7.184100e-18 3.442817e+01
474000 5.132317e-21 -4.098309e-18 7.188078e-18 7.434643e+02
475000 5.877865e-21 -4.084104e-18 7.381774e-18 8.514640e+02
476000 7.150813e-21 -4.063307e-18 7.344856e-18 1.035863e+03
477000 7.319994e-22 -4.064050e-18 7.337987e-18 1.060370e+02
478000 4.759804e-21 -4.060105e-18 7.344972e-18 6.895024e+02
479000 3.236506e-21 -4.070497e-18 7.341618e-18 4.688383e+02
480000 1.459653e-20 -4.061002e-18 7.534039e-18 2.114445e+03
481000 1.009518e-23 -4.103208e-18 7.416984e-18 1.462381e+00
482000 3.730525e-21 -4.097420e-18 7.426311e-18 5.404017e+02
483000 2.516036e-21 -4.101918e-18 7.420648e-18 3.644715e+02
484000 3.908569e-21 -4.107069e-18 7.424430e-18 5.661930e+02
485000 1.029022e-21 -4.104288e-18 7.597273e-18 1.490636e+02
486000 1.233084e-21 -4.093858e-18 7.550160e-18 1.786238e+02
487000 4.374206e-22 -4.091722e-18 7.549699e-18 6.336450e+01
488000 1.552070e-21 -4.091244e-18 7.551079e-18 2.248319e+02
489000 4.302980e-22 -4.094077e-18 7.549436e-18 6.233272e+01
490000 1.517663e-25 -4.090971e-18 7.729698e-18 2.198478e-02
491000 1.852622e-22 -4.073863e-18 7.689132e-18 2.683698e+01
492000 7.155049e-22 -4.068543e-18 7.692648e-18 1.036476e+02
493000 1.649975e-22 -4.076913e-18 7.690045e-18 2.390144e+01
494000 2.480119e-24 -4.066943e-18 7.693324e-18 3.592686e-01
495000 8.292841e-21 -4.076263e-18 7.877710e-18 1.201296e+03
496000 1.331000e-20 -4.108373e-18 7.822535e-18 1.928079e+03
497000 1.610967e-22 -4.098180e-18 7.784855e-18 2.333637e+01
498000 1.322297e-22 -4.100805e-18 7.785370e-18 1.915472e+01
499000 1.642571e-21 -4.097758e-18 7.786979e-18 2.379419e+02
500000 4.204595e-21 -4.099854e-18 7.968205e-18 6.090752e+02
501000 1.072059e-21 -4.031121e-18 7.970391e-18 1.552979e+02
502000 8.926988e-22 -4.039431e-18 7.965443e-18 1.293158e+02
503000 1.475153e-23 -4.033918e-18 7.967077e-18 2.136898e+00
504000 6.531441e-22 -4.037972e-18 7.965495e-18 9.461408e+01
505000 1.151755e-21 -4.045270e-18 8.149177e-18 1.668425e+02
506000 3.389170e-25 -4.013387e-18 8.107282e-18 4.909532e-02
507000 2.192603e-22 -4.029861e-18 8.109608e-18 3.176191e+01
508000 1.937501e-22 -4.017883e-18 8.104320e-18 2.806652e+01
509000 3.719026e-21 -4.016199e-18 8.108871e-18 5.387359e+02
510000 2.935060e-22 -4.031333e-18 8.292601e-18 4.251710e+01
511000 5.014530e-22 -4.010565e-18 8.240859e-18 7.264019e+01
512000 1.998745e-22 -3.983084e-18 8.257131e-18 2.895371e+01
513000 4.153074e-21 -4.008565e-18 8.243395e-18 6.016119e+02
514000 2.820756e-24 -4.003458e-18 8.239516e-18 4.086130e-01
515000 5.496150e-22 -4.005684e-18 8.419479e-18 7.961691e+01
516000 3.864410e-22 -3.975874e-18 8.388380e-18 5.597961e+01
517000 6.144773e-23 -3.982133e-18 8.388358e-18 8.901282e+00
518000 1.652088e-23 -3.975731e-18 8.388058e-18 2.393204e+00
519000 6.481143e-24 -3.968958e-18 8.392080e-18 9.388545e-01
520000 3.901075e-22 -3.978283e-18 8.567908e-18 5.651074e+01
521000 3.295920e-22 -3.952346e-18 8.538492e-18 4.774450e+01
522000 8.359734e-22 -3.966663e-18 8.556433e-18 1.210986e+02
523000 5.877317e-22 -3.951149e-18 8.538409e-18 8.513847e+01
524000 7.849841e-22 -3.946170e-18 8.538960e-18 1.137123e+02
525000 3.255163e-22 -3.945830e-18 8.718615e-18 4.715410e+01
526000 8.451854e-22 -3.907132e-18 8.696273e-18 1.224331e+02
527000 8.067437e-25 -3.901026e-18 8.699901e-18 1.168644e-01
528000 4.390243e-20 -3.909960e-18 8.737866e-18 6.359679e+03
529000 9.048088e-20 -4.102586e-18 8.648544e-18 1.310701e+04
530000 3.084160e-22 -4.090452e-18 8.731599e-18 4.467696e+01
531000 1.097911e-21 -4.021728e-18 8.767582e-18 1.590427e+02
532000 1.557577e-20 -4.102814e-18 8.694036e-18 2.256297e+03
533000 4.301540e-21 -3.175635e-18 9.548667e-18 6.231186e+02
534000 3.427816e-22 -4.109734e-18 8.643815e-18 4.965514e+01
535000 1.635947e-21 -4.056195e-18 8.850025e-18 2.369823e+02
536000 4.961752e-22 -4.108420e-18 8.769943e-18 7.187565e+01
537000 2.632974e-21 -4.108251e-18 8.788271e-18 3.814111e+02
538000 5.657331e-20 -4.058886e-18 8.903702e-18 8.195177e+03
539000 2.518291e-20 -4.106520e-18 8.822649e-18 3.647981e+03
540000 1.750525e-22 -3.914824e-18 9.112996e-18 2.535800e+01
541000 4.179961e-22 -4.027541e-18 8.935122e-18 6.055068e+01
542000 1.248634e-22 -4.028426e-18 8.934387e-18 1.808764e+01
543000 6.734850e-22 -4.027427e-18 8.935439e-18 9.756064e+01
544000 2.055314e-21 -4.025789e-18 8.937819e-18 2.977316e+02
545000 1.400713e-19 -3.774401e-18 9.505670e-18 2.029065e+04
546000 3.583466e-22 -3.921734e-18 9.158624e-18 5.190987e+01
547000 4.481917e-20 -4.109762e-18 9.048749e-18 6.492478e+03
548000 3.030973e-19 -3.939560e-18 9.443537e-18 4.390649e+04
549000 2.097684e-19 -4.105647e-18 9.240111e-18 3.038692e+04
550000 9.012542e-21 -4.105435e-18 9.224304e-18 1.305552e+03
551000 2.304643e-20 -4.083447e-18 9.229960e-18 3.338492e+03
552000 2.086010e-19 -3.929003e-18 9.479598e-18 3.021782e+04
553000 1.238816e-21 -4.034028e-18 9.174848e-18 1.794542e+02
554000 4.277344e-21 -4.029381e-18 9.178147e-18 6.196135e+02
555000 1.190155e-21 -4.030912e-18 9.354643e-18 1.724052e+02
556000 6.034301e-20 -4.109936e-18 9.329838e-18 8.741253e+03
557000 1.597675e-20 -4.095983e-18 9.321342e-18 2.314383e+03
558000 2.114825e-21 -4.100805e-18 9.312245e-18 3.063523e+02
559000 1.070956e-21 -4.097318e-18 9.304809e-18 1.551380e+02
560000 3.763751e-20 -4.094182e-18 9.498702e-18 5.452148e+03
561000 3.203869e-20 -4.040548e-18 9.530543e-18 4.641105e+03
562000 7.195373e-22 -3.886800e-18 9.567687e-18 1.042317e+02
563000 4.279825e-23 -3.882517e-18 9.566124e-18 6.199729e+00
564000 1.290007e-20 -4.093421e-18 9.477618e-18 1.868696e+03
565000 1.043273e-20 -4.006096e-18 9.634363e-18 1.511279e+03
566000 7.101326e-21 -3.963100e-18 9.605283e-18 1.028694e+03
567000 3.414749e-19 -4.096082e-18 9.886625e-18 4.946586e+04
568000 2.310906e-22 -3.941359e-18 9.618891e-18 3.347565e+01
569000 1.495306e-21 -3.967763e-18 9.596396e-18 2.166092e+02
570000 1.005615e-22 -3.981836e-18 9.774340e-18 1.456728e+01
571000 4.904308e-21 -3.858310e-18 9.826797e-18 7.104351e+02
572000 4.776343e-21 -3.883098e-18 9.810876e-18 6.918982e+02
573000 1.085159e-20 -4.085890e-18 9.694307e-18 1.571955e+03
574000 8.795067e-23 -4.099658e-18 9.666755e-18 1.274048e+01
575000 5.647694e-22 -4.098561e-18 9.845081e-18 8.181216e+01
576000 1.583254e-22 -3.480303e-18 1.031986e-17 2.293493e+01
577000 3.425548e-19 -3.776833e-18 1.036572e-17 4.962228e+04
578000 5.223479e-20 -3.929384e-18 9.994720e-18 7.566701e+03
579000 5.827595e-22 -4.108477e-18 9.730364e-18 8.441820e+01
580000 5.598614e-20 -4.109089e-18 9.975638e-18 8.110120e+03
581000 2.744110e-21 -4.069515e-18 9.917919e-18 3.975102e+02
582000 9.907180e-21 -4.074361e-18 9.925468e-18 1.435148e+03
583000 2.163669e-22 -4.079009e-18 9.914401e-18 3.134278e+01
584000 4.360587e-21 -4.069454e-18 9.919548e-18 6.316720e+02
585000 1.123351e-19 -4.018689e-18 1.025927e-17 1.627279e+04
586000 1.922247e-21 -4.065614e-18 1.003434e-17 2.784555e+02
587000 1.018776e-19 -4.107609e-18 1.017417e-17 1.475793e+04
588000 8.778947e-22 -3.942800e-18 1.010234e-17 1.271713e+02
589000 1.238684e-22 -3.945821e-18 1.010049e-17 1.794350e+01
590000 5.701137e-23 -3.937593e-18 1.028459e-17 8.258633e+00
591000 1.304290e-20 -4.011094e-18 1.024510e-17 1.889387e+03
592000 4.927500e-24 -4.074015e-18 1.015554e-17 7.137948e-01
593000 1.222318e-19 -4.105367e-18 1.031615e-17 1.770642e+04
594000 1.956762e-19 -4.109791e-18 1.031185e-17 2.834554e+04
595000 1.122007e-21 -3.884147e-18 1.045863e-17 1.625333e+02
596000 3.161648e-22 -4.108017e-18 1.020924e-17 4.579944e+01
597000 3.406138e-23 -4.004739e-18 1.037521e-17 4.934111e+00
598000 1.546631e-22 -4.107255e-18 1.021386e-17 2.240440e+01
599000 7.947893e-22 -4.065560e-18 1.027895e-17 1.151327e+02
600000 3.718796e-22 -4.084261e-18 1.045821e-17 5.387026e+01
601000 3.750897e-22 -3.879378e-18 1.052686e-17 5.433528e+01
602000 1.125968e-22 -3.888023e-18 1.052767e-17 1.631070e+01
603000 1.872779e-23 -4.071897e-18 1.041075e-17 2.712896e+00
604000 9.096312e-22 -4.081202e-18 1.039452e-17 1.317686e+02
605000 8.913841e-22 -4.074508e-18 1.054495e-17 1.291254e+02
606000 9.848953e-22 -4.070452e-18 1.054275e-17 1.426713e+02
607000 8.000902e-21 -4.064975e-18 1.055157e-17 1.159006e+03
608000 2.929638e-21 -4.065827e-18 1.052455e-17 4.243856e+02
609000 5.137186e-22 -4.066389e-18 1.052207e-17 7.441698e+01
610000 1.989342e-19 -3.859800e-18 1.103940e-17 2.881750e+04
611000 2.937740e-21 -4.108811e-18 1.057632e-17 4.255592e+02
612000 3.087465e-20 -4.108552e-18 1.060139e-17 4.472483e+03
613000 3.408131e-23 -4.071190e-18 1.066200e-17 4.936998e+00
614000 2.723288e-21 -4.068924e-18 1.066443e-17 3.944940e+02
615000 5.245598e-21 -4.075421e-18 1.085014e-17 7.598742e+02
616000 4.452826e-21 -4.108616e-18 1.069554e-17 6.450337e+02
617000 9.545138e-21 -4.109997e-18 1.073055e-17 1.382703e+03
618000 1.001609e-20 -4.107659e-18 1.080179e-17 1.450925e+03
619000 7.753304e-21 -4.107142e-18 1.070259e-17 1.123139e+03
620000 9.596914e-22 -4.044794e-18 1.099608e-17 1.390203e+02
621000 6.269649e-21 -4.061889e-18 1.089172e-17 9.082176e+02
622000 5.791364e-21 -4.060697e-18 1.089302e-17 8.389336e+02
623000 4.499624e-23 -4.068114e-18 1.088252e-17 6.518128e+00
624000 2.002592e-24 -4.072010e-18 1.089111e-17 2.900942e-01
625000 9.832211e-21 -4.058703e-18 1.107995e-17 1.424288e+03
626000 7.050588e-19 -4.104489e-18 1.166441e-17 1.021344e+05
627000 6.019996e-21 -3.990525e-18 1.108684e-17 8.720530e+02
628000 1.942799e-22 -4.002230e-18 1.109071e-17 2.814326e+01
629000 1.980958e-22 -4.005914e-18 1.109764e-17 2.869603e+01
630000 2.454936e-20 -3.856503e-18 1.140715e-17 3.556205e+03
631000 3.747835e-22 -3.801561e-18 1.131993e-17 5.429091e+01
632000 3.847339e-22 -3.805108e-18 1.131720e-17 5.573233e+01
633000 1.041093e-21 -3.820175e-18 1.131461e-17 1.508121e+02
634000 3.557751e-21 -3.803952e-18 1.132122e-17 5.153737e+02
635000 3.251446e-22 -3.824059e-18 1.149697e-17 4.710026e+01
636000 6.051369e-22 -3.777406e-18 1.146634e-17 8.765978e+01
637000 6.371824e-21 -3.806935e-18 1.148163e-17 9.230187e+02
638000 1.186535e-22 -3.814887e-18 1.148582e-17 1.718808e+01
639000 1.991702e-21 -3.775478e-18 1.146898e-17 2.885168e+02
640000 5.500693e-23 -3.781659e-18 1.164359e-17 7.968272e+00
641000 1.127963e-21 -4.108785e-18 1.129415e-17 1.633961e+02
642000 1.573627e-21 -3.992903e-18 1.144192e-17 2.279546e+02
643000 6.997457e-22 -3.971323e-18 1.145554e-17 1.013648e+02
644000 1.584010e-19 -4.055984e-18 1.158292e-17 2.294588e+04
645000 2.006284e-20 -2.630313e-18 1.292975e-17 2.906291e+03
646000 4.417834e-21 -3.850667e-18 1.165364e-17 6.399649e+02
647000 4.534811e-20 -4.109809e-18 1.148197e-17 6.569101e+03
648000 4.387382e-21 -3.847965e-18 1.165331e-17 6.355536e+02
649000 3.034456e-21 -3.852779e-18 1.165278e-17 4.395696e+02
650000 5.729163e-19 -4.102236e-18 1.219591e-17 8.299231e+04
651000 6.513444e-23 -3.909989e-18 1.175240e-17 9.435336e+00
652000 7.776193e-21 -3.985768e-18 1.169242e-17 1.126455e+03
653000 1.304422e-20 -4.090802e-18 1.167676e-17 1.889578e+03
654000 1.358587e-21 -3.991252e-18 1.168190e-17 1.968041e+02
655000 3.938156e-21 -3.988213e-18 1.186625e-17 5.704790e+02
656000 2.184636e-19 -3.898395e-18 1.209583e-17 3.164651e+04
657000 1.401342e-20 -4.109889e-18 1.169262e-17 2.029976e+03
658000 1.210353e-19 -3.821201e-18 1.210168e-17 1.753310e+04
659000 1.470279e-19 -3.961593e-18 1.195851e-17 2.129837e+04
660000 2.295099e-21 -4.072183e-18 1.193336e-17 3.324667e+02
661000 1.097077e-19 -4.105164e-18 1.198297e-17 1.589219e+04
662000 4.752085e-20 -4.098139e-18 1.193132e-17 6.883842e+03
663000 8.207766e-20 -4.105310e-18 1.191453e-17 1.188972e+04
664000 2.231737e-20 -4.091101e-18 1.192683e-17 3.232881e+03
665000 8.556624e-25 -3.988828e-18 1.211653e-17 1.239508e-01
666000 2.873717e-21 -4.004516e-18 1.208323e-17 4.162850e+02
667000 1.430538e-21 -4.039877e-18 1.199946e-17 2.072268e+02
668000 2.133747e-21 -4.039254e-18 1.200019e-17 3.090933e+02
669000 4.491487e-19 -3.919174e-18 1.254148e-17 6.506342e+04
670000 1.850044e-20 -3.811109e-18 1.241797e-17 2.679963e+03
671000 1.870821e-23 -4.042274e-18 1.211938e-17 2.710061e+00
672000 8.664835e-21 -4.035232e-18 1.220537e-17 1.255183e+03
673000 3.753608e-20 -4.103653e-18 1.213455e-17 5.437455e+03
674000 6.355295e-21 -3.744541e-18 1.235296e-17 9.206243e+02
675000 3.750396e-22 -3.739657e-18 1.252767e-17 5.432801e+01
676000 2.039998e-21 -3.681783e-18 1.252172e-17 2.955129e+02
677000 3.852907e-19 -3.767478e-18 1.289353e-17 5.581299e+04
678000 2.767278e-22 -4.029956e-18 1.224813e-17 4.008663e+01
679000 1.308984e-21 -4.041666e-18 1.224010e-17 1.896186e+02
680000 1.132867e-19 -3.869337e-18 1.267181e-17 1.641064e+04
681000 6.261931e-20 -4.068663e-18 1.247401e-17 9.070997e+03
682000 5.814378e-19 -4.067208e-18 1.295931e-17 8.422674e+04
683000 1.766415e-19 -4.007086e-18 1.260259e-17 2.558818e+04
684000 9.909497e-19 -3.110177e-18 1.420077e-17 1.435484e+05
685000 1.041855e-21 -4.032383e-18 1.254550e-17 1.509225e+02
686000 9.677807e-20 -3.836084e-18 1.283113e-17 1.401921e+04
687000 7.983052e-20 -4.064816e-18 1.261273e-17 1.156420e+04
688000 4.137690e-21 -4.102150e-18 1.246719e-17 5.993833e+02
689000 4.820843e-20 -4.046503e-18 1.259817e-17 6.983444e+03
690000 7.753775e-19 -3.623658e-18 1.377172e-17 1.123207e+05
691000 1.568440e-19 -4.106611e-18 1.267862e-17 2.272033e+04
692000 2.980301e-19 -3.498113e-18 1.335992e-17 4.317247e+04
693000 1.109534e-23 -4.103765e-18 1.259118e-17 1.607265e+00
694000 2.288666e-20 -4.110000e-18 1.254427e-17 3.315348e+03
695000 1.916379e-19 -3.716515e-18 1.324798e-17 2.776056e+04
696000 5.350830e-22 -3.190496e-18 1.349004e-17 7.751180e+01
697000 1.586665e-20 -4.043547e-18 1.281364e-17 2.298434e+03
698000 6.377973e-22 -3.847182e-18 1.288685e-17 9.239094e+01
699000 1.344554e-20 -4.108778e-18 1.262852e-17 1.947713e+03
700000 7.797558e-20 -3.407146e-18 1.353083e-17 1.129550e+04
701000 4.278329e-20 -3.288082e-18 1.355470e-17 6.197562e+03
702000 2.332773e-19 -4.109071e-18 1.303356e-17 3.379241e+04
703000 1.541858e-19 -4.099584e-18 1.299896e-17 2.233527e+04
704000 1.923498e-19 -3.612879e-18 1.337947e-17 2.786368e+04
705000 2.459948e-22 -3.905745e-18 1.313885e-17 3.563466e+01
706000 8.685932e-22 -3.681665e-18 1.325676e-17 1.258239e+02
707000 7.338383e-23 -3.678906e-18 1.325521e-17 1.063034e+01
708000 7.681727e-22 -3.683434e-18 1.325744e-17 1.112771e+02
709000 5.119945e-23 -3.684239e-18 1.325716e-17 7.416723e+00
710000 1.927432e-21 -3.669394e-18 1.343837e-17 2.792066e+02
711000 1.536807e-19 -2.513831e-18 1.467985e-17 2.226210e+04
712000 1.159011e-19 -3.732056e-18 1.352938e-17 1.678936e+04
713000 4.931839e-19 -4.083074e-18 1.360989e-17 7.144233e+04
714000 3.066684e-20 -3.711772e-18 1.336484e-17 4.442381e+03
715000 5.275052e-19 -3.647956e-18 1.413774e-17 7.641410e+04
716000 2.381049e-21 -4.108555e-18 1.309603e-17 3.449173e+02
717000 2.375788e-19 -3.427155e-18 1.401496e-17 3.441552e+04
718000 2.966049e-19 -3.543036e-18 1.391357e-17 4.296601e+04
719000 5.617037e-20 -3.961954e-18 1.332305e-17 8.136806e+03
720000 8.767267e-24 -3.622541e-18 1.375639e-17 1.270021e+00
721000 2.510062e-22 -3.599197e-18 1.372381e-17 3.636061e+01
722000 3.434447e-22 -3.565824e-18 1.371781e-17 4.975119e+01
723000 1.972309e-23 -3.556590e-18 1.372461e-17 2.857076e+00
724000 6.495304e-23 -3.594368e-18 1.371851e-17 9.409059e+00
725000 5.269164e-23 -3.591854e-18 1.389639e-17 7.632879e+00
726000 6.106145e-21 -3.566085e-18 1.387653e-17 8.845326e+02
727000 1.790427e-21 -3.539716e-18 1.386770e-17 2.593603e+02
728000 2.867304e-22 -3.562364e-18 1.386782e-17 4.153560e+01
729000 3.916925e-24 -3.544559e-18 1.386405e-17 5.674035e-01
730000 9.484754e-22 -3.548020e-18 1.404432e-17 1.373956e+02
731000 6.184382e-19 -3.182631e-18 1.495581e-17 8.958659e+04
732000 1.161234e-19 -4.102208e-18 1.367168e-17 1.682156e+04
733000 5.862548e-19 -4.023862e-18 1.421065e-17 8.492452e+04
734000 3.443790e-21 -3.785383e-18 1.379324e-17 4.988655e+02
735000 4.996393e-22 -4.064477e-18 1.375153e-17 7.237745e+01
736000 4.100618e-21 -4.059322e-18 1.374693e-17 5.940131e+02
737000 7.476617e-20 -3.433549e-18 1.431686e-17 1.083058e+04
738000 1.382280e-19 -4.109467e-18 1.372590e-17 2.002362e+04
739000 4.029071e-20 -4.058600e-18 1.378234e-17 5.836488e+03
740000 4.464331e-20 -4.053753e-18 1.396741e-17 6.467003e+03
741000 3.923079e-20 -3.839773e-18 1.399681e-17 5.682950e+03
742000 7.924213e-21 -4.019104e-18 1.388005e-17 1.147897e+03
743000 1.667024e-21 -4.028018e-18 1.387400e-17 2.414841e+02
744000 1.187255e-21 -4.032794e-18 1.388124e-17 1.719850e+02
745000 9.331060e-22 -4.024168e-18 1.405165e-17 1.351692e+02
746000 2.955981e-20 -4.108319e-18 1.384311e-17 4.282017e+03
747000 5.505092e-20 -4.086120e-18 1.400780e-17 7.974643e+03
748000 2.160695e-20 -3.664837e-18 1.426301e-17 3.129970e+03
749000 6.681986e-19 -4.051967e-18 1.471411e-17 9.679485e+04
750000 4.270421e-19 -3.720889e-18 1.477595e-17 6.186107e+04
751000 1.287575e-20 -3.951523e-18 1.413123e-17 1.865174e+03
752000 1.114485e-19 -4.102479e-18 1.413414e-17 1.614437e+04
753000 2.615183e-20 -4.104140e-18 1.403814e-17 3.788338e+03
754000 3.099708e-20 -4.052024e-18 1.419684e-17 4.490219e+03
755000 5.237361e-20 -3.551577e-18 1.468723e-17 7.586811e+03
756000 7.949260e-19 -3.192922e-18 1.572200e-17 1.151525e+05
757000 2.684819e-19 -3.595906e-18 1.489538e-17 3.889213e+04
758000 1.594767e-18 -3.903986e-18 1.586323e-17 2.310170e+05
759000 8.452768e-22 -4.092859e-18 1.414986e-17 1.224463e+02
760000 8.042571e-19 -2.783027e-18 1.632123e-17 1.165042e+05
761000 5.412250e-20 -4.106861e-18 1.424991e-17 7.840153e+03
762000 3.116094e-21 -3.820341e-18 1.444276e-17 4.513955e+02
763000 5.167650e-22 -4.108932e-18 1.417735e-17 7.485828e+01
764000 1.522900e-19 -3.870067e-18 1.464568e-17 2.206064e+04
765000 4.846552e-20 -2.683585e-18 1.579991e-17 7.020686e+03
766000 2.290429e-19 -4.037813e-18 1.468163e-17 3.317902e+04
767000 3.268035e-21 -4.109977e-18 1.432373e-17 4.734056e+02
768000 1.248752e-19 -2.858523e-18 1.565240e-17 1.808935e+04
769000 3.811873e-21 -4.092163e-18 1.439305e-17 5.521857e+02
770000 4.049435e-19 -3.778649e-18 1.523239e-17 5.865987e+04
771000 4.040911e-19 -4.107920e-18 1.491259e-17 5.853639e+04
772000 1.427314e-18 -3.574818e-18 1.640162e-17 2.067599e+05
773000 3.223147e-20 -3.698829e-18 1.486475e-17 4.669032e+03
774000 4.191920e-19 -3.611552e-18 1.535691e-17 6.072391e+04
775000 6.965868e-19 -3.910616e-18 1.550919e-17 1.009071e+05
776000 2.981422e-20 -3.962248e-18 1.473910e-17 4.318871e+03
777000 1.182384e-19 -4.103449e-18 1.474977e-17 1.712794e+04
778000 7.658101e-19 -3.886581e-18 1.554423e-17 1.109348e+05
779000 4.257850e-20 -2.668599e-18 1.600216e-17 6.167896e+03
780000 3.347268e-19 -3.909143e-18 1.532414e-17 4.848832e+04
781000 1.603054e-20 -4.106011e-18 1.471251e-17 2.322174e+03
782000 3.069612e-20 -3.248512e-18 1.550218e-17 4.446622e+03
783000 1.312989e-19 -3.546565e-18 1.537477e-17 1.901988e+04
784000 1.976707e-24 -3.794543e-18 1.503469e-17 2.863446e-01
785000 1.241419e-21 -4.095073e-18 1.493425e-17 1.798312e+02
786000 3.455970e-19 -4.098611e-18 1.520796e-17 5.006298e+04
787000 1.614803e-19 -3.852167e-18 1.528570e-17 2.339194e+04
788000 5.713354e-21 -4.085051e-18 1.491299e-17 8.276331e+02
789000 3.875343e-21 -4.084838e-18 1.491160e-17 5.613799e+02
790000 3.407456e-21 -4.085402e-18 1.509004e-17 4.936020e+02
791000 6.757803e-20 -4.078836e-18 1.515665e-17 9.789313e+03
792000 4.913400e-22 -4.106063e-18 1.493573e-17 7.117523e+01
793000 7.193549e-19 -3.184138e-18 1.649522e-17 1.042053e+05
794000 6.129110e-19 -3.418078e-18 1.620974e-17 8.878592e+04
795000 6.684007e-20 -4.001921e-18 1.533933e-17 9.682413e+03
796000 3.194071e-21 -4.108529e-18 1.501676e-17 4.626912e+02
797000 4.121075e-19 -4.020724e-18 1.559379e-17 5.969764e+04
798000 1.888116e-19 -3.494018e-18 1.578030e-17 2.735113e+04
799000 1.661804e-19 -3.739212e-18 1.560326e-17 2.407279e+04
800000 6.864865e-20 -3.852650e-18 1.554957e-17 9.944403e+03
801000 8.250502e-20 -4.109991e-18 1.524332e-17 1.195163e+04
802000 7.993487e-21 -4.101906e-18 1.523108e-17 1.157932e+03
803000 2.138831e-18 -4.057054e-18 1.742965e-17 3.098298e+05
804000 1.591071e-20 -2.636221e-18 1.663862e-17 2.304816e+03
805000 1.101516e-19 -3.973953e-18 1.562341e-17 1.595650e+04
806000 2.320423e-19 -4.106438e-18 1.558919e-17 3.361351e+04
807000 1.179957e-20 -3.877037e-18 1.564394e-17 1.709279e+03
808000 4.220398e-19 -4.061072e-18 1.583585e-17 6.113644e+04
809000 5.744659e-21 -4.047463e-18 1.549368e-17 8.321679e+02
810000 5.088055e-21 -4.108967e-18 1.544242e-17 7.370526e+02
811000 4.682480e-19 -4.081037e-18 1.603775e-17 6.783012e+04
812000 3.405288e-19 -2.825329e-18 1.695520e-17 4.932880e+04
813000 3.501095e-20 -4.090603e-18 1.554111e-17 5.071666e+03
814000 4.970277e-22 -4.081383e-18 1.557000e-17 7.199914e+01
815000 8.966158e-20 -3.521851e-18 1.623126e-17 1.298832e+04
816000 1.941382e-21 -3.984334e-18 1.577273e-17 2.812275e+02
817000 1.797208e-19 -3.326029e-18 1.641369e-17 2.603425e+04
818000 2.107637e-22 -3.935503e-18 1.571542e-17 3.053110e+01
819000 1.861832e-22 -3.954353e-18 1.569792e-17 2.697039e+01
820000 1.029161e-20 -3.933170e-18 1.591139e-17 1.490837e+03
821000 6.838330e-21 -3.958733e-18 1.579458e-17 9.905965e+02
822000 9.052909e-21 -3.813141e-18 1.593914e-17 1.311399e+03
823000 1.016613e-18 -4.106821e-18 1.673347e-17 1.472660e+05
824000 1.662365e-20 -4.061741e-18 1.579046e-17 2.408092e+03
825000 2.277058e-21 -3.496026e-18 1.643209e-17 3.298533e+02
826000 2.298760e-19 -3.490109e-18 1.665521e-17 3.329970e+04
827000 9.181916e-20 -3.403633e-18 1.649236e-17 1.330087e+04
828000 1.164254e-22 -4.094795e-18 1.584416e-17 1.686532e+01
829000 1.827739e-19 -3.423136e-18 1.660925e-17 2.647651e+04
830000 4.562846e-19 -3.088803e-18 1.734748e-17 6.609712e+04
831000 2.870922e-21 -4.109072e-18 1.592365e-17 4.158801e+02
832000 2.083917e-20 -4.109959e-18 1.592792e-17 3.018749e+03
833000 3.010096e-20 -3.454441e-18 1.654281e-17 4.360407e+03
834000 5.853488e-19 -3.767137e-18 1.681660e-17 8.479328e+04
835000 2.028677e-19 -3.952516e-18 1.646526e-17 2.938730e+04
836000 4.757495e-20 -4.065734e-18 1.622425e-17 6.891679e+03
837000 1.690647e-21 -3.337308e-18 1.670441e-17 2.449062e+02
838000 3.506061e-19 -3.955892e-18 1.660638e-17 5.078859e+04
839000 8.986521e-20 -3.794711e-18 1.643481e-17 1.301782e+04
840000 1.181520e-19 -4.018890e-18 1.652524e-17 1.711543e+04
841000 1.424584e-20 -3.966719e-18 1.638125e-17 2.063644e+03
842000 4.300215e-20 -4.108135e-18 1.618926e-17 6.229266e+03
843000 1.338041e-19 -3.346074e-18 1.695185e-17 1.938278e+04
844000 1.678706e-20 -4.010165e-18 1.628437e-17 2.431763e+03
845000 4.089537e-19 -2.829340e-18 1.791961e-17 5.924079e+04
846000 5.134750e-20 -4.105691e-18 1.633123e-17 7.438168e+03
847000 2.755319e-19 -3.885038e-18 1.686627e-17 3.991339e+04
848000 1.687124e-19 -3.785891e-18 1.675957e-17 2.443958e+04
849000 6.543710e-20 -4.023641e-18 1.658135e-17 9.479180e+03
850000 1.125578e-21 -3.989623e-18 1.667414e-17 1.630505e+02
851000 5.896535e-19 -3.918309e-18 1.722972e-17 8.541686e+04
852000 4.963635e-19 -1.654816e-18 1.924155e-17 7.190293e+04
853000 7.217571e-19 -3.892456e-18 1.730358e-17 1.045533e+05
854000 4.719980e-19 -3.616361e-18 1.737547e-17 6.837336e+04
855000 1.540966e-21 -3.764946e-18 1.689448e-17 2.232234e+02
856000 8.997772e-19 -3.436703e-18 1.801429e-17 1.303412e+05
857000 1.925767e-22 -4.053625e-18 1.668411e-17 2.789654e+01
858000 3.590799e-19 -3.944309e-18 1.711654e-17 5.201610e+04
859000 2.337079e-19 -3.724267e-18 1.710961e-17 3.385479e+04
860000 3.894364e-21 -3.943329e-18 1.694261e-17 5.641352e+02
861000 4.543809e-20 -4.021563e-18 1.692957e-17 6.582134e+03
862000 2.480207e-20 -3.679340e-18 1.707869e-17 3.592813e+03
863000 1.769962e-21 -4.106194e-18 1.663505e-17 2.563956e+02
864000 6.448755e-19 -3.286434e-18 1.799844e-17 9.341629e+04
865000 4.262451e-19 -3.149608e-18 1.809664e-17 6.174562e+04
866000 5.657729e-19 -3.629177e-18 1.776140e-17 8.195753e+04
867000 9.429112e-20 -9.689781e-19 1.988531e-17 1.365896e+04
868000 1.704985e-19 -3.604491e-18 1.739955e-17 2.469831e+04
869000 7.290800e-20 -3.979087e-18 1.697756e-17 1.056141e+04
870000 6.767938e-19 -4.010913e-18 1.787001e-17 9.803995e+04
871000 8.312789e-19 -1.587180e-18 2.012410e-17 1.204186e+05
872000 3.896374e-19 -3.880444e-18 1.746042e-17 5.644264e+04
873000 7.834830e-19 -4.094081e-18 1.771250e-17 1.134949e+05
874000 1.444361e-19 -2.927743e-18 1.809898e-17 2.092293e+04
875000 1.290174e-20 -4.030948e-18 1.728546e-17 1.868939e+03
876000 3.294809e-19 -3.638087e-18 1.774979e-17 4.772841e+04
877000 6.763077e-19 -4.109986e-18 1.765968e-17 9.796953e+04
878000 2.188566e-20 -3.903723e-18 1.730753e-17 3.170344e+03
879000 2.273503e-19 -4.107269e-18 1.721120e-17 3.293383e+04
