pX pY pZ 
-2.477953e-13 0.000000e+00 0.000000e+00
-1.595806e-13 0.000000e+00 0.000000e+00
8.913170e-14 0.000000e+00 0.000000e+00
-1.845552e-13 0.000000e+00 0.000000e+00
1.553277e-13 0.000000e+00 0.000000e+00
2.473270e-14 0.000000e+00 0.000000e+00
2.253107e-13 0.000000e+00 0.000000e+00
9.525311e-14 0.000000e+00 0.000000e+00
-2.418344e-13 0.000000e+00 0.000000e+00
8.007238e-14 0.000000e+00 0.000000e+00
8.513860e-14 0.000000e+00 0.000000e+00
2.290965e-14 0.000000e+00 0.000000e+00
1.137187e-13 0.000000e+00 0.000000e+00
8.811060e-14 0.000000e+00 0.000000e+00
2.422031e-14 0.000000e+00 0.000000e+00
7.685501e-14 0.000000e+00 0.000000e+00
-9.046003e-14 0.000000e+00 0.000000e+00
5.615996e-14 0.000000e+00 0.000000e+00
-7.630300e-14 0.000000e+00 0.000000e+00
-6.579574e-14 0.000000e+00 0.000000e+00
7.866023e-14 0.000000e+00 0.000000e+00
-5.024863e-14 0.000000e+00 0.000000e+00
1.461984e-13 0.000000e+00 0.000000e+00
2.320267e-13 0.000000e+00 0.000000e+00
-8.622995e-14 0.000000e+00 0.000000e+00
5.516812e-14 0.000000e+00 0.000000e+00
1.695773e-13 0.000000e+00 0.000000e+00
-1.717208e-13 0.000000e+00 0.000000e+00
-3.150039e-13 0.000000e+00 0.000000e+00
9.566085e-14 0.000000e+00 0.000000e+00
-5.975725e-14 0.000000e+00 0.000000e+00
7.729049e-13 0.000000e+00 0.000000e+00
1.681295e-13 0.000000e+00 0.000000e+00
-7.210789e-14 0.000000e+00 0.000000e+00
1.279752e-13 0.000000e+00 0.000000e+00
-3.383591e-13 0.000000e+00 0.000000e+00
-1.771514e-13 0.000000e+00 0.000000e+00
-8.008612e-14 0.000000e+00 0.000000e+00
3.230369e-13 0.000000e+00 0.000000e+00
-1.335195e-13 0.000000e+00 0.000000e+00
3.384957e-13 0.000000e+00 0.000000e+00
2.672614e-13 0.000000e+00 0.000000e+00
8.341379e-14 0.000000e+00 0.000000e+00
-2.275241e-13 0.000000e+00 0.000000e+00
1.597110e-13 0.000000e+00 0.000000e+00
3.560014e-14 0.000000e+00 0.000000e+00
1.475376e-14 0.000000e+00 0.000000e+00
5.515543e-14 0.000000e+00 0.000000e+00
8.660734e-14 0.000000e+00 0.000000e+00
-6.700251e-14 0.000000e+00 0.000000e+00
5.510661e-14 0.000000e+00 0.000000e+00
1.768545e-13 0.000000e+00 0.000000e+00
-6.492951e-15 0.000000e+00 0.000000e+00
-3.136195e-13 0.000000e+00 0.000000e+00
2.453513e-13 0.000000e+00 0.000000e+00
5.662150e-14 0.000000e+00 0.000000e+00
1.351514e-13 0.000000e+00 0.000000e+00
-2.201732e-14 0.000000e+00 0.000000e+00
1.625409e-13 0.000000e+00 0.000000e+00
-2.331827e-14 0.000000e+00 0.000000e+00
-3.763202e-13 0.000000e+00 0.000000e+00
-3.596961e-14 0.000000e+00 0.000000e+00
-1.223862e-13 0.000000e+00 0.000000e+00
7.789703e-14 0.000000e+00 0.000000e+00
6.474723e-14 0.000000e+00 0.000000e+00
6.171780e-14 0.000000e+00 0.000000e+00
2.492648e-14 0.000000e+00 0.000000e+00
-1.395389e-13 0.000000e+00 0.000000e+00
-2.295001e-13 0.000000e+00 0.000000e+00
-1.380803e-13 0.000000e+00 0.000000e+00
6.557303e-14 0.000000e+00 0.000000e+00
8.372070e-14 0.000000e+00 0.000000e+00
3.796161e-13 0.000000e+00 0.000000e+00
-1.945863e-13 0.000000e+00 0.000000e+00
-2.163710e-14 0.000000e+00 0.000000e+00
-1.025289e-13 0.000000e+00 0.000000e+00
-1.784495e-12 0.000000e+00 0.000000e+00
1.359454e-13 0.000000e+00 0.000000e+00
-1.903351e-13 0.000000e+00 0.000000e+00
6.697197e-14 0.000000e+00 0.000000e+00
2.727126e-14 0.000000e+00 0.000000e+00
8.895155e-13 0.000000e+00 0.000000e+00
-1.063691e-12 0.000000e+00 0.000000e+00
1.295541e-12 0.000000e+00 0.000000e+00
1.751246e-13 0.000000e+00 0.000000e+00
1.702701e-13 0.000000e+00 0.000000e+00
-3.756514e-14 0.000000e+00 0.000000e+00
8.053000e-14 0.000000e+00 0.000000e+00
-7.748249e-15 0.000000e+00 0.000000e+00
-1.948660e-12 0.000000e+00 0.000000e+00
1.102145e-13 0.000000e+00 0.000000e+00
-2.616694e-12 0.000000e+00 0.000000e+00
8.304224e-14 0.000000e+00 0.000000e+00
-5.233536e-14 0.000000e+00 0.000000e+00
1.638618e-13 0.000000e+00 0.000000e+00
1.347575e-12 0.000000e+00 0.000000e+00
-3.595851e-13 0.000000e+00 0.000000e+00
1.711445e-13 0.000000e+00 0.000000e+00
-1.143851e-13 0.000000e+00 0.000000e+00
-4.999333e-14 0.000000e+00 0.000000e+00
3.182729e-13 0.000000e+00 0.000000e+00
-9.455605e-14 0.000000e+00 0.000000e+00
-1.203187e-12 0.000000e+00 0.000000e+00
-3.871644e-13 0.000000e+00 0.000000e+00
-3.006552e-12 0.000000e+00 0.000000e+00
-1.681428e-12 0.000000e+00 0.000000e+00
1.958101e-13 0.000000e+00 0.000000e+00
-9.423096e-16 0.000000e+00 0.000000e+00
2.082334e-12 0.000000e+00 0.000000e+00
-3.016850e-14 0.000000e+00 0.000000e+00
1.697677e-12 0.000000e+00 0.000000e+00
-2.916813e-13 0.000000e+00 0.000000e+00
1.825970e-12 0.000000e+00 0.000000e+00
4.185174e-13 0.000000e+00 0.000000e+00
1.632003e-12 0.000000e+00 0.000000e+00
-3.086070e-12 0.000000e+00 0.000000e+00
-1.602735e-12 0.000000e+00 0.000000e+00
-2.504712e-13 0.000000e+00 0.000000e+00
3.791698e-13 0.000000e+00 0.000000e+00
3.050512e-14 0.000000e+00 0.000000e+00
6.937925e-14 0.000000e+00 0.000000e+00
-2.934306e-12 0.000000e+00 0.000000e+00
-4.814464e-13 0.000000e+00 0.000000e+00
1.670811e-12 0.000000e+00 0.000000e+00
-1.689765e-12 0.000000e+00 0.000000e+00
7.519805e-14 0.000000e+00 0.000000e+00
7.413140e-14 0.000000e+00 0.000000e+00
6.536068e-14 0.000000e+00 0.000000e+00
2.384151e-13 0.000000e+00 0.000000e+00
9.997780e-13 0.000000e+00 0.000000e+00
-1.098325e-13 0.000000e+00 0.000000e+00
-2.078323e-13 0.000000e+00 0.000000e+00
6.498446e-13 0.000000e+00 0.000000e+00
-1.781639e-12 0.000000e+00 0.000000e+00
-1.606762e-13 0.000000e+00 0.000000e+00
-4.462574e-13 0.000000e+00 0.000000e+00
-4.719274e-12 0.000000e+00 0.000000e+00
5.703425e-13 0.000000e+00 0.000000e+00
1.242528e-12 0.000000e+00 0.000000e+00
-3.336750e-13 0.000000e+00 0.000000e+00
-1.526938e-13 0.000000e+00 0.000000e+00
-2.281479e-14 0.000000e+00 0.000000e+00
-3.103748e-13 0.000000e+00 0.000000e+00
-2.953419e-14 0.000000e+00 0.000000e+00
-3.062049e-14 0.000000e+00 0.000000e+00
3.177575e-14 0.000000e+00 0.000000e+00
9.102257e-14 0.000000e+00 0.000000e+00
-6.534018e-13 0.000000e+00 0.000000e+00
-1.063111e-12 0.000000e+00 0.000000e+00
-3.213143e-13 0.000000e+00 0.000000e+00
-1.313324e-13 0.000000e+00 0.000000e+00
-1.579091e-12 0.000000e+00 0.000000e+00
2.351282e-12 0.000000e+00 0.000000e+00
-1.971940e-13 0.000000e+00 0.000000e+00
1.996751e-13 0.000000e+00 0.000000e+00
1.792959e-12 0.000000e+00 0.000000e+00
1.804150e-12 0.000000e+00 0.000000e+00
-1.368557e-12 0.000000e+00 0.000000e+00
2.654396e-13 0.000000e+00 0.000000e+00
3.488352e-13 0.000000e+00 0.000000e+00
1.264420e-12 0.000000e+00 0.000000e+00
1.593789e-14 0.000000e+00 0.000000e+00
1.569777e-12 0.000000e+00 0.000000e+00
6.249540e-13 0.000000e+00 0.000000e+00
-5.279323e-13 0.000000e+00 0.000000e+00
-1.049957e-12 0.000000e+00 0.000000e+00
2.234837e-12 0.000000e+00 0.000000e+00
1.890119e-12 0.000000e+00 0.000000e+00
-1.105890e-12 0.000000e+00 0.000000e+00
2.244882e-12 0.000000e+00 0.000000e+00
4.327165e-12 0.000000e+00 0.000000e+00
-4.731624e-12 0.000000e+00 0.000000e+00
-1.144082e-12 0.000000e+00 0.000000e+00
2.397982e-12 0.000000e+00 0.000000e+00
-2.084966e-13 0.000000e+00 0.000000e+00
-1.535628e-13 0.000000e+00 0.000000e+00
2.046065e-14 0.000000e+00 0.000000e+00
3.202575e-12 0.000000e+00 0.000000e+00
3.826082e-14 0.000000e+00 0.000000e+00
6.692781e-13 0.000000e+00 0.000000e+00
2.004332e-12 0.000000e+00 0.000000e+00
1.575990e-13 0.000000e+00 0.000000e+00
2.405539e-12 0.000000e+00 0.000000e+00
5.808832e-14 0.000000e+00 0.000000e+00
2.135990e-12 0.000000e+00 0.000000e+00
-1.394624e-12 0.000000e+00 0.000000e+00
7.496344e-13 0.000000e+00 0.000000e+00
-3.598608e-12 0.000000e+00 0.000000e+00
-4.147772e-13 0.000000e+00 0.000000e+00
-1.310010e-13 0.000000e+00 0.000000e+00
-6.344327e-14 0.000000e+00 0.000000e+00
-2.590652e-12 0.000000e+00 0.000000e+00
-1.219568e-12 0.000000e+00 0.000000e+00
1.654993e-12 0.000000e+00 0.000000e+00
1.315158e-12 0.000000e+00 0.000000e+00
2.206488e-12 0.000000e+00 0.000000e+00
-8.975686e-14 0.000000e+00 0.000000e+00
3.429536e-12 0.000000e+00 0.000000e+00
2.832520e-13 0.000000e+00 0.000000e+00
-1.697995e-14 0.000000e+00 0.000000e+00
-2.527936e-13 0.000000e+00 0.000000e+00
-1.168432e-13 0.000000e+00 0.000000e+00
3.355080e-14 0.000000e+00 0.000000e+00
3.245481e-13 0.000000e+00 0.000000e+00
-1.882104e-12 0.000000e+00 0.000000e+00
1.757894e-13 0.000000e+00 0.000000e+00
-5.978908e-13 0.000000e+00 0.000000e+00
-4.600433e-13 0.000000e+00 0.000000e+00
-8.132900e-13 0.000000e+00 0.000000e+00
5.591536e-12 0.000000e+00 0.000000e+00
1.614889e-12 0.000000e+00 0.000000e+00
6.191808e-13 0.000000e+00 0.000000e+00
5.348732e-13 0.000000e+00 0.000000e+00
-2.257953e-12 0.000000e+00 0.000000e+00
5.555649e-12 0.000000e+00 0.000000e+00
2.940556e-13 0.000000e+00 0.000000e+00
-1.176719e-13 0.000000e+00 0.000000e+00
-3.285247e-13 0.000000e+00 0.000000e+00
7.703265e-14 0.000000e+00 0.000000e+00
-1.583907e-13 0.000000e+00 0.000000e+00
-1.873650e-13 0.000000e+00 0.000000e+00
2.808970e-13 0.000000e+00 0.000000e+00
-1.843853e-13 0.000000e+00 0.000000e+00
2.370811e-14 0.000000e+00 0.000000e+00
2.436709e-14 0.000000e+00 0.000000e+00
1.497607e-13 0.000000e+00 0.000000e+00
-3.606674e-14 0.000000e+00 0.000000e+00
1.471043e-13 0.000000e+00 0.000000e+00
1.113222e-13 0.000000e+00 0.000000e+00
-1.817285e-13 0.000000e+00 0.000000e+00
1.353440e-14 0.000000e+00 0.000000e+00
-4.994556e-14 0.000000e+00 0.000000e+00
-2.057896e-13 0.000000e+00 0.000000e+00
-1.414518e-12 0.000000e+00 0.000000e+00
2.951189e-12 0.000000e+00 0.000000e+00
-1.113091e-12 0.000000e+00 0.000000e+00
1.032338e-12 0.000000e+00 0.000000e+00
-1.575590e-12 0.000000e+00 0.000000e+00
4.929213e-13 0.000000e+00 0.000000e+00
-7.203499e-13 0.000000e+00 0.000000e+00
1.303302e-13 0.000000e+00 0.000000e+00
-6.248397e-14 0.000000e+00 0.000000e+00
-2.766354e-16 0.000000e+00 0.000000e+00
-7.924579e-13 0.000000e+00 0.000000e+00
1.042618e-12 0.000000e+00 0.000000e+00
1.395095e-13 0.000000e+00 0.000000e+00
-3.391773e-12 0.000000e+00 0.000000e+00
1.210699e-12 0.000000e+00 0.000000e+00
-2.562980e-13 0.000000e+00 0.000000e+00
5.507137e-13 0.000000e+00 0.000000e+00
-2.984945e-13 0.000000e+00 0.000000e+00
-1.557427e-13 0.000000e+00 0.000000e+00
-1.211143e-12 0.000000e+00 0.000000e+00
-2.606384e-12 0.000000e+00 0.000000e+00
-2.157371e-12 0.000000e+00 0.000000e+00
2.331628e-13 0.000000e+00 0.000000e+00
4.757099e-14 0.000000e+00 0.000000e+00
1.574726e-12 0.000000e+00 0.000000e+00
9.677879e-13 0.000000e+00 0.000000e+00
-9.697169e-14 0.000000e+00 0.000000e+00
-6.565002e-13 0.000000e+00 0.000000e+00
-1.914372e-12 0.000000e+00 0.000000e+00
1.352333e-12 0.000000e+00 0.000000e+00
2.612973e-12 0.000000e+00 0.000000e+00
-3.239652e-13 0.000000e+00 0.000000e+00
2.222833e-13 0.000000e+00 0.000000e+00
-3.909084e-12 0.000000e+00 0.000000e+00
-4.033552e-13 0.000000e+00 0.000000e+00
1.026780e-12 0.000000e+00 0.000000e+00
-3.656940e-14 0.000000e+00 0.000000e+00
3.558815e-13 0.000000e+00 0.000000e+00
2.527055e-13 0.000000e+00 0.000000e+00
-6.560426e-14 0.000000e+00 0.000000e+00
-1.603160e-14 0.000000e+00 0.000000e+00
2.406290e-12 0.000000e+00 0.000000e+00
1.200402e-13 0.000000e+00 0.000000e+00
-7.216545e-14 0.000000e+00 0.000000e+00
4.096383e-13 0.000000e+00 0.000000e+00
3.857903e-13 0.000000e+00 0.000000e+00
-1.302398e-13 0.000000e+00 0.000000e+00
4.826597e-14 0.000000e+00 0.000000e+00
-7.111319e-13 0.000000e+00 0.000000e+00
-5.661058e-14 0.000000e+00 0.000000e+00
1.235466e-13 0.000000e+00 0.000000e+00
-6.099209e-13 0.000000e+00 0.000000e+00
-1.465844e-12 0.000000e+00 0.000000e+00
-2.878635e-12 0.000000e+00 0.000000e+00
-4.153710e-13 0.000000e+00 0.000000e+00
-1.406930e-13 0.000000e+00 0.000000e+00
1.242246e-14 0.000000e+00 0.000000e+00
2.001384e-12 0.000000e+00 0.000000e+00
2.205099e-12 0.000000e+00 0.000000e+00
6.193217e-13 0.000000e+00 0.000000e+00
2.372347e-13 0.000000e+00 0.000000e+00
3.023812e-12 0.000000e+00 0.000000e+00
-2.533401e-12 0.000000e+00 0.000000e+00
-2.301358e-12 0.000000e+00 0.000000e+00
-4.712161e-12 0.000000e+00 0.000000e+00
1.700046e-13 0.000000e+00 0.000000e+00
1.402954e-12 0.000000e+00 0.000000e+00
-4.700868e-13 0.000000e+00 0.000000e+00
2.609042e-12 0.000000e+00 0.000000e+00
6.836674e-13 0.000000e+00 0.000000e+00
1.347756e-12 0.000000e+00 0.000000e+00
-3.200704e-15 0.000000e+00 0.000000e+00
-7.250651e-13 0.000000e+00 0.000000e+00
2.491764e-13 0.000000e+00 0.000000e+00
-1.348679e-13 0.000000e+00 0.000000e+00
-1.020629e-13 0.000000e+00 0.000000e+00
6.272185e-13 0.000000e+00 0.000000e+00
1.456724e-13 0.000000e+00 0.000000e+00
2.576502e-12 0.000000e+00 0.000000e+00
-9.416188e-13 0.000000e+00 0.000000e+00
1.757759e-13 0.000000e+00 0.000000e+00
-1.556874e-14 0.000000e+00 0.000000e+00
-9.732144e-14 0.000000e+00 0.000000e+00
4.058042e-13 0.000000e+00 0.000000e+00
-1.719221e-12 0.000000e+00 0.000000e+00
4.009773e-14 0.000000e+00 0.000000e+00
-8.674387e-14 0.000000e+00 0.000000e+00
1.146784e-12 0.000000e+00 0.000000e+00
1.305911e-12 0.000000e+00 0.000000e+00
-2.939568e-13 0.000000e+00 0.000000e+00
2.808859e-13 0.000000e+00 0.000000e+00
-3.946069e-14 0.000000e+00 0.000000e+00
-1.568586e-12 0.000000e+00 0.000000e+00
2.184420e-12 0.000000e+00 0.000000e+00
-3.075749e-13 0.000000e+00 0.000000e+00
7.805694e-13 0.000000e+00 0.000000e+00
-8.451683e-14 0.000000e+00 0.000000e+00
-1.246086e-13 0.000000e+00 0.000000e+00
7.434690e-14 0.000000e+00 0.000000e+00
2.508377e-13 0.000000e+00 0.000000e+00
7.060246e-14 0.000000e+00 0.000000e+00
-2.291636e-14 0.000000e+00 0.000000e+00
1.919616e-13 0.000000e+00 0.000000e+00
1.337960e-14 0.000000e+00 0.000000e+00
-6.853396e-13 0.000000e+00 0.000000e+00
8.208252e-14 0.000000e+00 0.000000e+00
1.084887e-13 0.000000e+00 0.000000e+00
-3.513667e-13 0.000000e+00 0.000000e+00
4.627543e-14 0.000000e+00 0.000000e+00
-2.314948e-13 0.000000e+00 0.000000e+00
-2.073088e-13 0.000000e+00 0.000000e+00
1.274257e-13 0.000000e+00 0.000000e+00
1.164743e-13 0.000000e+00 0.000000e+00
4.902730e-14 0.000000e+00 0.000000e+00
1.809428e-13 0.000000e+00 0.000000e+00
1.548276e-13 0.000000e+00 0.000000e+00
1.124501e-13 0.000000e+00 0.000000e+00
2.916421e-13 0.000000e+00 0.000000e+00
-3.527354e-13 0.000000e+00 0.000000e+00
4.906795e-13 0.000000e+00 0.000000e+00
-2.584157e-13 0.000000e+00 0.000000e+00
9.468732e-13 0.000000e+00 0.000000e+00
7.961531e-14 0.000000e+00 0.000000e+00
-1.602642e-14 0.000000e+00 0.000000e+00
7.809741e-14 0.000000e+00 0.000000e+00
-2.407786e-13 0.000000e+00 0.000000e+00
1.303689e-13 0.000000e+00 0.000000e+00
8.258407e-14 0.000000e+00 0.000000e+00
-4.666290e-14 0.000000e+00 0.000000e+00
2.158663e-13 0.000000e+00 0.000000e+00
-7.559815e-14 0.000000e+00 0.000000e+00
3.387340e-14 0.000000e+00 0.000000e+00
-1.459286e-13 0.000000e+00 0.000000e+00
-2.357444e-13 0.000000e+00 0.000000e+00
-6.687807e-14 0.000000e+00 0.000000e+00
-6.251767e-14 0.000000e+00 0.000000e+00
-1.779735e-13 0.000000e+00 0.000000e+00
2.308897e-13 0.000000e+00 0.000000e+00
8.975038e-14 0.000000e+00 0.000000e+00
-4.037175e-14 0.000000e+00 0.000000e+00
1.120011e-13 0.000000e+00 0.000000e+00
7.461428e-14 0.000000e+00 0.000000e+00
9.452139e-14 0.000000e+00 0.000000e+00
-2.495367e-13 0.000000e+00 0.000000e+00
-1.682245e-13 0.000000e+00 0.000000e+00
1.370980e-13 0.000000e+00 0.000000e+00
-3.387459e-14 0.000000e+00 0.000000e+00
2.482108e-15 0.000000e+00 0.000000e+00
-1.329246e-14 0.000000e+00 0.000000e+00
1.894035e-13 0.000000e+00 0.000000e+00
1.449414e-13 0.000000e+00 0.000000e+00
2.434534e-14 0.000000e+00 0.000000e+00
1.757592e-13 0.000000e+00 0.000000e+00
2.090824e-13 0.000000e+00 0.000000e+00
-1.293402e-13 0.000000e+00 0.000000e+00
-3.201770e-13 0.000000e+00 0.000000e+00
-1.355387e-13 0.000000e+00 0.000000e+00
-1.856872e-13 0.000000e+00 0.000000e+00
-2.566318e-13 0.000000e+00 0.000000e+00
-8.632458e-13 0.000000e+00 0.000000e+00
6.815077e-13 0.000000e+00 0.000000e+00
6.878287e-14 0.000000e+00 0.000000e+00
7.629050e-15 0.000000e+00 0.000000e+00
1.126230e-13 0.000000e+00 0.000000e+00
3.516005e-13 0.000000e+00 0.000000e+00
4.078299e-15 0.000000e+00 0.000000e+00
2.812183e-14 0.000000e+00 0.000000e+00
-2.694226e-13 0.000000e+00 0.000000e+00
4.895011e-14 0.000000e+00 0.000000e+00
2.964051e-15 0.000000e+00 0.000000e+00
3.363214e-14 0.000000e+00 0.000000e+00
-5.683920e-13 0.000000e+00 0.000000e+00
-6.547468e-14 0.000000e+00 0.000000e+00
4.590634e-14 0.000000e+00 0.000000e+00
1.362350e-13 0.000000e+00 0.000000e+00
-1.102427e-13 0.000000e+00 0.000000e+00
8.274788e-15 0.000000e+00 0.000000e+00
-1.925173e-13 0.000000e+00 0.000000e+00
-2.240571e-13 0.000000e+00 0.000000e+00
-4.992588e-14 0.000000e+00 0.000000e+00
3.719863e-13 0.000000e+00 0.000000e+00
-1.592077e-13 0.000000e+00 0.000000e+00
4.233670e-14 0.000000e+00 0.000000e+00
-8.025861e-14 0.000000e+00 0.000000e+00
1.840963e-13 0.000000e+00 0.000000e+00
-1.449015e-13 0.000000e+00 0.000000e+00
-2.355768e-13 0.000000e+00 0.000000e+00
-7.696433e-14 0.000000e+00 0.000000e+00
-1.412255e-13 0.000000e+00 0.000000e+00
1.430921e-13 0.000000e+00 0.000000e+00
-1.362233e-13 0.000000e+00 0.000000e+00
-1.253478e-13 0.000000e+00 0.000000e+00
5.738795e-13 0.000000e+00 0.000000e+00
2.263909e-13 0.000000e+00 0.000000e+00
1.935036e-13 0.000000e+00 0.000000e+00
1.661417e-13 0.000000e+00 0.000000e+00
-7.887532e-14 0.000000e+00 0.000000e+00
-1.612290e-13 0.000000e+00 0.000000e+00
6.627142e-14 0.000000e+00 0.000000e+00
-1.290782e-14 0.000000e+00 0.000000e+00
-2.436972e-14 0.000000e+00 0.000000e+00
-2.534051e-13 0.000000e+00 0.000000e+00
-8.057439e-14 0.000000e+00 0.000000e+00
-4.612488e-14 0.000000e+00 0.000000e+00
2.407511e-15 0.000000e+00 0.000000e+00
4.120778e-14 0.000000e+00 0.000000e+00
5.257009e-14 0.000000e+00 0.000000e+00
-1.108383e-13 0.000000e+00 0.000000e+00
2.872546e-14 0.000000e+00 0.000000e+00
6.578152e-13 0.000000e+00 0.000000e+00
1.069149e-13 0.000000e+00 0.000000e+00
-5.632435e-13 0.000000e+00 0.000000e+00
1.463500e-13 0.000000e+00 0.000000e+00
-6.633388e-13 0.000000e+00 0.000000e+00
4.265304e-14 0.000000e+00 0.000000e+00
-3.416980e-13 0.000000e+00 0.000000e+00
7.917721e-13 0.000000e+00 0.000000e+00
7.892116e-13 0.000000e+00 0.000000e+00
-4.058388e-13 0.000000e+00 0.000000e+00
-7.858251e-13 0.000000e+00 0.000000e+00
-2.056891e-13 0.000000e+00 0.000000e+00
-2.021374e-12 0.000000e+00 0.000000e+00
1.473854e-12 0.000000e+00 0.000000e+00
1.578239e-12 0.000000e+00 0.000000e+00
1.690242e-12 0.000000e+00 0.000000e+00
2.388253e-12 0.000000e+00 0.000000e+00
2.360824e-13 0.000000e+00 0.000000e+00
4.690951e-13 0.000000e+00 0.000000e+00
-2.283076e-13 0.000000e+00 0.000000e+00
-2.659452e-13 0.000000e+00 0.000000e+00
-8.729547e-14 0.000000e+00 0.000000e+00
9.885150e-14 0.000000e+00 0.000000e+00
-1.106029e-13 0.000000e+00 0.000000e+00
-4.090600e-14 0.000000e+00 0.000000e+00
1.436490e-14 0.000000e+00 0.000000e+00
-8.258598e-14 0.000000e+00 0.000000e+00
-2.796150e-13 0.000000e+00 0.000000e+00
8.168474e-13 0.000000e+00 0.000000e+00
-4.111886e-16 0.000000e+00 0.000000e+00
-1.137124e-14 0.000000e+00 0.000000e+00
-4.618967e-13 0.000000e+00 0.000000e+00
-3.928993e-13 0.000000e+00 0.000000e+00
2.883557e-14 0.000000e+00 0.000000e+00
-1.002382e-13 0.000000e+00 0.000000e+00
-7.386566e-14 0.000000e+00 0.000000e+00
-2.982694e-13 0.000000e+00 0.000000e+00
1.063314e-13 0.000000e+00 0.000000e+00
1.076463e-13 0.000000e+00 0.000000e+00
-3.839608e-13 0.000000e+00 0.000000e+00
-1.288001e-13 0.000000e+00 0.000000e+00
-2.228472e-12 0.000000e+00 0.000000e+00
8.986236e-14 0.000000e+00 0.000000e+00
-2.769146e-13 0.000000e+00 0.000000e+00
4.038964e-14 0.000000e+00 0.000000e+00
8.331683e-13 0.000000e+00 0.000000e+00
2.104757e-13 0.000000e+00 0.000000e+00
-8.423925e-14 0.000000e+00 0.000000e+00
2.533007e-14 0.000000e+00 0.000000e+00
1.221642e-12 0.000000e+00 0.000000e+00
2.311635e-13 0.000000e+00 0.000000e+00
-1.789757e-12 0.000000e+00 0.000000e+00
6.213307e-13 0.000000e+00 0.000000e+00
-7.906152e-14 0.000000e+00 0.000000e+00
-2.163737e-12 0.000000e+00 0.000000e+00
1.593922e-13 0.000000e+00 0.000000e+00
-1.719206e-13 0.000000e+00 0.000000e+00
-1.673444e-14 0.000000e+00 0.000000e+00
1.817083e-13 0.000000e+00 0.000000e+00
1.844671e-13 0.000000e+00 0.000000e+00
-2.218324e-14 0.000000e+00 0.000000e+00
-5.930467e-13 0.000000e+00 0.000000e+00
-1.747700e-12 0.000000e+00 0.000000e+00
-7.839115e-13 0.000000e+00 0.000000e+00
5.451267e-13 0.000000e+00 0.000000e+00
5.246302e-13 0.000000e+00 0.000000e+00
5.422347e-15 0.000000e+00 0.000000e+00
-1.115849e-13 0.000000e+00 0.000000e+00
-1.221779e-15 0.000000e+00 0.000000e+00
-5.137087e-13 0.000000e+00 0.000000e+00
6.904591e-14 0.000000e+00 0.000000e+00
4.848424e-13 0.000000e+00 0.000000e+00
2.130670e-12 0.000000e+00 0.000000e+00
-1.390655e-13 0.000000e+00 0.000000e+00
-2.430993e-13 0.000000e+00 0.000000e+00
3.536563e-13 0.000000e+00 0.000000e+00
3.132304e-14 0.000000e+00 0.000000e+00
5.738420e-13 0.000000e+00 0.000000e+00
-7.720781e-14 0.000000e+00 0.000000e+00
-1.024382e-13 0.000000e+00 0.000000e+00
1.850432e-13 0.000000e+00 0.000000e+00
-4.373773e-14 0.000000e+00 0.000000e+00
3.215916e-13 0.000000e+00 0.000000e+00
5.309633e-12 0.000000e+00 0.000000e+00
-1.818351e-12 0.000000e+00 0.000000e+00
-1.118174e-12 0.000000e+00 0.000000e+00
1.746772e-13 0.000000e+00 0.000000e+00
-4.132032e-13 0.000000e+00 0.000000e+00
2.120712e-13 0.000000e+00 0.000000e+00
2.045956e-14 0.000000e+00 0.000000e+00
1.116853e-12 0.000000e+00 0.000000e+00
7.778230e-14 0.000000e+00 0.000000e+00
-3.085365e-12 0.000000e+00 0.000000e+00
-1.712813e-13 0.000000e+00 0.000000e+00
4.289427e-14 0.000000e+00 0.000000e+00
-2.542021e-14 0.000000e+00 0.000000e+00
9.847715e-13 0.000000e+00 0.000000e+00
-1.048568e-13 0.000000e+00 0.000000e+00
-3.067732e-12 0.000000e+00 0.000000e+00
-9.437731e-13 0.000000e+00 0.000000e+00
1.691377e-13 0.000000e+00 0.000000e+00
-2.180645e-14 0.000000e+00 0.000000e+00
3.050860e-13 0.000000e+00 0.000000e+00
2.250618e-12 0.000000e+00 0.000000e+00
-4.472131e-14 0.000000e+00 0.000000e+00
1.666839e-12 0.000000e+00 0.000000e+00
-6.300082e-15 0.000000e+00 0.000000e+00
2.843543e-12 0.000000e+00 0.000000e+00
-6.839125e-13 0.000000e+00 0.000000e+00
-8.463791e-13 0.000000e+00 0.000000e+00
-2.732560e-12 0.000000e+00 0.000000e+00
8.026300e-15 0.000000e+00 0.000000e+00
-4.203540e-14 0.000000e+00 0.000000e+00
3.094845e-13 0.000000e+00 0.000000e+00
-3.491782e-12 0.000000e+00 0.000000e+00
-2.552508e-12 0.000000e+00 0.000000e+00
-1.059900e-12 0.000000e+00 0.000000e+00
-5.115776e-14 0.000000e+00 0.000000e+00
-2.984634e-12 0.000000e+00 0.000000e+00
1.717997e-13 0.000000e+00 0.000000e+00
-4.802404e-14 0.000000e+00 0.000000e+00
3.193179e-15 0.000000e+00 0.000000e+00
-3.492147e-13 0.000000e+00 0.000000e+00
1.961301e-12 0.000000e+00 0.000000e+00
3.573641e-12 0.000000e+00 0.000000e+00
1.181753e-12 0.000000e+00 0.000000e+00
-6.928282e-13 0.000000e+00 0.000000e+00
1.264661e-13 0.000000e+00 0.000000e+00
-6.069481e-13 0.000000e+00 0.000000e+00
3.596235e-13 0.000000e+00 0.000000e+00
1.851933e-13 0.000000e+00 0.000000e+00
3.325211e-12 0.000000e+00 0.000000e+00
-6.680493e-13 0.000000e+00 0.000000e+00
3.086913e-12 0.000000e+00 0.000000e+00
-3.997456e-12 0.000000e+00 0.000000e+00
2.719973e-12 0.000000e+00 0.000000e+00
-1.327712e-12 0.000000e+00 0.000000e+00
6.687889e-13 0.000000e+00 0.000000e+00
1.523579e-12 0.000000e+00 0.000000e+00
-2.110533e-12 0.000000e+00 0.000000e+00
4.135431e-13 0.000000e+00 0.000000e+00
2.155666e-12 0.000000e+00 0.000000e+00
1.535970e-12 0.000000e+00 0.000000e+00
1.481618e-12 0.000000e+00 0.000000e+00
-3.603889e-13 0.000000e+00 0.000000e+00
-1.055398e-13 0.000000e+00 0.000000e+00
-5.826824e-13 0.000000e+00 0.000000e+00
9.789368e-13 0.000000e+00 0.000000e+00
-2.074788e-12 0.000000e+00 0.000000e+00
-1.596407e-12 0.000000e+00 0.000000e+00
-2.488384e-12 0.000000e+00 0.000000e+00
3.678592e-12 0.000000e+00 0.000000e+00
-1.269432e-13 0.000000e+00 0.000000e+00
-5.020820e-15 0.000000e+00 0.000000e+00
3.920498e-13 0.000000e+00 0.000000e+00
-6.263352e-14 0.000000e+00 0.000000e+00
-1.622490e-13 0.000000e+00 0.000000e+00
-3.401876e-12 0.000000e+00 0.000000e+00
-2.477458e-12 0.000000e+00 0.000000e+00
-4.666523e-14 0.000000e+00 0.000000e+00
2.867979e-12 0.000000e+00 0.000000e+00
-1.836019e-13 0.000000e+00 0.000000e+00
-5.238124e-13 0.000000e+00 0.000000e+00
5.374435e-13 0.000000e+00 0.000000e+00
-4.690560e-13 0.000000e+00 0.000000e+00
1.395504e-13 0.000000e+00 0.000000e+00
3.978556e-14 0.000000e+00 0.000000e+00
2.309455e-15 0.000000e+00 0.000000e+00
8.849133e-14 0.000000e+00 0.000000e+00
1.495647e-13 0.000000e+00 0.000000e+00
-1.618814e-13 0.000000e+00 0.000000e+00
9.364843e-13 0.000000e+00 0.000000e+00
6.628848e-13 0.000000e+00 0.000000e+00
-5.635271e-13 0.000000e+00 0.000000e+00
2.914149e-12 0.000000e+00 0.000000e+00
-6.515152e-13 0.000000e+00 0.000000e+00
-2.368439e-13 0.000000e+00 0.000000e+00
3.945953e-13 0.000000e+00 0.000000e+00
-3.068794e-13 0.000000e+00 0.000000e+00
9.393391e-14 0.000000e+00 0.000000e+00
8.043451e-14 0.000000e+00 0.000000e+00
-4.538622e-14 0.000000e+00 0.000000e+00
1.785595e-13 0.000000e+00 0.000000e+00
1.992506e-13 0.000000e+00 0.000000e+00
-5.836668e-13 0.000000e+00 0.000000e+00
-2.778821e-13 0.000000e+00 0.000000e+00
-1.141536e-12 0.000000e+00 0.000000e+00
-3.655744e-14 0.000000e+00 0.000000e+00
-3.442684e-12 0.000000e+00 0.000000e+00
-2.326902e-12 0.000000e+00 0.000000e+00
1.077538e-12 0.000000e+00 0.000000e+00
-4.448867e-12 0.000000e+00 0.000000e+00
1.150600e-13 0.000000e+00 0.000000e+00
1.503812e-13 0.000000e+00 0.000000e+00
5.843290e-13 0.000000e+00 0.000000e+00
6.697712e-13 0.000000e+00 0.000000e+00
2.205537e-12 0.000000e+00 0.000000e+00
-2.317536e-12 0.000000e+00 0.000000e+00
1.963878e-12 0.000000e+00 0.000000e+00
-2.828611e-12 0.000000e+00 0.000000e+00
1.239971e-12 0.000000e+00 0.000000e+00
2.427588e-12 0.000000e+00 0.000000e+00
1.581201e-12 0.000000e+00 0.000000e+00
-1.476180e-13 0.000000e+00 0.000000e+00
6.556587e-14 0.000000e+00 0.000000e+00
-1.170068e-13 0.000000e+00 0.000000e+00
-2.564696e-14 0.000000e+00 0.000000e+00
5.248314e-15 0.000000e+00 0.000000e+00
-1.070889e-13 0.000000e+00 0.000000e+00
-4.862715e-13 0.000000e+00 0.000000e+00
-4.169890e-12 0.000000e+00 0.000000e+00
-3.764163e-12 0.000000e+00 0.000000e+00
1.782432e-12 0.000000e+00 0.000000e+00
-1.293775e-12 0.000000e+00 0.000000e+00
1.521866e-13 0.000000e+00 0.000000e+00
-1.631656e-12 0.000000e+00 0.000000e+00
-4.294626e-12 0.000000e+00 0.000000e+00
2.088947e-13 0.000000e+00 0.000000e+00
-2.421989e-13 0.000000e+00 0.000000e+00
5.144879e-14 0.000000e+00 0.000000e+00
-2.516495e-13 0.000000e+00 0.000000e+00
-7.178605e-14 0.000000e+00 0.000000e+00
-1.842336e-13 0.000000e+00 0.000000e+00
-1.085346e-13 0.000000e+00 0.000000e+00
-3.696728e-12 0.000000e+00 0.000000e+00
-1.367309e-13 0.000000e+00 0.000000e+00
-3.491360e-12 0.000000e+00 0.000000e+00
1.063784e-13 0.000000e+00 0.000000e+00
1.260964e-12 0.000000e+00 0.000000e+00
-2.108951e-12 0.000000e+00 0.000000e+00
2.295095e-14 0.000000e+00 0.000000e+00
4.184972e-15 0.000000e+00 0.000000e+00
4.235115e-14 0.000000e+00 0.000000e+00
-2.121321e-13 0.000000e+00 0.000000e+00
-1.162811e-13 0.000000e+00 0.000000e+00
-3.163519e-14 0.000000e+00 0.000000e+00
-2.409604e-13 0.000000e+00 0.000000e+00
-7.883543e-14 0.000000e+00 0.000000e+00
7.225772e-14 0.000000e+00 0.000000e+00
-2.342690e-14 0.000000e+00 0.000000e+00
2.697274e-13 0.000000e+00 0.000000e+00
1.210146e-14 0.000000e+00 0.000000e+00
-2.446838e-12 0.000000e+00 0.000000e+00
2.191356e-12 0.000000e+00 0.000000e+00
3.666587e-14 0.000000e+00 0.000000e+00
-1.233469e-13 0.000000e+00 0.000000e+00
7.621149e-13 0.000000e+00 0.000000e+00
-8.545333e-13 0.000000e+00 0.000000e+00
-6.485749e-13 0.000000e+00 0.000000e+00
-1.512179e-12 0.000000e+00 0.000000e+00
2.601362e-14 0.000000e+00 0.000000e+00
-1.234049e-12 0.000000e+00 0.000000e+00
-5.248813e-13 0.000000e+00 0.000000e+00
-5.695844e-13 0.000000e+00 0.000000e+00
6.801709e-13 0.000000e+00 0.000000e+00
1.724759e-12 0.000000e+00 0.000000e+00
-2.756143e-12 0.000000e+00 0.000000e+00
-2.378633e-13 0.000000e+00 0.000000e+00
2.923680e-12 0.000000e+00 0.000000e+00
1.427088e-12 0.000000e+00 0.000000e+00
3.050611e-13 0.000000e+00 0.000000e+00
-2.087999e-12 0.000000e+00 0.000000e+00
-4.807621e-12 0.000000e+00 0.000000e+00
1.464019e-12 0.000000e+00 0.000000e+00
1.654521e-13 0.000000e+00 0.000000e+00
-1.358576e-13 0.000000e+00 0.000000e+00
4.528714e-13 0.000000e+00 0.000000e+00
3.572994e-12 0.000000e+00 0.000000e+00
-5.714176e-12 0.000000e+00 0.000000e+00
8.182591e-14 0.000000e+00 0.000000e+00
1.893556e-12 0.000000e+00 0.000000e+00
-2.238647e-12 0.000000e+00 0.000000e+00
8.855543e-13 0.000000e+00 0.000000e+00
4.453687e-12 0.000000e+00 0.000000e+00
-2.650766e-12 0.000000e+00 0.000000e+00
4.393080e-12 0.000000e+00 0.000000e+00
-3.546131e-13 0.000000e+00 0.000000e+00
2.011628e-12 0.000000e+00 0.000000e+00
-1.592672e-12 0.000000e+00 0.000000e+00
2.070551e-13 0.000000e+00 0.000000e+00
-1.042656e-12 0.000000e+00 0.000000e+00
2.642844e-12 0.000000e+00 0.000000e+00
-3.015202e-12 0.000000e+00 0.000000e+00
3.090503e-14 0.000000e+00 0.000000e+00
3.301633e-13 0.000000e+00 0.000000e+00
1.781305e-12 0.000000e+00 0.000000e+00
-3.016882e-13 0.000000e+00 0.000000e+00
5.667726e-13 0.000000e+00 0.000000e+00
-2.240364e-12 0.000000e+00 0.000000e+00
1.505938e-12 0.000000e+00 0.000000e+00
-1.075977e-12 0.000000e+00 0.000000e+00
4.135745e-12 0.000000e+00 0.000000e+00
3.777621e-13 0.000000e+00 0.000000e+00
-1.764085e-12 0.000000e+00 0.000000e+00
-1.119418e-12 0.000000e+00 0.000000e+00
3.373806e-12 0.000000e+00 0.000000e+00
1.546417e-12 0.000000e+00 0.000000e+00
2.268863e-12 0.000000e+00 0.000000e+00
-5.043814e-12 0.000000e+00 0.000000e+00
1.899627e-13 0.000000e+00 0.000000e+00
-1.193201e-12 0.000000e+00 0.000000e+00
2.874884e-12 0.000000e+00 0.000000e+00
-4.388517e-12 0.000000e+00 0.000000e+00
5.928397e-13 0.000000e+00 0.000000e+00
2.370295e-12 0.000000e+00 0.000000e+00
-4.679925e-14 0.000000e+00 0.000000e+00
4.179027e-12 0.000000e+00 0.000000e+00
2.813061e-13 0.000000e+00 0.000000e+00
6.034830e-14 0.000000e+00 0.000000e+00
2.191488e-13 0.000000e+00 0.000000e+00
-4.328448e-13 0.000000e+00 0.000000e+00
-8.100098e-14 0.000000e+00 0.000000e+00
-3.646850e-13 0.000000e+00 0.000000e+00
-1.550359e-13 0.000000e+00 0.000000e+00
-1.318583e-13 0.000000e+00 0.000000e+00
-3.945661e-13 0.000000e+00 0.000000e+00
-4.527328e-13 0.000000e+00 0.000000e+00
4.786168e-12 0.000000e+00 0.000000e+00
8.285245e-14 0.000000e+00 0.000000e+00
-1.989486e-12 0.000000e+00 0.000000e+00
2.811113e-12 0.000000e+00 0.000000e+00
-2.849348e-12 0.000000e+00 0.000000e+00
-2.060260e-12 0.000000e+00 0.000000e+00
7.326293e-13 0.000000e+00 0.000000e+00
2.217479e-12 0.000000e+00 0.000000e+00
-1.168767e-12 0.000000e+00 0.000000e+00
-2.289822e-13 0.000000e+00 0.000000e+00
-2.032392e-12 0.000000e+00 0.000000e+00
-4.847362e-12 0.000000e+00 0.000000e+00
1.071286e-12 0.000000e+00 0.000000e+00
-2.603232e-12 0.000000e+00 0.000000e+00
1.442129e-13 0.000000e+00 0.000000e+00
-8.052926e-15 0.000000e+00 0.000000e+00
9.511021e-14 0.000000e+00 0.000000e+00
-1.925546e-12 0.000000e+00 0.000000e+00
-5.990484e-13 0.000000e+00 0.000000e+00
5.905617e-13 0.000000e+00 0.000000e+00
-2.199905e-12 0.000000e+00 0.000000e+00
-8.058868e-14 0.000000e+00 0.000000e+00
1.504473e-13 0.000000e+00 0.000000e+00
-1.056278e-13 0.000000e+00 0.000000e+00
2.026816e-13 0.000000e+00 0.000000e+00
-2.973396e-14 0.000000e+00 0.000000e+00
-5.537463e-13 0.000000e+00 0.000000e+00
-2.260043e-12 0.000000e+00 0.000000e+00
-2.132274e-14 0.000000e+00 0.000000e+00
-2.513930e-13 0.000000e+00 0.000000e+00
1.016663e-12 0.000000e+00 0.000000e+00
2.023577e-12 0.000000e+00 0.000000e+00
2.082330e-12 0.000000e+00 0.000000e+00
1.041127e-12 0.000000e+00 0.000000e+00
8.693193e-13 0.000000e+00 0.000000e+00
4.852742e-12 0.000000e+00 0.000000e+00
-3.526458e-12 0.000000e+00 0.000000e+00
6.092292e-13 0.000000e+00 0.000000e+00
7.724620e-13 0.000000e+00 0.000000e+00
-1.474127e-14 0.000000e+00 0.000000e+00
4.790302e-14 0.000000e+00 0.000000e+00
1.386990e-13 0.000000e+00 0.000000e+00
2.112853e-12 0.000000e+00 0.000000e+00
-3.816076e-13 0.000000e+00 0.000000e+00
2.845590e-12 0.000000e+00 0.000000e+00
-4.171161e-13 0.000000e+00 0.000000e+00
-1.263685e-12 0.000000e+00 0.000000e+00
1.726908e-12 0.000000e+00 0.000000e+00
-7.067878e-13 0.000000e+00 0.000000e+00
3.200677e-12 0.000000e+00 0.000000e+00
-3.586562e-12 0.000000e+00 0.000000e+00
-9.581197e-14 0.000000e+00 0.000000e+00
-1.315600e-12 0.000000e+00 0.000000e+00
-1.294374e-12 0.000000e+00 0.000000e+00
2.929431e-12 0.000000e+00 0.000000e+00
-4.787176e-13 0.000000e+00 0.000000e+00
2.548299e-12 0.000000e+00 0.000000e+00
-1.758848e-13 0.000000e+00 0.000000e+00
2.156115e-13 0.000000e+00 0.000000e+00
6.832527e-13 0.000000e+00 0.000000e+00
-1.294912e-12 0.000000e+00 0.000000e+00
-4.439624e-12 0.000000e+00 0.000000e+00
-1.339818e-12 0.000000e+00 0.000000e+00
4.398029e-12 0.000000e+00 0.000000e+00
3.225611e-12 0.000000e+00 0.000000e+00
9.250867e-13 0.000000e+00 0.000000e+00
-5.003535e-12 0.000000e+00 0.000000e+00
3.330306e-12 0.000000e+00 0.000000e+00
-1.763267e-12 0.000000e+00 0.000000e+00
1.070146e-12 0.000000e+00 0.000000e+00
-1.678330e-13 0.000000e+00 0.000000e+00
-1.298900e-12 0.000000e+00 0.000000e+00
1.915116e-13 0.000000e+00 0.000000e+00
-1.372947e-12 0.000000e+00 0.000000e+00
5.567076e-13 0.000000e+00 0.000000e+00
-1.233012e-12 0.000000e+00 0.000000e+00
-1.724787e-12 0.000000e+00 0.000000e+00
1.800614e-13 0.000000e+00 0.000000e+00
6.416282e-14 0.000000e+00 0.000000e+00
1.005264e-13 0.000000e+00 0.000000e+00
-6.103921e-14 0.000000e+00 0.000000e+00
-2.678262e-13 0.000000e+00 0.000000e+00
-3.607386e-12 0.000000e+00 0.000000e+00
-1.148728e-12 0.000000e+00 0.000000e+00
2.783206e-12 0.000000e+00 0.000000e+00
4.897986e-13 0.000000e+00 0.000000e+00
-1.106336e-12 0.000000e+00 0.000000e+00
8.939866e-15 0.000000e+00 0.000000e+00
-2.412759e-12 0.000000e+00 0.000000e+00
3.395792e-12 0.000000e+00 0.000000e+00
-1.421761e-12 0.000000e+00 0.000000e+00
-4.984508e-13 0.000000e+00 0.000000e+00
5.002788e-13 0.000000e+00 0.000000e+00
-4.961846e-13 0.000000e+00 0.000000e+00
3.890889e-12 0.000000e+00 0.000000e+00
3.231452e-13 0.000000e+00 0.000000e+00
3.105513e-13 0.000000e+00 0.000000e+00
7.550997e-13 0.000000e+00 0.000000e+00
-1.862652e-12 0.000000e+00 0.000000e+00
5.454120e-12 0.000000e+00 0.000000e+00
2.120925e-12 0.000000e+00 0.000000e+00
-9.549458e-13 0.000000e+00 0.000000e+00
3.116031e-13 0.000000e+00 0.000000e+00
-1.640372e-12 0.000000e+00 0.000000e+00
1.111083e-12 0.000000e+00 0.000000e+00
2.115841e-13 0.000000e+00 0.000000e+00
5.711818e-12 0.000000e+00 0.000000e+00
2.863318e-12 0.000000e+00 0.000000e+00
1.056879e-12 0.000000e+00 0.000000e+00
-1.184548e-12 0.000000e+00 0.000000e+00
-9.261607e-13 0.000000e+00 0.000000e+00
-1.054635e-12 0.000000e+00 0.000000e+00
-3.238164e-12 0.000000e+00 0.000000e+00
-1.185660e-12 0.000000e+00 0.000000e+00
-1.949154e-12 0.000000e+00 0.000000e+00
-5.208194e-13 0.000000e+00 0.000000e+00
2.041764e-13 0.000000e+00 0.000000e+00
1.629949e-12 0.000000e+00 0.000000e+00
1.878219e-13 0.000000e+00 0.000000e+00
1.635414e-12 0.000000e+00 0.000000e+00
-2.131451e-12 0.000000e+00 0.000000e+00
