step K U E temp
120000 1.455265e-21 -4.029462e-20 -3.883935e-20 2.108088e+02
121000 1.294814e-22 -4.072117e-20 -4.059169e-20 1.875660e+01
122000 5.075483e-21 -3.337211e-20 -2.829662e-20 7.352315e+02
123000 2.993164e-21 -4.064210e-20 -3.764894e-20 4.335879e+02
124000 4.777496e-22 -3.996688e-20 -3.948913e-20 6.920653e+01
125000 1.383440e-22 -3.624158e-20 -3.610323e-20 2.004043e+01
126000 7.430631e-22 -3.912352e-20 -3.838045e-20 1.076397e+02
127000 9.058952e-21 -3.903263e-20 -2.997368e-20 1.312274e+03
128000 4.708253e-21 -4.097335e-20 -3.626510e-20 6.820347e+02
129000 7.761385e-23 -2.494728e-20 -2.486966e-20 1.124310e+01
130000 1.783462e-21 -4.056918e-20 -3.878572e-20 2.583512e+02
131000 3.943439e-21 -4.042609e-20 -3.648266e-20 5.712442e+02
132000 2.158660e-21 -3.291878e-20 -3.076012e-20 3.127023e+02
133000 1.290446e-21 -3.704719e-20 -3.575674e-20 1.869332e+02
134000 5.381027e-21 -3.919460e-20 -3.381357e-20 7.794923e+02
135000 1.557431e-21 -3.991421e-20 -3.835678e-20 2.256085e+02
136000 1.545434e-23 -3.913683e-20 -3.912138e-20 2.238707e+00
137000 9.962155e-22 -3.975032e-20 -3.875410e-20 1.443112e+02
138000 9.915275e-23 -4.099954e-20 -4.090039e-20 1.436321e+01
139000 3.962511e-22 -3.928400e-20 -3.888774e-20 5.740070e+01
140000 2.690120e-21 -3.428678e-20 -3.159666e-20 3.896891e+02
141000 5.529876e-22 -4.056666e-20 -4.001367e-20 8.010545e+01
142000 4.668155e-21 -4.105689e-20 -3.638874e-20 6.762261e+02
143000 1.912262e-21 -3.366403e-20 -3.175177e-20 2.770092e+02
144000 1.451743e-25 -4.090543e-20 -4.090528e-20 2.102986e-02
145000 6.887205e-21 -4.101538e-20 -3.412818e-20 9.976765e+02
146000 1.437917e-21 -3.594159e-20 -3.450367e-20 2.082958e+02
147000 1.094827e-22 -3.804638e-20 -3.793690e-20 1.585959e+01
148000 2.843894e-22 -4.109388e-20 -4.080949e-20 4.119649e+01
149000 3.751124e-22 -3.971064e-20 -3.933552e-20 5.433857e+01
150000 4.436372e-22 -4.035503e-20 -3.991139e-20 6.426502e+01
151000 3.600995e-22 -4.109967e-20 -4.073957e-20 5.216380e+01
152000 4.233715e-23 -3.473504e-20 -3.469270e-20 6.132935e+00
153000 8.694250e-21 -3.229449e-20 -2.360024e-20 1.259444e+03
154000 6.022307e-24 -4.003191e-20 -4.002588e-20 8.723878e-01
155000 8.130733e-22 -3.305943e-20 -3.224636e-20 1.177813e+02
156000 3.376687e-22 -3.104364e-20 -3.070597e-20 4.891449e+01
157000 6.179907e-21 -4.008419e-20 -3.390428e-20 8.952177e+02
158000 1.485604e-21 -3.746886e-20 -3.598326e-20 2.152037e+02
159000 1.348477e-21 -3.966196e-20 -3.831348e-20 1.953396e+02
160000 7.878540e-21 -3.908611e-20 -3.120757e-20 1.141281e+03
161000 2.823413e-22 -4.104167e-20 -4.075933e-20 4.089979e+01
162000 2.107580e-21 -4.109960e-20 -3.899202e-20 3.053027e+02
163000 2.840559e-21 -3.501772e-20 -3.217716e-20 4.114817e+02
164000 4.228305e-21 -3.988028e-20 -3.565197e-20 6.125098e+02
165000 2.619984e-21 -4.100076e-20 -3.838078e-20 3.795293e+02
166000 1.090398e-22 -3.967377e-20 -3.956473e-20 1.579544e+01
167000 7.839476e-22 -3.632849e-20 -3.554455e-20 1.135622e+02
168000 6.979933e-22 -3.814242e-20 -3.744442e-20 1.011109e+02
169000 4.845356e-22 -4.052818e-20 -4.004364e-20 7.018954e+01
170000 3.906259e-21 -4.025363e-20 -3.634737e-20 5.658584e+02
171000 3.490090e-21 -4.091548e-20 -3.742539e-20 5.055723e+02
172000 2.521595e-22 -3.899543e-20 -3.874327e-20 3.652767e+01
173000 5.007900e-23 -4.085870e-20 -4.080862e-20 7.254414e+00
174000 4.094475e-21 -4.102728e-20 -3.693281e-20 5.931233e+02
175000 5.766077e-23 -4.052039e-20 -4.046273e-20 8.352705e+00
176000 3.166947e-21 -4.063739e-20 -3.747044e-20 4.587620e+02
177000 5.981432e-22 -4.046192e-20 -3.986378e-20 8.664667e+01
178000 5.873025e-21 -3.994078e-20 -3.406775e-20 8.507629e+02
179000 6.902428e-22 -3.688041e-20 -3.619017e-20 9.998816e+01
180000 1.016771e-21 -4.102222e-20 -4.000545e-20 1.472888e+02
181000 2.562658e-21 -4.104115e-20 -3.847849e-20 3.712252e+02
182000 1.167390e-21 -3.870459e-20 -3.753720e-20 1.691074e+02
183000 3.622203e-21 -3.869527e-20 -3.507307e-20 5.247102e+02
184000 7.646316e-23 -3.431108e-20 -3.423461e-20 1.107641e+01
185000 1.771197e-22 -4.102900e-20 -4.085188e-20 2.565746e+01
186000 5.899585e-21 -2.399093e-20 -1.809135e-20 8.546104e+02
187000 3.098651e-21 -3.940366e-20 -3.630501e-20 4.488688e+02
188000 1.916161e-21 -4.001487e-20 -3.809871e-20 2.775740e+02
189000 2.905831e-24 -4.100783e-20 -4.100492e-20 4.209370e-01
190000 2.634247e-21 -4.087355e-20 -3.823930e-20 3.815955e+02
191000 3.528527e-21 -4.006363e-20 -3.653510e-20 5.111404e+02
192000 4.352760e-21 -3.887960e-20 -3.452684e-20 6.305383e+02
193000 3.704303e-22 -4.063356e-20 -4.026313e-20 5.366031e+01
194000 3.430946e-22 -3.560293e-20 -3.525984e-20 4.970049e+01
195000 1.755396e-21 -3.539996e-20 -3.364456e-20 2.542856e+02
196000 4.562029e-21 -4.099396e-20 -3.643193e-20 6.608529e+02
197000 4.194616e-23 -4.076609e-20 -4.072415e-20 6.076296e+00
198000 1.719613e-21 -4.108583e-20 -3.936621e-20 2.491021e+02
199000 1.468005e-23 -3.970366e-20 -3.968898e-20 2.126544e+00
200000 3.060091e-21 -3.863335e-20 -3.557326e-20 4.432830e+02
201000 3.381638e-21 -3.856141e-20 -3.517977e-20 4.898621e+02
202000 2.389091e-21 -4.109477e-20 -3.870568e-20 3.460823e+02
203000 1.902814e-22 -3.845010e-20 -3.825982e-20 2.756405e+01
204000 3.988701e-21 -4.055883e-20 -3.657012e-20 5.778009e+02
205000 6.732030e-24 -3.981105e-20 -3.980432e-20 9.751979e-01
206000 9.136256e-22 -4.088641e-20 -3.997278e-20 1.323473e+02
207000 4.889942e-22 -3.617409e-20 -3.568510e-20 7.083542e+01
208000 7.984700e-21 -4.107176e-20 -3.308706e-20 1.156659e+03
209000 7.284400e-22 -4.087651e-20 -4.014807e-20 1.055214e+02
210000 8.542697e-22 -4.083393e-20 -3.997966e-20 1.237490e+02
211000 4.127933e-22 -3.044872e-20 -3.003593e-20 5.979700e+01
212000 9.472503e-22 -3.558915e-20 -3.464190e-20 1.372181e+02
213000 1.149459e-22 -4.109839e-20 -4.098345e-20 1.665099e+01
214000 4.084883e-21 -3.642873e-20 -3.234384e-20 5.917337e+02
215000 9.873944e-25 -3.854141e-20 -3.854042e-20 1.430334e-01
216000 7.767627e-21 -4.100482e-20 -3.323719e-20 1.125214e+03
217000 2.097186e-24 -3.657965e-20 -3.657755e-20 3.037971e-01
218000 4.567257e-24 -4.021468e-20 -4.021012e-20 6.616101e-01
219000 1.069752e-22 -3.658390e-20 -3.647693e-20 1.549637e+01
220000 1.016590e-20 -4.018688e-20 -3.002098e-20 1.472626e+03
221000 1.979123e-21 -3.715785e-20 -3.517873e-20 2.866945e+02
222000 4.952765e-21 -2.915069e-20 -2.419792e-20 7.174546e+02
223000 6.687991e-21 -3.992328e-20 -3.323529e-20 9.688184e+02
224000 6.288164e-24 -3.672913e-20 -3.672284e-20 9.108997e-01
225000 6.551054e-22 -3.993778e-20 -3.928267e-20 9.489818e+01
226000 1.929522e-21 -4.077484e-20 -3.884532e-20 2.795094e+02
227000 6.844013e-24 -4.098610e-20 -4.097926e-20 9.914197e-01
228000 1.471408e-22 -4.109587e-20 -4.094873e-20 2.131473e+01
229000 5.156756e-22 -4.059346e-20 -4.007778e-20 7.470046e+01
230000 4.414824e-21 -3.956507e-20 -3.515024e-20 6.395289e+02
231000 1.781645e-21 -3.792588e-20 -3.614424e-20 2.580880e+02
232000 2.360579e-21 -4.078068e-20 -3.842010e-20 3.419521e+02
233000 4.135186e-21 -4.107858e-20 -3.694340e-20 5.990207e+02
234000 1.914693e-22 -4.081393e-20 -4.062246e-20 2.773613e+01
235000 1.192482e-21 -3.978404e-20 -3.859156e-20 1.727422e+02
236000 5.546753e-21 -3.967236e-20 -3.412560e-20 8.034994e+02
237000 6.915384e-23 -2.877032e-20 -2.870117e-20 1.001758e+01
238000 3.190305e-20 -3.694212e-20 -5.039062e-21 4.621458e+03
239000 1.159638e-22 -4.098714e-20 -4.087118e-20 1.679845e+01
240000 1.186550e-21 -3.733107e-20 -3.614452e-20 1.718829e+02
241000 8.517656e-24 -4.105907e-20 -4.105055e-20 1.233863e+00
242000 1.228555e-21 -4.107543e-20 -3.984687e-20 1.779678e+02
243000 8.343484e-21 -3.993585e-20 -3.159237e-20 1.208632e+03
244000 2.246543e-21 -3.811715e-20 -3.587061e-20 3.254329e+02
245000 1.292802e-22 -4.099784e-20 -4.086856e-20 1.872745e+01
246000 1.098345e-21 -3.812454e-20 -3.702620e-20 1.591056e+02
247000 2.884219e-25 -4.031793e-20 -4.031764e-20 4.178062e-02
248000 6.116765e-22 -3.740714e-20 -3.679546e-20 8.860710e+01
249000 4.508052e-22 -4.090862e-20 -4.045781e-20 6.530338e+01
250000 5.898144e-21 -4.057336e-20 -3.467521e-20 8.544016e+02
251000 1.958214e-23 -3.629145e-20 -3.627187e-20 2.836657e+00
252000 1.302752e-23 -4.109765e-20 -4.108462e-20 1.887158e+00
253000 3.396365e-21 -3.943013e-20 -3.603376e-20 4.919954e+02
254000 1.563510e-20 -4.084739e-20 -2.521229e-20 2.264892e+03
255000 1.849385e-21 -3.949878e-20 -3.764940e-20 2.679008e+02
256000 1.445442e-21 -4.089619e-20 -3.945075e-20 2.093859e+02
257000 4.383662e-21 -4.012515e-20 -3.574149e-20 6.350147e+02
258000 5.197367e-21 -4.077575e-20 -3.557839e-20 7.528875e+02
259000 1.197671e-21 -4.092208e-20 -3.972441e-20 1.734939e+02
260000 7.314424e-23 -4.053570e-20 -4.046256e-20 1.059563e+01
261000 4.743766e-22 -4.030840e-20 -3.983402e-20 6.871792e+01
262000 1.306197e-23 -4.077910e-20 -4.076604e-20 1.892150e+00
263000 1.856870e-22 -4.097305e-20 -4.078736e-20 2.689851e+01
264000 2.887369e-21 -4.109934e-20 -3.821197e-20 4.182625e+02
265000 6.174410e-22 -4.106904e-20 -4.045160e-20 8.944215e+01
266000 7.046504e-23 -3.489353e-20 -3.482306e-20 1.020752e+01
267000 5.258158e-21 -4.087826e-20 -3.562010e-20 7.616937e+02
268000 3.518034e-21 -3.240823e-20 -2.889020e-20 5.096203e+02
269000 2.848456e-21 -3.939468e-20 -3.654622e-20 4.126256e+02
270000 1.121906e-23 -4.102667e-20 -4.101545e-20 1.625187e+00
271000 8.431619e-22 -4.096702e-20 -4.012386e-20 1.221399e+02
272000 1.010112e-20 -3.651520e-20 -2.641407e-20 1.463243e+03
273000 3.246878e-21 -3.705333e-20 -3.380646e-20 4.703408e+02
274000 2.312353e-21 -4.107336e-20 -3.876100e-20 3.349661e+02
275000 6.982822e-23 -4.109928e-20 -4.102945e-20 1.011527e+01
276000 4.469786e-21 -4.095199e-20 -3.648221e-20 6.474906e+02
277000 1.670733e-21 -3.028816e-20 -2.861743e-20 2.420214e+02
278000 3.115944e-24 -4.038328e-20 -4.038017e-20 4.513739e-01
279000 1.678510e-23 -3.367919e-20 -3.366241e-20 2.431480e+00
280000 1.880892e-21 -4.107696e-20 -3.919607e-20 2.724649e+02
281000 1.521128e-23 -4.026400e-20 -4.024878e-20 2.203497e+00
282000 5.428817e-22 -4.107348e-20 -4.053060e-20 7.864152e+01
283000 2.680697e-21 -4.045085e-20 -3.777015e-20 3.883242e+02
284000 4.151842e-21 -4.106752e-20 -3.691568e-20 6.014334e+02
285000 3.369879e-21 -4.109999e-20 -3.773011e-20 4.881587e+02
286000 4.688105e-23 -4.107806e-20 -4.103118e-20 6.791162e+00
287000 1.514423e-20 -4.083961e-20 -2.569538e-20 2.193784e+03
288000 1.743725e-21 -3.643753e-20 -3.469381e-20 2.525949e+02
289000 8.362294e-21 -3.914654e-20 -3.078425e-20 1.211357e+03
290000 2.131144e-21 -4.101173e-20 -3.888058e-20 3.087163e+02
291000 6.686826e-21 -4.076995e-20 -3.408312e-20 9.686497e+02
292000 5.802157e-22 -3.987119e-20 -3.929097e-20 8.404970e+01
293000 2.932588e-22 -3.721710e-20 -3.692384e-20 4.248130e+01
294000 1.118823e-21 -4.109992e-20 -3.998109e-20 1.620720e+02
295000 1.137087e-21 -4.100101e-20 -3.986392e-20 1.647177e+02
296000 2.688241e-22 -4.074445e-20 -4.047563e-20 3.894171e+01
297000 2.146466e-21 -3.801839e-20 -3.587192e-20 3.109358e+02
298000 2.359697e-22 -4.037008e-20 -4.013411e-20 3.418243e+01
299000 3.280992e-23 -3.916828e-20 -3.913547e-20 4.752825e+00
300000 1.869162e-22 -3.848507e-20 -3.829815e-20 2.707657e+01
301000 2.933870e-22 -3.624853e-20 -3.595514e-20 4.249987e+01
302000 7.709985e-23 -3.428741e-20 -3.421031e-20 1.116864e+01
303000 5.547646e-21 -4.109527e-20 -3.554762e-20 8.036287e+02
304000 3.700023e-22 -4.002114e-20 -3.965113e-20 5.359832e+01
305000 5.598329e-21 -4.072733e-20 -3.512900e-20 8.109706e+02
306000 2.575325e-22 -4.094149e-20 -4.068396e-20 3.730601e+01
307000 8.456875e-21 -4.066749e-20 -3.221062e-20 1.225058e+03
308000 4.154483e-21 -3.457380e-20 -3.041931e-20 6.018159e+02
309000 1.004457e-21 -4.072082e-20 -3.971637e-20 1.455050e+02
310000 6.824700e-22 -3.944881e-20 -3.876634e-20 9.886220e+01
311000 1.135037e-21 -4.108344e-20 -3.994841e-20 1.644208e+02
312000 3.252664e-21 -3.761110e-20 -3.435844e-20 4.711789e+02
313000 2.438180e-21 -3.980619e-20 -3.736801e-20 3.531933e+02
314000 2.909319e-21 -4.095837e-20 -3.804905e-20 4.214422e+02
315000 1.536550e-20 -3.772956e-20 -2.236406e-20 2.225837e+03
316000 1.393808e-22 -4.109144e-20 -4.095206e-20 2.019061e+01
317000 6.833289e-21 -3.996311e-20 -3.312982e-20 9.898662e+02
318000 3.234023e-21 -4.107699e-20 -3.784297e-20 4.684786e+02
319000 5.758516e-21 -4.072711e-20 -3.496860e-20 8.341752e+02
320000 1.898055e-21 -3.908347e-20 -3.718542e-20 2.749512e+02
321000 6.044230e-22 -4.058389e-20 -3.997946e-20 8.755636e+01
322000 7.461887e-21 -4.084877e-20 -3.338688e-20 1.080925e+03
323000 6.635140e-22 -4.093795e-20 -4.027444e-20 9.611625e+01
324000 2.337102e-21 -4.103319e-20 -3.869608e-20 3.385513e+02
325000 3.961944e-21 -3.963488e-20 -3.567293e-20 5.739249e+02
326000 4.361126e-21 -3.980378e-20 -3.544265e-20 6.317501e+02
327000 1.055030e-22 -3.236190e-20 -3.225639e-20 1.528310e+01
328000 6.040898e-22 -3.562441e-20 -3.502032e-20 8.750809e+01
329000 1.089037e-21 -3.377048e-20 -3.268144e-20 1.577572e+02
330000 2.319584e-22 -4.079378e-20 -4.056182e-20 3.360136e+01
331000 1.070422e-21 -4.071295e-20 -3.964253e-20 1.550607e+02
332000 1.548996e-21 -4.002972e-20 -3.848072e-20 2.243866e+02
333000 9.117045e-22 -4.107747e-20 -4.016577e-20 1.320690e+02
334000 2.760865e-22 -4.102143e-20 -4.074534e-20 3.999373e+01
335000 2.627708e-21 -3.571272e-20 -3.308501e-20 3.806483e+02
336000 6.201319e-23 -4.002440e-20 -3.996238e-20 8.983194e+00
337000 1.141702e-22 -3.717127e-20 -3.705710e-20 1.653863e+01
338000 2.267111e-21 -4.001297e-20 -3.774586e-20 3.284124e+02
339000 3.160178e-22 -3.971692e-20 -3.940090e-20 4.577815e+01
340000 5.465842e-23 -4.012619e-20 -4.007153e-20 7.917786e+00
341000 7.985435e-22 -3.914482e-20 -3.834628e-20 1.156765e+02
342000 3.925904e-22 -4.001124e-20 -3.961865e-20 5.687041e+01
343000 7.876915e-21 -3.972329e-20 -3.184637e-20 1.141045e+03
344000 4.682568e-22 -4.109201e-20 -4.062375e-20 6.783140e+01
345000 1.651593e-23 -4.071058e-20 -4.069406e-20 2.392489e+00
346000 1.537039e-21 -4.066446e-20 -3.912742e-20 2.226546e+02
347000 2.110339e-21 -3.967635e-20 -3.756601e-20 3.057025e+02
348000 2.956757e-21 -4.107824e-20 -3.812148e-20 4.283140e+02
349000 1.965733e-22 -4.107161e-20 -4.087503e-20 2.847549e+01
350000 1.128253e-21 -3.778827e-20 -3.666002e-20 1.634380e+02
351000 8.604919e-22 -4.100193e-20 -4.014144e-20 1.246504e+02
352000 4.468132e-21 -4.083603e-20 -3.636790e-20 6.472510e+02
353000 1.171051e-21 -3.424264e-20 -3.307159e-20 1.696378e+02
354000 2.374905e-22 -4.109663e-20 -4.085914e-20 3.440274e+01
355000 1.844718e-21 -4.055408e-20 -3.870936e-20 2.672248e+02
356000 4.184751e-21 -4.102857e-20 -3.684382e-20 6.062006e+02
357000 1.821841e-22 -4.032113e-20 -4.013895e-20 2.639109e+01
358000 3.466342e-21 -4.101178e-20 -3.754544e-20 5.021323e+02
359000 2.344711e-24 -3.717105e-20 -3.716871e-20 3.396535e-01
360000 2.091491e-22 -4.040052e-20 -4.019137e-20 3.029721e+01
361000 5.127110e-22 -3.896507e-20 -3.845235e-20 7.427101e+01
362000 4.921248e-21 -4.031666e-20 -3.539541e-20 7.128891e+02
363000 3.040578e-22 -3.917541e-20 -3.887135e-20 4.404564e+01
364000 4.409934e-21 -3.961769e-20 -3.520776e-20 6.388204e+02
365000 4.182974e-24 -3.976213e-20 -3.975794e-20 6.059431e-01
366000 5.416774e-21 -3.991878e-20 -3.450200e-20 7.846706e+02
367000 6.399103e-22 -4.109598e-20 -4.045607e-20 9.269703e+01
368000 4.287512e-22 -4.091943e-20 -4.049068e-20 6.210865e+01
369000 4.040912e-23 -3.941359e-20 -3.937318e-20 5.853641e+00
370000 2.681321e-21 -3.837496e-20 -3.569363e-20 3.884145e+02
371000 1.585816e-21 -4.104432e-20 -3.945851e-20 2.297204e+02
372000 3.657262e-21 -4.048133e-20 -3.682406e-20 5.297889e+02
373000 2.922020e-21 -4.107930e-20 -3.815728e-20 4.232821e+02
374000 8.189991e-21 -3.992952e-20 -3.173953e-20 1.186397e+03
375000 3.551090e-24 -3.417307e-20 -3.416951e-20 5.144089e-01
376000 1.523293e-21 -4.107842e-20 -3.955513e-20 2.206634e+02
377000 1.990665e-23 -3.617774e-20 -3.615783e-20 2.883666e+00
378000 2.798919e-21 -3.727473e-20 -3.447581e-20 4.054498e+02
379000 1.963577e-24 -3.429032e-20 -3.428836e-20 2.844426e-01
380000 7.408794e-22 -3.937919e-20 -3.863831e-20 1.073234e+02
381000 9.286223e-22 -4.026786e-20 -3.933924e-20 1.345197e+02
382000 5.689960e-21 -4.106018e-20 -3.537022e-20 8.242442e+02
383000 1.267906e-21 -4.102435e-20 -3.975645e-20 1.836682e+02
384000 3.563609e-22 -4.090849e-20 -4.055213e-20 5.162223e+01
385000 4.420841e-22 -4.059401e-20 -4.015193e-20 6.404004e+01
386000 9.707986e-21 -3.450166e-20 -2.479368e-20 1.406293e+03
387000 6.620538e-23 -3.846636e-20 -3.840015e-20 9.590473e+00
388000 1.048927e-22 -4.051304e-20 -4.040814e-20 1.519469e+01
389000 2.828407e-22 -4.107711e-20 -4.079427e-20 4.097213e+01
390000 1.851861e-21 -3.828338e-20 -3.643152e-20 2.682595e+02
391000 6.182857e-21 -3.980287e-20 -3.362001e-20 8.956451e+02
392000 1.374941e-21 -2.698106e-20 -2.560612e-20 1.991731e+02
393000 1.894951e-21 -4.080323e-20 -3.890828e-20 2.745015e+02
394000 3.455731e-21 -4.091461e-20 -3.745888e-20 5.005951e+02
395000 5.546631e-22 -3.877038e-20 -3.821572e-20 8.034817e+01
396000 3.348680e-21 -4.001112e-20 -3.666244e-20 4.850879e+02
397000 1.111463e-21 -3.218676e-20 -3.107530e-20 1.610059e+02
398000 1.024620e-20 -3.650159e-20 -2.625539e-20 1.484258e+03
399000 2.788114e-21 -4.011084e-20 -3.732273e-20 4.038845e+02
400000 2.024800e-21 -3.331045e-20 -3.128565e-20 2.933114e+02
401000 8.286287e-21 -3.938740e-20 -3.110112e-20 1.200347e+03
402000 2.955892e-22 -3.716909e-20 -3.687350e-20 4.281887e+01
403000 3.098964e-23 -4.093945e-20 -4.090846e-20 4.489141e+00
404000 1.382052e-22 -3.791279e-20 -3.777458e-20 2.002032e+01
405000 1.464124e-22 -2.206093e-20 -2.191451e-20 2.120921e+01
406000 3.830488e-22 -4.007043e-20 -3.968739e-20 5.548823e+01
407000 2.263557e-21 -4.084520e-20 -3.858164e-20 3.278975e+02
408000 5.370867e-22 -2.628064e-20 -2.574355e-20 7.780207e+01
409000 5.158347e-23 -4.107313e-20 -4.102154e-20 7.472350e+00
410000 1.187113e-21 -4.109933e-20 -3.991221e-20 1.719645e+02
411000 3.546396e-24 -4.051679e-20 -4.051325e-20 5.137288e-01
412000 3.513495e-21 -4.075307e-20 -3.723957e-20 5.089628e+02
413000 1.311406e-22 -4.040681e-20 -4.027567e-20 1.899695e+01
414000 1.251143e-21 -4.109779e-20 -3.984665e-20 1.812398e+02
415000 5.289635e-21 -4.045096e-20 -3.516132e-20 7.662535e+02
416000 2.524356e-21 -4.103436e-20 -3.851000e-20 3.656767e+02
417000 3.339796e-21 -4.001907e-20 -3.667927e-20 4.838008e+02
418000 1.119294e-26 -4.109998e-20 -4.109997e-20 1.621402e-03
419000 1.768819e-21 -4.061828e-20 -3.884946e-20 2.562301e+02
420000 3.913685e-21 -4.107450e-20 -3.716081e-20 5.669341e+02
421000 6.290278e-22 -4.083782e-20 -4.020879e-20 9.112059e+01
422000 8.366537e-23 -4.032289e-20 -4.023923e-20 1.211972e+01
423000 1.400039e-21 -3.971272e-20 -3.831268e-20 2.028089e+02
424000 1.789075e-21 -4.109943e-20 -3.931036e-20 2.591643e+02
425000 3.089661e-21 -4.039556e-20 -3.730590e-20 4.475665e+02
426000 5.127717e-22 -4.053246e-20 -4.001969e-20 7.427980e+01
427000 1.124670e-21 -4.107281e-20 -3.994813e-20 1.629191e+02
428000 3.538740e-22 -4.108118e-20 -4.072730e-20 5.126197e+01
429000 4.732634e-23 -4.106708e-20 -4.101975e-20 6.855666e+00
430000 9.678849e-21 -4.082337e-20 -3.114452e-20 1.402072e+03
431000 2.689226e-21 -4.075305e-20 -3.806382e-20 3.895596e+02
432000 3.138386e-21 -4.060982e-20 -3.747143e-20 4.546248e+02
433000 7.538369e-21 -4.102962e-20 -3.349125e-20 1.092004e+03
434000 3.717269e-22 -4.005561e-20 -3.968388e-20 5.384814e+01
435000 5.465374e-22 -3.707927e-20 -3.653273e-20 7.917109e+01
436000 5.542726e-22 -3.984587e-20 -3.929160e-20 8.029161e+01
437000 3.248135e-21 -3.346574e-20 -3.021760e-20 4.705229e+02
438000 1.242967e-22 -3.925623e-20 -3.913193e-20 1.800554e+01
439000 1.171477e-21 -4.092164e-20 -3.975016e-20 1.696995e+02
440000 2.673439e-21 -3.976968e-20 -3.709624e-20 3.872728e+02
441000 3.977179e-22 -3.178306e-20 -3.138534e-20 5.761318e+01
442000 2.240599e-23 -4.019086e-20 -4.016846e-20 3.245718e+00
443000 6.992774e-24 -4.108636e-20 -4.107937e-20 1.012969e+00
444000 2.362965e-21 -3.826757e-20 -3.590460e-20 3.422978e+02
445000 1.005634e-21 -4.109986e-20 -4.009423e-20 1.456755e+02
446000 1.316369e-25 -4.080744e-20 -4.080731e-20 1.906885e-02
447000 2.197996e-22 -3.816265e-20 -3.794285e-20 3.184004e+01
448000 2.252436e-22 -3.474860e-20 -3.452336e-20 3.262865e+01
449000 5.741433e-21 -4.043741e-20 -3.469597e-20 8.317006e+02
450000 1.070850e-20 -4.074421e-20 -3.003571e-20 1.551228e+03
451000 3.353608e-21 -4.063974e-20 -3.728614e-20 4.858016e+02
452000 1.291115e-20 -3.589839e-20 -2.298724e-20 1.870301e+03
453000 3.791945e-22 -3.914767e-20 -3.876847e-20 5.492989e+01
454000 1.839668e-23 -4.089817e-20 -4.087977e-20 2.664933e+00
455000 3.014952e-21 -3.967714e-20 -3.666219e-20 4.367442e+02
456000 7.739698e-22 -4.105013e-20 -4.027616e-20 1.121168e+02
457000 1.640389e-21 -4.092763e-20 -3.928724e-20 2.376258e+02
458000 6.970586e-23 -4.062105e-20 -4.055135e-20 1.009755e+01
459000 2.777352e-21 -4.008999e-20 -3.731264e-20 4.023256e+02
460000 2.381313e-21 -4.067454e-20 -3.829323e-20 3.449556e+02
461000 1.203919e-21 -4.107871e-20 -3.987479e-20 1.743990e+02
462000 1.719761e-21 -4.109482e-20 -3.937506e-20 2.491236e+02
463000 1.325867e-20 -3.999961e-20 -2.674094e-20 1.920643e+03
464000 2.541789e-22 -3.999130e-20 -3.973712e-20 3.682020e+01
465000 5.430811e-22 -3.133324e-20 -3.079016e-20 7.867041e+01
466000 6.292298e-22 -3.998708e-20 -3.935785e-20 9.114986e+01
467000 1.990567e-21 -3.719170e-20 -3.520113e-20 2.883523e+02
468000 7.592133e-21 -4.052840e-20 -3.293627e-20 1.099792e+03
469000 8.877276e-23 -4.100944e-20 -4.092067e-20 1.285957e+01
470000 1.009209e-21 -4.101982e-20 -4.001061e-20 1.461934e+02
471000 3.791575e-21 -4.092456e-20 -3.713299e-20 5.492454e+02
472000 3.396641e-21 -3.979525e-20 -3.639861e-20 4.920354e+02
473000 1.920762e-21 -3.901483e-20 -3.709407e-20 2.782404e+02
474000 9.604982e-22 -3.962151e-20 -3.866101e-20 1.391372e+02
475000 2.755434e-24 -3.962425e-20 -3.962149e-20 3.991505e-01
476000 1.432398e-23 -4.011766e-20 -4.010334e-20 2.074963e+00
477000 9.146984e-22 -4.109112e-20 -4.017643e-20 1.325027e+02
478000 2.172476e-21 -4.109941e-20 -3.892693e-20 3.147037e+02
479000 5.260774e-22 -4.106762e-20 -4.054154e-20 7.620726e+01
480000 5.189913e-21 -4.067515e-20 -3.548523e-20 7.518078e+02
481000 7.280863e-22 -4.038714e-20 -3.965905e-20 1.054702e+02
482000 1.307860e-21 -4.031171e-20 -3.900385e-20 1.894558e+02
483000 2.632482e-23 -4.103203e-20 -4.100570e-20 3.813397e+00
484000 1.128958e-21 -3.839267e-20 -3.726371e-20 1.635402e+02
485000 7.604344e-22 -3.895450e-20 -3.819407e-20 1.101561e+02
486000 2.772447e-21 -4.109759e-20 -3.832514e-20 4.016150e+02
487000 1.010495e-23 -3.315083e-20 -3.314072e-20 1.463798e+00
488000 5.883898e-22 -3.928331e-20 -3.869492e-20 8.523380e+01
489000 1.759176e-22 -3.543078e-20 -3.525487e-20 2.548332e+01
490000 5.064484e-21 -3.042916e-20 -2.536467e-20 7.336382e+02
491000 2.592170e-21 -4.091272e-20 -3.832054e-20 3.755003e+02
492000 4.088738e-22 -3.777781e-20 -3.736894e-20 5.922921e+01
493000 4.916390e-21 -3.715391e-20 -3.223752e-20 7.121854e+02
494000 2.114018e-21 -4.097609e-20 -3.886207e-20 3.062353e+02
495000 2.901688e-21 -3.899443e-20 -3.609274e-20 4.203369e+02
496000 2.403715e-21 -4.046645e-20 -3.806273e-20 3.482007e+02
497000 1.031493e-21 -4.073688e-20 -3.970538e-20 1.494215e+02
498000 1.832807e-20 -3.890580e-20 -2.057773e-20 2.654993e+03
499000 1.469618e-21 -3.858204e-20 -3.711242e-20 2.128880e+02
500000 1.126984e-21 -4.073912e-20 -3.961214e-20 1.632543e+02
501000 2.593739e-22 -4.002809e-20 -3.976872e-20 3.757275e+01
502000 1.659441e-22 -3.991267e-20 -3.974673e-20 2.403857e+01
503000 2.648658e-23 -3.669481e-20 -3.666832e-20 3.836830e+00
504000 2.750631e-21 -3.972141e-20 -3.697078e-20 3.984548e+02
505000 1.284922e-22 -4.051960e-20 -4.039111e-20 1.861330e+01
506000 3.139076e-22 -3.385295e-20 -3.353905e-20 4.547247e+01
507000 9.671905e-22 -4.008607e-20 -3.911888e-20 1.401066e+02
508000 3.423272e-21 -4.079372e-20 -3.737045e-20 4.958931e+02
509000 1.202142e-21 -3.978634e-20 -3.858420e-20 1.741416e+02
510000 8.707334e-21 -3.359147e-20 -2.488414e-20 1.261339e+03
511000 2.500578e-21 -3.856912e-20 -3.606854e-20 3.622323e+02
512000 3.719806e-22 -4.071128e-20 -4.033930e-20 5.388488e+01
513000 8.054288e-25 -4.109390e-20 -4.109309e-20 1.166739e-01
514000 1.403619e-21 -4.109918e-20 -3.969556e-20 2.033275e+02
515000 5.670699e-21 -3.807580e-20 -3.240510e-20 8.214540e+02
516000 1.645355e-21 -4.064286e-20 -3.899750e-20 2.383452e+02
517000 1.882845e-21 -4.109771e-20 -3.921486e-20 2.727478e+02
518000 1.003163e-22 -3.749484e-20 -3.739452e-20 1.453176e+01
519000 1.182623e-21 -4.102631e-20 -3.984368e-20 1.713140e+02
520000 7.477644e-23 -3.683731e-20 -3.676253e-20 1.083207e+01
521000 5.989539e-21 -3.984437e-20 -3.385484e-20 8.676411e+02
522000 8.686470e-23 -4.066359e-20 -4.057673e-20 1.258317e+01
523000 4.250665e-24 -4.019890e-20 -4.019465e-20 6.157488e-01
524000 6.407826e-22 -4.069187e-20 -4.005108e-20 9.282338e+01
525000 3.073277e-21 -4.066369e-20 -3.759041e-20 4.451931e+02
526000 1.048992e-21 -4.084767e-20 -3.979868e-20 1.519563e+02
527000 2.945639e-22 -3.224176e-20 -3.194719e-20 4.267036e+01
528000 1.650508e-21 -3.763955e-20 -3.598904e-20 2.390916e+02
529000 7.299946e-23 -3.958601e-20 -3.951301e-20 1.057466e+01
530000 8.775406e-22 -4.083875e-20 -3.996121e-20 1.271200e+02
531000 3.035225e-21 -4.064685e-20 -3.761163e-20 4.396810e+02
532000 1.121152e-21 -4.105508e-20 -3.993393e-20 1.624094e+02
533000 2.685882e-21 -3.959585e-20 -3.690997e-20 3.890753e+02
534000 2.501316e-20 -3.912344e-20 -1.411027e-20 3.623392e+03
535000 7.203696e-23 -4.003284e-20 -3.996081e-20 1.043523e+01
536000 1.852221e-21 -4.101538e-20 -3.916315e-20 2.683116e+02
537000 8.814507e-21 -3.715164e-20 -2.833713e-20 1.276864e+03
538000 1.842589e-21 -4.094467e-20 -3.910208e-20 2.669164e+02
539000 3.666877e-22 -3.805519e-20 -3.768850e-20 5.311817e+01
540000 1.809890e-21 -3.753980e-20 -3.572991e-20 2.621796e+02
541000 6.516458e-23 -4.109984e-20 -4.103468e-20 9.439703e+00
542000 7.867725e-23 -4.095501e-20 -4.087633e-20 1.139714e+01
543000 2.116780e-22 -3.329283e-20 -3.308115e-20 3.066356e+01
544000 2.484029e-21 -4.091931e-20 -3.843528e-20 3.598350e+02
545000 3.486116e-21 -4.082303e-20 -3.733692e-20 5.049967e+02
546000 1.714507e-21 -3.661270e-20 -3.489819e-20 2.483625e+02
547000 1.171218e-21 -3.993225e-20 -3.876103e-20 1.696619e+02
548000 8.337980e-21 -3.989771e-20 -3.155973e-20 1.207835e+03
549000 9.184346e-22 -3.829700e-20 -3.737856e-20 1.330439e+02
550000 6.817277e-22 -3.913553e-20 -3.845380e-20 9.875467e+01
551000 3.408378e-21 -4.052331e-20 -3.711493e-20 4.937356e+02
552000 1.540335e-21 -4.109933e-20 -3.955899e-20 2.231320e+02
553000 2.360542e-22 -4.108270e-20 -4.084665e-20 3.419467e+01
554000 2.350357e-21 -4.013024e-20 -3.777988e-20 3.404714e+02
555000 1.640784e-23 -3.971301e-20 -3.969660e-20 2.376830e+00
556000 8.914043e-22 -4.106845e-20 -4.017704e-20 1.291283e+02
557000 1.225631e-21 -3.819590e-20 -3.697027e-20 1.775441e+02
558000 9.272259e-22 -3.532135e-20 -3.439413e-20 1.343174e+02
559000 6.706984e-23 -4.108353e-20 -4.101646e-20 9.715698e+00
560000 7.427159e-24 -3.926654e-20 -3.925911e-20 1.075894e+00
561000 5.032499e-22 -4.011055e-20 -3.960730e-20 7.290048e+01
562000 2.055905e-21 -4.106198e-20 -3.900607e-20 2.978172e+02
563000 1.670313e-20 -3.974865e-20 -2.304552e-20 2.419606e+03
564000 4.455018e-23 -4.101926e-20 -4.097471e-20 6.453512e+00
565000 5.550633e-22 -4.109891e-20 -4.054385e-20 8.040614e+01
566000 9.111567e-21 -4.081349e-20 -3.170192e-20 1.319896e+03
567000 5.580712e-22 -4.024417e-20 -3.968610e-20 8.084187e+01
568000 1.363451e-20 -3.653415e-20 -2.289964e-20 1.975088e+03
569000 2.424153e-21 -3.896884e-20 -3.654469e-20 3.511614e+02
570000 6.531508e-22 -3.855934e-20 -3.790619e-20 9.461504e+01
571000 9.295772e-23 -3.424246e-20 -3.414950e-20 1.346580e+01
572000 4.894788e-22 -1.987993e-20 -1.939045e-20 7.090561e+01
573000 3.856900e-21 -4.010422e-20 -3.624732e-20 5.587083e+02
574000 6.104224e-21 -3.628592e-20 -3.018169e-20 8.842543e+02
575000 3.108600e-21 -4.082644e-20 -3.771784e-20 4.503100e+02
576000 3.701231e-21 -3.587570e-20 -3.217447e-20 5.361582e+02
577000 6.100192e-22 -4.100522e-20 -4.039520e-20 8.836701e+01
578000 2.204124e-21 -4.105672e-20 -3.885260e-20 3.192881e+02
579000 1.809958e-22 -3.765921e-20 -3.747821e-20 2.621895e+01
580000 3.929527e-22 -3.351155e-20 -3.311860e-20 5.692289e+01
581000 1.478512e-21 -2.977144e-20 -2.829293e-20 2.141764e+02
582000 4.059216e-24 -3.918495e-20 -3.918089e-20 5.880157e-01
583000 2.467677e-22 -3.515629e-20 -3.490952e-20 3.574662e+01
584000 7.672382e-23 -3.963357e-20 -3.955685e-20 1.111417e+01
585000 1.268139e-22 -4.103894e-20 -4.091212e-20 1.837018e+01
586000 9.848155e-22 -3.606674e-20 -3.508192e-20 1.426598e+02
587000 2.534792e-22 -3.406904e-20 -3.381557e-20 3.671884e+01
588000 1.516684e-22 -3.826608e-20 -3.811441e-20 2.197059e+01
589000 8.817274e-22 -4.053823e-20 -3.965650e-20 1.277265e+02
590000 7.676806e-22 -4.071590e-20 -3.994822e-20 1.112058e+02
591000 2.781354e-23 -4.025449e-20 -4.022668e-20 4.029053e+00
592000 6.095658e-22 -4.085593e-20 -4.024637e-20 8.830134e+01
593000 1.436093e-25 -4.026339e-20 -4.026325e-20 2.080316e-02
594000 1.363808e-21 -3.969353e-20 -3.832972e-20 1.975604e+02
595000 3.865845e-22 -3.429660e-20 -3.391001e-20 5.600040e+01
596000 1.981352e-21 -4.083597e-20 -3.885462e-20 2.870174e+02
597000 1.469896e-22 -4.057268e-20 -4.042569e-20 2.129283e+01
598000 2.394700e-21 -4.095704e-20 -3.856234e-20 3.468949e+02
599000 4.778463e-23 -3.973629e-20 -3.968850e-20 6.922053e+00
600000 8.992867e-24 -4.109946e-20 -4.109047e-20 1.302701e+00
601000 3.019540e-21 -4.109874e-20 -3.807920e-20 4.374087e+02
602000 4.471314e-21 -4.019234e-20 -3.572103e-20 6.477119e+02
603000 2.531165e-21 -3.593827e-20 -3.340711e-20 3.666631e+02
604000 3.295461e-22 -4.067357e-20 -4.034403e-20 4.773785e+01
605000 1.079050e-21 -3.355155e-20 -3.247250e-20 1.563106e+02
606000 3.344541e-24 -4.108951e-20 -4.108617e-20 4.844883e-01
607000 2.839133e-22 -3.694801e-20 -3.666409e-20 4.112751e+01
608000 2.103261e-21 -4.051669e-20 -3.841343e-20 3.046772e+02
609000 3.020733e-21 -3.804660e-20 -3.502587e-20 4.375816e+02
610000 9.511023e-22 -3.727033e-20 -3.631923e-20 1.377761e+02
611000 4.908678e-22 -3.957821e-20 -3.908735e-20 7.110682e+01
612000 1.012221e-22 -3.501930e-20 -3.491808e-20 1.466298e+01
613000 7.332162e-23 -4.055661e-20 -4.048329e-20 1.062133e+01
614000 5.728125e-22 -4.087001e-20 -4.029720e-20 8.297728e+01
615000 3.797548e-22 -3.543584e-20 -3.505609e-20 5.501106e+01
616000 2.494320e-24 -3.805805e-20 -3.805556e-20 3.613257e-01
617000 1.857786e-21 -3.319238e-20 -3.133460e-20 2.691177e+02
618000 2.923365e-21 -3.888800e-20 -3.596464e-20 4.234769e+02
619000 7.369941e-23 -3.954231e-20 -3.946861e-20 1.067605e+01
620000 3.990424e-21 -3.767468e-20 -3.368426e-20 5.780505e+02
621000 2.467942e-21 -4.060135e-20 -3.813341e-20 3.575046e+02
622000 5.275318e-22 -4.080625e-20 -4.027872e-20 7.641794e+01
623000 1.056764e-20 -2.998170e-20 -1.941406e-20 1.530822e+03
624000 1.311194e-21 -4.100014e-20 -3.968894e-20 1.899388e+02
625000 1.035468e-20 -4.087962e-20 -3.052494e-20 1.499972e+03
626000 2.272616e-22 -3.848751e-20 -3.826025e-20 3.292098e+01
627000 1.925302e-22 -4.093655e-20 -4.074402e-20 2.788981e+01
628000 2.661101e-23 -4.089213e-20 -4.086552e-20 3.854856e+00
629000 9.885167e-23 -4.109622e-20 -4.099737e-20 1.431960e+01
630000 3.319787e-24 -4.108734e-20 -4.108402e-20 4.809024e-01
631000 1.694368e-23 -4.043601e-20 -4.041907e-20 2.454451e+00
632000 2.312695e-21 -4.109517e-20 -3.878247e-20 3.350156e+02
633000 1.480672e-23 -3.902056e-20 -3.900576e-20 2.144893e+00
634000 8.291349e-21 -4.057134e-20 -3.227999e-20 1.201080e+03
635000 4.257106e-21 -4.107596e-20 -3.681886e-20 6.166818e+02
636000 7.259861e-21 -4.108449e-20 -3.382463e-20 1.051659e+03
637000 2.171648e-21 -3.947154e-20 -3.729989e-20 3.145837e+02
638000 4.017878e-22 -4.077996e-20 -4.037817e-20 5.820274e+01
639000 4.534330e-23 -3.887138e-20 -3.882604e-20 6.568403e+00
640000 1.042821e-22 -4.077321e-20 -4.066893e-20 1.510625e+01
641000 1.477865e-21 -4.082760e-20 -3.934973e-20 2.140827e+02
642000 2.045787e-21 -3.415737e-20 -3.211158e-20 2.963515e+02
643000 1.448580e-22 -4.079894e-20 -4.065408e-20 2.098404e+01
644000 1.022645e-20 -4.051055e-20 -3.028410e-20 1.481397e+03
645000 4.137175e-23 -4.044247e-20 -4.040110e-20 5.993087e+00
646000 1.043883e-21 -4.109404e-20 -4.005016e-20 1.512163e+02
647000 9.798530e-22 -3.931528e-20 -3.833543e-20 1.419409e+02
648000 2.631784e-21 -3.064411e-20 -2.801233e-20 3.812387e+02
649000 1.711575e-21 -3.618110e-20 -3.446952e-20 2.479378e+02
650000 5.232695e-28 -4.066831e-20 -4.066831e-20 7.580051e-05
651000 2.225181e-22 -4.065240e-20 -4.042988e-20 3.223384e+01
652000 7.417233e-23 -3.944993e-20 -3.937576e-20 1.074456e+01
653000 2.463819e-23 -4.041274e-20 -4.038810e-20 3.569073e+00
654000 7.879196e-22 -4.109412e-20 -4.030620e-20 1.141376e+02
655000 1.512969e-21 -3.873067e-20 -3.721770e-20 2.191678e+02
656000 9.716306e-22 -4.008139e-20 -3.910976e-20 1.407498e+02
657000 5.425777e-22 -4.098445e-20 -4.044187e-20 7.859748e+01
658000 6.474738e-24 -4.109858e-20 -4.109210e-20 9.379267e-01
659000 5.614736e-21 -4.068055e-20 -3.506581e-20 8.133474e+02
660000 1.947062e-21 -4.108840e-20 -3.914134e-20 2.820503e+02
661000 1.612888e-21 -4.103334e-20 -3.942045e-20 2.336420e+02
662000 9.533939e-22 -3.879446e-20 -3.784107e-20 1.381081e+02
663000 3.032705e-21 -3.935517e-20 -3.632246e-20 4.393159e+02
664000 2.289062e-22 -4.100643e-20 -4.077752e-20 3.315922e+01
665000 5.453330e-22 -3.952405e-20 -3.897872e-20 7.899662e+01
666000 1.515363e-22 -3.760874e-20 -3.745721e-20 2.195145e+01
667000 5.578511e-24 -3.795364e-20 -3.794806e-20 8.080998e-01
668000 2.329302e-21 -4.062152e-20 -3.829222e-20 3.374213e+02
669000 1.358598e-22 -4.109876e-20 -4.096290e-20 1.968057e+01
670000 2.070613e-21 -3.895579e-20 -3.688518e-20 2.999477e+02
671000 2.518560e-21 -4.104545e-20 -3.852689e-20 3.648371e+02
672000 2.368408e-21 -3.522730e-20 -3.285889e-20 3.430861e+02
673000 1.169515e-22 -3.478048e-20 -3.466352e-20 1.694152e+01
674000 1.314320e-21 -3.988339e-20 -3.856907e-20 1.903916e+02
675000 2.119454e-23 -4.097177e-20 -4.095057e-20 3.070228e+00
676000 7.552626e-21 -4.082179e-20 -3.326916e-20 1.094069e+03
677000 3.072259e-23 -4.108378e-20 -4.105306e-20 4.450456e+00
678000 2.525705e-22 -4.067386e-20 -4.042129e-20 3.658722e+01
679000 9.790042e-23 -3.704396e-20 -3.694606e-20 1.418180e+01
680000 3.485469e-22 -3.947415e-20 -3.912560e-20 5.049030e+01
681000 3.668060e-21 -3.451823e-20 -3.085017e-20 5.313530e+02
682000 2.935244e-21 -4.074040e-20 -3.780515e-20 4.251977e+02
683000 3.002456e-22 -4.109999e-20 -4.079974e-20 4.349339e+01
684000 1.211737e-22 -4.105402e-20 -4.093285e-20 1.755316e+01
685000 7.821938e-22 -2.103831e-20 -2.025611e-20 1.133081e+02
686000 1.446772e-21 -4.065297e-20 -3.920620e-20 2.095786e+02
687000 8.039445e-22 -4.109974e-20 -4.029580e-20 1.164589e+02
688000 9.205279e-22 -4.099783e-20 -4.007730e-20 1.333471e+02
689000 1.528857e-21 -3.960733e-20 -3.807848e-20 2.214694e+02
690000 3.871398e-23 -3.485249e-20 -3.481377e-20 5.608084e+00
691000 2.186328e-22 -4.105840e-20 -4.083977e-20 3.167103e+01
692000 2.489569e-21 -4.099595e-20 -3.850638e-20 3.606376e+02
693000 7.030306e-22 -3.295187e-20 -3.224884e-20 1.018406e+02
694000 5.395737e-21 -4.106540e-20 -3.566967e-20 7.816233e+02
695000 5.711632e-21 -4.108874e-20 -3.537711e-20 8.273837e+02
696000 7.390025e-23 -3.925389e-20 -3.917999e-20 1.070515e+01
697000 5.520963e-21 -4.106512e-20 -3.554415e-20 7.997635e+02
698000 4.033886e-22 -3.650712e-20 -3.610373e-20 5.843464e+01
699000 1.653650e-23 -3.577642e-20 -3.575988e-20 2.395467e+00
700000 8.042883e-22 -3.990816e-20 -3.910387e-20 1.165087e+02
701000 2.928270e-22 -3.949986e-20 -3.920703e-20 4.241875e+01
702000 8.843965e-23 -4.033803e-20 -4.024959e-20 1.281132e+01
703000 1.356067e-21 -3.998278e-20 -3.862671e-20 1.964390e+02
704000 1.980387e-22 -3.862819e-20 -3.843015e-20 2.868777e+01
705000 9.675706e-22 -4.075829e-20 -3.979072e-20 1.401617e+02
706000 2.332079e-21 -3.769404e-20 -3.536196e-20 3.378236e+02
707000 1.216836e-21 -4.022154e-20 -3.900471e-20 1.762701e+02
708000 5.730743e-21 -4.109187e-20 -3.536113e-20 8.301521e+02
709000 2.600844e-24 -3.444934e-20 -3.444674e-20 3.767567e-01
710000 6.190904e-23 -4.109365e-20 -4.103174e-20 8.968108e+00
711000 2.997615e-21 -3.605698e-20 -3.305937e-20 4.342327e+02
712000 6.723261e-23 -4.109392e-20 -4.102669e-20 9.739276e+00
713000 8.342376e-22 -3.662235e-20 -3.578811e-20 1.208472e+02
714000 5.864504e-23 -3.148261e-20 -3.142396e-20 8.495286e+00
715000 4.384791e-23 -3.383826e-20 -3.379441e-20 6.351782e+00
716000 2.787079e-21 -4.021959e-20 -3.743251e-20 4.037346e+02
717000 1.566368e-21 -4.023099e-20 -3.866462e-20 2.269032e+02
718000 3.887691e-21 -3.993291e-20 -3.604522e-20 5.631686e+02
719000 8.050652e-22 -3.526149e-20 -3.445643e-20 1.166213e+02
720000 3.368888e-22 -3.135820e-20 -3.102131e-20 4.880151e+01
721000 7.308805e-23 -4.099399e-20 -4.092090e-20 1.058749e+01
722000 3.779060e-22 -3.887738e-20 -3.849947e-20 5.474324e+01
723000 6.955774e-21 -3.965633e-20 -3.270055e-20 1.007609e+03
724000 3.021231e-22 -4.018845e-20 -3.988633e-20 4.376538e+01
725000 1.960212e-21 -3.569154e-20 -3.373133e-20 2.839551e+02
726000 1.562985e-21 -3.924076e-20 -3.767778e-20 2.264131e+02
727000 2.725496e-22 -3.984584e-20 -3.957329e-20 3.948137e+01
728000 3.176173e-21 -3.785753e-20 -3.468136e-20 4.600985e+02
729000 1.877970e-21 -3.774417e-20 -3.586620e-20 2.720417e+02
730000 3.707196e-22 -3.944470e-20 -3.907398e-20 5.370223e+01
731000 1.208316e-20 -4.064081e-20 -2.855765e-20 1.750360e+03
732000 9.686779e-23 -4.014194e-20 -4.004507e-20 1.403221e+01
733000 1.229366e-20 -4.101715e-20 -2.872349e-20 1.780853e+03
734000 6.306310e-24 -4.103121e-20 -4.102490e-20 9.135283e-01
735000 1.321595e-22 -4.100286e-20 -4.087070e-20 1.914455e+01
736000 3.637542e-21 -4.107882e-20 -3.744128e-20 5.269322e+02
737000 2.190294e-21 -4.109993e-20 -3.890964e-20 3.172847e+02
738000 1.182475e-24 -2.859450e-20 -2.859332e-20 1.712926e-01
739000 7.132039e-22 -4.109555e-20 -4.038235e-20 1.033143e+02
740000 1.473993e-21 -4.015113e-20 -3.867713e-20 2.135218e+02
741000 6.607884e-22 -3.833451e-20 -3.767372e-20 9.572142e+01
742000 7.886188e-21 -3.994638e-20 -3.206020e-20 1.142389e+03
743000 4.786410e-21 -3.953059e-20 -3.474419e-20 6.933565e+02
744000 4.537696e-22 -4.082428e-20 -4.037051e-20 6.573279e+01
745000 3.046456e-23 -3.640176e-20 -3.637130e-20 4.413078e+00
746000 6.671353e-22 -4.033125e-20 -3.966411e-20 9.664082e+01
747000 6.314318e-24 -4.036315e-20 -4.035684e-20 9.146883e-01
748000 5.121861e-22 -4.049757e-20 -3.998538e-20 7.419498e+01
749000 5.509932e-21 -4.103407e-20 -3.552414e-20 7.981655e+02
750000 2.211139e-21 -4.104795e-20 -3.883681e-20 3.203043e+02
751000 8.446774e-22 -3.979026e-20 -3.894558e-20 1.223595e+02
752000 5.233306e-23 -4.003599e-20 -3.998366e-20 7.580936e+00
753000 5.794163e-21 -3.701085e-20 -3.121669e-20 8.393391e+02
754000 4.636975e-23 -4.007825e-20 -4.003188e-20 6.717095e+00
755000 4.297509e-22 -3.695355e-20 -3.652380e-20 6.225347e+01
756000 1.033681e-25 -4.078027e-20 -4.078017e-20 1.497384e-02
757000 1.313165e-21 -4.062092e-20 -3.930775e-20 1.902243e+02
758000 3.472959e-21 -3.761175e-20 -3.413880e-20 5.030908e+02
759000 7.459534e-21 -4.073399e-20 -3.327446e-20 1.080584e+03
760000 3.336320e-21 -4.054891e-20 -3.721259e-20 4.832974e+02
761000 4.550270e-22 -3.134737e-20 -3.089235e-20 6.591494e+01
762000 1.096836e-21 -4.089742e-20 -3.980058e-20 1.588870e+02
763000 7.826040e-22 -2.908273e-20 -2.830013e-20 1.133676e+02
764000 1.426088e-22 -4.098520e-20 -4.084259e-20 2.065823e+01
765000 5.277733e-22 -4.097542e-20 -4.044764e-20 7.645292e+01
766000 4.803061e-22 -4.016265e-20 -3.968234e-20 6.957685e+01
767000 1.759105e-21 -1.871216e-20 -1.695306e-20 2.548228e+02
768000 1.017298e-22 -1.413855e-20 -1.403683e-20 1.473652e+01
769000 3.440577e-21 -3.963657e-20 -3.619600e-20 4.984000e+02
770000 6.314202e-22 -3.820402e-20 -3.757260e-20 9.146715e+01
771000 2.096101e-21 -4.097846e-20 -3.888236e-20 3.036400e+02
772000 5.902867e-23 -3.864664e-20 -3.858761e-20 8.550859e+00
773000 2.342501e-21 -2.880108e-20 -2.645858e-20 3.393333e+02
774000 3.178235e-22 -3.353270e-20 -3.321488e-20 4.603973e+01
775000 1.106337e-23 -4.041343e-20 -4.040237e-20 1.602633e+00
776000 1.381588e-21 -3.842448e-20 -3.704289e-20 2.001361e+02
777000 1.375358e-21 -4.054940e-20 -3.917404e-20 1.992335e+02
778000 3.443450e-23 -3.702228e-20 -3.698785e-20 4.988162e+00
779000 2.890107e-21 -4.100178e-20 -3.811167e-20 4.186592e+02
780000 3.955193e-21 -3.390885e-20 -2.995366e-20 5.729470e+02
781000 7.519453e-22 -3.927463e-20 -3.852268e-20 1.089264e+02
782000 2.897694e-22 -4.081349e-20 -4.052372e-20 4.197582e+01
783000 8.405797e-22 -4.002423e-20 -3.918365e-20 1.217659e+02
784000 2.561357e-21 -4.019351e-20 -3.763215e-20 3.710367e+02
785000 1.712430e-21 -4.108565e-20 -3.937322e-20 2.480615e+02
786000 9.234191e-21 -4.109933e-20 -3.186514e-20 1.337659e+03
787000 3.256076e-22 -3.343081e-20 -3.310520e-20 4.716732e+01
788000 3.636956e-21 -3.664947e-20 -3.301251e-20 5.268473e+02
789000 4.849849e-21 -4.058892e-20 -3.573907e-20 7.025463e+02
790000 5.728238e-22 -3.897164e-20 -3.839881e-20 8.297891e+01
791000 1.493463e-23 -3.864914e-20 -3.863420e-20 2.163422e+00
792000 6.283367e-24 -4.106089e-20 -4.105460e-20 9.102049e-01
793000 1.031234e-23 -3.979623e-20 -3.978592e-20 1.493839e+00
794000 5.756366e-22 -3.749064e-20 -3.691500e-20 8.338638e+01
795000 1.737434e-22 -4.089258e-20 -4.071884e-20 2.516837e+01
796000 9.155147e-22 -3.787914e-20 -3.696363e-20 1.326209e+02
797000 1.105629e-20 -4.096571e-20 -2.990942e-20 1.601608e+03
798000 1.281560e-22 -3.686974e-20 -3.674159e-20 1.856460e+01
799000 1.593015e-21 -2.840150e-20 -2.680848e-20 2.307632e+02
800000 2.130310e-21 -4.073584e-20 -3.860553e-20 3.085955e+02
801000 6.364385e-23 -4.002680e-20 -3.996315e-20 9.219411e+00
802000 2.874433e-22 -4.086981e-20 -4.058237e-20 4.163886e+01
803000 7.808637e-22 -3.828135e-20 -3.750049e-20 1.131155e+02
804000 2.478850e-21 -4.090927e-20 -3.843042e-20 3.590848e+02
805000 2.928932e-21 -3.250387e-20 -2.957494e-20 4.242834e+02
806000 2.014325e-21 -3.349938e-20 -3.148505e-20 2.917939e+02
807000 8.156777e-21 -4.026419e-20 -3.210741e-20 1.181586e+03
808000 2.135373e-21 -4.108390e-20 -3.894853e-20 3.093288e+02
809000 1.060888e-20 -4.106830e-20 -3.045942e-20 1.536796e+03
810000 1.616869e-21 -3.660270e-20 -3.498583e-20 2.342187e+02
811000 3.169530e-21 -3.981614e-20 -3.664661e-20 4.591362e+02
812000 1.415465e-21 -4.090257e-20 -3.948710e-20 2.050434e+02
813000 3.150469e-21 -3.197385e-20 -2.882338e-20 4.563750e+02
814000 5.576788e-21 -3.965371e-20 -3.407692e-20 8.078502e+02
815000 5.523028e-24 -3.948624e-20 -3.948071e-20 8.000626e-01
816000 4.518854e-21 -4.109922e-20 -3.658036e-20 6.545985e+02
817000 4.792308e-21 -3.985736e-20 -3.506506e-20 6.942109e+02
818000 1.729533e-22 -4.094416e-20 -4.077120e-20 2.505391e+01
819000 5.652158e-23 -4.096822e-20 -4.091170e-20 8.187683e+00
820000 4.278519e-22 -4.076370e-20 -4.033585e-20 6.197837e+01
821000 4.512839e-23 -3.335382e-20 -3.330869e-20 6.537273e+00
822000 4.329621e-23 -3.943718e-20 -3.939389e-20 6.271864e+00
823000 2.108908e-21 -3.953119e-20 -3.742228e-20 3.054951e+02
824000 1.589333e-21 -4.108790e-20 -3.949857e-20 2.302299e+02
825000 1.530375e-24 -3.573284e-20 -3.573131e-20 2.216892e-01
826000 1.173842e-22 -4.106607e-20 -4.094869e-20 1.700421e+01
827000 7.705857e-22 -3.726293e-20 -3.649234e-20 1.116266e+02
828000 2.317497e-21 -4.035142e-20 -3.803393e-20 3.357112e+02
829000 1.496207e-21 -3.968615e-20 -3.818995e-20 2.167397e+02
830000 2.158012e-21 -4.009512e-20 -3.793710e-20 3.126083e+02
831000 1.377907e-21 -3.650000e-20 -3.512209e-20 1.996027e+02
832000 1.792887e-22 -4.093788e-20 -4.075859e-20 2.597165e+01
833000 2.087724e-22 -4.101482e-20 -4.080605e-20 3.024265e+01
834000 1.690772e-21 -4.058029e-20 -3.888952e-20 2.449242e+02
835000 3.994992e-22 -4.044422e-20 -4.004472e-20 5.787122e+01
836000 3.304991e-21 -3.756974e-20 -3.426475e-20 4.787590e+02
837000 1.956010e-21 -4.062813e-20 -3.867212e-20 2.833465e+02
838000 4.634821e-22 -4.079886e-20 -4.033538e-20 6.713974e+01
839000 3.490240e-21 -3.750690e-20 -3.401666e-20 5.055941e+02
840000 1.359533e-22 -4.109164e-20 -4.095568e-20 1.969412e+01
841000 8.631883e-22 -3.791782e-20 -3.705463e-20 1.250409e+02
842000 4.548333e-21 -3.612527e-20 -3.157693e-20 6.588688e+02
843000 2.337701e-21 -3.047582e-20 -2.813812e-20 3.386380e+02
844000 4.697756e-22 -3.790649e-20 -3.743672e-20 6.805142e+01
845000 2.401616e-21 -3.952760e-20 -3.712598e-20 3.478967e+02
846000 7.168287e-22 -4.057056e-20 -3.985373e-20 1.038394e+02
847000 1.484408e-22 -4.102846e-20 -4.088002e-20 2.150305e+01
848000 2.535330e-23 -3.940365e-20 -3.937830e-20 3.672665e+00
849000 9.081855e-22 -2.990715e-20 -2.899896e-20 1.315592e+02
850000 5.804936e-21 -4.082489e-20 -3.501995e-20 8.408996e+02
851000 2.946676e-22 -4.062195e-20 -4.032728e-20 4.268538e+01
852000 4.043965e-22 -4.061973e-20 -4.021533e-20 5.858064e+01
853000 1.101000e-23 -3.433175e-20 -3.432074e-20 1.594902e+00
854000 6.906222e-23 -3.872043e-20 -3.865137e-20 1.000431e+01
855000 5.035448e-21 -3.726370e-20 -3.222825e-20 7.294320e+02
856000 1.550373e-21 -3.730416e-20 -3.575379e-20 2.245861e+02
857000 2.491049e-22 -2.835798e-20 -2.810887e-20 3.608519e+01
858000 4.612237e-21 -4.103711e-20 -3.642487e-20 6.681259e+02
859000 1.169840e-21 -3.918581e-20 -3.801597e-20 1.694623e+02
860000 2.786209e-22 -3.069710e-20 -3.041848e-20 4.036085e+01
861000 6.871962e-22 -4.099759e-20 -4.031040e-20 9.954684e+01
862000 2.964006e-21 -4.104245e-20 -3.807844e-20 4.293641e+02
863000 5.101798e-23 -3.450165e-20 -3.445063e-20 7.390434e+00
864000 2.592115e-21 -4.103455e-20 -3.844244e-20 3.754922e+02
865000 2.671941e-23 -3.561224e-20 -3.558552e-20 3.870558e+00
866000 4.075716e-21 -4.045235e-20 -3.637663e-20 5.904059e+02
867000 1.978753e-22 -3.890379e-20 -3.870592e-20 2.866410e+01
868000 5.658667e-22 -3.568892e-20 -3.512305e-20 8.197111e+01
869000 5.671654e-21 -4.109958e-20 -3.542792e-20 8.215924e+02
870000 5.434982e-22 -4.109053e-20 -4.054703e-20 7.873082e+01
871000 3.643291e-22 -4.063032e-20 -4.026599e-20 5.277649e+01
872000 5.842281e-23 -4.109096e-20 -4.103254e-20 8.463094e+00
873000 1.884695e-22 -3.799126e-20 -3.780279e-20 2.730158e+01
874000 7.739235e-21 -4.107378e-20 -3.333454e-20 1.121101e+03
875000 2.207148e-23 -3.322973e-20 -3.320766e-20 3.197262e+00
876000 1.489031e-20 -4.109794e-20 -2.620763e-20 2.157002e+03
877000 1.031420e-21 -3.840344e-20 -3.737202e-20 1.494110e+02
878000 4.459042e-22 -4.103571e-20 -4.058981e-20 6.459342e+01
879000 1.234474e-21 -1.540748e-20 -1.417300e-20 1.788251e+02
880000 7.014245e-22 -4.048015e-20 -3.977873e-20 1.016079e+02
881000 8.190887e-23 -3.855949e-20 -3.847758e-20 1.186527e+01
882000 3.833085e-24 -4.038559e-20 -4.038176e-20 5.552584e-01
883000 5.467553e-21 -3.480555e-20 -2.933800e-20 7.920266e+02
884000 2.730454e-23 -4.109966e-20 -4.107235e-20 3.955319e+00
885000 1.479973e-21 -3.755562e-20 -3.607565e-20 2.143881e+02
886000 4.066032e-21 -3.855038e-20 -3.448435e-20 5.890030e+02
887000 4.265361e-21 -4.004979e-20 -3.578443e-20 6.178776e+02
888000 3.081573e-22 -3.265454e-20 -3.234638e-20 4.463948e+01
889000 4.467029e-21 -3.531892e-20 -3.085189e-20 6.470912e+02
890000 2.965145e-21 -3.210361e-20 -2.913846e-20 4.295291e+02
891000 9.380446e-24 -3.974328e-20 -3.973390e-20 1.358846e+00
892000 2.813950e-21 -3.988711e-20 -3.707315e-20 4.076272e+02
893000 4.183892e-21 -4.017501e-20 -3.599112e-20 6.060761e+02
894000 9.946997e-22 -4.108354e-20 -4.008884e-20 1.440916e+02
895000 1.502561e-21 -3.419690e-20 -3.269434e-20 2.176601e+02
896000 4.629291e-21 -3.569405e-20 -3.106476e-20 6.705964e+02
897000 1.783347e-21 -3.665325e-20 -3.486991e-20 2.583346e+02
898000 2.094140e-21 -4.085707e-20 -3.876293e-20 3.033559e+02
899000 1.475497e-22 -4.088317e-20 -4.073562e-20 2.137396e+01
900000 4.433281e-25 -4.085823e-20 -4.085778e-20 6.422025e-02
901000 1.351883e-22 -3.672214e-20 -3.658695e-20 1.958330e+01
902000 5.786604e-21 -3.956237e-20 -3.377576e-20 8.382441e+02
903000 3.492572e-23 -3.903924e-20 -3.900432e-20 5.059320e+00
904000 9.716174e-22 -4.092177e-20 -3.995015e-20 1.407479e+02
905000 1.567059e-23 -3.692478e-20 -3.690911e-20 2.270032e+00
906000 1.867751e-22 -3.078912e-20 -3.060235e-20 2.705613e+01
907000 1.715565e-21 -4.082447e-20 -3.910891e-20 2.485157e+02
908000 1.949175e-22 -3.563538e-20 -3.544046e-20 2.823564e+01
909000 7.935626e-23 -3.906407e-20 -3.898472e-20 1.149550e+01
910000 2.526590e-22 -3.861900e-20 -3.836635e-20 3.660003e+01
911000 8.076984e-22 -4.077418e-20 -3.996648e-20 1.170027e+02
912000 3.463518e-22 -3.829057e-20 -3.794422e-20 5.017232e+01
913000 1.672003e-21 -3.836128e-20 -3.668928e-20 2.422053e+02
914000 2.419317e-21 -3.835481e-20 -3.593550e-20 3.504609e+02
915000 3.937999e-22 -3.657470e-20 -3.618090e-20 5.704562e+01
916000 1.192645e-21 -4.092867e-20 -3.973602e-20 1.727658e+02
917000 8.133463e-22 -4.087371e-20 -4.006037e-20 1.178209e+02
918000 2.072827e-22 -4.053131e-20 -4.032403e-20 3.002685e+01
919000 1.034026e-21 -3.880074e-20 -3.776671e-20 1.497884e+02
920000 7.699067e-23 -4.058784e-20 -4.051085e-20 1.115282e+01
921000 1.013267e-21 -3.993131e-20 -3.891804e-20 1.467813e+02
922000 7.982531e-22 -3.089571e-20 -3.009746e-20 1.156345e+02
923000 4.545113e-22 -3.545282e-20 -3.499831e-20 6.584024e+01
924000 2.817844e-21 -4.101693e-20 -3.819908e-20 4.081912e+02
925000 1.068106e-21 -4.107703e-20 -4.000893e-20 1.547253e+02
926000 1.722647e-22 -4.055368e-20 -4.038142e-20 2.495416e+01
927000 1.010421e-22 -4.068347e-20 -4.058243e-20 1.463690e+01
928000 1.018114e-20 -3.583173e-20 -2.565059e-20 1.474834e+03
929000 7.014207e-22 -4.044687e-20 -3.974545e-20 1.016074e+02
930000 3.160574e-24 -4.107151e-20 -4.106835e-20 4.578389e-01
931000 9.549774e-22 -4.103264e-20 -4.007767e-20 1.383375e+02
932000 1.840627e-20 -4.087391e-20 -2.246764e-20 2.666321e+03
933000 7.472179e-24 -4.107926e-20 -4.107178e-20 1.082415e+00
934000 1.229561e-21 -3.821498e-20 -3.698542e-20 1.781135e+02
935000 1.027532e-20 -4.109977e-20 -3.082445e-20 1.488477e+03
936000 2.733962e-21 -4.106826e-20 -3.833430e-20 3.960401e+02
937000 3.534726e-21 -3.909049e-20 -3.555577e-20 5.120383e+02
938000 7.111316e-22 -4.100006e-20 -4.028893e-20 1.030141e+02
939000 1.505229e-21 -4.057352e-20 -3.906830e-20 2.180466e+02
940000 1.153239e-21 -4.109590e-20 -3.994266e-20 1.670576e+02
941000 2.836096e-22 -3.637643e-20 -3.609282e-20 4.108352e+01
942000 5.233382e-25 -3.762856e-20 -3.762804e-20 7.581047e-02
943000 9.557006e-22 -4.084530e-20 -3.988960e-20 1.384422e+02
944000 1.825518e-23 -3.776556e-20 -3.774731e-20 2.644435e+00
945000 4.490616e-22 -3.977224e-20 -3.932317e-20 6.505080e+01
946000 3.117216e-21 -3.751978e-20 -3.440257e-20 4.515580e+02
947000 4.026112e-22 -3.617925e-20 -3.577664e-20 5.832202e+01
948000 5.271255e-21 -4.108326e-20 -3.581201e-20 7.635908e+02
949000 2.643442e-21 -3.701946e-20 -3.437602e-20 3.829275e+02
950000 6.899142e-22 -3.952181e-20 -3.883189e-20 9.994056e+01
951000 8.799747e-22 -4.060222e-20 -3.972225e-20 1.274726e+02
952000 9.359590e-21 -3.928396e-20 -2.992437e-20 1.355825e+03
953000 2.185407e-26 -4.108887e-20 -4.108884e-20 3.165768e-03
954000 1.007305e-22 -4.107240e-20 -4.097167e-20 1.459176e+01
955000 4.765644e-22 -3.887055e-20 -3.839398e-20 6.903484e+01
956000 1.166282e-21 -4.065860e-20 -3.949231e-20 1.689469e+02
957000 3.083154e-22 -3.826732e-20 -3.795901e-20 4.466238e+01
958000 5.442305e-22 -4.109857e-20 -4.055434e-20 7.883692e+01
959000 5.010674e-21 -3.654587e-20 -3.153520e-20 7.258433e+02
960000 7.144493e-21 -4.048107e-20 -3.333658e-20 1.034947e+03
961000 3.096413e-22 -4.091196e-20 -4.060232e-20 4.485445e+01
962000 3.841325e-22 -4.090648e-20 -4.052235e-20 5.564521e+01
963000 2.259476e-21 -3.306737e-20 -3.080790e-20 3.273063e+02
964000 2.452975e-21 -3.817645e-20 -3.572347e-20 3.553365e+02
965000 3.539811e-23 -3.544576e-20 -3.541036e-20 5.127750e+00
966000 3.152895e-24 -3.936098e-20 -3.935782e-20 4.567265e-01
967000 9.491166e-21 -3.920853e-20 -2.971736e-20 1.374885e+03
968000 1.049334e-22 -3.893990e-20 -3.883497e-20 1.520059e+01
969000 2.324072e-22 -3.970710e-20 -3.947469e-20 3.366637e+01
970000 3.986515e-21 -4.109382e-20 -3.710731e-20 5.774843e+02
971000 1.057151e-21 -3.839482e-20 -3.733767e-20 1.531382e+02
972000 1.904319e-21 -3.819669e-20 -3.629237e-20 2.758585e+02
973000 9.585830e-23 -4.072139e-20 -4.062553e-20 1.388598e+01
974000 4.713889e-23 -3.615452e-20 -3.610738e-20 6.828511e+00
975000 1.465962e-21 -3.759395e-20 -3.612799e-20 2.123584e+02
976000 4.414707e-21 -3.848342e-20 -3.406872e-20 6.395118e+02
977000 7.306715e-22 -3.857783e-20 -3.784716e-20 1.058446e+02
978000 2.366525e-22 -3.862491e-20 -3.838826e-20 3.428135e+01
979000 4.436841e-21 -3.458404e-20 -3.014720e-20 6.427182e+02
980000 7.982802e-21 -3.279628e-20 -2.481348e-20 1.156384e+03
981000 3.064475e-22 -3.652964e-20 -3.622319e-20 4.439181e+01
982000 3.394804e-21 -3.757425e-20 -3.417944e-20 4.917693e+02
983000 1.226344e-22 -4.010755e-20 -3.998491e-20 1.776475e+01
984000 7.611754e-22 -3.980805e-20 -3.904688e-20 1.102634e+02
985000 3.453468e-21 -4.106780e-20 -3.761433e-20 5.002674e+02
986000 2.208922e-21 -4.104411e-20 -3.883518e-20 3.199831e+02
987000 6.326354e-21 -4.099119e-20 -3.466484e-20 9.164319e+02
988000 4.810055e-21 -4.068524e-20 -3.587519e-20 6.967817e+02
989000 5.214163e-21 -3.827085e-20 -3.305669e-20 7.553205e+02
990000 1.839734e-21 -3.300569e-20 -3.116595e-20 2.665028e+02
991000 5.804686e-22 -4.096218e-20 -4.038171e-20 8.408634e+01
992000 8.042294e-23 -3.983722e-20 -3.975679e-20 1.165002e+01
993000 5.486259e-21 -4.000658e-20 -3.452032e-20 7.947363e+02
994000 6.134255e-23 -3.853821e-20 -3.847686e-20 8.886045e+00
995000 8.817169e-22 -3.945449e-20 -3.857277e-20 1.277250e+02
996000 3.835577e-23 -4.088004e-20 -4.084169e-20 5.556195e+00
997000 4.098905e-25 -3.953274e-20 -3.953233e-20 5.937649e-02
998000 2.295950e-21 -4.104982e-20 -3.875387e-20 3.325899e+02
999000 6.248494e-22 -4.043246e-20 -3.980762e-20 9.051531e+01
