pX pY pZ 
2.794657e-13 0.000000e+00 0.000000e+00
-8.750418e-14 0.000000e+00 0.000000e+00
2.919985e-13 0.000000e+00 0.000000e+00
-8.804404e-14 0.000000e+00 0.000000e+00
3.190376e-14 0.000000e+00 0.000000e+00
2.307170e-13 0.000000e+00 0.000000e+00
-2.021843e-13 0.000000e+00 0.000000e+00
3.340638e-14 0.000000e+00 0.000000e+00
1.274077e-13 0.000000e+00 0.000000e+00
5.173148e-14 0.000000e+00 0.000000e+00
-1.567077e-13 0.000000e+00 0.000000e+00
8.506771e-14 0.000000e+00 0.000000e+00
1.308540e-13 0.000000e+00 0.000000e+00
-4.599289e-17 0.000000e+00 0.000000e+00
2.688370e-13 0.000000e+00 0.000000e+00
-3.339202e-13 0.000000e+00 0.000000e+00
-5.641602e-14 0.000000e+00 0.000000e+00
-2.385361e-13 0.000000e+00 0.000000e+00
-7.111851e-14 0.000000e+00 0.000000e+00
-3.650855e-13 0.000000e+00 0.000000e+00
6.267326e-14 0.000000e+00 0.000000e+00
-2.015322e-13 0.000000e+00 0.000000e+00
8.412381e-15 0.000000e+00 0.000000e+00
1.968175e-14 0.000000e+00 0.000000e+00
-5.797090e-14 0.000000e+00 0.000000e+00
1.249708e-13 0.000000e+00 0.000000e+00
-1.284169e-13 0.000000e+00 0.000000e+00
-6.892226e-15 0.000000e+00 0.000000e+00
1.146664e-13 0.000000e+00 0.000000e+00
1.865066e-14 0.000000e+00 0.000000e+00
-1.492213e-13 0.000000e+00 0.000000e+00
-7.282861e-15 0.000000e+00 0.000000e+00
1.909470e-13 0.000000e+00 0.000000e+00
1.649279e-14 0.000000e+00 0.000000e+00
-1.121822e-14 0.000000e+00 0.000000e+00
-1.039544e-13 0.000000e+00 0.000000e+00
1.788234e-13 0.000000e+00 0.000000e+00
-1.798253e-13 0.000000e+00 0.000000e+00
-1.439947e-13 0.000000e+00 0.000000e+00
-6.080026e-14 0.000000e+00 0.000000e+00
4.275640e-14 0.000000e+00 0.000000e+00
-1.983660e-14 0.000000e+00 0.000000e+00
-1.631697e-13 0.000000e+00 0.000000e+00
-7.161777e-14 0.000000e+00 0.000000e+00
-2.035856e-13 0.000000e+00 0.000000e+00
2.248146e-13 0.000000e+00 0.000000e+00
-3.427997e-13 0.000000e+00 0.000000e+00
-1.732705e-13 0.000000e+00 0.000000e+00
-5.710444e-14 0.000000e+00 0.000000e+00
1.279143e-13 0.000000e+00 0.000000e+00
2.148336e-13 0.000000e+00 0.000000e+00
-5.514398e-14 0.000000e+00 0.000000e+00
2.499087e-14 0.000000e+00 0.000000e+00
-8.697214e-14 0.000000e+00 0.000000e+00
8.016240e-14 0.000000e+00 0.000000e+00
-2.842923e-13 0.000000e+00 0.000000e+00
1.199712e-13 0.000000e+00 0.000000e+00
-4.857299e-14 0.000000e+00 0.000000e+00
9.720010e-14 0.000000e+00 0.000000e+00
-9.104444e-14 0.000000e+00 0.000000e+00
2.658833e-13 0.000000e+00 0.000000e+00
-1.769111e-13 0.000000e+00 0.000000e+00
5.251685e-14 0.000000e+00 0.000000e+00
-1.974690e-13 0.000000e+00 0.000000e+00
-4.817060e-14 0.000000e+00 0.000000e+00
2.721855e-14 0.000000e+00 0.000000e+00
1.837137e-13 0.000000e+00 0.000000e+00
5.111064e-14 0.000000e+00 0.000000e+00
1.186079e-13 0.000000e+00 0.000000e+00
-2.387542e-14 0.000000e+00 0.000000e+00
-2.944082e-14 0.000000e+00 0.000000e+00
-1.225530e-13 0.000000e+00 0.000000e+00
-9.298550e-14 0.000000e+00 0.000000e+00
6.815701e-14 0.000000e+00 0.000000e+00
2.310064e-13 0.000000e+00 0.000000e+00
-1.805190e-13 0.000000e+00 0.000000e+00
2.690497e-13 0.000000e+00 0.000000e+00
-1.575475e-13 0.000000e+00 0.000000e+00
-6.891837e-14 0.000000e+00 0.000000e+00
-2.713965e-13 0.000000e+00 0.000000e+00
1.637230e-13 0.000000e+00 0.000000e+00
5.752711e-14 0.000000e+00 0.000000e+00
2.560488e-13 0.000000e+00 0.000000e+00
-3.369650e-13 0.000000e+00 0.000000e+00
-3.187717e-13 0.000000e+00 0.000000e+00
1.226010e-13 0.000000e+00 0.000000e+00
2.151466e-13 0.000000e+00 0.000000e+00
-3.812921e-13 0.000000e+00 0.000000e+00
-9.956684e-14 0.000000e+00 0.000000e+00
-1.229878e-13 0.000000e+00 0.000000e+00
-1.218346e-13 0.000000e+00 0.000000e+00
8.054078e-14 0.000000e+00 0.000000e+00
-2.573829e-14 0.000000e+00 0.000000e+00
-8.695859e-14 0.000000e+00 0.000000e+00
-4.059128e-14 0.000000e+00 0.000000e+00
1.592705e-13 0.000000e+00 0.000000e+00
1.054577e-13 0.000000e+00 0.000000e+00
-2.520665e-13 0.000000e+00 0.000000e+00
1.522530e-14 0.000000e+00 0.000000e+00
1.100736e-13 0.000000e+00 0.000000e+00
1.411962e-14 0.000000e+00 0.000000e+00
-3.147638e-14 0.000000e+00 0.000000e+00
-1.093260e-13 0.000000e+00 0.000000e+00
-1.039838e-13 0.000000e+00 0.000000e+00
2.332778e-13 0.000000e+00 0.000000e+00
-8.079345e-14 0.000000e+00 0.000000e+00
1.727059e-13 0.000000e+00 0.000000e+00
1.257712e-13 0.000000e+00 0.000000e+00
2.502070e-13 0.000000e+00 0.000000e+00
3.366190e-13 0.000000e+00 0.000000e+00
2.181375e-13 0.000000e+00 0.000000e+00
1.697966e-13 0.000000e+00 0.000000e+00
-2.161950e-13 0.000000e+00 0.000000e+00
1.862485e-13 0.000000e+00 0.000000e+00
5.694559e-14 0.000000e+00 0.000000e+00
1.308828e-13 0.000000e+00 0.000000e+00
-5.291406e-15 0.000000e+00 0.000000e+00
-1.012252e-14 0.000000e+00 0.000000e+00
4.956010e-14 0.000000e+00 0.000000e+00
1.189468e-13 0.000000e+00 0.000000e+00
-9.208704e-14 0.000000e+00 0.000000e+00
1.955301e-13 0.000000e+00 0.000000e+00
7.209380e-13 0.000000e+00 0.000000e+00
2.357005e-13 0.000000e+00 0.000000e+00
-4.849167e-14 0.000000e+00 0.000000e+00
5.218778e-13 0.000000e+00 0.000000e+00
-1.324273e-13 0.000000e+00 0.000000e+00
-9.852083e-14 0.000000e+00 0.000000e+00
4.565341e-15 0.000000e+00 0.000000e+00
2.507277e-13 0.000000e+00 0.000000e+00
-8.998188e-14 0.000000e+00 0.000000e+00
-9.595842e-14 0.000000e+00 0.000000e+00
-4.494508e-13 0.000000e+00 0.000000e+00
1.233927e-13 0.000000e+00 0.000000e+00
3.993603e-14 0.000000e+00 0.000000e+00
3.452004e-13 0.000000e+00 0.000000e+00
-1.752467e-13 0.000000e+00 0.000000e+00
1.446557e-13 0.000000e+00 0.000000e+00
-2.022331e-13 0.000000e+00 0.000000e+00
2.590722e-13 0.000000e+00 0.000000e+00
2.990220e-14 0.000000e+00 0.000000e+00
-5.772115e-14 0.000000e+00 0.000000e+00
1.293244e-13 0.000000e+00 0.000000e+00
2.576995e-13 0.000000e+00 0.000000e+00
7.278492e-14 0.000000e+00 0.000000e+00
1.978311e-13 0.000000e+00 0.000000e+00
1.032545e-13 0.000000e+00 0.000000e+00
-5.392491e-13 0.000000e+00 0.000000e+00
2.865204e-13 0.000000e+00 0.000000e+00
-8.070543e-14 0.000000e+00 0.000000e+00
-3.025026e-13 0.000000e+00 0.000000e+00
-8.641252e-14 0.000000e+00 0.000000e+00
1.717403e-13 0.000000e+00 0.000000e+00
2.247080e-13 0.000000e+00 0.000000e+00
5.238037e-14 0.000000e+00 0.000000e+00
-4.947036e-14 0.000000e+00 0.000000e+00
3.761825e-14 0.000000e+00 0.000000e+00
-4.215063e-14 0.000000e+00 0.000000e+00
3.078567e-14 0.000000e+00 0.000000e+00
-5.193203e-14 0.000000e+00 0.000000e+00
1.445751e-13 0.000000e+00 0.000000e+00
-1.081702e-13 0.000000e+00 0.000000e+00
-3.621673e-14 0.000000e+00 0.000000e+00
-3.895580e-14 0.000000e+00 0.000000e+00
7.242021e-14 0.000000e+00 0.000000e+00
6.806930e-14 0.000000e+00 0.000000e+00
7.704892e-14 0.000000e+00 0.000000e+00
1.435830e-13 0.000000e+00 0.000000e+00
-2.817497e-14 0.000000e+00 0.000000e+00
-4.292696e-14 0.000000e+00 0.000000e+00
1.783951e-13 0.000000e+00 0.000000e+00
1.532130e-13 0.000000e+00 0.000000e+00
1.323561e-13 0.000000e+00 0.000000e+00
-1.307637e-13 0.000000e+00 0.000000e+00
1.068435e-13 0.000000e+00 0.000000e+00
-5.894183e-14 0.000000e+00 0.000000e+00
-8.872871e-14 0.000000e+00 0.000000e+00
-6.744723e-14 0.000000e+00 0.000000e+00
-7.068566e-14 0.000000e+00 0.000000e+00
1.143061e-14 0.000000e+00 0.000000e+00
6.996348e-14 0.000000e+00 0.000000e+00
-1.855572e-13 0.000000e+00 0.000000e+00
2.578844e-13 0.000000e+00 0.000000e+00
2.496617e-14 0.000000e+00 0.000000e+00
-8.012455e-14 0.000000e+00 0.000000e+00
2.011453e-13 0.000000e+00 0.000000e+00
-1.160420e-13 0.000000e+00 0.000000e+00
-8.862378e-14 0.000000e+00 0.000000e+00
1.261984e-13 0.000000e+00 0.000000e+00
1.217489e-13 0.000000e+00 0.000000e+00
6.892918e-14 0.000000e+00 0.000000e+00
1.664077e-14 0.000000e+00 0.000000e+00
-4.291962e-13 0.000000e+00 0.000000e+00
7.530192e-14 0.000000e+00 0.000000e+00
-1.623584e-14 0.000000e+00 0.000000e+00
-7.533310e-14 0.000000e+00 0.000000e+00
-1.477263e-13 0.000000e+00 0.000000e+00
-4.024631e-13 0.000000e+00 0.000000e+00
-3.174606e-14 0.000000e+00 0.000000e+00
-1.280037e-13 0.000000e+00 0.000000e+00
1.630595e-13 0.000000e+00 0.000000e+00
-9.875573e-14 0.000000e+00 0.000000e+00
2.989196e-13 0.000000e+00 0.000000e+00
-1.438590e-13 0.000000e+00 0.000000e+00
1.119943e-13 0.000000e+00 0.000000e+00
-3.585385e-14 0.000000e+00 0.000000e+00
-6.811659e-14 0.000000e+00 0.000000e+00
-1.773564e-13 0.000000e+00 0.000000e+00
1.068493e-13 0.000000e+00 0.000000e+00
-1.491900e-13 0.000000e+00 0.000000e+00
-1.459598e-13 0.000000e+00 0.000000e+00
-2.257741e-13 0.000000e+00 0.000000e+00
1.708488e-13 0.000000e+00 0.000000e+00
-1.748778e-13 0.000000e+00 0.000000e+00
-1.876475e-13 0.000000e+00 0.000000e+00
1.523995e-13 0.000000e+00 0.000000e+00
8.793111e-15 0.000000e+00 0.000000e+00
1.802117e-13 0.000000e+00 0.000000e+00
1.362099e-13 0.000000e+00 0.000000e+00
1.483620e-13 0.000000e+00 0.000000e+00
-1.548828e-13 0.000000e+00 0.000000e+00
-3.146386e-13 0.000000e+00 0.000000e+00
1.903956e-13 0.000000e+00 0.000000e+00
5.045976e-14 0.000000e+00 0.000000e+00
-4.359250e-13 0.000000e+00 0.000000e+00
-1.927810e-13 0.000000e+00 0.000000e+00
1.331495e-13 0.000000e+00 0.000000e+00
-1.165779e-14 0.000000e+00 0.000000e+00
1.559607e-13 0.000000e+00 0.000000e+00
-6.829565e-14 0.000000e+00 0.000000e+00
1.676268e-13 0.000000e+00 0.000000e+00
1.571148e-13 0.000000e+00 0.000000e+00
1.242903e-13 0.000000e+00 0.000000e+00
-4.730782e-14 0.000000e+00 0.000000e+00
4.826854e-14 0.000000e+00 0.000000e+00
1.598111e-13 0.000000e+00 0.000000e+00
3.970738e-13 0.000000e+00 0.000000e+00
-2.686549e-13 0.000000e+00 0.000000e+00
9.796444e-14 0.000000e+00 0.000000e+00
4.955387e-14 0.000000e+00 0.000000e+00
-2.387278e-13 0.000000e+00 0.000000e+00
2.986017e-13 0.000000e+00 0.000000e+00
-5.173071e-14 0.000000e+00 0.000000e+00
-6.836293e-14 0.000000e+00 0.000000e+00
-9.385048e-14 0.000000e+00 0.000000e+00
1.296981e-13 0.000000e+00 0.000000e+00
1.688162e-14 0.000000e+00 0.000000e+00
-3.621386e-14 0.000000e+00 0.000000e+00
-1.034221e-13 0.000000e+00 0.000000e+00
1.329032e-13 0.000000e+00 0.000000e+00
-4.062296e-13 0.000000e+00 0.000000e+00
-6.167381e-14 0.000000e+00 0.000000e+00
-1.344568e-13 0.000000e+00 0.000000e+00
1.110954e-13 0.000000e+00 0.000000e+00
-3.669058e-13 0.000000e+00 0.000000e+00
-1.463918e-13 0.000000e+00 0.000000e+00
2.539067e-13 0.000000e+00 0.000000e+00
1.334694e-14 0.000000e+00 0.000000e+00
-3.698672e-14 0.000000e+00 0.000000e+00
-1.173258e-13 0.000000e+00 0.000000e+00
6.925410e-14 0.000000e+00 0.000000e+00
-1.378383e-13 0.000000e+00 0.000000e+00
4.783192e-14 0.000000e+00 0.000000e+00
1.944831e-13 0.000000e+00 0.000000e+00
3.258746e-14 0.000000e+00 0.000000e+00
7.261354e-14 0.000000e+00 0.000000e+00
-2.409479e-13 0.000000e+00 0.000000e+00
1.527846e-13 0.000000e+00 0.000000e+00
2.324511e-14 0.000000e+00 0.000000e+00
6.081007e-14 0.000000e+00 0.000000e+00
2.535287e-13 0.000000e+00 0.000000e+00
9.941891e-14 0.000000e+00 0.000000e+00
-1.195230e-13 0.000000e+00 0.000000e+00
-2.552208e-13 0.000000e+00 0.000000e+00
1.374453e-13 0.000000e+00 0.000000e+00
1.243740e-13 0.000000e+00 0.000000e+00
-1.297382e-13 0.000000e+00 0.000000e+00
-1.897837e-14 0.000000e+00 0.000000e+00
2.591998e-14 0.000000e+00 0.000000e+00
-1.442659e-13 0.000000e+00 0.000000e+00
-2.037535e-13 0.000000e+00 0.000000e+00
9.013261e-14 0.000000e+00 0.000000e+00
2.399821e-14 0.000000e+00 0.000000e+00
2.183341e-13 0.000000e+00 0.000000e+00
5.096335e-14 0.000000e+00 0.000000e+00
-4.271619e-14 0.000000e+00 0.000000e+00
6.597265e-15 0.000000e+00 0.000000e+00
-1.739257e-14 0.000000e+00 0.000000e+00
-5.094166e-14 0.000000e+00 0.000000e+00
5.788226e-14 0.000000e+00 0.000000e+00
6.174103e-14 0.000000e+00 0.000000e+00
-8.079030e-15 0.000000e+00 0.000000e+00
-3.989542e-14 0.000000e+00 0.000000e+00
1.324355e-13 0.000000e+00 0.000000e+00
-1.712928e-13 0.000000e+00 0.000000e+00
1.444428e-13 0.000000e+00 0.000000e+00
-1.463403e-13 0.000000e+00 0.000000e+00
1.411457e-13 0.000000e+00 0.000000e+00
2.259699e-14 0.000000e+00 0.000000e+00
1.876455e-13 0.000000e+00 0.000000e+00
-2.569508e-13 0.000000e+00 0.000000e+00
2.644026e-13 0.000000e+00 0.000000e+00
2.718491e-14 0.000000e+00 0.000000e+00
6.227346e-14 0.000000e+00 0.000000e+00
-2.233292e-14 0.000000e+00 0.000000e+00
3.260853e-13 0.000000e+00 0.000000e+00
1.210930e-13 0.000000e+00 0.000000e+00
-9.441965e-14 0.000000e+00 0.000000e+00
1.395020e-13 0.000000e+00 0.000000e+00
-2.125396e-13 0.000000e+00 0.000000e+00
8.214168e-14 0.000000e+00 0.000000e+00
-4.590480e-14 0.000000e+00 0.000000e+00
9.808388e-14 0.000000e+00 0.000000e+00
-7.775340e-14 0.000000e+00 0.000000e+00
-1.053218e-13 0.000000e+00 0.000000e+00
1.561152e-13 0.000000e+00 0.000000e+00
-2.525265e-13 0.000000e+00 0.000000e+00
-1.069333e-13 0.000000e+00 0.000000e+00
1.434822e-13 0.000000e+00 0.000000e+00
-1.752661e-13 0.000000e+00 0.000000e+00
-6.487248e-14 0.000000e+00 0.000000e+00
1.253218e-13 0.000000e+00 0.000000e+00
-1.104872e-13 0.000000e+00 0.000000e+00
5.887054e-14 0.000000e+00 0.000000e+00
1.408653e-13 0.000000e+00 0.000000e+00
-1.573886e-13 0.000000e+00 0.000000e+00
2.171803e-14 0.000000e+00 0.000000e+00
-8.839247e-14 0.000000e+00 0.000000e+00
-1.837979e-13 0.000000e+00 0.000000e+00
2.505994e-13 0.000000e+00 0.000000e+00
-2.389361e-13 0.000000e+00 0.000000e+00
-2.515084e-14 0.000000e+00 0.000000e+00
-6.171276e-14 0.000000e+00 0.000000e+00
2.903431e-14 0.000000e+00 0.000000e+00
-2.187994e-13 0.000000e+00 0.000000e+00
-1.510631e-13 0.000000e+00 0.000000e+00
-1.119331e-13 0.000000e+00 0.000000e+00
-8.268323e-14 0.000000e+00 0.000000e+00
-1.020896e-13 0.000000e+00 0.000000e+00
-2.943607e-15 0.000000e+00 0.000000e+00
-2.553132e-13 0.000000e+00 0.000000e+00
-4.963970e-14 0.000000e+00 0.000000e+00
-1.125690e-13 0.000000e+00 0.000000e+00
-1.697668e-13 0.000000e+00 0.000000e+00
-8.748288e-15 0.000000e+00 0.000000e+00
6.913572e-16 0.000000e+00 0.000000e+00
2.011798e-13 0.000000e+00 0.000000e+00
3.032807e-13 0.000000e+00 0.000000e+00
-2.113558e-13 0.000000e+00 0.000000e+00
-2.459812e-13 0.000000e+00 0.000000e+00
1.912025e-13 0.000000e+00 0.000000e+00
1.608862e-13 0.000000e+00 0.000000e+00
2.328595e-14 0.000000e+00 0.000000e+00
1.429211e-13 0.000000e+00 0.000000e+00
-2.129732e-13 0.000000e+00 0.000000e+00
1.647947e-13 0.000000e+00 0.000000e+00
1.068911e-13 0.000000e+00 0.000000e+00
-1.178807e-14 0.000000e+00 0.000000e+00
-9.258586e-14 0.000000e+00 0.000000e+00
1.069803e-13 0.000000e+00 0.000000e+00
1.619808e-13 0.000000e+00 0.000000e+00
3.050743e-13 0.000000e+00 0.000000e+00
2.508445e-14 0.000000e+00 0.000000e+00
1.730748e-13 0.000000e+00 0.000000e+00
-2.888560e-13 0.000000e+00 0.000000e+00
1.088404e-13 0.000000e+00 0.000000e+00
9.746167e-14 0.000000e+00 0.000000e+00
7.093172e-14 0.000000e+00 0.000000e+00
1.671153e-13 0.000000e+00 0.000000e+00
1.776756e-13 0.000000e+00 0.000000e+00
-1.198954e-13 0.000000e+00 0.000000e+00
3.717272e-14 0.000000e+00 0.000000e+00
-1.468290e-13 0.000000e+00 0.000000e+00
-2.134956e-13 0.000000e+00 0.000000e+00
-5.471560e-14 0.000000e+00 0.000000e+00
-2.319721e-13 0.000000e+00 0.000000e+00
-1.734988e-13 0.000000e+00 0.000000e+00
3.362453e-14 0.000000e+00 0.000000e+00
-2.657746e-13 0.000000e+00 0.000000e+00
-9.882216e-14 0.000000e+00 0.000000e+00
-1.581528e-13 0.000000e+00 0.000000e+00
-5.921585e-14 0.000000e+00 0.000000e+00
-9.853870e-14 0.000000e+00 0.000000e+00
2.645506e-14 0.000000e+00 0.000000e+00
1.862031e-13 0.000000e+00 0.000000e+00
3.360644e-13 0.000000e+00 0.000000e+00
-4.710484e-15 0.000000e+00 0.000000e+00
2.810920e-13 0.000000e+00 0.000000e+00
1.625209e-13 0.000000e+00 0.000000e+00
2.197910e-14 0.000000e+00 0.000000e+00
2.551748e-14 0.000000e+00 0.000000e+00
-2.206245e-13 0.000000e+00 0.000000e+00
-7.434798e-14 0.000000e+00 0.000000e+00
1.521758e-13 0.000000e+00 0.000000e+00
2.252362e-14 0.000000e+00 0.000000e+00
1.168260e-15 0.000000e+00 0.000000e+00
8.546651e-14 0.000000e+00 0.000000e+00
-2.471219e-13 0.000000e+00 0.000000e+00
9.019373e-15 0.000000e+00 0.000000e+00
-1.725155e-13 0.000000e+00 0.000000e+00
2.389514e-14 0.000000e+00 0.000000e+00
5.237421e-14 0.000000e+00 0.000000e+00
3.702377e-13 0.000000e+00 0.000000e+00
1.958029e-14 0.000000e+00 0.000000e+00
2.637337e-14 0.000000e+00 0.000000e+00
-9.253704e-14 0.000000e+00 0.000000e+00
6.409789e-14 0.000000e+00 0.000000e+00
-1.096403e-13 0.000000e+00 0.000000e+00
3.084838e-13 0.000000e+00 0.000000e+00
1.725893e-13 0.000000e+00 0.000000e+00
9.717136e-14 0.000000e+00 0.000000e+00
-3.060152e-13 0.000000e+00 0.000000e+00
-5.839611e-14 0.000000e+00 0.000000e+00
2.048192e-14 0.000000e+00 0.000000e+00
1.391480e-13 0.000000e+00 0.000000e+00
-2.083626e-14 0.000000e+00 0.000000e+00
-3.508458e-14 0.000000e+00 0.000000e+00
-9.147425e-15 0.000000e+00 0.000000e+00
1.312265e-13 0.000000e+00 0.000000e+00
4.281803e-14 0.000000e+00 0.000000e+00
1.215242e-13 0.000000e+00 0.000000e+00
-2.020116e-13 0.000000e+00 0.000000e+00
-1.185923e-13 0.000000e+00 0.000000e+00
8.641329e-14 0.000000e+00 0.000000e+00
-1.460011e-14 0.000000e+00 0.000000e+00
-1.962845e-15 0.000000e+00 0.000000e+00
-8.675095e-14 0.000000e+00 0.000000e+00
-2.395923e-14 0.000000e+00 0.000000e+00
1.159280e-13 0.000000e+00 0.000000e+00
-3.453889e-14 0.000000e+00 0.000000e+00
-7.102509e-15 0.000000e+00 0.000000e+00
6.216175e-14 0.000000e+00 0.000000e+00
-5.430848e-15 0.000000e+00 0.000000e+00
2.075772e-13 0.000000e+00 0.000000e+00
-1.804296e-13 0.000000e+00 0.000000e+00
-1.369074e-13 0.000000e+00 0.000000e+00
2.882393e-13 0.000000e+00 0.000000e+00
-2.444762e-13 0.000000e+00 0.000000e+00
2.838898e-13 0.000000e+00 0.000000e+00
1.575902e-13 0.000000e+00 0.000000e+00
3.746364e-14 0.000000e+00 0.000000e+00
7.544798e-15 0.000000e+00 0.000000e+00
1.746722e-13 0.000000e+00 0.000000e+00
-1.818213e-13 0.000000e+00 0.000000e+00
-4.483683e-14 0.000000e+00 0.000000e+00
4.873134e-13 0.000000e+00 0.000000e+00
1.770352e-14 0.000000e+00 0.000000e+00
-1.712860e-13 0.000000e+00 0.000000e+00
1.136088e-13 0.000000e+00 0.000000e+00
-1.682585e-13 0.000000e+00 0.000000e+00
-2.156877e-13 0.000000e+00 0.000000e+00
-2.837013e-13 0.000000e+00 0.000000e+00
-2.356776e-13 0.000000e+00 0.000000e+00
2.691394e-13 0.000000e+00 0.000000e+00
2.050841e-13 0.000000e+00 0.000000e+00
1.013076e-13 0.000000e+00 0.000000e+00
-4.718525e-14 0.000000e+00 0.000000e+00
-1.747902e-13 0.000000e+00 0.000000e+00
1.497924e-15 0.000000e+00 0.000000e+00
8.440483e-14 0.000000e+00 0.000000e+00
9.217601e-14 0.000000e+00 0.000000e+00
-1.468464e-14 0.000000e+00 0.000000e+00
-2.298734e-14 0.000000e+00 0.000000e+00
-2.321415e-13 0.000000e+00 0.000000e+00
-3.321848e-14 0.000000e+00 0.000000e+00
1.507241e-14 0.000000e+00 0.000000e+00
5.445826e-15 0.000000e+00 0.000000e+00
2.636876e-13 0.000000e+00 0.000000e+00
-1.159593e-13 0.000000e+00 0.000000e+00
-1.723274e-13 0.000000e+00 0.000000e+00
3.095288e-13 0.000000e+00 0.000000e+00
1.240116e-13 0.000000e+00 0.000000e+00
-6.229671e-14 0.000000e+00 0.000000e+00
6.312505e-14 0.000000e+00 0.000000e+00
1.500247e-13 0.000000e+00 0.000000e+00
2.220201e-14 0.000000e+00 0.000000e+00
-2.160731e-13 0.000000e+00 0.000000e+00
-9.061396e-14 0.000000e+00 0.000000e+00
1.585413e-13 0.000000e+00 0.000000e+00
-4.439458e-14 0.000000e+00 0.000000e+00
-8.568972e-14 0.000000e+00 0.000000e+00
3.655700e-13 0.000000e+00 0.000000e+00
2.796684e-13 0.000000e+00 0.000000e+00
1.164231e-14 0.000000e+00 0.000000e+00
-6.242770e-14 0.000000e+00 0.000000e+00
1.174627e-13 0.000000e+00 0.000000e+00
-3.389405e-14 0.000000e+00 0.000000e+00
2.916715e-13 0.000000e+00 0.000000e+00
-1.635111e-13 0.000000e+00 0.000000e+00
2.014758e-13 0.000000e+00 0.000000e+00
-6.817084e-14 0.000000e+00 0.000000e+00
2.416144e-14 0.000000e+00 0.000000e+00
-1.498931e-13 0.000000e+00 0.000000e+00
-1.445710e-13 0.000000e+00 0.000000e+00
6.377752e-14 0.000000e+00 0.000000e+00
3.143173e-13 0.000000e+00 0.000000e+00
-9.114455e-14 0.000000e+00 0.000000e+00
-2.377711e-13 0.000000e+00 0.000000e+00
-1.142000e-13 0.000000e+00 0.000000e+00
4.896353e-14 0.000000e+00 0.000000e+00
-2.631410e-13 0.000000e+00 0.000000e+00
-3.153284e-13 0.000000e+00 0.000000e+00
4.465872e-14 0.000000e+00 0.000000e+00
-1.868836e-13 0.000000e+00 0.000000e+00
1.113845e-13 0.000000e+00 0.000000e+00
2.396770e-13 0.000000e+00 0.000000e+00
6.729553e-14 0.000000e+00 0.000000e+00
-2.746734e-14 0.000000e+00 0.000000e+00
-2.022771e-14 0.000000e+00 0.000000e+00
-1.205432e-13 0.000000e+00 0.000000e+00
-4.115829e-14 0.000000e+00 0.000000e+00
-5.192316e-14 0.000000e+00 0.000000e+00
-1.130428e-13 0.000000e+00 0.000000e+00
-2.589802e-13 0.000000e+00 0.000000e+00
4.678776e-13 0.000000e+00 0.000000e+00
7.343935e-14 0.000000e+00 0.000000e+00
-2.277576e-13 0.000000e+00 0.000000e+00
-2.369570e-13 0.000000e+00 0.000000e+00
3.999338e-14 0.000000e+00 0.000000e+00
-1.374260e-13 0.000000e+00 0.000000e+00
-1.322224e-13 0.000000e+00 0.000000e+00
-5.560160e-14 0.000000e+00 0.000000e+00
-4.504049e-14 0.000000e+00 0.000000e+00
-9.355195e-14 0.000000e+00 0.000000e+00
2.573717e-13 0.000000e+00 0.000000e+00
-3.136639e-13 0.000000e+00 0.000000e+00
-2.157592e-13 0.000000e+00 0.000000e+00
1.173029e-13 0.000000e+00 0.000000e+00
-2.785096e-14 0.000000e+00 0.000000e+00
1.846034e-13 0.000000e+00 0.000000e+00
-8.820063e-14 0.000000e+00 0.000000e+00
2.870671e-13 0.000000e+00 0.000000e+00
2.175676e-13 0.000000e+00 0.000000e+00
1.067817e-13 0.000000e+00 0.000000e+00
1.150534e-13 0.000000e+00 0.000000e+00
-9.028183e-14 0.000000e+00 0.000000e+00
2.584721e-15 0.000000e+00 0.000000e+00
8.271595e-14 0.000000e+00 0.000000e+00
-1.584511e-13 0.000000e+00 0.000000e+00
-8.442727e-14 0.000000e+00 0.000000e+00
6.863851e-14 0.000000e+00 0.000000e+00
8.046719e-15 0.000000e+00 0.000000e+00
-3.875129e-13 0.000000e+00 0.000000e+00
-1.210302e-13 0.000000e+00 0.000000e+00
-2.682408e-13 0.000000e+00 0.000000e+00
-2.762797e-13 0.000000e+00 0.000000e+00
1.828048e-13 0.000000e+00 0.000000e+00
2.957158e-14 0.000000e+00 0.000000e+00
9.084430e-14 0.000000e+00 0.000000e+00
3.532312e-13 0.000000e+00 0.000000e+00
-1.169561e-13 0.000000e+00 0.000000e+00
-1.226403e-13 0.000000e+00 0.000000e+00
-2.004014e-13 0.000000e+00 0.000000e+00
-2.808413e-14 0.000000e+00 0.000000e+00
-2.979581e-13 0.000000e+00 0.000000e+00
-1.640973e-13 0.000000e+00 0.000000e+00
3.833584e-13 0.000000e+00 0.000000e+00
-6.776245e-14 0.000000e+00 0.000000e+00
-1.578455e-13 0.000000e+00 0.000000e+00
-4.763650e-14 0.000000e+00 0.000000e+00
6.623797e-14 0.000000e+00 0.000000e+00
5.576657e-14 0.000000e+00 0.000000e+00
-2.360436e-13 0.000000e+00 0.000000e+00
7.069928e-14 0.000000e+00 0.000000e+00
-3.523858e-14 0.000000e+00 0.000000e+00
-5.683568e-14 0.000000e+00 0.000000e+00
1.203296e-13 0.000000e+00 0.000000e+00
3.054414e-13 0.000000e+00 0.000000e+00
-1.806761e-13 0.000000e+00 0.000000e+00
1.037230e-13 0.000000e+00 0.000000e+00
-3.813585e-14 0.000000e+00 0.000000e+00
-6.703578e-14 0.000000e+00 0.000000e+00
-5.523571e-14 0.000000e+00 0.000000e+00
4.885456e-13 0.000000e+00 0.000000e+00
-3.470212e-14 0.000000e+00 0.000000e+00
1.256960e-13 0.000000e+00 0.000000e+00
1.498065e-14 0.000000e+00 0.000000e+00
1.671807e-13 0.000000e+00 0.000000e+00
1.688367e-13 0.000000e+00 0.000000e+00
-1.246323e-13 0.000000e+00 0.000000e+00
-1.477357e-14 0.000000e+00 0.000000e+00
-1.072915e-14 0.000000e+00 0.000000e+00
-3.029360e-13 0.000000e+00 0.000000e+00
-1.232388e-13 0.000000e+00 0.000000e+00
1.456527e-13 0.000000e+00 0.000000e+00
-2.578875e-13 0.000000e+00 0.000000e+00
7.007799e-14 0.000000e+00 0.000000e+00
3.146562e-13 0.000000e+00 0.000000e+00
-5.567521e-15 0.000000e+00 0.000000e+00
-1.808714e-13 0.000000e+00 0.000000e+00
-2.395009e-13 0.000000e+00 0.000000e+00
-1.824870e-13 0.000000e+00 0.000000e+00
-1.468533e-14 0.000000e+00 0.000000e+00
3.030555e-14 0.000000e+00 0.000000e+00
-1.387447e-13 0.000000e+00 0.000000e+00
1.822591e-13 0.000000e+00 0.000000e+00
1.205829e-14 0.000000e+00 0.000000e+00
7.519707e-14 0.000000e+00 0.000000e+00
1.260482e-13 0.000000e+00 0.000000e+00
3.686489e-13 0.000000e+00 0.000000e+00
-1.161131e-13 0.000000e+00 0.000000e+00
-7.458400e-14 0.000000e+00 0.000000e+00
2.227186e-13 0.000000e+00 0.000000e+00
-2.606761e-14 0.000000e+00 0.000000e+00
-1.349689e-13 0.000000e+00 0.000000e+00
-5.281673e-14 0.000000e+00 0.000000e+00
3.069407e-13 0.000000e+00 0.000000e+00
-9.266619e-14 0.000000e+00 0.000000e+00
9.195945e-14 0.000000e+00 0.000000e+00
-1.890975e-14 0.000000e+00 0.000000e+00
2.010359e-13 0.000000e+00 0.000000e+00
6.426670e-14 0.000000e+00 0.000000e+00
1.910625e-13 0.000000e+00 0.000000e+00
-2.832859e-13 0.000000e+00 0.000000e+00
-3.369702e-13 0.000000e+00 0.000000e+00
-8.897978e-14 0.000000e+00 0.000000e+00
6.603035e-15 0.000000e+00 0.000000e+00
-3.491126e-13 0.000000e+00 0.000000e+00
7.903850e-15 0.000000e+00 0.000000e+00
-9.482715e-15 0.000000e+00 0.000000e+00
4.036973e-13 0.000000e+00 0.000000e+00
-3.563528e-14 0.000000e+00 0.000000e+00
-1.564205e-13 0.000000e+00 0.000000e+00
-1.395083e-13 0.000000e+00 0.000000e+00
2.335417e-13 0.000000e+00 0.000000e+00
1.081358e-13 0.000000e+00 0.000000e+00
-4.204261e-13 0.000000e+00 0.000000e+00
3.465382e-15 0.000000e+00 0.000000e+00
-3.954330e-13 0.000000e+00 0.000000e+00
-2.422367e-13 0.000000e+00 0.000000e+00
1.251080e-13 0.000000e+00 0.000000e+00
-2.345868e-13 0.000000e+00 0.000000e+00
-1.042934e-14 0.000000e+00 0.000000e+00
-8.240827e-14 0.000000e+00 0.000000e+00
7.617212e-14 0.000000e+00 0.000000e+00
-9.224731e-14 0.000000e+00 0.000000e+00
-7.063335e-14 0.000000e+00 0.000000e+00
1.234311e-13 0.000000e+00 0.000000e+00
2.472560e-13 0.000000e+00 0.000000e+00
1.476928e-13 0.000000e+00 0.000000e+00
-4.602270e-14 0.000000e+00 0.000000e+00
-3.628994e-13 0.000000e+00 0.000000e+00
-2.259900e-13 0.000000e+00 0.000000e+00
-4.081141e-13 0.000000e+00 0.000000e+00
1.206442e-13 0.000000e+00 0.000000e+00
-4.710974e-14 0.000000e+00 0.000000e+00
1.665818e-13 0.000000e+00 0.000000e+00
2.182291e-14 0.000000e+00 0.000000e+00
1.587667e-13 0.000000e+00 0.000000e+00
-8.667710e-14 0.000000e+00 0.000000e+00
6.446197e-14 0.000000e+00 0.000000e+00
-1.510646e-13 0.000000e+00 0.000000e+00
1.756891e-13 0.000000e+00 0.000000e+00
-1.236487e-13 0.000000e+00 0.000000e+00
-1.623854e-13 0.000000e+00 0.000000e+00
2.119553e-13 0.000000e+00 0.000000e+00
-2.282377e-13 0.000000e+00 0.000000e+00
2.467478e-14 0.000000e+00 0.000000e+00
4.813636e-13 0.000000e+00 0.000000e+00
1.648988e-13 0.000000e+00 0.000000e+00
-5.548034e-14 0.000000e+00 0.000000e+00
-2.823259e-13 0.000000e+00 0.000000e+00
-7.899330e-15 0.000000e+00 0.000000e+00
4.323950e-14 0.000000e+00 0.000000e+00
2.641736e-13 0.000000e+00 0.000000e+00
2.262602e-13 0.000000e+00 0.000000e+00
-1.293141e-13 0.000000e+00 0.000000e+00
2.179694e-13 0.000000e+00 0.000000e+00
-2.569831e-13 0.000000e+00 0.000000e+00
-1.980066e-13 0.000000e+00 0.000000e+00
2.626047e-13 0.000000e+00 0.000000e+00
-2.362158e-14 0.000000e+00 0.000000e+00
6.333454e-14 0.000000e+00 0.000000e+00
2.038635e-13 0.000000e+00 0.000000e+00
1.441306e-13 0.000000e+00 0.000000e+00
-5.273180e-14 0.000000e+00 0.000000e+00
9.918431e-14 0.000000e+00 0.000000e+00
-1.479351e-13 0.000000e+00 0.000000e+00
-5.721504e-14 0.000000e+00 0.000000e+00
-8.776850e-15 0.000000e+00 0.000000e+00
5.533900e-16 0.000000e+00 0.000000e+00
1.569491e-13 0.000000e+00 0.000000e+00
3.620080e-14 0.000000e+00 0.000000e+00
5.270399e-14 0.000000e+00 0.000000e+00
-1.133187e-13 0.000000e+00 0.000000e+00
3.703421e-13 0.000000e+00 0.000000e+00
1.624395e-13 0.000000e+00 0.000000e+00
7.250943e-14 0.000000e+00 0.000000e+00
-1.425587e-13 0.000000e+00 0.000000e+00
-3.708490e-14 0.000000e+00 0.000000e+00
9.378659e-14 0.000000e+00 0.000000e+00
9.196779e-14 0.000000e+00 0.000000e+00
-1.952922e-13 0.000000e+00 0.000000e+00
2.965157e-14 0.000000e+00 0.000000e+00
5.223164e-14 0.000000e+00 0.000000e+00
3.866538e-15 0.000000e+00 0.000000e+00
2.306049e-13 0.000000e+00 0.000000e+00
-7.016564e-14 0.000000e+00 0.000000e+00
1.862605e-13 0.000000e+00 0.000000e+00
7.858655e-14 0.000000e+00 0.000000e+00
4.675998e-14 0.000000e+00 0.000000e+00
-6.260908e-14 0.000000e+00 0.000000e+00
-1.930461e-13 0.000000e+00 0.000000e+00
1.890852e-13 0.000000e+00 0.000000e+00
-1.437157e-13 0.000000e+00 0.000000e+00
1.221672e-13 0.000000e+00 0.000000e+00
2.441205e-13 0.000000e+00 0.000000e+00
4.262271e-13 0.000000e+00 0.000000e+00
4.604698e-13 0.000000e+00 0.000000e+00
1.707879e-13 0.000000e+00 0.000000e+00
1.539027e-15 0.000000e+00 0.000000e+00
-2.538480e-14 0.000000e+00 0.000000e+00
-4.080310e-14 0.000000e+00 0.000000e+00
5.365027e-14 0.000000e+00 0.000000e+00
3.650202e-13 0.000000e+00 0.000000e+00
-1.642842e-13 0.000000e+00 0.000000e+00
5.510260e-13 0.000000e+00 0.000000e+00
-2.302284e-13 0.000000e+00 0.000000e+00
-1.024585e-13 0.000000e+00 0.000000e+00
-3.316178e-13 0.000000e+00 0.000000e+00
-9.102842e-14 0.000000e+00 0.000000e+00
2.412477e-13 0.000000e+00 0.000000e+00
3.240003e-13 0.000000e+00 0.000000e+00
3.759300e-14 0.000000e+00 0.000000e+00
6.927679e-15 0.000000e+00 0.000000e+00
1.230414e-13 0.000000e+00 0.000000e+00
-1.789959e-13 0.000000e+00 0.000000e+00
1.982451e-13 0.000000e+00 0.000000e+00
1.793985e-13 0.000000e+00 0.000000e+00
3.061048e-13 0.000000e+00 0.000000e+00
-6.129895e-14 0.000000e+00 0.000000e+00
-1.891267e-13 0.000000e+00 0.000000e+00
-9.352596e-14 0.000000e+00 0.000000e+00
1.248433e-13 0.000000e+00 0.000000e+00
-2.686276e-13 0.000000e+00 0.000000e+00
1.848219e-13 0.000000e+00 0.000000e+00
-6.670416e-14 0.000000e+00 0.000000e+00
-1.168210e-13 0.000000e+00 0.000000e+00
2.011552e-13 0.000000e+00 0.000000e+00
-1.566732e-13 0.000000e+00 0.000000e+00
1.024366e-13 0.000000e+00 0.000000e+00
2.218522e-13 0.000000e+00 0.000000e+00
5.358083e-13 0.000000e+00 0.000000e+00
-2.139508e-13 0.000000e+00 0.000000e+00
-1.215277e-13 0.000000e+00 0.000000e+00
-2.043304e-13 0.000000e+00 0.000000e+00
2.328811e-15 0.000000e+00 0.000000e+00
2.968592e-13 0.000000e+00 0.000000e+00
-1.182623e-14 0.000000e+00 0.000000e+00
-3.340733e-13 0.000000e+00 0.000000e+00
-1.583233e-13 0.000000e+00 0.000000e+00
-5.642203e-13 0.000000e+00 0.000000e+00
1.354401e-13 0.000000e+00 0.000000e+00
-9.141560e-14 0.000000e+00 0.000000e+00
-3.160187e-13 0.000000e+00 0.000000e+00
-9.645223e-14 0.000000e+00 0.000000e+00
-1.252850e-13 0.000000e+00 0.000000e+00
1.691733e-13 0.000000e+00 0.000000e+00
-7.831580e-14 0.000000e+00 0.000000e+00
-1.525922e-13 0.000000e+00 0.000000e+00
2.804944e-16 0.000000e+00 0.000000e+00
2.591460e-14 0.000000e+00 0.000000e+00
-5.010416e-14 0.000000e+00 0.000000e+00
1.521133e-13 0.000000e+00 0.000000e+00
2.152817e-13 0.000000e+00 0.000000e+00
2.242592e-13 0.000000e+00 0.000000e+00
1.787137e-13 0.000000e+00 0.000000e+00
2.371377e-13 0.000000e+00 0.000000e+00
-2.832899e-14 0.000000e+00 0.000000e+00
7.941242e-14 0.000000e+00 0.000000e+00
-1.987514e-13 0.000000e+00 0.000000e+00
1.448167e-13 0.000000e+00 0.000000e+00
-7.578794e-14 0.000000e+00 0.000000e+00
2.522001e-13 0.000000e+00 0.000000e+00
2.174358e-13 0.000000e+00 0.000000e+00
1.642923e-13 0.000000e+00 0.000000e+00
8.105570e-14 0.000000e+00 0.000000e+00
-1.126601e-13 0.000000e+00 0.000000e+00
5.199781e-14 0.000000e+00 0.000000e+00
-1.623185e-14 0.000000e+00 0.000000e+00
1.120736e-13 0.000000e+00 0.000000e+00
3.903252e-14 0.000000e+00 0.000000e+00
-2.856828e-13 0.000000e+00 0.000000e+00
8.034244e-14 0.000000e+00 0.000000e+00
1.595972e-13 0.000000e+00 0.000000e+00
-8.935257e-14 0.000000e+00 0.000000e+00
6.404854e-14 0.000000e+00 0.000000e+00
-2.979354e-13 0.000000e+00 0.000000e+00
1.440389e-13 0.000000e+00 0.000000e+00
1.002568e-13 0.000000e+00 0.000000e+00
1.692710e-14 0.000000e+00 0.000000e+00
1.217635e-14 0.000000e+00 0.000000e+00
-6.966496e-14 0.000000e+00 0.000000e+00
2.347502e-14 0.000000e+00 0.000000e+00
2.855009e-13 0.000000e+00 0.000000e+00
-2.327656e-13 0.000000e+00 0.000000e+00
-7.915806e-14 0.000000e+00 0.000000e+00
2.289203e-13 0.000000e+00 0.000000e+00
-1.942974e-13 0.000000e+00 0.000000e+00
-9.363003e-14 0.000000e+00 0.000000e+00
-1.658055e-14 0.000000e+00 0.000000e+00
6.023026e-14 0.000000e+00 0.000000e+00
1.089459e-13 0.000000e+00 0.000000e+00
2.249350e-13 0.000000e+00 0.000000e+00
-3.880600e-14 0.000000e+00 0.000000e+00
1.645331e-13 0.000000e+00 0.000000e+00
7.612015e-14 0.000000e+00 0.000000e+00
7.835092e-14 0.000000e+00 0.000000e+00
4.068765e-14 0.000000e+00 0.000000e+00
1.182055e-13 0.000000e+00 0.000000e+00
-1.976717e-13 0.000000e+00 0.000000e+00
-1.953361e-13 0.000000e+00 0.000000e+00
1.538340e-14 0.000000e+00 0.000000e+00
-1.413881e-13 0.000000e+00 0.000000e+00
1.584053e-14 0.000000e+00 0.000000e+00
1.182269e-13 0.000000e+00 0.000000e+00
-7.528123e-14 0.000000e+00 0.000000e+00
-1.095793e-13 0.000000e+00 0.000000e+00
4.060794e-14 0.000000e+00 0.000000e+00
-1.511829e-13 0.000000e+00 0.000000e+00
-9.252577e-14 0.000000e+00 0.000000e+00
-1.743768e-13 0.000000e+00 0.000000e+00
-1.338577e-13 0.000000e+00 0.000000e+00
3.287506e-14 0.000000e+00 0.000000e+00
-1.274298e-13 0.000000e+00 0.000000e+00
1.824378e-13 0.000000e+00 0.000000e+00
-1.200518e-13 0.000000e+00 0.000000e+00
-1.169000e-13 0.000000e+00 0.000000e+00
2.224125e-13 0.000000e+00 0.000000e+00
-1.525519e-13 0.000000e+00 0.000000e+00
-1.659942e-13 0.000000e+00 0.000000e+00
-3.646266e-13 0.000000e+00 0.000000e+00
2.387283e-14 0.000000e+00 0.000000e+00
1.098928e-13 0.000000e+00 0.000000e+00
-2.066458e-13 0.000000e+00 0.000000e+00
-5.902973e-14 0.000000e+00 0.000000e+00
2.519255e-13 0.000000e+00 0.000000e+00
4.291807e-14 0.000000e+00 0.000000e+00
3.121017e-13 0.000000e+00 0.000000e+00
-5.786147e-14 0.000000e+00 0.000000e+00
-5.071517e-13 0.000000e+00 0.000000e+00
-2.029411e-13 0.000000e+00 0.000000e+00
9.921183e-14 0.000000e+00 0.000000e+00
7.118257e-14 0.000000e+00 0.000000e+00
2.618241e-14 0.000000e+00 0.000000e+00
1.511621e-13 0.000000e+00 0.000000e+00
-2.372774e-13 0.000000e+00 0.000000e+00
-1.371258e-14 0.000000e+00 0.000000e+00
2.407092e-13 0.000000e+00 0.000000e+00
-1.196363e-14 0.000000e+00 0.000000e+00
-2.950706e-13 0.000000e+00 0.000000e+00
-1.703545e-13 0.000000e+00 0.000000e+00
-1.685676e-14 0.000000e+00 0.000000e+00
-9.066709e-14 0.000000e+00 0.000000e+00
-2.341790e-13 0.000000e+00 0.000000e+00
-2.130204e-15 0.000000e+00 0.000000e+00
-1.862871e-13 0.000000e+00 0.000000e+00
1.116922e-14 0.000000e+00 0.000000e+00
1.947743e-13 0.000000e+00 0.000000e+00
9.043034e-14 0.000000e+00 0.000000e+00
-3.823864e-14 0.000000e+00 0.000000e+00
-5.225668e-14 0.000000e+00 0.000000e+00
8.410909e-14 0.000000e+00 0.000000e+00
7.780890e-14 0.000000e+00 0.000000e+00
1.667298e-13 0.000000e+00 0.000000e+00
2.234844e-13 0.000000e+00 0.000000e+00
-1.110714e-13 0.000000e+00 0.000000e+00
-1.417733e-15 0.000000e+00 0.000000e+00
-2.104898e-13 0.000000e+00 0.000000e+00
-6.608461e-14 0.000000e+00 0.000000e+00
3.135447e-14 0.000000e+00 0.000000e+00
9.854411e-14 0.000000e+00 0.000000e+00
3.198259e-14 0.000000e+00 0.000000e+00
-1.435568e-13 0.000000e+00 0.000000e+00
2.077175e-14 0.000000e+00 0.000000e+00
-2.837924e-13 0.000000e+00 0.000000e+00
-1.584294e-14 0.000000e+00 0.000000e+00
-1.041432e-13 0.000000e+00 0.000000e+00
2.575380e-13 0.000000e+00 0.000000e+00
1.470316e-13 0.000000e+00 0.000000e+00
