pX pY pZ 
1.637576e-13 0.000000e+00 0.000000e+00
1.154569e-13 0.000000e+00 0.000000e+00
1.662245e-13 0.000000e+00 0.000000e+00
-1.418237e-13 0.000000e+00 0.000000e+00
3.070652e-14 0.000000e+00 0.000000e+00
-7.757283e-14 0.000000e+00 0.000000e+00
-3.524818e-13 0.000000e+00 0.000000e+00
-5.940545e-14 0.000000e+00 0.000000e+00
-1.485111e-13 0.000000e+00 0.000000e+00
2.371536e-13 0.000000e+00 0.000000e+00
6.766346e-14 0.000000e+00 0.000000e+00
-8.654175e-14 0.000000e+00 0.000000e+00
1.698027e-13 0.000000e+00 0.000000e+00
5.930180e-14 0.000000e+00 0.000000e+00
-1.157717e-13 0.000000e+00 0.000000e+00
7.476941e-14 0.000000e+00 0.000000e+00
1.402495e-13 0.000000e+00 0.000000e+00
-1.859335e-13 0.000000e+00 0.000000e+00
9.553279e-14 0.000000e+00 0.000000e+00
4.592704e-13 0.000000e+00 0.000000e+00
1.101974e-13 0.000000e+00 0.000000e+00
2.261632e-14 0.000000e+00 0.000000e+00
8.825888e-14 0.000000e+00 0.000000e+00
-1.155276e-14 0.000000e+00 0.000000e+00
1.467405e-13 0.000000e+00 0.000000e+00
1.252660e-13 0.000000e+00 0.000000e+00
7.973999e-14 0.000000e+00 0.000000e+00
4.365878e-14 0.000000e+00 0.000000e+00
-2.907540e-14 0.000000e+00 0.000000e+00
-2.545941e-13 0.000000e+00 0.000000e+00
-2.416655e-14 0.000000e+00 0.000000e+00
5.133445e-14 0.000000e+00 0.000000e+00
7.646529e-13 0.000000e+00 0.000000e+00
1.675653e-12 0.000000e+00 0.000000e+00
-3.143819e-13 0.000000e+00 0.000000e+00
-1.619866e-13 0.000000e+00 0.000000e+00
9.809261e-13 0.000000e+00 0.000000e+00
2.725068e-13 0.000000e+00 0.000000e+00
-1.697770e-13 0.000000e+00 0.000000e+00
1.526694e-14 0.000000e+00 0.000000e+00
2.317895e-13 0.000000e+00 0.000000e+00
1.274867e-13 0.000000e+00 0.000000e+00
-3.625578e-14 0.000000e+00 0.000000e+00
1.511201e-13 0.000000e+00 0.000000e+00
-5.899711e-14 0.000000e+00 0.000000e+00
2.564085e-14 0.000000e+00 0.000000e+00
-2.173784e-13 0.000000e+00 0.000000e+00
-4.805936e-13 0.000000e+00 0.000000e+00
-3.177248e-14 0.000000e+00 0.000000e+00
-4.517231e-14 0.000000e+00 0.000000e+00
2.523275e-13 0.000000e+00 0.000000e+00
7.259919e-13 0.000000e+00 0.000000e+00
2.407827e-13 0.000000e+00 0.000000e+00
-2.508545e-13 0.000000e+00 0.000000e+00
-5.834969e-13 0.000000e+00 0.000000e+00
-4.790431e-13 0.000000e+00 0.000000e+00
-7.358832e-13 0.000000e+00 0.000000e+00
1.207734e-13 0.000000e+00 0.000000e+00
8.700509e-13 0.000000e+00 0.000000e+00
-2.395166e-13 0.000000e+00 0.000000e+00
8.739105e-14 0.000000e+00 0.000000e+00
6.568384e-14 0.000000e+00 0.000000e+00
-6.153911e-14 0.000000e+00 0.000000e+00
-1.484731e-13 0.000000e+00 0.000000e+00
-8.203063e-13 0.000000e+00 0.000000e+00
-1.864452e-13 0.000000e+00 0.000000e+00
-1.001897e-13 0.000000e+00 0.000000e+00
2.374591e-13 0.000000e+00 0.000000e+00
3.421235e-14 0.000000e+00 0.000000e+00
3.360198e-13 0.000000e+00 0.000000e+00
-1.840934e-12 0.000000e+00 0.000000e+00
2.684025e-13 0.000000e+00 0.000000e+00
1.435326e-13 0.000000e+00 0.000000e+00
-1.045000e-13 0.000000e+00 0.000000e+00
-2.230854e-15 0.000000e+00 0.000000e+00
1.344596e-12 0.000000e+00 0.000000e+00
-8.025263e-13 0.000000e+00 0.000000e+00
-3.519772e-13 0.000000e+00 0.000000e+00
-6.574597e-13 0.000000e+00 0.000000e+00
4.679198e-14 0.000000e+00 0.000000e+00
-2.008558e-13 0.000000e+00 0.000000e+00
1.783595e-13 0.000000e+00 0.000000e+00
2.371772e-13 0.000000e+00 0.000000e+00
1.278836e-12 0.000000e+00 0.000000e+00
1.582413e-13 0.000000e+00 0.000000e+00
1.735639e-12 0.000000e+00 0.000000e+00
-8.995212e-13 0.000000e+00 0.000000e+00
-1.673894e-13 0.000000e+00 0.000000e+00
4.506566e-13 0.000000e+00 0.000000e+00
-2.619750e-12 0.000000e+00 0.000000e+00
-2.277189e-13 0.000000e+00 0.000000e+00
9.833490e-13 0.000000e+00 0.000000e+00
-1.131406e-12 0.000000e+00 0.000000e+00
8.054660e-13 0.000000e+00 0.000000e+00
-3.357538e-13 0.000000e+00 0.000000e+00
-7.284706e-13 0.000000e+00 0.000000e+00
-2.513904e-13 0.000000e+00 0.000000e+00
-8.136096e-14 0.000000e+00 0.000000e+00
-2.347842e-13 0.000000e+00 0.000000e+00
-5.473223e-14 0.000000e+00 0.000000e+00
-1.255529e-13 0.000000e+00 0.000000e+00
1.848724e-13 0.000000e+00 0.000000e+00
1.071575e-13 0.000000e+00 0.000000e+00
1.558087e-15 0.000000e+00 0.000000e+00
-1.027327e-13 0.000000e+00 0.000000e+00
2.703323e-12 0.000000e+00 0.000000e+00
1.926177e-12 0.000000e+00 0.000000e+00
1.320279e-12 0.000000e+00 0.000000e+00
1.065681e-13 0.000000e+00 0.000000e+00
1.158638e-13 0.000000e+00 0.000000e+00
-2.386315e-13 0.000000e+00 0.000000e+00
-2.175300e-13 0.000000e+00 0.000000e+00
-4.365555e-14 0.000000e+00 0.000000e+00
-1.057336e-13 0.000000e+00 0.000000e+00
-7.543191e-14 0.000000e+00 0.000000e+00
-5.328288e-14 0.000000e+00 0.000000e+00
3.066269e-12 0.000000e+00 0.000000e+00
-1.714884e-13 0.000000e+00 0.000000e+00
-1.181122e-13 0.000000e+00 0.000000e+00
-1.221008e-13 0.000000e+00 0.000000e+00
-2.429098e-12 0.000000e+00 0.000000e+00
-1.163965e-13 0.000000e+00 0.000000e+00
-4.437985e-13 0.000000e+00 0.000000e+00
1.877106e-12 0.000000e+00 0.000000e+00
-1.423528e-13 0.000000e+00 0.000000e+00
1.131343e-13 0.000000e+00 0.000000e+00
-3.670560e-12 0.000000e+00 0.000000e+00
-3.921840e-13 0.000000e+00 0.000000e+00
-6.414625e-14 0.000000e+00 0.000000e+00
-8.600688e-14 0.000000e+00 0.000000e+00
5.981727e-14 0.000000e+00 0.000000e+00
1.846638e-13 0.000000e+00 0.000000e+00
-2.755035e-13 0.000000e+00 0.000000e+00
-7.972454e-14 0.000000e+00 0.000000e+00
-1.137485e-12 0.000000e+00 0.000000e+00
-1.583276e-12 0.000000e+00 0.000000e+00
-4.257591e-13 0.000000e+00 0.000000e+00
4.036031e-13 0.000000e+00 0.000000e+00
-1.732354e-12 0.000000e+00 0.000000e+00
-3.130232e-13 0.000000e+00 0.000000e+00
-2.072409e-12 0.000000e+00 0.000000e+00
-3.957499e-13 0.000000e+00 0.000000e+00
1.811195e-13 0.000000e+00 0.000000e+00
3.253812e-14 0.000000e+00 0.000000e+00
-4.030700e-15 0.000000e+00 0.000000e+00
1.589561e-13 0.000000e+00 0.000000e+00
1.501295e-13 0.000000e+00 0.000000e+00
-1.959992e-12 0.000000e+00 0.000000e+00
7.876434e-13 0.000000e+00 0.000000e+00
3.000081e-12 0.000000e+00 0.000000e+00
4.265313e-13 0.000000e+00 0.000000e+00
2.843753e-13 0.000000e+00 0.000000e+00
9.367996e-13 0.000000e+00 0.000000e+00
-1.271631e-14 0.000000e+00 0.000000e+00
-2.003948e-13 0.000000e+00 0.000000e+00
2.525398e-13 0.000000e+00 0.000000e+00
-4.656029e-13 0.000000e+00 0.000000e+00
1.313858e-14 0.000000e+00 0.000000e+00
1.424123e-12 0.000000e+00 0.000000e+00
3.905722e-12 0.000000e+00 0.000000e+00
-1.124279e-12 0.000000e+00 0.000000e+00
7.804901e-13 0.000000e+00 0.000000e+00
2.180800e-13 0.000000e+00 0.000000e+00
1.433176e-13 0.000000e+00 0.000000e+00
-1.406221e-13 0.000000e+00 0.000000e+00
-1.691520e-13 0.000000e+00 0.000000e+00
-3.804245e-13 0.000000e+00 0.000000e+00
-2.598522e-13 0.000000e+00 0.000000e+00
-7.015788e-14 0.000000e+00 0.000000e+00
2.854649e-13 0.000000e+00 0.000000e+00
-3.170283e-13 0.000000e+00 0.000000e+00
7.740914e-14 0.000000e+00 0.000000e+00
3.486765e-12 0.000000e+00 0.000000e+00
-1.295022e-12 0.000000e+00 0.000000e+00
2.603982e-13 0.000000e+00 0.000000e+00
-1.299408e-12 0.000000e+00 0.000000e+00
-1.488952e-12 0.000000e+00 0.000000e+00
-1.267973e-13 0.000000e+00 0.000000e+00
8.970082e-13 0.000000e+00 0.000000e+00
1.565246e-13 0.000000e+00 0.000000e+00
1.745270e-12 0.000000e+00 0.000000e+00
5.133279e-14 0.000000e+00 0.000000e+00
1.317411e-12 0.000000e+00 0.000000e+00
4.053346e-12 0.000000e+00 0.000000e+00
1.473884e-12 0.000000e+00 0.000000e+00
-1.015762e-14 0.000000e+00 0.000000e+00
-3.556485e-14 0.000000e+00 0.000000e+00
1.630708e-13 0.000000e+00 0.000000e+00
-8.170814e-13 0.000000e+00 0.000000e+00
-9.337278e-13 0.000000e+00 0.000000e+00
2.541167e-13 0.000000e+00 0.000000e+00
4.814962e-13 0.000000e+00 0.000000e+00
-1.519557e-13 0.000000e+00 0.000000e+00
1.128974e-13 0.000000e+00 0.000000e+00
-2.756494e-13 0.000000e+00 0.000000e+00
1.920557e-13 0.000000e+00 0.000000e+00
3.320641e-13 0.000000e+00 0.000000e+00
2.119270e-12 0.000000e+00 0.000000e+00
4.232553e-13 0.000000e+00 0.000000e+00
-5.989411e-13 0.000000e+00 0.000000e+00
1.910510e-12 0.000000e+00 0.000000e+00
-2.555081e-12 0.000000e+00 0.000000e+00
2.499223e-14 0.000000e+00 0.000000e+00
1.225802e-12 0.000000e+00 0.000000e+00
-5.345258e-13 0.000000e+00 0.000000e+00
-3.550815e-13 0.000000e+00 0.000000e+00
-2.505909e-12 0.000000e+00 0.000000e+00
2.455990e-13 0.000000e+00 0.000000e+00
1.052986e-12 0.000000e+00 0.000000e+00
-3.006125e-12 0.000000e+00 0.000000e+00
9.948877e-14 0.000000e+00 0.000000e+00
3.343150e-13 0.000000e+00 0.000000e+00
-1.530849e-13 0.000000e+00 0.000000e+00
-1.670437e-12 0.000000e+00 0.000000e+00
6.651025e-13 0.000000e+00 0.000000e+00
-2.061314e-12 0.000000e+00 0.000000e+00
1.284086e-13 0.000000e+00 0.000000e+00
4.962302e-13 0.000000e+00 0.000000e+00
1.584509e-13 0.000000e+00 0.000000e+00
-2.031964e-12 0.000000e+00 0.000000e+00
1.187993e-12 0.000000e+00 0.000000e+00
-1.678163e-12 0.000000e+00 0.000000e+00
2.315791e-12 0.000000e+00 0.000000e+00
1.813059e-12 0.000000e+00 0.000000e+00
-5.120332e-13 0.000000e+00 0.000000e+00
-4.796478e-13 0.000000e+00 0.000000e+00
-6.003181e-15 0.000000e+00 0.000000e+00
7.887376e-13 0.000000e+00 0.000000e+00
-5.941970e-13 0.000000e+00 0.000000e+00
-2.425140e-13 0.000000e+00 0.000000e+00
-1.595491e-12 0.000000e+00 0.000000e+00
2.521261e-12 0.000000e+00 0.000000e+00
-4.853148e-13 0.000000e+00 0.000000e+00
1.419760e-13 0.000000e+00 0.000000e+00
-4.962198e-13 0.000000e+00 0.000000e+00
3.341398e-12 0.000000e+00 0.000000e+00
1.467060e-12 0.000000e+00 0.000000e+00
-1.889441e-12 0.000000e+00 0.000000e+00
2.088065e-12 0.000000e+00 0.000000e+00
-3.249619e-13 0.000000e+00 0.000000e+00
-5.635003e-13 0.000000e+00 0.000000e+00
2.191151e-12 0.000000e+00 0.000000e+00
2.187230e-12 0.000000e+00 0.000000e+00
3.701606e-12 0.000000e+00 0.000000e+00
-1.325932e-13 0.000000e+00 0.000000e+00
-1.763816e-12 0.000000e+00 0.000000e+00
1.966292e-13 0.000000e+00 0.000000e+00
1.026935e-12 0.000000e+00 0.000000e+00
6.351151e-13 0.000000e+00 0.000000e+00
1.483250e-13 0.000000e+00 0.000000e+00
-2.792245e-13 0.000000e+00 0.000000e+00
-1.327846e-13 0.000000e+00 0.000000e+00
-1.275431e-13 0.000000e+00 0.000000e+00
-2.291196e-13 0.000000e+00 0.000000e+00
5.802551e-13 0.000000e+00 0.000000e+00
4.933178e-13 0.000000e+00 0.000000e+00
3.703176e-13 0.000000e+00 0.000000e+00
4.896465e-13 0.000000e+00 0.000000e+00
-4.254181e-12 0.000000e+00 0.000000e+00
1.503576e-14 0.000000e+00 0.000000e+00
-3.707349e-13 0.000000e+00 0.000000e+00
1.853346e-12 0.000000e+00 0.000000e+00
2.843928e-13 0.000000e+00 0.000000e+00
-4.838292e-12 0.000000e+00 0.000000e+00
-2.095377e-13 0.000000e+00 0.000000e+00
6.636102e-13 0.000000e+00 0.000000e+00
2.341322e-12 0.000000e+00 0.000000e+00
1.511836e-13 0.000000e+00 0.000000e+00
-1.186460e-13 0.000000e+00 0.000000e+00
-2.192732e-12 0.000000e+00 0.000000e+00
-6.183382e-13 0.000000e+00 0.000000e+00
-3.387705e-12 0.000000e+00 0.000000e+00
3.388181e-12 0.000000e+00 0.000000e+00
-4.583147e-14 0.000000e+00 0.000000e+00
2.390015e-12 0.000000e+00 0.000000e+00
-3.333445e-12 0.000000e+00 0.000000e+00
-8.233120e-14 0.000000e+00 0.000000e+00
-1.521859e-12 0.000000e+00 0.000000e+00
-2.849680e-12 0.000000e+00 0.000000e+00
1.897423e-12 0.000000e+00 0.000000e+00
-2.289756e-13 0.000000e+00 0.000000e+00
-1.291632e-12 0.000000e+00 0.000000e+00
4.051606e-12 0.000000e+00 0.000000e+00
2.217942e-12 0.000000e+00 0.000000e+00
1.463957e-12 0.000000e+00 0.000000e+00
1.513398e-12 0.000000e+00 0.000000e+00
-8.992078e-13 0.000000e+00 0.000000e+00
-1.775075e-12 0.000000e+00 0.000000e+00
2.099871e-13 0.000000e+00 0.000000e+00
-1.011019e-12 0.000000e+00 0.000000e+00
-2.561394e-12 0.000000e+00 0.000000e+00
3.175299e-13 0.000000e+00 0.000000e+00
-2.215103e-13 0.000000e+00 0.000000e+00
4.866940e-12 0.000000e+00 0.000000e+00
1.423820e-12 0.000000e+00 0.000000e+00
1.114256e-13 0.000000e+00 0.000000e+00
2.618994e-13 0.000000e+00 0.000000e+00
3.916986e-12 0.000000e+00 0.000000e+00
-1.741510e-12 0.000000e+00 0.000000e+00
-1.883856e-12 0.000000e+00 0.000000e+00
3.300976e-12 0.000000e+00 0.000000e+00
2.856213e-12 0.000000e+00 0.000000e+00
-1.628119e-12 0.000000e+00 0.000000e+00
4.108322e-12 0.000000e+00 0.000000e+00
-2.286636e-12 0.000000e+00 0.000000e+00
9.657684e-13 0.000000e+00 0.000000e+00
1.494918e-13 0.000000e+00 0.000000e+00
7.417896e-14 0.000000e+00 0.000000e+00
2.263187e-13 0.000000e+00 0.000000e+00
-3.294022e-12 0.000000e+00 0.000000e+00
-1.831944e-13 0.000000e+00 0.000000e+00
2.712335e-15 0.000000e+00 0.000000e+00
-1.328175e-12 0.000000e+00 0.000000e+00
-2.857424e-12 0.000000e+00 0.000000e+00
3.804696e-12 0.000000e+00 0.000000e+00
-2.876894e-12 0.000000e+00 0.000000e+00
-8.754878e-13 0.000000e+00 0.000000e+00
3.722400e-13 0.000000e+00 0.000000e+00
-5.691743e-14 0.000000e+00 0.000000e+00
-9.215528e-14 0.000000e+00 0.000000e+00
-4.211725e-13 0.000000e+00 0.000000e+00
2.614099e-15 0.000000e+00 0.000000e+00
-2.414692e-13 0.000000e+00 0.000000e+00
1.375403e-13 0.000000e+00 0.000000e+00
5.637375e-14 0.000000e+00 0.000000e+00
2.329825e-13 0.000000e+00 0.000000e+00
-4.819273e-12 0.000000e+00 0.000000e+00
-3.689720e-12 0.000000e+00 0.000000e+00
-8.377172e-15 0.000000e+00 0.000000e+00
-1.047550e-12 0.000000e+00 0.000000e+00
-2.877382e-12 0.000000e+00 0.000000e+00
-4.944563e-13 0.000000e+00 0.000000e+00
-1.354675e-13 0.000000e+00 0.000000e+00
-1.177382e-13 0.000000e+00 0.000000e+00
-6.418528e-14 0.000000e+00 0.000000e+00
1.337808e-14 0.000000e+00 0.000000e+00
1.180158e-13 0.000000e+00 0.000000e+00
9.227835e-14 0.000000e+00 0.000000e+00
1.587785e-12 0.000000e+00 0.000000e+00
-1.301142e-12 0.000000e+00 0.000000e+00
-2.177586e-13 0.000000e+00 0.000000e+00
-1.985272e-13 0.000000e+00 0.000000e+00
1.284251e-14 0.000000e+00 0.000000e+00
6.363077e-14 0.000000e+00 0.000000e+00
-1.087092e-13 0.000000e+00 0.000000e+00
-4.362304e-14 0.000000e+00 0.000000e+00
3.994164e-12 0.000000e+00 0.000000e+00
1.285720e-12 0.000000e+00 0.000000e+00
5.985351e-12 0.000000e+00 0.000000e+00
-1.083722e-12 0.000000e+00 0.000000e+00
8.016451e-13 0.000000e+00 0.000000e+00
3.965570e-12 0.000000e+00 0.000000e+00
4.985607e-13 0.000000e+00 0.000000e+00
-5.046372e-12 0.000000e+00 0.000000e+00
2.129552e-12 0.000000e+00 0.000000e+00
2.474067e-12 0.000000e+00 0.000000e+00
9.330046e-13 0.000000e+00 0.000000e+00
4.274177e-12 0.000000e+00 0.000000e+00
-5.549549e-13 0.000000e+00 0.000000e+00
2.084731e-13 0.000000e+00 0.000000e+00
4.261818e-12 0.000000e+00 0.000000e+00
-2.351256e-12 0.000000e+00 0.000000e+00
-1.097961e-12 0.000000e+00 0.000000e+00
2.361588e-14 0.000000e+00 0.000000e+00
-4.185941e-12 0.000000e+00 0.000000e+00
-3.077706e-12 0.000000e+00 0.000000e+00
-4.330563e-12 0.000000e+00 0.000000e+00
3.478249e-14 0.000000e+00 0.000000e+00
-2.116915e-13 0.000000e+00 0.000000e+00
2.588860e-13 0.000000e+00 0.000000e+00
3.652973e-14 0.000000e+00 0.000000e+00
-1.441168e-13 0.000000e+00 0.000000e+00
1.401688e-12 0.000000e+00 0.000000e+00
1.143143e-12 0.000000e+00 0.000000e+00
-2.339820e-12 0.000000e+00 0.000000e+00
-2.291735e-13 0.000000e+00 0.000000e+00
3.584231e-13 0.000000e+00 0.000000e+00
-1.485120e-13 0.000000e+00 0.000000e+00
1.508086e-14 0.000000e+00 0.000000e+00
-4.890101e-14 0.000000e+00 0.000000e+00
-1.453385e-13 0.000000e+00 0.000000e+00
-3.101434e-14 0.000000e+00 0.000000e+00
-2.165097e-13 0.000000e+00 0.000000e+00
1.484820e-13 0.000000e+00 0.000000e+00
-5.313779e-14 0.000000e+00 0.000000e+00
-1.470314e-13 0.000000e+00 0.000000e+00
-7.939114e-14 0.000000e+00 0.000000e+00
1.145175e-13 0.000000e+00 0.000000e+00
1.022904e-13 0.000000e+00 0.000000e+00
1.993267e-13 0.000000e+00 0.000000e+00
-6.673391e-15 0.000000e+00 0.000000e+00
7.935625e-15 0.000000e+00 0.000000e+00
1.187047e-13 0.000000e+00 0.000000e+00
1.130632e-13 0.000000e+00 0.000000e+00
-1.451124e-13 0.000000e+00 0.000000e+00
2.767627e-15 0.000000e+00 0.000000e+00
-1.325417e-13 0.000000e+00 0.000000e+00
-2.016782e-13 0.000000e+00 0.000000e+00
1.921992e-13 0.000000e+00 0.000000e+00
-2.521028e-13 0.000000e+00 0.000000e+00
1.136104e-13 0.000000e+00 0.000000e+00
4.456433e-13 0.000000e+00 0.000000e+00
2.290679e-12 0.000000e+00 0.000000e+00
1.223315e-13 0.000000e+00 0.000000e+00
1.108074e-13 0.000000e+00 0.000000e+00
9.940637e-14 0.000000e+00 0.000000e+00
6.970995e-14 0.000000e+00 0.000000e+00
-2.954829e-13 0.000000e+00 0.000000e+00
-7.306092e-14 0.000000e+00 0.000000e+00
-1.018873e-13 0.000000e+00 0.000000e+00
1.546551e-13 0.000000e+00 0.000000e+00
2.945615e-14 0.000000e+00 0.000000e+00
-1.412024e-13 0.000000e+00 0.000000e+00
-1.593917e-13 0.000000e+00 0.000000e+00
-6.144380e-14 0.000000e+00 0.000000e+00
-1.398944e-12 0.000000e+00 0.000000e+00
-1.647637e-12 0.000000e+00 0.000000e+00
-3.981383e-13 0.000000e+00 0.000000e+00
-2.179662e-13 0.000000e+00 0.000000e+00
2.709248e-14 0.000000e+00 0.000000e+00
9.947882e-14 0.000000e+00 0.000000e+00
-2.747209e-13 0.000000e+00 0.000000e+00
1.665729e-13 0.000000e+00 0.000000e+00
-3.242193e-14 0.000000e+00 0.000000e+00
5.616454e-15 0.000000e+00 0.000000e+00
-4.301032e-14 0.000000e+00 0.000000e+00
4.199505e-14 0.000000e+00 0.000000e+00
-2.418157e-13 0.000000e+00 0.000000e+00
-4.232149e-14 0.000000e+00 0.000000e+00
2.615339e-13 0.000000e+00 0.000000e+00
2.542865e-14 0.000000e+00 0.000000e+00
1.282023e-13 0.000000e+00 0.000000e+00
-3.718278e-13 0.000000e+00 0.000000e+00
-1.882935e-13 0.000000e+00 0.000000e+00
6.141478e-14 0.000000e+00 0.000000e+00
-1.468640e-13 0.000000e+00 0.000000e+00
7.887931e-14 0.000000e+00 0.000000e+00
2.068436e-13 0.000000e+00 0.000000e+00
-1.063873e-13 0.000000e+00 0.000000e+00
3.119323e-14 0.000000e+00 0.000000e+00
2.348816e-13 0.000000e+00 0.000000e+00
1.306210e-13 0.000000e+00 0.000000e+00
-3.561386e-14 0.000000e+00 0.000000e+00
-2.288381e-13 0.000000e+00 0.000000e+00
-4.415952e-13 0.000000e+00 0.000000e+00
2.623938e-13 0.000000e+00 0.000000e+00
3.337765e-13 0.000000e+00 0.000000e+00
-2.916009e-12 0.000000e+00 0.000000e+00
1.383118e-13 0.000000e+00 0.000000e+00
7.204225e-14 0.000000e+00 0.000000e+00
-2.256672e-12 0.000000e+00 0.000000e+00
8.814696e-13 0.000000e+00 0.000000e+00
-4.066943e-14 0.000000e+00 0.000000e+00
8.054205e-14 0.000000e+00 0.000000e+00
5.619889e-13 0.000000e+00 0.000000e+00
-2.119295e-12 0.000000e+00 0.000000e+00
-1.261090e-13 0.000000e+00 0.000000e+00
-1.431174e-13 0.000000e+00 0.000000e+00
-7.179565e-13 0.000000e+00 0.000000e+00
-5.366390e-13 0.000000e+00 0.000000e+00
1.013530e-12 0.000000e+00 0.000000e+00
2.519067e-13 0.000000e+00 0.000000e+00
-3.538045e-14 0.000000e+00 0.000000e+00
-3.912394e-13 0.000000e+00 0.000000e+00
-7.309785e-14 0.000000e+00 0.000000e+00
1.057972e-13 0.000000e+00 0.000000e+00
-2.010430e-12 0.000000e+00 0.000000e+00
-7.055240e-13 0.000000e+00 0.000000e+00
-1.209309e-13 0.000000e+00 0.000000e+00
-5.186179e-14 0.000000e+00 0.000000e+00
-3.592690e-12 0.000000e+00 0.000000e+00
-5.736396e-13 0.000000e+00 0.000000e+00
-8.791026e-13 0.000000e+00 0.000000e+00
2.831463e-13 0.000000e+00 0.000000e+00
-3.249923e-13 0.000000e+00 0.000000e+00
-3.885150e-13 0.000000e+00 0.000000e+00
-1.019970e-12 0.000000e+00 0.000000e+00
-4.433661e-13 0.000000e+00 0.000000e+00
-3.557103e-13 0.000000e+00 0.000000e+00
-4.618841e-12 0.000000e+00 0.000000e+00
-2.189791e-14 0.000000e+00 0.000000e+00
-4.880719e-14 0.000000e+00 0.000000e+00
-2.000710e-13 0.000000e+00 0.000000e+00
-1.134381e-13 0.000000e+00 0.000000e+00
-2.416289e-13 0.000000e+00 0.000000e+00
3.485629e-14 0.000000e+00 0.000000e+00
-2.306340e-13 0.000000e+00 0.000000e+00
-7.485579e-14 0.000000e+00 0.000000e+00
1.958484e-13 0.000000e+00 0.000000e+00
4.444468e-14 0.000000e+00 0.000000e+00
5.961978e-14 0.000000e+00 0.000000e+00
1.290582e-13 0.000000e+00 0.000000e+00
-7.012422e-14 0.000000e+00 0.000000e+00
-2.745316e-13 0.000000e+00 0.000000e+00
-6.494611e-14 0.000000e+00 0.000000e+00
1.988534e-13 0.000000e+00 0.000000e+00
1.570958e-13 0.000000e+00 0.000000e+00
1.225553e-13 0.000000e+00 0.000000e+00
3.418655e-13 0.000000e+00 0.000000e+00
7.976636e-14 0.000000e+00 0.000000e+00
1.562237e-12 0.000000e+00 0.000000e+00
3.234043e-12 0.000000e+00 0.000000e+00
-4.812475e-15 0.000000e+00 0.000000e+00
-2.833907e-13 0.000000e+00 0.000000e+00
8.038109e-14 0.000000e+00 0.000000e+00
1.143678e-14 0.000000e+00 0.000000e+00
5.433770e-14 0.000000e+00 0.000000e+00
-2.587279e-12 0.000000e+00 0.000000e+00
-1.689314e-13 0.000000e+00 0.000000e+00
-1.925107e-14 0.000000e+00 0.000000e+00
2.815719e-13 0.000000e+00 0.000000e+00
1.085578e-13 0.000000e+00 0.000000e+00
-2.019251e-13 0.000000e+00 0.000000e+00
1.391716e-13 0.000000e+00 0.000000e+00
1.125685e-12 0.000000e+00 0.000000e+00
2.035192e-13 0.000000e+00 0.000000e+00
-1.703048e-13 0.000000e+00 0.000000e+00
5.557061e-13 0.000000e+00 0.000000e+00
2.211929e-12 0.000000e+00 0.000000e+00
-4.777252e-13 0.000000e+00 0.000000e+00
-8.597588e-13 0.000000e+00 0.000000e+00
-1.366864e-12 0.000000e+00 0.000000e+00
-1.184084e-14 0.000000e+00 0.000000e+00
-4.110984e-12 0.000000e+00 0.000000e+00
8.203638e-13 0.000000e+00 0.000000e+00
-1.862813e-13 0.000000e+00 0.000000e+00
-2.184871e-12 0.000000e+00 0.000000e+00
3.700482e-12 0.000000e+00 0.000000e+00
-1.442253e-14 0.000000e+00 0.000000e+00
1.647324e-14 0.000000e+00 0.000000e+00
-2.554440e-13 0.000000e+00 0.000000e+00
-3.606279e-12 0.000000e+00 0.000000e+00
1.803139e-12 0.000000e+00 0.000000e+00
-7.093155e-14 0.000000e+00 0.000000e+00
1.320314e-13 0.000000e+00 0.000000e+00
-5.523473e-14 0.000000e+00 0.000000e+00
1.815217e-13 0.000000e+00 0.000000e+00
7.258066e-15 0.000000e+00 0.000000e+00
-2.467683e-13 0.000000e+00 0.000000e+00
-1.091952e-13 0.000000e+00 0.000000e+00
1.378630e-14 0.000000e+00 0.000000e+00
1.430680e-13 0.000000e+00 0.000000e+00
5.642164e-14 0.000000e+00 0.000000e+00
-2.250887e-13 0.000000e+00 0.000000e+00
7.859837e-14 0.000000e+00 0.000000e+00
-2.220853e-13 0.000000e+00 0.000000e+00
-9.164231e-15 0.000000e+00 0.000000e+00
2.153865e-13 0.000000e+00 0.000000e+00
-5.530360e-14 0.000000e+00 0.000000e+00
1.816191e-12 0.000000e+00 0.000000e+00
-1.423753e-13 0.000000e+00 0.000000e+00
1.955290e-13 0.000000e+00 0.000000e+00
-2.720425e-14 0.000000e+00 0.000000e+00
8.735191e-15 0.000000e+00 0.000000e+00
-2.998041e-12 0.000000e+00 0.000000e+00
-1.642353e-12 0.000000e+00 0.000000e+00
2.224485e-12 0.000000e+00 0.000000e+00
-2.471020e-12 0.000000e+00 0.000000e+00
-6.769103e-13 0.000000e+00 0.000000e+00
-1.865878e-13 0.000000e+00 0.000000e+00
3.967334e-13 0.000000e+00 0.000000e+00
9.875360e-14 0.000000e+00 0.000000e+00
-2.097328e-13 0.000000e+00 0.000000e+00
2.931708e-14 0.000000e+00 0.000000e+00
2.302582e-13 0.000000e+00 0.000000e+00
2.152947e-13 0.000000e+00 0.000000e+00
3.431439e-13 0.000000e+00 0.000000e+00
-2.549624e-13 0.000000e+00 0.000000e+00
1.047075e-13 0.000000e+00 0.000000e+00
7.491858e-13 0.000000e+00 0.000000e+00
6.534997e-13 0.000000e+00 0.000000e+00
2.469761e-12 0.000000e+00 0.000000e+00
1.926342e-14 0.000000e+00 0.000000e+00
8.815160e-14 0.000000e+00 0.000000e+00
5.237428e-14 0.000000e+00 0.000000e+00
3.676938e-12 0.000000e+00 0.000000e+00
1.694416e-16 0.000000e+00 0.000000e+00
9.632571e-14 0.000000e+00 0.000000e+00
1.323141e-12 0.000000e+00 0.000000e+00
7.276888e-14 0.000000e+00 0.000000e+00
1.119695e-13 0.000000e+00 0.000000e+00
1.644459e-12 0.000000e+00 0.000000e+00
2.695297e-12 0.000000e+00 0.000000e+00
1.052091e-12 0.000000e+00 0.000000e+00
2.750555e-12 0.000000e+00 0.000000e+00
4.002738e-14 0.000000e+00 0.000000e+00
-1.989797e-12 0.000000e+00 0.000000e+00
-3.961668e-14 0.000000e+00 0.000000e+00
9.786145e-13 0.000000e+00 0.000000e+00
-2.459030e-12 0.000000e+00 0.000000e+00
9.551988e-13 0.000000e+00 0.000000e+00
3.644561e-13 0.000000e+00 0.000000e+00
3.268405e-13 0.000000e+00 0.000000e+00
-4.508922e-12 0.000000e+00 0.000000e+00
-3.529692e-13 0.000000e+00 0.000000e+00
1.093956e-12 0.000000e+00 0.000000e+00
1.641348e-12 0.000000e+00 0.000000e+00
-1.601008e-12 0.000000e+00 0.000000e+00
2.991671e-12 0.000000e+00 0.000000e+00
-3.086281e-12 0.000000e+00 0.000000e+00
-1.672595e-14 0.000000e+00 0.000000e+00
-3.190508e-13 0.000000e+00 0.000000e+00
2.107064e-13 0.000000e+00 0.000000e+00
3.038370e-12 0.000000e+00 0.000000e+00
-1.205477e-13 0.000000e+00 0.000000e+00
-1.592013e-12 0.000000e+00 0.000000e+00
1.134645e-12 0.000000e+00 0.000000e+00
4.089459e-14 0.000000e+00 0.000000e+00
2.960621e-13 0.000000e+00 0.000000e+00
-3.054389e-13 0.000000e+00 0.000000e+00
-2.745160e-13 0.000000e+00 0.000000e+00
7.295036e-13 0.000000e+00 0.000000e+00
-7.724008e-13 0.000000e+00 0.000000e+00
-3.190437e-13 0.000000e+00 0.000000e+00
-6.587423e-13 0.000000e+00 0.000000e+00
-4.111726e-14 0.000000e+00 0.000000e+00
-8.352589e-13 0.000000e+00 0.000000e+00
-1.413018e-12 0.000000e+00 0.000000e+00
-2.965233e-13 0.000000e+00 0.000000e+00
6.446580e-12 0.000000e+00 0.000000e+00
2.994783e-12 0.000000e+00 0.000000e+00
-4.154251e-13 0.000000e+00 0.000000e+00
-1.768574e-12 0.000000e+00 0.000000e+00
-1.013237e-12 0.000000e+00 0.000000e+00
-3.406614e-14 0.000000e+00 0.000000e+00
-9.998445e-14 0.000000e+00 0.000000e+00
-1.032707e-12 0.000000e+00 0.000000e+00
-1.296179e-12 0.000000e+00 0.000000e+00
-3.970283e-13 0.000000e+00 0.000000e+00
1.517324e-12 0.000000e+00 0.000000e+00
-1.936953e-12 0.000000e+00 0.000000e+00
3.124276e-12 0.000000e+00 0.000000e+00
1.578511e-12 0.000000e+00 0.000000e+00
-1.338134e-12 0.000000e+00 0.000000e+00
-3.444807e-13 0.000000e+00 0.000000e+00
-2.048316e-12 0.000000e+00 0.000000e+00
3.427742e-13 0.000000e+00 0.000000e+00
-2.428731e-12 0.000000e+00 0.000000e+00
-3.768960e-12 0.000000e+00 0.000000e+00
-1.841916e-13 0.000000e+00 0.000000e+00
-5.305646e-14 0.000000e+00 0.000000e+00
1.058294e-13 0.000000e+00 0.000000e+00
-9.714896e-14 0.000000e+00 0.000000e+00
-3.809446e-13 0.000000e+00 0.000000e+00
2.131244e-14 0.000000e+00 0.000000e+00
6.975344e-14 0.000000e+00 0.000000e+00
5.729800e-14 0.000000e+00 0.000000e+00
-2.335183e-12 0.000000e+00 0.000000e+00
1.129515e-12 0.000000e+00 0.000000e+00
4.309265e-13 0.000000e+00 0.000000e+00
1.895093e-12 0.000000e+00 0.000000e+00
1.765017e-13 0.000000e+00 0.000000e+00
2.057862e-12 0.000000e+00 0.000000e+00
-3.359044e-12 0.000000e+00 0.000000e+00
7.849166e-13 0.000000e+00 0.000000e+00
2.052267e-12 0.000000e+00 0.000000e+00
2.035226e-13 0.000000e+00 0.000000e+00
-9.397514e-13 0.000000e+00 0.000000e+00
-7.485161e-15 0.000000e+00 0.000000e+00
-2.678859e-12 0.000000e+00 0.000000e+00
2.831100e-13 0.000000e+00 0.000000e+00
-9.818217e-14 0.000000e+00 0.000000e+00
4.365574e-14 0.000000e+00 0.000000e+00
2.964011e-13 0.000000e+00 0.000000e+00
-2.629940e-12 0.000000e+00 0.000000e+00
5.301583e-13 0.000000e+00 0.000000e+00
2.686059e-12 0.000000e+00 0.000000e+00
-6.037853e-15 0.000000e+00 0.000000e+00
-1.492657e-13 0.000000e+00 0.000000e+00
9.741723e-14 0.000000e+00 0.000000e+00
1.379199e-13 0.000000e+00 0.000000e+00
2.898626e-13 0.000000e+00 0.000000e+00
-7.204089e-14 0.000000e+00 0.000000e+00
1.262758e-13 0.000000e+00 0.000000e+00
-2.902887e-14 0.000000e+00 0.000000e+00
-9.746379e-13 0.000000e+00 0.000000e+00
-9.245915e-13 0.000000e+00 0.000000e+00
-1.759737e-12 0.000000e+00 0.000000e+00
2.326251e-13 0.000000e+00 0.000000e+00
-1.114968e-13 0.000000e+00 0.000000e+00
4.860093e-13 0.000000e+00 0.000000e+00
-6.061525e-14 0.000000e+00 0.000000e+00
-1.434062e-12 0.000000e+00 0.000000e+00
3.783334e-12 0.000000e+00 0.000000e+00
-2.297894e-13 0.000000e+00 0.000000e+00
4.357849e-13 0.000000e+00 0.000000e+00
3.767288e-12 0.000000e+00 0.000000e+00
-2.672534e-13 0.000000e+00 0.000000e+00
-2.814685e-13 0.000000e+00 0.000000e+00
4.200974e-12 0.000000e+00 0.000000e+00
1.284444e-13 0.000000e+00 0.000000e+00
5.508124e-14 0.000000e+00 0.000000e+00
-1.702766e-13 0.000000e+00 0.000000e+00
-5.628849e-12 0.000000e+00 0.000000e+00
-3.606576e-12 0.000000e+00 0.000000e+00
-2.631116e-12 0.000000e+00 0.000000e+00
8.145903e-13 0.000000e+00 0.000000e+00
1.492546e-12 0.000000e+00 0.000000e+00
2.530183e-12 0.000000e+00 0.000000e+00
4.358784e-12 0.000000e+00 0.000000e+00
-4.084272e-12 0.000000e+00 0.000000e+00
-1.289107e-12 0.000000e+00 0.000000e+00
-2.372384e-12 0.000000e+00 0.000000e+00
8.887748e-13 0.000000e+00 0.000000e+00
1.408138e-12 0.000000e+00 0.000000e+00
-1.926469e-13 0.000000e+00 0.000000e+00
-1.973278e-12 0.000000e+00 0.000000e+00
-7.056458e-13 0.000000e+00 0.000000e+00
-2.611040e-12 0.000000e+00 0.000000e+00
6.151109e-12 0.000000e+00 0.000000e+00
-6.283128e-14 0.000000e+00 0.000000e+00
-4.379466e-12 0.000000e+00 0.000000e+00
1.362352e-14 0.000000e+00 0.000000e+00
-2.932406e-12 0.000000e+00 0.000000e+00
8.775853e-13 0.000000e+00 0.000000e+00
-2.385325e-12 0.000000e+00 0.000000e+00
-5.066576e-13 0.000000e+00 0.000000e+00
1.793459e-13 0.000000e+00 0.000000e+00
-1.568159e-13 0.000000e+00 0.000000e+00
1.633420e-13 0.000000e+00 0.000000e+00
8.163423e-13 0.000000e+00 0.000000e+00
-4.678443e-13 0.000000e+00 0.000000e+00
2.035228e-12 0.000000e+00 0.000000e+00
2.795977e-12 0.000000e+00 0.000000e+00
-1.657602e-13 0.000000e+00 0.000000e+00
8.250654e-13 0.000000e+00 0.000000e+00
4.922776e-12 0.000000e+00 0.000000e+00
-3.106403e-13 0.000000e+00 0.000000e+00
2.053640e-12 0.000000e+00 0.000000e+00
2.329121e-12 0.000000e+00 0.000000e+00
-3.048743e-14 0.000000e+00 0.000000e+00
-2.632497e-12 0.000000e+00 0.000000e+00
-1.318017e-12 0.000000e+00 0.000000e+00
-5.690263e-12 0.000000e+00 0.000000e+00
1.721987e-12 0.000000e+00 0.000000e+00
3.718997e-12 0.000000e+00 0.000000e+00
-6.005383e-12 0.000000e+00 0.000000e+00
2.759644e-12 0.000000e+00 0.000000e+00
2.186598e-12 0.000000e+00 0.000000e+00
1.849145e-12 0.000000e+00 0.000000e+00
3.930229e-14 0.000000e+00 0.000000e+00
-8.515955e-14 0.000000e+00 0.000000e+00
-2.639720e-12 0.000000e+00 0.000000e+00
2.386967e-12 0.000000e+00 0.000000e+00
-1.317562e-13 0.000000e+00 0.000000e+00
2.557835e-13 0.000000e+00 0.000000e+00
1.776493e-13 0.000000e+00 0.000000e+00
7.414074e-13 0.000000e+00 0.000000e+00
-1.423912e-12 0.000000e+00 0.000000e+00
1.441499e-12 0.000000e+00 0.000000e+00
-2.140753e-14 0.000000e+00 0.000000e+00
-3.775920e-13 0.000000e+00 0.000000e+00
-5.135054e-12 0.000000e+00 0.000000e+00
-2.515379e-13 0.000000e+00 0.000000e+00
1.503529e-12 0.000000e+00 0.000000e+00
2.049011e-12 0.000000e+00 0.000000e+00
-2.964613e-12 0.000000e+00 0.000000e+00
-7.431365e-14 0.000000e+00 0.000000e+00
1.241634e-13 0.000000e+00 0.000000e+00
-1.888375e-13 0.000000e+00 0.000000e+00
1.173557e-13 0.000000e+00 0.000000e+00
1.722360e-13 0.000000e+00 0.000000e+00
-8.630055e-14 0.000000e+00 0.000000e+00
-5.107426e-14 0.000000e+00 0.000000e+00
1.222450e-13 0.000000e+00 0.000000e+00
2.961335e-13 0.000000e+00 0.000000e+00
-1.660740e-12 0.000000e+00 0.000000e+00
-9.945800e-13 0.000000e+00 0.000000e+00
1.797531e-12 0.000000e+00 0.000000e+00
3.786659e-13 0.000000e+00 0.000000e+00
8.443575e-14 0.000000e+00 0.000000e+00
-1.748091e-13 0.000000e+00 0.000000e+00
-1.721255e-13 0.000000e+00 0.000000e+00
-2.063476e-13 0.000000e+00 0.000000e+00
1.547224e-14 0.000000e+00 0.000000e+00
-1.048395e-13 0.000000e+00 0.000000e+00
-1.097225e-12 0.000000e+00 0.000000e+00
5.181038e-13 0.000000e+00 0.000000e+00
3.320101e-13 0.000000e+00 0.000000e+00
-3.329919e-12 0.000000e+00 0.000000e+00
-2.182551e-13 0.000000e+00 0.000000e+00
6.507578e-13 0.000000e+00 0.000000e+00
2.256088e-12 0.000000e+00 0.000000e+00
5.445868e-12 0.000000e+00 0.000000e+00
-3.405529e-13 0.000000e+00 0.000000e+00
-3.552158e-12 0.000000e+00 0.000000e+00
2.361925e-12 0.000000e+00 0.000000e+00
4.423024e-12 0.000000e+00 0.000000e+00
-8.076708e-13 0.000000e+00 0.000000e+00
-2.265606e-12 0.000000e+00 0.000000e+00
2.116724e-12 0.000000e+00 0.000000e+00
-2.422967e-12 0.000000e+00 0.000000e+00
-2.219008e-12 0.000000e+00 0.000000e+00
-1.241255e-13 0.000000e+00 0.000000e+00
1.307301e-13 0.000000e+00 0.000000e+00
4.103669e-15 0.000000e+00 0.000000e+00
2.501690e-14 0.000000e+00 0.000000e+00
2.155026e-13 0.000000e+00 0.000000e+00
5.376924e-14 0.000000e+00 0.000000e+00
-3.754789e-14 0.000000e+00 0.000000e+00
-4.257841e-13 0.000000e+00 0.000000e+00
-1.095016e-12 0.000000e+00 0.000000e+00
1.567754e-12 0.000000e+00 0.000000e+00
2.184933e-12 0.000000e+00 0.000000e+00
5.061681e-13 0.000000e+00 0.000000e+00
-2.971487e-12 0.000000e+00 0.000000e+00
-1.343057e-12 0.000000e+00 0.000000e+00
-8.535413e-14 0.000000e+00 0.000000e+00
-1.215052e-13 0.000000e+00 0.000000e+00
2.802050e-13 0.000000e+00 0.000000e+00
1.890841e-13 0.000000e+00 0.000000e+00
1.326772e-12 0.000000e+00 0.000000e+00
5.294347e-13 0.000000e+00 0.000000e+00
-3.567008e-14 0.000000e+00 0.000000e+00
6.277527e-14 0.000000e+00 0.000000e+00
-5.856566e-13 0.000000e+00 0.000000e+00
9.878668e-13 0.000000e+00 0.000000e+00
1.657476e-13 0.000000e+00 0.000000e+00
-6.959175e-14 0.000000e+00 0.000000e+00
-2.800988e-14 0.000000e+00 0.000000e+00
7.952579e-13 0.000000e+00 0.000000e+00
7.504656e-13 0.000000e+00 0.000000e+00
8.924727e-13 0.000000e+00 0.000000e+00
-1.900959e-12 0.000000e+00 0.000000e+00
-1.466618e-12 0.000000e+00 0.000000e+00
-7.445397e-13 0.000000e+00 0.000000e+00
4.335324e-12 0.000000e+00 0.000000e+00
-3.925060e-12 0.000000e+00 0.000000e+00
1.930315e-12 0.000000e+00 0.000000e+00
-8.461318e-13 0.000000e+00 0.000000e+00
-1.527147e-13 0.000000e+00 0.000000e+00
-1.009343e-12 0.000000e+00 0.000000e+00
-2.539099e-13 0.000000e+00 0.000000e+00
5.256128e-14 0.000000e+00 0.000000e+00
1.648896e-14 0.000000e+00 0.000000e+00
-1.054626e-13 0.000000e+00 0.000000e+00
-5.766243e-14 0.000000e+00 0.000000e+00
1.608394e-14 0.000000e+00 0.000000e+00
2.696708e-13 0.000000e+00 0.000000e+00
1.262977e-14 0.000000e+00 0.000000e+00
1.086013e-12 0.000000e+00 0.000000e+00
5.798472e-13 0.000000e+00 0.000000e+00
1.536814e-12 0.000000e+00 0.000000e+00
4.367944e-12 0.000000e+00 0.000000e+00
9.579943e-13 0.000000e+00 0.000000e+00
1.050764e-12 0.000000e+00 0.000000e+00
3.801793e-12 0.000000e+00 0.000000e+00
3.643185e-12 0.000000e+00 0.000000e+00
-1.800007e-12 0.000000e+00 0.000000e+00
1.343531e-13 0.000000e+00 0.000000e+00
1.071572e-12 0.000000e+00 0.000000e+00
-6.303936e-13 0.000000e+00 0.000000e+00
5.573195e-15 0.000000e+00 0.000000e+00
-6.206356e-13 0.000000e+00 0.000000e+00
3.279299e-12 0.000000e+00 0.000000e+00
-1.681337e-13 0.000000e+00 0.000000e+00
1.763108e-12 0.000000e+00 0.000000e+00
2.200321e-12 0.000000e+00 0.000000e+00
8.756534e-13 0.000000e+00 0.000000e+00
1.067760e-12 0.000000e+00 0.000000e+00
2.101337e-12 0.000000e+00 0.000000e+00
-3.680510e-12 0.000000e+00 0.000000e+00
5.704349e-12 0.000000e+00 0.000000e+00
2.142110e-12 0.000000e+00 0.000000e+00
-6.057839e-12 0.000000e+00 0.000000e+00
-8.805832e-13 0.000000e+00 0.000000e+00
-1.802996e-12 0.000000e+00 0.000000e+00
1.400464e-13 0.000000e+00 0.000000e+00
-6.690609e-14 0.000000e+00 0.000000e+00
1.485613e-13 0.000000e+00 0.000000e+00
4.138469e-12 0.000000e+00 0.000000e+00
-2.356087e-12 0.000000e+00 0.000000e+00
-4.360990e-12 0.000000e+00 0.000000e+00
1.386304e-13 0.000000e+00 0.000000e+00
4.487979e-14 0.000000e+00 0.000000e+00
1.030412e-12 0.000000e+00 0.000000e+00
-1.831474e-12 0.000000e+00 0.000000e+00
-3.199799e-12 0.000000e+00 0.000000e+00
4.897941e-13 0.000000e+00 0.000000e+00
-1.882311e-12 0.000000e+00 0.000000e+00
