pX pY pZ 
-5.753310e-13 0.000000e+00 0.000000e+00
2.644713e-14 0.000000e+00 0.000000e+00
1.649917e-13 0.000000e+00 0.000000e+00
-2.320410e-13 0.000000e+00 0.000000e+00
3.920112e-14 0.000000e+00 0.000000e+00
1.746950e-13 0.000000e+00 0.000000e+00
-4.502813e-14 0.000000e+00 0.000000e+00
-1.948116e-13 0.000000e+00 0.000000e+00
-5.324297e-14 0.000000e+00 0.000000e+00
-1.478059e-13 0.000000e+00 0.000000e+00
5.012050e-14 0.000000e+00 0.000000e+00
-1.913317e-13 0.000000e+00 0.000000e+00
-1.000372e-13 0.000000e+00 0.000000e+00
1.460168e-13 0.000000e+00 0.000000e+00
8.984849e-14 0.000000e+00 0.000000e+00
1.070305e-13 0.000000e+00 0.000000e+00
-2.197642e-13 0.000000e+00 0.000000e+00
1.428188e-13 0.000000e+00 0.000000e+00
1.411226e-13 0.000000e+00 0.000000e+00
4.161289e-14 0.000000e+00 0.000000e+00
-2.694986e-13 0.000000e+00 0.000000e+00
-6.436534e-14 0.000000e+00 0.000000e+00
2.654177e-13 0.000000e+00 0.000000e+00
2.662162e-13 0.000000e+00 0.000000e+00
1.796841e-13 0.000000e+00 0.000000e+00
-2.446248e-13 0.000000e+00 0.000000e+00
-3.416362e-14 0.000000e+00 0.000000e+00
-2.146937e-13 0.000000e+00 0.000000e+00
-1.327625e-13 0.000000e+00 0.000000e+00
-1.564330e-13 0.000000e+00 0.000000e+00
-2.057636e-14 0.000000e+00 0.000000e+00
-2.497361e-13 0.000000e+00 0.000000e+00
1.037037e-13 0.000000e+00 0.000000e+00
1.480660e-13 0.000000e+00 0.000000e+00
-2.588486e-13 0.000000e+00 0.000000e+00
2.396324e-13 0.000000e+00 0.000000e+00
2.697118e-13 0.000000e+00 0.000000e+00
-1.233011e-13 0.000000e+00 0.000000e+00
-1.259019e-14 0.000000e+00 0.000000e+00
-1.027594e-13 0.000000e+00 0.000000e+00
9.294960e-15 0.000000e+00 0.000000e+00
-1.945121e-13 0.000000e+00 0.000000e+00
-2.348544e-13 0.000000e+00 0.000000e+00
-2.066965e-14 0.000000e+00 0.000000e+00
4.948026e-14 0.000000e+00 0.000000e+00
-4.496957e-14 0.000000e+00 0.000000e+00
3.762322e-14 0.000000e+00 0.000000e+00
-1.100254e-13 0.000000e+00 0.000000e+00
2.242341e-14 0.000000e+00 0.000000e+00
-1.980673e-13 0.000000e+00 0.000000e+00
-6.713514e-14 0.000000e+00 0.000000e+00
-2.298448e-15 0.000000e+00 0.000000e+00
6.973566e-14 0.000000e+00 0.000000e+00
1.690371e-13 0.000000e+00 0.000000e+00
1.000698e-14 0.000000e+00 0.000000e+00
-1.378817e-13 0.000000e+00 0.000000e+00
-2.133091e-13 0.000000e+00 0.000000e+00
-1.602600e-13 0.000000e+00 0.000000e+00
-2.147802e-13 0.000000e+00 0.000000e+00
-1.949657e-13 0.000000e+00 0.000000e+00
4.487974e-15 0.000000e+00 0.000000e+00
2.373698e-13 0.000000e+00 0.000000e+00
2.466256e-13 0.000000e+00 0.000000e+00
-9.605836e-14 0.000000e+00 0.000000e+00
1.157927e-13 0.000000e+00 0.000000e+00
-5.542510e-14 0.000000e+00 0.000000e+00
-3.240383e-13 0.000000e+00 0.000000e+00
-1.277722e-13 0.000000e+00 0.000000e+00
-1.951180e-13 0.000000e+00 0.000000e+00
-4.738010e-14 0.000000e+00 0.000000e+00
-2.245284e-14 0.000000e+00 0.000000e+00
-7.956900e-14 0.000000e+00 0.000000e+00
8.683923e-14 0.000000e+00 0.000000e+00
-2.997483e-13 0.000000e+00 0.000000e+00
-6.537793e-15 0.000000e+00 0.000000e+00
1.389768e-13 0.000000e+00 0.000000e+00
-5.509516e-14 0.000000e+00 0.000000e+00
1.844693e-14 0.000000e+00 0.000000e+00
9.482172e-14 0.000000e+00 0.000000e+00
-2.866193e-13 0.000000e+00 0.000000e+00
7.609765e-14 0.000000e+00 0.000000e+00
-5.128414e-14 0.000000e+00 0.000000e+00
-2.031583e-13 0.000000e+00 0.000000e+00
6.355589e-14 0.000000e+00 0.000000e+00
9.423281e-14 0.000000e+00 0.000000e+00
-1.108649e-13 0.000000e+00 0.000000e+00
1.199397e-14 0.000000e+00 0.000000e+00
2.137871e-13 0.000000e+00 0.000000e+00
-7.574331e-14 0.000000e+00 0.000000e+00
2.091511e-13 0.000000e+00 0.000000e+00
-2.166830e-13 0.000000e+00 0.000000e+00
6.856480e-14 0.000000e+00 0.000000e+00
3.033154e-13 0.000000e+00 0.000000e+00
-1.526709e-14 0.000000e+00 0.000000e+00
1.190274e-13 0.000000e+00 0.000000e+00
2.572460e-13 0.000000e+00 0.000000e+00
1.085416e-13 0.000000e+00 0.000000e+00
-8.181208e-15 0.000000e+00 0.000000e+00
4.238334e-14 0.000000e+00 0.000000e+00
2.274172e-13 0.000000e+00 0.000000e+00
2.316035e-14 0.000000e+00 0.000000e+00
-1.832163e-13 0.000000e+00 0.000000e+00
1.358666e-14 0.000000e+00 0.000000e+00
-9.388412e-15 0.000000e+00 0.000000e+00
7.510663e-14 0.000000e+00 0.000000e+00
-1.206607e-13 0.000000e+00 0.000000e+00
2.325986e-13 0.000000e+00 0.000000e+00
4.989037e-14 0.000000e+00 0.000000e+00
7.632820e-14 0.000000e+00 0.000000e+00
-2.256305e-13 0.000000e+00 0.000000e+00
-1.626701e-13 0.000000e+00 0.000000e+00
1.931731e-13 0.000000e+00 0.000000e+00
2.660461e-13 0.000000e+00 0.000000e+00
2.389685e-13 0.000000e+00 0.000000e+00
1.076076e-13 0.000000e+00 0.000000e+00
-1.145727e-13 0.000000e+00 0.000000e+00
9.964793e-15 0.000000e+00 0.000000e+00
-6.078059e-15 0.000000e+00 0.000000e+00
-2.696181e-15 0.000000e+00 0.000000e+00
5.299952e-14 0.000000e+00 0.000000e+00
1.524643e-13 0.000000e+00 0.000000e+00
-1.217864e-13 0.000000e+00 0.000000e+00
-1.065618e-14 0.000000e+00 0.000000e+00
-1.210198e-13 0.000000e+00 0.000000e+00
8.776865e-15 0.000000e+00 0.000000e+00
-3.243545e-14 0.000000e+00 0.000000e+00
3.379412e-13 0.000000e+00 0.000000e+00
3.143237e-14 0.000000e+00 0.000000e+00
-1.964716e-13 0.000000e+00 0.000000e+00
1.153458e-13 0.000000e+00 0.000000e+00
-2.019429e-13 0.000000e+00 0.000000e+00
3.156761e-13 0.000000e+00 0.000000e+00
3.500065e-14 0.000000e+00 0.000000e+00
1.792383e-13 0.000000e+00 0.000000e+00
1.791953e-13 0.000000e+00 0.000000e+00
-2.523940e-13 0.000000e+00 0.000000e+00
-1.640878e-13 0.000000e+00 0.000000e+00
2.818945e-13 0.000000e+00 0.000000e+00
1.129392e-13 0.000000e+00 0.000000e+00
2.285099e-13 0.000000e+00 0.000000e+00
4.729682e-14 0.000000e+00 0.000000e+00
1.366548e-13 0.000000e+00 0.000000e+00
-8.066211e-14 0.000000e+00 0.000000e+00
1.560199e-13 0.000000e+00 0.000000e+00
-2.874172e-14 0.000000e+00 0.000000e+00
1.378806e-13 0.000000e+00 0.000000e+00
-1.132569e-13 0.000000e+00 0.000000e+00
1.084271e-13 0.000000e+00 0.000000e+00
1.745841e-13 0.000000e+00 0.000000e+00
8.669264e-14 0.000000e+00 0.000000e+00
-3.751664e-13 0.000000e+00 0.000000e+00
9.908947e-14 0.000000e+00 0.000000e+00
-9.158630e-15 0.000000e+00 0.000000e+00
1.174957e-13 0.000000e+00 0.000000e+00
8.564887e-14 0.000000e+00 0.000000e+00
-1.457642e-13 0.000000e+00 0.000000e+00
-6.324726e-14 0.000000e+00 0.000000e+00
8.739059e-14 0.000000e+00 0.000000e+00
-7.104451e-14 0.000000e+00 0.000000e+00
7.834131e-14 0.000000e+00 0.000000e+00
1.504159e-13 0.000000e+00 0.000000e+00
-4.218673e-15 0.000000e+00 0.000000e+00
5.879625e-14 0.000000e+00 0.000000e+00
-2.843607e-13 0.000000e+00 0.000000e+00
-6.689740e-14 0.000000e+00 0.000000e+00
2.766084e-13 0.000000e+00 0.000000e+00
-1.621986e-13 0.000000e+00 0.000000e+00
-9.515770e-14 0.000000e+00 0.000000e+00
1.003271e-13 0.000000e+00 0.000000e+00
-1.442221e-14 0.000000e+00 0.000000e+00
-1.263762e-13 0.000000e+00 0.000000e+00
7.843580e-14 0.000000e+00 0.000000e+00
-7.783234e-14 0.000000e+00 0.000000e+00
2.635711e-13 0.000000e+00 0.000000e+00
1.701440e-13 0.000000e+00 0.000000e+00
-1.853249e-13 0.000000e+00 0.000000e+00
2.149130e-13 0.000000e+00 0.000000e+00
1.114067e-13 0.000000e+00 0.000000e+00
-1.350017e-13 0.000000e+00 0.000000e+00
3.291622e-13 0.000000e+00 0.000000e+00
-3.024131e-14 0.000000e+00 0.000000e+00
9.677211e-14 0.000000e+00 0.000000e+00
-6.837145e-14 0.000000e+00 0.000000e+00
-1.045969e-13 0.000000e+00 0.000000e+00
2.937567e-14 0.000000e+00 0.000000e+00
-2.461412e-13 0.000000e+00 0.000000e+00
-1.291727e-13 0.000000e+00 0.000000e+00
2.316626e-13 0.000000e+00 0.000000e+00
-1.451976e-13 0.000000e+00 0.000000e+00
-2.033301e-13 0.000000e+00 0.000000e+00
1.834198e-13 0.000000e+00 0.000000e+00
1.917583e-13 0.000000e+00 0.000000e+00
1.556269e-13 0.000000e+00 0.000000e+00
-1.508801e-13 0.000000e+00 0.000000e+00
-1.208575e-13 0.000000e+00 0.000000e+00
-2.459370e-14 0.000000e+00 0.000000e+00
1.277856e-13 0.000000e+00 0.000000e+00
-7.493360e-16 0.000000e+00 0.000000e+00
2.958651e-13 0.000000e+00 0.000000e+00
5.606030e-14 0.000000e+00 0.000000e+00
1.902222e-14 0.000000e+00 0.000000e+00
-1.174342e-13 0.000000e+00 0.000000e+00
-1.586511e-13 0.000000e+00 0.000000e+00
8.453651e-14 0.000000e+00 0.000000e+00
3.182304e-14 0.000000e+00 0.000000e+00
-7.232622e-15 0.000000e+00 0.000000e+00
1.003678e-14 0.000000e+00 0.000000e+00
2.822788e-13 0.000000e+00 0.000000e+00
4.915147e-14 0.000000e+00 0.000000e+00
1.341930e-13 0.000000e+00 0.000000e+00
-1.350822e-13 0.000000e+00 0.000000e+00
2.594465e-13 0.000000e+00 0.000000e+00
-3.377488e-14 0.000000e+00 0.000000e+00
5.114043e-13 0.000000e+00 0.000000e+00
-1.250480e-14 0.000000e+00 0.000000e+00
-3.376062e-13 0.000000e+00 0.000000e+00
5.357650e-14 0.000000e+00 0.000000e+00
1.203363e-14 0.000000e+00 0.000000e+00
1.041303e-13 0.000000e+00 0.000000e+00
-2.451144e-13 0.000000e+00 0.000000e+00
-1.579456e-13 0.000000e+00 0.000000e+00
-8.642193e-14 0.000000e+00 0.000000e+00
1.002082e-13 0.000000e+00 0.000000e+00
-3.935613e-15 0.000000e+00 0.000000e+00
3.432616e-13 0.000000e+00 0.000000e+00
-1.274945e-13 0.000000e+00 0.000000e+00
2.904574e-13 0.000000e+00 0.000000e+00
-8.718415e-14 0.000000e+00 0.000000e+00
-8.469373e-14 0.000000e+00 0.000000e+00
-3.881400e-14 0.000000e+00 0.000000e+00
-1.855744e-13 0.000000e+00 0.000000e+00
-2.364458e-13 0.000000e+00 0.000000e+00
-2.323222e-13 0.000000e+00 0.000000e+00
-1.405429e-14 0.000000e+00 0.000000e+00
-3.037651e-13 0.000000e+00 0.000000e+00
1.607334e-14 0.000000e+00 0.000000e+00
2.961531e-14 0.000000e+00 0.000000e+00
-7.377575e-14 0.000000e+00 0.000000e+00
-1.725987e-13 0.000000e+00 0.000000e+00
-1.822506e-13 0.000000e+00 0.000000e+00
9.655407e-14 0.000000e+00 0.000000e+00
7.971513e-15 0.000000e+00 0.000000e+00
-5.422991e-13 0.000000e+00 0.000000e+00
-1.281477e-13 0.000000e+00 0.000000e+00
-2.126647e-13 0.000000e+00 0.000000e+00
-1.053904e-13 0.000000e+00 0.000000e+00
1.383587e-15 0.000000e+00 0.000000e+00
1.012195e-13 0.000000e+00 0.000000e+00
-1.126716e-13 0.000000e+00 0.000000e+00
-3.258222e-15 0.000000e+00 0.000000e+00
1.725212e-13 0.000000e+00 0.000000e+00
-3.010840e-13 0.000000e+00 0.000000e+00
8.524531e-14 0.000000e+00 0.000000e+00
-5.692308e-14 0.000000e+00 0.000000e+00
-1.681739e-13 0.000000e+00 0.000000e+00
-1.589839e-13 0.000000e+00 0.000000e+00
3.294008e-14 0.000000e+00 0.000000e+00
1.006396e-13 0.000000e+00 0.000000e+00
-2.248846e-13 0.000000e+00 0.000000e+00
-9.933306e-15 0.000000e+00 0.000000e+00
-1.714652e-13 0.000000e+00 0.000000e+00
1.506532e-13 0.000000e+00 0.000000e+00
-8.543699e-14 0.000000e+00 0.000000e+00
-1.452349e-14 0.000000e+00 0.000000e+00
3.157475e-14 0.000000e+00 0.000000e+00
8.711740e-14 0.000000e+00 0.000000e+00
2.226908e-14 0.000000e+00 0.000000e+00
-9.032633e-14 0.000000e+00 0.000000e+00
1.036273e-14 0.000000e+00 0.000000e+00
-4.822128e-14 0.000000e+00 0.000000e+00
1.080408e-14 0.000000e+00 0.000000e+00
1.397821e-14 0.000000e+00 0.000000e+00
-1.526102e-13 0.000000e+00 0.000000e+00
5.264378e-14 0.000000e+00 0.000000e+00
1.106972e-13 0.000000e+00 0.000000e+00
-1.290573e-13 0.000000e+00 0.000000e+00
-9.008841e-14 0.000000e+00 0.000000e+00
4.155486e-14 0.000000e+00 0.000000e+00
-2.249349e-13 0.000000e+00 0.000000e+00
1.274929e-13 0.000000e+00 0.000000e+00
-9.687405e-14 0.000000e+00 0.000000e+00
-1.435498e-13 0.000000e+00 0.000000e+00
-1.470315e-13 0.000000e+00 0.000000e+00
-5.516668e-14 0.000000e+00 0.000000e+00
-1.038719e-13 0.000000e+00 0.000000e+00
-1.807527e-13 0.000000e+00 0.000000e+00
-4.823607e-13 0.000000e+00 0.000000e+00
8.955825e-14 0.000000e+00 0.000000e+00
-3.073243e-14 0.000000e+00 0.000000e+00
6.272241e-14 0.000000e+00 0.000000e+00
2.564972e-13 0.000000e+00 0.000000e+00
1.070468e-13 0.000000e+00 0.000000e+00
-7.513752e-15 0.000000e+00 0.000000e+00
-1.561689e-13 0.000000e+00 0.000000e+00
-5.397893e-14 0.000000e+00 0.000000e+00
2.255448e-14 0.000000e+00 0.000000e+00
1.802392e-13 0.000000e+00 0.000000e+00
1.657554e-13 0.000000e+00 0.000000e+00
8.632924e-14 0.000000e+00 0.000000e+00
3.588275e-14 0.000000e+00 0.000000e+00
1.550817e-13 0.000000e+00 0.000000e+00
-1.585697e-14 0.000000e+00 0.000000e+00
-2.139395e-14 0.000000e+00 0.000000e+00
1.141393e-13 0.000000e+00 0.000000e+00
2.042681e-13 0.000000e+00 0.000000e+00
-1.362356e-13 0.000000e+00 0.000000e+00
4.049390e-15 0.000000e+00 0.000000e+00
1.028976e-13 0.000000e+00 0.000000e+00
1.883976e-13 0.000000e+00 0.000000e+00
9.592298e-14 0.000000e+00 0.000000e+00
-4.001317e-14 0.000000e+00 0.000000e+00
1.992694e-13 0.000000e+00 0.000000e+00
9.920970e-14 0.000000e+00 0.000000e+00
1.018387e-13 0.000000e+00 0.000000e+00
1.222326e-14 0.000000e+00 0.000000e+00
-1.569888e-13 0.000000e+00 0.000000e+00
1.493001e-14 0.000000e+00 0.000000e+00
-1.940648e-13 0.000000e+00 0.000000e+00
2.704067e-13 0.000000e+00 0.000000e+00
9.206943e-14 0.000000e+00 0.000000e+00
-1.151686e-13 0.000000e+00 0.000000e+00
-2.509306e-13 0.000000e+00 0.000000e+00
1.146973e-13 0.000000e+00 0.000000e+00
2.023329e-13 0.000000e+00 0.000000e+00
1.097269e-13 0.000000e+00 0.000000e+00
-2.203691e-14 0.000000e+00 0.000000e+00
1.436114e-15 0.000000e+00 0.000000e+00
-1.711700e-13 0.000000e+00 0.000000e+00
-1.726133e-14 0.000000e+00 0.000000e+00
-1.183251e-13 0.000000e+00 0.000000e+00
9.703725e-14 0.000000e+00 0.000000e+00
2.907947e-14 0.000000e+00 0.000000e+00
-5.974661e-14 0.000000e+00 0.000000e+00
-2.930666e-14 0.000000e+00 0.000000e+00
2.405259e-13 0.000000e+00 0.000000e+00
-2.228592e-14 0.000000e+00 0.000000e+00
1.028491e-13 0.000000e+00 0.000000e+00
2.353523e-13 0.000000e+00 0.000000e+00
1.707329e-13 0.000000e+00 0.000000e+00
2.903877e-14 0.000000e+00 0.000000e+00
-2.205728e-13 0.000000e+00 0.000000e+00
7.808070e-14 0.000000e+00 0.000000e+00
-7.986411e-14 0.000000e+00 0.000000e+00
-1.982165e-13 0.000000e+00 0.000000e+00
1.187989e-13 0.000000e+00 0.000000e+00
1.269189e-13 0.000000e+00 0.000000e+00
2.154956e-13 0.000000e+00 0.000000e+00
-2.764507e-13 0.000000e+00 0.000000e+00
-3.513532e-13 0.000000e+00 0.000000e+00
3.319020e-13 0.000000e+00 0.000000e+00
-1.213286e-13 0.000000e+00 0.000000e+00
1.873566e-13 0.000000e+00 0.000000e+00
1.511142e-13 0.000000e+00 0.000000e+00
1.229885e-13 0.000000e+00 0.000000e+00
-6.159824e-14 0.000000e+00 0.000000e+00
1.139873e-13 0.000000e+00 0.000000e+00
2.728481e-13 0.000000e+00 0.000000e+00
-5.404290e-14 0.000000e+00 0.000000e+00
-4.462455e-13 0.000000e+00 0.000000e+00
4.095754e-14 0.000000e+00 0.000000e+00
-9.938096e-14 0.000000e+00 0.000000e+00
1.658122e-13 0.000000e+00 0.000000e+00
-2.043493e-13 0.000000e+00 0.000000e+00
1.954071e-13 0.000000e+00 0.000000e+00
9.481306e-14 0.000000e+00 0.000000e+00
-2.030405e-13 0.000000e+00 0.000000e+00
1.994139e-13 0.000000e+00 0.000000e+00
-2.563058e-13 0.000000e+00 0.000000e+00
2.722547e-13 0.000000e+00 0.000000e+00
-1.032705e-13 0.000000e+00 0.000000e+00
1.224722e-13 0.000000e+00 0.000000e+00
-1.181528e-14 0.000000e+00 0.000000e+00
5.515409e-14 0.000000e+00 0.000000e+00
-3.861101e-13 0.000000e+00 0.000000e+00
-1.406437e-13 0.000000e+00 0.000000e+00
1.736269e-13 0.000000e+00 0.000000e+00
-1.135620e-14 0.000000e+00 0.000000e+00
-2.956409e-13 0.000000e+00 0.000000e+00
1.851358e-13 0.000000e+00 0.000000e+00
-2.203154e-13 0.000000e+00 0.000000e+00
2.250870e-13 0.000000e+00 0.000000e+00
1.004449e-13 0.000000e+00 0.000000e+00
-1.070985e-13 0.000000e+00 0.000000e+00
-2.795312e-13 0.000000e+00 0.000000e+00
-2.701892e-13 0.000000e+00 0.000000e+00
1.335876e-13 0.000000e+00 0.000000e+00
9.619852e-14 0.000000e+00 0.000000e+00
1.565545e-13 0.000000e+00 0.000000e+00
2.163471e-13 0.000000e+00 0.000000e+00
8.032670e-14 0.000000e+00 0.000000e+00
2.781654e-13 0.000000e+00 0.000000e+00
2.515204e-13 0.000000e+00 0.000000e+00
-1.567878e-14 0.000000e+00 0.000000e+00
-9.127330e-14 0.000000e+00 0.000000e+00
-1.382144e-13 0.000000e+00 0.000000e+00
1.432657e-13 0.000000e+00 0.000000e+00
-1.518330e-13 0.000000e+00 0.000000e+00
3.712191e-13 0.000000e+00 0.000000e+00
2.948562e-14 0.000000e+00 0.000000e+00
-6.157822e-14 0.000000e+00 0.000000e+00
-1.087097e-13 0.000000e+00 0.000000e+00
-8.892175e-14 0.000000e+00 0.000000e+00
6.776716e-14 0.000000e+00 0.000000e+00
-1.848977e-14 0.000000e+00 0.000000e+00
5.322524e-14 0.000000e+00 0.000000e+00
4.785572e-14 0.000000e+00 0.000000e+00
-5.786972e-13 0.000000e+00 0.000000e+00
-2.781570e-13 0.000000e+00 0.000000e+00
-6.684650e-14 0.000000e+00 0.000000e+00
-5.923979e-14 0.000000e+00 0.000000e+00
5.283978e-14 0.000000e+00 0.000000e+00
-2.157049e-13 0.000000e+00 0.000000e+00
-9.577482e-14 0.000000e+00 0.000000e+00
1.405579e-13 0.000000e+00 0.000000e+00
-1.880302e-13 0.000000e+00 0.000000e+00
1.566803e-13 0.000000e+00 0.000000e+00
-2.385139e-13 0.000000e+00 0.000000e+00
1.383499e-13 0.000000e+00 0.000000e+00
-3.254209e-13 0.000000e+00 0.000000e+00
-2.112431e-13 0.000000e+00 0.000000e+00
-6.954625e-14 0.000000e+00 0.000000e+00
-4.853069e-14 0.000000e+00 0.000000e+00
-2.748959e-13 0.000000e+00 0.000000e+00
-5.223831e-14 0.000000e+00 0.000000e+00
9.060573e-14 0.000000e+00 0.000000e+00
-2.521014e-13 0.000000e+00 0.000000e+00
-6.729296e-16 0.000000e+00 0.000000e+00
-1.825528e-13 0.000000e+00 0.000000e+00
3.847316e-14 0.000000e+00 0.000000e+00
3.189864e-14 0.000000e+00 0.000000e+00
-6.287225e-14 0.000000e+00 0.000000e+00
-4.686039e-14 0.000000e+00 0.000000e+00
1.463108e-13 0.000000e+00 0.000000e+00
-2.414312e-13 0.000000e+00 0.000000e+00
-1.009578e-13 0.000000e+00 0.000000e+00
1.023863e-13 0.000000e+00 0.000000e+00
-6.378397e-14 0.000000e+00 0.000000e+00
-4.917030e-13 0.000000e+00 0.000000e+00
1.024299e-14 0.000000e+00 0.000000e+00
2.756216e-13 0.000000e+00 0.000000e+00
5.879367e-14 0.000000e+00 0.000000e+00
-1.117791e-13 0.000000e+00 0.000000e+00
-3.313124e-14 0.000000e+00 0.000000e+00
2.341134e-13 0.000000e+00 0.000000e+00
5.371166e-14 0.000000e+00 0.000000e+00
-6.679864e-14 0.000000e+00 0.000000e+00
-6.617694e-15 0.000000e+00 0.000000e+00
-8.526944e-14 0.000000e+00 0.000000e+00
2.810678e-13 0.000000e+00 0.000000e+00
-3.582849e-13 0.000000e+00 0.000000e+00
-1.075559e-13 0.000000e+00 0.000000e+00
-1.027702e-13 0.000000e+00 0.000000e+00
-4.388381e-15 0.000000e+00 0.000000e+00
-1.624366e-13 0.000000e+00 0.000000e+00
-2.546599e-13 0.000000e+00 0.000000e+00
-2.098014e-13 0.000000e+00 0.000000e+00
5.921210e-14 0.000000e+00 0.000000e+00
9.281853e-14 0.000000e+00 0.000000e+00
2.273689e-13 0.000000e+00 0.000000e+00
-1.930600e-13 0.000000e+00 0.000000e+00
-5.217244e-14 0.000000e+00 0.000000e+00
-1.087885e-13 0.000000e+00 0.000000e+00
3.640380e-13 0.000000e+00 0.000000e+00
4.453953e-14 0.000000e+00 0.000000e+00
8.799812e-14 0.000000e+00 0.000000e+00
-3.459551e-14 0.000000e+00 0.000000e+00
-7.672903e-14 0.000000e+00 0.000000e+00
2.634586e-13 0.000000e+00 0.000000e+00
-1.792373e-13 0.000000e+00 0.000000e+00
2.911542e-14 0.000000e+00 0.000000e+00
-1.433813e-13 0.000000e+00 0.000000e+00
-3.424687e-14 0.000000e+00 0.000000e+00
1.975179e-13 0.000000e+00 0.000000e+00
3.076547e-13 0.000000e+00 0.000000e+00
-8.251644e-14 0.000000e+00 0.000000e+00
-2.516223e-13 0.000000e+00 0.000000e+00
-1.186607e-13 0.000000e+00 0.000000e+00
2.388055e-13 0.000000e+00 0.000000e+00
8.293127e-14 0.000000e+00 0.000000e+00
-8.959021e-14 0.000000e+00 0.000000e+00
7.535172e-14 0.000000e+00 0.000000e+00
-5.970553e-14 0.000000e+00 0.000000e+00
-1.698047e-13 0.000000e+00 0.000000e+00
-8.745491e-15 0.000000e+00 0.000000e+00
-8.708938e-14 0.000000e+00 0.000000e+00
-2.581209e-13 0.000000e+00 0.000000e+00
-7.764465e-14 0.000000e+00 0.000000e+00
-1.096752e-14 0.000000e+00 0.000000e+00
2.384141e-14 0.000000e+00 0.000000e+00
-1.997136e-13 0.000000e+00 0.000000e+00
3.343391e-13 0.000000e+00 0.000000e+00
2.160620e-13 0.000000e+00 0.000000e+00
-4.401198e-14 0.000000e+00 0.000000e+00
5.601332e-14 0.000000e+00 0.000000e+00
2.271974e-13 0.000000e+00 0.000000e+00
6.556408e-14 0.000000e+00 0.000000e+00
2.146398e-13 0.000000e+00 0.000000e+00
2.482033e-13 0.000000e+00 0.000000e+00
1.135148e-14 0.000000e+00 0.000000e+00
-1.704766e-13 0.000000e+00 0.000000e+00
-5.936632e-14 0.000000e+00 0.000000e+00
-2.864973e-13 0.000000e+00 0.000000e+00
8.268457e-14 0.000000e+00 0.000000e+00
1.200602e-13 0.000000e+00 0.000000e+00
-3.735206e-13 0.000000e+00 0.000000e+00
2.161159e-13 0.000000e+00 0.000000e+00
2.585735e-13 0.000000e+00 0.000000e+00
-8.574770e-14 0.000000e+00 0.000000e+00
-1.724793e-13 0.000000e+00 0.000000e+00
6.703300e-14 0.000000e+00 0.000000e+00
-1.733204e-13 0.000000e+00 0.000000e+00
1.882079e-13 0.000000e+00 0.000000e+00
3.845725e-14 0.000000e+00 0.000000e+00
2.404843e-14 0.000000e+00 0.000000e+00
1.957579e-13 0.000000e+00 0.000000e+00
2.731448e-13 0.000000e+00 0.000000e+00
4.009664e-14 0.000000e+00 0.000000e+00
-3.606144e-14 0.000000e+00 0.000000e+00
-4.531109e-14 0.000000e+00 0.000000e+00
2.044791e-13 0.000000e+00 0.000000e+00
5.370055e-14 0.000000e+00 0.000000e+00
-5.218885e-14 0.000000e+00 0.000000e+00
7.645410e-15 0.000000e+00 0.000000e+00
9.229936e-14 0.000000e+00 0.000000e+00
1.399609e-13 0.000000e+00 0.000000e+00
-1.218933e-13 0.000000e+00 0.000000e+00
1.519165e-13 0.000000e+00 0.000000e+00
-2.619782e-13 0.000000e+00 0.000000e+00
-2.180117e-13 0.000000e+00 0.000000e+00
2.896367e-13 0.000000e+00 0.000000e+00
1.572347e-13 0.000000e+00 0.000000e+00
8.733998e-15 0.000000e+00 0.000000e+00
-2.358278e-13 0.000000e+00 0.000000e+00
6.104175e-14 0.000000e+00 0.000000e+00
1.630685e-13 0.000000e+00 0.000000e+00
-1.372714e-13 0.000000e+00 0.000000e+00
1.514221e-14 0.000000e+00 0.000000e+00
-7.546439e-14 0.000000e+00 0.000000e+00
-1.422011e-13 0.000000e+00 0.000000e+00
1.890314e-14 0.000000e+00 0.000000e+00
1.626878e-13 0.000000e+00 0.000000e+00
-1.339312e-13 0.000000e+00 0.000000e+00
-6.598846e-14 0.000000e+00 0.000000e+00
-1.151677e-13 0.000000e+00 0.000000e+00
-2.014002e-13 0.000000e+00 0.000000e+00
-1.507316e-13 0.000000e+00 0.000000e+00
-6.729596e-14 0.000000e+00 0.000000e+00
1.581926e-13 0.000000e+00 0.000000e+00
-1.209542e-13 0.000000e+00 0.000000e+00
1.655855e-13 0.000000e+00 0.000000e+00
-1.808484e-13 0.000000e+00 0.000000e+00
1.408314e-14 0.000000e+00 0.000000e+00
2.044014e-13 0.000000e+00 0.000000e+00
1.376262e-13 0.000000e+00 0.000000e+00
-2.522404e-14 0.000000e+00 0.000000e+00
-3.316236e-13 0.000000e+00 0.000000e+00
-1.637203e-13 0.000000e+00 0.000000e+00
-1.297392e-13 0.000000e+00 0.000000e+00
7.697232e-14 0.000000e+00 0.000000e+00
-7.971970e-14 0.000000e+00 0.000000e+00
2.433575e-13 0.000000e+00 0.000000e+00
8.113580e-14 0.000000e+00 0.000000e+00
1.220537e-13 0.000000e+00 0.000000e+00
-1.821345e-13 0.000000e+00 0.000000e+00
-5.237046e-14 0.000000e+00 0.000000e+00
1.135565e-13 0.000000e+00 0.000000e+00
-1.135078e-13 0.000000e+00 0.000000e+00
-1.989598e-13 0.000000e+00 0.000000e+00
-3.553222e-13 0.000000e+00 0.000000e+00
-2.752686e-13 0.000000e+00 0.000000e+00
6.447301e-14 0.000000e+00 0.000000e+00
-2.038387e-13 0.000000e+00 0.000000e+00
2.658204e-13 0.000000e+00 0.000000e+00
-2.554825e-13 0.000000e+00 0.000000e+00
9.217827e-14 0.000000e+00 0.000000e+00
-2.631109e-13 0.000000e+00 0.000000e+00
-1.566215e-13 0.000000e+00 0.000000e+00
-2.690510e-13 0.000000e+00 0.000000e+00
2.228924e-13 0.000000e+00 0.000000e+00
-3.968133e-13 0.000000e+00 0.000000e+00
1.270149e-13 0.000000e+00 0.000000e+00
2.443096e-13 0.000000e+00 0.000000e+00
1.574111e-13 0.000000e+00 0.000000e+00
1.145811e-13 0.000000e+00 0.000000e+00
6.729717e-14 0.000000e+00 0.000000e+00
1.412279e-14 0.000000e+00 0.000000e+00
-9.793849e-14 0.000000e+00 0.000000e+00
-2.699946e-13 0.000000e+00 0.000000e+00
2.121066e-14 0.000000e+00 0.000000e+00
1.198343e-13 0.000000e+00 0.000000e+00
2.045352e-14 0.000000e+00 0.000000e+00
9.507868e-14 0.000000e+00 0.000000e+00
1.189919e-13 0.000000e+00 0.000000e+00
1.061248e-13 0.000000e+00 0.000000e+00
-3.131702e-14 0.000000e+00 0.000000e+00
1.412024e-13 0.000000e+00 0.000000e+00
9.587466e-14 0.000000e+00 0.000000e+00
-2.438809e-13 0.000000e+00 0.000000e+00
-7.542614e-14 0.000000e+00 0.000000e+00
-1.223707e-13 0.000000e+00 0.000000e+00
-1.751397e-13 0.000000e+00 0.000000e+00
1.130886e-13 0.000000e+00 0.000000e+00
-3.654329e-14 0.000000e+00 0.000000e+00
-1.538953e-13 0.000000e+00 0.000000e+00
-4.250879e-13 0.000000e+00 0.000000e+00
-1.237674e-13 0.000000e+00 0.000000e+00
1.253524e-13 0.000000e+00 0.000000e+00
-1.713905e-13 0.000000e+00 0.000000e+00
3.158779e-14 0.000000e+00 0.000000e+00
7.784746e-14 0.000000e+00 0.000000e+00
-2.613567e-13 0.000000e+00 0.000000e+00
-1.895957e-13 0.000000e+00 0.000000e+00
-1.393617e-13 0.000000e+00 0.000000e+00
1.183112e-13 0.000000e+00 0.000000e+00
3.314541e-15 0.000000e+00 0.000000e+00
7.661298e-14 0.000000e+00 0.000000e+00
-1.688526e-13 0.000000e+00 0.000000e+00
-2.906084e-13 0.000000e+00 0.000000e+00
3.934458e-13 0.000000e+00 0.000000e+00
3.473655e-14 0.000000e+00 0.000000e+00
-1.577905e-14 0.000000e+00 0.000000e+00
9.544572e-14 0.000000e+00 0.000000e+00
-6.565056e-14 0.000000e+00 0.000000e+00
2.224748e-14 0.000000e+00 0.000000e+00
-1.563795e-13 0.000000e+00 0.000000e+00
1.359750e-13 0.000000e+00 0.000000e+00
2.168096e-13 0.000000e+00 0.000000e+00
1.158105e-13 0.000000e+00 0.000000e+00
-1.401663e-13 0.000000e+00 0.000000e+00
1.583408e-14 0.000000e+00 0.000000e+00
-6.746722e-14 0.000000e+00 0.000000e+00
8.644414e-15 0.000000e+00 0.000000e+00
-6.423413e-14 0.000000e+00 0.000000e+00
1.436645e-15 0.000000e+00 0.000000e+00
1.137261e-14 0.000000e+00 0.000000e+00
-1.902591e-13 0.000000e+00 0.000000e+00
-3.202213e-14 0.000000e+00 0.000000e+00
1.524853e-14 0.000000e+00 0.000000e+00
-1.347829e-14 0.000000e+00 0.000000e+00
-3.588875e-13 0.000000e+00 0.000000e+00
-7.978923e-14 0.000000e+00 0.000000e+00
-2.761099e-13 0.000000e+00 0.000000e+00
2.620468e-13 0.000000e+00 0.000000e+00
3.176532e-13 0.000000e+00 0.000000e+00
-1.504369e-13 0.000000e+00 0.000000e+00
2.657034e-13 0.000000e+00 0.000000e+00
3.792594e-14 0.000000e+00 0.000000e+00
2.006569e-13 0.000000e+00 0.000000e+00
1.600277e-13 0.000000e+00 0.000000e+00
2.691952e-13 0.000000e+00 0.000000e+00
-8.286087e-14 0.000000e+00 0.000000e+00
1.794995e-14 0.000000e+00 0.000000e+00
-1.151197e-13 0.000000e+00 0.000000e+00
-1.508114e-13 0.000000e+00 0.000000e+00
2.331701e-13 0.000000e+00 0.000000e+00
-2.100672e-13 0.000000e+00 0.000000e+00
1.625207e-13 0.000000e+00 0.000000e+00
2.923099e-15 0.000000e+00 0.000000e+00
4.755247e-14 0.000000e+00 0.000000e+00
-3.602757e-14 0.000000e+00 0.000000e+00
-1.292885e-13 0.000000e+00 0.000000e+00
5.292434e-14 0.000000e+00 0.000000e+00
-1.158756e-13 0.000000e+00 0.000000e+00
1.150163e-13 0.000000e+00 0.000000e+00
1.156196e-13 0.000000e+00 0.000000e+00
-4.991224e-15 0.000000e+00 0.000000e+00
1.358007e-13 0.000000e+00 0.000000e+00
1.400553e-13 0.000000e+00 0.000000e+00
-5.034712e-15 0.000000e+00 0.000000e+00
6.799980e-14 0.000000e+00 0.000000e+00
9.584657e-14 0.000000e+00 0.000000e+00
1.024980e-13 0.000000e+00 0.000000e+00
-1.427203e-13 0.000000e+00 0.000000e+00
-1.156678e-14 0.000000e+00 0.000000e+00
-8.039398e-14 0.000000e+00 0.000000e+00
-1.117966e-13 0.000000e+00 0.000000e+00
8.020066e-14 0.000000e+00 0.000000e+00
-1.320269e-13 0.000000e+00 0.000000e+00
2.019137e-13 0.000000e+00 0.000000e+00
1.137820e-13 0.000000e+00 0.000000e+00
9.471390e-14 0.000000e+00 0.000000e+00
1.137388e-14 0.000000e+00 0.000000e+00
1.824205e-13 0.000000e+00 0.000000e+00
1.393642e-13 0.000000e+00 0.000000e+00
4.957720e-15 0.000000e+00 0.000000e+00
1.332239e-13 0.000000e+00 0.000000e+00
-5.565675e-14 0.000000e+00 0.000000e+00
1.260939e-13 0.000000e+00 0.000000e+00
2.352549e-14 0.000000e+00 0.000000e+00
2.310301e-14 0.000000e+00 0.000000e+00
-1.069865e-13 0.000000e+00 0.000000e+00
1.458335e-13 0.000000e+00 0.000000e+00
-1.886152e-13 0.000000e+00 0.000000e+00
1.156769e-13 0.000000e+00 0.000000e+00
-2.021086e-13 0.000000e+00 0.000000e+00
-1.133944e-13 0.000000e+00 0.000000e+00
-9.857534e-14 0.000000e+00 0.000000e+00
1.612058e-14 0.000000e+00 0.000000e+00
3.398994e-14 0.000000e+00 0.000000e+00
4.679398e-15 0.000000e+00 0.000000e+00
-5.642578e-13 0.000000e+00 0.000000e+00
1.290580e-13 0.000000e+00 0.000000e+00
-1.199875e-13 0.000000e+00 0.000000e+00
1.329827e-13 0.000000e+00 0.000000e+00
1.687722e-13 0.000000e+00 0.000000e+00
-1.017702e-13 0.000000e+00 0.000000e+00
-3.400274e-14 0.000000e+00 0.000000e+00
1.898590e-13 0.000000e+00 0.000000e+00
6.210380e-14 0.000000e+00 0.000000e+00
4.015099e-14 0.000000e+00 0.000000e+00
6.924202e-14 0.000000e+00 0.000000e+00
-7.614158e-15 0.000000e+00 0.000000e+00
1.295293e-13 0.000000e+00 0.000000e+00
1.702671e-13 0.000000e+00 0.000000e+00
-7.179085e-14 0.000000e+00 0.000000e+00
1.204026e-13 0.000000e+00 0.000000e+00
1.057030e-13 0.000000e+00 0.000000e+00
-5.645704e-14 0.000000e+00 0.000000e+00
1.579600e-13 0.000000e+00 0.000000e+00
2.703115e-14 0.000000e+00 0.000000e+00
-2.012369e-13 0.000000e+00 0.000000e+00
4.885075e-14 0.000000e+00 0.000000e+00
7.286614e-14 0.000000e+00 0.000000e+00
1.169208e-13 0.000000e+00 0.000000e+00
1.078203e-13 0.000000e+00 0.000000e+00
7.319674e-14 0.000000e+00 0.000000e+00
5.750832e-14 0.000000e+00 0.000000e+00
3.534781e-13 0.000000e+00 0.000000e+00
9.043427e-14 0.000000e+00 0.000000e+00
1.527389e-13 0.000000e+00 0.000000e+00
-2.545269e-13 0.000000e+00 0.000000e+00
4.193014e-14 0.000000e+00 0.000000e+00
1.906658e-13 0.000000e+00 0.000000e+00
2.748150e-13 0.000000e+00 0.000000e+00
-2.441114e-13 0.000000e+00 0.000000e+00
-7.568210e-14 0.000000e+00 0.000000e+00
-1.679340e-13 0.000000e+00 0.000000e+00
-1.576067e-13 0.000000e+00 0.000000e+00
1.375778e-13 0.000000e+00 0.000000e+00
3.060559e-14 0.000000e+00 0.000000e+00
-2.107937e-13 0.000000e+00 0.000000e+00
-8.680691e-14 0.000000e+00 0.000000e+00
9.196145e-15 0.000000e+00 0.000000e+00
1.840522e-13 0.000000e+00 0.000000e+00
2.302382e-13 0.000000e+00 0.000000e+00
1.347584e-14 0.000000e+00 0.000000e+00
3.032860e-13 0.000000e+00 0.000000e+00
-7.305686e-14 0.000000e+00 0.000000e+00
2.300089e-13 0.000000e+00 0.000000e+00
2.991551e-14 0.000000e+00 0.000000e+00
-1.117108e-13 0.000000e+00 0.000000e+00
-2.510673e-13 0.000000e+00 0.000000e+00
-3.307968e-14 0.000000e+00 0.000000e+00
-7.323156e-13 0.000000e+00 0.000000e+00
1.417375e-13 0.000000e+00 0.000000e+00
3.527360e-13 0.000000e+00 0.000000e+00
9.650173e-14 0.000000e+00 0.000000e+00
3.217358e-14 0.000000e+00 0.000000e+00
6.313575e-15 0.000000e+00 0.000000e+00
1.133260e-13 0.000000e+00 0.000000e+00
-1.519403e-14 0.000000e+00 0.000000e+00
5.275806e-14 0.000000e+00 0.000000e+00
-2.173936e-13 0.000000e+00 0.000000e+00
2.336738e-13 0.000000e+00 0.000000e+00
1.247363e-13 0.000000e+00 0.000000e+00
-2.572403e-14 0.000000e+00 0.000000e+00
-1.151932e-13 0.000000e+00 0.000000e+00
-8.404437e-14 0.000000e+00 0.000000e+00
1.173128e-13 0.000000e+00 0.000000e+00
3.865268e-13 0.000000e+00 0.000000e+00
1.934787e-13 0.000000e+00 0.000000e+00
-3.646992e-13 0.000000e+00 0.000000e+00
2.735406e-14 0.000000e+00 0.000000e+00
-1.468960e-15 0.000000e+00 0.000000e+00
1.690212e-13 0.000000e+00 0.000000e+00
-5.192755e-14 0.000000e+00 0.000000e+00
9.271005e-14 0.000000e+00 0.000000e+00
-2.602584e-14 0.000000e+00 0.000000e+00
1.454588e-13 0.000000e+00 0.000000e+00
-5.453097e-15 0.000000e+00 0.000000e+00
1.989766e-13 0.000000e+00 0.000000e+00
-1.484684e-13 0.000000e+00 0.000000e+00
2.193718e-13 0.000000e+00 0.000000e+00
-2.477771e-14 0.000000e+00 0.000000e+00
1.414852e-13 0.000000e+00 0.000000e+00
-1.396877e-13 0.000000e+00 0.000000e+00
-2.145657e-13 0.000000e+00 0.000000e+00
2.540104e-13 0.000000e+00 0.000000e+00
-1.765235e-13 0.000000e+00 0.000000e+00
-1.833460e-13 0.000000e+00 0.000000e+00
2.511654e-14 0.000000e+00 0.000000e+00
-2.300357e-13 0.000000e+00 0.000000e+00
-4.543422e-14 0.000000e+00 0.000000e+00
-4.701955e-14 0.000000e+00 0.000000e+00
-2.134080e-13 0.000000e+00 0.000000e+00
-3.303351e-13 0.000000e+00 0.000000e+00
-1.027899e-13 0.000000e+00 0.000000e+00
1.541256e-13 0.000000e+00 0.000000e+00
6.986621e-14 0.000000e+00 0.000000e+00
6.950516e-14 0.000000e+00 0.000000e+00
2.027511e-13 0.000000e+00 0.000000e+00
-3.013490e-14 0.000000e+00 0.000000e+00
2.183413e-14 0.000000e+00 0.000000e+00
2.782252e-13 0.000000e+00 0.000000e+00
-1.503056e-13 0.000000e+00 0.000000e+00
-8.322000e-14 0.000000e+00 0.000000e+00
-3.521216e-14 0.000000e+00 0.000000e+00
8.572790e-14 0.000000e+00 0.000000e+00
-2.949486e-13 0.000000e+00 0.000000e+00
3.714687e-14 0.000000e+00 0.000000e+00
2.697013e-13 0.000000e+00 0.000000e+00
-4.280834e-14 0.000000e+00 0.000000e+00
1.547111e-13 0.000000e+00 0.000000e+00
8.602606e-13 0.000000e+00 0.000000e+00
-1.956159e-13 0.000000e+00 0.000000e+00
9.621938e-14 0.000000e+00 0.000000e+00
-6.015880e-14 0.000000e+00 0.000000e+00
1.157656e-14 0.000000e+00 0.000000e+00
6.376640e-14 0.000000e+00 0.000000e+00
-2.058991e-13 0.000000e+00 0.000000e+00
1.516274e-13 0.000000e+00 0.000000e+00
1.000171e-13 0.000000e+00 0.000000e+00
-2.684412e-13 0.000000e+00 0.000000e+00
1.251930e-13 0.000000e+00 0.000000e+00
4.644924e-14 0.000000e+00 0.000000e+00
1.525366e-14 0.000000e+00 0.000000e+00
3.539386e-15 0.000000e+00 0.000000e+00
-1.272237e-13 0.000000e+00 0.000000e+00
-2.054357e-13 0.000000e+00 0.000000e+00
1.715788e-13 0.000000e+00 0.000000e+00
1.572629e-13 0.000000e+00 0.000000e+00
-8.409447e-14 0.000000e+00 0.000000e+00
-3.238517e-14 0.000000e+00 0.000000e+00
8.135650e-14 0.000000e+00 0.000000e+00
-1.717788e-13 0.000000e+00 0.000000e+00
-3.381999e-14 0.000000e+00 0.000000e+00
-2.225956e-13 0.000000e+00 0.000000e+00
2.613731e-13 0.000000e+00 0.000000e+00
-1.450687e-13 0.000000e+00 0.000000e+00
7.098813e-14 0.000000e+00 0.000000e+00
-1.636439e-13 0.000000e+00 0.000000e+00
2.743457e-13 0.000000e+00 0.000000e+00
-2.242408e-13 0.000000e+00 0.000000e+00
-1.214983e-14 0.000000e+00 0.000000e+00
8.157159e-14 0.000000e+00 0.000000e+00
-2.123932e-13 0.000000e+00 0.000000e+00
5.154075e-14 0.000000e+00 0.000000e+00
-3.787200e-14 0.000000e+00 0.000000e+00
1.424059e-13 0.000000e+00 0.000000e+00
6.006151e-14 0.000000e+00 0.000000e+00
-3.215719e-14 0.000000e+00 0.000000e+00
3.692944e-13 0.000000e+00 0.000000e+00
-5.883091e-14 0.000000e+00 0.000000e+00
-3.835891e-13 0.000000e+00 0.000000e+00
-1.344784e-13 0.000000e+00 0.000000e+00
1.468897e-13 0.000000e+00 0.000000e+00
7.984464e-14 0.000000e+00 0.000000e+00
-8.715497e-15 0.000000e+00 0.000000e+00
9.354343e-14 0.000000e+00 0.000000e+00
-2.360488e-13 0.000000e+00 0.000000e+00
-1.084269e-13 0.000000e+00 0.000000e+00
8.007706e-14 0.000000e+00 0.000000e+00
-1.727767e-13 0.000000e+00 0.000000e+00
-9.197771e-14 0.000000e+00 0.000000e+00
4.821472e-14 0.000000e+00 0.000000e+00
1.490587e-14 0.000000e+00 0.000000e+00
1.389144e-13 0.000000e+00 0.000000e+00
-6.561954e-14 0.000000e+00 0.000000e+00
1.072365e-13 0.000000e+00 0.000000e+00
1.969884e-13 0.000000e+00 0.000000e+00
-2.902373e-14 0.000000e+00 0.000000e+00
-1.101597e-14 0.000000e+00 0.000000e+00
-9.226397e-14 0.000000e+00 0.000000e+00
5.466936e-14 0.000000e+00 0.000000e+00
-1.532699e-13 0.000000e+00 0.000000e+00
1.844512e-14 0.000000e+00 0.000000e+00
-1.526703e-13 0.000000e+00 0.000000e+00
-1.160085e-13 0.000000e+00 0.000000e+00
-9.365586e-14 0.000000e+00 0.000000e+00
-7.475775e-14 0.000000e+00 0.000000e+00
