FX FY FZ 
2.881069e-10 0.000000e+00 0.000000e+00
2.517373e-10 0.000000e+00 0.000000e+00
5.092840e-10 0.000000e+00 0.000000e+00
3.987853e-10 0.000000e+00 0.000000e+00
4.928814e-10 0.000000e+00 0.000000e+00
6.159072e-10 0.000000e+00 0.000000e+00
6.143453e-10 0.000000e+00 0.000000e+00
6.210643e-10 0.000000e+00 0.000000e+00
6.281532e-10 0.000000e+00 0.000000e+00
1.301080e-10 0.000000e+00 0.000000e+00
4.332917e-11 0.000000e+00 0.000000e+00
-2.202192e-10 0.000000e+00 0.000000e+00
-1.430955e-10 0.000000e+00 0.000000e+00
5.754589e-10 0.000000e+00 0.000000e+00
5.965295e-10 0.000000e+00 0.000000e+00
6.102267e-10 0.000000e+00 0.000000e+00
5.381840e-10 0.000000e+00 0.000000e+00
5.852931e-10 0.000000e+00 0.000000e+00
3.053643e-10 0.000000e+00 0.000000e+00
-5.464089e-11 0.000000e+00 0.000000e+00
-1.230072e-10 0.000000e+00 0.000000e+00
-6.431333e-13 0.000000e+00 0.000000e+00
1.985243e-10 0.000000e+00 0.000000e+00
9.480620e-11 0.000000e+00 0.000000e+00
4.421829e-10 0.000000e+00 0.000000e+00
-9.863989e-11 0.000000e+00 0.000000e+00
-3.933569e-11 0.000000e+00 0.000000e+00
4.724327e-10 0.000000e+00 0.000000e+00
1.766268e-10 0.000000e+00 0.000000e+00
7.037166e-11 0.000000e+00 0.000000e+00
-9.603730e-10 0.000000e+00 0.000000e+00
-7.726730e-10 0.000000e+00 0.000000e+00
-8.255807e-10 0.000000e+00 0.000000e+00
-1.240380e-09 0.000000e+00 0.000000e+00
-1.169169e-09 0.000000e+00 0.000000e+00
-8.684673e-10 0.000000e+00 0.000000e+00
-1.023647e-09 0.000000e+00 0.000000e+00
-7.209095e-10 0.000000e+00 0.000000e+00
-1.769854e-10 0.000000e+00 0.000000e+00
-5.932489e-10 0.000000e+00 0.000000e+00
-4.631612e-10 0.000000e+00 0.000000e+00
-2.773980e-10 0.000000e+00 0.000000e+00
-3.961264e-10 0.000000e+00 0.000000e+00
-4.961467e-10 0.000000e+00 0.000000e+00
-6.754721e-10 0.000000e+00 0.000000e+00
-3.373054e-10 0.000000e+00 0.000000e+00
-2.428763e-10 0.000000e+00 0.000000e+00
-3.729844e-10 0.000000e+00 0.000000e+00
-2.976930e-10 0.000000e+00 0.000000e+00
-3.356563e-10 0.000000e+00 0.000000e+00
3.374926e-10 0.000000e+00 0.000000e+00
6.046347e-10 0.000000e+00 0.000000e+00
6.313820e-10 0.000000e+00 0.000000e+00
6.305240e-10 0.000000e+00 0.000000e+00
5.665008e-10 0.000000e+00 0.000000e+00
-7.464531e-11 0.000000e+00 0.000000e+00
-7.672087e-10 0.000000e+00 0.000000e+00
-1.606312e-09 0.000000e+00 0.000000e+00
-1.302925e-09 0.000000e+00 0.000000e+00
-1.440379e-09 0.000000e+00 0.000000e+00
-1.383522e-09 0.000000e+00 0.000000e+00
-1.073041e-09 0.000000e+00 0.000000e+00
-1.114791e-09 0.000000e+00 0.000000e+00
-9.207299e-10 0.000000e+00 0.000000e+00
-2.097689e-09 0.000000e+00 0.000000e+00
-9.122098e-10 0.000000e+00 0.000000e+00
-5.598176e-10 0.000000e+00 0.000000e+00
-6.404959e-10 0.000000e+00 0.000000e+00
-5.431443e-10 0.000000e+00 0.000000e+00
-4.309378e-10 0.000000e+00 0.000000e+00
-5.192138e-10 0.000000e+00 0.000000e+00
-5.151180e-10 0.000000e+00 0.000000e+00
6.190624e-10 0.000000e+00 0.000000e+00
6.069871e-10 0.000000e+00 0.000000e+00
6.244146e-10 0.000000e+00 0.000000e+00
-5.743156e-10 0.000000e+00 0.000000e+00
1.540247e-10 0.000000e+00 0.000000e+00
4.052411e-10 0.000000e+00 0.000000e+00
3.000727e-10 0.000000e+00 0.000000e+00
4.602990e-10 0.000000e+00 0.000000e+00
-2.994301e-10 0.000000e+00 0.000000e+00
-1.701931e-10 0.000000e+00 0.000000e+00
2.551802e-10 0.000000e+00 0.000000e+00
3.634686e-10 0.000000e+00 0.000000e+00
8.606080e-11 0.000000e+00 0.000000e+00
1.981117e-10 0.000000e+00 0.000000e+00
-3.228669e-10 0.000000e+00 0.000000e+00
-4.740477e-10 0.000000e+00 0.000000e+00
-3.835664e-10 0.000000e+00 0.000000e+00
-3.992946e-10 0.000000e+00 0.000000e+00
-5.016945e-10 0.000000e+00 0.000000e+00
-4.506631e-10 0.000000e+00 0.000000e+00
-6.091271e-10 0.000000e+00 0.000000e+00
-5.782910e-10 0.000000e+00 0.000000e+00
-4.164624e-10 0.000000e+00 0.000000e+00
-5.644896e-10 0.000000e+00 0.000000e+00
-5.273301e-10 0.000000e+00 0.000000e+00
-5.934917e-10 0.000000e+00 0.000000e+00
-6.133686e-10 0.000000e+00 0.000000e+00
-6.327758e-10 0.000000e+00 0.000000e+00
-6.178964e-10 0.000000e+00 0.000000e+00
-6.270292e-10 0.000000e+00 0.000000e+00
-6.323962e-10 0.000000e+00 0.000000e+00
-6.214735e-10 0.000000e+00 0.000000e+00
-6.308763e-10 0.000000e+00 0.000000e+00
-6.313974e-10 0.000000e+00 0.000000e+00
-6.253214e-10 0.000000e+00 0.000000e+00
-6.280452e-10 0.000000e+00 0.000000e+00
-6.320039e-10 0.000000e+00 0.000000e+00
-6.317402e-10 0.000000e+00 0.000000e+00
-4.925560e-10 0.000000e+00 0.000000e+00
-5.544485e-12 0.000000e+00 0.000000e+00
-9.848455e-11 0.000000e+00 0.000000e+00
-6.220740e-11 0.000000e+00 0.000000e+00
-1.242206e-10 0.000000e+00 0.000000e+00
-2.716732e-10 0.000000e+00 0.000000e+00
-2.173913e-10 0.000000e+00 0.000000e+00
8.235224e-10 0.000000e+00 0.000000e+00
1.176624e-09 0.000000e+00 0.000000e+00
4.481138e-11 0.000000e+00 0.000000e+00
-1.973343e-10 0.000000e+00 0.000000e+00
5.459849e-10 0.000000e+00 0.000000e+00
2.284056e-11 0.000000e+00 0.000000e+00
7.572561e-10 0.000000e+00 0.000000e+00
7.096752e-10 0.000000e+00 0.000000e+00
4.992760e-10 0.000000e+00 0.000000e+00
2.325638e-10 0.000000e+00 0.000000e+00
1.447001e-09 0.000000e+00 0.000000e+00
6.317350e-10 0.000000e+00 0.000000e+00
5.645927e-10 0.000000e+00 0.000000e+00
1.073317e-09 0.000000e+00 0.000000e+00
9.275089e-10 0.000000e+00 0.000000e+00
6.609616e-10 0.000000e+00 0.000000e+00
1.334876e-09 0.000000e+00 0.000000e+00
1.019817e-09 0.000000e+00 0.000000e+00
1.253318e-09 0.000000e+00 0.000000e+00
1.578570e-09 0.000000e+00 0.000000e+00
9.689662e-10 0.000000e+00 0.000000e+00
-6.290495e-10 0.000000e+00 0.000000e+00
-3.509408e-10 0.000000e+00 0.000000e+00
3.288509e-10 0.000000e+00 0.000000e+00
4.041358e-10 0.000000e+00 0.000000e+00
9.336987e-11 0.000000e+00 0.000000e+00
-5.362458e-11 0.000000e+00 0.000000e+00
-2.460877e-10 0.000000e+00 0.000000e+00
-3.686726e-10 0.000000e+00 0.000000e+00
-4.367754e-10 0.000000e+00 0.000000e+00
-5.837955e-10 0.000000e+00 0.000000e+00
-6.066091e-10 0.000000e+00 0.000000e+00
-5.995972e-10 0.000000e+00 0.000000e+00
-5.443700e-10 0.000000e+00 0.000000e+00
-5.388941e-10 0.000000e+00 0.000000e+00
-5.165660e-10 0.000000e+00 0.000000e+00
-1.552932e-10 0.000000e+00 0.000000e+00
-3.377399e-10 0.000000e+00 0.000000e+00
-1.853570e-10 0.000000e+00 0.000000e+00
-1.316465e-10 0.000000e+00 0.000000e+00
-5.559000e-10 0.000000e+00 0.000000e+00
-6.132450e-10 0.000000e+00 0.000000e+00
-6.245533e-10 0.000000e+00 0.000000e+00
-6.138883e-10 0.000000e+00 0.000000e+00
-4.912915e-10 0.000000e+00 0.000000e+00
-5.486737e-10 0.000000e+00 0.000000e+00
-5.223273e-10 0.000000e+00 0.000000e+00
-6.290721e-10 0.000000e+00 0.000000e+00
-5.045062e-10 0.000000e+00 0.000000e+00
-5.956789e-10 0.000000e+00 0.000000e+00
-6.186735e-10 0.000000e+00 0.000000e+00
-5.561620e-10 0.000000e+00 0.000000e+00
5.800739e-10 0.000000e+00 0.000000e+00
5.642615e-10 0.000000e+00 0.000000e+00
4.509489e-10 0.000000e+00 0.000000e+00
-4.276885e-10 0.000000e+00 0.000000e+00
5.360613e-10 0.000000e+00 0.000000e+00
-2.542923e-10 0.000000e+00 0.000000e+00
-3.290179e-10 0.000000e+00 0.000000e+00
-3.977071e-10 0.000000e+00 0.000000e+00
-4.780886e-10 0.000000e+00 0.000000e+00
-4.420179e-10 0.000000e+00 0.000000e+00
-5.298342e-10 0.000000e+00 0.000000e+00
-5.403367e-10 0.000000e+00 0.000000e+00
-6.327319e-10 0.000000e+00 0.000000e+00
-5.669561e-10 0.000000e+00 0.000000e+00
-6.024722e-10 0.000000e+00 0.000000e+00
-5.847560e-10 0.000000e+00 0.000000e+00
-6.224434e-10 0.000000e+00 0.000000e+00
-6.327027e-10 0.000000e+00 0.000000e+00
-4.142897e-10 0.000000e+00 0.000000e+00
-2.291177e-10 0.000000e+00 0.000000e+00
-2.799908e-10 0.000000e+00 0.000000e+00
7.210052e-10 0.000000e+00 0.000000e+00
1.768410e-09 0.000000e+00 0.000000e+00
1.520190e-09 0.000000e+00 0.000000e+00
6.056809e-10 0.000000e+00 0.000000e+00
4.308204e-10 0.000000e+00 0.000000e+00
1.399243e-09 0.000000e+00 0.000000e+00
1.131679e-09 0.000000e+00 0.000000e+00
8.706621e-10 0.000000e+00 0.000000e+00
8.835996e-10 0.000000e+00 0.000000e+00
2.163153e-09 0.000000e+00 0.000000e+00
2.365964e-09 0.000000e+00 0.000000e+00
2.113537e-09 0.000000e+00 0.000000e+00
1.987701e-09 0.000000e+00 0.000000e+00
1.676794e-09 0.000000e+00 0.000000e+00
1.056059e-09 0.000000e+00 0.000000e+00
1.270710e-09 0.000000e+00 0.000000e+00
1.921188e-09 0.000000e+00 0.000000e+00
1.239707e-10 0.000000e+00 0.000000e+00
1.811048e-10 0.000000e+00 0.000000e+00
-3.166450e-10 0.000000e+00 0.000000e+00
-2.377394e-10 0.000000e+00 0.000000e+00
-5.993202e-10 0.000000e+00 0.000000e+00
-5.488427e-10 0.000000e+00 0.000000e+00
-5.725356e-10 0.000000e+00 0.000000e+00
-5.690022e-10 0.000000e+00 0.000000e+00
-6.073830e-10 0.000000e+00 0.000000e+00
-6.227538e-10 0.000000e+00 0.000000e+00
-6.280472e-10 0.000000e+00 0.000000e+00
-6.255465e-10 0.000000e+00 0.000000e+00
-5.883329e-10 0.000000e+00 0.000000e+00
-4.876137e-10 0.000000e+00 0.000000e+00
-4.605145e-10 0.000000e+00 0.000000e+00
-4.841513e-10 0.000000e+00 0.000000e+00
-3.859562e-10 0.000000e+00 0.000000e+00
-4.072670e-10 0.000000e+00 0.000000e+00
2.871538e-10 0.000000e+00 0.000000e+00
1.486965e-11 0.000000e+00 0.000000e+00
5.316663e-11 0.000000e+00 0.000000e+00
9.409350e-10 0.000000e+00 0.000000e+00
1.810480e-09 0.000000e+00 0.000000e+00
1.175861e-09 0.000000e+00 0.000000e+00
1.120293e-09 0.000000e+00 0.000000e+00
-1.488456e-10 0.000000e+00 0.000000e+00
-3.721871e-10 0.000000e+00 0.000000e+00
-4.966925e-11 0.000000e+00 0.000000e+00
1.809248e-10 0.000000e+00 0.000000e+00
3.454051e-10 0.000000e+00 0.000000e+00
2.160258e-10 0.000000e+00 0.000000e+00
7.478475e-10 0.000000e+00 0.000000e+00
4.848029e-10 0.000000e+00 0.000000e+00
5.190349e-10 0.000000e+00 0.000000e+00
-2.055337e-11 0.000000e+00 0.000000e+00
1.317748e-10 0.000000e+00 0.000000e+00
-2.655026e-10 0.000000e+00 0.000000e+00
2.753467e-10 0.000000e+00 0.000000e+00
7.103350e-10 0.000000e+00 0.000000e+00
-2.995224e-10 0.000000e+00 0.000000e+00
-3.458994e-10 0.000000e+00 0.000000e+00
5.427402e-11 0.000000e+00 0.000000e+00
1.078775e-10 0.000000e+00 0.000000e+00
3.851792e-10 0.000000e+00 0.000000e+00
-5.928614e-10 0.000000e+00 0.000000e+00
6.723223e-10 0.000000e+00 0.000000e+00
5.169144e-10 0.000000e+00 0.000000e+00
5.953276e-10 0.000000e+00 0.000000e+00
6.302928e-10 0.000000e+00 0.000000e+00
-1.082166e-10 0.000000e+00 0.000000e+00
-8.359355e-11 0.000000e+00 0.000000e+00
-3.203064e-10 0.000000e+00 0.000000e+00
-6.383454e-12 0.000000e+00 0.000000e+00
1.620712e-10 0.000000e+00 0.000000e+00
-1.873241e-10 0.000000e+00 0.000000e+00
-9.504569e-11 0.000000e+00 0.000000e+00
5.683737e-10 0.000000e+00 0.000000e+00
2.491036e-10 0.000000e+00 0.000000e+00
-2.252237e-10 0.000000e+00 0.000000e+00
-6.179340e-10 0.000000e+00 0.000000e+00
-4.178851e-10 0.000000e+00 0.000000e+00
2.587097e-10 0.000000e+00 0.000000e+00
4.898307e-10 0.000000e+00 0.000000e+00
5.047361e-10 0.000000e+00 0.000000e+00
4.259538e-10 0.000000e+00 0.000000e+00
4.484744e-10 0.000000e+00 0.000000e+00
5.189714e-10 0.000000e+00 0.000000e+00
5.537923e-10 0.000000e+00 0.000000e+00
4.890871e-10 0.000000e+00 0.000000e+00
5.262173e-10 0.000000e+00 0.000000e+00
5.884507e-10 0.000000e+00 0.000000e+00
3.561132e-10 0.000000e+00 0.000000e+00
3.816404e-10 0.000000e+00 0.000000e+00
1.561042e-10 0.000000e+00 0.000000e+00
2.751042e-10 0.000000e+00 0.000000e+00
4.121827e-10 0.000000e+00 0.000000e+00
1.150929e-10 0.000000e+00 0.000000e+00
2.204174e-10 0.000000e+00 0.000000e+00
2.922129e-10 0.000000e+00 0.000000e+00
3.773499e-11 0.000000e+00 0.000000e+00
3.656070e-10 0.000000e+00 0.000000e+00
4.682024e-10 0.000000e+00 0.000000e+00
3.834100e-10 0.000000e+00 0.000000e+00
6.324243e-10 0.000000e+00 0.000000e+00
6.327326e-10 0.000000e+00 0.000000e+00
6.251665e-10 0.000000e+00 0.000000e+00
6.292135e-10 0.000000e+00 0.000000e+00
5.928451e-10 0.000000e+00 0.000000e+00
5.869582e-10 0.000000e+00 0.000000e+00
5.195551e-10 0.000000e+00 0.000000e+00
1.084536e-10 0.000000e+00 0.000000e+00
-1.723831e-10 0.000000e+00 0.000000e+00
1.561930e-11 0.000000e+00 0.000000e+00
-4.386900e-10 0.000000e+00 0.000000e+00
-2.595871e-10 0.000000e+00 0.000000e+00
-2.361705e-11 0.000000e+00 0.000000e+00
-1.875707e-10 0.000000e+00 0.000000e+00
-3.192271e-10 0.000000e+00 0.000000e+00
-4.711430e-10 0.000000e+00 0.000000e+00
2.023801e-10 0.000000e+00 0.000000e+00
2.401161e-10 0.000000e+00 0.000000e+00
3.275211e-10 0.000000e+00 0.000000e+00
2.812351e-10 0.000000e+00 0.000000e+00
2.544553e-10 0.000000e+00 0.000000e+00
5.432970e-10 0.000000e+00 0.000000e+00
4.485176e-10 0.000000e+00 0.000000e+00
6.322076e-10 0.000000e+00 0.000000e+00
6.022746e-10 0.000000e+00 0.000000e+00
4.710701e-10 0.000000e+00 0.000000e+00
6.212773e-10 0.000000e+00 0.000000e+00
6.297183e-10 0.000000e+00 0.000000e+00
6.317653e-10 0.000000e+00 0.000000e+00
6.259979e-10 0.000000e+00 0.000000e+00
2.758790e-10 0.000000e+00 0.000000e+00
1.994969e-10 0.000000e+00 0.000000e+00
-1.015798e-10 0.000000e+00 0.000000e+00
-4.501430e-13 0.000000e+00 0.000000e+00
-6.605242e-11 0.000000e+00 0.000000e+00
-3.909029e-11 0.000000e+00 0.000000e+00
-2.236718e-10 0.000000e+00 0.000000e+00
-2.965047e-10 0.000000e+00 0.000000e+00
-3.649730e-10 0.000000e+00 0.000000e+00
-3.072392e-10 0.000000e+00 0.000000e+00
-3.797911e-10 0.000000e+00 0.000000e+00
-3.506498e-10 0.000000e+00 0.000000e+00
-5.888422e-10 0.000000e+00 0.000000e+00
-6.196902e-10 0.000000e+00 0.000000e+00
-4.582741e-10 0.000000e+00 0.000000e+00
-1.174805e-10 0.000000e+00 0.000000e+00
7.460528e-11 0.000000e+00 0.000000e+00
1.695827e-10 0.000000e+00 0.000000e+00
3.894222e-11 0.000000e+00 0.000000e+00
9.699805e-11 0.000000e+00 0.000000e+00
-1.966092e-10 0.000000e+00 0.000000e+00
-1.578480e-10 0.000000e+00 0.000000e+00
-2.367648e-10 0.000000e+00 0.000000e+00
-2.732545e-10 0.000000e+00 0.000000e+00
-6.001123e-10 0.000000e+00 0.000000e+00
-6.121565e-10 0.000000e+00 0.000000e+00
-5.805272e-10 0.000000e+00 0.000000e+00
-5.067351e-10 0.000000e+00 0.000000e+00
-5.329932e-10 0.000000e+00 0.000000e+00
-4.131564e-10 0.000000e+00 0.000000e+00
-3.902686e-10 0.000000e+00 0.000000e+00
-3.374744e-10 0.000000e+00 0.000000e+00
-4.673875e-10 0.000000e+00 0.000000e+00
-4.856689e-10 0.000000e+00 0.000000e+00
-4.693637e-10 0.000000e+00 0.000000e+00
-5.165649e-10 0.000000e+00 0.000000e+00
-6.326663e-10 0.000000e+00 0.000000e+00
-5.730450e-10 0.000000e+00 0.000000e+00
-5.590468e-10 0.000000e+00 0.000000e+00
-5.625826e-10 0.000000e+00 0.000000e+00
-5.932390e-10 0.000000e+00 0.000000e+00
-6.306043e-10 0.000000e+00 0.000000e+00
-6.159586e-10 0.000000e+00 0.000000e+00
-6.323472e-10 0.000000e+00 0.000000e+00
-6.184304e-10 0.000000e+00 0.000000e+00
6.001003e-10 0.000000e+00 0.000000e+00
5.037125e-10 0.000000e+00 0.000000e+00
3.159967e-10 0.000000e+00 0.000000e+00
1.551254e-10 0.000000e+00 0.000000e+00
2.284971e-10 0.000000e+00 0.000000e+00
-9.560052e-11 0.000000e+00 0.000000e+00
6.363183e-11 0.000000e+00 0.000000e+00
-1.491593e-10 0.000000e+00 0.000000e+00
3.313397e-11 0.000000e+00 0.000000e+00
-3.738153e-10 0.000000e+00 0.000000e+00
6.808641e-12 0.000000e+00 0.000000e+00
3.472929e-10 0.000000e+00 0.000000e+00
4.030088e-10 0.000000e+00 0.000000e+00
4.216884e-10 0.000000e+00 0.000000e+00
2.965593e-10 0.000000e+00 0.000000e+00
5.264239e-10 0.000000e+00 0.000000e+00
5.976181e-10 0.000000e+00 0.000000e+00
6.327731e-10 0.000000e+00 0.000000e+00
6.273240e-10 0.000000e+00 0.000000e+00
5.285612e-10 0.000000e+00 0.000000e+00
6.165677e-10 0.000000e+00 0.000000e+00
6.179465e-10 0.000000e+00 0.000000e+00
6.299192e-10 0.000000e+00 0.000000e+00
6.289413e-10 0.000000e+00 0.000000e+00
6.113565e-10 0.000000e+00 0.000000e+00
6.069660e-10 0.000000e+00 0.000000e+00
6.318154e-10 0.000000e+00 0.000000e+00
6.311040e-10 0.000000e+00 0.000000e+00
6.324130e-10 0.000000e+00 0.000000e+00
6.326921e-10 0.000000e+00 0.000000e+00
5.424592e-10 0.000000e+00 0.000000e+00
5.518026e-10 0.000000e+00 0.000000e+00
6.000605e-10 0.000000e+00 0.000000e+00
5.745524e-10 0.000000e+00 0.000000e+00
5.720696e-10 0.000000e+00 0.000000e+00
4.766613e-10 0.000000e+00 0.000000e+00
3.397046e-10 0.000000e+00 0.000000e+00
4.176421e-10 0.000000e+00 0.000000e+00
4.638771e-10 0.000000e+00 0.000000e+00
3.893313e-10 0.000000e+00 0.000000e+00
4.018646e-10 0.000000e+00 0.000000e+00
4.349070e-10 0.000000e+00 0.000000e+00
2.889409e-10 0.000000e+00 0.000000e+00
6.273939e-10 0.000000e+00 0.000000e+00
6.241913e-10 0.000000e+00 0.000000e+00
6.202031e-10 0.000000e+00 0.000000e+00
6.282796e-10 0.000000e+00 0.000000e+00
1.565384e-10 0.000000e+00 0.000000e+00
-1.847781e-10 0.000000e+00 0.000000e+00
-4.478684e-10 0.000000e+00 0.000000e+00
1.517544e-11 0.000000e+00 0.000000e+00
1.193739e-10 0.000000e+00 0.000000e+00
1.419313e-10 0.000000e+00 0.000000e+00
5.193004e-11 0.000000e+00 0.000000e+00
-3.645599e-10 0.000000e+00 0.000000e+00
-4.035390e-10 0.000000e+00 0.000000e+00
-2.093627e-10 0.000000e+00 0.000000e+00
3.663022e-10 0.000000e+00 0.000000e+00
5.562246e-10 0.000000e+00 0.000000e+00
3.715241e-10 0.000000e+00 0.000000e+00
5.048064e-10 0.000000e+00 0.000000e+00
4.733400e-10 0.000000e+00 0.000000e+00
4.933674e-10 0.000000e+00 0.000000e+00
5.263756e-10 0.000000e+00 0.000000e+00
6.121449e-10 0.000000e+00 0.000000e+00
5.436571e-10 0.000000e+00 0.000000e+00
5.890560e-10 0.000000e+00 0.000000e+00
5.939704e-10 0.000000e+00 0.000000e+00
6.062938e-10 0.000000e+00 0.000000e+00
2.063076e-10 0.000000e+00 0.000000e+00
2.295797e-10 0.000000e+00 0.000000e+00
2.345183e-10 0.000000e+00 0.000000e+00
3.063115e-10 0.000000e+00 0.000000e+00
3.229639e-10 0.000000e+00 0.000000e+00
3.528982e-10 0.000000e+00 0.000000e+00
3.268487e-10 0.000000e+00 0.000000e+00
4.424412e-10 0.000000e+00 0.000000e+00
4.152667e-10 0.000000e+00 0.000000e+00
5.964926e-10 0.000000e+00 0.000000e+00
6.111431e-10 0.000000e+00 0.000000e+00
6.009608e-10 0.000000e+00 0.000000e+00
-1.781660e-10 0.000000e+00 0.000000e+00
-1.649358e-11 0.000000e+00 0.000000e+00
6.533032e-11 0.000000e+00 0.000000e+00
8.127082e-11 0.000000e+00 0.000000e+00
1.826342e-10 0.000000e+00 0.000000e+00
2.538019e-10 0.000000e+00 0.000000e+00
1.096799e-10 0.000000e+00 0.000000e+00
2.235622e-10 0.000000e+00 0.000000e+00
-1.306598e-10 0.000000e+00 0.000000e+00
-5.917392e-11 0.000000e+00 0.000000e+00
1.417932e-10 0.000000e+00 0.000000e+00
2.166218e-10 0.000000e+00 0.000000e+00
-1.471041e-10 0.000000e+00 0.000000e+00
-8.481456e-11 0.000000e+00 0.000000e+00
-7.524588e-11 0.000000e+00 0.000000e+00
-2.806364e-10 0.000000e+00 0.000000e+00
-4.524056e-10 0.000000e+00 0.000000e+00
-5.493866e-10 0.000000e+00 0.000000e+00
-4.988032e-10 0.000000e+00 0.000000e+00
-6.041921e-10 0.000000e+00 0.000000e+00
-6.092150e-10 0.000000e+00 0.000000e+00
-5.405957e-10 0.000000e+00 0.000000e+00
-5.664453e-10 0.000000e+00 0.000000e+00
-5.987441e-10 0.000000e+00 0.000000e+00
-5.907196e-10 0.000000e+00 0.000000e+00
-5.721635e-10 0.000000e+00 0.000000e+00
-4.558766e-10 0.000000e+00 0.000000e+00
-5.255078e-10 0.000000e+00 0.000000e+00
-5.091693e-10 0.000000e+00 0.000000e+00
-5.540216e-10 0.000000e+00 0.000000e+00
-5.625045e-10 0.000000e+00 0.000000e+00
-4.333980e-10 0.000000e+00 0.000000e+00
-4.418780e-10 0.000000e+00 0.000000e+00
-4.212894e-10 0.000000e+00 0.000000e+00
-6.319824e-10 0.000000e+00 0.000000e+00
-6.232048e-10 0.000000e+00 0.000000e+00
-6.306418e-10 0.000000e+00 0.000000e+00
-6.249632e-10 0.000000e+00 0.000000e+00
-5.842412e-10 0.000000e+00 0.000000e+00
-4.678141e-10 0.000000e+00 0.000000e+00
-4.631222e-10 0.000000e+00 0.000000e+00
-5.484112e-10 0.000000e+00 0.000000e+00
-3.691701e-10 0.000000e+00 0.000000e+00
-2.852020e-10 0.000000e+00 0.000000e+00
4.663231e-10 0.000000e+00 0.000000e+00
3.367629e-10 0.000000e+00 0.000000e+00
-1.411432e-11 0.000000e+00 0.000000e+00
-2.709163e-11 0.000000e+00 0.000000e+00
-6.453437e-11 0.000000e+00 0.000000e+00
-1.481679e-10 0.000000e+00 0.000000e+00
-3.227577e-10 0.000000e+00 0.000000e+00
-5.334904e-10 0.000000e+00 0.000000e+00
-4.871648e-10 0.000000e+00 0.000000e+00
-5.119174e-10 0.000000e+00 0.000000e+00
-5.174002e-10 0.000000e+00 0.000000e+00
-4.764912e-10 0.000000e+00 0.000000e+00
-4.502204e-10 0.000000e+00 0.000000e+00
-5.750103e-10 0.000000e+00 0.000000e+00
-6.116409e-10 0.000000e+00 0.000000e+00
-6.271485e-10 0.000000e+00 0.000000e+00
-6.295174e-10 0.000000e+00 0.000000e+00
-6.325597e-10 0.000000e+00 0.000000e+00
-5.793120e-10 0.000000e+00 0.000000e+00
-6.137907e-10 0.000000e+00 0.000000e+00
-6.003745e-10 0.000000e+00 0.000000e+00
-6.318521e-10 0.000000e+00 0.000000e+00
-6.238810e-10 0.000000e+00 0.000000e+00
-6.274225e-10 0.000000e+00 0.000000e+00
-6.298940e-10 0.000000e+00 0.000000e+00
-6.212970e-10 0.000000e+00 0.000000e+00
-5.215588e-10 0.000000e+00 0.000000e+00
-4.977106e-10 0.000000e+00 0.000000e+00
-5.067810e-10 0.000000e+00 0.000000e+00
-3.481804e-10 0.000000e+00 0.000000e+00
-3.585288e-10 0.000000e+00 0.000000e+00
-4.238272e-10 0.000000e+00 0.000000e+00
-3.980841e-10 0.000000e+00 0.000000e+00
-2.484136e-10 0.000000e+00 0.000000e+00
-2.652096e-10 0.000000e+00 0.000000e+00
-3.939632e-10 0.000000e+00 0.000000e+00
-4.697864e-10 0.000000e+00 0.000000e+00
-6.046023e-10 0.000000e+00 0.000000e+00
-5.925896e-10 0.000000e+00 0.000000e+00
-6.327579e-10 0.000000e+00 0.000000e+00
-6.324070e-10 0.000000e+00 0.000000e+00
8.734902e-11 0.000000e+00 0.000000e+00
1.723858e-10 0.000000e+00 0.000000e+00
1.975213e-10 0.000000e+00 0.000000e+00
1.291765e-10 0.000000e+00 0.000000e+00
4.838015e-10 0.000000e+00 0.000000e+00
5.563254e-10 0.000000e+00 0.000000e+00
5.664651e-10 0.000000e+00 0.000000e+00
2.983686e-10 0.000000e+00 0.000000e+00
3.786466e-10 0.000000e+00 0.000000e+00
4.630137e-10 0.000000e+00 0.000000e+00
4.244594e-10 0.000000e+00 0.000000e+00
4.396978e-10 0.000000e+00 0.000000e+00
5.798527e-10 0.000000e+00 0.000000e+00
5.000668e-10 0.000000e+00 0.000000e+00
3.366486e-10 0.000000e+00 0.000000e+00
3.471764e-10 0.000000e+00 0.000000e+00
3.964515e-10 0.000000e+00 0.000000e+00
4.079323e-10 0.000000e+00 0.000000e+00
5.616631e-10 0.000000e+00 0.000000e+00
6.253007e-10 0.000000e+00 0.000000e+00
5.569039e-10 0.000000e+00 0.000000e+00
5.649802e-10 0.000000e+00 0.000000e+00
5.777576e-10 0.000000e+00 0.000000e+00
5.358959e-10 0.000000e+00 0.000000e+00
6.243653e-10 0.000000e+00 0.000000e+00
6.175286e-10 0.000000e+00 0.000000e+00
4.952917e-10 0.000000e+00 0.000000e+00
5.498960e-10 0.000000e+00 0.000000e+00
5.827401e-10 0.000000e+00 0.000000e+00
5.710475e-10 0.000000e+00 0.000000e+00
6.277434e-10 0.000000e+00 0.000000e+00
6.309216e-10 0.000000e+00 0.000000e+00
5.818695e-10 0.000000e+00 0.000000e+00
1.544040e-10 0.000000e+00 0.000000e+00
7.262710e-11 0.000000e+00 0.000000e+00
1.118063e-10 0.000000e+00 0.000000e+00
2.463223e-10 0.000000e+00 0.000000e+00
5.159678e-10 0.000000e+00 0.000000e+00
3.174860e-10 0.000000e+00 0.000000e+00
4.782059e-10 0.000000e+00 0.000000e+00
6.223294e-10 0.000000e+00 0.000000e+00
5.916249e-10 0.000000e+00 0.000000e+00
6.162578e-10 0.000000e+00 0.000000e+00
6.021007e-10 0.000000e+00 0.000000e+00
6.099868e-10 0.000000e+00 0.000000e+00
4.312492e-10 0.000000e+00 0.000000e+00
3.722829e-10 0.000000e+00 0.000000e+00
5.574491e-10 0.000000e+00 0.000000e+00
4.131833e-10 0.000000e+00 0.000000e+00
3.905205e-10 0.000000e+00 0.000000e+00
1.895585e-10 0.000000e+00 0.000000e+00
-2.959434e-10 0.000000e+00 0.000000e+00
9.413775e-11 0.000000e+00 0.000000e+00
-2.047005e-10 0.000000e+00 0.000000e+00
-2.428322e-10 0.000000e+00 0.000000e+00
-2.363938e-09 0.000000e+00 0.000000e+00
-1.769735e-09 0.000000e+00 0.000000e+00
-1.351522e-09 0.000000e+00 0.000000e+00
-1.023871e-09 0.000000e+00 0.000000e+00
-9.651599e-10 0.000000e+00 0.000000e+00
-1.529421e-09 0.000000e+00 0.000000e+00
-1.717998e-09 0.000000e+00 0.000000e+00
-1.198934e-09 0.000000e+00 0.000000e+00
-1.262478e-09 0.000000e+00 0.000000e+00
-1.909652e-09 0.000000e+00 0.000000e+00
-1.864498e-09 0.000000e+00 0.000000e+00
-1.074421e-09 0.000000e+00 0.000000e+00
-2.011989e-09 0.000000e+00 0.000000e+00
-2.557383e-09 0.000000e+00 0.000000e+00
-1.483727e-09 0.000000e+00 0.000000e+00
-6.492347e-10 0.000000e+00 0.000000e+00
-6.973114e-10 0.000000e+00 0.000000e+00
-8.245222e-10 0.000000e+00 0.000000e+00
-7.203569e-10 0.000000e+00 0.000000e+00
-4.238931e-10 0.000000e+00 0.000000e+00
-3.450782e-10 0.000000e+00 0.000000e+00
-8.675012e-10 0.000000e+00 0.000000e+00
-1.626501e-09 0.000000e+00 0.000000e+00
-1.618934e-09 0.000000e+00 0.000000e+00
-1.325295e-09 0.000000e+00 0.000000e+00
-9.078250e-10 0.000000e+00 0.000000e+00
-5.946060e-10 0.000000e+00 0.000000e+00
-6.159021e-10 0.000000e+00 0.000000e+00
-4.107996e-10 0.000000e+00 0.000000e+00
-1.406352e-09 0.000000e+00 0.000000e+00
-1.530834e-09 0.000000e+00 0.000000e+00
-9.858695e-10 0.000000e+00 0.000000e+00
-1.130990e-09 0.000000e+00 0.000000e+00
-1.461793e-09 0.000000e+00 0.000000e+00
-1.589304e-09 0.000000e+00 0.000000e+00
-1.177844e-09 0.000000e+00 0.000000e+00
-1.261807e-09 0.000000e+00 0.000000e+00
-7.923542e-10 0.000000e+00 0.000000e+00
-8.158274e-10 0.000000e+00 0.000000e+00
-5.625081e-11 0.000000e+00 0.000000e+00
-1.217141e-11 0.000000e+00 0.000000e+00
-1.135919e-10 0.000000e+00 0.000000e+00
-1.093345e-10 0.000000e+00 0.000000e+00
-4.512111e-10 0.000000e+00 0.000000e+00
-5.440661e-10 0.000000e+00 0.000000e+00
-1.062152e-09 0.000000e+00 0.000000e+00
-1.414021e-09 0.000000e+00 0.000000e+00
-1.546208e-09 0.000000e+00 0.000000e+00
-5.671978e-10 0.000000e+00 0.000000e+00
-1.159366e-09 0.000000e+00 0.000000e+00
-7.099267e-10 0.000000e+00 0.000000e+00
-2.649796e-09 0.000000e+00 0.000000e+00
-2.736108e-09 0.000000e+00 0.000000e+00
-2.468597e-09 0.000000e+00 0.000000e+00
-2.179831e-09 0.000000e+00 0.000000e+00
-1.963829e-09 0.000000e+00 0.000000e+00
-2.249452e-09 0.000000e+00 0.000000e+00
-1.959973e-09 0.000000e+00 0.000000e+00
-2.854615e-09 0.000000e+00 0.000000e+00
-3.582408e-09 0.000000e+00 0.000000e+00
-2.085904e-09 0.000000e+00 0.000000e+00
-3.080420e-09 0.000000e+00 0.000000e+00
-2.375085e-09 0.000000e+00 0.000000e+00
-2.254063e-09 0.000000e+00 0.000000e+00
-2.926201e-09 0.000000e+00 0.000000e+00
-2.586418e-09 0.000000e+00 0.000000e+00
-3.184862e-09 0.000000e+00 0.000000e+00
-2.172933e-09 0.000000e+00 0.000000e+00
-1.749902e-09 0.000000e+00 0.000000e+00
-1.813960e-09 0.000000e+00 0.000000e+00
-1.841162e-09 0.000000e+00 0.000000e+00
-2.708513e-09 0.000000e+00 0.000000e+00
-3.286842e-09 0.000000e+00 0.000000e+00
-3.391262e-09 0.000000e+00 0.000000e+00
-2.963903e-09 0.000000e+00 0.000000e+00
-3.205682e-09 0.000000e+00 0.000000e+00
-3.740612e-09 0.000000e+00 0.000000e+00
3.546259e-10 0.000000e+00 0.000000e+00
5.430232e-10 0.000000e+00 0.000000e+00
5.933969e-10 0.000000e+00 0.000000e+00
-6.520601e-10 0.000000e+00 0.000000e+00
-1.017244e-09 0.000000e+00 0.000000e+00
-7.350909e-10 0.000000e+00 0.000000e+00
-1.236140e-09 0.000000e+00 0.000000e+00
-1.099587e-09 0.000000e+00 0.000000e+00
-2.790812e-09 0.000000e+00 0.000000e+00
-3.038251e-09 0.000000e+00 0.000000e+00
-2.095023e-09 0.000000e+00 0.000000e+00
-1.667181e-09 0.000000e+00 0.000000e+00
-1.761087e-09 0.000000e+00 0.000000e+00
-8.589313e-10 0.000000e+00 0.000000e+00
-9.414658e-10 0.000000e+00 0.000000e+00
-7.739790e-10 0.000000e+00 0.000000e+00
6.327759e-10 0.000000e+00 0.000000e+00
6.315702e-10 0.000000e+00 0.000000e+00
6.219782e-10 0.000000e+00 0.000000e+00
6.257705e-10 0.000000e+00 0.000000e+00
6.322895e-10 0.000000e+00 0.000000e+00
6.143777e-10 0.000000e+00 0.000000e+00
5.034783e-10 0.000000e+00 0.000000e+00
5.319830e-10 0.000000e+00 0.000000e+00
2.811863e-10 0.000000e+00 0.000000e+00
-7.511305e-11 0.000000e+00 0.000000e+00
1.390619e-10 0.000000e+00 0.000000e+00
2.160987e-10 0.000000e+00 0.000000e+00
5.784402e-10 0.000000e+00 0.000000e+00
5.857436e-10 0.000000e+00 0.000000e+00
6.323308e-10 0.000000e+00 0.000000e+00
6.050468e-10 0.000000e+00 0.000000e+00
1.683000e-10 0.000000e+00 0.000000e+00
6.286334e-10 0.000000e+00 0.000000e+00
6.325709e-10 0.000000e+00 0.000000e+00
6.307393e-10 0.000000e+00 0.000000e+00
2.586967e-10 0.000000e+00 0.000000e+00
6.118052e-10 0.000000e+00 0.000000e+00
3.466685e-10 0.000000e+00 0.000000e+00
3.353292e-10 0.000000e+00 0.000000e+00
-2.160444e-10 0.000000e+00 0.000000e+00
-2.581268e-10 0.000000e+00 0.000000e+00
6.138359e-11 0.000000e+00 0.000000e+00
2.073777e-10 0.000000e+00 0.000000e+00
-1.547904e-10 0.000000e+00 0.000000e+00
-1.461377e-10 0.000000e+00 0.000000e+00
-2.174803e-11 0.000000e+00 0.000000e+00
3.712318e-11 0.000000e+00 0.000000e+00
-6.409630e-10 0.000000e+00 0.000000e+00
-1.238517e-11 0.000000e+00 0.000000e+00
-2.080758e-10 0.000000e+00 0.000000e+00
-3.704874e-10 0.000000e+00 0.000000e+00
-2.933869e-10 0.000000e+00 0.000000e+00
-2.473519e-09 0.000000e+00 0.000000e+00
-1.683349e-09 0.000000e+00 0.000000e+00
-2.405266e-09 0.000000e+00 0.000000e+00
-1.918194e-09 0.000000e+00 0.000000e+00
-2.443262e-09 0.000000e+00 0.000000e+00
-2.564297e-09 0.000000e+00 0.000000e+00
-1.343487e-09 0.000000e+00 0.000000e+00
-1.384938e-09 0.000000e+00 0.000000e+00
5.694978e-10 0.000000e+00 0.000000e+00
-3.782762e-11 0.000000e+00 0.000000e+00
-7.835820e-11 0.000000e+00 0.000000e+00
-4.940451e-10 0.000000e+00 0.000000e+00
-4.895364e-10 0.000000e+00 0.000000e+00
-3.236085e-10 0.000000e+00 0.000000e+00
1.834234e-10 0.000000e+00 0.000000e+00
1.085496e-11 0.000000e+00 0.000000e+00
2.238549e-10 0.000000e+00 0.000000e+00
3.203678e-10 0.000000e+00 0.000000e+00
2.704734e-10 0.000000e+00 0.000000e+00
5.640431e-10 0.000000e+00 0.000000e+00
5.187043e-10 0.000000e+00 0.000000e+00
1.106884e-10 0.000000e+00 0.000000e+00
4.886224e-10 0.000000e+00 0.000000e+00
8.006042e-11 0.000000e+00 0.000000e+00
4.012188e-10 0.000000e+00 0.000000e+00
4.607007e-10 0.000000e+00 0.000000e+00
4.553648e-10 0.000000e+00 0.000000e+00
4.859169e-10 0.000000e+00 0.000000e+00
4.328419e-10 0.000000e+00 0.000000e+00
4.373518e-10 0.000000e+00 0.000000e+00
3.764702e-10 0.000000e+00 0.000000e+00
3.594173e-10 0.000000e+00 0.000000e+00
4.682938e-10 0.000000e+00 0.000000e+00
6.240268e-10 0.000000e+00 0.000000e+00
4.538070e-10 0.000000e+00 0.000000e+00
4.102901e-10 0.000000e+00 0.000000e+00
5.945878e-10 0.000000e+00 0.000000e+00
5.366310e-10 0.000000e+00 0.000000e+00
5.490541e-10 0.000000e+00 0.000000e+00
6.024888e-10 0.000000e+00 0.000000e+00
4.337368e-10 0.000000e+00 0.000000e+00
2.674191e-10 0.000000e+00 0.000000e+00
1.048144e-10 0.000000e+00 0.000000e+00
1.853045e-10 0.000000e+00 0.000000e+00
-3.799975e-10 0.000000e+00 0.000000e+00
-3.189291e-10 0.000000e+00 0.000000e+00
-2.650355e-10 0.000000e+00 0.000000e+00
-1.436120e-10 0.000000e+00 0.000000e+00
-9.779694e-11 0.000000e+00 0.000000e+00
-1.134213e-10 0.000000e+00 0.000000e+00
-1.273772e-10 0.000000e+00 0.000000e+00
-4.348126e-10 0.000000e+00 0.000000e+00
-4.325855e-10 0.000000e+00 0.000000e+00
-3.430954e-10 0.000000e+00 0.000000e+00
-2.986936e-10 0.000000e+00 0.000000e+00
-2.453127e-10 0.000000e+00 0.000000e+00
-2.206976e-10 0.000000e+00 0.000000e+00
-2.874532e-10 0.000000e+00 0.000000e+00
3.038468e-11 0.000000e+00 0.000000e+00
-2.434613e-11 0.000000e+00 0.000000e+00
1.527247e-11 0.000000e+00 0.000000e+00
-2.096062e-11 0.000000e+00 0.000000e+00
-1.668715e-10 0.000000e+00 0.000000e+00
-4.812833e-10 0.000000e+00 0.000000e+00
-5.142861e-10 0.000000e+00 0.000000e+00
-2.730388e-10 0.000000e+00 0.000000e+00
-6.039517e-10 0.000000e+00 0.000000e+00
-6.273880e-10 0.000000e+00 0.000000e+00
-6.079017e-10 0.000000e+00 0.000000e+00
-5.774652e-10 0.000000e+00 0.000000e+00
-3.186783e-10 0.000000e+00 0.000000e+00
-4.604197e-10 0.000000e+00 0.000000e+00
-4.057005e-10 0.000000e+00 0.000000e+00
-4.924904e-10 0.000000e+00 0.000000e+00
1.154817e-11 0.000000e+00 0.000000e+00
-4.592892e-11 0.000000e+00 0.000000e+00
-1.211034e-10 0.000000e+00 0.000000e+00
-5.288726e-10 0.000000e+00 0.000000e+00
-5.019762e-10 0.000000e+00 0.000000e+00
-5.961775e-10 0.000000e+00 0.000000e+00
-5.563572e-10 0.000000e+00 0.000000e+00
-5.209906e-10 0.000000e+00 0.000000e+00
-5.369169e-10 0.000000e+00 0.000000e+00
-2.467270e-10 0.000000e+00 0.000000e+00
-2.027042e-10 0.000000e+00 0.000000e+00
-1.725819e-10 0.000000e+00 0.000000e+00
-2.591818e-10 0.000000e+00 0.000000e+00
-2.336199e-10 0.000000e+00 0.000000e+00
-1.883242e-10 0.000000e+00 0.000000e+00
-2.100023e-10 0.000000e+00 0.000000e+00
-1.560870e-10 0.000000e+00 0.000000e+00
-3.188034e-10 0.000000e+00 0.000000e+00
-1.449866e-10 0.000000e+00 0.000000e+00
3.091712e-10 0.000000e+00 0.000000e+00
2.424950e-10 0.000000e+00 0.000000e+00
2.884916e-10 0.000000e+00 0.000000e+00
2.800618e-10 0.000000e+00 0.000000e+00
2.475544e-10 0.000000e+00 0.000000e+00
3.264856e-10 0.000000e+00 0.000000e+00
5.164244e-10 0.000000e+00 0.000000e+00
6.081306e-10 0.000000e+00 0.000000e+00
5.444533e-10 0.000000e+00 0.000000e+00
5.880543e-10 0.000000e+00 0.000000e+00
4.576172e-10 0.000000e+00 0.000000e+00
5.123692e-10 0.000000e+00 0.000000e+00
4.911885e-10 0.000000e+00 0.000000e+00
6.301611e-10 0.000000e+00 0.000000e+00
6.158480e-10 0.000000e+00 0.000000e+00
5.733487e-10 0.000000e+00 0.000000e+00
3.620480e-10 0.000000e+00 0.000000e+00
3.841964e-10 0.000000e+00 0.000000e+00
5.684108e-10 0.000000e+00 0.000000e+00
-6.295975e-11 0.000000e+00 0.000000e+00
5.522283e-11 0.000000e+00 0.000000e+00
-9.322112e-11 0.000000e+00 0.000000e+00
-8.276347e-11 0.000000e+00 0.000000e+00
3.039366e-10 0.000000e+00 0.000000e+00
4.740189e-10 0.000000e+00 0.000000e+00
4.534816e-10 0.000000e+00 0.000000e+00
5.344780e-10 0.000000e+00 0.000000e+00
5.232679e-10 0.000000e+00 0.000000e+00
5.479616e-10 0.000000e+00 0.000000e+00
5.545289e-10 0.000000e+00 0.000000e+00
3.742747e-10 0.000000e+00 0.000000e+00
3.331098e-10 0.000000e+00 0.000000e+00
3.875221e-10 0.000000e+00 0.000000e+00
5.296438e-10 0.000000e+00 0.000000e+00
6.283275e-10 0.000000e+00 0.000000e+00
6.182876e-10 0.000000e+00 0.000000e+00
6.326996e-10 0.000000e+00 0.000000e+00
6.316614e-10 0.000000e+00 0.000000e+00
6.209454e-10 0.000000e+00 0.000000e+00
5.958723e-10 0.000000e+00 0.000000e+00
6.050660e-10 0.000000e+00 0.000000e+00
5.820205e-10 0.000000e+00 0.000000e+00
6.216496e-10 0.000000e+00 0.000000e+00
6.309457e-10 0.000000e+00 0.000000e+00
5.963208e-10 0.000000e+00 0.000000e+00
6.113972e-10 0.000000e+00 0.000000e+00
6.242870e-10 0.000000e+00 0.000000e+00
6.067844e-10 0.000000e+00 0.000000e+00
5.339911e-10 0.000000e+00 0.000000e+00
5.772978e-10 0.000000e+00 0.000000e+00
5.647406e-10 0.000000e+00 0.000000e+00
5.384430e-10 0.000000e+00 0.000000e+00
7.527303e-11 0.000000e+00 0.000000e+00
-3.158471e-12 0.000000e+00 0.000000e+00
-4.940688e-12 0.000000e+00 0.000000e+00
5.103029e-10 0.000000e+00 0.000000e+00
4.261047e-10 0.000000e+00 0.000000e+00
4.025533e-10 0.000000e+00 0.000000e+00
4.733913e-10 0.000000e+00 0.000000e+00
4.986777e-10 0.000000e+00 0.000000e+00
3.568097e-10 0.000000e+00 0.000000e+00
3.427206e-10 0.000000e+00 0.000000e+00
4.482619e-10 0.000000e+00 0.000000e+00
4.201298e-10 0.000000e+00 0.000000e+00
5.164999e-10 0.000000e+00 0.000000e+00
4.833257e-10 0.000000e+00 0.000000e+00
3.570721e-10 0.000000e+00 0.000000e+00
1.659663e-10 0.000000e+00 0.000000e+00
1.743816e-10 0.000000e+00 0.000000e+00
1.551742e-10 0.000000e+00 0.000000e+00
1.298226e-10 0.000000e+00 0.000000e+00
