step K U E temp
0 7.849402e-21 -3.985848e-20 -3.200907e-20 1.137060e+03
1000 3.546374e-21 -3.794937e-20 2.559701e-20 5.137257e+02
2000 5.090940e-21 -3.295867e-20 9.226800e-20 7.374706e+02
3000 8.472386e-22 -3.602474e-20 1.648246e-19 1.227305e+02
4000 4.067777e-22 -3.630123e-20 1.641528e-19 5.892558e+01
5000 2.441757e-22 -2.937072e-20 2.508735e-19 3.537114e+01
6000 8.793507e-21 -4.001383e-20 2.487797e-19 1.273822e+03
7000 4.371034e-21 -3.707943e-20 2.872916e-19 6.331854e+02
8000 4.542601e-21 -3.944112e-20 3.251015e-19 6.580385e+02
9000 2.959300e-21 -3.958341e-20 3.636942e-19 4.286824e+02
10000 1.634222e-22 -3.868163e-20 4.416572e-19 2.367324e+01
11000 2.013463e-22 -3.828797e-20 4.935116e-19 2.916690e+01
12000 7.109967e-23 -3.796576e-20 4.851558e-19 1.029946e+01
13000 9.783350e-21 -4.038822e-20 5.693951e-19 1.417210e+03
14000 4.502817e-24 -3.918322e-20 5.608213e-19 6.522754e-01
15000 2.087928e-24 -4.099216e-20 5.990123e-19 3.024560e-01
16000 1.069158e-21 -3.131349e-20 6.497557e-19 1.548776e+02
17000 3.358062e-21 -2.658000e-20 6.967781e-19 4.864469e+02
18000 4.476982e-21 -3.871572e-20 7.741853e-19 6.485330e+02
19000 2.399318e-22 -3.889396e-20 7.662183e-19 3.475638e+01
20000 1.868981e-21 -3.693243e-20 8.127883e-19 2.707395e+02
21000 1.062859e-21 -3.580576e-20 8.052889e-19 1.539652e+02
22000 3.909428e-23 -3.474655e-20 8.060382e-19 5.663174e+00
23000 1.814009e-21 -3.716465e-20 8.886508e-19 2.627763e+02
24000 3.154113e-21 -3.100341e-20 9.725376e-19 4.569030e+02
25000 1.415372e-22 -3.074805e-20 9.694157e-19 2.050300e+01
26000 1.092983e-21 -3.521278e-20 1.005935e-18 1.583288e+02
27000 1.187015e-21 -3.462064e-20 1.049029e-18 1.719502e+02
28000 3.938707e-21 -3.265746e-20 1.092726e-18 5.705588e+02
29000 2.779556e-22 -3.271327e-20 1.089641e-18 4.026449e+01
30000 5.983332e-22 -3.297119e-20 1.267307e-18 8.667420e+01
31000 1.033231e-21 -4.093147e-20 1.280611e-18 1.496733e+02
32000 7.320658e-22 -4.094677e-20 1.279999e-18 1.060466e+02
33000 2.044545e-25 -4.091950e-20 1.326470e-18 2.961716e-02
34000 1.022451e-21 -4.059725e-20 1.403757e-18 1.481116e+02
35000 1.190431e-21 -4.061169e-20 1.404257e-18 1.724451e+02
36000 1.475914e-21 -3.956632e-20 1.442995e-18 2.138000e+02
37000 1.688914e-24 -3.870846e-20 1.501275e-18 2.446551e-01
38000 1.136966e-22 -3.766491e-20 1.502901e-18 1.647003e+01
39000 5.566176e-23 -4.105742e-20 1.491610e-18 8.063130e+00
40000 2.816270e-21 -3.595381e-20 1.657188e-18 4.079633e+02
41000 1.748315e-22 -3.500263e-20 1.648630e-18 2.532599e+01
42000 1.009584e-21 -3.603205e-20 1.658105e-18 1.462477e+02
43000 5.199125e-21 -3.996803e-20 1.725231e-18 7.531421e+02
44000 3.649194e-21 -4.033032e-20 1.763319e-18 5.286201e+02
45000 1.223375e-22 -4.048907e-20 1.759633e-18 1.772174e+01
46000 7.064417e-21 -3.868432e-20 1.808575e-18 1.023347e+03
47000 3.688241e-24 -4.055650e-20 1.799453e-18 5.342764e-01
48000 5.702508e-23 -4.055093e-20 1.879525e-18 8.260619e+00
49000 1.521246e-22 -4.076953e-20 1.884580e-18 2.203668e+01
50000 2.545030e-21 -4.064769e-20 1.882063e-18 3.686715e+02
51000 1.151291e-20 -3.956503e-20 2.028152e-18 1.667753e+03
52000 4.233663e-23 -3.761211e-20 2.024496e-18 6.132859e+00
53000 6.099813e-22 -4.105185e-20 2.175324e-18 8.836153e+01
54000 1.486681e-21 -4.099567e-20 2.176500e-18 2.153597e+02
55000 2.261057e-21 -3.912863e-20 2.208550e-18 3.275353e+02
56000 8.904843e-22 -3.914065e-20 2.207581e-18 1.289950e+02
57000 2.923401e-20 -3.575243e-20 2.335015e-18 4.234822e+03
58000 9.692919e-22 -2.380541e-20 2.377165e-18 1.404111e+02
59000 1.499434e-21 -2.540839e-20 2.378700e-18 2.172071e+02
60000 1.846565e-21 -3.247388e-20 2.383240e-18 2.674923e+02
61000 3.579586e-22 -3.299596e-20 2.373659e-18 5.185367e+01
62000 6.545684e-22 -2.006707e-20 2.384902e-18 9.482039e+01
63000 1.050110e-21 -2.512134e-20 2.376899e-18 1.521183e+02
64000 7.087459e-22 -2.456251e-20 2.376231e-18 1.026685e+02
65000 2.188754e-21 -3.896513e-20 2.407897e-18 3.170616e+02
66000 1.188345e-20 -2.020310e-20 2.514796e-18 1.721429e+03
67000 2.779862e-26 -2.486976e-20 2.495481e-18 4.026891e-03
68000 3.231893e-21 -2.236359e-20 2.500868e-18 4.681701e+02
69000 1.011047e-22 -1.902201e-20 2.600001e-18 1.464597e+01
70000 2.153107e-22 -2.403810e-20 2.576197e-18 3.118978e+01
71000 1.674323e-21 -2.295130e-20 2.620167e-18 2.425415e+02
72000 1.218034e-21 -2.365264e-20 2.679149e-18 1.764436e+02
73000 1.379541e-20 -3.473809e-20 2.751873e-18 1.998395e+03
74000 2.395602e-21 -3.205470e-20 2.791075e-18 3.470255e+02
75000 2.855771e-21 -2.545584e-20 2.875588e-18 4.136853e+02
76000 2.729929e-22 -2.446581e-20 2.877951e-18 3.954559e+01
77000 2.179200e-23 -3.718923e-20 2.906932e-18 3.156777e+00
78000 2.332390e-21 -3.708165e-20 2.908035e-18 3.378686e+02
79000 2.118947e-22 -3.970452e-20 2.928374e-18 3.069494e+01
80000 2.673397e-23 -3.972971e-20 2.927866e-18 3.872667e+00
81000 6.056767e-22 -4.056265e-20 3.080043e-18 8.773798e+01
82000 2.326118e-21 -4.034227e-20 3.121984e-18 3.369600e+02
83000 6.504005e-21 -4.105469e-20 3.165449e-18 9.421664e+02
84000 7.799861e-21 -3.723476e-20 3.330565e-18 1.129883e+03
85000 5.182209e-22 -3.604615e-20 3.404472e-18 7.506917e+01
86000 4.328594e-21 -3.269220e-20 3.491636e-18 6.270376e+02
87000 3.451682e-22 -3.424229e-20 3.486161e-18 5.000086e+01
88000 2.319297e-21 -3.195825e-20 3.490361e-18 3.359720e+02
89000 1.502963e-22 -3.461737e-20 3.486498e-18 2.177184e+01
90000 2.664035e-22 -3.992499e-20 3.520663e-18 3.859106e+01
91000 7.004002e-21 -4.109994e-20 3.607412e-18 1.014596e+03
92000 1.027627e-20 -1.843912e-20 3.711837e-18 1.488614e+03
93000 1.594892e-21 -3.202997e-20 3.729618e-18 2.310351e+02
94000 3.416022e-21 -3.229733e-20 3.731447e-18 4.948429e+02
95000 8.153697e-21 -4.109683e-20 3.773217e-18 1.181140e+03
96000 4.856455e-22 -3.848858e-20 3.805569e-18 7.035032e+01
97000 1.626853e-21 -3.914929e-20 3.802478e-18 2.356650e+02
98000 1.331331e-20 -3.998174e-20 3.935972e-18 1.928558e+03
99000 6.978325e-22 -3.980462e-20 4.017277e-18 1.010876e+02
100000 1.129842e-21 -3.998331e-20 4.011749e-18 1.636683e+02
101000 4.061361e-21 -4.063071e-20 4.063436e-18 5.883264e+02
102000 1.387313e-22 -4.095762e-20 4.124357e-18 2.009653e+01
103000 1.706699e-22 -3.187248e-20 4.208315e-18 2.472314e+01
104000 4.129078e-23 -3.245008e-20 4.208400e-18 5.981358e+00
105000 1.344161e-20 -2.557697e-20 4.307954e-18 1.947143e+03
106000 1.511513e-22 -3.464246e-20 4.380442e-18 2.189569e+01
107000 4.045102e-21 -2.208074e-20 4.461964e-18 5.859711e+02
108000 1.061015e-21 -2.337489e-20 4.538194e-18 1.536980e+02
109000 1.215266e-21 -2.441109e-20 4.590190e-18 1.760427e+02
110000 1.876400e-21 -3.513040e-20 4.664602e-18 2.718142e+02
111000 4.641392e-21 -3.527395e-20 4.668887e-18 6.723493e+02
112000 3.882914e-22 -2.119871e-20 4.699936e-18 5.624767e+01
113000 7.311241e-22 -1.604965e-20 4.744887e-18 1.059102e+02
114000 1.644323e-21 -8.853239e-21 4.752791e-18 2.381956e+02
115000 2.560052e-21 -6.831823e-21 4.755728e-18 3.708477e+02
116000 3.566329e-21 -1.504834e-20 4.789244e-18 5.166163e+02
117000 2.701939e-21 -2.026230e-20 4.873155e-18 3.914013e+02
118000 2.405128e-22 -2.014805e-20 4.869902e-18 3.484055e+01
119000 2.843868e-21 -3.064746e-20 4.943448e-18 4.119611e+02
120000 2.487887e-21 -3.185049e-20 4.987479e-18 3.603938e+02
121000 4.655215e-22 -3.804361e-20 5.082422e-18 6.743517e+01
122000 2.101114e-22 -3.330803e-20 5.166902e-18 3.043661e+01
123000 2.263739e-21 -1.031231e-20 5.311951e-18 3.279239e+02
124000 5.205407e-24 -2.070097e-20 5.299453e-18 7.540522e-01
125000 5.569908e-21 -3.762986e-20 5.367940e-18 8.068536e+02
126000 7.252766e-21 -3.768655e-20 5.369566e-18 1.050631e+03
127000 2.061680e-21 -3.869248e-20 5.406490e-18 2.986538e+02
128000 3.572435e-22 -3.747146e-20 5.458432e-18 5.175008e+01
129000 1.309000e-21 -3.879828e-20 5.488448e-18 1.896210e+02
130000 7.887355e-23 -3.846876e-20 5.493174e-18 1.142558e+01
131000 1.311948e-21 -3.784713e-20 5.535192e-18 1.900480e+02
132000 1.071820e-22 -3.802326e-20 5.652916e-18 1.552632e+01
133000 3.674337e-21 -3.354498e-20 5.650809e-18 5.322624e+02
134000 3.545902e-22 -3.577830e-20 5.664425e-18 5.136573e+01
135000 6.841347e-22 -2.895560e-20 5.731729e-18 9.910335e+01
136000 4.186279e-22 -2.979979e-20 5.770806e-18 6.064220e+01
137000 9.953260e-22 -3.381597e-20 5.855423e-18 1.441823e+02
138000 2.814265e-22 -3.369928e-20 5.854739e-18 4.076728e+01
139000 3.573329e-23 -3.259019e-20 5.866630e-18 5.176303e+00
140000 2.779594e-23 -1.549569e-20 5.944532e-18 4.026504e+00
141000 4.549033e-22 -2.628924e-20 5.934170e-18 6.589702e+01
142000 9.209108e-22 -2.539981e-20 5.935537e-18 1.334026e+02
143000 6.933013e-23 -3.267081e-20 5.944162e-18 1.004312e+01
144000 2.610855e-22 -3.523392e-20 5.985208e-18 3.782069e+01
145000 1.562412e-21 -2.458442e-20 5.986941e-18 2.263300e+02
146000 1.107807e-21 -2.634040e-20 5.974776e-18 1.604762e+02
147000 4.823875e-21 -2.708112e-20 5.983743e-18 6.987837e+02
148000 2.538238e-21 -2.306988e-20 5.979499e-18 3.676876e+02
149000 2.079831e-21 -1.241701e-20 6.069690e-18 3.012831e+02
150000 1.601746e-21 -1.024689e-20 6.111356e-18 2.320280e+02
151000 8.657422e-22 -6.217400e-21 6.154666e-18 1.254109e+02
152000 4.724564e-22 -6.738146e-21 6.153734e-18 6.843975e+01
153000 8.955997e-21 -5.857537e-21 6.245782e-18 1.297360e+03
154000 2.384466e-22 -8.059035e-21 6.232272e-18 3.454124e+01
155000 6.645986e-21 -1.083949e-20 6.318114e-18 9.627336e+02
156000 1.428719e-21 -1.095692e-20 6.315137e-18 2.069634e+02
157000 3.864384e-20 -3.917810e-20 6.360282e-18 5.597925e+03
158000 4.369912e-21 -3.897762e-20 6.465207e-18 6.330228e+02
159000 1.445521e-21 -3.903638e-20 6.503337e-18 2.093973e+02
160000 5.462509e-21 -3.748172e-20 6.507412e-18 7.912958e+02
161000 1.674134e-22 -3.854748e-20 6.487627e-18 2.425141e+01
162000 9.325242e-22 -3.726171e-20 6.535041e-18 1.350849e+02
163000 8.653030e-21 -3.902467e-20 6.636563e-18 1.253473e+03
164000 4.544103e-23 -3.926173e-20 6.623767e-18 6.582561e+00
165000 3.498920e-22 -3.296685e-20 6.701555e-18 5.068514e+01
166000 7.427230e-23 -2.084671e-20 6.699796e-18 1.075904e+01
167000 9.921867e-23 -2.050186e-20 6.699614e-18 1.437276e+01
168000 6.269245e-23 -2.078827e-20 6.699615e-18 9.081591e+00
169000 2.454290e-21 -2.022382e-20 6.702231e-18 3.555270e+02
170000 1.314084e-20 -2.636627e-20 6.746787e-18 1.903574e+03
171000 5.575821e-23 -2.557444e-20 6.734483e-18 8.077101e+00
172000 3.544998e-23 -3.123350e-20 6.774677e-18 5.135263e+00
173000 1.282567e-22 -3.134275e-20 6.774991e-18 1.857919e+01
174000 3.080553e-21 -3.123912e-20 6.777675e-18 4.462471e+02
175000 1.682009e-21 -1.818372e-20 6.826408e-18 2.436548e+02
176000 5.344455e-23 -1.761127e-20 6.822456e-18 7.741946e+00
177000 1.140610e-21 -3.149710e-20 6.939997e-18 1.652281e+02
178000 2.305949e-23 -3.376008e-20 6.974128e-18 3.340385e+00
179000 1.386137e-21 -2.548688e-20 7.015907e-18 2.007950e+02
180000 1.682897e-22 -2.503098e-20 7.015821e-18 2.437835e+01
181000 3.593895e-21 -3.688690e-20 7.148001e-18 5.206094e+02
182000 4.095741e-22 -4.084961e-20 7.145140e-18 5.933066e+01
183000 6.832547e-21 -4.109846e-20 7.311600e-18 9.897588e+02
184000 9.200106e-23 -4.109825e-20 7.344773e-18 1.332722e+01
185000 5.663442e-22 -3.925047e-20 7.335870e-18 8.204029e+01
186000 6.784704e-21 -3.243231e-20 7.516536e-18 9.828283e+02
187000 2.235616e-21 -3.059387e-20 7.594344e-18 3.238500e+02
188000 5.024634e-21 -2.414108e-20 7.681068e-18 7.278655e+02
189000 9.513866e-22 -2.241503e-20 7.714161e-18 1.378173e+02
190000 2.791943e-21 -2.169653e-20 7.721338e-18 4.044392e+02
191000 3.088000e-21 -2.112803e-20 7.753011e-18 4.473258e+02
192000 1.029021e-21 -1.226068e-20 7.830483e-18 1.490633e+02
193000 6.774802e-23 -1.430816e-20 7.825760e-18 9.813938e+00
194000 4.231588e-21 -1.371967e-20 7.929894e-18 6.129854e+02
195000 7.197301e-22 -1.745824e-20 7.903625e-18 1.042597e+02
196000 1.263752e-21 -1.210987e-20 7.950361e-18 1.830664e+02
197000 6.961003e-21 -2.055572e-20 8.133155e-18 1.008367e+03
198000 2.885540e-21 -1.801895e-20 8.201732e-18 4.179976e+02
199000 1.946644e-20 -1.508415e-20 8.248588e-18 2.819897e+03
200000 7.198231e-22 -1.411088e-20 8.280608e-18 1.042731e+02
201000 1.173085e-23 -1.255456e-20 8.320591e-18 1.699324e+00
202000 2.096187e-21 -1.248692e-20 8.321926e-18 3.036524e+02
203000 2.247848e-21 -1.663913e-20 8.419819e-18 3.256220e+02
204000 3.138595e-20 -1.292128e-20 8.439787e-18 4.546550e+03
205000 1.497707e-20 -1.267155e-20 8.418480e-18 2.169569e+03
206000 9.797100e-23 -1.228342e-20 8.443200e-18 1.419202e+01
207000 1.188049e-22 -1.256258e-20 8.440844e-18 1.721001e+01
208000 6.286812e-22 -1.119997e-20 8.529054e-18 9.107038e+01
209000 8.477347e-21 -8.189329e-21 8.569221e-18 1.228023e+03
210000 3.193794e-21 -3.834222e-21 8.599360e-18 4.626511e+02
211000 1.522679e-21 -4.302561e-21 8.637242e-18 2.205744e+02
212000 1.282567e-23 -3.919097e-21 8.642319e-18 1.857918e+00
213000 2.509829e-21 -8.418310e-21 8.717743e-18 3.635724e+02
214000 3.288402e-23 -5.071655e-21 8.758471e-18 4.763560e+00
215000 2.494808e-23 -4.790964e-21 8.758711e-18 3.613965e+00
216000 1.800816e-20 -1.916497e-21 8.776092e-18 2.608652e+03
217000 1.317037e-21 -2.601587e-21 8.758715e-18 1.907852e+02
218000 1.127678e-20 -4.658821e-25 8.771276e-18 1.633548e+03
219000 4.195724e-23 -8.089992e-24 8.800034e-18 6.077902e+00
220000 5.270926e-21 -4.766035e-22 8.804794e-18 7.635432e+02
221000 4.685637e-21 -9.759726e-22 8.803710e-18 6.787586e+02
222000 2.572632e-21 -2.475787e-22 8.922375e-18 3.726700e+02
223000 3.412361e-23 -1.742944e-21 8.958291e-18 4.943125e+00
224000 6.588274e-21 -2.106071e-20 9.025528e-18 9.543734e+02
225000 2.164184e-25 -1.807144e-20 9.061929e-18 3.135024e-02
226000 6.811076e-21 -2.002996e-20 9.066781e-18 9.866484e+02
227000 3.223565e-20 -1.816456e-20 9.094071e-18 4.669637e+03
228000 2.118130e-22 -2.435091e-20 9.095863e-18 3.068311e+01
229000 3.381867e-22 -2.275102e-20 9.097587e-18 4.898952e+01
230000 1.475949e-20 -2.475464e-20 9.150208e-18 2.138051e+03
231000 1.797680e-25 -2.150964e-20 9.178491e-18 2.604108e-02
232000 5.778402e-23 -2.088920e-20 9.219173e-18 8.370559e+00
233000 2.872013e-23 -2.051197e-20 9.261974e-18 4.160381e+00
234000 1.406501e-22 -1.782141e-20 9.342406e-18 2.037449e+01
235000 4.744354e-24 -1.782823e-20 9.342269e-18 6.872643e-01
236000 1.062347e-20 -1.349941e-20 9.477124e-18 1.538910e+03
237000 2.350357e-21 -1.391293e-20 9.468557e-18 3.404713e+02
238000 4.296963e-21 -1.177671e-20 9.512520e-18 6.224555e+02
239000 9.061946e-22 -2.510201e-20 9.580196e-18 1.312708e+02
240000 1.882027e-21 -2.621448e-20 9.676786e-18 2.726293e+02
241000 1.939750e-21 -1.969075e-20 9.762417e-18 2.809910e+02
242000 3.808362e-22 -2.888089e-20 9.811774e-18 5.516771e+01
243000 1.116574e-22 -2.956449e-20 9.810786e-18 1.617463e+01
244000 1.004708e-20 -2.885067e-20 9.867395e-18 1.455414e+03
245000 2.358131e-22 -3.014807e-20 9.985359e-18 3.415975e+01
246000 1.985778e-22 -3.004755e-20 1.002442e-17 2.876586e+01
247000 1.222704e-21 -3.008900e-20 1.002558e-17 1.771201e+02
248000 1.069235e-20 -3.983085e-20 1.011261e-17 1.548887e+03
249000 5.978816e-21 -3.888427e-20 1.015175e-17 8.660878e+02
250000 5.398468e-21 -3.679101e-20 1.018952e-17 7.820188e+02
251000 3.367264e-22 -4.103633e-20 1.023116e-17 4.877799e+01
252000 5.052436e-22 -3.845974e-20 1.035252e-17 7.318929e+01
253000 5.609993e-22 -3.856623e-20 1.034631e-17 8.126603e+01
254000 2.185624e-23 -3.865426e-20 1.034302e-17 3.166082e+00
255000 4.992325e-22 -4.047439e-20 1.039314e-17 7.231852e+01
256000 1.134964e-21 -3.571407e-20 1.038887e-17 1.644102e+02
257000 7.924250e-22 -3.685690e-20 1.043370e-17 1.147902e+02
258000 7.020333e-22 -3.745692e-20 1.043416e-17 1.016961e+02
259000 2.013052e-20 -4.065240e-20 1.052530e-17 2.916096e+03
260000 1.396858e-22 -4.067001e-20 1.050593e-17 2.023481e+01
261000 1.026264e-20 -4.066581e-20 1.051587e-17 1.486639e+03
262000 8.238278e-24 -3.418487e-20 1.051936e-17 1.193392e+00
263000 2.868749e-21 -3.108382e-20 1.056915e-17 4.155653e+02
264000 9.163525e-22 -3.974334e-20 1.058831e-17 1.327423e+02
265000 1.229375e-21 -3.830642e-20 1.066138e-17 1.780865e+02
266000 1.324802e-21 -3.922761e-20 1.073820e-17 1.919100e+02
267000 2.314515e-21 -4.094717e-20 1.077803e-17 3.352793e+02
268000 1.168243e-21 -4.093370e-20 1.078029e-17 1.692310e+02
269000 6.059912e-22 -4.102085e-20 1.077961e-17 8.778353e+01
270000 2.201933e-23 -4.107320e-20 1.077321e-17 3.189708e+00
271000 5.693419e-22 -4.107751e-20 1.077556e-17 8.247454e+01
272000 2.540553e-22 -4.091218e-20 1.078593e-17 3.680231e+01
273000 2.391589e-21 -4.106068e-20 1.077583e-17 3.464441e+02
274000 4.196424e-21 -4.094277e-20 1.078092e-17 6.078915e+02
275000 1.920843e-22 -4.099279e-20 1.077475e-17 2.782522e+01
276000 3.590836e-21 -3.870668e-20 1.084006e-17 5.201664e+02
277000 5.374207e-22 -3.939452e-20 1.082832e-17 7.785044e+01
278000 2.811220e-22 -3.984218e-20 1.082586e-17 4.072316e+01
279000 2.378072e-24 -4.089322e-20 1.097612e-17 3.444862e-01
280000 6.252082e-21 -4.098127e-20 1.095984e-17 9.056730e+02
281000 3.815355e-22 -4.092860e-20 1.109094e-17 5.526900e+01
282000 7.916317e-21 -2.316414e-20 1.110594e-17 1.146753e+03
283000 5.488457e-21 -2.127329e-20 1.120704e-17 7.950547e+02
284000 5.234766e-21 -1.564298e-20 1.123024e-17 7.583052e+02
285000 1.947901e-22 -2.757796e-20 1.133674e-17 2.821718e+01
286000 1.961868e-22 -3.769759e-20 1.132507e-17 2.841951e+01
287000 3.463937e-22 -3.938198e-20 1.136043e-17 5.017839e+01
288000 2.795605e-21 -4.046396e-20 1.143846e-17 4.049697e+02
289000 8.915024e-21 -4.107780e-20 1.157748e-17 1.291425e+03
290000 6.397745e-21 -3.990303e-20 1.155383e-17 9.267736e+02
291000 1.807314e-21 -3.988962e-20 1.154954e-17 2.618064e+02
292000 1.520925e-21 -4.075112e-20 1.159430e-17 2.203203e+02
293000 1.785537e-23 -3.635004e-20 1.166647e-17 2.586518e+00
294000 4.976959e-22 -3.317681e-20 1.169613e-17 7.209593e+01
295000 5.996194e-21 -3.441191e-20 1.179968e-17 8.686051e+02
296000 4.109164e-21 -3.659066e-20 1.179238e-17 5.952511e+02
297000 4.540078e-22 -3.710080e-20 1.181294e-17 6.576730e+01
298000 6.436078e-23 -2.085819e-20 1.197529e-17 9.323264e+00
299000 9.197316e-24 -1.721747e-20 1.201188e-17 1.332318e+00
300000 1.312198e-21 -1.136851e-20 1.203013e-17 1.900843e+02
301000 7.489332e-23 -7.185613e-21 1.203289e-17 1.084900e+01
302000 5.096142e-25 -1.025348e-20 1.202975e-17 7.382241e-02
303000 7.226138e-23 -1.052864e-20 1.202955e-17 1.046774e+01
304000 2.824273e-22 -1.238928e-20 1.207092e-17 4.091225e+01
305000 2.208571e-21 -1.196957e-20 1.207183e-17 3.199323e+02
306000 1.000906e-22 -9.626871e-21 1.217105e-17 1.449906e+01
307000 1.382130e-22 1.043803e-21 1.216118e-17 2.002146e+01
308000 1.825060e-23 -3.130128e-21 1.215694e-17 2.643772e+00
309000 2.971160e-22 -7.222775e-21 1.217385e-17 4.304005e+01
310000 3.405620e-21 9.684322e-21 1.217309e-17 4.933361e+02
311000 5.467194e-21 -4.314135e-21 1.225775e-17 7.919745e+02
312000 1.720646e-21 -9.665594e-21 1.233246e-17 2.492518e+02
313000 2.863612e-21 -1.350096e-20 1.233063e-17 4.148211e+02
314000 2.385579e-21 -8.641120e-21 1.237568e-17 3.455736e+02
315000 1.122298e-20 -6.430252e-21 1.243906e-17 1.625755e+03
316000 1.327913e-21 9.907195e-21 1.241362e-17 1.923606e+02
317000 4.849793e-23 1.802063e-20 1.245807e-17 7.025381e+00
318000 1.785049e-23 4.754863e-20 1.260757e-17 2.585812e+00
319000 1.379372e-21 3.522828e-21 1.256524e-17 1.998150e+02
320000 1.381728e-21 1.376199e-20 1.265622e-17 2.001564e+02
321000 8.752497e-23 -1.522938e-20 1.277731e-17 1.267882e+01
322000 1.281695e-20 -4.096929e-20 1.282304e-17 1.856656e+03
323000 1.427145e-21 -3.986932e-20 1.288587e-17 2.067353e+02
324000 3.005331e-21 -3.660399e-20 1.297071e-17 4.353505e+02
325000 6.472392e-22 -2.166387e-20 1.300058e-17 9.375869e+01
326000 5.506258e-22 -3.668256e-20 1.304671e-17 7.976333e+01
327000 5.106995e-23 -3.983902e-20 1.312226e-17 7.397963e+00
328000 5.109830e-22 -3.978971e-20 1.312063e-17 7.402070e+01
329000 1.628484e-20 -3.773262e-20 1.313193e-17 2.359012e+03
330000 2.684464e-22 -3.807859e-20 1.312679e-17 3.888699e+01
331000 1.116146e-20 -3.697738e-20 1.318966e-17 1.616842e+03
332000 8.152054e-22 -3.983863e-20 1.320300e-17 1.180902e+02
333000 3.359172e-21 -3.222125e-20 1.324615e-17 4.866077e+02
334000 5.940040e-21 -3.222837e-20 1.324863e-17 8.604707e+02
335000 1.815504e-22 -2.174045e-20 1.328272e-17 2.629929e+01
336000 3.285766e-21 -3.952249e-20 1.334119e-17 4.759741e+02
337000 1.244046e-21 -4.088563e-20 1.334089e-17 1.802117e+02
338000 3.603633e-21 -7.872896e-21 1.338985e-17 5.220202e+02
339000 1.063492e-22 1.982419e-21 1.338503e-17 1.540568e+01
340000 5.647116e-22 -2.800552e-20 1.343796e-17 8.180379e+01
341000 8.194366e-21 -2.728062e-20 1.344639e-17 1.187031e+03
342000 4.060630e-24 -2.766253e-20 1.343235e-17 5.882205e-01
343000 1.719174e-23 -2.937951e-20 1.348013e-17 2.490385e+00
344000 3.140961e-21 -2.917649e-20 1.348597e-17 4.549978e+02
345000 1.367108e-21 -2.198647e-20 1.352302e-17 1.980385e+02
346000 4.012062e-21 -2.190876e-20 1.352561e-17 5.811850e+02
347000 3.797643e-21 -2.903845e-20 1.362152e-17 5.501244e+02
348000 2.927584e-21 -1.965577e-20 1.361686e-17 4.240882e+02
349000 4.150477e-21 -3.599949e-20 1.366043e-17 6.012356e+02
350000 3.664486e-22 -3.400699e-20 1.377328e-17 5.308352e+01
351000 1.662044e-22 -3.271277e-20 1.385687e-17 2.407627e+01
352000 2.076400e-22 -5.508738e-21 1.390669e-17 3.007860e+01
353000 7.815023e-22 -1.522932e-20 1.390213e-17 1.132080e+02
354000 1.061967e-21 -4.997434e-21 1.394528e-17 1.538359e+02
355000 9.670840e-22 -1.060100e-20 1.394911e-17 1.400912e+02
356000 4.765108e-22 -3.421329e-20 1.399973e-17 6.902708e+01
357000 6.342275e-21 -3.362658e-20 1.400958e-17 9.187383e+02
358000 6.583434e-21 -3.191083e-20 1.409984e-17 9.536724e+02
359000 1.327516e-24 -2.739447e-20 1.413089e-17 1.923031e-01
360000 2.095843e-22 -2.726545e-20 1.417456e-17 3.036025e+01
361000 9.990412e-21 -3.830193e-20 1.425770e-17 1.447205e+03
362000 2.032181e-22 -3.503065e-20 1.423849e-17 2.943806e+01
363000 4.567180e-21 -3.404036e-20 1.428841e-17 6.615990e+02
364000 5.296921e-24 -3.406660e-20 1.428299e-17 7.673088e-01
365000 6.816804e-22 -3.406573e-20 1.428369e-17 9.874782e+01
366000 5.410424e-22 -6.332037e-21 1.431421e-17 7.837508e+01
367000 6.711377e-22 -4.463407e-21 1.431621e-17 9.722061e+01
368000 9.359597e-21 -9.072297e-21 1.436030e-17 1.355826e+03
369000 1.291161e-23 -5.947370e-21 1.435424e-17 1.870369e+00
370000 1.469847e-21 -5.968863e-21 1.435563e-17 2.129212e+02
371000 1.966929e-20 -1.277070e-20 1.440690e-17 2.849281e+03
372000 4.661045e-22 -7.987023e-21 1.440133e-17 6.751962e+01
373000 5.904556e-22 -9.062503e-21 1.439154e-17 8.553305e+01
374000 2.071421e-21 -8.974907e-21 1.439310e-17 3.000649e+02
375000 8.895048e-21 -8.671226e-21 1.444113e-17 1.288531e+03
376000 1.116393e-23 -2.349650e-20 1.442951e-17 1.617200e+00
377000 5.694146e-21 -2.464264e-20 1.453011e-17 8.248506e+02
378000 4.448255e-21 -1.551899e-20 1.459169e-17 6.443716e+02
379000 1.617058e-21 -1.643745e-20 1.460291e-17 2.342461e+02
380000 6.030112e-23 -1.648365e-20 1.460002e-17 8.735184e+00
381000 1.796017e-22 -1.669106e-20 1.463507e-17 2.601700e+01
382000 4.782432e-21 -1.148590e-20 1.475330e-17 6.927803e+02
383000 1.685243e-22 -1.159970e-20 1.474857e-17 2.441233e+01
384000 7.652171e-22 -5.783393e-21 1.479885e-17 1.108489e+02
385000 8.424763e-21 -1.238272e-20 1.479616e-17 1.220406e+03
386000 4.223183e-22 -1.062458e-20 1.479177e-17 6.117678e+01
387000 1.653967e-21 -7.884893e-21 1.484896e-17 2.395926e+02
388000 8.537520e-23 -5.991480e-22 1.487951e-17 1.236740e+01
389000 3.536623e-21 -6.272050e-22 1.488291e-17 5.123131e+02
390000 8.746534e-23 -7.258694e-22 1.487936e-17 1.267018e+01
391000 9.695731e-21 -7.344831e-22 1.492896e-17 1.404518e+03
392000 5.473166e-22 -1.054009e-21 1.491950e-17 7.928397e+01
393000 2.117928e-21 -8.490045e-22 1.492127e-17 3.068019e+02
394000 3.244434e-21 -1.163661e-21 1.497179e-17 4.699869e+02
395000 2.420737e-22 -8.429004e-22 1.500068e-17 3.506665e+01
396000 1.028993e-21 -8.951110e-22 1.504468e-17 1.490593e+02
397000 1.641439e-22 -1.144609e-20 1.510877e-17 2.377778e+01
398000 6.798195e-23 -1.151389e-20 1.514925e-17 9.847826e+00
399000 6.966221e-22 -1.141778e-20 1.515071e-17 1.009123e+02
400000 2.444072e-22 -8.587704e-21 1.520938e-17 3.540468e+01
401000 7.385081e-24 -2.128741e-21 1.524574e-17 1.069798e+00
402000 2.188845e-21 -3.580517e-21 1.531861e-17 3.170748e+02
403000 3.946683e-22 -1.057421e-22 1.544030e-17 5.717141e+01
404000 2.832043e-21 -2.059392e-22 1.556357e-17 4.102481e+02
405000 5.525366e-22 -2.564989e-22 1.556186e-17 8.004012e+01
406000 2.042386e-22 -2.410267e-22 1.556071e-17 2.958589e+01
407000 3.811740e-22 -2.403624e-22 1.556086e-17 5.521664e+01
408000 2.313107e-21 -1.199070e-22 1.558206e-17 3.350753e+02
409000 1.255130e-21 -2.199030e-22 1.556157e-17 1.818175e+02
410000 7.094404e-21 -5.450595e-22 1.562453e-17 1.027691e+03
411000 2.897532e-25 -5.889057e-23 1.560381e-17 4.197348e-02
412000 4.878080e-22 -9.224906e-22 1.565609e-17 7.066358e+01
413000 5.240924e-21 -1.029778e-21 1.566508e-17 7.591971e+02
414000 3.640627e-21 -1.195227e-21 1.565956e-17 5.273790e+02
415000 5.181384e-21 -1.887390e-21 1.570382e-17 7.505722e+02
416000 1.120637e-20 -4.069446e-20 1.582470e-17 1.623348e+03
417000 1.674938e-21 -4.094988e-20 1.581025e-17 2.426305e+02
418000 1.286934e-21 -4.068109e-20 1.581685e-17 1.864245e+02
419000 9.387646e-21 -3.821919e-20 1.586520e-17 1.359889e+03
420000 1.632730e-20 -3.924201e-20 1.595975e-17 2.365163e+03
421000 9.263344e-22 -3.673248e-20 1.597113e-17 1.341883e+02
422000 8.558275e-21 -3.447859e-20 1.606605e-17 1.239747e+03
423000 2.231181e-21 -3.674108e-20 1.605264e-17 3.232075e+02
424000 5.617991e-21 -4.092254e-20 1.614157e-17 8.138189e+02
425000 6.391001e-24 -3.659368e-20 1.624950e-17 9.257967e-01
426000 2.056019e-21 -3.709810e-20 1.634645e-17 2.978338e+02
427000 3.701123e-23 -3.434901e-20 1.637708e-17 5.361424e+00
428000 5.793202e-22 -3.361607e-20 1.642493e-17 8.391998e+01
429000 5.223911e-22 -2.801228e-20 1.646160e-17 7.567327e+01
430000 6.276325e-21 -2.872278e-20 1.649704e-17 9.091847e+02
431000 2.061161e-23 -2.751174e-20 1.653732e-17 2.985785e+00
432000 2.568432e-21 -2.741735e-20 1.653940e-17 3.720615e+02
433000 2.427270e-24 -2.873122e-20 1.654342e-17 3.516130e-01
434000 4.038977e-21 -2.617281e-20 1.658663e-17 5.850839e+02
435000 5.533111e-21 -2.641837e-20 1.658923e-17 8.015232e+02
436000 4.138554e-23 -2.825666e-20 1.667460e-17 5.995085e+00
437000 1.087346e-22 -3.372049e-20 1.674277e-17 1.575122e+01
438000 1.752075e-22 -3.089876e-20 1.674642e-17 2.538046e+01
439000 3.196502e-23 -3.964690e-20 1.679312e-17 4.630433e+00
440000 2.397963e-22 -3.951336e-20 1.678493e-17 3.473674e+01
441000 6.649120e-23 -4.021252e-20 1.678326e-17 9.631877e+00
442000 3.843060e-24 -3.937794e-20 1.682141e-17 5.567033e-01
443000 5.976663e-22 -3.881168e-20 1.686772e-17 8.657758e+01
444000 9.837676e-22 -3.552511e-20 1.702659e-17 1.425080e+02
445000 1.146063e-23 -3.555034e-20 1.702564e-17 1.660180e+00
446000 4.894701e-22 -1.958217e-20 1.704680e-17 7.090435e+01
447000 3.271185e-21 -1.575915e-20 1.712907e-17 4.738619e+02
448000 8.348183e-21 -1.585844e-20 1.721329e-17 1.209313e+03
449000 1.132282e-23 -2.082317e-20 1.729042e-17 1.640217e+00
450000 7.555732e-23 -1.892713e-20 1.729952e-17 1.094519e+01
451000 2.427054e-23 -1.698698e-20 1.729900e-17 3.515816e+00
452000 1.048230e-21 -2.299482e-20 1.735435e-17 1.518459e+02
453000 2.262788e-21 -4.132813e-21 1.745428e-17 3.277861e+02
454000 2.559899e-22 -3.302799e-21 1.749551e-17 3.708255e+01
455000 1.437248e-22 -9.963992e-21 1.752947e-17 2.081989e+01
456000 8.854450e-22 -1.273797e-20 1.752062e-17 1.282650e+02
457000 3.732600e-21 -1.031652e-20 1.760956e-17 5.407022e+02
458000 1.554301e-20 -2.099554e-20 1.771163e-17 2.251552e+03
459000 7.906249e-21 -2.046976e-20 1.774093e-17 1.145295e+03
460000 9.121782e-22 -2.075010e-20 1.773073e-17 1.321376e+02
461000 4.501104e-22 -2.468988e-20 1.777891e-17 6.520272e+01
462000 9.093868e-23 -2.371723e-20 1.785800e-17 1.317332e+01
463000 3.309183e-21 -2.412964e-20 1.786416e-17 4.793663e+02
464000 1.572041e-22 -2.347885e-20 1.786453e-17 2.277250e+01
465000 1.936365e-21 -1.549417e-20 1.794746e-17 2.805006e+02
466000 5.034189e-21 -1.111509e-20 1.806278e-17 7.292497e+02
467000 1.938281e-22 -1.231030e-20 1.813712e-17 2.807782e+01
468000 1.561076e-21 -9.961769e-21 1.817544e-17 2.261365e+02
469000 1.673278e-22 -1.021441e-20 1.817507e-17 2.423901e+01
470000 1.604563e-21 -1.000230e-20 1.817566e-17 2.324361e+02
471000 3.114840e-24 -1.136619e-20 1.821710e-17 4.512139e-01
472000 3.136142e-22 -1.158003e-20 1.822224e-17 4.542997e+01
473000 9.013878e-23 -1.121728e-20 1.821681e-17 1.305745e+01
474000 7.659301e-21 -6.311712e-21 1.834733e-17 1.109522e+03
475000 2.917628e-21 -5.656623e-21 1.841334e-17 4.226459e+02
476000 8.172885e-22 -4.321328e-21 1.846306e-17 1.183919e+02
477000 1.750919e-23 -1.549585e-21 1.846873e-17 2.536371e+00
478000 1.055925e-21 -1.053398e-21 1.850605e-17 1.529607e+02
479000 1.483035e-21 -3.068796e-23 1.852152e-17 2.148315e+02
480000 8.410694e-21 -6.609019e-24 1.861482e-17 1.218368e+03
481000 6.230189e-24 -5.333968e-23 1.861750e-17 9.025016e-01
482000 8.424666e-23 -2.817672e-21 1.867727e-17 1.220392e+01
483000 1.306638e-22 -2.649924e-21 1.871748e-17 1.892788e+01
484000 2.504078e-21 -1.481153e-21 1.881058e-17 3.627393e+02
485000 1.600641e-22 -5.747598e-21 1.880088e-17 2.318680e+01
486000 3.334599e-22 -7.021981e-21 1.884709e-17 4.830481e+01
487000 1.580912e-23 -2.056879e-21 1.892989e-17 2.290099e+00
488000 3.658729e-21 -9.855334e-21 1.893528e-17 5.300014e+02
489000 1.018493e-21 -5.066806e-21 1.901434e-17 1.475384e+02
490000 1.176866e-21 -6.858185e-21 1.900373e-17 1.704802e+02
491000 4.360599e-22 -1.127142e-20 1.906479e-17 6.316738e+01
492000 6.113936e-22 -1.268647e-20 1.910368e-17 8.856611e+01
493000 1.460317e-21 -5.651382e-21 1.917233e-17 2.115406e+02
494000 1.173877e-21 -4.034972e-21 1.918048e-17 1.700472e+02
495000 1.700139e-20 -6.173491e-22 1.921640e-17 2.462812e+03
496000 3.274763e-21 -6.101403e-22 1.929115e-17 4.743802e+02
497000 3.382364e-22 -4.556006e-21 1.933561e-17 4.899673e+01
498000 5.628714e-22 -3.963693e-21 1.933978e-17 8.153721e+01
499000 2.479946e-21 -4.673945e-21 1.937578e-17 3.592435e+02
500000 1.326925e-21 -4.181727e-21 1.937843e-17 1.922176e+02
501000 6.751403e-23 -1.052250e-20 1.942556e-17 9.780042e+00
502000 1.744708e-21 -8.718285e-21 1.941833e-17 2.527374e+02
503000 9.889975e-22 -8.151377e-21 1.941312e-17 1.432656e+02
504000 5.437440e-22 -8.551451e-21 1.946156e-17 7.876643e+01
505000 1.270444e-22 -1.217094e-20 1.950431e-17 1.840358e+01
506000 1.513003e-21 -5.753747e-21 1.953238e-17 2.191727e+02
507000 4.696397e-21 -7.764400e-21 1.959345e-17 6.803173e+02
508000 9.269059e-22 -4.354171e-22 1.964626e-17 1.342710e+02
509000 3.584783e-21 -1.576917e-21 1.968744e-17 5.192896e+02
510000 2.064477e-21 -7.439133e-22 1.974185e-17 2.990589e+02
511000 7.068286e-23 -4.276804e-22 1.978527e-17 1.023908e+01
512000 4.095796e-21 -7.818003e-22 1.986543e-17 5.933146e+02
513000 7.621145e-22 -5.891600e-21 1.999257e-17 1.103995e+02
514000 7.151133e-21 -2.777500e-21 2.002241e-17 1.035909e+03
515000 3.136481e-22 -3.751692e-21 2.014136e-17 4.543488e+01
516000 2.140373e-24 -5.670584e-21 2.018962e-17 3.100531e-01
517000 5.926610e-22 -5.695140e-21 2.019053e-17 8.585252e+01
518000 6.772758e-22 -1.637029e-22 2.017536e-17 9.810978e+01
519000 1.147697e-20 -1.894886e-24 2.018425e-17 1.662547e+03
520000 4.257279e-26 -8.269059e-24 2.021391e-17 6.167070e-03
521000 6.851818e-22 -6.842132e-24 2.021322e-17 9.925504e+01
522000 7.720082e-24 -1.246710e-23 2.021977e-17 1.118326e+00
523000 3.917342e-22 -7.550656e-23 2.021196e-17 5.674639e+01
524000 4.361760e-21 -4.128097e-21 2.030671e-17 6.318420e+02
525000 1.748170e-21 -6.529007e-21 2.029928e-17 2.532389e+02
526000 8.680806e-22 -1.072383e-20 2.035065e-17 1.257496e+02
527000 2.990357e-21 -1.114258e-20 2.038772e-17 4.331813e+02
528000 2.839917e-21 -1.015939e-20 2.039104e-17 4.113886e+02
529000 3.857061e-24 -1.201105e-23 2.041908e-17 5.587316e-01
530000 9.765089e-22 -2.795074e-24 2.041403e-17 1.414565e+02
531000 4.495299e-21 -4.098076e-24 2.041640e-17 6.511864e+02
532000 2.336983e-24 -6.881476e-23 2.045565e-17 3.385340e-01
533000 3.645253e-21 -1.872710e-23 2.051581e-17 5.280492e+02
534000 1.432817e-21 -1.848206e-25 2.051167e-17 2.075570e+02
535000 1.570835e-21 -1.285328e-23 2.055413e-17 2.275502e+02
536000 1.753173e-20 -4.288363e-24 2.056954e-17 2.539636e+03
537000 1.651289e-22 -2.129763e-21 2.054340e-17 2.392048e+01
538000 3.335082e-22 -2.097058e-21 2.054389e-17 4.831180e+01
539000 6.636278e-21 -2.053155e-21 2.055160e-17 9.613273e+02
540000 1.829123e-22 -7.153797e-21 2.058507e-17 2.649657e+01
541000 4.656693e-22 -8.246206e-21 2.063920e-17 6.745659e+01
542000 3.836360e-21 -7.768931e-21 2.063274e-17 5.557329e+02
543000 4.858553e-21 -1.636866e-21 2.067182e-17 7.038071e+02
544000 9.988610e-23 -1.232912e-21 2.066776e-17 1.446944e+01
545000 1.502964e-20 -1.537025e-21 2.079859e-17 2.177185e+03
546000 7.069821e-21 -2.629801e-21 2.089503e-17 1.024130e+03
547000 1.386892e-21 -2.337188e-21 2.087955e-17 2.009043e+02
548000 2.195686e-21 -2.539032e-21 2.088644e-17 3.180658e+02
549000 2.917374e-21 -2.767939e-20 2.091454e-17 4.226091e+02
550000 5.202436e-22 -2.767259e-20 2.091231e-17 7.536218e+01
551000 2.927524e-21 -2.613445e-20 2.098802e-17 4.240794e+02
552000 5.734505e-23 -2.313204e-20 2.108278e-17 8.306970e+00
553000 1.930172e-23 -2.329378e-20 2.128966e-17 2.796035e+00
554000 1.985978e-23 -2.306347e-20 2.128681e-17 2.876876e+00
555000 5.307495e-23 -1.253886e-20 2.134834e-17 7.688406e+00
556000 2.641482e-22 -1.322094e-20 2.143590e-17 3.826436e+01
557000 3.634745e-22 -7.393111e-21 2.151302e-17 5.265270e+01
558000 1.781008e-21 -1.008282e-20 2.151730e-17 2.579957e+02
559000 1.816801e-21 -5.799568e-21 2.160056e-17 2.631807e+02
560000 8.257241e-24 -1.919242e-20 2.162515e-17 1.196139e+00
561000 1.907848e-24 -5.519079e-21 2.160003e-17 2.763698e-01
562000 1.092480e-22 7.567370e-22 2.160612e-17 1.582560e+01
563000 4.794962e-21 -1.467930e-20 2.161786e-17 6.945954e+02
564000 6.038035e-21 1.593730e-20 2.166198e-17 8.746661e+02
565000 3.692010e-24 -5.673111e-21 2.163920e-17 5.348223e-01
566000 2.734923e-21 -3.485660e-20 2.167248e-17 3.961793e+02
567000 5.017550e-21 -3.703290e-20 2.177090e-17 7.268394e+02
568000 4.196125e-22 -3.911323e-20 2.185612e-17 6.078482e+01
569000 1.986105e-21 -4.104526e-20 2.186549e-17 2.877060e+02
570000 2.506486e-21 -3.752781e-20 2.190773e-17 3.630881e+02
571000 1.730652e-22 -3.511171e-20 2.200251e-17 2.507012e+01
572000 4.235533e-22 -3.449492e-20 2.207868e-17 6.135569e+01
573000 1.620925e-22 -3.912088e-20 2.211198e-17 2.348063e+01
574000 1.080114e-21 -3.747630e-20 2.215022e-17 1.564647e+02
575000 5.285942e-22 -3.859203e-20 2.219301e-17 7.657184e+01
576000 3.338134e-23 -3.912442e-20 2.223181e-17 4.835601e+00
577000 6.279047e-21 -3.612701e-20 2.238221e-17 9.095791e+02
578000 9.522574e-21 -3.810337e-20 2.237032e-17 1.379434e+03
579000 9.692684e-22 -3.762545e-20 2.240485e-17 1.404077e+02
580000 3.517346e-22 -3.726225e-20 2.240249e-17 5.095207e+01
581000 3.173662e-22 -4.100804e-20 2.241727e-17 4.597348e+01
582000 9.940322e-21 -4.000311e-20 2.245399e-17 1.439949e+03
583000 4.281003e-21 -4.025138e-20 2.242461e-17 6.201435e+02
584000 1.506238e-21 -4.009551e-20 2.247817e-17 2.181928e+02
585000 6.213737e-22 -4.067704e-20 2.247241e-17 9.001183e+01
586000 4.431818e-23 -4.100710e-20 2.247336e-17 6.419906e+00
587000 2.531846e-22 -4.103645e-20 2.246538e-17 3.667617e+01
588000 5.726262e-22 -4.090424e-20 2.255323e-17 8.295029e+01
589000 2.537347e-23 -4.048090e-20 2.258927e-17 3.675586e+00
590000 1.223037e-21 -4.023561e-20 2.259893e-17 1.771684e+02
591000 4.489447e-23 -4.100346e-20 2.264740e-17 6.503386e+00
592000 1.917610e-21 -4.020297e-20 2.280129e-17 2.777838e+02
593000 1.875221e-21 -4.013412e-20 2.283957e-17 2.716435e+02
594000 4.562785e-23 -3.934401e-20 2.289396e-17 6.609623e+00
595000 3.869189e-22 -4.017435e-20 2.293839e-17 5.604884e+01
596000 1.333402e-21 -3.407704e-20 2.304254e-17 1.931559e+02
597000 2.512921e-24 -3.452186e-20 2.303819e-17 3.640203e-01
598000 3.880751e-21 -3.161276e-20 2.316366e-17 5.621633e+02
599000 3.772254e-21 -3.120846e-20 2.325569e-17 5.464465e+02
600000 4.350529e-22 -3.734796e-20 2.331795e-17 6.302151e+01
601000 3.317525e-21 -3.735857e-20 2.332045e-17 4.805746e+02
602000 1.021792e-21 -3.753174e-20 2.332281e-17 1.480161e+02
603000 6.640412e-22 -3.749081e-20 2.337639e-17 9.619261e+01
604000 2.388870e-21 -3.588820e-20 2.337725e-17 3.460504e+02
605000 4.360190e-21 -3.743696e-20 2.337997e-17 6.316145e+02
606000 6.536453e-22 -3.690806e-20 2.337650e-17 9.468668e+01
607000 6.705685e-23 -3.760624e-20 2.337972e-17 9.713816e+00
608000 4.123961e-21 -3.734823e-20 2.338149e-17 5.973946e+02
609000 7.610526e-21 -3.833776e-20 2.343286e-17 1.102456e+03
610000 2.071185e-21 -2.813680e-20 2.352382e-17 3.000306e+02
611000 1.425354e-20 -2.558032e-20 2.362619e-17 2.064760e+03
612000 7.621065e-21 -2.994408e-20 2.377166e-17 1.103983e+03
613000 2.105676e-21 -2.818697e-20 2.372394e-17 3.050270e+02
614000 1.747384e-21 -2.894196e-20 2.376793e-17 2.531250e+02
615000 3.441840e-22 -2.809582e-20 2.376364e-17 4.985829e+01
616000 5.306976e-21 -2.864470e-20 2.377791e-17 7.687654e+02
617000 4.986123e-22 -3.979268e-21 2.387697e-17 7.222868e+01
618000 2.392656e-21 -1.560279e-21 2.392921e-17 3.465987e+02
619000 9.479966e-22 -1.806602e-20 2.394039e-17 1.373262e+02
620000 2.320759e-21 -1.785050e-20 2.397909e-17 3.361838e+02
621000 5.502921e-24 -1.636958e-20 2.397843e-17 7.971500e-01
622000 4.249765e-21 -1.932731e-20 2.401330e-17 6.156184e+02
623000 3.014668e-21 -1.931170e-20 2.416366e-17 4.367030e+02
624000 1.532406e-21 -3.737726e-20 2.418432e-17 2.219834e+02
625000 1.415156e-20 -4.013118e-20 2.417163e-17 2.049987e+03
626000 4.095466e-21 -4.037217e-20 2.415457e-17 5.932669e+02
627000 1.643419e-21 -4.011706e-20 2.415882e-17 2.380647e+02
628000 4.088627e-22 -4.037219e-20 2.415089e-17 5.922761e+01
629000 2.461305e-21 -2.899892e-20 2.426779e-17 3.565432e+02
630000 1.692929e-21 -2.468031e-20 2.436477e-17 2.452368e+02
631000 1.972108e-21 -2.211515e-20 2.439906e-17 2.856784e+02
632000 4.641455e-21 -2.229591e-20 2.440193e-17 6.723584e+02
633000 7.415780e-23 -3.331872e-20 2.447297e-17 1.074245e+01
634000 2.454003e-22 -3.044588e-20 2.451726e-17 3.554855e+01
635000 5.190181e-21 -3.245444e-20 2.454162e-17 7.518466e+02
636000 3.518986e-21 -1.609390e-20 2.462240e-17 5.097583e+02
637000 4.116426e-22 -1.050226e-20 2.460160e-17 5.963030e+01
638000 4.097258e-22 -9.284041e-21 2.460214e-17 5.935264e+01
639000 5.819498e-21 -3.713850e-20 2.477179e-17 8.430091e+02
640000 1.323464e-22 -2.825209e-20 2.477346e-17 1.917163e+01
641000 8.517858e-22 -3.338001e-20 2.481371e-17 1.233892e+02
642000 1.734221e-21 -3.500395e-20 2.480467e-17 2.512182e+02
643000 1.632191e-21 -3.879674e-20 2.486950e-17 2.364382e+02
644000 8.423753e-22 -4.077229e-20 2.493480e-17 1.220260e+02
645000 6.650652e-23 -4.039722e-20 2.493520e-17 9.634096e+00
646000 7.443662e-22 -4.042677e-20 2.493614e-17 1.078284e+02
647000 6.112886e-23 -2.425196e-20 2.502172e-17 8.855090e+00
648000 1.016928e-21 -2.541815e-20 2.506447e-17 1.473117e+02
649000 5.770054e-24 -6.272474e-21 2.516888e-17 8.358467e-01
650000 3.517087e-22 -7.008918e-21 2.525044e-17 5.094832e+01
651000 5.959017e-21 -5.857303e-21 2.531253e-17 8.632198e+02
652000 1.399858e-21 -6.082682e-21 2.530788e-17 2.027826e+02
653000 2.808512e-21 3.354958e-21 2.532930e-17 4.068394e+02
654000 6.914425e-23 -3.661212e-21 2.546995e-17 1.001619e+01
655000 4.348785e-22 -6.583109e-21 2.547107e-17 6.299624e+01
656000 3.224541e-23 4.311813e-21 2.550033e-17 4.671051e+00
657000 2.177674e-21 1.599913e-20 2.559701e-17 3.154565e+02
658000 3.045150e-24 1.366348e-20 2.557689e-17 4.411186e-01
659000 5.213863e-21 3.208929e-20 2.567734e-17 7.552772e+02
660000 1.276156e-24 3.047070e-20 2.567120e-17 1.848632e-01
661000 1.903757e-21 3.631064e-20 2.576002e-17 2.757771e+02
662000 6.067646e-21 1.098568e-20 2.579465e-17 8.789556e+02
663000 6.511340e-21 1.217415e-20 2.579139e-17 9.432289e+02
664000 4.207163e-21 9.317157e-21 2.583593e-17 6.094472e+02
665000 7.042959e-23 9.723064e-21 2.583278e-17 1.020239e+01
666000 6.300412e-21 -1.384526e-21 2.585110e-17 9.126740e+02
667000 1.290354e-21 9.428102e-21 2.583323e-17 1.869199e+02
668000 5.830965e-21 1.176443e-20 2.588476e-17 8.446702e+02
669000 1.558063e-23 1.702550e-20 2.596318e-17 2.257001e+00
670000 1.567903e-22 2.771559e-20 2.597579e-17 2.271255e+01
671000 8.037648e-21 -3.564203e-20 2.594327e-17 1.164329e+03
672000 6.671990e-22 -3.372513e-20 2.593373e-17 9.665005e+01
673000 2.226341e-22 -3.167219e-20 2.601723e-17 3.225065e+01
674000 1.371024e-22 -3.685861e-20 2.601745e-17 1.986057e+01
675000 2.223437e-21 -3.154747e-20 2.606071e-17 3.220857e+02
676000 6.211559e-21 -4.053419e-20 2.611340e-17 8.998028e+02
677000 4.735546e-21 -4.110000e-20 2.613348e-17 6.859883e+02
678000 1.657527e-24 -4.075084e-20 2.613281e-17 2.401084e-01
679000 1.709092e-21 -3.090646e-20 2.631795e-17 2.475780e+02
680000 1.505352e-20 -3.446377e-20 2.641352e-17 2.180644e+03
681000 2.155406e-21 -3.140676e-20 2.643400e-17 3.122308e+02
682000 3.159466e-22 -3.373005e-20 2.647212e-17 4.576783e+01
683000 3.071078e-23 -1.902030e-20 2.659821e-17 4.448745e+00
684000 4.326190e-22 -3.107955e-20 2.667406e-17 6.266893e+01
685000 1.059005e-21 -1.000043e-20 2.680073e-17 1.534069e+02
686000 1.068231e-21 -1.092015e-20 2.678531e-17 1.547433e+02
687000 1.616367e-21 -1.531012e-20 2.682393e-17 2.341459e+02
688000 3.336973e-21 -1.498962e-20 2.682836e-17 4.833919e+02
689000 1.687751e-21 -1.923163e-20 2.695904e-17 2.444867e+02
690000 5.172029e-22 -3.275854e-20 2.697679e-17 7.492170e+01
691000 5.196760e-22 -3.351531e-20 2.697528e-17 7.527996e+01
692000 7.707263e-23 -3.253309e-20 2.698404e-17 1.116470e+01
693000 7.732566e-22 -3.384930e-20 2.696945e-17 1.120135e+02
694000 7.866071e-21 -3.365330e-20 2.698084e-17 1.139474e+03
695000 1.428350e-21 -3.410406e-20 2.696979e-17 2.069099e+02
696000 6.142819e-23 -3.409233e-20 2.696811e-17 8.898451e+00
697000 1.303118e-21 -3.577455e-20 2.702184e-17 1.887689e+02
698000 6.330618e-22 -4.101258e-20 2.708751e-17 9.170496e+01
699000 1.011706e-21 -4.100931e-20 2.719141e-17 1.465551e+02
700000 2.532315e-21 -3.197262e-20 2.727376e-17 3.668297e+02
701000 1.839152e-22 -3.290497e-20 2.725398e-17 2.664185e+01
702000 1.920554e-22 -3.614730e-20 2.734899e-17 2.782103e+01
703000 3.955471e-24 -3.359085e-20 2.738225e-17 5.729872e-01
704000 2.457968e-23 -3.479737e-20 2.738735e-17 3.560598e+00
705000 1.077366e-21 -3.221621e-20 2.748582e-17 1.560666e+02
706000 3.129907e-22 -2.937845e-20 2.750617e-17 4.533965e+01
707000 1.546846e-21 -2.838675e-20 2.759387e-17 2.240752e+02
708000 2.395923e-20 -2.832992e-20 2.761421e-17 3.470719e+03
709000 2.103048e-23 -2.169409e-20 2.757571e-17 3.046462e+00
710000 7.600945e-22 -2.188216e-20 2.757764e-17 1.101068e+02
711000 5.996794e-24 -2.098652e-20 2.763502e-17 8.686920e-01
712000 6.099085e-23 -4.096680e-20 2.774308e-17 8.835099e+00
713000 3.611888e-22 -4.062357e-20 2.775191e-17 5.232160e+01
714000 2.659916e-21 -4.107705e-20 2.782135e-17 3.853138e+02
715000 1.787649e-21 -3.881229e-20 2.794837e-17 2.589578e+02
716000 8.463844e-21 -3.883291e-20 2.799594e-17 1.226067e+03
717000 5.196109e-22 -3.878044e-20 2.798698e-17 7.527053e+01
718000 4.243049e-22 -3.878668e-20 2.798691e-17 6.146456e+01
719000 2.398324e-22 -3.888250e-20 2.799022e-17 3.474198e+01
720000 5.954033e-22 -4.082845e-20 2.808068e-17 8.624977e+01
721000 4.517827e-22 -3.428852e-20 2.810602e-17 6.544498e+01
722000 1.314338e-22 -3.451128e-20 2.810910e-17 1.903942e+01
723000 6.812355e-21 -3.548506e-20 2.820516e-17 9.868337e+02
724000 2.007688e-21 -3.909672e-20 2.829306e-17 2.908325e+02
725000 9.387355e-22 -1.079374e-20 2.838756e-17 1.359847e+02
726000 7.940181e-22 -1.830446e-20 2.847541e-17 1.150210e+02
727000 2.893524e-23 -1.245264e-20 2.856186e-17 4.191542e+00
728000 7.589480e-22 -1.565681e-20 2.855695e-17 1.099408e+02
729000 3.641115e-22 -1.685560e-20 2.859471e-17 5.274497e+01
730000 1.436233e-21 -1.710705e-20 2.859307e-17 2.080518e+02
731000 2.633199e-21 -1.712045e-20 2.859436e-17 3.814437e+02
732000 3.856621e-22 -2.765232e-20 2.869483e-17 5.586679e+01
733000 1.255780e-21 -2.172241e-20 2.871264e-17 1.819116e+02
734000 6.553881e-26 -2.188879e-20 2.871643e-17 9.493913e-03
735000 1.616644e-21 -4.220756e-21 2.881170e-17 2.341862e+02
736000 1.843768e-23 -1.539898e-20 2.884265e-17 2.670871e+00
737000 4.788147e-23 -1.385129e-20 2.888571e-17 6.936082e+00
738000 2.122855e-22 -1.216946e-20 2.887770e-17 3.075156e+01
739000 3.335336e-22 -9.102987e-21 2.895978e-17 4.831548e+01
740000 6.356026e-23 -3.629474e-21 2.899527e-17 9.207302e+00
741000 2.226339e-21 -6.203116e-21 2.899497e-17 3.225061e+02
742000 6.598578e-21 -2.508642e-21 2.904960e-17 9.558662e+02
743000 1.710124e-22 -2.357034e-21 2.903753e-17 2.477275e+01
744000 2.424823e-21 -4.855983e-21 2.917762e-17 3.512585e+02
745000 1.594879e-21 -3.325656e-21 2.916635e-17 2.310332e+02
746000 7.043459e-23 -3.405018e-21 2.920840e-17 1.020311e+01
747000 3.913023e-22 -4.686534e-21 2.922386e-17 5.668382e+01
748000 1.660141e-20 -3.105061e-21 2.923859e-17 2.404871e+03
749000 2.181359e-21 -5.136032e-21 2.922381e-17 3.159904e+02
750000 1.030558e-21 -3.317505e-21 2.925698e-17 1.492860e+02
751000 1.074170e-21 -9.411046e-21 2.931851e-17 1.556036e+02
752000 3.561597e-21 -4.233118e-21 2.935063e-17 5.159308e+02
753000 5.715462e-21 -3.441551e-21 2.935082e-17 8.279384e+02
754000 3.961416e-22 -4.071770e-21 2.934515e-17 5.738484e+01
755000 1.480506e-21 -2.063690e-22 2.944767e-17 2.144652e+02
756000 3.569688e-22 -5.284797e-22 2.946003e-17 5.171029e+01
757000 2.054507e-21 -4.935182e-22 2.946448e-17 2.976147e+02
758000 2.301242e-22 -4.180543e-22 2.951075e-17 3.333565e+01
759000 6.045204e-23 -1.603775e-21 2.954650e-17 8.757048e+00
760000 1.821929e-21 -1.661577e-21 2.958597e-17 2.639236e+02
761000 3.474322e-22 -1.593133e-21 2.966761e-17 5.032882e+01
762000 5.405397e-22 -1.442998e-21 2.971609e-17 7.830227e+01
763000 8.554747e-22 -1.926308e-20 2.985363e-17 1.239236e+02
764000 3.059068e-21 -2.790988e-20 2.985669e-17 4.431348e+02
765000 2.166913e-21 -2.788537e-20 2.985558e-17 3.138977e+02
766000 3.333667e-21 -2.678023e-20 3.000011e-17 4.829131e+02
767000 3.746853e-21 -2.990817e-20 3.011869e-17 5.427669e+02
768000 6.348016e-21 -3.890116e-20 3.017064e-17 9.195699e+02
769000 1.402730e-22 -3.997603e-20 3.019612e-17 2.031987e+01
770000 1.186281e-21 -3.998172e-20 3.019724e-17 1.718440e+02
771000 4.858695e-22 -3.994610e-20 3.025643e-17 7.038276e+01
772000 1.220342e-21 -4.106634e-20 3.030287e-17 1.767780e+02
773000 1.319764e-20 -4.070265e-20 3.038563e-17 1.911803e+03
774000 1.107622e-21 -4.080299e-20 3.051187e-17 1.604495e+02
775000 3.106556e-22 -4.107535e-20 3.055683e-17 4.500138e+01
776000 2.883541e-21 -4.107878e-20 3.055857e-17 4.177080e+02
777000 1.154990e-22 -3.583659e-20 3.053814e-17 1.673111e+01
778000 8.893960e-22 -3.594312e-20 3.053913e-17 1.288374e+02
779000 6.363396e-21 -3.590218e-20 3.054383e-17 9.217978e+02
780000 1.997859e-21 -3.823627e-20 3.067371e-17 2.894087e+02
781000 1.104251e-22 -4.061350e-20 3.077164e-17 1.599611e+01
782000 2.042589e-21 -4.095128e-20 3.083229e-17 2.958882e+02
783000 1.607978e-22 -4.083586e-20 3.083101e-17 2.329308e+01
784000 1.887458e-21 -4.095213e-20 3.083213e-17 2.734161e+02
785000 2.754113e-21 -4.108508e-20 3.083832e-17 3.989592e+02
786000 6.142534e-22 -4.095579e-20 3.087089e-17 8.898039e+01
787000 1.627795e-20 -3.272063e-20 3.101646e-17 2.358014e+03
788000 1.536668e-21 -3.810468e-20 3.112338e-17 2.226008e+02
789000 2.320319e-22 -3.722613e-20 3.110580e-17 3.361201e+01
790000 2.788521e-21 -3.811418e-20 3.112467e-17 4.039435e+02
791000 6.837345e-21 1.988668e-20 3.120224e-17 9.904537e+02
792000 9.751481e-25 -3.011280e-20 3.129132e-17 1.412594e-01
793000 2.055995e-22 -3.559165e-20 3.142873e-17 2.978302e+01
794000 4.388609e-22 -4.069815e-20 3.153947e-17 6.357314e+01
795000 8.336463e-23 -4.095259e-20 3.156916e-17 1.207615e+01
796000 2.955586e-23 -4.083353e-20 3.159473e-17 4.281445e+00
797000 5.212787e-22 -4.077451e-20 3.159606e-17 7.551213e+01
798000 1.503702e-22 -4.103231e-20 3.160586e-17 2.178253e+01
799000 2.526482e-21 -4.083059e-20 3.163676e-17 3.659847e+02
800000 7.584641e-22 -4.079761e-20 3.163332e-17 1.098707e+02
801000 3.382735e-21 -4.083318e-20 3.163806e-17 4.900210e+02
802000 3.066981e-22 -2.998349e-20 3.166284e-17 4.442810e+01
803000 2.100581e-21 -3.016715e-20 3.166607e-17 3.042889e+02
804000 7.103201e-23 -3.990144e-20 3.172993e-17 1.028965e+01
805000 2.754827e-21 -3.953803e-20 3.176991e-17 3.990626e+02
806000 2.194135e-21 -3.935106e-20 3.176902e-17 3.178411e+02
807000 4.664652e-21 -3.707480e-20 3.180757e-17 6.757187e+02
808000 1.227150e-20 -3.707427e-20 3.181517e-17 1.777642e+03
809000 1.944894e-21 -3.950758e-20 3.180807e-17 2.817362e+02
810000 7.760054e-21 -3.714101e-20 3.185157e-17 1.124117e+03
811000 4.780310e-22 -3.369579e-20 3.186340e-17 6.924729e+01
812000 7.221716e-21 -3.631250e-20 3.209676e-17 1.046133e+03
813000 5.969401e-22 -3.397393e-20 3.212429e-17 8.647239e+01
814000 3.031024e-21 -1.617035e-20 3.214973e-17 4.390724e+02
815000 2.796653e-24 -5.099140e-21 3.226158e-17 4.051214e-01
816000 2.612117e-21 -4.397822e-21 3.232022e-17 3.783898e+02
817000 5.620161e-21 -4.890557e-21 3.232417e-17 8.141333e+02
818000 2.194531e-20 -6.306128e-21 3.238321e-17 3.178984e+03
819000 4.256656e-22 -8.703833e-21 3.234003e-17 6.166166e+01
820000 1.507026e-22 -4.051068e-21 3.243800e-17 2.183069e+01
821000 3.729260e-22 -1.111476e-20 3.246827e-17 5.402184e+01
822000 3.953670e-21 -1.309085e-20 3.255029e-17 5.727263e+02
823000 1.222619e-22 -1.429837e-20 3.259475e-17 1.771079e+01
824000 7.968365e-21 -1.370989e-20 3.259966e-17 1.154293e+03
825000 6.335638e-21 -1.690015e-20 3.271496e-17 9.177768e+02
826000 3.802854e-21 -1.671046e-20 3.275844e-17 5.508793e+02
827000 2.917920e-23 -1.731925e-20 3.279430e-17 4.226882e+00
828000 2.198616e-21 -1.728652e-20 3.279594e-17 3.184901e+02
829000 8.262623e-22 -4.100071e-20 3.292398e-17 1.196919e+02
830000 6.206932e-21 -4.102634e-20 3.293102e-17 8.991325e+02
831000 1.617508e-21 -4.096604e-20 3.296791e-17 2.343113e+02
832000 6.861040e-21 -4.093824e-20 3.298029e-17 9.938862e+02
833000 5.375561e-21 -4.081813e-20 3.306677e-17 7.787006e+02
834000 8.734682e-23 -4.075292e-20 3.305828e-17 1.265301e+01
835000 1.386226e-21 -4.077471e-20 3.305998e-17 2.008079e+02
836000 4.864591e-21 -4.107795e-20 3.310384e-17 7.046817e+02
837000 1.490569e-21 -2.378424e-20 3.311458e-17 2.159229e+02
838000 7.249361e-25 -2.525457e-20 3.315972e-17 1.050138e-01
839000 1.011728e-20 -2.369288e-20 3.320594e-17 1.465583e+03
840000 2.192274e-21 -3.577267e-20 3.336726e-17 3.175715e+02
841000 1.586312e-20 -3.988311e-20 3.348490e-17 2.297922e+03
842000 4.502303e-21 -7.094772e-22 3.343736e-17 6.522009e+02
843000 9.917084e-23 -1.434598e-21 3.347343e-17 1.436583e+01
844000 1.031544e-23 1.451820e-20 3.350876e-17 1.494289e+00
845000 2.599728e-22 -1.272782e-21 3.355300e-17 3.765951e+01
846000 8.656373e-24 3.908898e-20 3.364054e-17 1.253957e+00
847000 8.132098e-22 2.813589e-20 3.364838e-17 1.178011e+02
848000 3.049125e-23 2.120601e-20 3.368025e-17 4.416945e+00
849000 1.492468e-20 3.962625e-20 3.373524e-17 2.161980e+03
850000 4.422568e-21 8.241215e-20 3.388684e-17 6.406506e+02
851000 9.891809e-22 -2.195863e-20 3.382378e-17 1.432922e+02
852000 3.554166e-22 -2.038082e-20 3.392020e-17 5.148544e+01
853000 2.502030e-21 -1.980960e-20 3.396046e-17 3.624426e+02
854000 5.899574e-21 -2.046594e-20 3.396832e-17 8.546088e+02
855000 1.983009e-22 -2.297298e-20 3.396233e-17 2.872575e+01
856000 4.481809e-21 -5.876202e-21 3.402004e-17 6.492321e+02
857000 3.633209e-22 4.449255e-21 3.403221e-17 5.263045e+01
858000 3.765908e-23 4.697481e-21 3.403092e-17 5.455273e+00
859000 2.456645e-21 3.956501e-21 3.403730e-17 3.558681e+02
860000 6.771449e-21 5.849248e-21 3.403847e-17 9.809081e+02
861000 2.695393e-21 5.612010e-21 3.403329e-17 3.904530e+02
862000 1.194729e-20 4.655129e-21 3.404297e-17 1.730677e+03
863000 4.709195e-21 1.712612e-20 3.405563e-17 6.821712e+02
864000 1.253896e-21 4.900877e-21 3.403159e-17 1.816386e+02
865000 6.269003e-25 4.373907e-21 3.403220e-17 9.081240e-02
866000 1.276049e-22 4.002029e-20 3.408446e-17 1.848478e+01
867000 4.047128e-21 5.549579e-20 3.413954e-17 5.862645e+02
868000 1.340621e-22 3.056890e-20 3.420399e-17 1.942015e+01
869000 1.206714e-21 -5.330752e-21 3.429884e-17 1.748039e+02
870000 3.849803e-21 -4.428510e-21 3.429313e-17 5.576802e+02
871000 1.230116e-21 2.264417e-20 3.437031e-17 1.781939e+02
872000 8.466932e-22 2.123619e-20 3.436102e-17 1.226515e+02
873000 1.119741e-22 -1.247466e-20 3.438755e-17 1.622050e+01
874000 1.814387e-22 -1.336281e-20 3.444701e-17 2.628310e+01
875000 2.449354e-22 -1.172731e-20 3.448652e-17 3.548119e+01
876000 6.528308e-22 -2.154672e-20 3.453551e-17 9.456869e+01
877000 3.148512e-21 -3.128984e-20 3.457616e-17 4.560916e+02
878000 1.715483e-21 -3.137880e-20 3.457550e-17 2.485038e+02
879000 8.606002e-23 -3.090399e-20 3.457548e-17 1.246660e+01
