pX pY pZ 
1.637576e-13 0.000000e+00 0.000000e+00
1.154569e-13 0.000000e+00 0.000000e+00
1.662245e-13 0.000000e+00 0.000000e+00
-1.418237e-13 0.000000e+00 0.000000e+00
3.070652e-14 0.000000e+00 0.000000e+00
-7.757283e-14 0.000000e+00 0.000000e+00
-3.524818e-13 0.000000e+00 0.000000e+00
-5.940545e-14 0.000000e+00 0.000000e+00
-1.485111e-13 0.000000e+00 0.000000e+00
-2.886822e-14 0.000000e+00 0.000000e+00
-6.426675e-14 0.000000e+00 0.000000e+00
5.876268e-14 0.000000e+00 0.000000e+00
-3.347539e-14 0.000000e+00 0.000000e+00
2.367610e-14 0.000000e+00 0.000000e+00
-1.264812e-14 0.000000e+00 0.000000e+00
1.570603e-13 0.000000e+00 0.000000e+00
-1.359880e-13 0.000000e+00 0.000000e+00
2.319701e-13 0.000000e+00 0.000000e+00
7.872710e-14 0.000000e+00 0.000000e+00
-2.100899e-14 0.000000e+00 0.000000e+00
3.131273e-16 0.000000e+00 0.000000e+00
-4.717993e-14 0.000000e+00 0.000000e+00
-1.003138e-13 0.000000e+00 0.000000e+00
-2.206065e-13 0.000000e+00 0.000000e+00
-4.315473e-13 0.000000e+00 0.000000e+00
-8.918133e-14 0.000000e+00 0.000000e+00
8.908730e-14 0.000000e+00 0.000000e+00
-4.437044e-14 0.000000e+00 0.000000e+00
1.035324e-13 0.000000e+00 0.000000e+00
1.662432e-13 0.000000e+00 0.000000e+00
1.243662e-16 0.000000e+00 0.000000e+00
-4.827131e-14 0.000000e+00 0.000000e+00
1.985982e-13 0.000000e+00 0.000000e+00
1.346280e-13 0.000000e+00 0.000000e+00
1.941098e-13 0.000000e+00 0.000000e+00
2.335800e-13 0.000000e+00 0.000000e+00
-7.987882e-14 0.000000e+00 0.000000e+00
-1.530059e-13 0.000000e+00 0.000000e+00
-2.252022e-13 0.000000e+00 0.000000e+00
1.452082e-13 0.000000e+00 0.000000e+00
1.617834e-13 0.000000e+00 0.000000e+00
-2.178160e-14 0.000000e+00 0.000000e+00
1.752369e-12 0.000000e+00 0.000000e+00
6.726175e-14 0.000000e+00 0.000000e+00
2.350592e-13 0.000000e+00 0.000000e+00
-4.675311e-14 0.000000e+00 0.000000e+00
1.614731e-13 0.000000e+00 0.000000e+00
-7.476783e-13 0.000000e+00 0.000000e+00
-2.081000e-13 0.000000e+00 0.000000e+00
3.075263e-14 0.000000e+00 0.000000e+00
-3.010109e-13 0.000000e+00 0.000000e+00
-2.090544e-13 0.000000e+00 0.000000e+00
-3.010855e-13 0.000000e+00 0.000000e+00
-6.867359e-13 0.000000e+00 0.000000e+00
1.491408e-13 0.000000e+00 0.000000e+00
4.716184e-14 0.000000e+00 0.000000e+00
-1.953449e-13 0.000000e+00 0.000000e+00
3.338610e-14 0.000000e+00 0.000000e+00
1.600214e-13 0.000000e+00 0.000000e+00
1.324018e-13 0.000000e+00 0.000000e+00
9.351900e-14 0.000000e+00 0.000000e+00
-3.820968e-13 0.000000e+00 0.000000e+00
7.044681e-13 0.000000e+00 0.000000e+00
-1.221566e-12 0.000000e+00 0.000000e+00
-1.124255e-12 0.000000e+00 0.000000e+00
-1.159827e-12 0.000000e+00 0.000000e+00
-4.228789e-14 0.000000e+00 0.000000e+00
2.471530e-13 0.000000e+00 0.000000e+00
3.622038e-14 0.000000e+00 0.000000e+00
3.512337e-14 0.000000e+00 0.000000e+00
1.464575e-13 0.000000e+00 0.000000e+00
-3.200815e-14 0.000000e+00 0.000000e+00
-1.142493e-13 0.000000e+00 0.000000e+00
-1.024119e-13 0.000000e+00 0.000000e+00
1.985545e-13 0.000000e+00 0.000000e+00
3.131666e-13 0.000000e+00 0.000000e+00
1.139294e-13 0.000000e+00 0.000000e+00
6.969114e-13 0.000000e+00 0.000000e+00
4.113951e-13 0.000000e+00 0.000000e+00
3.874168e-14 0.000000e+00 0.000000e+00
-2.660168e-13 0.000000e+00 0.000000e+00
-2.893819e-13 0.000000e+00 0.000000e+00
-1.378898e-12 0.000000e+00 0.000000e+00
-2.280010e-12 0.000000e+00 0.000000e+00
-3.479390e-13 0.000000e+00 0.000000e+00
3.121672e-13 0.000000e+00 0.000000e+00
-1.000416e-13 0.000000e+00 0.000000e+00
-1.050758e-13 0.000000e+00 0.000000e+00
1.386894e-13 0.000000e+00 0.000000e+00
1.313826e-13 0.000000e+00 0.000000e+00
2.020458e-13 0.000000e+00 0.000000e+00
2.852362e-13 0.000000e+00 0.000000e+00
7.079322e-14 0.000000e+00 0.000000e+00
-2.441361e-13 0.000000e+00 0.000000e+00
-3.933889e-14 0.000000e+00 0.000000e+00
-4.262466e-13 0.000000e+00 0.000000e+00
-1.510195e-13 0.000000e+00 0.000000e+00
2.253592e-13 0.000000e+00 0.000000e+00
-1.997727e-13 0.000000e+00 0.000000e+00
-3.018332e-13 0.000000e+00 0.000000e+00
4.753920e-14 0.000000e+00 0.000000e+00
1.513536e-13 0.000000e+00 0.000000e+00
-1.081038e-12 0.000000e+00 0.000000e+00
-1.324383e-13 0.000000e+00 0.000000e+00
-1.895278e-13 0.000000e+00 0.000000e+00
9.458150e-13 0.000000e+00 0.000000e+00
-1.422961e-12 0.000000e+00 0.000000e+00
-1.339795e-13 0.000000e+00 0.000000e+00
-8.268936e-14 0.000000e+00 0.000000e+00
-2.433107e-13 0.000000e+00 0.000000e+00
-1.042117e-13 0.000000e+00 0.000000e+00
-1.861869e-13 0.000000e+00 0.000000e+00
-7.584446e-13 0.000000e+00 0.000000e+00
-8.611209e-13 0.000000e+00 0.000000e+00
1.562832e-13 0.000000e+00 0.000000e+00
7.685999e-14 0.000000e+00 0.000000e+00
-7.320595e-14 0.000000e+00 0.000000e+00
1.588677e-13 0.000000e+00 0.000000e+00
-1.473358e-14 0.000000e+00 0.000000e+00
-1.430522e-13 0.000000e+00 0.000000e+00
-3.194505e-14 0.000000e+00 0.000000e+00
-6.107338e-13 0.000000e+00 0.000000e+00
-8.284297e-13 0.000000e+00 0.000000e+00
-1.087476e-12 0.000000e+00 0.000000e+00
-2.537048e-12 0.000000e+00 0.000000e+00
2.649351e-13 0.000000e+00 0.000000e+00
3.406621e-13 0.000000e+00 0.000000e+00
3.077192e-14 0.000000e+00 0.000000e+00
6.096536e-13 0.000000e+00 0.000000e+00
-8.344077e-13 0.000000e+00 0.000000e+00
9.943726e-13 0.000000e+00 0.000000e+00
5.167870e-14 0.000000e+00 0.000000e+00
-3.959163e-15 0.000000e+00 0.000000e+00
-1.123414e-13 0.000000e+00 0.000000e+00
-1.402636e-14 0.000000e+00 0.000000e+00
1.239542e-13 0.000000e+00 0.000000e+00
-7.567498e-14 0.000000e+00 0.000000e+00
-2.131658e-12 0.000000e+00 0.000000e+00
7.165192e-13 0.000000e+00 0.000000e+00
-1.275581e-13 0.000000e+00 0.000000e+00
-1.775466e-13 0.000000e+00 0.000000e+00
-2.525505e-12 0.000000e+00 0.000000e+00
-6.149389e-14 0.000000e+00 0.000000e+00
-2.987961e-14 0.000000e+00 0.000000e+00
-3.312353e-14 0.000000e+00 0.000000e+00
2.250747e-13 0.000000e+00 0.000000e+00
-7.954396e-14 0.000000e+00 0.000000e+00
-1.077962e-12 0.000000e+00 0.000000e+00
4.137210e-13 0.000000e+00 0.000000e+00
-4.721136e-14 0.000000e+00 0.000000e+00
-7.411037e-13 0.000000e+00 0.000000e+00
6.454106e-13 0.000000e+00 0.000000e+00
-2.714366e-12 0.000000e+00 0.000000e+00
-8.979424e-13 0.000000e+00 0.000000e+00
4.822946e-14 0.000000e+00 0.000000e+00
-3.393581e-13 0.000000e+00 0.000000e+00
-6.429154e-14 0.000000e+00 0.000000e+00
-6.336404e-15 0.000000e+00 0.000000e+00
5.253644e-13 0.000000e+00 0.000000e+00
7.545081e-13 0.000000e+00 0.000000e+00
-9.893433e-14 0.000000e+00 0.000000e+00
-1.080140e-13 0.000000e+00 0.000000e+00
-6.753974e-13 0.000000e+00 0.000000e+00
4.266512e-14 0.000000e+00 0.000000e+00
-3.983150e-13 0.000000e+00 0.000000e+00
-1.546989e-14 0.000000e+00 0.000000e+00
-2.179915e-13 0.000000e+00 0.000000e+00
-8.206867e-15 0.000000e+00 0.000000e+00
-6.723543e-14 0.000000e+00 0.000000e+00
2.903102e-13 0.000000e+00 0.000000e+00
-1.702567e-13 0.000000e+00 0.000000e+00
1.497857e-13 0.000000e+00 0.000000e+00
-2.755437e-12 0.000000e+00 0.000000e+00
2.491232e-13 0.000000e+00 0.000000e+00
-1.231118e-13 0.000000e+00 0.000000e+00
-1.132134e-13 0.000000e+00 0.000000e+00
1.933183e-14 0.000000e+00 0.000000e+00
-2.497164e-13 0.000000e+00 0.000000e+00
1.638194e-13 0.000000e+00 0.000000e+00
2.185392e-13 0.000000e+00 0.000000e+00
3.185601e-13 0.000000e+00 0.000000e+00
1.525154e-14 0.000000e+00 0.000000e+00
6.390429e-14 0.000000e+00 0.000000e+00
-2.003496e-14 0.000000e+00 0.000000e+00
-2.294381e-14 0.000000e+00 0.000000e+00
-1.105408e-13 0.000000e+00 0.000000e+00
2.800479e-12 0.000000e+00 0.000000e+00
-1.237924e-14 0.000000e+00 0.000000e+00
9.659665e-14 0.000000e+00 0.000000e+00
1.619755e-13 0.000000e+00 0.000000e+00
-8.901625e-13 0.000000e+00 0.000000e+00
1.373012e-12 0.000000e+00 0.000000e+00
-7.564786e-14 0.000000e+00 0.000000e+00
2.019234e-13 0.000000e+00 0.000000e+00
1.034286e-13 0.000000e+00 0.000000e+00
-5.734707e-17 0.000000e+00 0.000000e+00
-8.929807e-14 0.000000e+00 0.000000e+00
-1.672950e-13 0.000000e+00 0.000000e+00
3.695359e-14 0.000000e+00 0.000000e+00
2.604321e-13 0.000000e+00 0.000000e+00
-1.479689e-13 0.000000e+00 0.000000e+00
-2.017885e-13 0.000000e+00 0.000000e+00
2.042812e-13 0.000000e+00 0.000000e+00
-2.221532e-14 0.000000e+00 0.000000e+00
-1.965343e-13 0.000000e+00 0.000000e+00
-2.409509e-13 0.000000e+00 0.000000e+00
3.849375e-13 0.000000e+00 0.000000e+00
-2.626188e-12 0.000000e+00 0.000000e+00
-2.068429e-14 0.000000e+00 0.000000e+00
-1.452775e-14 0.000000e+00 0.000000e+00
2.746632e-14 0.000000e+00 0.000000e+00
1.749313e-13 0.000000e+00 0.000000e+00
-7.835076e-14 0.000000e+00 0.000000e+00
1.595941e-12 0.000000e+00 0.000000e+00
2.231982e-13 0.000000e+00 0.000000e+00
2.257935e-13 0.000000e+00 0.000000e+00
-6.656364e-14 0.000000e+00 0.000000e+00
-1.850493e-13 0.000000e+00 0.000000e+00
2.256202e-13 0.000000e+00 0.000000e+00
-7.915195e-14 0.000000e+00 0.000000e+00
2.492230e-13 0.000000e+00 0.000000e+00
-1.009516e-13 0.000000e+00 0.000000e+00
-2.072277e-15 0.000000e+00 0.000000e+00
-1.732979e-13 0.000000e+00 0.000000e+00
-7.911615e-14 0.000000e+00 0.000000e+00
1.623149e-13 0.000000e+00 0.000000e+00
-7.267447e-14 0.000000e+00 0.000000e+00
-7.446697e-14 0.000000e+00 0.000000e+00
1.901330e-13 0.000000e+00 0.000000e+00
7.832290e-13 0.000000e+00 0.000000e+00
3.063086e-14 0.000000e+00 0.000000e+00
-6.073379e-14 0.000000e+00 0.000000e+00
9.487102e-15 0.000000e+00 0.000000e+00
-1.190588e-12 0.000000e+00 0.000000e+00
-1.784331e-13 0.000000e+00 0.000000e+00
-2.785990e-12 0.000000e+00 0.000000e+00
-1.462445e-12 0.000000e+00 0.000000e+00
-1.364124e-12 0.000000e+00 0.000000e+00
1.597737e-13 0.000000e+00 0.000000e+00
3.557858e-13 0.000000e+00 0.000000e+00
2.191765e-13 0.000000e+00 0.000000e+00
4.633539e-12 0.000000e+00 0.000000e+00
-9.613544e-13 0.000000e+00 0.000000e+00
1.101933e-13 0.000000e+00 0.000000e+00
2.125592e-13 0.000000e+00 0.000000e+00
3.172825e-13 0.000000e+00 0.000000e+00
1.804370e-12 0.000000e+00 0.000000e+00
1.555730e-12 0.000000e+00 0.000000e+00
1.167405e-13 0.000000e+00 0.000000e+00
-2.503607e-12 0.000000e+00 0.000000e+00
-1.754361e-12 0.000000e+00 0.000000e+00
-1.187606e-12 0.000000e+00 0.000000e+00
5.442771e-14 0.000000e+00 0.000000e+00
1.598188e-12 0.000000e+00 0.000000e+00
1.193573e-12 0.000000e+00 0.000000e+00
-1.282352e-13 0.000000e+00 0.000000e+00
-1.733485e-12 0.000000e+00 0.000000e+00
7.742835e-13 0.000000e+00 0.000000e+00
-1.068568e-14 0.000000e+00 0.000000e+00
-3.884422e-14 0.000000e+00 0.000000e+00
4.630827e-12 0.000000e+00 0.000000e+00
3.009185e-12 0.000000e+00 0.000000e+00
2.575679e-12 0.000000e+00 0.000000e+00
-3.678839e-13 0.000000e+00 0.000000e+00
-3.478951e-13 0.000000e+00 0.000000e+00
-1.356159e-13 0.000000e+00 0.000000e+00
1.566823e-12 0.000000e+00 0.000000e+00
-2.151394e-13 0.000000e+00 0.000000e+00
-5.304771e-14 0.000000e+00 0.000000e+00
2.227186e-12 0.000000e+00 0.000000e+00
-1.119247e-12 0.000000e+00 0.000000e+00
-7.953623e-14 0.000000e+00 0.000000e+00
-6.167808e-14 0.000000e+00 0.000000e+00
-3.449971e-14 0.000000e+00 0.000000e+00
4.447917e-14 0.000000e+00 0.000000e+00
-3.682253e-13 0.000000e+00 0.000000e+00
4.236157e-13 0.000000e+00 0.000000e+00
6.680942e-13 0.000000e+00 0.000000e+00
2.342324e-12 0.000000e+00 0.000000e+00
-2.760584e-13 0.000000e+00 0.000000e+00
2.549443e-13 0.000000e+00 0.000000e+00
-1.349297e-12 0.000000e+00 0.000000e+00
-7.249953e-13 0.000000e+00 0.000000e+00
-1.458873e-12 0.000000e+00 0.000000e+00
8.556058e-13 0.000000e+00 0.000000e+00
1.016246e-12 0.000000e+00 0.000000e+00
-3.156252e-12 0.000000e+00 0.000000e+00
-8.894427e-14 0.000000e+00 0.000000e+00
-2.428705e-12 0.000000e+00 0.000000e+00
4.259480e-13 0.000000e+00 0.000000e+00
1.722160e-13 0.000000e+00 0.000000e+00
-2.031789e-12 0.000000e+00 0.000000e+00
-1.513209e-13 0.000000e+00 0.000000e+00
-1.070768e-12 0.000000e+00 0.000000e+00
2.142308e-12 0.000000e+00 0.000000e+00
-1.187150e-12 0.000000e+00 0.000000e+00
-1.219669e-12 0.000000e+00 0.000000e+00
4.309861e-12 0.000000e+00 0.000000e+00
-4.809008e-13 0.000000e+00 0.000000e+00
3.008822e-13 0.000000e+00 0.000000e+00
-2.548446e-13 0.000000e+00 0.000000e+00
4.486007e-13 0.000000e+00 0.000000e+00
1.723500e-12 0.000000e+00 0.000000e+00
1.651466e-12 0.000000e+00 0.000000e+00
1.162664e-13 0.000000e+00 0.000000e+00
1.760151e-12 0.000000e+00 0.000000e+00
-2.613068e-13 0.000000e+00 0.000000e+00
5.038515e-16 0.000000e+00 0.000000e+00
7.292647e-14 0.000000e+00 0.000000e+00
5.883548e-13 0.000000e+00 0.000000e+00
-9.945305e-13 0.000000e+00 0.000000e+00
1.328426e-12 0.000000e+00 0.000000e+00
-2.354805e-13 0.000000e+00 0.000000e+00
-1.217062e-12 0.000000e+00 0.000000e+00
-5.122364e-13 0.000000e+00 0.000000e+00
9.560368e-13 0.000000e+00 0.000000e+00
1.396077e-13 0.000000e+00 0.000000e+00
-2.421897e-13 0.000000e+00 0.000000e+00
-3.204316e-12 0.000000e+00 0.000000e+00
-1.660836e-12 0.000000e+00 0.000000e+00
1.627036e-12 0.000000e+00 0.000000e+00
2.415893e-12 0.000000e+00 0.000000e+00
-2.403618e-13 0.000000e+00 0.000000e+00
6.005994e-14 0.000000e+00 0.000000e+00
-3.406552e-13 0.000000e+00 0.000000e+00
-1.436314e-13 0.000000e+00 0.000000e+00
2.056403e-12 0.000000e+00 0.000000e+00
1.039655e-12 0.000000e+00 0.000000e+00
1.591203e-13 0.000000e+00 0.000000e+00
-2.286238e-12 0.000000e+00 0.000000e+00
8.031676e-15 0.000000e+00 0.000000e+00
-1.543912e-13 0.000000e+00 0.000000e+00
-1.080606e-12 0.000000e+00 0.000000e+00
3.857674e-12 0.000000e+00 0.000000e+00
2.625924e-13 0.000000e+00 0.000000e+00
1.239367e-12 0.000000e+00 0.000000e+00
2.455298e-13 0.000000e+00 0.000000e+00
-1.782235e-13 0.000000e+00 0.000000e+00
-1.561302e-12 0.000000e+00 0.000000e+00
1.339063e-12 0.000000e+00 0.000000e+00
-2.510791e-12 0.000000e+00 0.000000e+00
5.179350e-13 0.000000e+00 0.000000e+00
3.456010e-12 0.000000e+00 0.000000e+00
-9.357433e-13 0.000000e+00 0.000000e+00
-1.168989e-13 0.000000e+00 0.000000e+00
1.010915e-13 0.000000e+00 0.000000e+00
-3.498866e-13 0.000000e+00 0.000000e+00
-9.982339e-13 0.000000e+00 0.000000e+00
4.601151e-13 0.000000e+00 0.000000e+00
3.976477e-14 0.000000e+00 0.000000e+00
1.309650e-13 0.000000e+00 0.000000e+00
-2.315647e-12 0.000000e+00 0.000000e+00
1.082800e-12 0.000000e+00 0.000000e+00
2.038533e-12 0.000000e+00 0.000000e+00
-1.236344e-12 0.000000e+00 0.000000e+00
-8.149458e-14 0.000000e+00 0.000000e+00
7.487476e-14 0.000000e+00 0.000000e+00
1.633784e-13 0.000000e+00 0.000000e+00
9.550576e-15 0.000000e+00 0.000000e+00
3.341066e-13 0.000000e+00 0.000000e+00
4.054735e-14 0.000000e+00 0.000000e+00
9.513338e-13 0.000000e+00 0.000000e+00
3.429899e-12 0.000000e+00 0.000000e+00
2.429797e-12 0.000000e+00 0.000000e+00
1.339639e-12 0.000000e+00 0.000000e+00
3.715575e-14 0.000000e+00 0.000000e+00
-1.028159e-12 0.000000e+00 0.000000e+00
-1.958947e-12 0.000000e+00 0.000000e+00
2.103827e-12 0.000000e+00 0.000000e+00
-2.279948e-12 0.000000e+00 0.000000e+00
-1.200011e-12 0.000000e+00 0.000000e+00
-2.477376e-12 0.000000e+00 0.000000e+00
1.328660e-12 0.000000e+00 0.000000e+00
2.359929e-12 0.000000e+00 0.000000e+00
8.900534e-13 0.000000e+00 0.000000e+00
-2.241476e-12 0.000000e+00 0.000000e+00
-1.576427e-12 0.000000e+00 0.000000e+00
-1.224310e-13 0.000000e+00 0.000000e+00
1.583126e-13 0.000000e+00 0.000000e+00
1.650752e-13 0.000000e+00 0.000000e+00
-1.312292e-13 0.000000e+00 0.000000e+00
-1.133272e-12 0.000000e+00 0.000000e+00
1.017328e-12 0.000000e+00 0.000000e+00
-3.321352e-14 0.000000e+00 0.000000e+00
1.184959e-13 0.000000e+00 0.000000e+00
-8.457601e-13 0.000000e+00 0.000000e+00
9.028308e-13 0.000000e+00 0.000000e+00
-4.743689e-13 0.000000e+00 0.000000e+00
-1.757859e-12 0.000000e+00 0.000000e+00
2.273955e-12 0.000000e+00 0.000000e+00
-7.764419e-13 0.000000e+00 0.000000e+00
2.742614e-12 0.000000e+00 0.000000e+00
2.416574e-12 0.000000e+00 0.000000e+00
-2.668403e-12 0.000000e+00 0.000000e+00
-2.061617e-12 0.000000e+00 0.000000e+00
-1.415529e-12 0.000000e+00 0.000000e+00
1.481756e-12 0.000000e+00 0.000000e+00
1.999163e-13 0.000000e+00 0.000000e+00
-1.253228e-13 0.000000e+00 0.000000e+00
4.371772e-14 0.000000e+00 0.000000e+00
2.066351e-13 0.000000e+00 0.000000e+00
-7.994580e-13 0.000000e+00 0.000000e+00
2.105554e-12 0.000000e+00 0.000000e+00
-2.643106e-12 0.000000e+00 0.000000e+00
1.033997e-13 0.000000e+00 0.000000e+00
-2.389968e-14 0.000000e+00 0.000000e+00
-7.158369e-13 0.000000e+00 0.000000e+00
3.695200e-12 0.000000e+00 0.000000e+00
-2.802743e-12 0.000000e+00 0.000000e+00
1.244604e-12 0.000000e+00 0.000000e+00
3.985105e-13 0.000000e+00 0.000000e+00
-3.150855e-13 0.000000e+00 0.000000e+00
-6.637960e-13 0.000000e+00 0.000000e+00
1.242915e-12 0.000000e+00 0.000000e+00
-1.606396e-13 0.000000e+00 0.000000e+00
-5.290596e-12 0.000000e+00 0.000000e+00
-7.522951e-14 0.000000e+00 0.000000e+00
-1.405722e-12 0.000000e+00 0.000000e+00
-8.331353e-13 0.000000e+00 0.000000e+00
-1.019642e-12 0.000000e+00 0.000000e+00
-3.302123e-12 0.000000e+00 0.000000e+00
-4.047298e-13 0.000000e+00 0.000000e+00
-3.761911e-13 0.000000e+00 0.000000e+00
-4.168065e-14 0.000000e+00 0.000000e+00
2.184830e-14 0.000000e+00 0.000000e+00
-1.627025e-12 0.000000e+00 0.000000e+00
-2.055109e-16 0.000000e+00 0.000000e+00
-2.015884e-12 0.000000e+00 0.000000e+00
-3.234485e-13 0.000000e+00 0.000000e+00
-1.101728e-13 0.000000e+00 0.000000e+00
-1.344124e-12 0.000000e+00 0.000000e+00
2.104591e-12 0.000000e+00 0.000000e+00
-2.368473e-12 0.000000e+00 0.000000e+00
5.197727e-13 0.000000e+00 0.000000e+00
-7.796465e-13 0.000000e+00 0.000000e+00
-6.766259e-13 0.000000e+00 0.000000e+00
6.168276e-13 0.000000e+00 0.000000e+00
-3.320346e-12 0.000000e+00 0.000000e+00
-1.431976e-14 0.000000e+00 0.000000e+00
-1.434251e-12 0.000000e+00 0.000000e+00
1.129376e-12 0.000000e+00 0.000000e+00
1.454862e-12 0.000000e+00 0.000000e+00
-3.196461e-12 0.000000e+00 0.000000e+00
-2.184470e-13 0.000000e+00 0.000000e+00
9.001093e-15 0.000000e+00 0.000000e+00
3.164118e-12 0.000000e+00 0.000000e+00
-1.491022e-12 0.000000e+00 0.000000e+00
-6.029734e-12 0.000000e+00 0.000000e+00
-2.150280e-12 0.000000e+00 0.000000e+00
-6.312657e-14 0.000000e+00 0.000000e+00
-1.490865e-13 0.000000e+00 0.000000e+00
-2.648644e-13 0.000000e+00 0.000000e+00
-1.578027e-13 0.000000e+00 0.000000e+00
-1.807994e-13 0.000000e+00 0.000000e+00
9.596918e-14 0.000000e+00 0.000000e+00
-4.047810e-14 0.000000e+00 0.000000e+00
-1.587172e-13 0.000000e+00 0.000000e+00
-4.499017e-12 0.000000e+00 0.000000e+00
1.832084e-12 0.000000e+00 0.000000e+00
2.312440e-14 0.000000e+00 0.000000e+00
-7.899948e-13 0.000000e+00 0.000000e+00
5.798022e-12 0.000000e+00 0.000000e+00
6.959736e-14 0.000000e+00 0.000000e+00
1.079870e-13 0.000000e+00 0.000000e+00
1.455762e-13 0.000000e+00 0.000000e+00
2.579497e-13 0.000000e+00 0.000000e+00
-3.281890e-13 0.000000e+00 0.000000e+00
1.645436e-13 0.000000e+00 0.000000e+00
1.834710e-13 0.000000e+00 0.000000e+00
-1.347246e-13 0.000000e+00 0.000000e+00
1.299539e-13 0.000000e+00 0.000000e+00
1.988636e-13 0.000000e+00 0.000000e+00
-1.634386e-13 0.000000e+00 0.000000e+00
5.615050e-14 0.000000e+00 0.000000e+00
-2.609316e-13 0.000000e+00 0.000000e+00
2.792414e-13 0.000000e+00 0.000000e+00
-3.079979e-13 0.000000e+00 0.000000e+00
-9.854290e-14 0.000000e+00 0.000000e+00
2.512838e-13 0.000000e+00 0.000000e+00
2.072088e-13 0.000000e+00 0.000000e+00
4.400427e-13 0.000000e+00 0.000000e+00
1.157249e-14 0.000000e+00 0.000000e+00
2.224616e-13 0.000000e+00 0.000000e+00
-1.826957e-13 0.000000e+00 0.000000e+00
-2.277083e-13 0.000000e+00 0.000000e+00
1.168375e-13 0.000000e+00 0.000000e+00
-1.278988e-13 0.000000e+00 0.000000e+00
-7.617626e-14 0.000000e+00 0.000000e+00
-1.434913e-13 0.000000e+00 0.000000e+00
-7.555351e-14 0.000000e+00 0.000000e+00
1.418919e-15 0.000000e+00 0.000000e+00
-4.957508e-14 0.000000e+00 0.000000e+00
-9.742632e-14 0.000000e+00 0.000000e+00
-4.678522e-14 0.000000e+00 0.000000e+00
5.735962e-15 0.000000e+00 0.000000e+00
3.316818e-13 0.000000e+00 0.000000e+00
4.202029e-13 0.000000e+00 0.000000e+00
-4.622887e-14 0.000000e+00 0.000000e+00
-4.188268e-14 0.000000e+00 0.000000e+00
-1.476156e-13 0.000000e+00 0.000000e+00
-2.361740e-13 0.000000e+00 0.000000e+00
1.192558e-13 0.000000e+00 0.000000e+00
-1.088234e-13 0.000000e+00 0.000000e+00
1.398906e-14 0.000000e+00 0.000000e+00
-9.308389e-14 0.000000e+00 0.000000e+00
-1.236090e-13 0.000000e+00 0.000000e+00
2.120395e-15 0.000000e+00 0.000000e+00
-5.393243e-14 0.000000e+00 0.000000e+00
-5.069801e-14 0.000000e+00 0.000000e+00
2.221184e-13 0.000000e+00 0.000000e+00
-6.239912e-14 0.000000e+00 0.000000e+00
-8.156149e-14 0.000000e+00 0.000000e+00
-5.149306e-14 0.000000e+00 0.000000e+00
-2.347226e-13 0.000000e+00 0.000000e+00
-6.117201e-15 0.000000e+00 0.000000e+00
-8.538848e-14 0.000000e+00 0.000000e+00
7.159976e-14 0.000000e+00 0.000000e+00
2.855111e-14 0.000000e+00 0.000000e+00
-1.480425e-14 0.000000e+00 0.000000e+00
-9.272478e-15 0.000000e+00 0.000000e+00
7.193862e-14 0.000000e+00 0.000000e+00
6.612388e-14 0.000000e+00 0.000000e+00
-1.053092e-13 0.000000e+00 0.000000e+00
-8.829977e-14 0.000000e+00 0.000000e+00
1.020470e-13 0.000000e+00 0.000000e+00
-6.571377e-14 0.000000e+00 0.000000e+00
-1.058878e-13 0.000000e+00 0.000000e+00
3.271431e-15 0.000000e+00 0.000000e+00
-7.631576e-13 0.000000e+00 0.000000e+00
-1.095591e-12 0.000000e+00 0.000000e+00
-6.396441e-14 0.000000e+00 0.000000e+00
-1.206851e-13 0.000000e+00 0.000000e+00
4.545637e-13 0.000000e+00 0.000000e+00
2.388812e-13 0.000000e+00 0.000000e+00
6.743398e-14 0.000000e+00 0.000000e+00
1.473176e-13 0.000000e+00 0.000000e+00
-8.113113e-14 0.000000e+00 0.000000e+00
-1.868931e-13 0.000000e+00 0.000000e+00
-8.663149e-13 0.000000e+00 0.000000e+00
-5.779935e-13 0.000000e+00 0.000000e+00
4.818969e-14 0.000000e+00 0.000000e+00
7.446568e-14 0.000000e+00 0.000000e+00
4.069936e-14 0.000000e+00 0.000000e+00
-9.452223e-14 0.000000e+00 0.000000e+00
1.651236e-13 0.000000e+00 0.000000e+00
1.363153e-12 0.000000e+00 0.000000e+00
6.894799e-14 0.000000e+00 0.000000e+00
7.710843e-13 0.000000e+00 0.000000e+00
-2.005215e-12 0.000000e+00 0.000000e+00
1.668169e-12 0.000000e+00 0.000000e+00
3.457751e-13 0.000000e+00 0.000000e+00
5.529321e-13 0.000000e+00 0.000000e+00
-1.663521e-12 0.000000e+00 0.000000e+00
-1.281957e-13 0.000000e+00 0.000000e+00
2.382084e-13 0.000000e+00 0.000000e+00
1.256527e-13 0.000000e+00 0.000000e+00
8.947125e-13 0.000000e+00 0.000000e+00
-4.603777e-13 0.000000e+00 0.000000e+00
-1.674971e-13 0.000000e+00 0.000000e+00
-1.191944e-13 0.000000e+00 0.000000e+00
-7.066111e-13 0.000000e+00 0.000000e+00
-6.519396e-13 0.000000e+00 0.000000e+00
9.770047e-14 0.000000e+00 0.000000e+00
-2.382775e-14 0.000000e+00 0.000000e+00
4.136814e-13 0.000000e+00 0.000000e+00
3.720222e-13 0.000000e+00 0.000000e+00
-3.069303e-13 0.000000e+00 0.000000e+00
2.128381e-12 0.000000e+00 0.000000e+00
-5.536829e-14 0.000000e+00 0.000000e+00
1.408429e-13 0.000000e+00 0.000000e+00
3.652464e-14 0.000000e+00 0.000000e+00
-2.550697e-13 0.000000e+00 0.000000e+00
-2.517200e-13 0.000000e+00 0.000000e+00
-3.794169e-13 0.000000e+00 0.000000e+00
-3.415777e-14 0.000000e+00 0.000000e+00
8.655767e-14 0.000000e+00 0.000000e+00
4.582953e-14 0.000000e+00 0.000000e+00
2.131744e-12 0.000000e+00 0.000000e+00
8.324342e-13 0.000000e+00 0.000000e+00
8.792546e-14 0.000000e+00 0.000000e+00
-8.618075e-13 0.000000e+00 0.000000e+00
-1.907967e-13 0.000000e+00 0.000000e+00
3.625309e-13 0.000000e+00 0.000000e+00
5.357539e-14 0.000000e+00 0.000000e+00
-2.405152e-13 0.000000e+00 0.000000e+00
-1.220753e-12 0.000000e+00 0.000000e+00
1.596888e-13 0.000000e+00 0.000000e+00
-1.162544e-12 0.000000e+00 0.000000e+00
-1.079173e-13 0.000000e+00 0.000000e+00
4.053687e-14 0.000000e+00 0.000000e+00
2.750114e-14 0.000000e+00 0.000000e+00
-4.159653e-13 0.000000e+00 0.000000e+00
8.085062e-15 0.000000e+00 0.000000e+00
-1.273392e-12 0.000000e+00 0.000000e+00
-1.611161e-12 0.000000e+00 0.000000e+00
-1.220023e-13 0.000000e+00 0.000000e+00
6.476297e-14 0.000000e+00 0.000000e+00
2.125696e-14 0.000000e+00 0.000000e+00
-4.529636e-14 0.000000e+00 0.000000e+00
1.026824e-13 0.000000e+00 0.000000e+00
-7.023785e-14 0.000000e+00 0.000000e+00
-7.054035e-14 0.000000e+00 0.000000e+00
-3.864853e-14 0.000000e+00 0.000000e+00
1.576207e-14 0.000000e+00 0.000000e+00
-1.098507e-13 0.000000e+00 0.000000e+00
-1.087433e-13 0.000000e+00 0.000000e+00
1.143049e-13 0.000000e+00 0.000000e+00
-3.257913e-13 0.000000e+00 0.000000e+00
1.971410e-13 0.000000e+00 0.000000e+00
-8.255296e-14 0.000000e+00 0.000000e+00
1.624519e-12 0.000000e+00 0.000000e+00
1.974134e-13 0.000000e+00 0.000000e+00
6.399868e-13 0.000000e+00 0.000000e+00
-2.126318e-14 0.000000e+00 0.000000e+00
-1.900714e-13 0.000000e+00 0.000000e+00
-2.637956e-13 0.000000e+00 0.000000e+00
2.430456e-13 0.000000e+00 0.000000e+00
3.558452e-13 0.000000e+00 0.000000e+00
3.645181e-13 0.000000e+00 0.000000e+00
3.207107e-13 0.000000e+00 0.000000e+00
-1.128329e-13 0.000000e+00 0.000000e+00
-2.883976e-13 0.000000e+00 0.000000e+00
2.771791e-13 0.000000e+00 0.000000e+00
2.443195e-14 0.000000e+00 0.000000e+00
-5.154258e-15 0.000000e+00 0.000000e+00
3.611566e-13 0.000000e+00 0.000000e+00
3.058318e-12 0.000000e+00 0.000000e+00
-2.825973e-13 0.000000e+00 0.000000e+00
-5.076728e-14 0.000000e+00 0.000000e+00
5.126342e-14 0.000000e+00 0.000000e+00
5.706766e-13 0.000000e+00 0.000000e+00
-7.051154e-14 0.000000e+00 0.000000e+00
-7.144144e-14 0.000000e+00 0.000000e+00
1.175208e-13 0.000000e+00 0.000000e+00
2.172490e-13 0.000000e+00 0.000000e+00
-6.567624e-14 0.000000e+00 0.000000e+00
-8.959769e-14 0.000000e+00 0.000000e+00
-2.907381e-13 0.000000e+00 0.000000e+00
-3.967440e-14 0.000000e+00 0.000000e+00
1.625482e-13 0.000000e+00 0.000000e+00
-2.701337e-14 0.000000e+00 0.000000e+00
1.223256e-13 0.000000e+00 0.000000e+00
-1.444844e-13 0.000000e+00 0.000000e+00
9.634743e-14 0.000000e+00 0.000000e+00
-1.449603e-12 0.000000e+00 0.000000e+00
-5.159008e-13 0.000000e+00 0.000000e+00
2.420888e-13 0.000000e+00 0.000000e+00
7.756211e-13 0.000000e+00 0.000000e+00
2.412530e-13 0.000000e+00 0.000000e+00
2.006367e-13 0.000000e+00 0.000000e+00
-2.756866e-12 0.000000e+00 0.000000e+00
2.939513e-14 0.000000e+00 0.000000e+00
-3.211837e-13 0.000000e+00 0.000000e+00
-4.159863e-13 0.000000e+00 0.000000e+00
1.342498e-13 0.000000e+00 0.000000e+00
-2.285685e-13 0.000000e+00 0.000000e+00
-1.702392e-12 0.000000e+00 0.000000e+00
-4.311636e-13 0.000000e+00 0.000000e+00
1.267144e-12 0.000000e+00 0.000000e+00
-1.396593e-12 0.000000e+00 0.000000e+00
-1.744901e-13 0.000000e+00 0.000000e+00
1.206392e-12 0.000000e+00 0.000000e+00
-7.939846e-13 0.000000e+00 0.000000e+00
1.043476e-12 0.000000e+00 0.000000e+00
5.441160e-13 0.000000e+00 0.000000e+00
3.369157e-15 0.000000e+00 0.000000e+00
-1.952504e-13 0.000000e+00 0.000000e+00
1.377589e-13 0.000000e+00 0.000000e+00
-1.682447e-13 0.000000e+00 0.000000e+00
2.440985e-12 0.000000e+00 0.000000e+00
-4.954058e-13 0.000000e+00 0.000000e+00
1.575383e-14 0.000000e+00 0.000000e+00
-3.390394e-13 0.000000e+00 0.000000e+00
-7.056583e-13 0.000000e+00 0.000000e+00
-2.903607e-13 0.000000e+00 0.000000e+00
-7.053563e-14 0.000000e+00 0.000000e+00
-1.645072e-13 0.000000e+00 0.000000e+00
2.260811e-12 0.000000e+00 0.000000e+00
-6.058937e-14 0.000000e+00 0.000000e+00
1.317762e-13 0.000000e+00 0.000000e+00
1.225912e-12 0.000000e+00 0.000000e+00
9.114317e-13 0.000000e+00 0.000000e+00
-2.777293e-12 0.000000e+00 0.000000e+00
-1.530793e-12 0.000000e+00 0.000000e+00
3.625733e-12 0.000000e+00 0.000000e+00
-1.175638e-13 0.000000e+00 0.000000e+00
-1.133075e-12 0.000000e+00 0.000000e+00
-1.029093e-12 0.000000e+00 0.000000e+00
-2.342874e-13 0.000000e+00 0.000000e+00
-7.997081e-13 0.000000e+00 0.000000e+00
3.207204e-12 0.000000e+00 0.000000e+00
1.442461e-12 0.000000e+00 0.000000e+00
-1.988383e-12 0.000000e+00 0.000000e+00
-1.213222e-14 0.000000e+00 0.000000e+00
-5.510122e-13 0.000000e+00 0.000000e+00
1.594449e-12 0.000000e+00 0.000000e+00
8.425207e-14 0.000000e+00 0.000000e+00
-4.587886e-13 0.000000e+00 0.000000e+00
9.198380e-14 0.000000e+00 0.000000e+00
-4.223370e-13 0.000000e+00 0.000000e+00
1.017066e-12 0.000000e+00 0.000000e+00
7.533679e-13 0.000000e+00 0.000000e+00
-1.759164e-12 0.000000e+00 0.000000e+00
1.430185e-12 0.000000e+00 0.000000e+00
-1.597408e-12 0.000000e+00 0.000000e+00
-5.712589e-14 0.000000e+00 0.000000e+00
1.073441e-13 0.000000e+00 0.000000e+00
3.120112e-14 0.000000e+00 0.000000e+00
-1.009484e-13 0.000000e+00 0.000000e+00
-2.606170e-14 0.000000e+00 0.000000e+00
1.599041e-13 0.000000e+00 0.000000e+00
1.427840e-12 0.000000e+00 0.000000e+00
1.239977e-12 0.000000e+00 0.000000e+00
-2.557846e-12 0.000000e+00 0.000000e+00
-6.378294e-13 0.000000e+00 0.000000e+00
2.645351e-12 0.000000e+00 0.000000e+00
1.777273e-13 0.000000e+00 0.000000e+00
-1.775308e-12 0.000000e+00 0.000000e+00
-1.983623e-12 0.000000e+00 0.000000e+00
-8.632242e-13 0.000000e+00 0.000000e+00
-1.078455e-14 0.000000e+00 0.000000e+00
-5.770484e-14 0.000000e+00 0.000000e+00
6.749916e-14 0.000000e+00 0.000000e+00
-1.617549e-14 0.000000e+00 0.000000e+00
-2.935416e-14 0.000000e+00 0.000000e+00
2.643875e-14 0.000000e+00 0.000000e+00
-2.846122e-13 0.000000e+00 0.000000e+00
-1.541162e-13 0.000000e+00 0.000000e+00
6.167468e-14 0.000000e+00 0.000000e+00
-7.208462e-15 0.000000e+00 0.000000e+00
-1.121716e-13 0.000000e+00 0.000000e+00
2.864298e-12 0.000000e+00 0.000000e+00
-1.241166e-12 0.000000e+00 0.000000e+00
-2.788773e-12 0.000000e+00 0.000000e+00
-2.137413e-13 0.000000e+00 0.000000e+00
-8.141385e-14 0.000000e+00 0.000000e+00
-2.332355e-13 0.000000e+00 0.000000e+00
9.959157e-13 0.000000e+00 0.000000e+00
-1.354154e-12 0.000000e+00 0.000000e+00
7.310927e-13 0.000000e+00 0.000000e+00
-7.695701e-13 0.000000e+00 0.000000e+00
-7.214123e-13 0.000000e+00 0.000000e+00
3.242262e-13 0.000000e+00 0.000000e+00
1.487103e-13 0.000000e+00 0.000000e+00
-1.254995e-13 0.000000e+00 0.000000e+00
-1.112591e-13 0.000000e+00 0.000000e+00
-6.262112e-13 0.000000e+00 0.000000e+00
-8.545791e-13 0.000000e+00 0.000000e+00
5.353856e-13 0.000000e+00 0.000000e+00
-2.977301e-12 0.000000e+00 0.000000e+00
2.380156e-12 0.000000e+00 0.000000e+00
-4.132913e-13 0.000000e+00 0.000000e+00
-1.215926e-12 0.000000e+00 0.000000e+00
-5.890077e-13 0.000000e+00 0.000000e+00
-6.412544e-13 0.000000e+00 0.000000e+00
8.335397e-13 0.000000e+00 0.000000e+00
3.247382e-12 0.000000e+00 0.000000e+00
1.887242e-12 0.000000e+00 0.000000e+00
-4.599585e-12 0.000000e+00 0.000000e+00
-1.058935e-13 0.000000e+00 0.000000e+00
3.266386e-12 0.000000e+00 0.000000e+00
8.473423e-13 0.000000e+00 0.000000e+00
2.033177e-13 0.000000e+00 0.000000e+00
8.279737e-14 0.000000e+00 0.000000e+00
1.421365e-12 0.000000e+00 0.000000e+00
8.018376e-13 0.000000e+00 0.000000e+00
1.743125e-12 0.000000e+00 0.000000e+00
2.082156e-13 0.000000e+00 0.000000e+00
1.287088e-12 0.000000e+00 0.000000e+00
-2.248740e-13 0.000000e+00 0.000000e+00
-2.317753e-12 0.000000e+00 0.000000e+00
-2.315313e-12 0.000000e+00 0.000000e+00
4.351408e-12 0.000000e+00 0.000000e+00
-6.538981e-13 0.000000e+00 0.000000e+00
2.358177e-12 0.000000e+00 0.000000e+00
-3.039888e-12 0.000000e+00 0.000000e+00
6.289002e-13 0.000000e+00 0.000000e+00
1.252418e-12 0.000000e+00 0.000000e+00
-3.187356e-12 0.000000e+00 0.000000e+00
-7.515626e-13 0.000000e+00 0.000000e+00
2.107246e-12 0.000000e+00 0.000000e+00
-4.611519e-13 0.000000e+00 0.000000e+00
-6.381338e-13 0.000000e+00 0.000000e+00
-1.319777e-12 0.000000e+00 0.000000e+00
-5.120839e-15 0.000000e+00 0.000000e+00
-1.283303e-13 0.000000e+00 0.000000e+00
-2.141189e-12 0.000000e+00 0.000000e+00
1.463625e-12 0.000000e+00 0.000000e+00
2.753059e-13 0.000000e+00 0.000000e+00
2.267384e-13 0.000000e+00 0.000000e+00
2.126107e-13 0.000000e+00 0.000000e+00
9.468316e-13 0.000000e+00 0.000000e+00
8.073486e-14 0.000000e+00 0.000000e+00
-3.089168e-12 0.000000e+00 0.000000e+00
-2.851469e-12 0.000000e+00 0.000000e+00
9.416477e-13 0.000000e+00 0.000000e+00
2.058459e-13 0.000000e+00 0.000000e+00
-2.338165e-12 0.000000e+00 0.000000e+00
-1.582648e-12 0.000000e+00 0.000000e+00
1.484772e-12 0.000000e+00 0.000000e+00
-9.543024e-13 0.000000e+00 0.000000e+00
1.046189e-12 0.000000e+00 0.000000e+00
-3.256403e-13 0.000000e+00 0.000000e+00
-5.326700e-12 0.000000e+00 0.000000e+00
-4.594251e-13 0.000000e+00 0.000000e+00
1.208831e-12 0.000000e+00 0.000000e+00
-1.754501e-12 0.000000e+00 0.000000e+00
-3.956426e-13 0.000000e+00 0.000000e+00
-2.366174e-12 0.000000e+00 0.000000e+00
2.760591e-13 0.000000e+00 0.000000e+00
-2.598040e-13 0.000000e+00 0.000000e+00
-2.492344e-12 0.000000e+00 0.000000e+00
2.125431e-12 0.000000e+00 0.000000e+00
6.815095e-13 0.000000e+00 0.000000e+00
-8.120080e-14 0.000000e+00 0.000000e+00
-1.090619e-12 0.000000e+00 0.000000e+00
1.604817e-13 0.000000e+00 0.000000e+00
1.544078e-12 0.000000e+00 0.000000e+00
5.287713e-14 0.000000e+00 0.000000e+00
-4.969815e-14 0.000000e+00 0.000000e+00
3.694977e-13 0.000000e+00 0.000000e+00
-3.011931e-13 0.000000e+00 0.000000e+00
-3.465485e-13 0.000000e+00 0.000000e+00
3.672382e-12 0.000000e+00 0.000000e+00
-4.696055e-13 0.000000e+00 0.000000e+00
-1.738029e-13 0.000000e+00 0.000000e+00
1.746292e-12 0.000000e+00 0.000000e+00
-1.103663e-12 0.000000e+00 0.000000e+00
3.930012e-14 0.000000e+00 0.000000e+00
-1.557138e-12 0.000000e+00 0.000000e+00
-2.460299e-12 0.000000e+00 0.000000e+00
-1.951555e-13 0.000000e+00 0.000000e+00
5.257874e-13 0.000000e+00 0.000000e+00
6.319171e-13 0.000000e+00 0.000000e+00
2.786618e-12 0.000000e+00 0.000000e+00
1.640501e-12 0.000000e+00 0.000000e+00
7.944365e-13 0.000000e+00 0.000000e+00
-1.497602e-13 0.000000e+00 0.000000e+00
2.156650e-12 0.000000e+00 0.000000e+00
1.091857e-12 0.000000e+00 0.000000e+00
-1.251960e-12 0.000000e+00 0.000000e+00
-4.347244e-13 0.000000e+00 0.000000e+00
7.552923e-13 0.000000e+00 0.000000e+00
-1.332308e-12 0.000000e+00 0.000000e+00
-4.719079e-13 0.000000e+00 0.000000e+00
2.329202e-12 0.000000e+00 0.000000e+00
8.253338e-13 0.000000e+00 0.000000e+00
-1.911859e-12 0.000000e+00 0.000000e+00
-1.496041e-12 0.000000e+00 0.000000e+00
-9.317127e-13 0.000000e+00 0.000000e+00
1.221962e-13 0.000000e+00 0.000000e+00
2.796845e-12 0.000000e+00 0.000000e+00
-2.566078e-12 0.000000e+00 0.000000e+00
-3.094322e-12 0.000000e+00 0.000000e+00
-2.502304e-12 0.000000e+00 0.000000e+00
1.429771e-13 0.000000e+00 0.000000e+00
3.454916e-12 0.000000e+00 0.000000e+00
5.054426e-14 0.000000e+00 0.000000e+00
2.182557e-12 0.000000e+00 0.000000e+00
-1.760786e-12 0.000000e+00 0.000000e+00
-2.272941e-13 0.000000e+00 0.000000e+00
7.763901e-13 0.000000e+00 0.000000e+00
-5.736063e-13 0.000000e+00 0.000000e+00
-1.532329e-13 0.000000e+00 0.000000e+00
2.924879e-12 0.000000e+00 0.000000e+00
-2.377934e-12 0.000000e+00 0.000000e+00
2.739625e-12 0.000000e+00 0.000000e+00
-1.118421e-12 0.000000e+00 0.000000e+00
-1.503939e-12 0.000000e+00 0.000000e+00
9.834620e-13 0.000000e+00 0.000000e+00
-2.996389e-12 0.000000e+00 0.000000e+00
-3.320805e-12 0.000000e+00 0.000000e+00
2.273528e-12 0.000000e+00 0.000000e+00
3.223924e-12 0.000000e+00 0.000000e+00
-1.384229e-12 0.000000e+00 0.000000e+00
4.137083e-13 0.000000e+00 0.000000e+00
2.090668e-12 0.000000e+00 0.000000e+00
-2.995313e-12 0.000000e+00 0.000000e+00
5.388276e-13 0.000000e+00 0.000000e+00
-1.736672e-12 0.000000e+00 0.000000e+00
