FX FY FZ 
5.956937e-11 0.000000e+00 0.000000e+00
4.781976e-10 0.000000e+00 0.000000e+00
5.009204e-10 0.000000e+00 0.000000e+00
5.607908e-10 0.000000e+00 0.000000e+00
1.065533e-11 0.000000e+00 0.000000e+00
-2.454916e-10 0.000000e+00 0.000000e+00
-5.742343e-10 0.000000e+00 0.000000e+00
6.284090e-10 0.000000e+00 0.000000e+00
3.531749e-10 0.000000e+00 0.000000e+00
2.854708e-10 0.000000e+00 0.000000e+00
3.172358e-10 0.000000e+00 0.000000e+00
5.159962e-11 0.000000e+00 0.000000e+00
-9.792036e-10 0.000000e+00 0.000000e+00
-4.759013e-10 0.000000e+00 0.000000e+00
5.349462e-10 0.000000e+00 0.000000e+00
2.499460e-10 0.000000e+00 0.000000e+00
1.592435e-10 0.000000e+00 0.000000e+00
1.036392e-10 0.000000e+00 0.000000e+00
-1.483676e-10 0.000000e+00 0.000000e+00
-3.073715e-10 0.000000e+00 0.000000e+00
-3.596979e-10 0.000000e+00 0.000000e+00
-7.563785e-10 0.000000e+00 0.000000e+00
-8.903164e-10 0.000000e+00 0.000000e+00
-6.763159e-10 0.000000e+00 0.000000e+00
5.824330e-10 0.000000e+00 0.000000e+00
3.812897e-10 0.000000e+00 0.000000e+00
-4.067478e-11 0.000000e+00 0.000000e+00
-1.907113e-10 0.000000e+00 0.000000e+00
-4.215309e-10 0.000000e+00 0.000000e+00
-7.389857e-11 0.000000e+00 0.000000e+00
4.448633e-10 0.000000e+00 0.000000e+00
4.221907e-10 0.000000e+00 0.000000e+00
2.221946e-10 0.000000e+00 0.000000e+00
3.423904e-10 0.000000e+00 0.000000e+00
-1.246502e-10 0.000000e+00 0.000000e+00
8.764398e-11 0.000000e+00 0.000000e+00
2.065434e-10 0.000000e+00 0.000000e+00
2.713129e-10 0.000000e+00 0.000000e+00
1.932216e-10 0.000000e+00 0.000000e+00
1.249381e-10 0.000000e+00 0.000000e+00
-1.355684e-11 0.000000e+00 0.000000e+00
-1.268236e-09 0.000000e+00 0.000000e+00
-1.368431e-09 0.000000e+00 0.000000e+00
-3.593357e-10 0.000000e+00 0.000000e+00
-9.870777e-11 0.000000e+00 0.000000e+00
3.064420e-10 0.000000e+00 0.000000e+00
6.058888e-10 0.000000e+00 0.000000e+00
6.272808e-10 0.000000e+00 0.000000e+00
6.308863e-10 0.000000e+00 0.000000e+00
5.121712e-10 0.000000e+00 0.000000e+00
5.497969e-10 0.000000e+00 0.000000e+00
6.192709e-10 0.000000e+00 0.000000e+00
-2.790378e-10 0.000000e+00 0.000000e+00
4.489370e-11 0.000000e+00 0.000000e+00
-2.147015e-10 0.000000e+00 0.000000e+00
3.993122e-10 0.000000e+00 0.000000e+00
5.904814e-10 0.000000e+00 0.000000e+00
6.141035e-10 0.000000e+00 0.000000e+00
6.320258e-10 0.000000e+00 0.000000e+00
6.327631e-10 0.000000e+00 0.000000e+00
3.379659e-10 0.000000e+00 0.000000e+00
6.039506e-10 0.000000e+00 0.000000e+00
5.900380e-10 0.000000e+00 0.000000e+00
5.974757e-10 0.000000e+00 0.000000e+00
6.168241e-10 0.000000e+00 0.000000e+00
6.243839e-10 0.000000e+00 0.000000e+00
5.999530e-10 0.000000e+00 0.000000e+00
5.749213e-10 0.000000e+00 0.000000e+00
4.659299e-10 0.000000e+00 0.000000e+00
4.402492e-10 0.000000e+00 0.000000e+00
3.705672e-10 0.000000e+00 0.000000e+00
3.240103e-10 0.000000e+00 0.000000e+00
6.326263e-10 0.000000e+00 0.000000e+00
5.388228e-10 0.000000e+00 0.000000e+00
4.617043e-10 0.000000e+00 0.000000e+00
6.234006e-10 0.000000e+00 0.000000e+00
6.309212e-10 0.000000e+00 0.000000e+00
6.250149e-10 0.000000e+00 0.000000e+00
5.689430e-10 0.000000e+00 0.000000e+00
6.118451e-10 0.000000e+00 0.000000e+00
6.320834e-10 0.000000e+00 0.000000e+00
6.306672e-10 0.000000e+00 0.000000e+00
6.121008e-10 0.000000e+00 0.000000e+00
6.201476e-10 0.000000e+00 0.000000e+00
5.843512e-10 0.000000e+00 0.000000e+00
5.452028e-10 0.000000e+00 0.000000e+00
5.674743e-10 0.000000e+00 0.000000e+00
6.098801e-10 0.000000e+00 0.000000e+00
4.621521e-10 0.000000e+00 0.000000e+00
4.061610e-10 0.000000e+00 0.000000e+00
4.251001e-10 0.000000e+00 0.000000e+00
5.562791e-10 0.000000e+00 0.000000e+00
4.868590e-10 0.000000e+00 0.000000e+00
5.786031e-10 0.000000e+00 0.000000e+00
5.084975e-10 0.000000e+00 0.000000e+00
4.408424e-10 0.000000e+00 0.000000e+00
4.727741e-10 0.000000e+00 0.000000e+00
3.731258e-10 0.000000e+00 0.000000e+00
3.612991e-10 0.000000e+00 0.000000e+00
-5.051102e-10 0.000000e+00 0.000000e+00
1.357699e-10 0.000000e+00 0.000000e+00
3.205027e-11 0.000000e+00 0.000000e+00
-1.589209e-11 0.000000e+00 0.000000e+00
6.381542e-10 0.000000e+00 0.000000e+00
2.172408e-10 0.000000e+00 0.000000e+00
2.759929e-10 0.000000e+00 0.000000e+00
-4.259265e-10 0.000000e+00 0.000000e+00
-2.157286e-10 0.000000e+00 0.000000e+00
-3.387582e-10 0.000000e+00 0.000000e+00
-3.622685e-10 0.000000e+00 0.000000e+00
-2.863400e-10 0.000000e+00 0.000000e+00
-2.565857e-10 0.000000e+00 0.000000e+00
-4.854862e-10 0.000000e+00 0.000000e+00
-1.137528e-10 0.000000e+00 0.000000e+00
4.229139e-10 0.000000e+00 0.000000e+00
4.645120e-10 0.000000e+00 0.000000e+00
1.215702e-09 0.000000e+00 0.000000e+00
1.318047e-09 0.000000e+00 0.000000e+00
5.623229e-10 0.000000e+00 0.000000e+00
8.362522e-10 0.000000e+00 0.000000e+00
1.822701e-10 0.000000e+00 0.000000e+00
7.249960e-11 0.000000e+00 0.000000e+00
-7.914270e-11 0.000000e+00 0.000000e+00
1.011572e-10 0.000000e+00 0.000000e+00
-3.198637e-10 0.000000e+00 0.000000e+00
-2.296218e-10 0.000000e+00 0.000000e+00
-6.147618e-10 0.000000e+00 0.000000e+00
-5.990912e-10 0.000000e+00 0.000000e+00
-3.967771e-10 0.000000e+00 0.000000e+00
-4.427597e-10 0.000000e+00 0.000000e+00
-6.074237e-10 0.000000e+00 0.000000e+00
-5.531783e-10 0.000000e+00 0.000000e+00
-4.660076e-10 0.000000e+00 0.000000e+00
-3.778540e-10 0.000000e+00 0.000000e+00
-5.384948e-10 0.000000e+00 0.000000e+00
-5.232727e-10 0.000000e+00 0.000000e+00
-5.708756e-10 0.000000e+00 0.000000e+00
-4.989434e-10 0.000000e+00 0.000000e+00
7.962931e-11 0.000000e+00 0.000000e+00
-4.123511e-10 0.000000e+00 0.000000e+00
-1.774139e-10 0.000000e+00 0.000000e+00
-1.514190e-10 0.000000e+00 0.000000e+00
-3.770479e-11 0.000000e+00 0.000000e+00
-1.827988e-10 0.000000e+00 0.000000e+00
-3.016829e-10 0.000000e+00 0.000000e+00
-4.690550e-10 0.000000e+00 0.000000e+00
-2.263692e-10 0.000000e+00 0.000000e+00
-6.325446e-10 0.000000e+00 0.000000e+00
-6.315062e-10 0.000000e+00 0.000000e+00
-6.171402e-10 0.000000e+00 0.000000e+00
-5.687049e-10 0.000000e+00 0.000000e+00
-5.334975e-10 0.000000e+00 0.000000e+00
-4.970780e-10 0.000000e+00 0.000000e+00
-5.986176e-10 0.000000e+00 0.000000e+00
-6.102397e-10 0.000000e+00 0.000000e+00
-6.248779e-10 0.000000e+00 0.000000e+00
-6.310265e-10 0.000000e+00 0.000000e+00
-5.925253e-10 0.000000e+00 0.000000e+00
-6.211156e-10 0.000000e+00 0.000000e+00
-5.128748e-10 0.000000e+00 0.000000e+00
-6.250157e-10 0.000000e+00 0.000000e+00
-6.288975e-10 0.000000e+00 0.000000e+00
-5.935825e-10 0.000000e+00 0.000000e+00
-5.542792e-10 0.000000e+00 0.000000e+00
-4.745958e-10 0.000000e+00 0.000000e+00
-4.478971e-10 0.000000e+00 0.000000e+00
-4.099943e-10 0.000000e+00 0.000000e+00
-2.753545e-10 0.000000e+00 0.000000e+00
-3.485033e-10 0.000000e+00 0.000000e+00
-3.458421e-10 0.000000e+00 0.000000e+00
-5.872988e-10 0.000000e+00 0.000000e+00
-6.325635e-10 0.000000e+00 0.000000e+00
-6.233368e-10 0.000000e+00 0.000000e+00
-5.114842e-10 0.000000e+00 0.000000e+00
-6.069664e-10 0.000000e+00 0.000000e+00
-6.044148e-10 0.000000e+00 0.000000e+00
-5.851612e-10 0.000000e+00 0.000000e+00
-5.466301e-10 0.000000e+00 0.000000e+00
-4.329910e-10 0.000000e+00 0.000000e+00
-3.970895e-10 0.000000e+00 0.000000e+00
-2.962470e-10 0.000000e+00 0.000000e+00
-2.560544e-10 0.000000e+00 0.000000e+00
-7.551645e-11 0.000000e+00 0.000000e+00
-2.504373e-11 0.000000e+00 0.000000e+00
-4.823010e-11 0.000000e+00 0.000000e+00
-2.006914e-10 0.000000e+00 0.000000e+00
-1.109529e-10 0.000000e+00 0.000000e+00
3.776397e-11 0.000000e+00 0.000000e+00
1.724858e-10 0.000000e+00 0.000000e+00
7.544046e-11 0.000000e+00 0.000000e+00
9.262892e-11 0.000000e+00 0.000000e+00
2.419094e-10 0.000000e+00 0.000000e+00
3.598153e-10 0.000000e+00 0.000000e+00
1.382601e-10 0.000000e+00 0.000000e+00
2.195714e-10 0.000000e+00 0.000000e+00
3.068324e-10 0.000000e+00 0.000000e+00
3.253301e-10 0.000000e+00 0.000000e+00
5.275223e-10 0.000000e+00 0.000000e+00
5.704340e-10 0.000000e+00 0.000000e+00
6.051258e-10 0.000000e+00 0.000000e+00
4.091811e-10 0.000000e+00 0.000000e+00
4.539730e-10 0.000000e+00 0.000000e+00
5.160536e-10 0.000000e+00 0.000000e+00
5.358301e-10 0.000000e+00 0.000000e+00
5.415531e-10 0.000000e+00 0.000000e+00
5.942547e-10 0.000000e+00 0.000000e+00
6.327149e-10 0.000000e+00 0.000000e+00
4.072514e-10 0.000000e+00 0.000000e+00
4.857012e-10 0.000000e+00 0.000000e+00
5.242093e-10 0.000000e+00 0.000000e+00
4.919964e-10 0.000000e+00 0.000000e+00
5.950803e-10 0.000000e+00 0.000000e+00
5.844358e-10 0.000000e+00 0.000000e+00
6.270373e-10 0.000000e+00 0.000000e+00
2.453658e-10 0.000000e+00 0.000000e+00
-1.855553e-09 0.000000e+00 0.000000e+00
-1.732352e-09 0.000000e+00 0.000000e+00
-4.892287e-10 0.000000e+00 0.000000e+00
-6.212205e-10 0.000000e+00 0.000000e+00
-7.977552e-10 0.000000e+00 0.000000e+00
-5.206038e-10 0.000000e+00 0.000000e+00
-1.122059e-09 0.000000e+00 0.000000e+00
-1.446355e-09 0.000000e+00 0.000000e+00
-1.577903e-09 0.000000e+00 0.000000e+00
-1.978496e-09 0.000000e+00 0.000000e+00
-1.063053e-09 0.000000e+00 0.000000e+00
-1.189980e-09 0.000000e+00 0.000000e+00
-8.356921e-10 0.000000e+00 0.000000e+00
-9.172330e-10 0.000000e+00 0.000000e+00
-1.314299e-09 0.000000e+00 0.000000e+00
-1.503617e-09 0.000000e+00 0.000000e+00
-2.204785e-09 0.000000e+00 0.000000e+00
-5.926972e-10 0.000000e+00 0.000000e+00
-5.470483e-10 0.000000e+00 0.000000e+00
1.152616e-11 0.000000e+00 0.000000e+00
1.867445e-10 0.000000e+00 0.000000e+00
1.696120e-10 0.000000e+00 0.000000e+00
-1.766148e-10 0.000000e+00 0.000000e+00
-1.449487e-10 0.000000e+00 0.000000e+00
6.689634e-11 0.000000e+00 0.000000e+00
1.507627e-10 0.000000e+00 0.000000e+00
-3.442568e-11 0.000000e+00 0.000000e+00
1.139231e-10 0.000000e+00 0.000000e+00
1.329046e-10 0.000000e+00 0.000000e+00
6.273449e-10 0.000000e+00 0.000000e+00
6.211240e-10 0.000000e+00 0.000000e+00
2.264020e-10 0.000000e+00 0.000000e+00
5.774604e-10 0.000000e+00 0.000000e+00
4.350884e-10 0.000000e+00 0.000000e+00
-8.019186e-11 0.000000e+00 0.000000e+00
-2.488062e-09 0.000000e+00 0.000000e+00
-1.012678e-09 0.000000e+00 0.000000e+00
-7.717959e-10 0.000000e+00 0.000000e+00
-6.759593e-10 0.000000e+00 0.000000e+00
-7.290647e-10 0.000000e+00 0.000000e+00
-4.075337e-10 0.000000e+00 0.000000e+00
-4.377424e-10 0.000000e+00 0.000000e+00
-7.301046e-10 0.000000e+00 0.000000e+00
-3.077184e-10 0.000000e+00 0.000000e+00
-2.039952e-10 0.000000e+00 0.000000e+00
7.692888e-11 0.000000e+00 0.000000e+00
-6.072171e-11 0.000000e+00 0.000000e+00
3.490077e-10 0.000000e+00 0.000000e+00
2.948053e-10 0.000000e+00 0.000000e+00
3.688286e-10 0.000000e+00 0.000000e+00
2.552462e-10 0.000000e+00 0.000000e+00
3.339556e-10 0.000000e+00 0.000000e+00
-5.202213e-10 0.000000e+00 0.000000e+00
2.897436e-10 0.000000e+00 0.000000e+00
5.601480e-10 0.000000e+00 0.000000e+00
5.171965e-10 0.000000e+00 0.000000e+00
5.043867e-10 0.000000e+00 0.000000e+00
6.317636e-10 0.000000e+00 0.000000e+00
6.045296e-10 0.000000e+00 0.000000e+00
6.323390e-10 0.000000e+00 0.000000e+00
6.326544e-10 0.000000e+00 0.000000e+00
5.489072e-10 0.000000e+00 0.000000e+00
4.521981e-10 0.000000e+00 0.000000e+00
5.267137e-10 0.000000e+00 0.000000e+00
5.544813e-10 0.000000e+00 0.000000e+00
-1.114789e-09 0.000000e+00 0.000000e+00
-1.236240e-09 0.000000e+00 0.000000e+00
-8.386123e-10 0.000000e+00 0.000000e+00
-9.632289e-10 0.000000e+00 0.000000e+00
-1.058158e-09 0.000000e+00 0.000000e+00
-8.623026e-10 0.000000e+00 0.000000e+00
5.426712e-10 0.000000e+00 0.000000e+00
6.293726e-10 0.000000e+00 0.000000e+00
6.167519e-10 0.000000e+00 0.000000e+00
6.146852e-10 0.000000e+00 0.000000e+00
6.288273e-10 0.000000e+00 0.000000e+00
6.327733e-10 0.000000e+00 0.000000e+00
4.962748e-10 0.000000e+00 0.000000e+00
5.288929e-10 0.000000e+00 0.000000e+00
5.615525e-10 0.000000e+00 0.000000e+00
5.937015e-10 0.000000e+00 0.000000e+00
1.973219e-10 0.000000e+00 0.000000e+00
-9.193233e-11 0.000000e+00 0.000000e+00
-1.852458e-10 0.000000e+00 0.000000e+00
-1.629996e-10 0.000000e+00 0.000000e+00
-5.139115e-10 0.000000e+00 0.000000e+00
6.330423e-11 0.000000e+00 0.000000e+00
-4.123508e-10 0.000000e+00 0.000000e+00
-5.053430e-10 0.000000e+00 0.000000e+00
-6.144553e-11 0.000000e+00 0.000000e+00
-3.454353e-12 0.000000e+00 0.000000e+00
-1.224849e-10 0.000000e+00 0.000000e+00
9.945783e-10 0.000000e+00 0.000000e+00
9.454918e-10 0.000000e+00 0.000000e+00
7.102269e-10 0.000000e+00 0.000000e+00
3.183484e-10 0.000000e+00 0.000000e+00
7.552096e-10 0.000000e+00 0.000000e+00
8.911890e-10 0.000000e+00 0.000000e+00
5.217988e-10 0.000000e+00 0.000000e+00
1.680184e-10 0.000000e+00 0.000000e+00
1.432215e-09 0.000000e+00 0.000000e+00
1.536085e-09 0.000000e+00 0.000000e+00
1.082164e-09 0.000000e+00 0.000000e+00
1.754951e-09 0.000000e+00 0.000000e+00
1.865851e-09 0.000000e+00 0.000000e+00
8.627945e-10 0.000000e+00 0.000000e+00
2.421166e-10 0.000000e+00 0.000000e+00
6.172196e-10 0.000000e+00 0.000000e+00
5.080433e-10 0.000000e+00 0.000000e+00
-1.544165e-10 0.000000e+00 0.000000e+00
-8.914106e-11 0.000000e+00 0.000000e+00
3.864552e-10 0.000000e+00 0.000000e+00
2.889104e-10 0.000000e+00 0.000000e+00
6.897904e-10 0.000000e+00 0.000000e+00
8.025880e-10 0.000000e+00 0.000000e+00
2.242422e-11 0.000000e+00 0.000000e+00
-4.915272e-10 0.000000e+00 0.000000e+00
-6.284927e-10 0.000000e+00 0.000000e+00
-6.326315e-10 0.000000e+00 0.000000e+00
-6.312994e-10 0.000000e+00 0.000000e+00
-5.544501e-10 0.000000e+00 0.000000e+00
-6.300079e-10 0.000000e+00 0.000000e+00
-5.333602e-10 0.000000e+00 0.000000e+00
-5.431731e-10 0.000000e+00 0.000000e+00
-6.191151e-10 0.000000e+00 0.000000e+00
-5.796863e-10 0.000000e+00 0.000000e+00
-5.651701e-10 0.000000e+00 0.000000e+00
-6.125903e-10 0.000000e+00 0.000000e+00
-6.045314e-10 0.000000e+00 0.000000e+00
-6.267590e-10 0.000000e+00 0.000000e+00
-5.988768e-10 0.000000e+00 0.000000e+00
-2.501404e-10 0.000000e+00 0.000000e+00
-3.089414e-10 0.000000e+00 0.000000e+00
5.762070e-10 0.000000e+00 0.000000e+00
7.425302e-10 0.000000e+00 0.000000e+00
2.290654e-10 0.000000e+00 0.000000e+00
3.431431e-10 0.000000e+00 0.000000e+00
4.246278e-10 0.000000e+00 0.000000e+00
-3.716039e-10 0.000000e+00 0.000000e+00
-3.275230e-10 0.000000e+00 0.000000e+00
-4.001847e-10 0.000000e+00 0.000000e+00
-4.565655e-10 0.000000e+00 0.000000e+00
-4.276416e-10 0.000000e+00 0.000000e+00
-4.475738e-10 0.000000e+00 0.000000e+00
-5.229982e-10 0.000000e+00 0.000000e+00
-5.846149e-10 0.000000e+00 0.000000e+00
-5.595006e-10 0.000000e+00 0.000000e+00
-5.836692e-10 0.000000e+00 0.000000e+00
-6.199370e-10 0.000000e+00 0.000000e+00
-6.327635e-10 0.000000e+00 0.000000e+00
-6.139825e-10 0.000000e+00 0.000000e+00
-6.094504e-10 0.000000e+00 0.000000e+00
-6.231797e-10 0.000000e+00 0.000000e+00
-6.171638e-10 0.000000e+00 0.000000e+00
-6.282527e-10 0.000000e+00 0.000000e+00
-6.278813e-10 0.000000e+00 0.000000e+00
-6.320627e-10 0.000000e+00 0.000000e+00
-6.313531e-10 0.000000e+00 0.000000e+00
-6.255296e-10 0.000000e+00 0.000000e+00
-6.322961e-10 0.000000e+00 0.000000e+00
-5.198471e-10 0.000000e+00 0.000000e+00
-3.514027e-10 0.000000e+00 0.000000e+00
-4.379053e-10 0.000000e+00 0.000000e+00
1.174449e-09 0.000000e+00 0.000000e+00
1.596553e-09 0.000000e+00 0.000000e+00
1.663380e-09 0.000000e+00 0.000000e+00
2.146336e-09 0.000000e+00 0.000000e+00
2.275705e-09 0.000000e+00 0.000000e+00
1.965382e-09 0.000000e+00 0.000000e+00
1.232562e-09 0.000000e+00 0.000000e+00
2.028709e-09 0.000000e+00 0.000000e+00
1.052297e-09 0.000000e+00 0.000000e+00
1.141389e-09 0.000000e+00 0.000000e+00
7.880801e-10 0.000000e+00 0.000000e+00
-2.727436e-10 0.000000e+00 0.000000e+00
-1.968234e-10 0.000000e+00 0.000000e+00
-1.221558e-10 0.000000e+00 0.000000e+00
1.453789e-09 0.000000e+00 0.000000e+00
1.432587e-10 0.000000e+00 0.000000e+00
-2.482581e-10 0.000000e+00 0.000000e+00
-2.981697e-10 0.000000e+00 0.000000e+00
2.116896e-09 0.000000e+00 0.000000e+00
1.867152e-09 0.000000e+00 0.000000e+00
2.394703e-09 0.000000e+00 0.000000e+00
2.621829e-09 0.000000e+00 0.000000e+00
2.918016e-09 0.000000e+00 0.000000e+00
2.251777e-09 0.000000e+00 0.000000e+00
4.576739e-10 0.000000e+00 0.000000e+00
9.136209e-10 0.000000e+00 0.000000e+00
6.698842e-10 0.000000e+00 0.000000e+00
-2.688585e-11 0.000000e+00 0.000000e+00
-2.092711e-10 0.000000e+00 0.000000e+00
-6.353444e-11 0.000000e+00 0.000000e+00
-1.385474e-10 0.000000e+00 0.000000e+00
-2.263515e-10 0.000000e+00 0.000000e+00
-3.890311e-10 0.000000e+00 0.000000e+00
-4.161324e-10 0.000000e+00 0.000000e+00
1.023252e-10 0.000000e+00 0.000000e+00
5.638121e-10 0.000000e+00 0.000000e+00
3.845622e-10 0.000000e+00 0.000000e+00
2.766360e-10 0.000000e+00 0.000000e+00
4.958538e-11 0.000000e+00 0.000000e+00
3.384179e-11 0.000000e+00 0.000000e+00
1.974589e-10 0.000000e+00 0.000000e+00
9.882341e-10 0.000000e+00 0.000000e+00
1.077714e-09 0.000000e+00 0.000000e+00
1.581844e-09 0.000000e+00 0.000000e+00
1.385789e-09 0.000000e+00 0.000000e+00
1.326750e-09 0.000000e+00 0.000000e+00
1.472410e-09 0.000000e+00 0.000000e+00
1.815355e-09 0.000000e+00 0.000000e+00
1.681659e-09 0.000000e+00 0.000000e+00
1.789019e-09 0.000000e+00 0.000000e+00
1.154898e-09 0.000000e+00 0.000000e+00
1.221361e-09 0.000000e+00 0.000000e+00
2.730250e-09 0.000000e+00 0.000000e+00
2.521143e-09 0.000000e+00 0.000000e+00
2.437422e-09 0.000000e+00 0.000000e+00
2.780905e-09 0.000000e+00 0.000000e+00
3.010288e-09 0.000000e+00 0.000000e+00
2.841622e-09 0.000000e+00 0.000000e+00
1.261312e-09 0.000000e+00 0.000000e+00
1.348352e-09 0.000000e+00 0.000000e+00
1.301991e-09 0.000000e+00 0.000000e+00
1.007595e-09 0.000000e+00 0.000000e+00
-5.767719e-10 0.000000e+00 0.000000e+00
-5.508870e-10 0.000000e+00 0.000000e+00
-6.061599e-11 0.000000e+00 0.000000e+00
4.932278e-10 0.000000e+00 0.000000e+00
3.209846e-10 0.000000e+00 0.000000e+00
6.221520e-10 0.000000e+00 0.000000e+00
1.355082e-12 0.000000e+00 0.000000e+00
1.646844e-10 0.000000e+00 0.000000e+00
1.256864e-10 0.000000e+00 0.000000e+00
6.591699e-10 0.000000e+00 0.000000e+00
-4.783558e-10 0.000000e+00 0.000000e+00
-4.803360e-10 0.000000e+00 0.000000e+00
-1.739326e-10 0.000000e+00 0.000000e+00
-3.482090e-10 0.000000e+00 0.000000e+00
-3.654042e-10 0.000000e+00 0.000000e+00
-5.019465e-10 0.000000e+00 0.000000e+00
-5.342672e-10 0.000000e+00 0.000000e+00
-5.646976e-10 0.000000e+00 0.000000e+00
-5.939798e-10 0.000000e+00 0.000000e+00
-6.294521e-10 0.000000e+00 0.000000e+00
-6.324121e-10 0.000000e+00 0.000000e+00
-6.028381e-10 0.000000e+00 0.000000e+00
-5.924826e-10 0.000000e+00 0.000000e+00
-6.270244e-10 0.000000e+00 0.000000e+00
-6.229714e-10 0.000000e+00 0.000000e+00
-6.167887e-10 0.000000e+00 0.000000e+00
-5.762225e-10 0.000000e+00 0.000000e+00
-5.420118e-10 0.000000e+00 0.000000e+00
-5.689666e-10 0.000000e+00 0.000000e+00
-6.305705e-10 0.000000e+00 0.000000e+00
-5.781121e-10 0.000000e+00 0.000000e+00
-5.603999e-10 0.000000e+00 0.000000e+00
-5.216352e-10 0.000000e+00 0.000000e+00
-5.640048e-10 0.000000e+00 0.000000e+00
-5.489340e-10 0.000000e+00 0.000000e+00
-2.418029e-10 0.000000e+00 0.000000e+00
-7.856267e-12 0.000000e+00 0.000000e+00
-5.956491e-11 0.000000e+00 0.000000e+00
-5.334125e-10 0.000000e+00 0.000000e+00
-5.421869e-10 0.000000e+00 0.000000e+00
-5.279958e-10 0.000000e+00 0.000000e+00
-4.732838e-10 0.000000e+00 0.000000e+00
-4.596050e-10 0.000000e+00 0.000000e+00
-4.265143e-10 0.000000e+00 0.000000e+00
-1.441137e-10 0.000000e+00 0.000000e+00
-1.253015e-10 0.000000e+00 0.000000e+00
-2.222093e-10 0.000000e+00 0.000000e+00
2.728950e-10 0.000000e+00 0.000000e+00
2.922249e-10 0.000000e+00 0.000000e+00
2.570478e-10 0.000000e+00 0.000000e+00
2.011656e-11 0.000000e+00 0.000000e+00
5.676897e-12 0.000000e+00 0.000000e+00
3.905136e-10 0.000000e+00 0.000000e+00
1.179252e-10 0.000000e+00 0.000000e+00
3.455836e-10 0.000000e+00 0.000000e+00
3.903962e-10 0.000000e+00 0.000000e+00
1.030285e-10 0.000000e+00 0.000000e+00
-3.719139e-10 0.000000e+00 0.000000e+00
-3.320353e-10 0.000000e+00 0.000000e+00
-3.165583e-10 0.000000e+00 0.000000e+00
-3.915356e-10 0.000000e+00 0.000000e+00
-4.209839e-10 0.000000e+00 0.000000e+00
-3.601618e-10 0.000000e+00 0.000000e+00
-2.810986e-10 0.000000e+00 0.000000e+00
-3.349873e-10 0.000000e+00 0.000000e+00
-3.775701e-10 0.000000e+00 0.000000e+00
-3.599820e-10 0.000000e+00 0.000000e+00
-3.050563e-10 0.000000e+00 0.000000e+00
-3.200752e-10 0.000000e+00 0.000000e+00
-2.537002e-10 0.000000e+00 0.000000e+00
1.079222e-11 0.000000e+00 0.000000e+00
1.322700e-10 0.000000e+00 0.000000e+00
2.144732e-10 0.000000e+00 0.000000e+00
2.892390e-10 0.000000e+00 0.000000e+00
1.876323e-10 0.000000e+00 0.000000e+00
1.508016e-10 0.000000e+00 0.000000e+00
4.310370e-10 0.000000e+00 0.000000e+00
5.043578e-10 0.000000e+00 0.000000e+00
4.801957e-10 0.000000e+00 0.000000e+00
4.167601e-10 0.000000e+00 0.000000e+00
1.826532e-10 0.000000e+00 0.000000e+00
2.365024e-10 0.000000e+00 0.000000e+00
3.552527e-10 0.000000e+00 0.000000e+00
2.555787e-10 0.000000e+00 0.000000e+00
3.088737e-10 0.000000e+00 0.000000e+00
-9.506928e-11 0.000000e+00 0.000000e+00
-1.671963e-10 0.000000e+00 0.000000e+00
-2.847189e-10 0.000000e+00 0.000000e+00
-4.830619e-10 0.000000e+00 0.000000e+00
-4.888384e-10 0.000000e+00 0.000000e+00
-4.963125e-10 0.000000e+00 0.000000e+00
-5.918631e-10 0.000000e+00 0.000000e+00
-5.799736e-10 0.000000e+00 0.000000e+00
-6.188612e-10 0.000000e+00 0.000000e+00
-6.237933e-10 0.000000e+00 0.000000e+00
-4.388178e-10 0.000000e+00 0.000000e+00
-4.553858e-10 0.000000e+00 0.000000e+00
-1.420783e-10 0.000000e+00 0.000000e+00
-3.845667e-11 0.000000e+00 0.000000e+00
-1.191165e-10 0.000000e+00 0.000000e+00
-2.682408e-10 0.000000e+00 0.000000e+00
-2.075660e-10 0.000000e+00 0.000000e+00
-1.777291e-10 0.000000e+00 0.000000e+00
-2.301194e-10 0.000000e+00 0.000000e+00
-6.015712e-10 0.000000e+00 0.000000e+00
-6.124219e-10 0.000000e+00 0.000000e+00
-5.226776e-10 0.000000e+00 0.000000e+00
-4.289148e-10 0.000000e+00 0.000000e+00
-1.897069e-10 0.000000e+00 0.000000e+00
-2.917210e-10 0.000000e+00 0.000000e+00
-5.377221e-10 0.000000e+00 0.000000e+00
-5.728981e-10 0.000000e+00 0.000000e+00
-5.864582e-10 0.000000e+00 0.000000e+00
-6.166029e-10 0.000000e+00 0.000000e+00
-6.098518e-10 0.000000e+00 0.000000e+00
-4.604352e-10 0.000000e+00 0.000000e+00
-3.975069e-10 0.000000e+00 0.000000e+00
-5.283991e-10 0.000000e+00 0.000000e+00
4.500681e-10 0.000000e+00 0.000000e+00
5.943653e-10 0.000000e+00 0.000000e+00
9.470029e-10 0.000000e+00 0.000000e+00
8.580160e-10 0.000000e+00 0.000000e+00
7.956222e-10 0.000000e+00 0.000000e+00
9.153664e-10 0.000000e+00 0.000000e+00
2.198359e-09 0.000000e+00 0.000000e+00
2.039265e-09 0.000000e+00 0.000000e+00
1.724264e-09 0.000000e+00 0.000000e+00
1.515156e-09 0.000000e+00 0.000000e+00
1.886626e-09 0.000000e+00 0.000000e+00
2.327724e-09 0.000000e+00 0.000000e+00
2.698352e-09 0.000000e+00 0.000000e+00
1.406391e-09 0.000000e+00 0.000000e+00
-6.212260e-10 0.000000e+00 0.000000e+00
-6.153391e-10 0.000000e+00 0.000000e+00
-5.473699e-10 0.000000e+00 0.000000e+00
-1.480732e-10 0.000000e+00 0.000000e+00
2.379692e-10 0.000000e+00 0.000000e+00
4.069956e-10 0.000000e+00 0.000000e+00
-5.179831e-11 0.000000e+00 0.000000e+00
1.096032e-09 0.000000e+00 0.000000e+00
2.940177e-10 0.000000e+00 0.000000e+00
1.048350e-09 0.000000e+00 0.000000e+00
6.982022e-11 0.000000e+00 0.000000e+00
9.749886e-11 0.000000e+00 0.000000e+00
-1.916779e-11 0.000000e+00 0.000000e+00
2.754024e-11 0.000000e+00 0.000000e+00
7.433864e-10 0.000000e+00 0.000000e+00
-2.844291e-10 0.000000e+00 0.000000e+00
-2.615790e-10 0.000000e+00 0.000000e+00
-4.332158e-10 0.000000e+00 0.000000e+00
-3.227013e-10 0.000000e+00 0.000000e+00
-2.809137e-10 0.000000e+00 0.000000e+00
5.301264e-10 0.000000e+00 0.000000e+00
1.850015e-10 0.000000e+00 0.000000e+00
7.061693e-10 0.000000e+00 0.000000e+00
2.595310e-10 0.000000e+00 0.000000e+00
3.625988e-10 0.000000e+00 0.000000e+00
1.639811e-09 0.000000e+00 0.000000e+00
1.523427e-09 0.000000e+00 0.000000e+00
1.788235e-09 0.000000e+00 0.000000e+00
3.158482e-09 0.000000e+00 0.000000e+00
3.276035e-09 0.000000e+00 0.000000e+00
1.968167e-09 0.000000e+00 0.000000e+00
2.067905e-09 0.000000e+00 0.000000e+00
2.563705e-09 0.000000e+00 0.000000e+00
2.365920e-09 0.000000e+00 0.000000e+00
2.149863e-09 0.000000e+00 0.000000e+00
3.540888e-09 0.000000e+00 0.000000e+00
3.382263e-09 0.000000e+00 0.000000e+00
3.063283e-09 0.000000e+00 0.000000e+00
3.743540e-09 0.000000e+00 0.000000e+00
4.025712e-09 0.000000e+00 0.000000e+00
2.223546e-09 0.000000e+00 0.000000e+00
2.473323e-09 0.000000e+00 0.000000e+00
2.576317e-09 0.000000e+00 0.000000e+00
3.586134e-09 0.000000e+00 0.000000e+00
3.879222e-09 0.000000e+00 0.000000e+00
3.611317e-09 0.000000e+00 0.000000e+00
4.117669e-09 0.000000e+00 0.000000e+00
4.302558e-09 0.000000e+00 0.000000e+00
3.681242e-09 0.000000e+00 0.000000e+00
-2.377766e-10 0.000000e+00 0.000000e+00
-6.306336e-10 0.000000e+00 0.000000e+00
-6.327646e-10 0.000000e+00 0.000000e+00
-6.309642e-10 0.000000e+00 0.000000e+00
-5.727074e-10 0.000000e+00 0.000000e+00
-6.131239e-10 0.000000e+00 0.000000e+00
-3.871729e-10 0.000000e+00 0.000000e+00
-6.211578e-10 0.000000e+00 0.000000e+00
-6.327757e-10 0.000000e+00 0.000000e+00
-6.322227e-10 0.000000e+00 0.000000e+00
-4.206850e-10 0.000000e+00 0.000000e+00
-9.942868e-11 0.000000e+00 0.000000e+00
-1.925429e-10 0.000000e+00 0.000000e+00
5.961470e-11 0.000000e+00 0.000000e+00
-9.200265e-11 0.000000e+00 0.000000e+00
-3.730659e-10 0.000000e+00 0.000000e+00
-5.159665e-10 0.000000e+00 0.000000e+00
-4.912676e-10 0.000000e+00 0.000000e+00
-2.124288e-10 0.000000e+00 0.000000e+00
1.285308e-09 0.000000e+00 0.000000e+00
1.121845e-09 0.000000e+00 0.000000e+00
3.254019e-09 0.000000e+00 0.000000e+00
2.875872e-09 0.000000e+00 0.000000e+00
2.343933e-09 0.000000e+00 0.000000e+00
2.818574e-09 0.000000e+00 0.000000e+00
1.189763e-09 0.000000e+00 0.000000e+00
6.504629e-10 0.000000e+00 0.000000e+00
4.801696e-10 0.000000e+00 0.000000e+00
3.222521e-10 0.000000e+00 0.000000e+00
5.302387e-10 0.000000e+00 0.000000e+00
1.436573e-10 0.000000e+00 0.000000e+00
4.148342e-10 0.000000e+00 0.000000e+00
7.953857e-10 0.000000e+00 0.000000e+00
9.905379e-10 0.000000e+00 0.000000e+00
-3.773413e-10 0.000000e+00 0.000000e+00
-5.614887e-10 0.000000e+00 0.000000e+00
-4.703296e-10 0.000000e+00 0.000000e+00
-4.998415e-10 0.000000e+00 0.000000e+00
-6.227178e-10 0.000000e+00 0.000000e+00
-6.199443e-10 0.000000e+00 0.000000e+00
-6.265423e-10 0.000000e+00 0.000000e+00
-6.288136e-10 0.000000e+00 0.000000e+00
-6.313960e-10 0.000000e+00 0.000000e+00
-6.050168e-10 0.000000e+00 0.000000e+00
-5.957295e-10 0.000000e+00 0.000000e+00
-5.562975e-10 0.000000e+00 0.000000e+00
-5.795004e-10 0.000000e+00 0.000000e+00
-4.648732e-10 0.000000e+00 0.000000e+00
-4.442403e-10 0.000000e+00 0.000000e+00
-4.880749e-10 0.000000e+00 0.000000e+00
-6.012301e-10 0.000000e+00 0.000000e+00
-5.034185e-10 0.000000e+00 0.000000e+00
-6.289391e-10 0.000000e+00 0.000000e+00
-6.245515e-10 0.000000e+00 0.000000e+00
-6.323948e-10 0.000000e+00 0.000000e+00
-6.319985e-10 0.000000e+00 0.000000e+00
-6.271440e-10 0.000000e+00 0.000000e+00
-6.256058e-10 0.000000e+00 0.000000e+00
-6.284760e-10 0.000000e+00 0.000000e+00
-5.425579e-10 0.000000e+00 0.000000e+00
-6.064388e-10 0.000000e+00 0.000000e+00
-5.999354e-10 0.000000e+00 0.000000e+00
-5.874785e-10 0.000000e+00 0.000000e+00
-6.120153e-10 0.000000e+00 0.000000e+00
-5.616058e-10 0.000000e+00 0.000000e+00
-4.018031e-10 0.000000e+00 0.000000e+00
-4.495475e-10 0.000000e+00 0.000000e+00
-4.771264e-10 0.000000e+00 0.000000e+00
-4.454938e-10 0.000000e+00 0.000000e+00
-4.150534e-10 0.000000e+00 0.000000e+00
2.229899e-10 0.000000e+00 0.000000e+00
-1.707373e-10 0.000000e+00 0.000000e+00
5.689532e-10 0.000000e+00 0.000000e+00
3.457735e-10 0.000000e+00 0.000000e+00
1.207057e-11 0.000000e+00 0.000000e+00
-1.306098e-10 0.000000e+00 0.000000e+00
-3.141413e-10 0.000000e+00 0.000000e+00
-2.722413e-10 0.000000e+00 0.000000e+00
1.602678e-09 0.000000e+00 0.000000e+00
1.354909e-09 0.000000e+00 0.000000e+00
1.707966e-09 0.000000e+00 0.000000e+00
1.604839e-09 0.000000e+00 0.000000e+00
2.014993e-09 0.000000e+00 0.000000e+00
4.440871e-09 0.000000e+00 0.000000e+00
4.209547e-09 0.000000e+00 0.000000e+00
4.025399e-09 0.000000e+00 0.000000e+00
4.338379e-09 0.000000e+00 0.000000e+00
4.545192e-09 0.000000e+00 0.000000e+00
4.628503e-09 0.000000e+00 0.000000e+00
4.868715e-09 0.000000e+00 0.000000e+00
4.782047e-09 0.000000e+00 0.000000e+00
2.677093e-09 0.000000e+00 0.000000e+00
8.544996e-10 0.000000e+00 0.000000e+00
4.343442e-10 0.000000e+00 0.000000e+00
1.267054e-10 0.000000e+00 0.000000e+00
-2.380298e-10 0.000000e+00 0.000000e+00
-9.782343e-11 0.000000e+00 0.000000e+00
-1.649207e-10 0.000000e+00 0.000000e+00
-4.030052e-11 0.000000e+00 0.000000e+00
2.718159e-10 0.000000e+00 0.000000e+00
2.050214e-10 0.000000e+00 0.000000e+00
-5.873302e-10 0.000000e+00 0.000000e+00
-5.181279e-10 0.000000e+00 0.000000e+00
-5.627345e-10 0.000000e+00 0.000000e+00
-4.692498e-10 0.000000e+00 0.000000e+00
-1.365335e-11 0.000000e+00 0.000000e+00
-7.288971e-11 0.000000e+00 0.000000e+00
-1.331709e-10 0.000000e+00 0.000000e+00
1.544168e-10 0.000000e+00 0.000000e+00
1.640922e-10 0.000000e+00 0.000000e+00
5.739325e-10 0.000000e+00 0.000000e+00
4.822079e-10 0.000000e+00 0.000000e+00
3.741056e-10 0.000000e+00 0.000000e+00
3.791269e-10 0.000000e+00 0.000000e+00
4.214692e-10 0.000000e+00 0.000000e+00
3.877323e-10 0.000000e+00 0.000000e+00
4.754720e-10 0.000000e+00 0.000000e+00
4.737359e-10 0.000000e+00 0.000000e+00
1.965116e-11 0.000000e+00 0.000000e+00
2.101515e-10 0.000000e+00 0.000000e+00
2.794311e-10 0.000000e+00 0.000000e+00
-3.254450e-10 0.000000e+00 0.000000e+00
-6.439203e-10 0.000000e+00 0.000000e+00
-6.512996e-10 0.000000e+00 0.000000e+00
-2.795032e-09 0.000000e+00 0.000000e+00
-1.662058e-09 0.000000e+00 0.000000e+00
-2.067297e-09 0.000000e+00 0.000000e+00
-1.165570e-09 0.000000e+00 0.000000e+00
-1.252661e-09 0.000000e+00 0.000000e+00
-1.417490e-09 0.000000e+00 0.000000e+00
-1.770507e-09 0.000000e+00 0.000000e+00
-1.598736e-09 0.000000e+00 0.000000e+00
-1.529730e-09 0.000000e+00 0.000000e+00
-2.294611e-09 0.000000e+00 0.000000e+00
-1.907604e-09 0.000000e+00 0.000000e+00
-2.376655e-09 0.000000e+00 0.000000e+00
-1.687046e-09 0.000000e+00 0.000000e+00
-2.097748e-09 0.000000e+00 0.000000e+00
-1.364893e-09 0.000000e+00 0.000000e+00
-2.683038e-09 0.000000e+00 0.000000e+00
-2.932853e-09 0.000000e+00 0.000000e+00
-1.321344e-09 0.000000e+00 0.000000e+00
-1.045334e-09 0.000000e+00 0.000000e+00
3.479952e-11 0.000000e+00 0.000000e+00
1.210076e-10 0.000000e+00 0.000000e+00
4.219441e-10 0.000000e+00 0.000000e+00
-2.653242e-10 0.000000e+00 0.000000e+00
-1.249322e-11 0.000000e+00 0.000000e+00
-1.006967e-09 0.000000e+00 0.000000e+00
1.767979e-10 0.000000e+00 0.000000e+00
-3.624677e-10 0.000000e+00 0.000000e+00
-6.141935e-10 0.000000e+00 0.000000e+00
-4.537393e-10 0.000000e+00 0.000000e+00
-3.885894e-10 0.000000e+00 0.000000e+00
-5.622495e-10 0.000000e+00 0.000000e+00
-1.232387e-10 0.000000e+00 0.000000e+00
-2.171232e-10 0.000000e+00 0.000000e+00
-2.385624e-10 0.000000e+00 0.000000e+00
-2.805468e-10 0.000000e+00 0.000000e+00
-3.174173e-10 0.000000e+00 0.000000e+00
-4.706992e-10 0.000000e+00 0.000000e+00
-5.044591e-10 0.000000e+00 0.000000e+00
-2.272698e-09 0.000000e+00 0.000000e+00
-1.818024e-09 0.000000e+00 0.000000e+00
-1.459638e-09 0.000000e+00 0.000000e+00
-1.656504e-09 0.000000e+00 0.000000e+00
-1.185692e-09 0.000000e+00 0.000000e+00
-1.578186e-09 0.000000e+00 0.000000e+00
-1.109869e-09 0.000000e+00 0.000000e+00
-1.492391e-09 0.000000e+00 0.000000e+00
1.500860e-10 0.000000e+00 0.000000e+00
2.641454e-10 0.000000e+00 0.000000e+00
2.327779e-10 0.000000e+00 0.000000e+00
-5.639795e-11 0.000000e+00 0.000000e+00
-2.637910e-10 0.000000e+00 0.000000e+00
9.124635e-11 0.000000e+00 0.000000e+00
-1.155985e-10 0.000000e+00 0.000000e+00
6.179719e-10 0.000000e+00 0.000000e+00
6.294572e-10 0.000000e+00 0.000000e+00
4.044995e-10 0.000000e+00 0.000000e+00
3.804886e-10 0.000000e+00 0.000000e+00
3.118020e-10 0.000000e+00 0.000000e+00
3.618804e-10 0.000000e+00 0.000000e+00
3.249316e-10 0.000000e+00 0.000000e+00
4.510959e-10 0.000000e+00 0.000000e+00
6.103618e-10 0.000000e+00 0.000000e+00
5.968659e-10 0.000000e+00 0.000000e+00
6.036979e-10 0.000000e+00 0.000000e+00
5.676595e-10 0.000000e+00 0.000000e+00
5.898689e-10 0.000000e+00 0.000000e+00
5.819962e-10 0.000000e+00 0.000000e+00
6.315837e-10 0.000000e+00 0.000000e+00
6.231518e-10 0.000000e+00 0.000000e+00
6.247894e-10 0.000000e+00 0.000000e+00
6.097364e-10 0.000000e+00 0.000000e+00
5.055528e-10 0.000000e+00 0.000000e+00
5.974402e-10 0.000000e+00 0.000000e+00
4.269676e-10 0.000000e+00 0.000000e+00
-1.597157e-10 0.000000e+00 0.000000e+00
-1.793581e-10 0.000000e+00 0.000000e+00
-9.605515e-11 0.000000e+00 0.000000e+00
5.037233e-11 0.000000e+00 0.000000e+00
-9.416417e-10 0.000000e+00 0.000000e+00
-9.078040e-10 0.000000e+00 0.000000e+00
-7.961398e-10 0.000000e+00 0.000000e+00
-2.673223e-09 0.000000e+00 0.000000e+00
-2.010171e-09 0.000000e+00 0.000000e+00
-2.156530e-09 0.000000e+00 0.000000e+00
-1.898780e-09 0.000000e+00 0.000000e+00
-5.960073e-10 0.000000e+00 0.000000e+00
-1.777924e-09 0.000000e+00 0.000000e+00
-2.567001e-09 0.000000e+00 0.000000e+00
-2.373024e-09 0.000000e+00 0.000000e+00
-2.216964e-09 0.000000e+00 0.000000e+00
-1.965861e-09 0.000000e+00 0.000000e+00
-3.016935e-09 0.000000e+00 0.000000e+00
-3.163581e-09 0.000000e+00 0.000000e+00
-1.326400e-09 0.000000e+00 0.000000e+00
-8.549641e-10 0.000000e+00 0.000000e+00
-6.949751e-10 0.000000e+00 0.000000e+00
-7.872056e-10 0.000000e+00 0.000000e+00
-7.086723e-10 0.000000e+00 0.000000e+00
-4.185490e-10 0.000000e+00 0.000000e+00
-3.470592e-10 0.000000e+00 0.000000e+00
-1.497721e-11 0.000000e+00 0.000000e+00
-1.853865e-10 0.000000e+00 0.000000e+00
3.075483e-10 0.000000e+00 0.000000e+00
8.890817e-11 0.000000e+00 0.000000e+00
1.955911e-10 0.000000e+00 0.000000e+00
1.336084e-10 0.000000e+00 0.000000e+00
2.785998e-10 0.000000e+00 0.000000e+00
6.197129e-10 0.000000e+00 0.000000e+00
4.515699e-10 0.000000e+00 0.000000e+00
4.669166e-10 0.000000e+00 0.000000e+00
5.860854e-10 0.000000e+00 0.000000e+00
5.570374e-10 0.000000e+00 0.000000e+00
4.979957e-10 0.000000e+00 0.000000e+00
5.654366e-10 0.000000e+00 0.000000e+00
5.204439e-10 0.000000e+00 0.000000e+00
6.194806e-10 0.000000e+00 0.000000e+00
5.463931e-10 0.000000e+00 0.000000e+00
5.300356e-10 0.000000e+00 0.000000e+00
5.587693e-10 0.000000e+00 0.000000e+00
6.164778e-10 0.000000e+00 0.000000e+00
6.008018e-10 0.000000e+00 0.000000e+00
6.102707e-10 0.000000e+00 0.000000e+00
6.303062e-10 0.000000e+00 0.000000e+00
6.251123e-10 0.000000e+00 0.000000e+00
6.320225e-10 0.000000e+00 0.000000e+00
6.218822e-10 0.000000e+00 0.000000e+00
6.258521e-10 0.000000e+00 0.000000e+00
6.291521e-10 0.000000e+00 0.000000e+00
6.313335e-10 0.000000e+00 0.000000e+00
6.258947e-10 0.000000e+00 0.000000e+00
4.920393e-10 0.000000e+00 0.000000e+00
5.570641e-10 0.000000e+00 0.000000e+00
5.281777e-10 0.000000e+00 0.000000e+00
4.930300e-10 0.000000e+00 0.000000e+00
5.408497e-10 0.000000e+00 0.000000e+00
