step K U E temp
0 9.427189e-22 -3.908493e-20 -3.814221e-20 1.365617e+02
1000 4.943812e-22 -4.100192e-20 1.949246e-20 7.161576e+01
2000 3.971887e-21 -3.744669e-20 6.652519e-20 5.753652e+02
3000 2.790299e-21 -4.109598e-20 1.017023e-19 4.042010e+02
4000 2.177198e-21 -3.876416e-20 1.434131e-19 3.153876e+02
5000 8.966831e-22 -4.105750e-20 1.798424e-19 1.298930e+02
6000 2.159364e-21 -4.052933e-20 2.216300e-19 3.128041e+02
7000 8.361071e-21 -2.733387e-20 2.810272e-19 1.211180e+03
8000 1.996738e-21 -4.065130e-20 3.013454e-19 2.892463e+02
9000 3.090170e-23 -3.947855e-20 3.405524e-19 4.476402e+00
10000 5.374099e-22 -4.037718e-20 3.803849e-19 7.784888e+01
11000 3.699904e-23 -3.786636e-20 4.221706e-19 5.359659e+00
12000 1.272421e-21 -3.520116e-20 4.660713e-19 1.843222e+02
13000 2.908410e-24 -2.973640e-20 5.102665e-19 4.213106e-01
14000 5.784582e-22 -3.451908e-20 5.465454e-19 8.379511e+01
15000 1.789455e-20 -4.014464e-20 5.997614e-19 2.592193e+03
16000 6.315974e-22 -3.391767e-20 6.280491e-19 9.149283e+01
17000 6.785368e-22 -3.325976e-20 6.683544e-19 9.829244e+01
18000 3.079601e-21 -3.291729e-20 7.191919e-19 4.461092e+02
19000 9.496095e-22 -3.251670e-20 7.558447e-19 1.375599e+02
20000 4.565022e-24 -2.898500e-20 7.918831e-19 6.612865e-01
21000 7.972375e-22 -3.132522e-20 8.294747e-19 1.154873e+02
22000 2.562356e-22 -3.180003e-20 8.742138e-19 3.711813e+01
23000 7.253998e-22 -2.660894e-20 9.154145e-19 1.050810e+02
24000 3.005216e-23 -1.967894e-20 9.603511e-19 4.353338e+00
25000 5.839356e-22 -2.524703e-20 9.953384e-19 8.458856e+01
26000 2.038375e-22 -2.826944e-20 1.033367e-18 2.952778e+01
27000 9.136624e-24 -2.608334e-20 1.079331e-18 1.323526e+00
28000 7.559379e-24 -2.443199e-20 1.116278e-18 1.095047e+00
29000 4.814106e-21 -2.075230e-20 1.164120e-18 6.973685e+02
30000 1.945778e-23 -2.315866e-20 1.196867e-18 2.818643e+00
31000 4.074479e-22 -1.622967e-20 1.244178e-18 5.902266e+01
32000 4.636401e-23 -1.801386e-20 1.282033e-18 6.716263e+00
33000 3.366604e-21 -1.304788e-21 1.342062e-18 4.876843e+02
34000 1.140732e-21 -3.354101e-20 1.347600e-18 1.652458e+02
35000 2.343017e-21 -3.849099e-20 1.383852e-18 3.394081e+02
36000 1.001935e-20 -4.108008e-20 1.428939e-18 1.451398e+03
37000 4.883339e-23 -4.085174e-20 1.459197e-18 7.073976e+00
38000 6.658123e-24 -3.865981e-20 1.501347e-18 9.644918e-01
39000 7.854548e-23 -4.066391e-20 1.539415e-18 1.137805e+01
40000 1.736565e-21 -4.020921e-20 1.581531e-18 2.515577e+02
41000 2.015738e-21 -4.072296e-20 1.624646e-18 2.919986e+02
42000 4.757331e-21 -4.045117e-20 1.664439e-18 6.891442e+02
43000 8.735282e-22 -3.568933e-20 1.705184e-18 1.265388e+02
44000 2.709812e-24 -3.929728e-20 1.740718e-18 3.925418e-01
45000 1.745508e-21 -4.098186e-20 1.781657e-18 2.528533e+02
46000 8.218960e-22 -3.637364e-20 1.826941e-18 1.190594e+02
47000 1.357128e-21 -3.885015e-20 1.869654e-18 1.965927e+02
48000 3.134314e-21 -2.932593e-20 1.913808e-18 4.540349e+02
49000 4.648335e-21 -2.346844e-20 1.961180e-18 6.733551e+02
50000 4.321654e-21 -2.668256e-20 1.997639e-18 6.260323e+02
51000 3.040309e-23 -3.802113e-20 2.022055e-18 4.404174e+00
52000 3.082921e-21 -3.117200e-20 2.071911e-18 4.465902e+02
53000 5.403905e-21 -3.676457e-20 2.108639e-18 7.828064e+02
54000 1.269411e-21 -4.090604e-20 2.140452e-18 1.838861e+02
55000 1.076663e-21 -4.101540e-20 2.183015e-18 1.559647e+02
56000 6.034345e-22 -4.051957e-20 2.227130e-18 8.741317e+01
57000 9.068471e-22 -3.913537e-20 2.262112e-18 1.313653e+02
58000 4.718722e-21 -3.933483e-20 2.314153e-18 6.835513e+02
59000 2.122682e-21 -3.991012e-20 2.342217e-18 3.074904e+02
60000 2.376765e-21 -3.957139e-20 2.389454e-18 3.442968e+02
61000 1.009747e-23 -4.106244e-20 2.420101e-18 1.462714e+00
62000 9.210065e-22 -4.109909e-20 2.464431e-18 1.334165e+02
63000 6.111570e-24 -4.029356e-20 2.505826e-18 8.853185e-01
64000 1.325121e-21 -4.005645e-20 2.553514e-18 1.919563e+02
65000 3.848317e-22 -4.109247e-20 2.587904e-18 5.574649e+01
66000 1.726314e-21 -3.749411e-20 2.624260e-18 2.500728e+02
67000 5.291561e-21 -3.797748e-20 2.673370e-18 7.665324e+02
68000 1.611034e-22 -3.982037e-20 2.701056e-18 2.333734e+01
69000 4.050096e-21 -4.011252e-20 2.762154e-18 5.866946e+02
70000 2.635291e-22 -4.056255e-20 2.792766e-18 3.817467e+01
71000 7.506558e-23 -4.078339e-20 2.830179e-18 1.087396e+01
72000 5.785300e-22 -4.090777e-20 2.884876e-18 8.380551e+01
73000 1.038128e-20 -3.507147e-20 2.919892e-18 1.503825e+03
74000 3.947193e-23 -3.181667e-20 2.948235e-18 5.717880e+00
75000 3.787988e-21 -3.481776e-20 3.006125e-18 5.487258e+02
76000 4.183216e-21 -3.269240e-20 3.037762e-18 6.059782e+02
77000 1.946983e-23 -2.661496e-20 3.073405e-18 2.820389e+00
78000 1.503286e-22 -3.010923e-20 3.110098e-18 2.177652e+01
79000 1.177071e-21 -4.160043e-21 3.177017e-18 1.705098e+02
80000 4.772819e-23 -2.018168e-20 3.199866e-18 6.913878e+00
81000 1.254627e-20 -2.560796e-20 3.252481e-18 1.817446e+03
82000 9.023146e-22 -3.411514e-20 3.279348e-18 1.307088e+02
83000 2.979321e-21 -2.914086e-20 3.317770e-18 4.315827e+02
84000 4.810624e-21 -2.788362e-20 3.360796e-18 6.968642e+02
85000 1.561192e-21 -3.099307e-20 3.399892e-18 2.261534e+02
86000 8.396427e-22 -3.262615e-20 3.454617e-18 1.216301e+02
87000 3.579648e-22 -2.266106e-20 3.477771e-18 5.185457e+01
88000 4.021040e-21 -1.425651e-20 3.529765e-18 5.824855e+02
89000 1.829495e-23 -2.874411e-20 3.574096e-18 2.650196e+00
90000 9.275625e-22 -2.347995e-20 3.607697e-18 1.343662e+02
91000 6.816582e-21 -2.493566e-20 3.656233e-18 9.874461e+02
92000 1.264178e-21 -9.875562e-21 3.691389e-18 1.831281e+02
93000 1.197745e-21 -1.758953e-20 3.723718e-18 1.735046e+02
94000 7.624110e-22 -1.877683e-20 3.772836e-18 1.104424e+02
95000 3.714131e-21 -2.147490e-20 3.812499e-18 5.380268e+02
96000 6.121720e-21 -1.198836e-20 3.856836e-18 8.867888e+02
97000 4.464555e-22 -3.957097e-20 3.873736e-18 6.467327e+01
98000 4.144435e-25 -3.681116e-20 3.912102e-18 6.003604e-02
99000 3.741303e-21 -3.959084e-20 3.977004e-18 5.419630e+02
100000 2.190933e-21 -3.430221e-20 3.987889e-18 3.173772e+02
101000 1.195673e-23 -3.279645e-20 4.027216e-18 1.732045e+00
102000 9.474149e-23 -3.183125e-20 4.069704e-18 1.372420e+01
103000 6.558444e-21 -3.731483e-20 4.110013e-18 9.500524e+02
104000 4.410395e-21 -3.617429e-20 4.148873e-18 6.388873e+02
105000 6.051586e-21 -3.363591e-20 4.193352e-18 8.766291e+02
106000 7.629136e-22 -3.064605e-20 4.233984e-18 1.105152e+02
107000 2.834581e-23 -2.751354e-20 4.273059e-18 4.106157e+00
108000 4.159215e-22 -3.060875e-20 4.332687e-18 6.025014e+01
109000 9.545125e-22 -2.575125e-20 4.355436e-18 1.382701e+02
110000 1.035990e-20 -2.815180e-20 4.404519e-18 1.500728e+03
111000 1.090916e-25 -2.101828e-20 4.438982e-18 1.580294e-02
112000 1.903655e-21 -1.454660e-20 4.487357e-18 2.757623e+02
113000 1.742953e-22 -1.415902e-22 4.540033e-18 2.524831e+01
114000 5.964477e-22 -1.144893e-20 4.569148e-18 8.640106e+01
115000 1.708256e-21 -1.911075e-20 4.602598e-18 2.474570e+02
116000 3.951006e-22 -1.985368e-20 4.641747e-18 5.723404e+01
117000 1.258273e-20 -2.973980e-20 4.690944e-18 1.822727e+03
118000 2.356827e-21 -2.496489e-20 4.718262e-18 3.414085e+02
119000 1.248114e-21 -2.409671e-20 4.760376e-18 1.808010e+02
120000 1.224789e-23 -2.166993e-20 4.800715e-18 1.774223e+00
121000 2.555295e-21 -2.277512e-20 4.841639e-18 3.701585e+02
122000 7.888580e-22 -1.834026e-20 4.883369e-18 1.142735e+02
123000 1.918905e-22 -2.845509e-20 4.924427e-18 2.779714e+01
124000 2.585159e-21 -2.061015e-20 4.971782e-18 3.744846e+02
125000 5.116393e-21 -1.611365e-20 5.009003e-18 7.411577e+02
126000 2.315277e-23 -1.230559e-20 5.047871e-18 3.353896e+00
127000 4.258915e-24 -4.059208e-20 5.089941e-18 6.169438e-01
128000 2.105590e-21 -4.092114e-20 5.119755e-18 3.050145e+02
129000 6.915208e-23 -4.079451e-20 5.167989e-18 1.001733e+01
130000 3.015309e-22 -4.107749e-20 5.204572e-18 4.367959e+01
131000 4.229258e-21 -4.046848e-20 5.246532e-18 6.126478e+02
132000 1.322932e-21 -3.483618e-20 5.268684e-18 1.916391e+02
133000 2.838894e-21 -3.840613e-20 5.314052e-18 4.112405e+02
134000 4.359669e-21 -3.778517e-20 5.357623e-18 6.315391e+02
135000 8.735329e-23 -3.577046e-20 5.388812e-18 1.265395e+01
136000 6.216299e-22 -3.558574e-20 5.440898e-18 9.004894e+01
137000 3.530487e-21 -3.184086e-20 5.493025e-18 5.114242e+02
138000 1.199582e-21 -4.015833e-20 5.527132e-18 1.737708e+02
139000 2.619841e-21 -3.968106e-20 5.563641e-18 3.795087e+02
140000 1.008970e-21 -3.716115e-20 5.603011e-18 1.461588e+02
141000 1.139061e-22 -3.880253e-20 5.639718e-18 1.650037e+01
142000 6.338098e-22 -3.885667e-20 5.696734e-18 9.181331e+01
143000 9.596521e-21 -3.893057e-20 5.735824e-18 1.390146e+03
144000 3.030277e-23 -4.105598e-20 5.763502e-18 4.389642e+00
145000 2.516534e-22 -4.070129e-20 5.814413e-18 3.645436e+01
146000 3.201234e-22 -4.109997e-20 5.848889e-18 4.637289e+01
147000 1.691093e-23 -4.100561e-20 5.889591e-18 2.449707e+00
148000 2.332363e-22 -4.097055e-20 5.930535e-18 3.378647e+01
149000 2.169667e-22 -4.090485e-20 5.983609e-18 3.142967e+01
150000 9.012330e-22 -4.106084e-20 6.017925e-18 1.305521e+02
151000 3.040184e-22 -4.097704e-20 6.070303e-18 4.403993e+01
152000 5.491099e-22 -3.934944e-20 6.096870e-18 7.954373e+01
153000 8.062497e-22 -3.904454e-20 6.144311e-18 1.167929e+02
154000 5.951417e-23 -3.987075e-20 6.176243e-18 8.621187e+00
155000 4.608155e-24 -4.070435e-20 6.222761e-18 6.675347e-01
156000 3.225238e-23 -4.015261e-20 6.267581e-18 4.672060e+00
157000 1.261133e-22 -4.108670e-20 6.298007e-18 1.826870e+01
158000 9.843142e-22 -4.040564e-20 6.340147e-18 1.425872e+02
159000 1.063626e-22 -3.842876e-20 6.369662e-18 1.540763e+01
160000 2.611764e-22 -3.764921e-20 6.409369e-18 3.783386e+01
161000 3.662437e-24 -3.720635e-20 6.449582e-18 5.305384e-01
162000 4.084384e-22 -2.096670e-20 6.508770e-18 5.916615e+01
163000 1.221578e-21 -3.011775e-20 6.540399e-18 1.769571e+02
164000 1.088914e-21 -3.992031e-20 6.572384e-18 1.577394e+02
165000 1.414657e-20 -2.711095e-20 6.631535e-18 2.049264e+03
166000 8.768780e-23 -3.150506e-20 6.659158e-18 1.270240e+01
167000 5.478395e-22 -3.609507e-20 6.690203e-18 7.935970e+01
168000 5.333192e-24 -3.400212e-20 6.739050e-18 7.725630e-01
169000 3.267493e-21 -2.404926e-20 6.785671e-18 4.733271e+02
170000 9.138720e-22 -3.662300e-20 6.824593e-18 1.323830e+02
171000 2.544410e-21 -4.031200e-20 6.854563e-18 3.685818e+02
172000 6.405625e-21 -3.902373e-20 6.909272e-18 9.279151e+02
173000 2.628600e-23 -3.937123e-20 6.946382e-18 3.807775e+00
174000 2.637524e-22 -3.571403e-20 6.983549e-18 3.820701e+01
175000 1.672036e-22 -3.840309e-20 7.029384e-18 2.422101e+01
176000 7.927717e-21 -2.622519e-21 7.072857e-18 1.148404e+03
177000 1.083449e-22 6.634551e-22 7.101099e-18 1.569478e+01
178000 1.707905e-22 4.865749e-21 7.145085e-18 2.474061e+01
179000 3.181115e-23 1.107938e-20 7.191111e-18 4.608145e+00
180000 1.977367e-22 8.118862e-21 7.230741e-18 2.864403e+01
181000 3.086047e-23 -3.321470e-20 7.265398e-18 4.470430e+00
182000 1.407527e-21 -2.635180e-20 7.315191e-18 2.038935e+02
183000 6.932094e-21 -2.195605e-20 7.365074e-18 1.004179e+03
184000 2.354337e-21 -3.712634e-20 7.394491e-18 3.410478e+02
185000 6.436351e-22 -3.064747e-20 7.435266e-18 9.323660e+01
186000 1.347393e-21 -3.492389e-20 7.471781e-18 1.951825e+02
187000 1.083323e-21 -3.234773e-20 7.518721e-18 1.569295e+02
188000 4.500689e-22 1.783180e-20 7.558282e-18 6.519671e+01
189000 4.934331e-21 -1.569571e-20 7.576101e-18 7.147843e+02
190000 1.638235e-22 -7.768885e-21 7.614631e-18 2.373137e+01
191000 4.139115e-21 -1.265204e-20 7.671576e-18 5.995897e+02
192000 9.263922e-21 -1.520107e-20 7.723148e-18 1.341966e+03
193000 1.109678e-22 7.658865e-21 7.769041e-18 1.607473e+01
194000 1.466319e-21 -1.955219e-20 7.794225e-18 2.124101e+02
195000 5.402348e-25 -1.735968e-20 7.830525e-18 7.825810e-02
196000 2.068320e-22 -9.012700e-21 7.874400e-18 2.996156e+01
197000 5.901392e-21 -1.086118e-21 7.919588e-18 8.548721e+02
198000 5.483654e-22 2.109220e-21 7.954249e-18 7.943589e+01
199000 1.392168e-21 -1.738080e-20 8.012060e-18 2.016687e+02
200000 2.125541e-21 -6.684456e-21 8.029762e-18 3.079046e+02
201000 1.027069e-21 -1.047862e-20 8.081292e-18 1.487806e+02
202000 5.245527e-22 -1.527133e-20 8.135965e-18 7.598639e+01
203000 3.165357e-20 1.337052e-20 8.190116e-18 4.585318e+03
204000 1.102463e-22 -1.172770e-20 8.212433e-18 1.597021e+01
205000 1.939005e-21 -4.542561e-23 8.257187e-18 2.808831e+02
206000 1.578796e-22 4.147374e-21 8.287060e-18 2.287035e+01
207000 6.069147e-21 2.686108e-20 8.332930e-18 8.791730e+02
208000 2.571816e-23 1.206353e-20 8.380565e-18 3.725518e+00
209000 2.746192e-22 -3.981714e-20 8.394902e-18 3.978117e+01
210000 4.719134e-22 -2.814023e-20 8.431413e-18 6.836109e+01
211000 5.077888e-26 -4.054791e-20 8.471137e-18 7.355799e-03
212000 5.371515e-21 -4.080639e-20 8.509340e-18 7.781145e+02
213000 9.265370e-22 -3.647870e-20 8.521701e-18 1.342176e+02
214000 1.915236e-22 -3.743017e-20 8.573226e-18 2.774399e+01
215000 4.769613e-22 -2.601840e-20 8.610492e-18 6.909233e+01
216000 4.569419e-23 -3.005405e-20 8.648424e-18 6.619234e+00
217000 2.709748e-21 -2.878708e-20 8.691355e-18 3.925325e+02
218000 8.882051e-22 -2.742022e-20 8.734984e-18 1.286649e+02
219000 3.517951e-22 -2.192583e-20 8.773703e-18 5.096084e+01
220000 3.791948e-21 -2.663035e-20 8.821295e-18 5.492993e+02
221000 8.022763e-22 -3.333863e-20 8.840967e-18 1.162173e+02
222000 5.917619e-21 -3.497429e-20 8.889657e-18 8.572228e+02
223000 2.586509e-23 -3.219036e-20 8.927796e-18 3.746802e+00
224000 6.250781e-22 -3.519647e-20 8.972481e-18 9.054845e+01
225000 8.289611e-21 -3.406199e-20 9.013328e-18 1.200828e+03
226000 4.849820e-22 -3.280719e-20 9.052546e-18 7.025421e+01
227000 4.836760e-22 -3.439679e-20 9.099745e-18 7.006503e+01
228000 3.834556e-22 -1.330690e-20 9.127114e-18 5.554715e+01
229000 4.108105e-21 -1.049184e-20 9.173648e-18 5.950976e+02
230000 1.104251e-20 -2.496467e-20 9.227470e-18 1.599612e+03
231000 6.266303e-22 -2.929118e-20 9.263834e-18 9.077329e+01
232000 2.411180e-23 -2.246492e-20 9.295582e-18 3.492821e+00
233000 3.092117e-21 -2.434095e-20 9.339662e-18 4.479222e+02
234000 3.799406e-26 -1.188516e-20 9.379957e-18 5.503797e-03
235000 5.206568e-22 -1.683443e-20 9.404855e-18 7.542203e+01
236000 6.773285e-24 -1.516155e-20 9.447226e-18 9.811741e-01
237000 2.735972e-21 -1.745056e-20 9.488201e-18 3.963312e+02
238000 2.133953e-21 -1.853707e-20 9.543624e-18 3.091232e+02
239000 1.100036e-26 -1.950679e-20 9.580467e-18 1.593506e-03
240000 3.629270e-22 -2.136626e-20 9.627814e-18 5.257339e+01
241000 4.112484e-22 -1.407189e-20 9.652238e-18 5.957320e+01
242000 9.557644e-21 -1.600572e-20 9.713133e-18 1.384515e+03
243000 1.603430e-20 -9.856971e-21 9.747182e-18 2.322719e+03
244000 5.607798e-21 -1.376495e-20 9.789318e-18 8.123423e+02
245000 2.072094e-23 -1.663443e-20 9.826843e-18 3.001623e+00
246000 4.133627e-21 -1.021074e-21 9.863113e-18 5.987948e+02
247000 1.209582e-21 -4.672587e-22 9.900742e-18 1.752193e+02
248000 6.795689e-21 -3.854648e-23 9.946757e-18 9.844196e+02
249000 9.253012e-21 -9.975081e-22 9.988375e-18 1.340386e+03
250000 4.030624e-22 -1.923975e-24 1.002047e-17 5.838738e+01
251000 1.997301e-22 -6.744910e-21 1.005345e-17 2.893278e+01
252000 8.764366e-23 -4.716163e-21 1.009537e-17 1.269601e+01
253000 5.066063e-22 -3.509021e-21 1.013700e-17 7.338669e+01
254000 3.193298e-23 -2.777026e-21 1.017726e-17 4.625792e+00
255000 2.322972e-21 -8.764614e-21 1.021356e-17 3.365044e+02
256000 2.126791e-21 -1.020252e-20 1.027092e-17 3.080857e+02
257000 6.784779e-22 -7.401525e-21 1.029355e-17 9.828391e+01
258000 4.469927e-21 -7.839104e-21 1.034000e-17 6.475111e+02
259000 1.869454e-21 -4.065243e-21 1.037793e-17 2.708081e+02
260000 7.879893e-22 -9.082709e-21 1.042061e-17 1.141477e+02
261000 3.392930e-22 -3.235111e-21 1.046205e-17 4.914979e+01
262000 5.598128e-22 -1.312065e-21 1.049946e-17 8.109416e+01
263000 4.201385e-21 -6.381319e-22 1.054433e-17 6.086102e+02
264000 1.683173e-28 -3.127878e-22 1.058014e-17 2.438234e-05
265000 7.333330e-21 -8.268661e-23 1.062989e-17 1.062302e+03
266000 6.057382e-21 -2.196461e-20 1.064412e-17 8.774688e+02
267000 4.082176e-22 -1.812850e-20 1.070095e-17 5.913416e+01
268000 3.260564e-21 -4.096384e-20 1.070321e-17 4.723234e+02
269000 2.513102e-21 -3.963554e-20 1.074288e-17 3.640464e+02
270000 4.429122e-21 -4.022889e-20 1.078487e-17 6.415999e+02
271000 3.520667e-24 -4.075476e-20 1.082024e-17 5.100018e-01
272000 1.691925e-21 -3.597128e-20 1.086572e-17 2.450913e+02
273000 2.847031e-25 -3.484749e-20 1.090530e-17 4.124192e-02
274000 2.109544e-22 -3.009143e-20 1.095012e-17 3.055874e+01
275000 2.886840e-21 -2.723167e-20 1.099566e-17 4.181859e+02
276000 1.161029e-21 -2.553563e-20 1.103611e-17 1.681859e+02
277000 7.534224e-22 -4.109580e-20 1.106422e-17 1.091403e+02
278000 3.860316e-22 -3.663341e-20 1.110672e-17 5.592031e+01
279000 6.079461e-22 -3.810918e-20 1.114376e-17 8.806671e+01
280000 7.751809e-22 -3.994038e-20 1.118632e-17 1.122923e+02
281000 6.225967e-22 -3.186631e-20 1.122879e-17 9.018899e+01
282000 1.093727e-21 -3.857514e-20 1.126253e-17 1.584366e+02
283000 1.506738e-22 -3.679925e-20 1.130335e-17 2.182652e+01
284000 6.426804e-22 -3.587623e-20 1.134516e-17 9.309830e+01
285000 1.939180e-21 -3.899672e-20 1.138403e-17 2.809085e+02
286000 2.649103e-22 -4.083260e-20 1.142040e-17 3.837475e+01
287000 2.977311e-21 -4.106551e-20 1.146760e-17 4.312916e+02
288000 2.873893e-21 -3.983798e-20 1.150463e-17 4.163104e+02
289000 1.198595e-22 -3.353894e-20 1.154669e-17 1.736277e+01
290000 5.810661e-23 -3.696074e-20 1.159942e-17 8.417289e+00
291000 2.604406e-21 -3.752778e-20 1.162987e-17 3.772726e+02
292000 1.045524e-21 -3.640394e-20 1.167022e-17 1.514540e+02
293000 5.411610e-25 -4.091895e-20 1.170967e-17 7.839227e-02
294000 3.552434e-22 -3.919254e-20 1.174453e-17 5.146035e+01
295000 5.982892e-22 -4.087741e-20 1.179015e-17 8.666781e+01
296000 1.299282e-23 -3.799204e-20 1.184259e-17 1.882133e+00
297000 5.952237e-23 -3.557920e-20 1.187778e-17 8.622376e+00
298000 6.513077e-22 -3.250671e-20 1.191708e-17 9.434805e+01
299000 3.571332e-21 -3.426678e-20 1.195999e-17 5.173410e+02
300000 1.229795e-20 -2.805440e-20 1.201183e-17 1.781474e+03
301000 4.258277e-21 -2.008716e-20 1.204417e-17 6.168516e+02
302000 8.089936e-22 -1.790701e-20 1.208336e-17 1.171903e+02
303000 1.588527e-21 -7.333567e-21 1.213425e-17 2.301130e+02
304000 2.026345e-21 -2.432807e-20 1.216140e-17 2.935351e+02
305000 3.241809e-21 -2.185132e-20 1.220269e-17 4.696066e+02
306000 1.096236e-22 -1.674405e-20 1.225085e-17 1.588001e+01
307000 1.379404e-21 -4.725047e-22 1.230091e-17 1.998197e+02
308000 3.988486e-22 -4.480999e-21 1.233647e-17 5.777698e+01
309000 3.351939e-21 -1.301859e-20 1.237034e-17 4.855599e+02
310000 6.334523e-22 -2.374156e-21 1.242640e-17 9.176152e+01
311000 5.179405e-22 -3.031743e-20 1.244856e-17 7.502855e+01
312000 2.299302e-21 -4.024244e-20 1.248472e-17 3.330756e+02
313000 2.669585e-21 -4.044916e-20 1.252096e-17 3.867145e+02
314000 5.417011e-22 -3.877660e-20 1.256477e-17 7.847050e+01
315000 8.615827e-22 -2.588701e-20 1.261522e-17 1.248084e+02
316000 8.964016e-22 -3.878707e-20 1.264069e-17 1.298522e+02
317000 1.147909e-20 -3.727275e-20 1.268553e-17 1.662854e+03
318000 5.543049e-22 -3.396876e-20 1.272885e-17 8.029628e+01
319000 9.270299e-21 -3.195600e-20 1.277891e-17 1.342890e+03
320000 5.679248e-22 -3.832756e-20 1.279177e-17 8.226925e+01
321000 3.382050e-21 -3.562449e-20 1.284356e-17 4.899217e+02
322000 1.825428e-22 -3.958041e-20 1.287956e-17 2.644305e+01
323000 5.425350e-23 -3.992353e-20 1.292136e-17 7.859130e+00
324000 1.068517e-23 -3.486483e-20 1.296117e-17 1.547847e+00
325000 4.560432e-23 -3.632619e-20 1.300792e-17 6.606215e+00
326000 4.700284e-24 -3.437084e-20 1.305597e-17 6.808803e-01
327000 5.492805e-21 -4.047868e-20 1.308116e-17 7.956845e+02
328000 7.578072e-22 -4.108191e-20 1.312195e-17 1.097755e+02
329000 2.488244e-21 -4.107315e-20 1.316721e-17 3.604456e+02
330000 3.365780e-21 -3.949949e-20 1.320428e-17 4.875650e+02
331000 1.907197e-24 -4.100252e-20 1.323973e-17 2.762755e-01
332000 5.714359e-23 -4.006711e-20 1.328393e-17 8.277787e+00
333000 3.755982e-21 -3.960526e-20 1.334321e-17 5.440894e+02
334000 2.405971e-23 -1.416493e-20 1.336586e-17 3.485275e+00
335000 2.135038e-22 -1.543952e-20 1.340539e-17 3.092804e+01
336000 6.681563e-23 -1.735160e-20 1.344552e-17 9.678873e+00
337000 3.057144e-21 -1.230688e-20 1.349075e-17 4.428561e+02
338000 1.177932e-21 -1.010119e-20 1.353108e-17 1.706345e+02
339000 7.738180e-23 -6.610447e-21 1.357347e-17 1.120948e+01
340000 1.556909e-22 -1.144271e-20 1.360885e-17 2.255329e+01
341000 9.895222e-22 -7.893095e-21 1.365310e-17 1.433416e+02
342000 3.831490e-22 -8.742723e-21 1.369168e-17 5.550274e+01
343000 4.416575e-22 -7.267007e-21 1.373394e-17 6.397824e+01
344000 4.477434e-22 -2.567722e-21 1.377788e-17 6.485984e+01
345000 2.108295e-21 -5.662616e-21 1.381645e-17 3.054064e+02
346000 2.649384e-23 -1.765020e-21 1.385826e-17 3.837882e+00
347000 2.869868e-23 -5.241109e-21 1.389699e-17 4.157274e+00
348000 2.663612e-21 -4.451458e-21 1.393822e-17 3.858492e+02
349000 2.144373e-21 -3.692954e-21 1.397845e-17 3.106326e+02
350000 2.332217e-27 -3.129218e-21 1.401693e-17 3.378436e-04
351000 2.170713e-21 -4.686979e-21 1.406672e-17 3.144483e+02
352000 1.025181e-22 -1.329526e-20 1.408706e-17 1.485072e+01
353000 6.743847e-22 -1.684510e-20 1.413142e-17 9.769098e+01
354000 4.300727e-23 -9.635224e-21 1.417429e-17 6.230008e+00
355000 1.569032e-21 -9.202223e-21 1.422054e-17 2.272890e+02
356000 1.181867e-20 -1.086535e-20 1.426322e-17 1.712045e+03
357000 2.307586e-22 -1.289680e-20 1.429695e-17 3.342755e+01
358000 5.024068e-22 -1.183125e-20 1.434048e-17 7.277835e+01
359000 4.879135e-22 -1.451263e-20 1.437594e-17 7.067886e+01
360000 3.822806e-22 -1.394198e-20 1.442583e-17 5.537695e+01
361000 1.799020e-22 -8.421274e-21 1.446194e-17 2.606050e+01
362000 1.625344e-22 -6.190323e-21 1.449775e-17 2.354464e+01
363000 6.568835e-25 -5.030618e-21 1.455040e-17 9.515576e-02
364000 1.035052e-20 -7.435268e-22 1.458981e-17 1.499371e+03
365000 2.865229e-25 -4.103790e-21 1.462027e-17 4.150554e-02
366000 2.021665e-20 -2.123179e-21 1.467850e-17 2.928573e+03
367000 2.921707e-22 -1.996904e-21 1.469830e-17 4.232367e+01
368000 6.237725e-22 -2.228458e-22 1.474352e-17 9.035932e+01
369000 1.662306e-21 -5.865323e-24 1.479768e-17 2.408006e+02
370000 8.077635e-24 -9.006532e-22 1.482703e-17 1.170121e+00
371000 5.093601e-22 -4.411531e-21 1.486436e-17 7.378560e+01
372000 4.879415e-22 -5.221364e-21 1.489591e-17 7.068292e+01
373000 1.425270e-21 -2.011787e-20 1.494463e-17 2.064638e+02
374000 5.142931e-21 -1.524030e-21 1.498638e-17 7.450020e+02
375000 1.309341e-21 -1.745007e-21 1.502499e-17 1.896704e+02
376000 1.523585e-21 -7.199244e-21 1.507073e-17 2.207056e+02
377000 7.167566e-26 -5.854698e-21 1.509430e-17 1.038289e-02
378000 3.432750e-22 -6.277135e-21 1.513867e-17 4.972661e+01
379000 7.730338e-23 -7.355427e-22 1.519049e-17 1.119812e+01
380000 5.360677e-21 -2.955445e-21 1.523616e-17 7.765446e+02
381000 4.015401e-22 -5.333488e-21 1.527296e-17 5.816686e+01
382000 2.410531e-22 -1.292120e-20 1.529731e-17 3.491881e+01
383000 3.371723e-21 -1.089893e-20 1.534168e-17 4.884257e+02
384000 4.124207e-25 -1.251882e-20 1.539144e-17 5.974302e-02
385000 4.826025e-22 -1.531984e-20 1.542517e-17 6.990952e+01
386000 6.142370e-22 -1.510913e-20 1.548427e-17 8.897801e+01
387000 1.132153e-21 -1.107434e-20 1.551589e-17 1.640030e+02
388000 1.823735e-21 -1.281977e-20 1.556740e-17 2.641852e+02
389000 6.293319e-21 -1.466498e-20 1.560572e-17 9.116464e+02
390000 5.529309e-21 -6.184727e-21 1.564403e-17 8.009724e+02
391000 1.378355e-21 -4.959113e-21 1.567681e-17 1.996678e+02
392000 1.032000e-22 -3.752186e-21 1.570728e-17 1.494949e+01
393000 1.188248e-21 -2.072212e-21 1.575646e-17 1.721289e+02
394000 8.030460e-24 -2.520098e-21 1.578187e-17 1.163288e+00
395000 8.835986e-21 -2.249569e-21 1.584037e-17 1.279976e+03
396000 2.766792e-21 -6.603135e-21 1.588240e-17 4.007958e+02
397000 4.256679e-21 -9.509249e-21 1.590810e-17 6.166199e+02
398000 3.936253e-22 -8.296875e-21 1.593843e-17 5.702033e+01
399000 1.424257e-21 -8.248809e-21 1.599941e-17 2.063171e+02
400000 1.095739e-23 -1.124717e-20 1.605039e-17 1.587281e+00
401000 4.579940e-22 -4.101083e-20 1.607165e-17 6.634474e+01
402000 4.998166e-20 -3.797283e-20 1.614598e-17 7.240313e+03
403000 3.565967e-22 -3.110120e-20 1.614077e-17 5.165639e+01
404000 1.285223e-21 -2.793838e-20 1.618676e-17 1.861766e+02
405000 9.783862e-22 -3.028980e-20 1.623019e-17 1.417284e+02
406000 3.648002e-21 -2.391962e-20 1.627245e-17 5.284475e+02
407000 3.539531e-21 -3.337912e-20 1.630744e-17 5.127343e+02
408000 1.410047e-21 -4.103930e-20 1.635429e-17 2.042586e+02
409000 1.557508e-22 -4.109896e-20 1.639185e-17 2.256196e+01
410000 2.099932e-21 -4.080128e-20 1.644296e-17 3.041949e+02
411000 2.082844e-21 -3.161242e-20 1.647258e-17 3.017196e+02
412000 7.964633e-21 -2.533525e-20 1.651292e-17 1.153752e+03
413000 6.859608e-23 -2.722774e-20 1.655135e-17 9.936788e+00
414000 1.269048e-21 -1.758481e-20 1.658415e-17 1.838336e+02
415000 3.518093e-22 -2.870376e-20 1.663538e-17 5.096289e+01
416000 1.900804e-26 -3.963408e-20 1.666959e-17 2.753493e-03
417000 2.128362e-23 -3.820641e-20 1.669749e-17 3.083132e+00
418000 1.602466e-23 -3.842502e-20 1.674571e-17 2.321323e+00
419000 6.226288e-21 -3.605520e-20 1.678378e-17 9.019364e+02
420000 1.078055e-22 -3.679533e-20 1.681684e-17 1.561664e+01
421000 3.653271e-22 -3.564071e-20 1.687151e-17 5.292107e+01
422000 1.522326e-20 -3.916221e-20 1.693751e-17 2.205233e+03
423000 1.041441e-25 -1.912647e-20 1.695596e-17 1.508625e-02
424000 1.284726e-20 -3.012851e-20 1.701829e-17 1.861047e+03
425000 4.893293e-22 -3.600171e-20 1.704435e-17 7.088396e+01
426000 2.342366e-21 -4.024841e-20 1.708373e-17 3.393138e+02
427000 4.974868e-21 -4.109760e-20 1.712719e-17 7.206565e+02
428000 1.481503e-22 -4.060783e-20 1.716184e-17 2.146097e+01
429000 4.983828e-22 -4.105776e-20 1.720473e-17 7.219544e+01
430000 5.432919e-24 -3.754443e-20 1.722677e-17 7.870094e-01
431000 6.046124e-22 -3.707535e-20 1.727510e-17 8.758380e+01
432000 1.771975e-21 -3.643697e-20 1.731653e-17 2.566873e+02
433000 2.380600e-22 -3.690671e-20 1.737116e-17 3.448523e+01
434000 1.728434e-21 -3.979124e-20 1.740507e-17 2.503799e+02
435000 1.898081e-21 -3.445939e-20 1.744150e-17 2.749550e+02
436000 7.571790e-23 -2.495441e-20 1.747962e-17 1.096845e+01
437000 2.402921e-21 -4.039517e-20 1.752009e-17 3.480858e+02
438000 6.778749e-22 -2.974111e-20 1.756269e-17 9.819656e+01
439000 3.070481e-24 -3.164704e-20 1.760779e-17 4.447880e-01
440000 1.119005e-21 -2.326418e-20 1.764783e-17 1.620984e+02
441000 1.363283e-21 -7.406437e-21 1.769542e-17 1.974844e+02
442000 1.145150e-21 -4.829949e-21 1.772121e-17 1.658858e+02
443000 2.660198e-22 -2.784833e-21 1.777769e-17 3.853547e+01
444000 7.268549e-22 -1.451093e-20 1.782519e-17 1.052918e+02
445000 2.156407e-21 7.112201e-21 1.786796e-17 3.123758e+02
446000 3.990750e-22 3.570457e-21 1.790488e-17 5.780976e+01
447000 9.866226e-22 -3.998873e-20 1.792227e-17 1.429216e+02
448000 1.573962e-21 -2.791771e-20 1.797180e-17 2.280032e+02
449000 2.805420e-23 -2.296457e-20 1.802550e-17 4.063915e+00
450000 1.709919e-22 -4.090445e-20 1.804863e-17 2.476979e+01
451000 8.291131e-23 -4.028695e-20 1.808939e-17 1.201048e+01
452000 8.833878e-21 -3.845083e-20 1.813403e-17 1.279670e+03
453000 1.111314e-21 -3.773378e-20 1.816231e-17 1.609843e+02
454000 1.407540e-22 -4.011142e-20 1.821979e-17 2.038955e+01
455000 9.150942e-24 -2.305088e-20 1.822319e-17 1.325600e+00
456000 1.863528e-21 -2.665432e-20 1.828286e-17 2.699496e+02
457000 3.693954e-21 -2.210400e-20 1.832057e-17 5.351039e+02
458000 6.557327e-24 -1.706204e-20 1.835926e-17 9.498906e-01
459000 1.313246e-21 -1.791032e-20 1.839199e-17 1.902361e+02
460000 2.182877e-21 -2.085595e-20 1.844117e-17 3.162103e+02
461000 1.044472e-21 -1.349924e-20 1.848305e-17 1.513016e+02
462000 6.248939e-23 -1.427559e-20 1.852809e-17 9.052176e+00
463000 1.757962e-21 -1.171975e-21 1.855387e-17 2.546573e+02
464000 1.116096e-20 -1.349040e-22 1.859666e-17 1.616770e+03
465000 3.235608e-21 -1.646715e-23 1.864370e-17 4.687082e+02
466000 1.983772e-22 -8.850348e-22 1.868889e-17 2.873680e+01
467000 1.006510e-20 -3.407240e-22 1.870972e-17 1.458025e+03
468000 1.619863e-23 -4.375594e-23 1.873999e-17 2.346523e+00
469000 9.603165e-22 -5.549423e-24 1.878194e-17 1.391109e+02
470000 3.233623e-23 -3.556509e-21 1.883148e-17 4.684207e+00
471000 1.893558e-21 -1.579873e-21 1.886658e-17 2.742996e+02
472000 1.398524e-21 -5.916350e-22 1.890318e-17 2.025894e+02
473000 6.842272e-22 -7.016945e-21 1.894819e-17 9.911675e+01
474000 2.508609e-22 -7.191666e-21 1.900762e-17 3.633957e+01
475000 5.050639e-22 -1.060110e-20 1.902543e-17 7.316326e+01
476000 7.291398e-22 -1.366034e-20 1.907349e-17 1.056228e+02
477000 1.215328e-21 -1.222111e-20 1.911686e-17 1.760517e+02
478000 4.250121e-21 -1.280387e-20 1.916148e-17 6.156700e+02
479000 2.092238e-22 -3.341571e-20 1.917304e-17 3.030804e+01
480000 8.595562e-22 -2.392205e-20 1.920345e-17 1.245148e+02
481000 1.011001e-22 -2.858718e-20 1.925156e-17 1.464530e+01
482000 4.857940e-21 -3.083794e-20 1.927894e-17 7.037183e+02
483000 4.764895e-21 -3.023624e-20 1.932178e-17 6.902399e+02
484000 8.081603e-22 -3.082439e-20 1.937715e-17 1.170696e+02
485000 2.635892e-21 -3.794246e-20 1.940812e-17 3.818338e+02
486000 4.489737e-22 -3.921595e-20 1.943576e-17 6.503807e+01
487000 1.390773e-21 -3.247427e-20 1.949922e-17 2.014666e+02
488000 6.272983e-21 -1.910866e-20 1.953111e-17 9.087006e+02
489000 9.587137e-21 -2.762551e-20 1.957718e-17 1.388787e+03
490000 4.839594e-22 -2.136102e-20 1.960545e-17 7.010607e+01
491000 3.260190e-21 -3.025552e-20 1.966306e-17 4.722692e+02
492000 1.678929e-22 -3.913536e-20 1.969660e-17 2.432086e+01
493000 6.981776e-22 -3.713936e-20 1.972928e-17 1.011376e+02
494000 1.672606e-22 -3.830189e-20 1.977326e-17 2.422927e+01
495000 1.740954e-21 -2.569786e-20 1.981283e-17 2.521935e+02
496000 1.721811e-21 -2.485313e-20 1.985500e-17 2.494205e+02
497000 6.606699e-22 -2.017315e-20 1.989000e-17 9.570425e+01
498000 2.386209e-21 -2.254468e-20 1.992662e-17 3.456648e+02
499000 1.110694e-21 -2.016623e-20 1.999051e-17 1.608945e+02
500000 1.043817e-22 -1.850000e-20 2.002011e-17 1.512067e+01
501000 2.645497e-22 -1.935769e-20 2.006908e-17 3.832251e+01
502000 9.969002e-25 -2.710348e-20 2.009856e-17 1.444104e-01
503000 2.232581e-22 -2.365711e-20 2.013746e-17 3.234104e+01
504000 1.284383e-21 -2.647728e-20 2.018609e-17 1.860550e+02
505000 1.515738e-21 -2.220505e-20 2.022631e-17 2.195689e+02
506000 2.656891e-21 -3.584375e-20 2.026359e-17 3.848756e+02
507000 5.051199e-22 -3.530159e-20 2.029881e-17 7.317136e+01
508000 4.235165e-21 -3.505997e-20 2.035716e-17 6.135035e+02
509000 3.744511e-21 -4.077109e-20 2.036954e-17 5.424276e+02
510000 6.027838e-22 -3.913217e-20 2.041282e-17 8.731890e+01
511000 2.367756e-21 -4.063946e-20 2.044631e-17 3.429918e+02
512000 8.978590e-22 -4.109811e-20 2.048907e-17 1.300633e+02
513000 1.059537e-21 -4.065904e-20 2.052943e-17 1.534839e+02
514000 6.312245e-24 -4.059121e-20 2.058489e-17 9.143881e-01
515000 6.201780e-21 -2.910097e-20 2.060597e-17 8.983862e+02
516000 4.844749e-21 -2.921514e-20 2.066526e-17 7.018075e+02
517000 5.817881e-22 -4.030240e-20 2.069393e-17 8.427748e+01
518000 1.142314e-21 -3.277794e-20 2.073214e-17 1.654750e+02
519000 5.601393e-21 -3.547763e-20 2.078132e-17 8.114144e+02
520000 3.071208e-21 -3.978612e-20 2.081702e-17 4.448934e+02
521000 1.245046e-20 -3.783738e-20 2.086996e-17 1.803566e+03
522000 8.119102e-22 -3.117786e-20 2.088409e-17 1.176128e+02
523000 4.716177e-22 -3.418447e-20 2.093654e-17 6.831827e+01
524000 7.810521e-22 -3.346865e-20 2.098203e-17 1.131427e+02
525000 1.976591e-21 -1.860368e-20 2.102210e-17 2.863278e+02
526000 8.526606e-22 -3.723469e-20 2.105672e-17 1.235159e+02
527000 2.652440e-21 -4.082387e-20 2.108916e-17 3.842309e+02
528000 2.575458e-21 -4.100873e-20 2.112956e-17 3.730793e+02
529000 3.485764e-23 -4.071229e-20 2.117799e-17 5.049457e+00
530000 1.771468e-22 -4.094509e-20 2.121715e-17 2.566138e+01
531000 1.834020e-21 -4.094477e-20 2.125994e-17 2.656751e+02
532000 3.727199e-21 -1.130278e-20 2.129615e-17 5.399198e+02
533000 1.820156e-21 -8.555773e-21 2.134338e-17 2.636667e+02
534000 7.211559e-21 -1.489669e-20 2.137662e-17 1.044662e+03
535000 2.685879e-21 -4.084257e-20 2.143732e-17 3.890748e+02
536000 6.153382e-23 -3.843877e-20 2.144818e-17 8.913754e+00
537000 1.424832e-20 -2.369535e-20 2.150471e-17 2.064003e+03
538000 4.055992e-21 -3.112378e-20 2.154752e-17 5.875486e+02
539000 3.156554e-22 -2.624308e-20 2.158778e-17 4.572566e+01
540000 1.084982e-23 -2.719258e-20 2.162854e-17 1.571698e+00
541000 1.310609e-20 -3.482191e-20 2.167738e-17 1.898540e+03
542000 1.760687e-21 -4.109255e-20 2.171209e-17 2.550521e+02
543000 1.224370e-21 -3.604807e-20 2.174201e-17 1.773615e+02
544000 2.418159e-21 -3.677511e-20 2.179023e-17 3.502931e+02
545000 7.170863e-22 -4.102721e-20 2.182073e-17 1.038767e+02
546000 2.809358e-21 -4.109274e-20 2.186423e-17 4.069619e+02
547000 1.051857e-21 -3.920128e-20 2.191196e-17 1.523714e+02
548000 8.204447e-23 -1.015380e-20 2.194577e-17 1.188491e+01
549000 7.925515e-23 -2.150177e-20 2.198007e-17 1.148085e+01
550000 6.334864e-21 -2.284368e-20 2.202625e-17 9.176646e+02
551000 4.255136e-22 2.295906e-20 2.208338e-17 6.163965e+01
552000 4.280866e-22 2.273846e-21 2.210403e-17 6.201237e+01
553000 3.284937e-21 6.072805e-21 2.214953e-17 4.758540e+02
554000 5.180023e-22 1.364501e-20 2.219416e-17 7.503750e+01
555000 2.125374e-21 1.067776e-20 2.223475e-17 3.078804e+02
556000 1.076851e-23 -1.375410e-20 2.227017e-17 1.559920e+00
557000 6.122301e-22 -2.031693e-20 2.230969e-17 8.868729e+01
558000 1.173172e-21 -1.630489e-20 2.235156e-17 1.699449e+02
559000 1.253758e-21 1.916532e-20 2.240128e-17 1.816186e+02
560000 3.376977e-22 -6.149427e-21 2.243187e-17 4.891870e+01
561000 1.093415e-22 7.607064e-21 2.247880e-17 1.583914e+01
562000 4.605405e-21 1.100950e-20 2.253891e-17 6.671363e+02
563000 1.034884e-21 2.745847e-20 2.256883e-17 1.499126e+02
564000 4.103397e-23 1.695582e-20 2.260471e-17 5.944157e+00
565000 1.898979e-22 1.447081e-20 2.265724e-17 2.750850e+01
566000 2.794640e-23 3.351350e-20 2.269357e-17 4.048298e+00
567000 2.608350e-21 -3.194790e-20 2.271430e-17 3.778440e+02
568000 1.323835e-20 -3.610247e-20 2.277343e-17 1.917700e+03
569000 8.353249e-21 -3.775213e-20 2.279274e-17 1.210047e+03
570000 1.774798e-20 -3.884386e-20 2.284286e-17 2.570963e+03
571000 5.226453e-21 -3.950486e-20 2.287932e-17 7.571009e+02
572000 2.893718e-21 -4.109964e-20 2.292484e-17 4.191823e+02
573000 1.262035e-25 -4.090892e-20 2.295271e-17 1.828177e-02
574000 1.343912e-21 -4.041078e-20 2.299630e-17 1.946782e+02
575000 8.947215e-23 -4.105358e-20 2.303478e-17 1.296088e+01
576000 7.881581e-22 -4.088384e-20 2.308728e-17 1.141721e+02
577000 6.330767e-23 -4.007334e-20 2.311198e-17 9.170712e+00
578000 1.178022e-22 -3.980742e-20 2.316192e-17 1.706475e+01
579000 7.357070e-22 -3.822434e-20 2.319578e-17 1.065741e+02
580000 4.217096e-22 -3.876056e-20 2.323918e-17 6.108861e+01
581000 2.677363e-20 -2.296314e-20 2.330646e-17 3.878412e+03
582000 3.309283e-22 -4.079108e-20 2.332615e-17 4.793808e+01
583000 8.019355e-23 -1.049196e-20 2.336607e-17 1.161679e+01
584000 2.107282e-21 -3.285687e-20 2.340177e-17 3.052597e+02
585000 2.359449e-23 -3.098976e-20 2.344654e-17 3.417884e+00
586000 7.416299e-22 -1.470886e-20 2.348529e-17 1.074321e+02
587000 3.021546e-21 -2.105034e-20 2.353291e-17 4.376993e+02
588000 1.803738e-23 -2.918624e-20 2.356036e-17 2.612885e+00
589000 5.032662e-21 -2.463686e-20 2.359945e-17 7.290285e+02
590000 2.190285e-21 -2.828664e-20 2.363761e-17 3.172834e+02
591000 1.298023e-22 -3.547865e-20 2.368899e-17 1.880308e+01
592000 3.626422e-21 -3.384324e-20 2.372828e-17 5.253214e+02
593000 4.349353e-21 -2.341759e-20 2.378467e-17 6.300448e+02
594000 1.953324e-21 -4.917116e-21 2.380851e-17 2.829573e+02
595000 1.421601e-22 -1.201227e-20 2.384673e-17 2.059322e+01
596000 3.057841e-21 -1.865730e-20 2.388516e-17 4.429570e+02
597000 1.725833e-22 -1.744244e-20 2.393612e-17 2.500031e+01
598000 2.228874e-22 -1.502422e-20 2.398251e-17 3.228734e+01
599000 7.326202e-22 -8.768670e-21 2.401225e-17 1.061269e+02
600000 8.659666e-23 3.761159e-21 2.403712e-17 1.254434e+01
601000 8.662504e-22 -1.518075e-21 2.408837e-17 1.254845e+02
602000 1.681800e-21 5.367239e-22 2.412823e-17 2.436246e+02
603000 7.793751e-23 8.896409e-21 2.417696e-17 1.128998e+01
604000 7.692499e-22 -1.197151e-20 2.422785e-17 1.114331e+02
605000 6.781439e-22 -3.032857e-20 2.425361e-17 9.823553e+01
606000 5.042827e-21 -2.743702e-20 2.429790e-17 7.305009e+02
607000 2.317589e-21 -2.564220e-20 2.433881e-17 3.357246e+02
608000 3.789819e-21 -3.502479e-20 2.437456e-17 5.489909e+02
609000 7.175846e-21 -4.019029e-20 2.441799e-17 1.039489e+03
610000 3.269615e-22 -3.901543e-20 2.445715e-17 4.736345e+01
611000 4.717579e-23 -1.963634e-20 2.449596e-17 6.833857e+00
612000 1.045110e-21 -4.005213e-20 2.449747e-17 1.513940e+02
613000 3.358230e-21 -4.030421e-20 2.454901e-17 4.864712e+02
614000 1.833336e-21 -2.904886e-20 2.458077e-17 2.655759e+02
615000 1.176739e-21 -2.938373e-20 2.462204e-17 1.704618e+02
616000 2.338683e-21 -3.173132e-20 2.467317e-17 3.387802e+02
617000 6.440578e-22 -1.512460e-20 2.469933e-17 9.329783e+01
618000 7.561643e-21 -1.592353e-20 2.474967e-17 1.095375e+03
619000 5.705617e-21 -1.658996e-20 2.479561e-17 8.265123e+02
620000 5.405027e-22 -8.344083e-21 2.483973e-17 7.829690e+01
621000 7.781376e-24 -7.855441e-21 2.487662e-17 1.127206e+00
622000 5.977897e-21 -1.127881e-20 2.492081e-17 8.659546e+02
623000 2.834057e-21 -1.031194e-20 2.496068e-17 4.105399e+02
624000 9.792999e-24 -9.398622e-21 2.499937e-17 1.418608e+00
625000 1.827906e-21 -2.823080e-20 2.502812e-17 2.647894e+02
626000 1.168088e-21 -2.479083e-20 2.507424e-17 1.692086e+02
627000 2.285116e-21 -3.023328e-20 2.512222e-17 3.310205e+02
628000 7.416930e-22 -2.310021e-20 2.514691e-17 1.074412e+02
629000 6.098250e-22 -8.942843e-21 2.520486e-17 8.833889e+01
630000 3.357395e-21 -1.766630e-20 2.523566e-17 4.863502e+02
631000 4.619454e-23 -1.591057e-20 2.528363e-17 6.691713e+00
632000 3.088774e-22 -2.130461e-20 2.530567e-17 4.474380e+01
633000 1.332721e-21 -1.870848e-20 2.535490e-17 1.930572e+02
634000 6.597903e-21 -2.547231e-20 2.540003e-17 9.557683e+02
635000 2.012875e-21 -1.725319e-20 2.544319e-17 2.915839e+02
636000 3.079879e-21 -1.103873e-20 2.549404e-17 4.461494e+02
637000 2.347331e-22 -2.964246e-20 2.551584e-17 3.400329e+01
638000 6.923305e-22 -2.773062e-20 2.555304e-17 1.002906e+02
639000 1.296297e-24 -2.078908e-20 2.559400e-17 1.877809e-01
640000 8.266356e-22 -3.669921e-20 2.561866e-17 1.197459e+02
641000 5.835754e-21 -3.589231e-20 2.568654e-17 8.453639e+02
642000 2.222007e-21 -3.944776e-20 2.571597e-17 3.218786e+02
643000 2.274143e-21 -4.046179e-20 2.574863e-17 3.294311e+02
644000 8.619463e-23 -4.001553e-20 2.579710e-17 1.248610e+01
645000 7.152700e-23 -3.743457e-20 2.583162e-17 1.036136e+01
646000 9.216749e-24 -3.689496e-20 2.587272e-17 1.335133e+00
647000 5.864413e-21 -3.616406e-20 2.592707e-17 8.495154e+02
648000 3.161859e-21 -4.104589e-20 2.595109e-17 4.580251e+02
649000 1.546667e-21 -3.850807e-20 2.599361e-17 2.240492e+02
650000 3.679796e-22 -4.097475e-20 2.604215e-17 5.330531e+01
651000 1.103189e-21 -3.934186e-20 2.608434e-17 1.598074e+02
652000 7.971611e-23 -3.804887e-20 2.611499e-17 1.154763e+01
653000 4.893459e-21 -3.914429e-20 2.617652e-17 7.088636e+02
654000 3.692819e-21 -3.977078e-20 2.619810e-17 5.349396e+02
655000 1.513259e-21 -4.087908e-20 2.625619e-17 2.192097e+02
656000 1.429191e-22 -4.060595e-20 2.629080e-17 2.070318e+01
657000 2.496121e-21 -4.106939e-20 2.633396e-17 3.615867e+02
658000 1.824121e-21 -4.056466e-20 2.635793e-17 2.642411e+02
659000 1.825189e-22 -4.074934e-20 2.640640e-17 2.643958e+01
660000 1.612753e-22 -4.034625e-20 2.645458e-17 2.336225e+01
661000 8.168859e-22 -3.987567e-20 2.649848e-17 1.183336e+02
662000 2.932212e-22 -3.636244e-20 2.653405e-17 4.247584e+01
663000 2.669132e-23 -3.867663e-20 2.656910e-17 3.866488e+00
664000 2.541421e-22 -3.758624e-20 2.661220e-17 3.681488e+01
665000 1.046249e-22 -3.684523e-20 2.665561e-17 1.515590e+01
666000 1.387824e-21 -2.403343e-20 2.667751e-17 2.010394e+02
667000 7.029264e-21 -2.261020e-20 2.672587e-17 1.018255e+03
668000 1.119982e-22 -2.604922e-20 2.676091e-17 1.622400e+01
669000 5.636383e-22 -2.701190e-20 2.680202e-17 8.164832e+01
670000 3.627633e-22 -2.192978e-20 2.684386e-17 5.254968e+01
671000 1.996887e-21 -1.549272e-20 2.689114e-17 2.892679e+02
672000 1.714428e-21 -4.091807e-22 2.691092e-17 2.483511e+02
673000 1.329472e-21 -8.011956e-22 2.695766e-17 1.925865e+02
674000 2.252239e-22 -2.864856e-21 2.698431e-17 3.262581e+01
675000 3.308060e-22 -9.372450e-22 2.704186e-17 4.792037e+01
676000 9.551456e-21 -1.874912e-21 2.708454e-17 1.383618e+03
677000 2.488694e-22 -6.044902e-21 2.711423e-17 3.605107e+01
678000 2.294935e-21 -5.619747e-21 2.716270e-17 3.324429e+02
679000 2.410767e-21 -6.551752e-21 2.720379e-17 3.492223e+02
680000 3.991499e-21 -3.324636e-21 2.723907e-17 5.782062e+02
681000 4.430200e-22 -1.508239e-21 2.728008e-17 6.417561e+01
682000 7.633507e-22 -1.180812e-21 2.731254e-17 1.105785e+02
683000 2.271148e-21 -9.956469e-23 2.735158e-17 3.289972e+02
684000 4.101073e-21 -2.391235e-23 2.739800e-17 5.940790e+02
685000 6.325891e-22 -2.175301e-22 2.742395e-17 9.163649e+01
686000 5.457254e-21 -6.796320e-22 2.749423e-17 7.905347e+02
687000 1.093889e-21 -2.355274e-21 2.750935e-17 1.584601e+02
688000 9.589442e-23 -3.018902e-21 2.756770e-17 1.389121e+01
689000 1.932057e-22 -3.997962e-21 2.759847e-17 2.798767e+01
690000 2.081058e-23 -4.889918e-21 2.764691e-17 3.014608e+00
691000 1.989456e-23 -5.290404e-21 2.769379e-17 2.881914e+00
692000 7.047701e-22 -6.233578e-21 2.773927e-17 1.020926e+02
693000 7.069758e-21 -1.164512e-20 2.777973e-17 1.024121e+03
694000 1.042086e-21 -1.900554e-20 2.781200e-17 1.509559e+02
695000 1.827215e-21 -1.664094e-20 2.785508e-17 2.646893e+02
696000 2.321688e-22 -2.169283e-20 2.789514e-17 3.363183e+01
697000 1.313648e-23 -1.716778e-20 2.794403e-17 1.902943e+00
698000 3.726144e-21 -2.065992e-20 2.797688e-17 5.397671e+02
699000 2.682590e-22 -3.312957e-20 2.799424e-17 3.885985e+01
700000 4.786571e-22 -3.215135e-20 2.803925e-17 6.933798e+01
701000 7.994602e-25 -3.412198e-20 2.807705e-17 1.158093e-01
702000 7.838095e-22 -3.453512e-20 2.812245e-17 1.135422e+02
703000 7.230718e-21 -3.534370e-20 2.817755e-17 1.047438e+03
704000 3.162280e-23 -3.357138e-20 2.819709e-17 4.580860e+00
705000 2.584816e-21 -3.278160e-20 2.824734e-17 3.744349e+02
706000 8.413913e-24 -3.108250e-20 2.827393e-17 1.218835e+00
707000 3.518604e-21 -3.005728e-20 2.834441e-17 5.097029e+02
708000 1.064530e-22 -2.444770e-20 2.837068e-17 1.542071e+01
709000 2.992317e-22 -2.339568e-20 2.840841e-17 4.334653e+01
710000 1.823652e-20 -2.508220e-20 2.847655e-17 2.641732e+03
711000 9.042691e-23 -2.037020e-21 2.848539e-17 1.309919e+01
712000 3.603657e-22 -2.729908e-21 2.852569e-17 5.220237e+01
713000 3.042543e-21 -1.968833e-21 2.858817e-17 4.407410e+02
714000 8.128425e-21 -1.638773e-22 2.860954e-17 1.177479e+03
715000 9.993961e-21 -4.304244e-22 2.864833e-17 1.447719e+03
716000 2.664487e-21 -2.507927e-22 2.868175e-17 3.859760e+02
717000 5.521403e-21 -4.567780e-22 2.872453e-17 7.998272e+02
718000 2.119454e-21 -8.678840e-23 2.876750e-17 3.070229e+02
719000 1.148798e-21 -1.484479e-22 2.881420e-17 1.664142e+02
720000 1.258024e-22 -1.534816e-21 2.886142e-17 1.822365e+01
721000 1.211509e-22 -1.186493e-21 2.889223e-17 1.754985e+01
722000 1.134270e-22 -5.401233e-22 2.892221e-17 1.643096e+01
723000 7.491313e-22 -3.129173e-22 2.896609e-17 1.085187e+02
724000 2.467512e-21 -6.689959e-23 2.900805e-17 3.574423e+02
725000 6.596763e-21 -2.421558e-21 2.905034e-17 9.556032e+02
726000 5.619290e-21 -7.643809e-21 2.908778e-17 8.140070e+02
727000 6.784809e-21 -4.065716e-21 2.912979e-17 9.828434e+02
728000 1.811372e-23 -1.005565e-20 2.916895e-17 2.623943e+00
729000 8.386611e-22 -3.177403e-21 2.920649e-17 1.214879e+02
730000 3.559342e-22 -2.610219e-21 2.925448e-17 5.156042e+01
731000 1.222703e-23 -5.637825e-21 2.927536e-17 1.771200e+00
732000 7.489777e-23 -1.204404e-20 2.932513e-17 1.084965e+01
733000 4.082350e-22 -1.059398e-20 2.937296e-17 5.913669e+01
734000 3.215380e-21 -1.712311e-21 2.940737e-17 4.657780e+02
735000 2.006950e-21 -1.480166e-22 2.946410e-17 2.907256e+02
736000 3.760578e-23 -9.380976e-21 2.948317e-17 5.447551e+00
737000 3.102682e-21 -4.613715e-21 2.953100e-17 4.494527e+02
738000 4.742444e-22 -6.773893e-21 2.957392e-17 6.869876e+01
739000 5.194504e-21 -8.689463e-21 2.961088e-17 7.524728e+02
740000 9.238034e-22 -1.520743e-21 2.965010e-17 1.338216e+02
741000 3.913052e-22 -1.250220e-21 2.969291e-17 5.668424e+01
742000 3.559532e-22 -6.999267e-22 2.973557e-17 5.156317e+01
743000 1.120701e-21 -5.264304e-22 2.978587e-17 1.623441e+02
744000 5.159602e-23 -5.625166e-21 2.981543e-17 7.474169e+00
745000 2.261861e-21 -2.447574e-20 2.984261e-17 3.276519e+02
746000 6.905416e-22 -2.316859e-20 2.988142e-17 1.000314e+02
747000 3.527471e-23 -1.994908e-20 2.992759e-17 5.109874e+00
748000 3.458308e-21 -2.568415e-20 2.996281e-17 5.009685e+02
749000 1.657259e-21 -2.703319e-20 3.001522e-17 2.400696e+02
750000 1.357436e-20 -2.527250e-20 3.006966e-17 1.966373e+03
751000 1.392226e-21 -2.212437e-20 3.009791e-17 2.016771e+02
752000 3.548463e-21 -1.558155e-20 3.012628e-17 5.140283e+02
753000 1.373057e-22 -2.968933e-20 3.016718e-17 1.989003e+01
754000 2.324233e-22 -2.791069e-20 3.020835e-17 3.366870e+01
755000 5.413250e-21 -2.899033e-20 3.025499e-17 7.841602e+02
756000 7.097209e-22 -3.459697e-20 3.027377e-17 1.028098e+02
757000 1.207622e-21 -3.250524e-20 3.030440e-17 1.749354e+02
758000 1.011002e-22 -3.246126e-20 3.036222e-17 1.464531e+01
759000 1.168817e-22 -3.529162e-20 3.039594e-17 1.693142e+01
760000 1.358885e-21 -3.379951e-20 3.043113e-17 1.968473e+02
761000 3.504569e-21 -3.304590e-20 3.048501e-17 5.076699e+02
762000 1.270509e-21 -3.492151e-20 3.053497e-17 1.840451e+02
763000 4.706194e-23 -2.629824e-20 3.056721e-17 6.817364e+00
764000 5.398133e-21 -2.274430e-20 3.062450e-17 7.819703e+02
765000 5.179252e-23 -2.405736e-20 3.066039e-17 7.502633e+00
766000 7.328426e-21 -1.796643e-20 3.069676e-17 1.061591e+03
767000 3.486393e-22 -1.884225e-20 3.072900e-17 5.050369e+01
768000 1.866196e-22 -1.645230e-20 3.076987e-17 2.703360e+01
769000 6.138121e-21 -2.019610e-20 3.082420e-17 8.891645e+02
770000 4.187887e-21 -3.055815e-20 3.086343e-17 6.066548e+02
771000 4.935556e-21 -3.376210e-20 3.089607e-17 7.149617e+02
772000 2.821091e-24 -3.796522e-20 3.090604e-17 4.086615e-01
773000 4.313395e-23 -3.595948e-20 3.096620e-17 6.248359e+00
774000 1.218173e-21 -3.914909e-20 3.100483e-17 1.764638e+02
775000 1.448529e-26 -4.061475e-20 3.105157e-17 2.098330e-03
776000 5.643575e-23 -4.077561e-20 3.109246e-17 8.175249e+00
777000 3.239029e-21 -4.007163e-20 3.114229e-17 4.692038e+02
778000 9.480608e-22 -4.099492e-20 3.117571e-17 1.373355e+02
779000 5.879251e-21 -4.107024e-20 3.121962e-17 8.516648e+02
780000 4.918032e-21 -4.040617e-20 3.125285e-17 7.124232e+02
781000 1.779427e-22 -4.069903e-20 3.130087e-17 2.577668e+01
782000 4.192431e-21 -4.101521e-20 3.134292e-17 6.073131e+02
783000 2.616956e-23 -4.105652e-20 3.138795e-17 3.790907e+00
784000 7.570036e-21 -2.583127e-20 3.142258e-17 1.096591e+03
785000 3.903801e-21 -3.712812e-20 3.145625e-17 5.655023e+02
786000 4.471378e-21 -3.372794e-20 3.149386e-17 6.477212e+02
787000 1.452039e-21 -3.794852e-20 3.152786e-17 2.103415e+02
788000 3.668625e-21 -3.855070e-20 3.157620e-17 5.314348e+02
789000 3.013888e-22 -3.967198e-20 3.161843e-17 4.365900e+01
790000 1.416044e-22 -3.636058e-20 3.165724e-17 2.051272e+01
791000 9.947344e-21 -1.689550e-20 3.171686e-17 1.440966e+03
792000 1.489785e-21 -3.768015e-20 3.174452e-17 2.158093e+02
793000 2.374799e-21 -3.506302e-20 3.177870e-17 3.440120e+02
794000 1.273535e-21 -3.548161e-20 3.182341e-17 1.844836e+02
795000 3.220447e-21 -3.948998e-20 3.186978e-17 4.665120e+02
796000 6.904882e-21 -4.109904e-20 3.191210e-17 1.000237e+03
797000 9.431579e-21 -4.109740e-20 3.195848e-17 1.366253e+03
798000 4.272390e-23 -3.888251e-20 3.198365e-17 6.188959e+00
799000 2.548015e-21 -3.806835e-20 3.203538e-17 3.691039e+02
800000 1.075469e-21 -4.083109e-20 3.206981e-17 1.557917e+02
801000 5.718806e-21 -3.875692e-20 3.212614e-17 8.284228e+02
802000 1.482778e-22 -4.071420e-20 3.215996e-17 2.147944e+01
803000 1.856655e-22 -2.902336e-20 3.217374e-17 2.689539e+01
804000 2.416950e-21 -3.118016e-20 3.222440e-17 3.501179e+02
805000 2.135726e-21 -3.308395e-20 3.225977e-17 3.093800e+02
806000 2.131718e-24 -2.715108e-20 3.230149e-17 3.087994e-01
807000 1.590075e-24 -2.457737e-20 3.234412e-17 2.303373e-01
808000 1.334166e-21 -3.042330e-20 3.239339e-17 1.932665e+02
809000 1.186588e-22 -4.040778e-20 3.243441e-17 1.718885e+01
810000 7.401997e-21 -3.658205e-20 3.247922e-17 1.072249e+03
811000 1.193962e-22 -1.957332e-20 3.249405e-17 1.729567e+01
812000 1.272342e-21 -2.159586e-20 3.254769e-17 1.843107e+02
813000 2.549495e-22 -1.840078e-20 3.258927e-17 3.693183e+01
814000 2.910615e-21 -3.411901e-20 3.263333e-17 4.216300e+02
815000 8.758208e-22 -2.812973e-20 3.268160e-17 1.268709e+02
816000 2.459388e-21 -4.861286e-21 3.270423e-17 3.562655e+02
817000 1.499066e-21 -1.185912e-20 3.274052e-17 2.171538e+02
818000 2.187969e-21 -1.153254e-20 3.278959e-17 3.169479e+02
819000 4.361056e-21 -9.138414e-21 3.282462e-17 6.317400e+02
820000 6.586198e-24 -1.068067e-21 3.285753e-17 9.540727e-01
821000 1.227213e-21 -1.905302e-21 3.289727e-17 1.777733e+02
822000 1.284327e-21 -1.407844e-21 3.294420e-17 1.860469e+02
823000 2.423852e-21 -2.208962e-21 3.298471e-17 3.511178e+02
824000 2.681120e-22 -3.472208e-21 3.301175e-17 3.883855e+01
825000 5.500564e-22 -7.900548e-21 3.305697e-17 7.968085e+01
826000 2.754456e-25 -8.565001e-21 3.310677e-17 3.990089e-02
827000 2.098217e-23 -4.227343e-21 3.313733e-17 3.039464e+00
828000 3.648897e-22 -9.571451e-21 3.318801e-17 5.285770e+01
829000 5.695533e-21 -1.366520e-20 3.322763e-17 8.250516e+02
830000 5.832239e-22 -2.826581e-20 3.326339e-17 8.448547e+01
831000 3.550836e-21 -2.099225e-20 3.330385e-17 5.143720e+02
832000 3.833635e-21 -2.607257e-20 3.334672e-17 5.553381e+02
833000 2.204335e-22 -1.584219e-20 3.337862e-17 3.193187e+01
834000 7.356009e-24 -1.726073e-20 3.342099e-17 1.065587e+00
835000 2.926628e-23 -2.757980e-20 3.347164e-17 4.239496e+00
836000 3.165930e-21 -2.365607e-20 3.349955e-17 4.586148e+02
837000 9.205187e-21 -2.602332e-20 3.357224e-17 1.333458e+03
838000 3.045434e-22 -3.878793e-20 3.357236e-17 4.411598e+01
839000 2.348119e-21 -3.933813e-20 3.361535e-17 3.401471e+02
840000 2.823327e-21 -2.925993e-20 3.367014e-17 4.089855e+02
841000 2.944870e-21 -3.817470e-20 3.369874e-17 4.265921e+02
842000 8.054834e-22 -3.762813e-20 3.374211e-17 1.166818e+02
843000 3.597481e-21 -3.643708e-20 3.378045e-17 5.211289e+02
844000 6.086659e-22 -3.127639e-20 3.380493e-17 8.817099e+01
845000 2.197937e-22 -3.234415e-20 3.385970e-17 3.183919e+01
846000 7.007372e-23 -3.435181e-20 3.389836e-17 1.015084e+01
847000 6.970915e-22 -3.132477e-20 3.394439e-17 1.009803e+02
848000 2.432307e-22 -3.604360e-20 3.399153e-17 3.523425e+01
849000 2.718807e-21 -3.393560e-20 3.403233e-17 3.938448e+02
850000 2.603282e-22 -3.324954e-20 3.406352e-17 3.771098e+01
851000 1.398193e-21 -3.111435e-20 3.412182e-17 2.025414e+02
852000 3.711689e-23 -2.980508e-20 3.415463e-17 5.376730e+00
853000 8.315435e-21 -2.950351e-20 3.422151e-17 1.204569e+03
854000 3.064849e-22 -4.046844e-20 3.422620e-17 4.439723e+01
855000 1.713175e-21 -4.086816e-20 3.425797e-17 2.481696e+02
856000 8.409521e-22 -4.096444e-20 3.430982e-17 1.218198e+02
857000 1.926269e-22 -3.972503e-20 3.434524e-17 2.790383e+01
858000 1.846305e-23 -3.959259e-20 3.439341e-17 2.674546e+00
859000 3.783773e-22 -3.213447e-20 3.443066e-17 5.481152e+01
860000 1.836793e-25 -4.040439e-20 3.448419e-17 2.660767e-02
861000 6.248813e-22 -3.527919e-20 3.450350e-17 9.051993e+01
862000 7.349896e-21 -3.565465e-20 3.456355e-17 1.064702e+03
863000 1.125287e-21 -3.902419e-20 3.458903e-17 1.630083e+02
864000 1.253328e-21 -3.930332e-20 3.464396e-17 1.815564e+02
865000 1.374137e-22 -3.697012e-20 3.467234e-17 1.990567e+01
866000 2.891887e-22 -3.859317e-20 3.471095e-17 4.189170e+01
867000 1.986633e-23 -3.812741e-20 3.475622e-17 2.877825e+00
868000 1.924425e-22 -3.641494e-20 3.480331e-17 2.787711e+01
869000 2.833229e-24 -3.727314e-20 3.483763e-17 4.104199e-01
870000 2.448596e-24 -3.773881e-20 3.488413e-17 3.547022e-01
871000 1.645142e-24 -4.007265e-20 3.491579e-17 2.383143e-01
872000 1.010331e-22 -4.107589e-20 3.495842e-17 1.463560e+01
873000 8.628386e-22 -4.100183e-20 3.499939e-17 1.249903e+02
874000 5.985372e-22 -4.107555e-20 3.505915e-17 8.670374e+01
875000 5.205859e-21 -3.599976e-20 3.509331e-17 7.541176e+02
876000 2.331201e-22 -2.642997e-20 3.512054e-17 3.376964e+01
877000 1.089330e-21 3.590737e-20 3.513700e-17 1.577997e+02
878000 6.514412e-21 1.878465e-20 3.518151e-17 9.436739e+02
879000 5.131072e-21 1.666721e-20 3.522466e-17 7.432840e+02
