pX pY pZ 
7.025121e-15 0.000000e+00 0.000000e+00
1.214648e-13 0.000000e+00 0.000000e+00
3.153788e-13 0.000000e+00 0.000000e+00
-1.586315e-13 0.000000e+00 0.000000e+00
1.161350e-13 0.000000e+00 0.000000e+00
2.128468e-14 0.000000e+00 0.000000e+00
-2.474691e-13 0.000000e+00 0.000000e+00
-6.769597e-15 0.000000e+00 0.000000e+00
4.175532e-14 0.000000e+00 0.000000e+00
1.548883e-13 0.000000e+00 0.000000e+00
-3.169460e-14 0.000000e+00 0.000000e+00
-6.173743e-14 0.000000e+00 0.000000e+00
-2.900529e-13 0.000000e+00 0.000000e+00
2.769479e-13 0.000000e+00 0.000000e+00
-1.052314e-13 0.000000e+00 0.000000e+00
8.613725e-14 0.000000e+00 0.000000e+00
2.440040e-14 0.000000e+00 0.000000e+00
3.368191e-14 0.000000e+00 0.000000e+00
6.622075e-15 0.000000e+00 0.000000e+00
-1.726435e-13 0.000000e+00 0.000000e+00
-4.248325e-14 0.000000e+00 0.000000e+00
-3.713672e-14 0.000000e+00 0.000000e+00
-2.325239e-14 0.000000e+00 0.000000e+00
1.296514e-13 0.000000e+00 0.000000e+00
-2.502354e-14 0.000000e+00 0.000000e+00
1.825121e-13 0.000000e+00 0.000000e+00
1.712049e-13 0.000000e+00 0.000000e+00
5.461943e-14 0.000000e+00 0.000000e+00
2.404487e-13 0.000000e+00 0.000000e+00
1.651316e-13 0.000000e+00 0.000000e+00
3.887565e-13 0.000000e+00 0.000000e+00
9.247005e-14 0.000000e+00 0.000000e+00
-2.398436e-14 0.000000e+00 0.000000e+00
-1.181971e-13 0.000000e+00 0.000000e+00
1.754090e-13 0.000000e+00 0.000000e+00
-6.806561e-15 0.000000e+00 0.000000e+00
-3.910732e-14 0.000000e+00 0.000000e+00
-1.489344e-13 0.000000e+00 0.000000e+00
3.279595e-13 0.000000e+00 0.000000e+00
2.329471e-13 0.000000e+00 0.000000e+00
-6.884572e-14 0.000000e+00 0.000000e+00
-1.333757e-13 0.000000e+00 0.000000e+00
1.170605e-13 0.000000e+00 0.000000e+00
-2.462630e-14 0.000000e+00 0.000000e+00
1.836473e-13 0.000000e+00 0.000000e+00
-6.801747e-14 0.000000e+00 0.000000e+00
-5.352696e-14 0.000000e+00 0.000000e+00
-3.441294e-14 0.000000e+00 0.000000e+00
-1.766020e-13 0.000000e+00 0.000000e+00
1.456711e-13 0.000000e+00 0.000000e+00
1.604597e-13 0.000000e+00 0.000000e+00
-1.865595e-13 0.000000e+00 0.000000e+00
-7.351850e-14 0.000000e+00 0.000000e+00
-4.653216e-14 0.000000e+00 0.000000e+00
-5.545178e-14 0.000000e+00 0.000000e+00
5.167666e-14 0.000000e+00 0.000000e+00
-3.850246e-14 0.000000e+00 0.000000e+00
3.800628e-13 0.000000e+00 0.000000e+00
3.327808e-13 0.000000e+00 0.000000e+00
2.170573e-14 0.000000e+00 0.000000e+00
-2.637344e-14 0.000000e+00 0.000000e+00
-4.961429e-14 0.000000e+00 0.000000e+00
-6.311306e-14 0.000000e+00 0.000000e+00
1.327319e-13 0.000000e+00 0.000000e+00
1.895383e-13 0.000000e+00 0.000000e+00
-2.896185e-13 0.000000e+00 0.000000e+00
4.086577e-15 0.000000e+00 0.000000e+00
-1.769140e-13 0.000000e+00 0.000000e+00
-1.690221e-13 0.000000e+00 0.000000e+00
5.679130e-14 0.000000e+00 0.000000e+00
6.741876e-15 0.000000e+00 0.000000e+00
1.710103e-13 0.000000e+00 0.000000e+00
-1.460603e-13 0.000000e+00 0.000000e+00
-1.798833e-13 0.000000e+00 0.000000e+00
-1.037040e-13 0.000000e+00 0.000000e+00
3.192025e-14 0.000000e+00 0.000000e+00
-2.363114e-13 0.000000e+00 0.000000e+00
4.495236e-14 0.000000e+00 0.000000e+00
-4.475953e-13 0.000000e+00 0.000000e+00
-1.941385e-13 0.000000e+00 0.000000e+00
-1.312037e-13 0.000000e+00 0.000000e+00
4.318380e-14 0.000000e+00 0.000000e+00
8.699863e-14 0.000000e+00 0.000000e+00
-2.071173e-13 0.000000e+00 0.000000e+00
6.243184e-14 0.000000e+00 0.000000e+00
-5.044536e-14 0.000000e+00 0.000000e+00
4.579435e-13 0.000000e+00 0.000000e+00
1.403255e-13 0.000000e+00 0.000000e+00
1.153735e-13 0.000000e+00 0.000000e+00
-3.647660e-13 0.000000e+00 0.000000e+00
-1.643040e-13 0.000000e+00 0.000000e+00
1.071805e-13 0.000000e+00 0.000000e+00
-1.114172e-13 0.000000e+00 0.000000e+00
1.305012e-13 0.000000e+00 0.000000e+00
-7.923880e-14 0.000000e+00 0.000000e+00
-3.659059e-13 0.000000e+00 0.000000e+00
-4.733968e-14 0.000000e+00 0.000000e+00
-2.206710e-13 0.000000e+00 0.000000e+00
-3.583215e-13 0.000000e+00 0.000000e+00
1.358116e-13 0.000000e+00 0.000000e+00
-1.997389e-13 0.000000e+00 0.000000e+00
-1.316661e-14 0.000000e+00 0.000000e+00
-8.427592e-14 0.000000e+00 0.000000e+00
1.466715e-13 0.000000e+00 0.000000e+00
8.828317e-14 0.000000e+00 0.000000e+00
3.328596e-13 0.000000e+00 0.000000e+00
-1.212205e-13 0.000000e+00 0.000000e+00
1.264140e-13 0.000000e+00 0.000000e+00
8.753015e-14 0.000000e+00 0.000000e+00
8.398669e-14 0.000000e+00 0.000000e+00
2.098620e-14 0.000000e+00 0.000000e+00
5.768746e-14 0.000000e+00 0.000000e+00
1.072203e-13 0.000000e+00 0.000000e+00
3.208282e-13 0.000000e+00 0.000000e+00
3.435714e-14 0.000000e+00 0.000000e+00
2.577806e-13 0.000000e+00 0.000000e+00
-1.223493e-13 0.000000e+00 0.000000e+00
-8.840006e-13 0.000000e+00 0.000000e+00
-2.624109e-13 0.000000e+00 0.000000e+00
-1.813479e-13 0.000000e+00 0.000000e+00
-9.855136e-14 0.000000e+00 0.000000e+00
2.866854e-15 0.000000e+00 0.000000e+00
-1.386295e-13 0.000000e+00 0.000000e+00
-1.423714e-13 0.000000e+00 0.000000e+00
-4.315639e-14 0.000000e+00 0.000000e+00
2.786529e-13 0.000000e+00 0.000000e+00
2.035895e-13 0.000000e+00 0.000000e+00
-5.095821e-14 0.000000e+00 0.000000e+00
-1.726720e-13 0.000000e+00 0.000000e+00
-5.231765e-14 0.000000e+00 0.000000e+00
-9.791316e-14 0.000000e+00 0.000000e+00
8.277120e-14 0.000000e+00 0.000000e+00
-1.781424e-13 0.000000e+00 0.000000e+00
-1.867050e-13 0.000000e+00 0.000000e+00
-2.703304e-13 0.000000e+00 0.000000e+00
5.054403e-14 0.000000e+00 0.000000e+00
3.134676e-14 0.000000e+00 0.000000e+00
-3.235154e-13 0.000000e+00 0.000000e+00
1.590285e-14 0.000000e+00 0.000000e+00
6.347873e-14 0.000000e+00 0.000000e+00
-5.022516e-14 0.000000e+00 0.000000e+00
8.293290e-14 0.000000e+00 0.000000e+00
-8.026250e-14 0.000000e+00 0.000000e+00
-1.094555e-13 0.000000e+00 0.000000e+00
-7.294275e-14 0.000000e+00 0.000000e+00
5.699455e-14 0.000000e+00 0.000000e+00
7.857621e-14 0.000000e+00 0.000000e+00
1.121800e-13 0.000000e+00 0.000000e+00
4.083069e-14 0.000000e+00 0.000000e+00
-3.272883e-13 0.000000e+00 0.000000e+00
-1.077279e-13 0.000000e+00 0.000000e+00
-4.512738e-14 0.000000e+00 0.000000e+00
-9.725213e-15 0.000000e+00 0.000000e+00
-2.814133e-13 0.000000e+00 0.000000e+00
-5.261744e-14 0.000000e+00 0.000000e+00
-1.722641e-15 0.000000e+00 0.000000e+00
1.676578e-13 0.000000e+00 0.000000e+00
2.453213e-14 0.000000e+00 0.000000e+00
-3.438403e-14 0.000000e+00 0.000000e+00
-3.524309e-14 0.000000e+00 0.000000e+00
-7.342103e-14 0.000000e+00 0.000000e+00
2.698966e-13 0.000000e+00 0.000000e+00
1.619164e-13 0.000000e+00 0.000000e+00
-5.373683e-14 0.000000e+00 0.000000e+00
-1.000875e-13 0.000000e+00 0.000000e+00
-1.170076e-13 0.000000e+00 0.000000e+00
1.272487e-13 0.000000e+00 0.000000e+00
9.941667e-14 0.000000e+00 0.000000e+00
-8.816979e-14 0.000000e+00 0.000000e+00
6.137142e-14 0.000000e+00 0.000000e+00
1.989020e-13 0.000000e+00 0.000000e+00
-1.598740e-13 0.000000e+00 0.000000e+00
-6.598370e-14 0.000000e+00 0.000000e+00
-3.623907e-14 0.000000e+00 0.000000e+00
3.035235e-13 0.000000e+00 0.000000e+00
3.429360e-13 0.000000e+00 0.000000e+00
1.372921e-13 0.000000e+00 0.000000e+00
-1.194315e-13 0.000000e+00 0.000000e+00
-3.577281e-13 0.000000e+00 0.000000e+00
3.847345e-13 0.000000e+00 0.000000e+00
3.137392e-13 0.000000e+00 0.000000e+00
8.982128e-14 0.000000e+00 0.000000e+00
-1.644452e-13 0.000000e+00 0.000000e+00
1.178815e-14 0.000000e+00 0.000000e+00
-6.199468e-14 0.000000e+00 0.000000e+00
2.581332e-14 0.000000e+00 0.000000e+00
-3.565612e-13 0.000000e+00 0.000000e+00
1.801635e-13 0.000000e+00 0.000000e+00
8.050528e-14 0.000000e+00 0.000000e+00
-4.087636e-13 0.000000e+00 0.000000e+00
1.800362e-13 0.000000e+00 0.000000e+00
-4.201927e-14 0.000000e+00 0.000000e+00
-1.090430e-13 0.000000e+00 0.000000e+00
-1.594107e-13 0.000000e+00 0.000000e+00
-6.427963e-14 0.000000e+00 0.000000e+00
-5.622632e-14 0.000000e+00 0.000000e+00
-5.540011e-14 0.000000e+00 0.000000e+00
3.984939e-14 0.000000e+00 0.000000e+00
-2.315567e-13 0.000000e+00 0.000000e+00
1.196181e-13 0.000000e+00 0.000000e+00
4.384389e-14 0.000000e+00 0.000000e+00
-3.237538e-13 0.000000e+00 0.000000e+00
6.213148e-14 0.000000e+00 0.000000e+00
1.526406e-13 0.000000e+00 0.000000e+00
1.754569e-13 0.000000e+00 0.000000e+00
1.736745e-13 0.000000e+00 0.000000e+00
-2.873338e-13 0.000000e+00 0.000000e+00
1.035858e-13 0.000000e+00 0.000000e+00
1.508824e-13 0.000000e+00 0.000000e+00
3.364251e-13 0.000000e+00 0.000000e+00
1.643542e-13 0.000000e+00 0.000000e+00
7.072045e-14 0.000000e+00 0.000000e+00
-2.684223e-14 0.000000e+00 0.000000e+00
-1.310197e-13 0.000000e+00 0.000000e+00
2.577929e-13 0.000000e+00 0.000000e+00
-6.663104e-14 0.000000e+00 0.000000e+00
2.507308e-13 0.000000e+00 0.000000e+00
1.276962e-13 0.000000e+00 0.000000e+00
-1.611978e-13 0.000000e+00 0.000000e+00
-1.165167e-13 0.000000e+00 0.000000e+00
-1.006975e-13 0.000000e+00 0.000000e+00
-8.426498e-14 0.000000e+00 0.000000e+00
-2.552869e-13 0.000000e+00 0.000000e+00
1.941471e-13 0.000000e+00 0.000000e+00
7.708696e-15 0.000000e+00 0.000000e+00
-1.810759e-13 0.000000e+00 0.000000e+00
1.966112e-14 0.000000e+00 0.000000e+00
-1.303180e-14 0.000000e+00 0.000000e+00
6.135412e-14 0.000000e+00 0.000000e+00
-1.113561e-13 0.000000e+00 0.000000e+00
-1.130447e-13 0.000000e+00 0.000000e+00
7.208614e-14 0.000000e+00 0.000000e+00
-1.351370e-13 0.000000e+00 0.000000e+00
-2.102127e-13 0.000000e+00 0.000000e+00
-6.716544e-14 0.000000e+00 0.000000e+00
3.602451e-13 0.000000e+00 0.000000e+00
1.623531e-13 0.000000e+00 0.000000e+00
-6.911121e-14 0.000000e+00 0.000000e+00
-1.975207e-13 0.000000e+00 0.000000e+00
1.185191e-13 0.000000e+00 0.000000e+00
-1.820156e-14 0.000000e+00 0.000000e+00
-5.686319e-14 0.000000e+00 0.000000e+00
-4.398168e-14 0.000000e+00 0.000000e+00
-1.059042e-13 0.000000e+00 0.000000e+00
-4.455001e-14 0.000000e+00 0.000000e+00
-3.124286e-14 0.000000e+00 0.000000e+00
1.513563e-13 0.000000e+00 0.000000e+00
-3.910945e-15 0.000000e+00 0.000000e+00
1.089735e-13 0.000000e+00 0.000000e+00
-2.351990e-13 0.000000e+00 0.000000e+00
-8.885502e-14 0.000000e+00 0.000000e+00
9.688719e-14 0.000000e+00 0.000000e+00
1.485476e-13 0.000000e+00 0.000000e+00
-2.108228e-13 0.000000e+00 0.000000e+00
-8.005459e-14 0.000000e+00 0.000000e+00
3.749261e-13 0.000000e+00 0.000000e+00
3.509063e-14 0.000000e+00 0.000000e+00
4.456622e-14 0.000000e+00 0.000000e+00
1.666937e-13 0.000000e+00 0.000000e+00
-1.211785e-14 0.000000e+00 0.000000e+00
-8.436837e-14 0.000000e+00 0.000000e+00
-1.699355e-13 0.000000e+00 0.000000e+00
4.620756e-14 0.000000e+00 0.000000e+00
4.276196e-14 0.000000e+00 0.000000e+00
-3.040392e-14 0.000000e+00 0.000000e+00
-1.396127e-13 0.000000e+00 0.000000e+00
-8.862242e-14 0.000000e+00 0.000000e+00
1.727178e-14 0.000000e+00 0.000000e+00
3.763284e-13 0.000000e+00 0.000000e+00
-1.903193e-13 0.000000e+00 0.000000e+00
-3.965034e-14 0.000000e+00 0.000000e+00
-1.428582e-13 0.000000e+00 0.000000e+00
2.944365e-13 0.000000e+00 0.000000e+00
-1.434845e-13 0.000000e+00 0.000000e+00
-1.570963e-14 0.000000e+00 0.000000e+00
9.564832e-14 0.000000e+00 0.000000e+00
1.893722e-13 0.000000e+00 0.000000e+00
1.203451e-13 0.000000e+00 0.000000e+00
-1.147633e-14 0.000000e+00 0.000000e+00
-1.614224e-13 0.000000e+00 0.000000e+00
-4.324098e-14 0.000000e+00 0.000000e+00
2.624708e-13 0.000000e+00 0.000000e+00
-2.063622e-13 0.000000e+00 0.000000e+00
1.157904e-13 0.000000e+00 0.000000e+00
3.145038e-13 0.000000e+00 0.000000e+00
-7.026203e-14 0.000000e+00 0.000000e+00
-1.840607e-13 0.000000e+00 0.000000e+00
8.356947e-14 0.000000e+00 0.000000e+00
-2.129340e-13 0.000000e+00 0.000000e+00
-1.197998e-13 0.000000e+00 0.000000e+00
5.221794e-14 0.000000e+00 0.000000e+00
-5.114196e-14 0.000000e+00 0.000000e+00
-4.580557e-13 0.000000e+00 0.000000e+00
1.956336e-13 0.000000e+00 0.000000e+00
-9.048836e-15 0.000000e+00 0.000000e+00
1.774894e-13 0.000000e+00 0.000000e+00
1.327903e-14 0.000000e+00 0.000000e+00
2.844800e-13 0.000000e+00 0.000000e+00
-1.751788e-13 0.000000e+00 0.000000e+00
-2.084066e-14 0.000000e+00 0.000000e+00
-2.432752e-13 0.000000e+00 0.000000e+00
-3.907262e-14 0.000000e+00 0.000000e+00
-1.860744e-13 0.000000e+00 0.000000e+00
1.740937e-13 0.000000e+00 0.000000e+00
5.470425e-14 0.000000e+00 0.000000e+00
7.725501e-15 0.000000e+00 0.000000e+00
-5.098025e-13 0.000000e+00 0.000000e+00
-1.665727e-13 0.000000e+00 0.000000e+00
-7.215455e-14 0.000000e+00 0.000000e+00
1.383072e-13 0.000000e+00 0.000000e+00
1.632161e-13 0.000000e+00 0.000000e+00
4.590621e-13 0.000000e+00 0.000000e+00
8.427269e-15 0.000000e+00 0.000000e+00
1.005097e-13 0.000000e+00 0.000000e+00
1.609463e-13 0.000000e+00 0.000000e+00
1.683667e-15 0.000000e+00 0.000000e+00
1.719055e-14 0.000000e+00 0.000000e+00
-3.206492e-14 0.000000e+00 0.000000e+00
3.347477e-13 0.000000e+00 0.000000e+00
-3.624921e-13 0.000000e+00 0.000000e+00
1.408777e-13 0.000000e+00 0.000000e+00
1.031220e-13 0.000000e+00 0.000000e+00
9.060745e-14 0.000000e+00 0.000000e+00
-3.866570e-13 0.000000e+00 0.000000e+00
-3.088250e-13 0.000000e+00 0.000000e+00
-3.065959e-14 0.000000e+00 0.000000e+00
3.393363e-13 0.000000e+00 0.000000e+00
-7.443703e-17 0.000000e+00 0.000000e+00
-7.628425e-14 0.000000e+00 0.000000e+00
-1.770474e-13 0.000000e+00 0.000000e+00
1.003410e-14 0.000000e+00 0.000000e+00
2.395925e-13 0.000000e+00 0.000000e+00
2.665858e-14 0.000000e+00 0.000000e+00
-8.925433e-14 0.000000e+00 0.000000e+00
-2.761350e-14 0.000000e+00 0.000000e+00
1.015785e-13 0.000000e+00 0.000000e+00
-2.801170e-13 0.000000e+00 0.000000e+00
-2.890232e-13 0.000000e+00 0.000000e+00
3.768758e-14 0.000000e+00 0.000000e+00
-1.149168e-13 0.000000e+00 0.000000e+00
-1.669213e-14 0.000000e+00 0.000000e+00
-4.375981e-14 0.000000e+00 0.000000e+00
-2.521851e-13 0.000000e+00 0.000000e+00
-2.112256e-13 0.000000e+00 0.000000e+00
-7.426306e-14 0.000000e+00 0.000000e+00
-4.960246e-15 0.000000e+00 0.000000e+00
-1.905874e-13 0.000000e+00 0.000000e+00
-4.112447e-14 0.000000e+00 0.000000e+00
3.911980e-14 0.000000e+00 0.000000e+00
-3.403092e-14 0.000000e+00 0.000000e+00
2.859965e-14 0.000000e+00 0.000000e+00
1.540594e-13 0.000000e+00 0.000000e+00
1.314773e-13 0.000000e+00 0.000000e+00
-6.525962e-14 0.000000e+00 0.000000e+00
1.228124e-13 0.000000e+00 0.000000e+00
-2.097363e-13 0.000000e+00 0.000000e+00
-2.313698e-13 0.000000e+00 0.000000e+00
2.326639e-13 0.000000e+00 0.000000e+00
1.172689e-13 0.000000e+00 0.000000e+00
3.093429e-13 0.000000e+00 0.000000e+00
1.539373e-13 0.000000e+00 0.000000e+00
-3.820205e-14 0.000000e+00 0.000000e+00
1.423178e-13 0.000000e+00 0.000000e+00
-4.522918e-14 0.000000e+00 0.000000e+00
4.678743e-14 0.000000e+00 0.000000e+00
2.391389e-13 0.000000e+00 0.000000e+00
2.981918e-13 0.000000e+00 0.000000e+00
-9.918668e-14 0.000000e+00 0.000000e+00
-1.233410e-13 0.000000e+00 0.000000e+00
1.619531e-13 0.000000e+00 0.000000e+00
1.705228e-13 0.000000e+00 0.000000e+00
5.587339e-15 0.000000e+00 0.000000e+00
-1.624690e-13 0.000000e+00 0.000000e+00
-2.024522e-13 0.000000e+00 0.000000e+00
-6.467402e-14 0.000000e+00 0.000000e+00
1.947313e-13 0.000000e+00 0.000000e+00
1.252961e-13 0.000000e+00 0.000000e+00
-6.463019e-14 0.000000e+00 0.000000e+00
1.016689e-13 0.000000e+00 0.000000e+00
-7.392140e-14 0.000000e+00 0.000000e+00
-7.597318e-14 0.000000e+00 0.000000e+00
-8.999865e-16 0.000000e+00 0.000000e+00
-8.330255e-14 0.000000e+00 0.000000e+00
1.571084e-13 0.000000e+00 0.000000e+00
4.294986e-13 0.000000e+00 0.000000e+00
3.342436e-14 0.000000e+00 0.000000e+00
-6.667113e-14 0.000000e+00 0.000000e+00
-1.090885e-13 0.000000e+00 0.000000e+00
1.328565e-13 0.000000e+00 0.000000e+00
-8.717423e-14 0.000000e+00 0.000000e+00
-2.506526e-14 0.000000e+00 0.000000e+00
-2.462528e-13 0.000000e+00 0.000000e+00
8.578618e-14 0.000000e+00 0.000000e+00
3.017368e-13 0.000000e+00 0.000000e+00
-8.042126e-15 0.000000e+00 0.000000e+00
-1.647152e-13 0.000000e+00 0.000000e+00
-7.484645e-14 0.000000e+00 0.000000e+00
-2.115643e-13 0.000000e+00 0.000000e+00
-8.377625e-14 0.000000e+00 0.000000e+00
1.267030e-13 0.000000e+00 0.000000e+00
2.961597e-14 0.000000e+00 0.000000e+00
-2.334444e-13 0.000000e+00 0.000000e+00
4.536863e-13 0.000000e+00 0.000000e+00
-2.680315e-14 0.000000e+00 0.000000e+00
-2.424459e-13 0.000000e+00 0.000000e+00
-4.831205e-14 0.000000e+00 0.000000e+00
-4.573831e-14 0.000000e+00 0.000000e+00
2.464058e-14 0.000000e+00 0.000000e+00
3.049501e-14 0.000000e+00 0.000000e+00
3.128307e-14 0.000000e+00 0.000000e+00
1.273041e-13 0.000000e+00 0.000000e+00
2.689918e-13 0.000000e+00 0.000000e+00
-1.299395e-13 0.000000e+00 0.000000e+00
-1.890311e-13 0.000000e+00 0.000000e+00
2.444490e-13 0.000000e+00 0.000000e+00
-7.628967e-14 0.000000e+00 0.000000e+00
-1.465370e-13 0.000000e+00 0.000000e+00
-1.134385e-13 0.000000e+00 0.000000e+00
-4.381871e-14 0.000000e+00 0.000000e+00
-3.897433e-14 0.000000e+00 0.000000e+00
-1.483886e-13 0.000000e+00 0.000000e+00
1.490574e-14 0.000000e+00 0.000000e+00
-1.881340e-13 0.000000e+00 0.000000e+00
-1.145423e-14 0.000000e+00 0.000000e+00
3.351521e-13 0.000000e+00 0.000000e+00
1.058226e-13 0.000000e+00 0.000000e+00
1.118969e-13 0.000000e+00 0.000000e+00
1.203057e-13 0.000000e+00 0.000000e+00
1.351678e-14 0.000000e+00 0.000000e+00
1.704834e-14 0.000000e+00 0.000000e+00
4.216980e-13 0.000000e+00 0.000000e+00
1.574322e-13 0.000000e+00 0.000000e+00
-3.749322e-13 0.000000e+00 0.000000e+00
-2.707856e-13 0.000000e+00 0.000000e+00
1.679931e-13 0.000000e+00 0.000000e+00
-2.156600e-13 0.000000e+00 0.000000e+00
5.990166e-15 0.000000e+00 0.000000e+00
1.254193e-13 0.000000e+00 0.000000e+00
1.310274e-13 0.000000e+00 0.000000e+00
-3.125336e-14 0.000000e+00 0.000000e+00
-1.440474e-13 0.000000e+00 0.000000e+00
-1.824500e-13 0.000000e+00 0.000000e+00
-2.694792e-13 0.000000e+00 0.000000e+00
-4.806918e-14 0.000000e+00 0.000000e+00
-7.934340e-14 0.000000e+00 0.000000e+00
2.051293e-13 0.000000e+00 0.000000e+00
-4.812449e-14 0.000000e+00 0.000000e+00
6.930027e-14 0.000000e+00 0.000000e+00
-1.263566e-13 0.000000e+00 0.000000e+00
9.039011e-14 0.000000e+00 0.000000e+00
4.284735e-14 0.000000e+00 0.000000e+00
1.339751e-14 0.000000e+00 0.000000e+00
5.819769e-14 0.000000e+00 0.000000e+00
1.022476e-14 0.000000e+00 0.000000e+00
-1.419315e-13 0.000000e+00 0.000000e+00
-2.841809e-14 0.000000e+00 0.000000e+00
2.924553e-13 0.000000e+00 0.000000e+00
1.850628e-13 0.000000e+00 0.000000e+00
6.851429e-14 0.000000e+00 0.000000e+00
-2.729345e-14 0.000000e+00 0.000000e+00
3.876016e-13 0.000000e+00 0.000000e+00
1.069798e-13 0.000000e+00 0.000000e+00
1.189523e-13 0.000000e+00 0.000000e+00
1.514572e-13 0.000000e+00 0.000000e+00
6.312780e-14 0.000000e+00 0.000000e+00
4.013825e-14 0.000000e+00 0.000000e+00
2.306191e-15 0.000000e+00 0.000000e+00
-1.186842e-13 0.000000e+00 0.000000e+00
6.100554e-14 0.000000e+00 0.000000e+00
-9.227643e-14 0.000000e+00 0.000000e+00
-2.078405e-13 0.000000e+00 0.000000e+00
-4.545206e-13 0.000000e+00 0.000000e+00
6.095898e-14 0.000000e+00 0.000000e+00
-1.128745e-13 0.000000e+00 0.000000e+00
1.223294e-13 0.000000e+00 0.000000e+00
-1.438001e-13 0.000000e+00 0.000000e+00
-9.426006e-14 0.000000e+00 0.000000e+00
-9.413164e-14 0.000000e+00 0.000000e+00
1.383923e-13 0.000000e+00 0.000000e+00
8.332151e-15 0.000000e+00 0.000000e+00
2.079274e-13 0.000000e+00 0.000000e+00
-4.911849e-14 0.000000e+00 0.000000e+00
-1.226850e-14 0.000000e+00 0.000000e+00
-8.351195e-14 0.000000e+00 0.000000e+00
2.723041e-13 0.000000e+00 0.000000e+00
-6.490077e-14 0.000000e+00 0.000000e+00
7.994107e-14 0.000000e+00 0.000000e+00
2.155139e-14 0.000000e+00 0.000000e+00
-9.373641e-14 0.000000e+00 0.000000e+00
9.475980e-14 0.000000e+00 0.000000e+00
-2.378599e-13 0.000000e+00 0.000000e+00
3.582191e-14 0.000000e+00 0.000000e+00
1.886628e-14 0.000000e+00 0.000000e+00
-2.917404e-13 0.000000e+00 0.000000e+00
6.019408e-14 0.000000e+00 0.000000e+00
-2.739253e-13 0.000000e+00 0.000000e+00
7.442782e-14 0.000000e+00 0.000000e+00
-8.797926e-14 0.000000e+00 0.000000e+00
-1.431433e-13 0.000000e+00 0.000000e+00
-1.939679e-13 0.000000e+00 0.000000e+00
7.216784e-14 0.000000e+00 0.000000e+00
1.315639e-13 0.000000e+00 0.000000e+00
2.677505e-14 0.000000e+00 0.000000e+00
1.389563e-13 0.000000e+00 0.000000e+00
3.908064e-13 0.000000e+00 0.000000e+00
-2.713309e-13 0.000000e+00 0.000000e+00
-1.321577e-13 0.000000e+00 0.000000e+00
1.286138e-13 0.000000e+00 0.000000e+00
-6.877819e-15 0.000000e+00 0.000000e+00
1.286772e-13 0.000000e+00 0.000000e+00
-3.103326e-13 0.000000e+00 0.000000e+00
1.039273e-13 0.000000e+00 0.000000e+00
2.064784e-13 0.000000e+00 0.000000e+00
4.456869e-14 0.000000e+00 0.000000e+00
-1.328011e-13 0.000000e+00 0.000000e+00
-1.313343e-13 0.000000e+00 0.000000e+00
-1.219764e-13 0.000000e+00 0.000000e+00
1.858558e-13 0.000000e+00 0.000000e+00
6.849200e-14 0.000000e+00 0.000000e+00
-4.014816e-14 0.000000e+00 0.000000e+00
3.433425e-14 0.000000e+00 0.000000e+00
6.125299e-14 0.000000e+00 0.000000e+00
-4.891474e-14 0.000000e+00 0.000000e+00
3.394377e-13 0.000000e+00 0.000000e+00
-1.084269e-13 0.000000e+00 0.000000e+00
-4.801690e-14 0.000000e+00 0.000000e+00
1.923890e-14 0.000000e+00 0.000000e+00
-1.847313e-13 0.000000e+00 0.000000e+00
7.038699e-15 0.000000e+00 0.000000e+00
-2.199959e-13 0.000000e+00 0.000000e+00
9.956329e-14 0.000000e+00 0.000000e+00
-5.293037e-14 0.000000e+00 0.000000e+00
-1.614791e-14 0.000000e+00 0.000000e+00
1.055698e-13 0.000000e+00 0.000000e+00
-1.051430e-13 0.000000e+00 0.000000e+00
-1.257948e-13 0.000000e+00 0.000000e+00
4.627550e-14 0.000000e+00 0.000000e+00
3.135238e-13 0.000000e+00 0.000000e+00
-1.306996e-13 0.000000e+00 0.000000e+00
1.443969e-13 0.000000e+00 0.000000e+00
3.960614e-14 0.000000e+00 0.000000e+00
3.958016e-13 0.000000e+00 0.000000e+00
2.259919e-14 0.000000e+00 0.000000e+00
2.475356e-13 0.000000e+00 0.000000e+00
5.299061e-14 0.000000e+00 0.000000e+00
-2.257657e-13 0.000000e+00 0.000000e+00
8.614471e-14 0.000000e+00 0.000000e+00
1.356733e-13 0.000000e+00 0.000000e+00
-6.799109e-15 0.000000e+00 0.000000e+00
7.683696e-15 0.000000e+00 0.000000e+00
7.195095e-15 0.000000e+00 0.000000e+00
-1.623517e-13 0.000000e+00 0.000000e+00
-1.350240e-13 0.000000e+00 0.000000e+00
9.912219e-15 0.000000e+00 0.000000e+00
7.292838e-14 0.000000e+00 0.000000e+00
9.745662e-14 0.000000e+00 0.000000e+00
-2.090530e-13 0.000000e+00 0.000000e+00
-3.693458e-14 0.000000e+00 0.000000e+00
-2.266309e-14 0.000000e+00 0.000000e+00
-9.473117e-14 0.000000e+00 0.000000e+00
-7.436045e-14 0.000000e+00 0.000000e+00
-1.206319e-13 0.000000e+00 0.000000e+00
1.378736e-13 0.000000e+00 0.000000e+00
1.818825e-13 0.000000e+00 0.000000e+00
-9.416933e-14 0.000000e+00 0.000000e+00
9.045991e-14 0.000000e+00 0.000000e+00
1.425976e-13 0.000000e+00 0.000000e+00
1.290900e-13 0.000000e+00 0.000000e+00
6.494973e-13 0.000000e+00 0.000000e+00
-2.814847e-13 0.000000e+00 0.000000e+00
5.742039e-15 0.000000e+00 0.000000e+00
-1.218499e-13 0.000000e+00 0.000000e+00
2.756652e-14 0.000000e+00 0.000000e+00
-3.123923e-14 0.000000e+00 0.000000e+00
-6.547044e-14 0.000000e+00 0.000000e+00
2.081056e-13 0.000000e+00 0.000000e+00
-4.891647e-13 0.000000e+00 0.000000e+00
4.384483e-14 0.000000e+00 0.000000e+00
1.301011e-13 0.000000e+00 0.000000e+00
-2.759438e-13 0.000000e+00 0.000000e+00
-4.842089e-14 0.000000e+00 0.000000e+00
-1.198931e-14 0.000000e+00 0.000000e+00
1.118148e-13 0.000000e+00 0.000000e+00
-2.363203e-13 0.000000e+00 0.000000e+00
-9.409401e-14 0.000000e+00 0.000000e+00
4.958413e-14 0.000000e+00 0.000000e+00
-1.622462e-13 0.000000e+00 0.000000e+00
-1.624928e-13 0.000000e+00 0.000000e+00
-1.143622e-14 0.000000e+00 0.000000e+00
-2.796466e-13 0.000000e+00 0.000000e+00
1.170863e-13 0.000000e+00 0.000000e+00
-1.043254e-13 0.000000e+00 0.000000e+00
2.403797e-13 0.000000e+00 0.000000e+00
-2.796467e-13 0.000000e+00 0.000000e+00
-4.298174e-14 0.000000e+00 0.000000e+00
-3.069121e-14 0.000000e+00 0.000000e+00
5.717889e-14 0.000000e+00 0.000000e+00
1.643642e-13 0.000000e+00 0.000000e+00
-3.219679e-14 0.000000e+00 0.000000e+00
1.207082e-13 0.000000e+00 0.000000e+00
4.449462e-14 0.000000e+00 0.000000e+00
-5.714574e-14 0.000000e+00 0.000000e+00
1.069088e-13 0.000000e+00 0.000000e+00
1.831051e-13 0.000000e+00 0.000000e+00
3.944082e-13 0.000000e+00 0.000000e+00
-3.181113e-13 0.000000e+00 0.000000e+00
5.830993e-14 0.000000e+00 0.000000e+00
-4.109370e-14 0.000000e+00 0.000000e+00
-1.440440e-13 0.000000e+00 0.000000e+00
-1.902826e-13 0.000000e+00 0.000000e+00
2.156749e-13 0.000000e+00 0.000000e+00
1.885896e-14 0.000000e+00 0.000000e+00
2.015041e-14 0.000000e+00 0.000000e+00
-1.599507e-14 0.000000e+00 0.000000e+00
7.032697e-14 0.000000e+00 0.000000e+00
-1.419565e-13 0.000000e+00 0.000000e+00
-1.724663e-13 0.000000e+00 0.000000e+00
9.526218e-14 0.000000e+00 0.000000e+00
-1.004731e-14 0.000000e+00 0.000000e+00
-1.981512e-13 0.000000e+00 0.000000e+00
5.927335e-14 0.000000e+00 0.000000e+00
-2.668528e-13 0.000000e+00 0.000000e+00
-3.464741e-14 0.000000e+00 0.000000e+00
-1.427048e-13 0.000000e+00 0.000000e+00
-9.617865e-14 0.000000e+00 0.000000e+00
-1.526842e-13 0.000000e+00 0.000000e+00
-1.207959e-14 0.000000e+00 0.000000e+00
-2.145752e-13 0.000000e+00 0.000000e+00
2.030271e-14 0.000000e+00 0.000000e+00
2.238841e-13 0.000000e+00 0.000000e+00
-2.484795e-13 0.000000e+00 0.000000e+00
-1.769093e-13 0.000000e+00 0.000000e+00
-2.824748e-13 0.000000e+00 0.000000e+00
1.207021e-13 0.000000e+00 0.000000e+00
-1.582185e-13 0.000000e+00 0.000000e+00
1.514340e-13 0.000000e+00 0.000000e+00
2.565296e-14 0.000000e+00 0.000000e+00
-8.865285e-14 0.000000e+00 0.000000e+00
2.014906e-13 0.000000e+00 0.000000e+00
-1.050533e-13 0.000000e+00 0.000000e+00
-2.098321e-13 0.000000e+00 0.000000e+00
-1.321421e-13 0.000000e+00 0.000000e+00
-1.744805e-13 0.000000e+00 0.000000e+00
1.415138e-13 0.000000e+00 0.000000e+00
4.915286e-14 0.000000e+00 0.000000e+00
1.724371e-13 0.000000e+00 0.000000e+00
-1.530039e-13 0.000000e+00 0.000000e+00
2.365843e-14 0.000000e+00 0.000000e+00
6.399662e-15 0.000000e+00 0.000000e+00
1.244701e-13 0.000000e+00 0.000000e+00
-6.812574e-14 0.000000e+00 0.000000e+00
3.982271e-15 0.000000e+00 0.000000e+00
-1.954609e-14 0.000000e+00 0.000000e+00
1.935192e-13 0.000000e+00 0.000000e+00
-1.029973e-13 0.000000e+00 0.000000e+00
-3.900343e-14 0.000000e+00 0.000000e+00
2.947921e-13 0.000000e+00 0.000000e+00
2.888868e-13 0.000000e+00 0.000000e+00
1.635727e-14 0.000000e+00 0.000000e+00
-2.573820e-13 0.000000e+00 0.000000e+00
2.965682e-14 0.000000e+00 0.000000e+00
1.020032e-13 0.000000e+00 0.000000e+00
3.387026e-13 0.000000e+00 0.000000e+00
-3.190053e-13 0.000000e+00 0.000000e+00
-1.083951e-14 0.000000e+00 0.000000e+00
-2.638715e-13 0.000000e+00 0.000000e+00
2.353136e-13 0.000000e+00 0.000000e+00
-9.302920e-14 0.000000e+00 0.000000e+00
7.314623e-14 0.000000e+00 0.000000e+00
2.341979e-13 0.000000e+00 0.000000e+00
7.402654e-14 0.000000e+00 0.000000e+00
4.761216e-14 0.000000e+00 0.000000e+00
9.559047e-14 0.000000e+00 0.000000e+00
-5.128068e-14 0.000000e+00 0.000000e+00
1.305370e-13 0.000000e+00 0.000000e+00
-3.536221e-14 0.000000e+00 0.000000e+00
4.461558e-15 0.000000e+00 0.000000e+00
-5.914896e-14 0.000000e+00 0.000000e+00
-1.204993e-13 0.000000e+00 0.000000e+00
5.720117e-14 0.000000e+00 0.000000e+00
2.105952e-13 0.000000e+00 0.000000e+00
9.312206e-15 0.000000e+00 0.000000e+00
2.105780e-13 0.000000e+00 0.000000e+00
-1.761933e-13 0.000000e+00 0.000000e+00
-1.602650e-13 0.000000e+00 0.000000e+00
5.788519e-14 0.000000e+00 0.000000e+00
-2.492075e-13 0.000000e+00 0.000000e+00
-1.337062e-13 0.000000e+00 0.000000e+00
1.843587e-13 0.000000e+00 0.000000e+00
4.106372e-13 0.000000e+00 0.000000e+00
1.397243e-13 0.000000e+00 0.000000e+00
1.706180e-13 0.000000e+00 0.000000e+00
-5.829408e-14 0.000000e+00 0.000000e+00
3.665155e-14 0.000000e+00 0.000000e+00
-1.344343e-13 0.000000e+00 0.000000e+00
2.470962e-13 0.000000e+00 0.000000e+00
2.526477e-14 0.000000e+00 0.000000e+00
5.210035e-14 0.000000e+00 0.000000e+00
6.708777e-14 0.000000e+00 0.000000e+00
3.356211e-13 0.000000e+00 0.000000e+00
-6.777572e-14 0.000000e+00 0.000000e+00
-1.195908e-13 0.000000e+00 0.000000e+00
2.262769e-13 0.000000e+00 0.000000e+00
9.811749e-14 0.000000e+00 0.000000e+00
1.434309e-13 0.000000e+00 0.000000e+00
-1.172786e-13 0.000000e+00 0.000000e+00
-6.580723e-14 0.000000e+00 0.000000e+00
-4.648518e-14 0.000000e+00 0.000000e+00
-2.186359e-13 0.000000e+00 0.000000e+00
3.315028e-13 0.000000e+00 0.000000e+00
2.014093e-13 0.000000e+00 0.000000e+00
-1.384320e-13 0.000000e+00 0.000000e+00
2.429988e-13 0.000000e+00 0.000000e+00
3.706219e-14 0.000000e+00 0.000000e+00
-3.444894e-14 0.000000e+00 0.000000e+00
2.943410e-13 0.000000e+00 0.000000e+00
9.565550e-14 0.000000e+00 0.000000e+00
1.864670e-14 0.000000e+00 0.000000e+00
-9.007092e-14 0.000000e+00 0.000000e+00
-1.721523e-15 0.000000e+00 0.000000e+00
1.539002e-13 0.000000e+00 0.000000e+00
-2.280752e-13 0.000000e+00 0.000000e+00
1.842097e-13 0.000000e+00 0.000000e+00
-2.538649e-13 0.000000e+00 0.000000e+00
-1.605383e-13 0.000000e+00 0.000000e+00
1.280985e-13 0.000000e+00 0.000000e+00
2.345380e-13 0.000000e+00 0.000000e+00
7.680225e-15 0.000000e+00 0.000000e+00
-3.231906e-15 0.000000e+00 0.000000e+00
-2.175861e-14 0.000000e+00 0.000000e+00
2.303980e-13 0.000000e+00 0.000000e+00
-5.048298e-14 0.000000e+00 0.000000e+00
4.520106e-13 0.000000e+00 0.000000e+00
-4.155747e-14 0.000000e+00 0.000000e+00
1.977891e-13 0.000000e+00 0.000000e+00
-2.529111e-13 0.000000e+00 0.000000e+00
-1.363869e-14 0.000000e+00 0.000000e+00
1.839023e-13 0.000000e+00 0.000000e+00
-6.920435e-14 0.000000e+00 0.000000e+00
7.460231e-14 0.000000e+00 0.000000e+00
-7.031974e-14 0.000000e+00 0.000000e+00
-1.523574e-13 0.000000e+00 0.000000e+00
6.113570e-14 0.000000e+00 0.000000e+00
1.182240e-13 0.000000e+00 0.000000e+00
-4.350208e-15 0.000000e+00 0.000000e+00
-2.445124e-14 0.000000e+00 0.000000e+00
1.730752e-13 0.000000e+00 0.000000e+00
1.059665e-13 0.000000e+00 0.000000e+00
1.401184e-13 0.000000e+00 0.000000e+00
-1.443037e-13 0.000000e+00 0.000000e+00
-1.761057e-13 0.000000e+00 0.000000e+00
6.025618e-13 0.000000e+00 0.000000e+00
-4.731104e-14 0.000000e+00 0.000000e+00
-2.410108e-13 0.000000e+00 0.000000e+00
1.915279e-13 0.000000e+00 0.000000e+00
-2.066311e-13 0.000000e+00 0.000000e+00
-2.873520e-13 0.000000e+00 0.000000e+00
8.091631e-14 0.000000e+00 0.000000e+00
1.971895e-13 0.000000e+00 0.000000e+00
-2.113653e-13 0.000000e+00 0.000000e+00
5.356968e-16 0.000000e+00 0.000000e+00
2.211905e-13 0.000000e+00 0.000000e+00
1.982917e-13 0.000000e+00 0.000000e+00
9.409925e-14 0.000000e+00 0.000000e+00
3.477608e-13 0.000000e+00 0.000000e+00
-1.844888e-13 0.000000e+00 0.000000e+00
1.285950e-13 0.000000e+00 0.000000e+00
1.054353e-13 0.000000e+00 0.000000e+00
-3.832402e-14 0.000000e+00 0.000000e+00
-3.460378e-14 0.000000e+00 0.000000e+00
-1.386154e-13 0.000000e+00 0.000000e+00
-2.604361e-13 0.000000e+00 0.000000e+00
-1.033637e-13 0.000000e+00 0.000000e+00
-1.360918e-13 0.000000e+00 0.000000e+00
3.514325e-13 0.000000e+00 0.000000e+00
3.664406e-13 0.000000e+00 0.000000e+00
1.158095e-13 0.000000e+00 0.000000e+00
-1.833440e-13 0.000000e+00 0.000000e+00
1.077394e-13 0.000000e+00 0.000000e+00
9.014417e-14 0.000000e+00 0.000000e+00
-2.143185e-14 0.000000e+00 0.000000e+00
4.761640e-14 0.000000e+00 0.000000e+00
-2.518985e-13 0.000000e+00 0.000000e+00
-6.713841e-14 0.000000e+00 0.000000e+00
-1.949294e-13 0.000000e+00 0.000000e+00
-4.309943e-14 0.000000e+00 0.000000e+00
2.223106e-13 0.000000e+00 0.000000e+00
-2.152398e-13 0.000000e+00 0.000000e+00
-2.070930e-13 0.000000e+00 0.000000e+00
9.733224e-14 0.000000e+00 0.000000e+00
1.089440e-13 0.000000e+00 0.000000e+00
5.162585e-14 0.000000e+00 0.000000e+00
2.239402e-13 0.000000e+00 0.000000e+00
1.415830e-13 0.000000e+00 0.000000e+00
1.597893e-14 0.000000e+00 0.000000e+00
-6.926767e-14 0.000000e+00 0.000000e+00
-3.723715e-14 0.000000e+00 0.000000e+00
7.376673e-14 0.000000e+00 0.000000e+00
2.451408e-15 0.000000e+00 0.000000e+00
-5.810390e-13 0.000000e+00 0.000000e+00
4.450054e-15 0.000000e+00 0.000000e+00
-1.386762e-13 0.000000e+00 0.000000e+00
3.821033e-16 0.000000e+00 0.000000e+00
2.322845e-13 0.000000e+00 0.000000e+00
2.403510e-13 0.000000e+00 0.000000e+00
2.904722e-13 0.000000e+00 0.000000e+00
2.774311e-13 0.000000e+00 0.000000e+00
-1.204638e-13 0.000000e+00 0.000000e+00
-3.234244e-14 0.000000e+00 0.000000e+00
-8.139478e-14 0.000000e+00 0.000000e+00
-1.652972e-13 0.000000e+00 0.000000e+00
1.079778e-13 0.000000e+00 0.000000e+00
-2.109150e-13 0.000000e+00 0.000000e+00
2.140030e-13 0.000000e+00 0.000000e+00
8.257691e-14 0.000000e+00 0.000000e+00
1.975193e-13 0.000000e+00 0.000000e+00
1.551013e-13 0.000000e+00 0.000000e+00
-2.050139e-13 0.000000e+00 0.000000e+00
-1.977155e-14 0.000000e+00 0.000000e+00
6.631700e-14 0.000000e+00 0.000000e+00
-1.383666e-13 0.000000e+00 0.000000e+00
1.701100e-14 0.000000e+00 0.000000e+00
1.104259e-13 0.000000e+00 0.000000e+00
1.684349e-13 0.000000e+00 0.000000e+00
-1.899783e-13 0.000000e+00 0.000000e+00
1.752054e-13 0.000000e+00 0.000000e+00
4.295182e-14 0.000000e+00 0.000000e+00
2.856895e-13 0.000000e+00 0.000000e+00
2.632180e-13 0.000000e+00 0.000000e+00
-7.669282e-14 0.000000e+00 0.000000e+00
1.200012e-13 0.000000e+00 0.000000e+00
5.052599e-14 0.000000e+00 0.000000e+00
5.425247e-14 0.000000e+00 0.000000e+00
-1.115220e-13 0.000000e+00 0.000000e+00
1.928641e-13 0.000000e+00 0.000000e+00
5.337026e-13 0.000000e+00 0.000000e+00
-6.564925e-14 0.000000e+00 0.000000e+00
1.621432e-13 0.000000e+00 0.000000e+00
-2.858730e-13 0.000000e+00 0.000000e+00
1.985201e-14 0.000000e+00 0.000000e+00
-2.827376e-13 0.000000e+00 0.000000e+00
-4.136217e-14 0.000000e+00 0.000000e+00
1.018414e-13 0.000000e+00 0.000000e+00
2.213211e-14 0.000000e+00 0.000000e+00
3.563151e-14 0.000000e+00 0.000000e+00
5.300279e-14 0.000000e+00 0.000000e+00
-3.178572e-14 0.000000e+00 0.000000e+00
-1.811096e-13 0.000000e+00 0.000000e+00
7.842642e-14 0.000000e+00 0.000000e+00
-1.017087e-13 0.000000e+00 0.000000e+00
-1.149190e-13 0.000000e+00 0.000000e+00
1.748566e-13 0.000000e+00 0.000000e+00
-1.788427e-13 0.000000e+00 0.000000e+00
-1.961178e-13 0.000000e+00 0.000000e+00
1.698012e-13 0.000000e+00 0.000000e+00
1.303000e-13 0.000000e+00 0.000000e+00
3.487351e-14 0.000000e+00 0.000000e+00
-2.047399e-13 0.000000e+00 0.000000e+00
-1.614085e-13 0.000000e+00 0.000000e+00
2.032186e-13 0.000000e+00 0.000000e+00
4.619077e-13 0.000000e+00 0.000000e+00
-5.549780e-13 0.000000e+00 0.000000e+00
-6.009173e-14 0.000000e+00 0.000000e+00
-7.177254e-14 0.000000e+00 0.000000e+00
-5.648199e-14 0.000000e+00 0.000000e+00
7.734369e-14 0.000000e+00 0.000000e+00
3.478626e-13 0.000000e+00 0.000000e+00
2.935494e-13 0.000000e+00 0.000000e+00
-9.704855e-14 0.000000e+00 0.000000e+00
1.017108e-13 0.000000e+00 0.000000e+00
5.138964e-14 0.000000e+00 0.000000e+00
5.780091e-14 0.000000e+00 0.000000e+00
-1.644740e-13 0.000000e+00 0.000000e+00
-1.254202e-13 0.000000e+00 0.000000e+00
-1.198580e-14 0.000000e+00 0.000000e+00
-2.123241e-13 0.000000e+00 0.000000e+00
-3.466442e-14 0.000000e+00 0.000000e+00
-3.092120e-13 0.000000e+00 0.000000e+00
2.346522e-13 0.000000e+00 0.000000e+00
-8.047393e-14 0.000000e+00 0.000000e+00
-2.180286e-13 0.000000e+00 0.000000e+00
-1.800484e-13 0.000000e+00 0.000000e+00
1.469685e-13 0.000000e+00 0.000000e+00
9.746415e-14 0.000000e+00 0.000000e+00
1.030759e-14 0.000000e+00 0.000000e+00
1.603498e-13 0.000000e+00 0.000000e+00
-1.942216e-13 0.000000e+00 0.000000e+00
-1.831162e-14 0.000000e+00 0.000000e+00
6.512510e-14 0.000000e+00 0.000000e+00
1.397885e-13 0.000000e+00 0.000000e+00
-3.781499e-14 0.000000e+00 0.000000e+00
-2.774182e-14 0.000000e+00 0.000000e+00
-5.243736e-14 0.000000e+00 0.000000e+00
3.918506e-13 0.000000e+00 0.000000e+00
-4.368258e-13 0.000000e+00 0.000000e+00
2.004475e-13 0.000000e+00 0.000000e+00
-2.715060e-13 0.000000e+00 0.000000e+00
-5.462543e-14 0.000000e+00 0.000000e+00
-1.521974e-13 0.000000e+00 0.000000e+00
-7.829920e-14 0.000000e+00 0.000000e+00
-6.181308e-14 0.000000e+00 0.000000e+00
-2.438545e-15 0.000000e+00 0.000000e+00
-2.280484e-13 0.000000e+00 0.000000e+00
3.109761e-13 0.000000e+00 0.000000e+00
-1.856093e-14 0.000000e+00 0.000000e+00
-9.677923e-14 0.000000e+00 0.000000e+00
-2.782308e-13 0.000000e+00 0.000000e+00
9.085220e-14 0.000000e+00 0.000000e+00
-5.644361e-13 0.000000e+00 0.000000e+00
-7.341472e-14 0.000000e+00 0.000000e+00
1.987545e-13 0.000000e+00 0.000000e+00
-9.396304e-14 0.000000e+00 0.000000e+00
8.666753e-14 0.000000e+00 0.000000e+00
-6.364598e-14 0.000000e+00 0.000000e+00
-6.611374e-14 0.000000e+00 0.000000e+00
-8.593545e-13 0.000000e+00 0.000000e+00
1.118620e-13 0.000000e+00 0.000000e+00
-6.467704e-15 0.000000e+00 0.000000e+00
-3.223024e-13 0.000000e+00 0.000000e+00
3.805385e-14 0.000000e+00 0.000000e+00
9.645823e-14 0.000000e+00 0.000000e+00
-1.098591e-13 0.000000e+00 0.000000e+00
-8.721537e-14 0.000000e+00 0.000000e+00
-1.144012e-13 0.000000e+00 0.000000e+00
-2.778416e-13 0.000000e+00 0.000000e+00
-1.426909e-13 0.000000e+00 0.000000e+00
1.720724e-13 0.000000e+00 0.000000e+00
-2.523718e-14 0.000000e+00 0.000000e+00
-1.184051e-13 0.000000e+00 0.000000e+00
9.614785e-14 0.000000e+00 0.000000e+00
1.523696e-13 0.000000e+00 0.000000e+00
-2.889796e-13 0.000000e+00 0.000000e+00
-5.444718e-13 0.000000e+00 0.000000e+00
-6.124361e-14 0.000000e+00 0.000000e+00
2.342802e-13 0.000000e+00 0.000000e+00
-1.019787e-14 0.000000e+00 0.000000e+00
-8.465874e-14 0.000000e+00 0.000000e+00
3.613055e-13 0.000000e+00 0.000000e+00
1.244025e-13 0.000000e+00 0.000000e+00
1.059361e-13 0.000000e+00 0.000000e+00
-1.933576e-13 0.000000e+00 0.000000e+00
-7.952614e-14 0.000000e+00 0.000000e+00
7.648357e-15 0.000000e+00 0.000000e+00
1.036464e-13 0.000000e+00 0.000000e+00
-1.995597e-13 0.000000e+00 0.000000e+00
-1.000437e-14 0.000000e+00 0.000000e+00
-3.552435e-13 0.000000e+00 0.000000e+00
-1.824357e-13 0.000000e+00 0.000000e+00
2.826961e-14 0.000000e+00 0.000000e+00
1.596038e-13 0.000000e+00 0.000000e+00
-2.313606e-13 0.000000e+00 0.000000e+00
9.154584e-14 0.000000e+00 0.000000e+00
-2.504602e-13 0.000000e+00 0.000000e+00
-1.357489e-13 0.000000e+00 0.000000e+00
-1.390576e-13 0.000000e+00 0.000000e+00
3.533997e-13 0.000000e+00 0.000000e+00
9.996517e-15 0.000000e+00 0.000000e+00
-1.745382e-13 0.000000e+00 0.000000e+00
-5.896182e-14 0.000000e+00 0.000000e+00
-2.302557e-13 0.000000e+00 0.000000e+00
-3.242787e-14 0.000000e+00 0.000000e+00
-1.005496e-14 0.000000e+00 0.000000e+00
3.379803e-14 0.000000e+00 0.000000e+00
2.168009e-13 0.000000e+00 0.000000e+00
2.008779e-14 0.000000e+00 0.000000e+00
-2.282367e-13 0.000000e+00 0.000000e+00
3.109073e-14 0.000000e+00 0.000000e+00
-1.273207e-13 0.000000e+00 0.000000e+00
-2.259233e-13 0.000000e+00 0.000000e+00
7.378821e-14 0.000000e+00 0.000000e+00
2.029631e-13 0.000000e+00 0.000000e+00
2.864997e-13 0.000000e+00 0.000000e+00
-5.761137e-14 0.000000e+00 0.000000e+00
5.205697e-14 0.000000e+00 0.000000e+00
-1.722411e-14 0.000000e+00 0.000000e+00
-3.042390e-14 0.000000e+00 0.000000e+00
1.590448e-14 0.000000e+00 0.000000e+00
-1.064378e-13 0.000000e+00 0.000000e+00
-3.841872e-13 0.000000e+00 0.000000e+00
1.400032e-13 0.000000e+00 0.000000e+00
4.112142e-13 0.000000e+00 0.000000e+00
3.389073e-14 0.000000e+00 0.000000e+00
2.480726e-13 0.000000e+00 0.000000e+00
2.214265e-14 0.000000e+00 0.000000e+00
4.305151e-13 0.000000e+00 0.000000e+00
5.983304e-13 0.000000e+00 0.000000e+00
9.711080e-14 0.000000e+00 0.000000e+00
-3.513252e-13 0.000000e+00 0.000000e+00
-1.108485e-13 0.000000e+00 0.000000e+00
-4.453317e-14 0.000000e+00 0.000000e+00
1.249915e-13 0.000000e+00 0.000000e+00
1.795181e-14 0.000000e+00 0.000000e+00
1.715685e-13 0.000000e+00 0.000000e+00
5.005439e-14 0.000000e+00 0.000000e+00
1.409292e-13 0.000000e+00 0.000000e+00
9.179647e-14 0.000000e+00 0.000000e+00
-6.992160e-14 0.000000e+00 0.000000e+00
7.096586e-14 0.000000e+00 0.000000e+00
-8.425984e-14 0.000000e+00 0.000000e+00
-1.289024e-13 0.000000e+00 0.000000e+00
1.265253e-13 0.000000e+00 0.000000e+00
6.434529e-14 0.000000e+00 0.000000e+00
5.007303e-14 0.000000e+00 0.000000e+00
9.889324e-14 0.000000e+00 0.000000e+00
-2.786264e-13 0.000000e+00 0.000000e+00
-1.380461e-13 0.000000e+00 0.000000e+00
1.246885e-13 0.000000e+00 0.000000e+00
-4.842668e-14 0.000000e+00 0.000000e+00
-2.109497e-13 0.000000e+00 0.000000e+00
-1.190209e-13 0.000000e+00 0.000000e+00
1.834616e-13 0.000000e+00 0.000000e+00
-3.252064e-13 0.000000e+00 0.000000e+00
4.296876e-14 0.000000e+00 0.000000e+00
-5.608078e-14 0.000000e+00 0.000000e+00
-3.947829e-14 0.000000e+00 0.000000e+00
1.686360e-13 0.000000e+00 0.000000e+00
-2.681713e-13 0.000000e+00 0.000000e+00
2.360771e-14 0.000000e+00 0.000000e+00
1.271359e-13 0.000000e+00 0.000000e+00
-1.101987e-13 0.000000e+00 0.000000e+00
4.577464e-14 0.000000e+00 0.000000e+00
-1.067180e-13 0.000000e+00 0.000000e+00
2.656258e-15 0.000000e+00 0.000000e+00
5.184413e-14 0.000000e+00 0.000000e+00
6.854459e-15 0.000000e+00 0.000000e+00
6.392397e-14 0.000000e+00 0.000000e+00
-2.684970e-13 0.000000e+00 0.000000e+00
-1.675944e-13 0.000000e+00 0.000000e+00
-1.196246e-12 0.000000e+00 0.000000e+00
-1.287334e-13 0.000000e+00 0.000000e+00
-2.576677e-14 0.000000e+00 0.000000e+00
-1.055669e-13 0.000000e+00 0.000000e+00
-2.150987e-13 0.000000e+00 0.000000e+00
-4.776587e-13 0.000000e+00 0.000000e+00
2.910595e-13 0.000000e+00 0.000000e+00
2.749068e-13 0.000000e+00 0.000000e+00
-5.808684e-14 0.000000e+00 0.000000e+00
5.310234e-14 0.000000e+00 0.000000e+00
-1.152241e-14 0.000000e+00 0.000000e+00
1.348733e-13 0.000000e+00 0.000000e+00
-6.960482e-13 0.000000e+00 0.000000e+00
3.112869e-13 0.000000e+00 0.000000e+00
-6.269235e-14 0.000000e+00 0.000000e+00
-1.012642e-13 0.000000e+00 0.000000e+00
1.849157e-13 0.000000e+00 0.000000e+00
1.732605e-13 0.000000e+00 0.000000e+00
-2.083031e-14 0.000000e+00 0.000000e+00
3.368050e-13 0.000000e+00 0.000000e+00
2.960938e-13 0.000000e+00 0.000000e+00
1.598948e-13 0.000000e+00 0.000000e+00
-8.902927e-14 0.000000e+00 0.000000e+00
-1.650189e-12 0.000000e+00 0.000000e+00
-2.671044e-14 0.000000e+00 0.000000e+00
5.209697e-14 0.000000e+00 0.000000e+00
-8.831184e-14 0.000000e+00 0.000000e+00
-1.372314e-13 0.000000e+00 0.000000e+00
1.441225e-13 0.000000e+00 0.000000e+00
-1.859726e-13 0.000000e+00 0.000000e+00
-8.697616e-14 0.000000e+00 0.000000e+00
-1.897359e-13 0.000000e+00 0.000000e+00
2.107490e-13 0.000000e+00 0.000000e+00
-2.803822e-13 0.000000e+00 0.000000e+00
-3.686751e-13 0.000000e+00 0.000000e+00
2.266329e-14 0.000000e+00 0.000000e+00
1.350011e-13 0.000000e+00 0.000000e+00
4.494515e-13 0.000000e+00 0.000000e+00
1.109861e-13 0.000000e+00 0.000000e+00
2.082900e-13 0.000000e+00 0.000000e+00
1.954999e-13 0.000000e+00 0.000000e+00
-2.085231e-13 0.000000e+00 0.000000e+00
-1.701828e-14 0.000000e+00 0.000000e+00
1.481237e-13 0.000000e+00 0.000000e+00
-1.408310e-13 0.000000e+00 0.000000e+00
-1.872473e-13 0.000000e+00 0.000000e+00
1.958764e-13 0.000000e+00 0.000000e+00
2.399859e-13 0.000000e+00 0.000000e+00
-1.283009e-13 0.000000e+00 0.000000e+00
2.456535e-13 0.000000e+00 0.000000e+00
1.362383e-13 0.000000e+00 0.000000e+00
1.193541e-13 0.000000e+00 0.000000e+00
-1.338304e-14 0.000000e+00 0.000000e+00
4.424486e-14 0.000000e+00 0.000000e+00
1.736314e-13 0.000000e+00 0.000000e+00
7.430293e-14 0.000000e+00 0.000000e+00
5.262911e-14 0.000000e+00 0.000000e+00
6.610748e-14 0.000000e+00 0.000000e+00
1.236820e-13 0.000000e+00 0.000000e+00
-1.830758e-13 0.000000e+00 0.000000e+00
1.450158e-13 0.000000e+00 0.000000e+00
2.275140e-13 0.000000e+00 0.000000e+00
1.680173e-13 0.000000e+00 0.000000e+00
-5.529866e-15 0.000000e+00 0.000000e+00
6.102357e-14 0.000000e+00 0.000000e+00
4.509108e-14 0.000000e+00 0.000000e+00
8.148042e-14 0.000000e+00 0.000000e+00
1.932376e-13 0.000000e+00 0.000000e+00
-4.666168e-14 0.000000e+00 0.000000e+00
-6.359276e-14 0.000000e+00 0.000000e+00
-2.478305e-13 0.000000e+00 0.000000e+00
1.866472e-14 0.000000e+00 0.000000e+00
-6.012669e-14 0.000000e+00 0.000000e+00
-3.637347e-14 0.000000e+00 0.000000e+00
-1.220579e-13 0.000000e+00 0.000000e+00
8.251671e-14 0.000000e+00 0.000000e+00
-1.797676e-13 0.000000e+00 0.000000e+00
1.324823e-13 0.000000e+00 0.000000e+00
-2.234766e-13 0.000000e+00 0.000000e+00
-8.103795e-14 0.000000e+00 0.000000e+00
-1.435720e-13 0.000000e+00 0.000000e+00
-5.960146e-14 0.000000e+00 0.000000e+00
-1.196787e-13 0.000000e+00 0.000000e+00
-2.056088e-13 0.000000e+00 0.000000e+00
-2.168883e-13 0.000000e+00 0.000000e+00
4.781857e-13 0.000000e+00 0.000000e+00
-2.660929e-13 0.000000e+00 0.000000e+00
-1.444494e-13 0.000000e+00 0.000000e+00
1.789721e-13 0.000000e+00 0.000000e+00
2.256972e-13 0.000000e+00 0.000000e+00
1.776441e-13 0.000000e+00 0.000000e+00
-1.243786e-13 0.000000e+00 0.000000e+00
3.217435e-13 0.000000e+00 0.000000e+00
1.257014e-14 0.000000e+00 0.000000e+00
-2.004849e-14 0.000000e+00 0.000000e+00
-3.614162e-14 0.000000e+00 0.000000e+00
9.420987e-14 0.000000e+00 0.000000e+00
-3.053296e-13 0.000000e+00 0.000000e+00
-4.371684e-14 0.000000e+00 0.000000e+00
1.097388e-13 0.000000e+00 0.000000e+00
-3.212967e-14 0.000000e+00 0.000000e+00
2.323911e-14 0.000000e+00 0.000000e+00
-1.205983e-13 0.000000e+00 0.000000e+00
1.754710e-13 0.000000e+00 0.000000e+00
-5.734338e-14 0.000000e+00 0.000000e+00
1.595511e-13 0.000000e+00 0.000000e+00
-1.105664e-13 0.000000e+00 0.000000e+00
-8.792031e-15 0.000000e+00 0.000000e+00
-3.021316e-14 0.000000e+00 0.000000e+00
9.415173e-14 0.000000e+00 0.000000e+00
-7.948138e-14 0.000000e+00 0.000000e+00
8.900168e-14 0.000000e+00 0.000000e+00
5.704275e-14 0.000000e+00 0.000000e+00
-2.342403e-13 0.000000e+00 0.000000e+00
-2.259801e-12 0.000000e+00 0.000000e+00
-1.851771e-13 0.000000e+00 0.000000e+00
5.400538e-14 0.000000e+00 0.000000e+00
1.621735e-13 0.000000e+00 0.000000e+00
-2.584750e-13 0.000000e+00 0.000000e+00
2.148745e-13 0.000000e+00 0.000000e+00
-2.501115e-13 0.000000e+00 0.000000e+00
5.394262e-15 0.000000e+00 0.000000e+00
-5.327538e-14 0.000000e+00 0.000000e+00
2.333627e-13 0.000000e+00 0.000000e+00
6.628682e-14 0.000000e+00 0.000000e+00
-1.967089e-13 0.000000e+00 0.000000e+00
2.263819e-13 0.000000e+00 0.000000e+00
3.687326e-14 0.000000e+00 0.000000e+00
1.726408e-14 0.000000e+00 0.000000e+00
-1.066298e-13 0.000000e+00 0.000000e+00
1.684987e-13 0.000000e+00 0.000000e+00
1.727010e-13 0.000000e+00 0.000000e+00
1.026168e-13 0.000000e+00 0.000000e+00
1.901086e-13 0.000000e+00 0.000000e+00
1.465008e-13 0.000000e+00 0.000000e+00
-2.176119e-13 0.000000e+00 0.000000e+00
-5.198953e-14 0.000000e+00 0.000000e+00
5.892209e-14 0.000000e+00 0.000000e+00
-1.351805e-13 0.000000e+00 0.000000e+00
-1.262809e-13 0.000000e+00 0.000000e+00
1.538363e-13 0.000000e+00 0.000000e+00
3.022354e-13 0.000000e+00 0.000000e+00
3.226833e-13 0.000000e+00 0.000000e+00
-5.999962e-14 0.000000e+00 0.000000e+00
2.695637e-14 0.000000e+00 0.000000e+00
-8.723171e-14 0.000000e+00 0.000000e+00
-2.780066e-13 0.000000e+00 0.000000e+00
-2.910718e-14 0.000000e+00 0.000000e+00
-2.593953e-13 0.000000e+00 0.000000e+00
2.968736e-15 0.000000e+00 0.000000e+00
1.410871e-13 0.000000e+00 0.000000e+00
1.147144e-14 0.000000e+00 0.000000e+00
1.524526e-14 0.000000e+00 0.000000e+00
-3.874390e-13 0.000000e+00 0.000000e+00
-2.150357e-14 0.000000e+00 0.000000e+00
1.828033e-13 0.000000e+00 0.000000e+00
9.988351e-14 0.000000e+00 0.000000e+00
-6.762703e-14 0.000000e+00 0.000000e+00
-4.738579e-13 0.000000e+00 0.000000e+00
-9.587740e-14 0.000000e+00 0.000000e+00
2.474732e-13 0.000000e+00 0.000000e+00
6.017454e-14 0.000000e+00 0.000000e+00
3.285525e-13 0.000000e+00 0.000000e+00
5.183410e-14 0.000000e+00 0.000000e+00
-1.653611e-13 0.000000e+00 0.000000e+00
-1.250946e-13 0.000000e+00 0.000000e+00
3.067306e-13 0.000000e+00 0.000000e+00
1.594440e-13 0.000000e+00 0.000000e+00
-2.332191e-13 0.000000e+00 0.000000e+00
-2.536696e-13 0.000000e+00 0.000000e+00
8.857889e-13 0.000000e+00 0.000000e+00
-1.141559e-14 0.000000e+00 0.000000e+00
1.461332e-13 0.000000e+00 0.000000e+00
-3.134281e-13 0.000000e+00 0.000000e+00
-3.788290e-13 0.000000e+00 0.000000e+00
-1.564205e-13 0.000000e+00 0.000000e+00
-1.061155e-13 0.000000e+00 0.000000e+00
7.938557e-15 0.000000e+00 0.000000e+00
-1.879709e-13 0.000000e+00 0.000000e+00
2.121511e-13 0.000000e+00 0.000000e+00
-2.002395e-13 0.000000e+00 0.000000e+00
2.003228e-14 0.000000e+00 0.000000e+00
-1.277323e-13 0.000000e+00 0.000000e+00
1.212526e-13 0.000000e+00 0.000000e+00
-2.464120e-13 0.000000e+00 0.000000e+00
8.170604e-14 0.000000e+00 0.000000e+00
-7.331296e-14 0.000000e+00 0.000000e+00
1.520361e-13 0.000000e+00 0.000000e+00
-4.910277e-14 0.000000e+00 0.000000e+00
1.071032e-13 0.000000e+00 0.000000e+00
6.529146e-14 0.000000e+00 0.000000e+00
-1.535984e-13 0.000000e+00 0.000000e+00
-3.326086e-14 0.000000e+00 0.000000e+00
-2.356040e-13 0.000000e+00 0.000000e+00
9.674518e-15 0.000000e+00 0.000000e+00
-2.305305e-13 0.000000e+00 0.000000e+00
9.100697e-14 0.000000e+00 0.000000e+00
-5.446227e-14 0.000000e+00 0.000000e+00
-3.218038e-13 0.000000e+00 0.000000e+00
1.954715e-13 0.000000e+00 0.000000e+00
1.173789e-14 0.000000e+00 0.000000e+00
-2.746648e-13 0.000000e+00 0.000000e+00
2.593975e-13 0.000000e+00 0.000000e+00
-2.370605e-13 0.000000e+00 0.000000e+00
1.211972e-13 0.000000e+00 0.000000e+00
-4.729984e-14 0.000000e+00 0.000000e+00
-1.798137e-13 0.000000e+00 0.000000e+00
5.812196e-13 0.000000e+00 0.000000e+00
2.201022e-13 0.000000e+00 0.000000e+00
-5.122644e-14 0.000000e+00 0.000000e+00
3.064847e-14 0.000000e+00 0.000000e+00
-7.549071e-14 0.000000e+00 0.000000e+00
-1.458995e-13 0.000000e+00 0.000000e+00
2.631871e-13 0.000000e+00 0.000000e+00
1.338930e-13 0.000000e+00 0.000000e+00
-2.033656e-13 0.000000e+00 0.000000e+00
3.198518e-13 0.000000e+00 0.000000e+00
1.649456e-13 0.000000e+00 0.000000e+00
6.937222e-14 0.000000e+00 0.000000e+00
1.515011e-14 0.000000e+00 0.000000e+00
-1.172346e-14 0.000000e+00 0.000000e+00
2.220987e-14 0.000000e+00 0.000000e+00
3.033020e-15 0.000000e+00 0.000000e+00
-2.338696e-14 0.000000e+00 0.000000e+00
-2.191526e-14 0.000000e+00 0.000000e+00
2.875027e-13 0.000000e+00 0.000000e+00
1.070234e-14 0.000000e+00 0.000000e+00
4.413891e-14 0.000000e+00 0.000000e+00
9.128769e-14 0.000000e+00 0.000000e+00
-1.659566e-13 0.000000e+00 0.000000e+00
-1.159001e-13 0.000000e+00 0.000000e+00
-1.039692e-13 0.000000e+00 0.000000e+00
2.040530e-13 0.000000e+00 0.000000e+00
-2.263099e-13 0.000000e+00 0.000000e+00
1.106062e-13 0.000000e+00 0.000000e+00
2.841253e-14 0.000000e+00 0.000000e+00
-1.171207e-13 0.000000e+00 0.000000e+00
2.178151e-13 0.000000e+00 0.000000e+00
-1.509544e-15 0.000000e+00 0.000000e+00
1.619568e-13 0.000000e+00 0.000000e+00
-3.753756e-14 0.000000e+00 0.000000e+00
-7.201752e-14 0.000000e+00 0.000000e+00
6.340821e-14 0.000000e+00 0.000000e+00
2.028378e-14 0.000000e+00 0.000000e+00
-2.439341e-14 0.000000e+00 0.000000e+00
1.493973e-14 0.000000e+00 0.000000e+00
2.083125e-13 0.000000e+00 0.000000e+00
2.366624e-13 0.000000e+00 0.000000e+00
-2.244013e-13 0.000000e+00 0.000000e+00
3.238062e-13 0.000000e+00 0.000000e+00
-9.244666e-14 0.000000e+00 0.000000e+00
-1.810519e-13 0.000000e+00 0.000000e+00
-1.142535e-13 0.000000e+00 0.000000e+00
-1.564159e-13 0.000000e+00 0.000000e+00
2.312526e-13 0.000000e+00 0.000000e+00
1.818761e-16 0.000000e+00 0.000000e+00
-1.343846e-13 0.000000e+00 0.000000e+00
1.399875e-14 0.000000e+00 0.000000e+00
9.615506e-14 0.000000e+00 0.000000e+00
-9.233891e-14 0.000000e+00 0.000000e+00
-2.351429e-13 0.000000e+00 0.000000e+00
-2.272670e-13 0.000000e+00 0.000000e+00
1.141585e-13 0.000000e+00 0.000000e+00
1.789792e-13 0.000000e+00 0.000000e+00
-2.191660e-13 0.000000e+00 0.000000e+00
-6.158015e-15 0.000000e+00 0.000000e+00
-5.720026e-13 0.000000e+00 0.000000e+00
-1.342834e-13 0.000000e+00 0.000000e+00
-2.553741e-13 0.000000e+00 0.000000e+00
1.390889e-13 0.000000e+00 0.000000e+00
-3.631558e-14 0.000000e+00 0.000000e+00
-1.081653e-12 0.000000e+00 0.000000e+00
-3.033946e-14 0.000000e+00 0.000000e+00
1.512386e-14 0.000000e+00 0.000000e+00
-3.476769e-13 0.000000e+00 0.000000e+00
5.431195e-14 0.000000e+00 0.000000e+00
-2.676150e-14 0.000000e+00 0.000000e+00
-2.444861e-13 0.000000e+00 0.000000e+00
-6.839966e-15 0.000000e+00 0.000000e+00
8.074963e-14 0.000000e+00 0.000000e+00
-3.591037e-13 0.000000e+00 0.000000e+00
-1.467121e-13 0.000000e+00 0.000000e+00
7.689808e-13 0.000000e+00 0.000000e+00
6.012590e-14 0.000000e+00 0.000000e+00
4.143698e-14 0.000000e+00 0.000000e+00
1.195745e-13 0.000000e+00 0.000000e+00
-1.282624e-13 0.000000e+00 0.000000e+00
-7.220994e-14 0.000000e+00 0.000000e+00
1.284634e-14 0.000000e+00 0.000000e+00
1.704752e-13 0.000000e+00 0.000000e+00
-9.480971e-14 0.000000e+00 0.000000e+00
2.637203e-13 0.000000e+00 0.000000e+00
-2.914586e-13 0.000000e+00 0.000000e+00
2.051570e-13 0.000000e+00 0.000000e+00
1.877419e-13 0.000000e+00 0.000000e+00
-8.985052e-16 0.000000e+00 0.000000e+00
-5.551966e-14 0.000000e+00 0.000000e+00
1.309295e-14 0.000000e+00 0.000000e+00
-1.301333e-13 0.000000e+00 0.000000e+00
-1.303306e-14 0.000000e+00 0.000000e+00
-1.419504e-13 0.000000e+00 0.000000e+00
-4.295597e-14 0.000000e+00 0.000000e+00
-6.856226e-15 0.000000e+00 0.000000e+00
-1.781902e-13 0.000000e+00 0.000000e+00
4.065736e-14 0.000000e+00 0.000000e+00
-4.888422e-14 0.000000e+00 0.000000e+00
5.977606e-14 0.000000e+00 0.000000e+00
-2.355029e-13 0.000000e+00 0.000000e+00
1.582579e-13 0.000000e+00 0.000000e+00
-2.540092e-13 0.000000e+00 0.000000e+00
8.891340e-15 0.000000e+00 0.000000e+00
-2.218414e-13 0.000000e+00 0.000000e+00
3.482960e-13 0.000000e+00 0.000000e+00
-6.238956e-14 0.000000e+00 0.000000e+00
1.053682e-13 0.000000e+00 0.000000e+00
-1.622800e-13 0.000000e+00 0.000000e+00
-1.641013e-13 0.000000e+00 0.000000e+00
1.622309e-13 0.000000e+00 0.000000e+00
2.407102e-13 0.000000e+00 0.000000e+00
3.160370e-13 0.000000e+00 0.000000e+00
-2.075682e-13 0.000000e+00 0.000000e+00
-2.572575e-13 0.000000e+00 0.000000e+00
-2.999910e-14 0.000000e+00 0.000000e+00
-4.293078e-14 0.000000e+00 0.000000e+00
1.887812e-13 0.000000e+00 0.000000e+00
1.260752e-13 0.000000e+00 0.000000e+00
-1.686715e-13 0.000000e+00 0.000000e+00
-1.137790e-13 0.000000e+00 0.000000e+00
-2.245724e-13 0.000000e+00 0.000000e+00
-3.993199e-14 0.000000e+00 0.000000e+00
-1.389460e-13 0.000000e+00 0.000000e+00
-6.353627e-14 0.000000e+00 0.000000e+00
1.648839e-13 0.000000e+00 0.000000e+00
-1.048858e-13 0.000000e+00 0.000000e+00
-5.228664e-14 0.000000e+00 0.000000e+00
5.875134e-14 0.000000e+00 0.000000e+00
2.065303e-13 0.000000e+00 0.000000e+00
3.774282e-13 0.000000e+00 0.000000e+00
-3.734506e-13 0.000000e+00 0.000000e+00
-1.651280e-13 0.000000e+00 0.000000e+00
2.321794e-13 0.000000e+00 0.000000e+00
-1.775470e-13 0.000000e+00 0.000000e+00
4.662385e-13 0.000000e+00 0.000000e+00
1.873233e-13 0.000000e+00 0.000000e+00
1.144817e-13 0.000000e+00 0.000000e+00
-2.227005e-13 0.000000e+00 0.000000e+00
-1.922431e-14 0.000000e+00 0.000000e+00
1.092312e-14 0.000000e+00 0.000000e+00
1.772493e-13 0.000000e+00 0.000000e+00
-2.802558e-14 0.000000e+00 0.000000e+00
-5.872397e-14 0.000000e+00 0.000000e+00
-2.605730e-12 0.000000e+00 0.000000e+00
-1.526966e-14 0.000000e+00 0.000000e+00
1.240511e-13 0.000000e+00 0.000000e+00
-5.407615e-14 0.000000e+00 0.000000e+00
1.367122e-13 0.000000e+00 0.000000e+00
2.433977e-13 0.000000e+00 0.000000e+00
-9.809659e-14 0.000000e+00 0.000000e+00
-8.605333e-14 0.000000e+00 0.000000e+00
1.872036e-13 0.000000e+00 0.000000e+00
2.857975e-15 0.000000e+00 0.000000e+00
-6.635696e-14 0.000000e+00 0.000000e+00
-2.761375e-13 0.000000e+00 0.000000e+00
1.067694e-13 0.000000e+00 0.000000e+00
-5.348651e-13 0.000000e+00 0.000000e+00
1.420894e-13 0.000000e+00 0.000000e+00
9.153480e-14 0.000000e+00 0.000000e+00
4.863312e-13 0.000000e+00 0.000000e+00
9.105005e-14 0.000000e+00 0.000000e+00
-1.592029e-13 0.000000e+00 0.000000e+00
5.504561e-14 0.000000e+00 0.000000e+00
-5.469913e-14 0.000000e+00 0.000000e+00
-8.322245e-14 0.000000e+00 0.000000e+00
-1.188696e-13 0.000000e+00 0.000000e+00
1.418677e-13 0.000000e+00 0.000000e+00
5.016289e-13 0.000000e+00 0.000000e+00
2.871244e-14 0.000000e+00 0.000000e+00
-2.608103e-13 0.000000e+00 0.000000e+00
-3.699302e-13 0.000000e+00 0.000000e+00
1.995849e-13 0.000000e+00 0.000000e+00
5.082862e-13 0.000000e+00 0.000000e+00
-1.349561e-13 0.000000e+00 0.000000e+00
-1.618904e-13 0.000000e+00 0.000000e+00
3.590046e-13 0.000000e+00 0.000000e+00
3.437703e-13 0.000000e+00 0.000000e+00
-3.216165e-13 0.000000e+00 0.000000e+00
-6.038608e-13 0.000000e+00 0.000000e+00
-1.785203e-13 0.000000e+00 0.000000e+00
-5.331857e-13 0.000000e+00 0.000000e+00
3.160403e-13 0.000000e+00 0.000000e+00
1.067906e-13 0.000000e+00 0.000000e+00
1.083709e-13 0.000000e+00 0.000000e+00
-2.726386e-14 0.000000e+00 0.000000e+00
4.182366e-14 0.000000e+00 0.000000e+00
-3.470093e-13 0.000000e+00 0.000000e+00
8.425176e-14 0.000000e+00 0.000000e+00
-2.470835e-13 0.000000e+00 0.000000e+00
1.899678e-13 0.000000e+00 0.000000e+00
-1.286857e-13 0.000000e+00 0.000000e+00
9.154715e-14 0.000000e+00 0.000000e+00
-1.008965e-13 0.000000e+00 0.000000e+00
1.933038e-13 0.000000e+00 0.000000e+00
-1.429292e-13 0.000000e+00 0.000000e+00
1.941680e-13 0.000000e+00 0.000000e+00
-1.230047e-13 0.000000e+00 0.000000e+00
1.068666e-13 0.000000e+00 0.000000e+00
2.826791e-14 0.000000e+00 0.000000e+00
3.415708e-14 0.000000e+00 0.000000e+00
-3.116435e-13 0.000000e+00 0.000000e+00
7.714463e-14 0.000000e+00 0.000000e+00
-1.735665e-13 0.000000e+00 0.000000e+00
-3.451719e-14 0.000000e+00 0.000000e+00
-3.193612e-15 0.000000e+00 0.000000e+00
-2.160526e-13 0.000000e+00 0.000000e+00
-9.767820e-14 0.000000e+00 0.000000e+00
-2.307797e-13 0.000000e+00 0.000000e+00
1.270515e-13 0.000000e+00 0.000000e+00
-5.596377e-14 0.000000e+00 0.000000e+00
9.530004e-14 0.000000e+00 0.000000e+00
-2.360468e-13 0.000000e+00 0.000000e+00
-1.582982e-13 0.000000e+00 0.000000e+00
-2.844824e-13 0.000000e+00 0.000000e+00
1.382968e-13 0.000000e+00 0.000000e+00
2.049425e-13 0.000000e+00 0.000000e+00
2.637177e-14 0.000000e+00 0.000000e+00
-1.168244e-13 0.000000e+00 0.000000e+00
-2.554125e-13 0.000000e+00 0.000000e+00
-3.558589e-14 0.000000e+00 0.000000e+00
-3.599531e-14 0.000000e+00 0.000000e+00
-2.364891e-14 0.000000e+00 0.000000e+00
1.748565e-14 0.000000e+00 0.000000e+00
-8.860384e-15 0.000000e+00 0.000000e+00
-9.584435e-14 0.000000e+00 0.000000e+00
-2.168017e-13 0.000000e+00 0.000000e+00
-6.080544e-13 0.000000e+00 0.000000e+00
-2.988508e-13 0.000000e+00 0.000000e+00
-6.613268e-14 0.000000e+00 0.000000e+00
-1.140498e-13 0.000000e+00 0.000000e+00
1.161721e-13 0.000000e+00 0.000000e+00
-1.069538e-13 0.000000e+00 0.000000e+00
-1.280819e-12 0.000000e+00 0.000000e+00
1.403820e-13 0.000000e+00 0.000000e+00
1.947090e-13 0.000000e+00 0.000000e+00
8.375266e-14 0.000000e+00 0.000000e+00
2.946557e-13 0.000000e+00 0.000000e+00
2.432879e-13 0.000000e+00 0.000000e+00
2.621503e-13 0.000000e+00 0.000000e+00
-2.590617e-13 0.000000e+00 0.000000e+00
-9.210893e-14 0.000000e+00 0.000000e+00
2.416452e-12 0.000000e+00 0.000000e+00
2.209811e-13 0.000000e+00 0.000000e+00
-1.557113e-13 0.000000e+00 0.000000e+00
1.444902e-13 0.000000e+00 0.000000e+00
-1.077835e-12 0.000000e+00 0.000000e+00
1.494442e-13 0.000000e+00 0.000000e+00
2.637266e-13 0.000000e+00 0.000000e+00
-2.634134e-14 0.000000e+00 0.000000e+00
2.402458e-13 0.000000e+00 0.000000e+00
-1.383142e-12 0.000000e+00 0.000000e+00
9.482420e-14 0.000000e+00 0.000000e+00
1.336325e-13 0.000000e+00 0.000000e+00
2.818669e-13 0.000000e+00 0.000000e+00
-1.002500e-13 0.000000e+00 0.000000e+00
1.836982e-13 0.000000e+00 0.000000e+00
8.804105e-13 0.000000e+00 0.000000e+00
-3.740322e-13 0.000000e+00 0.000000e+00
2.103111e-13 0.000000e+00 0.000000e+00
-1.127785e-13 0.000000e+00 0.000000e+00
9.492495e-14 0.000000e+00 0.000000e+00
6.187810e-13 0.000000e+00 0.000000e+00
3.052806e-13 0.000000e+00 0.000000e+00
-4.148357e-13 0.000000e+00 0.000000e+00
-7.589436e-15 0.000000e+00 0.000000e+00
1.167576e-13 0.000000e+00 0.000000e+00
1.577397e-13 0.000000e+00 0.000000e+00
-1.383973e-13 0.000000e+00 0.000000e+00
1.973886e-13 0.000000e+00 0.000000e+00
-3.717910e-13 0.000000e+00 0.000000e+00
1.530431e-13 0.000000e+00 0.000000e+00
6.935463e-14 0.000000e+00 0.000000e+00
-2.942557e-13 0.000000e+00 0.000000e+00
-1.815105e-13 0.000000e+00 0.000000e+00
-4.536564e-15 0.000000e+00 0.000000e+00
7.414272e-14 0.000000e+00 0.000000e+00
6.028388e-15 0.000000e+00 0.000000e+00
2.592776e-14 0.000000e+00 0.000000e+00
-7.063851e-13 0.000000e+00 0.000000e+00
-1.387840e-13 0.000000e+00 0.000000e+00
2.226791e-13 0.000000e+00 0.000000e+00
-3.726469e-14 0.000000e+00 0.000000e+00
-1.234480e-13 0.000000e+00 0.000000e+00
-7.678989e-14 0.000000e+00 0.000000e+00
-7.327199e-14 0.000000e+00 0.000000e+00
-7.311692e-14 0.000000e+00 0.000000e+00
-1.215931e-13 0.000000e+00 0.000000e+00
5.986370e-14 0.000000e+00 0.000000e+00
4.365452e-14 0.000000e+00 0.000000e+00
-1.291350e-13 0.000000e+00 0.000000e+00
5.551471e-14 0.000000e+00 0.000000e+00
2.298923e-13 0.000000e+00 0.000000e+00
1.528416e-13 0.000000e+00 0.000000e+00
1.513502e-12 0.000000e+00 0.000000e+00
-3.797013e-13 0.000000e+00 0.000000e+00
1.978278e-13 0.000000e+00 0.000000e+00
1.028092e-12 0.000000e+00 0.000000e+00
2.267209e-13 0.000000e+00 0.000000e+00
2.373029e-13 0.000000e+00 0.000000e+00
-7.426474e-14 0.000000e+00 0.000000e+00
7.540937e-14 0.000000e+00 0.000000e+00
4.486153e-13 0.000000e+00 0.000000e+00
7.397256e-14 0.000000e+00 0.000000e+00
-1.372934e-13 0.000000e+00 0.000000e+00
3.326024e-14 0.000000e+00 0.000000e+00
7.292644e-14 0.000000e+00 0.000000e+00
-1.247318e-13 0.000000e+00 0.000000e+00
-2.849037e-15 0.000000e+00 0.000000e+00
-1.496579e-13 0.000000e+00 0.000000e+00
5.018297e-16 0.000000e+00 0.000000e+00
5.024018e-13 0.000000e+00 0.000000e+00
3.961995e-14 0.000000e+00 0.000000e+00
-1.561759e-13 0.000000e+00 0.000000e+00
-3.274397e-13 0.000000e+00 0.000000e+00
1.346403e-13 0.000000e+00 0.000000e+00
1.708838e-13 0.000000e+00 0.000000e+00
2.373177e-14 0.000000e+00 0.000000e+00
-7.195198e-13 0.000000e+00 0.000000e+00
3.999497e-13 0.000000e+00 0.000000e+00
3.365508e-13 0.000000e+00 0.000000e+00
5.981215e-14 0.000000e+00 0.000000e+00
-3.809612e-14 0.000000e+00 0.000000e+00
2.928637e-14 0.000000e+00 0.000000e+00
8.751752e-14 0.000000e+00 0.000000e+00
7.404998e-14 0.000000e+00 0.000000e+00
3.049753e-14 0.000000e+00 0.000000e+00
-5.703193e-14 0.000000e+00 0.000000e+00
7.717822e-14 0.000000e+00 0.000000e+00
6.333006e-13 0.000000e+00 0.000000e+00
1.460830e-14 0.000000e+00 0.000000e+00
8.659183e-14 0.000000e+00 0.000000e+00
2.427049e-13 0.000000e+00 0.000000e+00
-8.385781e-14 0.000000e+00 0.000000e+00
8.019410e-15 0.000000e+00 0.000000e+00
-3.271711e-15 0.000000e+00 0.000000e+00
8.052413e-14 0.000000e+00 0.000000e+00
2.834872e-14 0.000000e+00 0.000000e+00
-1.277213e-13 0.000000e+00 0.000000e+00
1.189800e-13 0.000000e+00 0.000000e+00
5.041938e-14 0.000000e+00 0.000000e+00
-6.058915e-15 0.000000e+00 0.000000e+00
1.164559e-13 0.000000e+00 0.000000e+00
1.068604e-13 0.000000e+00 0.000000e+00
-4.948208e-14 0.000000e+00 0.000000e+00
1.000740e-13 0.000000e+00 0.000000e+00
-1.389605e-12 0.000000e+00 0.000000e+00
-5.638068e-15 0.000000e+00 0.000000e+00
1.429070e-13 0.000000e+00 0.000000e+00
-5.184314e-15 0.000000e+00 0.000000e+00
-1.696760e-13 0.000000e+00 0.000000e+00
6.860063e-14 0.000000e+00 0.000000e+00
1.761047e-13 0.000000e+00 0.000000e+00
1.283977e-13 0.000000e+00 0.000000e+00
2.061340e-13 0.000000e+00 0.000000e+00
-2.056362e-13 0.000000e+00 0.000000e+00
-3.637197e-15 0.000000e+00 0.000000e+00
3.295905e-13 0.000000e+00 0.000000e+00
-2.843441e-14 0.000000e+00 0.000000e+00
-1.126300e-13 0.000000e+00 0.000000e+00
-4.046089e-13 0.000000e+00 0.000000e+00
-9.606619e-14 0.000000e+00 0.000000e+00
-2.859914e-14 0.000000e+00 0.000000e+00
1.801612e-14 0.000000e+00 0.000000e+00
-1.709842e-13 0.000000e+00 0.000000e+00
1.945281e-13 0.000000e+00 0.000000e+00
1.623493e-14 0.000000e+00 0.000000e+00
5.556996e-14 0.000000e+00 0.000000e+00
-1.373514e-12 0.000000e+00 0.000000e+00
-3.537345e-14 0.000000e+00 0.000000e+00
-2.685090e-14 0.000000e+00 0.000000e+00
1.300380e-13 0.000000e+00 0.000000e+00
-8.629111e-14 0.000000e+00 0.000000e+00
5.550028e-13 0.000000e+00 0.000000e+00
2.668398e-13 0.000000e+00 0.000000e+00
-6.248170e-13 0.000000e+00 0.000000e+00
2.830444e-13 0.000000e+00 0.000000e+00
1.298660e-13 0.000000e+00 0.000000e+00
-1.620959e-13 0.000000e+00 0.000000e+00
3.990526e-14 0.000000e+00 0.000000e+00
-1.765537e-13 0.000000e+00 0.000000e+00
1.084273e-13 0.000000e+00 0.000000e+00
4.798868e-14 0.000000e+00 0.000000e+00
-1.707789e-13 0.000000e+00 0.000000e+00
-9.308308e-14 0.000000e+00 0.000000e+00
2.505735e-13 0.000000e+00 0.000000e+00
-5.662626e-14 0.000000e+00 0.000000e+00
-3.273373e-13 0.000000e+00 0.000000e+00
1.937080e-13 0.000000e+00 0.000000e+00
3.460395e-14 0.000000e+00 0.000000e+00
-2.799305e-13 0.000000e+00 0.000000e+00
3.217635e-13 0.000000e+00 0.000000e+00
-1.240367e-14 0.000000e+00 0.000000e+00
3.979317e-13 0.000000e+00 0.000000e+00
-1.745766e-13 0.000000e+00 0.000000e+00
-1.257720e-13 0.000000e+00 0.000000e+00
1.258550e-13 0.000000e+00 0.000000e+00
5.777811e-15 0.000000e+00 0.000000e+00
1.046117e-12 0.000000e+00 0.000000e+00
5.825489e-13 0.000000e+00 0.000000e+00
-3.454474e-14 0.000000e+00 0.000000e+00
1.222128e-13 0.000000e+00 0.000000e+00
2.062928e-14 0.000000e+00 0.000000e+00
-4.222133e-13 0.000000e+00 0.000000e+00
-1.692412e-13 0.000000e+00 0.000000e+00
2.120525e-14 0.000000e+00 0.000000e+00
3.200825e-13 0.000000e+00 0.000000e+00
4.854431e-13 0.000000e+00 0.000000e+00
-1.402669e-12 0.000000e+00 0.000000e+00
-2.192647e-13 0.000000e+00 0.000000e+00
3.303359e-13 0.000000e+00 0.000000e+00
7.259914e-14 0.000000e+00 0.000000e+00
-1.961577e-13 0.000000e+00 0.000000e+00
-9.095521e-14 0.000000e+00 0.000000e+00
1.593014e-13 0.000000e+00 0.000000e+00
-5.837941e-14 0.000000e+00 0.000000e+00
5.788459e-13 0.000000e+00 0.000000e+00
1.819069e-13 0.000000e+00 0.000000e+00
-3.700087e-14 0.000000e+00 0.000000e+00
-7.675912e-14 0.000000e+00 0.000000e+00
-1.033615e-13 0.000000e+00 0.000000e+00
-4.219732e-14 0.000000e+00 0.000000e+00
1.637062e-12 0.000000e+00 0.000000e+00
-6.851843e-13 0.000000e+00 0.000000e+00
-7.391075e-15 0.000000e+00 0.000000e+00
-2.338003e-13 0.000000e+00 0.000000e+00
-6.846109e-14 0.000000e+00 0.000000e+00
-4.416268e-14 0.000000e+00 0.000000e+00
1.788348e-14 0.000000e+00 0.000000e+00
-6.760076e-14 0.000000e+00 0.000000e+00
-5.312109e-13 0.000000e+00 0.000000e+00
-9.565144e-14 0.000000e+00 0.000000e+00
-1.115535e-13 0.000000e+00 0.000000e+00
-1.569484e-13 0.000000e+00 0.000000e+00
-2.488817e-13 0.000000e+00 0.000000e+00
-9.841277e-14 0.000000e+00 0.000000e+00
-5.715101e-13 0.000000e+00 0.000000e+00
2.053415e-13 0.000000e+00 0.000000e+00
1.264297e-13 0.000000e+00 0.000000e+00
-1.705488e-13 0.000000e+00 0.000000e+00
2.173017e-13 0.000000e+00 0.000000e+00
-4.825609e-14 0.000000e+00 0.000000e+00
7.183549e-14 0.000000e+00 0.000000e+00
6.443768e-14 0.000000e+00 0.000000e+00
-2.075728e-14 0.000000e+00 0.000000e+00
2.933032e-13 0.000000e+00 0.000000e+00
8.941878e-14 0.000000e+00 0.000000e+00
-3.194765e-13 0.000000e+00 0.000000e+00
2.667632e-13 0.000000e+00 0.000000e+00
2.240056e-13 0.000000e+00 0.000000e+00
2.961694e-13 0.000000e+00 0.000000e+00
2.413590e-13 0.000000e+00 0.000000e+00
-1.595043e-13 0.000000e+00 0.000000e+00
2.243778e-13 0.000000e+00 0.000000e+00
5.280233e-13 0.000000e+00 0.000000e+00
-5.770471e-13 0.000000e+00 0.000000e+00
1.094403e-14 0.000000e+00 0.000000e+00
2.455270e-13 0.000000e+00 0.000000e+00
-1.835591e-13 0.000000e+00 0.000000e+00
-2.009400e-13 0.000000e+00 0.000000e+00
-5.207589e-14 0.000000e+00 0.000000e+00
2.515690e-15 0.000000e+00 0.000000e+00
-1.159549e-13 0.000000e+00 0.000000e+00
-2.035765e-13 0.000000e+00 0.000000e+00
-1.013075e-13 0.000000e+00 0.000000e+00
1.701606e-13 0.000000e+00 0.000000e+00
2.049353e-14 0.000000e+00 0.000000e+00
2.037624e-13 0.000000e+00 0.000000e+00
9.190035e-14 0.000000e+00 0.000000e+00
-8.842141e-13 0.000000e+00 0.000000e+00
-9.628154e-15 0.000000e+00 0.000000e+00
-4.926949e-14 0.000000e+00 0.000000e+00
4.142619e-15 0.000000e+00 0.000000e+00
-3.938923e-15 0.000000e+00 0.000000e+00
-1.039534e-13 0.000000e+00 0.000000e+00
-1.916726e-13 0.000000e+00 0.000000e+00
1.254785e-13 0.000000e+00 0.000000e+00
-1.447572e-13 0.000000e+00 0.000000e+00
-3.928097e-14 0.000000e+00 0.000000e+00
3.432988e-15 0.000000e+00 0.000000e+00
-1.040628e-13 0.000000e+00 0.000000e+00
4.544945e-14 0.000000e+00 0.000000e+00
-6.235671e-14 0.000000e+00 0.000000e+00
1.008104e-13 0.000000e+00 0.000000e+00
1.975091e-13 0.000000e+00 0.000000e+00
-1.569861e-13 0.000000e+00 0.000000e+00
3.027822e-13 0.000000e+00 0.000000e+00
2.527428e-13 0.000000e+00 0.000000e+00
-6.292398e-14 0.000000e+00 0.000000e+00
5.278502e-14 0.000000e+00 0.000000e+00
-2.059385e-13 0.000000e+00 0.000000e+00
-4.302615e-14 0.000000e+00 0.000000e+00
-1.074814e-13 0.000000e+00 0.000000e+00
-4.752295e-15 0.000000e+00 0.000000e+00
2.115576e-13 0.000000e+00 0.000000e+00
2.147163e-13 0.000000e+00 0.000000e+00
-2.166453e-13 0.000000e+00 0.000000e+00
2.520499e-14 0.000000e+00 0.000000e+00
2.934774e-13 0.000000e+00 0.000000e+00
1.095859e-12 0.000000e+00 0.000000e+00
-1.041306e-13 0.000000e+00 0.000000e+00
-7.244051e-14 0.000000e+00 0.000000e+00
9.631761e-14 0.000000e+00 0.000000e+00
-9.233256e-15 0.000000e+00 0.000000e+00
1.143161e-13 0.000000e+00 0.000000e+00
9.388629e-14 0.000000e+00 0.000000e+00
-3.765539e-13 0.000000e+00 0.000000e+00
9.838762e-14 0.000000e+00 0.000000e+00
-1.781999e-13 0.000000e+00 0.000000e+00
1.433140e-13 0.000000e+00 0.000000e+00
6.660125e-14 0.000000e+00 0.000000e+00
-1.451646e-13 0.000000e+00 0.000000e+00
8.127498e-14 0.000000e+00 0.000000e+00
1.748048e-13 0.000000e+00 0.000000e+00
9.965339e-13 0.000000e+00 0.000000e+00
-1.643032e-13 0.000000e+00 0.000000e+00
1.300645e-13 0.000000e+00 0.000000e+00
4.646608e-14 0.000000e+00 0.000000e+00
-9.582090e-14 0.000000e+00 0.000000e+00
1.234328e-13 0.000000e+00 0.000000e+00
-1.716393e-14 0.000000e+00 0.000000e+00
-1.053197e-13 0.000000e+00 0.000000e+00
-3.895068e-13 0.000000e+00 0.000000e+00
6.912318e-14 0.000000e+00 0.000000e+00
-2.024642e-12 0.000000e+00 0.000000e+00
-4.511659e-13 0.000000e+00 0.000000e+00
1.229833e-12 0.000000e+00 0.000000e+00
-1.837912e-12 0.000000e+00 0.000000e+00
1.786576e-13 0.000000e+00 0.000000e+00
-3.109971e-13 0.000000e+00 0.000000e+00
-1.265708e-13 0.000000e+00 0.000000e+00
5.672390e-14 0.000000e+00 0.000000e+00
-4.095740e-13 0.000000e+00 0.000000e+00
4.325639e-14 0.000000e+00 0.000000e+00
-2.487153e-13 0.000000e+00 0.000000e+00
2.409527e-13 0.000000e+00 0.000000e+00
1.838034e-12 0.000000e+00 0.000000e+00
9.261438e-14 0.000000e+00 0.000000e+00
7.046120e-13 0.000000e+00 0.000000e+00
1.441465e-13 0.000000e+00 0.000000e+00
1.143877e-14 0.000000e+00 0.000000e+00
4.623082e-15 0.000000e+00 0.000000e+00
1.395804e-13 0.000000e+00 0.000000e+00
-8.883900e-14 0.000000e+00 0.000000e+00
-1.721800e-13 0.000000e+00 0.000000e+00
-5.554639e-13 0.000000e+00 0.000000e+00
1.740281e-13 0.000000e+00 0.000000e+00
-7.487714e-14 0.000000e+00 0.000000e+00
-1.309305e-13 0.000000e+00 0.000000e+00
-1.424943e-12 0.000000e+00 0.000000e+00
-7.164008e-14 0.000000e+00 0.000000e+00
6.262879e-14 0.000000e+00 0.000000e+00
-7.987177e-14 0.000000e+00 0.000000e+00
-1.804422e-13 0.000000e+00 0.000000e+00
2.061214e-14 0.000000e+00 0.000000e+00
7.977563e-15 0.000000e+00 0.000000e+00
9.599810e-14 0.000000e+00 0.000000e+00
1.254338e-13 0.000000e+00 0.000000e+00
-1.827287e-13 0.000000e+00 0.000000e+00
-3.902083e-14 0.000000e+00 0.000000e+00
-1.265256e-13 0.000000e+00 0.000000e+00
-2.510170e-13 0.000000e+00 0.000000e+00
-2.832384e-12 0.000000e+00 0.000000e+00
1.359716e-13 0.000000e+00 0.000000e+00
-9.171240e-13 0.000000e+00 0.000000e+00
4.779130e-13 0.000000e+00 0.000000e+00
2.005531e-14 0.000000e+00 0.000000e+00
1.047963e-12 0.000000e+00 0.000000e+00
1.777698e-13 0.000000e+00 0.000000e+00
-4.979252e-14 0.000000e+00 0.000000e+00
3.288833e-14 0.000000e+00 0.000000e+00
-3.067911e-12 0.000000e+00 0.000000e+00
1.989614e-14 0.000000e+00 0.000000e+00
-2.008539e-13 0.000000e+00 0.000000e+00
4.774975e-14 0.000000e+00 0.000000e+00
3.270867e-13 0.000000e+00 0.000000e+00
4.906952e-14 0.000000e+00 0.000000e+00
-5.581175e-14 0.000000e+00 0.000000e+00
2.828052e-13 0.000000e+00 0.000000e+00
3.039096e-13 0.000000e+00 0.000000e+00
-2.419913e-13 0.000000e+00 0.000000e+00
-1.341169e-13 0.000000e+00 0.000000e+00
1.119392e-13 0.000000e+00 0.000000e+00
-2.183522e-14 0.000000e+00 0.000000e+00
-2.479621e-14 0.000000e+00 0.000000e+00
-8.497608e-13 0.000000e+00 0.000000e+00
-5.472646e-14 0.000000e+00 0.000000e+00
-6.064326e-14 0.000000e+00 0.000000e+00
-2.456158e-13 0.000000e+00 0.000000e+00
2.297015e-14 0.000000e+00 0.000000e+00
4.022000e-14 0.000000e+00 0.000000e+00
1.566311e-13 0.000000e+00 0.000000e+00
6.213344e-14 0.000000e+00 0.000000e+00
2.692133e-14 0.000000e+00 0.000000e+00
2.263579e-14 0.000000e+00 0.000000e+00
9.094762e-14 0.000000e+00 0.000000e+00
9.943867e-14 0.000000e+00 0.000000e+00
-1.119599e-13 0.000000e+00 0.000000e+00
1.998134e-13 0.000000e+00 0.000000e+00
2.374199e-13 0.000000e+00 0.000000e+00
-2.885865e-13 0.000000e+00 0.000000e+00
4.391800e-14 0.000000e+00 0.000000e+00
-3.907429e-14 0.000000e+00 0.000000e+00
-8.021250e-14 0.000000e+00 0.000000e+00
-7.727324e-14 0.000000e+00 0.000000e+00
1.544742e-13 0.000000e+00 0.000000e+00
-1.080309e-13 0.000000e+00 0.000000e+00
3.732677e-14 0.000000e+00 0.000000e+00
-1.099370e-13 0.000000e+00 0.000000e+00
2.352375e-13 0.000000e+00 0.000000e+00
-9.305877e-13 0.000000e+00 0.000000e+00
-9.126267e-14 0.000000e+00 0.000000e+00
8.517302e-14 0.000000e+00 0.000000e+00
1.455236e-13 0.000000e+00 0.000000e+00
-3.022356e-13 0.000000e+00 0.000000e+00
1.320184e-12 0.000000e+00 0.000000e+00
-1.432817e-12 0.000000e+00 0.000000e+00
-5.346922e-14 0.000000e+00 0.000000e+00
4.345904e-15 0.000000e+00 0.000000e+00
6.576134e-14 0.000000e+00 0.000000e+00
7.514952e-14 0.000000e+00 0.000000e+00
-1.116457e-13 0.000000e+00 0.000000e+00
2.683775e-13 0.000000e+00 0.000000e+00
7.509294e-14 0.000000e+00 0.000000e+00
6.275304e-13 0.000000e+00 0.000000e+00
-2.519109e-14 0.000000e+00 0.000000e+00
-2.918059e-13 0.000000e+00 0.000000e+00
5.605116e-14 0.000000e+00 0.000000e+00
-1.919318e-13 0.000000e+00 0.000000e+00
-1.932730e-13 0.000000e+00 0.000000e+00
-2.682291e-13 0.000000e+00 0.000000e+00
1.914059e-13 0.000000e+00 0.000000e+00
-1.361189e-12 0.000000e+00 0.000000e+00
-1.814619e-13 0.000000e+00 0.000000e+00
9.471466e-15 0.000000e+00 0.000000e+00
-8.047368e-14 0.000000e+00 0.000000e+00
2.788786e-13 0.000000e+00 0.000000e+00
-9.173453e-14 0.000000e+00 0.000000e+00
3.147097e-14 0.000000e+00 0.000000e+00
-9.647246e-15 0.000000e+00 0.000000e+00
3.365768e-13 0.000000e+00 0.000000e+00
-1.258093e-14 0.000000e+00 0.000000e+00
-1.873536e-12 0.000000e+00 0.000000e+00
-1.601852e-12 0.000000e+00 0.000000e+00
-2.996972e-14 0.000000e+00 0.000000e+00
