step K U E temp
0 1.678318e-21 -3.872136e-20 -3.704304e-20 2.431201e+02
1000 1.507096e-21 -4.019486e-20 -3.868777e-20 2.183170e+02
2000 1.118166e-21 -3.997462e-20 -3.885645e-20 1.619768e+02
3000 8.992708e-22 -3.381994e-20 -3.292067e-20 1.302678e+02
4000 2.065139e-23 -3.592613e-20 -3.590548e-20 2.991548e+00
5000 1.537749e-21 -4.017835e-20 1.113594e-19 2.227574e+02
6000 4.388363e-21 -4.106022e-20 6.332814e-20 6.356957e+02
7000 1.958507e-22 -3.703950e-20 6.315635e-20 2.837082e+01
8000 9.584266e-22 -4.004790e-20 6.091052e-20 1.388371e+02
9000 1.709258e-21 -4.102490e-20 6.068436e-20 2.476021e+02
10000 5.340390e-22 -3.720740e-20 2.133266e-19 7.736058e+01
11000 8.856405e-22 -3.185526e-20 1.690304e-19 1.282934e+02
12000 5.406830e-22 -3.495979e-20 1.655809e-19 7.832303e+01
13000 2.110243e-23 -3.565481e-20 1.643663e-19 3.056886e+00
14000 1.565335e-21 -3.562350e-20 1.659418e-19 2.267535e+02
15000 2.550424e-21 -3.498569e-20 3.175647e-19 3.694529e+02
16000 8.442350e-22 -4.072480e-20 2.601194e-19 1.222954e+02
17000 2.346998e-21 -3.976486e-20 2.625821e-19 3.399847e+02
18000 1.956193e-23 -3.823882e-20 2.617808e-19 2.833730e+00
19000 6.886611e-22 -3.986029e-20 2.608284e-19 9.975904e+01
20000 1.034849e-22 -4.099385e-20 4.091096e-19 1.499077e+01
21000 6.171466e-21 -4.065512e-20 3.655212e-19 8.939949e+02
22000 1.261318e-21 -4.063502e-20 3.606382e-19 1.827137e+02
23000 1.283184e-21 -4.076699e-20 3.605545e-19 1.858813e+02
24000 2.226941e-23 -4.084845e-20 3.606397e-19 3.225934e+00
25000 5.114510e-22 -4.075736e-20 5.097779e-19 7.408850e+01
26000 5.093350e-22 -4.046123e-20 4.635229e-19 7.378197e+01
27000 5.676757e-23 -4.049718e-20 4.618115e-19 8.223316e+00
28000 4.460796e-23 -4.042899e-20 4.657414e-19 6.461882e+00
29000 1.582053e-21 -4.054097e-20 4.641766e-19 2.291753e+02
30000 3.107118e-22 -4.042282e-20 6.167035e-19 4.500952e+01
31000 2.557421e-22 -4.004679e-20 5.602090e-19 3.704664e+01
32000 5.480763e-21 -4.109891e-20 5.643819e-19 7.939401e+02
33000 1.655455e-21 -4.083581e-20 5.608196e-19 2.398082e+02
34000 1.843000e-21 -3.964370e-20 5.621993e-19 2.669759e+02
35000 1.832150e-22 -4.105728e-20 7.091259e-19 2.654042e+01
36000 1.592407e-22 -4.072963e-20 6.594296e-19 2.306751e+01
37000 1.835161e-22 -3.962201e-20 6.605615e-19 2.658404e+01
38000 3.865959e-23 -3.969007e-20 6.603486e-19 5.600205e+00
39000 3.142909e-22 -3.847950e-20 6.618348e-19 4.552799e+01
40000 4.820942e-21 -4.004098e-20 8.147800e-19 6.983588e+02
41000 2.428306e-21 -3.823069e-20 7.641977e-19 3.517629e+02
42000 5.260983e-22 -3.891846e-20 7.616076e-19 7.621029e+01
43000 1.716631e-21 -3.826908e-20 7.634476e-19 2.486702e+02
44000 1.498725e-22 -3.753371e-20 7.770395e-19 2.171045e+01
45000 2.049742e-21 -3.936858e-20 9.126814e-19 2.969244e+02
46000 1.048282e-20 -3.760849e-20 8.728743e-19 1.518535e+03
47000 9.111687e-22 -3.980461e-20 8.629204e-19 1.319914e+02
48000 9.926601e-23 -3.938208e-20 8.607173e-19 1.437962e+01
49000 1.280088e-21 -3.920126e-20 8.620788e-19 1.854329e+02
50000 9.926753e-22 -2.923520e-20 1.021757e-18 1.437984e+02
51000 9.778834e-22 -2.602901e-20 9.749489e-19 1.416556e+02
52000 1.862482e-22 -1.509659e-20 9.850897e-19 2.697981e+01
53000 5.653021e-22 -2.653172e-20 9.740346e-19 8.188934e+01
54000 4.011102e-22 -2.489346e-20 9.755076e-19 5.810459e+01
55000 9.365928e-22 -1.973130e-20 1.131205e-18 1.356743e+02
56000 7.526327e-21 -1.326688e-20 1.094259e-18 1.090259e+03
57000 2.516596e-22 -1.411486e-20 1.086137e-18 3.645526e+01
58000 2.212202e-21 -1.680269e-20 1.085481e-18 3.204583e+02
59000 1.231774e-21 -1.646292e-20 1.084784e-18 1.784340e+02
60000 2.617487e-22 -1.715029e-20 1.233405e-18 3.791677e+01
61000 5.071785e-21 -1.384219e-20 1.191264e-18 7.346957e+02
62000 6.908140e-23 1.613024e-21 1.201682e-18 1.000709e+01
63000 1.186243e-23 -1.541074e-20 1.190802e-18 1.718384e+00
64000 1.134545e-21 -1.303333e-20 1.188102e-18 1.643495e+02
65000 2.385604e-22 -1.350828e-20 1.336738e-18 3.455771e+01
66000 3.954958e-21 -3.623846e-20 1.267716e-18 5.729128e+02
67000 6.194434e-23 -3.819279e-20 1.261869e-18 8.973220e+00
68000 2.707292e-21 -3.652078e-20 1.266187e-18 3.921767e+02
69000 1.351810e-20 -3.924261e-20 1.274275e-18 1.958224e+03
70000 1.123946e-21 -3.878379e-20 1.412340e-18 1.628142e+02
71000 1.764683e-22 -3.265456e-20 1.367522e-18 2.556310e+01
72000 1.096268e-20 -3.414715e-20 1.376816e-18 1.588047e+03
73000 3.188547e-23 -3.652660e-20 1.363505e-18 4.618910e+00
74000 2.499325e-21 -3.294536e-20 1.369554e-18 3.620508e+02
75000 5.853325e-22 -3.255487e-20 1.518030e-18 8.479093e+01
76000 1.258272e-22 -3.081953e-20 1.469905e-18 1.822726e+01
77000 7.899952e-21 -3.111323e-20 1.477348e-18 1.144382e+03
78000 1.044880e-21 -3.119142e-20 1.470673e-18 1.513607e+02
79000 1.991404e-21 -3.078014e-20 1.471932e-18 2.884737e+02
80000 3.786067e-21 -3.148525e-20 1.625983e-18 5.484474e+02
81000 2.136295e-23 -3.791196e-20 1.562170e-18 3.094625e+00
82000 3.310166e-22 -3.776075e-20 1.562576e-18 4.795087e+01
83000 1.028119e-21 -3.644652e-20 1.564582e-18 1.489327e+02
84000 1.848912e-21 -3.470535e-20 1.567144e-18 2.678323e+02
85000 1.508684e-21 -3.443615e-20 1.717075e-18 2.185470e+02
86000 1.529013e-21 -3.789735e-20 1.663681e-18 2.214919e+02
87000 7.444974e-21 -3.704931e-20 1.670396e-18 1.078475e+03
88000 5.899353e-21 -3.720524e-20 1.668694e-18 8.545768e+02
89000 3.174899e-21 -3.724227e-20 1.665933e-18 4.599140e+02
90000 5.017234e-21 -3.601472e-20 1.819007e-18 7.267935e+02
91000 3.229867e-21 -3.806770e-20 1.765631e-18 4.678766e+02
92000 4.821978e-22 -3.814956e-20 1.763541e-18 6.985088e+01
93000 3.804204e-21 -3.688941e-20 1.768084e-18 5.510747e+02
94000 3.269507e-21 -3.680495e-20 1.768873e-18 4.736188e+02
95000 4.923350e-22 -3.778169e-20 1.912719e-18 7.131935e+01
96000 9.407710e-22 -2.745058e-20 1.873869e-18 1.362795e+02
97000 9.700168e-22 -2.658263e-20 1.874389e-18 1.405161e+02
98000 8.862907e-22 -2.377479e-20 1.877112e-18 1.283876e+02
99000 3.200275e-22 -2.767309e-20 1.873789e-18 4.635899e+01
100000 5.192919e-21 -2.254743e-20 2.032685e-18 7.522432e+02
101000 7.081458e-21 -4.085598e-20 1.966227e-18 1.025816e+03
102000 3.619048e-21 -4.054102e-20 1.963079e-18 5.242531e+02
103000 4.295234e-21 -4.091052e-20 1.963447e-18 6.222050e+02
104000 1.554075e-21 -4.040443e-20 1.961372e-18 2.251224e+02
105000 1.995126e-21 -4.089010e-20 2.111120e-18 2.890128e+02
106000 1.636881e-23 -5.350680e-21 2.094666e-18 2.371176e+00
107000 1.630958e-21 -4.014789e-21 2.097616e-18 2.362596e+02
108000 1.417331e-20 -5.100858e-21 2.109072e-18 2.053138e+03
109000 3.267116e-22 -1.076384e-20 2.090240e-18 4.732725e+01
110000 4.091362e-21 -6.768090e-21 2.247323e-18 5.926722e+02
111000 2.750416e-22 -1.141709e-20 2.192832e-18 3.984236e+01
112000 3.499465e-21 -1.056225e-20 2.193335e-18 5.069305e+02
113000 2.733192e-24 -9.841185e-21 2.190676e-18 3.959285e-01
114000 7.021766e-21 -1.074379e-20 2.196933e-18 1.017169e+03
115000 1.330205e-21 -9.698941e-21 2.342397e-18 1.926927e+02
116000 3.831721e-22 -3.974601e-20 2.261299e-18 5.550609e+01
117000 2.034462e-22 -3.954827e-20 2.260690e-18 2.947110e+01
118000 6.074766e-21 -3.966447e-20 2.266548e-18 8.799870e+02
119000 1.738965e-23 -3.939404e-20 2.261106e-18 2.519054e+00
120000 1.409599e-22 -3.971020e-20 2.410770e-18 2.041937e+01
121000 5.377344e-21 -3.942183e-20 2.378770e-18 7.789589e+02
122000 4.453272e-23 -3.931962e-20 2.366518e-18 6.450984e+00
123000 5.075724e-21 -3.917184e-20 2.375064e-18 7.352663e+02
124000 7.754240e-23 -3.939010e-20 2.370440e-18 1.123275e+01
125000 1.108259e-22 -3.930719e-20 2.516289e-18 1.605417e+01
126000 4.943957e-21 -3.893960e-20 2.467258e-18 7.161787e+02
127000 3.242196e-23 -3.816388e-20 2.461869e-18 4.696626e+00
128000 3.361883e-21 -3.836066e-20 2.465001e-18 4.870004e+02
129000 2.921354e-21 -3.845796e-20 2.464463e-18 4.231856e+02
130000 2.936654e-21 -3.770604e-20 2.617825e-18 4.254020e+02
131000 9.220905e-22 -3.296942e-20 2.567953e-18 1.335735e+02
132000 5.291003e-23 -3.329463e-20 2.566758e-18 7.664516e+00
133000 6.291572e-22 -3.376146e-20 2.566868e-18 9.113935e+01
134000 8.556621e-23 -3.419287e-20 2.566272e-18 1.239507e+01
135000 1.426136e-22 -3.220362e-20 2.717939e-18 2.065892e+01
136000 1.309183e-22 -2.432677e-20 2.675804e-18 1.896475e+01
137000 7.033633e-22 -3.045274e-20 2.670251e-18 1.018888e+02
138000 3.256342e-21 -2.936765e-20 2.673889e-18 4.717117e+02
139000 4.910822e-23 -2.461981e-20 2.675429e-18 7.113788e+00
140000 1.216919e-21 -1.795661e-20 2.833260e-18 1.762822e+02
141000 5.531915e-23 -2.705083e-20 2.773004e-18 8.013499e+00
142000 8.782333e-22 -2.444847e-20 2.776430e-18 1.272204e+02
143000 4.005525e-23 -2.875745e-20 2.771283e-18 5.802380e+00
144000 2.302069e-21 -2.982498e-20 2.772477e-18 3.334764e+02
145000 2.790819e-23 -2.880097e-20 2.921227e-18 4.042764e+00
146000 1.663837e-22 -3.002101e-20 2.870158e-18 2.410225e+01
147000 2.127914e-22 -3.121817e-20 2.869115e-18 3.082484e+01
148000 2.979846e-21 -3.026784e-20 2.872712e-18 4.316587e+02
149000 5.972724e-22 -2.961025e-20 2.872319e-18 8.652053e+01
150000 4.637065e-21 -3.017530e-20 3.024463e-18 6.717225e+02
151000 2.362053e-24 -3.108467e-20 2.969330e-18 3.421656e-01
152000 1.154315e-21 -3.156588e-20 2.973492e-18 1.672134e+02
153000 1.459136e-21 -3.113986e-20 2.970576e-18 2.113695e+02
154000 1.825421e-22 -3.105594e-20 2.969671e-18 2.644295e+01
155000 9.174639e-23 -3.174966e-20 3.131979e-18 1.329033e+01
156000 3.461436e-23 -3.101498e-20 3.071697e-18 5.014215e+00
157000 4.110973e-21 -3.095894e-20 3.075646e-18 5.955131e+02
158000 2.086627e-21 -3.101443e-20 3.073744e-18 3.022676e+02
159000 2.841569e-21 -3.089944e-20 3.074900e-18 4.116280e+02
160000 2.000014e-21 -3.095023e-20 3.223569e-18 2.897209e+02
161000 4.695619e-24 -1.883385e-20 3.182072e-18 6.802046e-01
162000 1.019462e-20 -2.816158e-20 3.187518e-18 1.476787e+03
163000 1.022419e-21 -2.573373e-20 3.175289e-18 1.481070e+02
164000 9.619732e-22 -2.481873e-20 3.176143e-18 1.393509e+02
165000 2.426071e-21 -2.047867e-20 3.331947e-18 3.514391e+02
166000 5.783610e-22 -2.781680e-20 3.273035e-18 8.378103e+01
167000 1.634474e-22 -2.769836e-20 3.272538e-18 2.367689e+01
168000 8.330296e-21 -2.736712e-20 3.280964e-18 1.206722e+03
169000 2.973606e-22 -2.628720e-20 3.274010e-18 4.307548e+01
170000 8.659599e-21 -2.678373e-20 3.431876e-18 1.254424e+03
171000 3.581359e-21 -2.801371e-20 3.377351e-18 5.187936e+02
172000 1.788131e-21 -2.761972e-20 3.375489e-18 2.590276e+02
173000 2.542291e-21 -2.791148e-20 3.375399e-18 3.682747e+02
174000 3.215499e-21 -2.767524e-20 3.376377e-18 4.657953e+02
175000 3.445529e-21 -2.725261e-20 3.542102e-18 4.991173e+02
176000 3.641311e-21 -2.959272e-20 3.482885e-18 5.274782e+02
177000 1.352587e-21 -2.942914e-20 3.479732e-18 1.959349e+02
178000 2.504488e-21 -2.936151e-20 3.483177e-18 3.627987e+02
179000 1.143442e-24 -2.962663e-20 3.480563e-18 1.656383e-01
180000 1.669631e-23 -2.961371e-20 3.630031e-18 2.418618e+00
181000 1.599522e-22 -2.802825e-20 3.576223e-18 2.317058e+01
182000 1.746720e-20 -2.808505e-20 3.593811e-18 2.530289e+03
183000 4.403744e-22 -2.818964e-20 3.579357e-18 6.379237e+01
184000 1.744191e-22 -2.811099e-20 3.576904e-18 2.526625e+01
185000 5.725160e-21 -2.777930e-20 3.740004e-18 8.293433e+02
186000 2.869641e-21 -3.904516e-20 3.669689e-18 4.156946e+02
187000 9.641081e-22 -3.870110e-20 3.662273e-18 1.396601e+02
188000 4.773340e-21 -3.851376e-20 3.666265e-18 6.914632e+02
189000 2.440715e-21 -3.852077e-20 3.663925e-18 3.535606e+02
190000 7.555537e-22 -3.871490e-20 3.812055e-18 1.094491e+02
191000 8.610435e-22 -3.810368e-20 3.769122e-18 1.247303e+02
192000 6.449831e-23 -3.835534e-20 3.768332e-18 9.343187e+00
193000 1.365644e-21 -3.813090e-20 3.768076e-18 1.978264e+02
194000 2.413827e-21 -3.813910e-20 3.768738e-18 3.496656e+02
195000 9.662790e-21 -3.832793e-20 3.926318e-18 1.399746e+03
196000 7.490180e-23 -3.587024e-20 3.864267e-18 1.085023e+01
197000 6.356833e-21 -3.590439e-20 3.870489e-18 9.208471e+02
198000 1.827250e-22 -3.576092e-20 3.864727e-18 2.646944e+01
199000 3.021693e-22 -3.660352e-20 3.864721e-18 4.377206e+01
200000 3.347320e-22 -3.643519e-20 4.013994e-18 4.848907e+01
201000 2.977087e-21 -3.595575e-20 3.972696e-18 4.312591e+02
202000 5.807035e-21 -3.582918e-20 3.971683e-18 8.412037e+02
203000 1.429906e-21 -3.602853e-20 3.975747e-18 2.071354e+02
204000 5.784134e-21 -3.567114e-20 3.971285e-18 8.378863e+02
205000 1.474748e-21 -3.582093e-20 4.117234e-18 2.136312e+02
206000 2.633058e-21 -4.109955e-20 4.062241e-18 3.814232e+02
207000 4.810551e-22 -4.109999e-20 4.059606e-18 6.968535e+01
208000 3.841902e-23 -4.109237e-20 4.059009e-18 5.565356e+00
209000 8.081237e-22 -4.107188e-20 4.062408e-18 1.170643e+02
210000 1.585930e-20 -4.109719e-20 4.224782e-18 2.297369e+03
211000 1.728670e-21 -4.037854e-20 4.161851e-18 2.504141e+02
212000 1.578696e-22 -4.029653e-20 4.163878e-18 2.286889e+01
213000 2.772407e-23 -4.060534e-20 4.159438e-18 4.016093e+00
214000 9.428662e-22 -4.070588e-20 4.161328e-18 1.365830e+02
215000 1.848434e-22 -4.072151e-20 4.311353e-18 2.677630e+01
216000 6.505348e-22 -3.972044e-20 4.265618e-18 9.423609e+01
217000 2.988822e-21 -3.971022e-20 4.268069e-18 4.329589e+02
218000 6.088995e-22 -3.965644e-20 4.268487e-18 8.820482e+01
219000 3.757137e-21 -3.976413e-20 4.269793e-18 5.442566e+02
220000 5.003708e-21 -3.969019e-20 4.420692e-18 7.248342e+02
221000 7.196582e-23 -4.038492e-20 4.360134e-18 1.042493e+01
222000 9.283147e-22 -4.042652e-20 4.360760e-18 1.344751e+02
223000 3.233037e-22 -4.056475e-20 4.367689e-18 4.683358e+01
224000 2.931421e-22 -4.053180e-20 4.363419e-18 4.246439e+01
225000 1.804410e-22 -4.049592e-20 4.511081e-18 2.613857e+01
226000 4.207217e-21 -3.338489e-20 4.470827e-18 6.094550e+02
227000 1.534095e-20 -3.386768e-20 4.481477e-18 2.222281e+03
228000 3.409381e-21 -3.431257e-20 4.470548e-18 4.938809e+02
229000 1.570631e-21 -3.310309e-20 4.468710e-18 2.275207e+02
230000 2.132566e-21 -3.346061e-20 4.618673e-18 3.089223e+02
231000 1.683249e-26 -3.404827e-20 4.570205e-18 2.438345e-03
232000 1.811991e-21 -3.419679e-20 4.569011e-18 2.624839e+02
233000 2.193020e-22 -3.429184e-20 4.567428e-18 3.176796e+01
234000 2.779143e-22 -3.386165e-20 4.582337e-18 4.025849e+01
235000 1.747121e-21 -3.422565e-20 4.718806e-18 2.530869e+02
236000 1.711339e-21 -3.277024e-20 4.677124e-18 2.479036e+02
237000 1.993058e-21 -3.289990e-20 4.677008e-18 2.887132e+02
238000 2.095291e-22 -3.284180e-20 4.674545e-18 3.035226e+01
239000 4.152956e-22 -3.289046e-20 4.675226e-18 6.015947e+01
240000 1.650197e-21 -3.281623e-20 4.826128e-18 2.390466e+02
241000 2.670614e-22 -4.108986e-20 4.774296e-18 3.868635e+01
242000 1.019554e-22 -4.109722e-20 4.774468e-18 1.476920e+01
243000 5.181470e-25 -4.109106e-20 4.772854e-18 7.505847e-02
244000 6.559648e-21 -4.053709e-20 4.797192e-18 9.502267e+02
245000 1.405672e-22 -4.102758e-20 4.943714e-18 2.036248e+01
246000 1.191992e-21 -3.795237e-20 4.892969e-18 1.726713e+02
247000 7.770492e-22 -3.398692e-20 4.906497e-18 1.125629e+02
248000 7.833280e-24 -3.910217e-20 4.875718e-18 1.134724e+00
249000 1.115005e-21 -3.892562e-20 4.886357e-18 1.615190e+02
250000 7.460336e-21 -3.899105e-20 5.034278e-18 1.080700e+03
251000 5.713948e-21 -4.025525e-20 4.977252e-18 8.277191e+02
252000 6.640098e-24 -4.029874e-20 4.970692e-18 9.618806e-01
253000 2.152650e-21 -4.031539e-20 4.974119e-18 3.118316e+02
254000 1.053564e-21 -4.029496e-20 4.971573e-18 1.526187e+02
255000 3.905403e-22 -4.030677e-20 5.121581e-18 5.657344e+01
256000 6.864817e-22 -2.533653e-20 5.075351e-18 9.944334e+01
257000 5.404484e-21 -2.476547e-20 5.080639e-18 7.828903e+02
258000 3.559384e-22 -2.370891e-20 5.076647e-18 5.156103e+01
259000 2.832000e-22 -2.209391e-20 5.078189e-18 4.102419e+01
260000 4.398593e-21 -2.541736e-20 5.228985e-18 6.371777e+02
261000 3.408715e-22 -2.199883e-20 5.178342e-18 4.937844e+01
262000 1.191978e-21 -2.392882e-20 5.177264e-18 1.726692e+02
263000 5.178379e-21 -2.304963e-20 5.182129e-18 7.501370e+02
264000 2.591250e-21 -2.405884e-20 5.178537e-18 3.753669e+02
265000 1.123786e-21 -2.350533e-20 5.327618e-18 1.627909e+02
266000 2.377828e-22 -2.212818e-20 5.278113e-18 3.444508e+01
267000 6.504469e-22 -2.150043e-20 5.279411e-18 9.422335e+01
268000 9.310165e-21 -2.223738e-20 5.287089e-18 1.348665e+03
269000 6.368299e-22 -2.218024e-20 5.278464e-18 9.225081e+01
270000 4.242080e-21 -2.247158e-20 5.432010e-18 6.145052e+02
271000 6.122227e-22 -2.629874e-20 5.390563e-18 8.868621e+01
272000 3.761929e-21 -2.615568e-20 5.387356e-18 5.449507e+02
273000 1.290993e-21 -2.589445e-20 5.391958e-18 1.870125e+02
274000 1.068074e-21 -2.628121e-20 5.389859e-18 1.547205e+02
275000 1.599241e-21 -2.629607e-20 5.541366e-18 2.316651e+02
276000 2.194038e-23 -1.682991e-20 5.483249e-18 3.178270e+00
277000 1.771620e-21 -1.509164e-20 5.486680e-18 2.566358e+02
278000 1.013326e-21 -1.489853e-20 5.486115e-18 1.467898e+02
279000 7.060209e-21 -9.899527e-21 5.497161e-18 1.022738e+03
280000 5.948105e-21 -1.648439e-20 5.639464e-18 8.616390e+02
281000 6.295992e-23 -2.462060e-20 5.577565e-18 9.120337e+00
282000 1.178856e-21 -2.476325e-20 5.582185e-18 1.707683e+02
283000 1.484186e-22 -2.442033e-20 5.576813e-18 2.149984e+01
284000 2.537017e-22 -2.429521e-20 5.578243e-18 3.675108e+01
285000 6.634781e-23 -2.435917e-20 5.727180e-18 9.611104e+00
286000 1.873515e-22 -2.138549e-20 5.679733e-18 2.713963e+01
287000 3.054288e-21 -2.193608e-20 5.693041e-18 4.424423e+02
288000 4.430189e-23 -2.132668e-20 5.680124e-18 6.417546e+00
289000 3.023614e-21 -2.129136e-20 5.683574e-18 4.379989e+02
290000 4.213429e-22 -2.171317e-20 5.831547e-18 6.103548e+01
291000 1.268430e-22 -2.122383e-20 5.797013e-18 1.837440e+01
292000 1.980117e-20 -1.872946e-20 5.803280e-18 2.868386e+03
293000 1.816163e-22 -1.878527e-20 5.782783e-18 2.630883e+01
294000 1.788569e-22 -1.931588e-20 5.780918e-18 2.590911e+01
295000 4.577502e-21 -1.950783e-20 5.935484e-18 6.630942e+02
296000 2.175465e-21 -2.481896e-20 5.902807e-18 3.151366e+02
297000 1.966995e-21 -2.490401e-20 5.901478e-18 2.849378e+02
298000 2.384274e-22 -1.904817e-22 5.900048e-18 3.453845e+01
299000 9.469735e-22 -4.107103e-20 5.859876e-18 1.371780e+02
300000 4.582486e-22 -4.069181e-20 6.009766e-18 6.638163e+01
301000 4.134491e-21 -3.830972e-20 5.965825e-18 5.989200e+02
302000 1.254314e-22 -3.399749e-20 5.966128e-18 1.816991e+01
303000 6.772479e-23 -3.111977e-20 5.968948e-18 9.810573e+00
304000 4.420116e-22 -3.823371e-20 5.962208e-18 6.402954e+01
305000 5.790477e-21 -3.565927e-20 6.120131e-18 8.388051e+02
306000 5.903528e-24 -3.946726e-20 6.060539e-18 8.551816e-01
307000 3.730447e-21 -3.776378e-20 6.065967e-18 5.403904e+02
308000 2.548399e-21 -3.703284e-20 6.065521e-18 3.691596e+02
309000 1.238647e-22 -3.995312e-20 6.060171e-18 1.794297e+01
310000 1.298432e-21 -3.811833e-20 6.213180e-18 1.880901e+02
311000 6.746265e-22 -3.806519e-20 6.162609e-18 9.772600e+01
312000 4.370596e-23 -4.110000e-20 6.158944e-18 6.331220e+00
313000 8.920143e-21 -3.519118e-20 6.173729e-18 1.292167e+03
314000 1.570172e-23 -3.849923e-20 6.161516e-18 2.274541e+00
315000 6.119459e-21 -4.075672e-20 6.315363e-18 8.864612e+02
316000 2.890491e-25 -3.686774e-20 6.263133e-18 4.187148e-02
317000 3.415891e-24 -3.720204e-20 6.262801e-18 4.948239e-01
318000 4.084391e-21 -3.936491e-20 6.264719e-18 5.916625e+02
319000 1.968058e-21 -3.906849e-20 6.262900e-18 2.850918e+02
320000 6.518347e-22 -3.931193e-20 6.411340e-18 9.442439e+01
321000 5.584646e-23 -4.063084e-20 6.372717e-18 8.089885e+00
322000 6.048429e-21 -3.960557e-20 6.373207e-18 8.761719e+02
323000 8.346434e-22 -4.030732e-20 6.360527e-18 1.209060e+02
324000 4.676699e-22 -3.985370e-20 6.360647e-18 6.774638e+01
325000 4.351389e-23 -4.005927e-20 6.509984e-18 6.303397e+00
326000 3.498415e-21 -4.030206e-20 6.468198e-18 5.067784e+02
327000 2.135781e-23 -4.040125e-20 6.460029e-18 3.093880e+00
328000 1.700809e-22 -4.043181e-20 6.459917e-18 2.463782e+01
329000 7.326848e-22 -4.045846e-20 6.460420e-18 1.061363e+02
330000 4.499138e-22 -4.033155e-20 6.612756e-18 6.517425e+01
331000 2.843673e-22 -3.730959e-20 6.562975e-18 4.119327e+01
332000 1.517631e-22 -3.855909e-20 6.561594e-18 2.198431e+01
333000 1.987976e-21 -3.325354e-20 6.568734e-18 2.879771e+02
334000 1.879685e-21 -3.810568e-20 6.563774e-18 2.722901e+02
335000 1.621935e-21 -3.561536e-20 6.716007e-18 2.349526e+02
336000 3.070253e-22 -4.104106e-20 6.659266e-18 4.447550e+01
337000 6.852877e-22 -4.097278e-20 6.659763e-18 9.927038e+01
338000 6.368142e-22 -4.108726e-20 6.659550e-18 9.224853e+01
339000 5.803884e-22 -4.105359e-20 6.659527e-18 8.407472e+01
340000 4.077362e-21 -4.109960e-20 6.812978e-18 5.906442e+02
341000 5.254739e-21 -4.089460e-20 6.769220e-18 7.611984e+02
342000 1.499401e-22 -4.104017e-20 6.759205e-18 2.172023e+01
343000 8.982265e-22 -4.098537e-20 6.759929e-18 1.301166e+02
344000 1.006277e-20 -4.105056e-20 6.769325e-18 1.457687e+03
345000 2.277289e-21 -4.095708e-20 6.911490e-18 3.298867e+02
346000 1.389308e-21 -3.646754e-20 6.864981e-18 2.012543e+02
347000 4.663738e-21 -3.757755e-20 6.867086e-18 6.755864e+02
348000 2.105099e-21 -3.726975e-20 6.864835e-18 3.049435e+02
349000 5.405974e-22 -3.738482e-20 6.863156e-18 7.831061e+01
350000 2.004529e-21 -3.843641e-20 7.013568e-18 2.903749e+02
351000 5.102995e-21 -3.878185e-20 6.973774e-18 7.392169e+02
352000 1.099869e-21 -3.881409e-20 6.967592e-18 1.593264e+02
353000 8.170119e-23 -3.888995e-20 6.964394e-18 1.183519e+01
354000 9.818664e-21 -3.889505e-20 6.974126e-18 1.422326e+03
355000 1.158613e-21 -3.897397e-20 7.117720e-18 1.678360e+02
356000 7.734839e-21 -3.766397e-20 7.070085e-18 1.120464e+03
357000 5.137735e-22 -3.650464e-20 7.064041e-18 7.442492e+01
358000 4.793089e-23 -3.672784e-20 7.063320e-18 6.943241e+00
359000 5.168028e-22 -3.758598e-20 7.062933e-18 7.486375e+01
360000 8.247488e-22 -3.705945e-20 7.213765e-18 1.194726e+02
361000 8.824219e-21 -3.759570e-20 7.173022e-18 1.278271e+03
362000 1.759663e-22 -3.802931e-20 7.166721e-18 2.549037e+01
363000 1.391767e-21 -3.794586e-20 7.165064e-18 2.016105e+02
364000 2.411493e-21 -3.778545e-20 7.164859e-18 3.493274e+02
365000 1.776226e-22 -3.755820e-20 7.315460e-18 2.573031e+01
366000 1.317048e-22 -3.805404e-20 7.270196e-18 1.907868e+01
367000 1.429770e-20 -3.804670e-20 7.284120e-18 2.071156e+03
368000 1.246483e-20 -3.785480e-20 7.291592e-18 1.805648e+03
369000 7.059336e-22 -3.819386e-20 7.283733e-18 1.022611e+02
370000 8.781342e-22 -3.803697e-20 7.420449e-18 1.272060e+02
371000 7.958570e-21 -3.307356e-20 7.374885e-18 1.152874e+03
372000 1.370126e-23 -3.368409e-20 7.366330e-18 1.984756e+00
373000 3.111801e-23 -3.289813e-20 7.367133e-18 4.507737e+00
374000 1.507057e-23 -3.214895e-20 7.367866e-18 2.183113e+00
375000 4.494967e-21 -3.024727e-20 7.524248e-18 6.511382e+02
376000 4.116981e-21 -3.440704e-20 7.469878e-18 5.963834e+02
377000 3.893350e-22 -3.408282e-20 7.466314e-18 5.639883e+01
378000 5.769106e-21 -3.241768e-20 7.473354e-18 8.357093e+02
379000 7.888177e-21 -3.466222e-20 7.474467e-18 1.142677e+03
380000 5.699949e-21 -3.444957e-20 7.621491e-18 8.256912e+02
381000 7.794431e-22 -3.894909e-20 7.561899e-18 1.129097e+02
382000 7.848010e-21 -3.941127e-20 7.568437e-18 1.136858e+03
383000 5.321197e-21 -3.979348e-20 7.565528e-18 7.708254e+02
384000 2.184411e-21 -4.041980e-20 7.562916e-18 3.164324e+02
385000 4.761134e-21 -3.978173e-20 7.714979e-18 6.896951e+02
386000 4.706946e-21 -3.475461e-20 7.670060e-18 6.818454e+02
387000 6.051553e-22 -3.493998e-20 7.666758e-18 8.766245e+01
388000 9.779395e-26 -3.226848e-20 7.667732e-18 1.416637e-02
389000 3.496767e-22 -3.490224e-20 7.666158e-18 5.065396e+01
390000 3.054846e-21 -3.446947e-20 7.818586e-18 4.425232e+02
391000 2.975982e-22 -3.598643e-20 7.778878e-18 4.310990e+01
392000 1.176181e-23 -3.649790e-20 7.765418e-18 1.703809e+00
393000 5.263652e-21 -3.631552e-20 7.769677e-18 7.624896e+02
394000 3.170072e-21 -3.620327e-20 7.769152e-18 4.592148e+02
395000 2.120761e-22 -3.633346e-20 7.914539e-18 3.072122e+01
396000 8.942485e-21 -3.372065e-20 7.876011e-18 1.295403e+03
397000 6.259033e-22 -2.596077e-20 7.874665e-18 9.066799e+01
398000 1.969249e-22 -3.197685e-20 7.868220e-18 2.852642e+01
399000 2.832892e-22 -2.361801e-20 7.876665e-18 4.103711e+01
400000 4.960840e-21 -2.800408e-20 8.026957e-18 7.186243e+02
401000 5.272406e-21 -3.368099e-20 7.972098e-18 7.637577e+02
402000 1.022499e-21 -3.275442e-20 7.968268e-18 1.481185e+02
403000 1.117921e-21 -3.354227e-20 7.967667e-18 1.619413e+02
404000 5.081766e-21 -2.973307e-20 7.975349e-18 7.361416e+02
405000 1.120838e-22 -2.910023e-20 8.121086e-18 1.623639e+01
406000 2.542104e-22 -4.106047e-20 8.059353e-18 3.682477e+01
407000 1.232106e-20 -4.092982e-20 8.071549e-18 1.784821e+03
408000 2.382813e-22 -4.095198e-20 8.059321e-18 3.451729e+01
409000 4.592911e-21 -4.106173e-20 8.063719e-18 6.653263e+02
410000 3.884440e-23 -4.095722e-20 8.209105e-18 5.626977e+00
411000 1.175489e-22 -4.008852e-20 8.166072e-18 1.702807e+01
412000 6.825200e-22 -4.043237e-20 8.161808e-18 9.886945e+01
413000 9.724692e-21 -4.030267e-20 8.169521e-18 1.408713e+03
414000 9.961353e-22 -4.045956e-20 8.163433e-18 1.442996e+02
415000 6.875005e-22 -4.046940e-20 8.313800e-18 9.959091e+01
416000 1.654538e-22 -4.011491e-20 8.264799e-18 2.396754e+01
417000 5.274893e-22 -4.008433e-20 8.267253e-18 7.641178e+01
418000 6.257485e-22 -4.011045e-20 8.265497e-18 9.064556e+01
419000 1.419064e-23 -4.027112e-20 8.271587e-18 2.055647e+00
420000 1.096801e-21 -4.013617e-20 8.414903e-18 1.588820e+02
421000 4.026805e-24 -3.889338e-20 8.361285e-18 5.833206e-01
422000 1.135590e-23 -3.919294e-20 8.361022e-18 1.645008e+00
423000 9.321259e-23 -3.910558e-20 8.361033e-18 1.350272e+01
424000 5.846342e-21 -3.904552e-20 8.366825e-18 8.468977e+02
425000 2.347143e-21 -3.910159e-20 8.513288e-18 3.400057e+02
426000 7.142638e-22 -3.702325e-20 8.463714e-18 1.034678e+02
427000 4.845908e-23 -3.705958e-20 8.463019e-18 7.019753e+00
428000 3.048019e-21 -3.712052e-20 8.465986e-18 4.415343e+02
429000 1.762855e-22 -3.648497e-20 8.466033e-18 2.553662e+01
430000 3.426800e-21 -3.639140e-20 8.621660e-18 4.964042e+02
431000 4.820894e-23 -4.106993e-20 8.561963e-18 6.983519e+00
432000 4.903710e-22 -4.106035e-20 8.561223e-18 7.103485e+01
433000 1.389029e-21 -4.106533e-20 8.562435e-18 2.012140e+02
434000 1.189142e-21 -4.105467e-20 8.562177e-18 1.722584e+02
435000 4.047494e-22 -4.107271e-20 8.713207e-18 5.863177e+01
436000 2.080159e-21 -2.124633e-20 8.680834e-18 3.013306e+02
437000 1.108492e-21 -2.729879e-20 8.677418e-18 1.605755e+02
438000 8.524625e-23 -2.655430e-20 8.673532e-18 1.234872e+01
439000 6.297056e-23 -2.161803e-20 8.678445e-18 9.121878e+00
440000 1.497798e-20 -2.287341e-20 8.842105e-18 2.169701e+03
441000 9.891785e-22 -2.684147e-20 8.774189e-18 1.432918e+02
442000 1.185191e-23 -2.533721e-20 8.774675e-18 1.716861e+00
443000 1.029301e-21 -2.678288e-20 8.774266e-18 1.491040e+02
444000 2.206283e-21 -2.522145e-20 8.776985e-18 3.196008e+02
445000 1.471715e-21 -2.550871e-20 8.925963e-18 2.131918e+02
446000 2.971323e-23 -3.363483e-20 8.866689e-18 4.304241e+00
447000 1.453205e-21 -3.074650e-20 8.870707e-18 2.105104e+02
448000 7.703379e-22 -3.298108e-20 8.867789e-18 1.115907e+02
449000 4.654185e-21 -3.216300e-20 8.872491e-18 6.742025e+02
450000 1.121964e-21 -3.304312e-20 9.018079e-18 1.625270e+02
451000 5.658716e-21 -3.214004e-20 8.973756e-18 8.197183e+02
452000 1.274200e-20 -3.072575e-20 8.982016e-18 1.845799e+03
453000 3.339458e-24 -2.968476e-20 8.977768e-18 4.837519e-01
454000 5.323808e-22 -3.117409e-20 8.969358e-18 7.712037e+01
455000 5.185339e-22 -3.227997e-20 9.119314e-18 7.511451e+01
456000 4.915407e-21 -3.072243e-20 9.074193e-18 7.120430e+02
457000 2.302112e-21 -3.068629e-20 9.071616e-18 3.334826e+02
458000 5.039376e-21 -3.008051e-20 9.075186e-18 7.300011e+02
459000 1.801926e-21 -3.059248e-20 9.071210e-18 2.610259e+02
460000 4.016909e-21 -3.145638e-20 9.223274e-18 5.818870e+02
461000 3.885345e-21 -2.694055e-20 9.177076e-18 5.628287e+02
462000 6.380555e-22 -2.673965e-20 9.173931e-18 9.242835e+01
463000 7.366099e-24 -2.700485e-20 9.173263e-18 1.067049e+00
464000 1.057441e-21 -2.647114e-20 9.175025e-18 1.531803e+02
465000 4.379909e-21 -2.647323e-20 9.328336e-18 6.344711e+02
466000 8.812727e-24 -3.385689e-20 9.269698e-18 1.276606e+00
467000 1.219340e-21 -3.359106e-20 9.274061e-18 1.766329e+02
468000 2.215585e-21 -3.366050e-20 9.272505e-18 3.209483e+02
469000 5.713627e-21 -3.378666e-20 9.274556e-18 8.276726e+02
470000 6.739064e-21 -3.378493e-20 9.425576e-18 9.762168e+02
471000 3.244829e-21 -4.106160e-20 9.363429e-18 4.700441e+02
472000 1.617766e-23 -4.104790e-20 9.362712e-18 2.343487e+00
473000 2.251457e-21 -4.107569e-20 9.362535e-18 3.261448e+02
474000 1.321200e-24 -4.108150e-20 9.361621e-18 1.913883e-01
475000 6.392940e-21 -4.108860e-20 9.522470e-18 9.260776e+02
476000 4.532187e-21 -3.870228e-20 9.476425e-18 6.565299e+02
477000 4.402041e-26 -3.846167e-20 9.480340e-18 6.376771e-03
478000 2.085999e-21 -3.862254e-20 9.472649e-18 3.021765e+02
479000 5.448621e-22 -3.872517e-20 9.473633e-18 7.892841e+01
480000 1.392355e-21 -3.867662e-20 9.622376e-18 2.016957e+02
481000 1.052739e-20 -2.371969e-20 9.588202e-18 1.524992e+03
482000 4.408944e-22 -2.423708e-20 9.576223e-18 6.386770e+01
483000 4.310328e-21 -2.420947e-20 9.580118e-18 6.243916e+02
484000 2.189817e-22 -2.455352e-20 9.576163e-18 3.172157e+01
485000 3.069806e-21 -2.443140e-20 9.728781e-18 4.446903e+02
486000 4.840281e-21 -1.522741e-20 9.689620e-18 7.011603e+02
487000 1.109243e-21 -1.463998e-20 9.686469e-18 1.606842e+02
488000 1.106258e-21 -1.414062e-20 9.686966e-18 1.602519e+02
489000 3.546457e-21 -1.434645e-20 9.689200e-18 5.137377e+02
490000 1.668557e-22 -7.978915e-21 9.842188e-18 2.417062e+01
491000 3.328390e-21 -4.989352e-22 9.802829e-18 4.821487e+02
492000 2.389135e-21 -1.278873e-20 9.789600e-18 3.460887e+02
493000 3.359218e-21 -1.955963e-20 9.783800e-18 4.866144e+02
494000 6.128489e-22 -1.543677e-20 9.785176e-18 8.877694e+01
495000 1.394612e-23 -9.939855e-21 9.940074e-18 2.020227e+00
496000 3.180001e-21 -5.243774e-21 9.897936e-18 4.606530e+02
497000 1.186373e-22 -5.266620e-21 9.894852e-18 1.718573e+01
498000 4.589837e-21 -8.703035e-22 9.903720e-18 6.648811e+02
499000 1.360982e-21 -5.982972e-21 9.895378e-18 1.971510e+02
500000 1.956960e-20 -2.545267e-22 1.006932e-17 2.834840e+03
501000 3.049536e-22 -1.554433e-21 9.998751e-18 4.417540e+01
502000 8.583482e-24 -2.079078e-21 9.997930e-18 1.243398e+00
503000 1.042071e-24 -6.505083e-21 9.993496e-18 1.509537e-01
504000 7.280206e-22 -7.638602e-22 9.999964e-18 1.054606e+02
505000 2.104242e-21 -3.204517e-21 1.014890e-17 3.048192e+02
506000 3.205801e-22 -2.485143e-20 1.010015e-17 4.643905e+01
507000 3.191388e-21 -2.141085e-20 1.011421e-17 4.623025e+02
508000 6.239178e-24 -2.098835e-20 1.009608e-17 9.038036e-01
509000 6.439746e-21 -1.727561e-20 1.009513e-17 9.328578e+02
510000 2.961376e-21 -1.702679e-20 1.024658e-17 4.289832e+02
511000 2.383081e-22 -1.526908e-20 1.018498e-17 3.452117e+01
512000 2.035204e-21 -1.531601e-20 1.018674e-17 2.948184e+02
513000 1.231889e-21 -1.141375e-20 1.018982e-17 1.784508e+02
514000 1.238029e-22 -1.455867e-20 1.018557e-17 1.793402e+01
515000 2.272566e-22 -9.193202e-21 1.034103e-17 3.292026e+01
516000 1.640137e-21 -8.650154e-21 1.029843e-17 2.375893e+02
517000 4.696479e-21 -8.625503e-21 1.030093e-17 6.803292e+02
518000 8.576822e-22 -8.545391e-21 1.029692e-17 1.242433e+02
519000 1.798963e-22 -8.623856e-21 1.029638e-17 2.605967e+01
520000 2.846454e-21 -8.519989e-21 1.044938e-17 4.123356e+02
521000 2.780772e-21 -1.114496e-20 1.039164e-17 4.028210e+02
522000 9.218088e-22 -1.437695e-20 1.038654e-17 1.335327e+02
523000 1.124508e-21 -1.412078e-20 1.038700e-17 1.628955e+02
524000 4.778727e-23 -1.052980e-20 1.038952e-17 6.922436e+00
525000 9.615151e-21 -1.191308e-20 1.054770e-17 1.392845e+03
526000 1.245921e-21 -1.378924e-20 1.048746e-17 1.804834e+02
527000 6.408838e-23 -1.326366e-20 1.048680e-17 9.283805e+00
528000 8.155483e-22 -1.581333e-20 1.048918e-17 1.181398e+02
529000 7.899382e-22 -1.311897e-20 1.048768e-17 1.144300e+02
530000 9.648334e-22 -1.440771e-20 1.063656e-17 1.397652e+02
531000 2.079370e-23 -1.307403e-20 1.058696e-17 3.012163e+00
532000 1.033498e-20 -1.383724e-20 1.060373e-17 1.497120e+03
533000 1.017193e-22 -1.261633e-20 1.058950e-17 1.473499e+01
534000 3.887557e-22 -1.368662e-20 1.058896e-17 5.631492e+01
535000 4.762811e-23 -1.339302e-20 1.073676e-17 6.899380e+00
536000 3.037783e-21 -1.241502e-20 1.070039e-17 4.400515e+02
537000 2.073151e-22 -1.263131e-20 1.069066e-17 3.003155e+01
538000 1.026761e-21 -1.270527e-20 1.069179e-17 1.487360e+02
539000 1.954982e-21 -1.244575e-20 1.069754e-17 2.831975e+02
540000 7.141459e-21 -1.256492e-20 1.084841e-17 1.034508e+03
541000 1.937366e-21 -7.185320e-21 1.079489e-17 2.806456e+02
542000 1.670200e-21 -4.921514e-21 1.079675e-17 2.419442e+02
543000 2.448291e-21 -4.280790e-21 1.079817e-17 3.546581e+02
544000 2.590304e-21 -7.063233e-21 1.079555e-17 3.752299e+02
545000 4.025048e-21 -5.417699e-21 1.094861e-17 5.830660e+02
546000 1.287725e-22 -4.659442e-21 1.089549e-17 1.865390e+01
547000 3.450718e-22 -4.938931e-21 1.089794e-17 4.998690e+01
548000 1.403738e-22 -4.551111e-21 1.089559e-17 2.033447e+01
549000 2.681792e-22 -4.154609e-21 1.089611e-17 3.884828e+01
550000 6.832830e-21 -3.791008e-21 1.105312e-17 9.897998e+02
551000 1.353058e-21 -2.617330e-21 1.099876e-17 1.960032e+02
552000 3.776227e-22 -7.055584e-22 1.099967e-17 5.470219e+01
553000 3.828624e-24 -4.915090e-22 1.099952e-17 5.546123e-01
554000 9.563718e-23 -8.611621e-22 1.099923e-17 1.385394e+01
555000 9.244464e-22 -2.049455e-21 1.114887e-17 1.339148e+02
556000 5.605854e-22 -1.160379e-21 1.109940e-17 8.120608e+01
557000 3.761159e-21 -5.310825e-22 1.110323e-17 5.448393e+02
558000 3.313887e-21 -1.055495e-21 1.110226e-17 4.800477e+02
559000 4.123040e-22 -1.662598e-21 1.109906e-17 5.972611e+01
560000 1.356316e-21 -1.091777e-21 1.125026e-17 1.964752e+02
561000 2.406419e-21 -6.381056e-21 1.119603e-17 3.485924e+02
562000 2.034330e-21 -6.286917e-21 1.119575e-17 2.946919e+02
563000 5.278588e-21 -7.213260e-21 1.119827e-17 7.646532e+02
564000 7.193127e-23 -7.120238e-21 1.119300e-17 1.041992e+01
565000 1.003708e-21 -6.797264e-21 1.134421e-17 1.453966e+02
566000 1.081647e-22 -1.867240e-20 1.128624e-17 1.566868e+01
567000 4.300427e-22 -1.869675e-20 1.128628e-17 6.229573e+01
568000 1.427434e-22 -1.872399e-20 1.128584e-17 2.067772e+01
569000 1.253125e-21 -1.876159e-20 1.128703e-17 1.815269e+02
570000 3.114121e-21 -1.874783e-20 1.143882e-17 4.511098e+02
571000 5.993803e-22 -1.981737e-20 1.141701e-17 8.682588e+01
572000 7.124619e-22 -2.104390e-20 1.139493e-17 1.032068e+02
573000 3.482145e-23 -2.129777e-20 1.140154e-17 5.044215e+00
574000 4.167355e-21 -2.134573e-20 1.140945e-17 6.036806e+02
575000 2.003897e-23 -2.120721e-20 1.154612e-17 2.902833e+00
576000 2.201272e-25 -1.094817e-20 1.148914e-17 3.188750e-02
577000 3.577344e-21 -1.069805e-20 1.149288e-17 5.182119e+02
578000 2.521558e-21 -1.079434e-20 1.149174e-17 3.652715e+02
579000 3.600620e-22 -9.792453e-21 1.149358e-17 5.215837e+01
580000 4.082772e-21 -1.064978e-20 1.164343e-17 5.914280e+02
581000 7.130753e-22 -1.020718e-20 1.160253e-17 1.032957e+02
582000 1.867390e-20 -1.005509e-20 1.161253e-17 2.705090e+03
583000 1.592262e-21 -1.002771e-20 1.159472e-17 2.306541e+02
584000 1.879408e-20 -9.835015e-21 1.161134e-17 2.722499e+03
585000 8.384758e-22 -1.008490e-20 1.174570e-17 1.214611e+02
586000 2.933658e-23 -7.266466e-21 1.169877e-17 4.249680e+00
587000 1.065412e-21 -7.539629e-21 1.170225e-17 1.543350e+02
588000 1.069259e-21 -7.178290e-21 1.170568e-17 1.548922e+02
589000 3.093823e-22 -7.411689e-21 1.169665e-17 4.481693e+01
590000 4.091618e-22 -7.532988e-21 1.185117e-17 5.927093e+01
591000 4.908018e-21 -2.709899e-21 1.180244e-17 7.109726e+02
592000 3.171212e-21 -2.616649e-21 1.180059e-17 4.593800e+02
593000 9.806495e-24 -2.528325e-21 1.179757e-17 1.420563e+00
594000 1.854169e-21 -2.541249e-21 1.179938e-17 2.685938e+02
595000 2.844265e-21 -2.667016e-21 1.195027e-17 4.120185e+02
596000 4.740662e-22 -4.538456e-21 1.189594e-17 6.867295e+01
597000 1.904618e-22 -4.608323e-21 1.189559e-17 2.759018e+01
598000 8.012486e-23 -4.600095e-21 1.189549e-17 1.160684e+01
599000 7.458922e-21 -4.381804e-21 1.190326e-17 1.080495e+03
600000 5.664931e-23 -4.393163e-21 1.204581e-17 8.206186e+00
601000 1.824398e-21 -4.219911e-21 1.203158e-17 2.642812e+02
602000 1.192330e-22 -6.171186e-21 1.199477e-17 1.727202e+01
603000 3.072888e-22 -6.151179e-21 1.199482e-17 4.451367e+01
604000 8.867768e-21 -5.976042e-21 1.200413e-17 1.284580e+03
605000 1.704337e-24 -6.128356e-21 1.214441e-17 2.468892e-01
606000 5.713149e-21 -4.801875e-21 1.210571e-17 8.276034e+02
607000 3.112423e-21 -5.053471e-21 1.210722e-17 4.508638e+02
608000 1.409536e-22 -4.955672e-21 1.209886e-17 2.041845e+01
609000 2.212655e-21 -2.277761e-21 1.211179e-17 3.205238e+02
610000 3.563827e-21 -2.336542e-21 1.225891e-17 5.162539e+02
611000 1.761955e-22 -4.537342e-22 1.219972e-17 2.552357e+01
612000 3.870235e-22 -9.265983e-21 1.219260e-17 5.606400e+01
613000 1.180999e-21 -7.220572e-21 1.219396e-17 1.710788e+02
614000 9.763801e-23 -7.657089e-21 1.219244e-17 1.414378e+01
615000 1.763839e-21 -3.879825e-21 1.234788e-17 2.555087e+02
616000 2.254579e-22 -8.383637e-21 1.229184e-17 3.265970e+01
617000 1.907033e-21 -8.021424e-21 1.229389e-17 2.762517e+02
618000 3.219159e-21 -9.155108e-21 1.229448e-17 4.663255e+02
619000 3.595734e-22 -4.762764e-21 1.229560e-17 5.208759e+01
620000 3.602852e-22 -5.130962e-21 1.244523e-17 5.219070e+01
621000 8.466929e-21 -6.164229e-21 1.240230e-17 1.226514e+03
622000 1.611495e-21 -7.584450e-21 1.239403e-17 2.334402e+02
623000 1.444393e-21 -8.620932e-21 1.239282e-17 2.092340e+02
624000 2.023376e-21 -6.035032e-21 1.239599e-17 2.931050e+02
625000 7.149076e-22 -9.223427e-21 1.254242e-17 1.035611e+02
626000 6.946114e-24 -7.191871e-21 1.249282e-17 1.006210e+00
627000 4.391511e-21 -8.383431e-21 1.249615e-17 6.361516e+02
628000 2.039428e-22 -7.533315e-21 1.249267e-17 2.954303e+01
629000 4.764185e-22 -7.356666e-21 1.249312e-17 6.901371e+01
630000 6.923538e-21 -8.058955e-21 1.264887e-17 1.002940e+03
631000 8.442132e-23 -9.529558e-22 1.259913e-17 1.222922e+01
632000 4.346099e-21 -1.162365e-21 1.260318e-17 6.295733e+02
633000 2.308174e-21 -1.245467e-22 1.260218e-17 3.343607e+02
634000 1.572524e-22 -2.239606e-23 1.260013e-17 2.277949e+01
635000 6.591615e-22 -6.334500e-22 1.275003e-17 9.548575e+01
636000 6.802666e-22 -2.137032e-22 1.270047e-17 9.854302e+01
637000 2.911231e-21 -3.934181e-23 1.270287e-17 4.217192e+02
638000 2.596499e-22 -9.430398e-23 1.270017e-17 3.761274e+01
639000 1.029464e-20 -3.715102e-23 1.271026e-17 1.491275e+03
640000 8.957000e-21 -2.513745e-24 1.285895e-17 1.297506e+03
641000 3.619506e-22 -1.496695e-22 1.280021e-17 5.243195e+01
642000 7.299242e-23 -3.275532e-22 1.279975e-17 1.057364e+01
643000 4.752118e-21 -1.536207e-22 1.280460e-17 6.883890e+02
644000 4.649036e-21 -3.197308e-22 1.280433e-17 6.734566e+02
645000 5.583481e-22 -2.780182e-22 1.295028e-17 8.088197e+01
646000 7.725875e-22 -5.814803e-23 1.290071e-17 1.119166e+02
647000 2.604273e-24 -1.297066e-23 1.290006e-17 3.772534e-01
648000 1.867966e-22 -5.362880e-24 1.290141e-17 2.705924e+01
649000 9.307682e-21 -7.280052e-23 1.290923e-17 1.348305e+03
650000 4.556115e-21 -1.113205e-22 1.305448e-17 6.599961e+02
651000 3.537126e-21 -9.583391e-22 1.300259e-17 5.123859e+02
652000 1.315441e-21 -1.033996e-21 1.300028e-17 1.905540e+02
653000 5.260198e-21 -2.221432e-21 1.300304e-17 7.619892e+02
654000 5.710508e-21 -2.141856e-21 1.300357e-17 8.272208e+02
655000 1.216771e-25 -3.409196e-21 1.314754e-17 1.762607e-02
656000 6.073893e-21 -2.722963e-21 1.310335e-17 8.798606e+02
657000 8.395192e-23 -1.741024e-21 1.309834e-17 1.216123e+01
658000 1.265204e-23 -2.096655e-21 1.309792e-17 1.832767e+00
659000 1.127474e-21 -2.878421e-21 1.309840e-17 1.633253e+02
660000 1.872867e-21 -1.336784e-21 1.325054e-17 2.713025e+02
661000 4.447420e-23 -2.608405e-21 1.319744e-17 6.442506e+00
662000 9.383889e-23 -2.980548e-21 1.319832e-17 1.359345e+01
663000 4.600090e-23 -3.031228e-21 1.319984e-17 6.663664e+00
664000 3.282382e-25 -2.166889e-21 1.319783e-17 4.754839e-02
665000 1.223952e-22 -1.638479e-21 1.334956e-17 1.773010e+01
666000 4.797255e-22 -2.457566e-21 1.329802e-17 6.949276e+01
667000 1.591250e-21 -2.789622e-21 1.329882e-17 2.305075e+02
668000 8.077192e-21 -3.057797e-21 1.330924e-17 1.170057e+03
669000 8.156277e-22 -2.337527e-21 1.329848e-17 1.181513e+02
670000 5.393205e-21 -2.803449e-21 1.345261e-17 7.812564e+02
671000 1.719051e-21 -2.171973e-21 1.339955e-17 2.490207e+02
672000 8.823858e-22 -2.344522e-21 1.339880e-17 1.278219e+02
673000 1.644846e-21 -2.004562e-21 1.340012e-17 2.382714e+02
674000 1.808995e-22 -2.034720e-21 1.339837e-17 2.620499e+01
675000 7.025774e-23 -2.361728e-21 1.354811e-17 1.017749e+01
676000 1.955920e-21 -4.592429e-21 1.349830e-17 2.833334e+02
677000 1.972481e-22 -4.533417e-21 1.349608e-17 2.857324e+01
678000 1.900715e-22 -4.534576e-21 1.349608e-17 2.753364e+01
679000 1.486745e-22 -4.322330e-21 1.349798e-17 2.153690e+01
680000 4.753196e-23 -4.518805e-21 1.364589e-17 6.885452e+00
681000 6.494221e-21 -1.360080e-21 1.360641e-17 9.407490e+02
682000 1.637667e-21 -1.698629e-21 1.360073e-17 2.372314e+02
683000 1.986050e-21 -1.593788e-21 1.360043e-17 2.876980e+02
684000 2.774329e-22 -1.379605e-21 1.359966e-17 4.018877e+01
685000 6.707968e-23 -1.622614e-21 1.374854e-17 9.717123e+00
686000 3.111594e-23 -9.845090e-22 1.369911e-17 4.507437e+00
687000 1.609903e-23 -1.090396e-21 1.370113e-17 2.332096e+00
688000 2.268752e-21 -8.207765e-22 1.370397e-17 3.286501e+02
689000 1.837151e-22 -1.010901e-21 1.369935e-17 2.661286e+01
690000 2.297144e-22 -8.682163e-22 1.384989e-17 3.327629e+01
691000 1.005677e-22 -1.820269e-20 1.378190e-17 1.456818e+01
692000 3.836729e-21 -2.189706e-20 1.378237e-17 5.557862e+02
693000 4.099143e-21 -2.188992e-20 1.378261e-17 5.937995e+02
694000 1.141701e-22 -2.200696e-20 1.377928e-17 1.653862e+01
695000 1.161492e-20 -2.130435e-20 1.394031e-17 1.682531e+03
696000 3.166990e-21 -1.708276e-20 1.388608e-17 4.587683e+02
697000 2.834851e-21 -1.881687e-20 1.388402e-17 4.106549e+02
698000 1.310686e-22 -1.928895e-20 1.388084e-17 1.898652e+01
699000 4.583718e-21 -1.476763e-20 1.388982e-17 6.639946e+02
700000 4.625562e-22 -1.793966e-20 1.403252e-17 6.700562e+01
701000 3.104592e-21 -1.673985e-20 1.398639e-17 4.497294e+02
702000 4.871039e-22 -1.176770e-20 1.398872e-17 7.056159e+01
703000 5.263807e-21 -1.659776e-20 1.398867e-17 7.625120e+02
704000 1.024667e-21 -1.403755e-20 1.398699e-17 1.484326e+02
705000 4.661258e-21 -1.242567e-20 1.414224e-17 6.752271e+02
706000 3.699837e-21 -2.058022e-20 1.408669e-17 5.359562e+02
707000 2.081833e-21 -1.884800e-20 1.408391e-17 3.015731e+02
708000 4.980612e-25 -1.961913e-20 1.408038e-17 7.214885e-02
709000 3.530367e-22 -2.029480e-20 1.408035e-17 5.114068e+01
710000 2.291315e-21 -1.971595e-20 1.423258e-17 3.319186e+02
711000 3.568238e-21 -1.669418e-20 1.418689e-17 5.168929e+02
712000 3.811481e-21 -1.363195e-20 1.419019e-17 5.521289e+02
713000 2.348697e-22 -1.470909e-20 1.418553e-17 3.402309e+01
714000 1.599767e-21 -1.743524e-20 1.419715e-17 2.317413e+02
715000 1.099376e-22 -1.584696e-20 1.433426e-17 1.592550e+01
716000 1.163405e-20 -1.356357e-20 1.429809e-17 1.685302e+03
717000 1.347167e-20 -1.340033e-20 1.430020e-17 1.951498e+03
718000 2.357594e-25 -1.476218e-20 1.428530e-17 3.415197e-02
719000 1.450411e-22 -1.374190e-20 1.428640e-17 2.101057e+01
720000 6.747824e-21 -1.521305e-20 1.444674e-17 9.774858e+02
721000 6.629279e-22 -6.039877e-21 1.439463e-17 9.603134e+01
722000 1.864133e-21 -7.319563e-21 1.439486e-17 2.700372e+02
723000 3.068718e-23 -5.970920e-21 1.439407e-17 4.445327e+00
724000 1.834830e-21 -7.500480e-21 1.439720e-17 2.657923e+02
725000 5.297789e-21 -7.087166e-21 1.454822e-17 7.674346e+02
726000 6.545714e-28 -8.925100e-21 1.451549e-17 9.482082e-05
727000 1.177911e-20 -8.747985e-21 1.451177e-17 1.706314e+03
728000 1.239356e-21 -8.582776e-21 1.449899e-17 1.795323e+02
729000 1.151296e-20 -8.714966e-21 1.451006e-17 1.667760e+03
730000 2.257075e-22 -8.777392e-21 1.465192e-17 3.269585e+01
731000 4.420314e-22 -5.596043e-21 1.459812e-17 6.403241e+01
732000 8.140618e-22 -6.834391e-21 1.462028e-17 1.179245e+02
733000 6.822461e-22 -5.671342e-21 1.459630e-17 9.882977e+01
734000 1.137914e-21 -6.228228e-21 1.459493e-17 1.648375e+02
735000 4.339526e-21 -5.703349e-21 1.474947e-17 6.286212e+02
736000 1.779405e-20 -6.256847e-21 1.471307e-17 2.577636e+03
737000 8.019396e-21 -6.399987e-21 1.470220e-17 1.161685e+03
738000 3.038756e-28 -6.652605e-21 1.470068e-17 4.401924e-05
739000 1.607302e-21 -6.480087e-21 1.469631e-17 2.328328e+02
740000 7.798375e-21 -6.653040e-21 1.485850e-17 1.129668e+03
741000 4.220226e-21 -7.525959e-21 1.480822e-17 6.113395e+02
742000 1.180524e-22 -7.436854e-21 1.480948e-17 1.710100e+01
743000 5.701233e-21 -7.918904e-21 1.483988e-17 8.258772e+02
744000 3.553633e-23 -7.614354e-21 1.480415e-17 5.147771e+00
745000 9.018342e-21 -7.291667e-21 1.498598e-17 1.306392e+03
746000 9.808879e-23 -1.451019e-20 1.488848e-17 1.420908e+01
747000 3.635219e-22 -1.445974e-20 1.488779e-17 5.265957e+01
748000 3.828957e-21 -1.405883e-20 1.488979e-17 5.546605e+02
749000 1.452500e-21 -1.324998e-20 1.488889e-17 2.104083e+02
750000 9.321647e-22 -1.373721e-20 1.503720e-17 1.350328e+02
751000 2.409978e-22 -1.137971e-20 1.498890e-17 3.491080e+01
752000 3.717663e-21 -1.167541e-20 1.499328e-17 5.385385e+02
753000 5.426725e-23 -1.121043e-20 1.498885e-17 7.861121e+00
754000 3.265355e-22 -1.060831e-20 1.499158e-17 4.730174e+01
755000 2.007931e-22 -1.115751e-20 1.513905e-17 2.908677e+01
756000 1.717590e-21 -1.042312e-20 1.510123e-17 2.488091e+02
757000 1.981761e-22 -1.056765e-20 1.509663e-17 2.870767e+01
758000 3.067664e-21 -1.062444e-20 1.510076e-17 4.443800e+02
759000 3.117688e-22 -1.045177e-20 1.509849e-17 4.516265e+01
760000 1.193655e-22 -1.062272e-20 1.524775e-17 1.729122e+01
761000 2.630558e-21 -1.864687e-20 1.518778e-17 3.810611e+02
762000 4.964300e-23 -1.895777e-20 1.518393e-17 7.191256e+00
763000 5.145948e-22 -1.887993e-20 1.518351e-17 7.454391e+01
764000 3.829166e-21 -1.896857e-20 1.518791e-17 5.546908e+02
765000 4.829301e-22 -1.894254e-20 1.533412e-17 6.995697e+01
766000 4.976609e-21 -2.640106e-20 1.527858e-17 7.209087e+02
767000 2.672863e-21 -2.717071e-20 1.527550e-17 3.871894e+02
768000 1.269229e-20 -2.500463e-20 1.528769e-17 1.838598e+03
769000 4.229208e-21 -1.097417e-20 1.529326e-17 6.126405e+02
770000 4.315370e-21 -1.730808e-20 1.543701e-17 6.251219e+02
771000 3.307701e-21 -1.346000e-20 1.538985e-17 4.791516e+02
772000 2.371424e-24 -5.848870e-21 1.539415e-17 3.435231e-01
773000 5.378938e-21 -1.383853e-20 1.539156e-17 7.791898e+02
774000 5.792750e-22 -8.604016e-21 1.539198e-17 8.391343e+01
775000 3.517848e-21 -1.488718e-20 1.553954e-17 5.095934e+02
776000 6.434664e-21 -2.523004e-20 1.548120e-17 9.321217e+02
777000 3.463094e-21 -2.756514e-20 1.547590e-17 5.016618e+02
778000 2.406319e-21 -2.798467e-20 1.547443e-17 3.485780e+02
779000 2.547231e-22 -2.045079e-20 1.547982e-17 3.689905e+01
780000 6.095142e-21 -2.856841e-20 1.562794e-17 8.829386e+02
781000 9.698079e-21 -2.069640e-20 1.558901e-17 1.404858e+03
782000 4.942269e-21 -2.461520e-20 1.558033e-17 7.159342e+02
783000 1.404197e-21 -2.544937e-20 1.557595e-17 2.034111e+02
784000 3.050964e-22 -2.380085e-20 1.557650e-17 4.419608e+01
785000 6.555814e-21 -2.670726e-20 1.573019e-17 9.496713e+02
786000 2.266999e-21 -3.711654e-20 1.566830e-17 3.283961e+02
787000 2.670091e-22 -3.726736e-20 1.566412e-17 3.867878e+01
788000 5.886834e-25 -3.775952e-20 1.568123e-17 8.527632e-02
789000 4.035975e-22 -3.747021e-20 1.566545e-17 5.846489e+01
790000 4.487293e-21 -3.697043e-20 1.582632e-17 6.500266e+02
791000 3.599783e-21 -3.496194e-20 1.577745e-17 5.214625e+02
792000 2.343005e-21 -3.526327e-20 1.578474e-17 3.394063e+02
793000 2.310415e-22 -3.480777e-20 1.578614e-17 3.346853e+01
794000 2.157710e-22 -3.517544e-20 1.577564e-17 3.125646e+01
795000 2.818031e-21 -3.509676e-20 1.592507e-17 4.082183e+02
796000 1.696031e-21 -3.586375e-20 1.590142e-17 2.456860e+02
797000 7.131380e-22 -3.932919e-20 1.591508e-17 1.033047e+02
798000 7.909195e-22 -1.652925e-20 1.588811e-17 1.145721e+02
799000 6.618479e-22 -1.693299e-20 1.588403e-17 9.587490e+01
800000 7.591322e-22 -1.706526e-20 1.603456e-17 1.099674e+02
801000 3.495538e-21 -2.751214e-20 1.599003e-17 5.063615e+02
802000 3.435932e-21 -2.712720e-20 1.598262e-17 4.977271e+02
803000 5.056817e-22 -2.707395e-20 1.598166e-17 7.325276e+01
804000 1.629540e-20 -2.724540e-20 1.599370e-17 2.360542e+03
805000 2.386158e-22 -2.731415e-20 1.612823e-17 3.456574e+01
806000 1.690493e-22 -2.239794e-20 1.609406e-17 2.448838e+01
807000 2.446943e-22 -2.188057e-20 1.608819e-17 3.544628e+01
808000 5.117739e-22 -2.230524e-20 1.608850e-17 7.413527e+01
809000 1.019449e-21 -2.175217e-20 1.609765e-17 1.476768e+02
810000 1.235455e-22 -2.206824e-20 1.623270e-17 1.789673e+01
811000 1.437630e-22 -8.432820e-21 1.619171e-17 2.082543e+01
812000 1.020871e-21 -8.907972e-21 1.619211e-17 1.478828e+02
813000 7.378234e-21 -9.502415e-21 1.619788e-17 1.068807e+03
814000 4.912045e-22 -1.233192e-20 1.618910e-17 7.115560e+01
815000 3.260530e-21 -7.698920e-21 1.634556e-17 4.723185e+02
816000 8.445462e-23 -1.144326e-20 1.628872e-17 1.223405e+01
817000 1.786507e-22 -1.091778e-20 1.628952e-17 2.587923e+01
818000 2.557341e-22 -1.220485e-20 1.628868e-17 3.704549e+01
819000 1.863857e-22 -1.209855e-20 1.628854e-17 2.699972e+01
820000 6.002566e-22 -1.168145e-20 1.643904e-17 8.695282e+01
821000 6.889354e-21 1.777290e-19 1.658462e-17 9.979878e+02
822000 1.172898e-21 -2.169858e-20 1.642769e-17 1.699053e+02
823000 1.282776e-22 -2.058861e-20 1.638438e-17 1.858222e+01
824000 7.725771e-21 -2.028200e-20 1.639751e-17 1.119151e+03
825000 1.322556e-21 -2.055741e-20 1.653515e-17 1.915847e+02
826000 2.820867e-21 -3.177151e-20 1.647151e-17 4.086292e+02
827000 1.010566e-21 -3.345228e-20 1.647007e-17 1.463901e+02
828000 1.370576e-24 -3.196561e-20 1.646816e-17 1.985409e-01
829000 8.152454e-22 -3.194713e-20 1.646901e-17 1.180960e+02
830000 1.821462e-21 -3.345737e-20 1.662095e-17 2.638559e+02
831000 1.060118e-21 -3.014059e-20 1.657104e-17 1.535681e+02
832000 1.564557e-21 -2.998314e-20 1.657222e-17 2.266408e+02
833000 4.221969e-21 -3.001084e-20 1.657469e-17 6.115920e+02
834000 1.223463e-20 -3.025864e-20 1.658201e-17 1.772302e+03
835000 1.209342e-21 -3.066018e-20 1.672167e-17 1.751846e+02
836000 1.633038e-21 -2.965535e-20 1.668112e-17 2.365609e+02
837000 4.111364e-22 -2.975302e-20 1.667574e-17 5.955697e+01
838000 1.091342e-21 -2.981108e-20 1.667504e-17 1.580912e+02
839000 9.622796e-22 -2.957603e-20 1.668564e-17 1.393953e+02
840000 4.574634e-23 -2.985246e-20 1.682347e-17 6.626788e+00
841000 3.304999e-21 -4.085936e-20 1.678698e-17 4.787602e+02
842000 1.705038e-21 -4.090048e-20 1.679176e-17 2.469908e+02
843000 1.146022e-21 -4.057326e-20 1.676622e-17 1.660121e+02
844000 3.642298e-21 -4.050612e-20 1.677405e-17 5.276212e+02
845000 2.194192e-23 -4.058558e-20 1.691574e-17 3.178494e+00
846000 1.541212e-21 -3.979691e-20 1.686769e-17 2.232591e+02
847000 1.463186e-21 -3.964655e-20 1.686575e-17 2.119563e+02
848000 7.023209e-21 -3.987410e-20 1.688375e-17 1.017378e+03
849000 3.907000e-21 -3.965706e-20 1.686768e-17 5.659657e+02
850000 1.581211e-21 -3.980413e-20 1.701839e-17 2.290534e+02
851000 2.626270e-24 -2.859163e-20 1.699140e-17 3.804400e-01
852000 8.558636e-22 -3.127375e-20 1.701579e-17 1.239799e+02
853000 8.684759e-22 -3.216624e-20 1.696946e-17 1.258069e+02
854000 1.958516e-23 -3.164036e-20 1.696942e-17 2.837095e+00
855000 1.315561e-21 -3.215100e-20 1.711985e-17 1.905714e+02
856000 3.588254e-22 -1.341374e-20 1.710860e-17 5.197923e+01
857000 5.245708e-22 9.780375e-21 1.711030e-17 7.598902e+01
858000 2.085323e-20 -3.278025e-21 1.711758e-17 3.020786e+03
859000 2.583301e-21 1.471648e-20 1.711730e-17 3.742155e+02
860000 2.974479e-22 -2.706356e-21 1.724759e-17 4.308813e+01
861000 4.843133e-21 2.540172e-22 1.720682e-17 7.015734e+02
862000 3.230543e-21 -4.168883e-22 1.720934e-17 4.679746e+02
863000 3.631613e-21 7.701421e-21 1.721133e-17 5.260733e+02
864000 2.355234e-21 1.617667e-21 1.720402e-17 3.411778e+02
865000 3.659228e-22 -3.306103e-22 1.735563e-17 5.300736e+01
866000 5.087470e-22 3.043548e-21 1.730443e-17 7.369679e+01
867000 9.242883e-21 4.514269e-21 1.731377e-17 1.338919e+03
868000 8.089155e-21 1.018608e-20 1.731828e-17 1.171790e+03
869000 7.416109e-22 3.675070e-21 1.730459e-17 1.074293e+02
870000 3.477133e-21 2.246623e-21 1.746032e-17 5.036955e+02
871000 3.397331e-21 9.629778e-21 1.741303e-17 4.921353e+02
872000 4.738974e-21 6.829522e-21 1.741162e-17 6.864849e+02
873000 8.510843e-22 6.752253e-21 1.740767e-17 1.232876e+02
874000 5.427842e-21 7.497347e-21 1.741293e-17 7.862740e+02
875000 1.057040e-21 1.295563e-20 1.756401e-17 1.531222e+02
876000 2.388075e-21 1.658939e-20 1.752079e-17 3.459351e+02
877000 3.914744e-21 1.777323e-20 1.752185e-17 5.670875e+02
878000 1.407721e-21 1.745114e-20 1.751919e-17 2.039216e+02
879000 2.322997e-21 1.688340e-20 1.752025e-17 3.365079e+02
