FX FY FZ 
-2.316309e-10 0.000000e+00 0.000000e+00
2.680593e-10 0.000000e+00 0.000000e+00
4.674483e-10 0.000000e+00 0.000000e+00
-9.922025e-11 0.000000e+00 0.000000e+00
7.642831e-11 0.000000e+00 0.000000e+00
3.208070e-10 0.000000e+00 0.000000e+00
-2.085911e-10 0.000000e+00 0.000000e+00
-8.769988e-10 0.000000e+00 0.000000e+00
-2.077302e-10 0.000000e+00 0.000000e+00
-2.869351e-10 0.000000e+00 0.000000e+00
1.020917e-10 0.000000e+00 0.000000e+00
2.655541e-10 0.000000e+00 0.000000e+00
1.922008e-10 0.000000e+00 0.000000e+00
2.856607e-10 0.000000e+00 0.000000e+00
1.501605e-10 0.000000e+00 0.000000e+00
2.464092e-10 0.000000e+00 0.000000e+00
1.605898e-10 0.000000e+00 0.000000e+00
2.180027e-10 0.000000e+00 0.000000e+00
1.761145e-10 0.000000e+00 0.000000e+00
2.133736e-10 0.000000e+00 0.000000e+00
1.605387e-10 0.000000e+00 0.000000e+00
-5.373613e-10 0.000000e+00 0.000000e+00
-5.543764e-10 0.000000e+00 0.000000e+00
-5.110715e-10 0.000000e+00 0.000000e+00
-2.035573e-11 0.000000e+00 0.000000e+00
-3.202248e-10 0.000000e+00 0.000000e+00
-6.794836e-10 0.000000e+00 0.000000e+00
-5.171233e-10 0.000000e+00 0.000000e+00
-5.270258e-10 0.000000e+00 0.000000e+00
-3.797824e-10 0.000000e+00 0.000000e+00
-8.147518e-10 0.000000e+00 0.000000e+00
-1.568223e-09 0.000000e+00 0.000000e+00
-9.060486e-10 0.000000e+00 0.000000e+00
-1.213213e-09 0.000000e+00 0.000000e+00
-9.453113e-10 0.000000e+00 0.000000e+00
-1.027031e-09 0.000000e+00 0.000000e+00
-1.210729e-09 0.000000e+00 0.000000e+00
-1.417108e-09 0.000000e+00 0.000000e+00
-1.212851e-09 0.000000e+00 0.000000e+00
-1.177025e-09 0.000000e+00 0.000000e+00
-1.248868e-09 0.000000e+00 0.000000e+00
-1.543005e-09 0.000000e+00 0.000000e+00
-1.389613e-09 0.000000e+00 0.000000e+00
-1.369930e-09 0.000000e+00 0.000000e+00
-1.434650e-09 0.000000e+00 0.000000e+00
-1.500641e-09 0.000000e+00 0.000000e+00
-1.615852e-09 0.000000e+00 0.000000e+00
-1.698833e-09 0.000000e+00 0.000000e+00
-1.563114e-09 0.000000e+00 0.000000e+00
-1.615199e-09 0.000000e+00 0.000000e+00
-1.789917e-09 0.000000e+00 0.000000e+00
-1.670058e-09 0.000000e+00 0.000000e+00
-1.553030e-09 0.000000e+00 0.000000e+00
-1.617061e-09 0.000000e+00 0.000000e+00
-1.592871e-09 0.000000e+00 0.000000e+00
-1.599783e-09 0.000000e+00 0.000000e+00
-1.346850e-09 0.000000e+00 0.000000e+00
-1.404412e-09 0.000000e+00 0.000000e+00
-1.424142e-09 0.000000e+00 0.000000e+00
-1.353625e-09 0.000000e+00 0.000000e+00
-1.345520e-09 0.000000e+00 0.000000e+00
-1.860057e-09 0.000000e+00 0.000000e+00
-1.864152e-09 0.000000e+00 0.000000e+00
-1.931687e-09 0.000000e+00 0.000000e+00
-1.879855e-09 0.000000e+00 0.000000e+00
-1.891429e-09 0.000000e+00 0.000000e+00
-2.053246e-09 0.000000e+00 0.000000e+00
-2.064523e-09 0.000000e+00 0.000000e+00
-2.222340e-09 0.000000e+00 0.000000e+00
-2.153096e-09 0.000000e+00 0.000000e+00
-2.233519e-09 0.000000e+00 0.000000e+00
-2.345398e-09 0.000000e+00 0.000000e+00
-2.441550e-09 0.000000e+00 0.000000e+00
-2.726439e-09 0.000000e+00 0.000000e+00
-2.430022e-09 0.000000e+00 0.000000e+00
-2.414145e-09 0.000000e+00 0.000000e+00
-2.624465e-09 0.000000e+00 0.000000e+00
-2.657339e-09 0.000000e+00 0.000000e+00
-2.635535e-09 0.000000e+00 0.000000e+00
-2.568980e-09 0.000000e+00 0.000000e+00
-2.526938e-09 0.000000e+00 0.000000e+00
-1.684518e-09 0.000000e+00 0.000000e+00
-1.656947e-09 0.000000e+00 0.000000e+00
-1.664921e-09 0.000000e+00 0.000000e+00
-1.694834e-09 0.000000e+00 0.000000e+00
-1.695370e-09 0.000000e+00 0.000000e+00
-3.680386e-10 0.000000e+00 0.000000e+00
-4.810893e-10 0.000000e+00 0.000000e+00
-5.036917e-10 0.000000e+00 0.000000e+00
-5.679559e-10 0.000000e+00 0.000000e+00
-6.117026e-10 0.000000e+00 0.000000e+00
-4.808630e-10 0.000000e+00 0.000000e+00
-4.549920e-10 0.000000e+00 0.000000e+00
-4.933454e-10 0.000000e+00 0.000000e+00
-4.396502e-10 0.000000e+00 0.000000e+00
-5.354512e-10 0.000000e+00 0.000000e+00
-1.534945e-10 0.000000e+00 0.000000e+00
-9.819773e-12 0.000000e+00 0.000000e+00
-5.097796e-11 0.000000e+00 0.000000e+00
-5.924407e-11 0.000000e+00 0.000000e+00
5.468493e-11 0.000000e+00 0.000000e+00
1.181827e-10 0.000000e+00 0.000000e+00
1.318142e-10 0.000000e+00 0.000000e+00
1.277935e-10 0.000000e+00 0.000000e+00
1.305408e-10 0.000000e+00 0.000000e+00
1.404862e-10 0.000000e+00 0.000000e+00
-4.437253e-11 0.000000e+00 0.000000e+00
-2.187044e-10 0.000000e+00 0.000000e+00
-4.568118e-11 0.000000e+00 0.000000e+00
-2.077107e-10 0.000000e+00 0.000000e+00
-1.336364e-10 0.000000e+00 0.000000e+00
-2.183917e-10 0.000000e+00 0.000000e+00
-1.957325e-10 0.000000e+00 0.000000e+00
-2.465133e-10 0.000000e+00 0.000000e+00
-1.822759e-10 0.000000e+00 0.000000e+00
-2.014816e-10 0.000000e+00 0.000000e+00
2.313677e-11 0.000000e+00 0.000000e+00
-8.334501e-11 0.000000e+00 0.000000e+00
-2.856748e-11 0.000000e+00 0.000000e+00
-7.538293e-13 0.000000e+00 0.000000e+00
-5.038173e-11 0.000000e+00 0.000000e+00
6.050058e-12 0.000000e+00 0.000000e+00
-3.499631e-12 0.000000e+00 0.000000e+00
2.247158e-11 0.000000e+00 0.000000e+00
-9.433473e-12 0.000000e+00 0.000000e+00
-4.295947e-12 0.000000e+00 0.000000e+00
-2.604485e-10 0.000000e+00 0.000000e+00
-2.602036e-10 0.000000e+00 0.000000e+00
-2.437454e-10 0.000000e+00 0.000000e+00
-2.659893e-10 0.000000e+00 0.000000e+00
-2.385755e-10 0.000000e+00 0.000000e+00
-4.403621e-10 0.000000e+00 0.000000e+00
-4.289039e-10 0.000000e+00 0.000000e+00
-3.962342e-10 0.000000e+00 0.000000e+00
-4.595349e-10 0.000000e+00 0.000000e+00
-4.376574e-10 0.000000e+00 0.000000e+00
-3.918667e-10 0.000000e+00 0.000000e+00
-3.882943e-10 0.000000e+00 0.000000e+00
-3.813790e-10 0.000000e+00 0.000000e+00
-3.849208e-10 0.000000e+00 0.000000e+00
-3.761829e-10 0.000000e+00 0.000000e+00
-3.989478e-10 0.000000e+00 0.000000e+00
-4.746379e-10 0.000000e+00 0.000000e+00
-4.835259e-10 0.000000e+00 0.000000e+00
-4.941499e-10 0.000000e+00 0.000000e+00
-4.861029e-10 0.000000e+00 0.000000e+00
-1.115879e-09 0.000000e+00 0.000000e+00
-1.154633e-09 0.000000e+00 0.000000e+00
-1.166984e-09 0.000000e+00 0.000000e+00
-1.127440e-09 0.000000e+00 0.000000e+00
-1.127293e-09 0.000000e+00 0.000000e+00
5.601287e-10 0.000000e+00 0.000000e+00
5.403376e-10 0.000000e+00 0.000000e+00
4.402746e-10 0.000000e+00 0.000000e+00
3.565181e-10 0.000000e+00 0.000000e+00
5.586249e-10 0.000000e+00 0.000000e+00
-2.472611e-11 0.000000e+00 0.000000e+00
-1.744344e-10 0.000000e+00 0.000000e+00
-3.012950e-10 0.000000e+00 0.000000e+00
-2.332317e-10 0.000000e+00 0.000000e+00
1.034188e-09 0.000000e+00 0.000000e+00
-3.041750e-11 0.000000e+00 0.000000e+00
1.986191e-11 0.000000e+00 0.000000e+00
4.770560e-10 0.000000e+00 0.000000e+00
-3.763679e-12 0.000000e+00 0.000000e+00
5.113298e-10 0.000000e+00 0.000000e+00
-6.935014e-11 0.000000e+00 0.000000e+00
3.816730e-11 0.000000e+00 0.000000e+00
1.429109e-10 0.000000e+00 0.000000e+00
1.518586e-10 0.000000e+00 0.000000e+00
-3.225513e-10 0.000000e+00 0.000000e+00
1.947183e-10 0.000000e+00 0.000000e+00
-1.573069e-11 0.000000e+00 0.000000e+00
4.719032e-11 0.000000e+00 0.000000e+00
8.796464e-11 0.000000e+00 0.000000e+00
-1.540377e-10 0.000000e+00 0.000000e+00
2.997775e-10 0.000000e+00 0.000000e+00
-1.000251e-10 0.000000e+00 0.000000e+00
1.335610e-11 0.000000e+00 0.000000e+00
1.229853e-10 0.000000e+00 0.000000e+00
-5.553679e-11 0.000000e+00 0.000000e+00
2.208684e-10 0.000000e+00 0.000000e+00
2.592017e-10 0.000000e+00 0.000000e+00
2.614531e-10 0.000000e+00 0.000000e+00
9.400032e-11 0.000000e+00 0.000000e+00
3.786308e-10 0.000000e+00 0.000000e+00
4.302960e-10 0.000000e+00 0.000000e+00
4.154242e-10 0.000000e+00 0.000000e+00
4.374127e-10 0.000000e+00 0.000000e+00
4.351223e-10 0.000000e+00 0.000000e+00
4.554251e-10 0.000000e+00 0.000000e+00
9.596272e-10 0.000000e+00 0.000000e+00
7.357333e-10 0.000000e+00 0.000000e+00
6.659448e-10 0.000000e+00 0.000000e+00
6.523847e-10 0.000000e+00 0.000000e+00
8.809521e-10 0.000000e+00 0.000000e+00
1.198716e-09 0.000000e+00 0.000000e+00
1.370007e-09 0.000000e+00 0.000000e+00
1.726804e-09 0.000000e+00 0.000000e+00
1.141871e-09 0.000000e+00 0.000000e+00
1.140041e-09 0.000000e+00 0.000000e+00
1.552671e-09 0.000000e+00 0.000000e+00
1.245387e-09 0.000000e+00 0.000000e+00
1.219421e-09 0.000000e+00 0.000000e+00
1.234253e-09 0.000000e+00 0.000000e+00
1.310814e-09 0.000000e+00 0.000000e+00
5.548431e-10 0.000000e+00 0.000000e+00
6.470715e-10 0.000000e+00 0.000000e+00
7.468699e-10 0.000000e+00 0.000000e+00
6.342971e-10 0.000000e+00 0.000000e+00
6.619982e-10 0.000000e+00 0.000000e+00
7.783693e-10 0.000000e+00 0.000000e+00
7.311555e-10 0.000000e+00 0.000000e+00
7.684741e-10 0.000000e+00 0.000000e+00
7.410976e-10 0.000000e+00 0.000000e+00
7.751031e-10 0.000000e+00 0.000000e+00
7.301654e-10 0.000000e+00 0.000000e+00
7.203966e-10 0.000000e+00 0.000000e+00
7.275802e-10 0.000000e+00 0.000000e+00
6.980917e-10 0.000000e+00 0.000000e+00
7.199526e-10 0.000000e+00 0.000000e+00
-4.018188e-12 0.000000e+00 0.000000e+00
5.125454e-11 0.000000e+00 0.000000e+00
1.650466e-10 0.000000e+00 0.000000e+00
9.844014e-11 0.000000e+00 0.000000e+00
1.979468e-10 0.000000e+00 0.000000e+00
6.102932e-11 0.000000e+00 0.000000e+00
7.939120e-11 0.000000e+00 0.000000e+00
7.930828e-11 0.000000e+00 0.000000e+00
9.416056e-11 0.000000e+00 0.000000e+00
3.253080e-11 0.000000e+00 0.000000e+00
-1.125456e-11 0.000000e+00 0.000000e+00
-1.268847e-11 0.000000e+00 0.000000e+00
-1.248304e-11 0.000000e+00 0.000000e+00
4.529815e-12 0.000000e+00 0.000000e+00
-1.161300e-11 0.000000e+00 0.000000e+00
-2.046823e-10 0.000000e+00 0.000000e+00
-2.570854e-10 0.000000e+00 0.000000e+00
-2.108984e-10 0.000000e+00 0.000000e+00
-2.603357e-10 0.000000e+00 0.000000e+00
-2.760124e-10 0.000000e+00 0.000000e+00
-2.979700e-10 0.000000e+00 0.000000e+00
-2.992533e-10 0.000000e+00 0.000000e+00
1.603491e-09 0.000000e+00 0.000000e+00
1.433619e-09 0.000000e+00 0.000000e+00
1.475252e-09 0.000000e+00 0.000000e+00
1.758460e-09 0.000000e+00 0.000000e+00
1.613513e-09 0.000000e+00 0.000000e+00
2.264291e-09 0.000000e+00 0.000000e+00
1.588741e-09 0.000000e+00 0.000000e+00
1.561731e-09 0.000000e+00 0.000000e+00
2.024744e-09 0.000000e+00 0.000000e+00
2.409692e-09 0.000000e+00 0.000000e+00
1.920454e-09 0.000000e+00 0.000000e+00
1.879924e-09 0.000000e+00 0.000000e+00
1.918671e-09 0.000000e+00 0.000000e+00
5.809040e-10 0.000000e+00 0.000000e+00
5.931219e-10 0.000000e+00 0.000000e+00
5.834863e-10 0.000000e+00 0.000000e+00
5.756902e-10 0.000000e+00 0.000000e+00
5.813156e-10 0.000000e+00 0.000000e+00
8.881973e-11 0.000000e+00 0.000000e+00
1.072093e-10 0.000000e+00 0.000000e+00
8.371503e-11 0.000000e+00 0.000000e+00
7.771159e-11 0.000000e+00 0.000000e+00
9.625766e-11 0.000000e+00 0.000000e+00
-1.936150e-10 0.000000e+00 0.000000e+00
-2.356359e-10 0.000000e+00 0.000000e+00
-1.982769e-10 0.000000e+00 0.000000e+00
-1.926605e-10 0.000000e+00 0.000000e+00
-2.289009e-10 0.000000e+00 0.000000e+00
-9.452937e-11 0.000000e+00 0.000000e+00
-1.001162e-10 0.000000e+00 0.000000e+00
-1.076807e-10 0.000000e+00 0.000000e+00
-1.055211e-10 0.000000e+00 0.000000e+00
-8.968593e-11 0.000000e+00 0.000000e+00
-1.992981e-10 0.000000e+00 0.000000e+00
-1.850523e-10 0.000000e+00 0.000000e+00
-1.899719e-10 0.000000e+00 0.000000e+00
-2.029359e-10 0.000000e+00 0.000000e+00
-1.895650e-10 0.000000e+00 0.000000e+00
-4.040191e-10 0.000000e+00 0.000000e+00
-4.965666e-10 0.000000e+00 0.000000e+00
-4.025457e-10 0.000000e+00 0.000000e+00
-3.678146e-10 0.000000e+00 0.000000e+00
-4.009197e-10 0.000000e+00 0.000000e+00
-4.538719e-10 0.000000e+00 0.000000e+00
-4.227010e-10 0.000000e+00 0.000000e+00
-4.325249e-10 0.000000e+00 0.000000e+00
-4.921912e-10 0.000000e+00 0.000000e+00
-6.304953e-10 0.000000e+00 0.000000e+00
-6.293508e-10 0.000000e+00 0.000000e+00
-6.287016e-10 0.000000e+00 0.000000e+00
-6.325029e-10 0.000000e+00 0.000000e+00
-6.319571e-10 0.000000e+00 0.000000e+00
-4.046347e-10 0.000000e+00 0.000000e+00
6.326055e-10 0.000000e+00 0.000000e+00
6.327559e-10 0.000000e+00 0.000000e+00
5.761807e-10 0.000000e+00 0.000000e+00
5.912956e-10 0.000000e+00 0.000000e+00
5.883625e-10 0.000000e+00 0.000000e+00
5.731060e-10 0.000000e+00 0.000000e+00
5.718198e-10 0.000000e+00 0.000000e+00
5.683347e-10 0.000000e+00 0.000000e+00
5.759051e-10 0.000000e+00 0.000000e+00
5.703544e-10 0.000000e+00 0.000000e+00
6.149456e-10 0.000000e+00 0.000000e+00
6.313552e-10 0.000000e+00 0.000000e+00
6.202841e-10 0.000000e+00 0.000000e+00
6.264449e-10 0.000000e+00 0.000000e+00
6.327648e-10 0.000000e+00 0.000000e+00
6.082873e-10 0.000000e+00 0.000000e+00
6.000343e-10 0.000000e+00 0.000000e+00
6.193210e-10 0.000000e+00 0.000000e+00
6.297544e-10 0.000000e+00 0.000000e+00
6.110474e-10 0.000000e+00 0.000000e+00
6.007967e-10 0.000000e+00 0.000000e+00
5.983349e-10 0.000000e+00 0.000000e+00
6.008591e-10 0.000000e+00 0.000000e+00
5.971226e-10 0.000000e+00 0.000000e+00
6.028126e-10 0.000000e+00 0.000000e+00
5.981345e-10 0.000000e+00 0.000000e+00
6.231495e-10 0.000000e+00 0.000000e+00
6.219539e-10 0.000000e+00 0.000000e+00
6.230749e-10 0.000000e+00 0.000000e+00
6.294936e-10 0.000000e+00 0.000000e+00
6.321649e-10 0.000000e+00 0.000000e+00
6.318571e-10 0.000000e+00 0.000000e+00
6.316489e-10 0.000000e+00 0.000000e+00
6.315691e-10 0.000000e+00 0.000000e+00
6.323379e-10 0.000000e+00 0.000000e+00
3.661089e-10 0.000000e+00 0.000000e+00
3.922524e-10 0.000000e+00 0.000000e+00
3.963221e-10 0.000000e+00 0.000000e+00
4.386111e-10 0.000000e+00 0.000000e+00
4.336749e-10 0.000000e+00 0.000000e+00
5.017091e-10 0.000000e+00 0.000000e+00
5.021377e-10 0.000000e+00 0.000000e+00
5.044742e-10 0.000000e+00 0.000000e+00
4.693992e-10 0.000000e+00 0.000000e+00
5.109911e-10 0.000000e+00 0.000000e+00
3.703378e-10 0.000000e+00 0.000000e+00
3.730211e-10 0.000000e+00 0.000000e+00
3.888841e-10 0.000000e+00 0.000000e+00
4.053811e-10 0.000000e+00 0.000000e+00
3.522742e-10 0.000000e+00 0.000000e+00
5.325196e-10 0.000000e+00 0.000000e+00
5.352371e-10 0.000000e+00 0.000000e+00
5.377585e-10 0.000000e+00 0.000000e+00
5.375389e-10 0.000000e+00 0.000000e+00
5.346409e-10 0.000000e+00 0.000000e+00
2.133090e-10 0.000000e+00 0.000000e+00
2.068864e-10 0.000000e+00 0.000000e+00
1.939493e-10 0.000000e+00 0.000000e+00
2.127513e-10 0.000000e+00 0.000000e+00
2.102974e-10 0.000000e+00 0.000000e+00
2.855530e-10 0.000000e+00 0.000000e+00
2.816911e-10 0.000000e+00 0.000000e+00
2.870689e-10 0.000000e+00 0.000000e+00
2.854354e-10 0.000000e+00 0.000000e+00
2.901154e-10 0.000000e+00 0.000000e+00
4.561075e-10 0.000000e+00 0.000000e+00
4.602452e-10 0.000000e+00 0.000000e+00
4.875896e-10 0.000000e+00 0.000000e+00
4.920288e-10 0.000000e+00 0.000000e+00
4.626573e-10 0.000000e+00 0.000000e+00
4.038011e-10 0.000000e+00 0.000000e+00
3.973120e-10 0.000000e+00 0.000000e+00
4.081898e-10 0.000000e+00 0.000000e+00
4.172476e-10 0.000000e+00 0.000000e+00
4.101947e-10 0.000000e+00 0.000000e+00
4.896129e-10 0.000000e+00 0.000000e+00
4.895308e-10 0.000000e+00 0.000000e+00
4.822618e-10 0.000000e+00 0.000000e+00
4.985767e-10 0.000000e+00 0.000000e+00
4.865963e-10 0.000000e+00 0.000000e+00
5.439947e-10 0.000000e+00 0.000000e+00
5.497842e-10 0.000000e+00 0.000000e+00
5.475171e-10 0.000000e+00 0.000000e+00
5.469872e-10 0.000000e+00 0.000000e+00
5.453043e-10 0.000000e+00 0.000000e+00
6.244082e-10 0.000000e+00 0.000000e+00
6.253417e-10 0.000000e+00 0.000000e+00
6.172199e-10 0.000000e+00 0.000000e+00
6.206829e-10 0.000000e+00 0.000000e+00
6.255265e-10 0.000000e+00 0.000000e+00
5.796549e-10 0.000000e+00 0.000000e+00
5.800234e-10 0.000000e+00 0.000000e+00
5.981252e-10 0.000000e+00 0.000000e+00
5.951522e-10 0.000000e+00 0.000000e+00
4.552662e-10 0.000000e+00 0.000000e+00
2.267607e-10 0.000000e+00 0.000000e+00
5.698008e-10 0.000000e+00 0.000000e+00
5.828544e-10 0.000000e+00 0.000000e+00
4.209597e-10 0.000000e+00 0.000000e+00
5.659821e-10 0.000000e+00 0.000000e+00
6.324602e-10 0.000000e+00 0.000000e+00
6.092647e-10 0.000000e+00 0.000000e+00
6.313360e-10 0.000000e+00 0.000000e+00
6.317722e-10 0.000000e+00 0.000000e+00
6.283400e-10 0.000000e+00 0.000000e+00
5.902563e-10 0.000000e+00 0.000000e+00
5.998623e-10 0.000000e+00 0.000000e+00
5.839658e-10 0.000000e+00 0.000000e+00
6.059145e-10 0.000000e+00 0.000000e+00
5.984100e-10 0.000000e+00 0.000000e+00
5.886700e-10 0.000000e+00 0.000000e+00
5.920238e-10 0.000000e+00 0.000000e+00
5.879569e-10 0.000000e+00 0.000000e+00
5.769204e-10 0.000000e+00 0.000000e+00
5.864646e-10 0.000000e+00 0.000000e+00
6.214566e-10 0.000000e+00 0.000000e+00
6.054834e-10 0.000000e+00 0.000000e+00
6.217106e-10 0.000000e+00 0.000000e+00
6.231535e-10 0.000000e+00 0.000000e+00
6.062642e-10 0.000000e+00 0.000000e+00
6.323748e-10 0.000000e+00 0.000000e+00
6.315377e-10 0.000000e+00 0.000000e+00
6.324511e-10 0.000000e+00 0.000000e+00
6.320983e-10 0.000000e+00 0.000000e+00
6.323577e-10 0.000000e+00 0.000000e+00
6.191055e-10 0.000000e+00 0.000000e+00
6.173898e-10 0.000000e+00 0.000000e+00
6.201484e-10 0.000000e+00 0.000000e+00
6.236877e-10 0.000000e+00 0.000000e+00
6.182293e-10 0.000000e+00 0.000000e+00
2.172718e-10 0.000000e+00 0.000000e+00
5.268324e-10 0.000000e+00 0.000000e+00
5.392908e-10 0.000000e+00 0.000000e+00
3.749833e-10 0.000000e+00 0.000000e+00
-3.338688e-10 0.000000e+00 0.000000e+00
-1.854956e-10 0.000000e+00 0.000000e+00
4.585679e-10 0.000000e+00 0.000000e+00
3.068466e-10 0.000000e+00 0.000000e+00
5.213849e-10 0.000000e+00 0.000000e+00
3.318706e-10 0.000000e+00 0.000000e+00
9.785029e-11 0.000000e+00 0.000000e+00
-1.280695e-10 0.000000e+00 0.000000e+00
-2.157443e-10 0.000000e+00 0.000000e+00
4.748001e-11 0.000000e+00 0.000000e+00
-1.183600e-10 0.000000e+00 0.000000e+00
3.008949e-10 0.000000e+00 0.000000e+00
1.701208e-10 0.000000e+00 0.000000e+00
1.795515e-10 0.000000e+00 0.000000e+00
1.143453e-10 0.000000e+00 0.000000e+00
-1.600166e-11 0.000000e+00 0.000000e+00
-9.261565e-11 0.000000e+00 0.000000e+00
-7.119217e-11 0.000000e+00 0.000000e+00
-4.831686e-11 0.000000e+00 0.000000e+00
-5.366812e-11 0.000000e+00 0.000000e+00
-9.214617e-11 0.000000e+00 0.000000e+00
-3.700730e-11 0.000000e+00 0.000000e+00
-4.245974e-11 0.000000e+00 0.000000e+00
-4.658784e-11 0.000000e+00 0.000000e+00
-4.504537e-11 0.000000e+00 0.000000e+00
-4.196578e-11 0.000000e+00 0.000000e+00
2.251668e-10 0.000000e+00 0.000000e+00
2.246532e-10 0.000000e+00 0.000000e+00
3.006413e-10 0.000000e+00 0.000000e+00
5.138525e-11 0.000000e+00 0.000000e+00
1.015422e-10 0.000000e+00 0.000000e+00
1.998136e-10 0.000000e+00 0.000000e+00
2.558174e-10 0.000000e+00 0.000000e+00
2.356751e-10 0.000000e+00 0.000000e+00
1.783706e-10 0.000000e+00 0.000000e+00
2.705763e-10 0.000000e+00 0.000000e+00
4.725462e-10 0.000000e+00 0.000000e+00
3.675908e-10 0.000000e+00 0.000000e+00
5.211461e-10 0.000000e+00 0.000000e+00
4.853688e-10 0.000000e+00 0.000000e+00
4.797375e-10 0.000000e+00 0.000000e+00
5.756918e-10 0.000000e+00 0.000000e+00
5.795282e-10 0.000000e+00 0.000000e+00
5.792738e-10 0.000000e+00 0.000000e+00
5.784023e-10 0.000000e+00 0.000000e+00
5.792480e-10 0.000000e+00 0.000000e+00
5.429988e-10 0.000000e+00 0.000000e+00
5.423676e-10 0.000000e+00 0.000000e+00
5.435892e-10 0.000000e+00 0.000000e+00
5.000630e-10 0.000000e+00 0.000000e+00
5.399843e-10 0.000000e+00 0.000000e+00
5.555095e-10 0.000000e+00 0.000000e+00
5.523605e-10 0.000000e+00 0.000000e+00
5.558166e-10 0.000000e+00 0.000000e+00
5.521533e-10 0.000000e+00 0.000000e+00
5.530884e-10 0.000000e+00 0.000000e+00
6.104345e-10 0.000000e+00 0.000000e+00
6.133094e-10 0.000000e+00 0.000000e+00
6.134089e-10 0.000000e+00 0.000000e+00
6.108471e-10 0.000000e+00 0.000000e+00
6.108272e-10 0.000000e+00 0.000000e+00
6.212408e-10 0.000000e+00 0.000000e+00
6.192658e-10 0.000000e+00 0.000000e+00
6.175012e-10 0.000000e+00 0.000000e+00
6.183628e-10 0.000000e+00 0.000000e+00
6.162884e-10 0.000000e+00 0.000000e+00
5.048751e-10 0.000000e+00 0.000000e+00
5.282129e-10 0.000000e+00 0.000000e+00
5.163762e-10 0.000000e+00 0.000000e+00
4.994063e-10 0.000000e+00 0.000000e+00
5.138069e-10 0.000000e+00 0.000000e+00
6.283306e-10 0.000000e+00 0.000000e+00
-4.827254e-10 0.000000e+00 0.000000e+00
-2.625705e-09 0.000000e+00 0.000000e+00
-2.665364e-09 0.000000e+00 0.000000e+00
-2.929947e-09 0.000000e+00 0.000000e+00
-3.081537e-09 0.000000e+00 0.000000e+00
-3.127957e-09 0.000000e+00 0.000000e+00
-3.115825e-09 0.000000e+00 0.000000e+00
-3.263840e-09 0.000000e+00 0.000000e+00
-3.032266e-09 0.000000e+00 0.000000e+00
-3.227405e-09 0.000000e+00 0.000000e+00
-3.187043e-09 0.000000e+00 0.000000e+00
-3.257186e-09 0.000000e+00 0.000000e+00
-3.277446e-09 0.000000e+00 0.000000e+00
-3.321491e-09 0.000000e+00 0.000000e+00
-1.205663e-09 0.000000e+00 0.000000e+00
-1.203937e-09 0.000000e+00 0.000000e+00
-1.198865e-09 0.000000e+00 0.000000e+00
-1.185494e-09 0.000000e+00 0.000000e+00
-7.231520e-10 0.000000e+00 0.000000e+00
-8.886147e-10 0.000000e+00 0.000000e+00
-9.615779e-10 0.000000e+00 0.000000e+00
-9.141563e-10 0.000000e+00 0.000000e+00
-9.306172e-10 0.000000e+00 0.000000e+00
-9.537938e-10 0.000000e+00 0.000000e+00
-6.800378e-10 0.000000e+00 0.000000e+00
-6.805392e-10 0.000000e+00 0.000000e+00
-6.807637e-10 0.000000e+00 0.000000e+00
-6.543353e-10 0.000000e+00 0.000000e+00
-6.522549e-10 0.000000e+00 0.000000e+00
-8.735609e-10 0.000000e+00 0.000000e+00
-8.883349e-10 0.000000e+00 0.000000e+00
-8.889950e-10 0.000000e+00 0.000000e+00
-8.951221e-10 0.000000e+00 0.000000e+00
-8.785169e-10 0.000000e+00 0.000000e+00
-2.763873e-10 0.000000e+00 0.000000e+00
-2.694142e-10 0.000000e+00 0.000000e+00
-2.838870e-10 0.000000e+00 0.000000e+00
-2.730088e-10 0.000000e+00 0.000000e+00
-2.782914e-10 0.000000e+00 0.000000e+00
-5.529093e-10 0.000000e+00 0.000000e+00
-6.022155e-10 0.000000e+00 0.000000e+00
-5.502588e-10 0.000000e+00 0.000000e+00
-5.655398e-10 0.000000e+00 0.000000e+00
-4.901968e-10 0.000000e+00 0.000000e+00
-5.584652e-10 0.000000e+00 0.000000e+00
-6.140983e-10 0.000000e+00 0.000000e+00
-5.348570e-10 0.000000e+00 0.000000e+00
-5.653611e-10 0.000000e+00 0.000000e+00
-5.807878e-10 0.000000e+00 0.000000e+00
-5.107253e-10 0.000000e+00 0.000000e+00
-5.120809e-10 0.000000e+00 0.000000e+00
-5.181918e-10 0.000000e+00 0.000000e+00
-5.359948e-10 0.000000e+00 0.000000e+00
-5.146742e-10 0.000000e+00 0.000000e+00
-4.993359e-10 0.000000e+00 0.000000e+00
-5.502640e-10 0.000000e+00 0.000000e+00
-5.390154e-10 0.000000e+00 0.000000e+00
-5.609674e-10 0.000000e+00 0.000000e+00
-5.469563e-10 0.000000e+00 0.000000e+00
-3.092571e-10 0.000000e+00 0.000000e+00
-3.025440e-10 0.000000e+00 0.000000e+00
-2.984869e-10 0.000000e+00 0.000000e+00
-2.995031e-10 0.000000e+00 0.000000e+00
-2.997088e-10 0.000000e+00 0.000000e+00
-6.316541e-10 0.000000e+00 0.000000e+00
-6.255802e-10 0.000000e+00 0.000000e+00
-6.326777e-10 0.000000e+00 0.000000e+00
-6.327494e-10 0.000000e+00 0.000000e+00
-6.269423e-10 0.000000e+00 0.000000e+00
-4.983748e-10 0.000000e+00 0.000000e+00
-6.171160e-10 0.000000e+00 0.000000e+00
-4.493023e-10 0.000000e+00 0.000000e+00
-6.221573e-10 0.000000e+00 0.000000e+00
-6.148878e-10 0.000000e+00 0.000000e+00
-6.211217e-10 0.000000e+00 0.000000e+00
-6.231923e-10 0.000000e+00 0.000000e+00
-6.202902e-10 0.000000e+00 0.000000e+00
-6.190882e-10 0.000000e+00 0.000000e+00
-6.219973e-10 0.000000e+00 0.000000e+00
-6.326140e-10 0.000000e+00 0.000000e+00
-6.324858e-10 0.000000e+00 0.000000e+00
-6.326828e-10 0.000000e+00 0.000000e+00
-6.327450e-10 0.000000e+00 0.000000e+00
-6.317316e-10 0.000000e+00 0.000000e+00
-5.061478e-10 0.000000e+00 0.000000e+00
-4.627184e-10 0.000000e+00 0.000000e+00
-4.275114e-10 0.000000e+00 0.000000e+00
-4.511242e-10 0.000000e+00 0.000000e+00
-4.687284e-10 0.000000e+00 0.000000e+00
-4.803928e-10 0.000000e+00 0.000000e+00
-4.474354e-10 0.000000e+00 0.000000e+00
-4.353929e-10 0.000000e+00 0.000000e+00
-4.343183e-10 0.000000e+00 0.000000e+00
-4.464226e-10 0.000000e+00 0.000000e+00
-3.468915e-10 0.000000e+00 0.000000e+00
-3.757979e-10 0.000000e+00 0.000000e+00
-3.609321e-10 0.000000e+00 0.000000e+00
-3.484747e-10 0.000000e+00 0.000000e+00
-3.644859e-10 0.000000e+00 0.000000e+00
-4.227763e-10 0.000000e+00 0.000000e+00
-4.223699e-10 0.000000e+00 0.000000e+00
-4.172405e-10 0.000000e+00 0.000000e+00
-4.191813e-10 0.000000e+00 0.000000e+00
-4.170581e-10 0.000000e+00 0.000000e+00
-5.620970e-10 0.000000e+00 0.000000e+00
-5.673363e-10 0.000000e+00 0.000000e+00
-5.656684e-10 0.000000e+00 0.000000e+00
-5.624611e-10 0.000000e+00 0.000000e+00
-5.699671e-10 0.000000e+00 0.000000e+00
-5.034949e-10 0.000000e+00 0.000000e+00
-5.061028e-10 0.000000e+00 0.000000e+00
-5.021325e-10 0.000000e+00 0.000000e+00
-5.052868e-10 0.000000e+00 0.000000e+00
-5.288580e-10 0.000000e+00 0.000000e+00
-6.087638e-10 0.000000e+00 0.000000e+00
-6.087713e-10 0.000000e+00 0.000000e+00
-6.060983e-10 0.000000e+00 0.000000e+00
-6.017331e-10 0.000000e+00 0.000000e+00
-6.067007e-10 0.000000e+00 0.000000e+00
-5.604155e-10 0.000000e+00 0.000000e+00
-5.597673e-10 0.000000e+00 0.000000e+00
-5.579630e-10 0.000000e+00 0.000000e+00
-5.608821e-10 0.000000e+00 0.000000e+00
-5.583102e-10 0.000000e+00 0.000000e+00
-5.933387e-10 0.000000e+00 0.000000e+00
-5.914032e-10 0.000000e+00 0.000000e+00
-6.007108e-10 0.000000e+00 0.000000e+00
-5.924347e-10 0.000000e+00 0.000000e+00
-5.930247e-10 0.000000e+00 0.000000e+00
-6.001050e-10 0.000000e+00 0.000000e+00
-6.008974e-10 0.000000e+00 0.000000e+00
-5.992534e-10 0.000000e+00 0.000000e+00
-6.245221e-10 0.000000e+00 0.000000e+00
-6.181444e-10 0.000000e+00 0.000000e+00
-6.112826e-10 0.000000e+00 0.000000e+00
-6.132746e-10 0.000000e+00 0.000000e+00
-6.122737e-10 0.000000e+00 0.000000e+00
-6.121550e-10 0.000000e+00 0.000000e+00
-6.135428e-10 0.000000e+00 0.000000e+00
-4.331013e-10 0.000000e+00 0.000000e+00
-5.121047e-10 0.000000e+00 0.000000e+00
-6.028551e-10 0.000000e+00 0.000000e+00
-5.976431e-10 0.000000e+00 0.000000e+00
-6.006118e-10 0.000000e+00 0.000000e+00
-6.327677e-10 0.000000e+00 0.000000e+00
-6.327744e-10 0.000000e+00 0.000000e+00
-6.327526e-10 0.000000e+00 0.000000e+00
-6.326152e-10 0.000000e+00 0.000000e+00
-6.324597e-10 0.000000e+00 0.000000e+00
-6.327180e-10 0.000000e+00 0.000000e+00
-6.327086e-10 0.000000e+00 0.000000e+00
-6.326957e-10 0.000000e+00 0.000000e+00
-6.327756e-10 0.000000e+00 0.000000e+00
-6.327751e-10 0.000000e+00 0.000000e+00
-5.424683e-10 0.000000e+00 0.000000e+00
-5.522733e-10 0.000000e+00 0.000000e+00
-6.045644e-10 0.000000e+00 0.000000e+00
-5.965851e-10 0.000000e+00 0.000000e+00
-5.967644e-10 0.000000e+00 0.000000e+00
-5.660395e-10 0.000000e+00 0.000000e+00
-5.362364e-10 0.000000e+00 0.000000e+00
-5.543071e-10 0.000000e+00 0.000000e+00
-5.772684e-10 0.000000e+00 0.000000e+00
-5.284513e-10 0.000000e+00 0.000000e+00
-6.305349e-10 0.000000e+00 0.000000e+00
-6.293621e-10 0.000000e+00 0.000000e+00
-6.297276e-10 0.000000e+00 0.000000e+00
-6.298722e-10 0.000000e+00 0.000000e+00
-6.298177e-10 0.000000e+00 0.000000e+00
-6.055009e-10 0.000000e+00 0.000000e+00
-6.061457e-10 0.000000e+00 0.000000e+00
-6.069567e-10 0.000000e+00 0.000000e+00
-6.082075e-10 0.000000e+00 0.000000e+00
-6.095353e-10 0.000000e+00 0.000000e+00
-1.193831e-10 0.000000e+00 0.000000e+00
-1.261755e-10 0.000000e+00 0.000000e+00
-1.217090e-10 0.000000e+00 0.000000e+00
-1.209405e-10 0.000000e+00 0.000000e+00
-1.157921e-10 0.000000e+00 0.000000e+00
-5.061252e-10 0.000000e+00 0.000000e+00
-2.216401e-10 0.000000e+00 0.000000e+00
1.379633e-09 0.000000e+00 0.000000e+00
1.407707e-09 0.000000e+00 0.000000e+00
1.371644e-09 0.000000e+00 0.000000e+00
2.049758e-09 0.000000e+00 0.000000e+00
2.162955e-09 0.000000e+00 0.000000e+00
2.049185e-09 0.000000e+00 0.000000e+00
2.002627e-09 0.000000e+00 0.000000e+00
2.256197e-09 0.000000e+00 0.000000e+00
2.384972e-09 0.000000e+00 0.000000e+00
2.414761e-09 0.000000e+00 0.000000e+00
2.437299e-09 0.000000e+00 0.000000e+00
2.360171e-09 0.000000e+00 0.000000e+00
2.595318e-09 0.000000e+00 0.000000e+00
2.729463e-09 0.000000e+00 0.000000e+00
3.018709e-09 0.000000e+00 0.000000e+00
2.882550e-09 0.000000e+00 0.000000e+00
2.710998e-09 0.000000e+00 0.000000e+00
2.827853e-09 0.000000e+00 0.000000e+00
9.621483e-10 0.000000e+00 0.000000e+00
9.604311e-10 0.000000e+00 0.000000e+00
9.329310e-10 0.000000e+00 0.000000e+00
9.606754e-10 0.000000e+00 0.000000e+00
9.441932e-10 0.000000e+00 0.000000e+00
1.092515e-09 0.000000e+00 0.000000e+00
-3.552522e-11 0.000000e+00 0.000000e+00
7.633394e-11 0.000000e+00 0.000000e+00
-6.282466e-10 0.000000e+00 0.000000e+00
-6.229361e-10 0.000000e+00 0.000000e+00
-6.282424e-10 0.000000e+00 0.000000e+00
-6.266368e-10 0.000000e+00 0.000000e+00
-6.271105e-10 0.000000e+00 0.000000e+00
-6.278317e-10 0.000000e+00 0.000000e+00
-6.274342e-10 0.000000e+00 0.000000e+00
-4.934293e-10 0.000000e+00 0.000000e+00
-5.024199e-10 0.000000e+00 0.000000e+00
-4.720928e-10 0.000000e+00 0.000000e+00
-4.304452e-10 0.000000e+00 0.000000e+00
-5.071413e-10 0.000000e+00 0.000000e+00
-5.714685e-10 0.000000e+00 0.000000e+00
-5.856545e-10 0.000000e+00 0.000000e+00
-5.710963e-10 0.000000e+00 0.000000e+00
-5.788409e-10 0.000000e+00 0.000000e+00
-5.770892e-10 0.000000e+00 0.000000e+00
-5.913451e-10 0.000000e+00 0.000000e+00
-5.910379e-10 0.000000e+00 0.000000e+00
-5.842398e-10 0.000000e+00 0.000000e+00
-5.870528e-10 0.000000e+00 0.000000e+00
-5.864694e-10 0.000000e+00 0.000000e+00
-5.409292e-10 0.000000e+00 0.000000e+00
-5.470403e-10 0.000000e+00 0.000000e+00
-5.597843e-10 0.000000e+00 0.000000e+00
-5.423537e-10 0.000000e+00 0.000000e+00
-5.455531e-10 0.000000e+00 0.000000e+00
-2.111450e-10 0.000000e+00 0.000000e+00
1.694864e-09 0.000000e+00 0.000000e+00
1.651495e-09 0.000000e+00 0.000000e+00
1.786394e-09 0.000000e+00 0.000000e+00
1.674625e-09 0.000000e+00 0.000000e+00
4.083806e-10 0.000000e+00 0.000000e+00
3.662153e-10 0.000000e+00 0.000000e+00
4.008945e-10 0.000000e+00 0.000000e+00
4.128326e-10 0.000000e+00 0.000000e+00
4.156164e-10 0.000000e+00 0.000000e+00
4.610705e-10 0.000000e+00 0.000000e+00
4.464127e-10 0.000000e+00 0.000000e+00
4.310730e-10 0.000000e+00 0.000000e+00
4.522965e-10 0.000000e+00 0.000000e+00
4.522634e-10 0.000000e+00 0.000000e+00
4.370132e-10 0.000000e+00 0.000000e+00
4.339763e-10 0.000000e+00 0.000000e+00
4.347015e-10 0.000000e+00 0.000000e+00
4.406140e-10 0.000000e+00 0.000000e+00
4.341912e-10 0.000000e+00 0.000000e+00
4.965288e-10 0.000000e+00 0.000000e+00
5.013355e-10 0.000000e+00 0.000000e+00
4.993617e-10 0.000000e+00 0.000000e+00
5.022634e-10 0.000000e+00 0.000000e+00
4.962247e-10 0.000000e+00 0.000000e+00
6.306727e-10 0.000000e+00 0.000000e+00
6.308048e-10 0.000000e+00 0.000000e+00
6.308769e-10 0.000000e+00 0.000000e+00
6.307887e-10 0.000000e+00 0.000000e+00
6.309753e-10 0.000000e+00 0.000000e+00
6.326360e-10 0.000000e+00 0.000000e+00
6.248123e-10 0.000000e+00 0.000000e+00
6.238368e-10 0.000000e+00 0.000000e+00
6.251620e-10 0.000000e+00 0.000000e+00
6.235955e-10 0.000000e+00 0.000000e+00
5.819342e-10 0.000000e+00 0.000000e+00
5.833923e-10 0.000000e+00 0.000000e+00
5.764963e-10 0.000000e+00 0.000000e+00
5.795420e-10 0.000000e+00 0.000000e+00
5.824912e-10 0.000000e+00 0.000000e+00
3.011217e-09 0.000000e+00 0.000000e+00
2.976879e-09 0.000000e+00 0.000000e+00
2.963117e-09 0.000000e+00 0.000000e+00
3.073753e-09 0.000000e+00 0.000000e+00
3.060945e-09 0.000000e+00 0.000000e+00
3.448966e-09 0.000000e+00 0.000000e+00
3.376295e-09 0.000000e+00 0.000000e+00
3.180938e-09 0.000000e+00 0.000000e+00
3.375110e-09 0.000000e+00 0.000000e+00
3.534688e-09 0.000000e+00 0.000000e+00
-3.979151e-09 0.000000e+00 0.000000e+00
-3.458922e-09 0.000000e+00 0.000000e+00
-3.493737e-09 0.000000e+00 0.000000e+00
-3.465533e-09 0.000000e+00 0.000000e+00
-3.468687e-09 0.000000e+00 0.000000e+00
-3.800268e-09 0.000000e+00 0.000000e+00
-3.599947e-09 0.000000e+00 0.000000e+00
-3.678142e-09 0.000000e+00 0.000000e+00
-3.827167e-09 0.000000e+00 0.000000e+00
-3.575085e-09 0.000000e+00 0.000000e+00
-4.079121e-09 0.000000e+00 0.000000e+00
-3.738131e-09 0.000000e+00 0.000000e+00
-3.832879e-09 0.000000e+00 0.000000e+00
-4.409923e-09 0.000000e+00 0.000000e+00
-3.740482e-09 0.000000e+00 0.000000e+00
-3.980169e-09 0.000000e+00 0.000000e+00
-4.368621e-09 0.000000e+00 0.000000e+00
-4.065513e-09 0.000000e+00 0.000000e+00
-3.979524e-09 0.000000e+00 0.000000e+00
-3.852416e-09 0.000000e+00 0.000000e+00
-4.164372e-09 0.000000e+00 0.000000e+00
-3.993090e-09 0.000000e+00 0.000000e+00
-4.056081e-09 0.000000e+00 0.000000e+00
-4.034851e-09 0.000000e+00 0.000000e+00
-4.056541e-09 0.000000e+00 0.000000e+00
-4.222440e-09 0.000000e+00 0.000000e+00
-4.228181e-09 0.000000e+00 0.000000e+00
-4.365016e-09 0.000000e+00 0.000000e+00
-4.222290e-09 0.000000e+00 0.000000e+00
-4.298260e-09 0.000000e+00 0.000000e+00
-4.532576e-09 0.000000e+00 0.000000e+00
-4.464693e-09 0.000000e+00 0.000000e+00
-4.525057e-09 0.000000e+00 0.000000e+00
-4.517915e-09 0.000000e+00 0.000000e+00
-4.558662e-09 0.000000e+00 0.000000e+00
-1.426773e-09 0.000000e+00 0.000000e+00
-1.429500e-09 0.000000e+00 0.000000e+00
-1.410255e-09 0.000000e+00 0.000000e+00
-1.449299e-09 0.000000e+00 0.000000e+00
-1.429479e-09 0.000000e+00 0.000000e+00
-1.194156e-09 0.000000e+00 0.000000e+00
-1.183454e-09 0.000000e+00 0.000000e+00
-1.193590e-09 0.000000e+00 0.000000e+00
-9.070403e-11 0.000000e+00 0.000000e+00
-8.696709e-11 0.000000e+00 0.000000e+00
-1.560816e-10 0.000000e+00 0.000000e+00
-4.277396e-10 0.000000e+00 0.000000e+00
-6.074940e-10 0.000000e+00 0.000000e+00
-6.033411e-10 0.000000e+00 0.000000e+00
-6.025124e-10 0.000000e+00 0.000000e+00
-4.807772e-10 0.000000e+00 0.000000e+00
-4.672323e-10 0.000000e+00 0.000000e+00
-4.443069e-10 0.000000e+00 0.000000e+00
-4.325237e-10 0.000000e+00 0.000000e+00
-4.717000e-10 0.000000e+00 0.000000e+00
-4.846698e-10 0.000000e+00 0.000000e+00
-4.958102e-10 0.000000e+00 0.000000e+00
-4.905159e-10 0.000000e+00 0.000000e+00
-4.852899e-10 0.000000e+00 0.000000e+00
-4.841077e-10 0.000000e+00 0.000000e+00
-5.676165e-10 0.000000e+00 0.000000e+00
-5.598405e-10 0.000000e+00 0.000000e+00
-5.621900e-10 0.000000e+00 0.000000e+00
-5.652658e-10 0.000000e+00 0.000000e+00
-5.585333e-10 0.000000e+00 0.000000e+00
-5.056436e-10 0.000000e+00 0.000000e+00
-5.014027e-10 0.000000e+00 0.000000e+00
-5.000006e-10 0.000000e+00 0.000000e+00
-6.189120e-10 0.000000e+00 0.000000e+00
-5.440143e-10 0.000000e+00 0.000000e+00
3.156872e-09 0.000000e+00 0.000000e+00
3.240572e-09 0.000000e+00 0.000000e+00
3.263339e-09 0.000000e+00 0.000000e+00
3.232482e-09 0.000000e+00 0.000000e+00
3.253794e-09 0.000000e+00 0.000000e+00
3.174407e-09 0.000000e+00 0.000000e+00
1.775744e-09 0.000000e+00 0.000000e+00
1.780748e-09 0.000000e+00 0.000000e+00
1.788864e-09 0.000000e+00 0.000000e+00
1.828238e-09 0.000000e+00 0.000000e+00
-4.557958e-10 0.000000e+00 0.000000e+00
-4.366349e-10 0.000000e+00 0.000000e+00
-4.480402e-10 0.000000e+00 0.000000e+00
-4.387664e-10 0.000000e+00 0.000000e+00
-4.468962e-10 0.000000e+00 0.000000e+00
-4.576342e-10 0.000000e+00 0.000000e+00
-4.628436e-10 0.000000e+00 0.000000e+00
-4.655242e-10 0.000000e+00 0.000000e+00
-3.782886e-10 0.000000e+00 0.000000e+00
-3.821108e-10 0.000000e+00 0.000000e+00
-3.531820e-10 0.000000e+00 0.000000e+00
-3.551557e-10 0.000000e+00 0.000000e+00
-3.659001e-10 0.000000e+00 0.000000e+00
-3.604744e-10 0.000000e+00 0.000000e+00
