FX FY FZ 
-5.019535e-10 0.000000e+00 0.000000e+00
3.499765e-10 0.000000e+00 0.000000e+00
-5.025542e-10 0.000000e+00 0.000000e+00
-7.869391e-10 0.000000e+00 0.000000e+00
1.155245e-10 0.000000e+00 0.000000e+00
2.881978e-10 0.000000e+00 0.000000e+00
1.709765e-10 0.000000e+00 0.000000e+00
3.306880e-10 0.000000e+00 0.000000e+00
5.539871e-10 0.000000e+00 0.000000e+00
5.923855e-10 0.000000e+00 0.000000e+00
6.326206e-10 0.000000e+00 0.000000e+00
6.298258e-10 0.000000e+00 0.000000e+00
6.207974e-10 0.000000e+00 0.000000e+00
5.953201e-10 0.000000e+00 0.000000e+00
4.631369e-10 0.000000e+00 0.000000e+00
4.430904e-10 0.000000e+00 0.000000e+00
5.103523e-10 0.000000e+00 0.000000e+00
6.322093e-10 0.000000e+00 0.000000e+00
4.805189e-10 0.000000e+00 0.000000e+00
5.383588e-10 0.000000e+00 0.000000e+00
5.258567e-10 0.000000e+00 0.000000e+00
3.887577e-10 0.000000e+00 0.000000e+00
3.188638e-11 0.000000e+00 0.000000e+00
-2.024661e-10 0.000000e+00 0.000000e+00
2.096502e-10 0.000000e+00 0.000000e+00
-8.193336e-11 0.000000e+00 0.000000e+00
-3.786360e-10 0.000000e+00 0.000000e+00
-4.568866e-10 0.000000e+00 0.000000e+00
-1.738315e-10 0.000000e+00 0.000000e+00
-4.631777e-11 0.000000e+00 0.000000e+00
3.756507e-10 0.000000e+00 0.000000e+00
4.739095e-11 0.000000e+00 0.000000e+00
2.463096e-10 0.000000e+00 0.000000e+00
1.527807e-10 0.000000e+00 0.000000e+00
8.031559e-11 0.000000e+00 0.000000e+00
2.920661e-10 0.000000e+00 0.000000e+00
5.444129e-10 0.000000e+00 0.000000e+00
6.205332e-10 0.000000e+00 0.000000e+00
6.312284e-10 0.000000e+00 0.000000e+00
6.256926e-10 0.000000e+00 0.000000e+00
6.039079e-10 0.000000e+00 0.000000e+00
6.104291e-10 0.000000e+00 0.000000e+00
6.272433e-10 0.000000e+00 0.000000e+00
6.327463e-10 0.000000e+00 0.000000e+00
5.655036e-10 0.000000e+00 0.000000e+00
3.931830e-10 0.000000e+00 0.000000e+00
-5.064521e-10 0.000000e+00 0.000000e+00
-4.976928e-10 0.000000e+00 0.000000e+00
-5.334898e-10 0.000000e+00 0.000000e+00
-1.089831e-10 0.000000e+00 0.000000e+00
1.048613e-10 0.000000e+00 0.000000e+00
-4.104034e-10 0.000000e+00 0.000000e+00
-1.999282e-10 0.000000e+00 0.000000e+00
-2.398204e-10 0.000000e+00 0.000000e+00
-5.469530e-10 0.000000e+00 0.000000e+00
-5.802828e-10 0.000000e+00 0.000000e+00
3.790239e-11 0.000000e+00 0.000000e+00
-7.381779e-11 0.000000e+00 0.000000e+00
-1.526271e-10 0.000000e+00 0.000000e+00
-3.971646e-10 0.000000e+00 0.000000e+00
2.061701e-10 0.000000e+00 0.000000e+00
3.134690e-10 0.000000e+00 0.000000e+00
5.436421e-10 0.000000e+00 0.000000e+00
4.073624e-10 0.000000e+00 0.000000e+00
7.051476e-10 0.000000e+00 0.000000e+00
9.919518e-10 0.000000e+00 0.000000e+00
1.631967e-10 0.000000e+00 0.000000e+00
1.695921e-09 0.000000e+00 0.000000e+00
1.859059e-09 0.000000e+00 0.000000e+00
5.965538e-10 0.000000e+00 0.000000e+00
9.255239e-10 0.000000e+00 0.000000e+00
8.474216e-10 0.000000e+00 0.000000e+00
4.549311e-10 0.000000e+00 0.000000e+00
-9.280418e-12 0.000000e+00 0.000000e+00
8.295137e-12 0.000000e+00 0.000000e+00
8.200923e-10 0.000000e+00 0.000000e+00
-3.197989e-10 0.000000e+00 0.000000e+00
-1.608442e-10 0.000000e+00 0.000000e+00
-2.687879e-10 0.000000e+00 0.000000e+00
-3.734309e-10 0.000000e+00 0.000000e+00
-2.992699e-10 0.000000e+00 0.000000e+00
-5.936178e-10 0.000000e+00 0.000000e+00
-2.634193e-10 0.000000e+00 0.000000e+00
-2.288956e-10 0.000000e+00 0.000000e+00
-4.023141e-11 0.000000e+00 0.000000e+00
2.439782e-10 0.000000e+00 0.000000e+00
2.727734e-10 0.000000e+00 0.000000e+00
1.085588e-09 0.000000e+00 0.000000e+00
1.423575e-09 0.000000e+00 0.000000e+00
1.263148e-09 0.000000e+00 0.000000e+00
1.372815e-09 0.000000e+00 0.000000e+00
3.514636e-10 0.000000e+00 0.000000e+00
1.461999e-10 0.000000e+00 0.000000e+00
8.006209e-11 0.000000e+00 0.000000e+00
6.288443e-10 0.000000e+00 0.000000e+00
7.783535e-10 0.000000e+00 0.000000e+00
4.942690e-10 0.000000e+00 0.000000e+00
4.336783e-10 0.000000e+00 0.000000e+00
6.804941e-10 0.000000e+00 0.000000e+00
5.962386e-10 0.000000e+00 0.000000e+00
-4.390517e-10 0.000000e+00 0.000000e+00
-4.672430e-10 0.000000e+00 0.000000e+00
-6.136527e-10 0.000000e+00 0.000000e+00
-6.195568e-10 0.000000e+00 0.000000e+00
-6.327242e-10 0.000000e+00 0.000000e+00
-6.049752e-10 0.000000e+00 0.000000e+00
-4.849117e-10 0.000000e+00 0.000000e+00
-4.477395e-10 0.000000e+00 0.000000e+00
-5.213848e-10 0.000000e+00 0.000000e+00
-5.136731e-10 0.000000e+00 0.000000e+00
-5.693070e-10 0.000000e+00 0.000000e+00
-5.640190e-10 0.000000e+00 0.000000e+00
-6.097775e-10 0.000000e+00 0.000000e+00
-5.898824e-10 0.000000e+00 0.000000e+00
-5.789321e-10 0.000000e+00 0.000000e+00
-6.312938e-10 0.000000e+00 0.000000e+00
-6.222980e-10 0.000000e+00 0.000000e+00
-6.323995e-10 0.000000e+00 0.000000e+00
-6.313320e-10 0.000000e+00 0.000000e+00
-6.070142e-10 0.000000e+00 0.000000e+00
-3.202820e-10 0.000000e+00 0.000000e+00
-4.794881e-10 0.000000e+00 0.000000e+00
-5.425356e-10 0.000000e+00 0.000000e+00
-5.722652e-10 0.000000e+00 0.000000e+00
-6.253349e-10 0.000000e+00 0.000000e+00
-6.297622e-10 0.000000e+00 0.000000e+00
-6.287924e-10 0.000000e+00 0.000000e+00
-6.172141e-10 0.000000e+00 0.000000e+00
-5.920458e-10 0.000000e+00 0.000000e+00
-4.644766e-10 0.000000e+00 0.000000e+00
-3.425522e-10 0.000000e+00 0.000000e+00
-3.559235e-10 0.000000e+00 0.000000e+00
-1.940648e-10 0.000000e+00 0.000000e+00
-2.922659e-10 0.000000e+00 0.000000e+00
3.782558e-10 0.000000e+00 0.000000e+00
2.136565e-10 0.000000e+00 0.000000e+00
-1.263970e-10 0.000000e+00 0.000000e+00
-7.846000e-11 0.000000e+00 0.000000e+00
5.802175e-11 0.000000e+00 0.000000e+00
-8.165243e-12 0.000000e+00 0.000000e+00
2.973792e-10 0.000000e+00 0.000000e+00
1.325208e-10 0.000000e+00 0.000000e+00
4.951698e-10 0.000000e+00 0.000000e+00
9.603340e-10 0.000000e+00 0.000000e+00
1.586798e-09 0.000000e+00 0.000000e+00
7.382026e-10 0.000000e+00 0.000000e+00
8.843953e-10 0.000000e+00 0.000000e+00
6.470041e-10 0.000000e+00 0.000000e+00
1.148091e-09 0.000000e+00 0.000000e+00
1.183742e-09 0.000000e+00 0.000000e+00
1.530720e-09 0.000000e+00 0.000000e+00
9.976025e-10 0.000000e+00 0.000000e+00
1.441237e-09 0.000000e+00 0.000000e+00
2.099140e-09 0.000000e+00 0.000000e+00
1.640039e-09 0.000000e+00 0.000000e+00
1.460212e-09 0.000000e+00 0.000000e+00
1.954719e-09 0.000000e+00 0.000000e+00
2.156251e-09 0.000000e+00 0.000000e+00
2.240652e-09 0.000000e+00 0.000000e+00
2.469051e-09 0.000000e+00 0.000000e+00
2.317463e-09 0.000000e+00 0.000000e+00
2.405356e-09 0.000000e+00 0.000000e+00
1.808429e-09 0.000000e+00 0.000000e+00
1.700371e-09 0.000000e+00 0.000000e+00
2.004663e-09 0.000000e+00 0.000000e+00
1.905713e-09 0.000000e+00 0.000000e+00
1.751786e-09 0.000000e+00 0.000000e+00
2.244982e-09 0.000000e+00 0.000000e+00
1.540743e-09 0.000000e+00 0.000000e+00
-4.171078e-10 0.000000e+00 0.000000e+00
2.591794e-10 0.000000e+00 0.000000e+00
3.832416e-10 0.000000e+00 0.000000e+00
-5.391389e-10 0.000000e+00 0.000000e+00
-5.879249e-10 0.000000e+00 0.000000e+00
-5.774172e-10 0.000000e+00 0.000000e+00
-3.848595e-10 0.000000e+00 0.000000e+00
-3.477956e-11 0.000000e+00 0.000000e+00
-3.550360e-10 0.000000e+00 0.000000e+00
-1.769390e-10 0.000000e+00 0.000000e+00
-3.310484e-10 0.000000e+00 0.000000e+00
-2.110153e-10 0.000000e+00 0.000000e+00
-5.020659e-10 0.000000e+00 0.000000e+00
-5.598758e-10 0.000000e+00 0.000000e+00
-5.540093e-10 0.000000e+00 0.000000e+00
-4.151015e-10 0.000000e+00 0.000000e+00
-4.789338e-10 0.000000e+00 0.000000e+00
-5.231903e-10 0.000000e+00 0.000000e+00
-5.351522e-10 0.000000e+00 0.000000e+00
-4.824827e-10 0.000000e+00 0.000000e+00
-6.287919e-10 0.000000e+00 0.000000e+00
-6.199349e-10 0.000000e+00 0.000000e+00
-6.028332e-10 0.000000e+00 0.000000e+00
-4.921538e-10 0.000000e+00 0.000000e+00
-4.563310e-10 0.000000e+00 0.000000e+00
-5.275941e-10 0.000000e+00 0.000000e+00
-3.483490e-10 0.000000e+00 0.000000e+00
-2.708609e-10 0.000000e+00 0.000000e+00
-5.504303e-10 0.000000e+00 0.000000e+00
-5.959709e-10 0.000000e+00 0.000000e+00
-5.811934e-10 0.000000e+00 0.000000e+00
-6.327748e-10 0.000000e+00 0.000000e+00
-6.234894e-10 0.000000e+00 0.000000e+00
-6.139437e-10 0.000000e+00 0.000000e+00
-6.266885e-10 0.000000e+00 0.000000e+00
-6.322755e-10 0.000000e+00 0.000000e+00
-6.299846e-10 0.000000e+00 0.000000e+00
-6.323145e-10 0.000000e+00 0.000000e+00
-5.986174e-10 0.000000e+00 0.000000e+00
-6.057023e-10 0.000000e+00 0.000000e+00
-6.279687e-10 0.000000e+00 0.000000e+00
-6.220242e-10 0.000000e+00 0.000000e+00
-6.267822e-10 0.000000e+00 0.000000e+00
-5.844763e-10 0.000000e+00 0.000000e+00
-6.129852e-10 0.000000e+00 0.000000e+00
-6.010041e-10 0.000000e+00 0.000000e+00
-5.721575e-10 0.000000e+00 0.000000e+00
-5.490370e-10 0.000000e+00 0.000000e+00
-6.112113e-10 0.000000e+00 0.000000e+00
-6.167525e-10 0.000000e+00 0.000000e+00
-6.257432e-10 0.000000e+00 0.000000e+00
-5.934888e-10 0.000000e+00 0.000000e+00
1.405228e-11 0.000000e+00 0.000000e+00
-6.573787e-11 0.000000e+00 0.000000e+00
3.170339e-10 0.000000e+00 0.000000e+00
6.272095e-10 0.000000e+00 0.000000e+00
6.098189e-10 0.000000e+00 0.000000e+00
6.293409e-10 0.000000e+00 0.000000e+00
6.143853e-10 0.000000e+00 0.000000e+00
5.852252e-10 0.000000e+00 0.000000e+00
6.020243e-10 0.000000e+00 0.000000e+00
5.584998e-10 0.000000e+00 0.000000e+00
5.716533e-10 0.000000e+00 0.000000e+00
5.873254e-10 0.000000e+00 0.000000e+00
-1.140410e-09 0.000000e+00 0.000000e+00
-1.412374e-10 0.000000e+00 0.000000e+00
-1.913627e-11 0.000000e+00 0.000000e+00
5.350688e-12 0.000000e+00 0.000000e+00
-9.098325e-10 0.000000e+00 0.000000e+00
-1.286400e-09 0.000000e+00 0.000000e+00
-6.231873e-10 0.000000e+00 0.000000e+00
-5.750756e-10 0.000000e+00 0.000000e+00
-7.120028e-10 0.000000e+00 0.000000e+00
-8.276125e-10 0.000000e+00 0.000000e+00
-9.835506e-10 0.000000e+00 0.000000e+00
-1.556952e-09 0.000000e+00 0.000000e+00
-2.512994e-10 0.000000e+00 0.000000e+00
-3.265108e-10 0.000000e+00 0.000000e+00
-2.721845e-10 0.000000e+00 0.000000e+00
-3.954436e-10 0.000000e+00 0.000000e+00
-4.334527e-10 0.000000e+00 0.000000e+00
-5.217899e-10 0.000000e+00 0.000000e+00
-1.362968e-09 0.000000e+00 0.000000e+00
-1.046918e-09 0.000000e+00 0.000000e+00
-1.449446e-09 0.000000e+00 0.000000e+00
-6.623824e-10 0.000000e+00 0.000000e+00
-1.218121e-09 0.000000e+00 0.000000e+00
-8.741863e-10 0.000000e+00 0.000000e+00
-1.120788e-09 0.000000e+00 0.000000e+00
-1.134378e-10 0.000000e+00 0.000000e+00
-3.350779e-10 0.000000e+00 0.000000e+00
-2.297982e-10 0.000000e+00 0.000000e+00
5.022419e-10 0.000000e+00 0.000000e+00
4.127649e-10 0.000000e+00 0.000000e+00
2.587064e-10 0.000000e+00 0.000000e+00
4.295413e-10 0.000000e+00 0.000000e+00
3.184957e-10 0.000000e+00 0.000000e+00
-7.658408e-10 0.000000e+00 0.000000e+00
-3.055781e-10 0.000000e+00 0.000000e+00
4.086885e-10 0.000000e+00 0.000000e+00
2.205789e-10 0.000000e+00 0.000000e+00
7.940351e-11 0.000000e+00 0.000000e+00
-7.891351e-11 0.000000e+00 0.000000e+00
-1.506405e-10 0.000000e+00 0.000000e+00
-2.003190e-09 0.000000e+00 0.000000e+00
-1.836820e-09 0.000000e+00 0.000000e+00
-1.502510e-09 0.000000e+00 0.000000e+00
-5.443354e-10 0.000000e+00 0.000000e+00
-6.876955e-10 0.000000e+00 0.000000e+00
-9.446370e-10 0.000000e+00 0.000000e+00
-5.855504e-10 0.000000e+00 0.000000e+00
4.433585e-10 0.000000e+00 0.000000e+00
5.199679e-10 0.000000e+00 0.000000e+00
5.725735e-10 0.000000e+00 0.000000e+00
4.605163e-10 0.000000e+00 0.000000e+00
1.145029e-10 0.000000e+00 0.000000e+00
2.545535e-10 0.000000e+00 0.000000e+00
-3.329670e-11 0.000000e+00 0.000000e+00
1.942309e-10 0.000000e+00 0.000000e+00
1.509611e-10 0.000000e+00 0.000000e+00
2.995266e-10 0.000000e+00 0.000000e+00
5.429232e-10 0.000000e+00 0.000000e+00
5.559618e-10 0.000000e+00 0.000000e+00
5.329263e-10 0.000000e+00 0.000000e+00
5.873481e-10 0.000000e+00 0.000000e+00
5.789254e-10 0.000000e+00 0.000000e+00
6.321427e-10 0.000000e+00 0.000000e+00
6.217333e-10 0.000000e+00 0.000000e+00
5.978766e-10 0.000000e+00 0.000000e+00
3.956812e-10 0.000000e+00 0.000000e+00
3.701468e-10 0.000000e+00 0.000000e+00
3.563118e-10 0.000000e+00 0.000000e+00
4.411536e-10 0.000000e+00 0.000000e+00
-1.036300e-09 0.000000e+00 0.000000e+00
-1.754288e-10 0.000000e+00 0.000000e+00
-2.129497e-10 0.000000e+00 0.000000e+00
-4.856999e-10 0.000000e+00 0.000000e+00
-1.641922e-09 0.000000e+00 0.000000e+00
-1.741781e-09 0.000000e+00 0.000000e+00
-1.918192e-09 0.000000e+00 0.000000e+00
-2.123606e-09 0.000000e+00 0.000000e+00
-7.425442e-10 0.000000e+00 0.000000e+00
-2.343467e-09 0.000000e+00 0.000000e+00
-1.667248e-09 0.000000e+00 0.000000e+00
-2.207747e-09 0.000000e+00 0.000000e+00
-2.709617e-09 0.000000e+00 0.000000e+00
-1.751784e-09 0.000000e+00 0.000000e+00
-1.406602e-09 0.000000e+00 0.000000e+00
-1.291569e-09 0.000000e+00 0.000000e+00
-2.038433e-09 0.000000e+00 0.000000e+00
-9.561018e-10 0.000000e+00 0.000000e+00
-1.186886e-09 0.000000e+00 0.000000e+00
-1.091453e-09 0.000000e+00 0.000000e+00
-1.237756e-09 0.000000e+00 0.000000e+00
-2.509778e-09 0.000000e+00 0.000000e+00
-2.451879e-09 0.000000e+00 0.000000e+00
-1.843928e-09 0.000000e+00 0.000000e+00
-2.276798e-09 0.000000e+00 0.000000e+00
-1.999833e-09 0.000000e+00 0.000000e+00
-8.015965e-10 0.000000e+00 0.000000e+00
-8.574570e-10 0.000000e+00 0.000000e+00
-4.186324e-10 0.000000e+00 0.000000e+00
2.726101e-10 0.000000e+00 0.000000e+00
-1.237933e-10 0.000000e+00 0.000000e+00
5.589828e-11 0.000000e+00 0.000000e+00
1.501000e-10 0.000000e+00 0.000000e+00
-3.694841e-10 0.000000e+00 0.000000e+00
3.500247e-10 0.000000e+00 0.000000e+00
2.235918e-10 0.000000e+00 0.000000e+00
2.366022e-10 0.000000e+00 0.000000e+00
1.909802e-10 0.000000e+00 0.000000e+00
1.744601e-10 0.000000e+00 0.000000e+00
6.312955e-10 0.000000e+00 0.000000e+00
6.222718e-10 0.000000e+00 0.000000e+00
6.184165e-10 0.000000e+00 0.000000e+00
4.870046e-10 0.000000e+00 0.000000e+00
4.810288e-10 0.000000e+00 0.000000e+00
6.242583e-10 0.000000e+00 0.000000e+00
6.272127e-10 0.000000e+00 0.000000e+00
6.327312e-10 0.000000e+00 0.000000e+00
6.327478e-10 0.000000e+00 0.000000e+00
-1.573706e-09 0.000000e+00 0.000000e+00
-1.323814e-09 0.000000e+00 0.000000e+00
-1.423043e-09 0.000000e+00 0.000000e+00
-6.481009e-10 0.000000e+00 0.000000e+00
-4.303709e-10 0.000000e+00 0.000000e+00
-5.428828e-10 0.000000e+00 0.000000e+00
-8.930925e-10 0.000000e+00 0.000000e+00
8.970566e-11 0.000000e+00 0.000000e+00
1.840338e-12 0.000000e+00 0.000000e+00
-4.690813e-11 0.000000e+00 0.000000e+00
-7.226054e-11 0.000000e+00 0.000000e+00
3.291013e-10 0.000000e+00 0.000000e+00
6.290104e-10 0.000000e+00 0.000000e+00
5.758210e-10 0.000000e+00 0.000000e+00
5.794338e-10 0.000000e+00 0.000000e+00
5.222543e-10 0.000000e+00 0.000000e+00
4.676746e-10 0.000000e+00 0.000000e+00
3.434464e-10 0.000000e+00 0.000000e+00
8.935987e-11 0.000000e+00 0.000000e+00
7.907745e-11 0.000000e+00 0.000000e+00
-2.350369e-11 0.000000e+00 0.000000e+00
-1.883820e-10 0.000000e+00 0.000000e+00
-1.164396e-10 0.000000e+00 0.000000e+00
-2.162055e-10 0.000000e+00 0.000000e+00
-2.384811e-10 0.000000e+00 0.000000e+00
-5.640198e-10 0.000000e+00 0.000000e+00
-4.336161e-10 0.000000e+00 0.000000e+00
-5.596850e-10 0.000000e+00 0.000000e+00
-4.046256e-10 0.000000e+00 0.000000e+00
-4.201035e-10 0.000000e+00 0.000000e+00
-5.183525e-10 0.000000e+00 0.000000e+00
-4.656058e-10 0.000000e+00 0.000000e+00
-4.858785e-10 0.000000e+00 0.000000e+00
-2.860279e-10 0.000000e+00 0.000000e+00
-7.527739e-11 0.000000e+00 0.000000e+00
-1.692060e-10 0.000000e+00 0.000000e+00
-3.866855e-10 0.000000e+00 0.000000e+00
-3.018832e-10 0.000000e+00 0.000000e+00
-2.078934e-10 0.000000e+00 0.000000e+00
-1.379469e-10 0.000000e+00 0.000000e+00
-1.295231e-10 0.000000e+00 0.000000e+00
-1.033513e-10 0.000000e+00 0.000000e+00
-8.609098e-11 0.000000e+00 0.000000e+00
5.379315e-11 0.000000e+00 0.000000e+00
-4.957356e-11 0.000000e+00 0.000000e+00
5.619906e-11 0.000000e+00 0.000000e+00
4.219154e-10 0.000000e+00 0.000000e+00
4.517455e-10 0.000000e+00 0.000000e+00
1.332289e-10 0.000000e+00 0.000000e+00
1.202073e-10 0.000000e+00 0.000000e+00
1.926880e-10 0.000000e+00 0.000000e+00
4.064964e-10 0.000000e+00 0.000000e+00
5.109642e-10 0.000000e+00 0.000000e+00
6.024701e-10 0.000000e+00 0.000000e+00
5.814958e-10 0.000000e+00 0.000000e+00
4.354562e-10 0.000000e+00 0.000000e+00
3.826333e-10 0.000000e+00 0.000000e+00
1.659308e-10 0.000000e+00 0.000000e+00
6.113460e-10 0.000000e+00 0.000000e+00
6.168205e-10 0.000000e+00 0.000000e+00
6.137096e-10 0.000000e+00 0.000000e+00
5.909562e-10 0.000000e+00 0.000000e+00
4.726845e-10 0.000000e+00 0.000000e+00
5.722770e-10 0.000000e+00 0.000000e+00
4.948757e-10 0.000000e+00 0.000000e+00
2.113256e-10 0.000000e+00 0.000000e+00
1.018809e-10 0.000000e+00 0.000000e+00
2.983881e-10 0.000000e+00 0.000000e+00
2.459408e-10 0.000000e+00 0.000000e+00
2.339830e-10 0.000000e+00 0.000000e+00
2.663014e-10 0.000000e+00 0.000000e+00
3.605495e-10 0.000000e+00 0.000000e+00
2.822236e-10 0.000000e+00 0.000000e+00
1.499585e-10 0.000000e+00 0.000000e+00
1.788374e-10 0.000000e+00 0.000000e+00
4.853411e-10 0.000000e+00 0.000000e+00
5.020515e-10 0.000000e+00 0.000000e+00
5.635556e-10 0.000000e+00 0.000000e+00
5.481569e-10 0.000000e+00 0.000000e+00
5.121215e-10 0.000000e+00 0.000000e+00
5.941649e-10 0.000000e+00 0.000000e+00
6.127523e-10 0.000000e+00 0.000000e+00
6.326183e-10 0.000000e+00 0.000000e+00
6.098423e-10 0.000000e+00 0.000000e+00
5.260188e-10 0.000000e+00 0.000000e+00
6.045763e-10 0.000000e+00 0.000000e+00
6.239429e-10 0.000000e+00 0.000000e+00
6.324848e-10 0.000000e+00 0.000000e+00
6.296033e-10 0.000000e+00 0.000000e+00
6.310232e-10 0.000000e+00 0.000000e+00
6.275964e-10 0.000000e+00 0.000000e+00
3.351594e-10 0.000000e+00 0.000000e+00
3.038853e-10 0.000000e+00 0.000000e+00
4.434104e-10 0.000000e+00 0.000000e+00
4.639360e-10 0.000000e+00 0.000000e+00
3.704150e-10 0.000000e+00 0.000000e+00
3.532099e-10 0.000000e+00 0.000000e+00
5.966178e-10 0.000000e+00 0.000000e+00
6.013508e-10 0.000000e+00 0.000000e+00
5.749191e-10 0.000000e+00 0.000000e+00
5.907952e-10 0.000000e+00 0.000000e+00
4.858382e-10 0.000000e+00 0.000000e+00
5.366970e-10 0.000000e+00 0.000000e+00
5.501614e-10 0.000000e+00 0.000000e+00
6.189875e-10 0.000000e+00 0.000000e+00
6.141974e-10 0.000000e+00 0.000000e+00
5.331072e-10 0.000000e+00 0.000000e+00
4.161490e-10 0.000000e+00 0.000000e+00
3.941210e-10 0.000000e+00 0.000000e+00
5.184956e-10 0.000000e+00 0.000000e+00
5.009776e-10 0.000000e+00 0.000000e+00
5.553331e-10 0.000000e+00 0.000000e+00
6.071138e-10 0.000000e+00 0.000000e+00
5.645425e-10 0.000000e+00 0.000000e+00
6.318465e-10 0.000000e+00 0.000000e+00
3.728196e-10 0.000000e+00 0.000000e+00
5.368206e-10 0.000000e+00 0.000000e+00
4.949637e-10 0.000000e+00 0.000000e+00
5.302358e-10 0.000000e+00 0.000000e+00
5.086608e-10 0.000000e+00 0.000000e+00
4.709685e-10 0.000000e+00 0.000000e+00
4.186793e-10 0.000000e+00 0.000000e+00
3.917716e-10 0.000000e+00 0.000000e+00
2.863772e-10 0.000000e+00 0.000000e+00
5.645556e-10 0.000000e+00 0.000000e+00
5.444662e-10 0.000000e+00 0.000000e+00
5.628870e-10 0.000000e+00 0.000000e+00
5.639975e-10 0.000000e+00 0.000000e+00
6.239470e-10 0.000000e+00 0.000000e+00
6.172682e-10 0.000000e+00 0.000000e+00
6.016194e-10 0.000000e+00 0.000000e+00
5.976272e-10 0.000000e+00 0.000000e+00
3.285556e-10 0.000000e+00 0.000000e+00
-1.478478e-10 0.000000e+00 0.000000e+00
-8.644166e-12 0.000000e+00 0.000000e+00
3.354812e-11 0.000000e+00 0.000000e+00
2.963832e-12 0.000000e+00 0.000000e+00
2.308351e-10 0.000000e+00 0.000000e+00
1.926172e-10 0.000000e+00 0.000000e+00
2.141674e-10 0.000000e+00 0.000000e+00
-4.431834e-10 0.000000e+00 0.000000e+00
-3.603383e-10 0.000000e+00 0.000000e+00
-3.705749e-10 0.000000e+00 0.000000e+00
-4.081899e-10 0.000000e+00 0.000000e+00
-3.331797e-10 0.000000e+00 0.000000e+00
-2.553557e-10 0.000000e+00 0.000000e+00
-6.018257e-10 0.000000e+00 0.000000e+00
-5.341643e-10 0.000000e+00 0.000000e+00
-6.281894e-10 0.000000e+00 0.000000e+00
-5.223439e-10 0.000000e+00 0.000000e+00
-3.459677e-10 0.000000e+00 0.000000e+00
-1.667848e-10 0.000000e+00 0.000000e+00
-2.611254e-10 0.000000e+00 0.000000e+00
-3.125324e-11 0.000000e+00 0.000000e+00
-2.250523e-10 0.000000e+00 0.000000e+00
-3.086241e-10 0.000000e+00 0.000000e+00
-5.186247e-10 0.000000e+00 0.000000e+00
-3.907297e-10 0.000000e+00 0.000000e+00
-3.730794e-10 0.000000e+00 0.000000e+00
-4.337177e-10 0.000000e+00 0.000000e+00
-2.467489e-10 0.000000e+00 0.000000e+00
3.703503e-10 0.000000e+00 0.000000e+00
-5.804096e-11 0.000000e+00 0.000000e+00
2.623089e-10 0.000000e+00 0.000000e+00
4.199241e-10 0.000000e+00 0.000000e+00
2.791307e-10 0.000000e+00 0.000000e+00
2.377401e-11 0.000000e+00 0.000000e+00
1.438371e-10 0.000000e+00 0.000000e+00
1.030043e-10 0.000000e+00 0.000000e+00
2.273503e-10 0.000000e+00 0.000000e+00
-1.044641e-11 0.000000e+00 0.000000e+00
-1.857845e-10 0.000000e+00 0.000000e+00
-1.256084e-10 0.000000e+00 0.000000e+00
-4.667816e-10 0.000000e+00 0.000000e+00
-5.048534e-10 0.000000e+00 0.000000e+00
-4.976183e-10 0.000000e+00 0.000000e+00
-4.560375e-10 0.000000e+00 0.000000e+00
-2.835409e-10 0.000000e+00 0.000000e+00
-4.277211e-10 0.000000e+00 0.000000e+00
-3.219644e-10 0.000000e+00 0.000000e+00
-2.371075e-10 0.000000e+00 0.000000e+00
-1.995060e-10 0.000000e+00 0.000000e+00
-4.862049e-10 0.000000e+00 0.000000e+00
-4.737727e-10 0.000000e+00 0.000000e+00
-3.258622e-10 0.000000e+00 0.000000e+00
-4.473245e-10 0.000000e+00 0.000000e+00
-6.135937e-10 0.000000e+00 0.000000e+00
-5.424053e-10 0.000000e+00 0.000000e+00
-6.002948e-10 0.000000e+00 0.000000e+00
-5.834995e-10 0.000000e+00 0.000000e+00
-5.875000e-10 0.000000e+00 0.000000e+00
-5.864551e-10 0.000000e+00 0.000000e+00
-5.046262e-10 0.000000e+00 0.000000e+00
7.961019e-11 0.000000e+00 0.000000e+00
-4.270774e-10 0.000000e+00 0.000000e+00
-6.210426e-10 0.000000e+00 0.000000e+00
-5.136606e-10 0.000000e+00 0.000000e+00
-6.159876e-10 0.000000e+00 0.000000e+00
-4.475410e-10 0.000000e+00 0.000000e+00
-4.593282e-10 0.000000e+00 0.000000e+00
5.549245e-10 0.000000e+00 0.000000e+00
-1.188269e-10 0.000000e+00 0.000000e+00
-1.356305e-10 0.000000e+00 0.000000e+00
-3.376315e-10 0.000000e+00 0.000000e+00
5.181296e-10 0.000000e+00 0.000000e+00
1.110922e-09 0.000000e+00 0.000000e+00
1.063670e-09 0.000000e+00 0.000000e+00
1.330454e-09 0.000000e+00 0.000000e+00
1.261485e-09 0.000000e+00 0.000000e+00
1.207473e-09 0.000000e+00 0.000000e+00
1.048359e-09 0.000000e+00 0.000000e+00
2.102278e-10 0.000000e+00 0.000000e+00
4.733936e-10 0.000000e+00 0.000000e+00
3.194557e-10 0.000000e+00 0.000000e+00
4.295905e-10 0.000000e+00 0.000000e+00
-7.912703e-11 0.000000e+00 0.000000e+00
3.697366e-11 0.000000e+00 0.000000e+00
3.689299e-10 0.000000e+00 0.000000e+00
7.908123e-10 0.000000e+00 0.000000e+00
8.946898e-10 0.000000e+00 0.000000e+00
6.561425e-10 0.000000e+00 0.000000e+00
7.416630e-10 0.000000e+00 0.000000e+00
1.946355e-09 0.000000e+00 0.000000e+00
2.520017e-09 0.000000e+00 0.000000e+00
2.642880e-09 0.000000e+00 0.000000e+00
7.529978e-10 0.000000e+00 0.000000e+00
1.017876e-09 0.000000e+00 0.000000e+00
7.911547e-10 0.000000e+00 0.000000e+00
8.597397e-10 0.000000e+00 0.000000e+00
9.554258e-10 0.000000e+00 0.000000e+00
2.743089e-09 0.000000e+00 0.000000e+00
2.787222e-09 0.000000e+00 0.000000e+00
3.040967e-09 0.000000e+00 0.000000e+00
2.970581e-09 0.000000e+00 0.000000e+00
2.866835e-09 0.000000e+00 0.000000e+00
2.892863e-09 0.000000e+00 0.000000e+00
2.582082e-09 0.000000e+00 0.000000e+00
1.321999e-09 0.000000e+00 0.000000e+00
1.395002e-09 0.000000e+00 0.000000e+00
1.111636e-09 0.000000e+00 0.000000e+00
1.216233e-09 0.000000e+00 0.000000e+00
2.321027e-09 0.000000e+00 0.000000e+00
3.647021e-09 0.000000e+00 0.000000e+00
1.826002e-09 0.000000e+00 0.000000e+00
2.710166e-09 0.000000e+00 0.000000e+00
2.143692e-09 0.000000e+00 0.000000e+00
1.624578e-09 0.000000e+00 0.000000e+00
1.546739e-09 0.000000e+00 0.000000e+00
8.540092e-10 0.000000e+00 0.000000e+00
-3.909061e-10 0.000000e+00 0.000000e+00
-3.615384e-10 0.000000e+00 0.000000e+00
-4.975458e-10 0.000000e+00 0.000000e+00
-4.318879e-10 0.000000e+00 0.000000e+00
1.689809e-10 0.000000e+00 0.000000e+00
-2.996005e-11 0.000000e+00 0.000000e+00
-2.415754e-10 0.000000e+00 0.000000e+00
-2.378545e-10 0.000000e+00 0.000000e+00
-1.143358e-10 0.000000e+00 0.000000e+00
1.187787e-10 0.000000e+00 0.000000e+00
1.475453e-10 0.000000e+00 0.000000e+00
-2.851748e-10 0.000000e+00 0.000000e+00
-1.797240e-10 0.000000e+00 0.000000e+00
-3.107873e-10 0.000000e+00 0.000000e+00
-3.130825e-10 0.000000e+00 0.000000e+00
-4.643656e-10 0.000000e+00 0.000000e+00
-2.831545e-10 0.000000e+00 0.000000e+00
-2.619697e-10 0.000000e+00 0.000000e+00
-4.536217e-10 0.000000e+00 0.000000e+00
-6.308172e-10 0.000000e+00 0.000000e+00
-6.324184e-10 0.000000e+00 0.000000e+00
-6.307365e-10 0.000000e+00 0.000000e+00
-6.238019e-10 0.000000e+00 0.000000e+00
-6.327501e-10 0.000000e+00 0.000000e+00
-6.314643e-10 0.000000e+00 0.000000e+00
-6.109969e-10 0.000000e+00 0.000000e+00
-6.066984e-10 0.000000e+00 0.000000e+00
-6.259663e-10 0.000000e+00 0.000000e+00
-5.623068e-10 0.000000e+00 0.000000e+00
-5.128396e-10 0.000000e+00 0.000000e+00
-6.316594e-10 0.000000e+00 0.000000e+00
-6.221809e-10 0.000000e+00 0.000000e+00
-6.021659e-10 0.000000e+00 0.000000e+00
-6.316017e-10 0.000000e+00 0.000000e+00
-6.185178e-10 0.000000e+00 0.000000e+00
-6.279906e-10 0.000000e+00 0.000000e+00
-6.326231e-10 0.000000e+00 0.000000e+00
-6.326521e-10 0.000000e+00 0.000000e+00
-6.308360e-10 0.000000e+00 0.000000e+00
-6.263456e-10 0.000000e+00 0.000000e+00
-6.162238e-10 0.000000e+00 0.000000e+00
-5.976341e-10 0.000000e+00 0.000000e+00
-6.204310e-10 0.000000e+00 0.000000e+00
-6.234812e-10 0.000000e+00 0.000000e+00
-5.273315e-10 0.000000e+00 0.000000e+00
-5.788613e-10 0.000000e+00 0.000000e+00
-5.869293e-10 0.000000e+00 0.000000e+00
-6.091762e-10 0.000000e+00 0.000000e+00
-6.299892e-10 0.000000e+00 0.000000e+00
-5.508266e-10 0.000000e+00 0.000000e+00
-2.315823e-10 0.000000e+00 0.000000e+00
6.886596e-10 0.000000e+00 0.000000e+00
5.880048e-10 0.000000e+00 0.000000e+00
-1.531569e-10 0.000000e+00 0.000000e+00
-2.081343e-10 0.000000e+00 0.000000e+00
-1.919807e-10 0.000000e+00 0.000000e+00
2.376361e-09 0.000000e+00 0.000000e+00
2.568867e-09 0.000000e+00 0.000000e+00
1.288445e-09 0.000000e+00 0.000000e+00
9.114314e-10 0.000000e+00 0.000000e+00
3.163606e-09 0.000000e+00 0.000000e+00
3.257318e-09 0.000000e+00 0.000000e+00
3.470851e-09 0.000000e+00 0.000000e+00
3.395911e-09 0.000000e+00 0.000000e+00
2.649257e-09 0.000000e+00 0.000000e+00
3.127108e-09 0.000000e+00 0.000000e+00
2.053181e-09 0.000000e+00 0.000000e+00
1.778179e-09 0.000000e+00 0.000000e+00
1.159722e-09 0.000000e+00 0.000000e+00
1.072526e-09 0.000000e+00 0.000000e+00
-6.327665e-10 0.000000e+00 0.000000e+00
-6.251108e-10 0.000000e+00 0.000000e+00
-5.751594e-10 0.000000e+00 0.000000e+00
-3.692609e-10 0.000000e+00 0.000000e+00
-3.981516e-10 0.000000e+00 0.000000e+00
-3.777939e-10 0.000000e+00 0.000000e+00
-4.078321e-10 0.000000e+00 0.000000e+00
-3.289532e-10 0.000000e+00 0.000000e+00
1.600234e-09 0.000000e+00 0.000000e+00
1.508943e-09 0.000000e+00 0.000000e+00
1.465666e-09 0.000000e+00 0.000000e+00
2.776900e-10 0.000000e+00 0.000000e+00
2.080765e-11 0.000000e+00 0.000000e+00
-5.912420e-11 0.000000e+00 0.000000e+00
2.381437e-10 0.000000e+00 0.000000e+00
1.131431e-10 0.000000e+00 0.000000e+00
3.265502e-10 0.000000e+00 0.000000e+00
5.455774e-10 0.000000e+00 0.000000e+00
1.825672e-10 0.000000e+00 0.000000e+00
1.850305e-10 0.000000e+00 0.000000e+00
4.128073e-10 0.000000e+00 0.000000e+00
6.274112e-10 0.000000e+00 0.000000e+00
4.704322e-10 0.000000e+00 0.000000e+00
-6.279864e-10 0.000000e+00 0.000000e+00
-3.920049e-10 0.000000e+00 0.000000e+00
5.269613e-11 0.000000e+00 0.000000e+00
-1.683628e-10 0.000000e+00 0.000000e+00
-6.105954e-12 0.000000e+00 0.000000e+00
8.796814e-11 0.000000e+00 0.000000e+00
5.283453e-10 0.000000e+00 0.000000e+00
9.744315e-10 0.000000e+00 0.000000e+00
1.364415e-09 0.000000e+00 0.000000e+00
1.178648e-09 0.000000e+00 0.000000e+00
2.559772e-11 0.000000e+00 0.000000e+00
-8.753606e-11 0.000000e+00 0.000000e+00
-4.935849e-11 0.000000e+00 0.000000e+00
7.436250e-10 0.000000e+00 0.000000e+00
2.431258e-10 0.000000e+00 0.000000e+00
3.340439e-10 0.000000e+00 0.000000e+00
-2.650453e-10 0.000000e+00 0.000000e+00
-3.600276e-10 0.000000e+00 0.000000e+00
-2.227335e-10 0.000000e+00 0.000000e+00
-1.461384e-10 0.000000e+00 0.000000e+00
4.587613e-10 0.000000e+00 0.000000e+00
6.941666e-10 0.000000e+00 0.000000e+00
4.131923e-10 0.000000e+00 0.000000e+00
5.895037e-10 0.000000e+00 0.000000e+00
2.056423e-09 0.000000e+00 0.000000e+00
1.675827e-09 0.000000e+00 0.000000e+00
2.461323e-09 0.000000e+00 0.000000e+00
1.777830e-09 0.000000e+00 0.000000e+00
3.985117e-09 0.000000e+00 0.000000e+00
2.188511e-09 0.000000e+00 0.000000e+00
8.115073e-10 0.000000e+00 0.000000e+00
1.264950e-09 0.000000e+00 0.000000e+00
1.339805e-09 0.000000e+00 0.000000e+00
1.018797e-09 0.000000e+00 0.000000e+00
4.122334e-09 0.000000e+00 0.000000e+00
1.887598e-09 0.000000e+00 0.000000e+00
2.242031e-09 0.000000e+00 0.000000e+00
3.540834e-09 0.000000e+00 0.000000e+00
1.972279e-09 0.000000e+00 0.000000e+00
2.058827e-09 0.000000e+00 0.000000e+00
2.147199e-09 0.000000e+00 0.000000e+00
3.429022e-09 0.000000e+00 0.000000e+00
3.009379e-09 0.000000e+00 0.000000e+00
3.339374e-09 0.000000e+00 0.000000e+00
2.819171e-09 0.000000e+00 0.000000e+00
2.306401e-09 0.000000e+00 0.000000e+00
2.447447e-09 0.000000e+00 0.000000e+00
2.394631e-09 0.000000e+00 0.000000e+00
1.729224e-09 0.000000e+00 0.000000e+00
1.587863e-09 0.000000e+00 0.000000e+00
5.064795e-10 0.000000e+00 0.000000e+00
1.045140e-09 0.000000e+00 0.000000e+00
1.852905e-09 0.000000e+00 0.000000e+00
2.003313e-09 0.000000e+00 0.000000e+00
-9.885320e-11 0.000000e+00 0.000000e+00
8.859509e-11 0.000000e+00 0.000000e+00
6.645527e-10 0.000000e+00 0.000000e+00
5.695629e-10 0.000000e+00 0.000000e+00
2.958636e-10 0.000000e+00 0.000000e+00
1.363185e-10 0.000000e+00 0.000000e+00
-2.948415e-10 0.000000e+00 0.000000e+00
-3.259666e-10 0.000000e+00 0.000000e+00
-3.452345e-10 0.000000e+00 0.000000e+00
3.680164e-10 0.000000e+00 0.000000e+00
2.218610e-10 0.000000e+00 0.000000e+00
-2.659900e-10 0.000000e+00 0.000000e+00
-5.977779e-10 0.000000e+00 0.000000e+00
-6.134146e-10 0.000000e+00 0.000000e+00
-6.187014e-10 0.000000e+00 0.000000e+00
-4.362270e-10 0.000000e+00 0.000000e+00
-5.418894e-10 0.000000e+00 0.000000e+00
-5.136430e-10 0.000000e+00 0.000000e+00
-6.320469e-10 0.000000e+00 0.000000e+00
-6.316994e-10 0.000000e+00 0.000000e+00
-6.325236e-10 0.000000e+00 0.000000e+00
-6.229024e-10 0.000000e+00 0.000000e+00
-5.161945e-10 0.000000e+00 0.000000e+00
-5.717976e-10 0.000000e+00 0.000000e+00
-5.584127e-10 0.000000e+00 0.000000e+00
-5.494500e-10 0.000000e+00 0.000000e+00
-5.301208e-10 0.000000e+00 0.000000e+00
-5.374095e-10 0.000000e+00 0.000000e+00
-5.744803e-10 0.000000e+00 0.000000e+00
-5.492072e-10 0.000000e+00 0.000000e+00
-5.930061e-10 0.000000e+00 0.000000e+00
-3.691413e-10 0.000000e+00 0.000000e+00
-3.979843e-10 0.000000e+00 0.000000e+00
-4.025066e-10 0.000000e+00 0.000000e+00
-3.931184e-10 0.000000e+00 0.000000e+00
-4.710398e-10 0.000000e+00 0.000000e+00
-4.521816e-10 0.000000e+00 0.000000e+00
-5.666672e-10 0.000000e+00 0.000000e+00
-5.582101e-10 0.000000e+00 0.000000e+00
-5.372194e-10 0.000000e+00 0.000000e+00
-6.159437e-10 0.000000e+00 0.000000e+00
-6.117083e-10 0.000000e+00 0.000000e+00
-5.662066e-10 0.000000e+00 0.000000e+00
-5.934440e-10 0.000000e+00 0.000000e+00
-5.545221e-10 0.000000e+00 0.000000e+00
-5.810923e-10 0.000000e+00 0.000000e+00
-5.885744e-10 0.000000e+00 0.000000e+00
-6.051912e-10 0.000000e+00 0.000000e+00
-5.981040e-10 0.000000e+00 0.000000e+00
-6.061752e-10 0.000000e+00 0.000000e+00
-6.296693e-10 0.000000e+00 0.000000e+00
-6.303043e-10 0.000000e+00 0.000000e+00
-6.255473e-10 0.000000e+00 0.000000e+00
-5.107224e-10 0.000000e+00 0.000000e+00
-5.016812e-10 0.000000e+00 0.000000e+00
-4.937690e-10 0.000000e+00 0.000000e+00
-4.152054e-10 0.000000e+00 0.000000e+00
-4.799202e-10 0.000000e+00 0.000000e+00
-4.219589e-10 0.000000e+00 0.000000e+00
-2.861149e-10 0.000000e+00 0.000000e+00
-9.853353e-10 0.000000e+00 0.000000e+00
-1.060786e-09 0.000000e+00 0.000000e+00
-1.176280e-09 0.000000e+00 0.000000e+00
-7.299991e-10 0.000000e+00 0.000000e+00
-6.385280e-10 0.000000e+00 0.000000e+00
-3.456230e-10 0.000000e+00 0.000000e+00
-2.757569e-10 0.000000e+00 0.000000e+00
-4.648302e-10 0.000000e+00 0.000000e+00
-9.116932e-10 0.000000e+00 0.000000e+00
3.539993e-11 0.000000e+00 0.000000e+00
-2.553056e-10 0.000000e+00 0.000000e+00
4.568404e-10 0.000000e+00 0.000000e+00
4.886709e-10 0.000000e+00 0.000000e+00
5.505590e-10 0.000000e+00 0.000000e+00
5.199290e-10 0.000000e+00 0.000000e+00
5.187809e-10 0.000000e+00 0.000000e+00
6.309912e-10 0.000000e+00 0.000000e+00
6.297594e-10 0.000000e+00 0.000000e+00
6.319335e-10 0.000000e+00 0.000000e+00
6.077274e-10 0.000000e+00 0.000000e+00
4.350709e-10 0.000000e+00 0.000000e+00
4.571701e-10 0.000000e+00 0.000000e+00
4.458359e-10 0.000000e+00 0.000000e+00
6.073663e-10 0.000000e+00 0.000000e+00
6.202125e-10 0.000000e+00 0.000000e+00
6.269525e-10 0.000000e+00 0.000000e+00
6.320378e-10 0.000000e+00 0.000000e+00
6.236425e-10 0.000000e+00 0.000000e+00
6.178891e-10 0.000000e+00 0.000000e+00
5.324827e-10 0.000000e+00 0.000000e+00
5.816241e-10 0.000000e+00 0.000000e+00
5.896332e-10 0.000000e+00 0.000000e+00
6.077188e-10 0.000000e+00 0.000000e+00
5.801153e-10 0.000000e+00 0.000000e+00
3.077185e-10 0.000000e+00 0.000000e+00
3.125399e-10 0.000000e+00 0.000000e+00
4.983839e-10 0.000000e+00 0.000000e+00
3.387542e-10 0.000000e+00 0.000000e+00
3.947005e-10 0.000000e+00 0.000000e+00
4.765452e-10 0.000000e+00 0.000000e+00
4.283353e-10 0.000000e+00 0.000000e+00
-1.069392e-10 0.000000e+00 0.000000e+00
1.265939e-10 0.000000e+00 0.000000e+00
-5.394223e-11 0.000000e+00 0.000000e+00
3.427025e-10 0.000000e+00 0.000000e+00
-3.067341e-10 0.000000e+00 0.000000e+00
2.613415e-10 0.000000e+00 0.000000e+00
4.687079e-11 0.000000e+00 0.000000e+00
7.986105e-11 0.000000e+00 0.000000e+00
2.061135e-10 0.000000e+00 0.000000e+00
1.288679e-10 0.000000e+00 0.000000e+00
-1.843004e-10 0.000000e+00 0.000000e+00
-1.388134e-10 0.000000e+00 0.000000e+00
-2.301141e-10 0.000000e+00 0.000000e+00
5.556801e-10 0.000000e+00 0.000000e+00
5.519889e-10 0.000000e+00 0.000000e+00
5.119555e-10 0.000000e+00 0.000000e+00
-5.850041e-10 0.000000e+00 0.000000e+00
-1.480998e-09 0.000000e+00 0.000000e+00
-1.557276e-09 0.000000e+00 0.000000e+00
-2.888002e-09 0.000000e+00 0.000000e+00
-2.609548e-09 0.000000e+00 0.000000e+00
-2.767109e-09 0.000000e+00 0.000000e+00
-2.984734e-09 0.000000e+00 0.000000e+00
-2.444558e-09 0.000000e+00 0.000000e+00
-1.954353e-09 0.000000e+00 0.000000e+00
-1.711515e-09 0.000000e+00 0.000000e+00
-1.638810e-09 0.000000e+00 0.000000e+00
-1.292246e-09 0.000000e+00 0.000000e+00
-2.642830e-09 0.000000e+00 0.000000e+00
-3.013156e-09 0.000000e+00 0.000000e+00
-2.127984e-09 0.000000e+00 0.000000e+00
-2.084878e-09 0.000000e+00 0.000000e+00
-2.203122e-09 0.000000e+00 0.000000e+00
