FX FY FZ 
5.489423e-10 0.000000e+00 0.000000e+00
4.529316e-10 0.000000e+00 0.000000e+00
-3.325407e-09 0.000000e+00 0.000000e+00
-2.469284e-09 0.000000e+00 0.000000e+00
-6.196397e-09 0.000000e+00 0.000000e+00
-2.217193e-09 0.000000e+00 0.000000e+00
-1.655001e-08 0.000000e+00 0.000000e+00
-1.132929e-08 0.000000e+00 0.000000e+00
-1.585141e-08 0.000000e+00 0.000000e+00
-1.235245e-08 0.000000e+00 0.000000e+00
7.847441e-09 0.000000e+00 0.000000e+00
-1.792639e-08 0.000000e+00 0.000000e+00
-1.868812e-08 0.000000e+00 0.000000e+00
7.804082e-09 0.000000e+00 0.000000e+00
-2.929889e-10 0.000000e+00 0.000000e+00
1.635895e-08 0.000000e+00 0.000000e+00
-2.324800e-08 0.000000e+00 0.000000e+00
-2.392333e-08 0.000000e+00 0.000000e+00
-2.448342e-08 0.000000e+00 0.000000e+00
-2.254623e-08 0.000000e+00 0.000000e+00
2.244693e-08 0.000000e+00 0.000000e+00
1.842369e-08 0.000000e+00 0.000000e+00
2.428713e-08 0.000000e+00 0.000000e+00
2.315615e-08 0.000000e+00 0.000000e+00
1.804144e-08 0.000000e+00 0.000000e+00
1.732613e-08 0.000000e+00 0.000000e+00
1.236368e-08 0.000000e+00 0.000000e+00
1.635940e-08 0.000000e+00 0.000000e+00
-2.489700e-08 0.000000e+00 0.000000e+00
2.463423e-08 0.000000e+00 0.000000e+00
2.537135e-08 0.000000e+00 0.000000e+00
2.445686e-08 0.000000e+00 0.000000e+00
-8.185815e-09 0.000000e+00 0.000000e+00
-1.506983e-08 0.000000e+00 0.000000e+00
3.296163e-08 0.000000e+00 0.000000e+00
1.939644e-08 0.000000e+00 0.000000e+00
-4.760196e-09 0.000000e+00 0.000000e+00
1.013708e-08 0.000000e+00 0.000000e+00
-7.252111e-08 0.000000e+00 0.000000e+00
-2.291384e-08 0.000000e+00 0.000000e+00
2.353228e-08 0.000000e+00 0.000000e+00
6.603124e-09 0.000000e+00 0.000000e+00
5.310971e-09 0.000000e+00 0.000000e+00
7.096974e-09 0.000000e+00 0.000000e+00
7.025884e-10 0.000000e+00 0.000000e+00
-2.218316e-08 0.000000e+00 0.000000e+00
-9.968536e-09 0.000000e+00 0.000000e+00
-3.136245e-08 0.000000e+00 0.000000e+00
-3.052031e-08 0.000000e+00 0.000000e+00
-3.009659e-08 0.000000e+00 0.000000e+00
-2.847886e-08 0.000000e+00 0.000000e+00
-2.954677e-08 0.000000e+00 0.000000e+00
-2.878125e-08 0.000000e+00 0.000000e+00
-3.250232e-08 0.000000e+00 0.000000e+00
6.647576e-09 0.000000e+00 0.000000e+00
2.647915e-08 0.000000e+00 0.000000e+00
2.590697e-08 0.000000e+00 0.000000e+00
2.609669e-08 0.000000e+00 0.000000e+00
2.691457e-08 0.000000e+00 0.000000e+00
2.633471e-08 0.000000e+00 0.000000e+00
2.659618e-08 0.000000e+00 0.000000e+00
2.613690e-08 0.000000e+00 0.000000e+00
6.901732e-09 0.000000e+00 0.000000e+00
6.923601e-09 0.000000e+00 0.000000e+00
7.465528e-09 0.000000e+00 0.000000e+00
2.799145e-08 0.000000e+00 0.000000e+00
2.711040e-08 0.000000e+00 0.000000e+00
2.803441e-08 0.000000e+00 0.000000e+00
2.669706e-08 0.000000e+00 0.000000e+00
2.606288e-08 0.000000e+00 0.000000e+00
2.706245e-08 0.000000e+00 0.000000e+00
-3.868553e-08 0.000000e+00 0.000000e+00
2.529766e-08 0.000000e+00 0.000000e+00
-3.358264e-08 0.000000e+00 0.000000e+00
-3.457210e-08 0.000000e+00 0.000000e+00
-3.436010e-08 0.000000e+00 0.000000e+00
-3.464435e-08 0.000000e+00 0.000000e+00
-3.268124e-08 0.000000e+00 0.000000e+00
-3.329898e-08 0.000000e+00 0.000000e+00
-3.491317e-08 0.000000e+00 0.000000e+00
-3.322233e-08 0.000000e+00 0.000000e+00
-3.236492e-08 0.000000e+00 0.000000e+00
-1.761286e-08 0.000000e+00 0.000000e+00
2.992675e-08 0.000000e+00 0.000000e+00
-6.309846e-09 0.000000e+00 0.000000e+00
3.015701e-08 0.000000e+00 0.000000e+00
3.135987e-08 0.000000e+00 0.000000e+00
3.042437e-08 0.000000e+00 0.000000e+00
2.951436e-08 0.000000e+00 0.000000e+00
2.966581e-08 0.000000e+00 0.000000e+00
3.010000e-08 0.000000e+00 0.000000e+00
3.079665e-08 0.000000e+00 0.000000e+00
3.226355e-08 0.000000e+00 0.000000e+00
3.070325e-08 0.000000e+00 0.000000e+00
3.142197e-08 0.000000e+00 0.000000e+00
3.144845e-08 0.000000e+00 0.000000e+00
3.182883e-08 0.000000e+00 0.000000e+00
3.102813e-08 0.000000e+00 0.000000e+00
3.036063e-08 0.000000e+00 0.000000e+00
3.123390e-08 0.000000e+00 0.000000e+00
1.266031e-09 0.000000e+00 0.000000e+00
2.635835e-09 0.000000e+00 0.000000e+00
9.781788e-10 0.000000e+00 0.000000e+00
1.968792e-09 0.000000e+00 0.000000e+00
1.055059e-08 0.000000e+00 0.000000e+00
2.749150e-09 0.000000e+00 0.000000e+00
-3.561359e-08 0.000000e+00 0.000000e+00
-3.851235e-08 0.000000e+00 0.000000e+00
-3.743446e-08 0.000000e+00 0.000000e+00
-3.781277e-08 0.000000e+00 0.000000e+00
-3.843179e-08 0.000000e+00 0.000000e+00
-3.877846e-08 0.000000e+00 0.000000e+00
-3.797726e-08 0.000000e+00 0.000000e+00
-3.757995e-08 0.000000e+00 0.000000e+00
-3.628647e-08 0.000000e+00 0.000000e+00
-3.902133e-08 0.000000e+00 0.000000e+00
-3.833795e-08 0.000000e+00 0.000000e+00
-1.149475e-08 0.000000e+00 0.000000e+00
1.887048e-08 0.000000e+00 0.000000e+00
2.973426e-09 0.000000e+00 0.000000e+00
6.164611e-09 0.000000e+00 0.000000e+00
1.964888e-09 0.000000e+00 0.000000e+00
2.855837e-09 0.000000e+00 0.000000e+00
5.322262e-09 0.000000e+00 0.000000e+00
1.203849e-08 0.000000e+00 0.000000e+00
1.148899e-08 0.000000e+00 0.000000e+00
1.305751e-08 0.000000e+00 0.000000e+00
1.627920e-08 0.000000e+00 0.000000e+00
1.517838e-08 0.000000e+00 0.000000e+00
1.130921e-08 0.000000e+00 0.000000e+00
1.067053e-08 0.000000e+00 0.000000e+00
8.328901e-09 0.000000e+00 0.000000e+00
1.726665e-08 0.000000e+00 0.000000e+00
9.893401e-09 0.000000e+00 0.000000e+00
3.271131e-08 0.000000e+00 0.000000e+00
3.305991e-08 0.000000e+00 0.000000e+00
3.273504e-08 0.000000e+00 0.000000e+00
3.372256e-08 0.000000e+00 0.000000e+00
3.198719e-08 0.000000e+00 0.000000e+00
4.186067e-09 0.000000e+00 0.000000e+00
7.421178e-09 0.000000e+00 0.000000e+00
3.409099e-09 0.000000e+00 0.000000e+00
1.798069e-08 0.000000e+00 0.000000e+00
-9.217390e-09 0.000000e+00 0.000000e+00
-3.796992e-08 0.000000e+00 0.000000e+00
-3.902713e-08 0.000000e+00 0.000000e+00
2.169191e-08 0.000000e+00 0.000000e+00
-4.361715e-08 0.000000e+00 0.000000e+00
8.611254e-09 0.000000e+00 0.000000e+00
1.783708e-08 0.000000e+00 0.000000e+00
1.976212e-08 0.000000e+00 0.000000e+00
-3.786233e-08 0.000000e+00 0.000000e+00
1.910835e-08 0.000000e+00 0.000000e+00
1.847772e-08 0.000000e+00 0.000000e+00
6.202230e-09 0.000000e+00 0.000000e+00
5.101696e-08 0.000000e+00 0.000000e+00
2.000976e-08 0.000000e+00 0.000000e+00
2.220464e-08 0.000000e+00 0.000000e+00
-4.589116e-08 0.000000e+00 0.000000e+00
-4.542991e-08 0.000000e+00 0.000000e+00
6.479221e-09 0.000000e+00 0.000000e+00
-1.488217e-08 0.000000e+00 0.000000e+00
3.812303e-08 0.000000e+00 0.000000e+00
3.779510e-08 0.000000e+00 0.000000e+00
3.792539e-08 0.000000e+00 0.000000e+00
3.776013e-08 0.000000e+00 0.000000e+00
3.796971e-08 0.000000e+00 0.000000e+00
3.749461e-08 0.000000e+00 0.000000e+00
3.779320e-08 0.000000e+00 0.000000e+00
3.798081e-08 0.000000e+00 0.000000e+00
3.791158e-08 0.000000e+00 0.000000e+00
3.792967e-08 0.000000e+00 0.000000e+00
3.769169e-08 0.000000e+00 0.000000e+00
4.004137e-08 0.000000e+00 0.000000e+00
1.174524e-08 0.000000e+00 0.000000e+00
3.685784e-09 0.000000e+00 0.000000e+00
4.144870e-08 0.000000e+00 0.000000e+00
4.106042e-08 0.000000e+00 0.000000e+00
4.154258e-08 0.000000e+00 0.000000e+00
4.290487e-08 0.000000e+00 0.000000e+00
4.879082e-08 0.000000e+00 0.000000e+00
4.266185e-08 0.000000e+00 0.000000e+00
-6.860681e-08 0.000000e+00 0.000000e+00
4.132506e-08 0.000000e+00 0.000000e+00
3.722895e-08 0.000000e+00 0.000000e+00
-1.571879e-08 0.000000e+00 0.000000e+00
-9.655083e-08 0.000000e+00 0.000000e+00
4.206327e-08 0.000000e+00 0.000000e+00
4.224054e-08 0.000000e+00 0.000000e+00
4.258825e-08 0.000000e+00 0.000000e+00
4.926541e-08 0.000000e+00 0.000000e+00
-1.810704e-08 0.000000e+00 0.000000e+00
1.891277e-08 0.000000e+00 0.000000e+00
4.282512e-08 0.000000e+00 0.000000e+00
-9.146465e-08 0.000000e+00 0.000000e+00
3.192904e-08 0.000000e+00 0.000000e+00
2.911197e-08 0.000000e+00 0.000000e+00
3.531261e-08 0.000000e+00 0.000000e+00
-3.389558e-09 0.000000e+00 0.000000e+00
-3.977332e-08 0.000000e+00 0.000000e+00
-4.524771e-08 0.000000e+00 0.000000e+00
4.622023e-08 0.000000e+00 0.000000e+00
-5.411779e-08 0.000000e+00 0.000000e+00
3.158659e-08 0.000000e+00 0.000000e+00
-4.232897e-08 0.000000e+00 0.000000e+00
6.131977e-08 0.000000e+00 0.000000e+00
-2.114221e-08 0.000000e+00 0.000000e+00
2.581740e-08 0.000000e+00 0.000000e+00
-9.626365e-08 0.000000e+00 0.000000e+00
-9.555855e-09 0.000000e+00 0.000000e+00
-8.009725e-08 0.000000e+00 0.000000e+00
5.039104e-09 0.000000e+00 0.000000e+00
1.986339e-08 0.000000e+00 0.000000e+00
4.359351e-08 0.000000e+00 0.000000e+00
-4.276382e-08 0.000000e+00 0.000000e+00
-8.678606e-08 0.000000e+00 0.000000e+00
3.425349e-08 0.000000e+00 0.000000e+00
-5.645193e-08 0.000000e+00 0.000000e+00
2.929996e-08 0.000000e+00 0.000000e+00
4.085755e-08 0.000000e+00 0.000000e+00
-2.860809e-08 0.000000e+00 0.000000e+00
1.615566e-09 0.000000e+00 0.000000e+00
3.787198e-08 0.000000e+00 0.000000e+00
3.270187e-08 0.000000e+00 0.000000e+00
-4.548750e-08 0.000000e+00 0.000000e+00
2.002292e-08 0.000000e+00 0.000000e+00
-1.929130e-08 0.000000e+00 0.000000e+00
4.322741e-08 0.000000e+00 0.000000e+00
3.365002e-08 0.000000e+00 0.000000e+00
-1.265033e-09 0.000000e+00 0.000000e+00
4.841225e-08 0.000000e+00 0.000000e+00
3.055509e-08 0.000000e+00 0.000000e+00
-3.790328e-08 0.000000e+00 0.000000e+00
5.447477e-08 0.000000e+00 0.000000e+00
1.556578e-08 0.000000e+00 0.000000e+00
8.518570e-09 0.000000e+00 0.000000e+00
4.418053e-08 0.000000e+00 0.000000e+00
-4.826613e-08 0.000000e+00 0.000000e+00
1.400685e-08 0.000000e+00 0.000000e+00
3.602547e-08 0.000000e+00 0.000000e+00
1.888116e-08 0.000000e+00 0.000000e+00
-2.724998e-09 0.000000e+00 0.000000e+00
5.689193e-09 0.000000e+00 0.000000e+00
3.250405e-08 0.000000e+00 0.000000e+00
2.609670e-08 0.000000e+00 0.000000e+00
-1.720296e-08 0.000000e+00 0.000000e+00
9.820674e-09 0.000000e+00 0.000000e+00
2.183023e-08 0.000000e+00 0.000000e+00
2.184020e-08 0.000000e+00 0.000000e+00
-1.235357e-08 0.000000e+00 0.000000e+00
-1.482325e-08 0.000000e+00 0.000000e+00
-1.416297e-08 0.000000e+00 0.000000e+00
-1.498127e-08 0.000000e+00 0.000000e+00
-1.902760e-08 0.000000e+00 0.000000e+00
-1.849658e-08 0.000000e+00 0.000000e+00
-5.328415e-08 0.000000e+00 0.000000e+00
4.554782e-08 0.000000e+00 0.000000e+00
-2.641461e-08 0.000000e+00 0.000000e+00
-8.322150e-08 0.000000e+00 0.000000e+00
2.932541e-08 0.000000e+00 0.000000e+00
8.061497e-09 0.000000e+00 0.000000e+00
1.792838e-08 0.000000e+00 0.000000e+00
4.367422e-08 0.000000e+00 0.000000e+00
2.556439e-08 0.000000e+00 0.000000e+00
-5.767705e-08 0.000000e+00 0.000000e+00
1.917191e-08 0.000000e+00 0.000000e+00
-2.457536e-08 0.000000e+00 0.000000e+00
-2.535612e-08 0.000000e+00 0.000000e+00
-2.399624e-08 0.000000e+00 0.000000e+00
-2.484121e-08 0.000000e+00 0.000000e+00
-2.328592e-08 0.000000e+00 0.000000e+00
-2.482999e-08 0.000000e+00 0.000000e+00
-2.449683e-08 0.000000e+00 0.000000e+00
6.323326e-08 0.000000e+00 0.000000e+00
3.798322e-08 0.000000e+00 0.000000e+00
-5.518768e-08 0.000000e+00 0.000000e+00
5.763420e-08 0.000000e+00 0.000000e+00
5.995921e-08 0.000000e+00 0.000000e+00
4.503145e-08 0.000000e+00 0.000000e+00
4.514394e-08 0.000000e+00 0.000000e+00
4.506108e-08 0.000000e+00 0.000000e+00
-2.761650e-08 0.000000e+00 0.000000e+00
7.381217e-09 0.000000e+00 0.000000e+00
5.823634e-08 0.000000e+00 0.000000e+00
4.731321e-08 0.000000e+00 0.000000e+00
-6.742148e-08 0.000000e+00 0.000000e+00
4.328447e-08 0.000000e+00 0.000000e+00
-2.359638e-08 0.000000e+00 0.000000e+00
-2.398117e-08 0.000000e+00 0.000000e+00
-2.154471e-08 0.000000e+00 0.000000e+00
-2.406230e-08 0.000000e+00 0.000000e+00
-2.374082e-08 0.000000e+00 0.000000e+00
4.129140e-08 0.000000e+00 0.000000e+00
4.581449e-08 0.000000e+00 0.000000e+00
4.499217e-08 0.000000e+00 0.000000e+00
4.465161e-08 0.000000e+00 0.000000e+00
4.546933e-08 0.000000e+00 0.000000e+00
4.493691e-08 0.000000e+00 0.000000e+00
4.525868e-08 0.000000e+00 0.000000e+00
4.481454e-08 0.000000e+00 0.000000e+00
4.804453e-08 0.000000e+00 0.000000e+00
-5.978318e-09 0.000000e+00 0.000000e+00
5.096556e-08 0.000000e+00 0.000000e+00
-3.541298e-08 0.000000e+00 0.000000e+00
-4.092115e-08 0.000000e+00 0.000000e+00
-5.153385e-09 0.000000e+00 0.000000e+00
-3.523147e-08 0.000000e+00 0.000000e+00
1.361771e-08 0.000000e+00 0.000000e+00
4.803362e-08 0.000000e+00 0.000000e+00
4.901701e-08 0.000000e+00 0.000000e+00
6.050344e-08 0.000000e+00 0.000000e+00
-6.865689e-08 0.000000e+00 0.000000e+00
-3.584662e-08 0.000000e+00 0.000000e+00
1.520646e-08 0.000000e+00 0.000000e+00
1.479558e-09 0.000000e+00 0.000000e+00
-4.739726e-08 0.000000e+00 0.000000e+00
3.389732e-08 0.000000e+00 0.000000e+00
5.515295e-08 0.000000e+00 0.000000e+00
-5.355722e-08 0.000000e+00 0.000000e+00
3.398907e-08 0.000000e+00 0.000000e+00
8.022107e-09 0.000000e+00 0.000000e+00
5.092451e-09 0.000000e+00 0.000000e+00
9.171493e-09 0.000000e+00 0.000000e+00
7.851888e-09 0.000000e+00 0.000000e+00
8.147095e-09 0.000000e+00 0.000000e+00
8.410943e-09 0.000000e+00 0.000000e+00
7.612117e-09 0.000000e+00 0.000000e+00
6.761261e-09 0.000000e+00 0.000000e+00
7.000341e-09 0.000000e+00 0.000000e+00
3.174877e-09 0.000000e+00 0.000000e+00
1.157218e-08 0.000000e+00 0.000000e+00
-4.948241e-08 0.000000e+00 0.000000e+00
1.057040e-09 0.000000e+00 0.000000e+00
-3.967587e-09 0.000000e+00 0.000000e+00
-1.257790e-08 0.000000e+00 0.000000e+00
-1.073339e-08 0.000000e+00 0.000000e+00
-9.152944e-09 0.000000e+00 0.000000e+00
-8.121029e-09 0.000000e+00 0.000000e+00
-8.988878e-09 0.000000e+00 0.000000e+00
-1.009085e-08 0.000000e+00 0.000000e+00
-9.425914e-09 0.000000e+00 0.000000e+00
-9.060208e-09 0.000000e+00 0.000000e+00
-1.144972e-08 0.000000e+00 0.000000e+00
-1.005779e-08 0.000000e+00 0.000000e+00
-1.438413e-08 0.000000e+00 0.000000e+00
-1.356204e-08 0.000000e+00 0.000000e+00
-1.453606e-08 0.000000e+00 0.000000e+00
-1.281808e-08 0.000000e+00 0.000000e+00
-1.341617e-08 0.000000e+00 0.000000e+00
-1.273852e-08 0.000000e+00 0.000000e+00
9.090222e-09 0.000000e+00 0.000000e+00
3.817648e-09 0.000000e+00 0.000000e+00
-2.307341e-09 0.000000e+00 0.000000e+00
2.080529e-08 0.000000e+00 0.000000e+00
1.219772e-08 0.000000e+00 0.000000e+00
1.148018e-08 0.000000e+00 0.000000e+00
1.341774e-08 0.000000e+00 0.000000e+00
1.191270e-08 0.000000e+00 0.000000e+00
1.267978e-08 0.000000e+00 0.000000e+00
1.239623e-08 0.000000e+00 0.000000e+00
-1.951826e-08 0.000000e+00 0.000000e+00
-1.737036e-08 0.000000e+00 0.000000e+00
-1.978723e-08 0.000000e+00 0.000000e+00
-1.756120e-08 0.000000e+00 0.000000e+00
-2.051102e-08 0.000000e+00 0.000000e+00
-2.011363e-08 0.000000e+00 0.000000e+00
-2.025398e-08 0.000000e+00 0.000000e+00
-2.144158e-08 0.000000e+00 0.000000e+00
5.431856e-08 0.000000e+00 0.000000e+00
-1.218971e-08 0.000000e+00 0.000000e+00
1.087390e-08 0.000000e+00 0.000000e+00
1.003893e-08 0.000000e+00 0.000000e+00
2.134274e-08 0.000000e+00 0.000000e+00
1.153823e-08 0.000000e+00 0.000000e+00
1.694387e-08 0.000000e+00 0.000000e+00
1.812332e-08 0.000000e+00 0.000000e+00
1.821490e-08 0.000000e+00 0.000000e+00
1.950762e-08 0.000000e+00 0.000000e+00
2.368541e-08 0.000000e+00 0.000000e+00
2.306936e-08 0.000000e+00 0.000000e+00
2.564804e-08 0.000000e+00 0.000000e+00
2.723441e-08 0.000000e+00 0.000000e+00
2.813728e-08 0.000000e+00 0.000000e+00
2.793558e-08 0.000000e+00 0.000000e+00
-1.308246e-08 0.000000e+00 0.000000e+00
-1.941676e-09 0.000000e+00 0.000000e+00
2.240024e-08 0.000000e+00 0.000000e+00
-1.562908e-08 0.000000e+00 0.000000e+00
2.729018e-08 0.000000e+00 0.000000e+00
2.978704e-08 0.000000e+00 0.000000e+00
3.030797e-08 0.000000e+00 0.000000e+00
3.163370e-08 0.000000e+00 0.000000e+00
3.119859e-08 0.000000e+00 0.000000e+00
3.140733e-08 0.000000e+00 0.000000e+00
3.196615e-08 0.000000e+00 0.000000e+00
3.413669e-08 0.000000e+00 0.000000e+00
3.116907e-08 0.000000e+00 0.000000e+00
3.163741e-08 0.000000e+00 0.000000e+00
3.405057e-08 0.000000e+00 0.000000e+00
3.635494e-08 0.000000e+00 0.000000e+00
-2.593709e-08 0.000000e+00 0.000000e+00
4.605691e-08 0.000000e+00 0.000000e+00
1.283563e-08 0.000000e+00 0.000000e+00
3.432854e-08 0.000000e+00 0.000000e+00
3.362273e-08 0.000000e+00 0.000000e+00
3.655998e-08 0.000000e+00 0.000000e+00
3.514670e-08 0.000000e+00 0.000000e+00
3.315915e-08 0.000000e+00 0.000000e+00
3.467187e-08 0.000000e+00 0.000000e+00
3.312209e-08 0.000000e+00 0.000000e+00
3.301219e-08 0.000000e+00 0.000000e+00
3.399890e-08 0.000000e+00 0.000000e+00
3.515563e-08 0.000000e+00 0.000000e+00
3.374570e-08 0.000000e+00 0.000000e+00
1.374147e-08 0.000000e+00 0.000000e+00
3.757003e-08 0.000000e+00 0.000000e+00
3.856267e-08 0.000000e+00 0.000000e+00
1.450068e-09 0.000000e+00 0.000000e+00
-2.354183e-08 0.000000e+00 0.000000e+00
3.935873e-08 0.000000e+00 0.000000e+00
3.725136e-08 0.000000e+00 0.000000e+00
3.795040e-08 0.000000e+00 0.000000e+00
2.246032e-08 0.000000e+00 0.000000e+00
-1.015125e-08 0.000000e+00 0.000000e+00
-1.716132e-08 0.000000e+00 0.000000e+00
-9.397427e-09 0.000000e+00 0.000000e+00
-2.026836e-08 0.000000e+00 0.000000e+00
-1.197151e-08 0.000000e+00 0.000000e+00
-1.436288e-08 0.000000e+00 0.000000e+00
7.923646e-08 0.000000e+00 0.000000e+00
-2.698947e-08 0.000000e+00 0.000000e+00
-2.690905e-08 0.000000e+00 0.000000e+00
-2.631634e-08 0.000000e+00 0.000000e+00
-4.283104e-08 0.000000e+00 0.000000e+00
-5.783494e-09 0.000000e+00 0.000000e+00
5.988127e-08 0.000000e+00 0.000000e+00
-3.575402e-08 0.000000e+00 0.000000e+00
-3.606121e-08 0.000000e+00 0.000000e+00
-3.546467e-08 0.000000e+00 0.000000e+00
-3.551599e-08 0.000000e+00 0.000000e+00
3.299676e-08 0.000000e+00 0.000000e+00
4.305360e-08 0.000000e+00 0.000000e+00
-3.460141e-08 0.000000e+00 0.000000e+00
-2.980355e-09 0.000000e+00 0.000000e+00
4.483859e-08 0.000000e+00 0.000000e+00
4.129450e-08 0.000000e+00 0.000000e+00
4.124950e-08 0.000000e+00 0.000000e+00
-4.153030e-08 0.000000e+00 0.000000e+00
3.826729e-08 0.000000e+00 0.000000e+00
-1.214580e-08 0.000000e+00 0.000000e+00
-2.900373e-08 0.000000e+00 0.000000e+00
-3.036907e-08 0.000000e+00 0.000000e+00
-2.929646e-08 0.000000e+00 0.000000e+00
-1.307517e-08 0.000000e+00 0.000000e+00
9.441703e-09 0.000000e+00 0.000000e+00
-4.067403e-08 0.000000e+00 0.000000e+00
2.217862e-08 0.000000e+00 0.000000e+00
3.652378e-08 0.000000e+00 0.000000e+00
1.255157e-08 0.000000e+00 0.000000e+00
-5.534185e-08 0.000000e+00 0.000000e+00
1.904081e-08 0.000000e+00 0.000000e+00
-3.689067e-08 0.000000e+00 0.000000e+00
-3.664619e-08 0.000000e+00 0.000000e+00
-3.583887e-08 0.000000e+00 0.000000e+00
-3.861845e-08 0.000000e+00 0.000000e+00
-3.763124e-08 0.000000e+00 0.000000e+00
-3.840164e-08 0.000000e+00 0.000000e+00
-3.812046e-08 0.000000e+00 0.000000e+00
5.341432e-08 0.000000e+00 0.000000e+00
1.156432e-08 0.000000e+00 0.000000e+00
4.182498e-08 0.000000e+00 0.000000e+00
4.683809e-08 0.000000e+00 0.000000e+00
6.869304e-08 0.000000e+00 0.000000e+00
-2.071672e-08 0.000000e+00 0.000000e+00
-2.934537e-08 0.000000e+00 0.000000e+00
-2.963820e-08 0.000000e+00 0.000000e+00
-3.787674e-08 0.000000e+00 0.000000e+00
-3.855194e-08 0.000000e+00 0.000000e+00
-3.966028e-08 0.000000e+00 0.000000e+00
-3.961939e-08 0.000000e+00 0.000000e+00
-4.059741e-08 0.000000e+00 0.000000e+00
-4.010598e-08 0.000000e+00 0.000000e+00
-4.063051e-08 0.000000e+00 0.000000e+00
-3.989754e-08 0.000000e+00 0.000000e+00
-3.940708e-08 0.000000e+00 0.000000e+00
4.133043e-08 0.000000e+00 0.000000e+00
-6.256267e-08 0.000000e+00 0.000000e+00
-2.494334e-09 0.000000e+00 0.000000e+00
2.846753e-08 0.000000e+00 0.000000e+00
-3.329837e-08 0.000000e+00 0.000000e+00
-3.974019e-08 0.000000e+00 0.000000e+00
3.512580e-09 0.000000e+00 0.000000e+00
-4.915366e-08 0.000000e+00 0.000000e+00
-6.277597e-08 0.000000e+00 0.000000e+00
4.591177e-08 0.000000e+00 0.000000e+00
-4.043110e-08 0.000000e+00 0.000000e+00
-4.020439e-08 0.000000e+00 0.000000e+00
-4.202501e-08 0.000000e+00 0.000000e+00
-4.124849e-08 0.000000e+00 0.000000e+00
-4.059543e-08 0.000000e+00 0.000000e+00
-4.020258e-08 0.000000e+00 0.000000e+00
6.183497e-08 0.000000e+00 0.000000e+00
-1.535450e-08 0.000000e+00 0.000000e+00
-4.245341e-08 0.000000e+00 0.000000e+00
-2.776086e-08 0.000000e+00 0.000000e+00
-4.588995e-08 0.000000e+00 0.000000e+00
-2.907517e-08 0.000000e+00 0.000000e+00
1.039025e-08 0.000000e+00 0.000000e+00
-3.019126e-08 0.000000e+00 0.000000e+00
-3.072377e-08 0.000000e+00 0.000000e+00
-7.393164e-09 0.000000e+00 0.000000e+00
1.524802e-08 0.000000e+00 0.000000e+00
1.753815e-09 0.000000e+00 0.000000e+00
1.741163e-08 0.000000e+00 0.000000e+00
3.182709e-08 0.000000e+00 0.000000e+00
6.128611e-08 0.000000e+00 0.000000e+00
2.861226e-08 0.000000e+00 0.000000e+00
-3.021463e-08 0.000000e+00 0.000000e+00
2.762223e-08 0.000000e+00 0.000000e+00
2.867767e-08 0.000000e+00 0.000000e+00
1.036923e-08 0.000000e+00 0.000000e+00
-4.893641e-08 0.000000e+00 0.000000e+00
9.488784e-09 0.000000e+00 0.000000e+00
9.920838e-09 0.000000e+00 0.000000e+00
-2.413252e-08 0.000000e+00 0.000000e+00
-3.763628e-08 0.000000e+00 0.000000e+00
1.839300e-09 0.000000e+00 0.000000e+00
-2.225221e-08 0.000000e+00 0.000000e+00
-4.442648e-08 0.000000e+00 0.000000e+00
-3.655823e-08 0.000000e+00 0.000000e+00
-2.094839e-08 0.000000e+00 0.000000e+00
-1.961309e-08 0.000000e+00 0.000000e+00
-2.796287e-08 0.000000e+00 0.000000e+00
-3.731901e-08 0.000000e+00 0.000000e+00
4.617088e-08 0.000000e+00 0.000000e+00
-5.433044e-08 0.000000e+00 0.000000e+00
-5.690140e-08 0.000000e+00 0.000000e+00
4.173303e-09 0.000000e+00 0.000000e+00
1.485849e-07 0.000000e+00 0.000000e+00
1.246023e-08 0.000000e+00 0.000000e+00
-6.680617e-09 0.000000e+00 0.000000e+00
-6.284438e-08 0.000000e+00 0.000000e+00
-2.994263e-08 0.000000e+00 0.000000e+00
-2.253044e-08 0.000000e+00 0.000000e+00
-3.895215e-08 0.000000e+00 0.000000e+00
-2.837213e-08 0.000000e+00 0.000000e+00
-3.234139e-08 0.000000e+00 0.000000e+00
1.821820e-08 0.000000e+00 0.000000e+00
-1.238902e-08 0.000000e+00 0.000000e+00
-2.693888e-08 0.000000e+00 0.000000e+00
1.018253e-07 0.000000e+00 0.000000e+00
-4.506415e-08 0.000000e+00 0.000000e+00
3.099795e-08 0.000000e+00 0.000000e+00
-4.319943e-08 0.000000e+00 0.000000e+00
9.766617e-09 0.000000e+00 0.000000e+00
-1.794089e-08 0.000000e+00 0.000000e+00
1.701126e-08 0.000000e+00 0.000000e+00
-2.477917e-08 0.000000e+00 0.000000e+00
-1.516379e-08 0.000000e+00 0.000000e+00
1.311858e-08 0.000000e+00 0.000000e+00
-1.692181e-09 0.000000e+00 0.000000e+00
5.036790e-08 0.000000e+00 0.000000e+00
4.816941e-08 0.000000e+00 0.000000e+00
4.705792e-08 0.000000e+00 0.000000e+00
4.860084e-08 0.000000e+00 0.000000e+00
4.916034e-08 0.000000e+00 0.000000e+00
4.810261e-08 0.000000e+00 0.000000e+00
4.814229e-08 0.000000e+00 0.000000e+00
5.059457e-08 0.000000e+00 0.000000e+00
4.677311e-08 0.000000e+00 0.000000e+00
7.421500e-09 0.000000e+00 0.000000e+00
-4.764997e-08 0.000000e+00 0.000000e+00
2.846377e-08 0.000000e+00 0.000000e+00
4.689515e-08 0.000000e+00 0.000000e+00
4.641142e-08 0.000000e+00 0.000000e+00
4.792456e-08 0.000000e+00 0.000000e+00
4.886016e-08 0.000000e+00 0.000000e+00
-5.663321e-08 0.000000e+00 0.000000e+00
1.212490e-08 0.000000e+00 0.000000e+00
-3.639748e-08 0.000000e+00 0.000000e+00
-3.649482e-08 0.000000e+00 0.000000e+00
4.138132e-08 0.000000e+00 0.000000e+00
3.449346e-08 0.000000e+00 0.000000e+00
6.082023e-08 0.000000e+00 0.000000e+00
6.303644e-08 0.000000e+00 0.000000e+00
6.339884e-08 0.000000e+00 0.000000e+00
6.769897e-08 0.000000e+00 0.000000e+00
-8.252041e-09 0.000000e+00 0.000000e+00
-4.385759e-09 0.000000e+00 0.000000e+00
2.171531e-09 0.000000e+00 0.000000e+00
-1.616630e-08 0.000000e+00 0.000000e+00
-1.578682e-08 0.000000e+00 0.000000e+00
5.156840e-08 0.000000e+00 0.000000e+00
-4.624075e-08 0.000000e+00 0.000000e+00
-4.542615e-08 0.000000e+00 0.000000e+00
-4.504286e-08 0.000000e+00 0.000000e+00
-4.591934e-08 0.000000e+00 0.000000e+00
-4.574667e-08 0.000000e+00 0.000000e+00
-4.523439e-08 0.000000e+00 0.000000e+00
-5.955759e-08 0.000000e+00 0.000000e+00
-6.212517e-08 0.000000e+00 0.000000e+00
-3.325795e-08 0.000000e+00 0.000000e+00
4.425744e-09 0.000000e+00 0.000000e+00
-4.527955e-08 0.000000e+00 0.000000e+00
-6.256143e-08 0.000000e+00 0.000000e+00
6.723093e-08 0.000000e+00 0.000000e+00
1.157403e-08 0.000000e+00 0.000000e+00
-4.584698e-08 0.000000e+00 0.000000e+00
-4.555907e-08 0.000000e+00 0.000000e+00
-4.555617e-08 0.000000e+00 0.000000e+00
-4.005377e-08 0.000000e+00 0.000000e+00
1.025667e-07 0.000000e+00 0.000000e+00
3.464256e-08 0.000000e+00 0.000000e+00
-3.831090e-08 0.000000e+00 0.000000e+00
1.692260e-08 0.000000e+00 0.000000e+00
-5.910290e-09 0.000000e+00 0.000000e+00
-2.083470e-08 0.000000e+00 0.000000e+00
-3.290857e-08 0.000000e+00 0.000000e+00
-4.547750e-08 0.000000e+00 0.000000e+00
1.697785e-08 0.000000e+00 0.000000e+00
8.085769e-08 0.000000e+00 0.000000e+00
6.673529e-08 0.000000e+00 0.000000e+00
6.733953e-08 0.000000e+00 0.000000e+00
-2.133301e-09 0.000000e+00 0.000000e+00
1.409623e-08 0.000000e+00 0.000000e+00
3.615340e-08 0.000000e+00 0.000000e+00
3.512236e-08 0.000000e+00 0.000000e+00
3.524347e-08 0.000000e+00 0.000000e+00
4.891555e-08 0.000000e+00 0.000000e+00
-3.397883e-09 0.000000e+00 0.000000e+00
-3.455445e-08 0.000000e+00 0.000000e+00
-6.421217e-09 0.000000e+00 0.000000e+00
1.614027e-08 0.000000e+00 0.000000e+00
1.003849e-08 0.000000e+00 0.000000e+00
-2.944979e-08 0.000000e+00 0.000000e+00
4.206448e-08 0.000000e+00 0.000000e+00
-4.841855e-08 0.000000e+00 0.000000e+00
2.439009e-08 0.000000e+00 0.000000e+00
-1.973578e-08 0.000000e+00 0.000000e+00
6.294591e-08 0.000000e+00 0.000000e+00
4.255567e-08 0.000000e+00 0.000000e+00
1.143194e-08 0.000000e+00 0.000000e+00
-2.616815e-08 0.000000e+00 0.000000e+00
2.834678e-08 0.000000e+00 0.000000e+00
-2.502387e-08 0.000000e+00 0.000000e+00
-1.231173e-07 0.000000e+00 0.000000e+00
-8.037019e-09 0.000000e+00 0.000000e+00
4.194068e-08 0.000000e+00 0.000000e+00
2.487773e-09 0.000000e+00 0.000000e+00
-5.151794e-08 0.000000e+00 0.000000e+00
8.354392e-09 0.000000e+00 0.000000e+00
5.244762e-08 0.000000e+00 0.000000e+00
3.694221e-08 0.000000e+00 0.000000e+00
-8.426584e-09 0.000000e+00 0.000000e+00
2.870494e-08 0.000000e+00 0.000000e+00
3.424566e-08 0.000000e+00 0.000000e+00
5.898075e-08 0.000000e+00 0.000000e+00
4.619589e-08 0.000000e+00 0.000000e+00
4.159129e-08 0.000000e+00 0.000000e+00
3.699890e-08 0.000000e+00 0.000000e+00
3.491570e-08 0.000000e+00 0.000000e+00
5.588490e-08 0.000000e+00 0.000000e+00
-2.955299e-08 0.000000e+00 0.000000e+00
-5.222961e-08 0.000000e+00 0.000000e+00
-3.906999e-08 0.000000e+00 0.000000e+00
4.930303e-08 0.000000e+00 0.000000e+00
4.947477e-08 0.000000e+00 0.000000e+00
4.942068e-08 0.000000e+00 0.000000e+00
4.959376e-08 0.000000e+00 0.000000e+00
2.399122e-08 0.000000e+00 0.000000e+00
3.473849e-08 0.000000e+00 0.000000e+00
-2.541112e-08 0.000000e+00 0.000000e+00
2.967581e-09 0.000000e+00 0.000000e+00
4.593257e-08 0.000000e+00 0.000000e+00
3.293821e-08 0.000000e+00 0.000000e+00
-3.363403e-08 0.000000e+00 0.000000e+00
-3.444399e-08 0.000000e+00 0.000000e+00
2.282196e-08 0.000000e+00 0.000000e+00
-3.537728e-08 0.000000e+00 0.000000e+00
4.316918e-09 0.000000e+00 0.000000e+00
-3.336968e-08 0.000000e+00 0.000000e+00
-3.951913e-08 0.000000e+00 0.000000e+00
-3.388129e-08 0.000000e+00 0.000000e+00
2.822801e-08 0.000000e+00 0.000000e+00
-5.433729e-08 0.000000e+00 0.000000e+00
6.141080e-08 0.000000e+00 0.000000e+00
3.652908e-08 0.000000e+00 0.000000e+00
-3.696376e-08 0.000000e+00 0.000000e+00
-1.133420e-07 0.000000e+00 0.000000e+00
-4.352857e-08 0.000000e+00 0.000000e+00
-4.438009e-08 0.000000e+00 0.000000e+00
-3.930924e-08 0.000000e+00 0.000000e+00
-4.369799e-08 0.000000e+00 0.000000e+00
-2.875274e-08 0.000000e+00 0.000000e+00
-4.409351e-08 0.000000e+00 0.000000e+00
-4.509325e-08 0.000000e+00 0.000000e+00
-3.933972e-08 0.000000e+00 0.000000e+00
-4.079176e-08 0.000000e+00 0.000000e+00
2.945534e-08 0.000000e+00 0.000000e+00
-8.231424e-08 0.000000e+00 0.000000e+00
-8.003371e-08 0.000000e+00 0.000000e+00
-7.983943e-08 0.000000e+00 0.000000e+00
-8.217770e-08 0.000000e+00 0.000000e+00
6.082163e-08 0.000000e+00 0.000000e+00
-2.705353e-08 0.000000e+00 0.000000e+00
2.680014e-08 0.000000e+00 0.000000e+00
5.168226e-08 0.000000e+00 0.000000e+00
-3.921833e-08 0.000000e+00 0.000000e+00
-1.083127e-08 0.000000e+00 0.000000e+00
9.168886e-10 0.000000e+00 0.000000e+00
5.867841e-08 0.000000e+00 0.000000e+00
1.585733e-08 0.000000e+00 0.000000e+00
-5.594476e-09 0.000000e+00 0.000000e+00
4.494469e-08 0.000000e+00 0.000000e+00
4.368734e-08 0.000000e+00 0.000000e+00
4.371555e-08 0.000000e+00 0.000000e+00
4.452893e-08 0.000000e+00 0.000000e+00
-3.484885e-08 0.000000e+00 0.000000e+00
-1.305828e-07 0.000000e+00 0.000000e+00
6.230270e-08 0.000000e+00 0.000000e+00
6.257654e-08 0.000000e+00 0.000000e+00
4.672439e-08 0.000000e+00 0.000000e+00
-3.157679e-08 0.000000e+00 0.000000e+00
-3.207478e-08 0.000000e+00 0.000000e+00
-1.710303e-08 0.000000e+00 0.000000e+00
-1.389211e-07 0.000000e+00 0.000000e+00
3.529809e-08 0.000000e+00 0.000000e+00
-1.871120e-08 0.000000e+00 0.000000e+00
6.226567e-08 0.000000e+00 0.000000e+00
5.768703e-08 0.000000e+00 0.000000e+00
-4.537984e-08 0.000000e+00 0.000000e+00
2.150270e-08 0.000000e+00 0.000000e+00
3.848357e-08 0.000000e+00 0.000000e+00
-5.871863e-08 0.000000e+00 0.000000e+00
3.882224e-08 0.000000e+00 0.000000e+00
-5.953428e-09 0.000000e+00 0.000000e+00
-3.499024e-08 0.000000e+00 0.000000e+00
-1.068776e-07 0.000000e+00 0.000000e+00
1.611113e-08 0.000000e+00 0.000000e+00
4.612080e-08 0.000000e+00 0.000000e+00
1.417640e-08 0.000000e+00 0.000000e+00
1.331253e-07 0.000000e+00 0.000000e+00
2.171380e-09 0.000000e+00 0.000000e+00
-6.319218e-08 0.000000e+00 0.000000e+00
-3.800612e-08 0.000000e+00 0.000000e+00
-2.332063e-08 0.000000e+00 0.000000e+00
6.695478e-08 0.000000e+00 0.000000e+00
-5.468571e-08 0.000000e+00 0.000000e+00
2.470230e-08 0.000000e+00 0.000000e+00
-5.992071e-08 0.000000e+00 0.000000e+00
2.353164e-08 0.000000e+00 0.000000e+00
-3.550712e-08 0.000000e+00 0.000000e+00
1.431454e-07 0.000000e+00 0.000000e+00
3.995974e-08 0.000000e+00 0.000000e+00
-4.768603e-08 0.000000e+00 0.000000e+00
1.131922e-07 0.000000e+00 0.000000e+00
6.139402e-08 0.000000e+00 0.000000e+00
1.906048e-08 0.000000e+00 0.000000e+00
4.568967e-09 0.000000e+00 0.000000e+00
6.062730e-08 0.000000e+00 0.000000e+00
5.388487e-09 0.000000e+00 0.000000e+00
-5.986983e-08 0.000000e+00 0.000000e+00
-3.795333e-08 0.000000e+00 0.000000e+00
-3.490642e-08 0.000000e+00 0.000000e+00
-3.863039e-08 0.000000e+00 0.000000e+00
-5.804863e-08 0.000000e+00 0.000000e+00
6.002995e-08 0.000000e+00 0.000000e+00
-1.790590e-08 0.000000e+00 0.000000e+00
5.988631e-08 0.000000e+00 0.000000e+00
-4.471340e-08 0.000000e+00 0.000000e+00
-2.306805e-08 0.000000e+00 0.000000e+00
-2.600221e-08 0.000000e+00 0.000000e+00
2.437806e-07 0.000000e+00 0.000000e+00
-5.905656e-08 0.000000e+00 0.000000e+00
7.310287e-08 0.000000e+00 0.000000e+00
-2.234718e-08 0.000000e+00 0.000000e+00
-6.321231e-08 0.000000e+00 0.000000e+00
-6.254531e-08 0.000000e+00 0.000000e+00
-5.593712e-08 0.000000e+00 0.000000e+00
4.638737e-08 0.000000e+00 0.000000e+00
4.568208e-08 0.000000e+00 0.000000e+00
4.611705e-08 0.000000e+00 0.000000e+00
3.326890e-08 0.000000e+00 0.000000e+00
5.358786e-08 0.000000e+00 0.000000e+00
-9.478560e-08 0.000000e+00 0.000000e+00
6.826063e-09 0.000000e+00 0.000000e+00
-5.449621e-08 0.000000e+00 0.000000e+00
4.101577e-08 0.000000e+00 0.000000e+00
4.039546e-08 0.000000e+00 0.000000e+00
-1.750636e-09 0.000000e+00 0.000000e+00
6.894158e-09 0.000000e+00 0.000000e+00
1.096156e-08 0.000000e+00 0.000000e+00
1.084975e-08 0.000000e+00 0.000000e+00
1.006343e-08 0.000000e+00 0.000000e+00
9.659069e-09 0.000000e+00 0.000000e+00
1.116417e-08 0.000000e+00 0.000000e+00
8.259058e-09 0.000000e+00 0.000000e+00
1.026053e-08 0.000000e+00 0.000000e+00
-4.823898e-08 0.000000e+00 0.000000e+00
-1.711001e-08 0.000000e+00 0.000000e+00
1.167098e-08 0.000000e+00 0.000000e+00
1.214732e-08 0.000000e+00 0.000000e+00
-7.564243e-09 0.000000e+00 0.000000e+00
-9.630874e-08 0.000000e+00 0.000000e+00
7.250832e-09 0.000000e+00 0.000000e+00
4.099697e-08 0.000000e+00 0.000000e+00
5.756168e-08 0.000000e+00 0.000000e+00
1.999930e-09 0.000000e+00 0.000000e+00
-1.742790e-07 0.000000e+00 0.000000e+00
6.154059e-08 0.000000e+00 0.000000e+00
-2.710027e-08 0.000000e+00 0.000000e+00
4.076469e-08 0.000000e+00 0.000000e+00
6.096729e-08 0.000000e+00 0.000000e+00
-9.817568e-08 0.000000e+00 0.000000e+00
3.982376e-08 0.000000e+00 0.000000e+00
-3.699435e-08 0.000000e+00 0.000000e+00
-3.442638e-08 0.000000e+00 0.000000e+00
-3.898421e-08 0.000000e+00 0.000000e+00
-3.077447e-08 0.000000e+00 0.000000e+00
1.137920e-08 0.000000e+00 0.000000e+00
-4.377740e-08 0.000000e+00 0.000000e+00
-3.039503e-08 0.000000e+00 0.000000e+00
2.823517e-08 0.000000e+00 0.000000e+00
5.560290e-08 0.000000e+00 0.000000e+00
-2.554223e-08 0.000000e+00 0.000000e+00
-4.642538e-08 0.000000e+00 0.000000e+00
-4.456923e-08 0.000000e+00 0.000000e+00
-6.308137e-08 0.000000e+00 0.000000e+00
1.516783e-08 0.000000e+00 0.000000e+00
-4.520116e-08 0.000000e+00 0.000000e+00
-5.523185e-08 0.000000e+00 0.000000e+00
-3.872597e-08 0.000000e+00 0.000000e+00
5.477619e-08 0.000000e+00 0.000000e+00
-9.756939e-08 0.000000e+00 0.000000e+00
5.543484e-08 0.000000e+00 0.000000e+00
3.930241e-08 0.000000e+00 0.000000e+00
6.282783e-08 0.000000e+00 0.000000e+00
1.793502e-08 0.000000e+00 0.000000e+00
4.720569e-08 0.000000e+00 0.000000e+00
-2.186977e-08 0.000000e+00 0.000000e+00
-4.233478e-08 0.000000e+00 0.000000e+00
1.363455e-08 0.000000e+00 0.000000e+00
4.981934e-08 0.000000e+00 0.000000e+00
-8.302112e-11 0.000000e+00 0.000000e+00
2.766897e-08 0.000000e+00 0.000000e+00
5.253730e-08 0.000000e+00 0.000000e+00
-9.305631e-10 0.000000e+00 0.000000e+00
4.030716e-08 0.000000e+00 0.000000e+00
-3.478436e-09 0.000000e+00 0.000000e+00
6.070118e-08 0.000000e+00 0.000000e+00
1.521692e-09 0.000000e+00 0.000000e+00
1.765168e-08 0.000000e+00 0.000000e+00
5.887870e-08 0.000000e+00 0.000000e+00
-6.155202e-08 0.000000e+00 0.000000e+00
5.836887e-08 0.000000e+00 0.000000e+00
-1.828307e-07 0.000000e+00 0.000000e+00
-3.820223e-08 0.000000e+00 0.000000e+00
-1.124618e-07 0.000000e+00 0.000000e+00
-5.551031e-08 0.000000e+00 0.000000e+00
6.392473e-08 0.000000e+00 0.000000e+00
1.863482e-08 0.000000e+00 0.000000e+00
-8.470518e-08 0.000000e+00 0.000000e+00
4.560091e-08 0.000000e+00 0.000000e+00
-7.366175e-08 0.000000e+00 0.000000e+00
2.919032e-08 0.000000e+00 0.000000e+00
-5.260077e-08 0.000000e+00 0.000000e+00
-4.114885e-08 0.000000e+00 0.000000e+00
-4.258282e-08 0.000000e+00 0.000000e+00
-4.273943e-08 0.000000e+00 0.000000e+00
-3.981587e-08 0.000000e+00 0.000000e+00
-4.033741e-08 0.000000e+00 0.000000e+00
-4.072814e-08 0.000000e+00 0.000000e+00
5.203564e-08 0.000000e+00 0.000000e+00
-5.880798e-08 0.000000e+00 0.000000e+00
-1.898567e-08 0.000000e+00 0.000000e+00
6.144473e-08 0.000000e+00 0.000000e+00
5.589334e-08 0.000000e+00 0.000000e+00
-1.968734e-08 0.000000e+00 0.000000e+00
-2.260068e-08 0.000000e+00 0.000000e+00
-4.888217e-08 0.000000e+00 0.000000e+00
