FX FY FZ 
-1.206362e-09 0.000000e+00 0.000000e+00
-8.653468e-10 0.000000e+00 0.000000e+00
1.421241e-09 0.000000e+00 0.000000e+00
-1.888668e-09 0.000000e+00 0.000000e+00
-3.805431e-09 0.000000e+00 0.000000e+00
6.039841e-09 0.000000e+00 0.000000e+00
1.032452e-08 0.000000e+00 0.000000e+00
9.519563e-09 0.000000e+00 0.000000e+00
9.774412e-09 0.000000e+00 0.000000e+00
1.120127e-08 0.000000e+00 0.000000e+00
1.273837e-08 0.000000e+00 0.000000e+00
1.559164e-08 0.000000e+00 0.000000e+00
1.671874e-08 0.000000e+00 0.000000e+00
1.546888e-08 0.000000e+00 0.000000e+00
1.621769e-08 0.000000e+00 0.000000e+00
1.565106e-08 0.000000e+00 0.000000e+00
1.909009e-08 0.000000e+00 0.000000e+00
1.886042e-08 0.000000e+00 0.000000e+00
1.870152e-08 0.000000e+00 0.000000e+00
2.129709e-08 0.000000e+00 0.000000e+00
1.888897e-08 0.000000e+00 0.000000e+00
-2.876007e-09 0.000000e+00 0.000000e+00
-2.606059e-10 0.000000e+00 0.000000e+00
-1.789657e-11 0.000000e+00 0.000000e+00
2.387642e-09 0.000000e+00 0.000000e+00
6.016652e-10 0.000000e+00 0.000000e+00
-6.041108e-09 0.000000e+00 0.000000e+00
-4.732469e-09 0.000000e+00 0.000000e+00
-1.171445e-08 0.000000e+00 0.000000e+00
-8.238784e-09 0.000000e+00 0.000000e+00
-2.970653e-09 0.000000e+00 0.000000e+00
-8.791784e-09 0.000000e+00 0.000000e+00
-6.998839e-09 0.000000e+00 0.000000e+00
-7.174183e-09 0.000000e+00 0.000000e+00
-8.503993e-09 0.000000e+00 0.000000e+00
-9.255651e-09 0.000000e+00 0.000000e+00
1.140681e-08 0.000000e+00 0.000000e+00
8.647098e-09 0.000000e+00 0.000000e+00
8.501081e-09 0.000000e+00 0.000000e+00
9.665515e-09 0.000000e+00 0.000000e+00
8.915213e-09 0.000000e+00 0.000000e+00
-1.403868e-08 0.000000e+00 0.000000e+00
-1.319101e-08 0.000000e+00 0.000000e+00
-1.492098e-08 0.000000e+00 0.000000e+00
-1.374074e-08 0.000000e+00 0.000000e+00
-1.467427e-08 0.000000e+00 0.000000e+00
1.775099e-08 0.000000e+00 0.000000e+00
-1.827647e-09 0.000000e+00 0.000000e+00
-1.701771e-08 0.000000e+00 0.000000e+00
-1.728344e-08 0.000000e+00 0.000000e+00
-1.994972e-08 0.000000e+00 0.000000e+00
-2.485524e-08 0.000000e+00 0.000000e+00
-2.367831e-08 0.000000e+00 0.000000e+00
-2.439100e-08 0.000000e+00 0.000000e+00
-2.496691e-08 0.000000e+00 0.000000e+00
-2.035406e-08 0.000000e+00 0.000000e+00
2.053428e-08 0.000000e+00 0.000000e+00
2.103397e-08 0.000000e+00 0.000000e+00
2.094362e-08 0.000000e+00 0.000000e+00
2.333340e-08 0.000000e+00 0.000000e+00
2.193572e-08 0.000000e+00 0.000000e+00
2.526021e-08 0.000000e+00 0.000000e+00
2.837317e-08 0.000000e+00 0.000000e+00
2.507307e-08 0.000000e+00 0.000000e+00
2.528847e-08 0.000000e+00 0.000000e+00
2.596304e-08 0.000000e+00 0.000000e+00
-2.614695e-08 0.000000e+00 0.000000e+00
-2.723027e-08 0.000000e+00 0.000000e+00
-2.657026e-08 0.000000e+00 0.000000e+00
-2.545118e-08 0.000000e+00 0.000000e+00
-2.749679e-08 0.000000e+00 0.000000e+00
-2.328386e-08 0.000000e+00 0.000000e+00
-6.109562e-09 0.000000e+00 0.000000e+00
1.707905e-09 0.000000e+00 0.000000e+00
1.135761e-08 0.000000e+00 0.000000e+00
-2.820824e-08 0.000000e+00 0.000000e+00
-2.537771e-08 0.000000e+00 0.000000e+00
-3.214287e-08 0.000000e+00 0.000000e+00
-3.160932e-08 0.000000e+00 0.000000e+00
-3.313177e-08 0.000000e+00 0.000000e+00
-3.292383e-08 0.000000e+00 0.000000e+00
-3.706100e-08 0.000000e+00 0.000000e+00
-3.660030e-08 0.000000e+00 0.000000e+00
-3.712039e-08 0.000000e+00 0.000000e+00
-3.805904e-08 0.000000e+00 0.000000e+00
-3.719120e-08 0.000000e+00 0.000000e+00
6.880946e-09 0.000000e+00 0.000000e+00
3.404141e-09 0.000000e+00 0.000000e+00
2.807263e-08 0.000000e+00 0.000000e+00
2.813101e-08 0.000000e+00 0.000000e+00
2.815305e-08 0.000000e+00 0.000000e+00
3.040418e-08 0.000000e+00 0.000000e+00
3.087991e-08 0.000000e+00 0.000000e+00
2.997067e-08 0.000000e+00 0.000000e+00
3.015637e-08 0.000000e+00 0.000000e+00
3.005346e-08 0.000000e+00 0.000000e+00
-3.686632e-08 0.000000e+00 0.000000e+00
1.038904e-09 0.000000e+00 0.000000e+00
2.709604e-08 0.000000e+00 0.000000e+00
7.871450e-09 0.000000e+00 0.000000e+00
-3.902470e-08 0.000000e+00 0.000000e+00
1.030360e-08 0.000000e+00 0.000000e+00
9.116883e-09 0.000000e+00 0.000000e+00
-2.438087e-08 0.000000e+00 0.000000e+00
-1.050874e-08 0.000000e+00 0.000000e+00
-4.110995e-08 0.000000e+00 0.000000e+00
2.216011e-08 0.000000e+00 0.000000e+00
2.371828e-09 0.000000e+00 0.000000e+00
-2.926710e-09 0.000000e+00 0.000000e+00
-5.099983e-09 0.000000e+00 0.000000e+00
-2.473248e-08 0.000000e+00 0.000000e+00
2.212144e-08 0.000000e+00 0.000000e+00
-7.558288e-10 0.000000e+00 0.000000e+00
3.292853e-08 0.000000e+00 0.000000e+00
3.136458e-08 0.000000e+00 0.000000e+00
3.231779e-08 0.000000e+00 0.000000e+00
-3.131418e-08 0.000000e+00 0.000000e+00
-7.392293e-09 0.000000e+00 0.000000e+00
-3.197683e-08 0.000000e+00 0.000000e+00
4.185631e-09 0.000000e+00 0.000000e+00
-4.669455e-08 0.000000e+00 0.000000e+00
-9.586162e-09 0.000000e+00 0.000000e+00
3.561343e-08 0.000000e+00 0.000000e+00
1.511778e-08 0.000000e+00 0.000000e+00
5.955570e-08 0.000000e+00 0.000000e+00
-3.414810e-08 0.000000e+00 0.000000e+00
1.035517e-08 0.000000e+00 0.000000e+00
-1.619424e-09 0.000000e+00 0.000000e+00
-6.386947e-09 0.000000e+00 0.000000e+00
5.061965e-08 0.000000e+00 0.000000e+00
1.494719e-08 0.000000e+00 0.000000e+00
-6.512029e-09 0.000000e+00 0.000000e+00
-6.408488e-08 0.000000e+00 0.000000e+00
1.711680e-08 0.000000e+00 0.000000e+00
-6.673664e-09 0.000000e+00 0.000000e+00
1.834212e-08 0.000000e+00 0.000000e+00
-8.011318e-09 0.000000e+00 0.000000e+00
1.701957e-08 0.000000e+00 0.000000e+00
3.894038e-08 0.000000e+00 0.000000e+00
-4.920789e-09 0.000000e+00 0.000000e+00
-4.025213e-08 0.000000e+00 0.000000e+00
-5.029905e-08 0.000000e+00 0.000000e+00
-4.636845e-08 0.000000e+00 0.000000e+00
1.149037e-09 0.000000e+00 0.000000e+00
-6.229219e-08 0.000000e+00 0.000000e+00
4.444191e-08 0.000000e+00 0.000000e+00
2.827821e-08 0.000000e+00 0.000000e+00
4.364368e-08 0.000000e+00 0.000000e+00
-1.048932e-08 0.000000e+00 0.000000e+00
-5.263727e-09 0.000000e+00 0.000000e+00
3.401839e-08 0.000000e+00 0.000000e+00
3.531188e-08 0.000000e+00 0.000000e+00
3.497796e-08 0.000000e+00 0.000000e+00
-4.417601e-08 0.000000e+00 0.000000e+00
3.582353e-09 0.000000e+00 0.000000e+00
3.263289e-08 0.000000e+00 0.000000e+00
1.462878e-08 0.000000e+00 0.000000e+00
1.076657e-08 0.000000e+00 0.000000e+00
3.000998e-09 0.000000e+00 0.000000e+00
4.958990e-08 0.000000e+00 0.000000e+00
3.589429e-08 0.000000e+00 0.000000e+00
3.739941e-08 0.000000e+00 0.000000e+00
3.725031e-08 0.000000e+00 0.000000e+00
3.820984e-08 0.000000e+00 0.000000e+00
3.769764e-08 0.000000e+00 0.000000e+00
3.698286e-08 0.000000e+00 0.000000e+00
2.852189e-08 0.000000e+00 0.000000e+00
3.918999e-08 0.000000e+00 0.000000e+00
3.880749e-08 0.000000e+00 0.000000e+00
5.822037e-08 0.000000e+00 0.000000e+00
1.848699e-08 0.000000e+00 0.000000e+00
-2.623444e-08 0.000000e+00 0.000000e+00
-1.112578e-08 0.000000e+00 0.000000e+00
-2.660021e-08 0.000000e+00 0.000000e+00
6.318002e-08 0.000000e+00 0.000000e+00
3.756330e-08 0.000000e+00 0.000000e+00
-7.383136e-09 0.000000e+00 0.000000e+00
3.411245e-08 0.000000e+00 0.000000e+00
5.649558e-08 0.000000e+00 0.000000e+00
-6.827526e-08 0.000000e+00 0.000000e+00
3.955111e-08 0.000000e+00 0.000000e+00
4.123094e-08 0.000000e+00 0.000000e+00
4.047486e-08 0.000000e+00 0.000000e+00
4.167753e-08 0.000000e+00 0.000000e+00
4.120853e-08 0.000000e+00 0.000000e+00
4.156077e-08 0.000000e+00 0.000000e+00
7.998839e-09 0.000000e+00 0.000000e+00
-3.326227e-08 0.000000e+00 0.000000e+00
-4.499926e-08 0.000000e+00 0.000000e+00
5.297987e-09 0.000000e+00 0.000000e+00
5.689498e-09 0.000000e+00 0.000000e+00
-2.468490e-09 0.000000e+00 0.000000e+00
3.492227e-08 0.000000e+00 0.000000e+00
3.461370e-08 0.000000e+00 0.000000e+00
-4.935327e-08 0.000000e+00 0.000000e+00
2.315898e-08 0.000000e+00 0.000000e+00
-8.250545e-08 0.000000e+00 0.000000e+00
6.088703e-09 0.000000e+00 0.000000e+00
-5.861708e-09 0.000000e+00 0.000000e+00
-6.079970e-09 0.000000e+00 0.000000e+00
-6.223384e-09 0.000000e+00 0.000000e+00
1.445518e-08 0.000000e+00 0.000000e+00
5.198752e-08 0.000000e+00 0.000000e+00
4.359570e-08 0.000000e+00 0.000000e+00
-1.086506e-08 0.000000e+00 0.000000e+00
-3.855871e-09 0.000000e+00 0.000000e+00
1.157641e-08 0.000000e+00 0.000000e+00
-1.148140e-08 0.000000e+00 0.000000e+00
1.135685e-08 0.000000e+00 0.000000e+00
-8.692612e-08 0.000000e+00 0.000000e+00
5.731421e-08 0.000000e+00 0.000000e+00
-1.298815e-07 0.000000e+00 0.000000e+00
4.904115e-08 0.000000e+00 0.000000e+00
-5.691789e-08 0.000000e+00 0.000000e+00
-4.118721e-08 0.000000e+00 0.000000e+00
1.054240e-08 0.000000e+00 0.000000e+00
-1.211527e-08 0.000000e+00 0.000000e+00
-8.433142e-08 0.000000e+00 0.000000e+00
-2.692260e-08 0.000000e+00 0.000000e+00
-8.623778e-09 0.000000e+00 0.000000e+00
-9.549506e-08 0.000000e+00 0.000000e+00
3.937212e-08 0.000000e+00 0.000000e+00
-8.254035e-09 0.000000e+00 0.000000e+00
-1.078892e-09 0.000000e+00 0.000000e+00
-1.545596e-08 0.000000e+00 0.000000e+00
2.524695e-08 0.000000e+00 0.000000e+00
-1.196339e-08 0.000000e+00 0.000000e+00
5.977065e-08 0.000000e+00 0.000000e+00
-1.311271e-08 0.000000e+00 0.000000e+00
1.128288e-08 0.000000e+00 0.000000e+00
-5.380010e-09 0.000000e+00 0.000000e+00
3.971746e-08 0.000000e+00 0.000000e+00
4.008518e-08 0.000000e+00 0.000000e+00
-1.974041e-08 0.000000e+00 0.000000e+00
-1.008851e-07 0.000000e+00 0.000000e+00
3.927269e-08 0.000000e+00 0.000000e+00
-4.828382e-08 0.000000e+00 0.000000e+00
-1.169963e-08 0.000000e+00 0.000000e+00
2.505871e-08 0.000000e+00 0.000000e+00
-7.837875e-08 0.000000e+00 0.000000e+00
4.120205e-08 0.000000e+00 0.000000e+00
-2.187887e-08 0.000000e+00 0.000000e+00
-4.992001e-08 0.000000e+00 0.000000e+00
-1.437202e-08 0.000000e+00 0.000000e+00
-1.782112e-08 0.000000e+00 0.000000e+00
-1.134355e-08 0.000000e+00 0.000000e+00
-1.601127e-08 0.000000e+00 0.000000e+00
2.606941e-09 0.000000e+00 0.000000e+00
9.058178e-09 0.000000e+00 0.000000e+00
-8.525857e-08 0.000000e+00 0.000000e+00
4.962391e-08 0.000000e+00 0.000000e+00
4.215984e-08 0.000000e+00 0.000000e+00
3.876241e-08 0.000000e+00 0.000000e+00
3.949852e-08 0.000000e+00 0.000000e+00
4.101916e-08 0.000000e+00 0.000000e+00
3.365792e-08 0.000000e+00 0.000000e+00
-5.501382e-08 0.000000e+00 0.000000e+00
-1.140263e-08 0.000000e+00 0.000000e+00
-9.356387e-08 0.000000e+00 0.000000e+00
-1.755141e-08 0.000000e+00 0.000000e+00
2.402777e-08 0.000000e+00 0.000000e+00
4.091844e-08 0.000000e+00 0.000000e+00
4.023682e-08 0.000000e+00 0.000000e+00
-2.726146e-09 0.000000e+00 0.000000e+00
1.627162e-08 0.000000e+00 0.000000e+00
6.320080e-08 0.000000e+00 0.000000e+00
-1.119503e-07 0.000000e+00 0.000000e+00
-2.227379e-08 0.000000e+00 0.000000e+00
2.988171e-08 0.000000e+00 0.000000e+00
2.910448e-08 0.000000e+00 0.000000e+00
2.754291e-08 0.000000e+00 0.000000e+00
4.577150e-08 0.000000e+00 0.000000e+00
-5.351551e-08 0.000000e+00 0.000000e+00
6.021256e-08 0.000000e+00 0.000000e+00
1.308865e-09 0.000000e+00 0.000000e+00
-1.111387e-07 0.000000e+00 0.000000e+00
2.274071e-08 0.000000e+00 0.000000e+00
-3.912924e-10 0.000000e+00 0.000000e+00
1.753534e-08 0.000000e+00 0.000000e+00
2.327108e-08 0.000000e+00 0.000000e+00
2.997108e-08 0.000000e+00 0.000000e+00
-1.356717e-08 0.000000e+00 0.000000e+00
5.223669e-08 0.000000e+00 0.000000e+00
-1.428742e-08 0.000000e+00 0.000000e+00
-3.929820e-08 0.000000e+00 0.000000e+00
1.157036e-08 0.000000e+00 0.000000e+00
-1.086422e-08 0.000000e+00 0.000000e+00
5.456260e-08 0.000000e+00 0.000000e+00
-2.029670e-08 0.000000e+00 0.000000e+00
1.377635e-08 0.000000e+00 0.000000e+00
-6.043636e-08 0.000000e+00 0.000000e+00
-1.452650e-07 0.000000e+00 0.000000e+00
4.701672e-08 0.000000e+00 0.000000e+00
3.934687e-08 0.000000e+00 0.000000e+00
-8.327103e-08 0.000000e+00 0.000000e+00
-2.202614e-08 0.000000e+00 0.000000e+00
5.893653e-08 0.000000e+00 0.000000e+00
-1.701075e-08 0.000000e+00 0.000000e+00
-1.636916e-07 0.000000e+00 0.000000e+00
-2.414603e-08 0.000000e+00 0.000000e+00
3.306467e-08 0.000000e+00 0.000000e+00
-3.832723e-08 0.000000e+00 0.000000e+00
6.185074e-08 0.000000e+00 0.000000e+00
-4.326780e-08 0.000000e+00 0.000000e+00
-1.107925e-07 0.000000e+00 0.000000e+00
4.615299e-08 0.000000e+00 0.000000e+00
1.168827e-08 0.000000e+00 0.000000e+00
-1.242678e-07 0.000000e+00 0.000000e+00
6.317325e-08 0.000000e+00 0.000000e+00
5.515515e-08 0.000000e+00 0.000000e+00
3.840379e-08 0.000000e+00 0.000000e+00
-8.636408e-08 0.000000e+00 0.000000e+00
3.518100e-08 0.000000e+00 0.000000e+00
3.555333e-08 0.000000e+00 0.000000e+00
4.189415e-08 0.000000e+00 0.000000e+00
-3.050344e-08 0.000000e+00 0.000000e+00
-3.459204e-08 0.000000e+00 0.000000e+00
1.546053e-08 0.000000e+00 0.000000e+00
4.597301e-08 0.000000e+00 0.000000e+00
-3.511099e-08 0.000000e+00 0.000000e+00
-9.810462e-08 0.000000e+00 0.000000e+00
1.969450e-08 0.000000e+00 0.000000e+00
-1.114620e-07 0.000000e+00 0.000000e+00
-4.573362e-08 0.000000e+00 0.000000e+00
-4.726036e-08 0.000000e+00 0.000000e+00
6.312441e-08 0.000000e+00 0.000000e+00
2.342192e-09 0.000000e+00 0.000000e+00
5.362632e-08 0.000000e+00 0.000000e+00
-7.713157e-08 0.000000e+00 0.000000e+00
-1.428907e-07 0.000000e+00 0.000000e+00
3.889068e-08 0.000000e+00 0.000000e+00
-3.758626e-08 0.000000e+00 0.000000e+00
2.543371e-09 0.000000e+00 0.000000e+00
2.615585e-08 0.000000e+00 0.000000e+00
5.554118e-08 0.000000e+00 0.000000e+00
6.864701e-09 0.000000e+00 0.000000e+00
6.157820e-08 0.000000e+00 0.000000e+00
-2.300873e-08 0.000000e+00 0.000000e+00
-9.198668e-09 0.000000e+00 0.000000e+00
-3.379158e-08 0.000000e+00 0.000000e+00
1.490640e-08 0.000000e+00 0.000000e+00
-1.321291e-08 0.000000e+00 0.000000e+00
1.398091e-08 0.000000e+00 0.000000e+00
2.192845e-08 0.000000e+00 0.000000e+00
3.821440e-10 0.000000e+00 0.000000e+00
5.827205e-09 0.000000e+00 0.000000e+00
-1.665748e-09 0.000000e+00 0.000000e+00
2.532579e-10 0.000000e+00 0.000000e+00
-4.069343e-09 0.000000e+00 0.000000e+00
-9.571912e-10 0.000000e+00 0.000000e+00
-7.528585e-09 0.000000e+00 0.000000e+00
1.196412e-09 0.000000e+00 0.000000e+00
-2.835187e-09 0.000000e+00 0.000000e+00
-1.770208e-10 0.000000e+00 0.000000e+00
-2.991092e-09 0.000000e+00 0.000000e+00
-2.627855e-09 0.000000e+00 0.000000e+00
1.134018e-08 0.000000e+00 0.000000e+00
1.147642e-08 0.000000e+00 0.000000e+00
1.165217e-08 0.000000e+00 0.000000e+00
9.777839e-09 0.000000e+00 0.000000e+00
1.138799e-08 0.000000e+00 0.000000e+00
1.878255e-08 0.000000e+00 0.000000e+00
1.549387e-08 0.000000e+00 0.000000e+00
1.482956e-08 0.000000e+00 0.000000e+00
1.608074e-08 0.000000e+00 0.000000e+00
1.541010e-08 0.000000e+00 0.000000e+00
1.922154e-08 0.000000e+00 0.000000e+00
2.058609e-08 0.000000e+00 0.000000e+00
1.919246e-08 0.000000e+00 0.000000e+00
2.201196e-08 0.000000e+00 0.000000e+00
2.154498e-08 0.000000e+00 0.000000e+00
7.746021e-09 0.000000e+00 0.000000e+00
2.529933e-09 0.000000e+00 0.000000e+00
2.606173e-09 0.000000e+00 0.000000e+00
1.352494e-09 0.000000e+00 0.000000e+00
7.221620e-10 0.000000e+00 0.000000e+00
-1.188403e-08 0.000000e+00 0.000000e+00
-1.291912e-08 0.000000e+00 0.000000e+00
-1.169772e-08 0.000000e+00 0.000000e+00
-1.097893e-08 0.000000e+00 0.000000e+00
-1.151484e-08 0.000000e+00 0.000000e+00
-1.609321e-08 0.000000e+00 0.000000e+00
-1.561629e-08 0.000000e+00 0.000000e+00
-1.362383e-08 0.000000e+00 0.000000e+00
-1.796850e-08 0.000000e+00 0.000000e+00
-1.393099e-08 0.000000e+00 0.000000e+00
-1.771349e-08 0.000000e+00 0.000000e+00
-1.741740e-08 0.000000e+00 0.000000e+00
-1.596738e-08 0.000000e+00 0.000000e+00
-1.858733e-08 0.000000e+00 0.000000e+00
-1.738260e-08 0.000000e+00 0.000000e+00
2.532075e-08 0.000000e+00 0.000000e+00
2.610301e-08 0.000000e+00 0.000000e+00
2.545472e-08 0.000000e+00 0.000000e+00
2.518413e-08 0.000000e+00 0.000000e+00
2.712189e-08 0.000000e+00 0.000000e+00
4.097228e-09 0.000000e+00 0.000000e+00
-5.739885e-09 0.000000e+00 0.000000e+00
-2.030624e-08 0.000000e+00 0.000000e+00
-2.110368e-08 0.000000e+00 0.000000e+00
-2.172710e-08 0.000000e+00 0.000000e+00
6.012433e-09 0.000000e+00 0.000000e+00
-3.345156e-08 0.000000e+00 0.000000e+00
-2.435577e-08 0.000000e+00 0.000000e+00
-2.422430e-08 0.000000e+00 0.000000e+00
-2.385666e-08 0.000000e+00 0.000000e+00
-2.765963e-08 0.000000e+00 0.000000e+00
-2.607692e-08 0.000000e+00 0.000000e+00
-2.665799e-08 0.000000e+00 0.000000e+00
-2.701099e-08 0.000000e+00 0.000000e+00
-2.588843e-08 0.000000e+00 0.000000e+00
-5.155672e-09 0.000000e+00 0.000000e+00
-4.495407e-08 0.000000e+00 0.000000e+00
-4.779246e-09 0.000000e+00 0.000000e+00
3.161973e-08 0.000000e+00 0.000000e+00
3.164896e-08 0.000000e+00 0.000000e+00
-2.832011e-08 0.000000e+00 0.000000e+00
-2.817069e-08 0.000000e+00 0.000000e+00
-2.780224e-08 0.000000e+00 0.000000e+00
-2.855737e-08 0.000000e+00 0.000000e+00
-2.788388e-08 0.000000e+00 0.000000e+00
-2.995778e-08 0.000000e+00 0.000000e+00
-3.082124e-08 0.000000e+00 0.000000e+00
-2.997350e-08 0.000000e+00 0.000000e+00
-2.983432e-08 0.000000e+00 0.000000e+00
-2.979545e-08 0.000000e+00 0.000000e+00
1.812354e-08 0.000000e+00 0.000000e+00
3.646619e-08 0.000000e+00 0.000000e+00
3.563980e-08 0.000000e+00 0.000000e+00
3.693367e-08 0.000000e+00 0.000000e+00
3.680736e-08 0.000000e+00 0.000000e+00
4.356426e-08 0.000000e+00 0.000000e+00
1.355450e-09 0.000000e+00 0.000000e+00
-3.189014e-08 0.000000e+00 0.000000e+00
-3.336345e-08 0.000000e+00 0.000000e+00
-3.224251e-08 0.000000e+00 0.000000e+00
-1.512060e-08 0.000000e+00 0.000000e+00
7.660417e-09 0.000000e+00 0.000000e+00
3.830551e-09 0.000000e+00 0.000000e+00
-4.807106e-09 0.000000e+00 0.000000e+00
-5.193266e-09 0.000000e+00 0.000000e+00
2.714488e-09 0.000000e+00 0.000000e+00
-3.936873e-08 0.000000e+00 0.000000e+00
2.775106e-09 0.000000e+00 0.000000e+00
2.082832e-09 0.000000e+00 0.000000e+00
7.597047e-09 0.000000e+00 0.000000e+00
-1.041141e-08 0.000000e+00 0.000000e+00
-1.146186e-08 0.000000e+00 0.000000e+00
1.428082e-08 0.000000e+00 0.000000e+00
4.764626e-08 0.000000e+00 0.000000e+00
-1.985552e-08 0.000000e+00 0.000000e+00
-8.635870e-10 0.000000e+00 0.000000e+00
-1.345675e-08 0.000000e+00 0.000000e+00
-1.925063e-08 0.000000e+00 0.000000e+00
2.641897e-08 0.000000e+00 0.000000e+00
-1.954580e-09 0.000000e+00 0.000000e+00
1.155220e-08 0.000000e+00 0.000000e+00
8.679103e-09 0.000000e+00 0.000000e+00
1.037016e-08 0.000000e+00 0.000000e+00
1.193547e-08 0.000000e+00 0.000000e+00
5.488163e-08 0.000000e+00 0.000000e+00
2.704727e-08 0.000000e+00 0.000000e+00
7.548999e-08 0.000000e+00 0.000000e+00
-1.261034e-08 0.000000e+00 0.000000e+00
-7.082789e-09 0.000000e+00 0.000000e+00
-9.348977e-09 0.000000e+00 0.000000e+00
-4.848463e-09 0.000000e+00 0.000000e+00
-6.079112e-09 0.000000e+00 0.000000e+00
-1.530361e-08 0.000000e+00 0.000000e+00
-1.594370e-08 0.000000e+00 0.000000e+00
-1.584748e-08 0.000000e+00 0.000000e+00
-3.891147e-08 0.000000e+00 0.000000e+00
1.721712e-08 0.000000e+00 0.000000e+00
1.872186e-08 0.000000e+00 0.000000e+00
-5.199195e-09 0.000000e+00 0.000000e+00
-1.183534e-08 0.000000e+00 0.000000e+00
2.194092e-08 0.000000e+00 0.000000e+00
-3.160547e-08 0.000000e+00 0.000000e+00
-4.043351e-08 0.000000e+00 0.000000e+00
1.074042e-08 0.000000e+00 0.000000e+00
-6.389972e-09 0.000000e+00 0.000000e+00
-1.877226e-08 0.000000e+00 0.000000e+00
-1.445717e-08 0.000000e+00 0.000000e+00
-1.792445e-08 0.000000e+00 0.000000e+00
-1.891495e-08 0.000000e+00 0.000000e+00
-2.746088e-08 0.000000e+00 0.000000e+00
-1.859703e-08 0.000000e+00 0.000000e+00
-1.879464e-08 0.000000e+00 0.000000e+00
-1.666894e-08 0.000000e+00 0.000000e+00
-1.209095e-08 0.000000e+00 0.000000e+00
9.626747e-09 0.000000e+00 0.000000e+00
-3.045121e-08 0.000000e+00 0.000000e+00
-2.992285e-08 0.000000e+00 0.000000e+00
-1.049664e-08 0.000000e+00 0.000000e+00
-1.802763e-08 0.000000e+00 0.000000e+00
-1.793240e-08 0.000000e+00 0.000000e+00
-2.197850e-08 0.000000e+00 0.000000e+00
-2.002011e-08 0.000000e+00 0.000000e+00
-2.135528e-08 0.000000e+00 0.000000e+00
-2.256224e-08 0.000000e+00 0.000000e+00
-2.192106e-08 0.000000e+00 0.000000e+00
-1.419347e-08 0.000000e+00 0.000000e+00
-3.514831e-08 0.000000e+00 0.000000e+00
-3.438982e-08 0.000000e+00 0.000000e+00
-3.412488e-08 0.000000e+00 0.000000e+00
-3.457511e-08 0.000000e+00 0.000000e+00
-3.087568e-08 0.000000e+00 0.000000e+00
-3.060219e-08 0.000000e+00 0.000000e+00
-3.022321e-08 0.000000e+00 0.000000e+00
-3.064939e-08 0.000000e+00 0.000000e+00
-3.043842e-08 0.000000e+00 0.000000e+00
-3.717802e-08 0.000000e+00 0.000000e+00
-3.599839e-08 0.000000e+00 0.000000e+00
-3.646245e-08 0.000000e+00 0.000000e+00
-3.349586e-08 0.000000e+00 0.000000e+00
-3.385646e-08 0.000000e+00 0.000000e+00
-2.504313e-08 0.000000e+00 0.000000e+00
-4.835075e-08 0.000000e+00 0.000000e+00
-1.425894e-08 0.000000e+00 0.000000e+00
-1.403097e-08 0.000000e+00 0.000000e+00
-1.954377e-09 0.000000e+00 0.000000e+00
-1.339465e-08 0.000000e+00 0.000000e+00
-9.470053e-09 0.000000e+00 0.000000e+00
-4.639261e-08 0.000000e+00 0.000000e+00
-3.476734e-08 0.000000e+00 0.000000e+00
2.534713e-08 0.000000e+00 0.000000e+00
1.686184e-09 0.000000e+00 0.000000e+00
-4.902508e-08 0.000000e+00 0.000000e+00
1.730696e-08 0.000000e+00 0.000000e+00
1.846203e-08 0.000000e+00 0.000000e+00
1.797556e-08 0.000000e+00 0.000000e+00
-1.520162e-08 0.000000e+00 0.000000e+00
8.962558e-08 0.000000e+00 0.000000e+00
-3.704279e-08 0.000000e+00 0.000000e+00
-3.684182e-08 0.000000e+00 0.000000e+00
-3.733028e-08 0.000000e+00 0.000000e+00
-3.381338e-08 0.000000e+00 0.000000e+00
8.069129e-08 0.000000e+00 0.000000e+00
8.817795e-09 0.000000e+00 0.000000e+00
-9.707983e-09 0.000000e+00 0.000000e+00
4.434896e-08 0.000000e+00 0.000000e+00
-7.925480e-09 0.000000e+00 0.000000e+00
-1.531092e-08 0.000000e+00 0.000000e+00
4.736354e-08 0.000000e+00 0.000000e+00
-5.372295e-09 0.000000e+00 0.000000e+00
-1.239034e-09 0.000000e+00 0.000000e+00
4.023564e-08 0.000000e+00 0.000000e+00
4.576111e-08 0.000000e+00 0.000000e+00
-1.509407e-08 0.000000e+00 0.000000e+00
-9.749474e-09 0.000000e+00 0.000000e+00
-9.452678e-09 0.000000e+00 0.000000e+00
-6.319124e-08 0.000000e+00 0.000000e+00
3.702776e-08 0.000000e+00 0.000000e+00
-1.469222e-08 0.000000e+00 0.000000e+00
-1.420559e-08 0.000000e+00 0.000000e+00
-1.504114e-08 0.000000e+00 0.000000e+00
-3.987468e-08 0.000000e+00 0.000000e+00
-1.814357e-08 0.000000e+00 0.000000e+00
-2.252866e-08 0.000000e+00 0.000000e+00
-2.990428e-08 0.000000e+00 0.000000e+00
-5.508206e-09 0.000000e+00 0.000000e+00
-3.577622e-08 0.000000e+00 0.000000e+00
-2.394437e-08 0.000000e+00 0.000000e+00
-2.507089e-08 0.000000e+00 0.000000e+00
-2.437500e-08 0.000000e+00 0.000000e+00
-2.375040e-08 0.000000e+00 0.000000e+00
-1.428254e-08 0.000000e+00 0.000000e+00
-1.095605e-08 0.000000e+00 0.000000e+00
-1.320084e-08 0.000000e+00 0.000000e+00
-1.418331e-08 0.000000e+00 0.000000e+00
-4.435178e-08 0.000000e+00 0.000000e+00
-9.360874e-09 0.000000e+00 0.000000e+00
-8.978499e-09 0.000000e+00 0.000000e+00
-8.620860e-09 0.000000e+00 0.000000e+00
6.380666e-08 0.000000e+00 0.000000e+00
3.038065e-08 0.000000e+00 0.000000e+00
-5.235606e-08 0.000000e+00 0.000000e+00
6.746790e-09 0.000000e+00 0.000000e+00
3.750797e-08 0.000000e+00 0.000000e+00
-1.339256e-08 0.000000e+00 0.000000e+00
-1.262382e-08 0.000000e+00 0.000000e+00
7.552918e-08 0.000000e+00 0.000000e+00
-5.038389e-08 0.000000e+00 0.000000e+00
1.801233e-08 0.000000e+00 0.000000e+00
-3.328070e-08 0.000000e+00 0.000000e+00
-3.200803e-08 0.000000e+00 0.000000e+00
4.516522e-08 0.000000e+00 0.000000e+00
5.004583e-09 0.000000e+00 0.000000e+00
1.038606e-07 0.000000e+00 0.000000e+00
-3.940271e-08 0.000000e+00 0.000000e+00
-3.939706e-08 0.000000e+00 0.000000e+00
-1.453914e-08 0.000000e+00 0.000000e+00
4.235116e-08 0.000000e+00 0.000000e+00
-4.051454e-08 0.000000e+00 0.000000e+00
-4.111787e-08 0.000000e+00 0.000000e+00
3.906104e-08 0.000000e+00 0.000000e+00
1.531451e-08 0.000000e+00 0.000000e+00
-4.373211e-08 0.000000e+00 0.000000e+00
-2.062135e-08 0.000000e+00 0.000000e+00
-9.784992e-09 0.000000e+00 0.000000e+00
3.320591e-08 0.000000e+00 0.000000e+00
-5.902417e-08 0.000000e+00 0.000000e+00
3.578027e-08 0.000000e+00 0.000000e+00
-1.982363e-08 0.000000e+00 0.000000e+00
-3.391009e-08 0.000000e+00 0.000000e+00
3.469999e-08 0.000000e+00 0.000000e+00
1.390964e-07 0.000000e+00 0.000000e+00
-4.304374e-08 0.000000e+00 0.000000e+00
4.830412e-08 0.000000e+00 0.000000e+00
2.787899e-09 0.000000e+00 0.000000e+00
1.612481e-08 0.000000e+00 0.000000e+00
4.082695e-08 0.000000e+00 0.000000e+00
-6.188370e-09 0.000000e+00 0.000000e+00
5.328464e-09 0.000000e+00 0.000000e+00
1.100317e-07 0.000000e+00 0.000000e+00
1.209062e-07 0.000000e+00 0.000000e+00
-3.609247e-08 0.000000e+00 0.000000e+00
4.854749e-08 0.000000e+00 0.000000e+00
4.177519e-08 0.000000e+00 0.000000e+00
-4.431857e-08 0.000000e+00 0.000000e+00
-4.839104e-08 0.000000e+00 0.000000e+00
2.235409e-08 0.000000e+00 0.000000e+00
-1.939868e-08 0.000000e+00 0.000000e+00
1.974470e-08 0.000000e+00 0.000000e+00
2.104563e-08 0.000000e+00 0.000000e+00
1.998748e-08 0.000000e+00 0.000000e+00
7.986000e-08 0.000000e+00 0.000000e+00
-2.421601e-08 0.000000e+00 0.000000e+00
4.772867e-08 0.000000e+00 0.000000e+00
4.721462e-08 0.000000e+00 0.000000e+00
-5.601642e-08 0.000000e+00 0.000000e+00
1.103757e-07 0.000000e+00 0.000000e+00
-2.632751e-09 0.000000e+00 0.000000e+00
2.079421e-08 0.000000e+00 0.000000e+00
4.115768e-08 0.000000e+00 0.000000e+00
-3.017005e-08 0.000000e+00 0.000000e+00
-4.430088e-08 0.000000e+00 0.000000e+00
-1.006050e-08 0.000000e+00 0.000000e+00
-8.543194e-09 0.000000e+00 0.000000e+00
-4.336339e-08 0.000000e+00 0.000000e+00
-7.898474e-09 0.000000e+00 0.000000e+00
4.636873e-08 0.000000e+00 0.000000e+00
-2.025598e-08 0.000000e+00 0.000000e+00
-2.813914e-08 0.000000e+00 0.000000e+00
1.033401e-08 0.000000e+00 0.000000e+00
6.369632e-08 0.000000e+00 0.000000e+00
-4.106087e-08 0.000000e+00 0.000000e+00
-6.007946e-08 0.000000e+00 0.000000e+00
-5.136762e-08 0.000000e+00 0.000000e+00
-4.128597e-08 0.000000e+00 0.000000e+00
9.313717e-08 0.000000e+00 0.000000e+00
-4.752398e-08 0.000000e+00 0.000000e+00
-2.324770e-08 0.000000e+00 0.000000e+00
-3.428577e-08 0.000000e+00 0.000000e+00
-5.860565e-08 0.000000e+00 0.000000e+00
-2.281378e-08 0.000000e+00 0.000000e+00
-3.604625e-08 0.000000e+00 0.000000e+00
4.964755e-08 0.000000e+00 0.000000e+00
3.356464e-09 0.000000e+00 0.000000e+00
3.931167e-08 0.000000e+00 0.000000e+00
3.156156e-08 0.000000e+00 0.000000e+00
-3.948333e-08 0.000000e+00 0.000000e+00
-3.408338e-08 0.000000e+00 0.000000e+00
4.143565e-09 0.000000e+00 0.000000e+00
4.180073e-09 0.000000e+00 0.000000e+00
1.809637e-07 0.000000e+00 0.000000e+00
2.765610e-08 0.000000e+00 0.000000e+00
-5.904210e-08 0.000000e+00 0.000000e+00
3.938037e-09 0.000000e+00 0.000000e+00
-5.293933e-08 0.000000e+00 0.000000e+00
-5.323660e-08 0.000000e+00 0.000000e+00
-5.771192e-08 0.000000e+00 0.000000e+00
8.411696e-08 0.000000e+00 0.000000e+00
6.763403e-08 0.000000e+00 0.000000e+00
1.000539e-08 0.000000e+00 0.000000e+00
-4.361592e-08 0.000000e+00 0.000000e+00
4.152853e-08 0.000000e+00 0.000000e+00
4.294930e-08 0.000000e+00 0.000000e+00
4.084266e-08 0.000000e+00 0.000000e+00
4.650343e-08 0.000000e+00 0.000000e+00
-5.386337e-08 0.000000e+00 0.000000e+00
-5.550819e-08 0.000000e+00 0.000000e+00
-3.181421e-08 0.000000e+00 0.000000e+00
3.140944e-08 0.000000e+00 0.000000e+00
-2.713660e-09 0.000000e+00 0.000000e+00
1.893507e-08 0.000000e+00 0.000000e+00
-3.086506e-09 0.000000e+00 0.000000e+00
1.855336e-08 0.000000e+00 0.000000e+00
1.416989e-07 0.000000e+00 0.000000e+00
-1.638767e-08 0.000000e+00 0.000000e+00
-3.216238e-08 0.000000e+00 0.000000e+00
1.055742e-07 0.000000e+00 0.000000e+00
2.143835e-08 0.000000e+00 0.000000e+00
-4.119661e-08 0.000000e+00 0.000000e+00
3.960267e-08 0.000000e+00 0.000000e+00
-4.563751e-08 0.000000e+00 0.000000e+00
5.437423e-08 0.000000e+00 0.000000e+00
4.122456e-08 0.000000e+00 0.000000e+00
1.293207e-08 0.000000e+00 0.000000e+00
-1.260868e-10 0.000000e+00 0.000000e+00
-6.290459e-08 0.000000e+00 0.000000e+00
-1.529094e-08 0.000000e+00 0.000000e+00
1.383312e-08 0.000000e+00 0.000000e+00
-1.863823e-08 0.000000e+00 0.000000e+00
-1.850616e-08 0.000000e+00 0.000000e+00
-5.824999e-08 0.000000e+00 0.000000e+00
4.080266e-08 0.000000e+00 0.000000e+00
2.962096e-09 0.000000e+00 0.000000e+00
-3.751249e-08 0.000000e+00 0.000000e+00
-5.518073e-08 0.000000e+00 0.000000e+00
-6.141777e-08 0.000000e+00 0.000000e+00
-3.561878e-08 0.000000e+00 0.000000e+00
-3.617968e-08 0.000000e+00 0.000000e+00
-6.090347e-08 0.000000e+00 0.000000e+00
-1.524355e-08 0.000000e+00 0.000000e+00
-2.760763e-08 0.000000e+00 0.000000e+00
1.208023e-09 0.000000e+00 0.000000e+00
-5.057086e-08 0.000000e+00 0.000000e+00
3.472870e-08 0.000000e+00 0.000000e+00
-1.092554e-07 0.000000e+00 0.000000e+00
3.157143e-08 0.000000e+00 0.000000e+00
-3.414258e-08 0.000000e+00 0.000000e+00
-6.610002e-08 0.000000e+00 0.000000e+00
-4.873986e-08 0.000000e+00 0.000000e+00
3.403221e-08 0.000000e+00 0.000000e+00
-3.164157e-08 0.000000e+00 0.000000e+00
-2.037636e-08 0.000000e+00 0.000000e+00
-1.723147e-07 0.000000e+00 0.000000e+00
-3.928211e-08 0.000000e+00 0.000000e+00
-3.863130e-08 0.000000e+00 0.000000e+00
-1.569623e-08 0.000000e+00 0.000000e+00
4.045134e-08 0.000000e+00 0.000000e+00
-3.897731e-08 0.000000e+00 0.000000e+00
2.415776e-08 0.000000e+00 0.000000e+00
-5.828529e-08 0.000000e+00 0.000000e+00
-3.547507e-08 0.000000e+00 0.000000e+00
-3.723888e-08 0.000000e+00 0.000000e+00
-3.660498e-08 0.000000e+00 0.000000e+00
-3.562692e-08 0.000000e+00 0.000000e+00
-3.688502e-08 0.000000e+00 0.000000e+00
-3.666721e-08 0.000000e+00 0.000000e+00
-4.110258e-08 0.000000e+00 0.000000e+00
-4.064674e-08 0.000000e+00 0.000000e+00
-4.137380e-08 0.000000e+00 0.000000e+00
-3.832647e-08 0.000000e+00 0.000000e+00
-4.044609e-08 0.000000e+00 0.000000e+00
-2.595078e-08 0.000000e+00 0.000000e+00
-1.105149e-08 0.000000e+00 0.000000e+00
-3.193967e-08 0.000000e+00 0.000000e+00
-2.439203e-08 0.000000e+00 0.000000e+00
3.917605e-09 0.000000e+00 0.000000e+00
-4.912894e-08 0.000000e+00 0.000000e+00
-4.606390e-08 0.000000e+00 0.000000e+00
5.398232e-08 0.000000e+00 0.000000e+00
-1.853654e-07 0.000000e+00 0.000000e+00
1.454323e-08 0.000000e+00 0.000000e+00
-6.361761e-08 0.000000e+00 0.000000e+00
4.286907e-09 0.000000e+00 0.000000e+00
3.168821e-08 0.000000e+00 0.000000e+00
2.779389e-08 0.000000e+00 0.000000e+00
-5.664712e-08 0.000000e+00 0.000000e+00
2.829808e-08 0.000000e+00 0.000000e+00
-3.456723e-08 0.000000e+00 0.000000e+00
3.652842e-08 0.000000e+00 0.000000e+00
-5.076088e-08 0.000000e+00 0.000000e+00
4.232804e-08 0.000000e+00 0.000000e+00
3.955915e-08 0.000000e+00 0.000000e+00
4.450260e-08 0.000000e+00 0.000000e+00
4.745902e-08 0.000000e+00 0.000000e+00
4.891628e-08 0.000000e+00 0.000000e+00
4.885069e-08 0.000000e+00 0.000000e+00
3.876911e-08 0.000000e+00 0.000000e+00
3.868019e-08 0.000000e+00 0.000000e+00
3.875347e-08 0.000000e+00 0.000000e+00
3.822915e-08 0.000000e+00 0.000000e+00
4.294415e-08 0.000000e+00 0.000000e+00
4.019736e-08 0.000000e+00 0.000000e+00
2.358206e-08 0.000000e+00 0.000000e+00
-1.277318e-08 0.000000e+00 0.000000e+00
-5.075322e-09 0.000000e+00 0.000000e+00
-3.639496e-08 0.000000e+00 0.000000e+00
-5.642442e-08 0.000000e+00 0.000000e+00
2.548827e-08 0.000000e+00 0.000000e+00
-4.422122e-08 0.000000e+00 0.000000e+00
3.459301e-08 0.000000e+00 0.000000e+00
-6.265249e-08 0.000000e+00 0.000000e+00
4.261418e-08 0.000000e+00 0.000000e+00
-5.422671e-08 0.000000e+00 0.000000e+00
5.243824e-08 0.000000e+00 0.000000e+00
4.903730e-08 0.000000e+00 0.000000e+00
5.437087e-08 0.000000e+00 0.000000e+00
-4.501152e-08 0.000000e+00 0.000000e+00
4.651016e-08 0.000000e+00 0.000000e+00
-7.611904e-08 0.000000e+00 0.000000e+00
-3.003715e-08 0.000000e+00 0.000000e+00
-5.646947e-08 0.000000e+00 0.000000e+00
-1.260372e-08 0.000000e+00 0.000000e+00
-1.951752e-08 0.000000e+00 0.000000e+00
-1.135033e-08 0.000000e+00 0.000000e+00
-1.925870e-08 0.000000e+00 0.000000e+00
5.310846e-08 0.000000e+00 0.000000e+00
-2.236977e-08 0.000000e+00 0.000000e+00
-7.475532e-09 0.000000e+00 0.000000e+00
-1.093714e-08 0.000000e+00 0.000000e+00
-1.892275e-08 0.000000e+00 0.000000e+00
-5.733896e-08 0.000000e+00 0.000000e+00
-6.046979e-08 0.000000e+00 0.000000e+00
-3.139208e-09 0.000000e+00 0.000000e+00
-1.741062e-08 0.000000e+00 0.000000e+00
-1.537583e-08 0.000000e+00 0.000000e+00
1.383936e-08 0.000000e+00 0.000000e+00
-8.854848e-08 0.000000e+00 0.000000e+00
-1.194018e-08 0.000000e+00 0.000000e+00
2.518172e-08 0.000000e+00 0.000000e+00
-5.676506e-08 0.000000e+00 0.000000e+00
3.634665e-08 0.000000e+00 0.000000e+00
5.838783e-08 0.000000e+00 0.000000e+00
6.296703e-08 0.000000e+00 0.000000e+00
-1.615241e-08 0.000000e+00 0.000000e+00
2.557870e-08 0.000000e+00 0.000000e+00
-1.334411e-08 0.000000e+00 0.000000e+00
1.148705e-07 0.000000e+00 0.000000e+00
-3.709252e-09 0.000000e+00 0.000000e+00
4.650396e-08 0.000000e+00 0.000000e+00
-3.775193e-08 0.000000e+00 0.000000e+00
-5.490450e-08 0.000000e+00 0.000000e+00
5.746784e-08 0.000000e+00 0.000000e+00
-3.763177e-08 0.000000e+00 0.000000e+00
2.912448e-08 0.000000e+00 0.000000e+00
7.204519e-08 0.000000e+00 0.000000e+00
5.737606e-08 0.000000e+00 0.000000e+00
-6.274594e-08 0.000000e+00 0.000000e+00
-1.828686e-08 0.000000e+00 0.000000e+00
-3.618639e-08 0.000000e+00 0.000000e+00
1.127051e-07 0.000000e+00 0.000000e+00
4.457973e-08 0.000000e+00 0.000000e+00
-5.002109e-08 0.000000e+00 0.000000e+00
-4.230376e-08 0.000000e+00 0.000000e+00
-3.087618e-08 0.000000e+00 0.000000e+00
1.788353e-08 0.000000e+00 0.000000e+00
-6.225190e-08 0.000000e+00 0.000000e+00
-6.242752e-08 0.000000e+00 0.000000e+00
2.457222e-08 0.000000e+00 0.000000e+00
-3.662605e-08 0.000000e+00 0.000000e+00
-6.245470e-08 0.000000e+00 0.000000e+00
-4.694949e-08 0.000000e+00 0.000000e+00
-6.243270e-08 0.000000e+00 0.000000e+00
-5.491093e-08 0.000000e+00 0.000000e+00
9.128797e-09 0.000000e+00 0.000000e+00
-1.597709e-08 0.000000e+00 0.000000e+00
-1.778501e-08 0.000000e+00 0.000000e+00
4.934371e-08 0.000000e+00 0.000000e+00
-5.380105e-09 0.000000e+00 0.000000e+00
-2.242739e-08 0.000000e+00 0.000000e+00
-6.020459e-08 0.000000e+00 0.000000e+00
-4.056838e-08 0.000000e+00 0.000000e+00
9.598647e-09 0.000000e+00 0.000000e+00
-2.878320e-08 0.000000e+00 0.000000e+00
2.225941e-08 0.000000e+00 0.000000e+00
-1.817065e-08 0.000000e+00 0.000000e+00
-3.584287e-08 0.000000e+00 0.000000e+00
1.428452e-08 0.000000e+00 0.000000e+00
1.099198e-08 0.000000e+00 0.000000e+00
-1.784164e-07 0.000000e+00 0.000000e+00
-1.603096e-08 0.000000e+00 0.000000e+00
-2.210043e-08 0.000000e+00 0.000000e+00
-1.616624e-08 0.000000e+00 0.000000e+00
-5.585541e-08 0.000000e+00 0.000000e+00
9.507549e-08 0.000000e+00 0.000000e+00
6.273619e-08 0.000000e+00 0.000000e+00
5.544781e-09 0.000000e+00 0.000000e+00
1.047391e-07 0.000000e+00 0.000000e+00
-4.382258e-08 0.000000e+00 0.000000e+00
5.496512e-08 0.000000e+00 0.000000e+00
-5.919828e-08 0.000000e+00 0.000000e+00
-3.413698e-08 0.000000e+00 0.000000e+00
-3.173059e-08 0.000000e+00 0.000000e+00
-5.391922e-08 0.000000e+00 0.000000e+00
1.077605e-07 0.000000e+00 0.000000e+00
-9.553481e-09 0.000000e+00 0.000000e+00
