FX FY FZ 
6.662691e-09 0.000000e+00 0.000000e+00
2.629510e-09 0.000000e+00 0.000000e+00
1.301689e-09 0.000000e+00 0.000000e+00
3.128395e-09 0.000000e+00 0.000000e+00
-7.474500e-10 0.000000e+00 0.000000e+00
-3.854589e-09 0.000000e+00 0.000000e+00
-9.558395e-09 0.000000e+00 0.000000e+00
-1.098770e-08 0.000000e+00 0.000000e+00
-1.054500e-08 0.000000e+00 0.000000e+00
-9.067670e-09 0.000000e+00 0.000000e+00
-7.404993e-09 0.000000e+00 0.000000e+00
-9.803689e-09 0.000000e+00 0.000000e+00
-1.341672e-08 0.000000e+00 0.000000e+00
-1.123788e-08 0.000000e+00 0.000000e+00
-1.283723e-08 0.000000e+00 0.000000e+00
-1.337654e-08 0.000000e+00 0.000000e+00
-1.771945e-08 0.000000e+00 0.000000e+00
-1.716953e-08 0.000000e+00 0.000000e+00
-1.814129e-08 0.000000e+00 0.000000e+00
-1.768313e-08 0.000000e+00 0.000000e+00
-1.931663e-08 0.000000e+00 0.000000e+00
4.016163e-09 0.000000e+00 0.000000e+00
6.097096e-09 0.000000e+00 0.000000e+00
7.037517e-09 0.000000e+00 0.000000e+00
7.493897e-09 0.000000e+00 0.000000e+00
2.716267e-09 0.000000e+00 0.000000e+00
7.097581e-09 0.000000e+00 0.000000e+00
8.647151e-09 0.000000e+00 0.000000e+00
6.122450e-09 0.000000e+00 0.000000e+00
7.192108e-09 0.000000e+00 0.000000e+00
5.547406e-09 0.000000e+00 0.000000e+00
1.148045e-08 0.000000e+00 0.000000e+00
8.965892e-09 0.000000e+00 0.000000e+00
1.213725e-08 0.000000e+00 0.000000e+00
9.806344e-09 0.000000e+00 0.000000e+00
1.035676e-08 0.000000e+00 0.000000e+00
1.338480e-08 0.000000e+00 0.000000e+00
1.782690e-08 0.000000e+00 0.000000e+00
1.497647e-08 0.000000e+00 0.000000e+00
1.209449e-08 0.000000e+00 0.000000e+00
1.379598e-08 0.000000e+00 0.000000e+00
-1.106432e-08 0.000000e+00 0.000000e+00
5.334756e-08 0.000000e+00 0.000000e+00
2.026084e-08 0.000000e+00 0.000000e+00
1.710032e-08 0.000000e+00 0.000000e+00
1.767404e-08 0.000000e+00 0.000000e+00
7.670024e-10 0.000000e+00 0.000000e+00
-4.997336e-08 0.000000e+00 0.000000e+00
2.009169e-08 0.000000e+00 0.000000e+00
2.036702e-08 0.000000e+00 0.000000e+00
2.141365e-08 0.000000e+00 0.000000e+00
-1.344662e-09 0.000000e+00 0.000000e+00
8.382185e-09 0.000000e+00 0.000000e+00
9.930115e-09 0.000000e+00 0.000000e+00
-3.165427e-10 0.000000e+00 0.000000e+00
1.088523e-09 0.000000e+00 0.000000e+00
1.938619e-08 0.000000e+00 0.000000e+00
-2.552105e-08 0.000000e+00 0.000000e+00
-1.267150e-09 0.000000e+00 0.000000e+00
1.570489e-08 0.000000e+00 0.000000e+00
-2.420165e-08 0.000000e+00 0.000000e+00
2.187102e-08 0.000000e+00 0.000000e+00
-4.059278e-08 0.000000e+00 0.000000e+00
3.161567e-08 0.000000e+00 0.000000e+00
-3.821432e-08 0.000000e+00 0.000000e+00
-3.357131e-08 0.000000e+00 0.000000e+00
2.280944e-08 0.000000e+00 0.000000e+00
2.448118e-08 0.000000e+00 0.000000e+00
2.468850e-08 0.000000e+00 0.000000e+00
2.380510e-08 0.000000e+00 0.000000e+00
2.459321e-08 0.000000e+00 0.000000e+00
1.461695e-09 0.000000e+00 0.000000e+00
-9.295838e-08 0.000000e+00 0.000000e+00
-1.680686e-08 0.000000e+00 0.000000e+00
1.548642e-08 0.000000e+00 0.000000e+00
-9.557419e-09 0.000000e+00 0.000000e+00
-2.885117e-08 0.000000e+00 0.000000e+00
-6.185726e-08 0.000000e+00 0.000000e+00
-1.457303e-08 0.000000e+00 0.000000e+00
1.327430e-08 0.000000e+00 0.000000e+00
-1.713458e-08 0.000000e+00 0.000000e+00
-6.622948e-08 0.000000e+00 0.000000e+00
-2.772608e-08 0.000000e+00 0.000000e+00
-3.049419e-09 0.000000e+00 0.000000e+00
1.011106e-09 0.000000e+00 0.000000e+00
2.217535e-08 0.000000e+00 0.000000e+00
-2.828519e-08 0.000000e+00 0.000000e+00
-2.741786e-08 0.000000e+00 0.000000e+00
-2.779228e-08 0.000000e+00 0.000000e+00
-2.794285e-08 0.000000e+00 0.000000e+00
-2.912010e-08 0.000000e+00 0.000000e+00
2.717407e-08 0.000000e+00 0.000000e+00
2.692081e-08 0.000000e+00 0.000000e+00
2.787657e-08 0.000000e+00 0.000000e+00
2.838207e-08 0.000000e+00 0.000000e+00
2.740269e-08 0.000000e+00 0.000000e+00
2.936475e-08 0.000000e+00 0.000000e+00
2.474606e-08 0.000000e+00 0.000000e+00
2.389424e-08 0.000000e+00 0.000000e+00
-1.258483e-08 0.000000e+00 0.000000e+00
-1.096711e-08 0.000000e+00 0.000000e+00
-1.558026e-08 0.000000e+00 0.000000e+00
-2.191068e-08 0.000000e+00 0.000000e+00
-1.385927e-08 0.000000e+00 0.000000e+00
8.581940e-09 0.000000e+00 0.000000e+00
-9.856058e-08 0.000000e+00 0.000000e+00
1.295062e-08 0.000000e+00 0.000000e+00
2.309056e-08 0.000000e+00 0.000000e+00
2.495747e-08 0.000000e+00 0.000000e+00
-2.385261e-08 0.000000e+00 0.000000e+00
2.442880e-08 0.000000e+00 0.000000e+00
7.743624e-09 0.000000e+00 0.000000e+00
-3.913417e-08 0.000000e+00 0.000000e+00
1.300963e-08 0.000000e+00 0.000000e+00
2.994470e-08 0.000000e+00 0.000000e+00
2.927659e-08 0.000000e+00 0.000000e+00
3.168264e-08 0.000000e+00 0.000000e+00
3.049633e-08 0.000000e+00 0.000000e+00
3.190667e-08 0.000000e+00 0.000000e+00
3.180146e-08 0.000000e+00 0.000000e+00
3.193330e-08 0.000000e+00 0.000000e+00
3.245753e-08 0.000000e+00 0.000000e+00
2.952581e-08 0.000000e+00 0.000000e+00
-9.062349e-08 0.000000e+00 0.000000e+00
1.494623e-08 0.000000e+00 0.000000e+00
-2.520494e-08 0.000000e+00 0.000000e+00
-1.347993e-08 0.000000e+00 0.000000e+00
1.797273e-08 0.000000e+00 0.000000e+00
-8.044366e-09 0.000000e+00 0.000000e+00
-5.464683e-08 0.000000e+00 0.000000e+00
2.310419e-08 0.000000e+00 0.000000e+00
3.406601e-08 0.000000e+00 0.000000e+00
3.372817e-08 0.000000e+00 0.000000e+00
3.516803e-08 0.000000e+00 0.000000e+00
1.071088e-08 0.000000e+00 0.000000e+00
-1.501998e-08 0.000000e+00 0.000000e+00
3.564275e-08 0.000000e+00 0.000000e+00
-1.262240e-08 0.000000e+00 0.000000e+00
4.518266e-08 0.000000e+00 0.000000e+00
7.321747e-09 0.000000e+00 0.000000e+00
7.081168e-09 0.000000e+00 0.000000e+00
3.336954e-08 0.000000e+00 0.000000e+00
-3.759935e-08 0.000000e+00 0.000000e+00
-3.808612e-08 0.000000e+00 0.000000e+00
-3.828649e-08 0.000000e+00 0.000000e+00
-3.704512e-08 0.000000e+00 0.000000e+00
-4.133143e-08 0.000000e+00 0.000000e+00
-2.361293e-08 0.000000e+00 0.000000e+00
-3.668985e-08 0.000000e+00 0.000000e+00
1.506187e-08 0.000000e+00 0.000000e+00
-2.261545e-08 0.000000e+00 0.000000e+00
-5.916621e-08 0.000000e+00 0.000000e+00
4.212482e-08 0.000000e+00 0.000000e+00
-3.571177e-08 0.000000e+00 0.000000e+00
1.122673e-08 0.000000e+00 0.000000e+00
-1.703321e-09 0.000000e+00 0.000000e+00
3.446658e-08 0.000000e+00 0.000000e+00
3.399085e-08 0.000000e+00 0.000000e+00
3.647951e-08 0.000000e+00 0.000000e+00
5.526893e-09 0.000000e+00 0.000000e+00
1.241956e-08 0.000000e+00 0.000000e+00
9.684612e-09 0.000000e+00 0.000000e+00
-4.075833e-08 0.000000e+00 0.000000e+00
-4.155317e-09 0.000000e+00 0.000000e+00
-4.598702e-09 0.000000e+00 0.000000e+00
9.325812e-09 0.000000e+00 0.000000e+00
-5.135640e-09 0.000000e+00 0.000000e+00
-4.904856e-09 0.000000e+00 0.000000e+00
-5.790706e-09 0.000000e+00 0.000000e+00
3.436937e-08 0.000000e+00 0.000000e+00
3.528196e-08 0.000000e+00 0.000000e+00
-4.061574e-09 0.000000e+00 0.000000e+00
-1.653169e-08 0.000000e+00 0.000000e+00
3.741685e-08 0.000000e+00 0.000000e+00
2.637975e-08 0.000000e+00 0.000000e+00
4.137794e-09 0.000000e+00 0.000000e+00
-4.912077e-09 0.000000e+00 0.000000e+00
-5.695681e-09 0.000000e+00 0.000000e+00
3.450530e-08 0.000000e+00 0.000000e+00
-8.144795e-09 0.000000e+00 0.000000e+00
-6.244002e-09 0.000000e+00 0.000000e+00
-2.930091e-08 0.000000e+00 0.000000e+00
-4.141640e-10 0.000000e+00 0.000000e+00
-3.270423e-10 0.000000e+00 0.000000e+00
2.068662e-10 0.000000e+00 0.000000e+00
-2.317129e-09 0.000000e+00 0.000000e+00
2.802554e-08 0.000000e+00 0.000000e+00
-4.510397e-09 0.000000e+00 0.000000e+00
-6.842662e-09 0.000000e+00 0.000000e+00
-1.296493e-08 0.000000e+00 0.000000e+00
5.087202e-08 0.000000e+00 0.000000e+00
-3.159813e-08 0.000000e+00 0.000000e+00
-4.304986e-08 0.000000e+00 0.000000e+00
-4.014052e-08 0.000000e+00 0.000000e+00
-4.068267e-08 0.000000e+00 0.000000e+00
-5.043010e-09 0.000000e+00 0.000000e+00
-8.387925e-09 0.000000e+00 0.000000e+00
-1.537222e-08 0.000000e+00 0.000000e+00
-1.381751e-08 0.000000e+00 0.000000e+00
-1.166917e-08 0.000000e+00 0.000000e+00
-1.004506e-08 0.000000e+00 0.000000e+00
-2.842771e-08 0.000000e+00 0.000000e+00
-2.991512e-08 0.000000e+00 0.000000e+00
-2.740242e-08 0.000000e+00 0.000000e+00
-2.758069e-08 0.000000e+00 0.000000e+00
-2.974502e-08 0.000000e+00 0.000000e+00
4.220861e-08 0.000000e+00 0.000000e+00
1.442423e-08 0.000000e+00 0.000000e+00
6.365237e-09 0.000000e+00 0.000000e+00
9.206309e-09 0.000000e+00 0.000000e+00
1.589151e-08 0.000000e+00 0.000000e+00
6.472437e-09 0.000000e+00 0.000000e+00
1.524242e-09 0.000000e+00 0.000000e+00
3.415407e-08 0.000000e+00 0.000000e+00
8.041474e-09 0.000000e+00 0.000000e+00
9.383597e-09 0.000000e+00 0.000000e+00
-2.002595e-08 0.000000e+00 0.000000e+00
-1.831598e-08 0.000000e+00 0.000000e+00
-1.722086e-08 0.000000e+00 0.000000e+00
-2.022850e-08 0.000000e+00 0.000000e+00
-2.078266e-08 0.000000e+00 0.000000e+00
-1.367487e-08 0.000000e+00 0.000000e+00
-1.434329e-08 0.000000e+00 0.000000e+00
-1.482791e-08 0.000000e+00 0.000000e+00
-1.568086e-08 0.000000e+00 0.000000e+00
-1.465960e-08 0.000000e+00 0.000000e+00
-4.085022e-08 0.000000e+00 0.000000e+00
-3.947531e-08 0.000000e+00 0.000000e+00
-4.239352e-08 0.000000e+00 0.000000e+00
5.494410e-09 0.000000e+00 0.000000e+00
-2.020781e-08 0.000000e+00 0.000000e+00
3.730656e-08 0.000000e+00 0.000000e+00
3.817534e-08 0.000000e+00 0.000000e+00
1.490634e-08 0.000000e+00 0.000000e+00
-1.798750e-08 0.000000e+00 0.000000e+00
-4.534833e-08 0.000000e+00 0.000000e+00
-1.072732e-07 0.000000e+00 0.000000e+00
-1.062528e-07 0.000000e+00 0.000000e+00
2.684046e-08 0.000000e+00 0.000000e+00
1.442952e-08 0.000000e+00 0.000000e+00
-5.804398e-09 0.000000e+00 0.000000e+00
4.137423e-08 0.000000e+00 0.000000e+00
5.292181e-08 0.000000e+00 0.000000e+00
1.502141e-08 0.000000e+00 0.000000e+00
1.102042e-08 0.000000e+00 0.000000e+00
-2.661156e-09 0.000000e+00 0.000000e+00
2.372949e-08 0.000000e+00 0.000000e+00
-9.420409e-08 0.000000e+00 0.000000e+00
-4.094507e-08 0.000000e+00 0.000000e+00
2.203680e-08 0.000000e+00 0.000000e+00
4.046562e-08 0.000000e+00 0.000000e+00
-2.374095e-08 0.000000e+00 0.000000e+00
2.654405e-08 0.000000e+00 0.000000e+00
2.208160e-08 0.000000e+00 0.000000e+00
-1.158471e-08 0.000000e+00 0.000000e+00
4.500230e-10 0.000000e+00 0.000000e+00
-4.496429e-08 0.000000e+00 0.000000e+00
2.459077e-08 0.000000e+00 0.000000e+00
-4.015541e-08 0.000000e+00 0.000000e+00
2.652531e-08 0.000000e+00 0.000000e+00
5.298999e-08 0.000000e+00 0.000000e+00
3.398727e-08 0.000000e+00 0.000000e+00
2.128902e-08 0.000000e+00 0.000000e+00
3.869652e-08 0.000000e+00 0.000000e+00
5.750686e-09 0.000000e+00 0.000000e+00
6.212678e-09 0.000000e+00 0.000000e+00
-4.284868e-09 0.000000e+00 0.000000e+00
-3.273102e-08 0.000000e+00 0.000000e+00
-3.169018e-08 0.000000e+00 0.000000e+00
5.309207e-08 0.000000e+00 0.000000e+00
3.386441e-08 0.000000e+00 0.000000e+00
-4.413043e-08 0.000000e+00 0.000000e+00
3.794834e-08 0.000000e+00 0.000000e+00
3.760592e-08 0.000000e+00 0.000000e+00
3.708560e-08 0.000000e+00 0.000000e+00
3.689642e-08 0.000000e+00 0.000000e+00
1.575818e-08 0.000000e+00 0.000000e+00
6.327386e-08 0.000000e+00 0.000000e+00
-3.398795e-08 0.000000e+00 0.000000e+00
4.238460e-08 0.000000e+00 0.000000e+00
2.176104e-09 0.000000e+00 0.000000e+00
4.353357e-08 0.000000e+00 0.000000e+00
5.192140e-08 0.000000e+00 0.000000e+00
-4.892397e-08 0.000000e+00 0.000000e+00
1.340421e-08 0.000000e+00 0.000000e+00
-1.058000e-08 0.000000e+00 0.000000e+00
-9.225332e-08 0.000000e+00 0.000000e+00
2.063918e-08 0.000000e+00 0.000000e+00
-1.451572e-08 0.000000e+00 0.000000e+00
-1.238355e-07 0.000000e+00 0.000000e+00
6.131201e-08 0.000000e+00 0.000000e+00
-2.545920e-08 0.000000e+00 0.000000e+00
1.968949e-08 0.000000e+00 0.000000e+00
-3.014969e-08 0.000000e+00 0.000000e+00
9.988254e-11 0.000000e+00 0.000000e+00
-1.191776e-08 0.000000e+00 0.000000e+00
4.235910e-09 0.000000e+00 0.000000e+00
-4.921999e-08 0.000000e+00 0.000000e+00
2.617393e-08 0.000000e+00 0.000000e+00
-4.006138e-08 0.000000e+00 0.000000e+00
6.031649e-08 0.000000e+00 0.000000e+00
-1.388280e-08 0.000000e+00 0.000000e+00
1.722377e-08 0.000000e+00 0.000000e+00
-1.149784e-08 0.000000e+00 0.000000e+00
-3.184222e-08 0.000000e+00 0.000000e+00
-2.743701e-08 0.000000e+00 0.000000e+00
1.847094e-08 0.000000e+00 0.000000e+00
2.532409e-08 0.000000e+00 0.000000e+00
1.161949e-08 0.000000e+00 0.000000e+00
3.097287e-08 0.000000e+00 0.000000e+00
3.973702e-08 0.000000e+00 0.000000e+00
-3.444914e-08 0.000000e+00 0.000000e+00
5.487365e-08 0.000000e+00 0.000000e+00
6.506529e-09 0.000000e+00 0.000000e+00
3.695108e-08 0.000000e+00 0.000000e+00
1.521510e-08 0.000000e+00 0.000000e+00
8.736927e-09 0.000000e+00 0.000000e+00
3.040336e-08 0.000000e+00 0.000000e+00
-7.102979e-08 0.000000e+00 0.000000e+00
5.548203e-08 0.000000e+00 0.000000e+00
6.285018e-08 0.000000e+00 0.000000e+00
2.914270e-08 0.000000e+00 0.000000e+00
4.188023e-08 0.000000e+00 0.000000e+00
4.307058e-08 0.000000e+00 0.000000e+00
5.773799e-08 0.000000e+00 0.000000e+00
2.750290e-08 0.000000e+00 0.000000e+00
5.788290e-08 0.000000e+00 0.000000e+00
-6.699158e-08 0.000000e+00 0.000000e+00
-3.320435e-08 0.000000e+00 0.000000e+00
4.387177e-09 0.000000e+00 0.000000e+00
-3.918406e-08 0.000000e+00 0.000000e+00
-8.875788e-08 0.000000e+00 0.000000e+00
2.565257e-08 0.000000e+00 0.000000e+00
4.148180e-08 0.000000e+00 0.000000e+00
9.300297e-09 0.000000e+00 0.000000e+00
5.705476e-08 0.000000e+00 0.000000e+00
-3.466337e-08 0.000000e+00 0.000000e+00
-3.479610e-08 0.000000e+00 0.000000e+00
9.300644e-09 0.000000e+00 0.000000e+00
-2.555523e-09 0.000000e+00 0.000000e+00
6.206130e-08 0.000000e+00 0.000000e+00
2.722824e-08 0.000000e+00 0.000000e+00
5.291565e-08 0.000000e+00 0.000000e+00
3.868315e-08 0.000000e+00 0.000000e+00
4.203678e-08 0.000000e+00 0.000000e+00
4.238319e-08 0.000000e+00 0.000000e+00
5.648332e-08 0.000000e+00 0.000000e+00
-9.735919e-09 0.000000e+00 0.000000e+00
-1.557888e-08 0.000000e+00 0.000000e+00
-3.294957e-08 0.000000e+00 0.000000e+00
-3.240059e-08 0.000000e+00 0.000000e+00
-1.784617e-08 0.000000e+00 0.000000e+00
3.344238e-08 0.000000e+00 0.000000e+00
5.457446e-08 0.000000e+00 0.000000e+00
1.012390e-08 0.000000e+00 0.000000e+00
3.002354e-08 0.000000e+00 0.000000e+00
3.153630e-08 0.000000e+00 0.000000e+00
3.043113e-08 0.000000e+00 0.000000e+00
-3.387866e-08 0.000000e+00 0.000000e+00
4.998449e-08 0.000000e+00 0.000000e+00
1.329250e-08 0.000000e+00 0.000000e+00
-6.295373e-09 0.000000e+00 0.000000e+00
-1.201996e-08 0.000000e+00 0.000000e+00
-4.079759e-08 0.000000e+00 0.000000e+00
4.877809e-08 0.000000e+00 0.000000e+00
3.204362e-08 0.000000e+00 0.000000e+00
-8.754561e-08 0.000000e+00 0.000000e+00
-3.247390e-08 0.000000e+00 0.000000e+00
2.808872e-08 0.000000e+00 0.000000e+00
-9.008722e-09 0.000000e+00 0.000000e+00
-1.046947e-07 0.000000e+00 0.000000e+00
5.271738e-08 0.000000e+00 0.000000e+00
2.087957e-09 0.000000e+00 0.000000e+00
5.753928e-08 0.000000e+00 0.000000e+00
-3.433454e-08 0.000000e+00 0.000000e+00
3.147636e-08 0.000000e+00 0.000000e+00
7.505112e-09 0.000000e+00 0.000000e+00
4.402769e-08 0.000000e+00 0.000000e+00
4.497201e-08 0.000000e+00 0.000000e+00
3.468612e-08 0.000000e+00 0.000000e+00
-2.461416e-08 0.000000e+00 0.000000e+00
1.897835e-08 0.000000e+00 0.000000e+00
3.426710e-08 0.000000e+00 0.000000e+00
-3.522575e-08 0.000000e+00 0.000000e+00
-3.528608e-08 0.000000e+00 0.000000e+00
1.109390e-08 0.000000e+00 0.000000e+00
4.545347e-08 0.000000e+00 0.000000e+00
3.546249e-08 0.000000e+00 0.000000e+00
3.818811e-08 0.000000e+00 0.000000e+00
-1.693334e-10 0.000000e+00 0.000000e+00
9.527319e-10 0.000000e+00 0.000000e+00
-5.526284e-08 0.000000e+00 0.000000e+00
5.817971e-08 0.000000e+00 0.000000e+00
5.529033e-08 0.000000e+00 0.000000e+00
-6.516924e-08 0.000000e+00 0.000000e+00
4.455084e-08 0.000000e+00 0.000000e+00
1.694225e-08 0.000000e+00 0.000000e+00
3.356417e-08 0.000000e+00 0.000000e+00
3.514661e-08 0.000000e+00 0.000000e+00
3.670423e-08 0.000000e+00 0.000000e+00
-3.466280e-08 0.000000e+00 0.000000e+00
4.493698e-08 0.000000e+00 0.000000e+00
-3.316053e-08 0.000000e+00 0.000000e+00
-8.215655e-08 0.000000e+00 0.000000e+00
-2.831109e-08 0.000000e+00 0.000000e+00
-2.779451e-08 0.000000e+00 0.000000e+00
-1.307024e-08 0.000000e+00 0.000000e+00
9.463146e-09 0.000000e+00 0.000000e+00
-3.957643e-08 0.000000e+00 0.000000e+00
-4.662611e-09 0.000000e+00 0.000000e+00
5.608016e-10 0.000000e+00 0.000000e+00
-2.620808e-08 0.000000e+00 0.000000e+00
5.952933e-08 0.000000e+00 0.000000e+00
-5.171701e-08 0.000000e+00 0.000000e+00
8.755851e-09 0.000000e+00 0.000000e+00
4.505660e-08 0.000000e+00 0.000000e+00
1.560191e-08 0.000000e+00 0.000000e+00
5.069772e-08 0.000000e+00 0.000000e+00
2.098687e-08 0.000000e+00 0.000000e+00
2.913845e-08 0.000000e+00 0.000000e+00
-3.249241e-08 0.000000e+00 0.000000e+00
1.392845e-08 0.000000e+00 0.000000e+00
-4.072957e-09 0.000000e+00 0.000000e+00
8.541898e-09 0.000000e+00 0.000000e+00
4.682305e-08 0.000000e+00 0.000000e+00
-5.231529e-08 0.000000e+00 0.000000e+00
4.700888e-08 0.000000e+00 0.000000e+00
3.341603e-09 0.000000e+00 0.000000e+00
3.043523e-09 0.000000e+00 0.000000e+00
3.433094e-08 0.000000e+00 0.000000e+00
3.562059e-08 0.000000e+00 0.000000e+00
5.003426e-08 0.000000e+00 0.000000e+00
-2.874499e-08 0.000000e+00 0.000000e+00
-2.863602e-08 0.000000e+00 0.000000e+00
-6.483643e-08 0.000000e+00 0.000000e+00
-5.393102e-08 0.000000e+00 0.000000e+00
-1.268336e-07 0.000000e+00 0.000000e+00
-1.084449e-07 0.000000e+00 0.000000e+00
1.392765e-08 0.000000e+00 0.000000e+00
-1.026970e-07 0.000000e+00 0.000000e+00
4.412116e-08 0.000000e+00 0.000000e+00
2.731665e-08 0.000000e+00 0.000000e+00
6.318111e-08 0.000000e+00 0.000000e+00
-5.747906e-08 0.000000e+00 0.000000e+00
-6.003013e-08 0.000000e+00 0.000000e+00
3.410243e-08 0.000000e+00 0.000000e+00
1.897643e-08 0.000000e+00 0.000000e+00
-2.079811e-08 0.000000e+00 0.000000e+00
3.315196e-08 0.000000e+00 0.000000e+00
4.677177e-08 0.000000e+00 0.000000e+00
4.654972e-08 0.000000e+00 0.000000e+00
4.740787e-08 0.000000e+00 0.000000e+00
4.785089e-08 0.000000e+00 0.000000e+00
4.811286e-08 0.000000e+00 0.000000e+00
4.819696e-08 0.000000e+00 0.000000e+00
4.764953e-08 0.000000e+00 0.000000e+00
4.888090e-08 0.000000e+00 0.000000e+00
-6.507610e-08 0.000000e+00 0.000000e+00
3.530983e-08 0.000000e+00 0.000000e+00
7.126917e-09 0.000000e+00 0.000000e+00
-1.122892e-08 0.000000e+00 0.000000e+00
2.183558e-08 0.000000e+00 0.000000e+00
2.750581e-09 0.000000e+00 0.000000e+00
1.370788e-09 0.000000e+00 0.000000e+00
5.334439e-09 0.000000e+00 0.000000e+00
1.023081e-09 0.000000e+00 0.000000e+00
-3.581540e-09 0.000000e+00 0.000000e+00
-4.515068e-09 0.000000e+00 0.000000e+00
-2.554555e-09 0.000000e+00 0.000000e+00
-2.774129e-09 0.000000e+00 0.000000e+00
-4.231224e-09 0.000000e+00 0.000000e+00
-8.095043e-09 0.000000e+00 0.000000e+00
-1.022786e-08 0.000000e+00 0.000000e+00
-9.144992e-09 0.000000e+00 0.000000e+00
-8.530938e-09 0.000000e+00 0.000000e+00
-1.252093e-08 0.000000e+00 0.000000e+00
-1.656271e-08 0.000000e+00 0.000000e+00
-1.643832e-08 0.000000e+00 0.000000e+00
-1.708671e-08 0.000000e+00 0.000000e+00
-1.530697e-08 0.000000e+00 0.000000e+00
-1.694196e-08 0.000000e+00 0.000000e+00
6.817731e-09 0.000000e+00 0.000000e+00
9.343778e-09 0.000000e+00 0.000000e+00
7.450154e-09 0.000000e+00 0.000000e+00
4.448550e-09 0.000000e+00 0.000000e+00
6.241812e-09 0.000000e+00 0.000000e+00
1.062077e-08 0.000000e+00 0.000000e+00
1.132293e-08 0.000000e+00 0.000000e+00
1.147493e-08 0.000000e+00 0.000000e+00
1.054633e-08 0.000000e+00 0.000000e+00
1.156056e-08 0.000000e+00 0.000000e+00
1.612204e-08 0.000000e+00 0.000000e+00
1.732053e-08 0.000000e+00 0.000000e+00
1.539805e-08 0.000000e+00 0.000000e+00
1.766699e-08 0.000000e+00 0.000000e+00
1.555489e-08 0.000000e+00 0.000000e+00
3.303371e-09 0.000000e+00 0.000000e+00
-8.576779e-09 0.000000e+00 0.000000e+00
-7.589973e-09 0.000000e+00 0.000000e+00
-8.724191e-09 0.000000e+00 0.000000e+00
-7.962729e-09 0.000000e+00 0.000000e+00
-2.113885e-08 0.000000e+00 0.000000e+00
-2.008112e-08 0.000000e+00 0.000000e+00
-2.079050e-08 0.000000e+00 0.000000e+00
-2.027201e-08 0.000000e+00 0.000000e+00
-1.929368e-08 0.000000e+00 0.000000e+00
-2.319309e-08 0.000000e+00 0.000000e+00
-2.129337e-08 0.000000e+00 0.000000e+00
-2.269526e-08 0.000000e+00 0.000000e+00
-2.288333e-08 0.000000e+00 0.000000e+00
-2.111267e-08 0.000000e+00 0.000000e+00
-2.349843e-08 0.000000e+00 0.000000e+00
-2.622857e-08 0.000000e+00 0.000000e+00
-2.371172e-08 0.000000e+00 0.000000e+00
-2.424498e-08 0.000000e+00 0.000000e+00
-2.401448e-08 0.000000e+00 0.000000e+00
-2.688271e-08 0.000000e+00 0.000000e+00
-2.631619e-08 0.000000e+00 0.000000e+00
-2.689540e-08 0.000000e+00 0.000000e+00
-2.748955e-08 0.000000e+00 0.000000e+00
-2.666665e-08 0.000000e+00 0.000000e+00
-2.887362e-08 0.000000e+00 0.000000e+00
-2.768678e-08 0.000000e+00 0.000000e+00
-2.896967e-08 0.000000e+00 0.000000e+00
-2.936407e-08 0.000000e+00 0.000000e+00
-2.939076e-08 0.000000e+00 0.000000e+00
-3.221292e-08 0.000000e+00 0.000000e+00
-3.262431e-08 0.000000e+00 0.000000e+00
-3.201950e-08 0.000000e+00 0.000000e+00
-6.832750e-09 0.000000e+00 0.000000e+00
-1.093998e-08 0.000000e+00 0.000000e+00
-2.225775e-08 0.000000e+00 0.000000e+00
-6.729180e-09 0.000000e+00 0.000000e+00
-5.669863e-08 0.000000e+00 0.000000e+00
-1.316546e-09 0.000000e+00 0.000000e+00
1.985709e-08 0.000000e+00 0.000000e+00
3.254816e-09 0.000000e+00 0.000000e+00
-3.356383e-09 0.000000e+00 0.000000e+00
1.932904e-08 0.000000e+00 0.000000e+00
-4.713586e-09 0.000000e+00 0.000000e+00
-3.168257e-08 0.000000e+00 0.000000e+00
2.488093e-08 0.000000e+00 0.000000e+00
2.473874e-08 0.000000e+00 0.000000e+00
2.489914e-08 0.000000e+00 0.000000e+00
2.516028e-08 0.000000e+00 0.000000e+00
5.326841e-08 0.000000e+00 0.000000e+00
3.876861e-08 0.000000e+00 0.000000e+00
-1.245794e-09 0.000000e+00 0.000000e+00
3.672946e-08 0.000000e+00 0.000000e+00
5.436856e-09 0.000000e+00 0.000000e+00
-5.386854e-09 0.000000e+00 0.000000e+00
-1.267191e-08 0.000000e+00 0.000000e+00
3.794742e-08 0.000000e+00 0.000000e+00
2.382256e-08 0.000000e+00 0.000000e+00
2.458448e-08 0.000000e+00 0.000000e+00
2.433572e-08 0.000000e+00 0.000000e+00
6.491175e-10 0.000000e+00 0.000000e+00
-9.316318e-09 0.000000e+00 0.000000e+00
-7.589992e-09 0.000000e+00 0.000000e+00
-8.874827e-09 0.000000e+00 0.000000e+00
1.051060e-08 0.000000e+00 0.000000e+00
-1.993358e-08 0.000000e+00 0.000000e+00
-3.355177e-08 0.000000e+00 0.000000e+00
-3.382292e-08 0.000000e+00 0.000000e+00
1.076804e-08 0.000000e+00 0.000000e+00
2.814091e-08 0.000000e+00 0.000000e+00
3.389171e-08 0.000000e+00 0.000000e+00
-9.284409e-09 0.000000e+00 0.000000e+00
3.651876e-08 0.000000e+00 0.000000e+00
3.330696e-08 0.000000e+00 0.000000e+00
3.149029e-08 0.000000e+00 0.000000e+00
-3.529209e-08 0.000000e+00 0.000000e+00
-3.378638e-08 0.000000e+00 0.000000e+00
1.306487e-08 0.000000e+00 0.000000e+00
-8.037436e-09 0.000000e+00 0.000000e+00
-8.441201e-09 0.000000e+00 0.000000e+00
-5.020013e-08 0.000000e+00 0.000000e+00
-3.958691e-08 0.000000e+00 0.000000e+00
-3.063895e-08 0.000000e+00 0.000000e+00
3.194989e-09 0.000000e+00 0.000000e+00
-2.429170e-09 0.000000e+00 0.000000e+00
1.710700e-08 0.000000e+00 0.000000e+00
1.600585e-08 0.000000e+00 0.000000e+00
1.488272e-08 0.000000e+00 0.000000e+00
1.712048e-08 0.000000e+00 0.000000e+00
-2.260447e-08 0.000000e+00 0.000000e+00
-1.617255e-08 0.000000e+00 0.000000e+00
-3.917248e-09 0.000000e+00 0.000000e+00
3.634934e-08 0.000000e+00 0.000000e+00
3.599203e-08 0.000000e+00 0.000000e+00
3.695879e-08 0.000000e+00 0.000000e+00
2.740990e-08 0.000000e+00 0.000000e+00
1.608652e-08 0.000000e+00 0.000000e+00
-5.426359e-09 0.000000e+00 0.000000e+00
1.175238e-09 0.000000e+00 0.000000e+00
4.281782e-08 0.000000e+00 0.000000e+00
3.650375e-09 0.000000e+00 0.000000e+00
-2.411267e-08 0.000000e+00 0.000000e+00
4.302959e-09 0.000000e+00 0.000000e+00
1.796178e-08 0.000000e+00 0.000000e+00
1.351503e-08 0.000000e+00 0.000000e+00
-3.401947e-08 0.000000e+00 0.000000e+00
-3.347361e-08 0.000000e+00 0.000000e+00
1.657391e-08 0.000000e+00 0.000000e+00
-1.317279e-08 0.000000e+00 0.000000e+00
-1.455019e-08 0.000000e+00 0.000000e+00
-1.531518e-08 0.000000e+00 0.000000e+00
-1.628167e-08 0.000000e+00 0.000000e+00
1.790526e-08 0.000000e+00 0.000000e+00
1.778553e-08 0.000000e+00 0.000000e+00
-3.520461e-08 0.000000e+00 0.000000e+00
2.820337e-09 0.000000e+00 0.000000e+00
3.114518e-09 0.000000e+00 0.000000e+00
-1.517948e-08 0.000000e+00 0.000000e+00
-1.559201e-08 0.000000e+00 0.000000e+00
-1.437123e-08 0.000000e+00 0.000000e+00
3.044007e-09 0.000000e+00 0.000000e+00
1.503082e-10 0.000000e+00 0.000000e+00
-3.876360e-09 0.000000e+00 0.000000e+00
4.391893e-09 0.000000e+00 0.000000e+00
-1.935939e-08 0.000000e+00 0.000000e+00
1.872459e-08 0.000000e+00 0.000000e+00
1.896642e-08 0.000000e+00 0.000000e+00
1.741403e-08 0.000000e+00 0.000000e+00
1.654807e-08 0.000000e+00 0.000000e+00
1.936525e-08 0.000000e+00 0.000000e+00
6.129125e-09 0.000000e+00 0.000000e+00
-2.552868e-08 0.000000e+00 0.000000e+00
-2.437084e-08 0.000000e+00 0.000000e+00
-2.399052e-08 0.000000e+00 0.000000e+00
-3.539767e-08 0.000000e+00 0.000000e+00
-3.837514e-08 0.000000e+00 0.000000e+00
-3.819537e-08 0.000000e+00 0.000000e+00
-3.741365e-08 0.000000e+00 0.000000e+00
-3.825415e-08 0.000000e+00 0.000000e+00
-3.720725e-08 0.000000e+00 0.000000e+00
-3.955962e-08 0.000000e+00 0.000000e+00
-3.810211e-08 0.000000e+00 0.000000e+00
-3.769136e-08 0.000000e+00 0.000000e+00
-3.965130e-08 0.000000e+00 0.000000e+00
-3.935596e-08 0.000000e+00 0.000000e+00
2.851298e-09 0.000000e+00 0.000000e+00
-2.529929e-08 0.000000e+00 0.000000e+00
-2.728424e-08 0.000000e+00 0.000000e+00
-1.773373e-08 0.000000e+00 0.000000e+00
-6.238587e-08 0.000000e+00 0.000000e+00
4.619252e-08 0.000000e+00 0.000000e+00
1.125119e-09 0.000000e+00 0.000000e+00
4.645681e-08 0.000000e+00 0.000000e+00
4.598527e-08 0.000000e+00 0.000000e+00
7.298793e-09 0.000000e+00 0.000000e+00
-3.201751e-08 0.000000e+00 0.000000e+00
-2.597911e-08 0.000000e+00 0.000000e+00
1.161360e-08 0.000000e+00 0.000000e+00
-2.545888e-08 0.000000e+00 0.000000e+00
-2.574901e-08 0.000000e+00 0.000000e+00
4.131899e-08 0.000000e+00 0.000000e+00
8.573885e-10 0.000000e+00 0.000000e+00
-3.735931e-08 0.000000e+00 0.000000e+00
3.407894e-08 0.000000e+00 0.000000e+00
1.650868e-08 0.000000e+00 0.000000e+00
-5.541634e-09 0.000000e+00 0.000000e+00
-8.590977e-09 0.000000e+00 0.000000e+00
5.646380e-09 0.000000e+00 0.000000e+00
1.152001e-08 0.000000e+00 0.000000e+00
3.055558e-08 0.000000e+00 0.000000e+00
-2.413576e-08 0.000000e+00 0.000000e+00
2.283327e-08 0.000000e+00 0.000000e+00
2.294046e-08 0.000000e+00 0.000000e+00
3.905463e-08 0.000000e+00 0.000000e+00
-3.788752e-08 0.000000e+00 0.000000e+00
2.241731e-08 0.000000e+00 0.000000e+00
-2.062424e-08 0.000000e+00 0.000000e+00
6.586079e-09 0.000000e+00 0.000000e+00
-4.106851e-08 0.000000e+00 0.000000e+00
-4.128347e-08 0.000000e+00 0.000000e+00
-4.366933e-08 0.000000e+00 0.000000e+00
-4.002730e-08 0.000000e+00 0.000000e+00
2.449142e-08 0.000000e+00 0.000000e+00
2.252353e-08 0.000000e+00 0.000000e+00
4.433461e-08 0.000000e+00 0.000000e+00
1.729434e-08 0.000000e+00 0.000000e+00
-1.589618e-08 0.000000e+00 0.000000e+00
2.799737e-08 0.000000e+00 0.000000e+00
-5.772345e-08 0.000000e+00 0.000000e+00
2.409456e-08 0.000000e+00 0.000000e+00
-3.655484e-08 0.000000e+00 0.000000e+00
1.811856e-08 0.000000e+00 0.000000e+00
7.339961e-09 0.000000e+00 0.000000e+00
-1.912210e-08 0.000000e+00 0.000000e+00
6.556169e-08 0.000000e+00 0.000000e+00
4.787846e-09 0.000000e+00 0.000000e+00
-4.971129e-08 0.000000e+00 0.000000e+00
-6.277110e-09 0.000000e+00 0.000000e+00
-4.352586e-12 0.000000e+00 0.000000e+00
-4.227204e-08 0.000000e+00 0.000000e+00
-5.645019e-08 0.000000e+00 0.000000e+00
-1.953024e-08 0.000000e+00 0.000000e+00
4.653311e-08 0.000000e+00 0.000000e+00
2.858940e-09 0.000000e+00 0.000000e+00
-5.206366e-08 0.000000e+00 0.000000e+00
8.844192e-08 0.000000e+00 0.000000e+00
-2.452549e-09 0.000000e+00 0.000000e+00
-8.065163e-09 0.000000e+00 0.000000e+00
-4.617506e-08 0.000000e+00 0.000000e+00
4.052918e-08 0.000000e+00 0.000000e+00
-4.367392e-08 0.000000e+00 0.000000e+00
-4.378077e-08 0.000000e+00 0.000000e+00
-4.360511e-08 0.000000e+00 0.000000e+00
-4.357372e-08 0.000000e+00 0.000000e+00
-4.414466e-08 0.000000e+00 0.000000e+00
1.305283e-07 0.000000e+00 0.000000e+00
-4.161357e-08 0.000000e+00 0.000000e+00
1.383469e-08 0.000000e+00 0.000000e+00
5.859948e-08 0.000000e+00 0.000000e+00
-4.494058e-08 0.000000e+00 0.000000e+00
3.111623e-09 0.000000e+00 0.000000e+00
-5.157598e-08 0.000000e+00 0.000000e+00
-4.841070e-08 0.000000e+00 0.000000e+00
3.403413e-08 0.000000e+00 0.000000e+00
-4.584304e-08 0.000000e+00 0.000000e+00
-4.663530e-08 0.000000e+00 0.000000e+00
-4.771147e-08 0.000000e+00 0.000000e+00
-4.799816e-08 0.000000e+00 0.000000e+00
-4.679502e-08 0.000000e+00 0.000000e+00
-4.687765e-08 0.000000e+00 0.000000e+00
-4.770330e-08 0.000000e+00 0.000000e+00
-4.851027e-08 0.000000e+00 0.000000e+00
-4.781944e-08 0.000000e+00 0.000000e+00
-4.836483e-08 0.000000e+00 0.000000e+00
-4.826013e-08 0.000000e+00 0.000000e+00
9.484297e-08 0.000000e+00 0.000000e+00
-7.000787e-09 0.000000e+00 0.000000e+00
2.546465e-08 0.000000e+00 0.000000e+00
5.229348e-08 0.000000e+00 0.000000e+00
-1.636616e-08 0.000000e+00 0.000000e+00
-1.721192e-08 0.000000e+00 0.000000e+00
-5.141674e-08 0.000000e+00 0.000000e+00
1.882483e-09 0.000000e+00 0.000000e+00
-1.732641e-08 0.000000e+00 0.000000e+00
-1.807239e-08 0.000000e+00 0.000000e+00
4.725112e-08 0.000000e+00 0.000000e+00
-2.255747e-08 0.000000e+00 0.000000e+00
-2.151676e-08 0.000000e+00 0.000000e+00
-2.093137e-08 0.000000e+00 0.000000e+00
-2.197419e-08 0.000000e+00 0.000000e+00
3.358286e-09 0.000000e+00 0.000000e+00
1.300017e-08 0.000000e+00 0.000000e+00
6.237641e-08 0.000000e+00 0.000000e+00
-1.833793e-08 0.000000e+00 0.000000e+00
5.784561e-08 0.000000e+00 0.000000e+00
-2.893967e-08 0.000000e+00 0.000000e+00
7.181260e-09 0.000000e+00 0.000000e+00
6.323851e-09 0.000000e+00 0.000000e+00
-1.832944e-08 0.000000e+00 0.000000e+00
7.089268e-08 0.000000e+00 0.000000e+00
9.423074e-08 0.000000e+00 0.000000e+00
-4.674430e-08 0.000000e+00 0.000000e+00
-3.242587e-08 0.000000e+00 0.000000e+00
-1.026841e-08 0.000000e+00 0.000000e+00
1.169807e-07 0.000000e+00 0.000000e+00
4.605379e-09 0.000000e+00 0.000000e+00
4.909658e-08 0.000000e+00 0.000000e+00
2.671981e-09 0.000000e+00 0.000000e+00
4.426081e-08 0.000000e+00 0.000000e+00
1.220905e-07 0.000000e+00 0.000000e+00
2.318644e-08 0.000000e+00 0.000000e+00
3.892966e-10 0.000000e+00 0.000000e+00
1.130087e-07 0.000000e+00 0.000000e+00
-1.046750e-08 0.000000e+00 0.000000e+00
5.289282e-08 0.000000e+00 0.000000e+00
-3.656221e-09 0.000000e+00 0.000000e+00
6.920492e-08 0.000000e+00 0.000000e+00
5.965799e-08 0.000000e+00 0.000000e+00
6.647769e-08 0.000000e+00 0.000000e+00
-3.197440e-08 0.000000e+00 0.000000e+00
-2.806055e-08 0.000000e+00 0.000000e+00
-6.431311e-09 0.000000e+00 0.000000e+00
-3.356568e-08 0.000000e+00 0.000000e+00
-6.217198e-08 0.000000e+00 0.000000e+00
4.016008e-08 0.000000e+00 0.000000e+00
5.200574e-09 0.000000e+00 0.000000e+00
9.087801e-08 0.000000e+00 0.000000e+00
-4.830422e-08 0.000000e+00 0.000000e+00
-3.872636e-08 0.000000e+00 0.000000e+00
-9.604256e-09 0.000000e+00 0.000000e+00
8.879187e-09 0.000000e+00 0.000000e+00
-3.564890e-08 0.000000e+00 0.000000e+00
-1.229957e-08 0.000000e+00 0.000000e+00
-1.234974e-08 0.000000e+00 0.000000e+00
-1.221649e-08 0.000000e+00 0.000000e+00
-1.367799e-08 0.000000e+00 0.000000e+00
5.166391e-09 0.000000e+00 0.000000e+00
-5.655722e-08 0.000000e+00 0.000000e+00
-5.179917e-08 0.000000e+00 0.000000e+00
-2.440232e-08 0.000000e+00 0.000000e+00
3.139061e-09 0.000000e+00 0.000000e+00
2.595392e-08 0.000000e+00 0.000000e+00
-4.982498e-08 0.000000e+00 0.000000e+00
5.630872e-08 0.000000e+00 0.000000e+00
4.599793e-08 0.000000e+00 0.000000e+00
2.420810e-10 0.000000e+00 0.000000e+00
7.455926e-09 0.000000e+00 0.000000e+00
1.968986e-08 0.000000e+00 0.000000e+00
-6.235445e-08 0.000000e+00 0.000000e+00
-2.705321e-08 0.000000e+00 0.000000e+00
-4.768008e-09 0.000000e+00 0.000000e+00
4.355109e-08 0.000000e+00 0.000000e+00
1.889066e-08 0.000000e+00 0.000000e+00
-1.898720e-08 0.000000e+00 0.000000e+00
2.626909e-09 0.000000e+00 0.000000e+00
-1.320874e-08 0.000000e+00 0.000000e+00
-6.103178e-08 0.000000e+00 0.000000e+00
1.167557e-08 0.000000e+00 0.000000e+00
-1.313337e-08 0.000000e+00 0.000000e+00
7.301205e-08 0.000000e+00 0.000000e+00
-2.611282e-08 0.000000e+00 0.000000e+00
8.606389e-08 0.000000e+00 0.000000e+00
-3.018361e-08 0.000000e+00 0.000000e+00
-2.871153e-08 0.000000e+00 0.000000e+00
-3.035844e-08 0.000000e+00 0.000000e+00
3.443200e-08 0.000000e+00 0.000000e+00
4.976733e-08 0.000000e+00 0.000000e+00
-4.507925e-09 0.000000e+00 0.000000e+00
1.875467e-08 0.000000e+00 0.000000e+00
7.481979e-08 0.000000e+00 0.000000e+00
7.522982e-08 0.000000e+00 0.000000e+00
8.106023e-08 0.000000e+00 0.000000e+00
1.029892e-08 0.000000e+00 0.000000e+00
-5.167521e-08 0.000000e+00 0.000000e+00
-5.803456e-08 0.000000e+00 0.000000e+00
-2.451734e-09 0.000000e+00 0.000000e+00
5.195395e-10 0.000000e+00 0.000000e+00
7.767018e-08 0.000000e+00 0.000000e+00
-4.004319e-08 0.000000e+00 0.000000e+00
-2.885993e-08 0.000000e+00 0.000000e+00
-1.615190e-08 0.000000e+00 0.000000e+00
8.534872e-08 0.000000e+00 0.000000e+00
-2.858635e-08 0.000000e+00 0.000000e+00
5.145479e-08 0.000000e+00 0.000000e+00
-2.258168e-08 0.000000e+00 0.000000e+00
-2.768195e-08 0.000000e+00 0.000000e+00
3.538924e-09 0.000000e+00 0.000000e+00
-5.345821e-08 0.000000e+00 0.000000e+00
2.754691e-08 0.000000e+00 0.000000e+00
-6.099676e-08 0.000000e+00 0.000000e+00
5.408677e-09 0.000000e+00 0.000000e+00
4.272536e-08 0.000000e+00 0.000000e+00
-3.915126e-08 0.000000e+00 0.000000e+00
-2.203582e-08 0.000000e+00 0.000000e+00
-2.561495e-08 0.000000e+00 0.000000e+00
3.915090e-08 0.000000e+00 0.000000e+00
-6.055294e-08 0.000000e+00 0.000000e+00
-3.318802e-08 0.000000e+00 0.000000e+00
-4.605610e-08 0.000000e+00 0.000000e+00
-4.014490e-08 0.000000e+00 0.000000e+00
-5.133759e-08 0.000000e+00 0.000000e+00
-1.809147e-08 0.000000e+00 0.000000e+00
-2.950955e-08 0.000000e+00 0.000000e+00
5.756446e-08 0.000000e+00 0.000000e+00
-2.958568e-08 0.000000e+00 0.000000e+00
-2.227670e-08 0.000000e+00 0.000000e+00
-4.376400e-08 0.000000e+00 0.000000e+00
5.078690e-09 0.000000e+00 0.000000e+00
8.854421e-08 0.000000e+00 0.000000e+00
9.679075e-08 0.000000e+00 0.000000e+00
6.514115e-08 0.000000e+00 0.000000e+00
-5.097340e-08 0.000000e+00 0.000000e+00
6.700787e-08 0.000000e+00 0.000000e+00
3.185160e-08 0.000000e+00 0.000000e+00
-2.346106e-08 0.000000e+00 0.000000e+00
-5.993539e-08 0.000000e+00 0.000000e+00
-3.395294e-08 0.000000e+00 0.000000e+00
1.054519e-08 0.000000e+00 0.000000e+00
1.092898e-07 0.000000e+00 0.000000e+00
-2.116010e-08 0.000000e+00 0.000000e+00
6.445816e-08 0.000000e+00 0.000000e+00
3.044360e-10 0.000000e+00 0.000000e+00
4.074761e-08 0.000000e+00 0.000000e+00
4.291741e-09 0.000000e+00 0.000000e+00
