pX pY pZ 
1.847314e-14 0.000000e+00 0.000000e+00
1.133922e-13 0.000000e+00 0.000000e+00
8.844101e-14 0.000000e+00 0.000000e+00
-4.296105e-14 0.000000e+00 0.000000e+00
1.320884e-13 0.000000e+00 0.000000e+00
-3.028847e-13 0.000000e+00 0.000000e+00
-3.050205e-14 0.000000e+00 0.000000e+00
-2.316638e-13 0.000000e+00 0.000000e+00
-6.191458e-14 0.000000e+00 0.000000e+00
-2.590556e-13 0.000000e+00 0.000000e+00
-1.726430e-13 0.000000e+00 0.000000e+00
6.086254e-14 0.000000e+00 0.000000e+00
1.485639e-13 0.000000e+00 0.000000e+00
3.071087e-13 0.000000e+00 0.000000e+00
-3.874742e-13 0.000000e+00 0.000000e+00
1.284536e-13 0.000000e+00 0.000000e+00
3.488489e-13 0.000000e+00 0.000000e+00
8.227817e-14 0.000000e+00 0.000000e+00
2.895164e-13 0.000000e+00 0.000000e+00
1.243976e-13 0.000000e+00 0.000000e+00
-1.853800e-13 0.000000e+00 0.000000e+00
7.647510e-14 0.000000e+00 0.000000e+00
5.867052e-14 0.000000e+00 0.000000e+00
2.968809e-13 0.000000e+00 0.000000e+00
1.586770e-13 0.000000e+00 0.000000e+00
4.618576e-14 0.000000e+00 0.000000e+00
-8.732759e-14 0.000000e+00 0.000000e+00
-3.546964e-13 0.000000e+00 0.000000e+00
-1.114006e-13 0.000000e+00 0.000000e+00
-4.743955e-14 0.000000e+00 0.000000e+00
1.619543e-13 0.000000e+00 0.000000e+00
8.687903e-14 0.000000e+00 0.000000e+00
-8.342606e-14 0.000000e+00 0.000000e+00
4.402570e-14 0.000000e+00 0.000000e+00
-2.189328e-13 0.000000e+00 0.000000e+00
-1.526116e-14 0.000000e+00 0.000000e+00
2.475958e-13 0.000000e+00 0.000000e+00
1.404882e-13 0.000000e+00 0.000000e+00
-3.250456e-14 0.000000e+00 0.000000e+00
-1.982800e-13 0.000000e+00 0.000000e+00
2.985456e-13 0.000000e+00 0.000000e+00
-2.131459e-13 0.000000e+00 0.000000e+00
-5.248437e-14 0.000000e+00 0.000000e+00
-5.557679e-14 0.000000e+00 0.000000e+00
3.815538e-13 0.000000e+00 0.000000e+00
-1.550109e-14 0.000000e+00 0.000000e+00
1.941097e-14 0.000000e+00 0.000000e+00
2.430055e-13 0.000000e+00 0.000000e+00
8.395945e-14 0.000000e+00 0.000000e+00
-8.616120e-14 0.000000e+00 0.000000e+00
6.722151e-14 0.000000e+00 0.000000e+00
1.419492e-13 0.000000e+00 0.000000e+00
-8.563764e-14 0.000000e+00 0.000000e+00
-1.233390e-13 0.000000e+00 0.000000e+00
-1.752023e-13 0.000000e+00 0.000000e+00
5.526564e-14 0.000000e+00 0.000000e+00
1.258690e-13 0.000000e+00 0.000000e+00
-2.265879e-13 0.000000e+00 0.000000e+00
1.832860e-13 0.000000e+00 0.000000e+00
1.441336e-13 0.000000e+00 0.000000e+00
-3.743934e-13 0.000000e+00 0.000000e+00
-2.676373e-13 0.000000e+00 0.000000e+00
2.963897e-13 0.000000e+00 0.000000e+00
-2.343348e-13 0.000000e+00 0.000000e+00
8.168085e-14 0.000000e+00 0.000000e+00
9.073246e-14 0.000000e+00 0.000000e+00
-1.284127e-13 0.000000e+00 0.000000e+00
-3.726216e-14 0.000000e+00 0.000000e+00
-4.485114e-13 0.000000e+00 0.000000e+00
-1.389865e-13 0.000000e+00 0.000000e+00
-1.373139e-13 0.000000e+00 0.000000e+00
2.927863e-14 0.000000e+00 0.000000e+00
1.312787e-13 0.000000e+00 0.000000e+00
-1.999635e-13 0.000000e+00 0.000000e+00
2.735132e-13 0.000000e+00 0.000000e+00
-1.931166e-13 0.000000e+00 0.000000e+00
1.934341e-13 0.000000e+00 0.000000e+00
1.314033e-13 0.000000e+00 0.000000e+00
-3.921237e-14 0.000000e+00 0.000000e+00
-1.316670e-13 0.000000e+00 0.000000e+00
2.138165e-13 0.000000e+00 0.000000e+00
-2.345187e-14 0.000000e+00 0.000000e+00
-1.780070e-13 0.000000e+00 0.000000e+00
4.029197e-14 0.000000e+00 0.000000e+00
7.043218e-14 0.000000e+00 0.000000e+00
1.053530e-13 0.000000e+00 0.000000e+00
1.446348e-13 0.000000e+00 0.000000e+00
2.073488e-13 0.000000e+00 0.000000e+00
-1.671638e-13 0.000000e+00 0.000000e+00
-2.661274e-14 0.000000e+00 0.000000e+00
1.166232e-13 0.000000e+00 0.000000e+00
-2.664901e-13 0.000000e+00 0.000000e+00
3.559043e-14 0.000000e+00 0.000000e+00
-1.812667e-13 0.000000e+00 0.000000e+00
1.360809e-13 0.000000e+00 0.000000e+00
2.150916e-13 0.000000e+00 0.000000e+00
-4.794796e-16 0.000000e+00 0.000000e+00
-8.676794e-14 0.000000e+00 0.000000e+00
2.253628e-13 0.000000e+00 0.000000e+00
-2.656732e-13 0.000000e+00 0.000000e+00
1.827735e-13 0.000000e+00 0.000000e+00
1.956200e-13 0.000000e+00 0.000000e+00
1.743077e-14 0.000000e+00 0.000000e+00
-2.103893e-13 0.000000e+00 0.000000e+00
6.658046e-14 0.000000e+00 0.000000e+00
1.722943e-13 0.000000e+00 0.000000e+00
-3.662019e-13 0.000000e+00 0.000000e+00
-2.178573e-13 0.000000e+00 0.000000e+00
1.479830e-13 0.000000e+00 0.000000e+00
-7.518894e-14 0.000000e+00 0.000000e+00
5.329932e-15 0.000000e+00 0.000000e+00
-1.012015e-13 0.000000e+00 0.000000e+00
-1.862218e-13 0.000000e+00 0.000000e+00
-3.548933e-14 0.000000e+00 0.000000e+00
1.639597e-13 0.000000e+00 0.000000e+00
1.445511e-13 0.000000e+00 0.000000e+00
-5.213174e-14 0.000000e+00 0.000000e+00
-2.359229e-13 0.000000e+00 0.000000e+00
-1.673580e-13 0.000000e+00 0.000000e+00
2.324243e-13 0.000000e+00 0.000000e+00
-7.398223e-15 0.000000e+00 0.000000e+00
-6.903298e-15 0.000000e+00 0.000000e+00
-4.872989e-15 0.000000e+00 0.000000e+00
-1.647028e-14 0.000000e+00 0.000000e+00
-5.370346e-15 0.000000e+00 0.000000e+00
-2.394829e-14 0.000000e+00 0.000000e+00
-7.880786e-14 0.000000e+00 0.000000e+00
2.558852e-13 0.000000e+00 0.000000e+00
1.389574e-14 0.000000e+00 0.000000e+00
1.166184e-13 0.000000e+00 0.000000e+00
-1.528761e-13 0.000000e+00 0.000000e+00
5.569878e-14 0.000000e+00 0.000000e+00
1.410152e-13 0.000000e+00 0.000000e+00
-3.435803e-15 0.000000e+00 0.000000e+00
1.635151e-13 0.000000e+00 0.000000e+00
3.180422e-13 0.000000e+00 0.000000e+00
-2.457728e-15 0.000000e+00 0.000000e+00
-1.840740e-13 0.000000e+00 0.000000e+00
1.034246e-13 0.000000e+00 0.000000e+00
1.180480e-13 0.000000e+00 0.000000e+00
-4.654800e-14 0.000000e+00 0.000000e+00
1.217501e-13 0.000000e+00 0.000000e+00
-2.427322e-15 0.000000e+00 0.000000e+00
8.628151e-14 0.000000e+00 0.000000e+00
4.130035e-14 0.000000e+00 0.000000e+00
6.127231e-14 0.000000e+00 0.000000e+00
6.343131e-14 0.000000e+00 0.000000e+00
-1.115663e-13 0.000000e+00 0.000000e+00
2.749894e-14 0.000000e+00 0.000000e+00
1.040066e-13 0.000000e+00 0.000000e+00
1.593073e-13 0.000000e+00 0.000000e+00
2.750219e-13 0.000000e+00 0.000000e+00
1.990151e-14 0.000000e+00 0.000000e+00
9.726416e-15 0.000000e+00 0.000000e+00
-8.838724e-14 0.000000e+00 0.000000e+00
-9.231697e-14 0.000000e+00 0.000000e+00
1.104496e-13 0.000000e+00 0.000000e+00
-2.633695e-13 0.000000e+00 0.000000e+00
-5.494107e-15 0.000000e+00 0.000000e+00
5.162677e-14 0.000000e+00 0.000000e+00
1.669921e-13 0.000000e+00 0.000000e+00
3.643863e-13 0.000000e+00 0.000000e+00
1.863580e-13 0.000000e+00 0.000000e+00
5.035188e-14 0.000000e+00 0.000000e+00
-8.573692e-15 0.000000e+00 0.000000e+00
6.360935e-14 0.000000e+00 0.000000e+00
2.968200e-14 0.000000e+00 0.000000e+00
3.539919e-14 0.000000e+00 0.000000e+00
-4.201873e-15 0.000000e+00 0.000000e+00
1.822977e-13 0.000000e+00 0.000000e+00
-2.477146e-13 0.000000e+00 0.000000e+00
-4.788551e-16 0.000000e+00 0.000000e+00
8.319636e-14 0.000000e+00 0.000000e+00
-1.815608e-13 0.000000e+00 0.000000e+00
1.251408e-13 0.000000e+00 0.000000e+00
1.796005e-13 0.000000e+00 0.000000e+00
1.490875e-13 0.000000e+00 0.000000e+00
-1.214341e-13 0.000000e+00 0.000000e+00
3.975885e-14 0.000000e+00 0.000000e+00
1.319024e-13 0.000000e+00 0.000000e+00
-2.885056e-14 0.000000e+00 0.000000e+00
-2.824079e-13 0.000000e+00 0.000000e+00
3.629113e-14 0.000000e+00 0.000000e+00
7.235371e-14 0.000000e+00 0.000000e+00
-1.764234e-14 0.000000e+00 0.000000e+00
-4.217983e-13 0.000000e+00 0.000000e+00
1.160243e-13 0.000000e+00 0.000000e+00
-5.824443e-14 0.000000e+00 0.000000e+00
-1.601363e-13 0.000000e+00 0.000000e+00
-1.549706e-14 0.000000e+00 0.000000e+00
-3.047092e-13 0.000000e+00 0.000000e+00
-1.446816e-13 0.000000e+00 0.000000e+00
-2.466739e-14 0.000000e+00 0.000000e+00
9.043781e-14 0.000000e+00 0.000000e+00
-1.822686e-13 0.000000e+00 0.000000e+00
-4.175366e-14 0.000000e+00 0.000000e+00
-1.118974e-13 0.000000e+00 0.000000e+00
-2.204610e-13 0.000000e+00 0.000000e+00
5.462774e-14 0.000000e+00 0.000000e+00
8.491249e-14 0.000000e+00 0.000000e+00
2.049386e-13 0.000000e+00 0.000000e+00
-1.303642e-13 0.000000e+00 0.000000e+00
-1.841073e-14 0.000000e+00 0.000000e+00
4.211007e-14 0.000000e+00 0.000000e+00
2.976748e-14 0.000000e+00 0.000000e+00
-6.536201e-15 0.000000e+00 0.000000e+00
-9.770745e-14 0.000000e+00 0.000000e+00
1.261018e-13 0.000000e+00 0.000000e+00
2.765817e-13 0.000000e+00 0.000000e+00
-1.353976e-13 0.000000e+00 0.000000e+00
-4.852865e-14 0.000000e+00 0.000000e+00
-1.859853e-13 0.000000e+00 0.000000e+00
-1.344668e-13 0.000000e+00 0.000000e+00
9.253032e-14 0.000000e+00 0.000000e+00
-7.471450e-15 0.000000e+00 0.000000e+00
-1.329516e-13 0.000000e+00 0.000000e+00
3.605040e-13 0.000000e+00 0.000000e+00
1.924008e-14 0.000000e+00 0.000000e+00
2.512548e-14 0.000000e+00 0.000000e+00
5.899979e-14 0.000000e+00 0.000000e+00
1.548204e-13 0.000000e+00 0.000000e+00
2.809258e-13 0.000000e+00 0.000000e+00
2.223141e-13 0.000000e+00 0.000000e+00
1.705814e-13 0.000000e+00 0.000000e+00
-1.667972e-13 0.000000e+00 0.000000e+00
-9.590939e-15 0.000000e+00 0.000000e+00
-5.308856e-14 0.000000e+00 0.000000e+00
1.127567e-13 0.000000e+00 0.000000e+00
-1.169278e-13 0.000000e+00 0.000000e+00
-2.057375e-13 0.000000e+00 0.000000e+00
-1.833301e-13 0.000000e+00 0.000000e+00
1.042999e-13 0.000000e+00 0.000000e+00
2.244222e-13 0.000000e+00 0.000000e+00
3.609045e-14 0.000000e+00 0.000000e+00
3.699295e-14 0.000000e+00 0.000000e+00
7.047396e-14 0.000000e+00 0.000000e+00
-6.290375e-14 0.000000e+00 0.000000e+00
1.050623e-13 0.000000e+00 0.000000e+00
2.383393e-13 0.000000e+00 0.000000e+00
-9.551459e-14 0.000000e+00 0.000000e+00
-3.218029e-14 0.000000e+00 0.000000e+00
7.267946e-15 0.000000e+00 0.000000e+00
8.561538e-15 0.000000e+00 0.000000e+00
6.013469e-14 0.000000e+00 0.000000e+00
1.005296e-13 0.000000e+00 0.000000e+00
-2.395904e-14 0.000000e+00 0.000000e+00
-1.951082e-16 0.000000e+00 0.000000e+00
-9.785657e-14 0.000000e+00 0.000000e+00
7.550195e-14 0.000000e+00 0.000000e+00
-7.924650e-14 0.000000e+00 0.000000e+00
4.117132e-13 0.000000e+00 0.000000e+00
3.752987e-13 0.000000e+00 0.000000e+00
-1.945569e-13 0.000000e+00 0.000000e+00
-3.673800e-13 0.000000e+00 0.000000e+00
-1.999315e-13 0.000000e+00 0.000000e+00
-7.168316e-14 0.000000e+00 0.000000e+00
-1.389776e-13 0.000000e+00 0.000000e+00
2.320817e-13 0.000000e+00 0.000000e+00
-2.504850e-13 0.000000e+00 0.000000e+00
1.044848e-13 0.000000e+00 0.000000e+00
7.370827e-14 0.000000e+00 0.000000e+00
-1.940692e-13 0.000000e+00 0.000000e+00
2.006788e-13 0.000000e+00 0.000000e+00
2.491353e-13 0.000000e+00 0.000000e+00
-4.351200e-13 0.000000e+00 0.000000e+00
8.260482e-14 0.000000e+00 0.000000e+00
-8.989780e-14 0.000000e+00 0.000000e+00
2.628488e-14 0.000000e+00 0.000000e+00
1.687300e-13 0.000000e+00 0.000000e+00
8.065094e-14 0.000000e+00 0.000000e+00
-2.660271e-14 0.000000e+00 0.000000e+00
-6.119196e-15 0.000000e+00 0.000000e+00
-3.301825e-14 0.000000e+00 0.000000e+00
-1.944110e-13 0.000000e+00 0.000000e+00
2.190133e-13 0.000000e+00 0.000000e+00
-1.083216e-13 0.000000e+00 0.000000e+00
-2.485950e-13 0.000000e+00 0.000000e+00
-5.574733e-14 0.000000e+00 0.000000e+00
2.802347e-14 0.000000e+00 0.000000e+00
-1.893745e-13 0.000000e+00 0.000000e+00
9.495959e-14 0.000000e+00 0.000000e+00
-1.465434e-13 0.000000e+00 0.000000e+00
-1.609452e-13 0.000000e+00 0.000000e+00
-1.762107e-13 0.000000e+00 0.000000e+00
2.282856e-13 0.000000e+00 0.000000e+00
2.707135e-13 0.000000e+00 0.000000e+00
1.781270e-13 0.000000e+00 0.000000e+00
1.513005e-13 0.000000e+00 0.000000e+00
4.799784e-14 0.000000e+00 0.000000e+00
1.286041e-13 0.000000e+00 0.000000e+00
2.369444e-13 0.000000e+00 0.000000e+00
-3.096844e-14 0.000000e+00 0.000000e+00
3.524500e-13 0.000000e+00 0.000000e+00
-1.946123e-13 0.000000e+00 0.000000e+00
1.099806e-13 0.000000e+00 0.000000e+00
2.200344e-13 0.000000e+00 0.000000e+00
-8.739573e-14 0.000000e+00 0.000000e+00
-3.261084e-13 0.000000e+00 0.000000e+00
1.634917e-13 0.000000e+00 0.000000e+00
-2.863381e-13 0.000000e+00 0.000000e+00
1.344875e-13 0.000000e+00 0.000000e+00
9.441077e-14 0.000000e+00 0.000000e+00
5.943996e-16 0.000000e+00 0.000000e+00
7.867958e-15 0.000000e+00 0.000000e+00
-2.323437e-13 0.000000e+00 0.000000e+00
-1.625684e-13 0.000000e+00 0.000000e+00
-2.106488e-13 0.000000e+00 0.000000e+00
-9.352662e-14 0.000000e+00 0.000000e+00
2.655785e-13 0.000000e+00 0.000000e+00
-1.897911e-13 0.000000e+00 0.000000e+00
-3.555803e-14 0.000000e+00 0.000000e+00
1.771110e-13 0.000000e+00 0.000000e+00
-2.883221e-13 0.000000e+00 0.000000e+00
8.096977e-14 0.000000e+00 0.000000e+00
-1.669864e-13 0.000000e+00 0.000000e+00
2.436269e-13 0.000000e+00 0.000000e+00
2.947041e-13 0.000000e+00 0.000000e+00
5.849704e-14 0.000000e+00 0.000000e+00
2.121563e-13 0.000000e+00 0.000000e+00
4.294255e-14 0.000000e+00 0.000000e+00
-3.442171e-13 0.000000e+00 0.000000e+00
6.050775e-14 0.000000e+00 0.000000e+00
6.670606e-14 0.000000e+00 0.000000e+00
-3.958567e-13 0.000000e+00 0.000000e+00
-1.614589e-13 0.000000e+00 0.000000e+00
1.540590e-14 0.000000e+00 0.000000e+00
9.800446e-14 0.000000e+00 0.000000e+00
3.022911e-13 0.000000e+00 0.000000e+00
4.866992e-14 0.000000e+00 0.000000e+00
4.503892e-14 0.000000e+00 0.000000e+00
-3.514944e-14 0.000000e+00 0.000000e+00
1.512047e-13 0.000000e+00 0.000000e+00
-8.583505e-14 0.000000e+00 0.000000e+00
-3.508641e-13 0.000000e+00 0.000000e+00
2.233257e-13 0.000000e+00 0.000000e+00
3.748217e-14 0.000000e+00 0.000000e+00
-2.112430e-13 0.000000e+00 0.000000e+00
9.944776e-14 0.000000e+00 0.000000e+00
-1.313984e-13 0.000000e+00 0.000000e+00
-6.972115e-14 0.000000e+00 0.000000e+00
-1.478599e-13 0.000000e+00 0.000000e+00
9.088821e-14 0.000000e+00 0.000000e+00
3.763123e-14 0.000000e+00 0.000000e+00
-6.055007e-14 0.000000e+00 0.000000e+00
-3.150514e-14 0.000000e+00 0.000000e+00
6.691680e-16 0.000000e+00 0.000000e+00
3.371071e-14 0.000000e+00 0.000000e+00
-1.864762e-14 0.000000e+00 0.000000e+00
-2.333672e-14 0.000000e+00 0.000000e+00
2.002925e-13 0.000000e+00 0.000000e+00
4.489151e-14 0.000000e+00 0.000000e+00
-9.032330e-14 0.000000e+00 0.000000e+00
-3.703986e-14 0.000000e+00 0.000000e+00
-1.162265e-13 0.000000e+00 0.000000e+00
1.309621e-13 0.000000e+00 0.000000e+00
-2.553041e-13 0.000000e+00 0.000000e+00
-6.257329e-16 0.000000e+00 0.000000e+00
-1.707920e-13 0.000000e+00 0.000000e+00
-6.304194e-14 0.000000e+00 0.000000e+00
-2.334138e-13 0.000000e+00 0.000000e+00
2.580442e-14 0.000000e+00 0.000000e+00
-2.645041e-13 0.000000e+00 0.000000e+00
-2.655054e-13 0.000000e+00 0.000000e+00
1.068609e-14 0.000000e+00 0.000000e+00
5.881711e-14 0.000000e+00 0.000000e+00
-7.314387e-14 0.000000e+00 0.000000e+00
1.472357e-14 0.000000e+00 0.000000e+00
7.707760e-14 0.000000e+00 0.000000e+00
-3.447901e-14 0.000000e+00 0.000000e+00
-4.124335e-14 0.000000e+00 0.000000e+00
-5.095561e-14 0.000000e+00 0.000000e+00
-2.965425e-13 0.000000e+00 0.000000e+00
-1.183295e-13 0.000000e+00 0.000000e+00
-7.866177e-14 0.000000e+00 0.000000e+00
4.867566e-14 0.000000e+00 0.000000e+00
-2.665143e-13 0.000000e+00 0.000000e+00
1.018109e-13 0.000000e+00 0.000000e+00
5.414130e-14 0.000000e+00 0.000000e+00
2.073850e-13 0.000000e+00 0.000000e+00
1.066839e-13 0.000000e+00 0.000000e+00
-1.778782e-13 0.000000e+00 0.000000e+00
7.191741e-14 0.000000e+00 0.000000e+00
2.159540e-13 0.000000e+00 0.000000e+00
1.891991e-13 0.000000e+00 0.000000e+00
-6.260322e-14 0.000000e+00 0.000000e+00
3.917221e-14 0.000000e+00 0.000000e+00
-2.737154e-15 0.000000e+00 0.000000e+00
2.064707e-13 0.000000e+00 0.000000e+00
-2.288800e-13 0.000000e+00 0.000000e+00
1.156628e-13 0.000000e+00 0.000000e+00
2.290020e-13 0.000000e+00 0.000000e+00
-1.779673e-13 0.000000e+00 0.000000e+00
5.697668e-14 0.000000e+00 0.000000e+00
2.233062e-13 0.000000e+00 0.000000e+00
9.799158e-14 0.000000e+00 0.000000e+00
-1.374134e-13 0.000000e+00 0.000000e+00
-1.217767e-14 0.000000e+00 0.000000e+00
-2.440054e-13 0.000000e+00 0.000000e+00
-3.889752e-14 0.000000e+00 0.000000e+00
2.207435e-14 0.000000e+00 0.000000e+00
4.296779e-14 0.000000e+00 0.000000e+00
-2.614772e-13 0.000000e+00 0.000000e+00
-3.461005e-14 0.000000e+00 0.000000e+00
-8.865376e-14 0.000000e+00 0.000000e+00
-3.097280e-13 0.000000e+00 0.000000e+00
-1.414011e-13 0.000000e+00 0.000000e+00
-7.510269e-14 0.000000e+00 0.000000e+00
-1.793855e-13 0.000000e+00 0.000000e+00
-2.215001e-14 0.000000e+00 0.000000e+00
-2.736945e-13 0.000000e+00 0.000000e+00
-3.700636e-15 0.000000e+00 0.000000e+00
-1.209482e-13 0.000000e+00 0.000000e+00
4.905382e-14 0.000000e+00 0.000000e+00
2.474680e-13 0.000000e+00 0.000000e+00
5.033030e-14 0.000000e+00 0.000000e+00
-5.795942e-14 0.000000e+00 0.000000e+00
3.903958e-13 0.000000e+00 0.000000e+00
-4.986267e-15 0.000000e+00 0.000000e+00
-2.409390e-14 0.000000e+00 0.000000e+00
3.162679e-14 0.000000e+00 0.000000e+00
-7.977866e-14 0.000000e+00 0.000000e+00
2.078250e-14 0.000000e+00 0.000000e+00
-1.759365e-13 0.000000e+00 0.000000e+00
6.835361e-14 0.000000e+00 0.000000e+00
6.827947e-14 0.000000e+00 0.000000e+00
-1.148111e-13 0.000000e+00 0.000000e+00
-1.161605e-13 0.000000e+00 0.000000e+00
1.579595e-13 0.000000e+00 0.000000e+00
-9.139440e-14 0.000000e+00 0.000000e+00
-5.568837e-13 0.000000e+00 0.000000e+00
-2.830541e-13 0.000000e+00 0.000000e+00
-1.099317e-13 0.000000e+00 0.000000e+00
1.267840e-13 0.000000e+00 0.000000e+00
6.554743e-14 0.000000e+00 0.000000e+00
-1.140791e-13 0.000000e+00 0.000000e+00
8.409497e-15 0.000000e+00 0.000000e+00
2.684019e-13 0.000000e+00 0.000000e+00
-1.581661e-13 0.000000e+00 0.000000e+00
3.143595e-14 0.000000e+00 0.000000e+00
1.061024e-13 0.000000e+00 0.000000e+00
-1.336064e-13 0.000000e+00 0.000000e+00
8.992242e-14 0.000000e+00 0.000000e+00
6.388415e-14 0.000000e+00 0.000000e+00
-1.257162e-13 0.000000e+00 0.000000e+00
1.182901e-14 0.000000e+00 0.000000e+00
1.521699e-13 0.000000e+00 0.000000e+00
7.589136e-14 0.000000e+00 0.000000e+00
3.083976e-13 0.000000e+00 0.000000e+00
1.241927e-13 0.000000e+00 0.000000e+00
-8.118013e-14 0.000000e+00 0.000000e+00
3.604285e-13 0.000000e+00 0.000000e+00
-1.169517e-13 0.000000e+00 0.000000e+00
1.911489e-13 0.000000e+00 0.000000e+00
-2.888062e-14 0.000000e+00 0.000000e+00
1.484686e-13 0.000000e+00 0.000000e+00
-1.797720e-13 0.000000e+00 0.000000e+00
-1.257524e-13 0.000000e+00 0.000000e+00
6.007464e-15 0.000000e+00 0.000000e+00
-1.827904e-14 0.000000e+00 0.000000e+00
-1.342905e-13 0.000000e+00 0.000000e+00
-9.745986e-14 0.000000e+00 0.000000e+00
-8.908319e-15 0.000000e+00 0.000000e+00
-2.347499e-13 0.000000e+00 0.000000e+00
3.646145e-13 0.000000e+00 0.000000e+00
2.607254e-13 0.000000e+00 0.000000e+00
-4.626531e-13 0.000000e+00 0.000000e+00
-1.021642e-13 0.000000e+00 0.000000e+00
1.336359e-13 0.000000e+00 0.000000e+00
-1.949605e-13 0.000000e+00 0.000000e+00
-1.162088e-14 0.000000e+00 0.000000e+00
-3.838576e-14 0.000000e+00 0.000000e+00
4.034408e-14 0.000000e+00 0.000000e+00
9.318086e-14 0.000000e+00 0.000000e+00
-1.951782e-13 0.000000e+00 0.000000e+00
-2.759809e-13 0.000000e+00 0.000000e+00
-8.441431e-14 0.000000e+00 0.000000e+00
-1.678850e-13 0.000000e+00 0.000000e+00
-2.271580e-13 0.000000e+00 0.000000e+00
8.971902e-14 0.000000e+00 0.000000e+00
1.765500e-13 0.000000e+00 0.000000e+00
-3.008033e-13 0.000000e+00 0.000000e+00
-7.861819e-14 0.000000e+00 0.000000e+00
1.807780e-13 0.000000e+00 0.000000e+00
-2.436587e-14 0.000000e+00 0.000000e+00
-1.056365e-13 0.000000e+00 0.000000e+00
-8.988806e-14 0.000000e+00 0.000000e+00
2.471849e-14 0.000000e+00 0.000000e+00
1.364149e-13 0.000000e+00 0.000000e+00
2.246968e-14 0.000000e+00 0.000000e+00
6.394139e-14 0.000000e+00 0.000000e+00
-2.322335e-13 0.000000e+00 0.000000e+00
1.098024e-13 0.000000e+00 0.000000e+00
-5.423746e-14 0.000000e+00 0.000000e+00
-6.257048e-14 0.000000e+00 0.000000e+00
5.310054e-14 0.000000e+00 0.000000e+00
-1.937886e-13 0.000000e+00 0.000000e+00
-3.067556e-13 0.000000e+00 0.000000e+00
-7.334410e-14 0.000000e+00 0.000000e+00
-1.553948e-15 0.000000e+00 0.000000e+00
2.600112e-13 0.000000e+00 0.000000e+00
1.375892e-13 0.000000e+00 0.000000e+00
4.028659e-13 0.000000e+00 0.000000e+00
-2.048163e-13 0.000000e+00 0.000000e+00
-2.980299e-13 0.000000e+00 0.000000e+00
-1.977687e-13 0.000000e+00 0.000000e+00
3.673936e-14 0.000000e+00 0.000000e+00
1.638153e-14 0.000000e+00 0.000000e+00
1.492566e-14 0.000000e+00 0.000000e+00
-1.364733e-13 0.000000e+00 0.000000e+00
-1.449087e-13 0.000000e+00 0.000000e+00
2.662764e-14 0.000000e+00 0.000000e+00
-3.292032e-14 0.000000e+00 0.000000e+00
-1.058205e-13 0.000000e+00 0.000000e+00
1.691748e-13 0.000000e+00 0.000000e+00
-1.783683e-13 0.000000e+00 0.000000e+00
8.188323e-14 0.000000e+00 0.000000e+00
5.318933e-14 0.000000e+00 0.000000e+00
-2.229897e-13 0.000000e+00 0.000000e+00
7.540684e-17 0.000000e+00 0.000000e+00
-2.114173e-13 0.000000e+00 0.000000e+00
9.182127e-14 0.000000e+00 0.000000e+00
3.757964e-13 0.000000e+00 0.000000e+00
7.534327e-14 0.000000e+00 0.000000e+00
-2.864107e-13 0.000000e+00 0.000000e+00
-8.029717e-14 0.000000e+00 0.000000e+00
2.163648e-13 0.000000e+00 0.000000e+00
4.430272e-13 0.000000e+00 0.000000e+00
-4.190778e-13 0.000000e+00 0.000000e+00
-2.427495e-13 0.000000e+00 0.000000e+00
-1.789795e-13 0.000000e+00 0.000000e+00
4.784252e-15 0.000000e+00 0.000000e+00
-3.348833e-13 0.000000e+00 0.000000e+00
1.266152e-13 0.000000e+00 0.000000e+00
-2.864941e-14 0.000000e+00 0.000000e+00
-4.646765e-14 0.000000e+00 0.000000e+00
-2.284630e-15 0.000000e+00 0.000000e+00
2.217973e-13 0.000000e+00 0.000000e+00
1.981275e-13 0.000000e+00 0.000000e+00
7.773694e-14 0.000000e+00 0.000000e+00
-9.455201e-14 0.000000e+00 0.000000e+00
-2.763541e-13 0.000000e+00 0.000000e+00
-1.491410e-13 0.000000e+00 0.000000e+00
-1.318800e-14 0.000000e+00 0.000000e+00
1.137369e-13 0.000000e+00 0.000000e+00
-4.346757e-14 0.000000e+00 0.000000e+00
-2.457398e-13 0.000000e+00 0.000000e+00
-8.084683e-14 0.000000e+00 0.000000e+00
-1.208451e-13 0.000000e+00 0.000000e+00
-6.044178e-14 0.000000e+00 0.000000e+00
1.174588e-13 0.000000e+00 0.000000e+00
6.380233e-14 0.000000e+00 0.000000e+00
-5.961887e-14 0.000000e+00 0.000000e+00
-1.893593e-13 0.000000e+00 0.000000e+00
1.050011e-13 0.000000e+00 0.000000e+00
-3.512629e-13 0.000000e+00 0.000000e+00
-3.266467e-13 0.000000e+00 0.000000e+00
-7.634191e-14 0.000000e+00 0.000000e+00
-4.650404e-14 0.000000e+00 0.000000e+00
3.718941e-15 0.000000e+00 0.000000e+00
2.559750e-13 0.000000e+00 0.000000e+00
-1.944975e-14 0.000000e+00 0.000000e+00
-1.551299e-13 0.000000e+00 0.000000e+00
-1.328400e-13 0.000000e+00 0.000000e+00
1.717801e-13 0.000000e+00 0.000000e+00
6.813321e-14 0.000000e+00 0.000000e+00
-9.719243e-14 0.000000e+00 0.000000e+00
-2.454139e-13 0.000000e+00 0.000000e+00
1.279780e-13 0.000000e+00 0.000000e+00
2.053524e-13 0.000000e+00 0.000000e+00
-2.391584e-13 0.000000e+00 0.000000e+00
-1.026780e-13 0.000000e+00 0.000000e+00
-7.724153e-14 0.000000e+00 0.000000e+00
5.402221e-14 0.000000e+00 0.000000e+00
-8.477218e-14 0.000000e+00 0.000000e+00
8.257668e-14 0.000000e+00 0.000000e+00
2.662602e-13 0.000000e+00 0.000000e+00
8.863137e-14 0.000000e+00 0.000000e+00
-4.324994e-14 0.000000e+00 0.000000e+00
5.579896e-14 0.000000e+00 0.000000e+00
2.372705e-13 0.000000e+00 0.000000e+00
-1.977964e-13 0.000000e+00 0.000000e+00
3.044842e-14 0.000000e+00 0.000000e+00
-1.329690e-13 0.000000e+00 0.000000e+00
-7.116311e-14 0.000000e+00 0.000000e+00
2.015394e-13 0.000000e+00 0.000000e+00
2.355154e-13 0.000000e+00 0.000000e+00
1.946596e-13 0.000000e+00 0.000000e+00
-4.531864e-14 0.000000e+00 0.000000e+00
3.163493e-13 0.000000e+00 0.000000e+00
1.448973e-13 0.000000e+00 0.000000e+00
-2.283283e-14 0.000000e+00 0.000000e+00
1.291660e-14 0.000000e+00 0.000000e+00
1.285233e-13 0.000000e+00 0.000000e+00
2.717725e-14 0.000000e+00 0.000000e+00
-2.775534e-14 0.000000e+00 0.000000e+00
4.911770e-14 0.000000e+00 0.000000e+00
1.364298e-13 0.000000e+00 0.000000e+00
1.558353e-15 0.000000e+00 0.000000e+00
-2.028560e-13 0.000000e+00 0.000000e+00
2.232889e-13 0.000000e+00 0.000000e+00
-8.614450e-14 0.000000e+00 0.000000e+00
-5.214728e-14 0.000000e+00 0.000000e+00
1.540232e-13 0.000000e+00 0.000000e+00
-1.558737e-13 0.000000e+00 0.000000e+00
1.719915e-13 0.000000e+00 0.000000e+00
-8.511156e-15 0.000000e+00 0.000000e+00
-2.368112e-13 0.000000e+00 0.000000e+00
5.909156e-14 0.000000e+00 0.000000e+00
9.673836e-15 0.000000e+00 0.000000e+00
-1.373373e-14 0.000000e+00 0.000000e+00
-3.121663e-13 0.000000e+00 0.000000e+00
5.231998e-14 0.000000e+00 0.000000e+00
2.079807e-13 0.000000e+00 0.000000e+00
1.146561e-13 0.000000e+00 0.000000e+00
-1.123543e-13 0.000000e+00 0.000000e+00
-1.865767e-14 0.000000e+00 0.000000e+00
-2.347635e-13 0.000000e+00 0.000000e+00
-8.823266e-14 0.000000e+00 0.000000e+00
3.075622e-13 0.000000e+00 0.000000e+00
1.305979e-13 0.000000e+00 0.000000e+00
1.859226e-13 0.000000e+00 0.000000e+00
3.452969e-14 0.000000e+00 0.000000e+00
4.415433e-13 0.000000e+00 0.000000e+00
3.290403e-13 0.000000e+00 0.000000e+00
3.119567e-13 0.000000e+00 0.000000e+00
-6.645099e-14 0.000000e+00 0.000000e+00
1.357037e-13 0.000000e+00 0.000000e+00
9.871603e-14 0.000000e+00 0.000000e+00
1.913141e-13 0.000000e+00 0.000000e+00
-4.135729e-14 0.000000e+00 0.000000e+00
-2.052805e-14 0.000000e+00 0.000000e+00
4.656522e-14 0.000000e+00 0.000000e+00
-1.248694e-13 0.000000e+00 0.000000e+00
1.214441e-13 0.000000e+00 0.000000e+00
-8.156503e-14 0.000000e+00 0.000000e+00
5.747441e-14 0.000000e+00 0.000000e+00
-9.950380e-14 0.000000e+00 0.000000e+00
1.641305e-14 0.000000e+00 0.000000e+00
-3.720952e-14 0.000000e+00 0.000000e+00
-1.190228e-13 0.000000e+00 0.000000e+00
5.351367e-14 0.000000e+00 0.000000e+00
1.642031e-15 0.000000e+00 0.000000e+00
2.945484e-13 0.000000e+00 0.000000e+00
3.756667e-14 0.000000e+00 0.000000e+00
-3.472095e-13 0.000000e+00 0.000000e+00
1.190630e-13 0.000000e+00 0.000000e+00
6.184629e-15 0.000000e+00 0.000000e+00
-1.977845e-13 0.000000e+00 0.000000e+00
9.437295e-14 0.000000e+00 0.000000e+00
2.573605e-13 0.000000e+00 0.000000e+00
-1.900480e-13 0.000000e+00 0.000000e+00
-8.626450e-14 0.000000e+00 0.000000e+00
-1.454575e-13 0.000000e+00 0.000000e+00
1.807392e-13 0.000000e+00 0.000000e+00
6.670751e-14 0.000000e+00 0.000000e+00
9.486161e-14 0.000000e+00 0.000000e+00
3.095031e-13 0.000000e+00 0.000000e+00
3.522111e-13 0.000000e+00 0.000000e+00
-3.136214e-13 0.000000e+00 0.000000e+00
-7.077737e-15 0.000000e+00 0.000000e+00
-5.984703e-16 0.000000e+00 0.000000e+00
-2.808545e-13 0.000000e+00 0.000000e+00
4.580073e-14 0.000000e+00 0.000000e+00
-2.158723e-13 0.000000e+00 0.000000e+00
2.218918e-13 0.000000e+00 0.000000e+00
-2.634207e-13 0.000000e+00 0.000000e+00
-1.981251e-13 0.000000e+00 0.000000e+00
1.374561e-13 0.000000e+00 0.000000e+00
-2.663061e-13 0.000000e+00 0.000000e+00
-6.626430e-15 0.000000e+00 0.000000e+00
-4.974446e-13 0.000000e+00 0.000000e+00
7.461496e-14 0.000000e+00 0.000000e+00
1.312505e-13 0.000000e+00 0.000000e+00
6.889592e-15 0.000000e+00 0.000000e+00
-8.205058e-14 0.000000e+00 0.000000e+00
-1.237124e-13 0.000000e+00 0.000000e+00
2.855855e-13 0.000000e+00 0.000000e+00
-2.366500e-13 0.000000e+00 0.000000e+00
1.005278e-13 0.000000e+00 0.000000e+00
-1.696893e-14 0.000000e+00 0.000000e+00
-1.985445e-13 0.000000e+00 0.000000e+00
9.933498e-14 0.000000e+00 0.000000e+00
-9.498400e-14 0.000000e+00 0.000000e+00
5.640607e-15 0.000000e+00 0.000000e+00
-8.182515e-15 0.000000e+00 0.000000e+00
2.366743e-13 0.000000e+00 0.000000e+00
4.211517e-14 0.000000e+00 0.000000e+00
1.039096e-13 0.000000e+00 0.000000e+00
3.152380e-13 0.000000e+00 0.000000e+00
-4.376350e-15 0.000000e+00 0.000000e+00
1.990236e-13 0.000000e+00 0.000000e+00
1.524932e-13 0.000000e+00 0.000000e+00
2.210880e-13 0.000000e+00 0.000000e+00
2.464783e-13 0.000000e+00 0.000000e+00
1.918350e-13 0.000000e+00 0.000000e+00
-1.504963e-14 0.000000e+00 0.000000e+00
1.068796e-13 0.000000e+00 0.000000e+00
9.331018e-14 0.000000e+00 0.000000e+00
6.008976e-14 0.000000e+00 0.000000e+00
-1.798841e-13 0.000000e+00 0.000000e+00
7.492911e-15 0.000000e+00 0.000000e+00
-4.417622e-14 0.000000e+00 0.000000e+00
3.612200e-14 0.000000e+00 0.000000e+00
-1.000740e-13 0.000000e+00 0.000000e+00
1.681588e-13 0.000000e+00 0.000000e+00
-4.476575e-13 0.000000e+00 0.000000e+00
-3.629526e-13 0.000000e+00 0.000000e+00
-3.180168e-13 0.000000e+00 0.000000e+00
-1.285839e-13 0.000000e+00 0.000000e+00
1.698635e-14 0.000000e+00 0.000000e+00
-8.186999e-14 0.000000e+00 0.000000e+00
-2.212911e-15 0.000000e+00 0.000000e+00
1.279226e-13 0.000000e+00 0.000000e+00
9.492975e-14 0.000000e+00 0.000000e+00
1.787118e-13 0.000000e+00 0.000000e+00
-5.882307e-14 0.000000e+00 0.000000e+00
2.002139e-13 0.000000e+00 0.000000e+00
7.533111e-14 0.000000e+00 0.000000e+00
-1.756910e-13 0.000000e+00 0.000000e+00
-7.460287e-14 0.000000e+00 0.000000e+00
-2.094451e-13 0.000000e+00 0.000000e+00
8.736765e-14 0.000000e+00 0.000000e+00
2.075015e-14 0.000000e+00 0.000000e+00
-3.554776e-14 0.000000e+00 0.000000e+00
-1.195311e-13 0.000000e+00 0.000000e+00
-1.817487e-13 0.000000e+00 0.000000e+00
-4.632117e-14 0.000000e+00 0.000000e+00
1.948610e-14 0.000000e+00 0.000000e+00
3.081769e-14 0.000000e+00 0.000000e+00
3.243960e-14 0.000000e+00 0.000000e+00
-2.408110e-13 0.000000e+00 0.000000e+00
-5.769240e-14 0.000000e+00 0.000000e+00
-6.498898e-14 0.000000e+00 0.000000e+00
1.603260e-13 0.000000e+00 0.000000e+00
7.244234e-14 0.000000e+00 0.000000e+00
3.668964e-13 0.000000e+00 0.000000e+00
7.859648e-14 0.000000e+00 0.000000e+00
-3.780082e-15 0.000000e+00 0.000000e+00
-2.508123e-13 0.000000e+00 0.000000e+00
2.314234e-13 0.000000e+00 0.000000e+00
1.025378e-14 0.000000e+00 0.000000e+00
-2.959452e-13 0.000000e+00 0.000000e+00
1.291370e-13 0.000000e+00 0.000000e+00
-1.302292e-13 0.000000e+00 0.000000e+00
-2.584780e-14 0.000000e+00 0.000000e+00
-2.149197e-13 0.000000e+00 0.000000e+00
-7.074536e-14 0.000000e+00 0.000000e+00
4.641256e-14 0.000000e+00 0.000000e+00
-2.076160e-14 0.000000e+00 0.000000e+00
1.406983e-13 0.000000e+00 0.000000e+00
1.480105e-13 0.000000e+00 0.000000e+00
1.428168e-13 0.000000e+00 0.000000e+00
-1.073211e-13 0.000000e+00 0.000000e+00
-1.006471e-13 0.000000e+00 0.000000e+00
7.910345e-14 0.000000e+00 0.000000e+00
-1.504744e-14 0.000000e+00 0.000000e+00
-1.871175e-14 0.000000e+00 0.000000e+00
1.408846e-13 0.000000e+00 0.000000e+00
-1.180368e-13 0.000000e+00 0.000000e+00
2.473497e-13 0.000000e+00 0.000000e+00
8.534313e-14 0.000000e+00 0.000000e+00
7.969337e-14 0.000000e+00 0.000000e+00
-9.276124e-14 0.000000e+00 0.000000e+00
5.535536e-18 0.000000e+00 0.000000e+00
-3.338367e-13 0.000000e+00 0.000000e+00
1.769740e-13 0.000000e+00 0.000000e+00
9.944555e-14 0.000000e+00 0.000000e+00
3.513985e-13 0.000000e+00 0.000000e+00
-4.643236e-13 0.000000e+00 0.000000e+00
3.079161e-13 0.000000e+00 0.000000e+00
8.026619e-14 0.000000e+00 0.000000e+00
1.577170e-13 0.000000e+00 0.000000e+00
3.752352e-14 0.000000e+00 0.000000e+00
-6.744648e-15 0.000000e+00 0.000000e+00
-1.943752e-14 0.000000e+00 0.000000e+00
7.703706e-14 0.000000e+00 0.000000e+00
-1.873920e-13 0.000000e+00 0.000000e+00
-1.254040e-13 0.000000e+00 0.000000e+00
-4.155855e-13 0.000000e+00 0.000000e+00
-8.109415e-14 0.000000e+00 0.000000e+00
2.650657e-13 0.000000e+00 0.000000e+00
-2.749359e-13 0.000000e+00 0.000000e+00
-2.894696e-13 0.000000e+00 0.000000e+00
-2.808032e-13 0.000000e+00 0.000000e+00
5.998772e-14 0.000000e+00 0.000000e+00
6.221479e-14 0.000000e+00 0.000000e+00
6.542913e-14 0.000000e+00 0.000000e+00
6.097103e-14 0.000000e+00 0.000000e+00
1.261146e-13 0.000000e+00 0.000000e+00
6.397430e-14 0.000000e+00 0.000000e+00
-6.301693e-15 0.000000e+00 0.000000e+00
-1.507835e-13 0.000000e+00 0.000000e+00
4.679529e-14 0.000000e+00 0.000000e+00
-8.969304e-14 0.000000e+00 0.000000e+00
2.492493e-13 0.000000e+00 0.000000e+00
-9.935363e-14 0.000000e+00 0.000000e+00
8.237491e-14 0.000000e+00 0.000000e+00
-9.310825e-14 0.000000e+00 0.000000e+00
2.787170e-13 0.000000e+00 0.000000e+00
4.461602e-13 0.000000e+00 0.000000e+00
2.643542e-13 0.000000e+00 0.000000e+00
-7.830242e-14 0.000000e+00 0.000000e+00
-7.332355e-14 0.000000e+00 0.000000e+00
-3.498156e-14 0.000000e+00 0.000000e+00
2.472235e-14 0.000000e+00 0.000000e+00
-1.907247e-13 0.000000e+00 0.000000e+00
1.087414e-13 0.000000e+00 0.000000e+00
-2.738802e-13 0.000000e+00 0.000000e+00
8.749393e-14 0.000000e+00 0.000000e+00
-1.177210e-13 0.000000e+00 0.000000e+00
-1.995542e-13 0.000000e+00 0.000000e+00
-6.154491e-14 0.000000e+00 0.000000e+00
4.561539e-13 0.000000e+00 0.000000e+00
-1.427913e-13 0.000000e+00 0.000000e+00
1.196522e-13 0.000000e+00 0.000000e+00
-2.332791e-14 0.000000e+00 0.000000e+00
-1.718351e-13 0.000000e+00 0.000000e+00
-1.151652e-13 0.000000e+00 0.000000e+00
2.901433e-13 0.000000e+00 0.000000e+00
1.434303e-13 0.000000e+00 0.000000e+00
-1.972306e-13 0.000000e+00 0.000000e+00
-7.631578e-14 0.000000e+00 0.000000e+00
-1.886111e-13 0.000000e+00 0.000000e+00
-2.601076e-13 0.000000e+00 0.000000e+00
3.897496e-14 0.000000e+00 0.000000e+00
1.572821e-13 0.000000e+00 0.000000e+00
-5.832654e-14 0.000000e+00 0.000000e+00
-1.218114e-13 0.000000e+00 0.000000e+00
4.834210e-15 0.000000e+00 0.000000e+00
6.951594e-14 0.000000e+00 0.000000e+00
1.447969e-13 0.000000e+00 0.000000e+00
3.245456e-14 0.000000e+00 0.000000e+00
-3.196413e-14 0.000000e+00 0.000000e+00
1.397282e-13 0.000000e+00 0.000000e+00
1.395532e-14 0.000000e+00 0.000000e+00
-1.030325e-14 0.000000e+00 0.000000e+00
-3.350001e-14 0.000000e+00 0.000000e+00
-6.439986e-14 0.000000e+00 0.000000e+00
4.237173e-14 0.000000e+00 0.000000e+00
5.961913e-14 0.000000e+00 0.000000e+00
3.698425e-14 0.000000e+00 0.000000e+00
1.480751e-13 0.000000e+00 0.000000e+00
-3.909235e-14 0.000000e+00 0.000000e+00
-1.028031e-14 0.000000e+00 0.000000e+00
1.499741e-13 0.000000e+00 0.000000e+00
-1.307998e-13 0.000000e+00 0.000000e+00
3.488601e-13 0.000000e+00 0.000000e+00
-6.329226e-14 0.000000e+00 0.000000e+00
2.981729e-13 0.000000e+00 0.000000e+00
7.270153e-14 0.000000e+00 0.000000e+00
8.020233e-14 0.000000e+00 0.000000e+00
-7.934489e-14 0.000000e+00 0.000000e+00
1.238819e-13 0.000000e+00 0.000000e+00
1.846420e-13 0.000000e+00 0.000000e+00
4.619199e-13 0.000000e+00 0.000000e+00
1.452199e-14 0.000000e+00 0.000000e+00
-2.365177e-13 0.000000e+00 0.000000e+00
-7.471053e-14 0.000000e+00 0.000000e+00
6.315903e-14 0.000000e+00 0.000000e+00
2.019349e-13 0.000000e+00 0.000000e+00
9.373893e-14 0.000000e+00 0.000000e+00
3.428975e-14 0.000000e+00 0.000000e+00
-1.921853e-14 0.000000e+00 0.000000e+00
-1.444120e-13 0.000000e+00 0.000000e+00
3.647109e-13 0.000000e+00 0.000000e+00
-1.575515e-13 0.000000e+00 0.000000e+00
9.678430e-14 0.000000e+00 0.000000e+00
2.553908e-13 0.000000e+00 0.000000e+00
-1.758002e-13 0.000000e+00 0.000000e+00
-1.457824e-14 0.000000e+00 0.000000e+00
2.514929e-13 0.000000e+00 0.000000e+00
-2.003471e-13 0.000000e+00 0.000000e+00
2.288430e-13 0.000000e+00 0.000000e+00
-7.392959e-14 0.000000e+00 0.000000e+00
7.595994e-14 0.000000e+00 0.000000e+00
1.032109e-13 0.000000e+00 0.000000e+00
1.279275e-13 0.000000e+00 0.000000e+00
3.071216e-13 0.000000e+00 0.000000e+00
-7.658895e-14 0.000000e+00 0.000000e+00
-1.857773e-14 0.000000e+00 0.000000e+00
