step K U E temp
0 7.849402e-21 -3.985848e-20 -3.200907e-20 1.137060e+03
1000 3.546374e-21 -3.794937e-20 2.559701e-20 5.137257e+02
2000 6.644002e-22 -3.713967e-20 6.378301e-20 9.624462e+01
3000 2.335372e-22 -2.722137e-20 1.130122e-19 3.383006e+01
4000 2.062903e-21 -4.106321e-20 1.409997e-19 2.988310e+02
5000 4.102907e-22 -3.410054e-20 1.863098e-19 5.943447e+01
6000 1.563207e-21 -4.106051e-20 2.205027e-19 2.264453e+02
7000 5.223819e-21 -4.061247e-20 2.646114e-19 7.567193e+02
8000 2.380613e-21 -4.023511e-20 3.021567e-19 3.448542e+02
9000 4.238595e-21 -4.073805e-20 3.435005e-19 6.140003e+02
10000 5.962353e-22 -4.030874e-20 3.802899e-19 8.637030e+01
11000 3.753760e-23 -4.003496e-20 4.223374e-19 5.437674e+00
12000 2.325083e-22 -3.938254e-20 4.608568e-19 3.368102e+01
13000 1.148027e-21 -3.896582e-20 5.042671e-19 1.663025e+02
14000 1.578373e-23 -3.610554e-20 5.439102e-19 2.286421e+00
15000 2.144251e-21 -3.383976e-20 6.004693e-19 3.106150e+02
16000 7.843908e-22 -3.215361e-20 6.286308e-19 1.136264e+02
17000 2.796101e-22 -2.353288e-20 6.767467e-19 4.050416e+01
18000 3.020558e-21 -3.280114e-20 7.115358e-19 4.375562e+02
19000 5.027252e-22 -3.010483e-20 7.503979e-19 7.282447e+01
20000 4.816820e-21 -3.152037e-20 7.949273e-19 6.977618e+02
21000 1.889079e-21 -3.055069e-20 8.377424e-19 2.736509e+02
22000 2.488228e-21 -3.151488e-20 8.926081e-19 3.604433e+02
23000 1.035753e-22 -4.077436e-20 9.015499e-19 1.500386e+01
24000 3.831526e-22 -4.109906e-20 9.402095e-19 5.550325e+01
25000 2.885545e-21 -4.096271e-20 9.824541e-19 4.179984e+02
26000 6.050090e-21 -3.315054e-20 1.032900e-18 8.764124e+02
27000 2.194025e-21 -3.951141e-20 1.062683e-18 3.178251e+02
28000 9.556351e-23 -3.713517e-20 1.102961e-18 1.384327e+01
29000 3.175454e-21 -3.949466e-20 1.163548e-18 4.599943e+02
30000 2.611775e-22 -3.514763e-20 1.185124e-18 3.783402e+01
31000 2.305722e-22 -3.568055e-20 1.230214e-18 3.340055e+01
32000 1.539310e-21 -3.792299e-20 1.263627e-18 2.229836e+02
33000 5.345852e-22 -3.750556e-20 1.309350e-18 7.743970e+01
34000 7.871183e-22 -3.879233e-20 1.341997e-18 1.140215e+02
35000 1.877828e-21 -3.913818e-20 1.387196e-18 2.720210e+02
36000 2.660358e-22 -3.658882e-20 1.426613e-18 3.853779e+01
37000 3.124651e-21 -3.836334e-20 1.467111e-18 4.526351e+02
38000 2.398409e-21 -3.430979e-20 1.526502e-18 3.474321e+02
39000 4.795571e-21 -4.096900e-20 1.544567e-18 6.946836e+02
40000 9.021979e-22 -3.589134e-20 1.585019e-18 1.306919e+02
41000 9.852801e-21 -3.982782e-20 1.638414e-18 1.427271e+03
42000 7.064581e-22 -4.109002e-20 1.668036e-18 1.023371e+02
43000 1.922322e-21 -4.050101e-20 1.706949e-18 2.784665e+02
44000 1.764651e-21 -3.991901e-20 1.742804e-18 2.556264e+02
45000 1.699368e-22 -4.031730e-20 1.795024e-18 2.461694e+01
46000 2.184095e-21 -4.086688e-20 1.830173e-18 3.163868e+02
47000 8.719148e-22 -2.964613e-20 1.871228e-18 1.263051e+02
48000 6.553549e-23 -2.448469e-20 1.915583e-18 9.493433e+00
49000 1.786336e-24 -2.861039e-20 1.955959e-18 2.587676e-01
50000 4.932958e-22 -2.607633e-20 1.998942e-18 7.145854e+01
51000 1.749130e-21 -2.255420e-20 2.039599e-18 2.533779e+02
52000 1.186780e-21 -1.810355e-20 2.083083e-18 1.719163e+02
53000 2.981045e-22 -2.088932e-20 2.120958e-18 4.318325e+01
54000 4.719519e-21 -3.647449e-20 2.154293e-18 6.836667e+02
55000 1.155169e-21 -3.858879e-20 2.187620e-18 1.673371e+02
56000 1.688437e-22 -3.986397e-20 2.250540e-18 2.445860e+01
57000 5.085594e-21 -3.394629e-20 2.274490e-18 7.366961e+02
58000 3.875481e-21 -3.461108e-20 2.314266e-18 5.613998e+02
59000 3.779375e-22 -3.695577e-20 2.365973e-18 5.474781e+01
60000 1.182945e-22 -3.957250e-20 2.402443e-18 1.713607e+01
61000 1.131172e-22 -3.843924e-20 2.441785e-18 1.638610e+01
62000 5.513192e-24 -3.757719e-20 2.477946e-18 7.986377e-01
63000 5.824262e-22 -8.363136e-23 2.540499e-18 8.436991e+01
64000 6.422869e-24 -3.928983e-20 2.569943e-18 9.304130e-01
65000 1.552229e-22 -3.533040e-20 2.593630e-18 2.248550e+01
66000 1.137098e-21 -3.139387e-20 2.629815e-18 1.647193e+02
67000 1.848368e-21 -3.237981e-20 2.676241e-18 2.677535e+02
68000 7.746256e-23 -3.246623e-20 2.734917e-18 1.122118e+01
69000 5.416436e-22 -1.789574e-20 2.782020e-18 7.846217e+01
70000 1.060140e-21 -1.275530e-20 2.808305e-18 1.535713e+02
71000 4.504277e-21 -4.883125e-21 2.859623e-18 6.524870e+02
72000 1.153991e-22 -8.824494e-21 2.891310e-18 1.671665e+01
73000 1.105539e-20 -1.663560e-20 2.944912e-18 1.601477e+03
74000 6.458539e-21 -6.493816e-21 2.987749e-18 9.355801e+02
75000 1.292033e-22 1.335433e-20 3.033484e-18 1.871631e+01
76000 6.942256e-21 4.162176e-21 3.071142e-18 1.005651e+03
77000 3.497020e-23 -3.662469e-20 3.085872e-18 5.065762e+00
78000 4.487960e-21 -4.092447e-20 3.117691e-18 6.501233e+02
79000 2.236367e-22 -4.046993e-20 3.153228e-18 3.239587e+01
80000 1.248764e-21 -4.071355e-20 3.204111e-18 1.808952e+02
81000 1.185622e-21 -3.894502e-20 3.245422e-18 1.717486e+02
82000 2.929629e-21 -3.794852e-20 3.288248e-18 4.243843e+02
83000 2.429267e-21 -3.707205e-20 3.330950e-18 3.519022e+02
84000 1.955733e-21 -3.288036e-20 3.368926e-18 2.833064e+02
85000 2.143849e-21 -3.622999e-20 3.414472e-18 3.105567e+02
86000 7.059933e-22 -4.007891e-20 3.439232e-18 1.022698e+02
87000 7.277464e-22 -3.828152e-20 3.488503e-18 1.054209e+02
88000 2.278929e-21 -3.971894e-20 3.521597e-18 3.301243e+02
89000 5.010142e-21 -4.109538e-20 3.564677e-18 7.257662e+02
90000 1.063813e-22 -4.045891e-20 3.607046e-18 1.541033e+01
91000 2.136063e-21 -4.104296e-20 3.642423e-18 3.094288e+02
92000 1.932848e-21 -4.098644e-20 3.681988e-18 2.799912e+02
93000 5.688077e-22 -4.109496e-20 3.728330e-18 8.239714e+01
94000 1.887467e-21 -4.016583e-20 3.770063e-18 2.734174e+02
95000 2.737610e-21 -3.895141e-20 3.816702e-18 3.965685e+02
96000 3.617827e-21 -4.106188e-20 3.848686e-18 5.240763e+02
97000 1.033104e-22 -4.000984e-20 3.897647e-18 1.496548e+01
98000 5.480737e-22 -3.367682e-20 3.930250e-18 7.939364e+01
99000 1.545854e-21 -2.215831e-20 3.959389e-18 2.239315e+02
100000 2.778314e-21 -1.976890e-20 4.003009e-18 4.024650e+02
101000 4.230121e-21 -2.122538e-20 4.043261e-18 6.127729e+02
102000 2.502821e-22 -1.906205e-20 4.082733e-18 3.625572e+01
103000 1.892120e-24 -1.564332e-20 4.124359e-18 2.740914e-01
104000 1.290248e-22 -2.920523e-20 4.151135e-18 1.869046e+01
105000 3.050270e-21 -2.764865e-20 4.195402e-18 4.418603e+02
106000 2.150309e-22 -2.833223e-20 4.233852e-18 3.114925e+01
107000 2.524046e-21 -2.938619e-20 4.290950e-18 3.656318e+02
108000 1.261836e-24 -3.079637e-20 4.326215e-18 1.827888e-01
109000 1.590780e-21 -2.492221e-20 4.356670e-18 2.304395e+02
110000 7.644255e-21 -2.665486e-20 4.401104e-18 1.107342e+03
111000 1.684854e-21 -2.724370e-20 4.446217e-18 2.440669e+02
112000 9.649176e-22 -1.360487e-20 4.487360e-18 1.397774e+02
113000 1.701414e-22 -4.095695e-20 4.499213e-18 2.464658e+01
114000 1.343019e-21 -3.643017e-20 4.544913e-18 1.945489e+02
115000 5.926193e-22 -3.219521e-20 4.588397e-18 8.584648e+01
116000 2.886429e-21 -3.418485e-20 4.628702e-18 4.181263e+02
117000 5.426847e-21 -4.033798e-20 4.665089e-18 7.861299e+02
118000 5.933279e-21 -3.842736e-20 4.707506e-18 8.594912e+02
119000 2.972970e-21 -3.664277e-20 4.746330e-18 4.306627e+02
120000 5.115647e-22 -3.161947e-20 4.788892e-18 7.410496e+01
121000 8.286792e-25 -3.803193e-20 4.824068e-18 1.200420e-01
122000 1.357945e-21 -3.731828e-20 4.864217e-18 1.967112e+02
123000 3.443137e-23 -3.243849e-20 4.907883e-18 4.987708e+00
124000 1.443757e-21 -4.109440e-20 4.940350e-18 2.091419e+02
125000 1.567409e-22 -4.052051e-20 4.983148e-18 2.270540e+01
126000 5.503650e-21 -4.075005e-20 5.025152e-18 7.972554e+02
127000 2.842354e-23 -4.100835e-20 5.059020e-18 4.117417e+00
128000 3.591459e-22 -4.089259e-20 5.102165e-18 5.202566e+01
129000 1.403466e-22 -3.895158e-20 5.141189e-18 2.033053e+01
130000 8.823577e-21 -4.075903e-20 5.188231e-18 1.278178e+03
131000 1.201652e-21 -4.013463e-20 5.221067e-18 1.740705e+02
132000 1.936158e-22 -4.109964e-20 5.265984e-18 2.804707e+01
133000 1.618143e-22 -3.996559e-20 5.300297e-18 2.344033e+01
134000 5.817154e-21 -3.565103e-20 5.350168e-18 8.426695e+02
135000 5.255722e-23 -3.514489e-20 5.387172e-18 7.613407e+00
136000 8.264829e-22 -3.400808e-20 5.426819e-18 1.197238e+02
137000 6.575024e-25 -3.465034e-20 5.469051e-18 9.524540e-02
138000 3.500149e-21 -3.323245e-20 5.510845e-18 5.070296e+02
139000 5.158126e-21 -2.839609e-20 5.556762e-18 7.472031e+02
140000 7.907988e-23 -1.841864e-20 5.601660e-18 1.145546e+01
141000 2.547370e-21 -3.054062e-20 5.632025e-18 3.690106e+02
142000 5.712233e-24 -4.107596e-20 5.662274e-18 8.274706e-01
143000 1.004751e-21 -4.066928e-20 5.716263e-18 1.455477e+02
144000 3.287277e-23 -2.947968e-20 5.750617e-18 4.761930e+00
145000 1.863456e-21 -2.379903e-20 5.798064e-18 2.699392e+02
146000 1.856714e-21 -2.319140e-20 5.841822e-18 2.689624e+02
147000 1.075136e-21 -2.868940e-20 5.885577e-18 1.557435e+02
148000 8.734425e-23 -3.943562e-20 5.900662e-18 1.265264e+01
149000 2.194792e-21 -3.486997e-20 5.951559e-18 3.179363e+02
150000 1.993327e-21 -3.794480e-20 5.984050e-18 2.887521e+02
151000 6.084749e-22 -3.993370e-20 6.028072e-18 8.814332e+01
152000 5.891806e-22 -3.593761e-20 6.071438e-18 8.534836e+01
153000 1.856431e-21 -2.085232e-20 6.121004e-18 2.689215e+02
154000 2.285960e-21 -3.102383e-20 6.152285e-18 3.311427e+02
155000 2.383695e-24 -4.036394e-20 6.183588e-18 3.453007e-01
156000 6.619084e-21 -4.065417e-20 6.235545e-18 9.588366e+02
157000 2.945774e-21 -3.968822e-20 6.269569e-18 4.267231e+02
158000 7.874258e-22 -3.606953e-20 6.309663e-18 1.140660e+02
159000 2.808207e-22 -3.778019e-20 6.352719e-18 4.067952e+01
160000 5.043337e-21 -3.057185e-20 6.414407e-18 7.305749e+02
161000 7.382218e-22 -2.764995e-20 6.434175e-18 1.069384e+02
162000 5.717012e-21 -2.651675e-20 6.479225e-18 8.281630e+02
163000 3.175891e-23 -2.417619e-20 6.525818e-18 4.600578e+00
164000 4.644370e-21 -2.532808e-20 6.559356e-18 6.727806e+02
165000 5.145333e-22 -4.027819e-20 6.607497e-18 7.453499e+01
166000 1.798786e-21 -4.097398e-20 6.640453e-18 2.605711e+02
167000 7.201812e-22 -3.888487e-20 6.662514e-18 1.043250e+02
168000 3.927760e-21 -3.917473e-20 6.713513e-18 5.689729e+02
169000 2.561308e-22 -4.019244e-20 6.751529e-18 3.710295e+01
170000 3.807116e-22 -3.477086e-20 6.810187e-18 5.514965e+01
171000 1.782316e-20 -2.990784e-20 6.858607e-18 2.581852e+03
172000 1.112481e-21 -2.185329e-20 6.879262e-18 1.611533e+02
173000 1.361937e-21 -2.106099e-20 6.921159e-18 1.972894e+02
174000 1.742266e-22 -1.450812e-20 6.965834e-18 2.523836e+01
175000 5.008021e-21 -1.097577e-20 7.014032e-18 7.254589e+02
176000 6.069492e-21 -1.048539e-20 7.059182e-18 8.792231e+02
177000 1.596137e-22 -1.208948e-20 7.088075e-18 2.312155e+01
178000 4.831399e-23 -1.302475e-20 7.129616e-18 6.998736e+00
179000 4.347685e-22 -1.677831e-20 7.163673e-18 6.298030e+01
180000 3.873362e-21 -2.564440e-20 7.199760e-18 5.610930e+02
181000 2.234299e-21 -2.389762e-20 7.248717e-18 3.236593e+02
182000 6.006997e-21 -2.781453e-20 7.303868e-18 8.701700e+02
183000 9.473676e-21 -2.024441e-20 7.335736e-18 1.372351e+03
184000 2.446109e-21 -2.654007e-20 7.376483e-18 3.543419e+02
185000 6.353325e-21 -2.408419e-20 7.424021e-18 9.203389e+02
186000 6.328104e-21 -2.567931e-20 7.462222e-18 9.166854e+02
187000 7.546012e-24 -2.430990e-20 7.503725e-18 1.093111e+00
188000 3.092064e-21 -2.501445e-20 7.543981e-18 4.479145e+02
189000 1.083242e-21 -2.877154e-20 7.569123e-18 1.569179e+02
190000 4.578608e-22 -4.055669e-20 7.614409e-18 6.632544e+01
191000 4.965616e-21 -4.086849e-20 7.647708e-18 7.193162e+02
192000 3.282523e-22 -4.076891e-20 7.687375e-18 4.755043e+01
193000 1.345865e-21 -4.042961e-20 7.736539e-18 1.949613e+02
194000 6.064955e-22 -4.098679e-20 7.775407e-18 8.785659e+01
195000 7.723531e-21 -3.958616e-20 7.835758e-18 1.118826e+03
196000 1.692283e-21 -4.091494e-20 7.858709e-18 2.451430e+02
197000 1.086652e-20 -4.069968e-20 7.913054e-18 1.574118e+03
198000 2.703318e-21 -4.022056e-20 7.949605e-18 3.916010e+02
199000 5.098226e-23 -2.281194e-20 7.977631e-18 7.385260e+00
200000 2.638620e-22 -3.546570e-20 8.014559e-18 3.822289e+01
201000 7.846733e-23 -3.779909e-20 8.055710e-18 1.136673e+01
202000 5.964194e-22 -3.480489e-20 8.096745e-18 8.639696e+01
203000 3.129747e-21 -3.047292e-20 8.122174e-18 4.533733e+02
204000 2.325456e-21 -3.137673e-20 8.178407e-18 3.368642e+02
205000 1.340448e-21 -3.330035e-20 8.218775e-18 1.941764e+02
206000 2.506473e-21 -2.920807e-20 8.260188e-18 3.630862e+02
207000 6.929642e-22 -2.786125e-20 8.294100e-18 1.003824e+02
208000 1.783939e-21 -2.568845e-20 8.337335e-18 2.584204e+02
209000 2.766678e-23 -2.676410e-20 8.387609e-18 4.007794e+00
210000 3.293493e-21 -3.405518e-20 8.425148e-18 4.770935e+02
211000 2.843365e-21 -3.862231e-20 8.471162e-18 4.118882e+02
212000 4.701090e-22 -3.182859e-20 8.513361e-18 6.809972e+01
213000 6.331189e-22 -3.463410e-20 8.519847e-18 9.171323e+01
214000 5.774964e-22 -2.977068e-20 8.574206e-18 8.365579e+01
215000 1.727556e-21 -3.258325e-20 8.621010e-18 2.502527e+02
216000 4.213172e-21 -3.207850e-20 8.661901e-18 6.103176e+02
217000 2.282583e-21 -2.634107e-20 8.708388e-18 3.306536e+02
218000 9.821588e-22 -3.753099e-20 8.733394e-18 1.422749e+02
219000 8.406841e-22 -3.916420e-20 8.774235e-18 1.217810e+02
220000 8.198721e-22 -3.938517e-20 8.824915e-18 1.187662e+02
221000 2.479243e-22 -3.492171e-20 8.850272e-18 3.591416e+01
222000 3.951661e-21 -4.101246e-20 8.904526e-18 5.724353e+02
223000 1.622308e-22 -3.565947e-20 8.931115e-18 2.350066e+01
224000 4.582551e-22 -3.855243e-20 8.969364e-18 6.638257e+01
225000 5.179450e-22 -3.525736e-20 9.021541e-18 7.502920e+01
226000 3.608500e-21 -3.684483e-20 9.069360e-18 5.227251e+02
227000 3.074507e-20 -2.844737e-20 9.136271e-18 4.453712e+03
228000 8.185272e-22 -1.756549e-20 9.123973e-18 1.185714e+02
229000 1.922957e-22 -6.854604e-21 9.173338e-18 2.785584e+01
230000 1.335523e-20 -4.269398e-21 9.229086e-18 1.934630e+03
231000 2.431128e-22 -7.683028e-21 9.252586e-18 3.521717e+01
232000 1.722089e-21 -5.585815e-21 9.296136e-18 2.494607e+02
233000 1.654831e-21 -9.777500e-21 9.332358e-18 2.397178e+02
234000 1.647936e-25 -6.464012e-21 9.377606e-18 2.387191e-02
235000 3.276751e-22 -4.852320e-21 9.415635e-18 4.746682e+01
236000 7.831450e-22 -6.507789e-21 9.454275e-18 1.134459e+02
237000 1.529582e-22 -1.271022e-21 9.498882e-18 2.215744e+01
238000 8.253678e-25 -2.458877e-21 9.537542e-18 1.195623e-01
239000 2.260552e-21 -1.680914e-21 9.580595e-18 3.274623e+02
240000 3.374058e-22 -1.577027e-21 9.632285e-18 4.887641e+01
241000 3.629614e-22 -1.594850e-22 9.660203e-18 5.257838e+01
242000 1.893511e-21 -1.905883e-21 9.699988e-18 2.742929e+02
243000 7.165692e-21 -3.309605e-21 9.743856e-18 1.038018e+03
244000 1.814492e-22 -2.617066e-21 9.777565e-18 2.628463e+01
245000 5.620449e-21 -2.318165e-21 9.825410e-18 8.141749e+02
246000 8.371185e-21 -8.370239e-27 9.868371e-18 1.212645e+03
247000 1.294278e-22 -4.580683e-22 9.899671e-18 1.874884e+01
248000 1.366012e-21 -1.726371e-22 9.941193e-18 1.978797e+02
249000 2.871792e-22 -8.511121e-22 9.979436e-18 4.160061e+01
250000 1.645431e-22 -1.521450e-21 1.001873e-17 2.383561e+01
251000 5.245766e-22 -3.574125e-21 1.006229e-17 7.598986e+01
252000 4.159498e-22 -1.836077e-20 1.008433e-17 6.025424e+01
253000 7.152908e-21 -2.281155e-20 1.012826e-17 1.036166e+03
254000 9.954637e-22 -2.090418e-20 1.017425e-17 1.442023e+02
255000 2.110568e-22 -1.255950e-20 1.021755e-17 3.057357e+01
256000 2.532832e-23 -9.184610e-21 1.025212e-17 3.669046e+00
257000 3.119669e-21 -8.494412e-21 1.029507e-17 4.519133e+02
258000 1.847638e-21 -7.835497e-21 1.035060e-17 2.676477e+02
259000 7.887406e-22 -1.792763e-20 1.038037e-17 1.142565e+02
260000 1.513830e-21 -1.937984e-20 1.042379e-17 2.192925e+02
261000 2.850176e-22 -1.541768e-20 1.046006e-17 4.128748e+01
262000 1.913518e-21 -1.143898e-20 1.049623e-17 2.771910e+02
263000 2.075294e-22 -1.516086e-20 1.054587e-17 3.006259e+01
264000 6.979501e-21 -8.556795e-21 1.059878e-17 1.011046e+03
265000 4.123972e-24 -9.633714e-21 1.063161e-17 5.973962e-01
266000 1.017380e-21 -9.137189e-21 1.067707e-17 1.473770e+02
267000 5.650659e-22 -3.223913e-22 1.070140e-17 8.185511e+01
268000 6.101323e-21 -2.969865e-22 1.074592e-17 8.838341e+02
269000 8.066772e-22 -1.187049e-21 1.077975e-17 1.168548e+02
270000 1.566414e-21 -5.477408e-24 1.082630e-17 2.269099e+02
271000 2.873663e-22 -6.535785e-22 1.086072e-17 4.162771e+01
272000 2.839359e-21 -6.058125e-21 1.090153e-17 4.113078e+02
273000 1.234043e-21 -5.315062e-21 1.094517e-17 1.787628e+02
274000 2.178126e-21 -6.786088e-23 1.098217e-17 3.155221e+02
275000 9.479048e-23 -1.270507e-22 1.103063e-17 1.373129e+01
276000 3.742156e-21 -9.494948e-22 1.106285e-17 5.420865e+02
277000 2.126808e-23 -4.817920e-23 1.109998e-17 3.080882e+00
278000 9.202234e-21 -1.044048e-22 1.115541e-17 1.333030e+03
279000 3.345627e-21 -6.278073e-22 1.118272e-17 4.846456e+02
280000 3.169440e-22 -4.550719e-22 1.122085e-17 4.591232e+01
281000 6.276945e-21 -7.608128e-22 1.127118e-17 9.092745e+02
282000 1.403993e-21 -1.735092e-24 1.131606e-17 2.033815e+02
283000 7.718390e-23 -4.729298e-21 1.133535e-17 1.118081e+01
284000 9.942207e-22 -3.572978e-21 1.137742e-17 1.440222e+02
285000 7.572380e-21 -5.914014e-21 1.142206e-17 1.096930e+03
286000 3.256825e-23 -5.065557e-21 1.145923e-17 4.717818e+00
287000 5.213549e-22 -1.388762e-20 1.148663e-17 7.552317e+01
288000 2.037095e-21 -3.356570e-20 1.152260e-17 2.950923e+02
289000 7.446289e-23 -3.145161e-20 1.156582e-17 1.078665e+01
290000 1.102914e-21 -3.220780e-20 1.160594e-17 1.597674e+02
291000 1.414688e-22 -3.279512e-20 1.164396e-17 2.049309e+01
292000 1.167848e-21 -3.407178e-20 1.169185e-17 1.691738e+02
293000 5.819509e-22 -4.104872e-20 1.170223e-17 8.430107e+01
294000 1.936434e-21 -4.108125e-20 1.176231e-17 2.805107e+02
295000 7.066447e-22 -4.109119e-20 1.180297e-17 1.023641e+02
296000 1.915820e-24 -3.794499e-20 1.185503e-17 2.775245e-01
297000 6.953862e-22 -3.937553e-20 1.186335e-17 1.007332e+02
298000 3.723282e-23 -3.840946e-20 1.190602e-17 5.393525e+00
299000 6.761692e-23 -3.727189e-20 1.194416e-17 9.794947e+00
300000 6.876776e-23 -3.333259e-20 1.198993e-17 9.961657e+00
301000 2.762429e-23 -2.622867e-20 1.203380e-17 4.001638e+00
302000 3.681551e-22 -2.984853e-20 1.207199e-17 5.333073e+01
303000 7.887912e-21 -2.929011e-20 1.213036e-17 1.142638e+03
304000 1.012792e-20 -1.881237e-20 1.217194e-17 1.467125e+03
305000 6.294915e-23 -1.640811e-20 1.220394e-17 9.118776e+00
306000 1.784191e-22 -1.554829e-20 1.225674e-17 2.584569e+01
307000 5.797224e-21 -1.318869e-20 1.229323e-17 8.397825e+02
308000 1.106873e-21 -8.121885e-21 1.233299e-17 1.603409e+02
309000 1.063558e-22 2.657259e-22 1.238037e-17 1.540664e+01
310000 3.422244e-21 -1.031586e-20 1.241504e-17 4.957443e+02
311000 4.180270e-21 -6.999938e-21 1.246824e-17 6.055515e+02
312000 4.447920e-22 -2.257596e-20 1.247913e-17 6.443231e+01
313000 1.630885e-22 -2.768994e-20 1.251396e-17 2.362491e+01
314000 2.129127e-21 -2.817101e-20 1.257122e-17 3.084240e+02
315000 1.455769e-23 -3.868255e-20 1.260054e-17 2.108818e+00
316000 6.747822e-21 -3.542020e-20 1.264482e-17 9.774855e+02
317000 4.964954e-21 -3.480545e-20 1.270065e-17 7.192203e+02
318000 5.810221e-22 -3.686730e-20 1.271772e-17 8.416652e+01
319000 2.267918e-22 -3.299677e-20 1.278120e-17 3.285292e+01
320000 1.834763e-22 -3.696879e-20 1.281284e-17 2.657826e+01
321000 4.692979e-21 -3.738747e-20 1.285360e-17 6.798221e+02
322000 1.240871e-21 -4.104223e-20 1.288563e-17 1.797518e+02
323000 1.583308e-22 -4.086846e-20 1.291179e-17 2.293571e+01
324000 2.661977e-21 -4.041493e-20 1.297348e-17 3.856125e+02
325000 4.387046e-23 -4.103808e-20 1.300589e-17 6.355048e+00
326000 3.030215e-23 -4.097085e-20 1.304946e-17 4.389552e+00
327000 1.440845e-21 -4.058048e-20 1.308699e-17 2.087199e+02
328000 2.484488e-21 -3.863427e-20 1.312108e-17 3.599014e+02
329000 2.468693e-21 -3.996993e-20 1.316804e-17 3.576134e+02
330000 2.499347e-21 -4.109961e-20 1.322052e-17 3.620540e+02
331000 2.686472e-21 -4.107670e-20 1.327113e-17 3.891607e+02
332000 4.320520e-22 -2.467935e-20 1.327705e-17 6.258680e+01
333000 8.054350e-23 -2.365224e-20 1.332890e-17 1.166748e+01
334000 4.605212e-22 -3.154299e-20 1.336814e-17 6.671082e+01
335000 3.628348e-23 -2.170864e-20 1.341886e-17 5.256004e+00
336000 2.029280e-23 -3.239558e-20 1.345212e-17 2.939603e+00
337000 2.138731e-21 -3.372815e-20 1.349303e-17 3.098153e+02
338000 7.959088e-22 -2.606909e-20 1.353673e-17 1.152949e+02
339000 2.384280e-21 -3.038806e-20 1.357661e-17 3.453854e+02
340000 1.897968e-21 -3.758686e-20 1.360309e-17 2.749386e+02
341000 1.101792e-21 -3.962617e-20 1.363208e-17 1.596050e+02
342000 1.868871e-21 -3.933881e-20 1.369069e-17 2.707235e+02
343000 8.382139e-21 -3.688562e-20 1.372812e-17 1.214232e+03
344000 8.561230e-22 -3.818957e-20 1.377197e-17 1.240175e+02
345000 1.201984e-21 -3.782165e-20 1.382598e-17 1.741188e+02
346000 4.262749e-21 -3.636723e-20 1.386185e-17 6.174993e+02
347000 6.267398e-22 -3.657381e-20 1.391480e-17 9.078915e+01
348000 1.479248e-22 -4.051005e-20 1.392789e-17 2.142830e+01
349000 4.370223e-21 -3.908656e-20 1.397391e-17 6.330679e+02
350000 6.372915e-22 -3.925839e-20 1.402142e-17 9.231767e+01
351000 8.730531e-21 -4.071023e-20 1.406595e-17 1.264700e+03
352000 1.533081e-22 -4.089557e-20 1.408828e-17 2.220813e+01
353000 8.247349e-26 -4.107383e-20 1.414309e-17 1.194706e-02
354000 8.941943e-22 -4.085418e-20 1.418219e-17 1.295325e+02
355000 8.146428e-22 -4.017762e-20 1.421589e-17 1.180087e+02
356000 5.524916e-22 -4.042598e-20 1.426319e-17 8.003361e+01
357000 1.111098e-21 -4.094660e-20 1.431449e-17 1.609529e+02
358000 5.180951e-22 -3.899027e-20 1.433607e-17 7.505095e+01
359000 1.142710e-22 -4.089179e-20 1.437819e-17 1.655323e+01
360000 8.134706e-25 -3.991673e-20 1.441098e-17 1.178389e-01
361000 1.251438e-22 -3.967858e-20 1.445932e-17 1.812825e+01
362000 1.583864e-21 -4.080200e-20 1.450409e-17 2.294375e+02
363000 3.015841e-21 -3.947792e-20 1.456199e-17 4.368729e+02
364000 4.812058e-21 -3.537083e-20 1.458938e-17 6.970719e+02
365000 8.098369e-23 -3.294057e-20 1.461927e-17 1.173125e+01
366000 3.244135e-21 -1.219564e-20 1.466517e-17 4.699435e+02
367000 9.681396e-22 -2.793741e-20 1.471148e-17 1.402441e+02
368000 2.661127e-23 -2.864311e-20 1.475203e-17 3.854892e+00
369000 1.052679e-21 -2.938554e-20 1.479962e-17 1.524904e+02
370000 6.042613e-21 -3.453137e-20 1.483995e-17 8.753293e+02
371000 1.177693e-22 -3.169126e-20 1.487424e-17 1.705999e+01
372000 3.279718e-23 -3.597997e-20 1.491604e-17 4.750981e+00
373000 1.542786e-21 -3.750856e-20 1.495561e-17 2.234870e+02
374000 2.230252e-21 -3.696537e-20 1.499842e-17 3.230730e+02
375000 8.579047e-21 -3.888924e-20 1.504429e-17 1.242756e+03
376000 4.435136e-22 -3.629565e-20 1.504394e-17 6.424712e+01
377000 1.117765e-21 -3.523974e-20 1.509377e-17 1.619188e+02
378000 1.770653e-21 -3.630406e-20 1.514520e-17 2.564957e+02
379000 7.642264e-22 -3.963768e-20 1.516997e-17 1.107054e+02
380000 5.626504e-21 -1.643238e-20 1.520919e-17 8.150520e+02
381000 3.112377e-22 -1.537977e-20 1.524497e-17 4.508571e+01
382000 8.903163e-22 -1.447452e-20 1.528919e-17 1.289707e+02
383000 2.965618e-21 -2.049196e-20 1.532638e-17 4.295976e+02
384000 6.047950e-22 -1.968544e-20 1.536166e-17 8.761025e+01
385000 2.959969e-21 -1.863342e-20 1.542012e-17 4.287793e+02
386000 3.603802e-21 -2.668493e-20 1.545436e-17 5.220447e+02
387000 3.088836e-21 -2.732257e-20 1.549028e-17 4.474470e+02
388000 3.047566e-21 -2.896801e-20 1.553538e-17 4.414687e+02
389000 1.672137e-21 -2.954412e-20 1.558481e-17 2.422248e+02
390000 4.072712e-21 -2.824680e-20 1.562492e-17 5.899706e+02
391000 1.736947e-22 -2.217259e-20 1.565016e-17 2.516132e+01
392000 2.865271e-21 -3.431521e-20 1.570423e-17 4.150614e+02
393000 2.844003e-21 -3.550613e-20 1.574320e-17 4.119805e+02
394000 3.913431e-23 -3.982562e-20 1.578228e-17 5.668974e+00
395000 1.968641e-21 -4.059785e-20 1.583589e-17 2.851762e+02
396000 2.593665e-21 -3.829624e-20 1.587785e-17 3.757168e+02
397000 1.221698e-22 -3.916746e-20 1.592597e-17 1.769745e+01
398000 3.099020e-21 -4.104015e-20 1.595761e-17 4.489222e+02
399000 5.036394e-21 -4.100927e-20 1.599672e-17 7.295691e+02
400000 1.113121e-22 -4.048741e-20 1.602887e-17 1.612460e+01
401000 8.123741e-22 -4.066821e-20 1.607433e-17 1.176800e+02
402000 5.465398e-22 -4.109990e-20 1.612060e-17 7.917144e+01
403000 7.158530e-21 -2.593266e-20 1.612890e-17 1.036980e+03
404000 1.180654e-22 -2.465916e-20 1.616424e-17 1.710288e+01
405000 1.551635e-21 -2.001629e-20 1.621942e-17 2.247690e+02
406000 6.220301e-21 -1.923122e-20 1.625862e-17 9.010691e+02
407000 2.065728e-21 -2.500036e-20 1.630072e-17 2.992401e+02
408000 4.911933e-21 -1.010581e-20 1.633481e-17 7.115398e+02
409000 4.924932e-22 -1.719024e-20 1.636420e-17 7.134227e+01
410000 1.369014e-21 -1.388774e-20 1.643008e-17 1.983145e+02
411000 1.054565e-21 -1.581674e-20 1.645455e-17 1.527637e+02
412000 4.424085e-22 -1.753306e-20 1.649398e-17 6.408703e+01
413000 1.604001e-21 -1.787087e-20 1.654147e-17 2.323547e+02
414000 4.349217e-21 -2.250567e-20 1.657763e-17 6.300250e+02
415000 3.409324e-21 -3.756370e-20 1.662536e-17 4.938727e+02
416000 3.063940e-21 -3.103318e-20 1.665191e-17 4.438406e+02
417000 4.405090e-22 -3.096583e-20 1.671017e-17 6.381187e+01
418000 6.390969e-21 -3.184211e-20 1.674832e-17 9.257920e+02
419000 1.500756e-21 -3.345683e-20 1.678994e-17 2.173987e+02
420000 9.693183e-21 -3.830236e-20 1.682188e-17 1.404149e+03
421000 9.706303e-21 -1.957728e-20 1.688779e-17 1.406049e+03
422000 1.809511e-22 -4.006739e-21 1.689696e-17 2.621247e+01
423000 4.841177e-21 -1.313884e-20 1.693301e-17 7.012901e+02
424000 2.175687e-21 -1.101855e-20 1.697121e-17 3.151687e+02
425000 8.442433e-21 -1.256153e-20 1.701833e-17 1.222966e+03
426000 4.126009e-21 -7.335773e-21 1.705681e-17 5.976912e+02
427000 4.442216e-22 -8.889832e-21 1.709155e-17 6.434968e+01
428000 3.863194e-21 -8.303161e-21 1.713665e-17 5.596200e+02
429000 2.561230e-21 -1.162723e-20 1.717257e-17 3.710183e+02
430000 3.339794e-21 -1.228423e-20 1.722459e-17 4.838006e+02
431000 3.295435e-25 -7.748666e-21 1.725756e-17 4.773747e-02
432000 3.158967e-21 -1.057066e-20 1.730151e-17 4.576060e+02
433000 6.945192e-23 -9.088627e-21 1.734559e-17 1.006076e+01
434000 2.730611e-21 -1.199290e-20 1.739291e-17 3.955547e+02
435000 2.701274e-21 -1.655991e-20 1.742786e-17 3.913050e+02
436000 2.879567e-22 -1.503653e-20 1.745935e-17 4.171324e+01
437000 1.647513e-20 -2.702260e-21 1.751839e-17 2.386578e+03
438000 2.678244e-21 -9.522304e-21 1.753996e-17 3.879689e+02
439000 9.507053e-22 -9.469947e-21 1.759960e-17 1.377186e+02
440000 1.005569e-22 -4.108760e-20 1.765323e-17 1.456662e+01
441000 4.546696e-22 -3.360359e-20 1.767803e-17 6.586316e+01
442000 5.241745e-23 -3.269141e-20 1.772479e-17 7.593161e+00
443000 3.872233e-22 -3.728483e-20 1.777369e-17 5.609294e+01
444000 1.185280e-21 -1.781255e-20 1.777808e-17 1.716989e+02
445000 4.621727e-24 -2.501650e-20 1.782369e-17 6.695006e-01
446000 1.415487e-21 -2.012733e-20 1.786142e-17 2.050466e+02
447000 7.059273e-22 -1.021209e-20 1.791513e-17 1.022602e+02
448000 2.847060e-22 2.071396e-20 1.796100e-17 4.124235e+01
449000 2.803594e-21 9.397002e-21 1.799220e-17 4.061270e+02
450000 1.019806e-21 -3.491535e-20 1.805853e-17 1.477285e+02
451000 9.253607e-22 -3.586322e-20 1.809427e-17 1.340472e+02
452000 1.085327e-20 -4.019491e-20 1.812409e-17 1.572198e+03
453000 7.944478e-22 -4.076416e-20 1.816942e-17 1.150832e+02
454000 6.489208e-23 -3.977804e-20 1.820329e-17 9.400228e+00
455000 2.790467e-21 -4.061942e-20 1.826097e-17 4.042254e+02
456000 4.220689e-23 -3.850739e-20 1.828719e-17 6.114065e+00
457000 1.368926e-21 -4.001855e-20 1.832923e-17 1.983018e+02
458000 1.998524e-21 -3.971735e-20 1.839038e-17 2.895050e+02
459000 8.863410e-24 -3.890921e-20 1.838511e-17 1.283948e+00
460000 1.224062e-21 -3.869662e-20 1.843101e-17 1.773169e+02
461000 4.125032e-21 -3.677592e-20 1.848126e-17 5.975497e+02
462000 1.165628e-22 -3.947978e-20 1.850857e-17 1.688522e+01
463000 5.763316e-22 -3.999843e-20 1.856073e-17 8.348706e+01
464000 1.092124e-21 -3.252446e-20 1.859690e-17 1.582044e+02
465000 1.009324e-21 -2.152585e-20 1.862065e-17 1.462101e+02
466000 1.154656e-21 -2.085493e-20 1.866955e-17 1.672628e+02
467000 8.834093e-22 -2.671278e-20 1.871445e-17 1.279702e+02
468000 4.183668e-21 -2.746553e-20 1.875444e-17 6.060436e+02
469000 1.159959e-20 -2.919721e-20 1.880723e-17 1.680309e+03
470000 2.012003e-22 -2.948502e-20 1.885550e-17 2.914576e+01
471000 1.014796e-21 -3.574653e-20 1.886901e-17 1.470027e+02
472000 7.865845e-22 -3.458542e-20 1.891893e-17 1.139442e+02
473000 3.104073e-21 -3.387665e-20 1.896444e-17 4.496542e+02
474000 4.232039e-21 -3.025523e-20 1.899177e-17 6.130507e+02
475000 6.146664e-23 -3.110412e-20 1.904760e-17 8.904022e+00
476000 5.883527e-24 -3.492990e-20 1.908560e-17 8.522842e-01
477000 5.373186e-23 -3.806135e-20 1.911815e-17 7.783566e+00
478000 4.960033e-22 -3.731362e-20 1.916164e-17 7.185074e+01
479000 1.354133e-21 -4.020956e-20 1.920188e-17 1.961589e+02
480000 7.505210e-22 -4.094304e-20 1.925006e-17 1.087200e+02
481000 1.084549e-23 -4.103812e-20 1.929589e-17 1.571071e+00
482000 4.898766e-21 -3.849585e-20 1.932672e-17 7.096324e+02
483000 6.243274e-21 -3.582326e-20 1.937086e-17 9.043969e+02
484000 2.231683e-21 -3.956674e-20 1.941104e-17 3.232802e+02
485000 6.683683e-21 -1.452095e-20 1.943162e-17 9.681944e+02
486000 1.214772e-22 -2.687439e-20 1.946777e-17 1.759711e+01
487000 1.662963e-21 -4.097245e-21 1.949807e-17 2.408959e+02
488000 5.424150e-21 5.602771e-21 1.955129e-17 7.857391e+02
489000 5.687070e-22 1.165814e-20 1.959706e-17 8.238257e+01
490000 1.578691e-23 -2.361144e-20 1.963170e-17 2.286882e+00
491000 5.582748e-21 -3.323980e-21 1.967804e-17 8.087135e+02
492000 4.166220e-23 2.880716e-21 1.970648e-17 6.035161e+00
493000 2.770967e-21 -2.299510e-20 1.976839e-17 4.014007e+02
494000 2.934961e-21 -6.481634e-21 1.980168e-17 4.251567e+02
495000 9.877967e-22 -1.531448e-21 1.983233e-17 1.430917e+02
496000 4.814158e-22 7.385640e-21 1.988164e-17 6.973761e+01
497000 3.691074e-23 2.696956e-20 1.992701e-17 5.346869e+00
498000 7.782080e-22 -1.925935e-20 1.995579e-17 1.127308e+02
499000 3.726032e-21 -1.773889e-20 2.000409e-17 5.397507e+02
500000 2.221286e-22 2.509773e-20 2.005563e-17 3.217742e+01
501000 7.771419e-24 -3.052483e-20 2.007675e-17 1.125763e+00
502000 4.442981e-21 -1.371459e-20 2.012867e-17 6.436077e+02
503000 2.938623e-25 -2.084131e-20 2.016675e-17 4.256872e-02
504000 5.514610e-21 -2.210555e-20 2.021988e-17 7.988432e+02
505000 3.197295e-21 3.507429e-21 2.024972e-17 4.631583e+02
506000 4.506911e-22 1.646442e-20 2.027728e-17 6.528685e+01
507000 2.329755e-21 1.806951e-20 2.033532e-17 3.374869e+02
508000 3.562117e-22 -3.813526e-20 2.038396e-17 5.160062e+01
509000 5.838995e-22 3.423797e-20 2.041482e-17 8.458334e+01
510000 2.889115e-23 4.432028e-20 2.046435e-17 4.185155e+00
511000 2.270643e-21 3.072052e-20 2.049669e-17 3.289240e+02
512000 9.616282e-23 3.930011e-20 2.054013e-17 1.393009e+01
513000 4.885225e-26 1.370126e-20 2.056364e-17 7.076708e-03
514000 3.852931e-21 1.094429e-20 2.062561e-17 5.581334e+02
515000 4.350692e-22 -9.064891e-21 2.064675e-17 6.302387e+01
516000 1.701299e-21 3.534700e-22 2.069008e-17 2.464492e+02
517000 7.226606e-23 -2.522148e-20 2.072534e-17 1.046842e+01
518000 3.411398e-21 -3.070644e-20 2.077853e-17 4.941731e+02
519000 3.108130e-23 2.050894e-20 2.082620e-17 4.502419e+00
520000 6.961115e-22 -1.645591e-20 2.084930e-17 1.008383e+02
521000 7.246368e-21 -1.240415e-20 2.090012e-17 1.049705e+03
522000 2.023486e-22 -5.294712e-21 2.092611e-17 2.931209e+01
523000 1.026017e-21 2.120793e-21 2.098287e-17 1.486282e+02
524000 1.113444e-21 -2.647220e-20 2.101433e-17 1.612929e+02
525000 7.988521e-21 -1.408046e-20 2.107455e-17 1.157212e+03
526000 5.154940e-21 -3.366944e-20 2.110399e-17 7.467415e+02
527000 1.532004e-23 -1.949006e-20 2.114063e-17 2.219252e+00
528000 3.226847e-21 -3.542656e-20 2.118989e-17 4.674391e+02
529000 1.095687e-21 -3.678505e-20 2.122796e-17 1.587206e+02
530000 2.288163e-22 -3.790897e-20 2.127401e-17 3.314619e+01
531000 1.112994e-21 -2.885909e-20 2.130016e-17 1.612276e+02
532000 9.421329e-21 -3.455688e-20 2.136123e-17 1.364768e+03
533000 5.125198e-22 -3.755385e-20 2.137352e-17 7.424332e+01
534000 1.970722e-21 -4.076598e-20 2.140041e-17 2.854777e+02
535000 1.055940e-22 -4.041568e-20 2.144781e-17 1.529629e+01
536000 2.233475e-20 -3.894505e-20 2.151728e-17 3.235398e+03
537000 3.217044e-21 -4.102802e-20 2.153635e-17 4.660191e+02
538000 2.478648e-21 -4.046752e-20 2.158342e-17 3.590555e+02
539000 1.021175e-21 -4.108480e-20 2.161007e-17 1.479268e+02
540000 3.722536e-22 -4.066440e-20 2.166039e-17 5.392444e+01
541000 7.905709e-21 -3.822328e-20 2.170167e-17 1.145216e+03
542000 2.174432e-21 -2.976537e-20 2.174103e-17 3.149869e+02
543000 4.560656e-21 -3.905702e-20 2.179447e-17 6.606539e+02
544000 1.907246e-21 -3.870906e-20 2.182705e-17 2.762825e+02
545000 1.614239e-21 -3.948369e-20 2.187803e-17 2.338377e+02
546000 5.725421e-21 -3.923898e-20 2.192106e-17 8.293811e+02
547000 2.168963e-21 -3.905748e-20 2.197068e-17 3.141947e+02
548000 3.844058e-21 -8.231341e-21 2.198937e-17 5.568479e+02
549000 1.184854e-20 5.237399e-20 2.204423e-17 1.716373e+03
550000 4.858477e-21 1.378336e-20 2.207070e-17 7.037961e+02
551000 2.042588e-21 5.851870e-21 2.210242e-17 2.958881e+02
552000 8.939949e-22 -2.353219e-21 2.213653e-17 1.295036e+02
553000 1.748748e-22 -5.325557e-21 2.218704e-17 2.533227e+01
554000 3.198707e-22 2.386325e-20 2.222588e-17 4.633629e+01
555000 5.158396e-22 7.812181e-21 2.226915e-17 7.472422e+01
556000 1.206139e-21 5.963040e-20 2.232087e-17 1.747206e+02
557000 6.283773e-21 -1.102744e-20 2.234582e-17 9.102636e+02
558000 3.892939e-22 -1.358480e-21 2.239203e-17 5.639288e+01
559000 1.199470e-26 -1.149004e-20 2.243800e-17 1.737546e-03
560000 1.237270e-21 -1.526254e-20 2.246946e-17 1.792302e+02
561000 4.155033e-22 -2.192307e-20 2.251422e-17 6.018956e+01
562000 1.264604e-21 -1.946987e-20 2.256197e-17 1.831898e+02
563000 2.531953e-21 -1.766728e-20 2.259262e-17 3.667773e+02
564000 9.086281e-22 1.597877e-20 2.263469e-17 1.316233e+02
565000 2.664092e-22 2.270993e-20 2.268034e-17 3.859188e+01
566000 2.833302e-22 -4.890223e-21 2.272598e-17 4.104305e+01
567000 3.071089e-21 6.385167e-20 2.276952e-17 4.448761e+02
568000 1.760227e-21 4.103037e-21 2.279952e-17 2.549855e+02
569000 5.835592e-21 2.526968e-22 2.284931e-17 8.453404e+02
570000 1.321167e-21 2.740604e-20 2.287935e-17 1.913834e+02
571000 1.402923e-21 3.225664e-20 2.291720e-17 2.032266e+02
572000 3.190248e-22 3.535283e-20 2.295773e-17 4.621374e+01
573000 3.186930e-22 4.863074e-20 2.299349e-17 4.616567e+01
574000 2.819439e-21 4.414153e-20 2.304860e-17 4.084223e+02
575000 6.692316e-23 2.936674e-20 2.308531e-17 9.694450e+00
576000 1.447641e-21 5.375344e-20 2.313178e-17 2.097044e+02
577000 1.871955e-22 6.807088e-20 2.317115e-17 2.711702e+01
578000 9.007612e-23 5.986528e-20 2.322331e-17 1.304837e+01
579000 1.256649e-21 1.925491e-20 2.324791e-17 1.820375e+02
580000 1.323838e-23 -9.113517e-21 2.328411e-17 1.917704e+00
581000 2.984174e-22 9.213721e-21 2.332173e-17 4.322857e+01
582000 2.087527e-25 -8.041543e-21 2.337814e-17 3.023979e-02
583000 3.337808e-21 1.464587e-20 2.341598e-17 4.835128e+02
584000 4.598898e-22 4.108744e-20 2.344298e-17 6.661936e+01
585000 9.767169e-22 3.626438e-20 2.349103e-17 1.414866e+02
586000 2.524594e-22 4.815033e-20 2.353450e-17 3.657112e+01
587000 2.573447e-22 5.604041e-21 2.357480e-17 3.727881e+01
588000 1.725319e-22 2.627418e-21 2.361736e-17 2.499287e+01
589000 8.265310e-26 1.662461e-21 2.366757e-17 1.197308e-02
590000 4.300432e-21 -3.175444e-20 2.366441e-17 6.229581e+02
591000 3.168161e-21 -2.407782e-20 2.370551e-17 4.589379e+02
592000 5.482587e-22 -2.790523e-20 2.375093e-17 7.942044e+01
593000 2.125354e-21 -2.645989e-20 2.379666e-17 3.078775e+02
594000 3.465665e-21 -3.264461e-20 2.383282e-17 5.020342e+02
595000 6.426641e-22 -3.041798e-20 2.387597e-17 9.309594e+01
596000 1.270114e-24 -2.943628e-20 2.391726e-17 1.839880e-01
597000 5.750781e-25 -2.529134e-20 2.395590e-17 8.330548e-02
598000 7.155270e-22 -2.459034e-20 2.401034e-17 1.036508e+02
599000 1.183604e-21 -1.698461e-20 2.404633e-17 1.714562e+02
600000 1.868050e-21 -1.156116e-20 2.410069e-17 2.706047e+02
601000 4.678419e-21 -2.170950e-20 2.413751e-17 6.777130e+02
602000 6.207875e-22 -3.260720e-21 2.417141e-17 8.992691e+01
603000 1.031530e-21 -1.411363e-21 2.422578e-17 1.494269e+02
604000 4.558025e-24 -2.702620e-20 2.424157e-17 6.602728e-01
605000 7.271187e-22 -3.700417e-20 2.428403e-17 1.053300e+02
606000 1.897586e-22 -3.596152e-20 2.432222e-17 2.748832e+01
607000 1.117159e-22 -3.836153e-20 2.437283e-17 1.618310e+01
608000 1.938577e-21 -3.311878e-20 2.437255e-17 2.808211e+02
609000 6.559407e-22 -3.648182e-20 2.440740e-17 9.501918e+01
610000 3.513518e-21 -3.590085e-20 2.446517e-17 5.089662e+02
611000 1.691067e-21 -3.768129e-20 2.450579e-17 2.449669e+02
612000 2.352480e-21 -3.780663e-20 2.456066e-17 3.407789e+02
613000 5.668111e-21 -2.164496e-21 2.454537e-17 8.210792e+02
614000 5.822955e-22 -3.166426e-21 2.457842e-17 8.435098e+01
615000 7.449831e-22 -5.559236e-21 2.462057e-17 1.079178e+02
616000 2.239666e-24 -4.452399e-21 2.466314e-17 3.244366e-01
617000 7.733861e-21 -1.833790e-21 2.471695e-17 1.120323e+03
618000 7.896200e-22 -3.366901e-21 2.475548e-17 1.143839e+02
619000 7.298660e-21 -6.975216e-21 2.478806e-17 1.057280e+03
620000 6.993718e-21 -8.038653e-21 2.483934e-17 1.013106e+03
621000 6.148191e-21 -6.923252e-21 2.488580e-17 8.906233e+02
622000 1.275702e-20 -8.752102e-21 2.493332e-17 1.847975e+03
623000 1.232864e-23 -1.478918e-20 2.495363e-17 1.785920e+00
624000 7.988025e-22 -1.713147e-20 2.499768e-17 1.157141e+02
625000 1.698602e-22 -3.035506e-21 2.502190e-17 2.460584e+01
626000 1.141767e-21 -1.099722e-21 2.507365e-17 1.653956e+02
627000 2.900327e-21 -5.015108e-23 2.511766e-17 4.201397e+02
628000 4.416108e-24 -2.057775e-23 2.515113e-17 6.397148e-01
629000 3.341070e-21 -3.797189e-22 2.519742e-17 4.839854e+02
630000 2.415260e-21 -1.750402e-23 2.522859e-17 3.498731e+02
631000 3.947468e-21 -8.717877e-22 2.528436e-17 5.718280e+02
632000 1.768994e-21 -2.282641e-22 2.531287e-17 2.562555e+02
633000 2.675692e-21 -8.611933e-23 2.536535e-17 3.875992e+02
634000 2.353843e-22 -1.073726e-23 2.540692e-17 3.409762e+01
635000 5.454956e-23 -1.417721e-21 2.543298e-17 7.902017e+00
636000 2.431070e-23 -9.585479e-22 2.547514e-17 3.521634e+00
637000 1.941550e-21 -4.394137e-22 2.552287e-17 2.812518e+02
638000 2.643213e-21 -7.280747e-21 2.554412e-17 3.828943e+02
639000 2.000541e-21 -3.836192e-21 2.558520e-17 2.897972e+02
640000 5.879718e-22 -6.900518e-21 2.564086e-17 8.517324e+01
641000 1.002846e-21 -2.290144e-20 2.566146e-17 1.452716e+02
642000 1.737875e-22 -1.705610e-20 2.570165e-17 2.517476e+01
643000 5.290704e-21 -2.180222e-20 2.573838e-17 7.664083e+02
644000 6.621132e-21 -1.842862e-20 2.579617e-17 9.591333e+02
645000 2.176462e-22 -2.037098e-20 2.582686e-17 3.152810e+01
646000 1.346555e-21 -2.154350e-20 2.587175e-17 1.950612e+02
647000 7.734605e-23 -4.101072e-20 2.590959e-17 1.120430e+01
648000 5.347087e-25 -4.107468e-20 2.594672e-17 7.745759e-02
649000 1.616576e-22 -4.089438e-20 2.599671e-17 2.341762e+01
650000 2.863796e-22 -3.793570e-20 2.603149e-17 4.148478e+01
651000 3.860797e-22 -3.627981e-20 2.605488e-17 5.592727e+01
652000 4.030150e-21 -3.650688e-20 2.611599e-17 5.838051e+02
653000 4.749846e-23 -3.687858e-20 2.615909e-17 6.880599e+00
654000 3.552300e-21 -3.921352e-20 2.620032e-17 5.145841e+02
655000 3.410351e-22 -3.834517e-20 2.623561e-17 4.940215e+01
656000 2.853818e-22 -2.932371e-20 2.627864e-17 4.134023e+01
657000 2.471710e-22 -3.373502e-20 2.632112e-17 3.580505e+01
658000 9.183634e-21 -3.514302e-20 2.636851e-17 1.330336e+03
659000 7.623049e-21 -3.073970e-20 2.639632e-17 1.104270e+03
660000 7.447029e-22 -3.233888e-20 2.644979e-17 1.078772e+02
661000 1.422115e-20 -4.101819e-20 2.649715e-17 2.060068e+03
662000 4.133856e-22 -3.115066e-20 2.649891e-17 5.988280e+01
663000 1.464367e-21 -3.447792e-20 2.655264e-17 2.121274e+02
664000 2.959599e-22 -3.869164e-20 2.658555e-17 4.287257e+01
665000 8.441601e-24 -4.078856e-20 2.662273e-17 1.222845e+00
666000 1.635114e-21 -4.062823e-20 2.666341e-17 2.368617e+02
667000 3.510785e-22 -3.618918e-20 2.671363e-17 5.085703e+01
668000 3.541643e-21 -4.039455e-20 2.676069e-17 5.130403e+02
669000 4.117809e-22 -4.109946e-20 2.678826e-17 5.965034e+01
670000 1.764721e-21 -4.108204e-20 2.682977e-17 2.556364e+02
671000 1.494892e-22 -4.091942e-20 2.687769e-17 2.165492e+01
672000 5.224073e-21 -3.794065e-20 2.691707e-17 7.567561e+02
673000 3.221053e-23 -3.733312e-20 2.695370e-17 4.665998e+00
674000 1.774000e-22 -3.980692e-20 2.698174e-17 2.569806e+01
675000 1.517752e-22 -3.924842e-20 2.704059e-17 2.198607e+01
676000 2.752182e-21 -4.021165e-20 2.707818e-17 3.986795e+02
677000 3.793539e-21 -4.004501e-20 2.713187e-17 5.495298e+02
678000 4.731619e-22 -4.077005e-20 2.716699e-17 6.854196e+01
679000 1.093770e-21 -4.081954e-20 2.720591e-17 1.584428e+02
680000 9.733502e-22 -3.972013e-20 2.724583e-17 1.409989e+02
681000 3.618355e-21 -4.036501e-20 2.728550e-17 5.241527e+02
682000 9.271390e-22 -4.105112e-20 2.732486e-17 1.343048e+02
683000 9.530513e-23 -4.065056e-20 2.736555e-17 1.380584e+01
684000 2.294884e-21 -4.059278e-20 2.741882e-17 3.324356e+02
685000 5.745203e-22 -2.611062e-20 2.743621e-17 8.322467e+01
686000 5.204536e-23 -1.904260e-20 2.747813e-17 7.539260e+00
687000 1.386524e-21 -8.727808e-21 2.752966e-17 2.008510e+02
688000 2.044950e-21 -1.476322e-20 2.755102e-17 2.962303e+02
689000 2.022234e-21 -1.359385e-20 2.759130e-17 2.929396e+02
690000 1.513048e-21 -1.589914e-20 2.762619e-17 2.191792e+02
691000 1.704004e-21 -1.625667e-20 2.766335e-17 2.468410e+02
692000 5.846119e-21 -1.749829e-20 2.772429e-17 8.468653e+02
693000 5.843681e-22 -2.331140e-20 2.775206e-17 8.465121e+01
694000 5.126615e-21 -2.239147e-20 2.779613e-17 7.426384e+02
695000 1.620780e-21 -3.250275e-20 2.784271e-17 2.347853e+02
696000 1.686215e-21 -1.409667e-20 2.786554e-17 2.442641e+02
697000 3.616633e-24 -1.137728e-20 2.791541e-17 5.239033e-01
698000 2.044674e-22 -1.259679e-20 2.795759e-17 2.961903e+01
699000 5.816426e-22 -2.474153e-20 2.799779e-17 8.425640e+01
700000 2.481049e-22 -1.969372e-20 2.804316e-17 3.594033e+01
701000 1.572755e-21 -3.139089e-20 2.808484e-17 2.278283e+02
702000 1.095559e-21 -3.185833e-20 2.812332e-17 1.587021e+02
703000 1.621831e-21 -3.578093e-20 2.815938e-17 2.349375e+02
704000 8.530878e-21 -2.844612e-20 2.821405e-17 1.235778e+03
705000 6.421616e-22 -3.846887e-20 2.824294e-17 9.302316e+01
706000 1.367302e-21 -3.971573e-20 2.828056e-17 1.980666e+02
707000 2.310487e-21 -3.323287e-20 2.829175e-17 3.346958e+02
708000 3.892770e-22 -3.314319e-20 2.835505e-17 5.639044e+01
709000 1.363759e-21 -3.471206e-20 2.840604e-17 1.975533e+02
710000 2.551033e-23 -3.634732e-20 2.845233e-17 3.695412e+00
711000 1.928882e-23 -3.767917e-20 2.848268e-17 2.794167e+00
712000 1.570450e-20 -3.963693e-20 2.855262e-17 2.274945e+03
713000 1.640070e-21 -3.585330e-20 2.856140e-17 2.375796e+02
714000 5.332481e-22 -4.068126e-20 2.861247e-17 7.724600e+01
715000 8.649455e-24 -3.352081e-20 2.865878e-17 1.252955e+00
716000 1.093298e-21 -1.433389e-20 2.865176e-17 1.583745e+02
717000 1.673678e-21 -1.086732e-20 2.869580e-17 2.424481e+02
718000 8.026840e-23 -3.138118e-21 2.874318e-17 1.162763e+01
719000 8.213006e-23 -1.927403e-20 2.877456e-17 1.189731e+01
720000 9.439885e-22 -2.092350e-20 2.882443e-17 1.367456e+02
721000 2.195809e-21 -2.805670e-20 2.887929e-17 3.180836e+02
722000 1.515896e-21 -1.033193e-20 2.891533e-17 2.195918e+02
723000 1.487151e-21 9.918803e-22 2.895626e-17 2.154278e+02
724000 1.183973e-23 9.072538e-21 2.898923e-17 1.715096e+00
725000 2.190648e-22 -2.431292e-20 2.902068e-17 3.173360e+01
726000 9.824090e-21 -2.533696e-20 2.908838e-17 1.423112e+03
727000 8.082482e-21 -6.572725e-21 2.912895e-17 1.170824e+03
728000 2.389816e-22 -2.041560e-20 2.915978e-17 3.461874e+01
729000 1.853879e-22 -1.561770e-20 2.918216e-17 2.685519e+01
730000 6.792690e-23 -1.220499e-20 2.923631e-17 9.839851e+00
731000 5.106713e-22 -1.422952e-20 2.927945e-17 7.397554e+01
732000 1.523932e-20 1.591526e-20 2.933498e-17 2.207559e+03
733000 2.657745e-21 -2.049549e-20 2.938314e-17 3.849994e+02
734000 1.681782e-22 2.787241e-20 2.940804e-17 2.436220e+01
735000 4.140396e-21 2.158865e-20 2.944575e-17 5.997753e+02
736000 4.488168e-21 6.237670e-21 2.947761e-17 6.501534e+02
737000 5.180810e-21 3.316448e-21 2.952895e-17 7.504891e+02
738000 1.150635e-21 -4.001658e-20 2.956603e-17 1.666803e+02
739000 7.732780e-22 -4.052571e-20 2.961710e-17 1.120166e+02
740000 3.514691e-21 -3.738736e-20 2.963849e-17 5.091361e+02
741000 1.296967e-23 -3.453652e-20 2.968949e-17 1.878778e+00
742000 1.137235e-21 -3.915857e-20 2.973631e-17 1.647392e+02
743000 7.484438e-22 -3.479092e-20 2.979007e-17 1.084191e+02
744000 5.728963e-21 -3.839966e-20 2.982359e-17 8.298942e+02
745000 6.866724e-22 -3.952001e-20 2.986782e-17 9.947095e+01
746000 5.593339e-22 -3.748302e-20 2.989610e-17 8.102477e+01
747000 8.218402e-22 -3.577425e-20 2.994187e-17 1.190513e+02
748000 2.743799e-21 -3.906833e-20 2.999421e-17 3.974651e+02
749000 2.200861e-21 3.381113e-20 3.001604e-17 3.188154e+02
750000 9.222975e-22 -1.722749e-20 3.004927e-17 1.336035e+02
751000 1.751525e-21 1.222006e-20 3.009012e-17 2.537249e+02
752000 4.319578e-22 1.041941e-20 3.013318e-17 6.257315e+01
753000 5.686333e-26 -1.741838e-21 3.015603e-17 8.237188e-03
754000 1.061195e-22 -4.102783e-21 3.021011e-17 1.537241e+01
755000 2.882379e-21 1.918319e-20 3.024919e-17 4.175397e+02
756000 1.328611e-21 2.413671e-21 3.029824e-17 1.924618e+02
757000 4.369228e-21 -9.471889e-21 3.033287e-17 6.329238e+02
758000 4.894853e-23 -7.410756e-21 3.037219e-17 7.090655e+00
759000 1.570128e-22 -1.524767e-20 3.041263e-17 2.274479e+01
760000 3.619471e-22 -1.920387e-20 3.044971e-17 5.243144e+01
761000 4.973222e-22 -3.795489e-20 3.050678e-17 7.204179e+01
762000 8.812799e-23 -3.884525e-20 3.055021e-17 1.276617e+01
763000 4.374818e-22 -2.325408e-20 3.055626e-17 6.337336e+01
764000 1.331221e-22 -3.033931e-20 3.060250e-17 1.928399e+01
765000 1.389198e-23 -2.167304e-20 3.064977e-17 2.012385e+00
766000 1.976234e-21 -2.657594e-20 3.069385e-17 2.862761e+02
767000 5.870020e-22 -2.437695e-20 3.073359e-17 8.503277e+01
768000 4.984680e-21 -2.316356e-20 3.078808e-17 7.220778e+02
769000 1.110484e-22 -3.068583e-20 3.082373e-17 1.608641e+01
770000 2.809293e-22 -3.310746e-20 3.086623e-17 4.069526e+01
771000 4.273705e-21 -2.836402e-20 3.090125e-17 6.190864e+02
772000 1.847922e-21 -2.514865e-20 3.095139e-17 2.676889e+02
773000 3.120184e-22 -2.713531e-20 3.098754e-17 4.519880e+01
774000 4.739921e-23 -2.767644e-20 3.104275e-17 6.866222e+00
775000 2.597997e-21 -2.945297e-20 3.107033e-17 3.763443e+02
776000 2.206434e-21 -3.164538e-20 3.110941e-17 3.196228e+02
777000 5.372418e-22 -3.676173e-20 3.114608e-17 7.782452e+01
778000 2.857738e-21 -3.589678e-20 3.120187e-17 4.139702e+02
779000 9.880270e-22 -3.275604e-20 3.123949e-17 1.431250e+02
780000 1.014865e-20 3.821254e-20 3.126916e-17 1.470127e+03
781000 2.196085e-21 2.895534e-20 3.130744e-17 3.181236e+02
782000 1.691065e-21 -1.223967e-20 3.134003e-17 2.449667e+02
783000 2.387746e-21 4.479637e-20 3.138721e-17 3.458874e+02
784000 2.123893e-21 5.525903e-20 3.143738e-17 3.076658e+02
785000 5.042354e-23 1.768352e-20 3.145989e-17 7.304324e+00
786000 5.138019e-22 -1.564118e-20 3.150963e-17 7.442904e+01
787000 3.953035e-22 2.490033e-20 3.153161e-17 5.726344e+01
788000 2.514170e-22 2.219110e-20 3.158820e-17 3.642011e+01
789000 1.756886e-21 6.437644e-21 3.161550e-17 2.545014e+02
790000 6.371599e-25 -1.534687e-21 3.165783e-17 9.229860e-02
791000 1.085284e-21 -3.351261e-21 3.171387e-17 1.572136e+02
792000 1.582863e-21 7.478094e-21 3.174784e-17 2.292925e+02
793000 1.226267e-21 1.514854e-20 3.178937e-17 1.776364e+02
794000 1.359994e-21 8.677437e-21 3.183916e-17 1.970079e+02
795000 3.217612e-21 3.426127e-20 3.187843e-17 4.661013e+02
796000 3.033081e-22 -2.321993e-22 3.191348e-17 4.393703e+01
797000 6.526860e-24 4.117648e-20 3.194909e-17 9.454771e-01
798000 3.556440e-25 2.499363e-20 3.199544e-17 5.151838e-02
799000 1.725660e-21 4.968838e-20 3.203248e-17 2.499781e+02
800000 2.853153e-21 3.179986e-20 3.207710e-17 4.133061e+02
801000 3.569937e-22 1.976008e-20 3.212195e-17 5.171390e+01
802000 1.433731e-21 2.640563e-20 3.217359e-17 2.076894e+02
803000 8.800820e-22 -1.188101e-20 3.215480e-17 1.274882e+02
804000 1.667634e-21 -1.418725e-20 3.220544e-17 2.415725e+02
805000 7.533509e-22 -1.643243e-20 3.223898e-17 1.091300e+02
806000 2.051521e-22 -1.800744e-20 3.229234e-17 2.971821e+01
807000 2.427687e-21 -2.094820e-20 3.232416e-17 3.516733e+02
808000 1.278070e-21 -2.700825e-20 3.235143e-17 1.851404e+02
809000 2.652448e-21 -2.785546e-20 3.240612e-17 3.842321e+02
810000 1.511175e-22 -2.701160e-20 3.245068e-17 2.189079e+01
811000 1.121818e-22 -2.998765e-20 3.247085e-17 1.625058e+01
812000 1.751222e-21 -2.922496e-20 3.252278e-17 2.536810e+02
813000 6.539646e-21 -3.057740e-20 3.256305e-17 9.473293e+02
814000 2.506970e-23 -1.853880e-20 3.261558e-17 3.631582e+00
815000 1.312025e-22 -2.366373e-20 3.265321e-17 1.900592e+01
816000 1.015574e-21 -3.004668e-20 3.269501e-17 1.471154e+02
817000 1.670148e-21 -2.309040e-20 3.273886e-17 2.419367e+02
818000 4.259474e-21 -3.509060e-20 3.277438e-17 6.170249e+02
819000 1.718603e-20 -3.884439e-20 3.282275e-17 2.489559e+03
820000 3.158110e-22 -3.349474e-20 3.283609e-17 4.574820e+01
821000 2.192413e-21 -3.418449e-20 3.289430e-17 3.175917e+02
822000 4.548908e-21 -3.559365e-20 3.293910e-17 6.589522e+02
823000 1.457778e-21 -3.934505e-20 3.298399e-17 2.111728e+02
824000 3.134249e-22 -4.109384e-20 3.300745e-17 4.540255e+01
825000 1.146085e-20 -4.098951e-20 3.307404e-17 1.660212e+03
826000 1.213822e-22 -3.338357e-20 3.309777e-17 1.758335e+01
827000 2.637668e-22 -3.685513e-20 3.312924e-17 3.820910e+01
828000 1.487698e-21 -3.813713e-20 3.316975e-17 2.155071e+02
829000 1.837649e-22 -1.986117e-20 3.321930e-17 2.662008e+01
830000 6.311322e-21 -2.557052e-20 3.325190e-17 9.142544e+02
831000 4.392357e-21 -2.441541e-20 3.329779e-17 6.362743e+02
832000 4.744835e-21 -2.769926e-20 3.334751e-17 6.873340e+02
833000 3.704644e-21 -2.201399e-20 3.337439e-17 5.366526e+02
834000 7.414242e-22 -2.045903e-20 3.341590e-17 1.074023e+02
835000 7.662179e-21 -2.157662e-20 3.346920e-17 1.109939e+03
836000 3.302992e-21 -3.874763e-21 3.347873e-17 4.784694e+02
837000 5.340603e-22 -5.256419e-21 3.351465e-17 7.736366e+01
838000 1.872777e-21 -5.993093e-21 3.355777e-17 2.712894e+02
839000 2.471314e-21 -4.806139e-21 3.360876e-17 3.579930e+02
840000 3.680327e-21 -1.080414e-21 3.363381e-17 5.331300e+02
841000 7.641606e-22 -1.370464e-21 3.367586e-17 1.106959e+02
842000 7.059768e-22 -2.876798e-21 3.371154e-17 1.022674e+02
843000 4.844277e-23 -3.728875e-22 3.377409e-17 7.017391e+00
844000 1.316239e-22 -1.580599e-22 3.381082e-17 1.906696e+01
845000 4.198280e-22 -2.442049e-21 3.384049e-17 6.081603e+01
846000 6.614202e-22 -5.732349e-22 3.387694e-17 9.581294e+01
847000 4.955686e-21 -2.824901e-21 3.391766e-17 7.178778e+02
848000 3.175910e-22 -4.579885e-21 3.394747e-17 4.600604e+01
849000 3.528541e-21 -5.052281e-21 3.399972e-17 5.111424e+02
850000 8.571358e-21 -1.101468e-20 3.405401e-17 1.241642e+03
851000 4.211421e-22 -1.031296e-20 3.407061e-17 6.100639e+01
852000 2.182583e-21 -1.064173e-20 3.413473e-17 3.161676e+02
853000 4.788241e-21 -1.000605e-20 3.417003e-17 6.936218e+02
854000 2.957156e-21 -5.943923e-21 3.419980e-17 4.283718e+02
855000 6.992732e-23 -3.548379e-21 3.424781e-17 1.012963e+01
856000 1.120664e-20 -1.942809e-21 3.428874e-17 1.623387e+03
857000 5.903561e-21 -1.646416e-21 3.432015e-17 8.551863e+02
858000 8.146727e-22 -1.705224e-21 3.437054e-17 1.180130e+02
859000 7.746189e-23 -2.085381e-21 3.440073e-17 1.122108e+01
860000 8.379014e-29 -3.089278e-21 3.444826e-17 1.213779e-05
861000 4.261181e-22 -8.201934e-21 3.447820e-17 6.172722e+01
862000 1.233669e-21 -5.448881e-21 3.453179e-17 1.787086e+02
863000 5.022206e-23 -1.493720e-20 3.457153e-17 7.275139e+00
864000 1.227968e-21 -1.313433e-20 3.460311e-17 1.778827e+02
865000 2.673191e-21 -1.265634e-20 3.466475e-17 3.872369e+02
866000 2.360828e-21 -1.709002e-20 3.469426e-17 3.419882e+02
867000 2.354724e-21 -1.655044e-20 3.474343e-17 3.411039e+02
868000 1.674617e-20 -1.349697e-20 3.479865e-17 2.425840e+03
869000 5.098118e-25 -6.812049e-21 3.481923e-17 7.385104e-02
870000 6.088247e-22 -6.268269e-21 3.484767e-17 8.819399e+01
871000 1.039365e-20 -4.060530e-21 3.488591e-17 1.505618e+03
872000 4.734135e-23 -4.373647e-21 3.492852e-17 6.857840e+00
873000 2.989800e-21 -2.817359e-21 3.497974e-17 4.331006e+02
874000 2.001683e-21 -5.185299e-21 3.502441e-17 2.899626e+02
875000 1.698132e-23 -3.094279e-21 3.507194e-17 2.459904e+00
876000 5.830708e-21 -4.868622e-21 3.510738e-17 8.446329e+02
877000 2.253104e-22 -3.701840e-21 3.514274e-17 3.263833e+01
878000 5.647563e-23 -4.360112e-21 3.518930e-17 8.181026e+00
879000 1.967581e-22 -7.291889e-21 3.520828e-17 2.850226e+01
