step K U E temp
0 5.641567e-22 -4.109780e-18 -4.109216e-18 8.172341e+01
1000 5.752814e-22 -4.109887e-18 -4.109311e-18 8.333492e+01
2000 3.626890e-21 -4.109690e-18 -4.106063e-18 5.253891e+02
3000 6.498072e-21 -4.109464e-18 -4.102966e-18 9.413069e+02
4000 2.044958e-22 -4.107847e-18 -4.107643e-18 2.962314e+01
5000 4.053354e-21 -4.104237e-18 -3.920183e-18 5.871664e+02
6000 2.350581e-22 -4.092664e-18 -3.971314e-18 3.405038e+01
7000 1.979540e-21 -4.095344e-18 -3.968936e-18 2.867550e+02
8000 1.147383e-20 -4.094522e-18 -3.960090e-18 1.662093e+03
9000 9.898572e-22 -4.089469e-18 -3.968304e-18 1.433901e+02
10000 4.094715e-21 -4.083155e-18 -3.779057e-18 5.931580e+02
11000 2.384369e-21 -4.068926e-18 -3.818549e-18 3.453982e+02
12000 3.793759e-21 -4.062366e-18 -3.817447e-18 5.495616e+02
13000 1.238951e-22 -4.069608e-18 -3.819987e-18 1.794738e+01
14000 2.854892e-21 -4.065350e-18 -3.819567e-18 4.135579e+02
15000 3.833607e-21 -4.068594e-18 -3.637428e-18 5.553340e+02
16000 9.980284e-22 -4.046732e-18 -3.683196e-18 1.445738e+02
17000 1.016878e-22 -4.048358e-18 -3.684406e-18 1.473044e+01
18000 4.443118e-23 -4.049469e-18 -3.684378e-18 6.436274e+00
19000 8.593652e-22 -4.029830e-18 -3.668962e-18 1.244871e+02
20000 1.183579e-23 -4.048157e-18 -3.504483e-18 1.714525e+00
21000 2.960133e-21 -4.108764e-18 -3.625803e-18 4.288031e+02
22000 4.666172e-21 -4.109990e-18 -3.625298e-18 6.759389e+02
23000 2.604872e-22 -4.110000e-18 -3.629694e-18 3.773402e+01
24000 2.300512e-22 -4.109120e-18 -3.624745e-18 3.332508e+01
25000 1.013248e-21 -4.109945e-18 -3.448754e-18 1.467785e+02
26000 7.598840e-23 -4.104644e-18 -3.504543e-18 1.100763e+01
27000 5.144424e-22 -4.106688e-18 -3.505799e-18 7.452182e+01
28000 1.637669e-21 -4.090477e-18 -3.488840e-18 2.372318e+02
29000 7.309376e-21 -4.100159e-18 -3.492850e-18 1.058832e+03
30000 1.733055e-21 -4.108682e-18 -3.321001e-18 2.510493e+02
31000 4.890054e-22 -4.098828e-18 -3.378130e-18 7.083703e+01
32000 3.936244e-21 -4.102849e-18 -3.375077e-18 5.702020e+02
33000 1.005019e-24 -4.102494e-18 -3.379477e-18 1.455864e-01
34000 8.887820e-22 -4.099531e-18 -3.378286e-18 1.287484e+02
35000 2.315792e-23 -4.097650e-18 -3.197543e-18 3.354642e+00
36000 8.609219e-21 -4.088678e-18 -3.199738e-18 1.247126e+03
37000 1.036781e-20 -4.097979e-18 -3.232236e-18 1.501875e+03
38000 4.263735e-22 -4.098394e-18 -3.240462e-18 6.176421e+01
39000 2.709564e-22 -4.094876e-18 -3.244326e-18 3.925058e+01
40000 3.974295e-22 -4.097199e-18 -3.064473e-18 5.757140e+01
41000 2.363618e-21 -4.082303e-18 -3.118093e-18 3.423923e+02
42000 6.187256e-22 -4.085438e-18 -3.119221e-18 8.962823e+01
43000 3.783273e-22 -4.078855e-18 -3.118008e-18 5.480426e+01
44000 6.281806e-22 -4.083425e-18 -3.120006e-18 9.099787e+01
45000 1.678487e-22 -4.079838e-18 -2.938967e-18 2.431446e+01
46000 5.184142e-21 -4.055872e-18 -2.909690e-18 7.509718e+02
47000 9.383018e-20 -4.109498e-18 -2.867682e-18 1.359218e+04
48000 5.431669e-21 -4.069919e-18 -2.957087e-18 7.868283e+02
49000 1.543632e-21 -4.068713e-18 -2.964422e-18 2.236097e+02
50000 8.353426e-21 -4.055717e-18 -2.786137e-18 1.210072e+03
51000 2.563712e-22 -4.027701e-18 -2.824826e-18 3.713778e+01
52000 4.932054e-21 -4.034894e-18 -2.820275e-18 7.144545e+02
53000 5.857004e-22 -4.030573e-18 -2.825418e-18 8.484421e+01
54000 6.356272e-22 -4.027003e-18 -2.824095e-18 9.207658e+01
55000 1.351187e-20 -4.053606e-18 -2.600728e-18 1.957321e+03
56000 1.274924e-21 -4.035937e-18 -2.686746e-18 1.846848e+02
57000 1.769285e-22 -4.031969e-18 -2.695657e-18 2.562975e+01
58000 2.473376e-22 -4.032696e-18 -2.694435e-18 3.582918e+01
59000 1.038661e-20 -4.012096e-18 -2.681532e-18 1.504599e+03
60000 8.007422e-22 -4.024496e-18 -2.519599e-18 1.159950e+02
61000 1.353417e-21 -3.993305e-18 -2.550122e-18 1.960553e+02
62000 5.354639e-20 -3.958490e-18 -2.464943e-18 7.756698e+03
63000 1.598238e-20 -3.995220e-18 -2.536533e-18 2.315198e+03
64000 7.049228e-23 -3.993015e-18 -2.551222e-18 1.021147e+01
65000 1.177025e-21 -3.985940e-18 -2.364424e-18 1.705032e+02
66000 3.967755e-21 -4.019472e-18 -2.454282e-18 5.747666e+02
67000 2.450138e-22 -4.012305e-18 -2.451850e-18 3.549256e+01
68000 8.268874e-21 -4.016700e-18 -2.447796e-18 1.197824e+03
69000 1.376766e-21 -4.023948e-18 -2.459296e-18 1.994375e+02
70000 8.789042e-22 -4.010506e-18 -2.269496e-18 1.273176e+02
71000 1.978415e-20 -4.037239e-18 -2.297562e-18 2.865920e+03
72000 1.599760e-22 -4.104524e-18 -2.401123e-18 2.317403e+01
73000 3.771775e-19 -4.109552e-18 -2.002236e-18 5.463771e+04
74000 7.548386e-20 -4.088869e-18 -2.278762e-18 1.093455e+04
75000 4.615700e-22 -4.005630e-18 -2.088701e-18 6.686276e+01
76000 6.581530e-20 -4.024414e-18 -2.098056e-18 9.533966e+03
77000 1.039096e-20 -3.976853e-18 -2.152050e-18 1.505228e+03
78000 1.555445e-21 -3.980933e-18 -2.155955e-18 2.253209e+02
79000 5.301663e-23 -3.969148e-18 -2.164118e-18 7.679958e+00
80000 9.956999e-22 -3.970784e-18 -1.983454e-18 1.442365e+02
81000 2.798711e-22 -3.936713e-18 -2.007422e-18 4.054196e+01
82000 3.554358e-21 -3.940664e-18 -2.003726e-18 5.148822e+02
83000 4.496545e-22 -3.936201e-18 -2.007216e-18 6.513669e+01
84000 5.778310e-23 -3.928023e-18 -2.004680e-18 8.370425e+00
85000 1.453279e-22 -3.935590e-18 -1.827451e-18 2.105211e+01
86000 6.151305e-21 -4.102478e-18 -1.979967e-18 8.910745e+02
87000 5.571857e-21 -4.108200e-18 -2.034497e-18 8.071360e+02
88000 4.791607e-25 -3.962104e-18 -1.909445e-18 6.941094e-02
89000 1.003502e-22 -3.961406e-18 -1.909723e-18 1.453667e+01
90000 2.894769e-22 -3.961142e-18 -1.729659e-18 4.193345e+01
91000 6.311988e-22 -3.932556e-18 -1.762955e-18 9.143508e+01
92000 1.408628e-21 -3.926089e-18 -1.761091e-18 2.040530e+02
93000 2.933557e-26 -3.938317e-18 -1.760654e-18 4.249533e-03
94000 2.562525e-25 -3.935865e-18 -1.762411e-18 3.712058e-02
95000 1.719411e-24 -3.937227e-18 -1.581529e-18 2.490729e-01
96000 5.702667e-22 -3.938388e-18 -1.587789e-18 8.260850e+01
97000 1.978075e-20 -4.109835e-18 -1.748518e-18 2.865428e+03
98000 1.306977e-20 -3.973468e-18 -1.599115e-18 1.893279e+03
99000 8.805671e-20 -4.100091e-18 -1.654933e-18 1.275584e+04
100000 1.570853e-21 -3.919443e-18 -1.414957e-18 2.275528e+02
101000 4.260981e-22 -4.092737e-18 -1.637039e-18 6.172432e+01
102000 5.659897e-22 -4.096595e-18 -1.625746e-18 8.198893e+01
103000 1.037488e-21 -4.030635e-18 -1.589895e-18 1.502899e+02
104000 3.178509e-19 -4.094187e-18 -1.324947e-18 4.604369e+04
105000 2.418075e-19 -3.900351e-18 -1.028539e-18 3.502809e+04
106000 2.897186e-19 -4.022573e-18 -1.150481e-18 4.196846e+04
107000 1.311122e-20 -4.109132e-18 -1.538581e-18 1.899284e+03
108000 4.955555e-19 -4.108720e-18 -1.026820e-18 7.178587e+04
109000 7.822476e-21 -4.106162e-18 -1.547108e-18 1.133159e+03
110000 3.514011e-19 -4.028465e-18 -9.321905e-19 5.090376e+04
111000 4.802320e-23 -4.022906e-18 -1.320044e-18 6.956612e+00
112000 2.904582e-23 -4.109914e-18 -1.402244e-18 4.207561e+00
113000 1.113839e-21 -3.896430e-18 -1.253212e-18 1.613500e+02
114000 4.772973e-21 -3.919340e-18 -1.242956e-18 6.914101e+02
115000 2.955542e-22 -3.905587e-18 -1.077556e-18 4.281380e+01
116000 6.123103e-19 -3.983166e-18 -5.347884e-19 8.869891e+04
117000 3.555546e-21 -4.102040e-18 -1.301877e-18 5.150543e+02
118000 8.758775e-21 -3.978129e-18 -1.135068e-18 1.268791e+03
119000 1.456172e-20 -4.107265e-18 -1.297386e-18 2.109403e+03
120000 1.637769e-21 -3.845524e-18 -9.010786e-19 2.372463e+02
121000 2.571529e-20 -4.096776e-18 -1.130840e-18 3.725102e+03
122000 3.876664e-19 -3.852782e-18 -5.846359e-19 5.615712e+04
123000 1.558991e-22 -4.071522e-18 -1.119285e-18 2.258345e+01
124000 1.177693e-20 -2.971134e-18 -7.935701e-20 1.706000e+03
125000 8.395067e-20 -3.961035e-18 -7.385451e-19 1.216104e+04
126000 8.314076e-22 -4.092558e-18 -1.036929e-18 1.204372e+02
127000 1.733862e-19 -4.109605e-18 -8.685377e-19 2.511662e+04
128000 1.333032e-21 -4.104025e-18 -1.078605e-18 1.931022e+02
129000 4.033605e-20 -3.464586e-18 -4.242499e-19 5.843057e+03
130000 3.707693e-20 -4.072434e-18 -7.833705e-19 5.370943e+03
131000 1.237307e-21 -4.103793e-18 -9.576583e-19 1.792355e+02
132000 4.093017e-20 -3.642929e-18 -4.819992e-19 5.929121e+03
133000 2.059784e-23 -4.059918e-18 -8.617786e-19 2.983791e+00
134000 4.486695e-23 -4.103487e-18 -9.571279e-19 6.499401e+00
135000 2.324226e-22 -4.051938e-18 -6.832572e-19 3.366860e+01
136000 4.595573e-21 -4.100684e-18 -8.083153e-19 6.657121e+02
137000 4.263305e-20 -4.060522e-18 -6.599414e-19 6.175798e+03
138000 8.602472e-20 -3.790208e-18 -4.641829e-19 1.246149e+04
139000 1.139821e-22 -4.106423e-18 -8.321429e-19 1.651138e+01
140000 8.262293e-21 -3.908297e-18 -3.488385e-19 1.196871e+03
141000 3.086657e-20 -3.807383e-18 -3.990887e-19 4.471313e+03
142000 2.593304e-21 -3.848870e-18 -4.214940e-19 3.756644e+02
143000 3.115760e-21 -4.109798e-18 -6.867097e-19 4.513472e+02
144000 1.622459e-20 -3.665907e-18 -2.896819e-19 2.350285e+03
145000 2.533842e-19 -3.661491e-18 1.318929e-19 3.670509e+04
146000 1.327637e-19 -3.959638e-18 -2.595289e-19 1.923206e+04
147000 6.977077e-20 -3.682443e-18 -9.451382e-20 1.010695e+04
148000 1.709870e-20 -4.094244e-18 -5.455104e-19 2.476907e+03
149000 7.669760e-22 -4.105915e-18 -5.962751e-19 1.111037e+02
150000 1.824860e-21 -3.879395e-18 -2.002355e-19 2.643481e+02
151000 8.823474e-22 -3.857972e-18 -2.279928e-19 1.278163e+02
152000 8.879506e-22 -3.863632e-18 -2.205392e-19 1.286280e+02
153000 2.756410e-19 -3.870904e-18 7.679612e-20 3.992919e+04
154000 1.284858e-20 -4.108005e-18 -4.664713e-19 1.861238e+03
155000 3.741983e-19 -3.900897e-18 3.410657e-19 5.420615e+04
156000 2.949960e-20 -4.074102e-18 -1.928957e-19 4.273294e+03
157000 3.065949e-20 -4.091090e-18 -2.869909e-19 4.441316e+03
158000 1.636688e-24 -4.108605e-18 -3.592020e-19 2.370896e-01
159000 3.540994e-19 -3.502454e-18 5.716456e-19 5.129463e+04
160000 5.865236e-22 -3.847880e-18 6.521896e-20 8.496346e+01
161000 8.034944e-22 -3.820444e-18 4.018339e-20 1.163937e+02
162000 4.608207e-22 -3.823251e-18 4.186298e-20 6.675422e+01
163000 6.419687e-22 -3.804823e-18 3.986574e-20 9.299520e+01
164000 3.958475e-22 -3.814767e-18 3.760481e-20 5.734224e+01
165000 1.031501e-20 -3.828238e-18 2.365942e-19 1.494226e+03
166000 5.226597e-19 -3.956680e-18 6.141832e-19 7.571217e+04
167000 1.827134e-21 -3.785094e-18 1.815723e-19 2.646776e+02
168000 1.240947e-22 -3.792905e-18 1.785620e-19 1.797629e+01
169000 3.490561e-20 -3.075659e-18 9.192469e-19 5.056407e+03
170000 1.931041e-21 -4.050950e-18 2.192992e-19 2.797295e+02
171000 2.761635e-20 -4.018902e-18 2.220418e-19 4.000489e+03
172000 2.895569e-20 -4.092335e-18 6.060167e-20 4.194505e+03
173000 2.699478e-20 -4.016503e-18 2.287360e-19 3.910448e+03
174000 4.944231e-19 -2.399791e-18 2.174632e-18 7.162183e+04
175000 3.852067e-19 -3.817334e-18 8.936346e-19 5.580081e+04
176000 6.579476e-22 -4.102060e-18 1.350463e-19 9.530990e+01
177000 1.993480e-21 -3.877882e-18 4.372790e-19 2.887743e+02
178000 2.115366e-21 -3.187807e-18 1.014308e-18 3.064307e+02
179000 7.945292e-21 -3.587455e-18 6.204904e-19 1.150950e+03
180000 1.186809e-21 -3.777584e-18 6.126363e-19 1.719204e+02
181000 1.473716e-22 -3.740856e-18 5.908751e-19 2.134816e+01
182000 9.076891e-22 -3.757762e-18 6.005267e-19 1.314873e+02
183000 2.585980e-21 -3.730568e-18 5.964906e-19 3.746035e+02
184000 3.628912e-25 -3.741366e-18 5.907410e-19 5.256821e-02
185000 1.198727e-23 -3.733280e-18 7.724894e-19 1.736468e+00
186000 6.005268e-20 -4.099759e-18 4.772215e-19 8.699196e+03
187000 3.901367e-19 -3.968117e-18 9.933049e-19 5.651497e+04
188000 6.594148e-20 -3.862725e-18 7.092790e-19 9.552244e+03
189000 1.796205e-19 -4.105587e-18 5.721340e-19 2.601972e+04
190000 2.926191e-21 -4.104898e-18 5.834297e-19 4.238863e+02
191000 2.727334e-19 -4.109087e-18 7.918660e-19 3.950800e+04
192000 3.850102e-23 -3.864567e-18 7.942043e-19 5.577235e+00
193000 1.667436e-24 -3.869702e-18 7.911044e-19 2.415438e-01
194000 1.097673e-20 -3.817594e-18 7.839760e-19 1.590083e+03
195000 2.090951e-21 -4.013699e-18 7.714624e-19 3.028939e+02
196000 6.199913e-19 -3.381535e-18 1.918457e-18 8.981158e+04
197000 9.948187e-20 -4.104141e-18 8.043822e-19 1.441088e+04
198000 9.264393e-22 -4.104952e-18 5.996083e-19 1.342034e+02
199000 1.020123e-22 -4.104576e-18 5.987569e-19 1.477744e+01
200000 5.594133e-22 -4.104321e-18 7.796638e-19 8.103629e+01
201000 2.608794e-19 -4.074994e-18 1.115751e-18 3.779084e+04
202000 4.307510e-19 -3.410313e-18 1.820438e-18 6.239834e+04
203000 2.379838e-21 -3.683676e-18 1.158789e-18 3.447420e+02
204000 6.013461e-19 -4.093129e-18 1.357050e-18 8.711065e+04
205000 1.565332e-18 -4.107790e-18 2.515290e-18 2.267531e+05
206000 1.502289e-23 -4.088013e-18 8.925997e-19 2.176206e+00
207000 1.556538e-19 -4.091223e-18 1.026150e-18 2.254792e+04
208000 1.982917e-22 -4.088872e-18 8.886511e-19 2.872441e+01
209000 2.399139e-19 -3.312348e-18 1.847566e-18 3.475379e+04
210000 3.049735e-20 -3.137173e-18 1.993325e-18 4.417828e+03
211000 4.296263e-20 -2.527082e-18 2.555880e-18 6.223542e+03
212000 2.411678e-19 -3.521689e-18 1.759478e-18 3.493543e+04
213000 1.046789e-19 -3.731992e-18 1.412691e-18 1.516372e+04
214000 1.239337e-19 -3.899628e-18 1.430238e-18 1.795296e+04
215000 2.240644e-21 -4.091897e-18 1.184691e-18 3.245784e+02
216000 3.212571e-21 -4.089163e-18 1.114030e-18 4.653712e+02
217000 1.655733e-23 -3.353245e-18 1.806771e-18 2.398485e+00
218000 8.611759e-20 -4.014365e-18 1.372872e-18 1.247494e+04
219000 1.876956e-21 -4.099241e-18 1.144338e-18 2.718947e+02
220000 6.703288e-19 -3.171623e-18 2.838706e-18 9.710343e+04
221000 1.608121e-21 -3.781323e-18 1.576255e-18 2.329515e+02
222000 2.144635e-19 -4.100124e-18 1.479153e-18 3.106706e+04
223000 4.537550e-20 -4.109824e-18 1.298843e-18 6.573069e+03
224000 9.513957e-20 -4.076674e-18 1.359365e-18 1.378186e+04
225000 6.290875e-20 -3.993442e-18 1.599913e-18 9.112925e+03
226000 1.573168e-20 -4.089666e-18 1.365893e-18 2.278882e+03
227000 4.081270e-20 -2.952305e-18 2.488508e-18 5.912104e+03
228000 1.129928e-21 -4.085719e-18 1.363629e-18 1.636807e+02
229000 6.301240e-20 -4.089157e-18 1.483184e-18 9.127940e+03
230000 5.064766e-20 -4.105736e-18 1.645977e-18 7.336790e+03
231000 1.678131e-21 -3.774081e-18 1.820710e-18 2.430930e+02
232000 4.464481e-21 -3.766234e-18 1.827761e-18 6.467220e+02
233000 4.548338e-20 -4.056795e-18 1.629383e-18 6.588696e+03
234000 5.799142e-19 -3.078805e-18 3.031153e-18 8.400603e+04
235000 3.502439e-19 -3.783386e-18 2.343626e-18 5.073612e+04
236000 2.772719e-19 -3.828967e-18 2.135827e-18 4.016545e+04
237000 1.097100e-21 -4.090525e-18 1.591090e-18 1.589253e+02
238000 1.784507e-19 -3.995366e-18 1.951926e-18 2.585027e+04
239000 3.816531e-20 -3.443942e-18 2.234223e-18 5.528605e+03
240000 9.839659e-20 -3.741513e-18 2.251462e-18 1.425367e+04
241000 7.978746e-19 -4.045321e-18 2.615877e-18 1.155796e+05
242000 8.385674e-20 -3.811492e-18 2.054633e-18 1.214744e+04
243000 7.104388e-23 -4.081023e-18 1.740559e-18 1.029138e+01
244000 7.571246e-20 -4.066222e-18 1.841652e-18 1.096766e+04
245000 7.527574e-20 -4.091658e-18 1.966722e-18 1.090440e+04
246000 1.154726e-20 -4.074338e-18 1.877536e-18 1.672729e+03
247000 1.232372e-21 -4.108950e-18 1.814997e-18 1.785206e+02
248000 2.145930e-19 -4.096772e-18 2.110666e-18 3.108582e+04
249000 4.314800e-19 -3.338726e-18 2.972819e-18 6.250394e+04
250000 2.579236e-19 -3.501241e-18 2.816683e-18 3.736266e+04
251000 3.594299e-19 -3.719199e-18 2.725059e-18 5.206681e+04
252000 1.352445e-20 -3.793816e-18 2.357358e-18 1.959143e+03
253000 2.002306e-19 -3.778686e-18 2.565833e-18 2.900528e+04
254000 1.102416e-18 -3.745655e-18 3.493147e-18 1.596954e+05
255000 1.246149e-18 -3.885130e-18 3.670361e-18 1.805164e+05
256000 3.098153e-20 -3.754373e-18 2.396705e-18 4.487966e+03
257000 1.020840e-18 -4.091472e-18 3.151879e-18 1.478783e+05
258000 4.981783e-19 -3.204082e-18 3.461492e-18 7.216581e+04
259000 1.907705e-19 -4.067480e-18 2.309896e-18 2.763490e+04
260000 8.508917e-20 -4.005556e-18 2.496980e-18 1.232597e+04
261000 1.235500e-19 -3.747920e-18 2.752344e-18 1.789739e+04
262000 4.772372e-19 -3.762956e-18 3.092324e-18 6.913229e+04
263000 7.471653e-22 -4.108888e-18 2.272596e-18 1.082339e+02
264000 1.844471e-21 -4.065034e-18 2.316859e-18 2.671890e+02
265000 1.077253e-20 -2.386717e-18 4.044056e-18 1.560502e+03
266000 2.546225e-19 -2.878368e-18 3.736254e-18 3.688447e+04
267000 2.569057e-19 -4.043092e-18 2.670362e-18 3.721520e+04
268000 7.343529e-24 -3.939484e-18 2.508472e-18 1.063779e+00
269000 2.142163e-20 -3.949458e-18 2.521176e-18 3.103124e+03
270000 7.277553e-22 -3.968339e-18 2.666847e-18 1.054222e+02
271000 6.593234e-20 -3.624600e-18 2.937082e-18 9.550920e+03
272000 2.778834e-19 -3.771594e-18 2.987058e-18 4.025402e+04
273000 1.962184e-19 -2.911356e-18 3.764863e-18 2.842408e+04
274000 6.854683e-19 -4.109737e-18 3.115035e-18 9.929653e+04
275000 1.166572e-20 -2.893508e-18 3.778158e-18 1.689889e+03
276000 1.653451e-19 -4.017478e-18 2.901157e-18 2.395179e+04
277000 3.164810e-27 -4.109977e-18 2.566230e-18 4.584525e-04
278000 1.861978e-19 -4.057268e-18 2.897082e-18 2.697250e+04
279000 8.979369e-19 -4.012671e-18 3.653070e-18 1.300746e+05
280000 2.963769e-21 -3.938312e-18 2.939304e-18 4.293298e+02
281000 4.413455e-21 -4.084069e-18 2.722839e-18 6.393305e+02
282000 8.418411e-19 -3.399888e-18 4.161975e-18 1.219486e+05
283000 1.454539e-20 -4.081350e-18 2.730642e-18 2.107036e+03
284000 6.060365e-19 -3.916983e-18 3.607413e-18 8.779009e+04
285000 5.077385e-21 -4.088037e-18 2.924553e-18 7.355070e+02
286000 1.359793e-19 -4.093132e-18 2.990110e-18 1.969788e+04
287000 2.747934e-20 -3.293063e-18 3.574416e-18 3.980640e+03
288000 1.180406e-19 -4.053908e-18 3.028632e-18 1.709930e+04
289000 1.375825e-21 -4.078364e-18 2.901300e-18 1.993012e+02
290000 6.032180e-19 -3.689206e-18 3.934012e-18 8.738181e+04
291000 1.331870e-19 -2.201546e-18 4.891641e-18 1.929340e+04
292000 1.517025e-18 -3.587595e-18 4.889856e-18 2.197554e+05
293000 9.913315e-19 -3.781848e-18 4.313546e-18 1.436037e+05
294000 4.674620e-19 -3.369724e-18 4.057742e-18 6.771627e+04
295000 1.699332e-20 -4.044494e-18 3.213149e-18 2.461642e+03
296000 5.734305e-21 -3.022012e-18 4.063746e-18 8.306681e+02
297000 9.628761e-20 -4.069950e-18 3.167694e-18 1.394817e+04
298000 1.306898e-19 -1.784546e-18 5.426144e-18 1.893165e+04
299000 8.133879e-19 -4.032070e-18 3.990235e-18 1.178269e+05
300000 7.916748e-20 -3.894351e-18 3.643804e-18 1.146815e+04
301000 7.607952e-19 -3.925656e-18 4.222984e-18 1.102083e+05
302000 1.153875e-18 -2.719278e-18 5.634597e-18 1.671496e+05
303000 1.415566e-20 -3.879795e-18 3.424741e-18 2.050581e+03
304000 3.121272e-19 -2.899945e-18 4.671780e-18 4.521456e+04
305000 2.740707e-19 -3.613527e-18 4.046921e-18 3.970172e+04
306000 1.164985e-18 -4.087568e-18 4.564118e-18 1.687590e+05
307000 9.272183e-19 -2.640434e-18 5.606790e-18 1.343163e+05
308000 6.310482e-19 -2.403737e-18 5.599206e-18 9.141327e+04
309000 2.206760e-19 -3.262649e-18 4.278030e-18 3.196700e+04
310000 1.113981e-19 -3.800994e-18 3.945276e-18 1.613706e+04
311000 8.753758e-19 -3.321276e-18 4.994365e-18 1.268064e+05
312000 3.011803e-19 -3.860201e-18 4.011277e-18 4.362880e+04
313000 4.266521e-19 -3.853823e-18 4.138686e-18 6.180457e+04
314000 1.086652e-20 -3.725496e-18 3.830011e-18 1.574118e+03
315000 1.172717e-18 -3.989213e-18 4.901129e-18 1.698790e+05
316000 1.263606e-18 -3.957430e-18 5.016620e-18 1.830452e+05
317000 7.840592e-22 -4.069654e-18 3.632586e-18 1.135784e+02
318000 2.521494e-19 -3.618779e-18 4.261900e-18 3.652621e+04
319000 4.326104e-19 -3.953169e-18 4.187963e-18 6.266769e+04
320000 5.159981e-19 -3.127091e-18 5.168203e-18 7.474717e+04
321000 3.613592e-19 -4.042335e-18 4.141604e-18 5.234629e+04
322000 6.502972e-20 -2.887485e-18 4.917196e-18 9.420166e+03
323000 6.731821e-21 -3.855333e-18 3.896739e-18 9.751676e+02
324000 6.642917e-20 -3.839677e-18 3.966801e-18 9.622890e+03
325000 5.716900e-19 -2.135688e-18 6.296002e-18 8.281468e+04
326000 2.059846e-21 -4.109154e-18 3.737328e-18 2.983880e+02
327000 1.847736e-19 -3.338289e-18 4.646484e-18 2.676620e+04
328000 9.634744e-19 -3.462379e-18 5.301095e-18 1.395683e+05
329000 1.958597e-19 -2.253173e-18 5.742687e-18 2.837212e+04
330000 6.396163e-19 -3.791219e-18 5.020534e-18 9.265443e+04
331000 2.846274e-19 -3.932162e-18 4.446178e-18 4.123096e+04
332000 1.409222e-21 -4.109001e-18 3.855390e-18 2.041391e+02
333000 1.023741e-19 -3.983870e-18 4.206195e-18 1.482985e+04
334000 3.736423e-19 -3.242006e-18 5.051697e-18 5.412560e+04
335000 1.162723e-20 -4.102514e-18 4.133924e-18 1.684314e+03
336000 9.162251e-20 -1.787472e-18 6.344151e-18 1.327238e+04
337000 5.698997e-21 -4.038855e-18 4.149035e-18 8.255533e+02
338000 1.055341e-19 -4.097798e-18 4.158191e-18 1.528761e+04
339000 4.017995e-22 -3.963903e-18 4.230970e-18 5.820443e+01
340000 4.751309e-23 -4.072650e-18 4.288747e-18 6.882719e+00
341000 2.847006e-18 -4.085360e-18 7.006567e-18 4.124156e+05
342000 4.629527e-19 -4.077368e-18 4.732114e-18 6.706306e+04
343000 3.978414e-19 -4.045043e-18 4.512798e-18 5.763107e+04
344000 6.410891e-22 -4.109978e-18 4.050663e-18 9.286778e+01
345000 3.295358e-22 -4.105010e-18 4.235319e-18 4.773636e+01
346000 1.528877e-22 -4.109574e-18 4.170582e-18 2.214722e+01
347000 9.210840e-22 -4.109990e-18 4.171189e-18 1.334277e+02
348000 2.655594e-21 -4.107417e-18 4.175239e-18 3.846877e+02
349000 1.667578e-22 -4.109860e-18 4.170324e-18 2.415643e+01
350000 7.638316e-23 -4.100957e-18 4.359120e-18 1.106482e+01
351000 4.052871e-22 -4.109784e-18 4.292063e-18 5.870965e+01
352000 1.096200e-20 -4.108756e-18 4.302873e-18 1.587949e+03
353000 2.815680e-22 -4.109995e-18 4.290393e-18 4.078777e+01
354000 3.406420e-26 -4.108614e-18 4.292275e-18 4.934521e-03
355000 1.974122e-21 -4.108933e-18 4.473490e-18 2.859701e+02
356000 1.076203e-22 -4.091668e-18 4.428907e-18 1.558981e+01
357000 6.577322e-22 -4.091239e-18 4.429787e-18 9.527870e+01
358000 9.482757e-22 -4.090678e-18 4.430539e-18 1.373667e+02
359000 1.233787e-21 -4.096256e-18 4.429784e-18 1.787256e+02
360000 6.497076e-24 -4.091518e-18 4.608919e-18 9.411626e-01
361000 2.373693e-21 -4.061604e-18 4.580792e-18 3.438518e+02
362000 3.322455e-21 -4.076517e-18 4.571754e-18 4.812889e+02
363000 1.136827e-21 -4.079221e-18 4.572218e-18 1.646801e+02
364000 6.709053e-23 -4.074040e-18 4.568364e-18 9.718694e+00
365000 1.456512e-21 -4.076864e-18 4.750058e-18 2.109895e+02
366000 2.773703e-22 -4.059426e-18 4.708738e-18 4.017970e+01
367000 2.589105e-21 -4.052378e-18 4.711683e-18 3.750562e+02
368000 2.932385e-22 -4.059572e-18 4.708852e-18 4.247836e+01
369000 7.554629e-21 -4.044574e-18 4.723134e-18 1.094359e+03
370000 2.409703e-21 -4.047179e-18 4.895570e-18 3.490682e+02
371000 1.251188e-21 -4.101278e-18 4.820189e-18 1.812463e+02
372000 2.315508e-21 -4.109041e-18 4.782972e-18 3.354232e+02
373000 6.935571e-22 -4.108983e-18 4.782188e-18 1.004683e+02
374000 3.333391e-21 -4.109724e-18 4.778554e-18 4.828731e+02
375000 2.490773e-21 -4.109921e-18 4.960454e-18 3.608119e+02
376000 8.780599e-22 -4.086778e-18 4.914954e-18 1.271952e+02
377000 6.462591e-25 -4.082352e-18 4.917732e-18 9.361671e-02
378000 6.990903e-25 -4.087530e-18 4.913699e-18 1.012698e-01
379000 2.900079e-22 -4.090307e-18 4.914253e-18 4.201037e+01
380000 2.584493e-21 -4.088255e-18 5.096056e-18 3.743881e+02
381000 1.936933e-21 -4.066075e-18 5.056211e-18 2.805830e+02
382000 1.924748e-21 -4.068789e-18 5.054122e-18 2.788178e+02
383000 1.571774e-22 -4.079095e-18 5.061829e-18 2.276862e+01
384000 7.596945e-21 -4.054443e-18 5.073156e-18 1.100489e+03
385000 4.541621e-22 -4.077613e-18 5.237668e-18 6.578966e+01
386000 2.127830e-21 -4.056116e-18 5.187521e-18 3.082361e+02
387000 4.426035e-21 -4.058022e-18 5.189065e-18 6.411529e+02
388000 5.346721e-22 -4.066800e-18 5.195285e-18 7.745228e+01
389000 6.288721e-21 -4.050260e-18 5.196241e-18 9.109803e+02
390000 9.496303e-22 -4.058244e-18 5.365541e-18 1.375629e+02
391000 2.595129e-22 -4.024775e-18 5.345115e-18 3.759289e+01
392000 1.210084e-21 -4.019758e-18 5.345682e-18 1.752920e+02
393000 4.555014e-21 -4.023925e-18 5.349084e-18 6.598366e+02
394000 1.508249e-21 -4.025639e-18 5.346820e-18 2.184841e+02
395000 8.204541e-21 -4.013033e-18 5.536334e-18 1.188505e+03
396000 4.685792e-21 -4.107509e-18 5.421297e-18 6.787811e+02
397000 5.064331e-21 -4.104805e-18 5.419573e-18 7.336160e+02
398000 2.772149e-22 -4.037708e-18 5.448163e-18 4.015719e+01
399000 1.739000e-23 -4.031406e-18 5.449845e-18 2.519106e+00
400000 8.180120e-22 -4.026261e-18 5.634845e-18 1.184967e+02
401000 3.331418e-20 -4.104694e-18 5.589334e-18 4.825872e+03
402000 1.928564e-19 -3.888368e-18 5.904489e-18 2.793706e+04
403000 1.067644e-21 -4.002377e-18 5.605698e-18 1.546583e+02
404000 2.504045e-21 -4.003658e-18 5.607517e-18 3.627344e+02
405000 3.207410e-22 -4.007192e-18 5.787935e-18 4.646235e+01
406000 1.609348e-19 -3.966980e-18 5.914417e-18 2.331293e+04
407000 7.366784e-23 -3.984720e-18 5.747378e-18 1.067148e+01
408000 2.288289e-21 -3.978379e-18 5.748387e-18 3.314802e+02
409000 1.147349e-21 -3.974430e-18 5.748904e-18 1.662044e+02
410000 3.725483e-21 -3.986735e-18 5.932753e-18 5.396713e+02
411000 8.276262e-22 -4.105825e-18 5.770402e-18 1.198894e+02
412000 5.290643e-21 -3.647585e-18 6.197706e-18 7.663994e+02
413000 2.175453e-22 -4.106421e-18 5.770374e-18 3.151348e+01
414000 1.329183e-21 -3.980854e-18 5.865905e-18 1.925447e+02
415000 2.835183e-21 -3.980632e-18 6.047468e-18 4.107030e+02
416000 1.328444e-21 -3.959132e-18 6.009812e-18 1.924376e+02
417000 3.524013e-21 -3.960931e-18 6.012405e-18 5.104865e+02
418000 4.087914e-22 -3.965308e-18 6.012203e-18 5.921728e+01
419000 6.514296e-22 -3.956247e-18 6.009328e-18 9.436571e+01
420000 1.189142e-22 -3.964346e-18 6.191022e-18 1.722585e+01
421000 4.251812e-23 -3.938487e-18 6.153845e-18 6.159149e+00
422000 6.902385e-22 -3.926895e-18 6.156123e-18 9.998754e+01
423000 7.360711e-22 -3.938280e-18 6.154442e-18 1.066268e+02
424000 1.303458e-21 -3.940104e-18 6.156061e-18 1.888181e+02
425000 7.029127e-21 -3.940611e-18 6.342158e-18 1.018235e+03
426000 8.846008e-20 -4.064793e-18 6.257399e-18 1.281428e+04
427000 5.354195e-22 -3.941807e-18 6.263184e-18 7.756056e+01
428000 3.635214e-23 -3.948776e-18 6.261253e-18 5.265950e+00
429000 2.176690e-22 -3.937809e-18 6.265055e-18 3.153140e+01
430000 7.167556e-22 -3.938893e-18 6.444884e-18 1.038288e+02
431000 1.910628e-19 -3.876908e-18 6.634667e-18 2.767724e+04
432000 1.848250e-20 -4.109723e-18 6.289486e-18 2.677363e+03
433000 7.948098e-22 -3.911837e-18 6.419616e-18 1.151357e+02
434000 3.846885e-24 -3.889740e-18 6.430600e-18 5.572576e-01
435000 2.685720e-22 -3.906697e-18 6.599112e-18 3.890518e+01
436000 6.560896e-21 -4.071507e-18 6.435598e-18 9.504075e+02
437000 2.981981e-20 -4.101465e-18 6.409633e-18 4.319679e+03
438000 3.830500e-21 -4.107819e-18 6.377306e-18 5.548839e+02
439000 2.369741e-21 -4.106378e-18 6.372381e-18 3.432793e+02
440000 4.568507e-22 -4.105763e-18 6.550140e-18 6.617912e+01
441000 1.794021e-24 -4.108898e-18 6.492233e-18 2.598808e-01
442000 1.084848e-19 -3.781394e-18 6.887091e-18 1.571504e+04
443000 1.317654e-21 -4.108848e-18 6.493072e-18 1.908745e+02
444000 9.312438e-21 -4.109349e-18 6.509241e-18 1.348994e+03
445000 3.361878e-20 -4.101603e-18 6.714113e-18 4.869996e+03
446000 4.835394e-21 -4.092361e-18 6.650766e-18 7.004524e+02
447000 2.748944e-20 -4.088463e-18 6.694851e-18 3.982103e+03
448000 7.211026e-21 -4.081376e-18 6.673005e-18 1.044585e+03
449000 2.858278e-20 -3.835659e-18 6.872924e-18 4.140485e+03
450000 3.278862e-22 -4.041134e-18 6.852351e-18 4.749741e+01
451000 1.108382e-19 -4.109886e-18 6.873268e-18 1.605596e+04
452000 3.553609e-19 -4.079885e-18 7.157893e-18 5.147736e+04
453000 9.478920e-20 -4.045581e-18 6.936680e-18 1.373111e+04
454000 2.552672e-20 -4.017695e-18 6.869508e-18 3.697785e+03
455000 2.346046e-20 -4.109412e-18 6.972362e-18 3.398469e+03
456000 5.079013e-21 -4.090998e-18 6.905926e-18 7.357428e+02
457000 2.756274e-22 -4.099106e-18 6.905943e-18 3.992722e+01
458000 2.400178e-23 -4.094590e-18 6.897818e-18 3.476884e+00
459000 2.746537e-22 -4.089758e-18 6.901256e-18 3.978617e+01
460000 8.987599e-20 -3.755906e-18 7.433970e-18 1.301938e+04
461000 3.003751e-19 -4.013533e-18 7.392941e-18 4.351217e+04
462000 3.554919e-23 -3.486343e-18 7.553693e-18 5.149634e+00
463000 2.530229e-19 -4.083716e-18 7.294183e-18 3.665275e+04
464000 1.989508e-20 -4.102020e-18 7.046062e-18 2.881989e+03
465000 7.533894e-21 -4.095881e-18 7.183359e-18 1.091355e+03
466000 8.834902e-23 -4.106315e-18 7.160800e-18 1.279819e+01
467000 2.573616e-21 -4.104160e-18 7.161596e-18 3.728126e+02
468000 1.718208e-21 -4.070516e-18 7.150157e-18 2.488985e+02
469000 4.066921e-21 -4.066936e-18 7.155007e-18 5.891318e+02
470000 5.435959e-22 -4.067485e-18 7.330563e-18 7.874499e+01
471000 1.250438e-19 -3.790796e-18 7.614248e-18 1.811377e+04
472000 7.114266e-21 -4.069015e-18 7.261005e-18 1.030568e+03
473000 8.025215e-25 -4.061902e-18 7.251594e-18 1.162528e-01
474000 6.903726e-20 -4.105753e-18 7.347743e-18 1.000070e+04
475000 3.267205e-21 -4.086976e-18 7.472478e-18 4.732854e+02
476000 4.358622e-19 -4.044973e-18 7.851854e-18 6.313874e+04
477000 1.622983e-20 -3.915925e-18 7.567844e-18 2.351044e+03
478000 3.641182e-19 -3.758669e-18 8.005450e-18 5.274595e+04
479000 8.689037e-22 -4.093503e-18 7.379776e-18 1.258689e+02
480000 1.364803e-21 -4.103534e-18 7.582051e-18 1.977046e+02
481000 3.706661e-21 -4.048976e-18 7.564480e-18 5.369447e+02
482000 3.997899e-21 -4.074984e-18 7.567378e-18 5.791332e+02
483000 2.429967e-23 -4.054734e-18 7.563171e-18 3.520036e+00
484000 1.946434e-22 -4.047974e-18 7.561728e-18 2.819593e+01
485000 1.373721e-19 -3.969290e-18 7.958731e-18 1.989965e+04
486000 2.943898e-21 -4.050193e-18 7.683264e-18 4.264513e+02
487000 9.488721e-21 -4.048819e-18 7.690359e-18 1.374531e+03
488000 2.479013e-21 -4.062668e-18 7.695533e-18 3.591084e+02
489000 3.633637e-22 -4.085927e-18 7.708779e-18 5.263665e+01
490000 9.637582e-22 -4.096667e-18 7.798687e-18 1.396094e+02
491000 1.820731e-23 -3.931924e-18 7.902597e-18 2.637501e+00
492000 2.771790e-21 -3.938945e-18 7.909829e-18 4.015199e+02
493000 3.265715e-20 -4.092060e-18 7.846045e-18 4.730696e+03
494000 2.075480e-23 -4.054051e-18 7.802347e-18 3.006528e+00
495000 4.412131e-23 -4.054682e-18 7.983124e-18 6.391386e+00
496000 3.871587e-22 -4.024131e-18 7.952439e-18 5.608358e+01
497000 1.507445e-22 -4.039894e-18 7.953195e-18 2.183676e+01
498000 2.442256e-21 -4.029353e-18 7.953644e-18 3.537838e+02
499000 4.483737e-23 -4.019062e-18 7.953895e-18 6.495114e+00
500000 1.120141e-21 -4.024620e-18 8.133066e-18 1.622629e+02
501000 6.725866e-26 -4.076316e-18 8.045383e-18 9.743049e-03
502000 2.278294e-20 -3.860756e-18 8.163489e-18 3.300323e+03
503000 4.592538e-24 -3.873380e-18 8.134761e-18 6.652724e-01
504000 1.009730e-22 -3.877682e-18 8.135456e-18 1.462690e+01
505000 8.642054e-22 -3.870339e-18 8.316153e-18 1.251883e+02
506000 2.284677e-21 -3.926147e-18 8.265285e-18 3.309570e+02
507000 2.202527e-21 -3.929883e-18 8.264481e-18 3.190568e+02
508000 4.138360e-22 -3.934977e-18 8.264418e-18 5.994804e+01
509000 5.172897e-22 -3.929242e-18 8.262791e-18 7.493429e+01
510000 8.051481e-23 -3.932096e-18 8.442758e-18 1.166333e+01
511000 1.289781e-21 -3.824606e-18 8.419016e-18 1.868369e+02
512000 1.209280e-21 -3.846046e-18 8.418529e-18 1.751755e+02
513000 1.072452e-22 -3.837757e-18 8.413525e-18 1.553548e+01
514000 2.046985e-22 -3.887675e-18 8.420445e-18 2.965251e+01
515000 8.312221e-22 -3.881984e-18 8.606593e-18 1.204103e+02
516000 2.496078e-19 -3.995524e-18 8.716046e-18 3.615804e+04
517000 4.750924e-19 -3.545026e-18 9.290067e-18 6.882161e+04
518000 9.044164e-21 -4.075988e-18 8.414448e-18 1.310132e+03
519000 3.439989e-21 -4.077122e-18 8.409127e-18 4.983148e+02
520000 3.807756e-20 -4.109412e-18 8.608146e-18 5.515892e+03
521000 1.991430e-21 -4.080176e-18 8.533194e-18 2.884774e+02
522000 9.935076e-22 -4.095501e-18 8.520981e-18 1.439189e+02
523000 5.652268e-20 -3.606454e-18 8.930068e-18 8.187842e+03
524000 1.649155e-19 -3.867155e-18 8.881786e-18 2.388957e+04
525000 9.370860e-21 -4.024608e-18 8.695310e-18 1.357457e+03
526000 3.377142e-20 -4.109572e-18 8.590281e-18 4.892107e+03
527000 4.806463e-19 -3.522244e-18 9.558403e-18 6.962613e+04
528000 1.351224e-25 -4.068605e-18 8.573063e-18 1.957376e-02
529000 3.275944e-21 -4.063167e-18 8.573192e-18 4.745514e+02
530000 5.933836e-21 -4.065495e-18 8.755065e-18 8.595721e+02
531000 1.390589e-21 -4.071070e-18 8.776392e-18 2.014398e+02
532000 6.335099e-21 -3.268943e-18 9.457392e-18 9.176987e+02
533000 2.607356e-22 -3.827126e-18 8.896903e-18 3.777001e+01
534000 1.328694e-22 -3.830841e-18 8.895410e-18 1.924738e+01
535000 1.208757e-21 -3.821748e-18 9.081216e-18 1.750999e+02
536000 3.798654e-19 -3.882669e-18 9.465013e-18 5.502708e+04
537000 1.873879e-21 -3.409233e-18 9.432641e-18 2.714490e+02
538000 3.808559e-19 -4.098764e-18 9.258903e-18 5.517056e+04
539000 1.345177e-21 -4.094738e-18 8.883040e-18 1.948615e+02
540000 2.194234e-20 -3.869195e-18 9.172912e-18 3.178555e+03
541000 5.486572e-23 -4.099951e-18 9.011033e-18 7.947815e+00
542000 1.411466e-21 -4.070476e-18 9.018585e-18 2.044642e+02
543000 2.496745e-19 -3.838605e-18 9.396023e-18 3.616770e+04
544000 4.558148e-21 -4.105460e-18 9.017108e-18 6.602907e+02
545000 1.380862e-18 -4.109765e-18 1.059386e-17 2.000308e+05
546000 1.125207e-22 -3.908449e-18 9.199585e-18 1.629968e+01
547000 7.301674e-19 -3.855054e-18 1.000442e-17 1.057716e+05
548000 1.510821e-21 -4.071650e-18 9.134570e-18 2.188567e+02
549000 4.333884e-21 -4.094603e-18 9.126432e-18 6.278039e+02
550000 5.920024e-22 -4.095556e-18 9.300496e-18 8.575711e+01
551000 2.126720e-19 -2.392930e-18 1.101974e-17 3.080754e+04
552000 5.989189e-19 -3.937000e-18 9.924205e-18 8.675904e+04
553000 2.645053e-21 -4.073773e-18 9.250413e-18 3.831608e+02
554000 2.028922e-22 -4.076255e-18 9.245882e-18 2.939084e+01
555000 3.121190e-21 -4.071933e-18 9.435336e-18 4.521337e+02
556000 2.349456e-19 -3.770743e-18 9.786034e-18 3.403408e+04
557000 1.051145e-18 -4.053277e-18 1.047777e-17 1.522682e+05
558000 3.640604e-20 -4.019359e-18 9.483743e-18 5.273757e+03
559000 1.489218e-18 -3.939189e-18 1.101033e-17 2.157272e+05
560000 6.443489e-21 -4.105223e-18 9.564228e-18 9.334000e+02
561000 2.050387e-19 -3.849949e-18 9.855256e-18 2.970178e+04
562000 2.396917e-22 -4.006356e-18 9.542775e-18 3.472160e+01
563000 6.390590e-22 -3.995242e-18 9.547584e-18 9.257371e+01
564000 5.211178e-23 -4.002189e-18 9.540488e-18 7.548882e+00
565000 1.638528e-21 -4.008200e-18 9.726432e-18 2.373562e+02
566000 1.949668e-20 -4.075869e-18 9.677125e-18 2.824277e+03
567000 2.555537e-20 -4.090392e-18 9.684249e-18 3.701935e+03
568000 4.661379e-21 -4.081074e-18 9.646840e-18 6.752446e+02
569000 1.404847e-21 -4.076366e-18 9.657018e-18 2.035053e+02
570000 7.868021e-19 -3.663900e-18 1.086290e-17 1.139757e+05
571000 5.848626e-21 -4.095844e-18 9.787839e-18 8.472285e+02
572000 5.798709e-21 -4.097011e-18 9.787337e-18 8.399976e+02
573000 7.135502e-21 -4.098054e-18 9.788628e-18 1.033645e+03
574000 1.317312e-21 -3.646525e-18 1.003486e-17 1.908251e+02
575000 1.197475e-21 -3.990118e-18 9.941041e-18 1.734655e+02
576000 3.035824e-19 -3.394830e-18 1.070875e-17 4.397676e+04
577000 2.096730e-19 -4.103346e-18 1.002970e-17 3.037310e+04
578000 9.461351e-21 -3.932844e-18 9.935504e-18 1.370566e+03
579000 5.168992e-23 -4.080186e-18 9.883492e-18 7.487771e+00
580000 1.404841e-21 -4.083657e-18 1.006429e-17 2.035044e+02
581000 5.837791e-20 -3.485775e-18 1.049260e-17 8.456589e+03
582000 4.365474e-19 -3.473469e-18 1.088308e-17 6.323800e+04
583000 7.353470e-19 -4.065321e-18 1.068441e-17 1.065219e+05
584000 3.449905e-19 -3.891024e-18 1.049499e-17 4.997512e+04
585000 5.688955e-19 -3.910127e-18 1.086578e-17 8.240987e+04
586000 2.505291e-21 -3.861062e-18 1.023766e-17 3.629149e+02
587000 8.076329e-21 -4.106302e-18 1.001940e-17 1.169932e+03
588000 2.340291e-19 -3.026192e-18 1.124784e-17 3.390131e+04
589000 2.790425e-21 -3.780686e-18 1.026818e-17 4.042193e+02
590000 1.214677e-21 -3.780804e-18 1.044657e-17 1.759573e+02
591000 1.899845e-22 -4.074565e-18 1.028758e-17 2.752104e+01
592000 9.913863e-21 -3.888625e-18 1.032381e-17 1.436116e+03
593000 2.063358e-22 -3.756890e-18 1.043287e-17 2.988969e+01
594000 1.105110e-22 -3.743424e-18 1.042747e-17 1.600855e+01
595000 9.018452e-23 -3.919117e-18 1.045937e-17 1.306408e+01
596000 1.168310e-18 -4.077257e-18 1.145993e-17 1.692407e+05
597000 1.850867e-20 -3.680164e-18 1.066402e-17 2.681155e+03
598000 4.023122e-19 -4.035255e-18 1.079278e-17 5.827871e+04
599000 2.373079e-19 -4.094487e-18 1.062886e-17 3.437628e+04
600000 1.343988e-18 -3.968562e-18 1.192131e-17 1.946893e+05
601000 2.785310e-21 -3.015087e-18 1.138770e-17 4.034783e+02
602000 2.069928e-19 -3.947600e-18 1.077138e-17 2.998486e+04
603000 1.100913e-19 -4.041373e-18 1.060190e-17 1.594776e+04
604000 6.226375e-22 -3.881129e-18 1.066023e-17 9.019490e+01
605000 2.234300e-19 -3.956547e-18 1.096618e-17 3.236594e+04
606000 2.103852e-21 -2.334645e-18 1.218746e-17 3.047627e+02
607000 3.631924e-19 -3.697637e-18 1.120379e-17 5.261184e+04
608000 6.907738e-20 -3.828753e-18 1.077451e-17 1.000651e+04
609000 1.587894e-20 -4.108838e-18 1.047381e-17 2.300214e+03
610000 5.594495e-19 -4.073851e-18 1.128187e-17 8.104152e+04
611000 8.576606e-24 -3.902987e-18 1.080937e-17 1.242402e+00
612000 1.232928e-18 -4.103944e-18 1.199469e-17 1.786012e+05
613000 4.294670e-22 -4.105816e-18 1.062242e-17 6.221234e+01
614000 1.562019e-18 -2.914049e-18 1.328797e-17 2.262731e+05
615000 1.795830e-19 -2.706862e-18 1.229272e-17 2.601429e+04
616000 9.493733e-20 -3.844380e-18 1.106528e-17 1.375257e+04
617000 3.331766e-21 -3.826180e-18 1.094944e-17 4.826376e+02
618000 1.743399e-21 -3.894099e-18 1.093102e-17 2.525477e+02
619000 4.124984e-21 -3.664785e-18 1.115929e-17 5.975428e+02
620000 7.346408e-20 -3.543690e-18 1.146977e-17 1.064196e+04
621000 2.741697e-19 -4.042635e-18 1.119414e-17 3.971605e+04
622000 3.223595e-21 -4.044508e-18 1.097270e-17 4.669680e+02
623000 2.458913e-22 -4.056773e-18 1.091677e-17 3.561966e+01
624000 3.053341e-23 -4.049912e-18 1.091392e-17 4.423051e+00
625000 1.949599e-22 -4.055521e-18 1.109508e-17 2.824177e+01
626000 6.589002e-21 -3.421787e-18 1.158480e-17 9.544790e+02
627000 1.220147e-18 -4.003739e-18 1.237684e-17 1.767497e+05
628000 1.837442e-22 -3.834798e-18 1.118559e-17 2.661707e+01
629000 7.020779e-22 -3.840151e-18 1.118771e-17 1.017026e+02
630000 2.212113e-18 -3.215611e-18 1.417650e-17 3.204453e+05
631000 2.371104e-19 -2.907680e-18 1.244957e-17 3.434767e+04
632000 1.833333e-20 -4.108929e-18 1.127946e-17 2.655756e+03
633000 5.455012e-22 -4.051267e-18 1.120897e-17 7.902098e+01
634000 7.576517e-24 -3.899905e-18 1.128826e-17 1.097530e+00
635000 2.711012e-19 -3.935683e-18 1.178965e-17 3.927156e+04
636000 7.098920e-19 -3.665256e-18 1.234452e-17 1.028345e+05
637000 6.305609e-20 -4.093570e-18 1.141819e-17 9.134268e+03
638000 1.166678e-19 -4.098275e-18 1.145959e-17 1.690043e+04
639000 8.001615e-19 -3.689599e-18 1.238076e-17 1.159109e+05
640000 3.532952e-22 -4.100021e-18 1.152545e-17 5.117814e+01
641000 2.402245e-19 -3.848867e-18 1.179185e-17 3.479879e+04
642000 3.205311e-21 -4.038095e-18 1.146311e-17 4.643194e+02
643000 2.212943e-19 -3.961309e-18 1.178280e-17 3.205656e+04
644000 5.619955e-20 -4.094694e-18 1.144982e-17 8.141034e+03
645000 1.358717e-18 -3.647949e-18 1.325085e-17 1.968229e+05
646000 1.502581e-22 -3.744713e-18 1.174751e-17 2.176630e+01
647000 1.320418e-18 -2.924031e-18 1.387639e-17 1.912750e+05
648000 1.533287e-19 -3.435508e-18 1.219783e-17 2.221111e+04
649000 5.164033e-19 -3.739600e-18 1.226438e-17 7.480588e+04
650000 1.204462e-18 -3.211196e-18 1.365327e-17 1.744777e+05
651000 2.137434e-20 -3.571783e-18 1.207982e-17 3.096274e+03
652000 1.021084e-22 -4.012886e-18 1.176896e-17 1.479136e+01
653000 2.359403e-19 -3.875076e-18 1.209107e-17 3.417818e+04
654000 5.343854e-20 -3.047421e-18 1.260602e-17 7.741075e+03
655000 3.786520e-19 -4.016824e-18 1.232652e-17 5.485130e+04
656000 2.462878e-22 -3.845199e-18 1.193019e-17 3.567710e+01
657000 2.897144e-19 -3.814432e-18 1.220413e-17 4.196786e+04
658000 2.265858e-22 -4.108321e-18 1.165557e-17 3.282309e+01
659000 1.094679e-20 -3.916861e-18 1.191598e-17 1.585746e+03
660000 1.526439e-18 -3.981296e-18 1.362902e-17 2.211191e+05
661000 3.689199e-22 -3.779004e-18 1.212616e-17 5.344152e+01
662000 6.739782e-21 -3.878351e-18 1.210498e-17 9.763209e+02
663000 6.207038e-21 -4.107453e-18 1.179252e-17 8.991479e+02
664000 1.137568e-20 -4.107408e-18 1.179854e-17 1.647874e+03
665000 5.568196e-21 -1.368784e-18 1.465678e-17 8.066055e+02
666000 2.527370e-19 -4.009423e-18 1.233847e-17 3.661134e+04
667000 1.223425e-20 -3.013659e-18 1.295857e-17 1.772246e+03
668000 1.565629e-19 -4.107696e-18 1.205858e-17 2.267960e+04
669000 2.223355e-18 -3.369505e-18 1.481385e-17 3.220739e+05
670000 6.626996e-20 -3.356189e-18 1.285008e-17 9.599828e+03
671000 8.538295e-20 -3.110954e-18 1.305450e-17 1.236852e+04
672000 6.716602e-19 -3.356589e-18 1.339535e-17 9.729629e+04
673000 2.017146e-18 -3.596102e-18 1.451828e-17 2.922025e+05
674000 2.502785e-19 -4.095627e-18 1.236640e-17 3.625519e+04
675000 1.259156e-19 -3.683157e-18 1.274366e-17 1.824005e+04
676000 7.218641e-22 -3.896426e-18 1.236911e-17 1.045688e+02
677000 3.075609e-20 -3.882879e-18 1.241095e-17 4.455310e+03
678000 6.015050e-21 -3.902841e-18 1.237530e-17 8.713365e+02
679000 1.733596e-21 -3.847487e-18 1.239256e-17 2.511277e+02
680000 1.084965e-19 -3.327145e-18 1.319468e-17 1.571675e+04
681000 8.478967e-20 -3.748615e-18 1.266356e-17 1.228258e+04
682000 2.336200e-19 -3.979373e-18 1.273018e-17 3.384206e+04
683000 8.199288e-19 -3.918708e-18 1.338275e-17 1.187744e+05
684000 7.251774e-19 -4.108898e-18 1.307651e-17 1.050488e+05
685000 1.905048e-18 -4.047832e-18 1.453825e-17 2.759641e+05
686000 6.180979e-19 -4.108578e-18 1.310427e-17 8.953730e+04
687000 1.620629e-19 -4.050494e-18 1.279908e-17 2.347634e+04
688000 9.182169e-24 -2.278902e-18 1.416111e-17 1.330124e+00
689000 7.874188e-21 -4.064350e-18 1.257238e-17 1.140650e+03
690000 6.232722e-19 -3.907874e-18 1.351380e-17 9.028685e+04
691000 4.627554e-19 -2.995457e-18 1.402730e-17 6.703447e+04
692000 1.261604e-20 -4.047767e-18 1.265307e-17 1.827552e+03
693000 1.626220e-24 -3.741637e-18 1.282888e-17 2.355733e-01
694000 2.574905e-20 -3.914228e-18 1.276703e-17 3.729992e+03
695000 1.544615e-21 -3.628436e-18 1.313349e-17 2.237520e+02
696000 4.785495e-20 -3.761766e-18 1.302476e-17 6.932240e+03
697000 5.086955e-22 -3.899279e-18 1.284868e-17 7.368933e+01
698000 2.169477e-21 -4.086361e-18 1.268932e-17 3.142692e+02
699000 1.530303e-18 -4.109998e-18 1.428338e-17 2.216788e+05
700000 1.124052e-19 -2.509577e-18 1.446283e-17 1.628296e+04
701000 1.388749e-20 -4.070585e-18 1.294012e-17 2.011734e+03
702000 2.061947e-18 -4.083080e-18 1.488295e-17 2.986924e+05
703000 3.121813e-20 -4.049908e-18 1.292901e-17 4.522240e+03
704000 4.924368e-20 -4.050818e-18 1.294930e-17 7.133410e+03
705000 1.278051e-19 -3.073535e-18 1.403427e-17 1.851377e+04
706000 4.538687e-20 -3.903212e-18 1.313488e-17 6.574716e+03
707000 3.151386e-21 -4.108689e-18 1.285928e-17 4.565080e+02
708000 1.327425e-22 -3.818301e-18 1.317082e-17 1.922900e+01
709000 2.682104e-19 -1.206265e-18 1.598194e-17 3.885279e+04
710000 4.804867e-22 -2.778597e-18 1.432188e-17 6.960302e+01
711000 1.459375e-19 -3.852689e-18 1.339905e-17 2.114042e+04
712000 2.575492e-19 -3.842829e-18 1.350904e-17 3.730842e+04
713000 4.794696e-19 -2.839858e-18 1.468768e-17 6.945569e+04
714000 4.534483e-21 -4.070842e-18 1.317082e-17 6.568625e+02
715000 5.918249e-19 -3.967587e-18 1.400326e-17 8.573141e+04
716000 7.046752e-20 -4.109780e-18 1.322196e-17 1.020788e+04
717000 9.922094e-23 -3.804422e-18 1.337007e-17 1.437309e+01
718000 8.103378e-19 -3.867797e-18 1.425558e-17 1.173851e+05
719000 7.123224e-20 -2.928376e-18 1.435201e-17 1.031866e+04
720000 3.793697e-19 -3.916411e-18 1.397284e-17 5.495527e+04
721000 2.907026e-19 -3.961079e-18 1.376238e-17 4.211101e+04
722000 7.928270e-23 -3.616557e-18 1.366781e-17 1.148484e+01
723000 4.269931e-21 -3.824140e-18 1.350052e-17 6.185396e+02
724000 1.320945e-18 -3.961969e-18 1.485577e-17 1.913513e+05
725000 4.969158e-20 -3.915410e-18 1.384053e-17 7.198293e+03
726000 5.427077e-19 -4.053488e-18 1.405550e-17 7.861632e+04
727000 7.521036e-20 -1.579878e-18 1.589533e-17 1.089493e+04
728000 2.658194e-20 -3.783191e-18 1.371087e-17 3.850645e+03
729000 9.076024e-19 -3.796455e-18 1.457937e-17 1.314747e+05
730000 3.104255e-20 -4.068341e-18 1.373683e-17 4.496806e+03
731000 7.379785e-20 -3.906463e-18 1.376571e-17 1.069031e+04
732000 3.074198e-19 -3.789455e-18 1.410672e-17 4.453265e+04
733000 2.420730e-22 -4.031999e-18 1.359059e-17 3.506655e+01
734000 3.474440e-21 -3.070995e-18 1.451225e-17 5.033053e+02
735000 9.489234e-20 -3.855173e-18 1.401170e-17 1.374605e+04
736000 3.053145e-21 -3.823466e-18 1.389974e-17 4.422768e+02
737000 9.484875e-24 -3.835173e-18 1.389465e-17 1.373973e+00
738000 1.488565e-21 -3.852548e-18 1.391384e-17 2.156327e+02
739000 9.549418e-23 -3.830045e-18 1.389489e-17 1.383323e+01
740000 2.836597e-21 -3.834040e-18 1.407735e-17 4.109078e+02
741000 6.970244e-21 -3.743770e-18 1.403532e-17 1.009705e+03
742000 2.071435e-21 -3.753974e-18 1.403290e-17 3.000669e+02
743000 7.036130e-22 -3.737589e-18 1.403162e-17 1.019250e+02
744000 2.208507e-21 -3.802525e-18 1.404331e-17 3.199231e+02
745000 9.567071e-23 -3.758393e-18 1.421408e-17 1.385880e+01
746000 1.052656e-18 -3.986071e-18 1.510322e-17 1.524872e+05
747000 4.307134e-22 -4.090036e-18 1.401890e-17 6.239288e+01
748000 1.355370e-19 -3.911120e-18 1.440574e-17 1.963380e+04
749000 7.123414e-20 -4.002022e-18 1.413341e-17 1.031894e+04
750000 8.474721e-21 -4.107720e-18 1.401011e-17 1.227643e+03
751000 4.979740e-19 -3.518654e-18 1.501474e-17 7.213623e+04
752000 3.736866e-19 -3.616133e-18 1.481718e-17 5.413203e+04
753000 1.196422e-18 -3.766266e-18 1.548599e-17 1.733130e+05
754000 1.675901e-19 -1.259180e-18 1.690841e-17 2.427700e+04
755000 1.089651e-20 -4.074544e-18 1.431467e-17 1.578462e+03
756000 7.050579e-19 -3.648963e-18 1.520195e-17 1.021343e+05
757000 5.658237e-20 -4.107129e-18 1.416201e-17 8.196489e+03
758000 6.754654e-19 -3.914743e-18 1.511746e-17 9.784753e+04
759000 7.453754e-21 -4.008482e-18 1.425570e-17 1.079746e+03
760000 1.140276e-19 -1.306046e-18 1.710798e-17 1.651797e+04
761000 2.435755e-19 -4.005008e-18 1.462317e-17 3.528421e+04
762000 2.624512e-21 -3.870469e-18 1.454557e-17 3.801853e+02
763000 1.801564e-18 -3.941277e-18 1.625800e-17 2.609735e+05
764000 4.593370e-19 -3.459201e-18 1.524034e-17 6.653928e+04
765000 4.309034e-23 -3.888846e-18 1.459338e-17 6.242041e+00
766000 3.456109e-21 -3.914623e-18 1.457245e-17 5.006499e+02
767000 2.783477e-21 -3.867673e-18 1.459528e-17 4.032128e+02
768000 5.782677e-23 -3.837611e-18 1.455056e-17 8.376752e+00
769000 4.388565e-21 -3.822264e-18 1.455316e-17 6.357249e+02
770000 4.949104e-21 -3.822962e-18 1.473340e-17 7.169243e+02
771000 1.683197e-20 -3.921730e-18 1.470523e-17 2.438270e+03
772000 1.424951e-21 -3.922523e-18 1.468992e-17 2.064176e+02
773000 3.748165e-21 -3.921870e-18 1.469216e-17 5.429570e+02
774000 9.674158e-23 -3.926523e-18 1.468948e-17 1.401393e+01
775000 1.311225e-22 -3.882929e-18 1.489996e-17 1.899433e+01
776000 9.332667e-21 -3.908800e-18 1.484889e-17 1.351925e+03
777000 3.470455e-21 -4.035469e-18 1.466820e-17 5.027281e+02
778000 3.092873e-21 -4.083001e-18 1.475237e-17 4.480318e+02
779000 4.182533e-19 -4.105956e-18 1.514165e-17 6.058792e+04
780000 3.678143e-19 -3.838974e-18 1.546161e-17 5.328136e+04
781000 7.038884e-20 -3.192017e-18 1.564057e-17 1.019649e+04
782000 1.092122e-18 -4.023711e-18 1.590554e-17 1.582042e+05
783000 7.638671e-20 -3.667371e-18 1.524800e-17 1.106533e+04
784000 3.991580e-18 -3.957422e-18 1.895608e-17 5.782180e+05
785000 2.649678e-21 -2.574975e-18 1.633453e-17 3.838308e+02
786000 1.058563e-20 -3.886106e-18 1.514705e-17 1.533429e+03
787000 6.262101e-19 -3.309667e-18 1.621880e-17 9.071242e+04
788000 9.495243e-19 -3.783762e-18 1.605899e-17 1.375475e+05
789000 5.342191e-23 -3.820974e-18 1.509090e-17 7.738667e+00
790000 3.541014e-23 -3.761805e-18 1.532050e-17 5.129492e+00
791000 3.930626e-19 -3.646002e-18 1.580974e-17 5.693882e+04
792000 2.376086e-19 -3.602951e-18 1.565091e-17 3.441984e+04
793000 7.870834e-21 -3.477201e-18 1.549067e-17 1.140164e+03
794000 3.528165e-19 -2.899250e-19 1.902289e-17 5.110879e+04
795000 3.656994e-20 -3.189355e-18 1.602604e-17 5.297500e+03
796000 3.619865e-20 -4.083745e-18 1.526522e-17 5.243714e+03
797000 4.002262e-21 -4.043640e-18 1.517717e-17 5.797653e+02
798000 1.552857e-20 -4.088897e-18 1.523685e-17 2.249460e+03
799000 4.670384e-21 -4.045522e-18 1.517804e-17 6.765491e+02
800000 8.962144e-20 -3.776213e-18 1.568179e-17 1.298251e+04
801000 4.549167e-20 -4.020753e-18 1.546468e-17 6.589896e+03
802000 7.631272e-21 -4.101087e-18 1.537471e-17 1.105462e+03
803000 1.086560e-21 -4.090462e-18 1.533861e-17 1.573984e+02
804000 3.939464e-21 -4.047919e-18 1.530142e-17 5.706684e+02
805000 4.097951e-21 -3.135574e-18 1.626569e-17 5.936267e+02
806000 2.735415e-20 -2.885929e-18 1.646155e-17 3.962506e+03
807000 3.973050e-19 -4.108529e-18 1.576547e-17 5.755337e+04
808000 4.825306e-19 -4.068130e-18 1.580194e-17 6.989910e+04
809000 3.406047e-21 -4.077005e-18 1.531323e-17 4.933980e+02
810000 2.774184e-21 -4.078059e-18 1.566120e-17 4.018667e+02
811000 9.655443e-19 -3.286366e-18 1.712203e-17 1.398682e+05
812000 6.256389e-19 -4.086549e-18 1.621216e-17 9.062968e+04
813000 6.671974e-20 -4.025654e-18 1.559450e-17 9.664982e+03
814000 4.901852e-19 -3.171599e-18 1.685283e-17 7.100794e+04
815000 2.929473e-20 -3.942823e-18 1.586968e-17 4.243617e+03
816000 1.745786e-19 -1.442107e-18 1.829247e-17 2.528936e+04
817000 8.121623e-21 -2.490022e-18 1.707838e-17 1.176494e+03
818000 4.234865e-20 -4.065731e-18 1.578427e-17 6.134601e+03
819000 3.764163e-19 -4.023135e-18 1.603144e-17 5.452744e+04
820000 2.020420e-20 -4.080411e-18 1.591135e-17 2.926769e+03
821000 1.797096e-19 -2.823335e-18 1.704489e-17 2.603263e+04
822000 7.260189e-20 -4.107859e-18 1.586641e-17 1.051707e+04
823000 1.934164e-18 -3.847481e-18 1.786917e-17 2.801819e+05
824000 5.008795e-19 -3.813724e-18 1.649891e-17 7.255711e+04
825000 4.808836e-21 -3.275696e-18 1.660608e-17 6.966052e+02
826000 1.961403e-18 -3.127180e-18 1.869069e-17 2.841277e+05
827000 5.222040e-22 -3.816028e-18 1.612590e-17 7.564617e+01
828000 3.265667e-20 -3.999202e-18 1.599970e-17 4.730626e+03
829000 6.101464e-19 -3.535487e-18 1.687491e-17 8.838545e+04
830000 9.842759e-20 -3.726525e-18 1.642765e-17 1.425816e+04
831000 1.683785e-18 -2.552693e-18 1.912109e-17 2.439120e+05
832000 1.526289e-18 -4.052313e-18 1.756063e-17 2.210973e+05
833000 1.325518e-19 -3.842710e-18 1.642357e-17 1.920137e+04
834000 3.331990e-19 -2.864226e-18 1.739056e-17 4.826701e+04
835000 2.611352e-18 -3.866907e-18 1.899916e-17 3.782789e+05
836000 1.927636e-20 -3.486888e-18 1.657657e-17 2.792361e+03
837000 1.725306e-23 -3.715753e-18 1.635424e-17 2.499268e+00
838000 3.614214e-19 -3.926140e-18 1.676573e-17 5.235528e+04
839000 9.279920e-19 -4.065929e-18 1.706894e-17 1.344284e+05
840000 9.902210e-19 -2.654798e-18 1.855773e-17 1.434428e+05
841000 1.470825e-19 -2.622309e-18 1.773880e-17 2.130628e+04
842000 1.146470e-20 -4.029457e-18 1.624817e-17 1.660770e+03
843000 1.035924e-19 -4.447658e-19 1.981883e-17 1.500634e+04
844000 8.343886e-19 -2.616972e-18 1.843069e-17 1.208690e+05
845000 8.098550e-19 -3.589658e-18 1.758461e-17 1.173151e+05
846000 7.310504e-19 -2.621299e-18 1.844357e-17 1.058995e+05
847000 2.193042e-18 -3.275364e-18 1.927456e-17 3.176828e+05
848000 1.580020e-21 -4.096559e-18 1.633400e-17 2.288808e+02
849000 8.102099e-19 -7.877204e-20 2.101144e-17 1.173665e+05
850000 1.003937e-19 -4.055650e-18 1.669281e-17 1.454298e+04
851000 1.576726e-18 -3.511161e-18 1.852094e-17 2.284035e+05
852000 1.195258e-18 -4.105447e-18 1.772729e-17 1.731443e+05
853000 5.474019e-20 -4.020249e-18 1.667579e-17 7.929631e+03
854000 3.903177e-20 -2.912123e-18 1.752691e-17 5.654119e+03
855000 3.545144e-20 -3.755705e-18 1.694688e-17 5.135474e+03
856000 5.511411e-20 -4.095091e-18 1.663324e-17 7.983797e+03
857000 7.093317e-20 -4.001616e-18 1.675691e-17 1.027534e+04
858000 2.975511e-19 -4.021713e-18 1.693399e-17 4.310308e+04
859000 8.880287e-22 -4.064568e-18 1.654573e-17 1.286393e+02
860000 4.315645e-20 -3.947075e-18 1.694542e-17 6.251618e+03
861000 8.994155e-20 -4.075859e-18 1.696367e-17 1.302888e+04
862000 6.097833e-19 -4.090258e-18 1.734099e-17 8.833284e+04
863000 1.942251e-19 -1.431548e-18 1.940268e-17 2.813533e+04
864000 1.433729e-18 -4.074253e-18 1.806009e-17 2.076891e+05
865000 6.479183e-19 -4.023087e-18 1.767712e-17 9.385706e+04
866000 1.437587e-19 -4.065650e-18 1.712357e-17 2.082480e+04
867000 1.539625e-19 -3.224680e-18 1.778488e-17 2.230291e+04
868000 1.795744e-21 -3.178711e-18 1.763036e-17 2.601304e+02
869000 9.189700e-20 -2.555110e-18 1.829679e-17 1.331215e+04
870000 7.695947e-19 -4.105475e-18 1.773681e-17 1.114830e+05
871000 5.571342e-19 -3.010475e-18 1.842668e-17 8.070612e+04
872000 1.365802e-19 -6.677973e-19 2.034878e-17 1.978493e+04
873000 8.861345e-19 -3.754938e-18 1.821129e-17 1.283649e+05
874000 9.110108e-21 -1.514459e-18 1.937465e-17 1.319685e+03
875000 6.486362e-21 -3.877487e-18 1.737430e-17 9.396105e+02
876000 1.049723e-19 -3.914136e-18 1.750153e-17 1.520623e+04
877000 1.320736e-19 -3.324490e-18 1.790913e-17 1.913211e+04
878000 2.219636e-18 -2.955791e-18 2.026385e-17 3.215352e+05
879000 3.729781e-21 -4.095236e-18 1.714772e-17 5.402939e+02
