pX pY pZ 
-1.453269e-13 0.000000e+00 0.000000e+00
1.330425e-13 0.000000e+00 0.000000e+00
-1.235048e-13 0.000000e+00 0.000000e+00
-3.109581e-15 0.000000e+00 0.000000e+00
9.317704e-14 0.000000e+00 0.000000e+00
-2.565858e-13 0.000000e+00 0.000000e+00
-5.052729e-14 0.000000e+00 0.000000e+00
-1.526107e-13 0.000000e+00 0.000000e+00
1.391540e-14 0.000000e+00 0.000000e+00
-1.150716e-15 0.000000e+00 0.000000e+00
4.546625e-13 0.000000e+00 0.000000e+00
2.490129e-13 0.000000e+00 0.000000e+00
3.187411e-13 0.000000e+00 0.000000e+00
-1.394471e-14 0.000000e+00 0.000000e+00
-1.591158e-13 0.000000e+00 0.000000e+00
5.259363e-14 0.000000e+00 0.000000e+00
1.924727e-13 0.000000e+00 0.000000e+00
1.296576e-13 0.000000e+00 0.000000e+00
-1.392751e-13 0.000000e+00 0.000000e+00
6.387669e-14 0.000000e+00 0.000000e+00
-2.036188e-13 0.000000e+00 0.000000e+00
1.396442e-13 0.000000e+00 0.000000e+00
-1.415670e-13 0.000000e+00 0.000000e+00
3.431266e-14 0.000000e+00 0.000000e+00
-1.209098e-13 0.000000e+00 0.000000e+00
7.610172e-14 0.000000e+00 0.000000e+00
2.945757e-14 0.000000e+00 0.000000e+00
-6.343088e-14 0.000000e+00 0.000000e+00
1.287984e-13 0.000000e+00 0.000000e+00
-1.229562e-13 0.000000e+00 0.000000e+00
-4.330671e-13 0.000000e+00 0.000000e+00
-2.389630e-14 0.000000e+00 0.000000e+00
-1.149145e-15 0.000000e+00 0.000000e+00
1.038949e-13 0.000000e+00 0.000000e+00
-2.625307e-14 0.000000e+00 0.000000e+00
-8.815569e-14 0.000000e+00 0.000000e+00
-4.996441e-14 0.000000e+00 0.000000e+00
-4.446205e-14 0.000000e+00 0.000000e+00
-7.031073e-14 0.000000e+00 0.000000e+00
-1.890493e-13 0.000000e+00 0.000000e+00
1.949911e-13 0.000000e+00 0.000000e+00
9.522104e-14 0.000000e+00 0.000000e+00
1.641790e-14 0.000000e+00 0.000000e+00
-7.091863e-14 0.000000e+00 0.000000e+00
-2.276737e-13 0.000000e+00 0.000000e+00
-4.599123e-13 0.000000e+00 0.000000e+00
-1.616120e-15 0.000000e+00 0.000000e+00
-1.105905e-13 0.000000e+00 0.000000e+00
6.357159e-14 0.000000e+00 0.000000e+00
1.961813e-13 0.000000e+00 0.000000e+00
-2.908814e-13 0.000000e+00 0.000000e+00
-2.109424e-13 0.000000e+00 0.000000e+00
5.911652e-14 0.000000e+00 0.000000e+00
2.076856e-13 0.000000e+00 0.000000e+00
1.442521e-13 0.000000e+00 0.000000e+00
-8.427533e-14 0.000000e+00 0.000000e+00
1.296175e-13 0.000000e+00 0.000000e+00
1.548648e-13 0.000000e+00 0.000000e+00
1.136199e-13 0.000000e+00 0.000000e+00
2.425958e-13 0.000000e+00 0.000000e+00
-4.048003e-14 0.000000e+00 0.000000e+00
-2.232009e-13 0.000000e+00 0.000000e+00
3.282364e-14 0.000000e+00 0.000000e+00
-3.404464e-14 0.000000e+00 0.000000e+00
-1.884834e-13 0.000000e+00 0.000000e+00
-3.198063e-14 0.000000e+00 0.000000e+00
1.367087e-13 0.000000e+00 0.000000e+00
1.897285e-13 0.000000e+00 0.000000e+00
5.905940e-14 0.000000e+00 0.000000e+00
2.365121e-14 0.000000e+00 0.000000e+00
-1.324224e-13 0.000000e+00 0.000000e+00
-2.119749e-13 0.000000e+00 0.000000e+00
4.304168e-14 0.000000e+00 0.000000e+00
1.050532e-13 0.000000e+00 0.000000e+00
1.790454e-13 0.000000e+00 0.000000e+00
3.213629e-13 0.000000e+00 0.000000e+00
1.998695e-13 0.000000e+00 0.000000e+00
-1.795631e-13 0.000000e+00 0.000000e+00
1.570395e-13 0.000000e+00 0.000000e+00
-9.140835e-14 0.000000e+00 0.000000e+00
-1.937487e-17 0.000000e+00 0.000000e+00
-6.253493e-14 0.000000e+00 0.000000e+00
3.021982e-13 0.000000e+00 0.000000e+00
-2.001151e-13 0.000000e+00 0.000000e+00
-7.247105e-14 0.000000e+00 0.000000e+00
-1.691386e-13 0.000000e+00 0.000000e+00
-2.660832e-13 0.000000e+00 0.000000e+00
-6.640444e-14 0.000000e+00 0.000000e+00
1.557489e-14 0.000000e+00 0.000000e+00
-3.129471e-13 0.000000e+00 0.000000e+00
-8.490515e-14 0.000000e+00 0.000000e+00
1.434470e-13 0.000000e+00 0.000000e+00
-5.703718e-14 0.000000e+00 0.000000e+00
-4.594426e-14 0.000000e+00 0.000000e+00
-9.718737e-15 0.000000e+00 0.000000e+00
1.058637e-13 0.000000e+00 0.000000e+00
3.069219e-13 0.000000e+00 0.000000e+00
-1.033293e-13 0.000000e+00 0.000000e+00
4.202627e-13 0.000000e+00 0.000000e+00
-1.294595e-13 0.000000e+00 0.000000e+00
3.906650e-14 0.000000e+00 0.000000e+00
3.076698e-14 0.000000e+00 0.000000e+00
2.397847e-13 0.000000e+00 0.000000e+00
1.622188e-13 0.000000e+00 0.000000e+00
-2.422418e-13 0.000000e+00 0.000000e+00
1.565349e-13 0.000000e+00 0.000000e+00
3.932234e-13 0.000000e+00 0.000000e+00
1.393172e-13 0.000000e+00 0.000000e+00
1.262491e-13 0.000000e+00 0.000000e+00
7.181719e-14 0.000000e+00 0.000000e+00
1.004691e-13 0.000000e+00 0.000000e+00
-9.693996e-14 0.000000e+00 0.000000e+00
-2.541284e-14 0.000000e+00 0.000000e+00
-9.176711e-14 0.000000e+00 0.000000e+00
-1.867232e-13 0.000000e+00 0.000000e+00
-1.613184e-13 0.000000e+00 0.000000e+00
-2.936010e-15 0.000000e+00 0.000000e+00
1.274532e-13 0.000000e+00 0.000000e+00
-2.572484e-13 0.000000e+00 0.000000e+00
1.010965e-13 0.000000e+00 0.000000e+00
-1.198662e-13 0.000000e+00 0.000000e+00
1.418784e-13 0.000000e+00 0.000000e+00
6.395147e-14 0.000000e+00 0.000000e+00
-3.928674e-14 0.000000e+00 0.000000e+00
-3.024706e-14 0.000000e+00 0.000000e+00
3.255980e-13 0.000000e+00 0.000000e+00
2.087549e-14 0.000000e+00 0.000000e+00
-3.838001e-14 0.000000e+00 0.000000e+00
-3.082553e-14 0.000000e+00 0.000000e+00
1.697784e-13 0.000000e+00 0.000000e+00
-1.325473e-13 0.000000e+00 0.000000e+00
6.631765e-14 0.000000e+00 0.000000e+00
2.380563e-13 0.000000e+00 0.000000e+00
-1.769617e-13 0.000000e+00 0.000000e+00
-2.025277e-13 0.000000e+00 0.000000e+00
4.728673e-15 0.000000e+00 0.000000e+00
2.795951e-13 0.000000e+00 0.000000e+00
2.338019e-14 0.000000e+00 0.000000e+00
1.086854e-13 0.000000e+00 0.000000e+00
3.427948e-13 0.000000e+00 0.000000e+00
-6.835264e-14 0.000000e+00 0.000000e+00
3.035404e-13 0.000000e+00 0.000000e+00
1.527766e-13 0.000000e+00 0.000000e+00
8.085819e-14 0.000000e+00 0.000000e+00
-1.492803e-14 0.000000e+00 0.000000e+00
-3.206762e-14 0.000000e+00 0.000000e+00
-5.860428e-15 0.000000e+00 0.000000e+00
3.435094e-13 0.000000e+00 0.000000e+00
2.441294e-14 0.000000e+00 0.000000e+00
-1.063945e-13 0.000000e+00 0.000000e+00
-4.911858e-14 0.000000e+00 0.000000e+00
2.979868e-14 0.000000e+00 0.000000e+00
3.672202e-13 0.000000e+00 0.000000e+00
-1.283617e-13 0.000000e+00 0.000000e+00
-2.315269e-13 0.000000e+00 0.000000e+00
-2.764504e-13 0.000000e+00 0.000000e+00
-3.175876e-13 0.000000e+00 0.000000e+00
2.330799e-14 0.000000e+00 0.000000e+00
8.507075e-15 0.000000e+00 0.000000e+00
-1.780333e-13 0.000000e+00 0.000000e+00
6.157090e-14 0.000000e+00 0.000000e+00
-7.294711e-14 0.000000e+00 0.000000e+00
-3.859966e-13 0.000000e+00 0.000000e+00
1.331304e-14 0.000000e+00 0.000000e+00
-1.653510e-13 0.000000e+00 0.000000e+00
1.325233e-13 0.000000e+00 0.000000e+00
2.297853e-13 0.000000e+00 0.000000e+00
2.197165e-13 0.000000e+00 0.000000e+00
5.077569e-14 0.000000e+00 0.000000e+00
5.743686e-14 0.000000e+00 0.000000e+00
-3.205806e-13 0.000000e+00 0.000000e+00
1.066680e-13 0.000000e+00 0.000000e+00
-1.561938e-13 0.000000e+00 0.000000e+00
1.112245e-13 0.000000e+00 0.000000e+00
1.883835e-13 0.000000e+00 0.000000e+00
-8.326627e-14 0.000000e+00 0.000000e+00
-2.602470e-13 0.000000e+00 0.000000e+00
-1.555797e-13 0.000000e+00 0.000000e+00
4.918796e-14 0.000000e+00 0.000000e+00
2.535821e-14 0.000000e+00 0.000000e+00
-4.723304e-14 0.000000e+00 0.000000e+00
1.250564e-13 0.000000e+00 0.000000e+00
-1.572246e-13 0.000000e+00 0.000000e+00
-1.793380e-13 0.000000e+00 0.000000e+00
-3.818936e-14 0.000000e+00 0.000000e+00
-2.019995e-13 0.000000e+00 0.000000e+00
1.466284e-13 0.000000e+00 0.000000e+00
3.337104e-13 0.000000e+00 0.000000e+00
-3.393017e-14 0.000000e+00 0.000000e+00
1.542375e-13 0.000000e+00 0.000000e+00
2.263856e-14 0.000000e+00 0.000000e+00
-2.555681e-13 0.000000e+00 0.000000e+00
6.568161e-14 0.000000e+00 0.000000e+00
4.797255e-14 0.000000e+00 0.000000e+00
2.908033e-13 0.000000e+00 0.000000e+00
-2.258684e-13 0.000000e+00 0.000000e+00
-2.655142e-14 0.000000e+00 0.000000e+00
2.188847e-13 0.000000e+00 0.000000e+00
-9.982471e-14 0.000000e+00 0.000000e+00
-7.840155e-14 0.000000e+00 0.000000e+00
-3.322332e-14 0.000000e+00 0.000000e+00
-1.061443e-13 0.000000e+00 0.000000e+00
2.894140e-13 0.000000e+00 0.000000e+00
-8.593749e-14 0.000000e+00 0.000000e+00
8.462310e-15 0.000000e+00 0.000000e+00
-1.447226e-14 0.000000e+00 0.000000e+00
1.427625e-13 0.000000e+00 0.000000e+00
7.140363e-14 0.000000e+00 0.000000e+00
8.800087e-14 0.000000e+00 0.000000e+00
-5.594689e-14 0.000000e+00 0.000000e+00
2.082100e-13 0.000000e+00 0.000000e+00
1.805938e-13 0.000000e+00 0.000000e+00
-8.206944e-14 0.000000e+00 0.000000e+00
2.242634e-13 0.000000e+00 0.000000e+00
1.668065e-14 0.000000e+00 0.000000e+00
9.785113e-14 0.000000e+00 0.000000e+00
2.456066e-14 0.000000e+00 0.000000e+00
9.879585e-14 0.000000e+00 0.000000e+00
-1.749091e-13 0.000000e+00 0.000000e+00
7.863366e-14 0.000000e+00 0.000000e+00
8.760338e-14 0.000000e+00 0.000000e+00
7.288967e-14 0.000000e+00 0.000000e+00
1.212245e-13 0.000000e+00 0.000000e+00
-7.124002e-15 0.000000e+00 0.000000e+00
-2.373424e-13 0.000000e+00 0.000000e+00
1.891035e-13 0.000000e+00 0.000000e+00
-1.954036e-13 0.000000e+00 0.000000e+00
-4.731200e-13 0.000000e+00 0.000000e+00
5.681880e-15 0.000000e+00 0.000000e+00
-2.736018e-14 0.000000e+00 0.000000e+00
-1.131726e-13 0.000000e+00 0.000000e+00
1.972457e-14 0.000000e+00 0.000000e+00
-2.383174e-13 0.000000e+00 0.000000e+00
-8.197056e-14 0.000000e+00 0.000000e+00
-3.848930e-13 0.000000e+00 0.000000e+00
2.107406e-13 0.000000e+00 0.000000e+00
-4.921149e-14 0.000000e+00 0.000000e+00
9.989063e-14 0.000000e+00 0.000000e+00
-4.756784e-14 0.000000e+00 0.000000e+00
-4.170784e-14 0.000000e+00 0.000000e+00
2.120517e-13 0.000000e+00 0.000000e+00
-4.844676e-13 0.000000e+00 0.000000e+00
-1.018591e-13 0.000000e+00 0.000000e+00
-8.035288e-14 0.000000e+00 0.000000e+00
1.099175e-13 0.000000e+00 0.000000e+00
-3.332967e-13 0.000000e+00 0.000000e+00
1.517345e-13 0.000000e+00 0.000000e+00
-9.490218e-16 0.000000e+00 0.000000e+00
5.225400e-14 0.000000e+00 0.000000e+00
1.423226e-13 0.000000e+00 0.000000e+00
3.415994e-13 0.000000e+00 0.000000e+00
1.967876e-13 0.000000e+00 0.000000e+00
-2.724098e-13 0.000000e+00 0.000000e+00
-1.266776e-13 0.000000e+00 0.000000e+00
5.208512e-14 0.000000e+00 0.000000e+00
-3.023015e-13 0.000000e+00 0.000000e+00
2.323751e-14 0.000000e+00 0.000000e+00
-8.654442e-14 0.000000e+00 0.000000e+00
1.282527e-13 0.000000e+00 0.000000e+00
1.113310e-13 0.000000e+00 0.000000e+00
-2.205677e-13 0.000000e+00 0.000000e+00
2.544826e-13 0.000000e+00 0.000000e+00
2.022948e-13 0.000000e+00 0.000000e+00
-8.071101e-14 0.000000e+00 0.000000e+00
-1.125732e-13 0.000000e+00 0.000000e+00
5.713934e-14 0.000000e+00 0.000000e+00
-2.393468e-14 0.000000e+00 0.000000e+00
-4.539332e-14 0.000000e+00 0.000000e+00
-3.256553e-13 0.000000e+00 0.000000e+00
-2.952615e-13 0.000000e+00 0.000000e+00
-2.180217e-13 0.000000e+00 0.000000e+00
3.748733e-13 0.000000e+00 0.000000e+00
1.019648e-13 0.000000e+00 0.000000e+00
-3.641525e-14 0.000000e+00 0.000000e+00
-7.321008e-15 0.000000e+00 0.000000e+00
-1.149238e-13 0.000000e+00 0.000000e+00
-1.453683e-13 0.000000e+00 0.000000e+00
1.047922e-14 0.000000e+00 0.000000e+00
1.879029e-13 0.000000e+00 0.000000e+00
3.562558e-13 0.000000e+00 0.000000e+00
-1.350038e-13 0.000000e+00 0.000000e+00
-1.721039e-13 0.000000e+00 0.000000e+00
-6.653857e-14 0.000000e+00 0.000000e+00
1.182854e-13 0.000000e+00 0.000000e+00
-5.938689e-14 0.000000e+00 0.000000e+00
2.077015e-14 0.000000e+00 0.000000e+00
2.873297e-14 0.000000e+00 0.000000e+00
-8.062334e-14 0.000000e+00 0.000000e+00
-1.301923e-13 0.000000e+00 0.000000e+00
6.350609e-14 0.000000e+00 0.000000e+00
-3.603365e-14 0.000000e+00 0.000000e+00
-2.036354e-13 0.000000e+00 0.000000e+00
-7.671297e-14 0.000000e+00 0.000000e+00
-1.504412e-13 0.000000e+00 0.000000e+00
-1.923966e-13 0.000000e+00 0.000000e+00
-2.429643e-13 0.000000e+00 0.000000e+00
-1.569047e-13 0.000000e+00 0.000000e+00
-6.539573e-14 0.000000e+00 0.000000e+00
-1.418320e-13 0.000000e+00 0.000000e+00
6.280549e-14 0.000000e+00 0.000000e+00
-1.214808e-13 0.000000e+00 0.000000e+00
-1.212217e-13 0.000000e+00 0.000000e+00
-5.181650e-15 0.000000e+00 0.000000e+00
-1.637131e-14 0.000000e+00 0.000000e+00
1.834066e-13 0.000000e+00 0.000000e+00
4.950960e-14 0.000000e+00 0.000000e+00
8.271785e-14 0.000000e+00 0.000000e+00
1.671300e-13 0.000000e+00 0.000000e+00
-3.581070e-13 0.000000e+00 0.000000e+00
5.883664e-14 0.000000e+00 0.000000e+00
-2.520594e-13 0.000000e+00 0.000000e+00
5.087587e-14 0.000000e+00 0.000000e+00
-4.144008e-13 0.000000e+00 0.000000e+00
-6.145203e-14 0.000000e+00 0.000000e+00
2.674505e-13 0.000000e+00 0.000000e+00
-4.123489e-13 0.000000e+00 0.000000e+00
-4.281654e-13 0.000000e+00 0.000000e+00
-1.148276e-13 0.000000e+00 0.000000e+00
-1.690962e-14 0.000000e+00 0.000000e+00
-1.676921e-13 0.000000e+00 0.000000e+00
-1.194527e-13 0.000000e+00 0.000000e+00
-2.405758e-13 0.000000e+00 0.000000e+00
5.696078e-14 0.000000e+00 0.000000e+00
-2.050587e-15 0.000000e+00 0.000000e+00
-1.371892e-13 0.000000e+00 0.000000e+00
6.350335e-14 0.000000e+00 0.000000e+00
5.070587e-15 0.000000e+00 0.000000e+00
1.892283e-13 0.000000e+00 0.000000e+00
7.759840e-15 0.000000e+00 0.000000e+00
8.754759e-14 0.000000e+00 0.000000e+00
1.004119e-14 0.000000e+00 0.000000e+00
6.119662e-14 0.000000e+00 0.000000e+00
-2.706055e-13 0.000000e+00 0.000000e+00
-1.300019e-14 0.000000e+00 0.000000e+00
1.716143e-13 0.000000e+00 0.000000e+00
1.649496e-13 0.000000e+00 0.000000e+00
8.083131e-14 0.000000e+00 0.000000e+00
4.272748e-14 0.000000e+00 0.000000e+00
5.004011e-14 0.000000e+00 0.000000e+00
9.927181e-14 0.000000e+00 0.000000e+00
2.945702e-13 0.000000e+00 0.000000e+00
-5.598892e-15 0.000000e+00 0.000000e+00
-1.452065e-13 0.000000e+00 0.000000e+00
-2.948652e-14 0.000000e+00 0.000000e+00
-2.599422e-13 0.000000e+00 0.000000e+00
9.160030e-14 0.000000e+00 0.000000e+00
-1.825961e-13 0.000000e+00 0.000000e+00
-1.413722e-13 0.000000e+00 0.000000e+00
1.429172e-13 0.000000e+00 0.000000e+00
-5.368862e-14 0.000000e+00 0.000000e+00
-6.589651e-14 0.000000e+00 0.000000e+00
6.820707e-14 0.000000e+00 0.000000e+00
-2.591416e-13 0.000000e+00 0.000000e+00
-3.449453e-13 0.000000e+00 0.000000e+00
2.900165e-13 0.000000e+00 0.000000e+00
-1.739535e-13 0.000000e+00 0.000000e+00
-1.777564e-13 0.000000e+00 0.000000e+00
-1.321793e-13 0.000000e+00 0.000000e+00
4.924843e-14 0.000000e+00 0.000000e+00
4.159029e-14 0.000000e+00 0.000000e+00
1.075330e-13 0.000000e+00 0.000000e+00
-3.034832e-13 0.000000e+00 0.000000e+00
-3.554579e-14 0.000000e+00 0.000000e+00
7.420249e-14 0.000000e+00 0.000000e+00
-1.849542e-13 0.000000e+00 0.000000e+00
-4.207435e-13 0.000000e+00 0.000000e+00
-3.088410e-13 0.000000e+00 0.000000e+00
1.034623e-13 0.000000e+00 0.000000e+00
-2.129161e-13 0.000000e+00 0.000000e+00
-1.321754e-13 0.000000e+00 0.000000e+00
2.626125e-14 0.000000e+00 0.000000e+00
1.131876e-13 0.000000e+00 0.000000e+00
-1.361999e-13 0.000000e+00 0.000000e+00
-1.535950e-13 0.000000e+00 0.000000e+00
-2.224381e-13 0.000000e+00 0.000000e+00
4.222919e-15 0.000000e+00 0.000000e+00
1.228571e-13 0.000000e+00 0.000000e+00
1.558493e-13 0.000000e+00 0.000000e+00
-3.310081e-13 0.000000e+00 0.000000e+00
-1.784860e-13 0.000000e+00 0.000000e+00
-1.005129e-13 0.000000e+00 0.000000e+00
3.538660e-13 0.000000e+00 0.000000e+00
-1.211662e-13 0.000000e+00 0.000000e+00
1.092078e-13 0.000000e+00 0.000000e+00
2.611584e-13 0.000000e+00 0.000000e+00
-2.413233e-14 0.000000e+00 0.000000e+00
-3.033867e-13 0.000000e+00 0.000000e+00
1.237445e-13 0.000000e+00 0.000000e+00
4.272439e-14 0.000000e+00 0.000000e+00
-1.106608e-14 0.000000e+00 0.000000e+00
1.985694e-14 0.000000e+00 0.000000e+00
1.413896e-13 0.000000e+00 0.000000e+00
-4.805944e-13 0.000000e+00 0.000000e+00
-1.995001e-13 0.000000e+00 0.000000e+00
-1.429586e-13 0.000000e+00 0.000000e+00
2.277600e-13 0.000000e+00 0.000000e+00
-1.064927e-13 0.000000e+00 0.000000e+00
-4.712719e-14 0.000000e+00 0.000000e+00
-9.024626e-14 0.000000e+00 0.000000e+00
2.102753e-13 0.000000e+00 0.000000e+00
8.036492e-14 0.000000e+00 0.000000e+00
-1.335604e-13 0.000000e+00 0.000000e+00
1.703567e-13 0.000000e+00 0.000000e+00
7.294663e-14 0.000000e+00 0.000000e+00
1.798311e-13 0.000000e+00 0.000000e+00
-5.637574e-13 0.000000e+00 0.000000e+00
-7.752243e-14 0.000000e+00 0.000000e+00
1.071565e-14 0.000000e+00 0.000000e+00
-9.497249e-14 0.000000e+00 0.000000e+00
2.506560e-14 0.000000e+00 0.000000e+00
-4.008898e-13 0.000000e+00 0.000000e+00
-1.401836e-15 0.000000e+00 0.000000e+00
2.454817e-14 0.000000e+00 0.000000e+00
-2.036284e-13 0.000000e+00 0.000000e+00
-7.136716e-14 0.000000e+00 0.000000e+00
8.229463e-15 0.000000e+00 0.000000e+00
4.918590e-14 0.000000e+00 0.000000e+00
4.445405e-13 0.000000e+00 0.000000e+00
1.918547e-13 0.000000e+00 0.000000e+00
-3.391467e-13 0.000000e+00 0.000000e+00
-9.906315e-14 0.000000e+00 0.000000e+00
-4.780303e-14 0.000000e+00 0.000000e+00
-5.670878e-14 0.000000e+00 0.000000e+00
1.263879e-13 0.000000e+00 0.000000e+00
1.572152e-13 0.000000e+00 0.000000e+00
-1.349340e-13 0.000000e+00 0.000000e+00
-1.120994e-13 0.000000e+00 0.000000e+00
-8.681095e-14 0.000000e+00 0.000000e+00
4.902850e-13 0.000000e+00 0.000000e+00
4.598950e-14 0.000000e+00 0.000000e+00
-1.457065e-13 0.000000e+00 0.000000e+00
-1.290024e-13 0.000000e+00 0.000000e+00
3.862664e-13 0.000000e+00 0.000000e+00
-1.416212e-15 0.000000e+00 0.000000e+00
-2.375935e-14 0.000000e+00 0.000000e+00
-2.574289e-13 0.000000e+00 0.000000e+00
1.926348e-13 0.000000e+00 0.000000e+00
-2.064392e-13 0.000000e+00 0.000000e+00
1.450258e-13 0.000000e+00 0.000000e+00
-1.795709e-13 0.000000e+00 0.000000e+00
4.392382e-14 0.000000e+00 0.000000e+00
-3.006518e-15 0.000000e+00 0.000000e+00
7.316707e-14 0.000000e+00 0.000000e+00
4.254396e-14 0.000000e+00 0.000000e+00
-2.613360e-13 0.000000e+00 0.000000e+00
-1.209224e-13 0.000000e+00 0.000000e+00
1.060854e-13 0.000000e+00 0.000000e+00
-1.510512e-13 0.000000e+00 0.000000e+00
-1.526618e-13 0.000000e+00 0.000000e+00
1.384859e-13 0.000000e+00 0.000000e+00
-8.154327e-14 0.000000e+00 0.000000e+00
1.908309e-13 0.000000e+00 0.000000e+00
-3.462974e-14 0.000000e+00 0.000000e+00
-6.137242e-14 0.000000e+00 0.000000e+00
-4.212673e-13 0.000000e+00 0.000000e+00
5.108517e-14 0.000000e+00 0.000000e+00
7.032124e-14 0.000000e+00 0.000000e+00
-1.820752e-13 0.000000e+00 0.000000e+00
1.764281e-13 0.000000e+00 0.000000e+00
-1.179776e-13 0.000000e+00 0.000000e+00
2.764846e-13 0.000000e+00 0.000000e+00
-3.246935e-14 0.000000e+00 0.000000e+00
-1.554245e-13 0.000000e+00 0.000000e+00
7.224652e-15 0.000000e+00 0.000000e+00
-7.952363e-14 0.000000e+00 0.000000e+00
-2.088941e-14 0.000000e+00 0.000000e+00
-1.195419e-14 0.000000e+00 0.000000e+00
7.112236e-14 0.000000e+00 0.000000e+00
3.980819e-13 0.000000e+00 0.000000e+00
1.604989e-13 0.000000e+00 0.000000e+00
-1.967447e-13 0.000000e+00 0.000000e+00
-3.654104e-14 0.000000e+00 0.000000e+00
8.512901e-14 0.000000e+00 0.000000e+00
2.135513e-13 0.000000e+00 0.000000e+00
-3.351299e-13 0.000000e+00 0.000000e+00
-1.023508e-13 0.000000e+00 0.000000e+00
2.218584e-13 0.000000e+00 0.000000e+00
-1.605842e-13 0.000000e+00 0.000000e+00
2.735656e-13 0.000000e+00 0.000000e+00
1.194050e-13 0.000000e+00 0.000000e+00
6.381890e-14 0.000000e+00 0.000000e+00
2.650514e-14 0.000000e+00 0.000000e+00
-1.143051e-13 0.000000e+00 0.000000e+00
-4.678475e-14 0.000000e+00 0.000000e+00
-2.906358e-13 0.000000e+00 0.000000e+00
2.136705e-13 0.000000e+00 0.000000e+00
-7.251595e-14 0.000000e+00 0.000000e+00
-3.589090e-14 0.000000e+00 0.000000e+00
1.270742e-13 0.000000e+00 0.000000e+00
1.828578e-15 0.000000e+00 0.000000e+00
7.641488e-15 0.000000e+00 0.000000e+00
-1.056578e-13 0.000000e+00 0.000000e+00
-1.410765e-13 0.000000e+00 0.000000e+00
2.077021e-13 0.000000e+00 0.000000e+00
1.458090e-13 0.000000e+00 0.000000e+00
1.119683e-13 0.000000e+00 0.000000e+00
2.858060e-13 0.000000e+00 0.000000e+00
5.133673e-14 0.000000e+00 0.000000e+00
1.577087e-13 0.000000e+00 0.000000e+00
-2.127211e-13 0.000000e+00 0.000000e+00
1.420166e-13 0.000000e+00 0.000000e+00
1.627281e-13 0.000000e+00 0.000000e+00
1.005059e-13 0.000000e+00 0.000000e+00
-1.594085e-13 0.000000e+00 0.000000e+00
2.037222e-13 0.000000e+00 0.000000e+00
1.241056e-13 0.000000e+00 0.000000e+00
-6.023632e-14 0.000000e+00 0.000000e+00
4.144047e-13 0.000000e+00 0.000000e+00
-3.459353e-14 0.000000e+00 0.000000e+00
-1.026176e-13 0.000000e+00 0.000000e+00
1.008891e-14 0.000000e+00 0.000000e+00
1.635204e-13 0.000000e+00 0.000000e+00
-2.547607e-14 0.000000e+00 0.000000e+00
1.244217e-13 0.000000e+00 0.000000e+00
-3.075634e-13 0.000000e+00 0.000000e+00
2.254199e-13 0.000000e+00 0.000000e+00
-2.172193e-13 0.000000e+00 0.000000e+00
-2.405954e-13 0.000000e+00 0.000000e+00
-1.634976e-13 0.000000e+00 0.000000e+00
8.150376e-14 0.000000e+00 0.000000e+00
-1.418589e-14 0.000000e+00 0.000000e+00
-1.501790e-13 0.000000e+00 0.000000e+00
2.107326e-14 0.000000e+00 0.000000e+00
-2.195015e-13 0.000000e+00 0.000000e+00
-7.525364e-14 0.000000e+00 0.000000e+00
-8.137066e-14 0.000000e+00 0.000000e+00
1.198263e-13 0.000000e+00 0.000000e+00
-1.377078e-13 0.000000e+00 0.000000e+00
-1.288844e-13 0.000000e+00 0.000000e+00
8.799985e-14 0.000000e+00 0.000000e+00
2.458945e-13 0.000000e+00 0.000000e+00
1.523036e-14 0.000000e+00 0.000000e+00
6.163608e-14 0.000000e+00 0.000000e+00
-7.901899e-14 0.000000e+00 0.000000e+00
7.795996e-14 0.000000e+00 0.000000e+00
4.379097e-14 0.000000e+00 0.000000e+00
-1.295586e-13 0.000000e+00 0.000000e+00
-4.379279e-14 0.000000e+00 0.000000e+00
8.162470e-14 0.000000e+00 0.000000e+00
-2.806154e-14 0.000000e+00 0.000000e+00
8.703486e-15 0.000000e+00 0.000000e+00
1.500259e-13 0.000000e+00 0.000000e+00
3.224092e-13 0.000000e+00 0.000000e+00
6.715683e-14 0.000000e+00 0.000000e+00
1.539012e-13 0.000000e+00 0.000000e+00
-1.092286e-13 0.000000e+00 0.000000e+00
1.214631e-13 0.000000e+00 0.000000e+00
-1.049829e-13 0.000000e+00 0.000000e+00
6.650172e-14 0.000000e+00 0.000000e+00
7.994408e-14 0.000000e+00 0.000000e+00
-7.239428e-14 0.000000e+00 0.000000e+00
1.783283e-13 0.000000e+00 0.000000e+00
7.520594e-14 0.000000e+00 0.000000e+00
-4.535555e-14 0.000000e+00 0.000000e+00
-3.704383e-13 0.000000e+00 0.000000e+00
1.741098e-13 0.000000e+00 0.000000e+00
6.523770e-14 0.000000e+00 0.000000e+00
-1.026918e-13 0.000000e+00 0.000000e+00
1.029253e-13 0.000000e+00 0.000000e+00
1.498011e-13 0.000000e+00 0.000000e+00
-8.707591e-14 0.000000e+00 0.000000e+00
1.569612e-13 0.000000e+00 0.000000e+00
-9.244343e-14 0.000000e+00 0.000000e+00
1.467505e-14 0.000000e+00 0.000000e+00
2.995936e-13 0.000000e+00 0.000000e+00
-1.153913e-13 0.000000e+00 0.000000e+00
6.194598e-14 0.000000e+00 0.000000e+00
1.826749e-13 0.000000e+00 0.000000e+00
-1.022148e-13 0.000000e+00 0.000000e+00
-2.878780e-14 0.000000e+00 0.000000e+00
9.289189e-14 0.000000e+00 0.000000e+00
1.139025e-13 0.000000e+00 0.000000e+00
-7.937335e-14 0.000000e+00 0.000000e+00
-3.058964e-15 0.000000e+00 0.000000e+00
-8.209499e-14 0.000000e+00 0.000000e+00
5.473027e-13 0.000000e+00 0.000000e+00
1.496235e-14 0.000000e+00 0.000000e+00
1.411092e-13 0.000000e+00 0.000000e+00
1.896524e-13 0.000000e+00 0.000000e+00
-1.449568e-13 0.000000e+00 0.000000e+00
1.324633e-13 0.000000e+00 0.000000e+00
3.873097e-13 0.000000e+00 0.000000e+00
2.487001e-13 0.000000e+00 0.000000e+00
-1.284506e-13 0.000000e+00 0.000000e+00
6.145443e-14 0.000000e+00 0.000000e+00
5.652480e-14 0.000000e+00 0.000000e+00
-1.028243e-13 0.000000e+00 0.000000e+00
3.638730e-14 0.000000e+00 0.000000e+00
-3.134610e-13 0.000000e+00 0.000000e+00
-1.719060e-13 0.000000e+00 0.000000e+00
7.961245e-15 0.000000e+00 0.000000e+00
5.867117e-14 0.000000e+00 0.000000e+00
2.658541e-13 0.000000e+00 0.000000e+00
-2.354363e-14 0.000000e+00 0.000000e+00
-1.049709e-13 0.000000e+00 0.000000e+00
-1.066457e-13 0.000000e+00 0.000000e+00
3.227870e-14 0.000000e+00 0.000000e+00
-1.831483e-13 0.000000e+00 0.000000e+00
-9.512767e-14 0.000000e+00 0.000000e+00
-5.015791e-14 0.000000e+00 0.000000e+00
1.822274e-13 0.000000e+00 0.000000e+00
-1.237407e-13 0.000000e+00 0.000000e+00
1.945179e-13 0.000000e+00 0.000000e+00
-1.522016e-13 0.000000e+00 0.000000e+00
3.508486e-14 0.000000e+00 0.000000e+00
1.116527e-13 0.000000e+00 0.000000e+00
2.649858e-13 0.000000e+00 0.000000e+00
2.271001e-13 0.000000e+00 0.000000e+00
1.099964e-13 0.000000e+00 0.000000e+00
-1.506955e-13 0.000000e+00 0.000000e+00
1.221277e-13 0.000000e+00 0.000000e+00
-1.197042e-13 0.000000e+00 0.000000e+00
2.482206e-14 0.000000e+00 0.000000e+00
1.833065e-13 0.000000e+00 0.000000e+00
1.126733e-13 0.000000e+00 0.000000e+00
-1.783973e-13 0.000000e+00 0.000000e+00
-6.725025e-14 0.000000e+00 0.000000e+00
-9.094718e-14 0.000000e+00 0.000000e+00
-3.698418e-15 0.000000e+00 0.000000e+00
-1.864960e-14 0.000000e+00 0.000000e+00
-3.344922e-14 0.000000e+00 0.000000e+00
4.119779e-14 0.000000e+00 0.000000e+00
2.957286e-14 0.000000e+00 0.000000e+00
-1.089340e-13 0.000000e+00 0.000000e+00
1.401053e-13 0.000000e+00 0.000000e+00
-5.169789e-14 0.000000e+00 0.000000e+00
-5.398007e-14 0.000000e+00 0.000000e+00
-2.530972e-13 0.000000e+00 0.000000e+00
2.074097e-13 0.000000e+00 0.000000e+00
2.029376e-13 0.000000e+00 0.000000e+00
-2.490730e-14 0.000000e+00 0.000000e+00
-2.996558e-13 0.000000e+00 0.000000e+00
1.403306e-13 0.000000e+00 0.000000e+00
-1.434107e-13 0.000000e+00 0.000000e+00
-4.536541e-14 0.000000e+00 0.000000e+00
1.884979e-13 0.000000e+00 0.000000e+00
3.344411e-14 0.000000e+00 0.000000e+00
1.605610e-14 0.000000e+00 0.000000e+00
1.265407e-13 0.000000e+00 0.000000e+00
-4.552248e-14 0.000000e+00 0.000000e+00
1.146221e-13 0.000000e+00 0.000000e+00
-7.358240e-13 0.000000e+00 0.000000e+00
4.195139e-13 0.000000e+00 0.000000e+00
-9.453767e-14 0.000000e+00 0.000000e+00
-4.388901e-14 0.000000e+00 0.000000e+00
-9.749520e-15 0.000000e+00 0.000000e+00
-1.067521e-13 0.000000e+00 0.000000e+00
-7.610308e-14 0.000000e+00 0.000000e+00
-9.179148e-14 0.000000e+00 0.000000e+00
-2.523896e-13 0.000000e+00 0.000000e+00
5.303011e-14 0.000000e+00 0.000000e+00
-3.598046e-14 0.000000e+00 0.000000e+00
-4.320295e-13 0.000000e+00 0.000000e+00
2.619011e-13 0.000000e+00 0.000000e+00
8.328887e-14 0.000000e+00 0.000000e+00
2.343670e-13 0.000000e+00 0.000000e+00
2.272154e-14 0.000000e+00 0.000000e+00
-7.145607e-14 0.000000e+00 0.000000e+00
2.745002e-13 0.000000e+00 0.000000e+00
-2.129401e-13 0.000000e+00 0.000000e+00
1.285337e-13 0.000000e+00 0.000000e+00
2.513426e-13 0.000000e+00 0.000000e+00
-2.614601e-13 0.000000e+00 0.000000e+00
-1.667333e-13 0.000000e+00 0.000000e+00
1.101244e-13 0.000000e+00 0.000000e+00
-2.895577e-14 0.000000e+00 0.000000e+00
1.611380e-14 0.000000e+00 0.000000e+00
-1.182902e-14 0.000000e+00 0.000000e+00
2.920941e-13 0.000000e+00 0.000000e+00
1.781333e-13 0.000000e+00 0.000000e+00
2.996566e-13 0.000000e+00 0.000000e+00
-1.520297e-13 0.000000e+00 0.000000e+00
2.447169e-13 0.000000e+00 0.000000e+00
-4.081770e-14 0.000000e+00 0.000000e+00
2.164162e-13 0.000000e+00 0.000000e+00
1.394914e-13 0.000000e+00 0.000000e+00
-9.829355e-14 0.000000e+00 0.000000e+00
1.873903e-13 0.000000e+00 0.000000e+00
1.421773e-13 0.000000e+00 0.000000e+00
1.117700e-13 0.000000e+00 0.000000e+00
1.403107e-13 0.000000e+00 0.000000e+00
3.343249e-14 0.000000e+00 0.000000e+00
-2.676848e-13 0.000000e+00 0.000000e+00
1.681942e-13 0.000000e+00 0.000000e+00
-8.222347e-14 0.000000e+00 0.000000e+00
-6.163125e-14 0.000000e+00 0.000000e+00
1.705835e-14 0.000000e+00 0.000000e+00
-1.505998e-13 0.000000e+00 0.000000e+00
1.323019e-13 0.000000e+00 0.000000e+00
-1.329680e-13 0.000000e+00 0.000000e+00
-2.220653e-13 0.000000e+00 0.000000e+00
-1.305579e-13 0.000000e+00 0.000000e+00
-1.998341e-14 0.000000e+00 0.000000e+00
-1.100989e-13 0.000000e+00 0.000000e+00
-6.424892e-15 0.000000e+00 0.000000e+00
1.153012e-14 0.000000e+00 0.000000e+00
-8.012742e-14 0.000000e+00 0.000000e+00
-1.029479e-13 0.000000e+00 0.000000e+00
-1.140406e-13 0.000000e+00 0.000000e+00
-5.310323e-14 0.000000e+00 0.000000e+00
-6.864904e-14 0.000000e+00 0.000000e+00
-8.644627e-14 0.000000e+00 0.000000e+00
3.225735e-13 0.000000e+00 0.000000e+00
-4.449913e-14 0.000000e+00 0.000000e+00
1.171955e-14 0.000000e+00 0.000000e+00
1.329253e-13 0.000000e+00 0.000000e+00
-3.332999e-13 0.000000e+00 0.000000e+00
1.618569e-13 0.000000e+00 0.000000e+00
-5.776867e-14 0.000000e+00 0.000000e+00
-8.009306e-14 0.000000e+00 0.000000e+00
-1.643061e-13 0.000000e+00 0.000000e+00
-1.218372e-13 0.000000e+00 0.000000e+00
8.678271e-14 0.000000e+00 0.000000e+00
-1.071307e-13 0.000000e+00 0.000000e+00
-5.127387e-15 0.000000e+00 0.000000e+00
-9.120543e-14 0.000000e+00 0.000000e+00
1.110469e-13 0.000000e+00 0.000000e+00
-2.764905e-13 0.000000e+00 0.000000e+00
2.791907e-13 0.000000e+00 0.000000e+00
1.362656e-13 0.000000e+00 0.000000e+00
1.263473e-14 0.000000e+00 0.000000e+00
1.597003e-13 0.000000e+00 0.000000e+00
-6.107803e-14 0.000000e+00 0.000000e+00
1.980777e-13 0.000000e+00 0.000000e+00
-9.510115e-14 0.000000e+00 0.000000e+00
-1.271709e-13 0.000000e+00 0.000000e+00
-5.006973e-14 0.000000e+00 0.000000e+00
2.711539e-13 0.000000e+00 0.000000e+00
-1.471888e-14 0.000000e+00 0.000000e+00
1.724597e-13 0.000000e+00 0.000000e+00
-1.964503e-14 0.000000e+00 0.000000e+00
1.542000e-13 0.000000e+00 0.000000e+00
-1.784960e-14 0.000000e+00 0.000000e+00
-3.021858e-13 0.000000e+00 0.000000e+00
1.399812e-13 0.000000e+00 0.000000e+00
2.162625e-13 0.000000e+00 0.000000e+00
-4.093554e-14 0.000000e+00 0.000000e+00
2.160805e-15 0.000000e+00 0.000000e+00
7.300214e-14 0.000000e+00 0.000000e+00
-6.108519e-14 0.000000e+00 0.000000e+00
1.251693e-13 0.000000e+00 0.000000e+00
1.680337e-14 0.000000e+00 0.000000e+00
1.751299e-13 0.000000e+00 0.000000e+00
1.180262e-13 0.000000e+00 0.000000e+00
-3.667281e-13 0.000000e+00 0.000000e+00
-2.691667e-13 0.000000e+00 0.000000e+00
1.348773e-13 0.000000e+00 0.000000e+00
3.093456e-13 0.000000e+00 0.000000e+00
5.118416e-14 0.000000e+00 0.000000e+00
9.517055e-14 0.000000e+00 0.000000e+00
-1.575881e-13 0.000000e+00 0.000000e+00
4.062581e-14 0.000000e+00 0.000000e+00
-7.979177e-14 0.000000e+00 0.000000e+00
2.610049e-13 0.000000e+00 0.000000e+00
1.371032e-13 0.000000e+00 0.000000e+00
1.109417e-13 0.000000e+00 0.000000e+00
3.324500e-13 0.000000e+00 0.000000e+00
-1.792926e-13 0.000000e+00 0.000000e+00
-2.112288e-13 0.000000e+00 0.000000e+00
-5.327739e-14 0.000000e+00 0.000000e+00
2.704152e-14 0.000000e+00 0.000000e+00
-7.585554e-14 0.000000e+00 0.000000e+00
-1.948647e-13 0.000000e+00 0.000000e+00
3.413771e-13 0.000000e+00 0.000000e+00
-1.385437e-13 0.000000e+00 0.000000e+00
-2.166308e-13 0.000000e+00 0.000000e+00
-8.473038e-14 0.000000e+00 0.000000e+00
-3.167644e-13 0.000000e+00 0.000000e+00
6.073658e-14 0.000000e+00 0.000000e+00
2.282028e-13 0.000000e+00 0.000000e+00
-2.599061e-13 0.000000e+00 0.000000e+00
-1.156707e-13 0.000000e+00 0.000000e+00
-6.740320e-14 0.000000e+00 0.000000e+00
-2.642431e-13 0.000000e+00 0.000000e+00
1.055068e-13 0.000000e+00 0.000000e+00
-3.503877e-13 0.000000e+00 0.000000e+00
-8.905477e-14 0.000000e+00 0.000000e+00
-3.536598e-14 0.000000e+00 0.000000e+00
1.733308e-13 0.000000e+00 0.000000e+00
-9.420946e-14 0.000000e+00 0.000000e+00
2.069018e-13 0.000000e+00 0.000000e+00
2.402802e-13 0.000000e+00 0.000000e+00
-1.114577e-14 0.000000e+00 0.000000e+00
1.687097e-13 0.000000e+00 0.000000e+00
1.738941e-14 0.000000e+00 0.000000e+00
-4.890972e-14 0.000000e+00 0.000000e+00
-1.482022e-13 0.000000e+00 0.000000e+00
2.036293e-13 0.000000e+00 0.000000e+00
-2.046330e-13 0.000000e+00 0.000000e+00
2.745040e-13 0.000000e+00 0.000000e+00
8.842175e-15 0.000000e+00 0.000000e+00
-6.162652e-14 0.000000e+00 0.000000e+00
-9.209478e-14 0.000000e+00 0.000000e+00
-1.190747e-13 0.000000e+00 0.000000e+00
7.989739e-14 0.000000e+00 0.000000e+00
-1.319622e-13 0.000000e+00 0.000000e+00
3.267985e-15 0.000000e+00 0.000000e+00
-1.606940e-13 0.000000e+00 0.000000e+00
-4.693219e-14 0.000000e+00 0.000000e+00
-9.308625e-14 0.000000e+00 0.000000e+00
-1.343219e-13 0.000000e+00 0.000000e+00
-4.661700e-14 0.000000e+00 0.000000e+00
-1.272767e-13 0.000000e+00 0.000000e+00
-3.447254e-14 0.000000e+00 0.000000e+00
-5.727001e-13 0.000000e+00 0.000000e+00
1.130609e-13 0.000000e+00 0.000000e+00
4.643116e-14 0.000000e+00 0.000000e+00
-1.745885e-13 0.000000e+00 0.000000e+00
6.795098e-15 0.000000e+00 0.000000e+00
-6.739661e-14 0.000000e+00 0.000000e+00
3.061514e-13 0.000000e+00 0.000000e+00
1.575683e-13 0.000000e+00 0.000000e+00
-4.295109e-14 0.000000e+00 0.000000e+00
-1.436532e-13 0.000000e+00 0.000000e+00
-2.056416e-14 0.000000e+00 0.000000e+00
2.364057e-13 0.000000e+00 0.000000e+00
-1.150420e-12 0.000000e+00 0.000000e+00
-9.870496e-14 0.000000e+00 0.000000e+00
-1.494574e-13 0.000000e+00 0.000000e+00
-2.711298e-14 0.000000e+00 0.000000e+00
-3.959640e-14 0.000000e+00 0.000000e+00
-2.288717e-13 0.000000e+00 0.000000e+00
9.989501e-14 0.000000e+00 0.000000e+00
5.494231e-14 0.000000e+00 0.000000e+00
-6.173231e-14 0.000000e+00 0.000000e+00
-1.884420e-13 0.000000e+00 0.000000e+00
-2.019825e-14 0.000000e+00 0.000000e+00
3.394656e-13 0.000000e+00 0.000000e+00
7.213708e-14 0.000000e+00 0.000000e+00
-4.898813e-13 0.000000e+00 0.000000e+00
2.110485e-13 0.000000e+00 0.000000e+00
-3.948853e-13 0.000000e+00 0.000000e+00
-2.665029e-13 0.000000e+00 0.000000e+00
1.269086e-13 0.000000e+00 0.000000e+00
6.146920e-15 0.000000e+00 0.000000e+00
-9.897606e-14 0.000000e+00 0.000000e+00
5.629157e-14 0.000000e+00 0.000000e+00
2.290023e-13 0.000000e+00 0.000000e+00
-1.773814e-13 0.000000e+00 0.000000e+00
2.797367e-13 0.000000e+00 0.000000e+00
-2.457356e-14 0.000000e+00 0.000000e+00
7.823935e-14 0.000000e+00 0.000000e+00
1.942893e-13 0.000000e+00 0.000000e+00
1.179668e-14 0.000000e+00 0.000000e+00
-5.563272e-16 0.000000e+00 0.000000e+00
1.346414e-13 0.000000e+00 0.000000e+00
8.566342e-15 0.000000e+00 0.000000e+00
2.534615e-13 0.000000e+00 0.000000e+00
-2.508422e-13 0.000000e+00 0.000000e+00
-2.541040e-13 0.000000e+00 0.000000e+00
-3.730497e-14 0.000000e+00 0.000000e+00
1.332706e-13 0.000000e+00 0.000000e+00
-1.065631e-13 0.000000e+00 0.000000e+00
3.409805e-13 0.000000e+00 0.000000e+00
-2.973731e-14 0.000000e+00 0.000000e+00
-3.864438e-14 0.000000e+00 0.000000e+00
-3.928986e-13 0.000000e+00 0.000000e+00
2.814175e-13 0.000000e+00 0.000000e+00
-2.480502e-13 0.000000e+00 0.000000e+00
1.225022e-13 0.000000e+00 0.000000e+00
4.593104e-14 0.000000e+00 0.000000e+00
2.514316e-13 0.000000e+00 0.000000e+00
-3.060052e-14 0.000000e+00 0.000000e+00
-1.537300e-13 0.000000e+00 0.000000e+00
-9.273542e-14 0.000000e+00 0.000000e+00
2.920259e-14 0.000000e+00 0.000000e+00
1.035534e-13 0.000000e+00 0.000000e+00
-8.004909e-14 0.000000e+00 0.000000e+00
-1.802122e-13 0.000000e+00 0.000000e+00
2.769119e-14 0.000000e+00 0.000000e+00
1.461989e-13 0.000000e+00 0.000000e+00
-9.040143e-14 0.000000e+00 0.000000e+00
1.568241e-13 0.000000e+00 0.000000e+00
6.444189e-14 0.000000e+00 0.000000e+00
-9.296604e-14 0.000000e+00 0.000000e+00
-4.799976e-14 0.000000e+00 0.000000e+00
-1.650572e-13 0.000000e+00 0.000000e+00
4.257876e-14 0.000000e+00 0.000000e+00
2.122211e-14 0.000000e+00 0.000000e+00
-1.711744e-13 0.000000e+00 0.000000e+00
