FX FY FZ 
-1.125269e-11 0.000000e+00 0.000000e+00
-1.328167e-10 0.000000e+00 0.000000e+00
-4.615419e-10 0.000000e+00 0.000000e+00
-5.139660e-10 0.000000e+00 0.000000e+00
-3.209987e-10 0.000000e+00 0.000000e+00
4.606153e-10 0.000000e+00 0.000000e+00
2.721173e-10 0.000000e+00 0.000000e+00
3.284903e-10 0.000000e+00 0.000000e+00
3.824242e-10 0.000000e+00 0.000000e+00
4.093453e-10 0.000000e+00 0.000000e+00
2.900358e-10 0.000000e+00 0.000000e+00
6.327743e-10 0.000000e+00 0.000000e+00
6.301531e-10 0.000000e+00 0.000000e+00
6.315108e-10 0.000000e+00 0.000000e+00
6.320553e-10 0.000000e+00 0.000000e+00
4.387020e-10 0.000000e+00 0.000000e+00
3.621771e-10 0.000000e+00 0.000000e+00
-7.758492e-11 0.000000e+00 0.000000e+00
-1.732804e-10 0.000000e+00 0.000000e+00
-2.409344e-10 0.000000e+00 0.000000e+00
-2.143093e-10 0.000000e+00 0.000000e+00
5.020646e-11 0.000000e+00 0.000000e+00
5.803358e-10 0.000000e+00 0.000000e+00
2.405963e-10 0.000000e+00 0.000000e+00
-4.684220e-11 0.000000e+00 0.000000e+00
2.165751e-11 0.000000e+00 0.000000e+00
1.412081e-10 0.000000e+00 0.000000e+00
2.024701e-10 0.000000e+00 0.000000e+00
7.607257e-11 0.000000e+00 0.000000e+00
1.799572e-10 0.000000e+00 0.000000e+00
1.069535e-10 0.000000e+00 0.000000e+00
-8.468982e-10 0.000000e+00 0.000000e+00
-2.817993e-10 0.000000e+00 0.000000e+00
-7.479430e-10 0.000000e+00 0.000000e+00
-1.057512e-09 0.000000e+00 0.000000e+00
-3.687440e-10 0.000000e+00 0.000000e+00
-1.292578e-09 0.000000e+00 0.000000e+00
-1.440993e-09 0.000000e+00 0.000000e+00
-9.595063e-10 0.000000e+00 0.000000e+00
2.308648e-10 0.000000e+00 0.000000e+00
-1.222573e-11 0.000000e+00 0.000000e+00
-3.630263e-11 0.000000e+00 0.000000e+00
4.928216e-10 0.000000e+00 0.000000e+00
5.333511e-10 0.000000e+00 0.000000e+00
4.246890e-10 0.000000e+00 0.000000e+00
3.614589e-10 0.000000e+00 0.000000e+00
1.304300e-10 0.000000e+00 0.000000e+00
1.992161e-10 0.000000e+00 0.000000e+00
3.202507e-10 0.000000e+00 0.000000e+00
2.559610e-10 0.000000e+00 0.000000e+00
3.006056e-10 0.000000e+00 0.000000e+00
3.317955e-10 0.000000e+00 0.000000e+00
6.248076e-10 0.000000e+00 0.000000e+00
5.680236e-10 0.000000e+00 0.000000e+00
5.940928e-10 0.000000e+00 0.000000e+00
5.072968e-10 0.000000e+00 0.000000e+00
5.440666e-10 0.000000e+00 0.000000e+00
4.722100e-10 0.000000e+00 0.000000e+00
5.162609e-10 0.000000e+00 0.000000e+00
6.026344e-10 0.000000e+00 0.000000e+00
6.113695e-10 0.000000e+00 0.000000e+00
6.202502e-10 0.000000e+00 0.000000e+00
5.520034e-10 0.000000e+00 0.000000e+00
6.016323e-10 0.000000e+00 0.000000e+00
6.265574e-10 0.000000e+00 0.000000e+00
3.959002e-10 0.000000e+00 0.000000e+00
-5.249496e-10 0.000000e+00 0.000000e+00
-3.083391e-11 0.000000e+00 0.000000e+00
1.500308e-10 0.000000e+00 0.000000e+00
4.758046e-10 0.000000e+00 0.000000e+00
9.708759e-10 0.000000e+00 0.000000e+00
1.207735e-09 0.000000e+00 0.000000e+00
1.025796e-09 0.000000e+00 0.000000e+00
1.106335e-09 0.000000e+00 0.000000e+00
-2.886366e-10 0.000000e+00 0.000000e+00
-1.633089e-10 0.000000e+00 0.000000e+00
3.781250e-10 0.000000e+00 0.000000e+00
3.039883e-10 0.000000e+00 0.000000e+00
2.303760e-10 0.000000e+00 0.000000e+00
6.368591e-11 0.000000e+00 0.000000e+00
2.873461e-11 0.000000e+00 0.000000e+00
-9.133747e-11 0.000000e+00 0.000000e+00
7.065616e-10 0.000000e+00 0.000000e+00
8.837670e-10 0.000000e+00 0.000000e+00
5.672005e-10 0.000000e+00 0.000000e+00
1.812867e-10 0.000000e+00 0.000000e+00
7.984615e-10 0.000000e+00 0.000000e+00
5.998078e-10 0.000000e+00 0.000000e+00
6.495789e-10 0.000000e+00 0.000000e+00
7.529041e-10 0.000000e+00 0.000000e+00
4.237469e-10 0.000000e+00 0.000000e+00
2.685190e-10 0.000000e+00 0.000000e+00
3.340135e-10 0.000000e+00 0.000000e+00
-2.500852e-10 0.000000e+00 0.000000e+00
-3.631112e-10 0.000000e+00 0.000000e+00
-4.112366e-10 0.000000e+00 0.000000e+00
-4.793829e-11 0.000000e+00 0.000000e+00
-3.291636e-10 0.000000e+00 0.000000e+00
-3.129438e-10 0.000000e+00 0.000000e+00
-2.017439e-10 0.000000e+00 0.000000e+00
-1.419563e-10 0.000000e+00 0.000000e+00
-2.719475e-10 0.000000e+00 0.000000e+00
-2.400631e-10 0.000000e+00 0.000000e+00
-1.096472e-10 0.000000e+00 0.000000e+00
-2.191213e-10 0.000000e+00 0.000000e+00
8.204503e-11 0.000000e+00 0.000000e+00
1.213353e-10 0.000000e+00 0.000000e+00
1.561113e-10 0.000000e+00 0.000000e+00
-4.908104e-10 0.000000e+00 0.000000e+00
-4.585122e-10 0.000000e+00 0.000000e+00
-4.446419e-10 0.000000e+00 0.000000e+00
-6.327081e-10 0.000000e+00 0.000000e+00
-6.290534e-10 0.000000e+00 0.000000e+00
-6.116862e-10 0.000000e+00 0.000000e+00
-4.506205e-10 0.000000e+00 0.000000e+00
-3.178026e-10 0.000000e+00 0.000000e+00
-3.931473e-10 0.000000e+00 0.000000e+00
-4.024099e-10 0.000000e+00 0.000000e+00
-6.190228e-10 0.000000e+00 0.000000e+00
-6.254219e-10 0.000000e+00 0.000000e+00
-5.866653e-10 0.000000e+00 0.000000e+00
-6.296738e-11 0.000000e+00 0.000000e+00
-5.410155e-10 0.000000e+00 0.000000e+00
-4.762412e-10 0.000000e+00 0.000000e+00
-4.259585e-10 0.000000e+00 0.000000e+00
-5.997354e-10 0.000000e+00 0.000000e+00
-3.960517e-10 0.000000e+00 0.000000e+00
-5.079683e-10 0.000000e+00 0.000000e+00
-5.529287e-10 0.000000e+00 0.000000e+00
-3.683181e-10 0.000000e+00 0.000000e+00
-5.776484e-10 0.000000e+00 0.000000e+00
-6.292446e-10 0.000000e+00 0.000000e+00
-6.113649e-10 0.000000e+00 0.000000e+00
-5.139814e-10 0.000000e+00 0.000000e+00
-5.604811e-10 0.000000e+00 0.000000e+00
-6.257397e-10 0.000000e+00 0.000000e+00
-6.314197e-10 0.000000e+00 0.000000e+00
-5.940906e-10 0.000000e+00 0.000000e+00
-5.942583e-10 0.000000e+00 0.000000e+00
-5.848391e-10 0.000000e+00 0.000000e+00
-5.542066e-10 0.000000e+00 0.000000e+00
-4.912553e-10 0.000000e+00 0.000000e+00
-4.677024e-10 0.000000e+00 0.000000e+00
-4.252021e-10 0.000000e+00 0.000000e+00
-4.783423e-10 0.000000e+00 0.000000e+00
-6.211948e-10 0.000000e+00 0.000000e+00
-6.180861e-10 0.000000e+00 0.000000e+00
-5.316681e-10 0.000000e+00 0.000000e+00
-6.303740e-10 0.000000e+00 0.000000e+00
-5.685099e-10 0.000000e+00 0.000000e+00
-5.583810e-10 0.000000e+00 0.000000e+00
-1.845353e-10 0.000000e+00 0.000000e+00
-2.991013e-10 0.000000e+00 0.000000e+00
-4.316111e-10 0.000000e+00 0.000000e+00
-4.686063e-10 0.000000e+00 0.000000e+00
-4.529286e-10 0.000000e+00 0.000000e+00
-3.842991e-10 0.000000e+00 0.000000e+00
-1.683161e-10 0.000000e+00 0.000000e+00
-3.473427e-10 0.000000e+00 0.000000e+00
-1.171128e-10 0.000000e+00 0.000000e+00
-1.382233e-10 0.000000e+00 0.000000e+00
-5.070273e-12 0.000000e+00 0.000000e+00
1.849310e-12 0.000000e+00 0.000000e+00
-4.984049e-10 0.000000e+00 0.000000e+00
-4.945581e-10 0.000000e+00 0.000000e+00
-3.397996e-10 0.000000e+00 0.000000e+00
-2.171670e-10 0.000000e+00 0.000000e+00
9.364455e-10 0.000000e+00 0.000000e+00
4.011692e-10 0.000000e+00 0.000000e+00
2.567897e-10 0.000000e+00 0.000000e+00
1.334933e-09 0.000000e+00 0.000000e+00
1.267982e-09 0.000000e+00 0.000000e+00
1.540455e-09 0.000000e+00 0.000000e+00
1.432406e-09 0.000000e+00 0.000000e+00
1.681963e-09 0.000000e+00 0.000000e+00
1.779591e-09 0.000000e+00 0.000000e+00
5.067798e-10 0.000000e+00 0.000000e+00
5.584104e-10 0.000000e+00 0.000000e+00
-7.942058e-11 0.000000e+00 0.000000e+00
-2.679524e-12 0.000000e+00 0.000000e+00
-2.669721e-10 0.000000e+00 0.000000e+00
-3.841973e-10 0.000000e+00 0.000000e+00
-4.839870e-10 0.000000e+00 0.000000e+00
-3.294960e-10 0.000000e+00 0.000000e+00
1.113257e-09 0.000000e+00 0.000000e+00
6.468982e-10 0.000000e+00 0.000000e+00
8.349754e-10 0.000000e+00 0.000000e+00
6.083007e-10 0.000000e+00 0.000000e+00
1.847698e-09 0.000000e+00 0.000000e+00
2.061073e-09 0.000000e+00 0.000000e+00
2.527584e-10 0.000000e+00 0.000000e+00
4.865877e-11 0.000000e+00 0.000000e+00
1.066784e-09 0.000000e+00 0.000000e+00
3.779156e-10 0.000000e+00 0.000000e+00
-4.877248e-11 0.000000e+00 0.000000e+00
1.158309e-10 0.000000e+00 0.000000e+00
8.210272e-11 0.000000e+00 0.000000e+00
2.143164e-10 0.000000e+00 0.000000e+00
7.035736e-10 0.000000e+00 0.000000e+00
8.900703e-10 0.000000e+00 0.000000e+00
9.586285e-10 0.000000e+00 0.000000e+00
1.411848e-09 0.000000e+00 0.000000e+00
1.186098e-09 0.000000e+00 0.000000e+00
2.139123e-09 0.000000e+00 0.000000e+00
1.629676e-09 0.000000e+00 0.000000e+00
2.295869e-09 0.000000e+00 0.000000e+00
2.682424e-09 0.000000e+00 0.000000e+00
-6.045399e-10 0.000000e+00 0.000000e+00
-5.312669e-10 0.000000e+00 0.000000e+00
-5.625467e-10 0.000000e+00 0.000000e+00
-6.102807e-10 0.000000e+00 0.000000e+00
-5.419219e-10 0.000000e+00 0.000000e+00
-3.671511e-10 0.000000e+00 0.000000e+00
-1.231426e-10 0.000000e+00 0.000000e+00
3.339141e-10 0.000000e+00 0.000000e+00
6.135968e-10 0.000000e+00 0.000000e+00
5.774609e-10 0.000000e+00 0.000000e+00
6.216552e-10 0.000000e+00 0.000000e+00
6.089729e-10 0.000000e+00 0.000000e+00
5.938401e-10 0.000000e+00 0.000000e+00
5.156018e-10 0.000000e+00 0.000000e+00
4.768389e-10 0.000000e+00 0.000000e+00
5.887877e-10 0.000000e+00 0.000000e+00
4.514380e-10 0.000000e+00 0.000000e+00
3.770926e-10 0.000000e+00 0.000000e+00
4.676722e-10 0.000000e+00 0.000000e+00
2.733652e-10 0.000000e+00 0.000000e+00
4.946824e-10 0.000000e+00 0.000000e+00
5.626857e-10 0.000000e+00 0.000000e+00
5.260430e-10 0.000000e+00 0.000000e+00
6.300582e-10 0.000000e+00 0.000000e+00
6.154297e-10 0.000000e+00 0.000000e+00
6.277052e-10 0.000000e+00 0.000000e+00
5.862881e-10 0.000000e+00 0.000000e+00
5.981395e-10 0.000000e+00 0.000000e+00
6.179649e-10 0.000000e+00 0.000000e+00
5.226423e-10 0.000000e+00 0.000000e+00
3.942288e-10 0.000000e+00 0.000000e+00
4.449547e-10 0.000000e+00 0.000000e+00
4.833587e-10 0.000000e+00 0.000000e+00
4.002708e-10 0.000000e+00 0.000000e+00
4.202473e-10 0.000000e+00 0.000000e+00
4.588565e-10 0.000000e+00 0.000000e+00
6.285563e-10 0.000000e+00 0.000000e+00
6.158803e-10 0.000000e+00 0.000000e+00
6.316238e-10 0.000000e+00 0.000000e+00
6.047443e-10 0.000000e+00 0.000000e+00
6.076782e-10 0.000000e+00 0.000000e+00
6.245602e-10 0.000000e+00 0.000000e+00
6.323613e-10 0.000000e+00 0.000000e+00
6.246950e-10 0.000000e+00 0.000000e+00
5.598919e-10 0.000000e+00 0.000000e+00
5.289104e-10 0.000000e+00 0.000000e+00
5.794939e-10 0.000000e+00 0.000000e+00
6.285498e-10 0.000000e+00 0.000000e+00
6.326591e-10 0.000000e+00 0.000000e+00
6.327510e-10 0.000000e+00 0.000000e+00
6.224754e-10 0.000000e+00 0.000000e+00
5.968005e-10 0.000000e+00 0.000000e+00
6.315064e-10 0.000000e+00 0.000000e+00
4.153792e-10 0.000000e+00 0.000000e+00
4.034553e-10 0.000000e+00 0.000000e+00
5.555766e-10 0.000000e+00 0.000000e+00
5.394466e-10 0.000000e+00 0.000000e+00
4.953893e-10 0.000000e+00 0.000000e+00
5.226160e-10 0.000000e+00 0.000000e+00
5.004546e-10 0.000000e+00 0.000000e+00
6.053208e-10 0.000000e+00 0.000000e+00
5.745333e-10 0.000000e+00 0.000000e+00
5.658151e-10 0.000000e+00 0.000000e+00
5.451256e-10 0.000000e+00 0.000000e+00
3.524953e-10 0.000000e+00 0.000000e+00
3.056537e-10 0.000000e+00 0.000000e+00
6.339019e-11 0.000000e+00 0.000000e+00
1.565963e-10 0.000000e+00 0.000000e+00
1.885105e-10 0.000000e+00 0.000000e+00
1.250346e-10 0.000000e+00 0.000000e+00
9.482997e-11 0.000000e+00 0.000000e+00
2.054355e-10 0.000000e+00 0.000000e+00
5.496050e-10 0.000000e+00 0.000000e+00
6.203585e-10 0.000000e+00 0.000000e+00
5.824401e-10 0.000000e+00 0.000000e+00
5.635176e-10 0.000000e+00 0.000000e+00
5.928869e-10 0.000000e+00 0.000000e+00
5.991675e-10 0.000000e+00 0.000000e+00
6.135208e-10 0.000000e+00 0.000000e+00
-2.865415e-10 0.000000e+00 0.000000e+00
-5.825965e-10 0.000000e+00 0.000000e+00
-6.223469e-10 0.000000e+00 0.000000e+00
-6.153250e-10 0.000000e+00 0.000000e+00
-6.052906e-10 0.000000e+00 0.000000e+00
-6.325772e-10 0.000000e+00 0.000000e+00
-6.324233e-10 0.000000e+00 0.000000e+00
-6.293295e-10 0.000000e+00 0.000000e+00
-6.256936e-10 0.000000e+00 0.000000e+00
-6.136479e-10 0.000000e+00 0.000000e+00
-6.217282e-10 0.000000e+00 0.000000e+00
-5.522243e-10 0.000000e+00 0.000000e+00
-5.431158e-10 0.000000e+00 0.000000e+00
-5.238325e-10 0.000000e+00 0.000000e+00
-5.351546e-10 0.000000e+00 0.000000e+00
-5.766841e-10 0.000000e+00 0.000000e+00
-6.315531e-10 0.000000e+00 0.000000e+00
-6.315527e-10 0.000000e+00 0.000000e+00
-6.327550e-10 0.000000e+00 0.000000e+00
-6.293282e-10 0.000000e+00 0.000000e+00
-6.264115e-10 0.000000e+00 0.000000e+00
-5.904702e-10 0.000000e+00 0.000000e+00
-5.146086e-10 0.000000e+00 0.000000e+00
-4.343153e-10 0.000000e+00 0.000000e+00
-5.721339e-10 0.000000e+00 0.000000e+00
-5.793733e-10 0.000000e+00 0.000000e+00
-5.034978e-10 0.000000e+00 0.000000e+00
-5.975447e-10 0.000000e+00 0.000000e+00
-6.201458e-10 0.000000e+00 0.000000e+00
-5.096486e-10 0.000000e+00 0.000000e+00
-5.245590e-10 0.000000e+00 0.000000e+00
-5.464213e-10 0.000000e+00 0.000000e+00
-5.647867e-10 0.000000e+00 0.000000e+00
-5.358299e-10 0.000000e+00 0.000000e+00
-4.526283e-10 0.000000e+00 0.000000e+00
-4.580890e-10 0.000000e+00 0.000000e+00
-6.319316e-10 0.000000e+00 0.000000e+00
-6.046630e-10 0.000000e+00 0.000000e+00
-6.273293e-10 0.000000e+00 0.000000e+00
-6.308313e-10 0.000000e+00 0.000000e+00
-6.162310e-10 0.000000e+00 0.000000e+00
-6.228092e-10 0.000000e+00 0.000000e+00
-6.301859e-10 0.000000e+00 0.000000e+00
-4.362281e-10 0.000000e+00 0.000000e+00
3.689903e-11 0.000000e+00 0.000000e+00
1.939339e-09 0.000000e+00 0.000000e+00
1.722401e-09 0.000000e+00 0.000000e+00
2.547513e-09 0.000000e+00 0.000000e+00
2.218207e-09 0.000000e+00 0.000000e+00
1.975282e-09 0.000000e+00 0.000000e+00
2.384113e-09 0.000000e+00 0.000000e+00
2.526082e-09 0.000000e+00 0.000000e+00
-2.449328e-10 0.000000e+00 0.000000e+00
-4.095602e-10 0.000000e+00 0.000000e+00
-3.758585e-10 0.000000e+00 0.000000e+00
-3.167960e-10 0.000000e+00 0.000000e+00
-1.456127e-10 0.000000e+00 0.000000e+00
3.373667e-10 0.000000e+00 0.000000e+00
4.594129e-10 0.000000e+00 0.000000e+00
5.188316e-10 0.000000e+00 0.000000e+00
4.470656e-10 0.000000e+00 0.000000e+00
7.428359e-10 0.000000e+00 0.000000e+00
8.539778e-10 0.000000e+00 0.000000e+00
1.505718e-09 0.000000e+00 0.000000e+00
1.626081e-09 0.000000e+00 0.000000e+00
1.299047e-09 0.000000e+00 0.000000e+00
6.699816e-10 0.000000e+00 0.000000e+00
1.827185e-10 0.000000e+00 0.000000e+00
-2.983530e-10 0.000000e+00 0.000000e+00
-1.995288e-10 0.000000e+00 0.000000e+00
-1.836179e-10 0.000000e+00 0.000000e+00
-2.594296e-10 0.000000e+00 0.000000e+00
1.452667e-09 0.000000e+00 0.000000e+00
2.038653e-09 0.000000e+00 0.000000e+00
1.786052e-09 0.000000e+00 0.000000e+00
1.901919e-09 0.000000e+00 0.000000e+00
1.022390e-09 0.000000e+00 0.000000e+00
1.171339e-09 0.000000e+00 0.000000e+00
2.155230e-10 0.000000e+00 0.000000e+00
-9.818843e-11 0.000000e+00 0.000000e+00
-3.134650e-11 0.000000e+00 0.000000e+00
1.091778e-10 0.000000e+00 0.000000e+00
1.598624e-10 0.000000e+00 0.000000e+00
1.381889e-09 0.000000e+00 0.000000e+00
1.245133e-09 0.000000e+00 0.000000e+00
1.557606e-09 0.000000e+00 0.000000e+00
1.462641e-09 0.000000e+00 0.000000e+00
2.446124e-09 0.000000e+00 0.000000e+00
2.181036e-09 0.000000e+00 0.000000e+00
2.730587e-09 0.000000e+00 0.000000e+00
3.456424e-09 0.000000e+00 0.000000e+00
1.577808e-09 0.000000e+00 0.000000e+00
1.748024e-09 0.000000e+00 0.000000e+00
2.271576e-09 0.000000e+00 0.000000e+00
2.343215e-09 0.000000e+00 0.000000e+00
2.083260e-09 0.000000e+00 0.000000e+00
3.197207e-09 0.000000e+00 0.000000e+00
2.920013e-09 0.000000e+00 0.000000e+00
3.075207e-09 0.000000e+00 0.000000e+00
2.827361e-09 0.000000e+00 0.000000e+00
1.692336e-09 0.000000e+00 0.000000e+00
1.503081e-09 0.000000e+00 0.000000e+00
1.665080e-09 0.000000e+00 0.000000e+00
3.786102e-10 0.000000e+00 0.000000e+00
9.061405e-10 0.000000e+00 0.000000e+00
8.014043e-10 0.000000e+00 0.000000e+00
5.397885e-10 0.000000e+00 0.000000e+00
7.560930e-10 0.000000e+00 0.000000e+00
4.213346e-10 0.000000e+00 0.000000e+00
1.013678e-09 0.000000e+00 0.000000e+00
7.090736e-11 0.000000e+00 0.000000e+00
2.894001e-10 0.000000e+00 0.000000e+00
3.195891e-10 0.000000e+00 0.000000e+00
2.926975e-10 0.000000e+00 0.000000e+00
1.349977e-09 0.000000e+00 0.000000e+00
1.221020e-09 0.000000e+00 0.000000e+00
1.289968e-09 0.000000e+00 0.000000e+00
-7.169652e-11 0.000000e+00 0.000000e+00
-5.139561e-10 0.000000e+00 0.000000e+00
-4.765319e-10 0.000000e+00 0.000000e+00
-5.919604e-10 0.000000e+00 0.000000e+00
-3.439604e-10 0.000000e+00 0.000000e+00
-5.976039e-10 0.000000e+00 0.000000e+00
-6.106930e-10 0.000000e+00 0.000000e+00
-5.706741e-10 0.000000e+00 0.000000e+00
-4.039066e-10 0.000000e+00 0.000000e+00
-6.185106e-10 0.000000e+00 0.000000e+00
-2.742402e-10 0.000000e+00 0.000000e+00
-5.478528e-10 0.000000e+00 0.000000e+00
-4.475040e-10 0.000000e+00 0.000000e+00
-4.617011e-10 0.000000e+00 0.000000e+00
-5.828462e-10 0.000000e+00 0.000000e+00
-5.709246e-10 0.000000e+00 0.000000e+00
-6.231793e-10 0.000000e+00 0.000000e+00
-5.509147e-10 0.000000e+00 0.000000e+00
-6.010800e-10 0.000000e+00 0.000000e+00
-6.327344e-10 0.000000e+00 0.000000e+00
-6.320809e-10 0.000000e+00 0.000000e+00
-6.171748e-10 0.000000e+00 0.000000e+00
-6.077999e-10 0.000000e+00 0.000000e+00
-4.885121e-10 0.000000e+00 0.000000e+00
-6.138135e-10 0.000000e+00 0.000000e+00
-6.321678e-10 0.000000e+00 0.000000e+00
-6.236204e-10 0.000000e+00 0.000000e+00
-6.307851e-10 0.000000e+00 0.000000e+00
-6.287816e-10 0.000000e+00 0.000000e+00
-4.984495e-10 0.000000e+00 0.000000e+00
-4.979301e-11 0.000000e+00 0.000000e+00
-9.392166e-11 0.000000e+00 0.000000e+00
-4.192700e-11 0.000000e+00 0.000000e+00
2.333328e-10 0.000000e+00 0.000000e+00
2.876971e-10 0.000000e+00 0.000000e+00
-1.587024e-11 0.000000e+00 0.000000e+00
3.463817e-11 0.000000e+00 0.000000e+00
8.093256e-11 0.000000e+00 0.000000e+00
1.388802e-10 0.000000e+00 0.000000e+00
2.544894e-10 0.000000e+00 0.000000e+00
3.132912e-10 0.000000e+00 0.000000e+00
3.257348e-10 0.000000e+00 0.000000e+00
4.292946e-10 0.000000e+00 0.000000e+00
2.985509e-10 0.000000e+00 0.000000e+00
1.359313e-11 0.000000e+00 0.000000e+00
5.089505e-11 0.000000e+00 0.000000e+00
3.677597e-10 0.000000e+00 0.000000e+00
3.478844e-10 0.000000e+00 0.000000e+00
4.631376e-10 0.000000e+00 0.000000e+00
4.275455e-10 0.000000e+00 0.000000e+00
3.740206e-10 0.000000e+00 0.000000e+00
2.198813e-10 0.000000e+00 0.000000e+00
2.827881e-10 0.000000e+00 0.000000e+00
-4.123760e-10 0.000000e+00 0.000000e+00
-1.287248e-10 0.000000e+00 0.000000e+00
-3.438902e-10 0.000000e+00 0.000000e+00
-1.867083e-10 0.000000e+00 0.000000e+00
-3.071671e-10 0.000000e+00 0.000000e+00
-2.692579e-10 0.000000e+00 0.000000e+00
-1.557882e-10 0.000000e+00 0.000000e+00
-2.377183e-10 0.000000e+00 0.000000e+00
-1.664223e-10 0.000000e+00 0.000000e+00
-3.550780e-10 0.000000e+00 0.000000e+00
-2.106304e-10 0.000000e+00 0.000000e+00
-2.564771e-10 0.000000e+00 0.000000e+00
-2.255923e-10 0.000000e+00 0.000000e+00
-3.811740e-10 0.000000e+00 0.000000e+00
-5.632285e-12 0.000000e+00 0.000000e+00
2.471600e-10 0.000000e+00 0.000000e+00
-1.019898e-10 0.000000e+00 0.000000e+00
-1.677401e-12 0.000000e+00 0.000000e+00
1.927355e-10 0.000000e+00 0.000000e+00
1.733123e-10 0.000000e+00 0.000000e+00
1.091904e-10 0.000000e+00 0.000000e+00
2.431146e-10 0.000000e+00 0.000000e+00
3.118687e-10 0.000000e+00 0.000000e+00
5.586441e-10 0.000000e+00 0.000000e+00
5.324757e-10 0.000000e+00 0.000000e+00
5.093845e-10 0.000000e+00 0.000000e+00
3.859110e-10 0.000000e+00 0.000000e+00
5.506920e-10 0.000000e+00 0.000000e+00
4.844561e-10 0.000000e+00 0.000000e+00
5.366811e-10 0.000000e+00 0.000000e+00
4.930662e-10 0.000000e+00 0.000000e+00
4.162485e-10 0.000000e+00 0.000000e+00
4.386742e-10 0.000000e+00 0.000000e+00
4.414217e-10 0.000000e+00 0.000000e+00
5.237880e-10 0.000000e+00 0.000000e+00
5.083840e-10 0.000000e+00 0.000000e+00
3.310211e-10 0.000000e+00 0.000000e+00
3.651897e-10 0.000000e+00 0.000000e+00
1.958240e-11 0.000000e+00 0.000000e+00
1.538554e-10 0.000000e+00 0.000000e+00
1.805368e-10 0.000000e+00 0.000000e+00
7.688712e-11 0.000000e+00 0.000000e+00
9.618945e-11 0.000000e+00 0.000000e+00
-3.286570e-10 0.000000e+00 0.000000e+00
-4.377922e-10 0.000000e+00 0.000000e+00
-3.763148e-10 0.000000e+00 0.000000e+00
-4.007379e-10 0.000000e+00 0.000000e+00
-2.388694e-10 0.000000e+00 0.000000e+00
-2.972336e-10 0.000000e+00 0.000000e+00
-6.054732e-10 0.000000e+00 0.000000e+00
-5.193134e-10 0.000000e+00 0.000000e+00
-4.731561e-10 0.000000e+00 0.000000e+00
-5.415075e-10 0.000000e+00 0.000000e+00
-6.326580e-10 0.000000e+00 0.000000e+00
-6.326601e-10 0.000000e+00 0.000000e+00
-5.846460e-10 0.000000e+00 0.000000e+00
-5.908903e-10 0.000000e+00 0.000000e+00
-6.046104e-10 0.000000e+00 0.000000e+00
-5.600728e-10 0.000000e+00 0.000000e+00
-6.098548e-10 0.000000e+00 0.000000e+00
-5.651941e-10 0.000000e+00 0.000000e+00
-5.960244e-10 0.000000e+00 0.000000e+00
-6.158329e-10 0.000000e+00 0.000000e+00
-5.761162e-10 0.000000e+00 0.000000e+00
-5.936243e-10 0.000000e+00 0.000000e+00
-6.270854e-10 0.000000e+00 0.000000e+00
-5.789640e-10 0.000000e+00 0.000000e+00
4.859595e-10 0.000000e+00 0.000000e+00
6.481064e-10 0.000000e+00 0.000000e+00
5.579410e-10 0.000000e+00 0.000000e+00
-3.617329e-10 0.000000e+00 0.000000e+00
-4.254792e-10 0.000000e+00 0.000000e+00
-5.088721e-10 0.000000e+00 0.000000e+00
3.206203e-11 0.000000e+00 0.000000e+00
2.073753e-10 0.000000e+00 0.000000e+00
1.591834e-09 0.000000e+00 0.000000e+00
8.171927e-10 0.000000e+00 0.000000e+00
9.485732e-10 0.000000e+00 0.000000e+00
-2.896502e-10 0.000000e+00 0.000000e+00
-4.157744e-10 0.000000e+00 0.000000e+00
-3.899582e-10 0.000000e+00 0.000000e+00
-3.035209e-10 0.000000e+00 0.000000e+00
-3.528489e-10 0.000000e+00 0.000000e+00
-4.825751e-10 0.000000e+00 0.000000e+00
-5.860942e-10 0.000000e+00 0.000000e+00
-4.229911e-10 0.000000e+00 0.000000e+00
-1.151889e-10 0.000000e+00 0.000000e+00
-2.256656e-10 0.000000e+00 0.000000e+00
-1.699984e-10 0.000000e+00 0.000000e+00
1.396301e-10 0.000000e+00 0.000000e+00
1.363468e-09 0.000000e+00 0.000000e+00
-2.378051e-10 0.000000e+00 0.000000e+00
1.146478e-09 0.000000e+00 0.000000e+00
1.101683e-09 0.000000e+00 0.000000e+00
8.429669e-10 0.000000e+00 0.000000e+00
1.095524e-09 0.000000e+00 0.000000e+00
-1.221556e-10 0.000000e+00 0.000000e+00
7.279466e-10 0.000000e+00 0.000000e+00
-1.843974e-11 0.000000e+00 0.000000e+00
9.419547e-11 0.000000e+00 0.000000e+00
6.248037e-10 0.000000e+00 0.000000e+00
2.475116e-10 0.000000e+00 0.000000e+00
5.889572e-10 0.000000e+00 0.000000e+00
3.431932e-10 0.000000e+00 0.000000e+00
4.420830e-10 0.000000e+00 0.000000e+00
6.888237e-10 0.000000e+00 0.000000e+00
1.020729e-09 0.000000e+00 0.000000e+00
7.805645e-10 0.000000e+00 0.000000e+00
-1.551497e-10 0.000000e+00 0.000000e+00
3.622646e-10 0.000000e+00 0.000000e+00
1.300273e-10 0.000000e+00 0.000000e+00
1.960744e-10 0.000000e+00 0.000000e+00
5.395789e-10 0.000000e+00 0.000000e+00
9.792647e-10 0.000000e+00 0.000000e+00
1.387969e-09 0.000000e+00 0.000000e+00
1.849893e-09 0.000000e+00 0.000000e+00
2.131728e-09 0.000000e+00 0.000000e+00
2.586748e-09 0.000000e+00 0.000000e+00
3.245447e-09 0.000000e+00 0.000000e+00
2.960388e-09 0.000000e+00 0.000000e+00
2.869677e-09 0.000000e+00 0.000000e+00
2.399946e-09 0.000000e+00 0.000000e+00
1.981835e-09 0.000000e+00 0.000000e+00
1.869366e-09 0.000000e+00 0.000000e+00
3.559604e-09 0.000000e+00 0.000000e+00
3.328992e-09 0.000000e+00 0.000000e+00
3.640645e-09 0.000000e+00 0.000000e+00
2.221966e-09 0.000000e+00 0.000000e+00
3.405707e-09 0.000000e+00 0.000000e+00
3.020443e-09 0.000000e+00 0.000000e+00
3.137221e-09 0.000000e+00 0.000000e+00
2.671064e-09 0.000000e+00 0.000000e+00
2.761099e-09 0.000000e+00 0.000000e+00
2.467777e-09 0.000000e+00 0.000000e+00
1.773054e-09 0.000000e+00 0.000000e+00
3.274892e-09 0.000000e+00 0.000000e+00
3.858407e-09 0.000000e+00 0.000000e+00
3.962563e-09 0.000000e+00 0.000000e+00
3.726184e-09 0.000000e+00 0.000000e+00
4.040173e-09 0.000000e+00 0.000000e+00
4.172660e-09 0.000000e+00 0.000000e+00
4.367936e-09 0.000000e+00 0.000000e+00
1.916252e-09 0.000000e+00 0.000000e+00
2.051183e-09 0.000000e+00 0.000000e+00
1.495531e-09 0.000000e+00 0.000000e+00
2.787068e-09 0.000000e+00 0.000000e+00
2.990633e-09 0.000000e+00 0.000000e+00
3.121153e-09 0.000000e+00 0.000000e+00
2.612471e-09 0.000000e+00 0.000000e+00
3.479333e-09 0.000000e+00 0.000000e+00
-5.971562e-10 0.000000e+00 0.000000e+00
-6.306721e-10 0.000000e+00 0.000000e+00
-6.266368e-10 0.000000e+00 0.000000e+00
-6.284859e-10 0.000000e+00 0.000000e+00
-6.016773e-10 0.000000e+00 0.000000e+00
-6.077993e-10 0.000000e+00 0.000000e+00
-4.680154e-10 0.000000e+00 0.000000e+00
-5.685312e-10 0.000000e+00 0.000000e+00
-5.767806e-10 0.000000e+00 0.000000e+00
-5.931506e-10 0.000000e+00 0.000000e+00
-6.227398e-10 0.000000e+00 0.000000e+00
-6.177559e-10 0.000000e+00 0.000000e+00
-6.091758e-10 0.000000e+00 0.000000e+00
-5.578751e-10 0.000000e+00 0.000000e+00
-5.645976e-10 0.000000e+00 0.000000e+00
-4.134985e-10 0.000000e+00 0.000000e+00
-4.466949e-10 0.000000e+00 0.000000e+00
-2.751898e-10 0.000000e+00 0.000000e+00
-3.440238e-10 0.000000e+00 0.000000e+00
-3.090493e-10 0.000000e+00 0.000000e+00
-6.180681e-11 0.000000e+00 0.000000e+00
-7.927457e-11 0.000000e+00 0.000000e+00
-2.934591e-10 0.000000e+00 0.000000e+00
-1.121179e-10 0.000000e+00 0.000000e+00
-1.956171e-10 0.000000e+00 0.000000e+00
-1.447586e-10 0.000000e+00 0.000000e+00
-2.104811e-10 0.000000e+00 0.000000e+00
-2.484827e-10 0.000000e+00 0.000000e+00
-3.554197e-10 0.000000e+00 0.000000e+00
-3.889996e-10 0.000000e+00 0.000000e+00
-4.251883e-10 0.000000e+00 0.000000e+00
-4.339275e-10 0.000000e+00 0.000000e+00
-4.949931e-10 0.000000e+00 0.000000e+00
-5.248865e-10 0.000000e+00 0.000000e+00
-5.118680e-10 0.000000e+00 0.000000e+00
-6.028096e-10 0.000000e+00 0.000000e+00
-6.122022e-10 0.000000e+00 0.000000e+00
-5.282981e-10 0.000000e+00 0.000000e+00
-1.815827e-10 0.000000e+00 0.000000e+00
1.370285e-10 0.000000e+00 0.000000e+00
4.234882e-11 0.000000e+00 0.000000e+00
1.213246e-10 0.000000e+00 0.000000e+00
-8.832053e-11 0.000000e+00 0.000000e+00
-2.032440e-10 0.000000e+00 0.000000e+00
-6.366192e-11 0.000000e+00 0.000000e+00
-7.949664e-11 0.000000e+00 0.000000e+00
1.059371e-11 0.000000e+00 0.000000e+00
-3.348426e-11 0.000000e+00 0.000000e+00
-2.705396e-10 0.000000e+00 0.000000e+00
-3.282939e-10 0.000000e+00 0.000000e+00
-3.318566e-10 0.000000e+00 0.000000e+00
-1.651309e-10 0.000000e+00 0.000000e+00
-1.716200e-10 0.000000e+00 0.000000e+00
-3.588219e-10 0.000000e+00 0.000000e+00
-4.623518e-10 0.000000e+00 0.000000e+00
-5.860440e-10 0.000000e+00 0.000000e+00
-6.257793e-10 0.000000e+00 0.000000e+00
-6.215527e-10 0.000000e+00 0.000000e+00
-6.312022e-10 0.000000e+00 0.000000e+00
-5.703832e-10 0.000000e+00 0.000000e+00
-5.525395e-10 0.000000e+00 0.000000e+00
-2.239461e-10 0.000000e+00 0.000000e+00
-2.580858e-10 0.000000e+00 0.000000e+00
-1.965606e-10 0.000000e+00 0.000000e+00
2.961856e-11 0.000000e+00 0.000000e+00
3.596362e-10 0.000000e+00 0.000000e+00
7.091264e-11 0.000000e+00 0.000000e+00
-1.415124e-10 0.000000e+00 0.000000e+00
-1.197248e-10 0.000000e+00 0.000000e+00
1.730739e-10 0.000000e+00 0.000000e+00
1.552806e-10 0.000000e+00 0.000000e+00
-1.141619e-09 0.000000e+00 0.000000e+00
-5.466850e-10 0.000000e+00 0.000000e+00
-1.207281e-09 0.000000e+00 0.000000e+00
-1.466751e-09 0.000000e+00 0.000000e+00
-1.874231e-09 0.000000e+00 0.000000e+00
-2.141403e-09 0.000000e+00 0.000000e+00
-2.090364e-09 0.000000e+00 0.000000e+00
-1.625601e-09 0.000000e+00 0.000000e+00
-1.548425e-09 0.000000e+00 0.000000e+00
-1.741841e-09 0.000000e+00 0.000000e+00
-4.129320e-10 0.000000e+00 0.000000e+00
-8.843599e-10 0.000000e+00 0.000000e+00
-1.348288e-09 0.000000e+00 0.000000e+00
-1.001379e-09 0.000000e+00 0.000000e+00
-1.089859e-09 0.000000e+00 0.000000e+00
-1.226270e-09 0.000000e+00 0.000000e+00
-6.909214e-10 0.000000e+00 0.000000e+00
-6.099537e-10 0.000000e+00 0.000000e+00
-1.424811e-10 0.000000e+00 0.000000e+00
-1.082688e-10 0.000000e+00 0.000000e+00
-3.954586e-10 0.000000e+00 0.000000e+00
-9.079609e-10 0.000000e+00 0.000000e+00
-1.409745e-09 0.000000e+00 0.000000e+00
-6.305030e-10 0.000000e+00 0.000000e+00
-8.086822e-10 0.000000e+00 0.000000e+00
-3.351343e-10 0.000000e+00 0.000000e+00
1.577100e-10 0.000000e+00 0.000000e+00
2.270441e-11 0.000000e+00 0.000000e+00
-7.143109e-10 0.000000e+00 0.000000e+00
-5.851399e-10 0.000000e+00 0.000000e+00
-1.898333e-10 0.000000e+00 0.000000e+00
8.282560e-11 0.000000e+00 0.000000e+00
-1.092247e-10 0.000000e+00 0.000000e+00
3.076093e-10 0.000000e+00 0.000000e+00
1.756054e-10 0.000000e+00 0.000000e+00
5.513468e-11 0.000000e+00 0.000000e+00
-5.058928e-10 0.000000e+00 0.000000e+00
-2.600660e-10 0.000000e+00 0.000000e+00
-3.764428e-10 0.000000e+00 0.000000e+00
-4.489190e-10 0.000000e+00 0.000000e+00
-8.105732e-10 0.000000e+00 0.000000e+00
-7.665963e-10 0.000000e+00 0.000000e+00
-6.657275e-10 0.000000e+00 0.000000e+00
-5.465350e-10 0.000000e+00 0.000000e+00
2.571136e-10 0.000000e+00 0.000000e+00
-4.795379e-10 0.000000e+00 0.000000e+00
-2.912121e-10 0.000000e+00 0.000000e+00
-3.209416e-10 0.000000e+00 0.000000e+00
-1.970243e-09 0.000000e+00 0.000000e+00
-1.559035e-09 0.000000e+00 0.000000e+00
-2.032165e-09 0.000000e+00 0.000000e+00
-2.195237e-09 0.000000e+00 0.000000e+00
-2.435155e-09 0.000000e+00 0.000000e+00
-2.581745e-09 0.000000e+00 0.000000e+00
-2.289605e-09 0.000000e+00 0.000000e+00
-2.735017e-09 0.000000e+00 0.000000e+00
-2.808167e-09 0.000000e+00 0.000000e+00
-1.510755e-09 0.000000e+00 0.000000e+00
-1.014093e-09 0.000000e+00 0.000000e+00
-1.122288e-09 0.000000e+00 0.000000e+00
-6.328916e-10 0.000000e+00 0.000000e+00
1.034038e-10 0.000000e+00 0.000000e+00
-7.236726e-11 0.000000e+00 0.000000e+00
-5.365608e-12 0.000000e+00 0.000000e+00
2.698507e-10 0.000000e+00 0.000000e+00
4.743119e-10 0.000000e+00 0.000000e+00
4.355711e-10 0.000000e+00 0.000000e+00
3.470380e-10 0.000000e+00 0.000000e+00
3.933455e-10 0.000000e+00 0.000000e+00
1.475744e-10 0.000000e+00 0.000000e+00
-2.353506e-10 0.000000e+00 0.000000e+00
3.384735e-12 0.000000e+00 0.000000e+00
-8.430763e-10 0.000000e+00 0.000000e+00
-1.191218e-09 0.000000e+00 0.000000e+00
-9.688399e-10 0.000000e+00 0.000000e+00
-9.023931e-10 0.000000e+00 0.000000e+00
-2.196219e-10 0.000000e+00 0.000000e+00
3.789865e-10 0.000000e+00 0.000000e+00
2.132853e-10 0.000000e+00 0.000000e+00
-1.572212e-10 0.000000e+00 0.000000e+00
-5.405122e-11 0.000000e+00 0.000000e+00
-8.214164e-11 0.000000e+00 0.000000e+00
-7.011002e-10 0.000000e+00 0.000000e+00
-1.756764e-10 0.000000e+00 0.000000e+00
-2.024182e-10 0.000000e+00 0.000000e+00
3.492434e-10 0.000000e+00 0.000000e+00
1.091359e-10 0.000000e+00 0.000000e+00
2.332165e-10 0.000000e+00 0.000000e+00
3.495585e-11 0.000000e+00 0.000000e+00
1.913876e-10 0.000000e+00 0.000000e+00
5.865641e-10 0.000000e+00 0.000000e+00
5.451450e-10 0.000000e+00 0.000000e+00
5.713002e-10 0.000000e+00 0.000000e+00
5.391415e-10 0.000000e+00 0.000000e+00
6.186739e-10 0.000000e+00 0.000000e+00
6.266528e-10 0.000000e+00 0.000000e+00
6.193888e-10 0.000000e+00 0.000000e+00
5.709903e-10 0.000000e+00 0.000000e+00
5.850755e-10 0.000000e+00 0.000000e+00
6.088919e-10 0.000000e+00 0.000000e+00
5.981758e-10 0.000000e+00 0.000000e+00
5.866571e-10 0.000000e+00 0.000000e+00
6.034356e-10 0.000000e+00 0.000000e+00
6.311601e-10 0.000000e+00 0.000000e+00
2.894674e-10 0.000000e+00 0.000000e+00
3.691772e-10 0.000000e+00 0.000000e+00
6.290670e-11 0.000000e+00 0.000000e+00
1.447817e-10 0.000000e+00 0.000000e+00
-2.174535e-11 0.000000e+00 0.000000e+00
3.757192e-11 0.000000e+00 0.000000e+00
6.320514e-10 0.000000e+00 0.000000e+00
6.217411e-10 0.000000e+00 0.000000e+00
6.325718e-10 0.000000e+00 0.000000e+00
6.289545e-10 0.000000e+00 0.000000e+00
5.053846e-10 0.000000e+00 0.000000e+00
4.171660e-10 0.000000e+00 0.000000e+00
5.048041e-10 0.000000e+00 0.000000e+00
6.125535e-10 0.000000e+00 0.000000e+00
5.538147e-10 0.000000e+00 0.000000e+00
5.915379e-10 0.000000e+00 0.000000e+00
6.038702e-10 0.000000e+00 0.000000e+00
5.712344e-10 0.000000e+00 0.000000e+00
5.754566e-10 0.000000e+00 0.000000e+00
6.324648e-10 0.000000e+00 0.000000e+00
6.252989e-10 0.000000e+00 0.000000e+00
6.182616e-10 0.000000e+00 0.000000e+00
6.094519e-10 0.000000e+00 0.000000e+00
6.309580e-10 0.000000e+00 0.000000e+00
6.082562e-10 0.000000e+00 0.000000e+00
6.306557e-10 0.000000e+00 0.000000e+00
6.291429e-10 0.000000e+00 0.000000e+00
6.294144e-10 0.000000e+00 0.000000e+00
6.264564e-10 0.000000e+00 0.000000e+00
6.327086e-10 0.000000e+00 0.000000e+00
6.298506e-10 0.000000e+00 0.000000e+00
1.303279e-10 0.000000e+00 0.000000e+00
-1.753821e-09 0.000000e+00 0.000000e+00
-1.268966e-09 0.000000e+00 0.000000e+00
-4.226042e-10 0.000000e+00 0.000000e+00
-5.163504e-10 0.000000e+00 0.000000e+00
-1.355693e-09 0.000000e+00 0.000000e+00
-1.697199e-09 0.000000e+00 0.000000e+00
-1.688742e-09 0.000000e+00 0.000000e+00
-1.071325e-09 0.000000e+00 0.000000e+00
-1.146414e-09 0.000000e+00 0.000000e+00
-1.617342e-09 0.000000e+00 0.000000e+00
-1.387618e-09 0.000000e+00 0.000000e+00
-1.529247e-09 0.000000e+00 0.000000e+00
-1.350068e-09 0.000000e+00 0.000000e+00
-1.376233e-10 0.000000e+00 0.000000e+00
-2.478986e-09 0.000000e+00 0.000000e+00
-2.683151e-09 0.000000e+00 0.000000e+00
-1.846760e-09 0.000000e+00 0.000000e+00
-1.957672e-09 0.000000e+00 0.000000e+00
-2.376159e-09 0.000000e+00 0.000000e+00
-3.080808e-09 0.000000e+00 0.000000e+00
-2.875093e-09 0.000000e+00 0.000000e+00
-3.253043e-09 0.000000e+00 0.000000e+00
-1.789806e-09 0.000000e+00 0.000000e+00
-1.942534e-09 0.000000e+00 0.000000e+00
-1.846526e-09 0.000000e+00 0.000000e+00
-2.231436e-09 0.000000e+00 0.000000e+00
-2.471635e-09 0.000000e+00 0.000000e+00
-2.631510e-09 0.000000e+00 0.000000e+00
-3.399274e-09 0.000000e+00 0.000000e+00
-3.554243e-09 0.000000e+00 0.000000e+00
-2.333685e-09 0.000000e+00 0.000000e+00
-2.056027e-09 0.000000e+00 0.000000e+00
-2.063091e-09 0.000000e+00 0.000000e+00
-1.032800e-10 0.000000e+00 0.000000e+00
-4.809345e-10 0.000000e+00 0.000000e+00
-3.836593e-10 0.000000e+00 0.000000e+00
-4.353930e-10 0.000000e+00 0.000000e+00
-2.638415e-10 0.000000e+00 0.000000e+00
-2.805739e-10 0.000000e+00 0.000000e+00
-3.178827e-10 0.000000e+00 0.000000e+00
-7.796819e-10 0.000000e+00 0.000000e+00
-5.823956e-10 0.000000e+00 0.000000e+00
-9.505270e-10 0.000000e+00 0.000000e+00
-6.580996e-10 0.000000e+00 0.000000e+00
-7.273903e-10 0.000000e+00 0.000000e+00
-9.366385e-10 0.000000e+00 0.000000e+00
-2.066428e-11 0.000000e+00 0.000000e+00
6.327113e-10 0.000000e+00 0.000000e+00
6.236109e-10 0.000000e+00 0.000000e+00
6.142811e-10 0.000000e+00 0.000000e+00
6.228624e-10 0.000000e+00 0.000000e+00
5.820648e-10 0.000000e+00 0.000000e+00
3.084965e-10 0.000000e+00 0.000000e+00
5.396158e-10 0.000000e+00 0.000000e+00
4.439982e-10 0.000000e+00 0.000000e+00
4.798369e-10 0.000000e+00 0.000000e+00
4.645017e-10 0.000000e+00 0.000000e+00
1.658929e-10 0.000000e+00 0.000000e+00
5.209930e-10 0.000000e+00 0.000000e+00
2.043734e-10 0.000000e+00 0.000000e+00
5.899946e-10 0.000000e+00 0.000000e+00
5.875909e-10 0.000000e+00 0.000000e+00
6.321583e-10 0.000000e+00 0.000000e+00
6.178920e-10 0.000000e+00 0.000000e+00
6.260584e-10 0.000000e+00 0.000000e+00
6.106350e-10 0.000000e+00 0.000000e+00
5.998990e-10 0.000000e+00 0.000000e+00
