pX pY pZ 
7.025121e-15 0.000000e+00 0.000000e+00
1.214648e-13 0.000000e+00 0.000000e+00
3.153788e-13 0.000000e+00 0.000000e+00
-1.586315e-13 0.000000e+00 0.000000e+00
1.161350e-13 0.000000e+00 0.000000e+00
2.128468e-14 0.000000e+00 0.000000e+00
-2.380978e-13 0.000000e+00 0.000000e+00
-8.506019e-14 0.000000e+00 0.000000e+00
1.810623e-14 0.000000e+00 0.000000e+00
1.644158e-13 0.000000e+00 0.000000e+00
-2.008031e-14 0.000000e+00 0.000000e+00
-3.715011e-14 0.000000e+00 0.000000e+00
-2.592915e-13 0.000000e+00 0.000000e+00
2.762508e-13 0.000000e+00 0.000000e+00
-8.196069e-14 0.000000e+00 0.000000e+00
-5.404204e-14 0.000000e+00 0.000000e+00
4.802391e-14 0.000000e+00 0.000000e+00
-2.068033e-13 0.000000e+00 0.000000e+00
-4.412732e-14 0.000000e+00 0.000000e+00
-1.455356e-13 0.000000e+00 0.000000e+00
3.669774e-14 0.000000e+00 0.000000e+00
5.387199e-14 0.000000e+00 0.000000e+00
1.135505e-13 0.000000e+00 0.000000e+00
1.042999e-13 0.000000e+00 0.000000e+00
-2.083493e-14 0.000000e+00 0.000000e+00
-9.883929e-14 0.000000e+00 0.000000e+00
-1.237807e-13 0.000000e+00 0.000000e+00
-9.436790e-14 0.000000e+00 0.000000e+00
-1.062349e-13 0.000000e+00 0.000000e+00
1.873940e-13 0.000000e+00 0.000000e+00
1.660116e-14 0.000000e+00 0.000000e+00
-4.189463e-13 0.000000e+00 0.000000e+00
-2.048763e-14 0.000000e+00 0.000000e+00
4.211814e-13 0.000000e+00 0.000000e+00
-1.011469e-13 0.000000e+00 0.000000e+00
-2.211311e-13 0.000000e+00 0.000000e+00
1.019185e-13 0.000000e+00 0.000000e+00
-7.660082e-14 0.000000e+00 0.000000e+00
8.295289e-14 0.000000e+00 0.000000e+00
1.027937e-13 0.000000e+00 0.000000e+00
1.381211e-13 0.000000e+00 0.000000e+00
3.614293e-14 0.000000e+00 0.000000e+00
-9.179046e-14 0.000000e+00 0.000000e+00
-1.703131e-13 0.000000e+00 0.000000e+00
-9.870725e-14 0.000000e+00 0.000000e+00
-2.290602e-14 0.000000e+00 0.000000e+00
-2.438874e-13 0.000000e+00 0.000000e+00
-1.571678e-13 0.000000e+00 0.000000e+00
1.044204e-13 0.000000e+00 0.000000e+00
-3.629430e-13 0.000000e+00 0.000000e+00
-2.723966e-14 0.000000e+00 0.000000e+00
-1.026922e-13 0.000000e+00 0.000000e+00
-3.864438e-13 0.000000e+00 0.000000e+00
3.871017e-14 0.000000e+00 0.000000e+00
-5.928901e-14 0.000000e+00 0.000000e+00
-1.535818e-13 0.000000e+00 0.000000e+00
1.748562e-13 0.000000e+00 0.000000e+00
3.279876e-14 0.000000e+00 0.000000e+00
4.141987e-14 0.000000e+00 0.000000e+00
-8.862779e-14 0.000000e+00 0.000000e+00
8.089455e-14 0.000000e+00 0.000000e+00
-1.343877e-13 0.000000e+00 0.000000e+00
3.550119e-14 0.000000e+00 0.000000e+00
9.487279e-14 0.000000e+00 0.000000e+00
-1.059584e-13 0.000000e+00 0.000000e+00
1.906007e-13 0.000000e+00 0.000000e+00
1.000311e-13 0.000000e+00 0.000000e+00
-8.905313e-14 0.000000e+00 0.000000e+00
-1.974313e-14 0.000000e+00 0.000000e+00
6.322073e-14 0.000000e+00 0.000000e+00
-2.511393e-14 0.000000e+00 0.000000e+00
6.622965e-14 0.000000e+00 0.000000e+00
-2.211324e-13 0.000000e+00 0.000000e+00
3.826895e-13 0.000000e+00 0.000000e+00
-1.964203e-13 0.000000e+00 0.000000e+00
-9.167716e-14 0.000000e+00 0.000000e+00
-5.079786e-14 0.000000e+00 0.000000e+00
-1.202905e-14 0.000000e+00 0.000000e+00
1.240128e-13 0.000000e+00 0.000000e+00
-2.621678e-13 0.000000e+00 0.000000e+00
2.738950e-13 0.000000e+00 0.000000e+00
3.280485e-13 0.000000e+00 0.000000e+00
-1.744780e-13 0.000000e+00 0.000000e+00
-1.496737e-13 0.000000e+00 0.000000e+00
2.568347e-14 0.000000e+00 0.000000e+00
-1.324086e-13 0.000000e+00 0.000000e+00
1.368027e-15 0.000000e+00 0.000000e+00
3.194027e-13 0.000000e+00 0.000000e+00
2.003603e-13 0.000000e+00 0.000000e+00
1.829627e-13 0.000000e+00 0.000000e+00
-1.002204e-13 0.000000e+00 0.000000e+00
3.093171e-13 0.000000e+00 0.000000e+00
1.824244e-13 0.000000e+00 0.000000e+00
1.246249e-13 0.000000e+00 0.000000e+00
1.620775e-14 0.000000e+00 0.000000e+00
-9.862093e-14 0.000000e+00 0.000000e+00
2.921969e-14 0.000000e+00 0.000000e+00
2.989839e-13 0.000000e+00 0.000000e+00
-1.970413e-13 0.000000e+00 0.000000e+00
8.803605e-14 0.000000e+00 0.000000e+00
2.967157e-13 0.000000e+00 0.000000e+00
7.175732e-14 0.000000e+00 0.000000e+00
-4.686339e-13 0.000000e+00 0.000000e+00
4.622442e-15 0.000000e+00 0.000000e+00
-9.302614e-14 0.000000e+00 0.000000e+00
-1.894578e-14 0.000000e+00 0.000000e+00
2.043909e-13 0.000000e+00 0.000000e+00
-5.348020e-15 0.000000e+00 0.000000e+00
1.140266e-13 0.000000e+00 0.000000e+00
4.273227e-13 0.000000e+00 0.000000e+00
2.834310e-13 0.000000e+00 0.000000e+00
-4.866915e-14 0.000000e+00 0.000000e+00
1.173966e-13 0.000000e+00 0.000000e+00
-2.431896e-15 0.000000e+00 0.000000e+00
2.118320e-13 0.000000e+00 0.000000e+00
-2.075842e-13 0.000000e+00 0.000000e+00
1.804325e-13 0.000000e+00 0.000000e+00
-5.395755e-14 0.000000e+00 0.000000e+00
-7.438553e-14 0.000000e+00 0.000000e+00
4.321989e-14 0.000000e+00 0.000000e+00
2.776712e-13 0.000000e+00 0.000000e+00
2.844438e-15 0.000000e+00 0.000000e+00
-1.233143e-13 0.000000e+00 0.000000e+00
-8.239462e-14 0.000000e+00 0.000000e+00
-1.781633e-13 0.000000e+00 0.000000e+00
6.902372e-14 0.000000e+00 0.000000e+00
-4.964787e-14 0.000000e+00 0.000000e+00
2.183677e-13 0.000000e+00 0.000000e+00
2.318890e-13 0.000000e+00 0.000000e+00
-8.853963e-14 0.000000e+00 0.000000e+00
8.282038e-14 0.000000e+00 0.000000e+00
6.124326e-14 0.000000e+00 0.000000e+00
-1.483955e-13 0.000000e+00 0.000000e+00
5.350401e-14 0.000000e+00 0.000000e+00
-1.752215e-13 0.000000e+00 0.000000e+00
1.034758e-13 0.000000e+00 0.000000e+00
9.524891e-14 0.000000e+00 0.000000e+00
-2.893431e-13 0.000000e+00 0.000000e+00
-4.930562e-14 0.000000e+00 0.000000e+00
-4.602803e-13 0.000000e+00 0.000000e+00
1.528901e-14 0.000000e+00 0.000000e+00
2.216239e-15 0.000000e+00 0.000000e+00
2.092305e-14 0.000000e+00 0.000000e+00
1.795239e-13 0.000000e+00 0.000000e+00
-6.852026e-14 0.000000e+00 0.000000e+00
-2.285367e-13 0.000000e+00 0.000000e+00
1.959296e-13 0.000000e+00 0.000000e+00
-1.333500e-13 0.000000e+00 0.000000e+00
2.141467e-13 0.000000e+00 0.000000e+00
1.408882e-13 0.000000e+00 0.000000e+00
1.745346e-13 0.000000e+00 0.000000e+00
5.068637e-14 0.000000e+00 0.000000e+00
-1.419188e-13 0.000000e+00 0.000000e+00
1.256948e-13 0.000000e+00 0.000000e+00
2.003277e-13 0.000000e+00 0.000000e+00
1.091311e-13 0.000000e+00 0.000000e+00
-5.316270e-14 0.000000e+00 0.000000e+00
-1.624702e-13 0.000000e+00 0.000000e+00
1.244768e-14 0.000000e+00 0.000000e+00
2.971632e-13 0.000000e+00 0.000000e+00
-2.888071e-14 0.000000e+00 0.000000e+00
1.238987e-13 0.000000e+00 0.000000e+00
1.383799e-13 0.000000e+00 0.000000e+00
-1.199108e-13 0.000000e+00 0.000000e+00
-7.453078e-14 0.000000e+00 0.000000e+00
-2.039124e-14 0.000000e+00 0.000000e+00
2.483060e-13 0.000000e+00 0.000000e+00
-6.162814e-14 0.000000e+00 0.000000e+00
3.184573e-13 0.000000e+00 0.000000e+00
2.561318e-14 0.000000e+00 0.000000e+00
4.283750e-13 0.000000e+00 0.000000e+00
-2.327341e-13 0.000000e+00 0.000000e+00
-2.735552e-13 0.000000e+00 0.000000e+00
1.007116e-13 0.000000e+00 0.000000e+00
-7.897094e-15 0.000000e+00 0.000000e+00
-1.748706e-13 0.000000e+00 0.000000e+00
3.916561e-14 0.000000e+00 0.000000e+00
-1.100357e-13 0.000000e+00 0.000000e+00
1.437129e-13 0.000000e+00 0.000000e+00
-1.067707e-13 0.000000e+00 0.000000e+00
-4.387111e-14 0.000000e+00 0.000000e+00
-5.988437e-14 0.000000e+00 0.000000e+00
-1.345839e-13 0.000000e+00 0.000000e+00
1.530932e-13 0.000000e+00 0.000000e+00
-1.370765e-13 0.000000e+00 0.000000e+00
3.911045e-14 0.000000e+00 0.000000e+00
7.981984e-14 0.000000e+00 0.000000e+00
-5.884894e-14 0.000000e+00 0.000000e+00
-3.346467e-14 0.000000e+00 0.000000e+00
-1.421251e-14 0.000000e+00 0.000000e+00
-2.059987e-13 0.000000e+00 0.000000e+00
-9.841849e-15 0.000000e+00 0.000000e+00
1.803549e-13 0.000000e+00 0.000000e+00
1.416966e-13 0.000000e+00 0.000000e+00
8.726875e-15 0.000000e+00 0.000000e+00
-2.158763e-13 0.000000e+00 0.000000e+00
-2.498994e-13 0.000000e+00 0.000000e+00
5.477029e-14 0.000000e+00 0.000000e+00
-2.637557e-13 0.000000e+00 0.000000e+00
-1.355594e-13 0.000000e+00 0.000000e+00
4.986232e-14 0.000000e+00 0.000000e+00
3.040492e-13 0.000000e+00 0.000000e+00
2.749913e-13 0.000000e+00 0.000000e+00
3.191224e-13 0.000000e+00 0.000000e+00
-1.286249e-13 0.000000e+00 0.000000e+00
-1.745348e-13 0.000000e+00 0.000000e+00
1.546452e-13 0.000000e+00 0.000000e+00
3.354276e-14 0.000000e+00 0.000000e+00
3.650994e-14 0.000000e+00 0.000000e+00
4.730586e-14 0.000000e+00 0.000000e+00
-1.142621e-13 0.000000e+00 0.000000e+00
1.778790e-13 0.000000e+00 0.000000e+00
2.094372e-13 0.000000e+00 0.000000e+00
-1.206369e-13 0.000000e+00 0.000000e+00
1.605389e-13 0.000000e+00 0.000000e+00
-2.363585e-13 0.000000e+00 0.000000e+00
1.741593e-13 0.000000e+00 0.000000e+00
1.474474e-13 0.000000e+00 0.000000e+00
2.534585e-14 0.000000e+00 0.000000e+00
1.068453e-14 0.000000e+00 0.000000e+00
-9.413150e-14 0.000000e+00 0.000000e+00
-1.735652e-14 0.000000e+00 0.000000e+00
-2.639973e-13 0.000000e+00 0.000000e+00
5.127653e-14 0.000000e+00 0.000000e+00
9.563294e-15 0.000000e+00 0.000000e+00
5.517157e-14 0.000000e+00 0.000000e+00
-8.568253e-14 0.000000e+00 0.000000e+00
-6.159421e-14 0.000000e+00 0.000000e+00
-4.329317e-14 0.000000e+00 0.000000e+00
2.115381e-13 0.000000e+00 0.000000e+00
-1.100626e-13 0.000000e+00 0.000000e+00
5.728007e-14 0.000000e+00 0.000000e+00
9.413352e-16 0.000000e+00 0.000000e+00
-8.773606e-14 0.000000e+00 0.000000e+00
-2.686909e-14 0.000000e+00 0.000000e+00
-1.583905e-13 0.000000e+00 0.000000e+00
-8.145225e-14 0.000000e+00 0.000000e+00
-5.359284e-14 0.000000e+00 0.000000e+00
1.855736e-14 0.000000e+00 0.000000e+00
-6.573535e-14 0.000000e+00 0.000000e+00
-2.927439e-13 0.000000e+00 0.000000e+00
-3.707073e-15 0.000000e+00 0.000000e+00
7.871189e-14 0.000000e+00 0.000000e+00
4.100246e-14 0.000000e+00 0.000000e+00
4.209244e-14 0.000000e+00 0.000000e+00
-1.052098e-13 0.000000e+00 0.000000e+00
1.639721e-13 0.000000e+00 0.000000e+00
-8.608480e-14 0.000000e+00 0.000000e+00
3.870956e-13 0.000000e+00 0.000000e+00
2.408325e-13 0.000000e+00 0.000000e+00
6.528970e-15 0.000000e+00 0.000000e+00
-2.456860e-14 0.000000e+00 0.000000e+00
9.501048e-14 0.000000e+00 0.000000e+00
-2.057234e-14 0.000000e+00 0.000000e+00
-1.240023e-13 0.000000e+00 0.000000e+00
1.094858e-13 0.000000e+00 0.000000e+00
-7.492989e-14 0.000000e+00 0.000000e+00
-1.762281e-13 0.000000e+00 0.000000e+00
-3.885865e-15 0.000000e+00 0.000000e+00
8.028395e-14 0.000000e+00 0.000000e+00
7.790971e-14 0.000000e+00 0.000000e+00
4.941789e-14 0.000000e+00 0.000000e+00
-9.651008e-15 0.000000e+00 0.000000e+00
-1.942329e-13 0.000000e+00 0.000000e+00
-1.182475e-13 0.000000e+00 0.000000e+00
2.958621e-13 0.000000e+00 0.000000e+00
-1.817603e-13 0.000000e+00 0.000000e+00
9.061895e-15 0.000000e+00 0.000000e+00
1.241745e-13 0.000000e+00 0.000000e+00
-1.783134e-13 0.000000e+00 0.000000e+00
-7.350589e-14 0.000000e+00 0.000000e+00
-2.439888e-13 0.000000e+00 0.000000e+00
-1.782277e-13 0.000000e+00 0.000000e+00
-6.869223e-14 0.000000e+00 0.000000e+00
-6.726798e-14 0.000000e+00 0.000000e+00
2.443699e-13 0.000000e+00 0.000000e+00
-1.164331e-13 0.000000e+00 0.000000e+00
-9.930455e-14 0.000000e+00 0.000000e+00
8.640714e-15 0.000000e+00 0.000000e+00
-3.452457e-14 0.000000e+00 0.000000e+00
1.461017e-13 0.000000e+00 0.000000e+00
2.596980e-14 0.000000e+00 0.000000e+00
-2.282833e-13 0.000000e+00 0.000000e+00
-1.830462e-13 0.000000e+00 0.000000e+00
5.909401e-14 0.000000e+00 0.000000e+00
2.839481e-14 0.000000e+00 0.000000e+00
-1.745119e-13 0.000000e+00 0.000000e+00
-2.010283e-13 0.000000e+00 0.000000e+00
1.287272e-14 0.000000e+00 0.000000e+00
-1.297764e-13 0.000000e+00 0.000000e+00
-1.681589e-13 0.000000e+00 0.000000e+00
5.697381e-14 0.000000e+00 0.000000e+00
-1.842465e-13 0.000000e+00 0.000000e+00
9.085214e-14 0.000000e+00 0.000000e+00
2.910481e-13 0.000000e+00 0.000000e+00
-3.769324e-14 0.000000e+00 0.000000e+00
-1.150058e-13 0.000000e+00 0.000000e+00
-3.004900e-13 0.000000e+00 0.000000e+00
-1.619302e-13 0.000000e+00 0.000000e+00
8.344532e-14 0.000000e+00 0.000000e+00
2.082915e-13 0.000000e+00 0.000000e+00
1.404306e-13 0.000000e+00 0.000000e+00
-4.303021e-15 0.000000e+00 0.000000e+00
1.278717e-14 0.000000e+00 0.000000e+00
-2.305173e-13 0.000000e+00 0.000000e+00
3.488729e-13 0.000000e+00 0.000000e+00
-3.558524e-13 0.000000e+00 0.000000e+00
-1.120281e-13 0.000000e+00 0.000000e+00
-8.678694e-14 0.000000e+00 0.000000e+00
8.654313e-15 0.000000e+00 0.000000e+00
-4.881068e-14 0.000000e+00 0.000000e+00
1.847305e-13 0.000000e+00 0.000000e+00
-1.104487e-13 0.000000e+00 0.000000e+00
3.433349e-14 0.000000e+00 0.000000e+00
1.030495e-13 0.000000e+00 0.000000e+00
5.916302e-14 0.000000e+00 0.000000e+00
-5.077108e-14 0.000000e+00 0.000000e+00
1.284678e-13 0.000000e+00 0.000000e+00
7.667085e-14 0.000000e+00 0.000000e+00
-7.796658e-14 0.000000e+00 0.000000e+00
-1.877253e-13 0.000000e+00 0.000000e+00
-2.802130e-13 0.000000e+00 0.000000e+00
5.676794e-14 0.000000e+00 0.000000e+00
-4.187800e-13 0.000000e+00 0.000000e+00
-1.240136e-13 0.000000e+00 0.000000e+00
-3.064490e-13 0.000000e+00 0.000000e+00
2.200355e-13 0.000000e+00 0.000000e+00
-5.938509e-14 0.000000e+00 0.000000e+00
1.174948e-13 0.000000e+00 0.000000e+00
3.629396e-14 0.000000e+00 0.000000e+00
-3.080815e-13 0.000000e+00 0.000000e+00
1.402011e-13 0.000000e+00 0.000000e+00
-7.741711e-14 0.000000e+00 0.000000e+00
-2.091976e-13 0.000000e+00 0.000000e+00
1.465691e-13 0.000000e+00 0.000000e+00
2.009081e-13 0.000000e+00 0.000000e+00
5.181037e-14 0.000000e+00 0.000000e+00
-1.925418e-14 0.000000e+00 0.000000e+00
-1.273066e-13 0.000000e+00 0.000000e+00
1.922385e-13 0.000000e+00 0.000000e+00
-5.352387e-14 0.000000e+00 0.000000e+00
4.224280e-13 0.000000e+00 0.000000e+00
-1.422660e-13 0.000000e+00 0.000000e+00
1.428026e-13 0.000000e+00 0.000000e+00
-2.819188e-13 0.000000e+00 0.000000e+00
-3.663257e-14 0.000000e+00 0.000000e+00
-2.086494e-13 0.000000e+00 0.000000e+00
-1.570125e-13 0.000000e+00 0.000000e+00
1.858120e-13 0.000000e+00 0.000000e+00
8.718729e-14 0.000000e+00 0.000000e+00
2.675344e-13 0.000000e+00 0.000000e+00
-1.702913e-13 0.000000e+00 0.000000e+00
-2.433410e-13 0.000000e+00 0.000000e+00
1.592624e-13 0.000000e+00 0.000000e+00
-2.280262e-13 0.000000e+00 0.000000e+00
-3.004899e-13 0.000000e+00 0.000000e+00
1.420905e-13 0.000000e+00 0.000000e+00
-2.211585e-14 0.000000e+00 0.000000e+00
2.619877e-14 0.000000e+00 0.000000e+00
-3.411075e-13 0.000000e+00 0.000000e+00
-1.044464e-13 0.000000e+00 0.000000e+00
-2.478435e-13 0.000000e+00 0.000000e+00
-1.659814e-13 0.000000e+00 0.000000e+00
2.080952e-13 0.000000e+00 0.000000e+00
3.418341e-14 0.000000e+00 0.000000e+00
8.555583e-14 0.000000e+00 0.000000e+00
-5.488200e-14 0.000000e+00 0.000000e+00
1.192131e-13 0.000000e+00 0.000000e+00
-7.309024e-14 0.000000e+00 0.000000e+00
-5.299010e-14 0.000000e+00 0.000000e+00
1.844227e-13 0.000000e+00 0.000000e+00
2.079605e-13 0.000000e+00 0.000000e+00
-1.628970e-13 0.000000e+00 0.000000e+00
2.387030e-13 0.000000e+00 0.000000e+00
-8.319965e-14 0.000000e+00 0.000000e+00
1.518910e-13 0.000000e+00 0.000000e+00
-6.762867e-14 0.000000e+00 0.000000e+00
-5.896585e-14 0.000000e+00 0.000000e+00
4.965575e-14 0.000000e+00 0.000000e+00
-6.110819e-14 0.000000e+00 0.000000e+00
8.276349e-14 0.000000e+00 0.000000e+00
-1.729289e-14 0.000000e+00 0.000000e+00
-1.695572e-13 0.000000e+00 0.000000e+00
1.705418e-14 0.000000e+00 0.000000e+00
-2.532919e-13 0.000000e+00 0.000000e+00
8.019794e-14 0.000000e+00 0.000000e+00
1.622383e-13 0.000000e+00 0.000000e+00
3.423076e-13 0.000000e+00 0.000000e+00
1.455856e-13 0.000000e+00 0.000000e+00
-1.090019e-13 0.000000e+00 0.000000e+00
-1.910821e-13 0.000000e+00 0.000000e+00
3.284752e-13 0.000000e+00 0.000000e+00
-4.428322e-13 0.000000e+00 0.000000e+00
-1.395373e-14 0.000000e+00 0.000000e+00
-1.495043e-13 0.000000e+00 0.000000e+00
4.620361e-13 0.000000e+00 0.000000e+00
-3.416025e-13 0.000000e+00 0.000000e+00
-1.782090e-13 0.000000e+00 0.000000e+00
2.657305e-13 0.000000e+00 0.000000e+00
5.336800e-15 0.000000e+00 0.000000e+00
-1.470247e-13 0.000000e+00 0.000000e+00
1.231477e-14 0.000000e+00 0.000000e+00
-1.931936e-13 0.000000e+00 0.000000e+00
1.268472e-13 0.000000e+00 0.000000e+00
-7.670780e-14 0.000000e+00 0.000000e+00
-2.374051e-13 0.000000e+00 0.000000e+00
-2.828669e-13 0.000000e+00 0.000000e+00
-1.710166e-13 0.000000e+00 0.000000e+00
7.300300e-14 0.000000e+00 0.000000e+00
3.824674e-13 0.000000e+00 0.000000e+00
1.515699e-13 0.000000e+00 0.000000e+00
-5.599915e-14 0.000000e+00 0.000000e+00
-1.558177e-13 0.000000e+00 0.000000e+00
2.091183e-15 0.000000e+00 0.000000e+00
1.484742e-13 0.000000e+00 0.000000e+00
-2.202635e-13 0.000000e+00 0.000000e+00
-1.406691e-13 0.000000e+00 0.000000e+00
6.440704e-14 0.000000e+00 0.000000e+00
3.232459e-13 0.000000e+00 0.000000e+00
-1.826850e-13 0.000000e+00 0.000000e+00
-3.701306e-14 0.000000e+00 0.000000e+00
3.356161e-13 0.000000e+00 0.000000e+00
7.833711e-14 0.000000e+00 0.000000e+00
-8.877831e-14 0.000000e+00 0.000000e+00
4.960152e-13 0.000000e+00 0.000000e+00
2.295364e-14 0.000000e+00 0.000000e+00
1.955003e-13 0.000000e+00 0.000000e+00
1.287159e-13 0.000000e+00 0.000000e+00
-3.832509e-15 0.000000e+00 0.000000e+00
-1.406484e-13 0.000000e+00 0.000000e+00
-1.192791e-13 0.000000e+00 0.000000e+00
1.064484e-13 0.000000e+00 0.000000e+00
1.098446e-13 0.000000e+00 0.000000e+00
1.908956e-13 0.000000e+00 0.000000e+00
4.453382e-14 0.000000e+00 0.000000e+00
-7.287032e-14 0.000000e+00 0.000000e+00
-2.188377e-13 0.000000e+00 0.000000e+00
-1.135721e-14 0.000000e+00 0.000000e+00
-7.583199e-14 0.000000e+00 0.000000e+00
-8.363329e-14 0.000000e+00 0.000000e+00
4.855454e-14 0.000000e+00 0.000000e+00
-1.818281e-13 0.000000e+00 0.000000e+00
6.387878e-14 0.000000e+00 0.000000e+00
-1.660891e-13 0.000000e+00 0.000000e+00
2.008532e-13 0.000000e+00 0.000000e+00
-1.028687e-14 0.000000e+00 0.000000e+00
-7.038227e-14 0.000000e+00 0.000000e+00
-9.729057e-14 0.000000e+00 0.000000e+00
-3.865629e-15 0.000000e+00 0.000000e+00
7.276963e-15 0.000000e+00 0.000000e+00
8.267656e-15 0.000000e+00 0.000000e+00
3.162113e-14 0.000000e+00 0.000000e+00
-1.305474e-13 0.000000e+00 0.000000e+00
-1.737114e-13 0.000000e+00 0.000000e+00
-2.721649e-13 0.000000e+00 0.000000e+00
3.613355e-13 0.000000e+00 0.000000e+00
1.062629e-13 0.000000e+00 0.000000e+00
3.782591e-14 0.000000e+00 0.000000e+00
1.308298e-13 0.000000e+00 0.000000e+00
-4.711412e-15 0.000000e+00 0.000000e+00
3.347379e-13 0.000000e+00 0.000000e+00
1.907803e-14 0.000000e+00 0.000000e+00
-3.774317e-13 0.000000e+00 0.000000e+00
1.365045e-13 0.000000e+00 0.000000e+00
-3.151262e-13 0.000000e+00 0.000000e+00
-2.212433e-13 0.000000e+00 0.000000e+00
-2.508359e-14 0.000000e+00 0.000000e+00
-1.164107e-13 0.000000e+00 0.000000e+00
-9.142648e-14 0.000000e+00 0.000000e+00
1.381857e-13 0.000000e+00 0.000000e+00
7.219109e-14 0.000000e+00 0.000000e+00
2.527254e-13 0.000000e+00 0.000000e+00
1.162013e-13 0.000000e+00 0.000000e+00
3.878410e-14 0.000000e+00 0.000000e+00
1.342972e-13 0.000000e+00 0.000000e+00
-2.055094e-13 0.000000e+00 0.000000e+00
6.434665e-14 0.000000e+00 0.000000e+00
-7.418823e-14 0.000000e+00 0.000000e+00
3.390770e-13 0.000000e+00 0.000000e+00
-2.116375e-13 0.000000e+00 0.000000e+00
-1.419717e-13 0.000000e+00 0.000000e+00
-6.767216e-14 0.000000e+00 0.000000e+00
3.792578e-13 0.000000e+00 0.000000e+00
-7.503289e-14 0.000000e+00 0.000000e+00
-2.150350e-13 0.000000e+00 0.000000e+00
-1.255296e-13 0.000000e+00 0.000000e+00
-2.431254e-14 0.000000e+00 0.000000e+00
-1.408778e-13 0.000000e+00 0.000000e+00
3.037979e-15 0.000000e+00 0.000000e+00
-2.357697e-13 0.000000e+00 0.000000e+00
1.593558e-13 0.000000e+00 0.000000e+00
-1.014736e-13 0.000000e+00 0.000000e+00
-1.822584e-13 0.000000e+00 0.000000e+00
-2.538307e-14 0.000000e+00 0.000000e+00
2.324197e-14 0.000000e+00 0.000000e+00
-7.511316e-14 0.000000e+00 0.000000e+00
-8.933731e-14 0.000000e+00 0.000000e+00
-3.889424e-14 0.000000e+00 0.000000e+00
1.935969e-13 0.000000e+00 0.000000e+00
1.202442e-13 0.000000e+00 0.000000e+00
-2.226982e-13 0.000000e+00 0.000000e+00
9.488381e-14 0.000000e+00 0.000000e+00
9.325832e-14 0.000000e+00 0.000000e+00
-2.982171e-13 0.000000e+00 0.000000e+00
6.750480e-14 0.000000e+00 0.000000e+00
2.253114e-13 0.000000e+00 0.000000e+00
-2.609819e-13 0.000000e+00 0.000000e+00
-4.648080e-14 0.000000e+00 0.000000e+00
-2.593449e-13 0.000000e+00 0.000000e+00
-2.020332e-14 0.000000e+00 0.000000e+00
-1.363295e-13 0.000000e+00 0.000000e+00
-4.106953e-14 0.000000e+00 0.000000e+00
1.051197e-13 0.000000e+00 0.000000e+00
-2.377040e-13 0.000000e+00 0.000000e+00
-6.784885e-14 0.000000e+00 0.000000e+00
1.379723e-13 0.000000e+00 0.000000e+00
-5.574387e-13 0.000000e+00 0.000000e+00
-2.298779e-13 0.000000e+00 0.000000e+00
5.706626e-14 0.000000e+00 0.000000e+00
1.728161e-14 0.000000e+00 0.000000e+00
8.374289e-14 0.000000e+00 0.000000e+00
-2.499604e-13 0.000000e+00 0.000000e+00
1.321754e-13 0.000000e+00 0.000000e+00
2.669509e-13 0.000000e+00 0.000000e+00
-3.816294e-14 0.000000e+00 0.000000e+00
-5.669239e-14 0.000000e+00 0.000000e+00
-6.478976e-15 0.000000e+00 0.000000e+00
-8.256238e-14 0.000000e+00 0.000000e+00
-1.452411e-13 0.000000e+00 0.000000e+00
1.034115e-13 0.000000e+00 0.000000e+00
9.766954e-14 0.000000e+00 0.000000e+00
7.327916e-14 0.000000e+00 0.000000e+00
-2.076849e-13 0.000000e+00 0.000000e+00
8.117255e-14 0.000000e+00 0.000000e+00
-1.452281e-13 0.000000e+00 0.000000e+00
-1.166934e-13 0.000000e+00 0.000000e+00
-1.110039e-13 0.000000e+00 0.000000e+00
2.678278e-13 0.000000e+00 0.000000e+00
2.698188e-13 0.000000e+00 0.000000e+00
-6.195659e-14 0.000000e+00 0.000000e+00
-1.636239e-13 0.000000e+00 0.000000e+00
9.581188e-14 0.000000e+00 0.000000e+00
-8.771235e-14 0.000000e+00 0.000000e+00
5.243969e-14 0.000000e+00 0.000000e+00
1.507884e-13 0.000000e+00 0.000000e+00
8.783982e-14 0.000000e+00 0.000000e+00
1.388165e-13 0.000000e+00 0.000000e+00
-6.069264e-14 0.000000e+00 0.000000e+00
-6.894543e-14 0.000000e+00 0.000000e+00
2.431586e-13 0.000000e+00 0.000000e+00
-3.397707e-14 0.000000e+00 0.000000e+00
2.196432e-14 0.000000e+00 0.000000e+00
-2.877143e-15 0.000000e+00 0.000000e+00
8.958755e-14 0.000000e+00 0.000000e+00
6.389435e-15 0.000000e+00 0.000000e+00
1.125476e-13 0.000000e+00 0.000000e+00
1.994193e-13 0.000000e+00 0.000000e+00
-3.271349e-14 0.000000e+00 0.000000e+00
1.066670e-13 0.000000e+00 0.000000e+00
1.885599e-13 0.000000e+00 0.000000e+00
-1.231909e-13 0.000000e+00 0.000000e+00
-1.043836e-13 0.000000e+00 0.000000e+00
2.040439e-13 0.000000e+00 0.000000e+00
2.147836e-13 0.000000e+00 0.000000e+00
-1.296153e-13 0.000000e+00 0.000000e+00
-1.879206e-13 0.000000e+00 0.000000e+00
-1.508533e-13 0.000000e+00 0.000000e+00
1.726517e-13 0.000000e+00 0.000000e+00
3.011842e-13 0.000000e+00 0.000000e+00
-1.779322e-13 0.000000e+00 0.000000e+00
2.187998e-13 0.000000e+00 0.000000e+00
-6.440155e-14 0.000000e+00 0.000000e+00
-5.180500e-14 0.000000e+00 0.000000e+00
4.509168e-16 0.000000e+00 0.000000e+00
2.159368e-13 0.000000e+00 0.000000e+00
-1.699395e-13 0.000000e+00 0.000000e+00
-2.193625e-13 0.000000e+00 0.000000e+00
-1.659983e-13 0.000000e+00 0.000000e+00
2.882554e-14 0.000000e+00 0.000000e+00
-2.894851e-13 0.000000e+00 0.000000e+00
-5.737789e-14 0.000000e+00 0.000000e+00
1.349819e-13 0.000000e+00 0.000000e+00
1.161805e-13 0.000000e+00 0.000000e+00
-6.789024e-14 0.000000e+00 0.000000e+00
3.662153e-14 0.000000e+00 0.000000e+00
-2.491733e-13 0.000000e+00 0.000000e+00
-1.363191e-14 0.000000e+00 0.000000e+00
1.365874e-13 0.000000e+00 0.000000e+00
2.105007e-14 0.000000e+00 0.000000e+00
-9.582207e-14 0.000000e+00 0.000000e+00
1.341933e-13 0.000000e+00 0.000000e+00
2.185720e-13 0.000000e+00 0.000000e+00
-2.644519e-13 0.000000e+00 0.000000e+00
-1.734979e-13 0.000000e+00 0.000000e+00
3.863935e-14 0.000000e+00 0.000000e+00
-2.745881e-13 0.000000e+00 0.000000e+00
2.763976e-13 0.000000e+00 0.000000e+00
1.200222e-13 0.000000e+00 0.000000e+00
-3.565550e-13 0.000000e+00 0.000000e+00
3.949595e-14 0.000000e+00 0.000000e+00
-1.695759e-13 0.000000e+00 0.000000e+00
6.044343e-14 0.000000e+00 0.000000e+00
-9.510672e-14 0.000000e+00 0.000000e+00
1.211551e-13 0.000000e+00 0.000000e+00
-3.694451e-13 0.000000e+00 0.000000e+00
-3.092412e-13 0.000000e+00 0.000000e+00
-8.961112e-14 0.000000e+00 0.000000e+00
-7.383599e-15 0.000000e+00 0.000000e+00
-2.447493e-13 0.000000e+00 0.000000e+00
4.523246e-14 0.000000e+00 0.000000e+00
-5.255456e-14 0.000000e+00 0.000000e+00
3.924770e-14 0.000000e+00 0.000000e+00
1.272327e-13 0.000000e+00 0.000000e+00
-1.311118e-13 0.000000e+00 0.000000e+00
-5.525845e-15 0.000000e+00 0.000000e+00
-1.561896e-14 0.000000e+00 0.000000e+00
-7.183937e-14 0.000000e+00 0.000000e+00
-7.124987e-14 0.000000e+00 0.000000e+00
1.277136e-13 0.000000e+00 0.000000e+00
1.186711e-13 0.000000e+00 0.000000e+00
-3.132873e-13 0.000000e+00 0.000000e+00
-8.557885e-14 0.000000e+00 0.000000e+00
-1.077631e-13 0.000000e+00 0.000000e+00
-8.527652e-14 0.000000e+00 0.000000e+00
-4.125869e-14 0.000000e+00 0.000000e+00
-1.948015e-13 0.000000e+00 0.000000e+00
-1.032590e-13 0.000000e+00 0.000000e+00
-2.028877e-13 0.000000e+00 0.000000e+00
1.043020e-13 0.000000e+00 0.000000e+00
1.095417e-13 0.000000e+00 0.000000e+00
1.440500e-13 0.000000e+00 0.000000e+00
-2.683498e-13 0.000000e+00 0.000000e+00
-1.277772e-13 0.000000e+00 0.000000e+00
1.893413e-13 0.000000e+00 0.000000e+00
-2.269303e-14 0.000000e+00 0.000000e+00
3.207266e-13 0.000000e+00 0.000000e+00
2.819653e-14 0.000000e+00 0.000000e+00
3.584493e-14 0.000000e+00 0.000000e+00
2.555107e-13 0.000000e+00 0.000000e+00
2.096319e-13 0.000000e+00 0.000000e+00
2.399333e-14 0.000000e+00 0.000000e+00
-1.085234e-13 0.000000e+00 0.000000e+00
1.081033e-13 0.000000e+00 0.000000e+00
9.405822e-15 0.000000e+00 0.000000e+00
1.304603e-15 0.000000e+00 0.000000e+00
6.734567e-14 0.000000e+00 0.000000e+00
1.503432e-13 0.000000e+00 0.000000e+00
7.344435e-14 0.000000e+00 0.000000e+00
4.608137e-14 0.000000e+00 0.000000e+00
-2.275398e-13 0.000000e+00 0.000000e+00
-7.491987e-14 0.000000e+00 0.000000e+00
1.257129e-13 0.000000e+00 0.000000e+00
1.195701e-13 0.000000e+00 0.000000e+00
1.919984e-13 0.000000e+00 0.000000e+00
-5.184244e-14 0.000000e+00 0.000000e+00
1.609498e-13 0.000000e+00 0.000000e+00
3.359080e-14 0.000000e+00 0.000000e+00
-2.775240e-14 0.000000e+00 0.000000e+00
-1.964144e-13 0.000000e+00 0.000000e+00
-1.092227e-13 0.000000e+00 0.000000e+00
1.803188e-14 0.000000e+00 0.000000e+00
-3.913697e-13 0.000000e+00 0.000000e+00
1.503309e-13 0.000000e+00 0.000000e+00
-1.693154e-14 0.000000e+00 0.000000e+00
-2.825082e-14 0.000000e+00 0.000000e+00
-4.505955e-14 0.000000e+00 0.000000e+00
1.086282e-13 0.000000e+00 0.000000e+00
-2.768977e-14 0.000000e+00 0.000000e+00
-1.371191e-14 0.000000e+00 0.000000e+00
-1.527565e-13 0.000000e+00 0.000000e+00
-8.957915e-14 0.000000e+00 0.000000e+00
1.145942e-13 0.000000e+00 0.000000e+00
1.537888e-15 0.000000e+00 0.000000e+00
1.355068e-13 0.000000e+00 0.000000e+00
2.517982e-14 0.000000e+00 0.000000e+00
2.197616e-13 0.000000e+00 0.000000e+00
-3.610551e-14 0.000000e+00 0.000000e+00
1.983682e-13 0.000000e+00 0.000000e+00
8.306815e-14 0.000000e+00 0.000000e+00
1.287387e-13 0.000000e+00 0.000000e+00
7.633321e-14 0.000000e+00 0.000000e+00
-1.371057e-13 0.000000e+00 0.000000e+00
1.111339e-13 0.000000e+00 0.000000e+00
4.235010e-13 0.000000e+00 0.000000e+00
-6.157981e-14 0.000000e+00 0.000000e+00
1.471100e-13 0.000000e+00 0.000000e+00
3.731676e-13 0.000000e+00 0.000000e+00
-3.044686e-14 0.000000e+00 0.000000e+00
-1.004294e-13 0.000000e+00 0.000000e+00
1.115092e-13 0.000000e+00 0.000000e+00
-6.825747e-14 0.000000e+00 0.000000e+00
1.517542e-13 0.000000e+00 0.000000e+00
6.720121e-14 0.000000e+00 0.000000e+00
-4.830280e-13 0.000000e+00 0.000000e+00
-9.308299e-14 0.000000e+00 0.000000e+00
3.561459e-13 0.000000e+00 0.000000e+00
9.002445e-14 0.000000e+00 0.000000e+00
-1.387444e-13 0.000000e+00 0.000000e+00
4.387754e-14 0.000000e+00 0.000000e+00
-1.834700e-13 0.000000e+00 0.000000e+00
1.067229e-13 0.000000e+00 0.000000e+00
4.698191e-13 0.000000e+00 0.000000e+00
1.362374e-13 0.000000e+00 0.000000e+00
9.233658e-14 0.000000e+00 0.000000e+00
1.278514e-13 0.000000e+00 0.000000e+00
3.235532e-13 0.000000e+00 0.000000e+00
-2.772671e-13 0.000000e+00 0.000000e+00
1.196760e-13 0.000000e+00 0.000000e+00
1.497784e-13 0.000000e+00 0.000000e+00
-1.802039e-13 0.000000e+00 0.000000e+00
-1.312809e-13 0.000000e+00 0.000000e+00
-9.307988e-14 0.000000e+00 0.000000e+00
-3.026447e-13 0.000000e+00 0.000000e+00
1.048810e-13 0.000000e+00 0.000000e+00
2.045454e-13 0.000000e+00 0.000000e+00
1.637724e-13 0.000000e+00 0.000000e+00
1.536260e-13 0.000000e+00 0.000000e+00
-1.079342e-13 0.000000e+00 0.000000e+00
-1.376875e-13 0.000000e+00 0.000000e+00
-1.501161e-13 0.000000e+00 0.000000e+00
-6.487572e-14 0.000000e+00 0.000000e+00
-4.471372e-14 0.000000e+00 0.000000e+00
-1.295787e-13 0.000000e+00 0.000000e+00
2.835433e-14 0.000000e+00 0.000000e+00
-8.299202e-14 0.000000e+00 0.000000e+00
-1.641659e-13 0.000000e+00 0.000000e+00
1.479963e-13 0.000000e+00 0.000000e+00
6.053343e-14 0.000000e+00 0.000000e+00
1.261249e-13 0.000000e+00 0.000000e+00
-2.423596e-13 0.000000e+00 0.000000e+00
1.892349e-13 0.000000e+00 0.000000e+00
-3.154610e-14 0.000000e+00 0.000000e+00
-4.231972e-13 0.000000e+00 0.000000e+00
-6.793647e-14 0.000000e+00 0.000000e+00
-5.705162e-14 0.000000e+00 0.000000e+00
-3.486325e-13 0.000000e+00 0.000000e+00
2.336046e-13 0.000000e+00 0.000000e+00
-3.852951e-13 0.000000e+00 0.000000e+00
-1.962492e-13 0.000000e+00 0.000000e+00
-5.510869e-14 0.000000e+00 0.000000e+00
5.907650e-15 0.000000e+00 0.000000e+00
-6.618766e-14 0.000000e+00 0.000000e+00
1.402679e-13 0.000000e+00 0.000000e+00
-4.220933e-14 0.000000e+00 0.000000e+00
-3.019779e-14 0.000000e+00 0.000000e+00
1.249051e-13 0.000000e+00 0.000000e+00
-1.119384e-13 0.000000e+00 0.000000e+00
6.025663e-14 0.000000e+00 0.000000e+00
4.581099e-14 0.000000e+00 0.000000e+00
1.156552e-13 0.000000e+00 0.000000e+00
1.192923e-13 0.000000e+00 0.000000e+00
-1.493094e-13 0.000000e+00 0.000000e+00
1.485547e-13 0.000000e+00 0.000000e+00
8.589256e-15 0.000000e+00 0.000000e+00
-5.030617e-15 0.000000e+00 0.000000e+00
1.640495e-14 0.000000e+00 0.000000e+00
-1.518117e-13 0.000000e+00 0.000000e+00
5.657462e-14 0.000000e+00 0.000000e+00
1.866380e-13 0.000000e+00 0.000000e+00
4.715122e-13 0.000000e+00 0.000000e+00
-2.052651e-13 0.000000e+00 0.000000e+00
-1.020446e-14 0.000000e+00 0.000000e+00
-1.910657e-13 0.000000e+00 0.000000e+00
5.917832e-13 0.000000e+00 0.000000e+00
-1.971588e-15 0.000000e+00 0.000000e+00
-2.010323e-13 0.000000e+00 0.000000e+00
4.016056e-14 0.000000e+00 0.000000e+00
2.683627e-13 0.000000e+00 0.000000e+00
-1.273787e-13 0.000000e+00 0.000000e+00
-1.193709e-13 0.000000e+00 0.000000e+00
-2.387003e-13 0.000000e+00 0.000000e+00
-1.535783e-13 0.000000e+00 0.000000e+00
1.300474e-13 0.000000e+00 0.000000e+00
-8.649718e-15 0.000000e+00 0.000000e+00
1.055327e-13 0.000000e+00 0.000000e+00
-1.154302e-13 0.000000e+00 0.000000e+00
-2.037965e-13 0.000000e+00 0.000000e+00
1.803846e-13 0.000000e+00 0.000000e+00
5.108900e-15 0.000000e+00 0.000000e+00
3.194609e-14 0.000000e+00 0.000000e+00
-1.325237e-13 0.000000e+00 0.000000e+00
-2.091491e-13 0.000000e+00 0.000000e+00
-6.070045e-14 0.000000e+00 0.000000e+00
5.310606e-14 0.000000e+00 0.000000e+00
1.614823e-13 0.000000e+00 0.000000e+00
-2.736594e-13 0.000000e+00 0.000000e+00
1.695937e-14 0.000000e+00 0.000000e+00
3.519414e-14 0.000000e+00 0.000000e+00
-3.311997e-15 0.000000e+00 0.000000e+00
6.383929e-14 0.000000e+00 0.000000e+00
-6.623163e-14 0.000000e+00 0.000000e+00
1.896127e-13 0.000000e+00 0.000000e+00
-3.104164e-14 0.000000e+00 0.000000e+00
-2.134173e-13 0.000000e+00 0.000000e+00
-1.347486e-13 0.000000e+00 0.000000e+00
1.449345e-13 0.000000e+00 0.000000e+00
-1.027766e-13 0.000000e+00 0.000000e+00
-4.045144e-14 0.000000e+00 0.000000e+00
-8.525935e-14 0.000000e+00 0.000000e+00
1.438529e-13 0.000000e+00 0.000000e+00
1.131781e-13 0.000000e+00 0.000000e+00
-7.364275e-14 0.000000e+00 0.000000e+00
-1.416390e-13 0.000000e+00 0.000000e+00
1.240668e-13 0.000000e+00 0.000000e+00
1.473728e-13 0.000000e+00 0.000000e+00
-9.932619e-14 0.000000e+00 0.000000e+00
-1.152591e-13 0.000000e+00 0.000000e+00
-6.781973e-14 0.000000e+00 0.000000e+00
6.541473e-14 0.000000e+00 0.000000e+00
-1.304997e-14 0.000000e+00 0.000000e+00
9.407970e-14 0.000000e+00 0.000000e+00
2.724780e-13 0.000000e+00 0.000000e+00
8.935422e-14 0.000000e+00 0.000000e+00
-3.209335e-13 0.000000e+00 0.000000e+00
-3.041177e-13 0.000000e+00 0.000000e+00
-1.951942e-13 0.000000e+00 0.000000e+00
-1.188124e-13 0.000000e+00 0.000000e+00
2.082868e-13 0.000000e+00 0.000000e+00
5.291360e-14 0.000000e+00 0.000000e+00
-4.308195e-13 0.000000e+00 0.000000e+00
1.261932e-13 0.000000e+00 0.000000e+00
4.859924e-13 0.000000e+00 0.000000e+00
4.518275e-14 0.000000e+00 0.000000e+00
-4.557767e-14 0.000000e+00 0.000000e+00
1.379322e-13 0.000000e+00 0.000000e+00
-5.778608e-14 0.000000e+00 0.000000e+00
1.122393e-13 0.000000e+00 0.000000e+00
-1.176109e-13 0.000000e+00 0.000000e+00
-1.345931e-13 0.000000e+00 0.000000e+00
2.500841e-14 0.000000e+00 0.000000e+00
-1.138750e-14 0.000000e+00 0.000000e+00
-4.321575e-14 0.000000e+00 0.000000e+00
-1.192871e-14 0.000000e+00 0.000000e+00
-6.814190e-14 0.000000e+00 0.000000e+00
-7.210123e-14 0.000000e+00 0.000000e+00
1.381283e-13 0.000000e+00 0.000000e+00
-2.362976e-13 0.000000e+00 0.000000e+00
-1.759211e-13 0.000000e+00 0.000000e+00
2.142890e-13 0.000000e+00 0.000000e+00
1.903896e-13 0.000000e+00 0.000000e+00
5.858699e-14 0.000000e+00 0.000000e+00
5.234450e-15 0.000000e+00 0.000000e+00
-9.054459e-14 0.000000e+00 0.000000e+00
1.293605e-13 0.000000e+00 0.000000e+00
-9.199292e-14 0.000000e+00 0.000000e+00
-1.334214e-13 0.000000e+00 0.000000e+00
-1.951191e-13 0.000000e+00 0.000000e+00
-4.823289e-14 0.000000e+00 0.000000e+00
3.102720e-13 0.000000e+00 0.000000e+00
-1.207703e-13 0.000000e+00 0.000000e+00
-7.759686e-15 0.000000e+00 0.000000e+00
-3.311286e-14 0.000000e+00 0.000000e+00
-6.931486e-14 0.000000e+00 0.000000e+00
1.407504e-13 0.000000e+00 0.000000e+00
-1.048250e-13 0.000000e+00 0.000000e+00
1.796621e-13 0.000000e+00 0.000000e+00
-8.978553e-14 0.000000e+00 0.000000e+00
1.218321e-13 0.000000e+00 0.000000e+00
2.864951e-13 0.000000e+00 0.000000e+00
-1.802003e-13 0.000000e+00 0.000000e+00
-9.441662e-14 0.000000e+00 0.000000e+00
-5.399218e-14 0.000000e+00 0.000000e+00
-5.913033e-14 0.000000e+00 0.000000e+00
2.214231e-13 0.000000e+00 0.000000e+00
6.291872e-14 0.000000e+00 0.000000e+00
2.819486e-14 0.000000e+00 0.000000e+00
1.519365e-13 0.000000e+00 0.000000e+00
-2.405947e-13 0.000000e+00 0.000000e+00
1.797989e-13 0.000000e+00 0.000000e+00
1.458910e-13 0.000000e+00 0.000000e+00
3.473032e-14 0.000000e+00 0.000000e+00
1.083483e-13 0.000000e+00 0.000000e+00
1.930917e-13 0.000000e+00 0.000000e+00
-3.842718e-14 0.000000e+00 0.000000e+00
-4.751888e-14 0.000000e+00 0.000000e+00
-3.054829e-14 0.000000e+00 0.000000e+00
-2.515049e-13 0.000000e+00 0.000000e+00
-1.150740e-13 0.000000e+00 0.000000e+00
-3.207587e-15 0.000000e+00 0.000000e+00
-5.563948e-14 0.000000e+00 0.000000e+00
3.515990e-14 0.000000e+00 0.000000e+00
-2.096575e-13 0.000000e+00 0.000000e+00
-4.125597e-13 0.000000e+00 0.000000e+00
-3.618822e-14 0.000000e+00 0.000000e+00
3.915251e-14 0.000000e+00 0.000000e+00
-5.093428e-14 0.000000e+00 0.000000e+00
-1.154001e-13 0.000000e+00 0.000000e+00
-1.653369e-13 0.000000e+00 0.000000e+00
4.164421e-14 0.000000e+00 0.000000e+00
-1.843872e-14 0.000000e+00 0.000000e+00
-1.540883e-13 0.000000e+00 0.000000e+00
-1.685221e-13 0.000000e+00 0.000000e+00
-1.224644e-13 0.000000e+00 0.000000e+00
1.350420e-13 0.000000e+00 0.000000e+00
3.156913e-14 0.000000e+00 0.000000e+00
3.030794e-13 0.000000e+00 0.000000e+00
-1.497010e-13 0.000000e+00 0.000000e+00
2.097239e-14 0.000000e+00 0.000000e+00
-4.742147e-13 0.000000e+00 0.000000e+00
1.418872e-13 0.000000e+00 0.000000e+00
3.204481e-15 0.000000e+00 0.000000e+00
1.681581e-13 0.000000e+00 0.000000e+00
1.977700e-13 0.000000e+00 0.000000e+00
-2.419889e-14 0.000000e+00 0.000000e+00
1.292746e-13 0.000000e+00 0.000000e+00
-1.299008e-13 0.000000e+00 0.000000e+00
4.866423e-14 0.000000e+00 0.000000e+00
2.447388e-14 0.000000e+00 0.000000e+00
4.785531e-14 0.000000e+00 0.000000e+00
-1.770228e-13 0.000000e+00 0.000000e+00
2.111441e-13 0.000000e+00 0.000000e+00
-2.559302e-13 0.000000e+00 0.000000e+00
-9.727602e-16 0.000000e+00 0.000000e+00
-1.543612e-13 0.000000e+00 0.000000e+00
-1.192905e-13 0.000000e+00 0.000000e+00
1.489486e-13 0.000000e+00 0.000000e+00
-7.930657e-14 0.000000e+00 0.000000e+00
3.402449e-14 0.000000e+00 0.000000e+00
2.064677e-13 0.000000e+00 0.000000e+00
1.728458e-13 0.000000e+00 0.000000e+00
3.996520e-14 0.000000e+00 0.000000e+00
-5.779167e-14 0.000000e+00 0.000000e+00
8.056912e-14 0.000000e+00 0.000000e+00
-8.853935e-14 0.000000e+00 0.000000e+00
1.736058e-13 0.000000e+00 0.000000e+00
-2.773982e-13 0.000000e+00 0.000000e+00
7.846840e-14 0.000000e+00 0.000000e+00
-5.827731e-14 0.000000e+00 0.000000e+00
-1.826385e-13 0.000000e+00 0.000000e+00
5.910591e-15 0.000000e+00 0.000000e+00
-1.482205e-14 0.000000e+00 0.000000e+00
-1.489209e-13 0.000000e+00 0.000000e+00
-4.495335e-14 0.000000e+00 0.000000e+00
1.641944e-13 0.000000e+00 0.000000e+00
-6.040901e-14 0.000000e+00 0.000000e+00
1.090396e-13 0.000000e+00 0.000000e+00
1.511063e-14 0.000000e+00 0.000000e+00
-7.676071e-14 0.000000e+00 0.000000e+00
2.180861e-14 0.000000e+00 0.000000e+00
-2.151963e-14 0.000000e+00 0.000000e+00
-1.592459e-13 0.000000e+00 0.000000e+00
-8.713157e-14 0.000000e+00 0.000000e+00
5.901055e-14 0.000000e+00 0.000000e+00
8.827417e-14 0.000000e+00 0.000000e+00
1.981399e-13 0.000000e+00 0.000000e+00
2.616064e-13 0.000000e+00 0.000000e+00
-3.918441e-13 0.000000e+00 0.000000e+00
-1.092762e-13 0.000000e+00 0.000000e+00
8.013501e-14 0.000000e+00 0.000000e+00
2.076927e-14 0.000000e+00 0.000000e+00
2.017402e-13 0.000000e+00 0.000000e+00
-9.556579e-14 0.000000e+00 0.000000e+00
-4.313972e-13 0.000000e+00 0.000000e+00
1.581171e-13 0.000000e+00 0.000000e+00
-4.280316e-14 0.000000e+00 0.000000e+00
4.321512e-14 0.000000e+00 0.000000e+00
7.466216e-14 0.000000e+00 0.000000e+00
6.465961e-14 0.000000e+00 0.000000e+00
-1.740980e-13 0.000000e+00 0.000000e+00
4.483571e-14 0.000000e+00 0.000000e+00
-1.258708e-13 0.000000e+00 0.000000e+00
4.702834e-14 0.000000e+00 0.000000e+00
-1.813359e-13 0.000000e+00 0.000000e+00
3.020030e-13 0.000000e+00 0.000000e+00
2.686057e-13 0.000000e+00 0.000000e+00
2.246406e-14 0.000000e+00 0.000000e+00
5.332325e-14 0.000000e+00 0.000000e+00
1.881119e-14 0.000000e+00 0.000000e+00
-4.316998e-14 0.000000e+00 0.000000e+00
1.918969e-13 0.000000e+00 0.000000e+00
2.652934e-13 0.000000e+00 0.000000e+00
-2.268220e-14 0.000000e+00 0.000000e+00
-1.318826e-13 0.000000e+00 0.000000e+00
6.051103e-14 0.000000e+00 0.000000e+00
-1.093683e-14 0.000000e+00 0.000000e+00
-1.189888e-13 0.000000e+00 0.000000e+00
-1.207517e-13 0.000000e+00 0.000000e+00
-6.182183e-14 0.000000e+00 0.000000e+00
-1.261251e-13 0.000000e+00 0.000000e+00
9.577847e-14 0.000000e+00 0.000000e+00
9.498012e-14 0.000000e+00 0.000000e+00
-3.574394e-13 0.000000e+00 0.000000e+00
-1.907888e-13 0.000000e+00 0.000000e+00
1.613483e-13 0.000000e+00 0.000000e+00
-1.710802e-13 0.000000e+00 0.000000e+00
-1.450309e-14 0.000000e+00 0.000000e+00
4.884561e-14 0.000000e+00 0.000000e+00
2.022148e-13 0.000000e+00 0.000000e+00
2.002125e-14 0.000000e+00 0.000000e+00
-1.184706e-13 0.000000e+00 0.000000e+00
-1.723886e-13 0.000000e+00 0.000000e+00
1.145557e-13 0.000000e+00 0.000000e+00
-5.799049e-14 0.000000e+00 0.000000e+00
5.317684e-14 0.000000e+00 0.000000e+00
2.151391e-13 0.000000e+00 0.000000e+00
-3.868445e-14 0.000000e+00 0.000000e+00
1.535262e-13 0.000000e+00 0.000000e+00
-6.788298e-14 0.000000e+00 0.000000e+00
1.045088e-13 0.000000e+00 0.000000e+00
-4.347710e-14 0.000000e+00 0.000000e+00
-8.500401e-14 0.000000e+00 0.000000e+00
-1.353091e-13 0.000000e+00 0.000000e+00
1.535150e-13 0.000000e+00 0.000000e+00
1.404188e-13 0.000000e+00 0.000000e+00
-1.233757e-13 0.000000e+00 0.000000e+00
-2.726493e-13 0.000000e+00 0.000000e+00
-5.235343e-14 0.000000e+00 0.000000e+00
-6.032781e-14 0.000000e+00 0.000000e+00
8.527337e-14 0.000000e+00 0.000000e+00
-1.928046e-13 0.000000e+00 0.000000e+00
-2.212395e-13 0.000000e+00 0.000000e+00
-5.283720e-14 0.000000e+00 0.000000e+00
-8.817999e-14 0.000000e+00 0.000000e+00
1.060565e-14 0.000000e+00 0.000000e+00
-1.364135e-13 0.000000e+00 0.000000e+00
-2.766015e-13 0.000000e+00 0.000000e+00
-1.684545e-13 0.000000e+00 0.000000e+00
5.555598e-14 0.000000e+00 0.000000e+00
-2.817785e-13 0.000000e+00 0.000000e+00
-1.100478e-14 0.000000e+00 0.000000e+00
-3.216867e-13 0.000000e+00 0.000000e+00
7.622315e-14 0.000000e+00 0.000000e+00
1.006205e-13 0.000000e+00 0.000000e+00
-1.433050e-13 0.000000e+00 0.000000e+00
2.105384e-13 0.000000e+00 0.000000e+00
7.390683e-14 0.000000e+00 0.000000e+00
-1.500443e-13 0.000000e+00 0.000000e+00
-1.188604e-13 0.000000e+00 0.000000e+00
-1.957487e-13 0.000000e+00 0.000000e+00
-3.248182e-13 0.000000e+00 0.000000e+00
-2.821429e-13 0.000000e+00 0.000000e+00
3.507840e-14 0.000000e+00 0.000000e+00
1.096332e-13 0.000000e+00 0.000000e+00
2.302991e-14 0.000000e+00 0.000000e+00
-1.272681e-13 0.000000e+00 0.000000e+00
-4.982430e-14 0.000000e+00 0.000000e+00
-8.877623e-14 0.000000e+00 0.000000e+00
2.444862e-13 0.000000e+00 0.000000e+00
-2.052345e-14 0.000000e+00 0.000000e+00
2.740531e-14 0.000000e+00 0.000000e+00
-1.747052e-13 0.000000e+00 0.000000e+00
2.528132e-13 0.000000e+00 0.000000e+00
-3.552205e-14 0.000000e+00 0.000000e+00
-1.522235e-14 0.000000e+00 0.000000e+00
1.263578e-13 0.000000e+00 0.000000e+00
1.258802e-13 0.000000e+00 0.000000e+00
3.972982e-14 0.000000e+00 0.000000e+00
1.829055e-13 0.000000e+00 0.000000e+00
1.738526e-14 0.000000e+00 0.000000e+00
-2.702495e-13 0.000000e+00 0.000000e+00
4.972403e-14 0.000000e+00 0.000000e+00
-3.325351e-13 0.000000e+00 0.000000e+00
-9.184766e-15 0.000000e+00 0.000000e+00
1.397119e-13 0.000000e+00 0.000000e+00
1.312644e-13 0.000000e+00 0.000000e+00
1.413353e-13 0.000000e+00 0.000000e+00
-1.859322e-13 0.000000e+00 0.000000e+00
-2.277610e-13 0.000000e+00 0.000000e+00
4.665165e-14 0.000000e+00 0.000000e+00
9.057078e-14 0.000000e+00 0.000000e+00
-6.330156e-14 0.000000e+00 0.000000e+00
-1.994810e-13 0.000000e+00 0.000000e+00
-8.068900e-14 0.000000e+00 0.000000e+00
-7.939783e-14 0.000000e+00 0.000000e+00
7.731350e-14 0.000000e+00 0.000000e+00
3.095252e-14 0.000000e+00 0.000000e+00
-3.858889e-14 0.000000e+00 0.000000e+00
-2.789114e-13 0.000000e+00 0.000000e+00
-3.380528e-14 0.000000e+00 0.000000e+00
2.419591e-13 0.000000e+00 0.000000e+00
-1.968556e-13 0.000000e+00 0.000000e+00
1.182144e-13 0.000000e+00 0.000000e+00
-2.075950e-13 0.000000e+00 0.000000e+00
-1.739952e-13 0.000000e+00 0.000000e+00
-8.117595e-14 0.000000e+00 0.000000e+00
-2.426343e-13 0.000000e+00 0.000000e+00
4.235195e-14 0.000000e+00 0.000000e+00
2.725347e-13 0.000000e+00 0.000000e+00
3.353746e-14 0.000000e+00 0.000000e+00
-5.499507e-14 0.000000e+00 0.000000e+00
7.653601e-14 0.000000e+00 0.000000e+00
-7.224705e-14 0.000000e+00 0.000000e+00
2.101332e-13 0.000000e+00 0.000000e+00
-1.438902e-13 0.000000e+00 0.000000e+00
-7.833908e-14 0.000000e+00 0.000000e+00
-5.000363e-14 0.000000e+00 0.000000e+00
1.511438e-13 0.000000e+00 0.000000e+00
3.317481e-13 0.000000e+00 0.000000e+00
1.261083e-13 0.000000e+00 0.000000e+00
1.554304e-13 0.000000e+00 0.000000e+00
3.318833e-14 0.000000e+00 0.000000e+00
-1.054236e-13 0.000000e+00 0.000000e+00
-1.793100e-13 0.000000e+00 0.000000e+00
1.508739e-13 0.000000e+00 0.000000e+00
-8.380228e-14 0.000000e+00 0.000000e+00
-1.102531e-13 0.000000e+00 0.000000e+00
-2.247685e-13 0.000000e+00 0.000000e+00
-8.401495e-15 0.000000e+00 0.000000e+00
8.845664e-14 0.000000e+00 0.000000e+00
-1.999313e-13 0.000000e+00 0.000000e+00
1.585712e-13 0.000000e+00 0.000000e+00
-4.926534e-14 0.000000e+00 0.000000e+00
-1.115048e-13 0.000000e+00 0.000000e+00
-2.175107e-14 0.000000e+00 0.000000e+00
-6.912092e-14 0.000000e+00 0.000000e+00
7.345911e-14 0.000000e+00 0.000000e+00
1.377682e-13 0.000000e+00 0.000000e+00
-1.804001e-13 0.000000e+00 0.000000e+00
-1.678159e-13 0.000000e+00 0.000000e+00
1.289464e-13 0.000000e+00 0.000000e+00
-3.495057e-13 0.000000e+00 0.000000e+00
2.407491e-13 0.000000e+00 0.000000e+00
2.622307e-13 0.000000e+00 0.000000e+00
-2.359789e-13 0.000000e+00 0.000000e+00
9.602835e-14 0.000000e+00 0.000000e+00
-4.702604e-14 0.000000e+00 0.000000e+00
-2.046525e-13 0.000000e+00 0.000000e+00
-9.539296e-14 0.000000e+00 0.000000e+00
-3.613788e-14 0.000000e+00 0.000000e+00
-1.106949e-13 0.000000e+00 0.000000e+00
-1.688082e-13 0.000000e+00 0.000000e+00
5.178178e-14 0.000000e+00 0.000000e+00
6.950749e-14 0.000000e+00 0.000000e+00
-6.293083e-14 0.000000e+00 0.000000e+00
-1.755981e-13 0.000000e+00 0.000000e+00
1.779785e-13 0.000000e+00 0.000000e+00
-1.676309e-13 0.000000e+00 0.000000e+00
-9.856401e-14 0.000000e+00 0.000000e+00
-4.412810e-14 0.000000e+00 0.000000e+00
1.554169e-13 0.000000e+00 0.000000e+00
-1.668709e-13 0.000000e+00 0.000000e+00
1.001445e-13 0.000000e+00 0.000000e+00
5.356377e-14 0.000000e+00 0.000000e+00
-9.688412e-14 0.000000e+00 0.000000e+00
5.660664e-14 0.000000e+00 0.000000e+00
-1.731513e-13 0.000000e+00 0.000000e+00
1.806689e-14 0.000000e+00 0.000000e+00
-2.357499e-13 0.000000e+00 0.000000e+00
-2.942791e-13 0.000000e+00 0.000000e+00
4.009502e-14 0.000000e+00 0.000000e+00
1.253373e-13 0.000000e+00 0.000000e+00
-2.254010e-13 0.000000e+00 0.000000e+00
-8.215005e-14 0.000000e+00 0.000000e+00
2.214005e-13 0.000000e+00 0.000000e+00
-3.742558e-13 0.000000e+00 0.000000e+00
6.933963e-14 0.000000e+00 0.000000e+00
3.693939e-15 0.000000e+00 0.000000e+00
-2.678897e-13 0.000000e+00 0.000000e+00
-4.824668e-16 0.000000e+00 0.000000e+00
-2.086693e-13 0.000000e+00 0.000000e+00
-8.664448e-14 0.000000e+00 0.000000e+00
1.303653e-13 0.000000e+00 0.000000e+00
1.576409e-13 0.000000e+00 0.000000e+00
9.943458e-15 0.000000e+00 0.000000e+00
1.329273e-13 0.000000e+00 0.000000e+00
2.403129e-14 0.000000e+00 0.000000e+00
-2.617425e-14 0.000000e+00 0.000000e+00
1.125330e-13 0.000000e+00 0.000000e+00
1.301293e-13 0.000000e+00 0.000000e+00
-2.967696e-13 0.000000e+00 0.000000e+00
-5.166158e-14 0.000000e+00 0.000000e+00
-1.013579e-13 0.000000e+00 0.000000e+00
-4.969217e-14 0.000000e+00 0.000000e+00
1.156876e-13 0.000000e+00 0.000000e+00
9.757080e-14 0.000000e+00 0.000000e+00
9.477457e-17 0.000000e+00 0.000000e+00
3.080510e-13 0.000000e+00 0.000000e+00
1.312596e-14 0.000000e+00 0.000000e+00
-1.411502e-13 0.000000e+00 0.000000e+00
1.224561e-13 0.000000e+00 0.000000e+00
2.601563e-13 0.000000e+00 0.000000e+00
1.582444e-13 0.000000e+00 0.000000e+00
3.586858e-14 0.000000e+00 0.000000e+00
-5.235905e-14 0.000000e+00 0.000000e+00
6.762895e-15 0.000000e+00 0.000000e+00
1.321827e-13 0.000000e+00 0.000000e+00
-2.943928e-13 0.000000e+00 0.000000e+00
1.344205e-13 0.000000e+00 0.000000e+00
-8.662425e-14 0.000000e+00 0.000000e+00
-1.096362e-13 0.000000e+00 0.000000e+00
-2.562955e-13 0.000000e+00 0.000000e+00
-2.316194e-13 0.000000e+00 0.000000e+00
3.026393e-13 0.000000e+00 0.000000e+00
2.307456e-14 0.000000e+00 0.000000e+00
1.025933e-13 0.000000e+00 0.000000e+00
4.586043e-13 0.000000e+00 0.000000e+00
1.021574e-13 0.000000e+00 0.000000e+00
3.560330e-15 0.000000e+00 0.000000e+00
-3.381387e-14 0.000000e+00 0.000000e+00
3.581093e-14 0.000000e+00 0.000000e+00
4.054103e-14 0.000000e+00 0.000000e+00
1.592450e-13 0.000000e+00 0.000000e+00
2.789176e-13 0.000000e+00 0.000000e+00
2.816622e-13 0.000000e+00 0.000000e+00
3.150352e-13 0.000000e+00 0.000000e+00
-6.326643e-14 0.000000e+00 0.000000e+00
9.037421e-14 0.000000e+00 0.000000e+00
1.161989e-13 0.000000e+00 0.000000e+00
-2.686037e-13 0.000000e+00 0.000000e+00
1.550088e-13 0.000000e+00 0.000000e+00
-2.229474e-13 0.000000e+00 0.000000e+00
9.858441e-14 0.000000e+00 0.000000e+00
7.169773e-14 0.000000e+00 0.000000e+00
1.437028e-13 0.000000e+00 0.000000e+00
-3.309641e-14 0.000000e+00 0.000000e+00
3.150293e-14 0.000000e+00 0.000000e+00
5.085203e-14 0.000000e+00 0.000000e+00
-1.510029e-13 0.000000e+00 0.000000e+00
1.191798e-13 0.000000e+00 0.000000e+00
-2.473083e-13 0.000000e+00 0.000000e+00
-1.312062e-13 0.000000e+00 0.000000e+00
1.638415e-13 0.000000e+00 0.000000e+00
3.243809e-13 0.000000e+00 0.000000e+00
7.127382e-15 0.000000e+00 0.000000e+00
-1.328428e-13 0.000000e+00 0.000000e+00
-1.854777e-13 0.000000e+00 0.000000e+00
2.772624e-15 0.000000e+00 0.000000e+00
1.938483e-13 0.000000e+00 0.000000e+00
1.691759e-14 0.000000e+00 0.000000e+00
2.385035e-14 0.000000e+00 0.000000e+00
2.173912e-15 0.000000e+00 0.000000e+00
-4.144469e-14 0.000000e+00 0.000000e+00
1.706300e-13 0.000000e+00 0.000000e+00
1.699760e-13 0.000000e+00 0.000000e+00
4.714301e-14 0.000000e+00 0.000000e+00
1.106958e-14 0.000000e+00 0.000000e+00
2.810637e-13 0.000000e+00 0.000000e+00
2.877007e-13 0.000000e+00 0.000000e+00
-2.319823e-13 0.000000e+00 0.000000e+00
-1.225511e-13 0.000000e+00 0.000000e+00
-1.210450e-13 0.000000e+00 0.000000e+00
3.225998e-14 0.000000e+00 0.000000e+00
2.719997e-15 0.000000e+00 0.000000e+00
1.388190e-13 0.000000e+00 0.000000e+00
-6.456714e-14 0.000000e+00 0.000000e+00
2.169101e-13 0.000000e+00 0.000000e+00
-2.682078e-13 0.000000e+00 0.000000e+00
7.995338e-14 0.000000e+00 0.000000e+00
-1.184268e-13 0.000000e+00 0.000000e+00
1.932309e-13 0.000000e+00 0.000000e+00
2.277069e-13 0.000000e+00 0.000000e+00
1.614947e-13 0.000000e+00 0.000000e+00
4.855643e-13 0.000000e+00 0.000000e+00
3.805941e-14 0.000000e+00 0.000000e+00
-2.868198e-14 0.000000e+00 0.000000e+00
1.014913e-13 0.000000e+00 0.000000e+00
-4.632265e-13 0.000000e+00 0.000000e+00
-5.856000e-15 0.000000e+00 0.000000e+00
-1.486409e-13 0.000000e+00 0.000000e+00
-2.806511e-14 0.000000e+00 0.000000e+00
9.786261e-14 0.000000e+00 0.000000e+00
1.185964e-13 0.000000e+00 0.000000e+00
-7.795808e-14 0.000000e+00 0.000000e+00
7.345868e-14 0.000000e+00 0.000000e+00
-4.290948e-14 0.000000e+00 0.000000e+00
2.288585e-13 0.000000e+00 0.000000e+00
2.322129e-13 0.000000e+00 0.000000e+00
1.333317e-13 0.000000e+00 0.000000e+00
-4.426944e-14 0.000000e+00 0.000000e+00
1.184653e-13 0.000000e+00 0.000000e+00
2.681496e-15 0.000000e+00 0.000000e+00
-2.024340e-13 0.000000e+00 0.000000e+00
8.328608e-14 0.000000e+00 0.000000e+00
5.166781e-14 0.000000e+00 0.000000e+00
-1.619659e-14 0.000000e+00 0.000000e+00
6.774451e-14 0.000000e+00 0.000000e+00
4.978937e-14 0.000000e+00 0.000000e+00
-2.507778e-14 0.000000e+00 0.000000e+00
-1.053277e-13 0.000000e+00 0.000000e+00
-1.057665e-13 0.000000e+00 0.000000e+00
-1.152833e-13 0.000000e+00 0.000000e+00
5.297306e-15 0.000000e+00 0.000000e+00
-2.067615e-13 0.000000e+00 0.000000e+00
-2.935200e-13 0.000000e+00 0.000000e+00
-8.629154e-14 0.000000e+00 0.000000e+00
8.083396e-14 0.000000e+00 0.000000e+00
1.057437e-13 0.000000e+00 0.000000e+00
-3.613353e-13 0.000000e+00 0.000000e+00
6.102733e-14 0.000000e+00 0.000000e+00
-2.225514e-13 0.000000e+00 0.000000e+00
-9.283415e-14 0.000000e+00 0.000000e+00
-1.747571e-13 0.000000e+00 0.000000e+00
5.631776e-14 0.000000e+00 0.000000e+00
2.227813e-13 0.000000e+00 0.000000e+00
8.887991e-14 0.000000e+00 0.000000e+00
2.627275e-14 0.000000e+00 0.000000e+00
-1.643776e-13 0.000000e+00 0.000000e+00
1.042696e-13 0.000000e+00 0.000000e+00
-5.587462e-14 0.000000e+00 0.000000e+00
-1.189393e-14 0.000000e+00 0.000000e+00
2.429316e-14 0.000000e+00 0.000000e+00
2.303259e-13 0.000000e+00 0.000000e+00
-1.939336e-13 0.000000e+00 0.000000e+00
1.245256e-14 0.000000e+00 0.000000e+00
2.878402e-13 0.000000e+00 0.000000e+00
5.879207e-14 0.000000e+00 0.000000e+00
1.120571e-13 0.000000e+00 0.000000e+00
-5.484094e-15 0.000000e+00 0.000000e+00
1.622361e-13 0.000000e+00 0.000000e+00
9.745790e-14 0.000000e+00 0.000000e+00
-1.779594e-13 0.000000e+00 0.000000e+00
2.001059e-14 0.000000e+00 0.000000e+00
2.053645e-13 0.000000e+00 0.000000e+00
5.849105e-14 0.000000e+00 0.000000e+00
-3.071044e-13 0.000000e+00 0.000000e+00
-4.935728e-14 0.000000e+00 0.000000e+00
5.768794e-14 0.000000e+00 0.000000e+00
1.174384e-13 0.000000e+00 0.000000e+00
1.018021e-13 0.000000e+00 0.000000e+00
-1.611369e-13 0.000000e+00 0.000000e+00
6.500296e-14 0.000000e+00 0.000000e+00
2.044564e-13 0.000000e+00 0.000000e+00
2.249828e-13 0.000000e+00 0.000000e+00
5.147973e-14 0.000000e+00 0.000000e+00
1.625542e-13 0.000000e+00 0.000000e+00
1.054854e-13 0.000000e+00 0.000000e+00
-1.163588e-13 0.000000e+00 0.000000e+00
3.058310e-13 0.000000e+00 0.000000e+00
9.933728e-14 0.000000e+00 0.000000e+00
-1.452810e-13 0.000000e+00 0.000000e+00
5.033550e-13 0.000000e+00 0.000000e+00
4.219220e-14 0.000000e+00 0.000000e+00
-4.073980e-14 0.000000e+00 0.000000e+00
1.575686e-13 0.000000e+00 0.000000e+00
-2.074616e-13 0.000000e+00 0.000000e+00
-1.280335e-13 0.000000e+00 0.000000e+00
-7.670849e-14 0.000000e+00 0.000000e+00
-2.285238e-13 0.000000e+00 0.000000e+00
-1.319043e-13 0.000000e+00 0.000000e+00
1.919511e-13 0.000000e+00 0.000000e+00
5.635272e-14 0.000000e+00 0.000000e+00
4.533083e-13 0.000000e+00 0.000000e+00
3.441302e-13 0.000000e+00 0.000000e+00
1.959505e-13 0.000000e+00 0.000000e+00
-8.249189e-14 0.000000e+00 0.000000e+00
-2.930100e-13 0.000000e+00 0.000000e+00
-2.766263e-13 0.000000e+00 0.000000e+00
2.871421e-13 0.000000e+00 0.000000e+00
-6.365832e-14 0.000000e+00 0.000000e+00
-7.445800e-15 0.000000e+00 0.000000e+00
-2.371058e-13 0.000000e+00 0.000000e+00
1.200711e-13 0.000000e+00 0.000000e+00
3.560570e-14 0.000000e+00 0.000000e+00
-2.273006e-13 0.000000e+00 0.000000e+00
3.069562e-14 0.000000e+00 0.000000e+00
-3.862498e-13 0.000000e+00 0.000000e+00
-1.430782e-13 0.000000e+00 0.000000e+00
1.877964e-13 0.000000e+00 0.000000e+00
1.897942e-13 0.000000e+00 0.000000e+00
3.681865e-14 0.000000e+00 0.000000e+00
1.187556e-13 0.000000e+00 0.000000e+00
-1.863952e-14 0.000000e+00 0.000000e+00
-1.273329e-13 0.000000e+00 0.000000e+00
1.431058e-13 0.000000e+00 0.000000e+00
2.338965e-13 0.000000e+00 0.000000e+00
4.012557e-15 0.000000e+00 0.000000e+00
2.772689e-14 0.000000e+00 0.000000e+00
-8.128462e-14 0.000000e+00 0.000000e+00
-1.586238e-13 0.000000e+00 0.000000e+00
6.194492e-14 0.000000e+00 0.000000e+00
-2.393022e-13 0.000000e+00 0.000000e+00
-5.935327e-14 0.000000e+00 0.000000e+00
-4.238161e-14 0.000000e+00 0.000000e+00
-8.671713e-14 0.000000e+00 0.000000e+00
9.644991e-15 0.000000e+00 0.000000e+00
6.857234e-15 0.000000e+00 0.000000e+00
8.576577e-14 0.000000e+00 0.000000e+00
-3.727953e-14 0.000000e+00 0.000000e+00
-1.070675e-15 0.000000e+00 0.000000e+00
-1.541412e-13 0.000000e+00 0.000000e+00
-3.064366e-13 0.000000e+00 0.000000e+00
4.468991e-14 0.000000e+00 0.000000e+00
1.691863e-13 0.000000e+00 0.000000e+00
-2.736004e-13 0.000000e+00 0.000000e+00
3.039732e-13 0.000000e+00 0.000000e+00
-1.417229e-13 0.000000e+00 0.000000e+00
1.213074e-14 0.000000e+00 0.000000e+00
-1.248594e-13 0.000000e+00 0.000000e+00
8.173671e-14 0.000000e+00 0.000000e+00
-1.341100e-13 0.000000e+00 0.000000e+00
-1.885185e-13 0.000000e+00 0.000000e+00
-2.313063e-13 0.000000e+00 0.000000e+00
-1.645347e-13 0.000000e+00 0.000000e+00
-4.140865e-13 0.000000e+00 0.000000e+00
6.462342e-14 0.000000e+00 0.000000e+00
3.129093e-13 0.000000e+00 0.000000e+00
1.942816e-13 0.000000e+00 0.000000e+00
-1.903451e-14 0.000000e+00 0.000000e+00
-3.866133e-13 0.000000e+00 0.000000e+00
2.386700e-13 0.000000e+00 0.000000e+00
-2.640153e-14 0.000000e+00 0.000000e+00
-6.518843e-15 0.000000e+00 0.000000e+00
3.655044e-14 0.000000e+00 0.000000e+00
3.106792e-13 0.000000e+00 0.000000e+00
-5.054971e-14 0.000000e+00 0.000000e+00
5.270555e-14 0.000000e+00 0.000000e+00
-5.967164e-15 0.000000e+00 0.000000e+00
-1.367997e-13 0.000000e+00 0.000000e+00
-2.469739e-13 0.000000e+00 0.000000e+00
4.639632e-14 0.000000e+00 0.000000e+00
-1.540045e-14 0.000000e+00 0.000000e+00
2.385192e-13 0.000000e+00 0.000000e+00
1.095214e-13 0.000000e+00 0.000000e+00
1.541263e-14 0.000000e+00 0.000000e+00
-5.167258e-14 0.000000e+00 0.000000e+00
-3.062726e-14 0.000000e+00 0.000000e+00
-4.891362e-16 0.000000e+00 0.000000e+00
1.722048e-13 0.000000e+00 0.000000e+00
-3.122367e-14 0.000000e+00 0.000000e+00
-1.315486e-13 0.000000e+00 0.000000e+00
1.051331e-13 0.000000e+00 0.000000e+00
-4.929246e-14 0.000000e+00 0.000000e+00
-8.913591e-14 0.000000e+00 0.000000e+00
2.788552e-13 0.000000e+00 0.000000e+00
2.019077e-14 0.000000e+00 0.000000e+00
2.585370e-13 0.000000e+00 0.000000e+00
1.697840e-13 0.000000e+00 0.000000e+00
1.532374e-14 0.000000e+00 0.000000e+00
7.162680e-14 0.000000e+00 0.000000e+00
-1.377099e-13 0.000000e+00 0.000000e+00
4.335929e-13 0.000000e+00 0.000000e+00
2.718895e-13 0.000000e+00 0.000000e+00
2.789389e-13 0.000000e+00 0.000000e+00
1.586249e-13 0.000000e+00 0.000000e+00
1.286593e-13 0.000000e+00 0.000000e+00
-1.909490e-13 0.000000e+00 0.000000e+00
1.258209e-14 0.000000e+00 0.000000e+00
2.448818e-13 0.000000e+00 0.000000e+00
2.827141e-14 0.000000e+00 0.000000e+00
9.298174e-14 0.000000e+00 0.000000e+00
4.239700e-14 0.000000e+00 0.000000e+00
-1.483927e-13 0.000000e+00 0.000000e+00
1.199713e-13 0.000000e+00 0.000000e+00
-5.414621e-14 0.000000e+00 0.000000e+00
2.525223e-13 0.000000e+00 0.000000e+00
2.776475e-13 0.000000e+00 0.000000e+00
-1.646634e-14 0.000000e+00 0.000000e+00
2.733368e-13 0.000000e+00 0.000000e+00
3.289769e-13 0.000000e+00 0.000000e+00
-1.278532e-13 0.000000e+00 0.000000e+00
9.969506e-14 0.000000e+00 0.000000e+00
1.415089e-13 0.000000e+00 0.000000e+00
-6.380194e-15 0.000000e+00 0.000000e+00
-2.275953e-13 0.000000e+00 0.000000e+00
-9.368497e-14 0.000000e+00 0.000000e+00
2.819494e-14 0.000000e+00 0.000000e+00
-2.665857e-13 0.000000e+00 0.000000e+00
-5.204790e-14 0.000000e+00 0.000000e+00
-1.328774e-13 0.000000e+00 0.000000e+00
7.581155e-14 0.000000e+00 0.000000e+00
-4.058897e-13 0.000000e+00 0.000000e+00
-7.752810e-14 0.000000e+00 0.000000e+00
1.861152e-13 0.000000e+00 0.000000e+00
-7.850771e-14 0.000000e+00 0.000000e+00
-2.959136e-14 0.000000e+00 0.000000e+00
-1.599917e-13 0.000000e+00 0.000000e+00
-1.013801e-14 0.000000e+00 0.000000e+00
-4.659277e-14 0.000000e+00 0.000000e+00
1.797510e-13 0.000000e+00 0.000000e+00
-1.045563e-13 0.000000e+00 0.000000e+00
1.168824e-13 0.000000e+00 0.000000e+00
5.420923e-14 0.000000e+00 0.000000e+00
2.067329e-13 0.000000e+00 0.000000e+00
-2.020488e-13 0.000000e+00 0.000000e+00
-1.006548e-14 0.000000e+00 0.000000e+00
9.885035e-14 0.000000e+00 0.000000e+00
1.752785e-13 0.000000e+00 0.000000e+00
2.825818e-13 0.000000e+00 0.000000e+00
-9.121148e-14 0.000000e+00 0.000000e+00
-2.500968e-13 0.000000e+00 0.000000e+00
-1.518007e-13 0.000000e+00 0.000000e+00
-2.096509e-14 0.000000e+00 0.000000e+00
1.441757e-13 0.000000e+00 0.000000e+00
-2.461798e-13 0.000000e+00 0.000000e+00
-1.252846e-13 0.000000e+00 0.000000e+00
-2.560510e-13 0.000000e+00 0.000000e+00
7.070661e-15 0.000000e+00 0.000000e+00
-1.138098e-13 0.000000e+00 0.000000e+00
2.238756e-13 0.000000e+00 0.000000e+00
-3.011033e-13 0.000000e+00 0.000000e+00
8.005305e-15 0.000000e+00 0.000000e+00
-2.109678e-14 0.000000e+00 0.000000e+00
2.663630e-13 0.000000e+00 0.000000e+00
1.786677e-13 0.000000e+00 0.000000e+00
-1.668685e-13 0.000000e+00 0.000000e+00
2.209852e-13 0.000000e+00 0.000000e+00
-2.366130e-13 0.000000e+00 0.000000e+00
1.419757e-13 0.000000e+00 0.000000e+00
2.151094e-13 0.000000e+00 0.000000e+00
-7.605034e-14 0.000000e+00 0.000000e+00
-3.460069e-14 0.000000e+00 0.000000e+00
-2.782623e-13 0.000000e+00 0.000000e+00
-1.289452e-13 0.000000e+00 0.000000e+00
1.603469e-13 0.000000e+00 0.000000e+00
-1.106328e-13 0.000000e+00 0.000000e+00
3.584722e-14 0.000000e+00 0.000000e+00
-9.185063e-14 0.000000e+00 0.000000e+00
5.606966e-14 0.000000e+00 0.000000e+00
-3.045539e-14 0.000000e+00 0.000000e+00
5.746453e-14 0.000000e+00 0.000000e+00
-2.166681e-13 0.000000e+00 0.000000e+00
-8.907505e-16 0.000000e+00 0.000000e+00
7.759673e-14 0.000000e+00 0.000000e+00
2.339752e-13 0.000000e+00 0.000000e+00
-1.294112e-13 0.000000e+00 0.000000e+00
1.099565e-13 0.000000e+00 0.000000e+00
2.444572e-14 0.000000e+00 0.000000e+00
-1.553935e-13 0.000000e+00 0.000000e+00
-3.616064e-14 0.000000e+00 0.000000e+00
4.994082e-14 0.000000e+00 0.000000e+00
-2.153320e-13 0.000000e+00 0.000000e+00
3.971198e-13 0.000000e+00 0.000000e+00
-2.716732e-13 0.000000e+00 0.000000e+00
-1.072081e-13 0.000000e+00 0.000000e+00
1.263873e-13 0.000000e+00 0.000000e+00
3.988015e-14 0.000000e+00 0.000000e+00
-1.983595e-13 0.000000e+00 0.000000e+00
1.132003e-13 0.000000e+00 0.000000e+00
1.088053e-13 0.000000e+00 0.000000e+00
-6.800950e-14 0.000000e+00 0.000000e+00
-1.224387e-13 0.000000e+00 0.000000e+00
-8.979080e-14 0.000000e+00 0.000000e+00
-5.720060e-14 0.000000e+00 0.000000e+00
8.523204e-14 0.000000e+00 0.000000e+00
1.058178e-13 0.000000e+00 0.000000e+00
-2.601229e-13 0.000000e+00 0.000000e+00
2.402065e-13 0.000000e+00 0.000000e+00
1.980076e-13 0.000000e+00 0.000000e+00
-5.339976e-14 0.000000e+00 0.000000e+00
1.615747e-13 0.000000e+00 0.000000e+00
1.510181e-13 0.000000e+00 0.000000e+00
8.489843e-14 0.000000e+00 0.000000e+00
-9.679431e-14 0.000000e+00 0.000000e+00
2.710528e-13 0.000000e+00 0.000000e+00
8.282395e-14 0.000000e+00 0.000000e+00
6.310407e-14 0.000000e+00 0.000000e+00
-1.581356e-13 0.000000e+00 0.000000e+00
-6.660764e-14 0.000000e+00 0.000000e+00
9.715648e-15 0.000000e+00 0.000000e+00
1.474969e-14 0.000000e+00 0.000000e+00
-1.539091e-13 0.000000e+00 0.000000e+00
1.360828e-13 0.000000e+00 0.000000e+00
-1.071363e-13 0.000000e+00 0.000000e+00
-2.936369e-13 0.000000e+00 0.000000e+00
1.382480e-14 0.000000e+00 0.000000e+00
2.269113e-13 0.000000e+00 0.000000e+00
2.109414e-13 0.000000e+00 0.000000e+00
-4.378377e-14 0.000000e+00 0.000000e+00
-3.891819e-14 0.000000e+00 0.000000e+00
1.605828e-13 0.000000e+00 0.000000e+00
9.636732e-14 0.000000e+00 0.000000e+00
-1.584782e-15 0.000000e+00 0.000000e+00
-1.143380e-13 0.000000e+00 0.000000e+00
-1.370631e-13 0.000000e+00 0.000000e+00
-2.470043e-13 0.000000e+00 0.000000e+00
-2.422870e-13 0.000000e+00 0.000000e+00
-2.992921e-13 0.000000e+00 0.000000e+00
-1.634953e-13 0.000000e+00 0.000000e+00
1.402088e-13 0.000000e+00 0.000000e+00
1.020294e-13 0.000000e+00 0.000000e+00
3.198814e-13 0.000000e+00 0.000000e+00
2.686768e-13 0.000000e+00 0.000000e+00
-6.849180e-14 0.000000e+00 0.000000e+00
-1.580459e-13 0.000000e+00 0.000000e+00
4.413537e-13 0.000000e+00 0.000000e+00
8.925899e-14 0.000000e+00 0.000000e+00
8.067942e-14 0.000000e+00 0.000000e+00
-1.909715e-13 0.000000e+00 0.000000e+00
-9.350452e-14 0.000000e+00 0.000000e+00
1.320209e-13 0.000000e+00 0.000000e+00
1.615355e-13 0.000000e+00 0.000000e+00
2.401582e-14 0.000000e+00 0.000000e+00
1.577876e-13 0.000000e+00 0.000000e+00
-1.071314e-13 0.000000e+00 0.000000e+00
1.385910e-13 0.000000e+00 0.000000e+00
-8.031495e-14 0.000000e+00 0.000000e+00
2.822695e-13 0.000000e+00 0.000000e+00
1.979393e-13 0.000000e+00 0.000000e+00
2.912140e-14 0.000000e+00 0.000000e+00
6.966017e-14 0.000000e+00 0.000000e+00
-1.157795e-13 0.000000e+00 0.000000e+00
-1.842056e-13 0.000000e+00 0.000000e+00
-1.747903e-13 0.000000e+00 0.000000e+00
1.198875e-13 0.000000e+00 0.000000e+00
2.225033e-14 0.000000e+00 0.000000e+00
-1.487191e-14 0.000000e+00 0.000000e+00
2.979497e-13 0.000000e+00 0.000000e+00
2.405615e-14 0.000000e+00 0.000000e+00
-1.001473e-13 0.000000e+00 0.000000e+00
2.413626e-14 0.000000e+00 0.000000e+00
-1.204989e-13 0.000000e+00 0.000000e+00
-2.818844e-14 0.000000e+00 0.000000e+00
-5.244263e-14 0.000000e+00 0.000000e+00
2.574335e-13 0.000000e+00 0.000000e+00
3.118574e-14 0.000000e+00 0.000000e+00
-3.490167e-13 0.000000e+00 0.000000e+00
-1.161030e-13 0.000000e+00 0.000000e+00
-3.249882e-14 0.000000e+00 0.000000e+00
-1.358241e-13 0.000000e+00 0.000000e+00
9.301335e-14 0.000000e+00 0.000000e+00
6.202866e-14 0.000000e+00 0.000000e+00
-2.661036e-13 0.000000e+00 0.000000e+00
-1.378573e-14 0.000000e+00 0.000000e+00
-1.516932e-13 0.000000e+00 0.000000e+00
4.496674e-14 0.000000e+00 0.000000e+00
2.325011e-14 0.000000e+00 0.000000e+00
1.165027e-13 0.000000e+00 0.000000e+00
3.367290e-13 0.000000e+00 0.000000e+00
2.558923e-13 0.000000e+00 0.000000e+00
1.362172e-13 0.000000e+00 0.000000e+00
1.978442e-13 0.000000e+00 0.000000e+00
-1.859656e-16 0.000000e+00 0.000000e+00
-3.049560e-13 0.000000e+00 0.000000e+00
-2.828578e-14 0.000000e+00 0.000000e+00
-3.918029e-14 0.000000e+00 0.000000e+00
-2.402796e-13 0.000000e+00 0.000000e+00
-1.772596e-13 0.000000e+00 0.000000e+00
-4.136018e-13 0.000000e+00 0.000000e+00
1.876076e-14 0.000000e+00 0.000000e+00
-2.207048e-15 0.000000e+00 0.000000e+00
1.190536e-13 0.000000e+00 0.000000e+00
6.623902e-14 0.000000e+00 0.000000e+00
-2.180931e-13 0.000000e+00 0.000000e+00
4.080004e-13 0.000000e+00 0.000000e+00
-7.381768e-14 0.000000e+00 0.000000e+00
9.517964e-14 0.000000e+00 0.000000e+00
-1.675366e-13 0.000000e+00 0.000000e+00
1.049167e-13 0.000000e+00 0.000000e+00
-1.821715e-13 0.000000e+00 0.000000e+00
3.935274e-13 0.000000e+00 0.000000e+00
-4.075450e-14 0.000000e+00 0.000000e+00
3.939037e-13 0.000000e+00 0.000000e+00
2.435990e-13 0.000000e+00 0.000000e+00
-1.933588e-13 0.000000e+00 0.000000e+00
1.388513e-13 0.000000e+00 0.000000e+00
-6.203913e-14 0.000000e+00 0.000000e+00
-1.855400e-14 0.000000e+00 0.000000e+00
-1.906968e-13 0.000000e+00 0.000000e+00
-5.557898e-14 0.000000e+00 0.000000e+00
3.267800e-13 0.000000e+00 0.000000e+00
1.147907e-13 0.000000e+00 0.000000e+00
8.878970e-14 0.000000e+00 0.000000e+00
1.102654e-13 0.000000e+00 0.000000e+00
-9.643994e-14 0.000000e+00 0.000000e+00
-2.243988e-13 0.000000e+00 0.000000e+00
2.903047e-14 0.000000e+00 0.000000e+00
3.615908e-14 0.000000e+00 0.000000e+00
-3.310088e-14 0.000000e+00 0.000000e+00
7.231087e-14 0.000000e+00 0.000000e+00
-8.283397e-14 0.000000e+00 0.000000e+00
-4.364932e-14 0.000000e+00 0.000000e+00
1.151819e-13 0.000000e+00 0.000000e+00
2.004085e-13 0.000000e+00 0.000000e+00
-1.032654e-13 0.000000e+00 0.000000e+00
1.507428e-13 0.000000e+00 0.000000e+00
-1.483430e-16 0.000000e+00 0.000000e+00
6.338515e-14 0.000000e+00 0.000000e+00
2.769063e-14 0.000000e+00 0.000000e+00
3.747055e-13 0.000000e+00 0.000000e+00
-1.024684e-14 0.000000e+00 0.000000e+00
-1.295372e-13 0.000000e+00 0.000000e+00
1.401184e-13 0.000000e+00 0.000000e+00
2.094926e-13 0.000000e+00 0.000000e+00
1.359749e-13 0.000000e+00 0.000000e+00
6.920410e-14 0.000000e+00 0.000000e+00
-6.397438e-14 0.000000e+00 0.000000e+00
1.771137e-13 0.000000e+00 0.000000e+00
-7.968142e-14 0.000000e+00 0.000000e+00
1.809818e-13 0.000000e+00 0.000000e+00
-1.190729e-13 0.000000e+00 0.000000e+00
6.512857e-14 0.000000e+00 0.000000e+00
3.010597e-14 0.000000e+00 0.000000e+00
1.712013e-13 0.000000e+00 0.000000e+00
-5.365511e-14 0.000000e+00 0.000000e+00
-1.977659e-14 0.000000e+00 0.000000e+00
-4.119480e-14 0.000000e+00 0.000000e+00
-2.041945e-13 0.000000e+00 0.000000e+00
1.209849e-13 0.000000e+00 0.000000e+00
-4.600793e-14 0.000000e+00 0.000000e+00
-2.402848e-13 0.000000e+00 0.000000e+00
-4.683468e-14 0.000000e+00 0.000000e+00
4.335250e-15 0.000000e+00 0.000000e+00
-9.638007e-14 0.000000e+00 0.000000e+00
4.966642e-15 0.000000e+00 0.000000e+00
-1.194978e-13 0.000000e+00 0.000000e+00
-1.408651e-13 0.000000e+00 0.000000e+00
-5.830185e-14 0.000000e+00 0.000000e+00
2.698639e-13 0.000000e+00 0.000000e+00
4.901103e-13 0.000000e+00 0.000000e+00
-8.350708e-14 0.000000e+00 0.000000e+00
-3.416139e-14 0.000000e+00 0.000000e+00
3.315047e-14 0.000000e+00 0.000000e+00
2.997532e-13 0.000000e+00 0.000000e+00
1.209010e-13 0.000000e+00 0.000000e+00
1.479983e-13 0.000000e+00 0.000000e+00
-4.184585e-14 0.000000e+00 0.000000e+00
-2.909776e-13 0.000000e+00 0.000000e+00
-1.291969e-13 0.000000e+00 0.000000e+00
2.235269e-14 0.000000e+00 0.000000e+00
-4.734158e-14 0.000000e+00 0.000000e+00
-4.886177e-14 0.000000e+00 0.000000e+00
7.046964e-14 0.000000e+00 0.000000e+00
-6.091373e-14 0.000000e+00 0.000000e+00
3.128559e-14 0.000000e+00 0.000000e+00
8.332535e-14 0.000000e+00 0.000000e+00
8.143594e-14 0.000000e+00 0.000000e+00
1.751096e-13 0.000000e+00 0.000000e+00
1.517747e-13 0.000000e+00 0.000000e+00
1.154300e-13 0.000000e+00 0.000000e+00
1.474486e-13 0.000000e+00 0.000000e+00
3.230628e-13 0.000000e+00 0.000000e+00
-3.167743e-14 0.000000e+00 0.000000e+00
4.059580e-14 0.000000e+00 0.000000e+00
-2.724782e-15 0.000000e+00 0.000000e+00
-5.280271e-14 0.000000e+00 0.000000e+00
-3.728126e-13 0.000000e+00 0.000000e+00
1.838637e-13 0.000000e+00 0.000000e+00
1.463632e-13 0.000000e+00 0.000000e+00
5.431128e-14 0.000000e+00 0.000000e+00
3.554930e-14 0.000000e+00 0.000000e+00
3.861746e-14 0.000000e+00 0.000000e+00
2.112656e-13 0.000000e+00 0.000000e+00
1.197193e-13 0.000000e+00 0.000000e+00
2.158712e-13 0.000000e+00 0.000000e+00
-1.129842e-13 0.000000e+00 0.000000e+00
-2.656137e-14 0.000000e+00 0.000000e+00
-1.551012e-13 0.000000e+00 0.000000e+00
-7.043036e-14 0.000000e+00 0.000000e+00
7.187080e-13 0.000000e+00 0.000000e+00
-2.142314e-13 0.000000e+00 0.000000e+00
1.982033e-13 0.000000e+00 0.000000e+00
1.454164e-14 0.000000e+00 0.000000e+00
-2.022922e-13 0.000000e+00 0.000000e+00
-3.891596e-13 0.000000e+00 0.000000e+00
2.078498e-14 0.000000e+00 0.000000e+00
-7.061845e-14 0.000000e+00 0.000000e+00
-1.498530e-13 0.000000e+00 0.000000e+00
-1.833031e-13 0.000000e+00 0.000000e+00
-1.821533e-14 0.000000e+00 0.000000e+00
-2.292303e-13 0.000000e+00 0.000000e+00
6.177673e-14 0.000000e+00 0.000000e+00
1.612011e-14 0.000000e+00 0.000000e+00
9.534168e-14 0.000000e+00 0.000000e+00
-7.420937e-14 0.000000e+00 0.000000e+00
8.729631e-14 0.000000e+00 0.000000e+00
1.301187e-13 0.000000e+00 0.000000e+00
1.366470e-13 0.000000e+00 0.000000e+00
-2.416506e-15 0.000000e+00 0.000000e+00
-2.037183e-13 0.000000e+00 0.000000e+00
1.648046e-13 0.000000e+00 0.000000e+00
4.291433e-14 0.000000e+00 0.000000e+00
3.955500e-14 0.000000e+00 0.000000e+00
-1.205431e-13 0.000000e+00 0.000000e+00
-2.378860e-13 0.000000e+00 0.000000e+00
1.107866e-13 0.000000e+00 0.000000e+00
-3.547104e-13 0.000000e+00 0.000000e+00
8.612765e-14 0.000000e+00 0.000000e+00
4.531377e-15 0.000000e+00 0.000000e+00
-1.714735e-13 0.000000e+00 0.000000e+00
-1.102914e-13 0.000000e+00 0.000000e+00
-2.394670e-13 0.000000e+00 0.000000e+00
7.494463e-14 0.000000e+00 0.000000e+00
-4.284827e-14 0.000000e+00 0.000000e+00
-1.260656e-13 0.000000e+00 0.000000e+00
-3.196446e-14 0.000000e+00 0.000000e+00
1.989610e-13 0.000000e+00 0.000000e+00
3.686886e-14 0.000000e+00 0.000000e+00
-4.662324e-14 0.000000e+00 0.000000e+00
-2.159707e-13 0.000000e+00 0.000000e+00
1.486722e-13 0.000000e+00 0.000000e+00
8.342846e-14 0.000000e+00 0.000000e+00
1.729938e-14 0.000000e+00 0.000000e+00
-5.330605e-14 0.000000e+00 0.000000e+00
-1.377540e-13 0.000000e+00 0.000000e+00
1.830993e-13 0.000000e+00 0.000000e+00
2.156340e-13 0.000000e+00 0.000000e+00
-3.642291e-14 0.000000e+00 0.000000e+00
-1.193682e-13 0.000000e+00 0.000000e+00
-5.754483e-14 0.000000e+00 0.000000e+00
3.717549e-14 0.000000e+00 0.000000e+00
-1.619459e-13 0.000000e+00 0.000000e+00
1.740690e-13 0.000000e+00 0.000000e+00
5.401413e-15 0.000000e+00 0.000000e+00
1.726082e-14 0.000000e+00 0.000000e+00
2.781841e-14 0.000000e+00 0.000000e+00
-1.222883e-15 0.000000e+00 0.000000e+00
8.885630e-14 0.000000e+00 0.000000e+00
-5.502572e-14 0.000000e+00 0.000000e+00
-1.069441e-13 0.000000e+00 0.000000e+00
-1.002738e-13 0.000000e+00 0.000000e+00
-7.032489e-14 0.000000e+00 0.000000e+00
-1.370069e-13 0.000000e+00 0.000000e+00
2.708898e-13 0.000000e+00 0.000000e+00
-6.579988e-14 0.000000e+00 0.000000e+00
-1.481981e-13 0.000000e+00 0.000000e+00
-5.342364e-14 0.000000e+00 0.000000e+00
1.736467e-13 0.000000e+00 0.000000e+00
-3.191992e-14 0.000000e+00 0.000000e+00
-5.172349e-14 0.000000e+00 0.000000e+00
1.550563e-13 0.000000e+00 0.000000e+00
1.119824e-13 0.000000e+00 0.000000e+00
-6.158702e-14 0.000000e+00 0.000000e+00
8.102583e-14 0.000000e+00 0.000000e+00
-1.170184e-13 0.000000e+00 0.000000e+00
-2.053089e-13 0.000000e+00 0.000000e+00
6.037442e-14 0.000000e+00 0.000000e+00
-1.962770e-13 0.000000e+00 0.000000e+00
2.445028e-14 0.000000e+00 0.000000e+00
2.384462e-13 0.000000e+00 0.000000e+00
-3.040131e-13 0.000000e+00 0.000000e+00
-1.983210e-13 0.000000e+00 0.000000e+00
1.502526e-14 0.000000e+00 0.000000e+00
2.478538e-13 0.000000e+00 0.000000e+00
5.688594e-14 0.000000e+00 0.000000e+00
2.370239e-13 0.000000e+00 0.000000e+00
4.197418e-14 0.000000e+00 0.000000e+00
1.303614e-13 0.000000e+00 0.000000e+00
-2.469509e-13 0.000000e+00 0.000000e+00
-3.936304e-14 0.000000e+00 0.000000e+00
1.867947e-13 0.000000e+00 0.000000e+00
4.157526e-14 0.000000e+00 0.000000e+00
2.319634e-14 0.000000e+00 0.000000e+00
-8.820595e-14 0.000000e+00 0.000000e+00
3.834913e-13 0.000000e+00 0.000000e+00
1.456752e-13 0.000000e+00 0.000000e+00
1.113008e-13 0.000000e+00 0.000000e+00
4.345302e-14 0.000000e+00 0.000000e+00
-5.101799e-14 0.000000e+00 0.000000e+00
-1.351706e-15 0.000000e+00 0.000000e+00
-1.113918e-14 0.000000e+00 0.000000e+00
2.476099e-14 0.000000e+00 0.000000e+00
1.986358e-13 0.000000e+00 0.000000e+00
1.014156e-13 0.000000e+00 0.000000e+00
-1.035393e-13 0.000000e+00 0.000000e+00
-4.068536e-13 0.000000e+00 0.000000e+00
7.300019e-14 0.000000e+00 0.000000e+00
-2.062906e-14 0.000000e+00 0.000000e+00
3.226017e-14 0.000000e+00 0.000000e+00
-1.336845e-13 0.000000e+00 0.000000e+00
1.335284e-13 0.000000e+00 0.000000e+00
-2.124980e-13 0.000000e+00 0.000000e+00
-2.226682e-13 0.000000e+00 0.000000e+00
-1.406797e-13 0.000000e+00 0.000000e+00
-4.022227e-13 0.000000e+00 0.000000e+00
-3.159310e-13 0.000000e+00 0.000000e+00
-7.168385e-14 0.000000e+00 0.000000e+00
1.661494e-13 0.000000e+00 0.000000e+00
2.064127e-13 0.000000e+00 0.000000e+00
-1.056719e-13 0.000000e+00 0.000000e+00
-4.143453e-14 0.000000e+00 0.000000e+00
-3.297147e-13 0.000000e+00 0.000000e+00
-2.502373e-13 0.000000e+00 0.000000e+00
-1.349011e-13 0.000000e+00 0.000000e+00
-1.774414e-13 0.000000e+00 0.000000e+00
5.541823e-14 0.000000e+00 0.000000e+00
-4.403984e-14 0.000000e+00 0.000000e+00
-2.160026e-13 0.000000e+00 0.000000e+00
-8.747364e-14 0.000000e+00 0.000000e+00
4.595074e-14 0.000000e+00 0.000000e+00
1.026395e-13 0.000000e+00 0.000000e+00
-2.738006e-13 0.000000e+00 0.000000e+00
1.061630e-13 0.000000e+00 0.000000e+00
-8.469375e-15 0.000000e+00 0.000000e+00
3.950518e-14 0.000000e+00 0.000000e+00
7.094636e-14 0.000000e+00 0.000000e+00
-2.476445e-14 0.000000e+00 0.000000e+00
-8.430119e-14 0.000000e+00 0.000000e+00
1.517799e-13 0.000000e+00 0.000000e+00
-1.339743e-13 0.000000e+00 0.000000e+00
-3.030102e-13 0.000000e+00 0.000000e+00
-1.002393e-13 0.000000e+00 0.000000e+00
1.759677e-13 0.000000e+00 0.000000e+00
-1.264286e-15 0.000000e+00 0.000000e+00
1.481349e-13 0.000000e+00 0.000000e+00
1.430116e-13 0.000000e+00 0.000000e+00
-1.155523e-13 0.000000e+00 0.000000e+00
1.793978e-13 0.000000e+00 0.000000e+00
-2.762413e-13 0.000000e+00 0.000000e+00
-9.183754e-14 0.000000e+00 0.000000e+00
-1.378795e-13 0.000000e+00 0.000000e+00
