FX FY FZ 
4.225286e-10 0.000000e+00 0.000000e+00
3.155326e-12 0.000000e+00 0.000000e+00
-2.104447e-10 0.000000e+00 0.000000e+00
-2.641478e-10 0.000000e+00 0.000000e+00
-8.482453e-10 0.000000e+00 0.000000e+00
-6.927583e-10 0.000000e+00 0.000000e+00
-7.106101e-10 0.000000e+00 0.000000e+00
-1.258869e-09 0.000000e+00 0.000000e+00
-9.972973e-10 0.000000e+00 0.000000e+00
-1.138683e-09 0.000000e+00 0.000000e+00
-9.167537e-10 0.000000e+00 0.000000e+00
-7.970696e-10 0.000000e+00 0.000000e+00
-1.346622e-09 0.000000e+00 0.000000e+00
-3.800689e-10 0.000000e+00 0.000000e+00
-4.412385e-10 0.000000e+00 0.000000e+00
5.159410e-10 0.000000e+00 0.000000e+00
-5.654302e-10 0.000000e+00 0.000000e+00
2.463187e-10 0.000000e+00 0.000000e+00
4.542344e-10 0.000000e+00 0.000000e+00
4.304877e-10 0.000000e+00 0.000000e+00
1.189879e-10 0.000000e+00 0.000000e+00
-7.081106e-11 0.000000e+00 0.000000e+00
-2.530249e-11 0.000000e+00 0.000000e+00
-1.321458e-10 0.000000e+00 0.000000e+00
-1.771760e-10 0.000000e+00 0.000000e+00
-1.188820e-10 0.000000e+00 0.000000e+00
1.677504e-10 0.000000e+00 0.000000e+00
5.875964e-11 0.000000e+00 0.000000e+00
8.658736e-11 0.000000e+00 0.000000e+00
3.844604e-10 0.000000e+00 0.000000e+00
4.173496e-10 0.000000e+00 0.000000e+00
3.183960e-10 0.000000e+00 0.000000e+00
2.030263e-10 0.000000e+00 0.000000e+00
2.740489e-10 0.000000e+00 0.000000e+00
1.343881e-11 0.000000e+00 0.000000e+00
3.415840e-10 0.000000e+00 0.000000e+00
2.895392e-10 0.000000e+00 0.000000e+00
3.791355e-10 0.000000e+00 0.000000e+00
3.495685e-10 0.000000e+00 0.000000e+00
1.119797e-10 0.000000e+00 0.000000e+00
1.678590e-10 0.000000e+00 0.000000e+00
5.683374e-10 0.000000e+00 0.000000e+00
5.603762e-10 0.000000e+00 0.000000e+00
5.371678e-10 0.000000e+00 0.000000e+00
4.838666e-10 0.000000e+00 0.000000e+00
4.980061e-10 0.000000e+00 0.000000e+00
5.753393e-10 0.000000e+00 0.000000e+00
6.031643e-10 0.000000e+00 0.000000e+00
6.320161e-10 0.000000e+00 0.000000e+00
5.877376e-10 0.000000e+00 0.000000e+00
6.165246e-10 0.000000e+00 0.000000e+00
6.007223e-10 0.000000e+00 0.000000e+00
6.326786e-10 0.000000e+00 0.000000e+00
6.300115e-10 0.000000e+00 0.000000e+00
6.288368e-10 0.000000e+00 0.000000e+00
6.102305e-10 0.000000e+00 0.000000e+00
6.165517e-10 0.000000e+00 0.000000e+00
6.111401e-10 0.000000e+00 0.000000e+00
5.933226e-10 0.000000e+00 0.000000e+00
6.319957e-10 0.000000e+00 0.000000e+00
5.913651e-10 0.000000e+00 0.000000e+00
6.258425e-10 0.000000e+00 0.000000e+00
5.831573e-10 0.000000e+00 0.000000e+00
5.986364e-10 0.000000e+00 0.000000e+00
4.640532e-10 0.000000e+00 0.000000e+00
5.482865e-10 0.000000e+00 0.000000e+00
5.230192e-10 0.000000e+00 0.000000e+00
6.237940e-10 0.000000e+00 0.000000e+00
6.225251e-10 0.000000e+00 0.000000e+00
-1.139739e-10 0.000000e+00 0.000000e+00
2.055302e-10 0.000000e+00 0.000000e+00
5.603657e-10 0.000000e+00 0.000000e+00
5.343081e-10 0.000000e+00 0.000000e+00
5.807472e-10 0.000000e+00 0.000000e+00
5.699915e-10 0.000000e+00 0.000000e+00
5.218896e-10 0.000000e+00 0.000000e+00
3.416106e-10 0.000000e+00 0.000000e+00
4.695561e-10 0.000000e+00 0.000000e+00
3.526368e-11 0.000000e+00 0.000000e+00
-3.400123e-10 0.000000e+00 0.000000e+00
-1.171161e-10 0.000000e+00 0.000000e+00
-6.739384e-11 0.000000e+00 0.000000e+00
-3.361758e-11 0.000000e+00 0.000000e+00
2.061480e-10 0.000000e+00 0.000000e+00
8.381272e-11 0.000000e+00 0.000000e+00
-2.577409e-10 0.000000e+00 0.000000e+00
-2.281154e-10 0.000000e+00 0.000000e+00
-2.886169e-10 0.000000e+00 0.000000e+00
-1.864069e-10 0.000000e+00 0.000000e+00
-1.663883e-10 0.000000e+00 0.000000e+00
-1.361749e-11 0.000000e+00 0.000000e+00
2.445367e-10 0.000000e+00 0.000000e+00
4.333848e-10 0.000000e+00 0.000000e+00
3.006088e-10 0.000000e+00 0.000000e+00
9.913130e-10 0.000000e+00 0.000000e+00
5.745833e-10 0.000000e+00 0.000000e+00
6.726769e-10 0.000000e+00 0.000000e+00
5.142901e-10 0.000000e+00 0.000000e+00
7.379283e-10 0.000000e+00 0.000000e+00
7.816267e-10 0.000000e+00 0.000000e+00
1.074723e-09 0.000000e+00 0.000000e+00
8.805296e-10 0.000000e+00 0.000000e+00
9.212848e-10 0.000000e+00 0.000000e+00
1.415012e-09 0.000000e+00 0.000000e+00
1.367715e-09 0.000000e+00 0.000000e+00
1.218792e-09 0.000000e+00 0.000000e+00
1.628849e-10 0.000000e+00 0.000000e+00
1.180744e-10 0.000000e+00 0.000000e+00
3.681988e-10 0.000000e+00 0.000000e+00
-8.156777e-11 0.000000e+00 0.000000e+00
-4.273480e-10 0.000000e+00 0.000000e+00
-3.182306e-10 0.000000e+00 0.000000e+00
-6.112350e-10 0.000000e+00 0.000000e+00
-4.714657e-10 0.000000e+00 0.000000e+00
-2.322499e-10 0.000000e+00 0.000000e+00
3.177263e-10 0.000000e+00 0.000000e+00
4.049625e-10 0.000000e+00 0.000000e+00
6.350570e-10 0.000000e+00 0.000000e+00
1.440534e-10 0.000000e+00 0.000000e+00
7.889233e-12 0.000000e+00 0.000000e+00
2.961875e-10 0.000000e+00 0.000000e+00
-4.498974e-10 0.000000e+00 0.000000e+00
-3.626825e-10 0.000000e+00 0.000000e+00
-4.050459e-10 0.000000e+00 0.000000e+00
-3.911177e-10 0.000000e+00 0.000000e+00
-3.717263e-10 0.000000e+00 0.000000e+00
-6.271478e-10 0.000000e+00 0.000000e+00
-5.393785e-10 0.000000e+00 0.000000e+00
-6.076384e-10 0.000000e+00 0.000000e+00
-6.327509e-10 0.000000e+00 0.000000e+00
-5.118326e-10 0.000000e+00 0.000000e+00
9.007628e-11 0.000000e+00 0.000000e+00
2.035918e-10 0.000000e+00 0.000000e+00
3.213893e-10 0.000000e+00 0.000000e+00
2.557018e-10 0.000000e+00 0.000000e+00
4.918475e-10 0.000000e+00 0.000000e+00
6.292166e-10 0.000000e+00 0.000000e+00
6.267463e-10 0.000000e+00 0.000000e+00
5.551311e-10 0.000000e+00 0.000000e+00
4.348951e-10 0.000000e+00 0.000000e+00
5.403653e-10 0.000000e+00 0.000000e+00
6.169256e-10 0.000000e+00 0.000000e+00
5.405655e-10 0.000000e+00 0.000000e+00
4.047928e-10 0.000000e+00 0.000000e+00
4.481003e-10 0.000000e+00 0.000000e+00
2.366279e-10 0.000000e+00 0.000000e+00
-8.174648e-11 0.000000e+00 0.000000e+00
3.104244e-10 0.000000e+00 0.000000e+00
3.539719e-11 0.000000e+00 0.000000e+00
6.849585e-11 0.000000e+00 0.000000e+00
4.829388e-10 0.000000e+00 0.000000e+00
-3.992252e-11 0.000000e+00 0.000000e+00
6.123366e-10 0.000000e+00 0.000000e+00
5.319299e-10 0.000000e+00 0.000000e+00
1.427154e-10 0.000000e+00 0.000000e+00
1.453248e-10 0.000000e+00 0.000000e+00
-9.055881e-12 0.000000e+00 0.000000e+00
2.649420e-10 0.000000e+00 0.000000e+00
2.200111e-10 0.000000e+00 0.000000e+00
3.634295e-10 0.000000e+00 0.000000e+00
3.651798e-10 0.000000e+00 0.000000e+00
-4.848819e-10 0.000000e+00 0.000000e+00
-5.112947e-10 0.000000e+00 0.000000e+00
-6.377731e-10 0.000000e+00 0.000000e+00
-6.545774e-10 0.000000e+00 0.000000e+00
-1.580601e-09 0.000000e+00 0.000000e+00
-1.318476e-09 0.000000e+00 0.000000e+00
-7.540932e-10 0.000000e+00 0.000000e+00
-1.041154e-09 0.000000e+00 0.000000e+00
-8.914898e-10 0.000000e+00 0.000000e+00
-3.172771e-10 0.000000e+00 0.000000e+00
-2.625896e-10 0.000000e+00 0.000000e+00
-2.963141e-10 0.000000e+00 0.000000e+00
-4.208754e-10 0.000000e+00 0.000000e+00
-3.768466e-10 0.000000e+00 0.000000e+00
-3.623334e-10 0.000000e+00 0.000000e+00
-1.568191e-10 0.000000e+00 0.000000e+00
-2.078078e-10 0.000000e+00 0.000000e+00
-2.331093e-10 0.000000e+00 0.000000e+00
8.102514e-11 0.000000e+00 0.000000e+00
4.979692e-10 0.000000e+00 0.000000e+00
4.204394e-10 0.000000e+00 0.000000e+00
5.099971e-10 0.000000e+00 0.000000e+00
4.404767e-10 0.000000e+00 0.000000e+00
4.012371e-10 0.000000e+00 0.000000e+00
3.257209e-10 0.000000e+00 0.000000e+00
4.712989e-10 0.000000e+00 0.000000e+00
-7.252302e-10 0.000000e+00 0.000000e+00
-1.720732e-09 0.000000e+00 0.000000e+00
-1.434237e-09 0.000000e+00 0.000000e+00
-1.511265e-09 0.000000e+00 0.000000e+00
-2.109194e-09 0.000000e+00 0.000000e+00
-2.201159e-09 0.000000e+00 0.000000e+00
-1.172171e-09 0.000000e+00 0.000000e+00
-1.087026e-09 0.000000e+00 0.000000e+00
-9.064819e-10 0.000000e+00 0.000000e+00
-1.597827e-09 0.000000e+00 0.000000e+00
-2.001950e-09 0.000000e+00 0.000000e+00
-1.892491e-09 0.000000e+00 0.000000e+00
-1.659034e-09 0.000000e+00 0.000000e+00
-1.824935e-09 0.000000e+00 0.000000e+00
-2.418014e-09 0.000000e+00 0.000000e+00
-1.803314e-09 0.000000e+00 0.000000e+00
2.983393e-10 0.000000e+00 0.000000e+00
1.792942e-10 0.000000e+00 0.000000e+00
5.585576e-10 0.000000e+00 0.000000e+00
6.193187e-10 0.000000e+00 0.000000e+00
5.896382e-10 0.000000e+00 0.000000e+00
6.081193e-10 0.000000e+00 0.000000e+00
5.522008e-10 0.000000e+00 0.000000e+00
6.032974e-10 0.000000e+00 0.000000e+00
2.446746e-10 0.000000e+00 0.000000e+00
-1.529296e-10 0.000000e+00 0.000000e+00
-3.256539e-10 0.000000e+00 0.000000e+00
-2.061771e-10 0.000000e+00 0.000000e+00
1.933687e-10 0.000000e+00 0.000000e+00
-1.732917e-10 0.000000e+00 0.000000e+00
3.716437e-10 0.000000e+00 0.000000e+00
-4.339318e-10 0.000000e+00 0.000000e+00
-3.683926e-10 0.000000e+00 0.000000e+00
-6.315795e-10 0.000000e+00 0.000000e+00
-6.279831e-10 0.000000e+00 0.000000e+00
-5.162217e-10 0.000000e+00 0.000000e+00
-5.786532e-10 0.000000e+00 0.000000e+00
-4.457362e-10 0.000000e+00 0.000000e+00
-5.636480e-10 0.000000e+00 0.000000e+00
-5.529727e-10 0.000000e+00 0.000000e+00
-5.040356e-10 0.000000e+00 0.000000e+00
-4.894890e-10 0.000000e+00 0.000000e+00
-5.991183e-10 0.000000e+00 0.000000e+00
-5.847330e-10 0.000000e+00 0.000000e+00
-5.915317e-10 0.000000e+00 0.000000e+00
-4.625098e-10 0.000000e+00 0.000000e+00
-5.244645e-10 0.000000e+00 0.000000e+00
-6.305747e-10 0.000000e+00 0.000000e+00
-6.192834e-10 0.000000e+00 0.000000e+00
-6.322012e-10 0.000000e+00 0.000000e+00
-6.324795e-10 0.000000e+00 0.000000e+00
-5.687885e-10 0.000000e+00 0.000000e+00
-6.250615e-10 0.000000e+00 0.000000e+00
-6.123795e-10 0.000000e+00 0.000000e+00
-5.978208e-10 0.000000e+00 0.000000e+00
-6.317378e-10 0.000000e+00 0.000000e+00
-6.250542e-10 0.000000e+00 0.000000e+00
-6.231466e-10 0.000000e+00 0.000000e+00
-6.326021e-10 0.000000e+00 0.000000e+00
-6.192410e-10 0.000000e+00 0.000000e+00
-6.043933e-10 0.000000e+00 0.000000e+00
-5.902967e-10 0.000000e+00 0.000000e+00
-1.661051e-10 0.000000e+00 0.000000e+00
4.537304e-11 0.000000e+00 0.000000e+00
-4.917440e-12 0.000000e+00 0.000000e+00
-1.340660e-10 0.000000e+00 0.000000e+00
-1.479626e-10 0.000000e+00 0.000000e+00
-3.212269e-10 0.000000e+00 0.000000e+00
-3.941438e-10 0.000000e+00 0.000000e+00
-5.013134e-10 0.000000e+00 0.000000e+00
-4.544437e-10 0.000000e+00 0.000000e+00
-4.764633e-10 0.000000e+00 0.000000e+00
-5.545029e-10 0.000000e+00 0.000000e+00
-5.987248e-10 0.000000e+00 0.000000e+00
2.726730e-10 0.000000e+00 0.000000e+00
-1.964588e-10 0.000000e+00 0.000000e+00
-6.285055e-10 0.000000e+00 0.000000e+00
-5.380234e-10 0.000000e+00 0.000000e+00
5.017476e-11 0.000000e+00 0.000000e+00
2.000553e-10 0.000000e+00 0.000000e+00
-1.510209e-10 0.000000e+00 0.000000e+00
-1.122520e-10 0.000000e+00 0.000000e+00
-5.230460e-11 0.000000e+00 0.000000e+00
8.405278e-11 0.000000e+00 0.000000e+00
1.755634e-11 0.000000e+00 0.000000e+00
1.145229e-10 0.000000e+00 0.000000e+00
2.495986e-10 0.000000e+00 0.000000e+00
-4.924023e-10 0.000000e+00 0.000000e+00
-5.117495e-10 0.000000e+00 0.000000e+00
-2.656025e-10 0.000000e+00 0.000000e+00
-3.043854e-10 0.000000e+00 0.000000e+00
-3.980403e-10 0.000000e+00 0.000000e+00
-1.429057e-10 0.000000e+00 0.000000e+00
-3.339797e-10 0.000000e+00 0.000000e+00
-3.882663e-10 0.000000e+00 0.000000e+00
-3.123389e-10 0.000000e+00 0.000000e+00
-2.866646e-10 0.000000e+00 0.000000e+00
-2.198884e-10 0.000000e+00 0.000000e+00
-2.065876e-10 0.000000e+00 0.000000e+00
1.731447e-10 0.000000e+00 0.000000e+00
-2.106859e-11 0.000000e+00 0.000000e+00
6.283551e-11 0.000000e+00 0.000000e+00
-1.634558e-10 0.000000e+00 0.000000e+00
-2.668318e-10 0.000000e+00 0.000000e+00
-1.726099e-10 0.000000e+00 0.000000e+00
1.557962e-09 0.000000e+00 0.000000e+00
1.503641e-09 0.000000e+00 0.000000e+00
1.102427e-09 0.000000e+00 0.000000e+00
1.762400e-09 0.000000e+00 0.000000e+00
1.667785e-09 0.000000e+00 0.000000e+00
1.952173e-09 0.000000e+00 0.000000e+00
1.811154e-09 0.000000e+00 0.000000e+00
2.281359e-09 0.000000e+00 0.000000e+00
7.135088e-10 0.000000e+00 0.000000e+00
5.954839e-10 0.000000e+00 0.000000e+00
1.618138e-09 0.000000e+00 0.000000e+00
8.147554e-10 0.000000e+00 0.000000e+00
1.011852e-09 0.000000e+00 0.000000e+00
3.997144e-10 0.000000e+00 0.000000e+00
3.535664e-10 0.000000e+00 0.000000e+00
8.423113e-10 0.000000e+00 0.000000e+00
1.287860e-09 0.000000e+00 0.000000e+00
9.280333e-10 0.000000e+00 0.000000e+00
1.158734e-09 0.000000e+00 0.000000e+00
1.176600e-09 0.000000e+00 0.000000e+00
1.291106e-09 0.000000e+00 0.000000e+00
5.585384e-10 0.000000e+00 0.000000e+00
5.126401e-10 0.000000e+00 0.000000e+00
4.602012e-10 0.000000e+00 0.000000e+00
6.341073e-10 0.000000e+00 0.000000e+00
1.858323e-09 0.000000e+00 0.000000e+00
2.105966e-09 0.000000e+00 0.000000e+00
2.181009e-09 0.000000e+00 0.000000e+00
2.423159e-10 0.000000e+00 0.000000e+00
2.094677e-10 0.000000e+00 0.000000e+00
-1.034647e-10 0.000000e+00 0.000000e+00
-5.287484e-11 0.000000e+00 0.000000e+00
1.347683e-10 0.000000e+00 0.000000e+00
2.064692e-11 0.000000e+00 0.000000e+00
-1.637602e-11 0.000000e+00 0.000000e+00
-8.585426e-11 0.000000e+00 0.000000e+00
-3.555155e-10 0.000000e+00 0.000000e+00
-3.478551e-10 0.000000e+00 0.000000e+00
-6.162198e-10 0.000000e+00 0.000000e+00
-5.683743e-10 0.000000e+00 0.000000e+00
-5.743040e-10 0.000000e+00 0.000000e+00
-6.050891e-10 0.000000e+00 0.000000e+00
-6.192417e-10 0.000000e+00 0.000000e+00
-5.837899e-10 0.000000e+00 0.000000e+00
-5.657498e-10 0.000000e+00 0.000000e+00
-5.411028e-10 0.000000e+00 0.000000e+00
-5.752218e-10 0.000000e+00 0.000000e+00
-5.282166e-10 0.000000e+00 0.000000e+00
-6.326072e-10 0.000000e+00 0.000000e+00
-5.915824e-10 0.000000e+00 0.000000e+00
-5.817796e-10 0.000000e+00 0.000000e+00
-6.119400e-10 0.000000e+00 0.000000e+00
-4.869270e-10 0.000000e+00 0.000000e+00
-6.295265e-10 0.000000e+00 0.000000e+00
-6.234407e-10 0.000000e+00 0.000000e+00
-6.147616e-10 0.000000e+00 0.000000e+00
-6.298042e-10 0.000000e+00 0.000000e+00
-3.494163e-10 0.000000e+00 0.000000e+00
-6.037857e-10 0.000000e+00 0.000000e+00
-1.914640e-10 0.000000e+00 0.000000e+00
-2.251953e-10 0.000000e+00 0.000000e+00
-4.615785e-10 0.000000e+00 0.000000e+00
-5.603202e-10 0.000000e+00 0.000000e+00
-5.796614e-10 0.000000e+00 0.000000e+00
-6.194433e-10 0.000000e+00 0.000000e+00
-6.288378e-10 0.000000e+00 0.000000e+00
-6.252131e-10 0.000000e+00 0.000000e+00
-3.163258e-10 0.000000e+00 0.000000e+00
-6.154772e-10 0.000000e+00 0.000000e+00
-6.046651e-10 0.000000e+00 0.000000e+00
-5.521622e-10 0.000000e+00 0.000000e+00
-5.231326e-10 0.000000e+00 0.000000e+00
-5.558809e-10 0.000000e+00 0.000000e+00
-4.211788e-10 0.000000e+00 0.000000e+00
-4.809293e-10 0.000000e+00 0.000000e+00
-4.174596e-10 0.000000e+00 0.000000e+00
-4.797526e-10 0.000000e+00 0.000000e+00
-4.666627e-10 0.000000e+00 0.000000e+00
-4.413902e-10 0.000000e+00 0.000000e+00
-5.447707e-10 0.000000e+00 0.000000e+00
-5.281419e-10 0.000000e+00 0.000000e+00
-5.966044e-10 0.000000e+00 0.000000e+00
-5.623683e-10 0.000000e+00 0.000000e+00
-2.507958e-10 0.000000e+00 0.000000e+00
-2.100296e-10 0.000000e+00 0.000000e+00
1.031023e-09 0.000000e+00 0.000000e+00
1.471648e-09 0.000000e+00 0.000000e+00
1.381015e-09 0.000000e+00 0.000000e+00
7.876082e-10 0.000000e+00 0.000000e+00
3.607261e-10 0.000000e+00 0.000000e+00
1.221367e-09 0.000000e+00 0.000000e+00
1.079570e-09 0.000000e+00 0.000000e+00
2.449031e-09 0.000000e+00 0.000000e+00
2.542861e-09 0.000000e+00 0.000000e+00
2.039862e-09 0.000000e+00 0.000000e+00
1.695773e-09 0.000000e+00 0.000000e+00
2.393342e-09 0.000000e+00 0.000000e+00
1.763858e-09 0.000000e+00 0.000000e+00
1.112524e-09 0.000000e+00 0.000000e+00
1.552908e-09 0.000000e+00 0.000000e+00
1.340825e-09 0.000000e+00 0.000000e+00
1.433434e-09 0.000000e+00 0.000000e+00
1.506491e-09 0.000000e+00 0.000000e+00
1.958012e-09 0.000000e+00 0.000000e+00
2.250742e-09 0.000000e+00 0.000000e+00
2.710368e-09 0.000000e+00 0.000000e+00
2.153264e-09 0.000000e+00 0.000000e+00
1.881357e-09 0.000000e+00 0.000000e+00
2.072723e-09 0.000000e+00 0.000000e+00
7.298792e-10 0.000000e+00 0.000000e+00
6.312530e-10 0.000000e+00 0.000000e+00
5.461085e-10 0.000000e+00 0.000000e+00
4.331627e-10 0.000000e+00 0.000000e+00
4.807651e-10 0.000000e+00 0.000000e+00
3.318819e-10 0.000000e+00 0.000000e+00
8.683413e-11 0.000000e+00 0.000000e+00
-5.020680e-10 0.000000e+00 0.000000e+00
-3.739980e-10 0.000000e+00 0.000000e+00
-1.377903e-10 0.000000e+00 0.000000e+00
-4.022207e-11 0.000000e+00 0.000000e+00
9.049823e-10 0.000000e+00 0.000000e+00
5.629332e-10 0.000000e+00 0.000000e+00
2.844849e-10 0.000000e+00 0.000000e+00
1.768252e-10 0.000000e+00 0.000000e+00
2.754592e-10 0.000000e+00 0.000000e+00
9.544973e-10 0.000000e+00 0.000000e+00
9.944818e-10 0.000000e+00 0.000000e+00
1.244775e-09 0.000000e+00 0.000000e+00
7.108933e-10 0.000000e+00 0.000000e+00
3.712735e-10 0.000000e+00 0.000000e+00
4.776964e-10 0.000000e+00 0.000000e+00
8.570122e-10 0.000000e+00 0.000000e+00
6.444701e-10 0.000000e+00 0.000000e+00
2.028489e-09 0.000000e+00 0.000000e+00
1.591099e-09 0.000000e+00 0.000000e+00
8.630660e-10 0.000000e+00 0.000000e+00
1.153527e-09 0.000000e+00 0.000000e+00
1.702817e-09 0.000000e+00 0.000000e+00
1.850954e-09 0.000000e+00 0.000000e+00
1.904477e-09 0.000000e+00 0.000000e+00
2.850656e-09 0.000000e+00 0.000000e+00
2.923084e-09 0.000000e+00 0.000000e+00
2.598639e-09 0.000000e+00 0.000000e+00
2.339760e-09 0.000000e+00 0.000000e+00
2.514808e-09 0.000000e+00 0.000000e+00
2.481320e-09 0.000000e+00 0.000000e+00
2.138760e-09 0.000000e+00 0.000000e+00
2.260157e-09 0.000000e+00 0.000000e+00
2.353257e-09 0.000000e+00 0.000000e+00
3.027816e-09 0.000000e+00 0.000000e+00
2.669558e-09 0.000000e+00 0.000000e+00
3.203050e-09 0.000000e+00 0.000000e+00
2.784845e-09 0.000000e+00 0.000000e+00
3.349796e-09 0.000000e+00 0.000000e+00
3.013115e-09 0.000000e+00 0.000000e+00
3.597804e-09 0.000000e+00 0.000000e+00
3.152083e-09 0.000000e+00 0.000000e+00
3.131162e-09 0.000000e+00 0.000000e+00
1.963032e-09 0.000000e+00 0.000000e+00
7.729284e-10 0.000000e+00 0.000000e+00
6.767092e-10 0.000000e+00 0.000000e+00
1.256165e-09 0.000000e+00 0.000000e+00
1.067578e-09 0.000000e+00 0.000000e+00
8.346793e-10 0.000000e+00 0.000000e+00
7.462535e-10 0.000000e+00 0.000000e+00
8.104034e-10 0.000000e+00 0.000000e+00
3.246290e-10 0.000000e+00 0.000000e+00
-6.317114e-10 0.000000e+00 0.000000e+00
-6.306138e-10 0.000000e+00 0.000000e+00
-5.920028e-10 0.000000e+00 0.000000e+00
-2.428616e-10 0.000000e+00 0.000000e+00
-2.911612e-10 0.000000e+00 0.000000e+00
-4.093359e-10 0.000000e+00 0.000000e+00
-3.075891e-10 0.000000e+00 0.000000e+00
-5.927473e-10 0.000000e+00 0.000000e+00
-5.707007e-10 0.000000e+00 0.000000e+00
-5.461601e-10 0.000000e+00 0.000000e+00
-5.254001e-10 0.000000e+00 0.000000e+00
-2.873992e-10 0.000000e+00 0.000000e+00
-2.643317e-10 0.000000e+00 0.000000e+00
-4.180067e-10 0.000000e+00 0.000000e+00
-3.762405e-10 0.000000e+00 0.000000e+00
-4.227292e-10 0.000000e+00 0.000000e+00
-4.460765e-10 0.000000e+00 0.000000e+00
-3.057076e-10 0.000000e+00 0.000000e+00
3.693212e-10 0.000000e+00 0.000000e+00
4.782730e-10 0.000000e+00 0.000000e+00
4.041676e-10 0.000000e+00 0.000000e+00
4.580541e-10 0.000000e+00 0.000000e+00
5.047489e-10 0.000000e+00 0.000000e+00
4.420541e-10 0.000000e+00 0.000000e+00
6.308007e-10 0.000000e+00 0.000000e+00
6.327755e-10 0.000000e+00 0.000000e+00
6.326651e-10 0.000000e+00 0.000000e+00
6.314707e-10 0.000000e+00 0.000000e+00
5.124765e-10 0.000000e+00 0.000000e+00
5.845746e-10 0.000000e+00 0.000000e+00
5.755713e-10 0.000000e+00 0.000000e+00
5.812632e-10 0.000000e+00 0.000000e+00
5.733848e-10 0.000000e+00 0.000000e+00
5.105542e-10 0.000000e+00 0.000000e+00
5.275421e-10 0.000000e+00 0.000000e+00
5.496246e-10 0.000000e+00 0.000000e+00
6.228788e-10 0.000000e+00 0.000000e+00
6.247204e-10 0.000000e+00 0.000000e+00
6.187968e-10 0.000000e+00 0.000000e+00
6.292880e-10 0.000000e+00 0.000000e+00
6.260717e-10 0.000000e+00 0.000000e+00
2.713945e-10 0.000000e+00 0.000000e+00
3.889815e-10 0.000000e+00 0.000000e+00
4.119377e-10 0.000000e+00 0.000000e+00
4.228366e-10 0.000000e+00 0.000000e+00
4.710903e-10 0.000000e+00 0.000000e+00
5.654064e-10 0.000000e+00 0.000000e+00
1.330568e-10 0.000000e+00 0.000000e+00
3.516879e-10 0.000000e+00 0.000000e+00
1.530325e-10 0.000000e+00 0.000000e+00
1.882907e-10 0.000000e+00 0.000000e+00
2.858904e-10 0.000000e+00 0.000000e+00
2.924887e-10 0.000000e+00 0.000000e+00
3.080668e-10 0.000000e+00 0.000000e+00
3.757889e-10 0.000000e+00 0.000000e+00
5.153696e-10 0.000000e+00 0.000000e+00
6.067224e-10 0.000000e+00 0.000000e+00
6.024807e-10 0.000000e+00 0.000000e+00
6.107278e-10 0.000000e+00 0.000000e+00
5.924539e-10 0.000000e+00 0.000000e+00
4.951416e-10 0.000000e+00 0.000000e+00
3.312370e-10 0.000000e+00 0.000000e+00
4.527560e-10 0.000000e+00 0.000000e+00
5.514108e-10 0.000000e+00 0.000000e+00
3.888782e-10 0.000000e+00 0.000000e+00
5.973440e-10 0.000000e+00 0.000000e+00
5.751167e-10 0.000000e+00 0.000000e+00
6.060475e-10 0.000000e+00 0.000000e+00
6.155410e-10 0.000000e+00 0.000000e+00
3.885426e-10 0.000000e+00 0.000000e+00
4.738955e-10 0.000000e+00 0.000000e+00
4.353507e-10 0.000000e+00 0.000000e+00
4.991291e-10 0.000000e+00 0.000000e+00
5.693437e-10 0.000000e+00 0.000000e+00
5.285775e-10 0.000000e+00 0.000000e+00
3.019442e-10 0.000000e+00 0.000000e+00
-5.376796e-10 0.000000e+00 0.000000e+00
-4.716121e-10 0.000000e+00 0.000000e+00
-3.404334e-10 0.000000e+00 0.000000e+00
-2.464639e-10 0.000000e+00 0.000000e+00
-2.152326e-10 0.000000e+00 0.000000e+00
-1.766100e-10 0.000000e+00 0.000000e+00
-3.281762e-10 0.000000e+00 0.000000e+00
-1.995076e-10 0.000000e+00 0.000000e+00
1.687299e-11 0.000000e+00 0.000000e+00
1.235234e-10 0.000000e+00 0.000000e+00
2.234932e-10 0.000000e+00 0.000000e+00
1.725942e-10 0.000000e+00 0.000000e+00
6.020712e-11 0.000000e+00 0.000000e+00
-1.014566e-10 0.000000e+00 0.000000e+00
-7.038595e-11 0.000000e+00 0.000000e+00
-4.756622e-11 0.000000e+00 0.000000e+00
-1.146097e-10 0.000000e+00 0.000000e+00
-2.789449e-10 0.000000e+00 0.000000e+00
-5.194057e-10 0.000000e+00 0.000000e+00
-4.962049e-10 0.000000e+00 0.000000e+00
-4.804346e-10 0.000000e+00 0.000000e+00
-6.205004e-10 0.000000e+00 0.000000e+00
-6.089182e-10 0.000000e+00 0.000000e+00
-6.151309e-10 0.000000e+00 0.000000e+00
-5.847570e-10 0.000000e+00 0.000000e+00
-6.327549e-10 0.000000e+00 0.000000e+00
-6.227843e-10 0.000000e+00 0.000000e+00
-6.153430e-10 0.000000e+00 0.000000e+00
-4.066274e-10 0.000000e+00 0.000000e+00
-2.408339e-10 0.000000e+00 0.000000e+00
1.093439e-10 0.000000e+00 0.000000e+00
-1.875996e-11 0.000000e+00 0.000000e+00
-2.888303e-11 0.000000e+00 0.000000e+00
2.424826e-10 0.000000e+00 0.000000e+00
2.059328e-10 0.000000e+00 0.000000e+00
2.341911e-10 0.000000e+00 0.000000e+00
4.683171e-10 0.000000e+00 0.000000e+00
4.344927e-10 0.000000e+00 0.000000e+00
-2.062438e-10 0.000000e+00 0.000000e+00
-6.318644e-10 0.000000e+00 0.000000e+00
-6.278940e-10 0.000000e+00 0.000000e+00
-6.250784e-10 0.000000e+00 0.000000e+00
-6.327679e-10 0.000000e+00 0.000000e+00
-6.300738e-10 0.000000e+00 0.000000e+00
-6.311735e-10 0.000000e+00 0.000000e+00
-6.275446e-10 0.000000e+00 0.000000e+00
-5.400067e-10 0.000000e+00 0.000000e+00
-4.579349e-10 0.000000e+00 0.000000e+00
-4.376265e-10 0.000000e+00 0.000000e+00
-3.834337e-10 0.000000e+00 0.000000e+00
-5.286989e-10 0.000000e+00 0.000000e+00
-4.847534e-10 0.000000e+00 0.000000e+00
-5.055798e-10 0.000000e+00 0.000000e+00
-3.954936e-10 0.000000e+00 0.000000e+00
-2.942316e-10 0.000000e+00 0.000000e+00
-5.043603e-10 0.000000e+00 0.000000e+00
-4.884277e-10 0.000000e+00 0.000000e+00
-6.300663e-10 0.000000e+00 0.000000e+00
-5.591096e-10 0.000000e+00 0.000000e+00
-5.161848e-10 0.000000e+00 0.000000e+00
-5.202005e-10 0.000000e+00 0.000000e+00
-6.267451e-10 0.000000e+00 0.000000e+00
-5.952064e-10 0.000000e+00 0.000000e+00
-5.658560e-10 0.000000e+00 0.000000e+00
-6.075522e-10 0.000000e+00 0.000000e+00
-6.224859e-10 0.000000e+00 0.000000e+00
-5.989512e-10 0.000000e+00 0.000000e+00
-5.933290e-10 0.000000e+00 0.000000e+00
-5.352470e-10 0.000000e+00 0.000000e+00
-5.761593e-10 0.000000e+00 0.000000e+00
-5.482943e-10 0.000000e+00 0.000000e+00
-5.622966e-10 0.000000e+00 0.000000e+00
-5.327438e-10 0.000000e+00 0.000000e+00
-5.502160e-10 0.000000e+00 0.000000e+00
3.007715e-11 0.000000e+00 0.000000e+00
3.620939e-10 0.000000e+00 0.000000e+00
-2.645167e-10 0.000000e+00 0.000000e+00
-2.490318e-10 0.000000e+00 0.000000e+00
-3.556666e-10 0.000000e+00 0.000000e+00
-3.899783e-10 0.000000e+00 0.000000e+00
-4.039149e-10 0.000000e+00 0.000000e+00
-4.124123e-10 0.000000e+00 0.000000e+00
2.258687e-10 0.000000e+00 0.000000e+00
7.466436e-11 0.000000e+00 0.000000e+00
1.693226e-10 0.000000e+00 0.000000e+00
6.551486e-11 0.000000e+00 0.000000e+00
-8.710981e-11 0.000000e+00 0.000000e+00
-8.796870e-11 0.000000e+00 0.000000e+00
-1.207692e-10 0.000000e+00 0.000000e+00
2.052725e-11 0.000000e+00 0.000000e+00
-1.623115e-10 0.000000e+00 0.000000e+00
-6.388911e-11 0.000000e+00 0.000000e+00
-4.355907e-12 0.000000e+00 0.000000e+00
-4.452120e-11 0.000000e+00 0.000000e+00
-3.081447e-10 0.000000e+00 0.000000e+00
-3.619006e-10 0.000000e+00 0.000000e+00
-1.778951e-10 0.000000e+00 0.000000e+00
-2.294489e-10 0.000000e+00 0.000000e+00
-1.837166e-10 0.000000e+00 0.000000e+00
5.435153e-10 0.000000e+00 0.000000e+00
4.838333e-10 0.000000e+00 0.000000e+00
5.025699e-10 0.000000e+00 0.000000e+00
4.000186e-10 0.000000e+00 0.000000e+00
3.115762e-10 0.000000e+00 0.000000e+00
9.458220e-11 0.000000e+00 0.000000e+00
1.469404e-10 0.000000e+00 0.000000e+00
1.084513e-10 0.000000e+00 0.000000e+00
1.798798e-10 0.000000e+00 0.000000e+00
2.168024e-10 0.000000e+00 0.000000e+00
2.887686e-13 0.000000e+00 0.000000e+00
8.547385e-11 0.000000e+00 0.000000e+00
-5.476329e-11 0.000000e+00 0.000000e+00
-1.468148e-10 0.000000e+00 0.000000e+00
-2.533504e-11 0.000000e+00 0.000000e+00
5.154776e-11 0.000000e+00 0.000000e+00
3.439943e-11 0.000000e+00 0.000000e+00
1.992667e-10 0.000000e+00 0.000000e+00
1.508050e-10 0.000000e+00 0.000000e+00
1.561146e-10 0.000000e+00 0.000000e+00
4.483253e-10 0.000000e+00 0.000000e+00
5.350856e-10 0.000000e+00 0.000000e+00
5.941128e-10 0.000000e+00 0.000000e+00
6.267724e-10 0.000000e+00 0.000000e+00
6.322896e-10 0.000000e+00 0.000000e+00
5.870656e-10 0.000000e+00 0.000000e+00
4.925952e-10 0.000000e+00 0.000000e+00
6.204376e-10 0.000000e+00 0.000000e+00
6.315149e-10 0.000000e+00 0.000000e+00
6.225438e-10 0.000000e+00 0.000000e+00
6.304816e-10 0.000000e+00 0.000000e+00
6.186260e-10 0.000000e+00 0.000000e+00
6.312455e-10 0.000000e+00 0.000000e+00
6.324533e-10 0.000000e+00 0.000000e+00
6.327132e-10 0.000000e+00 0.000000e+00
3.225101e-10 0.000000e+00 0.000000e+00
5.627751e-10 0.000000e+00 0.000000e+00
3.818268e-10 0.000000e+00 0.000000e+00
3.561296e-10 0.000000e+00 0.000000e+00
3.376447e-10 0.000000e+00 0.000000e+00
4.236697e-10 0.000000e+00 0.000000e+00
4.203714e-10 0.000000e+00 0.000000e+00
4.123218e-10 0.000000e+00 0.000000e+00
2.437308e-10 0.000000e+00 0.000000e+00
2.610394e-10 0.000000e+00 0.000000e+00
2.887279e-10 0.000000e+00 0.000000e+00
2.631008e-10 0.000000e+00 0.000000e+00
1.746480e-10 0.000000e+00 0.000000e+00
4.050040e-11 0.000000e+00 0.000000e+00
-7.960410e-11 0.000000e+00 0.000000e+00
-3.185478e-11 0.000000e+00 0.000000e+00
-1.051063e-10 0.000000e+00 0.000000e+00
-1.239115e-10 0.000000e+00 0.000000e+00
-1.209496e-10 0.000000e+00 0.000000e+00
-6.940049e-11 0.000000e+00 0.000000e+00
1.395029e-10 0.000000e+00 0.000000e+00
2.054611e-12 0.000000e+00 0.000000e+00
3.543320e-10 0.000000e+00 0.000000e+00
3.230397e-10 0.000000e+00 0.000000e+00
5.641401e-10 0.000000e+00 0.000000e+00
5.786713e-10 0.000000e+00 0.000000e+00
6.308783e-10 0.000000e+00 0.000000e+00
6.047679e-10 0.000000e+00 0.000000e+00
6.280763e-10 0.000000e+00 0.000000e+00
6.326544e-10 0.000000e+00 0.000000e+00
6.280946e-10 0.000000e+00 0.000000e+00
6.202531e-10 0.000000e+00 0.000000e+00
6.216209e-10 0.000000e+00 0.000000e+00
6.260558e-10 0.000000e+00 0.000000e+00
6.318649e-10 0.000000e+00 0.000000e+00
6.285033e-10 0.000000e+00 0.000000e+00
5.469381e-10 0.000000e+00 0.000000e+00
6.129097e-10 0.000000e+00 0.000000e+00
5.230988e-10 0.000000e+00 0.000000e+00
5.987565e-10 0.000000e+00 0.000000e+00
5.814303e-10 0.000000e+00 0.000000e+00
5.914467e-10 0.000000e+00 0.000000e+00
6.327466e-10 0.000000e+00 0.000000e+00
6.159219e-10 0.000000e+00 0.000000e+00
6.288827e-10 0.000000e+00 0.000000e+00
6.136745e-10 0.000000e+00 0.000000e+00
4.787357e-10 0.000000e+00 0.000000e+00
4.597296e-10 0.000000e+00 0.000000e+00
6.083989e-10 0.000000e+00 0.000000e+00
5.976803e-10 0.000000e+00 0.000000e+00
5.175845e-10 0.000000e+00 0.000000e+00
5.648372e-10 0.000000e+00 0.000000e+00
6.230225e-10 0.000000e+00 0.000000e+00
6.104218e-10 0.000000e+00 0.000000e+00
4.345925e-10 0.000000e+00 0.000000e+00
-5.391044e-10 0.000000e+00 0.000000e+00
-6.070408e-10 0.000000e+00 0.000000e+00
-5.919912e-10 0.000000e+00 0.000000e+00
-6.250063e-10 0.000000e+00 0.000000e+00
-8.337438e-10 0.000000e+00 0.000000e+00
-7.998789e-10 0.000000e+00 0.000000e+00
-6.688651e-10 0.000000e+00 0.000000e+00
-1.713616e-09 0.000000e+00 0.000000e+00
-1.917859e-09 0.000000e+00 0.000000e+00
-2.871819e-09 0.000000e+00 0.000000e+00
-3.048489e-09 0.000000e+00 0.000000e+00
3.943071e-10 0.000000e+00 0.000000e+00
4.167331e-10 0.000000e+00 0.000000e+00
-4.854864e-11 0.000000e+00 0.000000e+00
-9.670095e-11 0.000000e+00 0.000000e+00
1.274430e-11 0.000000e+00 0.000000e+00
2.666018e-10 0.000000e+00 0.000000e+00
3.546006e-10 0.000000e+00 0.000000e+00
-2.263498e-09 0.000000e+00 0.000000e+00
-2.367467e-09 0.000000e+00 0.000000e+00
-1.226181e-09 0.000000e+00 0.000000e+00
-1.414516e-09 0.000000e+00 0.000000e+00
-9.826476e-10 0.000000e+00 0.000000e+00
-1.362162e-09 0.000000e+00 0.000000e+00
-9.468641e-10 0.000000e+00 0.000000e+00
-1.283967e-09 0.000000e+00 0.000000e+00
-1.110251e-09 0.000000e+00 0.000000e+00
-1.021794e-09 0.000000e+00 0.000000e+00
-1.175094e-09 0.000000e+00 0.000000e+00
-1.229610e-09 0.000000e+00 0.000000e+00
-2.138657e-09 0.000000e+00 0.000000e+00
-3.305291e-09 0.000000e+00 0.000000e+00
-1.754615e-09 0.000000e+00 0.000000e+00
-1.962138e-09 0.000000e+00 0.000000e+00
-2.600011e-09 0.000000e+00 0.000000e+00
-2.287813e-09 0.000000e+00 0.000000e+00
-2.751836e-09 0.000000e+00 0.000000e+00
-2.479355e-09 0.000000e+00 0.000000e+00
-2.703373e-09 0.000000e+00 0.000000e+00
-2.519463e-09 0.000000e+00 0.000000e+00
-4.555576e-10 0.000000e+00 0.000000e+00
-4.867660e-10 0.000000e+00 0.000000e+00
-2.851599e-10 0.000000e+00 0.000000e+00
-4.072269e-10 0.000000e+00 0.000000e+00
-5.510807e-10 0.000000e+00 0.000000e+00
-1.189146e-09 0.000000e+00 0.000000e+00
-7.730784e-10 0.000000e+00 0.000000e+00
-1.055406e-09 0.000000e+00 0.000000e+00
-8.595132e-10 0.000000e+00 0.000000e+00
-7.395421e-10 0.000000e+00 0.000000e+00
-9.648758e-10 0.000000e+00 0.000000e+00
-3.216794e-10 0.000000e+00 0.000000e+00
-5.342818e-10 0.000000e+00 0.000000e+00
4.199665e-11 0.000000e+00 0.000000e+00
1.276067e-10 0.000000e+00 0.000000e+00
8.200991e-11 0.000000e+00 0.000000e+00
-7.262115e-11 0.000000e+00 0.000000e+00
-9.216063e-10 0.000000e+00 0.000000e+00
-1.549566e-09 0.000000e+00 0.000000e+00
-1.475967e-09 0.000000e+00 0.000000e+00
-1.372871e-09 0.000000e+00 0.000000e+00
-1.647550e-09 0.000000e+00 0.000000e+00
-1.479982e-09 0.000000e+00 0.000000e+00
-2.052721e-09 0.000000e+00 0.000000e+00
-2.022238e-09 0.000000e+00 0.000000e+00
-3.150087e-09 0.000000e+00 0.000000e+00
-2.960315e-09 0.000000e+00 0.000000e+00
-2.212986e-09 0.000000e+00 0.000000e+00
-1.842397e-09 0.000000e+00 0.000000e+00
-1.660323e-09 0.000000e+00 0.000000e+00
-3.526444e-09 0.000000e+00 0.000000e+00
-2.679458e-09 0.000000e+00 0.000000e+00
-1.458493e-09 0.000000e+00 0.000000e+00
-2.320560e-09 0.000000e+00 0.000000e+00
-1.624517e-09 0.000000e+00 0.000000e+00
-1.079774e-09 0.000000e+00 0.000000e+00
-1.527367e-09 0.000000e+00 0.000000e+00
2.299183e-10 0.000000e+00 0.000000e+00
9.200558e-11 0.000000e+00 0.000000e+00
1.969231e-10 0.000000e+00 0.000000e+00
2.977373e-10 0.000000e+00 0.000000e+00
3.422319e-10 0.000000e+00 0.000000e+00
2.735176e-10 0.000000e+00 0.000000e+00
3.312622e-10 0.000000e+00 0.000000e+00
3.131050e-10 0.000000e+00 0.000000e+00
4.577499e-10 0.000000e+00 0.000000e+00
4.716619e-10 0.000000e+00 0.000000e+00
5.536635e-10 0.000000e+00 0.000000e+00
5.355449e-10 0.000000e+00 0.000000e+00
-2.515541e-11 0.000000e+00 0.000000e+00
-7.093482e-10 0.000000e+00 0.000000e+00
-1.093336e-10 0.000000e+00 0.000000e+00
-4.230838e-10 0.000000e+00 0.000000e+00
-5.937557e-10 0.000000e+00 0.000000e+00
-2.604700e-10 0.000000e+00 0.000000e+00
-3.535474e-10 0.000000e+00 0.000000e+00
-1.797122e-10 0.000000e+00 0.000000e+00
-5.088759e-10 0.000000e+00 0.000000e+00
-2.885748e-10 0.000000e+00 0.000000e+00
-4.849814e-10 0.000000e+00 0.000000e+00
3.468765e-11 0.000000e+00 0.000000e+00
-6.249266e-11 0.000000e+00 0.000000e+00
1.431374e-10 0.000000e+00 0.000000e+00
1.741699e-10 0.000000e+00 0.000000e+00
2.214378e-10 0.000000e+00 0.000000e+00
3.764012e-10 0.000000e+00 0.000000e+00
4.889682e-10 0.000000e+00 0.000000e+00
5.590136e-10 0.000000e+00 0.000000e+00
5.912307e-10 0.000000e+00 0.000000e+00
4.125575e-10 0.000000e+00 0.000000e+00
5.083757e-10 0.000000e+00 0.000000e+00
4.603455e-10 0.000000e+00 0.000000e+00
4.494603e-10 0.000000e+00 0.000000e+00
-3.630369e-12 0.000000e+00 0.000000e+00
-3.918621e-10 0.000000e+00 0.000000e+00
-3.547572e-10 0.000000e+00 0.000000e+00
6.322682e-10 0.000000e+00 0.000000e+00
6.248407e-10 0.000000e+00 0.000000e+00
6.297845e-10 0.000000e+00 0.000000e+00
5.253602e-10 0.000000e+00 0.000000e+00
5.590501e-10 0.000000e+00 0.000000e+00
4.433461e-10 0.000000e+00 0.000000e+00
5.310520e-10 0.000000e+00 0.000000e+00
4.635381e-10 0.000000e+00 0.000000e+00
4.898540e-10 0.000000e+00 0.000000e+00
5.031431e-10 0.000000e+00 0.000000e+00
5.156895e-10 0.000000e+00 0.000000e+00
3.425057e-10 0.000000e+00 0.000000e+00
3.706335e-10 0.000000e+00 0.000000e+00
3.944779e-10 0.000000e+00 0.000000e+00
4.028137e-10 0.000000e+00 0.000000e+00
5.840707e-10 0.000000e+00 0.000000e+00
5.759253e-10 0.000000e+00 0.000000e+00
5.920845e-10 0.000000e+00 0.000000e+00
5.973816e-10 0.000000e+00 0.000000e+00
6.277672e-10 0.000000e+00 0.000000e+00
6.201630e-10 0.000000e+00 0.000000e+00
-1.561479e-09 0.000000e+00 0.000000e+00
-8.719185e-10 0.000000e+00 0.000000e+00
-8.352889e-10 0.000000e+00 0.000000e+00
-6.107977e-10 0.000000e+00 0.000000e+00
-6.614960e-10 0.000000e+00 0.000000e+00
-8.232485e-10 0.000000e+00 0.000000e+00
-7.607176e-10 0.000000e+00 0.000000e+00
-2.237715e-10 0.000000e+00 0.000000e+00
-8.891389e-11 0.000000e+00 0.000000e+00
-2.457569e-10 0.000000e+00 0.000000e+00
2.475582e-10 0.000000e+00 0.000000e+00
2.880727e-10 0.000000e+00 0.000000e+00
2.190514e-10 0.000000e+00 0.000000e+00
-9.686409e-10 0.000000e+00 0.000000e+00
-1.155059e-09 0.000000e+00 0.000000e+00
-1.096696e-09 0.000000e+00 0.000000e+00
-1.271625e-09 0.000000e+00 0.000000e+00
-1.316804e-09 0.000000e+00 0.000000e+00
-1.403081e-09 0.000000e+00 0.000000e+00
