step K U E temp
0 6.933467e-24 -3.913404e-20 -3.912711e-20 1.004378e+00
1000 1.037489e-21 -4.095259e-20 2.008490e-20 1.502900e+02
2000 1.177287e-20 -3.477114e-20 7.700173e-20 1.705411e+03
3000 1.607406e-20 -3.827525e-20 1.177988e-19 2.328479e+03
4000 1.021946e-20 -3.527031e-20 1.549492e-19 1.480385e+03
5000 1.943068e-22 -3.156105e-20 1.886333e-19 2.814717e+01
6000 1.188523e-21 -4.056905e-20 2.206195e-19 1.721687e+02
7000 1.981419e-21 -4.011806e-20 2.618758e-19 2.870273e+02
8000 2.322226e-22 -4.100939e-20 2.992228e-19 3.363963e+01
9000 5.963842e-21 -4.108590e-20 3.448832e-19 8.639187e+02
10000 1.113809e-22 -3.883315e-20 3.822866e-19 1.613458e+01
11000 3.477477e-22 -4.108938e-20 4.194546e-19 5.037453e+01
12000 6.495231e-22 -4.013780e-20 4.605117e-19 9.408954e+01
13000 1.144952e-21 -3.990953e-20 5.046723e-19 1.658571e+02
14000 6.605685e-22 -3.934956e-20 5.413173e-19 9.568957e+01
15000 3.818978e-21 -4.037725e-20 5.899138e-19 5.532149e+02
16000 1.026711e-21 -4.087075e-20 6.204894e-19 1.487288e+02
17000 5.265155e-23 -4.059242e-20 6.594743e-19 7.627073e+00
18000 1.026578e-20 -4.083677e-20 7.125498e-19 1.487094e+03
19000 1.518153e-21 -3.366894e-20 7.482885e-19 2.199187e+02
20000 4.961103e-21 -3.713301e-20 7.878302e-19 7.186625e+02
21000 3.158815e-22 -3.966025e-20 8.208714e-19 4.575841e+01
22000 5.873028e-21 -3.635783e-20 8.703531e-19 8.507634e+02
23000 2.173266e-22 -3.251640e-20 9.083015e-19 3.148180e+01
24000 1.504630e-22 -2.568401e-20 9.544665e-19 2.179598e+01
25000 2.406006e-21 -2.313324e-20 9.992869e-19 3.485327e+02
26000 8.222097e-22 -2.777371e-20 1.033108e-18 1.191048e+02
27000 2.591087e-21 -3.586265e-20 1.073539e-18 3.753433e+02
28000 1.243412e-21 -3.102015e-20 1.110365e-18 1.801199e+02
29000 5.217297e-21 -3.928333e-20 1.149784e-18 7.557746e+02
30000 2.155271e-21 -4.106568e-20 1.193111e-18 3.122112e+02
31000 1.216037e-23 -1.956719e-20 1.240445e-18 1.761544e+00
32000 5.204769e-23 -1.010469e-20 1.289947e-18 7.539598e+00
33000 7.770943e-23 -3.757726e-20 1.308848e-18 1.125694e+01
34000 1.106389e-21 -4.067413e-20 1.353596e-18 1.602708e+02
35000 3.197237e-24 -4.093766e-20 1.393748e-18 4.631498e-01
36000 6.495029e-23 -3.886718e-20 1.421405e-18 9.408661e+00
37000 1.175541e-21 -3.959264e-20 1.467870e-18 1.702881e+02
38000 3.215460e-21 -4.038328e-20 1.506036e-18 4.657897e+02
39000 2.363974e-23 -3.635183e-20 1.543672e-18 3.424439e+00
40000 2.036535e-21 -3.597831e-20 1.591670e-18 2.950112e+02
41000 3.563117e-23 -3.375161e-20 1.626284e-18 5.161510e+00
42000 6.460463e-22 -3.287347e-20 1.667869e-18 9.358589e+01
43000 2.481157e-22 -3.820628e-20 1.702061e-18 3.594189e+01
44000 2.590456e-21 -3.791816e-20 1.751056e-18 3.752519e+02
45000 1.221855e-22 -3.715653e-20 1.783007e-18 1.769971e+01
46000 2.546951e-21 -3.688713e-20 1.835833e-18 3.689499e+02
47000 7.465899e-23 -4.074822e-20 1.865934e-18 1.081506e+01
48000 5.460281e-23 -4.001244e-20 1.925986e-18 7.909730e+00
49000 3.417707e-21 -4.109994e-20 1.951746e-18 4.950870e+02
50000 8.506629e-22 -4.104505e-20 1.994060e-18 1.232265e+02
51000 1.829655e-22 -4.090247e-20 2.044349e-18 2.650427e+01
52000 1.070176e-20 -3.500274e-20 2.093432e-18 1.550251e+03
53000 3.274832e-21 -2.155849e-20 2.124167e-18 4.743902e+02
54000 3.951531e-22 -1.699369e-20 2.163528e-18 5.724164e+01
55000 1.792510e-21 -2.962629e-20 2.192783e-18 2.596619e+02
56000 4.514992e-22 -3.418141e-20 2.243886e-18 6.540390e+01
57000 3.298638e-21 -2.664644e-20 2.286254e-18 4.778388e+02
58000 1.246782e-21 -3.207836e-20 2.323709e-18 1.806081e+02
59000 1.300228e-20 -3.338792e-20 2.381941e-18 1.883503e+03
60000 2.717273e-22 -2.909051e-20 2.391181e-18 3.936226e+01
61000 5.098549e-21 -2.633006e-20 2.438768e-18 7.385728e+02
62000 1.295975e-23 -2.816845e-20 2.472042e-18 1.877342e+00
63000 7.964292e-23 -2.730817e-20 2.513308e-18 1.153703e+01
64000 1.224498e-21 -3.218589e-20 2.551682e-18 1.773801e+02
65000 5.308205e-21 -3.746053e-20 2.596704e-18 7.689435e+02
66000 1.462414e-21 -3.849759e-20 2.630821e-18 2.118444e+02
67000 5.806605e-22 -3.072324e-20 2.670150e-18 8.411414e+01
68000 1.011369e-22 -2.976443e-20 2.712023e-18 1.465064e+01
69000 2.585082e-21 -2.017714e-20 2.762408e-18 3.744734e+02
70000 8.977553e-21 -3.452630e-20 2.794918e-18 1.300483e+03
71000 1.316499e-21 -3.481890e-20 2.840531e-18 1.907072e+02
72000 2.632440e-22 -3.659628e-20 2.884302e-18 3.813337e+01
73000 2.892647e-22 -3.264733e-20 2.926932e-18 4.190271e+01
74000 2.328942e-21 -2.186933e-20 2.960460e-18 3.373692e+02
75000 8.987395e-23 -3.022830e-20 3.000539e-18 1.301909e+01
76000 5.035711e-21 -2.500944e-20 3.040029e-18 7.294701e+02
77000 7.270781e-25 -2.420338e-20 3.076558e-18 1.053241e-01
78000 1.042375e-21 -2.283907e-20 3.118387e-18 1.509979e+02
79000 8.692944e-21 -2.333193e-20 3.171751e-18 1.259255e+03
80000 1.689037e-21 -3.325109e-20 3.201214e-18 2.446728e+02
81000 8.277166e-22 -3.988588e-20 3.233952e-18 1.199025e+02
82000 2.022490e-25 -3.883498e-20 3.283866e-18 2.929766e-02
83000 2.909828e-21 -3.781687e-20 3.323339e-18 4.215160e+02
84000 4.028089e-21 -3.643945e-20 3.372885e-18 5.835066e+02
85000 1.634478e-21 -4.104974e-20 3.403846e-18 2.367695e+02
86000 1.212330e-22 -4.100852e-20 3.444650e-18 1.756175e+01
87000 5.962807e-21 -3.712171e-20 3.497793e-18 8.637687e+02
88000 4.343220e-24 -2.478065e-20 3.524193e-18 6.291562e-01
89000 4.029397e-22 -1.514606e-20 3.567201e-18 5.836960e+01
90000 1.006415e-21 -2.848876e-20 3.604350e-18 1.457886e+02
91000 3.117056e-24 -2.965292e-20 3.653165e-18 4.515349e-01
92000 4.149401e-21 -4.072741e-20 3.689583e-18 6.010798e+02
93000 8.519338e-22 -1.558174e-20 3.725270e-18 1.234106e+02
94000 2.220037e-21 -1.270398e-20 3.769516e-18 3.215933e+02
95000 3.699565e-22 -1.767981e-20 3.802690e-18 5.359168e+01
96000 3.779368e-21 -1.435217e-20 3.849431e-18 5.474770e+02
97000 2.805285e-24 -2.125511e-20 3.881822e-18 4.063720e-01
98000 9.139472e-22 -1.866260e-20 3.922378e-18 1.323939e+02
99000 3.194335e-22 -1.627209e-20 3.965462e-18 4.627295e+01
100000 1.357315e-21 -1.671454e-20 4.011658e-18 1.966198e+02
101000 2.805187e-22 -2.435741e-20 4.056133e-18 4.063577e+01
102000 2.839803e-21 -2.873829e-20 4.087756e-18 4.113722e+02
103000 1.455286e-21 -2.580333e-20 4.121303e-18 2.108118e+02
104000 1.340073e-22 -2.664467e-20 4.168048e-18 1.941222e+01
105000 1.679052e-22 -3.111594e-20 4.203255e-18 2.432265e+01
106000 1.946774e-22 -3.185930e-20 4.258151e-18 2.820086e+01
107000 4.619912e-27 -3.094423e-20 4.295282e-18 6.692377e-04
108000 3.285499e-22 -4.310791e-22 4.339897e-18 4.759354e+01
109000 2.327089e-21 -3.818458e-20 4.371940e-18 3.371008e+02
110000 1.769194e-21 -4.077560e-20 4.409333e-18 2.562843e+02
111000 5.372539e-22 -3.921151e-20 4.448166e-18 7.782628e+01
112000 3.930067e-21 -4.023957e-20 4.488429e-18 5.693071e+02
113000 4.513408e-23 -3.545365e-20 4.528517e-18 6.538096e+00
114000 2.488849e-25 -3.892106e-20 4.561576e-18 3.605332e-02
115000 9.224346e-21 -3.939038e-20 4.617077e-18 1.336233e+03
116000 4.904464e-21 -3.414776e-20 4.644576e-18 7.104577e+02
117000 2.712254e-22 -3.371638e-20 4.696225e-18 3.928955e+01
118000 5.476041e-22 -2.522360e-20 4.735414e-18 7.932561e+01
119000 4.243461e-21 -1.297634e-20 4.783800e-18 6.147052e+02
120000 4.754334e-21 -2.251079e-20 4.817170e-18 6.887100e+02
121000 5.392823e-22 -1.379469e-20 4.850231e-18 7.812012e+01
122000 4.171109e-22 -2.964958e-20 4.896046e-18 6.042244e+01
123000 3.355448e-21 -1.722474e-20 4.937828e-18 4.860682e+02
124000 1.192137e-21 -1.500522e-20 4.970904e-18 1.726923e+02
125000 3.236199e-21 -2.365106e-20 5.018359e-18 4.687939e+02
126000 6.972265e-22 -1.939997e-20 5.043428e-18 1.009998e+02
127000 2.008750e-23 -2.007565e-20 5.100891e-18 2.909863e+00
128000 6.437354e-21 -2.124856e-20 5.148169e-18 9.325113e+02
129000 5.142966e-21 -3.611231e-20 5.179689e-18 7.450070e+02
130000 4.008342e-21 -4.108552e-20 5.209166e-18 5.806460e+02
131000 5.013493e-22 -4.031689e-20 5.242764e-18 7.262516e+01
132000 7.665606e-22 -3.972798e-20 5.284889e-18 1.110435e+02
133000 6.002290e-23 -4.048712e-20 5.326262e-18 8.694882e+00
134000 3.698417e-22 -4.109718e-20 5.371370e-18 5.357504e+01
135000 7.209395e-22 -3.774294e-20 5.405384e-18 1.044349e+02
136000 6.786538e-22 -3.915446e-20 5.448358e-18 9.830940e+01
137000 2.121998e-20 -3.849514e-20 5.511618e-18 3.073914e+03
138000 9.317933e-21 -4.094896e-20 5.543295e-18 1.349790e+03
139000 1.359214e-21 -3.411920e-20 5.588704e-18 1.968950e+02
140000 1.478508e-21 -4.042690e-20 5.614956e-18 2.141758e+02
141000 7.166060e-22 -4.096369e-20 5.665918e-18 1.038071e+02
142000 1.457902e-22 -3.820428e-20 5.700803e-18 2.111908e+01
143000 2.214058e-21 -3.200293e-20 5.733987e-18 3.207271e+02
144000 7.184692e-22 -4.083168e-20 5.777984e-18 1.040770e+02
145000 4.627823e-21 -4.105921e-20 5.821919e-18 6.703837e+02
146000 1.781658e-21 -2.725594e-20 5.857584e-18 2.580900e+02
147000 2.600749e-21 -3.512686e-20 5.894808e-18 3.767430e+02
148000 3.141032e-23 -3.772869e-20 5.945426e-18 4.550080e+00
149000 5.019240e-22 -3.561939e-20 5.963275e-18 7.270842e+01
150000 2.577710e-20 -1.765449e-20 6.055804e-18 3.734056e+03
151000 2.622867e-21 -3.620743e-20 6.026415e-18 3.799470e+02
152000 7.604469e-23 -2.843173e-20 6.071644e-18 1.101579e+01
153000 7.335487e-22 -3.432695e-20 6.106407e-18 1.062614e+02
154000 1.105937e-21 -2.917440e-20 6.160210e-18 1.602054e+02
155000 1.429930e-22 -4.043503e-20 6.179708e-18 2.071388e+01
156000 6.333176e-22 -2.164372e-20 6.238990e-18 9.174201e+01
157000 4.125975e-24 -3.946858e-20 6.260536e-18 5.976862e-01
158000 5.929894e-21 -3.871353e-20 6.307217e-18 8.590010e+02
159000 6.090450e-22 -3.721515e-20 6.343394e-18 8.822591e+01
160000 2.387681e-22 -2.733757e-20 6.392901e-18 3.458781e+01
161000 5.859465e-23 -3.163051e-20 6.428428e-18 8.487987e+00
162000 9.365641e-22 -2.869151e-20 6.472246e-18 1.356701e+02
163000 1.392437e-21 -3.971698e-20 6.501675e-18 2.017076e+02
164000 4.805661e-21 -3.511616e-20 6.552209e-18 6.961452e+02
165000 5.939323e-22 -3.915009e-20 6.581590e-18 8.603668e+01
166000 1.741285e-24 -3.803017e-20 6.621972e-18 2.522414e-01
167000 8.368780e-22 -3.908864e-20 6.664270e-18 1.212297e+02
168000 2.189782e-22 -4.018609e-20 6.701264e-18 3.172105e+01
169000 2.106451e-21 -3.967187e-20 6.749668e-18 3.051392e+02
170000 3.095690e-21 -4.096618e-20 6.782130e-18 4.484398e+02
171000 4.196813e-21 -4.061396e-20 6.823583e-18 6.079478e+02
172000 3.018986e-21 -3.280027e-20 6.870246e-18 4.373286e+02
173000 2.179340e-22 -4.087059e-20 6.899447e-18 3.156979e+01
174000 6.734450e-21 -4.022733e-20 6.946598e-18 9.755484e+02
175000 2.520380e-21 -4.109893e-20 6.981421e-18 3.651008e+02
176000 6.150116e-22 -3.574959e-20 7.036998e-18 8.909022e+01
177000 4.015694e-23 -2.371002e-20 7.076330e-18 5.817111e+00
178000 3.688560e-21 -1.738129e-20 7.126307e-18 5.343226e+02
179000 2.605485e-21 -3.848608e-20 7.147712e-18 3.774290e+02
180000 5.007390e-23 -4.103104e-20 7.184164e-18 7.253676e+00
181000 1.206983e-23 -2.430352e-20 7.235709e-18 1.748429e+00
182000 2.879073e-21 -2.273096e-20 7.280202e-18 4.170608e+02
183000 7.280765e-22 -3.780870e-20 7.303206e-18 1.054687e+02
184000 2.409028e-22 -4.007438e-20 7.352989e-18 3.489704e+01
185000 1.755524e-24 -3.979798e-20 7.396344e-18 2.543042e-01
186000 4.232273e-21 -4.096709e-20 7.427756e-18 6.130845e+02
187000 7.154984e-21 -4.044642e-20 7.475583e-18 1.036467e+03
188000 1.685914e-21 -3.737307e-20 7.505315e-18 2.442205e+02
189000 3.312741e-21 -3.704704e-20 7.557433e-18 4.798816e+02
190000 2.520642e-21 -4.059271e-20 7.586526e-18 3.651387e+02
191000 2.934001e-23 -4.079633e-20 7.620058e-18 4.250177e+00
192000 1.822439e-21 -4.108553e-20 7.661940e-18 2.639974e+02
193000 2.321032e-22 -3.887816e-20 7.713875e-18 3.362233e+01
194000 1.743370e-22 -4.106832e-20 7.748916e-18 2.525435e+01
195000 3.611569e-22 -4.061776e-20 7.802804e-18 5.231698e+01
196000 9.387928e-22 -4.101611e-20 7.831372e-18 1.359930e+02
197000 9.950870e-22 -4.042759e-20 7.888373e-18 1.441477e+02
198000 1.882171e-20 -3.042651e-20 7.928399e-18 2.726502e+03
199000 1.066531e-21 -2.097817e-20 7.962252e-18 1.544971e+02
200000 3.001952e-23 -1.567997e-20 8.004350e-18 4.348609e+00
201000 4.472095e-22 -2.921605e-20 8.035655e-18 6.478250e+01
202000 7.162743e-22 -3.593278e-20 8.064783e-18 1.037591e+02
203000 4.927119e-21 -3.348129e-20 8.111446e-18 7.137396e+02
204000 1.894957e-21 -3.642677e-20 8.147487e-18 2.745024e+02
205000 6.785939e-22 -3.491305e-20 8.185768e-18 9.830072e+01
206000 5.961625e-22 -3.843794e-20 8.228170e-18 8.635974e+01
207000 1.606310e-21 -3.409820e-20 8.268921e-18 2.326892e+02
208000 3.340237e-23 -3.256627e-20 8.307613e-18 4.838647e+00
209000 1.426511e-20 -3.546205e-20 8.363275e-18 2.066435e+03
210000 6.633189e-22 -3.005766e-20 8.400109e-18 9.608798e+01
211000 1.703494e-21 -2.024863e-20 8.442816e-18 2.467672e+02
212000 3.643389e-21 -3.607985e-20 8.490942e-18 5.277792e+02
213000 3.159009e-23 -3.220728e-20 8.518987e-18 4.576122e+00
214000 1.059170e-22 -3.104240e-20 8.553718e-18 1.534307e+01
215000 9.393443e-23 -3.107329e-20 8.613682e-18 1.360729e+01
216000 2.143544e-22 -3.474097e-20 8.642409e-18 3.105125e+01
217000 3.914943e-22 -3.333786e-20 8.685069e-18 5.671163e+01
218000 1.500923e-21 -3.308233e-20 8.731395e-18 2.174229e+02
219000 1.920313e-22 -2.644803e-20 8.754072e-18 2.781754e+01
220000 7.739819e-22 -2.854624e-20 8.811787e-18 1.121186e+02
221000 1.115137e-21 -2.378069e-20 8.842498e-18 1.615381e+02
222000 3.290662e-21 -1.693291e-20 8.886361e-18 4.766834e+02
223000 6.012488e-21 -1.872232e-20 8.927290e-18 8.709654e+02
224000 4.917660e-21 -1.438933e-20 8.970530e-18 7.123694e+02
225000 1.091199e-22 -1.746089e-21 9.018363e-18 1.580705e+01
226000 1.364588e-21 -6.188115e-21 9.055176e-18 1.976735e+02
227000 2.863074e-21 -4.092166e-21 9.098771e-18 4.147432e+02
228000 3.149928e-21 -3.193212e-21 9.139957e-18 4.562968e+02
229000 4.908609e-22 -4.885972e-21 9.175607e-18 7.110582e+01
230000 1.571740e-21 -1.166365e-20 9.209925e-18 2.276814e+02
231000 5.920652e-22 -9.187289e-21 9.251405e-18 8.576622e+01
232000 1.203783e-23 -7.806722e-21 9.292205e-18 1.743793e+00
233000 3.809932e-21 -1.080609e-20 9.333129e-18 5.519045e+02
234000 1.674607e-23 -4.223211e-21 9.391059e-18 2.425826e+00
235000 2.335810e-21 -1.019470e-20 9.413481e-18 3.383641e+02
236000 7.563737e-23 -8.068238e-21 9.462804e-18 1.095678e+01
237000 2.279566e-21 -1.174195e-20 9.509829e-18 3.302165e+02
238000 7.654706e-22 -1.589765e-20 9.546260e-18 1.108856e+02
239000 1.012728e-25 -1.392634e-20 9.591018e-18 1.467031e-02
240000 3.513956e-22 -1.228249e-20 9.619911e-18 5.090297e+01
241000 1.702566e-22 -8.676362e-21 9.654692e-18 2.466327e+01
242000 6.379360e-23 -9.925934e-21 9.702143e-18 9.241103e+00
243000 9.676658e-22 -2.118973e-21 9.738849e-18 1.401755e+02
244000 2.539614e-22 -2.756733e-21 9.777820e-18 3.678870e+01
245000 1.364613e-21 -4.975059e-23 9.821315e-18 1.976771e+02
246000 1.404845e-21 -1.283750e-21 9.860121e-18 2.035050e+02
247000 2.142368e-21 -7.900985e-22 9.901352e-18 3.103422e+02
248000 1.081319e-22 -1.047933e-21 9.940307e-18 1.566393e+01
249000 4.524280e-22 -6.743974e-22 9.979778e-18 6.553846e+01
250000 1.675200e-21 -2.350379e-22 1.002144e-17 2.426685e+02
251000 9.257676e-22 -5.794361e-24 1.006092e-17 1.341061e+02
252000 2.070853e-22 -5.937750e-23 1.010017e-17 2.999825e+01
253000 1.085584e-21 -4.194279e-22 1.014071e-17 1.572571e+02
254000 1.146804e-21 -1.969411e-23 1.018491e-17 1.661254e+02
255000 3.108271e-22 -9.408202e-21 1.021090e-17 4.502622e+01
256000 4.545651e-21 -6.342701e-21 1.025820e-17 6.584803e+02
257000 6.083054e-21 -7.946154e-21 1.029814e-17 8.811877e+02
258000 7.105235e-22 -2.321115e-20 1.032782e-17 1.029260e+02
259000 3.459711e-22 -1.496838e-20 1.036936e-17 5.011717e+01
260000 3.420020e-21 -1.779543e-20 1.040622e-17 4.954220e+02
261000 7.381728e-22 -1.974281e-20 1.044654e-17 1.069313e+02
262000 6.656224e-23 -1.622862e-20 1.048894e-17 9.642167e+00
263000 2.604567e-21 -2.617311e-20 1.053001e-17 3.772961e+02
264000 4.739141e-23 -2.543612e-20 1.055600e-17 6.865092e+00
265000 8.609816e-24 -2.502049e-20 1.060487e-17 1.247213e+00
266000 2.111570e-21 -2.220514e-20 1.064920e-17 3.058807e+02
267000 6.263520e-22 -1.838494e-20 1.069653e-17 9.073298e+01
268000 1.461642e-21 -4.818571e-21 1.073664e-17 2.117326e+02
269000 1.154753e-20 -1.325101e-21 1.079024e-17 1.672769e+03
270000 8.496485e-22 -1.538059e-22 1.082325e-17 1.230796e+02
271000 4.015584e-21 -6.078357e-25 1.086648e-17 5.816952e+02
272000 3.096606e-21 -1.650883e-21 1.090152e-17 4.485726e+02
273000 2.267830e-23 -1.733068e-22 1.093985e-17 3.285165e+00
274000 3.408758e-21 -1.442912e-21 1.099171e-17 4.937907e+02
275000 4.378931e-22 -4.057721e-22 1.102003e-17 6.343293e+01
276000 2.688683e-21 -6.640141e-22 1.106722e-17 3.894811e+02
277000 1.240500e-21 -3.088007e-22 1.110507e-17 1.796980e+02
278000 2.020043e-21 -3.304038e-21 1.113872e-17 2.926223e+02
279000 6.799165e-21 -8.283088e-21 1.118584e-17 9.849231e+02
280000 8.529484e-21 -2.281589e-21 1.122625e-17 1.235576e+03
281000 1.986854e-21 -1.141868e-21 1.126451e-17 2.878145e+02
282000 1.419492e-21 -4.816212e-22 1.131312e-17 2.056268e+02
283000 9.593149e-23 -7.830323e-22 1.134668e-17 1.389658e+01
284000 6.739321e-21 -7.372765e-21 1.138032e-17 9.762541e+02
285000 2.644336e-22 -4.490813e-21 1.142007e-17 3.830570e+01
286000 1.309930e-21 -3.692443e-21 1.145883e-17 1.897557e+02
287000 1.263919e-22 -3.892697e-21 1.150635e-17 1.830905e+01
288000 3.389300e-23 -5.644537e-21 1.153447e-17 4.909720e+00
289000 9.740498e-23 -5.335136e-21 1.158148e-17 1.411003e+01
290000 3.538562e-22 -4.385606e-21 1.163467e-17 5.125940e+01
291000 6.246830e-22 -2.711886e-21 1.165810e-17 9.049121e+01
292000 5.741882e-21 -2.812652e-21 1.171887e-17 8.317657e+02
293000 1.198101e-22 -2.996329e-21 1.175271e-17 1.735563e+01
294000 1.277130e-21 -4.093633e-21 1.179587e-17 1.850043e+02
295000 1.121828e-22 -1.931470e-21 1.182484e-17 1.625073e+01
296000 3.161194e-21 -2.400215e-21 1.187652e-17 4.579287e+02
297000 9.514155e-22 -1.992241e-21 1.192114e-17 1.378215e+02
298000 3.146828e-21 -2.498583e-21 1.197039e-17 4.558476e+02
299000 1.067689e-21 -1.116539e-21 1.200144e-17 1.546647e+02
300000 1.729264e-21 -8.777565e-22 1.203269e-17 2.505002e+02
301000 6.350310e-21 -5.979014e-22 1.208274e-17 9.199021e+02
302000 6.691454e-22 -2.930846e-23 1.210842e-17 9.693201e+01
303000 1.670153e-23 -5.137406e-22 1.214562e-17 2.419374e+00
304000 1.805538e-21 -7.232585e-23 1.219417e-17 2.615492e+02
305000 1.623055e-22 -2.020918e-22 1.223651e-17 2.351148e+01
306000 1.032394e-21 -3.711525e-21 1.225946e-17 1.495520e+02
307000 4.968976e-22 -3.044840e-21 1.231331e-17 7.198030e+01
308000 3.606264e-22 -4.331376e-22 1.236804e-17 5.224013e+01
309000 1.252268e-21 -3.188455e-22 1.238919e-17 1.814028e+02
310000 5.743728e-24 -1.028757e-22 1.243048e-17 8.320331e-01
311000 1.898919e-21 -7.538592e-23 1.249174e-17 2.750763e+02
312000 7.902693e-22 -3.670944e-20 1.247479e-17 1.144779e+02
313000 7.706059e-22 -3.759537e-20 1.251812e-17 1.116295e+02
314000 3.971326e-23 -3.819059e-20 1.255321e-17 5.752839e+00
315000 2.400760e-21 -3.827184e-20 1.261761e-17 3.477727e+02
316000 5.826410e-21 -3.706929e-20 1.265070e-17 8.440103e+02
317000 2.066374e-21 -3.525924e-20 1.269112e-17 2.993337e+02
318000 1.017518e-21 -3.958658e-20 1.271749e-17 1.473970e+02
319000 2.833831e-22 -3.152546e-20 1.274922e-17 4.105071e+01
320000 2.454361e-21 -3.019964e-20 1.279616e-17 3.555372e+02
321000 1.648134e-20 -3.121386e-20 1.286434e-17 2.387477e+03
322000 4.005628e-23 -1.952379e-20 1.288110e-17 5.802529e+00
323000 2.209848e-22 -1.457858e-20 1.292574e-17 3.201173e+01
324000 5.024777e-22 -2.600313e-20 1.295455e-17 7.278863e+01
325000 2.302497e-21 -2.517136e-20 1.300761e-17 3.335384e+02
326000 1.724140e-21 -2.259310e-20 1.304475e-17 2.497579e+02
327000 3.916348e-21 -9.335317e-21 1.309458e-17 5.673199e+02
328000 1.421144e-21 -3.002316e-21 1.313842e-17 2.058661e+02
329000 5.301868e-21 9.494082e-22 1.318630e-17 7.680254e+02
330000 9.354194e-21 -3.869057e-20 1.321998e-17 1.355043e+03
331000 1.376708e-22 -4.091050e-20 1.323377e-17 1.994291e+01
332000 3.166255e-22 -4.006127e-20 1.327151e-17 4.586618e+01
333000 9.200525e-21 -4.108762e-20 1.333012e-17 1.332783e+03
334000 1.825141e-24 -4.109182e-20 1.336041e-17 2.643888e-01
335000 3.151526e-22 -4.077412e-20 1.339090e-17 4.565282e+01
336000 1.491676e-23 -4.034547e-20 1.344850e-17 2.160833e+00
337000 6.058009e-22 -4.104826e-20 1.348183e-17 8.775596e+01
338000 1.793948e-25 -4.084565e-20 1.352669e-17 2.598703e-02
339000 2.358312e-21 -3.936009e-20 1.356659e-17 3.416237e+02
340000 3.841213e-22 -4.068098e-20 1.360748e-17 5.564358e+01
341000 2.834114e-22 -4.079100e-20 1.365885e-17 4.105481e+01
342000 2.834858e-22 -3.893603e-20 1.368306e-17 4.106559e+01
343000 6.925454e-21 -3.934689e-20 1.372941e-17 1.003217e+03
344000 1.252288e-22 -3.647120e-20 1.378097e-17 1.814057e+01
345000 6.631544e-22 -3.988501e-20 1.380972e-17 9.606416e+01
346000 1.203429e-22 -4.023663e-20 1.385259e-17 1.743279e+01
347000 4.838833e-22 -3.814912e-20 1.390857e-17 7.009505e+01
348000 1.312192e-21 -2.941559e-20 1.393137e-17 1.900833e+02
349000 7.196081e-22 -3.177158e-20 1.397482e-17 1.042420e+02
350000 4.081110e-23 -3.247691e-20 1.402203e-17 5.911871e+00
351000 2.832110e-22 -3.426386e-20 1.404684e-17 4.102578e+01
352000 4.672105e-22 -3.560488e-20 1.409959e-17 6.767983e+01
353000 2.287966e-21 -3.384407e-20 1.413787e-17 3.314335e+02
354000 3.162407e-23 -1.327673e-20 1.416677e-17 4.581045e+00
355000 8.969769e-22 -1.106940e-20 1.420983e-17 1.299355e+02
356000 3.267511e-22 -1.051683e-20 1.425210e-17 4.733298e+01
357000 4.253714e-21 -8.838930e-21 1.429836e-17 6.161906e+02
358000 5.827691e-21 -1.221473e-20 1.433363e-17 8.441959e+02
359000 2.836954e-23 -1.149415e-20 1.437497e-17 4.109595e+00
360000 1.778357e-21 -1.391401e-20 1.441482e-17 2.576118e+02
361000 2.951972e-22 -2.377028e-20 1.446561e-17 4.276210e+01
362000 1.249599e-21 -1.949733e-20 1.449852e-17 1.810161e+02
363000 6.076687e-21 -1.715542e-20 1.454670e-17 8.802653e+02
364000 4.403283e-24 -1.002289e-20 1.457440e-17 6.378570e-01
365000 1.136418e-21 -1.287910e-20 1.461694e-17 1.646208e+02
366000 1.624815e-22 -1.554400e-20 1.466717e-17 2.353697e+01
367000 3.242063e-22 -1.368930e-20 1.470989e-17 4.696433e+01
368000 1.863279e-23 -1.254947e-20 1.474796e-17 2.699135e+00
369000 1.641550e-21 -6.613648e-21 1.478422e-17 2.377940e+02
370000 3.311614e-21 -1.184652e-20 1.482949e-17 4.797185e+02
371000 2.091753e-21 -7.073389e-21 1.486578e-17 3.030101e+02
372000 1.058157e-21 -8.466610e-21 1.491565e-17 1.532840e+02
373000 1.579645e-21 -2.141205e-20 1.494410e-17 2.288264e+02
374000 6.623802e-21 -1.634880e-20 1.499468e-17 9.595200e+02
375000 3.048870e-23 -1.762776e-20 1.502825e-17 4.416575e+00
376000 8.369024e-21 -9.555927e-21 1.507980e-17 1.212332e+03
377000 3.691025e-23 -3.754660e-20 1.509766e-17 5.346797e+00
378000 5.290020e-21 -3.795787e-20 1.515572e-17 7.663092e+02
379000 2.499937e-21 -2.787787e-20 1.516130e-17 3.621394e+02
380000 5.636625e-21 -2.683900e-20 1.521544e-17 8.165182e+02
381000 3.578017e-21 -2.453285e-20 1.526302e-17 5.183094e+02
382000 1.877715e-23 -2.797698e-20 1.529814e-17 2.720048e+00
383000 6.753607e-22 -2.723316e-20 1.534542e-17 9.783235e+01
384000 3.967536e-21 -3.029460e-20 1.538783e-17 5.747350e+02
385000 4.187127e-21 -2.234738e-20 1.543192e-17 6.065447e+02
386000 2.607104e-23 -1.910162e-20 1.546324e-17 3.776635e+00
387000 1.890664e-20 -2.937793e-20 1.553029e-17 2.738805e+03
388000 2.625155e-21 -3.417822e-20 1.555807e-17 3.802784e+02
389000 1.306017e-21 -3.296539e-20 1.558917e-17 1.891889e+02
390000 9.636563e-22 -2.964186e-20 1.563718e-17 1.395947e+02
391000 2.883361e-23 -3.104423e-20 1.567507e-17 4.176819e+00
392000 1.480774e-21 -3.191944e-20 1.571547e-17 2.145041e+02
393000 1.039701e-21 -3.486126e-20 1.575233e-17 1.506104e+02
394000 2.087152e-21 -3.683844e-20 1.578641e-17 3.023435e+02
395000 2.869122e-23 -3.730411e-20 1.583235e-17 4.156193e+00
396000 3.978776e-22 -3.595699e-20 1.587510e-17 5.763632e+01
397000 4.374917e-21 -3.677869e-20 1.593114e-17 6.337479e+02
398000 1.398582e-21 -7.589830e-21 1.595467e-17 2.025978e+02
399000 9.092022e-21 -5.859517e-21 1.599699e-17 1.317065e+03
400000 8.477339e-22 -5.013021e-21 1.603360e-17 1.228022e+02
401000 1.474213e-21 -1.031473e-20 1.607728e-17 2.135536e+02
402000 6.235684e-22 -8.923357e-21 1.611852e-17 9.032975e+01
403000 1.697807e-21 -2.573368e-20 1.613920e-17 2.459433e+02
404000 1.599661e-20 -2.021028e-20 1.620479e-17 2.317260e+03
405000 7.477787e-22 -2.526050e-20 1.623584e-17 1.083228e+02
406000 1.767541e-21 -2.822278e-20 1.627665e-17 2.560450e+02
407000 8.225148e-22 -1.470240e-20 1.631170e-17 1.191490e+02
408000 9.276863e-22 -1.777644e-20 1.636697e-17 1.343841e+02
409000 4.692990e-21 -2.305986e-20 1.639633e-17 6.798237e+02
410000 6.669015e-21 -1.892636e-20 1.644975e-17 9.660696e+02
411000 7.465079e-21 -3.970416e-20 1.647709e-17 1.081387e+03
412000 1.063408e-22 -3.928248e-20 1.650057e-17 1.540447e+01
413000 3.657916e-22 -3.888523e-20 1.654388e-17 5.298836e+01
414000 5.036994e-21 -3.882966e-20 1.660549e-17 7.296560e+02
415000 1.249317e-21 -1.258107e-20 1.661050e-17 1.809753e+02
416000 1.475091e-22 -1.560041e-20 1.665694e-17 2.136808e+01
417000 1.772452e-22 -2.790372e-20 1.668718e-17 2.567564e+01
418000 7.848378e-22 -2.726311e-20 1.672996e-17 1.136911e+02
419000 4.513906e-23 -2.108533e-20 1.676384e-17 6.538817e+00
420000 1.117431e-21 -3.765802e-20 1.680452e-17 1.618704e+02
421000 1.855045e-21 -4.109707e-20 1.685898e-17 2.687208e+02
422000 1.552639e-21 -4.095357e-20 1.690085e-17 2.249144e+02
423000 3.855859e-21 -3.516520e-20 1.693574e-17 5.585574e+02
424000 6.581660e-22 -3.665641e-20 1.696182e-17 9.534154e+01
425000 3.863234e-22 -3.574161e-20 1.702254e-17 5.596258e+01
426000 1.598307e-21 -3.996261e-20 1.704803e-17 2.315299e+02
427000 1.660798e-22 -4.053141e-20 1.709989e-17 2.405822e+01
428000 6.729018e-23 -4.089173e-20 1.713149e-17 9.747616e+00
429000 1.125835e-22 -3.693486e-20 1.718372e-17 1.630877e+01
430000 3.697642e-21 -3.308575e-20 1.720712e-17 5.356383e+02
431000 3.450252e-22 -3.377619e-20 1.724143e-17 4.998015e+01
432000 1.916698e-21 -2.989936e-20 1.729854e-17 2.776518e+02
433000 1.583497e-22 -3.080521e-20 1.734495e-17 2.293845e+01
434000 1.719902e-23 -2.444322e-20 1.737930e-17 2.491440e+00
435000 4.199763e-21 -2.598752e-20 1.743084e-17 6.083751e+02
436000 3.866777e-23 -3.909147e-20 1.746379e-17 5.601390e+00
437000 1.489427e-22 -4.109094e-20 1.750161e-17 2.157575e+01
438000 5.306890e-21 -4.085871e-20 1.755626e-17 7.687530e+02
439000 3.877437e-21 -3.959215e-20 1.759134e-17 5.616833e+02
440000 5.545028e-24 -3.833369e-20 1.761507e-17 8.032495e-01
441000 3.243790e-21 -3.802058e-20 1.766654e-17 4.698936e+02
442000 2.275309e-23 -1.786170e-20 1.770190e-17 3.296000e+00
443000 7.352278e-21 -2.308827e-20 1.775676e-17 1.065047e+03
444000 6.910663e-22 -5.150431e-21 1.777840e-17 1.001075e+02
445000 3.145937e-21 -8.268780e-21 1.782644e-17 4.557186e+02
446000 4.468483e-23 5.883947e-21 1.786593e-17 6.473018e+00
447000 2.135318e-22 -6.468986e-21 1.790774e-17 3.093210e+01
448000 8.143343e-21 -1.088075e-20 1.794752e-17 1.179640e+03
449000 3.820456e-21 -1.966963e-20 1.798928e-17 5.534290e+02
450000 4.396270e-22 -4.104817e-20 1.802006e-17 6.368411e+01
451000 6.024546e-21 -4.105290e-20 1.806757e-17 8.727122e+02
452000 1.652560e-21 -4.034423e-20 1.810981e-17 2.393889e+02
453000 4.193052e-21 -4.010997e-20 1.815743e-17 6.074030e+02
454000 1.732108e-23 -3.954957e-20 1.819903e-17 2.509121e+00
455000 2.961474e-21 -3.244329e-20 1.821609e-17 4.289974e+02
456000 2.787916e-22 -3.989215e-20 1.826780e-17 4.038559e+01
457000 1.401966e-21 -4.050375e-20 1.832078e-17 2.030880e+02
458000 6.190291e-23 8.256905e-21 1.835195e-17 8.967219e+00
459000 1.681000e-21 1.626061e-20 1.839794e-17 2.435086e+02
460000 2.456936e-21 -1.471164e-21 1.843120e-17 3.559104e+02
461000 2.214787e-22 -3.382964e-20 1.846126e-17 3.208328e+01
462000 1.063474e-20 -3.227373e-20 1.851874e-17 1.540543e+03
463000 2.224906e-21 -2.738220e-20 1.855524e-17 3.222985e+02
464000 1.725382e-24 -2.036308e-20 1.859712e-17 2.499379e-01
465000 7.620691e-22 -2.250817e-20 1.864075e-17 1.103929e+02
466000 1.484845e-24 3.595404e-21 1.866908e-17 2.150938e-01
467000 2.340782e-21 -1.438135e-20 1.871798e-17 3.390843e+02
468000 1.459399e-21 2.189266e-20 1.876337e-17 2.114077e+02
469000 2.365647e-23 1.269372e-20 1.879360e-17 3.426863e+00
470000 5.224842e-22 -1.231910e-20 1.883638e-17 7.568675e+01
471000 3.469183e-22 6.975817e-22 1.888522e-17 5.025438e+01
472000 1.127740e-21 -1.604653e-20 1.891828e-17 1.633638e+02
473000 5.288642e-21 -1.846121e-20 1.896628e-17 7.661095e+02
474000 1.396003e-21 -3.626644e-20 1.898951e-17 2.022242e+02
475000 6.637774e-21 -2.417716e-20 1.905245e-17 9.615440e+02
476000 3.546982e-23 -6.890299e-21 1.908589e-17 5.138137e+00
477000 1.101827e-21 -9.967560e-21 1.912656e-17 1.596100e+02
478000 5.091485e-23 -1.132472e-20 1.917649e-17 7.375495e+00
479000 1.623003e-22 -3.848087e-20 1.919457e-17 2.351072e+01
480000 1.501958e-22 -3.854696e-20 1.925078e-17 2.175728e+01
481000 1.905561e-22 -4.098104e-20 1.926861e-17 2.760384e+01
482000 7.933968e-21 -4.073133e-20 1.931142e-17 1.149310e+03
483000 4.378420e-22 -4.059550e-20 1.935417e-17 6.342553e+01
484000 2.457939e-21 -4.098247e-20 1.939701e-17 3.560556e+02
485000 1.988888e-22 -4.005539e-20 1.944627e-17 2.881092e+01
486000 1.262910e-21 -3.917430e-20 1.948329e-17 1.829443e+02
487000 1.406571e-21 -3.993222e-20 1.953175e-17 2.037551e+02
488000 1.572589e-20 -4.109418e-20 1.957776e-17 2.278043e+03
489000 2.371776e-22 -3.466942e-20 1.958174e-17 3.435740e+01
490000 3.584378e-21 -3.781031e-20 1.964005e-17 5.192308e+02
491000 3.328645e-21 -4.015195e-20 1.967614e-17 4.821855e+02
492000 6.917926e-21 -3.914033e-20 1.973084e-17 1.002127e+03
493000 2.681186e-20 -4.108840e-20 1.979179e-17 3.883950e+03
494000 1.682419e-21 -2.917183e-20 1.979409e-17 2.437143e+02
495000 1.234607e-23 -4.104428e-20 1.984579e-17 1.788445e+00
496000 1.582589e-21 -4.050033e-20 1.989041e-17 2.292529e+02
497000 6.642916e-21 -4.081744e-20 1.993962e-17 9.622890e+02
498000 3.477168e-23 -4.103307e-20 1.996856e-17 5.037005e+00
499000 3.872768e-21 -4.065661e-20 2.000575e-17 5.610068e+02
500000 2.150737e-21 -1.871976e-20 2.006312e-17 3.115544e+02
501000 1.835606e-21 1.939356e-20 2.008824e-17 2.659048e+02
502000 3.057947e-22 1.075313e-20 2.012171e-17 4.429724e+01
503000 8.889792e-23 1.078265e-20 2.018161e-17 1.287770e+01
504000 1.331680e-22 -4.618439e-21 2.020670e-17 1.929064e+01
505000 4.189977e-21 1.836160e-21 2.026116e-17 6.069576e+02
506000 2.177696e-21 -1.360169e-20 2.029496e-17 3.154598e+02
507000 1.811103e-21 -1.663864e-20 2.033519e-17 2.623554e+02
508000 6.788019e-21 -1.536075e-21 2.037962e-17 9.833084e+02
509000 1.257809e-20 7.220967e-21 2.042725e-17 1.822054e+03
510000 5.136814e-24 -2.697191e-20 2.044538e-17 7.441158e-01
511000 4.474400e-22 -3.854104e-20 2.048301e-17 6.481589e+01
512000 1.037848e-22 -3.323133e-20 2.052089e-17 1.503420e+01
513000 6.521753e-21 -3.638236e-20 2.057276e-17 9.447373e+02
514000 5.275986e-21 -3.466699e-20 2.060680e-17 7.642762e+02
515000 1.295684e-22 -3.579954e-20 2.065364e-17 1.876920e+01
516000 5.737723e-21 -3.244825e-20 2.070195e-17 8.311632e+02
517000 1.938179e-21 -2.597619e-20 2.073615e-17 2.807635e+02
518000 5.431921e-22 -2.963631e-20 2.077160e-17 7.868649e+01
519000 1.360500e-22 -4.099377e-20 2.081903e-17 1.970813e+01
520000 4.051225e-21 -3.381014e-20 2.085707e-17 5.868580e+02
521000 1.293257e-22 -3.100527e-20 2.088673e-17 1.873405e+01
522000 3.715758e-22 -2.171844e-20 2.092156e-17 5.382626e+01
523000 7.451279e-23 -2.076773e-20 2.097949e-17 1.079388e+01
524000 2.143885e-21 -2.452656e-20 2.102466e-17 3.105619e+02
525000 1.085218e-22 -4.029086e-20 2.104645e-17 1.572040e+01
526000 7.204458e-22 -3.951866e-20 2.109093e-17 1.043634e+02
527000 3.508748e-21 -2.820454e-20 2.113660e-17 5.082751e+02
528000 3.979115e-21 -4.078177e-20 2.119488e-17 5.764122e+02
529000 8.347994e-22 -2.898925e-20 2.120491e-17 1.209285e+02
530000 6.142487e-21 -2.496015e-20 2.125112e-17 8.897970e+02
531000 8.601728e-22 -2.732259e-20 2.128529e-17 1.246041e+02
532000 4.830759e-23 -2.620932e-20 2.131883e-17 6.997808e+00
533000 6.526852e-22 -2.675908e-20 2.136665e-17 9.454760e+01
534000 1.224157e-21 -2.045933e-20 2.139837e-17 1.773306e+02
535000 1.696641e-22 -2.349272e-20 2.144675e-17 2.457744e+01
536000 2.893103e-23 -6.189971e-21 2.147861e-17 4.190932e+00
537000 4.141384e-22 -1.089846e-20 2.151643e-17 5.999184e+01
538000 8.182060e-22 -1.238226e-20 2.156926e-17 1.185248e+02
539000 5.279037e-21 -9.694915e-21 2.161367e-17 7.647182e+02
540000 4.726451e-21 -8.199340e-21 2.165900e-17 6.846709e+02
541000 8.829138e-21 -3.571054e-21 2.168929e-17 1.278984e+03
542000 9.709398e-22 -6.915013e-21 2.172097e-17 1.406498e+02
543000 1.245715e-20 -4.727042e-21 2.178480e-17 1.804535e+03
544000 4.541051e-21 -2.427868e-20 2.181026e-17 6.578140e+02
545000 3.829922e-21 -1.659862e-20 2.184588e-17 5.548003e+02
546000 1.659809e-24 -1.554807e-20 2.188803e-17 2.404389e-01
547000 6.765461e-23 -2.082601e-20 2.191815e-17 9.800406e+00
548000 2.749065e-21 -2.181029e-20 2.196234e-17 3.982279e+02
549000 5.271950e-22 -2.085510e-20 2.201808e-17 7.636916e+01
550000 3.511432e-21 -2.805283e-20 2.205990e-17 5.086640e+02
551000 4.618833e-21 -3.523021e-20 2.208678e-17 6.690815e+02
552000 2.235702e-21 -3.111515e-20 2.213711e-17 3.238625e+02
553000 3.948639e-22 -3.072467e-20 2.216975e-17 5.719975e+01
554000 4.899026e-22 -2.190885e-20 2.221915e-17 7.096700e+01
555000 2.092242e-21 -2.391713e-20 2.226761e-17 3.030809e+02
556000 7.016273e-22 -1.481016e-21 2.226742e-17 1.016373e+02
557000 6.662347e-21 -1.577403e-21 2.232714e-17 9.651037e+02
558000 1.922991e-21 -3.366503e-22 2.237001e-17 2.785633e+02
559000 1.537018e-21 -1.667083e-22 2.240836e-17 2.226515e+02
560000 2.172560e-22 -5.586667e-26 2.244226e-17 3.147158e+01
561000 2.129601e-21 -2.419790e-22 2.248727e-17 3.084927e+02
562000 6.836574e-23 -7.086413e-21 2.249313e-17 9.903420e+00
563000 1.654046e-21 -5.839589e-21 2.254082e-17 2.396042e+02
564000 4.642353e-22 -5.296698e-21 2.257787e-17 6.724886e+01
565000 9.608788e-23 -1.109245e-20 2.262358e-17 1.391923e+01
566000 4.020753e-22 -9.490047e-21 2.266578e-17 5.824440e+01
567000 7.183536e-22 -4.487118e-21 2.270706e-17 1.040603e+02
568000 1.860888e-20 -6.611459e-21 2.275691e-17 2.695671e+03
569000 5.329073e-22 -4.672684e-21 2.279979e-17 7.719663e+01
570000 4.326912e-21 -3.594125e-21 2.283766e-17 6.267940e+02
571000 3.376833e-21 -1.934460e-21 2.286955e-17 4.891660e+02
572000 3.311822e-21 -8.103304e-22 2.292567e-17 4.797486e+02
573000 8.869166e-21 -2.657317e-21 2.296276e-17 1.284782e+03
574000 2.036576e-21 -3.946051e-21 2.300834e-17 2.950172e+02
575000 1.383887e-21 -2.061231e-21 2.304950e-17 2.004691e+02
576000 4.354112e-22 -1.754225e-21 2.308035e-17 6.307340e+01
577000 6.253829e-21 -9.784327e-22 2.312477e-17 9.059260e+02
578000 3.828777e-23 -1.197111e-21 2.316084e-17 5.546343e+00
579000 2.386218e-22 -1.106503e-22 2.319302e-17 3.456662e+01
580000 5.949672e-22 -2.556846e-23 2.324813e-17 8.618660e+01
581000 3.550767e-22 -1.139449e-23 2.328104e-17 5.143620e+01
582000 1.940728e-21 -7.884020e-21 2.333830e-17 2.811327e+02
583000 3.995451e-22 -3.258521e-21 2.336522e-17 5.787787e+01
584000 2.689445e-23 -4.219140e-21 2.341527e-17 3.895914e+00
585000 3.153253e-22 -5.124805e-21 2.345220e-17 4.567784e+01
586000 5.001327e-24 -5.943952e-21 2.349327e-17 7.244893e-01
587000 5.316307e-21 -1.466021e-20 2.353636e-17 7.701171e+02
588000 3.181334e-22 -9.444927e-21 2.358604e-17 4.608462e+01
589000 1.619290e-21 -5.500990e-21 2.361647e-17 2.345693e+02
590000 3.072295e-22 -6.703239e-21 2.365610e-17 4.450508e+01
591000 2.028997e-21 -3.441386e-21 2.368397e-17 2.939193e+02
592000 2.848775e-22 -2.347753e-21 2.370650e-17 4.126718e+01
593000 9.046917e-23 -2.453108e-21 2.376285e-17 1.310531e+01
594000 3.327762e-22 -2.952851e-21 2.381135e-17 4.820576e+01
595000 8.306122e-23 -3.456389e-24 2.385550e-17 1.203220e+01
596000 9.914234e-22 -1.293184e-21 2.389361e-17 1.436170e+02
597000 2.880716e-21 -3.276069e-21 2.394804e-17 4.172988e+02
598000 5.667377e-21 -6.396186e-21 2.399491e-17 8.209728e+02
599000 5.548629e-22 -1.819221e-20 2.400554e-17 8.037711e+01
600000 7.043000e-21 -1.141616e-20 2.405281e-17 1.020245e+03
601000 9.058232e-24 -1.282742e-20 2.409249e-17 1.312170e+00
602000 1.006903e-23 -1.929266e-20 2.413507e-17 1.458594e+00
603000 5.485954e-24 -1.407552e-20 2.416767e-17 7.946921e-01
604000 1.098814e-20 -1.380469e-20 2.423403e-17 1.591736e+03
605000 6.371598e-25 -1.190144e-20 2.425491e-17 9.229859e-02
606000 2.434873e-21 -1.088017e-20 2.430119e-17 3.527143e+02
607000 2.342190e-21 -1.029203e-20 2.434266e-17 3.392883e+02
608000 2.394889e-21 -1.611446e-21 2.438159e-17 3.469222e+02
609000 3.105951e-21 -7.542702e-22 2.442105e-17 4.499262e+02
610000 1.016070e-22 -3.662008e-22 2.445824e-17 1.471874e+01
611000 1.429462e-22 -9.710909e-23 2.449539e-17 2.070710e+01
612000 1.839004e-21 -9.433729e-22 2.452575e-17 2.663970e+02
613000 1.387904e-21 -1.050927e-21 2.458260e-17 2.010509e+02
614000 5.200718e-21 -1.513154e-22 2.463276e-17 7.533730e+02
615000 1.126527e-20 -4.644738e-23 2.466992e-17 1.631880e+03
616000 7.226842e-22 -7.671360e-24 2.469976e-17 1.046876e+02
617000 9.607006e-22 -5.679291e-23 2.475046e-17 1.391665e+02
618000 8.641718e-22 -1.454720e-20 2.475105e-17 1.251834e+02
619000 9.334413e-23 -1.518226e-20 2.479321e-17 1.352178e+01
620000 6.554423e-21 -1.628934e-20 2.484768e-17 9.494698e+02
621000 7.102777e-22 -1.356683e-20 2.487400e-17 1.028904e+02
622000 5.449601e-21 -8.576455e-21 2.491844e-17 7.894260e+02
623000 2.443037e-22 -1.221731e-20 2.495949e-17 3.538969e+01
624000 1.670114e-22 -7.529391e-21 2.498686e-17 2.419318e+01
625000 1.794213e-21 -5.625962e-21 2.503354e-17 2.599086e+02
626000 1.232205e-21 -1.116606e-20 2.508321e-17 1.784965e+02
627000 2.218851e-22 -6.512943e-21 2.511892e-17 3.214215e+01
628000 1.106846e-21 -9.628464e-21 2.516498e-17 1.603370e+02
629000 4.800549e-22 -8.296699e-21 2.520336e-17 6.954047e+01
630000 3.896098e-22 -7.725373e-21 2.525389e-17 5.643865e+01
631000 4.742751e-22 -6.488930e-22 2.528821e-17 6.870320e+01
632000 1.704285e-21 -6.984024e-21 2.532085e-17 2.468817e+02
633000 2.499044e-24 -5.153733e-21 2.536005e-17 3.620101e-01
634000 1.068968e-22 -4.979181e-21 2.541780e-17 1.548501e+01
635000 1.385591e-21 -1.297644e-20 2.544511e-17 2.007159e+02
636000 6.973930e-21 -1.504579e-20 2.549998e-17 1.010239e+03
637000 2.031841e-20 -3.071615e-20 2.552274e-17 2.943313e+03
638000 7.349952e-22 -3.456655e-20 2.554559e-17 1.064710e+02
639000 7.441146e-22 -3.578008e-20 2.558583e-17 1.077920e+02
640000 1.591748e-22 -3.243799e-20 2.562811e-17 2.305796e+01
641000 2.239568e-21 -1.934627e-20 2.566631e-17 3.244225e+02
642000 3.539510e-21 -3.127137e-20 2.570892e-17 5.127313e+02
643000 4.961523e-22 -2.581983e-20 2.574453e-17 7.187233e+01
644000 5.682756e-21 -2.791978e-20 2.577743e-17 8.232007e+02
645000 1.015410e-20 -2.916125e-20 2.583599e-17 1.470917e+03
646000 4.672445e-22 -3.719031e-20 2.586062e-17 6.768476e+01
647000 2.089855e-21 -3.339998e-20 2.590791e-17 3.027352e+02
648000 2.302002e-21 -2.464707e-20 2.595245e-17 3.334666e+02
649000 4.780533e-21 -2.860718e-20 2.599242e-17 6.925051e+02
650000 6.985412e-23 -4.109984e-20 2.602739e-17 1.011903e+01
651000 9.648770e-22 -4.037837e-20 2.607141e-17 1.397715e+02
652000 4.286953e-22 -4.060863e-20 2.610058e-17 6.210055e+01
653000 3.536976e-21 -7.627457e-21 2.613684e-17 5.123642e+02
654000 8.832148e-22 -2.696395e-20 2.618253e-17 1.279420e+02
655000 4.028673e-22 -3.271145e-20 2.622510e-17 5.835912e+01
656000 9.542792e-22 -3.956652e-20 2.625063e-17 1.382363e+02
657000 8.313398e-23 -3.997849e-20 2.629571e-17 1.204274e+01
658000 3.055676e-21 -4.058428e-20 2.634626e-17 4.426435e+02
659000 4.293402e-23 -5.315197e-21 2.637646e-17 6.219397e+00
660000 2.824436e-21 -1.206613e-20 2.641326e-17 4.091461e+02
661000 1.346409e-21 -2.085341e-20 2.645831e-17 1.950401e+02
662000 1.254303e-20 -2.435618e-20 2.651121e-17 1.816976e+03
663000 5.874579e-21 -1.378641e-20 2.654181e-17 8.509880e+02
664000 9.922359e-23 3.033309e-21 2.658341e-17 1.437347e+01
665000 3.233873e-22 -1.818013e-20 2.661371e-17 4.684570e+01
666000 7.573323e-22 2.563643e-23 2.668011e-17 1.097067e+02
667000 1.206184e-21 -3.393817e-21 2.670282e-17 1.747270e+02
668000 4.345206e-22 -2.912131e-20 2.674855e-17 6.294440e+01
669000 3.382623e-23 -1.106868e-20 2.679294e-17 4.900048e+00
670000 1.625031e-21 -2.254241e-20 2.682333e-17 2.354011e+02
671000 1.669200e-20 -1.526969e-20 2.688888e-17 2.417993e+03
672000 1.021911e-21 1.369622e-20 2.691472e-17 1.480335e+02
673000 1.706512e-21 2.565284e-20 2.696736e-17 2.472044e+02
674000 1.714474e-21 5.697004e-21 2.698939e-17 2.483577e+02
675000 6.152890e-22 8.983960e-21 2.703042e-17 8.913040e+01
676000 1.486299e-21 -2.004352e-20 2.707336e-17 2.153043e+02
677000 2.467168e-22 -3.842499e-20 2.709913e-17 3.573926e+01
678000 1.382169e-21 -3.853695e-20 2.715491e-17 2.002202e+02
679000 4.496244e-21 -4.099870e-20 2.720323e-17 6.513232e+02
680000 5.158662e-22 -3.193893e-20 2.723642e-17 7.472808e+01
681000 3.557658e-21 -1.839485e-20 2.726172e-17 5.153603e+02
682000 1.915304e-21 -2.229106e-20 2.730828e-17 2.774498e+02
683000 1.720537e-22 -2.388257e-20 2.735556e-17 2.492360e+01
684000 4.457799e-23 -2.090636e-20 2.738325e-17 6.457541e+00
685000 2.082059e-22 -2.066200e-20 2.743091e-17 3.016058e+01
686000 3.068839e-21 -2.170973e-20 2.747833e-17 4.445501e+02
687000 5.767049e-21 -1.876216e-20 2.752190e-17 8.354113e+02
688000 1.642045e-22 -1.723499e-20 2.756267e-17 2.378657e+01
689000 2.032903e-21 -1.705772e-20 2.761672e-17 2.944851e+02
690000 1.418266e-21 -5.957760e-21 2.764987e-17 2.054491e+02
691000 1.401092e-21 -1.522012e-21 2.768994e-17 2.029614e+02
692000 7.467886e-21 -4.322751e-21 2.774797e-17 1.081794e+03
693000 2.716842e-21 -1.061210e-20 2.775985e-17 3.935601e+02
694000 7.815374e-21 -1.035281e-20 2.781712e-17 1.132131e+03
695000 1.930030e-21 -8.922002e-21 2.784649e-17 2.795830e+02
696000 9.014706e-22 -1.348222e-20 2.789262e-17 1.305865e+02
697000 4.568821e-21 -1.172288e-20 2.794270e-17 6.618367e+02
698000 2.407696e-21 -1.249367e-20 2.798252e-17 3.487775e+02
699000 4.493531e-22 -3.395946e-20 2.799542e-17 6.509303e+01
700000 1.482281e-21 -4.013743e-20 2.802512e-17 2.147223e+02
701000 4.822958e-21 -3.979309e-20 2.806903e-17 6.986509e+02
702000 6.448006e-21 -3.906616e-20 2.811400e-17 9.340543e+02
703000 1.636203e-21 -3.690977e-20 2.815213e-17 2.370194e+02
704000 2.894061e-21 -3.536218e-20 2.819728e-17 4.192320e+02
705000 5.674429e-23 -3.881326e-20 2.823290e-17 8.219944e+00
706000 3.064103e-21 -3.641427e-20 2.827625e-17 4.438641e+02
707000 2.097642e-21 -3.848903e-20 2.832217e-17 3.038632e+02
708000 3.333449e-21 -3.480980e-20 2.836669e-17 4.828814e+02
709000 2.408058e-21 -2.676244e-20 2.839215e-17 3.488299e+02
710000 2.292320e-21 -2.772765e-20 2.843283e-17 3.320641e+02
711000 4.230865e-22 -3.030086e-20 2.847005e-17 6.128806e+01
712000 1.838200e-22 -3.181931e-20 2.853079e-17 2.662805e+01
713000 2.907258e-21 -2.953509e-20 2.856550e-17 4.211437e+02
714000 3.053880e-22 -2.637530e-20 2.860517e-17 4.423833e+01
715000 3.510811e-21 -3.099707e-20 2.865412e-17 5.085739e+02
716000 1.809714e-21 -3.731278e-20 2.868293e-17 2.621541e+02
717000 5.225950e-22 -4.099119e-20 2.871059e-17 7.570280e+01
718000 2.586884e-23 -4.109756e-20 2.875733e-17 3.747345e+00
719000 6.818359e-25 -3.952055e-20 2.879314e-17 9.877035e-02
720000 3.308758e-21 -4.083157e-20 2.884100e-17 4.793047e+02
721000 6.774536e-22 -4.103345e-20 2.888736e-17 9.813552e+01
722000 3.871073e-22 -4.066133e-20 2.892040e-17 5.607613e+01
723000 3.287800e-21 -3.422147e-20 2.896822e-17 4.762688e+02
724000 5.691706e-21 -3.992172e-20 2.900956e-17 8.244971e+02
725000 1.574297e-24 -4.107532e-20 2.904283e-17 2.280517e-01
726000 6.392910e-22 -3.885844e-20 2.909950e-17 9.260732e+01
727000 1.070109e-21 -3.268807e-20 2.912595e-17 1.550153e+02
728000 1.934948e-21 -3.310918e-20 2.916593e-17 2.802954e+02
729000 1.358678e-21 -3.674433e-20 2.920939e-17 1.968172e+02
730000 4.963745e-24 -3.592521e-20 2.925107e-17 7.190452e-01
731000 3.371225e-22 -2.957288e-20 2.930278e-17 4.883537e+01
732000 9.608131e-22 -3.517822e-20 2.933938e-17 1.391828e+02
733000 7.764995e-22 -3.053351e-20 2.937934e-17 1.124833e+02
734000 2.715416e-22 -3.795226e-20 2.940227e-17 3.933535e+01
735000 1.836406e-21 -3.823384e-20 2.945823e-17 2.660207e+02
736000 1.869545e-23 -3.566242e-20 2.950333e-17 2.708212e+00
737000 9.755256e-22 -2.335814e-20 2.952215e-17 1.413141e+02
738000 1.334171e-22 -2.229895e-20 2.957027e-17 1.932673e+01
739000 7.920645e-22 -1.945675e-20 2.960656e-17 1.147380e+02
740000 1.410623e-21 -1.976644e-20 2.965336e-17 2.043421e+02
741000 7.579148e-22 -2.524002e-20 2.968234e-17 1.097911e+02
742000 3.070433e-21 -2.706708e-20 2.973301e-17 4.447810e+02
743000 8.016831e-22 -1.822416e-20 2.975963e-17 1.161313e+02
744000 6.096846e-23 -1.896083e-20 2.981815e-17 8.831855e+00
745000 5.503413e-21 -1.437283e-20 2.986113e-17 7.972211e+02
746000 2.665145e-21 -2.824137e-20 2.988617e-17 3.860713e+02
747000 1.171172e-20 -2.765982e-20 2.994857e-17 1.696553e+03
748000 4.220045e-21 -2.451124e-20 2.998006e-17 6.113132e+02
749000 4.891414e-22 -2.051143e-20 3.000978e-17 7.085674e+01
750000 6.074858e-22 -2.176652e-20 3.005984e-17 8.800004e+01
751000 2.729543e-22 -2.534726e-20 3.009959e-17 3.954000e+01
752000 1.068157e-22 -2.903904e-20 3.014239e-17 1.547326e+01
753000 3.088934e-25 -2.594569e-20 3.017646e-17 4.474612e-02
754000 2.565194e-21 -2.283634e-20 3.021285e-17 3.715925e+02
755000 4.219782e-21 -2.325263e-20 3.026995e-17 6.112752e+02
756000 2.047895e-21 -2.856980e-20 3.030655e-17 2.966569e+02
757000 4.093436e-21 -2.460556e-20 3.035926e-17 5.929727e+02
758000 1.967083e-21 -3.421776e-20 3.038695e-17 2.849505e+02
759000 2.003037e-22 -3.303510e-20 3.042554e-17 2.901587e+01
760000 4.712277e-23 -3.344143e-20 3.046647e-17 6.826177e+00
761000 9.257587e-23 -2.997652e-20 3.050190e-17 1.341049e+01
762000 1.256673e-21 -3.138725e-20 3.054045e-17 1.820409e+02
763000 6.631564e-23 -3.245437e-20 3.059052e-17 9.606444e+00
764000 1.237301e-22 -3.156574e-20 3.063606e-17 1.792347e+01
765000 1.358964e-21 -3.921318e-20 3.064954e-17 1.968587e+02
766000 1.330637e-24 -4.025035e-20 3.068365e-17 1.927553e-01
767000 3.908615e-21 -3.951118e-20 3.074018e-17 5.661997e+02
768000 8.867796e-22 -2.717810e-20 3.076105e-17 1.284584e+02
769000 6.010690e-25 -3.611104e-20 3.078986e-17 8.707050e-02
770000 2.412302e-23 -3.957835e-20 3.083054e-17 3.494447e+00
771000 1.932400e-21 -3.915073e-20 3.087375e-17 2.799263e+02
772000 2.730916e-23 -3.075199e-20 3.091153e-17 3.955989e+00
773000 4.945059e-21 -3.789076e-20 3.095611e-17 7.163383e+02
774000 2.526232e-21 -2.514420e-20 3.100037e-17 3.659485e+02
775000 3.231424e-22 -8.237568e-21 3.103293e-17 4.681021e+01
776000 1.963183e-24 -1.052769e-20 3.109187e-17 2.843856e-01
777000 1.204993e-21 -3.471377e-21 3.112309e-17 1.745545e+02
778000 2.471881e-21 -6.358220e-21 3.116262e-17 3.580753e+02
779000 9.365375e-22 1.515644e-20 3.120775e-17 1.356663e+02
780000 3.446138e-22 4.290730e-20 3.126325e-17 4.992055e+01
781000 9.613988e-22 1.947542e-20 3.128069e-17 1.392677e+02
782000 3.416819e-22 2.207770e-20 3.132832e-17 4.949583e+01
783000 3.090207e-21 2.981425e-20 3.137362e-17 4.476456e+02
784000 7.240591e-22 -8.185413e-21 3.141891e-17 1.048868e+02
785000 4.266104e-21 -3.679910e-20 3.143005e-17 6.179853e+02
786000 1.676032e-22 -3.738472e-20 3.147768e-17 2.427890e+01
787000 9.032433e-22 -4.021464e-20 3.151441e-17 1.308433e+02
788000 7.621795e-21 -4.070580e-20 3.155952e-17 1.104089e+03
789000 2.045194e-21 -3.973578e-20 3.160583e-17 2.962656e+02
790000 9.655110e-24 -4.036214e-20 3.164763e-17 1.398634e+00
791000 1.424213e-21 -4.075038e-20 3.168811e-17 2.063107e+02
792000 1.047426e-21 -4.109621e-20 3.173227e-17 1.517295e+02
793000 4.099358e-22 -4.007550e-20 3.177066e-17 5.938306e+01
794000 5.291411e-23 -2.846662e-20 3.179829e-17 7.665107e+00
795000 6.649378e-23 -3.489853e-20 3.183677e-17 9.632250e+00
796000 1.914880e-21 -3.429240e-20 3.189209e-17 2.773884e+02
797000 5.847371e-21 -2.283524e-20 3.192655e-17 8.470467e+02
798000 1.253004e-21 -3.305850e-20 3.195869e-17 1.815094e+02
799000 1.939859e-23 -3.010836e-20 3.199965e-17 2.810068e+00
800000 3.469769e-21 -3.892510e-20 3.204952e-17 5.026287e+02
801000 6.541596e-23 -3.946180e-20 3.209689e-17 9.476117e+00
802000 3.007580e-21 -1.787469e-20 3.211802e-17 4.356763e+02
803000 2.389054e-23 -1.342712e-20 3.215837e-17 3.460770e+00
804000 1.878013e-21 -1.648767e-20 3.220308e-17 2.720478e+02
805000 6.953909e-23 -3.162963e-20 3.224481e-17 1.007339e+01
806000 1.241013e-21 -3.850675e-20 3.230028e-17 1.797724e+02
807000 2.163743e-21 -4.088296e-20 3.232560e-17 3.134385e+02
808000 1.846557e-21 -4.026342e-20 3.238610e-17 2.674912e+02
809000 4.366709e-21 -4.091354e-20 3.241565e-17 6.325589e+02
810000 3.737779e-22 -2.603255e-20 3.244564e-17 5.414524e+01
811000 2.337795e-21 -2.186043e-20 3.249298e-17 3.386516e+02
812000 3.523638e-23 -1.878952e-20 3.252749e-17 5.104322e+00
813000 7.579698e-21 -3.561274e-20 3.256430e-17 1.097991e+03
814000 2.992285e-21 -3.671840e-20 3.261131e-17 4.334607e+02
815000 2.407523e-21 -2.344094e-20 3.265393e-17 3.487524e+02
816000 1.038358e-22 -3.704540e-20 3.270600e-17 1.504159e+01
817000 1.950299e-22 -3.795698e-20 3.273685e-17 2.825192e+01
818000 4.748338e-23 -4.100551e-20 3.277227e-17 6.878415e+00
819000 1.089313e-21 -4.107905e-20 3.281137e-17 1.577973e+02
820000 5.022358e-21 -4.059288e-20 3.286310e-17 7.275357e+02
821000 1.467878e-21 -4.063655e-20 3.290054e-17 2.126359e+02
822000 8.254721e-22 -4.109403e-20 3.294560e-17 1.195774e+02
823000 2.340760e-21 -3.778034e-20 3.299378e-17 3.390812e+02
824000 3.208122e-22 -3.548287e-20 3.301668e-17 4.647267e+01
825000 1.151069e-24 -2.758385e-20 3.305871e-17 1.667431e-01
826000 2.502599e-22 -3.320524e-20 3.309673e-17 3.625250e+01
827000 2.673431e-21 -1.238504e-20 3.313788e-17 3.872717e+02
828000 1.056026e-21 -2.038266e-20 3.317882e-17 1.529753e+02
829000 8.538854e-23 -1.868360e-20 3.323026e-17 1.236933e+01
830000 3.550879e-22 6.540906e-21 3.324668e-17 5.143782e+01
831000 4.933395e-22 7.683875e-21 3.329981e-17 7.146487e+01
832000 1.140820e-21 1.166663e-20 3.332332e-17 1.652585e+02
833000 1.213126e-21 1.095135e-20 3.338019e-17 1.757327e+02
834000 1.039139e-21 3.356679e-20 3.341621e-17 1.505290e+02
835000 2.067959e-22 1.684375e-20 3.345277e-17 2.995633e+01
836000 1.436302e-21 2.889654e-20 3.351040e-17 2.080619e+02
837000 3.249790e-22 -1.721157e-20 3.355059e-17 4.707627e+01
838000 4.205289e-23 2.177710e-21 3.356369e-17 6.091757e+00
839000 5.316287e-24 -4.217598e-21 3.362148e-17 7.701142e-01
840000 5.524467e-23 -5.625261e-21 3.366782e-17 8.002710e+00
841000 1.435689e-22 -1.444851e-20 3.370287e-17 2.079731e+01
842000 2.593286e-21 -9.186970e-21 3.374910e-17 3.756618e+02
843000 3.157161e-21 5.584510e-20 3.379900e-17 4.573445e+02
844000 5.114070e-23 8.949872e-22 3.382188e-17 7.408211e+00
845000 3.519154e-22 2.326885e-20 3.386556e-17 5.097826e+01
846000 1.704557e-21 3.287726e-21 3.390479e-17 2.469211e+02
847000 3.666394e-21 1.827768e-20 3.395154e-17 5.311116e+02
848000 4.401301e-22 3.752418e-20 3.397963e-17 6.375699e+01
849000 3.269776e-23 4.903750e-20 3.402921e-17 4.736578e+00
850000 3.562946e-21 4.497690e-20 3.408120e-17 5.161263e+02
851000 6.643418e-22 -2.440573e-20 3.410087e-17 9.623616e+01
852000 1.002860e-21 -3.000574e-20 3.414190e-17 1.452736e+02
853000 3.146037e-21 -3.521569e-20 3.419719e-17 4.557330e+02
854000 1.903400e-21 -3.210147e-20 3.422756e-17 2.757253e+02
855000 2.347006e-21 -3.405908e-20 3.427320e-17 3.399859e+02
856000 1.325034e-21 -3.100928e-20 3.431275e-17 1.919437e+02
857000 2.022748e-21 -2.473765e-20 3.436334e-17 2.930140e+02
858000 3.537817e-21 9.789716e-21 3.439810e-17 5.124861e+02
859000 3.728329e-21 3.921599e-20 3.443830e-17 5.400835e+02
860000 2.724393e-21 -1.245058e-20 3.447949e-17 3.946540e+02
861000 1.170129e-21 -2.206611e-20 3.451845e-17 1.695042e+02
862000 4.309839e-21 -2.118390e-20 3.456768e-17 6.243208e+02
863000 9.488820e-22 -4.106604e-20 3.458810e-17 1.374545e+02
864000 2.663350e-22 -4.057473e-20 3.462853e-17 3.858113e+01
865000 3.305087e-23 -3.621463e-20 3.466530e-17 4.787729e+00
866000 1.792947e-22 -3.747462e-20 3.469262e-17 2.597252e+01
867000 2.934536e-21 -3.982878e-20 3.474592e-17 4.250951e+02
868000 4.448192e-21 -3.997618e-20 3.479912e-17 6.443625e+02
869000 8.171963e-22 -3.979655e-20 3.482567e-17 1.183786e+02
870000 1.733544e-21 -4.052637e-20 3.487191e-17 2.511201e+02
871000 6.581496e-21 -4.008937e-20 3.492066e-17 9.533916e+02
872000 4.121758e-22 -4.105936e-20 3.494907e-17 5.970754e+01
873000 1.088263e-20 -4.088642e-20 3.499456e-17 1.576451e+03
874000 1.567229e-22 -4.085505e-20 3.502961e-17 2.270279e+01
875000 4.843597e-21 -3.573373e-20 3.508486e-17 7.016406e+02
876000 1.939250e-22 -3.940599e-20 3.511542e-17 2.809186e+01
877000 3.374760e-21 -3.902507e-20 3.515478e-17 4.888657e+02
878000 9.401192e-21 -3.627091e-20 3.520270e-17 1.361851e+03
879000 4.735474e-22 -4.095792e-20 3.523990e-17 6.859780e+01
