pX pY pZ 
3.226921e-13 0.000000e+00 0.000000e+00
2.169014e-13 0.000000e+00 0.000000e+00
-2.598777e-13 0.000000e+00 0.000000e+00
1.060164e-13 0.000000e+00 0.000000e+00
-7.345961e-14 0.000000e+00 0.000000e+00
5.691427e-14 0.000000e+00 0.000000e+00
-3.415474e-13 0.000000e+00 0.000000e+00
2.408031e-13 0.000000e+00 0.000000e+00
2.454835e-13 0.000000e+00 0.000000e+00
1.981365e-13 0.000000e+00 0.000000e+00
4.656134e-14 0.000000e+00 0.000000e+00
5.168230e-14 0.000000e+00 0.000000e+00
-3.071169e-14 0.000000e+00 0.000000e+00
3.602581e-13 0.000000e+00 0.000000e+00
7.728801e-15 0.000000e+00 0.000000e+00
5.262932e-15 0.000000e+00 0.000000e+00
-1.190943e-13 0.000000e+00 0.000000e+00
-2.110641e-13 0.000000e+00 0.000000e+00
2.437040e-13 0.000000e+00 0.000000e+00
5.641751e-14 0.000000e+00 0.000000e+00
1.574608e-13 0.000000e+00 0.000000e+00
-1.187430e-13 0.000000e+00 0.000000e+00
-2.277333e-14 0.000000e+00 0.000000e+00
1.551278e-13 0.000000e+00 0.000000e+00
2.045543e-13 0.000000e+00 0.000000e+00
4.333166e-14 0.000000e+00 0.000000e+00
1.204139e-13 0.000000e+00 0.000000e+00
-1.254868e-13 0.000000e+00 0.000000e+00
-2.285845e-13 0.000000e+00 0.000000e+00
-6.072363e-14 0.000000e+00 0.000000e+00
8.909259e-14 0.000000e+00 0.000000e+00
-1.170762e-13 0.000000e+00 0.000000e+00
-9.854737e-14 0.000000e+00 0.000000e+00
-1.646904e-15 0.000000e+00 0.000000e+00
1.164639e-13 0.000000e+00 0.000000e+00
-1.256672e-13 0.000000e+00 0.000000e+00
1.399267e-13 0.000000e+00 0.000000e+00
4.733406e-15 0.000000e+00 0.000000e+00
-3.883683e-14 0.000000e+00 0.000000e+00
-2.717368e-14 0.000000e+00 0.000000e+00
1.932890e-13 0.000000e+00 0.000000e+00
-4.815927e-14 0.000000e+00 0.000000e+00
1.157287e-13 0.000000e+00 0.000000e+00
-2.626244e-13 0.000000e+00 0.000000e+00
2.200232e-13 0.000000e+00 0.000000e+00
4.028560e-14 0.000000e+00 0.000000e+00
-3.061316e-13 0.000000e+00 0.000000e+00
-6.994870e-15 0.000000e+00 0.000000e+00
2.750445e-14 0.000000e+00 0.000000e+00
4.492310e-14 0.000000e+00 0.000000e+00
1.837454e-13 0.000000e+00 0.000000e+00
3.908072e-13 0.000000e+00 0.000000e+00
-2.369890e-14 0.000000e+00 0.000000e+00
8.995561e-14 0.000000e+00 0.000000e+00
-1.404361e-13 0.000000e+00 0.000000e+00
-1.731912e-13 0.000000e+00 0.000000e+00
1.086884e-13 0.000000e+00 0.000000e+00
6.227507e-13 0.000000e+00 0.000000e+00
-1.133959e-13 0.000000e+00 0.000000e+00
1.410372e-13 0.000000e+00 0.000000e+00
-1.565137e-13 0.000000e+00 0.000000e+00
-6.891066e-14 0.000000e+00 0.000000e+00
-9.318532e-14 0.000000e+00 0.000000e+00
-1.180286e-13 0.000000e+00 0.000000e+00
9.696506e-14 0.000000e+00 0.000000e+00
1.703995e-13 0.000000e+00 0.000000e+00
3.970464e-13 0.000000e+00 0.000000e+00
6.072697e-16 0.000000e+00 0.000000e+00
-2.070611e-13 0.000000e+00 0.000000e+00
-3.662315e-14 0.000000e+00 0.000000e+00
-5.344448e-14 0.000000e+00 0.000000e+00
-1.490355e-13 0.000000e+00 0.000000e+00
-1.271158e-13 0.000000e+00 0.000000e+00
4.277966e-13 0.000000e+00 0.000000e+00
1.782696e-13 0.000000e+00 0.000000e+00
-1.946398e-13 0.000000e+00 0.000000e+00
-6.017910e-14 0.000000e+00 0.000000e+00
-1.700273e-14 0.000000e+00 0.000000e+00
-1.759019e-13 0.000000e+00 0.000000e+00
5.301882e-14 0.000000e+00 0.000000e+00
1.883223e-14 0.000000e+00 0.000000e+00
-8.963765e-14 0.000000e+00 0.000000e+00
-1.756652e-13 0.000000e+00 0.000000e+00
-2.937382e-13 0.000000e+00 0.000000e+00
-3.216721e-13 0.000000e+00 0.000000e+00
8.291392e-14 0.000000e+00 0.000000e+00
2.396312e-13 0.000000e+00 0.000000e+00
-6.766832e-14 0.000000e+00 0.000000e+00
-1.754075e-13 0.000000e+00 0.000000e+00
-4.465234e-14 0.000000e+00 0.000000e+00
-5.944838e-14 0.000000e+00 0.000000e+00
3.048198e-13 0.000000e+00 0.000000e+00
-3.692221e-13 0.000000e+00 0.000000e+00
-1.454573e-13 0.000000e+00 0.000000e+00
2.128778e-13 0.000000e+00 0.000000e+00
-3.288874e-13 0.000000e+00 0.000000e+00
8.026564e-14 0.000000e+00 0.000000e+00
1.469076e-13 0.000000e+00 0.000000e+00
-4.202551e-13 0.000000e+00 0.000000e+00
-9.621562e-14 0.000000e+00 0.000000e+00
1.224275e-13 0.000000e+00 0.000000e+00
2.321164e-13 0.000000e+00 0.000000e+00
-4.289999e-14 0.000000e+00 0.000000e+00
4.758263e-14 0.000000e+00 0.000000e+00
-2.340435e-14 0.000000e+00 0.000000e+00
-4.222752e-13 0.000000e+00 0.000000e+00
-4.477916e-14 0.000000e+00 0.000000e+00
-2.316513e-13 0.000000e+00 0.000000e+00
-1.186399e-13 0.000000e+00 0.000000e+00
1.269713e-13 0.000000e+00 0.000000e+00
1.577730e-13 0.000000e+00 0.000000e+00
-2.481385e-13 0.000000e+00 0.000000e+00
7.177098e-14 0.000000e+00 0.000000e+00
9.848397e-14 0.000000e+00 0.000000e+00
1.476942e-13 0.000000e+00 0.000000e+00
-1.842869e-13 0.000000e+00 0.000000e+00
2.175107e-13 0.000000e+00 0.000000e+00
1.893249e-13 0.000000e+00 0.000000e+00
5.648578e-14 0.000000e+00 0.000000e+00
1.942338e-13 0.000000e+00 0.000000e+00
1.816709e-13 0.000000e+00 0.000000e+00
-7.858504e-14 0.000000e+00 0.000000e+00
5.279524e-14 0.000000e+00 0.000000e+00
1.732939e-13 0.000000e+00 0.000000e+00
8.309930e-15 0.000000e+00 0.000000e+00
-2.718279e-13 0.000000e+00 0.000000e+00
3.101857e-13 0.000000e+00 0.000000e+00
-1.653791e-13 0.000000e+00 0.000000e+00
-6.884179e-14 0.000000e+00 0.000000e+00
1.317771e-13 0.000000e+00 0.000000e+00
3.234713e-14 0.000000e+00 0.000000e+00
-1.319254e-13 0.000000e+00 0.000000e+00
3.770777e-14 0.000000e+00 0.000000e+00
-2.207799e-13 0.000000e+00 0.000000e+00
-6.858566e-14 0.000000e+00 0.000000e+00
9.526663e-14 0.000000e+00 0.000000e+00
7.452193e-14 0.000000e+00 0.000000e+00
-1.149086e-13 0.000000e+00 0.000000e+00
-6.110159e-14 0.000000e+00 0.000000e+00
-2.177241e-14 0.000000e+00 0.000000e+00
1.920263e-14 0.000000e+00 0.000000e+00
7.768364e-14 0.000000e+00 0.000000e+00
-1.105296e-13 0.000000e+00 0.000000e+00
3.032711e-14 0.000000e+00 0.000000e+00
5.885202e-14 0.000000e+00 0.000000e+00
-1.439686e-13 0.000000e+00 0.000000e+00
-1.212277e-13 0.000000e+00 0.000000e+00
-2.529694e-13 0.000000e+00 0.000000e+00
1.835000e-13 0.000000e+00 0.000000e+00
1.661055e-13 0.000000e+00 0.000000e+00
1.457695e-13 0.000000e+00 0.000000e+00
-1.071678e-13 0.000000e+00 0.000000e+00
-7.916822e-14 0.000000e+00 0.000000e+00
-3.446886e-13 0.000000e+00 0.000000e+00
-5.624263e-14 0.000000e+00 0.000000e+00
2.969270e-13 0.000000e+00 0.000000e+00
1.376713e-13 0.000000e+00 0.000000e+00
7.159953e-13 0.000000e+00 0.000000e+00
-2.407722e-13 0.000000e+00 0.000000e+00
-1.384784e-13 0.000000e+00 0.000000e+00
-2.691944e-13 0.000000e+00 0.000000e+00
4.712649e-14 0.000000e+00 0.000000e+00
-1.112244e-13 0.000000e+00 0.000000e+00
3.388083e-13 0.000000e+00 0.000000e+00
-2.455241e-14 0.000000e+00 0.000000e+00
6.812978e-14 0.000000e+00 0.000000e+00
3.138943e-14 0.000000e+00 0.000000e+00
3.627995e-14 0.000000e+00 0.000000e+00
2.883883e-14 0.000000e+00 0.000000e+00
-1.804400e-13 0.000000e+00 0.000000e+00
-4.175241e-13 0.000000e+00 0.000000e+00
2.719721e-14 0.000000e+00 0.000000e+00
2.168593e-14 0.000000e+00 0.000000e+00
-4.124868e-14 0.000000e+00 0.000000e+00
2.021549e-13 0.000000e+00 0.000000e+00
1.493771e-13 0.000000e+00 0.000000e+00
-2.662697e-14 0.000000e+00 0.000000e+00
1.230095e-13 0.000000e+00 0.000000e+00
1.749020e-14 0.000000e+00 0.000000e+00
1.356042e-13 0.000000e+00 0.000000e+00
-4.724967e-14 0.000000e+00 0.000000e+00
2.183497e-13 0.000000e+00 0.000000e+00
-7.371167e-14 0.000000e+00 0.000000e+00
3.010657e-13 0.000000e+00 0.000000e+00
3.493546e-14 0.000000e+00 0.000000e+00
8.667827e-14 0.000000e+00 0.000000e+00
3.000098e-13 0.000000e+00 0.000000e+00
1.722141e-13 0.000000e+00 0.000000e+00
2.581798e-13 0.000000e+00 0.000000e+00
-1.123436e-13 0.000000e+00 0.000000e+00
1.924524e-13 0.000000e+00 0.000000e+00
2.023991e-13 0.000000e+00 0.000000e+00
-1.168374e-13 0.000000e+00 0.000000e+00
2.997908e-14 0.000000e+00 0.000000e+00
-2.369309e-13 0.000000e+00 0.000000e+00
-9.771356e-14 0.000000e+00 0.000000e+00
-1.294795e-13 0.000000e+00 0.000000e+00
-3.038827e-13 0.000000e+00 0.000000e+00
1.956517e-13 0.000000e+00 0.000000e+00
-5.081750e-13 0.000000e+00 0.000000e+00
-9.771987e-14 0.000000e+00 0.000000e+00
-1.247483e-14 0.000000e+00 0.000000e+00
-1.667574e-13 0.000000e+00 0.000000e+00
-1.726846e-13 0.000000e+00 0.000000e+00
6.452643e-13 0.000000e+00 0.000000e+00
-4.457418e-13 0.000000e+00 0.000000e+00
3.605112e-14 0.000000e+00 0.000000e+00
3.969970e-14 0.000000e+00 0.000000e+00
9.132406e-14 0.000000e+00 0.000000e+00
-3.353513e-13 0.000000e+00 0.000000e+00
-2.058370e-13 0.000000e+00 0.000000e+00
-1.421262e-13 0.000000e+00 0.000000e+00
1.304397e-14 0.000000e+00 0.000000e+00
-1.824703e-13 0.000000e+00 0.000000e+00
2.088635e-14 0.000000e+00 0.000000e+00
1.819234e-14 0.000000e+00 0.000000e+00
-4.887702e-13 0.000000e+00 0.000000e+00
-1.321810e-13 0.000000e+00 0.000000e+00
-3.867787e-13 0.000000e+00 0.000000e+00
2.359247e-14 0.000000e+00 0.000000e+00
-2.644317e-13 0.000000e+00 0.000000e+00
-2.493184e-13 0.000000e+00 0.000000e+00
-1.847391e-13 0.000000e+00 0.000000e+00
2.127637e-14 0.000000e+00 0.000000e+00
-2.956350e-13 0.000000e+00 0.000000e+00
1.694404e-15 0.000000e+00 0.000000e+00
-3.005923e-13 0.000000e+00 0.000000e+00
-6.539405e-13 0.000000e+00 0.000000e+00
5.300860e-14 0.000000e+00 0.000000e+00
6.698048e-14 0.000000e+00 0.000000e+00
4.424923e-13 0.000000e+00 0.000000e+00
1.544280e-15 0.000000e+00 0.000000e+00
2.768687e-14 0.000000e+00 0.000000e+00
-1.951925e-14 0.000000e+00 0.000000e+00
4.319565e-14 0.000000e+00 0.000000e+00
-7.933385e-15 0.000000e+00 0.000000e+00
3.754078e-13 0.000000e+00 0.000000e+00
1.765781e-13 0.000000e+00 0.000000e+00
2.387541e-13 0.000000e+00 0.000000e+00
-1.096430e-13 0.000000e+00 0.000000e+00
-1.580094e-13 0.000000e+00 0.000000e+00
1.604142e-13 0.000000e+00 0.000000e+00
7.107864e-14 0.000000e+00 0.000000e+00
3.848698e-14 0.000000e+00 0.000000e+00
-3.650816e-13 0.000000e+00 0.000000e+00
-5.593118e-14 0.000000e+00 0.000000e+00
5.132575e-14 0.000000e+00 0.000000e+00
1.273593e-13 0.000000e+00 0.000000e+00
3.766228e-13 0.000000e+00 0.000000e+00
2.816291e-13 0.000000e+00 0.000000e+00
2.676118e-13 0.000000e+00 0.000000e+00
-6.683571e-14 0.000000e+00 0.000000e+00
8.186918e-14 0.000000e+00 0.000000e+00
-8.626828e-14 0.000000e+00 0.000000e+00
-1.702777e-14 0.000000e+00 0.000000e+00
8.138070e-14 0.000000e+00 0.000000e+00
-1.227046e-13 0.000000e+00 0.000000e+00
1.025296e-13 0.000000e+00 0.000000e+00
-9.650479e-14 0.000000e+00 0.000000e+00
-5.167703e-13 0.000000e+00 0.000000e+00
4.304732e-14 0.000000e+00 0.000000e+00
3.689771e-13 0.000000e+00 0.000000e+00
1.045414e-14 0.000000e+00 0.000000e+00
1.950816e-13 0.000000e+00 0.000000e+00
1.102558e-13 0.000000e+00 0.000000e+00
1.277062e-13 0.000000e+00 0.000000e+00
-1.325701e-13 0.000000e+00 0.000000e+00
1.752266e-13 0.000000e+00 0.000000e+00
-1.244906e-13 0.000000e+00 0.000000e+00
-8.966091e-14 0.000000e+00 0.000000e+00
-1.709118e-14 0.000000e+00 0.000000e+00
-8.690737e-14 0.000000e+00 0.000000e+00
5.805427e-14 0.000000e+00 0.000000e+00
-1.781202e-13 0.000000e+00 0.000000e+00
2.359444e-13 0.000000e+00 0.000000e+00
-5.047961e-14 0.000000e+00 0.000000e+00
-2.182568e-13 0.000000e+00 0.000000e+00
-8.443591e-14 0.000000e+00 0.000000e+00
6.106852e-14 0.000000e+00 0.000000e+00
5.616717e-15 0.000000e+00 0.000000e+00
2.879933e-13 0.000000e+00 0.000000e+00
-7.114386e-14 0.000000e+00 0.000000e+00
-3.240646e-13 0.000000e+00 0.000000e+00
-2.698330e-13 0.000000e+00 0.000000e+00
2.635231e-13 0.000000e+00 0.000000e+00
5.083390e-14 0.000000e+00 0.000000e+00
5.101583e-14 0.000000e+00 0.000000e+00
-6.778834e-14 0.000000e+00 0.000000e+00
1.925785e-13 0.000000e+00 0.000000e+00
-3.438993e-13 0.000000e+00 0.000000e+00
-2.913288e-13 0.000000e+00 0.000000e+00
-1.548413e-13 0.000000e+00 0.000000e+00
-1.420443e-13 0.000000e+00 0.000000e+00
1.539056e-14 0.000000e+00 0.000000e+00
8.125536e-14 0.000000e+00 0.000000e+00
-2.820381e-13 0.000000e+00 0.000000e+00
2.334784e-13 0.000000e+00 0.000000e+00
-7.760714e-14 0.000000e+00 0.000000e+00
-2.922003e-14 0.000000e+00 0.000000e+00
-1.104589e-14 0.000000e+00 0.000000e+00
1.319380e-13 0.000000e+00 0.000000e+00
-3.152039e-14 0.000000e+00 0.000000e+00
2.600104e-15 0.000000e+00 0.000000e+00
-3.096158e-14 0.000000e+00 0.000000e+00
6.121013e-14 0.000000e+00 0.000000e+00
1.711692e-13 0.000000e+00 0.000000e+00
3.643901e-14 0.000000e+00 0.000000e+00
4.281978e-14 0.000000e+00 0.000000e+00
-1.555996e-14 0.000000e+00 0.000000e+00
-6.278169e-14 0.000000e+00 0.000000e+00
2.125534e-13 0.000000e+00 0.000000e+00
-2.693099e-13 0.000000e+00 0.000000e+00
1.510831e-13 0.000000e+00 0.000000e+00
-1.949068e-13 0.000000e+00 0.000000e+00
-1.778963e-13 0.000000e+00 0.000000e+00
3.858550e-13 0.000000e+00 0.000000e+00
-1.327256e-13 0.000000e+00 0.000000e+00
2.536481e-14 0.000000e+00 0.000000e+00
-1.538846e-14 0.000000e+00 0.000000e+00
1.352729e-13 0.000000e+00 0.000000e+00
1.353884e-13 0.000000e+00 0.000000e+00
3.407501e-14 0.000000e+00 0.000000e+00
-4.123466e-13 0.000000e+00 0.000000e+00
-1.375954e-13 0.000000e+00 0.000000e+00
1.996715e-13 0.000000e+00 0.000000e+00
9.266216e-14 0.000000e+00 0.000000e+00
8.546696e-14 0.000000e+00 0.000000e+00
2.602871e-14 0.000000e+00 0.000000e+00
-8.233287e-14 0.000000e+00 0.000000e+00
-4.647953e-13 0.000000e+00 0.000000e+00
5.967588e-14 0.000000e+00 0.000000e+00
3.847959e-13 0.000000e+00 0.000000e+00
-1.039929e-13 0.000000e+00 0.000000e+00
-2.110990e-13 0.000000e+00 0.000000e+00
-2.807144e-13 0.000000e+00 0.000000e+00
-4.907594e-14 0.000000e+00 0.000000e+00
-2.087797e-13 0.000000e+00 0.000000e+00
1.284660e-13 0.000000e+00 0.000000e+00
2.186454e-13 0.000000e+00 0.000000e+00
3.756100e-14 0.000000e+00 0.000000e+00
-8.655324e-14 0.000000e+00 0.000000e+00
-3.297066e-13 0.000000e+00 0.000000e+00
-7.339504e-15 0.000000e+00 0.000000e+00
1.510184e-14 0.000000e+00 0.000000e+00
2.041274e-13 0.000000e+00 0.000000e+00
1.346702e-13 0.000000e+00 0.000000e+00
2.307033e-13 0.000000e+00 0.000000e+00
2.244539e-13 0.000000e+00 0.000000e+00
1.970719e-13 0.000000e+00 0.000000e+00
2.346492e-13 0.000000e+00 0.000000e+00
-6.972307e-14 0.000000e+00 0.000000e+00
-4.695602e-14 0.000000e+00 0.000000e+00
5.248382e-14 0.000000e+00 0.000000e+00
1.018205e-13 0.000000e+00 0.000000e+00
-1.186931e-13 0.000000e+00 0.000000e+00
-1.132667e-13 0.000000e+00 0.000000e+00
7.950719e-14 0.000000e+00 0.000000e+00
2.900631e-13 0.000000e+00 0.000000e+00
-2.955264e-13 0.000000e+00 0.000000e+00
4.196525e-15 0.000000e+00 0.000000e+00
-5.272898e-14 0.000000e+00 0.000000e+00
-3.640506e-13 0.000000e+00 0.000000e+00
-5.192198e-14 0.000000e+00 0.000000e+00
-2.461467e-13 0.000000e+00 0.000000e+00
-8.382658e-15 0.000000e+00 0.000000e+00
-9.509560e-14 0.000000e+00 0.000000e+00
8.471994e-14 0.000000e+00 0.000000e+00
9.435737e-14 0.000000e+00 0.000000e+00
3.523697e-13 0.000000e+00 0.000000e+00
1.308761e-14 0.000000e+00 0.000000e+00
-1.396388e-13 0.000000e+00 0.000000e+00
5.108158e-13 0.000000e+00 0.000000e+00
7.863423e-14 0.000000e+00 0.000000e+00
-8.850414e-14 0.000000e+00 0.000000e+00
-1.657694e-13 0.000000e+00 0.000000e+00
-3.435138e-13 0.000000e+00 0.000000e+00
1.216966e-14 0.000000e+00 0.000000e+00
2.748428e-13 0.000000e+00 0.000000e+00
2.429209e-13 0.000000e+00 0.000000e+00
-1.464646e-13 0.000000e+00 0.000000e+00
-2.828347e-14 0.000000e+00 0.000000e+00
4.881185e-14 0.000000e+00 0.000000e+00
2.518804e-13 0.000000e+00 0.000000e+00
4.728259e-14 0.000000e+00 0.000000e+00
1.007540e-13 0.000000e+00 0.000000e+00
-3.343096e-13 0.000000e+00 0.000000e+00
-7.484968e-14 0.000000e+00 0.000000e+00
1.481267e-13 0.000000e+00 0.000000e+00
3.365394e-14 0.000000e+00 0.000000e+00
2.166030e-13 0.000000e+00 0.000000e+00
-3.406340e-14 0.000000e+00 0.000000e+00
3.586413e-13 0.000000e+00 0.000000e+00
8.520976e-14 0.000000e+00 0.000000e+00
-1.676199e-13 0.000000e+00 0.000000e+00
2.074624e-13 0.000000e+00 0.000000e+00
-5.666877e-14 0.000000e+00 0.000000e+00
-1.168359e-13 0.000000e+00 0.000000e+00
-4.666404e-14 0.000000e+00 0.000000e+00
3.003079e-14 0.000000e+00 0.000000e+00
9.613214e-14 0.000000e+00 0.000000e+00
5.694124e-14 0.000000e+00 0.000000e+00
-9.898004e-15 0.000000e+00 0.000000e+00
1.704031e-13 0.000000e+00 0.000000e+00
7.235792e-14 0.000000e+00 0.000000e+00
-1.938295e-13 0.000000e+00 0.000000e+00
8.561513e-14 0.000000e+00 0.000000e+00
5.205218e-14 0.000000e+00 0.000000e+00
-7.111016e-14 0.000000e+00 0.000000e+00
-1.751733e-13 0.000000e+00 0.000000e+00
-1.290370e-13 0.000000e+00 0.000000e+00
3.067806e-13 0.000000e+00 0.000000e+00
1.960578e-15 0.000000e+00 0.000000e+00
-8.044415e-14 0.000000e+00 0.000000e+00
-2.636780e-13 0.000000e+00 0.000000e+00
-2.197648e-13 0.000000e+00 0.000000e+00
2.621760e-13 0.000000e+00 0.000000e+00
3.855693e-13 0.000000e+00 0.000000e+00
-1.490628e-13 0.000000e+00 0.000000e+00
-1.306617e-13 0.000000e+00 0.000000e+00
-3.528973e-13 0.000000e+00 0.000000e+00
-4.654009e-13 0.000000e+00 0.000000e+00
1.108546e-13 0.000000e+00 0.000000e+00
3.369482e-13 0.000000e+00 0.000000e+00
-1.720432e-13 0.000000e+00 0.000000e+00
2.729987e-13 0.000000e+00 0.000000e+00
-9.207770e-15 0.000000e+00 0.000000e+00
1.651519e-13 0.000000e+00 0.000000e+00
-2.215831e-14 0.000000e+00 0.000000e+00
8.766562e-14 0.000000e+00 0.000000e+00
8.324687e-14 0.000000e+00 0.000000e+00
-2.885511e-13 0.000000e+00 0.000000e+00
-1.653583e-14 0.000000e+00 0.000000e+00
1.845882e-13 0.000000e+00 0.000000e+00
5.674519e-15 0.000000e+00 0.000000e+00
-2.314759e-13 0.000000e+00 0.000000e+00
2.709285e-13 0.000000e+00 0.000000e+00
-2.343119e-14 0.000000e+00 0.000000e+00
-3.797990e-14 0.000000e+00 0.000000e+00
-4.821102e-14 0.000000e+00 0.000000e+00
2.059242e-14 0.000000e+00 0.000000e+00
-5.640157e-14 0.000000e+00 0.000000e+00
-2.969970e-14 0.000000e+00 0.000000e+00
7.140170e-15 0.000000e+00 0.000000e+00
8.904291e-14 0.000000e+00 0.000000e+00
1.142395e-13 0.000000e+00 0.000000e+00
1.233032e-14 0.000000e+00 0.000000e+00
8.058108e-14 0.000000e+00 0.000000e+00
2.083159e-13 0.000000e+00 0.000000e+00
3.327867e-13 0.000000e+00 0.000000e+00
1.225596e-14 0.000000e+00 0.000000e+00
3.165981e-14 0.000000e+00 0.000000e+00
-1.794360e-14 0.000000e+00 0.000000e+00
-1.179229e-13 0.000000e+00 0.000000e+00
1.732575e-13 0.000000e+00 0.000000e+00
5.827489e-14 0.000000e+00 0.000000e+00
-4.366524e-14 0.000000e+00 0.000000e+00
1.083804e-13 0.000000e+00 0.000000e+00
-2.225234e-13 0.000000e+00 0.000000e+00
4.540855e-13 0.000000e+00 0.000000e+00
3.238585e-13 0.000000e+00 0.000000e+00
1.100043e-13 0.000000e+00 0.000000e+00
7.727331e-14 0.000000e+00 0.000000e+00
3.473316e-14 0.000000e+00 0.000000e+00
2.095224e-13 0.000000e+00 0.000000e+00
4.566694e-14 0.000000e+00 0.000000e+00
-1.602742e-13 0.000000e+00 0.000000e+00
2.584251e-13 0.000000e+00 0.000000e+00
5.070821e-14 0.000000e+00 0.000000e+00
-1.439070e-13 0.000000e+00 0.000000e+00
-4.711445e-14 0.000000e+00 0.000000e+00
-1.458977e-13 0.000000e+00 0.000000e+00
6.428177e-15 0.000000e+00 0.000000e+00
-6.450121e-14 0.000000e+00 0.000000e+00
-3.458007e-14 0.000000e+00 0.000000e+00
-3.187606e-13 0.000000e+00 0.000000e+00
1.967365e-13 0.000000e+00 0.000000e+00
1.041256e-13 0.000000e+00 0.000000e+00
-1.524063e-14 0.000000e+00 0.000000e+00
-1.183550e-13 0.000000e+00 0.000000e+00
1.402638e-13 0.000000e+00 0.000000e+00
3.340303e-13 0.000000e+00 0.000000e+00
-9.091188e-15 0.000000e+00 0.000000e+00
3.343077e-14 0.000000e+00 0.000000e+00
4.163395e-14 0.000000e+00 0.000000e+00
-1.822611e-13 0.000000e+00 0.000000e+00
4.608048e-14 0.000000e+00 0.000000e+00
-6.651075e-14 0.000000e+00 0.000000e+00
1.448184e-14 0.000000e+00 0.000000e+00
2.203105e-13 0.000000e+00 0.000000e+00
1.162383e-13 0.000000e+00 0.000000e+00
-1.249492e-13 0.000000e+00 0.000000e+00
7.605768e-14 0.000000e+00 0.000000e+00
-9.005969e-14 0.000000e+00 0.000000e+00
1.391854e-13 0.000000e+00 0.000000e+00
-1.247905e-13 0.000000e+00 0.000000e+00
-4.749110e-13 0.000000e+00 0.000000e+00
-2.084299e-13 0.000000e+00 0.000000e+00
-6.698540e-14 0.000000e+00 0.000000e+00
8.641210e-14 0.000000e+00 0.000000e+00
1.813807e-13 0.000000e+00 0.000000e+00
-1.326763e-13 0.000000e+00 0.000000e+00
2.992726e-14 0.000000e+00 0.000000e+00
1.521358e-13 0.000000e+00 0.000000e+00
1.145427e-13 0.000000e+00 0.000000e+00
8.493119e-14 0.000000e+00 0.000000e+00
-4.105328e-14 0.000000e+00 0.000000e+00
-1.416739e-13 0.000000e+00 0.000000e+00
-2.496045e-13 0.000000e+00 0.000000e+00
-1.108888e-13 0.000000e+00 0.000000e+00
-2.180728e-13 0.000000e+00 0.000000e+00
-1.654912e-13 0.000000e+00 0.000000e+00
3.062154e-14 0.000000e+00 0.000000e+00
-2.330983e-13 0.000000e+00 0.000000e+00
-1.005495e-13 0.000000e+00 0.000000e+00
3.080048e-13 0.000000e+00 0.000000e+00
6.450470e-14 0.000000e+00 0.000000e+00
5.328620e-15 0.000000e+00 0.000000e+00
8.866928e-14 0.000000e+00 0.000000e+00
-9.478787e-14 0.000000e+00 0.000000e+00
3.901968e-13 0.000000e+00 0.000000e+00
-7.515123e-16 0.000000e+00 0.000000e+00
-9.533951e-14 0.000000e+00 0.000000e+00
-1.012001e-14 0.000000e+00 0.000000e+00
7.208846e-14 0.000000e+00 0.000000e+00
-2.405475e-13 0.000000e+00 0.000000e+00
-1.522867e-13 0.000000e+00 0.000000e+00
-1.073124e-13 0.000000e+00 0.000000e+00
1.991735e-13 0.000000e+00 0.000000e+00
-1.940988e-13 0.000000e+00 0.000000e+00
-7.153165e-15 0.000000e+00 0.000000e+00
-1.138173e-13 0.000000e+00 0.000000e+00
-2.442021e-13 0.000000e+00 0.000000e+00
-5.567981e-15 0.000000e+00 0.000000e+00
2.199044e-13 0.000000e+00 0.000000e+00
1.378686e-13 0.000000e+00 0.000000e+00
-1.443561e-13 0.000000e+00 0.000000e+00
-4.822613e-13 0.000000e+00 0.000000e+00
-4.680385e-14 0.000000e+00 0.000000e+00
-6.651556e-14 0.000000e+00 0.000000e+00
2.967101e-13 0.000000e+00 0.000000e+00
-4.925967e-14 0.000000e+00 0.000000e+00
7.859752e-14 0.000000e+00 0.000000e+00
2.255951e-13 0.000000e+00 0.000000e+00
-2.538771e-13 0.000000e+00 0.000000e+00
3.640177e-14 0.000000e+00 0.000000e+00
4.465235e-13 0.000000e+00 0.000000e+00
-3.062487e-13 0.000000e+00 0.000000e+00
-1.356411e-13 0.000000e+00 0.000000e+00
1.706692e-13 0.000000e+00 0.000000e+00
1.967280e-13 0.000000e+00 0.000000e+00
8.307558e-14 0.000000e+00 0.000000e+00
-1.970699e-13 0.000000e+00 0.000000e+00
-2.758151e-14 0.000000e+00 0.000000e+00
1.600177e-14 0.000000e+00 0.000000e+00
-1.623145e-14 0.000000e+00 0.000000e+00
2.653474e-14 0.000000e+00 0.000000e+00
-5.919620e-14 0.000000e+00 0.000000e+00
-6.943956e-14 0.000000e+00 0.000000e+00
1.537103e-13 0.000000e+00 0.000000e+00
-1.552471e-13 0.000000e+00 0.000000e+00
-1.046616e-14 0.000000e+00 0.000000e+00
-5.030856e-15 0.000000e+00 0.000000e+00
3.806946e-14 0.000000e+00 0.000000e+00
2.522102e-13 0.000000e+00 0.000000e+00
2.830204e-13 0.000000e+00 0.000000e+00
6.998443e-15 0.000000e+00 0.000000e+00
-1.904770e-13 0.000000e+00 0.000000e+00
-2.579977e-13 0.000000e+00 0.000000e+00
7.460952e-14 0.000000e+00 0.000000e+00
1.623197e-13 0.000000e+00 0.000000e+00
1.823487e-13 0.000000e+00 0.000000e+00
-4.791537e-14 0.000000e+00 0.000000e+00
-7.495905e-14 0.000000e+00 0.000000e+00
-4.637154e-14 0.000000e+00 0.000000e+00
1.197029e-13 0.000000e+00 0.000000e+00
8.373966e-14 0.000000e+00 0.000000e+00
2.104369e-14 0.000000e+00 0.000000e+00
2.886137e-13 0.000000e+00 0.000000e+00
-3.554243e-13 0.000000e+00 0.000000e+00
1.133945e-13 0.000000e+00 0.000000e+00
-6.830894e-14 0.000000e+00 0.000000e+00
-6.488590e-14 0.000000e+00 0.000000e+00
3.631368e-13 0.000000e+00 0.000000e+00
2.383103e-13 0.000000e+00 0.000000e+00
-1.413568e-13 0.000000e+00 0.000000e+00
-9.079176e-14 0.000000e+00 0.000000e+00
2.424716e-14 0.000000e+00 0.000000e+00
-5.795469e-14 0.000000e+00 0.000000e+00
8.715767e-14 0.000000e+00 0.000000e+00
1.834678e-14 0.000000e+00 0.000000e+00
1.273766e-13 0.000000e+00 0.000000e+00
2.440430e-14 0.000000e+00 0.000000e+00
1.594961e-13 0.000000e+00 0.000000e+00
1.577235e-13 0.000000e+00 0.000000e+00
-2.460283e-14 0.000000e+00 0.000000e+00
-7.164402e-14 0.000000e+00 0.000000e+00
1.329997e-13 0.000000e+00 0.000000e+00
5.773770e-15 0.000000e+00 0.000000e+00
2.268965e-13 0.000000e+00 0.000000e+00
-2.237023e-13 0.000000e+00 0.000000e+00
-7.596981e-14 0.000000e+00 0.000000e+00
-2.097863e-13 0.000000e+00 0.000000e+00
-1.164263e-13 0.000000e+00 0.000000e+00
-9.385718e-14 0.000000e+00 0.000000e+00
-1.780190e-13 0.000000e+00 0.000000e+00
2.405042e-13 0.000000e+00 0.000000e+00
9.311960e-14 0.000000e+00 0.000000e+00
2.982576e-14 0.000000e+00 0.000000e+00
2.338984e-13 0.000000e+00 0.000000e+00
-3.177440e-13 0.000000e+00 0.000000e+00
-1.657599e-13 0.000000e+00 0.000000e+00
4.348419e-13 0.000000e+00 0.000000e+00
3.179639e-13 0.000000e+00 0.000000e+00
-1.671344e-13 0.000000e+00 0.000000e+00
1.522524e-13 0.000000e+00 0.000000e+00
6.757178e-14 0.000000e+00 0.000000e+00
2.653344e-13 0.000000e+00 0.000000e+00
8.133013e-14 0.000000e+00 0.000000e+00
1.781600e-13 0.000000e+00 0.000000e+00
-1.121433e-13 0.000000e+00 0.000000e+00
-1.754628e-13 0.000000e+00 0.000000e+00
-8.544106e-15 0.000000e+00 0.000000e+00
2.374392e-13 0.000000e+00 0.000000e+00
1.999815e-13 0.000000e+00 0.000000e+00
1.425794e-13 0.000000e+00 0.000000e+00
-4.332836e-13 0.000000e+00 0.000000e+00
-2.330889e-13 0.000000e+00 0.000000e+00
1.476536e-13 0.000000e+00 0.000000e+00
7.364762e-14 0.000000e+00 0.000000e+00
1.806977e-13 0.000000e+00 0.000000e+00
1.498613e-13 0.000000e+00 0.000000e+00
1.617467e-13 0.000000e+00 0.000000e+00
2.481402e-13 0.000000e+00 0.000000e+00
-3.136523e-14 0.000000e+00 0.000000e+00
5.705682e-14 0.000000e+00 0.000000e+00
-2.623984e-13 0.000000e+00 0.000000e+00
-2.160622e-13 0.000000e+00 0.000000e+00
-7.389757e-14 0.000000e+00 0.000000e+00
-7.372532e-14 0.000000e+00 0.000000e+00
-2.778515e-13 0.000000e+00 0.000000e+00
-4.190117e-14 0.000000e+00 0.000000e+00
1.063005e-13 0.000000e+00 0.000000e+00
1.516779e-13 0.000000e+00 0.000000e+00
-1.471484e-13 0.000000e+00 0.000000e+00
1.057116e-13 0.000000e+00 0.000000e+00
-2.970312e-14 0.000000e+00 0.000000e+00
-9.937184e-14 0.000000e+00 0.000000e+00
2.847693e-14 0.000000e+00 0.000000e+00
-1.161489e-13 0.000000e+00 0.000000e+00
8.749031e-15 0.000000e+00 0.000000e+00
-6.830642e-14 0.000000e+00 0.000000e+00
2.811625e-13 0.000000e+00 0.000000e+00
1.362737e-13 0.000000e+00 0.000000e+00
1.930226e-13 0.000000e+00 0.000000e+00
-3.028643e-14 0.000000e+00 0.000000e+00
-7.595458e-14 0.000000e+00 0.000000e+00
2.068254e-14 0.000000e+00 0.000000e+00
-1.699677e-13 0.000000e+00 0.000000e+00
-6.355860e-15 0.000000e+00 0.000000e+00
2.629964e-13 0.000000e+00 0.000000e+00
4.114545e-15 0.000000e+00 0.000000e+00
1.589190e-13 0.000000e+00 0.000000e+00
2.837136e-13 0.000000e+00 0.000000e+00
-2.939038e-13 0.000000e+00 0.000000e+00
-2.362461e-13 0.000000e+00 0.000000e+00
3.056663e-14 0.000000e+00 0.000000e+00
2.891042e-13 0.000000e+00 0.000000e+00
1.308352e-13 0.000000e+00 0.000000e+00
-2.781251e-13 0.000000e+00 0.000000e+00
1.437681e-14 0.000000e+00 0.000000e+00
-4.560680e-14 0.000000e+00 0.000000e+00
-3.265386e-13 0.000000e+00 0.000000e+00
-9.408008e-14 0.000000e+00 0.000000e+00
5.434579e-14 0.000000e+00 0.000000e+00
4.264739e-14 0.000000e+00 0.000000e+00
1.717443e-13 0.000000e+00 0.000000e+00
2.870584e-13 0.000000e+00 0.000000e+00
-2.506427e-13 0.000000e+00 0.000000e+00
4.689217e-15 0.000000e+00 0.000000e+00
1.505749e-13 0.000000e+00 0.000000e+00
-4.468781e-13 0.000000e+00 0.000000e+00
1.690965e-13 0.000000e+00 0.000000e+00
6.474061e-14 0.000000e+00 0.000000e+00
2.018438e-14 0.000000e+00 0.000000e+00
-7.575700e-14 0.000000e+00 0.000000e+00
-1.185275e-13 0.000000e+00 0.000000e+00
-1.190427e-13 0.000000e+00 0.000000e+00
-1.464333e-13 0.000000e+00 0.000000e+00
2.104003e-13 0.000000e+00 0.000000e+00
-1.496319e-13 0.000000e+00 0.000000e+00
8.283244e-14 0.000000e+00 0.000000e+00
-8.303025e-14 0.000000e+00 0.000000e+00
3.197570e-14 0.000000e+00 0.000000e+00
-1.012819e-13 0.000000e+00 0.000000e+00
-3.230345e-13 0.000000e+00 0.000000e+00
-1.376535e-13 0.000000e+00 0.000000e+00
2.854657e-14 0.000000e+00 0.000000e+00
1.314807e-13 0.000000e+00 0.000000e+00
-9.164168e-14 0.000000e+00 0.000000e+00
1.158503e-13 0.000000e+00 0.000000e+00
-1.832858e-13 0.000000e+00 0.000000e+00
4.939453e-14 0.000000e+00 0.000000e+00
5.047581e-14 0.000000e+00 0.000000e+00
7.243844e-15 0.000000e+00 0.000000e+00
-1.805752e-14 0.000000e+00 0.000000e+00
-1.195506e-13 0.000000e+00 0.000000e+00
6.443706e-14 0.000000e+00 0.000000e+00
-1.432496e-13 0.000000e+00 0.000000e+00
-5.637758e-13 0.000000e+00 0.000000e+00
1.670300e-14 0.000000e+00 0.000000e+00
1.004162e-13 0.000000e+00 0.000000e+00
-8.919275e-15 0.000000e+00 0.000000e+00
2.844477e-14 0.000000e+00 0.000000e+00
6.922088e-14 0.000000e+00 0.000000e+00
-1.878469e-13 0.000000e+00 0.000000e+00
1.539966e-13 0.000000e+00 0.000000e+00
3.350841e-13 0.000000e+00 0.000000e+00
-8.302504e-14 0.000000e+00 0.000000e+00
7.502552e-14 0.000000e+00 0.000000e+00
-5.640582e-14 0.000000e+00 0.000000e+00
-8.887418e-14 0.000000e+00 0.000000e+00
-7.741673e-14 0.000000e+00 0.000000e+00
-4.175644e-14 0.000000e+00 0.000000e+00
-3.006205e-13 0.000000e+00 0.000000e+00
1.631992e-13 0.000000e+00 0.000000e+00
1.115942e-13 0.000000e+00 0.000000e+00
-1.026326e-13 0.000000e+00 0.000000e+00
-1.959221e-14 0.000000e+00 0.000000e+00
-1.003404e-13 0.000000e+00 0.000000e+00
-6.950038e-14 0.000000e+00 0.000000e+00
-1.380328e-13 0.000000e+00 0.000000e+00
1.869011e-13 0.000000e+00 0.000000e+00
-7.152757e-14 0.000000e+00 0.000000e+00
-1.290704e-13 0.000000e+00 0.000000e+00
9.324365e-16 0.000000e+00 0.000000e+00
-1.464459e-13 0.000000e+00 0.000000e+00
1.563951e-14 0.000000e+00 0.000000e+00
2.520309e-14 0.000000e+00 0.000000e+00
5.306769e-14 0.000000e+00 0.000000e+00
-6.651809e-14 0.000000e+00 0.000000e+00
-2.903774e-14 0.000000e+00 0.000000e+00
1.718564e-13 0.000000e+00 0.000000e+00
2.958661e-13 0.000000e+00 0.000000e+00
4.763035e-14 0.000000e+00 0.000000e+00
1.793536e-13 0.000000e+00 0.000000e+00
1.454567e-13 0.000000e+00 0.000000e+00
-3.056772e-14 0.000000e+00 0.000000e+00
7.204871e-14 0.000000e+00 0.000000e+00
-4.692913e-13 0.000000e+00 0.000000e+00
-1.701115e-13 0.000000e+00 0.000000e+00
-1.169247e-13 0.000000e+00 0.000000e+00
-1.193731e-13 0.000000e+00 0.000000e+00
-2.173664e-13 0.000000e+00 0.000000e+00
2.753567e-13 0.000000e+00 0.000000e+00
7.249286e-14 0.000000e+00 0.000000e+00
1.401442e-13 0.000000e+00 0.000000e+00
-6.881532e-14 0.000000e+00 0.000000e+00
1.650912e-13 0.000000e+00 0.000000e+00
5.525240e-14 0.000000e+00 0.000000e+00
2.831884e-14 0.000000e+00 0.000000e+00
-1.554661e-13 0.000000e+00 0.000000e+00
-6.788988e-14 0.000000e+00 0.000000e+00
8.468058e-14 0.000000e+00 0.000000e+00
1.065304e-13 0.000000e+00 0.000000e+00
2.014487e-13 0.000000e+00 0.000000e+00
1.695472e-13 0.000000e+00 0.000000e+00
-2.102961e-13 0.000000e+00 0.000000e+00
-2.229479e-13 0.000000e+00 0.000000e+00
-2.901944e-13 0.000000e+00 0.000000e+00
4.313771e-14 0.000000e+00 0.000000e+00
1.254480e-13 0.000000e+00 0.000000e+00
-8.028415e-14 0.000000e+00 0.000000e+00
-1.272362e-13 0.000000e+00 0.000000e+00
-4.184255e-13 0.000000e+00 0.000000e+00
-1.212176e-13 0.000000e+00 0.000000e+00
6.419624e-14 0.000000e+00 0.000000e+00
1.955839e-13 0.000000e+00 0.000000e+00
-3.914345e-14 0.000000e+00 0.000000e+00
-1.086219e-13 0.000000e+00 0.000000e+00
2.905457e-13 0.000000e+00 0.000000e+00
1.627993e-13 0.000000e+00 0.000000e+00
3.827400e-14 0.000000e+00 0.000000e+00
1.646116e-13 0.000000e+00 0.000000e+00
-4.618597e-14 0.000000e+00 0.000000e+00
-1.582372e-13 0.000000e+00 0.000000e+00
-1.911441e-13 0.000000e+00 0.000000e+00
-9.027007e-14 0.000000e+00 0.000000e+00
-4.646970e-13 0.000000e+00 0.000000e+00
-1.427776e-13 0.000000e+00 0.000000e+00
5.548095e-14 0.000000e+00 0.000000e+00
1.923344e-13 0.000000e+00 0.000000e+00
-3.011714e-13 0.000000e+00 0.000000e+00
-3.596709e-15 0.000000e+00 0.000000e+00
-5.222530e-14 0.000000e+00 0.000000e+00
7.630157e-14 0.000000e+00 0.000000e+00
3.325530e-14 0.000000e+00 0.000000e+00
-1.980121e-14 0.000000e+00 0.000000e+00
8.315819e-14 0.000000e+00 0.000000e+00
-4.466330e-14 0.000000e+00 0.000000e+00
1.830746e-13 0.000000e+00 0.000000e+00
1.003084e-13 0.000000e+00 0.000000e+00
2.118381e-13 0.000000e+00 0.000000e+00
-6.378602e-14 0.000000e+00 0.000000e+00
-1.669320e-13 0.000000e+00 0.000000e+00
-3.069708e-14 0.000000e+00 0.000000e+00
-1.911689e-13 0.000000e+00 0.000000e+00
-1.706089e-13 0.000000e+00 0.000000e+00
-2.487595e-13 0.000000e+00 0.000000e+00
4.034770e-13 0.000000e+00 0.000000e+00
-1.606268e-13 0.000000e+00 0.000000e+00
-3.208502e-13 0.000000e+00 0.000000e+00
7.963391e-14 0.000000e+00 0.000000e+00
3.095210e-13 0.000000e+00 0.000000e+00
8.898880e-14 0.000000e+00 0.000000e+00
-2.005232e-13 0.000000e+00 0.000000e+00
-6.091009e-15 0.000000e+00 0.000000e+00
1.861514e-13 0.000000e+00 0.000000e+00
2.730514e-13 0.000000e+00 0.000000e+00
-5.395613e-13 0.000000e+00 0.000000e+00
-7.514572e-14 0.000000e+00 0.000000e+00
4.471265e-14 0.000000e+00 0.000000e+00
-7.033659e-14 0.000000e+00 0.000000e+00
2.290183e-13 0.000000e+00 0.000000e+00
4.027315e-14 0.000000e+00 0.000000e+00
3.251282e-13 0.000000e+00 0.000000e+00
2.899113e-13 0.000000e+00 0.000000e+00
-2.246078e-13 0.000000e+00 0.000000e+00
-1.967464e-14 0.000000e+00 0.000000e+00
-1.707830e-13 0.000000e+00 0.000000e+00
1.046957e-13 0.000000e+00 0.000000e+00
2.869515e-13 0.000000e+00 0.000000e+00
1.464850e-13 0.000000e+00 0.000000e+00
3.016928e-13 0.000000e+00 0.000000e+00
2.670434e-13 0.000000e+00 0.000000e+00
3.404031e-14 0.000000e+00 0.000000e+00
1.356085e-13 0.000000e+00 0.000000e+00
-2.540348e-13 0.000000e+00 0.000000e+00
-1.406196e-13 0.000000e+00 0.000000e+00
-3.101129e-15 0.000000e+00 0.000000e+00
3.663548e-13 0.000000e+00 0.000000e+00
-1.705365e-13 0.000000e+00 0.000000e+00
4.587375e-13 0.000000e+00 0.000000e+00
2.443922e-13 0.000000e+00 0.000000e+00
3.627121e-14 0.000000e+00 0.000000e+00
-1.169806e-14 0.000000e+00 0.000000e+00
5.872648e-14 0.000000e+00 0.000000e+00
-1.071613e-14 0.000000e+00 0.000000e+00
-1.038655e-13 0.000000e+00 0.000000e+00
-2.011211e-14 0.000000e+00 0.000000e+00
-4.449616e-13 0.000000e+00 0.000000e+00
2.422185e-13 0.000000e+00 0.000000e+00
1.145534e-13 0.000000e+00 0.000000e+00
-6.866554e-14 0.000000e+00 0.000000e+00
-1.821865e-13 0.000000e+00 0.000000e+00
-2.797566e-13 0.000000e+00 0.000000e+00
5.128995e-14 0.000000e+00 0.000000e+00
2.438353e-13 0.000000e+00 0.000000e+00
6.942489e-14 0.000000e+00 0.000000e+00
2.235141e-14 0.000000e+00 0.000000e+00
1.805266e-13 0.000000e+00 0.000000e+00
-2.997166e-13 0.000000e+00 0.000000e+00
-1.890954e-13 0.000000e+00 0.000000e+00
3.981114e-13 0.000000e+00 0.000000e+00
2.499444e-13 0.000000e+00 0.000000e+00
-1.289736e-13 0.000000e+00 0.000000e+00
-2.883827e-15 0.000000e+00 0.000000e+00
4.114374e-14 0.000000e+00 0.000000e+00
-2.317093e-13 0.000000e+00 0.000000e+00
-4.217188e-14 0.000000e+00 0.000000e+00
1.265238e-13 0.000000e+00 0.000000e+00
-2.259900e-13 0.000000e+00 0.000000e+00
-1.277447e-13 0.000000e+00 0.000000e+00
1.059822e-13 0.000000e+00 0.000000e+00
3.854151e-14 0.000000e+00 0.000000e+00
-4.906083e-14 0.000000e+00 0.000000e+00
5.700274e-14 0.000000e+00 0.000000e+00
-9.306156e-14 0.000000e+00 0.000000e+00
2.043726e-13 0.000000e+00 0.000000e+00
-1.508562e-13 0.000000e+00 0.000000e+00
3.378864e-14 0.000000e+00 0.000000e+00
