pX pY pZ 
1.389444e-13 0.000000e+00 0.000000e+00
-4.144515e-14 0.000000e+00 0.000000e+00
2.594829e-13 0.000000e+00 0.000000e+00
1.992669e-13 0.000000e+00 0.000000e+00
7.961047e-14 0.000000e+00 0.000000e+00
-4.284007e-14 0.000000e+00 0.000000e+00
9.928482e-14 0.000000e+00 0.000000e+00
-3.466642e-13 0.000000e+00 0.000000e+00
-2.499194e-13 0.000000e+00 0.000000e+00
-3.208778e-14 0.000000e+00 0.000000e+00
1.538161e-13 0.000000e+00 0.000000e+00
2.287218e-13 0.000000e+00 0.000000e+00
1.692241e-13 0.000000e+00 0.000000e+00
1.308398e-13 0.000000e+00 0.000000e+00
-2.671792e-13 0.000000e+00 0.000000e+00
1.437389e-13 0.000000e+00 0.000000e+00
1.431843e-14 0.000000e+00 0.000000e+00
1.149600e-13 0.000000e+00 0.000000e+00
-3.626790e-14 0.000000e+00 0.000000e+00
-7.250288e-14 0.000000e+00 0.000000e+00
-1.889104e-13 0.000000e+00 0.000000e+00
-8.565006e-14 0.000000e+00 0.000000e+00
-2.488528e-13 0.000000e+00 0.000000e+00
1.592736e-13 0.000000e+00 0.000000e+00
1.387761e-15 0.000000e+00 0.000000e+00
3.022675e-13 0.000000e+00 0.000000e+00
-1.381138e-13 0.000000e+00 0.000000e+00
-3.811033e-14 0.000000e+00 0.000000e+00
6.142239e-14 0.000000e+00 0.000000e+00
-7.054248e-14 0.000000e+00 0.000000e+00
-7.671565e-14 0.000000e+00 0.000000e+00
-6.911642e-14 0.000000e+00 0.000000e+00
-2.369904e-14 0.000000e+00 0.000000e+00
3.396144e-13 0.000000e+00 0.000000e+00
-8.938228e-15 0.000000e+00 0.000000e+00
-1.038568e-13 0.000000e+00 0.000000e+00
6.692917e-14 0.000000e+00 0.000000e+00
-2.863261e-13 0.000000e+00 0.000000e+00
-1.403853e-13 0.000000e+00 0.000000e+00
1.337494e-13 0.000000e+00 0.000000e+00
3.232905e-13 0.000000e+00 0.000000e+00
6.120081e-14 0.000000e+00 0.000000e+00
-1.672099e-13 0.000000e+00 0.000000e+00
1.941207e-13 0.000000e+00 0.000000e+00
-2.368390e-13 0.000000e+00 0.000000e+00
1.864315e-13 0.000000e+00 0.000000e+00
-3.803317e-14 0.000000e+00 0.000000e+00
1.019797e-13 0.000000e+00 0.000000e+00
-9.622671e-14 0.000000e+00 0.000000e+00
8.017387e-14 0.000000e+00 0.000000e+00
-2.276410e-13 0.000000e+00 0.000000e+00
-2.151733e-13 0.000000e+00 0.000000e+00
-5.783725e-14 0.000000e+00 0.000000e+00
2.577495e-14 0.000000e+00 0.000000e+00
2.330607e-13 0.000000e+00 0.000000e+00
-2.765733e-14 0.000000e+00 0.000000e+00
2.049700e-13 0.000000e+00 0.000000e+00
8.907844e-14 0.000000e+00 0.000000e+00
2.791264e-13 0.000000e+00 0.000000e+00
9.569096e-14 0.000000e+00 0.000000e+00
1.161399e-13 0.000000e+00 0.000000e+00
1.843807e-13 0.000000e+00 0.000000e+00
1.244451e-13 0.000000e+00 0.000000e+00
2.192080e-13 0.000000e+00 0.000000e+00
3.184902e-14 0.000000e+00 0.000000e+00
4.847340e-14 0.000000e+00 0.000000e+00
-2.797568e-13 0.000000e+00 0.000000e+00
2.027479e-13 0.000000e+00 0.000000e+00
1.594359e-13 0.000000e+00 0.000000e+00
6.208764e-15 0.000000e+00 0.000000e+00
1.869383e-13 0.000000e+00 0.000000e+00
2.163549e-13 0.000000e+00 0.000000e+00
-2.402992e-13 0.000000e+00 0.000000e+00
7.010084e-14 0.000000e+00 0.000000e+00
6.746476e-14 0.000000e+00 0.000000e+00
1.526011e-13 0.000000e+00 0.000000e+00
2.460079e-13 0.000000e+00 0.000000e+00
2.358936e-14 0.000000e+00 0.000000e+00
1.510377e-13 0.000000e+00 0.000000e+00
-1.395513e-14 0.000000e+00 0.000000e+00
-2.014824e-13 0.000000e+00 0.000000e+00
2.118037e-13 0.000000e+00 0.000000e+00
-1.780272e-13 0.000000e+00 0.000000e+00
-5.024215e-14 0.000000e+00 0.000000e+00
-2.300307e-13 0.000000e+00 0.000000e+00
-9.450244e-15 0.000000e+00 0.000000e+00
-1.100916e-13 0.000000e+00 0.000000e+00
8.054190e-14 0.000000e+00 0.000000e+00
3.254613e-13 0.000000e+00 0.000000e+00
-9.830302e-14 0.000000e+00 0.000000e+00
-1.064553e-13 0.000000e+00 0.000000e+00
-7.400079e-14 0.000000e+00 0.000000e+00
-1.120992e-13 0.000000e+00 0.000000e+00
3.904961e-14 0.000000e+00 0.000000e+00
-2.327876e-13 0.000000e+00 0.000000e+00
-3.619223e-15 0.000000e+00 0.000000e+00
3.210068e-13 0.000000e+00 0.000000e+00
5.274587e-15 0.000000e+00 0.000000e+00
7.783908e-15 0.000000e+00 0.000000e+00
-3.767139e-14 0.000000e+00 0.000000e+00
-3.672340e-13 0.000000e+00 0.000000e+00
1.620341e-13 0.000000e+00 0.000000e+00
2.563267e-13 0.000000e+00 0.000000e+00
-2.978639e-13 0.000000e+00 0.000000e+00
9.133388e-15 0.000000e+00 0.000000e+00
9.322354e-14 0.000000e+00 0.000000e+00
1.599907e-13 0.000000e+00 0.000000e+00
-9.528519e-15 0.000000e+00 0.000000e+00
4.418110e-14 0.000000e+00 0.000000e+00
-8.271005e-14 0.000000e+00 0.000000e+00
-2.420063e-13 0.000000e+00 0.000000e+00
-1.537378e-13 0.000000e+00 0.000000e+00
-1.769617e-13 0.000000e+00 0.000000e+00
-2.342165e-13 0.000000e+00 0.000000e+00
-5.039872e-14 0.000000e+00 0.000000e+00
-1.257755e-13 0.000000e+00 0.000000e+00
2.712623e-13 0.000000e+00 0.000000e+00
3.028853e-14 0.000000e+00 0.000000e+00
6.505582e-13 0.000000e+00 0.000000e+00
-3.922213e-14 0.000000e+00 0.000000e+00
1.254622e-13 0.000000e+00 0.000000e+00
-1.062992e-14 0.000000e+00 0.000000e+00
-1.276637e-13 0.000000e+00 0.000000e+00
-3.326930e-13 0.000000e+00 0.000000e+00
-1.726344e-13 0.000000e+00 0.000000e+00
-4.141293e-14 0.000000e+00 0.000000e+00
1.207089e-13 0.000000e+00 0.000000e+00
1.956069e-15 0.000000e+00 0.000000e+00
9.008052e-14 0.000000e+00 0.000000e+00
7.733293e-14 0.000000e+00 0.000000e+00
-2.797227e-13 0.000000e+00 0.000000e+00
1.611759e-14 0.000000e+00 0.000000e+00
1.314622e-14 0.000000e+00 0.000000e+00
-2.122644e-13 0.000000e+00 0.000000e+00
4.554287e-13 0.000000e+00 0.000000e+00
1.566331e-13 0.000000e+00 0.000000e+00
-1.384747e-13 0.000000e+00 0.000000e+00
-2.411507e-13 0.000000e+00 0.000000e+00
2.625800e-13 0.000000e+00 0.000000e+00
1.260488e-13 0.000000e+00 0.000000e+00
3.115014e-14 0.000000e+00 0.000000e+00
7.932894e-14 0.000000e+00 0.000000e+00
-1.316359e-14 0.000000e+00 0.000000e+00
-4.963188e-14 0.000000e+00 0.000000e+00
-1.957137e-13 0.000000e+00 0.000000e+00
-9.050399e-14 0.000000e+00 0.000000e+00
3.057432e-14 0.000000e+00 0.000000e+00
-2.641112e-13 0.000000e+00 0.000000e+00
-2.160330e-13 0.000000e+00 0.000000e+00
1.943904e-13 0.000000e+00 0.000000e+00
1.219968e-14 0.000000e+00 0.000000e+00
1.057610e-13 0.000000e+00 0.000000e+00
-3.660621e-13 0.000000e+00 0.000000e+00
-2.075405e-13 0.000000e+00 0.000000e+00
1.751447e-13 0.000000e+00 0.000000e+00
3.043585e-14 0.000000e+00 0.000000e+00
2.435081e-13 0.000000e+00 0.000000e+00
1.488756e-13 0.000000e+00 0.000000e+00
-6.429317e-15 0.000000e+00 0.000000e+00
-1.492217e-14 0.000000e+00 0.000000e+00
-1.579617e-13 0.000000e+00 0.000000e+00
1.420538e-14 0.000000e+00 0.000000e+00
8.486382e-14 0.000000e+00 0.000000e+00
-1.885792e-13 0.000000e+00 0.000000e+00
2.346877e-13 0.000000e+00 0.000000e+00
-2.114351e-13 0.000000e+00 0.000000e+00
-2.493840e-14 0.000000e+00 0.000000e+00
4.482224e-13 0.000000e+00 0.000000e+00
1.520929e-13 0.000000e+00 0.000000e+00
-3.330679e-13 0.000000e+00 0.000000e+00
-1.681421e-13 0.000000e+00 0.000000e+00
2.978379e-13 0.000000e+00 0.000000e+00
-8.773335e-14 0.000000e+00 0.000000e+00
6.237285e-14 0.000000e+00 0.000000e+00
-1.218290e-13 0.000000e+00 0.000000e+00
-1.228193e-13 0.000000e+00 0.000000e+00
-5.971785e-14 0.000000e+00 0.000000e+00
-1.687454e-13 0.000000e+00 0.000000e+00
-5.594975e-14 0.000000e+00 0.000000e+00
2.086280e-14 0.000000e+00 0.000000e+00
4.979588e-14 0.000000e+00 0.000000e+00
-6.238647e-14 0.000000e+00 0.000000e+00
-3.198135e-14 0.000000e+00 0.000000e+00
2.712841e-13 0.000000e+00 0.000000e+00
-7.006034e-14 0.000000e+00 0.000000e+00
2.725205e-13 0.000000e+00 0.000000e+00
5.845020e-14 0.000000e+00 0.000000e+00
-3.349461e-13 0.000000e+00 0.000000e+00
2.347624e-13 0.000000e+00 0.000000e+00
1.154345e-13 0.000000e+00 0.000000e+00
-9.515066e-14 0.000000e+00 0.000000e+00
-1.227086e-13 0.000000e+00 0.000000e+00
-2.077254e-13 0.000000e+00 0.000000e+00
1.798469e-13 0.000000e+00 0.000000e+00
-1.964562e-13 0.000000e+00 0.000000e+00
-4.514850e-13 0.000000e+00 0.000000e+00
4.300029e-14 0.000000e+00 0.000000e+00
3.010821e-13 0.000000e+00 0.000000e+00
-2.071293e-13 0.000000e+00 0.000000e+00
-2.763919e-13 0.000000e+00 0.000000e+00
-1.586808e-13 0.000000e+00 0.000000e+00
8.954482e-14 0.000000e+00 0.000000e+00
-3.146258e-13 0.000000e+00 0.000000e+00
9.381992e-14 0.000000e+00 0.000000e+00
-1.760795e-13 0.000000e+00 0.000000e+00
2.292578e-13 0.000000e+00 0.000000e+00
-2.405300e-13 0.000000e+00 0.000000e+00
-3.741126e-14 0.000000e+00 0.000000e+00
-8.952014e-14 0.000000e+00 0.000000e+00
-1.201963e-13 0.000000e+00 0.000000e+00
5.547216e-14 0.000000e+00 0.000000e+00
1.191647e-13 0.000000e+00 0.000000e+00
-1.433492e-13 0.000000e+00 0.000000e+00
-1.099758e-13 0.000000e+00 0.000000e+00
-6.051912e-14 0.000000e+00 0.000000e+00
-1.867061e-13 0.000000e+00 0.000000e+00
-2.868217e-14 0.000000e+00 0.000000e+00
-3.891763e-14 0.000000e+00 0.000000e+00
-1.734229e-13 0.000000e+00 0.000000e+00
6.474791e-14 0.000000e+00 0.000000e+00
-2.692765e-14 0.000000e+00 0.000000e+00
-1.029246e-13 0.000000e+00 0.000000e+00
7.216720e-14 0.000000e+00 0.000000e+00
-3.232571e-13 0.000000e+00 0.000000e+00
-7.881557e-14 0.000000e+00 0.000000e+00
1.480204e-14 0.000000e+00 0.000000e+00
-1.427948e-13 0.000000e+00 0.000000e+00
-1.673193e-13 0.000000e+00 0.000000e+00
-1.980513e-13 0.000000e+00 0.000000e+00
5.106605e-14 0.000000e+00 0.000000e+00
-1.223413e-13 0.000000e+00 0.000000e+00
1.068423e-13 0.000000e+00 0.000000e+00
2.434630e-13 0.000000e+00 0.000000e+00
1.246401e-13 0.000000e+00 0.000000e+00
5.612976e-14 0.000000e+00 0.000000e+00
1.564354e-13 0.000000e+00 0.000000e+00
-2.356160e-13 0.000000e+00 0.000000e+00
-4.916152e-14 0.000000e+00 0.000000e+00
-2.144400e-13 0.000000e+00 0.000000e+00
-5.577180e-15 0.000000e+00 0.000000e+00
5.267420e-14 0.000000e+00 0.000000e+00
-8.247196e-14 0.000000e+00 0.000000e+00
-2.555098e-13 0.000000e+00 0.000000e+00
-6.351087e-14 0.000000e+00 0.000000e+00
2.418722e-13 0.000000e+00 0.000000e+00
-7.449250e-15 0.000000e+00 0.000000e+00
-2.680651e-13 0.000000e+00 0.000000e+00
9.213604e-14 0.000000e+00 0.000000e+00
-7.541760e-14 0.000000e+00 0.000000e+00
-2.315313e-14 0.000000e+00 0.000000e+00
-1.886012e-13 0.000000e+00 0.000000e+00
1.450429e-13 0.000000e+00 0.000000e+00
2.202663e-13 0.000000e+00 0.000000e+00
1.968845e-13 0.000000e+00 0.000000e+00
3.296186e-13 0.000000e+00 0.000000e+00
-6.863583e-15 0.000000e+00 0.000000e+00
-1.421549e-13 0.000000e+00 0.000000e+00
-1.625059e-14 0.000000e+00 0.000000e+00
-1.926927e-13 0.000000e+00 0.000000e+00
5.103804e-15 0.000000e+00 0.000000e+00
-9.913882e-14 0.000000e+00 0.000000e+00
1.109915e-13 0.000000e+00 0.000000e+00
-2.747417e-13 0.000000e+00 0.000000e+00
1.296921e-13 0.000000e+00 0.000000e+00
6.875670e-14 0.000000e+00 0.000000e+00
7.658124e-14 0.000000e+00 0.000000e+00
-3.588679e-13 0.000000e+00 0.000000e+00
2.963580e-14 0.000000e+00 0.000000e+00
3.730290e-14 0.000000e+00 0.000000e+00
-6.125491e-14 0.000000e+00 0.000000e+00
1.567380e-13 0.000000e+00 0.000000e+00
-2.863945e-13 0.000000e+00 0.000000e+00
1.350554e-13 0.000000e+00 0.000000e+00
-1.585510e-13 0.000000e+00 0.000000e+00
-2.141115e-13 0.000000e+00 0.000000e+00
8.577972e-14 0.000000e+00 0.000000e+00
2.107691e-13 0.000000e+00 0.000000e+00
-1.214276e-13 0.000000e+00 0.000000e+00
3.686815e-13 0.000000e+00 0.000000e+00
1.923203e-13 0.000000e+00 0.000000e+00
1.638933e-13 0.000000e+00 0.000000e+00
3.315507e-13 0.000000e+00 0.000000e+00
-6.262017e-14 0.000000e+00 0.000000e+00
-2.027581e-14 0.000000e+00 0.000000e+00
-4.281857e-14 0.000000e+00 0.000000e+00
4.407161e-14 0.000000e+00 0.000000e+00
-7.128482e-14 0.000000e+00 0.000000e+00
1.732869e-13 0.000000e+00 0.000000e+00
-8.440967e-14 0.000000e+00 0.000000e+00
-2.615925e-14 0.000000e+00 0.000000e+00
-1.254920e-13 0.000000e+00 0.000000e+00
-6.859044e-15 0.000000e+00 0.000000e+00
-2.158935e-13 0.000000e+00 0.000000e+00
4.170985e-14 0.000000e+00 0.000000e+00
1.288319e-13 0.000000e+00 0.000000e+00
2.649006e-13 0.000000e+00 0.000000e+00
1.829976e-13 0.000000e+00 0.000000e+00
-2.104893e-13 0.000000e+00 0.000000e+00
3.853381e-16 0.000000e+00 0.000000e+00
1.531834e-13 0.000000e+00 0.000000e+00
-2.278573e-13 0.000000e+00 0.000000e+00
9.134923e-14 0.000000e+00 0.000000e+00
-3.331523e-14 0.000000e+00 0.000000e+00
-1.362825e-13 0.000000e+00 0.000000e+00
-1.540580e-13 0.000000e+00 0.000000e+00
-2.024536e-13 0.000000e+00 0.000000e+00
-8.247684e-14 0.000000e+00 0.000000e+00
1.221470e-13 0.000000e+00 0.000000e+00
-6.851636e-14 0.000000e+00 0.000000e+00
-2.505656e-14 0.000000e+00 0.000000e+00
3.583289e-13 0.000000e+00 0.000000e+00
-1.888790e-13 0.000000e+00 0.000000e+00
2.040437e-13 0.000000e+00 0.000000e+00
3.162341e-13 0.000000e+00 0.000000e+00
-7.022342e-14 0.000000e+00 0.000000e+00
-8.514908e-14 0.000000e+00 0.000000e+00
-8.574952e-14 0.000000e+00 0.000000e+00
2.075807e-13 0.000000e+00 0.000000e+00
-4.060689e-14 0.000000e+00 0.000000e+00
-1.246628e-13 0.000000e+00 0.000000e+00
-1.883238e-13 0.000000e+00 0.000000e+00
-7.263695e-14 0.000000e+00 0.000000e+00
-1.724059e-14 0.000000e+00 0.000000e+00
9.631518e-15 0.000000e+00 0.000000e+00
1.770511e-13 0.000000e+00 0.000000e+00
1.155021e-13 0.000000e+00 0.000000e+00
-1.321475e-15 0.000000e+00 0.000000e+00
-5.399871e-14 0.000000e+00 0.000000e+00
-5.466334e-14 0.000000e+00 0.000000e+00
-2.759816e-13 0.000000e+00 0.000000e+00
-3.769072e-13 0.000000e+00 0.000000e+00
-2.109241e-13 0.000000e+00 0.000000e+00
4.138590e-13 0.000000e+00 0.000000e+00
-7.092527e-14 0.000000e+00 0.000000e+00
-1.562211e-14 0.000000e+00 0.000000e+00
-1.999909e-13 0.000000e+00 0.000000e+00
1.013286e-13 0.000000e+00 0.000000e+00
1.475175e-13 0.000000e+00 0.000000e+00
3.040917e-14 0.000000e+00 0.000000e+00
1.919488e-13 0.000000e+00 0.000000e+00
-1.777372e-13 0.000000e+00 0.000000e+00
1.263772e-13 0.000000e+00 0.000000e+00
1.510442e-13 0.000000e+00 0.000000e+00
-4.193918e-13 0.000000e+00 0.000000e+00
5.806838e-14 0.000000e+00 0.000000e+00
8.487941e-14 0.000000e+00 0.000000e+00
-9.136390e-14 0.000000e+00 0.000000e+00
1.625019e-13 0.000000e+00 0.000000e+00
-3.173598e-13 0.000000e+00 0.000000e+00
-3.431704e-14 0.000000e+00 0.000000e+00
1.157072e-13 0.000000e+00 0.000000e+00
-2.242745e-13 0.000000e+00 0.000000e+00
2.122730e-13 0.000000e+00 0.000000e+00
-1.596271e-13 0.000000e+00 0.000000e+00
-1.128803e-13 0.000000e+00 0.000000e+00
-6.045956e-15 0.000000e+00 0.000000e+00
-1.378484e-14 0.000000e+00 0.000000e+00
-1.101562e-13 0.000000e+00 0.000000e+00
-1.697648e-13 0.000000e+00 0.000000e+00
-8.354006e-14 0.000000e+00 0.000000e+00
2.623917e-13 0.000000e+00 0.000000e+00
9.827916e-14 0.000000e+00 0.000000e+00
1.317197e-13 0.000000e+00 0.000000e+00
-1.868756e-14 0.000000e+00 0.000000e+00
1.223795e-13 0.000000e+00 0.000000e+00
1.004386e-13 0.000000e+00 0.000000e+00
1.917792e-13 0.000000e+00 0.000000e+00
1.157810e-14 0.000000e+00 0.000000e+00
8.834919e-14 0.000000e+00 0.000000e+00
4.830863e-14 0.000000e+00 0.000000e+00
-2.592016e-13 0.000000e+00 0.000000e+00
1.854393e-13 0.000000e+00 0.000000e+00
-7.364862e-14 0.000000e+00 0.000000e+00
2.553837e-13 0.000000e+00 0.000000e+00
1.674651e-13 0.000000e+00 0.000000e+00
1.961984e-13 0.000000e+00 0.000000e+00
-1.785712e-13 0.000000e+00 0.000000e+00
-1.169777e-13 0.000000e+00 0.000000e+00
4.930925e-13 0.000000e+00 0.000000e+00
-1.396279e-13 0.000000e+00 0.000000e+00
-1.222725e-13 0.000000e+00 0.000000e+00
-5.865879e-14 0.000000e+00 0.000000e+00
4.691924e-14 0.000000e+00 0.000000e+00
-1.874489e-14 0.000000e+00 0.000000e+00
1.910232e-13 0.000000e+00 0.000000e+00
-4.128653e-14 0.000000e+00 0.000000e+00
-6.453138e-14 0.000000e+00 0.000000e+00
-1.132729e-13 0.000000e+00 0.000000e+00
-2.131035e-13 0.000000e+00 0.000000e+00
1.262839e-13 0.000000e+00 0.000000e+00
-3.398698e-13 0.000000e+00 0.000000e+00
-1.821337e-13 0.000000e+00 0.000000e+00
7.024738e-14 0.000000e+00 0.000000e+00
3.268764e-15 0.000000e+00 0.000000e+00
-1.364566e-13 0.000000e+00 0.000000e+00
-2.742763e-13 0.000000e+00 0.000000e+00
-1.477406e-13 0.000000e+00 0.000000e+00
1.580437e-13 0.000000e+00 0.000000e+00
3.648008e-14 0.000000e+00 0.000000e+00
-1.252544e-13 0.000000e+00 0.000000e+00
3.149578e-14 0.000000e+00 0.000000e+00
-2.818816e-13 0.000000e+00 0.000000e+00
-3.394624e-14 0.000000e+00 0.000000e+00
-7.509282e-15 0.000000e+00 0.000000e+00
9.219881e-14 0.000000e+00 0.000000e+00
2.019161e-13 0.000000e+00 0.000000e+00
-1.179658e-13 0.000000e+00 0.000000e+00
6.251148e-14 0.000000e+00 0.000000e+00
-1.479718e-13 0.000000e+00 0.000000e+00
3.111930e-14 0.000000e+00 0.000000e+00
1.078956e-13 0.000000e+00 0.000000e+00
-2.006622e-13 0.000000e+00 0.000000e+00
-1.219557e-13 0.000000e+00 0.000000e+00
1.887615e-13 0.000000e+00 0.000000e+00
5.760422e-13 0.000000e+00 0.000000e+00
-3.091347e-14 0.000000e+00 0.000000e+00
1.567532e-13 0.000000e+00 0.000000e+00
-3.419550e-13 0.000000e+00 0.000000e+00
1.563451e-13 0.000000e+00 0.000000e+00
-6.974582e-14 0.000000e+00 0.000000e+00
-1.549516e-13 0.000000e+00 0.000000e+00
-2.940193e-14 0.000000e+00 0.000000e+00
3.230685e-14 0.000000e+00 0.000000e+00
-5.299171e-14 0.000000e+00 0.000000e+00
1.815300e-13 0.000000e+00 0.000000e+00
2.150507e-13 0.000000e+00 0.000000e+00
-1.508133e-13 0.000000e+00 0.000000e+00
-1.246490e-13 0.000000e+00 0.000000e+00
3.325833e-13 0.000000e+00 0.000000e+00
1.103809e-13 0.000000e+00 0.000000e+00
-9.509889e-14 0.000000e+00 0.000000e+00
2.126395e-13 0.000000e+00 0.000000e+00
-1.429478e-13 0.000000e+00 0.000000e+00
-5.595976e-14 0.000000e+00 0.000000e+00
1.765781e-13 0.000000e+00 0.000000e+00
-1.475352e-14 0.000000e+00 0.000000e+00
1.087445e-13 0.000000e+00 0.000000e+00
1.275116e-13 0.000000e+00 0.000000e+00
1.109080e-13 0.000000e+00 0.000000e+00
-2.982865e-14 0.000000e+00 0.000000e+00
9.926162e-15 0.000000e+00 0.000000e+00
-8.170748e-14 0.000000e+00 0.000000e+00
1.651473e-13 0.000000e+00 0.000000e+00
4.707269e-13 0.000000e+00 0.000000e+00
-2.431055e-14 0.000000e+00 0.000000e+00
-8.581066e-14 0.000000e+00 0.000000e+00
-3.476695e-13 0.000000e+00 0.000000e+00
-8.604285e-14 0.000000e+00 0.000000e+00
-4.252946e-13 0.000000e+00 0.000000e+00
-1.793288e-13 0.000000e+00 0.000000e+00
-9.308436e-14 0.000000e+00 0.000000e+00
3.511662e-14 0.000000e+00 0.000000e+00
8.058180e-14 0.000000e+00 0.000000e+00
-2.261982e-13 0.000000e+00 0.000000e+00
-2.845675e-13 0.000000e+00 0.000000e+00
2.030731e-13 0.000000e+00 0.000000e+00
2.215864e-13 0.000000e+00 0.000000e+00
-8.995840e-14 0.000000e+00 0.000000e+00
-1.709968e-13 0.000000e+00 0.000000e+00
-4.900093e-14 0.000000e+00 0.000000e+00
-7.220049e-14 0.000000e+00 0.000000e+00
1.400498e-13 0.000000e+00 0.000000e+00
-7.338226e-15 0.000000e+00 0.000000e+00
5.721555e-14 0.000000e+00 0.000000e+00
-3.190326e-14 0.000000e+00 0.000000e+00
4.101601e-14 0.000000e+00 0.000000e+00
-1.143003e-13 0.000000e+00 0.000000e+00
-5.798840e-14 0.000000e+00 0.000000e+00
-4.485569e-14 0.000000e+00 0.000000e+00
1.081526e-13 0.000000e+00 0.000000e+00
1.009161e-13 0.000000e+00 0.000000e+00
-1.920871e-14 0.000000e+00 0.000000e+00
8.992497e-14 0.000000e+00 0.000000e+00
-1.380261e-15 0.000000e+00 0.000000e+00
1.345075e-13 0.000000e+00 0.000000e+00
-7.161306e-14 0.000000e+00 0.000000e+00
-1.621253e-13 0.000000e+00 0.000000e+00
4.415840e-14 0.000000e+00 0.000000e+00
-1.782361e-13 0.000000e+00 0.000000e+00
-2.517759e-14 0.000000e+00 0.000000e+00
1.092243e-14 0.000000e+00 0.000000e+00
-2.001430e-13 0.000000e+00 0.000000e+00
2.435497e-13 0.000000e+00 0.000000e+00
-1.832442e-13 0.000000e+00 0.000000e+00
6.611927e-14 0.000000e+00 0.000000e+00
1.196440e-13 0.000000e+00 0.000000e+00
-6.660982e-15 0.000000e+00 0.000000e+00
6.137095e-14 0.000000e+00 0.000000e+00
1.670385e-13 0.000000e+00 0.000000e+00
-2.001825e-13 0.000000e+00 0.000000e+00
-1.123269e-13 0.000000e+00 0.000000e+00
-8.069605e-14 0.000000e+00 0.000000e+00
-3.664441e-14 0.000000e+00 0.000000e+00
-3.118789e-14 0.000000e+00 0.000000e+00
8.717184e-14 0.000000e+00 0.000000e+00
-7.097765e-14 0.000000e+00 0.000000e+00
-5.752360e-15 0.000000e+00 0.000000e+00
-1.569885e-13 0.000000e+00 0.000000e+00
1.969298e-13 0.000000e+00 0.000000e+00
3.126814e-14 0.000000e+00 0.000000e+00
-2.300803e-13 0.000000e+00 0.000000e+00
1.809412e-13 0.000000e+00 0.000000e+00
8.365546e-14 0.000000e+00 0.000000e+00
-3.744199e-13 0.000000e+00 0.000000e+00
1.318875e-13 0.000000e+00 0.000000e+00
-3.706280e-13 0.000000e+00 0.000000e+00
5.490767e-14 0.000000e+00 0.000000e+00
-5.053816e-14 0.000000e+00 0.000000e+00
-1.878887e-14 0.000000e+00 0.000000e+00
-3.621279e-14 0.000000e+00 0.000000e+00
-6.636286e-15 0.000000e+00 0.000000e+00
-1.499249e-14 0.000000e+00 0.000000e+00
1.751577e-13 0.000000e+00 0.000000e+00
1.401520e-14 0.000000e+00 0.000000e+00
3.316520e-13 0.000000e+00 0.000000e+00
-2.376442e-13 0.000000e+00 0.000000e+00
-3.103374e-13 0.000000e+00 0.000000e+00
1.697324e-13 0.000000e+00 0.000000e+00
-7.300765e-14 0.000000e+00 0.000000e+00
2.452599e-14 0.000000e+00 0.000000e+00
3.719418e-14 0.000000e+00 0.000000e+00
1.400191e-13 0.000000e+00 0.000000e+00
-1.647404e-13 0.000000e+00 0.000000e+00
4.383704e-14 0.000000e+00 0.000000e+00
-3.683260e-13 0.000000e+00 0.000000e+00
-2.342728e-14 0.000000e+00 0.000000e+00
1.176782e-13 0.000000e+00 0.000000e+00
1.140120e-13 0.000000e+00 0.000000e+00
-1.868509e-13 0.000000e+00 0.000000e+00
1.506843e-13 0.000000e+00 0.000000e+00
8.331682e-17 0.000000e+00 0.000000e+00
5.433162e-14 0.000000e+00 0.000000e+00
3.136830e-14 0.000000e+00 0.000000e+00
1.807900e-14 0.000000e+00 0.000000e+00
-1.022377e-13 0.000000e+00 0.000000e+00
1.416723e-13 0.000000e+00 0.000000e+00
1.135326e-13 0.000000e+00 0.000000e+00
-8.484006e-14 0.000000e+00 0.000000e+00
9.267895e-15 0.000000e+00 0.000000e+00
2.729196e-13 0.000000e+00 0.000000e+00
-1.607163e-13 0.000000e+00 0.000000e+00
-1.462757e-13 0.000000e+00 0.000000e+00
1.124621e-13 0.000000e+00 0.000000e+00
2.005788e-13 0.000000e+00 0.000000e+00
5.510598e-14 0.000000e+00 0.000000e+00
-8.505521e-14 0.000000e+00 0.000000e+00
4.483615e-14 0.000000e+00 0.000000e+00
-8.602589e-15 0.000000e+00 0.000000e+00
-1.757854e-13 0.000000e+00 0.000000e+00
-4.245369e-14 0.000000e+00 0.000000e+00
-1.657370e-13 0.000000e+00 0.000000e+00
1.827874e-13 0.000000e+00 0.000000e+00
1.772549e-13 0.000000e+00 0.000000e+00
-3.938881e-14 0.000000e+00 0.000000e+00
-1.320446e-13 0.000000e+00 0.000000e+00
-1.676803e-14 0.000000e+00 0.000000e+00
-3.165330e-13 0.000000e+00 0.000000e+00
2.018826e-14 0.000000e+00 0.000000e+00
5.788437e-14 0.000000e+00 0.000000e+00
-3.603813e-14 0.000000e+00 0.000000e+00
6.799870e-14 0.000000e+00 0.000000e+00
-2.205912e-13 0.000000e+00 0.000000e+00
-1.973295e-13 0.000000e+00 0.000000e+00
-6.311147e-14 0.000000e+00 0.000000e+00
-4.009353e-14 0.000000e+00 0.000000e+00
1.018655e-13 0.000000e+00 0.000000e+00
1.385384e-13 0.000000e+00 0.000000e+00
1.032721e-13 0.000000e+00 0.000000e+00
1.105067e-13 0.000000e+00 0.000000e+00
1.424143e-13 0.000000e+00 0.000000e+00
-2.266230e-14 0.000000e+00 0.000000e+00
5.385521e-14 0.000000e+00 0.000000e+00
-1.817323e-13 0.000000e+00 0.000000e+00
9.657331e-14 0.000000e+00 0.000000e+00
-2.675441e-13 0.000000e+00 0.000000e+00
-2.752644e-13 0.000000e+00 0.000000e+00
3.131071e-14 0.000000e+00 0.000000e+00
2.706309e-13 0.000000e+00 0.000000e+00
7.315295e-14 0.000000e+00 0.000000e+00
-1.481125e-14 0.000000e+00 0.000000e+00
1.032942e-13 0.000000e+00 0.000000e+00
-6.232691e-14 0.000000e+00 0.000000e+00
3.425260e-14 0.000000e+00 0.000000e+00
-1.341252e-13 0.000000e+00 0.000000e+00
5.125604e-14 0.000000e+00 0.000000e+00
1.132952e-13 0.000000e+00 0.000000e+00
-1.758902e-13 0.000000e+00 0.000000e+00
1.270533e-13 0.000000e+00 0.000000e+00
-2.757246e-13 0.000000e+00 0.000000e+00
-5.873908e-15 0.000000e+00 0.000000e+00
2.865808e-14 0.000000e+00 0.000000e+00
-1.994150e-13 0.000000e+00 0.000000e+00
2.986483e-14 0.000000e+00 0.000000e+00
1.051998e-13 0.000000e+00 0.000000e+00
-2.789238e-14 0.000000e+00 0.000000e+00
2.411818e-14 0.000000e+00 0.000000e+00
1.922846e-13 0.000000e+00 0.000000e+00
1.441508e-13 0.000000e+00 0.000000e+00
-2.270993e-13 0.000000e+00 0.000000e+00
-1.033441e-13 0.000000e+00 0.000000e+00
-6.685182e-14 0.000000e+00 0.000000e+00
-3.113818e-14 0.000000e+00 0.000000e+00
7.080467e-14 0.000000e+00 0.000000e+00
-3.037685e-13 0.000000e+00 0.000000e+00
-6.330850e-14 0.000000e+00 0.000000e+00
-1.612581e-13 0.000000e+00 0.000000e+00
1.439950e-13 0.000000e+00 0.000000e+00
-6.013022e-14 0.000000e+00 0.000000e+00
-2.052684e-13 0.000000e+00 0.000000e+00
1.578390e-13 0.000000e+00 0.000000e+00
-7.012821e-14 0.000000e+00 0.000000e+00
4.003689e-13 0.000000e+00 0.000000e+00
-3.584757e-14 0.000000e+00 0.000000e+00
4.038412e-13 0.000000e+00 0.000000e+00
-9.146557e-15 0.000000e+00 0.000000e+00
4.187156e-14 0.000000e+00 0.000000e+00
-2.196716e-13 0.000000e+00 0.000000e+00
-1.704595e-13 0.000000e+00 0.000000e+00
3.960646e-15 0.000000e+00 0.000000e+00
9.726953e-14 0.000000e+00 0.000000e+00
-1.398356e-13 0.000000e+00 0.000000e+00
-9.362702e-14 0.000000e+00 0.000000e+00
-3.234473e-13 0.000000e+00 0.000000e+00
2.519851e-13 0.000000e+00 0.000000e+00
7.758677e-14 0.000000e+00 0.000000e+00
2.010331e-14 0.000000e+00 0.000000e+00
9.407559e-14 0.000000e+00 0.000000e+00
-9.152362e-15 0.000000e+00 0.000000e+00
8.242973e-14 0.000000e+00 0.000000e+00
-2.703604e-13 0.000000e+00 0.000000e+00
-1.712687e-13 0.000000e+00 0.000000e+00
1.058560e-13 0.000000e+00 0.000000e+00
-2.634863e-14 0.000000e+00 0.000000e+00
2.772460e-13 0.000000e+00 0.000000e+00
2.480204e-14 0.000000e+00 0.000000e+00
-7.550547e-14 0.000000e+00 0.000000e+00
1.171017e-15 0.000000e+00 0.000000e+00
-1.319865e-13 0.000000e+00 0.000000e+00
2.146445e-13 0.000000e+00 0.000000e+00
-3.145762e-13 0.000000e+00 0.000000e+00
2.103797e-13 0.000000e+00 0.000000e+00
-7.769420e-14 0.000000e+00 0.000000e+00
-1.206260e-13 0.000000e+00 0.000000e+00
1.018922e-13 0.000000e+00 0.000000e+00
-4.349538e-14 0.000000e+00 0.000000e+00
8.367461e-14 0.000000e+00 0.000000e+00
-7.982318e-14 0.000000e+00 0.000000e+00
-1.527622e-13 0.000000e+00 0.000000e+00
-3.673619e-14 0.000000e+00 0.000000e+00
2.136415e-13 0.000000e+00 0.000000e+00
9.152278e-14 0.000000e+00 0.000000e+00
-1.667539e-13 0.000000e+00 0.000000e+00
2.798347e-14 0.000000e+00 0.000000e+00
-1.762828e-13 0.000000e+00 0.000000e+00
-6.493263e-14 0.000000e+00 0.000000e+00
1.211473e-14 0.000000e+00 0.000000e+00
1.353815e-13 0.000000e+00 0.000000e+00
-1.350759e-13 0.000000e+00 0.000000e+00
-2.137307e-14 0.000000e+00 0.000000e+00
-1.958064e-13 0.000000e+00 0.000000e+00
-2.290624e-13 0.000000e+00 0.000000e+00
-9.987646e-14 0.000000e+00 0.000000e+00
6.200065e-14 0.000000e+00 0.000000e+00
1.055989e-13 0.000000e+00 0.000000e+00
1.843338e-13 0.000000e+00 0.000000e+00
-1.507219e-13 0.000000e+00 0.000000e+00
3.500011e-13 0.000000e+00 0.000000e+00
-6.572298e-14 0.000000e+00 0.000000e+00
-2.196540e-13 0.000000e+00 0.000000e+00
2.536496e-13 0.000000e+00 0.000000e+00
8.717270e-14 0.000000e+00 0.000000e+00
-1.407561e-14 0.000000e+00 0.000000e+00
9.129904e-15 0.000000e+00 0.000000e+00
-1.169630e-14 0.000000e+00 0.000000e+00
-8.738647e-14 0.000000e+00 0.000000e+00
4.800917e-14 0.000000e+00 0.000000e+00
-1.102053e-13 0.000000e+00 0.000000e+00
3.829788e-13 0.000000e+00 0.000000e+00
4.123248e-14 0.000000e+00 0.000000e+00
1.453717e-13 0.000000e+00 0.000000e+00
-1.681092e-13 0.000000e+00 0.000000e+00
2.905683e-14 0.000000e+00 0.000000e+00
-6.175130e-14 0.000000e+00 0.000000e+00
-1.017789e-13 0.000000e+00 0.000000e+00
1.813406e-13 0.000000e+00 0.000000e+00
1.971173e-13 0.000000e+00 0.000000e+00
1.634687e-13 0.000000e+00 0.000000e+00
3.289496e-13 0.000000e+00 0.000000e+00
1.683088e-13 0.000000e+00 0.000000e+00
3.751499e-13 0.000000e+00 0.000000e+00
1.464561e-13 0.000000e+00 0.000000e+00
2.050536e-13 0.000000e+00 0.000000e+00
1.370312e-13 0.000000e+00 0.000000e+00
-2.044361e-13 0.000000e+00 0.000000e+00
2.719957e-13 0.000000e+00 0.000000e+00
-8.559701e-15 0.000000e+00 0.000000e+00
-2.448410e-13 0.000000e+00 0.000000e+00
2.521404e-13 0.000000e+00 0.000000e+00
4.789987e-14 0.000000e+00 0.000000e+00
-2.738276e-14 0.000000e+00 0.000000e+00
-7.533846e-14 0.000000e+00 0.000000e+00
2.446780e-14 0.000000e+00 0.000000e+00
-2.396597e-14 0.000000e+00 0.000000e+00
-1.672626e-13 0.000000e+00 0.000000e+00
1.452036e-13 0.000000e+00 0.000000e+00
-4.505769e-15 0.000000e+00 0.000000e+00
3.946162e-14 0.000000e+00 0.000000e+00
1.011068e-13 0.000000e+00 0.000000e+00
-1.753394e-13 0.000000e+00 0.000000e+00
1.408854e-13 0.000000e+00 0.000000e+00
-1.691987e-13 0.000000e+00 0.000000e+00
-1.352010e-13 0.000000e+00 0.000000e+00
4.876929e-14 0.000000e+00 0.000000e+00
5.262675e-14 0.000000e+00 0.000000e+00
-1.497658e-13 0.000000e+00 0.000000e+00
7.279943e-14 0.000000e+00 0.000000e+00
2.093896e-13 0.000000e+00 0.000000e+00
1.610852e-13 0.000000e+00 0.000000e+00
-7.841271e-14 0.000000e+00 0.000000e+00
-2.151779e-13 0.000000e+00 0.000000e+00
-4.246831e-14 0.000000e+00 0.000000e+00
-1.070096e-13 0.000000e+00 0.000000e+00
-2.456383e-13 0.000000e+00 0.000000e+00
1.761021e-13 0.000000e+00 0.000000e+00
7.894329e-14 0.000000e+00 0.000000e+00
-1.784933e-13 0.000000e+00 0.000000e+00
-9.751641e-14 0.000000e+00 0.000000e+00
4.437585e-14 0.000000e+00 0.000000e+00
1.833949e-14 0.000000e+00 0.000000e+00
-1.097633e-13 0.000000e+00 0.000000e+00
-2.775037e-13 0.000000e+00 0.000000e+00
6.252248e-14 0.000000e+00 0.000000e+00
-7.324428e-14 0.000000e+00 0.000000e+00
-1.208547e-14 0.000000e+00 0.000000e+00
-3.026846e-14 0.000000e+00 0.000000e+00
-2.584574e-13 0.000000e+00 0.000000e+00
1.434128e-13 0.000000e+00 0.000000e+00
-5.748587e-14 0.000000e+00 0.000000e+00
2.473579e-13 0.000000e+00 0.000000e+00
-1.245757e-13 0.000000e+00 0.000000e+00
-6.079625e-14 0.000000e+00 0.000000e+00
9.547955e-14 0.000000e+00 0.000000e+00
-1.982940e-13 0.000000e+00 0.000000e+00
2.601547e-14 0.000000e+00 0.000000e+00
-1.854373e-13 0.000000e+00 0.000000e+00
1.882710e-14 0.000000e+00 0.000000e+00
2.325262e-13 0.000000e+00 0.000000e+00
-5.123489e-14 0.000000e+00 0.000000e+00
8.664172e-14 0.000000e+00 0.000000e+00
2.742994e-13 0.000000e+00 0.000000e+00
-8.491199e-14 0.000000e+00 0.000000e+00
-6.952114e-14 0.000000e+00 0.000000e+00
-2.783949e-14 0.000000e+00 0.000000e+00
5.000237e-14 0.000000e+00 0.000000e+00
3.204196e-13 0.000000e+00 0.000000e+00
1.711141e-14 0.000000e+00 0.000000e+00
-4.444490e-13 0.000000e+00 0.000000e+00
-1.169736e-13 0.000000e+00 0.000000e+00
-7.691141e-14 0.000000e+00 0.000000e+00
-1.279708e-13 0.000000e+00 0.000000e+00
9.646294e-14 0.000000e+00 0.000000e+00
3.296366e-14 0.000000e+00 0.000000e+00
-7.130898e-15 0.000000e+00 0.000000e+00
-2.693187e-13 0.000000e+00 0.000000e+00
-1.903213e-14 0.000000e+00 0.000000e+00
1.401190e-13 0.000000e+00 0.000000e+00
2.322498e-13 0.000000e+00 0.000000e+00
2.378745e-13 0.000000e+00 0.000000e+00
6.393758e-14 0.000000e+00 0.000000e+00
-2.434330e-13 0.000000e+00 0.000000e+00
1.983321e-13 0.000000e+00 0.000000e+00
-1.115531e-14 0.000000e+00 0.000000e+00
-1.932094e-13 0.000000e+00 0.000000e+00
2.355918e-13 0.000000e+00 0.000000e+00
-1.148725e-13 0.000000e+00 0.000000e+00
1.411842e-13 0.000000e+00 0.000000e+00
-2.478148e-13 0.000000e+00 0.000000e+00
1.538112e-13 0.000000e+00 0.000000e+00
-1.666759e-13 0.000000e+00 0.000000e+00
-4.424245e-14 0.000000e+00 0.000000e+00
2.425117e-15 0.000000e+00 0.000000e+00
4.234865e-14 0.000000e+00 0.000000e+00
-2.770651e-13 0.000000e+00 0.000000e+00
-2.152498e-14 0.000000e+00 0.000000e+00
-1.135318e-13 0.000000e+00 0.000000e+00
-1.441825e-14 0.000000e+00 0.000000e+00
-4.977709e-14 0.000000e+00 0.000000e+00
1.508598e-13 0.000000e+00 0.000000e+00
-5.085052e-14 0.000000e+00 0.000000e+00
-3.244596e-14 0.000000e+00 0.000000e+00
5.789451e-14 0.000000e+00 0.000000e+00
-1.035129e-13 0.000000e+00 0.000000e+00
6.778424e-14 0.000000e+00 0.000000e+00
-1.489322e-13 0.000000e+00 0.000000e+00
-1.791498e-13 0.000000e+00 0.000000e+00
-7.227827e-14 0.000000e+00 0.000000e+00
1.257840e-13 0.000000e+00 0.000000e+00
1.038742e-13 0.000000e+00 0.000000e+00
5.243866e-14 0.000000e+00 0.000000e+00
-1.171213e-13 0.000000e+00 0.000000e+00
-3.195870e-14 0.000000e+00 0.000000e+00
1.159396e-13 0.000000e+00 0.000000e+00
-1.029059e-13 0.000000e+00 0.000000e+00
-7.765016e-14 0.000000e+00 0.000000e+00
1.933430e-13 0.000000e+00 0.000000e+00
1.190357e-13 0.000000e+00 0.000000e+00
4.780443e-14 0.000000e+00 0.000000e+00
3.661181e-14 0.000000e+00 0.000000e+00
-3.675092e-13 0.000000e+00 0.000000e+00
-9.646267e-14 0.000000e+00 0.000000e+00
6.475197e-15 0.000000e+00 0.000000e+00
-1.125555e-13 0.000000e+00 0.000000e+00
-4.941432e-13 0.000000e+00 0.000000e+00
-9.956200e-15 0.000000e+00 0.000000e+00
1.277159e-13 0.000000e+00 0.000000e+00
3.692051e-13 0.000000e+00 0.000000e+00
1.904435e-13 0.000000e+00 0.000000e+00
-2.165449e-13 0.000000e+00 0.000000e+00
9.712812e-14 0.000000e+00 0.000000e+00
-1.413095e-13 0.000000e+00 0.000000e+00
1.236886e-13 0.000000e+00 0.000000e+00
6.133812e-14 0.000000e+00 0.000000e+00
2.634882e-15 0.000000e+00 0.000000e+00
-1.125981e-13 0.000000e+00 0.000000e+00
-1.556192e-14 0.000000e+00 0.000000e+00
7.718323e-14 0.000000e+00 0.000000e+00
-2.033543e-13 0.000000e+00 0.000000e+00
-7.308242e-14 0.000000e+00 0.000000e+00
2.644399e-13 0.000000e+00 0.000000e+00
1.872643e-13 0.000000e+00 0.000000e+00
9.566818e-14 0.000000e+00 0.000000e+00
-1.080451e-13 0.000000e+00 0.000000e+00
-3.523696e-13 0.000000e+00 0.000000e+00
-5.384386e-16 0.000000e+00 0.000000e+00
-3.655531e-14 0.000000e+00 0.000000e+00
7.951166e-14 0.000000e+00 0.000000e+00
1.243861e-13 0.000000e+00 0.000000e+00
6.395398e-14 0.000000e+00 0.000000e+00
-8.496919e-14 0.000000e+00 0.000000e+00
2.578209e-13 0.000000e+00 0.000000e+00
-3.078617e-13 0.000000e+00 0.000000e+00
-6.409135e-14 0.000000e+00 0.000000e+00
7.138559e-14 0.000000e+00 0.000000e+00
-1.731306e-13 0.000000e+00 0.000000e+00
1.803917e-13 0.000000e+00 0.000000e+00
2.167006e-14 0.000000e+00 0.000000e+00
6.467326e-15 0.000000e+00 0.000000e+00
-3.548377e-13 0.000000e+00 0.000000e+00
-3.731013e-14 0.000000e+00 0.000000e+00
5.552579e-14 0.000000e+00 0.000000e+00
2.299676e-13 0.000000e+00 0.000000e+00
1.184236e-13 0.000000e+00 0.000000e+00
-1.589424e-13 0.000000e+00 0.000000e+00
-3.566029e-14 0.000000e+00 0.000000e+00
2.500689e-14 0.000000e+00 0.000000e+00
-1.394541e-13 0.000000e+00 0.000000e+00
-2.420031e-13 0.000000e+00 0.000000e+00
-9.845348e-14 0.000000e+00 0.000000e+00
-5.603064e-14 0.000000e+00 0.000000e+00
2.426090e-13 0.000000e+00 0.000000e+00
3.254226e-13 0.000000e+00 0.000000e+00
-6.375996e-14 0.000000e+00 0.000000e+00
-2.122156e-13 0.000000e+00 0.000000e+00
4.033446e-14 0.000000e+00 0.000000e+00
1.004876e-13 0.000000e+00 0.000000e+00
-2.140414e-13 0.000000e+00 0.000000e+00
-1.711828e-13 0.000000e+00 0.000000e+00
2.896988e-13 0.000000e+00 0.000000e+00
2.526068e-13 0.000000e+00 0.000000e+00
-2.630040e-13 0.000000e+00 0.000000e+00
-1.562239e-13 0.000000e+00 0.000000e+00
8.775247e-14 0.000000e+00 0.000000e+00
3.266329e-14 0.000000e+00 0.000000e+00
-2.697790e-13 0.000000e+00 0.000000e+00
-2.852666e-14 0.000000e+00 0.000000e+00
1.081520e-13 0.000000e+00 0.000000e+00
2.255721e-14 0.000000e+00 0.000000e+00
2.331868e-15 0.000000e+00 0.000000e+00
-1.745224e-13 0.000000e+00 0.000000e+00
-9.104533e-14 0.000000e+00 0.000000e+00
