step K U E temp
0 1.704371e-20 -4.037951e-20 -2.333579e-20 2.468942e+03
1000 4.405751e-21 -3.976733e-20 -3.536158e-20 6.382145e+02
2000 1.544890e-20 -3.595890e-20 -2.051000e-20 2.237919e+03
3000 2.253800e-23 -4.095859e-20 -4.093605e-20 3.264842e+00
4000 1.445710e-21 -4.100673e-20 -3.956102e-20 2.094246e+02
5000 4.519118e-21 -3.909068e-20 1.154284e-19 6.546368e+02
6000 2.123087e-21 -3.798086e-20 1.641422e-19 3.075491e+02
7000 4.841249e-22 -2.719068e-20 2.732934e-19 7.013004e+01
8000 2.130625e-21 -4.053380e-20 2.615968e-19 3.086411e+02
9000 9.741183e-22 -2.954391e-20 3.714302e-19 1.411102e+02
10000 6.277476e-21 -3.240710e-20 3.738704e-19 9.093515e+02
11000 5.443387e-22 -3.341380e-20 3.671317e-19 7.885258e+01
12000 1.096817e-20 -2.975661e-20 3.812116e-19 1.588842e+03
13000 5.655833e-24 -3.708573e-20 4.629199e-19 8.193007e-01
14000 2.804138e-21 -3.765312e-20 4.651510e-19 4.062057e+02
15000 4.158415e-21 -3.685731e-20 5.673221e-19 6.023855e+02
16000 1.413976e-23 -4.102184e-20 6.589924e-19 2.048277e+00
17000 8.329149e-22 -4.078059e-20 6.600523e-19 1.206556e+02
18000 9.827426e-22 -3.882103e-20 7.622275e-19 1.423595e+02
19000 8.179816e-22 -4.053848e-20 7.602795e-19 1.184923e+02
20000 1.152215e-21 -3.991214e-20 7.612401e-19 1.669092e+02
21000 2.758506e-23 -4.042948e-20 7.595981e-19 3.995956e+00
22000 8.289264e-22 -3.932610e-20 7.615028e-19 1.200778e+02
23000 9.283129e-22 -4.105187e-20 8.598871e-19 1.344749e+02
24000 4.458326e-20 -3.956416e-20 1.005401e-18 6.458304e+03
25000 1.042489e-21 -4.032272e-20 9.608814e-19 1.510144e+02
26000 1.407590e-21 -4.016741e-20 9.612407e-19 2.039026e+02
27000 3.822721e-23 -4.025220e-20 1.060283e-18 5.537571e+00
28000 1.176592e-23 -4.033751e-20 1.059963e-18 1.704404e+00
29000 9.693367e-22 -4.037778e-20 1.061451e-18 1.404175e+02
30000 5.638597e-23 -4.039701e-20 1.061106e-18 8.168038e+00
31000 3.136627e-21 -4.024123e-20 1.063556e-18 4.543699e+02
32000 1.255184e-21 -4.032767e-20 1.061161e-18 1.818252e+02
33000 2.568453e-21 -4.028942e-20 1.062491e-18 3.720646e+02
34000 7.687698e-21 -4.056532e-20 1.101232e-18 1.113635e+03
35000 4.642095e-21 -4.103821e-20 1.163612e-18 6.724512e+02
36000 5.990550e-22 -4.106472e-20 1.159608e-18 8.677876e+01
37000 1.312083e-21 -4.102350e-20 1.160328e-18 1.900675e+02
38000 3.819610e-23 -4.097592e-20 1.160881e-18 5.533064e+00
39000 2.163683e-22 -4.093257e-20 1.171917e-18 3.134298e+01
40000 9.613684e-23 -4.108673e-20 1.161405e-18 1.392633e+01
41000 6.834742e-22 -4.101208e-20 1.159794e-18 9.900767e+01
42000 6.540366e-22 -4.105496e-20 1.159616e-18 9.474336e+01
43000 1.947218e-21 -4.106989e-20 1.161040e-18 2.820728e+02
44000 1.912608e-20 -4.104634e-20 1.178086e-18 2.770593e+03
45000 2.183620e-21 -4.108207e-20 1.162211e-18 3.163179e+02
46000 8.730862e-22 -4.105601e-20 1.159837e-18 1.264748e+02
47000 2.815589e-22 -4.109074e-20 1.163976e-18 4.078645e+01
48000 3.819471e-22 -4.098605e-20 1.160360e-18 5.532863e+01
49000 7.058888e-22 -4.098184e-20 1.263895e-18 1.022546e+02
50000 5.559352e-21 -4.094963e-20 1.271746e-18 8.053245e+02
51000 4.676110e-25 -4.097391e-20 1.262919e-18 6.773785e-02
52000 5.746502e-22 -4.092187e-20 1.277170e-18 8.324349e+01
53000 1.946584e-21 -4.098764e-20 1.265814e-18 2.819810e+02
54000 7.125524e-22 -4.095634e-20 1.265414e-18 1.032199e+02
55000 4.665548e-23 -4.015827e-20 1.375889e-18 6.758485e+00
56000 1.032847e-21 -3.802044e-20 1.363012e-18 1.496176e+02
57000 4.770721e-22 -3.741758e-20 1.363059e-18 6.910839e+01
58000 2.459479e-22 -3.664962e-20 1.363596e-18 3.562787e+01
59000 1.334584e-21 -3.374114e-20 1.367593e-18 1.933270e+02
60000 1.150859e-21 -3.413832e-20 1.367013e-18 1.667127e+02
61000 1.183702e-21 -3.616861e-20 1.365015e-18 1.714704e+02
62000 6.531154e-21 -3.814620e-20 1.468385e-18 9.460991e+02
63000 1.705217e-21 -3.790879e-20 1.463796e-18 2.470167e+02
64000 1.800948e-21 -3.377906e-20 1.468022e-18 2.608842e+02
65000 8.678968e-22 -3.166090e-20 1.469207e-18 1.257230e+02
66000 1.566593e-21 -3.341357e-20 1.468153e-18 2.269357e+02
67000 3.414232e-22 -3.487524e-20 1.565470e-18 4.945837e+01
68000 6.920679e-21 -3.171791e-20 1.575203e-18 1.002526e+03
69000 4.710846e-21 -3.474502e-20 1.569966e-18 6.824104e+02
70000 4.587539e-22 -3.522471e-20 1.565908e-18 6.645482e+01
71000 5.065886e-21 -3.378756e-20 1.571278e-18 7.338412e+02
72000 5.774894e-22 -3.714471e-20 1.663433e-18 8.365478e+01
73000 3.600632e-22 -3.699489e-20 1.663366e-18 5.215854e+01
74000 3.069926e-24 -3.704413e-20 1.662959e-18 4.447077e-01
75000 3.419609e-21 -2.863355e-20 1.774787e-18 4.953625e+02
76000 5.238800e-21 -2.237210e-20 1.782867e-18 7.588895e+02
77000 1.320723e-21 -2.749423e-20 1.773826e-18 1.913191e+02
78000 3.166961e-21 -2.801040e-20 1.775157e-18 4.587642e+02
79000 1.792875e-21 -2.835912e-20 1.773434e-18 2.597148e+02
80000 9.979190e-21 -2.105590e-20 1.788923e-18 1.445580e+03
81000 5.186802e-22 -2.718919e-20 1.773329e-18 7.513570e+01
82000 1.743423e-21 -2.625375e-20 1.775490e-18 2.525513e+02
83000 7.409768e-23 -2.648618e-20 1.773588e-18 1.073375e+01
84000 1.463408e-23 -2.446543e-20 1.875549e-18 2.119884e+00
85000 5.925817e-23 -2.455427e-20 1.875505e-18 8.584103e+00
86000 8.588244e-22 -2.335380e-20 1.877505e-18 1.244088e+02
87000 7.675270e-21 -2.518665e-20 1.882489e-18 1.111835e+03
88000 4.522033e-22 -2.349681e-20 1.876955e-18 6.550590e+01
89000 3.259683e-21 -2.105001e-20 1.882210e-18 4.721958e+02
90000 5.500062e-23 -2.384157e-20 1.876213e-18 7.967358e+00
91000 1.014960e-21 -2.593398e-20 1.975703e-18 1.470266e+02
92000 5.233590e-22 -2.730686e-20 1.976718e-18 7.581347e+01
93000 4.192262e-21 -2.711035e-20 1.977743e-18 6.072885e+02
94000 5.423686e-23 -2.690558e-20 1.973225e-18 7.856720e+00
95000 3.963705e-21 -2.642543e-20 1.977540e-18 5.741800e+02
96000 1.444886e-21 -2.155768e-20 2.179888e-18 2.093053e+02
97000 8.502526e-22 -2.099155e-20 2.180524e-18 1.231671e+02
98000 5.107418e-22 -2.333412e-20 2.177177e-18 7.398575e+01
99000 1.094961e-21 -2.224061e-20 2.178854e-18 1.586154e+02
100000 6.056700e-21 -2.250921e-20 2.183547e-18 8.773701e+02
101000 1.388338e-21 -2.355371e-20 2.177836e-18 2.011138e+02
102000 1.513732e-21 -2.343163e-20 2.178082e-18 2.192783e+02
103000 3.824377e-21 -2.112424e-20 2.182877e-18 5.539970e+02
104000 5.589377e-23 -2.422153e-20 2.178123e-18 8.096739e+00
105000 8.112377e-21 -2.299952e-20 2.185113e-18 1.175154e+03
106000 5.101795e-21 -2.336575e-20 2.181736e-18 7.390431e+02
107000 4.598592e-21 -2.266216e-20 2.281936e-18 6.661493e+02
108000 1.326885e-22 -2.191279e-20 2.278220e-18 1.922117e+01
109000 1.623031e-22 -2.201657e-20 2.278146e-18 2.351113e+01
110000 2.451272e-23 -2.156603e-20 2.278459e-18 3.550898e+00
111000 2.896485e-22 -2.298432e-20 2.277312e-18 4.195832e+01
112000 2.550431e-23 -2.340721e-20 2.277393e-18 3.694539e+00
113000 1.036860e-24 -2.279859e-20 2.277203e-18 1.501989e-01
114000 7.129616e-21 -2.130369e-20 2.285848e-18 1.032792e+03
115000 3.701795e-23 -2.321560e-20 2.376934e-18 5.362399e+00
116000 3.588943e-21 -2.351491e-20 2.482123e-18 5.198921e+02
117000 2.233739e-21 -2.338943e-20 2.479860e-18 3.235782e+02
118000 1.442311e-22 -1.422569e-20 2.585919e-18 2.089323e+01
119000 4.119275e-21 -1.297560e-20 2.591144e-18 5.967158e+02
120000 8.646634e-24 -1.506202e-20 2.584947e-18 1.252546e+00
121000 4.512406e-22 -1.885639e-20 2.581622e-18 6.536645e+01
122000 3.800796e-22 -1.614227e-20 2.584238e-18 5.505810e+01
123000 5.784861e-22 -1.026996e-20 2.690309e-18 8.379915e+01
124000 1.296071e-24 -1.744785e-20 2.682554e-18 1.877480e-01
125000 3.065640e-25 -1.342437e-20 2.686576e-18 4.440868e-02
126000 1.152570e-21 -1.745024e-20 2.783703e-18 1.669606e+02
127000 9.553440e-23 -1.734333e-20 2.782752e-18 1.383906e+01
128000 5.360336e-21 -1.615804e-20 2.789202e-18 7.764952e+02
129000 4.496089e-21 -1.739503e-20 2.787101e-18 6.513008e+02
130000 1.843357e-21 -1.781919e-20 2.784085e-18 2.670276e+02
131000 1.408926e-22 -1.599424e-20 2.784148e-18 2.040962e+01
132000 1.564032e-22 -1.586279e-20 2.784306e-18 2.265647e+01
133000 5.206327e-22 -1.629436e-20 2.784226e-18 7.541854e+01
134000 1.440422e-21 -1.694448e-20 2.784496e-18 2.086586e+02
135000 7.847715e-22 -1.647433e-20 2.784310e-18 1.136815e+02
136000 1.578514e-23 -1.771538e-20 2.782317e-18 2.286626e+00
137000 3.812221e-21 -1.658059e-20 2.787232e-18 5.522361e+02
138000 5.152735e-22 -1.803202e-20 2.783087e-18 7.464222e+01
139000 4.862307e-22 -1.582108e-20 2.784686e-18 7.043509e+01
140000 1.017852e-20 -1.778423e-20 2.792434e-18 1.474455e+03
141000 7.105597e-22 -1.644933e-20 2.784261e-18 1.029313e+02
142000 5.156637e-21 -1.541196e-20 2.891590e-18 7.469873e+02
143000 9.625058e-23 -1.578565e-20 2.884890e-18 1.394280e+01
144000 1.313363e-21 -1.554351e-20 2.886340e-18 1.902530e+02
145000 1.115823e-21 -1.602041e-20 2.889325e-18 1.616375e+02
146000 3.997131e-21 -1.576006e-20 2.888704e-18 5.790220e+02
147000 5.693115e-21 -1.492116e-20 2.923747e-18 8.247013e+02
148000 4.640170e-22 -1.547420e-20 2.886055e-18 6.721723e+01
149000 2.626231e-23 -1.614403e-20 2.893573e-18 3.804343e+00
150000 1.484126e-21 -1.566903e-20 2.886110e-18 2.149897e+02
151000 9.858517e-22 -1.586754e-20 2.886326e-18 1.428099e+02
152000 8.873735e-22 -1.562885e-20 2.885574e-18 1.285444e+02
153000 4.724604e-22 -1.570169e-20 2.885091e-18 6.844034e+01
154000 1.934371e-23 -1.590162e-20 2.885747e-18 2.802119e+00
155000 3.587045e-21 -2.044856e-20 3.007167e-18 5.196173e+02
156000 9.618808e-22 -2.058766e-20 2.993510e-18 1.393375e+02
157000 1.261027e-21 -2.074132e-20 2.987343e-18 1.826716e+02
158000 1.351261e-21 -2.059231e-20 2.993607e-18 1.957428e+02
159000 1.549487e-21 -2.101350e-20 2.992625e-18 2.244577e+02
160000 4.201318e-22 -2.060463e-20 2.991932e-18 6.086005e+01
161000 1.224586e-22 -1.787128e-20 3.082392e-18 1.773928e+01
162000 7.331595e-22 -1.753237e-20 3.084322e-18 1.062051e+02
163000 2.736959e-22 -1.781565e-20 3.082574e-18 3.964743e+01
164000 1.031866e-22 -1.771693e-20 3.082582e-18 1.494755e+01
165000 9.595858e-21 -1.805968e-20 3.092323e-18 1.390050e+03
166000 4.295612e-21 -1.715875e-20 3.102519e-18 6.222598e+02
167000 1.041561e-22 -1.793105e-20 3.082403e-18 1.508799e+01
168000 1.122108e-23 -1.760045e-20 3.083007e-18 1.625479e+00
169000 1.620732e-21 -1.787773e-20 3.083890e-18 2.347783e+02
170000 7.465205e-25 -1.776816e-20 3.082366e-18 1.081405e-01
171000 5.307665e-23 -1.734139e-20 3.087852e-18 7.688652e+00
172000 7.401118e-23 -1.775450e-20 3.082464e-18 1.072122e+01
173000 1.040356e-21 -1.764173e-20 3.083798e-18 1.507053e+02
174000 3.187592e-21 -1.771430e-20 3.085673e-18 4.617526e+02
175000 4.718910e-22 -1.615964e-20 3.211320e-18 6.835785e+01
176000 2.293678e-21 -7.947839e-22 3.201499e-18 3.322608e+02
177000 4.269784e-21 -1.358692e-20 3.190741e-18 6.185185e+02
178000 4.742205e-21 -1.165820e-20 3.193084e-18 6.869530e+02
179000 7.186260e-22 -1.350372e-20 3.187234e-18 1.040997e+02
180000 3.646511e-22 -1.040506e-20 3.189960e-18 5.282314e+01
181000 1.421785e-21 -6.408053e-21 3.195014e-18 2.059589e+02
182000 9.909068e-22 -1.124845e-20 3.189742e-18 1.435422e+02
183000 6.204626e-23 -1.372703e-20 3.186647e-18 8.987985e+00
184000 5.718835e-21 -2.267196e-21 3.203452e-18 8.284271e+02
185000 7.833946e-21 -4.078747e-20 3.167046e-18 1.134821e+03
186000 3.704140e-22 -3.947753e-20 3.260893e-18 5.365796e+01
187000 4.047968e-21 -3.845918e-20 3.265589e-18 5.863863e+02
188000 2.060539e-22 -4.109595e-20 3.259110e-18 2.984885e+01
189000 2.069434e-21 -4.099299e-20 3.261076e-18 2.997770e+02
190000 2.497852e-21 -3.975999e-20 3.262738e-18 3.618374e+02
191000 1.788876e-24 -4.044055e-20 3.260085e-18 2.591356e-01
192000 3.321361e-21 -3.744583e-20 3.265876e-18 4.811304e+02
193000 4.914723e-21 -4.010424e-20 3.264810e-18 7.119439e+02
194000 3.446857e-23 -3.994632e-20 3.260088e-18 4.993097e+00
195000 8.567807e-22 -4.106168e-20 3.259795e-18 1.241128e+02
196000 2.161241e-21 -4.091269e-20 3.261249e-18 3.130761e+02
197000 6.921101e-22 -4.102465e-20 3.259667e-18 1.002587e+02
198000 1.217618e-20 -4.096071e-20 3.271215e-18 1.763835e+03
199000 3.924181e-21 -4.106307e-20 3.262861e-18 5.684546e+02
200000 8.474640e-22 -3.953564e-20 3.361312e-18 1.227631e+02
201000 4.562302e-21 -4.107030e-20 3.363492e-18 6.608924e+02
202000 8.351059e-25 -3.949953e-20 3.360501e-18 1.209730e-01
203000 5.945923e-23 -3.792134e-20 3.362138e-18 8.613229e+00
204000 1.254509e-21 -3.903795e-20 3.362217e-18 1.817274e+02
205000 3.556523e-22 -2.459551e-20 3.375760e-18 5.151959e+01
206000 2.425418e-21 -4.001817e-20 3.362407e-18 3.513447e+02
207000 1.100241e-21 -4.040588e-20 3.360694e-18 1.593803e+02
208000 8.205106e-25 -4.043152e-20 3.359569e-18 1.188587e-01
209000 1.030260e-21 -2.945969e-20 3.371571e-18 1.492429e+02
210000 6.795649e-21 -4.109561e-20 3.365700e-18 9.844137e+02
211000 1.109815e-23 -4.072611e-20 3.359285e-18 1.607672e+00
212000 7.267565e-23 -3.944648e-20 3.360626e-18 1.052775e+01
213000 3.759893e-23 -4.108328e-20 3.358954e-18 5.446559e+00
214000 4.185759e-23 -4.108915e-20 3.358953e-18 6.063466e+00
215000 5.523857e-22 -4.052291e-20 3.360029e-18 8.001827e+01
216000 8.160187e-21 -4.095372e-20 3.367206e-18 1.182080e+03
217000 2.735977e-21 -3.282784e-20 3.369908e-18 3.963321e+02
218000 2.035232e-22 -3.637665e-20 3.363827e-18 2.948226e+01
219000 8.846254e-22 -3.697440e-20 3.363910e-18 1.281463e+02
220000 6.599838e-24 -3.971375e-20 3.360293e-18 9.560487e-01
221000 2.136774e-22 -3.672887e-20 3.363485e-18 3.095318e+01
222000 3.873546e-22 -3.848555e-20 3.361902e-18 5.611195e+01
223000 1.638783e-21 -4.109517e-20 3.360544e-18 2.373931e+02
224000 1.604664e-22 -4.107409e-20 3.459086e-18 2.324507e+01
225000 1.207103e-22 -4.083041e-20 3.459290e-18 1.748602e+01
226000 6.833427e-22 -4.083999e-20 3.459843e-18 9.898861e+01
227000 7.419528e-25 -4.109675e-20 3.458904e-18 1.074788e-01
228000 4.092157e-26 -4.088007e-20 3.459120e-18 5.927875e-03
229000 2.548646e-21 -4.094089e-20 3.464633e-18 3.691954e+02
230000 8.529520e-22 -4.109873e-20 3.459754e-18 1.235581e+02
231000 7.806368e-22 -4.041455e-20 3.560366e-18 1.130826e+02
232000 2.603038e-22 -4.058795e-20 3.559856e-18 3.770745e+01
233000 2.765788e-21 -4.022619e-20 3.562540e-18 4.006504e+02
234000 2.262938e-22 -4.046837e-20 3.559759e-18 3.278079e+01
235000 7.038519e-23 -3.996479e-20 3.560891e-18 1.019596e+01
236000 6.282142e-23 -4.109865e-20 3.658964e-18 9.100274e+00
237000 6.673980e-23 -4.109854e-20 3.658968e-18 9.667888e+00
238000 1.887568e-21 -4.100872e-20 3.761047e-18 2.734320e+02
239000 6.646301e-23 -4.109339e-20 3.759625e-18 9.627793e+00
240000 5.765404e-24 -4.100275e-20 3.759284e-18 8.351731e-01
241000 2.992716e-22 -4.108406e-20 3.759279e-18 4.335231e+01
242000 5.213211e-21 -4.097572e-20 3.766092e-18 7.551827e+02
243000 3.983564e-21 -4.102808e-20 3.762979e-18 5.770568e+02
244000 2.939739e-22 -4.097531e-20 3.761218e-18 4.258488e+01
245000 4.501590e-20 -3.913207e-20 4.006483e-18 6.520977e+03
246000 1.269274e-22 -3.829202e-20 3.961835e-18 1.838663e+01
247000 3.540250e-23 -3.859505e-20 3.961440e-18 5.128385e+00
248000 2.341641e-22 -3.879040e-20 3.961444e-18 3.392088e+01
249000 1.820737e-22 -3.866123e-20 3.961521e-18 2.637509e+01
250000 6.902788e-22 -3.842431e-20 3.962266e-18 9.999338e+01
251000 5.163939e-21 -3.869088e-20 3.966473e-18 7.480452e+02
252000 6.903169e-23 -3.763939e-20 4.062451e-18 9.999891e+00
253000 6.430994e-22 -3.800846e-20 4.063854e-18 9.315900e+01
254000 2.377770e-21 -3.791324e-20 4.064746e-18 3.444423e+02
255000 3.168738e-22 -3.776637e-20 4.062571e-18 4.590216e+01
256000 5.743383e-21 -3.802133e-20 4.069182e-18 8.319830e+02
257000 7.444437e-21 -3.753569e-20 4.070046e-18 1.078397e+03
258000 8.584518e-23 -3.741464e-20 4.063548e-18 1.243548e+01
259000 7.456696e-21 -2.838475e-20 4.179072e-18 1.080173e+03
260000 9.157402e-22 -3.486135e-20 4.166054e-18 1.326536e+02
261000 1.379589e-21 -3.213597e-20 4.269244e-18 1.998465e+02
262000 3.366887e-21 -3.037057e-20 4.373004e-18 4.877252e+02
263000 3.103160e-21 -3.022747e-20 4.472929e-18 4.495219e+02
264000 2.084746e-21 -3.062104e-20 4.471685e-18 3.019951e+02
265000 1.487391e-22 -3.042964e-20 4.469743e-18 2.154625e+01
266000 2.026482e-22 -3.040223e-20 4.469820e-18 2.935551e+01
267000 3.795472e-22 -3.057803e-20 4.469936e-18 5.498098e+01
268000 2.051708e-22 -3.059394e-20 4.469774e-18 2.972092e+01
269000 1.148276e-20 -2.968257e-20 4.490571e-18 1.663386e+03
270000 1.178792e-23 -3.004304e-20 4.470404e-18 1.707591e+00
271000 9.369719e-23 -2.991161e-20 4.471730e-18 1.357292e+01
272000 2.465948e-22 -1.688676e-20 4.583360e-18 3.572158e+01
273000 1.664770e-22 -1.479192e-20 4.685375e-18 2.411576e+01
274000 1.999194e-22 -1.197255e-20 4.788227e-18 2.896020e+01
275000 4.182195e-22 -3.886054e-22 4.800030e-18 6.058302e+01
276000 7.598323e-21 -1.065840e-20 4.796940e-18 1.100689e+03
277000 1.761685e-22 -1.353961e-20 4.786637e-18 2.551967e+01
278000 1.222014e-24 -2.674637e-23 4.799974e-18 1.770202e-01
279000 1.390918e-21 -2.312024e-21 4.899079e-18 2.014876e+02
280000 1.700075e-21 -1.315444e-20 4.988546e-18 2.462718e+02
281000 4.296437e-22 -1.237580e-20 4.989751e-18 6.223793e+01
282000 1.367609e-22 -1.328010e-20 4.986857e-18 1.981111e+01
283000 2.721173e-22 -1.240228e-20 5.095444e-18 3.941875e+01
284000 3.757812e-21 -1.211096e-20 5.104968e-18 5.443544e+02
285000 1.621888e-21 -7.036835e-21 5.294585e-18 2.349457e+02
286000 1.386465e-21 -1.408387e-20 5.387304e-18 2.008425e+02
287000 1.850506e-21 -1.450842e-20 5.387702e-18 2.680633e+02
288000 6.410522e-23 -1.221158e-20 5.487853e-18 9.286244e+00
289000 1.730769e-21 -1.345475e-20 5.488276e-18 2.507181e+02
290000 1.052262e-22 -1.386128e-20 5.486244e-18 1.524300e+01
291000 1.217530e-21 -1.173950e-20 5.489478e-18 1.763706e+02
292000 4.579968e-21 -1.955117e-20 5.585113e-18 6.634515e+02
293000 3.117177e-21 -1.876882e-20 5.584348e-18 4.515524e+02
294000 2.442735e-21 -1.778471e-20 5.584662e-18 3.538531e+02
295000 1.337709e-22 -1.825687e-20 5.681877e-18 1.937798e+01
296000 2.065613e-21 -1.879331e-20 5.683740e-18 2.992235e+02
297000 1.553464e-21 -1.805085e-20 5.683503e-18 2.250338e+02
298000 1.717185e-21 -1.799196e-20 5.683725e-18 2.487505e+02
299000 2.533438e-21 -1.796550e-20 5.684568e-18 3.669924e+02
300000 8.988605e-22 -1.843370e-20 5.782476e-18 1.302084e+02
301000 4.145065e-21 -1.850537e-20 5.785659e-18 6.004517e+02
302000 3.779603e-21 -1.880156e-20 5.785485e-18 5.475110e+02
303000 7.862505e-21 -1.834215e-20 5.891289e-18 1.138958e+03
304000 3.330606e-23 -1.821393e-20 5.882435e-18 4.824696e+00
305000 6.405936e-22 -1.807504e-20 5.882999e-18 9.279601e+01
306000 2.555450e-21 -1.801343e-20 5.885171e-18 3.701810e+02
307000 5.484646e-21 -1.843356e-20 5.890668e-18 7.945026e+02
308000 9.621361e-21 -1.783947e-20 5.894404e-18 1.393745e+03
309000 2.363773e-24 -1.815332e-20 5.882280e-18 3.424148e-01
310000 7.699647e-23 -1.783744e-20 5.884903e-18 1.115366e+01
311000 8.761430e-23 -1.774840e-20 5.887483e-18 1.269176e+01
312000 1.828867e-21 -1.821780e-20 5.884245e-18 2.649286e+02
313000 1.178518e-22 -1.840936e-20 5.884724e-18 1.707194e+01
314000 3.675510e-20 -4.104278e-20 6.096366e-18 5.324322e+03
315000 1.024031e-22 -4.098888e-20 6.059919e-18 1.483406e+01
316000 3.143678e-22 -4.104447e-20 6.060040e-18 4.553913e+01
317000 1.879889e-23 -4.105337e-20 6.060771e-18 2.723196e+00
318000 3.714696e-22 -4.102438e-20 6.059486e-18 5.381087e+01
319000 7.638848e-24 -4.103585e-20 6.184750e-18 1.106559e+00
320000 3.571560e-22 -4.107640e-20 6.174559e-18 5.173741e+01
321000 5.543853e-21 -3.902911e-20 6.267106e-18 8.030793e+02
322000 4.634781e-22 -3.912171e-20 6.261912e-18 6.713917e+01
323000 6.608155e-23 -3.910422e-20 6.261427e-18 9.572534e+00
324000 1.576626e-22 -3.841402e-20 6.561744e-18 2.283891e+01
325000 2.378013e-21 -3.776395e-20 6.664615e-18 3.444775e+02
326000 2.315853e-23 -3.709962e-20 6.662924e-18 3.354731e+00
327000 1.935861e-23 -4.100188e-20 6.759423e-18 2.804277e+00
328000 3.564614e-22 -4.098312e-20 6.759722e-18 5.163679e+01
329000 1.122989e-21 -4.103126e-20 6.763073e-18 1.626756e+02
330000 3.036111e-21 -3.947317e-20 6.864259e-18 4.398092e+02
331000 9.638509e-24 -3.967881e-20 6.862570e-18 1.396229e+00
332000 1.846020e-21 -3.964414e-20 6.863526e-18 2.674134e+02
333000 6.897366e-21 -4.101995e-20 6.987970e-18 9.991483e+02
334000 1.001860e-23 -3.973685e-20 7.076565e-18 1.451289e+00
335000 5.777241e-21 -4.008917e-20 7.115406e-18 8.368878e+02
336000 9.311299e-23 -2.536609e-21 7.097557e-18 1.348829e+01
337000 9.589932e-21 -8.127138e-22 7.108777e-18 1.389192e+03
338000 3.232299e-22 -4.496441e-21 7.095850e-18 4.682289e+01
339000 9.202747e-22 -6.204296e-21 7.194716e-18 1.333105e+02
340000 1.076703e-23 -1.954552e-21 7.198056e-18 1.559705e+00
341000 1.088940e-21 -8.745121e-21 7.192344e-18 1.577433e+02
342000 6.323697e-24 -9.222214e-21 7.191019e-18 9.160470e-01
343000 2.055661e-21 -9.042619e-21 7.193030e-18 2.977818e+02
344000 3.340400e-22 -1.455089e-21 7.198879e-18 4.838884e+01
345000 2.507532e-20 -6.536145e-21 7.318539e-18 3.632396e+03
346000 8.043777e-22 -1.092032e-21 7.399716e-18 1.165217e+02
347000 2.607345e-22 -9.563917e-22 7.399304e-18 3.776985e+01
348000 4.305272e-23 -1.459912e-22 7.399897e-18 6.236591e+00
349000 1.409533e-22 -9.269089e-22 7.499214e-18 2.041840e+01
350000 3.232080e-22 -2.611560e-22 7.500098e-18 4.681972e+01
351000 6.154176e-21 -8.839261e-22 7.505270e-18 8.914903e+02
352000 5.910327e-22 -5.922142e-22 7.499999e-18 8.561665e+01
353000 4.110197e-22 -8.224780e-22 7.499589e-18 5.954007e+01
354000 1.906564e-21 -9.022153e-22 7.501004e-18 2.761837e+02
355000 1.341928e-21 -3.850043e-22 7.500957e-18 1.943909e+02
356000 6.149049e-23 -2.930851e-22 7.499771e-18 8.907477e+00
357000 5.196490e-21 -1.092586e-21 7.604107e-18 7.527605e+02
358000 2.159931e-22 -9.559021e-22 7.599268e-18 3.128863e+01
359000 9.768241e-21 -1.225099e-21 7.609105e-18 1.415022e+03
360000 5.153212e-21 -8.904266e-22 7.604397e-18 7.464913e+02
361000 1.644675e-21 -1.023559e-21 7.600621e-18 2.382467e+02
362000 5.894955e-23 -4.144023e-22 7.699931e-18 8.539397e+00
363000 2.333035e-21 -2.763917e-22 7.702067e-18 3.379621e+02
364000 4.814078e-21 -2.161604e-22 7.705636e-18 6.973645e+02
365000 2.810349e-22 -5.126960e-22 7.713411e-18 4.071055e+01
366000 3.195595e-21 -2.817918e-22 7.702920e-18 4.629120e+02
367000 1.322653e-22 -3.607348e-22 7.699780e-18 1.915988e+01
368000 8.816290e-22 -2.173653e-22 7.701622e-18 1.277123e+02
369000 2.484622e-22 -4.407791e-22 7.700897e-18 3.599209e+01
370000 3.346834e-21 -5.413566e-21 7.897933e-18 4.848204e+02
371000 1.246406e-22 -8.556203e-21 7.891568e-18 1.805537e+01
372000 3.898216e-23 -8.779791e-21 7.891259e-18 5.646933e+00
373000 9.174527e-21 -7.659096e-21 8.001515e-18 1.329017e+03
374000 8.595114e-22 -3.003011e-23 8.000829e-18 1.245083e+02
375000 3.423715e-23 -5.999662e-21 7.994035e-18 4.959574e+00
376000 4.970591e-25 -1.474079e-21 7.998526e-18 7.200368e-02
377000 1.154742e-23 -3.105702e-21 8.096906e-18 1.672752e+00
378000 7.944114e-22 -3.568000e-27 8.100867e-18 1.150780e+02
379000 3.419592e-22 -6.326291e-26 8.100386e-18 4.953601e+01
380000 2.890743e-21 -3.497092e-21 8.099452e-18 4.187513e+02
381000 2.154531e-23 -2.304742e-21 8.197740e-18 3.121042e+00
382000 5.260405e-25 -2.421754e-21 8.197579e-18 7.620192e-02
383000 1.212323e-22 -3.581110e-21 8.303798e-18 1.756165e+01
384000 3.085014e-22 -3.668756e-21 8.300290e-18 4.468932e+01
385000 4.216887e-21 -3.648488e-21 8.304526e-18 6.108557e+02
386000 1.994738e-21 -3.581648e-21 8.305629e-18 2.889566e+02
387000 4.472868e-22 -3.804301e-21 8.306065e-18 6.479371e+01
388000 3.415177e-22 -3.753258e-21 8.302190e-18 4.947205e+01
389000 1.469862e-21 -3.706578e-21 8.301640e-18 2.129234e+02
390000 4.198803e-21 -3.702425e-21 8.304298e-18 6.082362e+02
391000 1.427981e-21 -3.679814e-21 8.301358e-18 2.068565e+02
392000 8.405417e-23 -3.790571e-21 8.304482e-18 1.217604e+01
393000 4.158557e-22 -3.580316e-21 8.304154e-18 6.024061e+01
394000 1.025857e-21 -3.938681e-20 8.387412e-18 1.486050e+02
395000 3.212215e-22 -3.986777e-20 8.365751e-18 4.653195e+01
396000 3.982818e-22 -3.999761e-20 8.360754e-18 5.769487e+01
397000 4.859034e-23 -4.025239e-20 8.361013e-18 7.038768e+00
398000 5.325939e-22 -4.000379e-20 8.360831e-18 7.715124e+01
399000 5.127559e-22 -4.011613e-20 8.360428e-18 7.427752e+01
400000 2.906602e-21 -2.020291e-20 8.516580e-18 4.210486e+02
401000 1.828050e-21 -2.682373e-20 8.475004e-18 2.648103e+02
402000 1.982553e-23 -2.369981e-20 8.476320e-18 2.871915e+00
403000 5.609685e-22 -2.409160e-20 8.476469e-18 8.126157e+01
404000 9.349495e-22 -2.626410e-20 8.474671e-18 1.354362e+02
405000 8.803168e-25 -2.638387e-20 8.473617e-18 1.275222e-01
406000 4.521807e-23 -2.214364e-20 8.577903e-18 6.550263e+00
407000 1.700787e-23 -2.438474e-20 8.575888e-18 2.463750e+00
408000 3.327633e-21 -3.727882e-20 8.688469e-18 4.820390e+02
409000 2.535295e-22 -2.649763e-20 8.673871e-18 3.672613e+01
410000 2.956323e-21 -2.812596e-20 8.675055e-18 4.282512e+02
411000 4.249838e-22 -2.638282e-20 8.774430e-18 6.156290e+01
412000 8.029861e-21 -2.655535e-20 8.781535e-18 1.163201e+03
413000 1.179861e-21 -2.694288e-20 8.774376e-18 1.709139e+02
414000 4.032635e-22 -2.680685e-20 8.773627e-18 5.841651e+01
415000 1.118037e-22 -2.703635e-20 8.773448e-18 1.619582e+01
416000 3.991902e-23 -2.636658e-20 8.774129e-18 5.782646e+00
417000 4.592547e-22 -2.691511e-20 8.773646e-18 6.652736e+01
418000 9.152226e-23 -2.839489e-20 8.896200e-18 1.325786e+01
419000 4.220032e-22 -2.274083e-20 9.081099e-18 6.113114e+01
420000 3.027649e-22 -2.248742e-20 9.090439e-18 4.385835e+01
421000 4.314341e-22 -2.262340e-20 9.083741e-18 6.249729e+01
422000 1.507363e-21 -2.296914e-20 9.084717e-18 2.183557e+02
423000 1.370573e-21 -2.298363e-20 9.085099e-18 1.985404e+02
424000 1.359830e-21 -2.625048e-20 9.177816e-18 1.969842e+02
425000 1.409909e-22 -2.634190e-20 9.177269e-18 2.042386e+01
426000 1.575811e-21 -2.630960e-20 9.178297e-18 2.282711e+02
427000 4.438999e-21 -2.609252e-20 9.183231e-18 6.430308e+02
428000 1.523786e-24 -2.437590e-20 9.278800e-18 2.207348e-01
429000 4.364743e-22 -2.455128e-20 9.277791e-18 6.322740e+01
430000 3.745936e-22 -2.462669e-20 9.278373e-18 5.426341e+01
431000 3.345809e-20 -2.382230e-20 9.558146e-18 4.846719e+03
432000 9.601978e-21 -6.708681e-21 9.502893e-18 1.390937e+03
433000 3.695487e-22 -7.889974e-21 9.492482e-18 5.353261e+01
434000 2.025657e-22 -4.785289e-21 9.495491e-18 2.934355e+01
435000 5.036286e-22 -5.927713e-21 9.494576e-18 7.295535e+01
436000 1.655979e-21 -5.889218e-21 9.495767e-18 2.398842e+02
437000 3.348474e-21 -6.847002e-21 9.496501e-18 4.850580e+02
438000 4.390527e-23 -8.034404e-21 9.492041e-18 6.360092e+00
439000 5.888619e-21 -6.467485e-21 9.499421e-18 8.530219e+02
440000 1.083011e-23 -6.868090e-21 9.593506e-18 1.568843e+00
441000 1.858718e-22 -7.735727e-21 9.592450e-18 2.692528e+01
442000 4.093222e-22 -8.331446e-21 9.593808e-18 5.929418e+01
443000 2.818203e-22 -8.215074e-21 9.592503e-18 4.082433e+01
444000 2.430349e-21 -7.783887e-21 9.594647e-18 3.520589e+02
445000 1.627494e-21 -6.693678e-21 9.598116e-18 2.357579e+02
446000 1.672399e-20 -7.163680e-21 9.609563e-18 2.422628e+03
447000 2.039782e-22 -6.902443e-21 9.593523e-18 2.954816e+01
448000 3.551012e-21 -6.876957e-21 9.596995e-18 5.143975e+02
449000 4.723298e-23 -7.972822e-21 9.592086e-18 6.842142e+00
450000 8.494363e-22 -7.958725e-21 9.592899e-18 1.230488e+02
451000 2.443448e-21 -7.116472e-21 9.595333e-18 3.539565e+02
452000 8.668275e-23 -7.759067e-21 9.592328e-18 1.255681e+01
453000 5.196270e-22 -7.854367e-21 9.592667e-18 7.527287e+01
454000 1.634761e-21 -8.039670e-21 9.593629e-18 2.368105e+02
455000 1.492930e-21 -7.121629e-21 9.594377e-18 2.162649e+02
456000 1.377581e-20 -7.343806e-21 9.606432e-18 1.995555e+03
457000 3.764927e-22 -7.520516e-21 9.592856e-18 5.453851e+01
458000 3.912550e-22 -7.140430e-21 9.593255e-18 5.667697e+01
459000 2.702700e-21 -5.345281e-21 9.803101e-18 3.915115e+02
460000 1.037579e-22 -6.430585e-22 9.899461e-18 1.503031e+01
461000 1.818873e-21 -2.110112e-22 1.000161e-17 2.634809e+02
462000 5.736178e-22 -7.629074e-24 1.000057e-17 8.309393e+01
463000 1.005649e-21 -1.157220e-22 1.000089e-17 1.456777e+02
464000 1.976124e-24 -2.967900e-22 9.999706e-18 2.862602e-01
465000 3.653957e-21 -3.671531e-22 1.000343e-17 5.293100e+02
466000 3.732692e-22 -1.713809e-22 1.000020e-17 5.407156e+01
467000 8.216635e-22 -3.607335e-22 1.000056e-17 1.190257e+02
468000 9.010667e-21 -8.086447e-23 1.010898e-17 1.305280e+03
469000 3.244058e-21 -9.145407e-24 1.010323e-17 4.699324e+02
470000 1.177932e-21 -2.334204e-28 1.010126e-17 1.706345e+02
471000 5.737954e-21 -9.835688e-29 1.010582e-17 8.311966e+02
472000 4.820905e-21 -6.449131e-23 1.010476e-17 6.983535e+02
473000 1.394032e-22 -5.166168e-23 1.010009e-17 2.019387e+01
474000 2.800038e-21 -3.772866e-23 1.010276e-17 4.056119e+02
475000 6.924100e-22 -1.437763e-23 1.020116e-17 1.003021e+02
476000 2.597121e-22 -1.173966e-24 1.020120e-17 3.762174e+01
477000 2.132617e-20 -3.966040e-25 1.022134e-17 3.089296e+03
478000 3.298078e-22 -2.103831e-24 1.020221e-17 4.777576e+01
479000 2.855634e-21 -1.478938e-23 1.020338e-17 4.136654e+02
480000 6.653288e-23 -6.165937e-24 1.020008e-17 9.637914e+00
481000 2.168789e-21 -3.128301e-24 1.020541e-17 3.141695e+02
482000 1.413935e-23 -6.765361e-24 1.020003e-17 2.048218e+00
483000 3.760738e-22 -1.099358e-25 1.020041e-17 5.447783e+01
484000 2.951100e-21 -3.822253e-24 1.020295e-17 4.274946e+02
485000 2.139853e-23 -9.376243e-24 1.020010e-17 3.099778e+00
486000 5.047358e-23 -5.537514e-24 1.020006e-17 7.311574e+00
487000 4.464414e-21 -1.369521e-24 1.020447e-17 6.467124e+02
488000 8.207529e-21 -7.634454e-24 1.020824e-17 1.188938e+03
489000 1.437796e-22 -2.252188e-25 1.020017e-17 2.082783e+01
490000 6.612798e-22 -2.229710e-24 1.020066e-17 9.579261e+01
491000 5.291317e-21 -1.755879e-24 1.020679e-17 7.664971e+02
492000 3.973198e-21 -1.927790e-23 1.020552e-17 5.755552e+02
493000 3.746897e-21 -1.002571e-26 1.020386e-17 5.427732e+02
494000 4.772065e-26 -9.180049e-25 1.020074e-17 6.912785e-03
495000 1.044389e-20 -2.151781e-23 1.021285e-17 1.512895e+03
496000 5.190374e-22 -1.417355e-23 1.020096e-17 7.518745e+01
497000 1.278790e-20 -1.320859e-25 1.021282e-17 1.852447e+03
498000 7.464465e-22 -1.303909e-24 1.020075e-17 1.081298e+02
499000 4.929939e-22 -2.704892e-21 1.029785e-17 7.141481e+01
500000 2.734259e-21 -2.219536e-21 1.030074e-17 3.960831e+02
501000 7.619019e-25 -2.859353e-21 1.029888e-17 1.103687e-01
502000 5.112906e-23 -2.864583e-21 1.029908e-17 7.406526e+00
503000 3.518860e-21 -2.620096e-21 1.030091e-17 5.097400e+02
504000 3.326443e-21 -2.880405e-21 1.030292e-17 4.818666e+02
505000 4.747643e-21 -2.338289e-21 1.030242e-17 6.877407e+02
506000 1.520385e-21 -2.534483e-21 1.029899e-17 2.202420e+02
507000 1.289412e-21 -1.215850e-20 1.038914e-17 1.867835e+02
508000 1.532359e-21 -1.084228e-20 1.039124e-17 2.219766e+02
509000 2.389093e-22 -1.195240e-20 1.038829e-17 3.460826e+01
510000 1.907281e-23 -1.212038e-20 1.038790e-17 2.762876e+00
511000 1.417566e-21 -1.462512e-20 1.048796e-17 2.053477e+02
512000 2.655401e-21 -1.405486e-20 1.049035e-17 3.846599e+02
513000 1.303416e-21 -1.450237e-20 1.048715e-17 1.888121e+02
514000 5.151242e-22 -1.417954e-20 1.048686e-17 7.462058e+01
515000 2.528242e-23 -1.429342e-20 1.048591e-17 3.662397e+00
516000 4.289602e-22 -1.480285e-20 1.049072e-17 6.213892e+01
517000 5.281019e-21 -1.401797e-20 1.049367e-17 7.650053e+02
518000 9.672341e-23 -1.487270e-20 1.059572e-17 1.401130e+01
519000 3.137715e-24 -1.471789e-20 1.059526e-17 4.545276e-01
520000 6.480056e-22 -1.474956e-20 1.059521e-17 9.386971e+01
521000 1.478005e-21 -1.249687e-20 1.058977e-17 2.141029e+02
522000 1.371024e-21 -1.199261e-20 1.059324e-17 1.986058e+02
523000 2.785277e-21 -1.246165e-20 1.059088e-17 4.034736e+02
524000 1.553546e-21 -1.250364e-20 1.058990e-17 2.250458e+02
525000 5.348521e-22 -1.258002e-20 1.058972e-17 7.747836e+01
526000 1.008028e-20 -1.256383e-20 1.059904e-17 1.460223e+03
527000 2.073332e-22 -1.264317e-20 1.059065e-17 3.003416e+01
528000 2.837102e-22 -1.229389e-20 1.058824e-17 4.109809e+01
529000 4.339537e-21 -1.270894e-20 1.059684e-17 6.286228e+02
530000 8.121945e-21 -1.198065e-20 1.060039e-17 1.176540e+03
531000 1.503525e-21 -7.149118e-21 1.069436e-17 2.177997e+02
532000 9.609761e-21 -7.959322e-21 1.082843e-17 1.392064e+03
533000 2.082979e-21 -7.650369e-21 1.080818e-17 3.017392e+02
534000 7.926997e-21 -7.808847e-21 1.081324e-17 1.148300e+03
535000 2.267629e-21 -1.467962e-20 1.089889e-17 3.284874e+02
536000 3.667221e-22 -1.491066e-20 1.089751e-17 5.312314e+01
537000 8.083813e-22 -1.477239e-20 1.089511e-17 1.171016e+02
538000 2.683586e-22 -1.491083e-20 1.089742e-17 3.887427e+01
539000 2.506043e-21 -1.486997e-20 1.089804e-17 3.630239e+02
540000 5.813245e-21 -1.481503e-20 1.090019e-17 8.421033e+02
541000 1.747350e-21 -1.514282e-20 1.091753e-17 2.531201e+02
542000 5.603323e-22 -1.473745e-20 1.089534e-17 8.116941e+01
543000 6.270251e-21 -1.751241e-20 1.102334e-17 9.083049e+02
544000 1.579434e-20 -1.222795e-20 1.115389e-17 2.287958e+03
545000 5.468360e-21 -3.457702e-20 1.117091e-17 7.921433e+02
546000 2.407289e-21 -3.255187e-20 1.116997e-17 3.487185e+02
547000 2.920662e-22 -3.490075e-20 1.116653e-17 4.230853e+01
548000 1.984121e-21 -3.604806e-20 1.127278e-17 2.874186e+02
549000 4.110469e-21 -3.601472e-20 1.140085e-17 5.954401e+02
550000 2.716165e-22 -3.229657e-20 1.136981e-17 3.934621e+01
551000 1.205698e-22 -3.987561e-20 1.148912e-17 1.746568e+01
552000 4.431406e-21 -3.977379e-20 1.149036e-17 6.419309e+02
553000 2.746593e-22 -1.764950e-20 1.158263e-17 3.978698e+01
554000 1.536993e-22 -1.573182e-20 1.158442e-17 2.226479e+01
555000 1.866129e-23 -2.367267e-20 1.157635e-17 2.703264e+00
556000 5.977712e-21 -2.682552e-20 1.157930e-17 8.659278e+02
557000 5.321150e-21 -2.577713e-20 1.157954e-17 7.708186e+02
558000 2.999974e-22 -3.805140e-20 1.166234e-17 4.345744e+01
559000 7.310468e-23 -3.857713e-20 1.167871e-17 1.058990e+01
560000 1.184313e-22 -3.797654e-20 1.166225e-17 1.715588e+01
561000 7.391188e-21 -4.090630e-20 1.180614e-17 1.070683e+03
562000 1.170120e-21 -4.066625e-20 1.178106e-17 1.695028e+02
563000 1.123942e-22 -3.365867e-20 1.176645e-17 1.628135e+01
564000 5.391590e-22 -3.514767e-20 1.176539e-17 7.810225e+01
565000 3.149382e-21 -3.763301e-20 1.188452e-17 4.562176e+02
566000 1.670409e-22 -3.767280e-20 1.188398e-17 2.419745e+01
567000 2.151158e-21 -3.778811e-20 1.199257e-17 3.116155e+02
568000 2.931056e-21 -3.814373e-20 1.197208e-17 4.245910e+02
569000 4.633515e-21 -3.813992e-20 1.197356e-17 6.712083e+02
570000 3.495738e-21 -4.059409e-20 1.218592e-17 5.063905e+02
571000 9.304636e-22 -3.626762e-20 1.237137e-17 1.347864e+02
572000 1.016176e-23 -3.620340e-20 1.237107e-17 1.472027e+00
573000 8.495268e-23 -3.627500e-20 1.237052e-17 1.230620e+01
574000 4.614727e-23 -3.631363e-20 1.237073e-17 6.684866e+00
575000 1.254844e-22 -3.648720e-20 1.237720e-17 1.817760e+01
576000 5.663048e-21 -3.633330e-20 1.237664e-17 8.203457e+02
577000 2.557379e-21 -3.632926e-20 1.237347e-17 3.704604e+02
578000 2.725685e-22 -3.431115e-20 1.246638e-17 3.948412e+01
579000 9.647712e-23 -3.122344e-20 1.246887e-17 1.397562e+01
580000 2.906485e-21 -3.170236e-20 1.247120e-17 4.210318e+02
581000 2.690979e-21 -3.126305e-20 1.257155e-17 3.898136e+02
582000 6.010114e-21 -3.136661e-20 1.257489e-17 8.706216e+02
583000 4.780976e-21 -3.131337e-20 1.257364e-17 6.925694e+02
584000 2.287208e-21 -3.075822e-20 1.257160e-17 3.313236e+02
585000 2.802908e-22 -3.018272e-20 1.257215e-17 4.060275e+01
586000 2.756172e-21 -3.137646e-20 1.257164e-17 3.992574e+02
587000 4.908003e-21 -3.165948e-20 1.257473e-17 7.109704e+02
588000 1.701740e-21 -2.976969e-20 1.258288e-17 2.465130e+02
589000 2.423390e-23 -3.148908e-20 1.256908e-17 3.510508e+00
590000 1.038060e-20 -3.103063e-20 1.257938e-17 1.503728e+03
591000 2.801017e-22 -3.066182e-20 1.256975e-17 4.057536e+01
592000 4.256748e-22 -3.138918e-20 1.256932e-17 6.166299e+01
593000 1.460380e-21 -3.107748e-20 1.257042e-17 2.115499e+02
594000 4.502767e-22 -3.035885e-20 1.257092e-17 6.522682e+01
595000 1.636188e-21 -3.154604e-20 1.257086e-17 2.370172e+02
596000 4.698308e-24 -3.069696e-20 1.256941e-17 6.805941e-01
597000 1.714429e-23 -2.954024e-20 1.259154e-17 2.483511e+00
598000 1.560889e-21 -3.145926e-20 1.257055e-17 2.261094e+02
599000 2.826474e-23 -3.135440e-20 1.256890e-17 4.094413e+00
600000 5.678935e-22 -2.653951e-20 1.267419e-17 8.226472e+01
601000 1.528275e-23 -2.724349e-20 1.267402e-17 2.213850e+00
602000 1.453245e-21 -2.335427e-20 1.279679e-17 2.105162e+02
603000 1.146541e-21 -2.048222e-20 1.278066e-17 1.660873e+02
604000 7.184853e-21 -1.807222e-20 1.278911e-17 1.040794e+03
605000 8.666553e-22 -1.202652e-20 1.288884e-17 1.255432e+02
606000 2.105929e-21 -1.104500e-20 1.289106e-17 3.050636e+02
607000 3.481715e-24 -1.120849e-20 1.288879e-17 5.043591e-01
608000 2.293726e-21 -1.244076e-20 1.288985e-17 3.322678e+02
609000 7.979740e-22 -1.120699e-20 1.288959e-17 1.155940e+02
610000 8.575113e-22 -1.075256e-20 1.289010e-17 1.242186e+02
611000 6.985700e-22 -1.013154e-20 1.289057e-17 1.011944e+02
612000 8.191421e-22 -1.540672e-20 1.288566e-17 1.186604e+02
613000 5.778744e-22 -4.572730e-21 1.299601e-17 8.371054e+01
614000 8.547833e-22 -7.217554e-21 1.299364e-17 1.238234e+02
615000 3.426214e-22 -9.325818e-21 1.299102e-17 4.963193e+01
616000 6.623503e-22 -1.000570e-20 1.299070e-17 9.594767e+01
617000 1.972850e-23 -8.702129e-21 1.299132e-17 2.857859e+00
618000 3.060303e-22 -3.444109e-20 1.306701e-17 4.433137e+01
619000 2.052552e-21 -3.393401e-20 1.307048e-17 2.973315e+02
620000 1.495886e-21 -3.499566e-20 1.320641e-17 2.166931e+02
621000 1.200856e-22 -1.036040e-20 1.319643e-17 1.739553e+01
622000 2.295420e-20 -3.171914e-20 1.329415e-17 3.325132e+03
623000 2.437898e-22 -3.167274e-20 1.327131e-17 3.531524e+01
624000 5.406925e-20 -3.294976e-20 1.347142e-17 7.832440e+03
625000 2.291466e-21 -2.174541e-20 1.338061e-17 3.319404e+02
626000 3.571363e-23 -1.983647e-20 1.338535e-17 5.173455e+00
627000 2.761314e-23 -2.185159e-20 1.337828e-17 4.000023e+00
628000 2.778227e-22 -1.966251e-20 1.349265e-17 4.024523e+01
629000 1.077358e-21 -2.033254e-20 1.350095e-17 1.560655e+02
630000 6.049361e-22 -1.938379e-20 1.349788e-17 8.763068e+01
631000 1.172835e-21 -1.978909e-20 1.349286e-17 1.698962e+02
632000 2.225950e-21 -1.983385e-20 1.349391e-17 3.224497e+02
633000 1.984535e-21 -1.971371e-20 1.349396e-17 2.874786e+02
634000 3.800343e-22 -2.019185e-20 1.349652e-17 5.505155e+01
635000 2.367665e-20 -3.223335e-20 1.363139e-17 3.429786e+03
636000 1.428317e-21 -2.770611e-20 1.358917e-17 2.069052e+02
637000 4.495342e-21 -2.749792e-20 1.359510e-17 6.511926e+02
638000 6.599177e-22 -2.294945e-20 1.358940e-17 9.559528e+01
639000 6.806243e-23 -2.250916e-20 1.359413e-17 9.859483e+00
640000 1.807442e-20 1.983628e-19 1.391644e-17 2.618251e+03
641000 9.654414e-23 -1.310162e-21 1.369879e-17 1.398533e+01
642000 2.168934e-22 -1.168385e-21 1.369905e-17 3.141905e+01
643000 1.935162e-22 -1.159588e-21 1.369903e-17 2.803264e+01
644000 3.016475e-21 -1.263496e-21 1.370175e-17 4.369647e+02
645000 2.775378e-22 -4.002566e-22 1.380082e-17 4.020396e+01
646000 8.557023e-22 -3.681550e-22 1.380079e-17 1.239565e+02
647000 4.552180e-22 -3.648113e-22 1.380040e-17 6.594262e+01
648000 6.719226e-22 -3.838123e-22 1.380073e-17 9.733431e+01
649000 7.024391e-22 -4.007902e-22 1.380127e-17 1.017549e+02
650000 2.243135e-21 -7.434548e-22 1.400607e-17 3.249392e+02
651000 2.570000e-21 -7.241939e-22 1.400875e-17 3.722887e+02
652000 8.180246e-21 -7.856795e-22 1.401137e-17 1.184986e+03
653000 7.488605e-22 -8.176268e-22 1.400731e-17 1.084795e+02
654000 6.215031e-21 -2.948439e-21 1.401004e-17 9.003057e+02
655000 9.774213e-22 -2.638229e-21 1.399908e-17 1.415887e+02
656000 4.198920e-21 -2.852452e-21 1.400289e-17 6.082530e+02
657000 8.264010e-21 -2.959778e-21 1.401316e-17 1.197120e+03
658000 2.353964e-21 -2.915535e-21 1.400372e-17 3.409938e+02
659000 2.504805e-24 -2.737786e-21 1.399749e-17 3.628446e-01
660000 5.482539e-22 -1.940195e-21 1.412926e-17 7.941974e+01
661000 7.479426e-21 -2.978564e-20 1.408219e-17 1.083465e+03
662000 7.731867e-21 -2.992872e-20 1.407984e-17 1.120034e+03
663000 4.457448e-21 -2.999247e-20 1.407648e-17 6.457033e+02
664000 1.129792e-20 -2.979183e-20 1.408582e-17 1.636609e+03
665000 3.507784e-21 -3.629629e-20 1.422115e-17 5.081355e+02
666000 2.017672e-23 -3.410299e-20 1.427350e-17 2.922788e+00
667000 4.634572e-22 -3.411797e-20 1.427336e-17 6.713613e+01
668000 3.672352e-21 -3.398812e-20 1.428458e-17 5.319747e+02
669000 6.667631e-23 -2.653727e-20 1.450915e-17 9.658692e+00
670000 8.730509e-22 -2.688609e-20 1.451838e-17 1.264696e+02
671000 3.519917e-23 -2.958956e-20 1.465123e-17 5.098931e+00
672000 1.663931e-21 -2.830793e-20 1.463890e-17 2.410361e+02
673000 4.100531e-22 -2.912707e-20 1.463804e-17 5.940005e+01
674000 1.128816e-21 -4.026168e-20 1.466862e-17 1.635197e+02
675000 2.902198e-24 -4.025969e-20 1.466766e-17 4.204107e-01
676000 1.738196e-22 -4.017975e-20 1.468154e-17 2.517940e+01
677000 7.521190e-21 -4.024565e-20 1.467661e-17 1.089515e+03
678000 4.450573e-24 -3.979608e-20 1.478472e-17 6.447074e-01
679000 4.442695e-23 -4.086490e-20 1.479856e-17 6.435662e+00
680000 1.802386e-21 -3.051012e-21 1.492886e-17 2.610926e+02
681000 1.867182e-22 -1.474447e-21 1.489946e-17 2.704789e+01
682000 1.023650e-22 -1.498782e-21 1.490000e-17 1.482853e+01
683000 1.514915e-21 -1.363437e-21 1.490020e-17 2.194497e+02
684000 1.046908e-20 -1.298150e-21 1.490942e-17 1.516545e+03
685000 2.030113e-23 -1.273235e-21 1.489928e-17 2.940810e+00
686000 8.406186e-23 -1.463994e-21 1.489918e-17 1.217715e+01
687000 3.023669e-21 -1.477913e-21 1.490237e-17 4.380069e+02
688000 8.879355e-22 -1.384055e-21 1.489956e-17 1.286258e+02
689000 2.833962e-21 -1.257540e-21 1.490242e-17 4.105261e+02
690000 9.225768e-23 -5.990262e-21 1.499416e-17 1.336439e+01
691000 1.919717e-21 -8.718497e-21 1.499320e-17 2.780891e+02
692000 1.528814e-21 -7.905997e-21 1.499362e-17 2.214630e+02
693000 3.764086e-24 -1.037294e-20 1.498963e-17 5.452633e-01
694000 5.495677e-22 -7.277395e-21 1.499327e-17 7.961005e+01
695000 1.082726e-22 -8.918252e-21 1.499119e-17 1.568430e+01
696000 7.984258e-22 -9.364259e-21 1.499143e-17 1.156595e+02
697000 2.361170e-21 -9.430734e-21 1.499293e-17 3.420377e+02
698000 7.314469e-21 -8.806994e-21 1.499851e-17 1.059570e+03
699000 1.120579e-22 -1.089358e-20 1.499010e-17 1.623264e+01
700000 9.340064e-22 -6.070594e-21 1.499488e-17 1.352996e+02
701000 1.663066e-21 -1.078435e-20 1.499113e-17 2.409107e+02
702000 5.721104e-22 -8.001738e-21 1.499257e-17 8.287558e+01
703000 5.138903e-22 -1.070216e-20 1.498990e-17 7.444185e+01
704000 8.263908e-22 -2.494089e-21 1.509833e-17 1.197105e+02
705000 4.796703e-22 -3.638550e-21 1.509685e-17 6.948476e+01
706000 4.036701e-22 -2.255025e-21 1.509815e-17 5.847541e+01
707000 7.500380e-23 -1.027966e-20 1.518980e-17 1.086501e+01
708000 9.529413e-22 -1.066852e-20 1.519034e-17 1.380425e+02
709000 3.086893e-22 -9.273414e-21 1.519104e-17 4.471654e+01
710000 1.412827e-21 -8.369732e-21 1.519305e-17 2.046612e+02
711000 5.115229e-23 -1.058858e-20 1.528970e-17 7.409890e+00
712000 7.948161e-22 -1.096423e-20 1.529165e-17 1.151366e+02
713000 1.412313e-21 -1.079381e-20 1.529092e-17 2.045868e+02
714000 6.570408e-22 -1.037549e-20 1.529259e-17 9.517854e+01
715000 2.569913e-21 -1.065379e-20 1.529206e-17 3.722760e+02
716000 4.085670e-23 -1.097755e-20 1.529113e-17 5.918478e+00
717000 1.599476e-22 -1.037551e-20 1.529209e-17 2.316991e+01
718000 3.869400e-22 -1.021474e-20 1.542992e-17 5.605190e+01
719000 2.523894e-28 -1.111907e-20 1.539824e-17 3.656099e-05
720000 7.696416e-22 -1.106055e-20 1.539822e-17 1.114898e+02
721000 7.104130e-22 -1.103703e-20 1.539829e-17 1.029100e+02
722000 6.972706e-22 -1.116262e-20 1.540055e-17 1.010062e+02
723000 5.349240e-23 -1.122692e-20 1.540382e-17 7.748877e+00
724000 7.644645e-21 -1.114986e-20 1.540694e-17 1.107399e+03
725000 1.335476e-22 -8.693864e-21 1.539145e-17 1.934563e+01
726000 5.153698e-21 -8.305824e-21 1.539685e-17 7.465616e+02
727000 1.270982e-21 -8.862445e-21 1.539253e-17 1.841137e+02
728000 4.025687e-22 -8.273298e-21 1.539214e-17 5.831586e+01
729000 3.167323e-22 -8.949082e-21 1.539175e-17 4.588166e+01
730000 1.531903e-23 -8.300333e-21 1.539172e-17 2.219105e+00
731000 3.511898e-21 -8.039951e-21 1.539586e-17 5.087315e+02
732000 1.964843e-21 -8.631149e-21 1.539334e-17 2.846259e+02
733000 7.749552e-22 -8.750845e-21 1.539205e-17 1.122596e+02
734000 3.102790e-21 -8.282300e-21 1.549609e-17 4.494683e+02
735000 6.842368e-22 -8.193376e-21 1.549296e-17 9.911814e+01
736000 6.641164e-21 -3.941581e-21 1.560781e-17 9.620351e+02
737000 2.010529e-21 -4.030949e-21 1.560588e-17 2.912440e+02
738000 3.719796e-21 -3.932162e-21 1.560499e-17 5.388474e+02
739000 1.386661e-22 -3.842404e-21 1.560625e-17 2.008709e+01
740000 1.643988e-22 -3.973833e-21 1.560154e-17 2.381472e+01
741000 4.247423e-22 -4.084608e-21 1.560913e-17 6.152792e+01
742000 4.322143e-21 -4.062501e-21 1.561075e-17 6.261030e+02
743000 6.310847e-22 -3.854457e-21 1.560568e-17 9.141855e+01
744000 6.060953e-22 -4.003890e-21 1.560295e-17 8.779860e+01
745000 2.987621e-22 -4.063157e-21 1.560679e-17 4.327850e+01
746000 3.907005e-21 -3.888022e-21 1.560668e-17 5.659664e+02
747000 5.124707e-23 -3.839900e-21 1.560640e-17 7.423621e+00
748000 7.371964e-21 -3.870686e-21 1.561120e-17 1.067898e+03
749000 8.057991e-22 -3.860739e-21 1.560535e-17 1.167276e+02
750000 3.501790e-21 -4.096907e-21 1.561365e-17 5.072672e+02
751000 6.984498e-23 -3.875012e-21 1.560361e-17 1.011770e+01
752000 1.143025e-23 -4.004943e-21 1.560240e-17 1.655779e+00
753000 2.139577e-21 -5.987068e-21 1.569622e-17 3.099378e+02
754000 8.635223e-22 -5.889140e-21 1.569529e-17 1.250893e+02
755000 7.786793e-22 -6.435794e-21 1.569436e-17 1.127990e+02
756000 6.899094e-22 -6.015204e-21 1.569471e-17 9.993987e+01
757000 6.039632e-22 -6.514812e-21 1.569417e-17 8.748976e+01
758000 1.464734e-22 -6.287126e-21 1.569386e-17 2.121805e+01
759000 3.541233e-23 -6.453508e-21 1.569361e-17 5.129809e+00
760000 7.312430e-23 -6.271875e-21 1.569380e-17 1.059274e+01
761000 2.817776e-21 -6.763463e-21 1.569845e-17 4.081813e+02
762000 4.520687e-21 -6.153230e-21 1.569837e-17 6.548641e+02
763000 1.106474e-20 -6.594789e-21 1.570474e-17 1.602832e+03
764000 1.201059e-21 -7.866946e-21 1.579920e-17 1.739847e+02
765000 1.216396e-20 -5.670577e-21 1.591176e-17 1.762063e+03
766000 3.994472e-23 -5.619087e-21 1.590312e-17 5.786369e+00
767000 9.821310e-24 -5.655304e-21 1.590050e-17 1.422709e+00
768000 1.940791e-23 -6.016041e-21 1.589759e-17 2.811419e+00
769000 2.392160e-21 -5.796819e-21 1.589795e-17 3.465269e+02
770000 2.585621e-24 -5.849721e-21 1.589513e-17 3.745515e-01
771000 1.071853e-21 -5.778595e-21 1.589692e-17 1.552679e+02
772000 1.237427e-21 -3.359999e-20 1.606764e-17 1.792530e+02
773000 6.080574e-22 -3.318825e-20 1.606742e-17 8.808284e+01
774000 2.725738e-21 -3.169587e-20 1.607103e-17 3.948487e+02
775000 2.873414e-21 -3.193168e-20 1.607094e-17 4.162410e+02
776000 2.133234e-25 -3.225846e-20 1.606774e-17 3.090191e-02
777000 1.962665e-21 -3.304140e-20 1.606892e-17 2.843105e+02
778000 2.906122e-21 -3.111849e-20 1.607183e-17 4.209792e+02
779000 7.911055e-22 -3.308563e-20 1.606771e-17 1.145991e+02
780000 4.852139e-24 -3.149863e-20 1.606851e-17 7.028780e-01
781000 2.818005e-23 -3.333960e-20 1.606669e-17 4.082146e+00
782000 5.004599e-21 -3.346571e-20 1.607154e-17 7.249632e+02
783000 1.461244e-21 -3.157928e-20 1.606988e-17 2.116749e+02
784000 2.139167e-22 -3.294498e-20 1.606727e-17 3.098785e+01
785000 5.999254e-22 -3.252217e-20 1.606808e-17 8.690484e+01
786000 1.202814e-24 -3.459888e-20 1.607067e-17 1.742389e-01
787000 1.248317e-22 -3.172115e-20 1.606840e-17 1.808304e+01
788000 9.813977e-21 -3.399764e-20 1.607582e-17 1.421647e+03
789000 1.187254e-22 -3.221801e-20 1.606790e-17 1.719849e+01
790000 6.266543e-22 -3.289476e-20 1.606773e-17 9.077678e+01
791000 5.914148e-21 -3.453580e-20 1.620463e-17 8.567199e+02
792000 3.601184e-22 -3.194627e-20 1.626841e-17 5.216654e+01
793000 5.162089e-21 -3.334218e-20 1.627191e-17 7.477772e+02
794000 3.589009e-22 -3.185970e-20 1.626850e-17 5.199018e+01
795000 2.206799e-21 -3.176950e-20 1.627044e-17 3.196757e+02
796000 3.017783e-22 -3.126476e-20 1.626904e-17 4.371542e+01
797000 8.281531e-22 -3.109379e-20 1.636991e-17 1.199658e+02
798000 3.530434e-27 -3.123924e-20 1.636935e-17 5.114165e-04
799000 1.686877e-21 -3.090552e-20 1.637130e-17 2.443599e+02
800000 3.643644e-22 -3.138598e-20 1.637133e-17 5.278162e+01
801000 1.879303e-21 -3.107100e-20 1.637097e-17 2.722347e+02
802000 3.324284e-21 -3.082739e-20 1.637361e-17 4.815538e+02
803000 8.228610e-23 -3.121410e-20 1.636933e-17 1.191992e+01
804000 9.473300e-22 -3.157743e-20 1.637923e-17 1.372297e+02
805000 8.525483e-21 -3.084494e-20 1.637862e-17 1.234996e+03
806000 2.734751e-23 -3.090174e-20 1.636966e-17 3.961544e+00
807000 1.905988e-23 -3.130440e-20 1.636984e-17 2.761003e+00
808000 1.402764e-22 -3.081360e-20 1.637059e-17 2.032035e+01
809000 1.725590e-21 -3.125314e-20 1.637115e-17 2.499679e+02
810000 2.773940e-22 -3.105855e-20 1.636938e-17 4.018314e+01
811000 6.725070e-21 -3.079557e-20 1.637742e-17 9.741897e+02
812000 4.350841e-21 -3.092324e-20 1.637386e-17 6.302603e+02
813000 1.516272e-21 -3.139639e-20 1.637269e-17 2.196463e+02
814000 7.678142e-22 -3.136739e-20 1.637140e-17 1.112251e+02
815000 2.456542e-23 -3.123439e-20 1.636935e-17 3.558532e+00
816000 4.748694e-21 -3.120625e-20 1.637397e-17 6.878931e+02
817000 2.285500e-22 -3.114735e-20 1.636932e-17 3.310762e+01
818000 1.944535e-21 -2.613880e-20 1.647701e-17 2.816841e+02
819000 9.155157e-23 -2.607340e-20 1.647479e-17 1.326211e+01
820000 2.782016e-21 -2.581989e-20 1.647872e-17 4.030011e+02
821000 1.299655e-21 -2.589344e-20 1.647641e-17 1.882673e+02
822000 1.114889e-21 -2.561688e-20 1.648298e-17 1.615022e+02
823000 7.137890e-21 -3.325330e-20 1.657392e-17 1.033991e+03
824000 7.511526e-22 -3.295337e-20 1.656817e-17 1.088115e+02
825000 2.919273e-21 -3.295498e-20 1.657033e-17 4.228842e+02
826000 1.319753e-21 -3.292485e-20 1.656891e-17 1.911786e+02
827000 1.003524e-22 -3.337693e-20 1.656686e-17 1.453699e+01
828000 4.425386e-23 -3.371609e-20 1.657125e-17 6.410587e+00
829000 2.833293e-21 -3.310453e-20 1.656979e-17 4.104291e+02
830000 1.262849e-21 -3.290965e-20 1.656896e-17 1.829356e+02
831000 1.758288e-22 -3.143580e-20 1.668064e-17 2.547045e+01
832000 2.235552e-21 -3.164325e-20 1.668676e-17 3.238407e+02
833000 8.042962e-21 -3.289119e-20 1.667779e-17 1.165099e+03
834000 2.377743e-21 -3.288912e-20 1.667211e-17 3.444385e+02
835000 2.245898e-21 -3.294541e-20 1.667280e-17 3.253395e+02
836000 1.303594e-23 -3.287642e-20 1.666965e-17 1.888378e+00
837000 3.262437e-23 -3.283187e-20 1.666962e-17 4.725947e+00
838000 1.123407e-22 -3.293069e-20 1.667038e-17 1.627361e+01
839000 6.276725e-22 -3.261249e-20 1.667652e-17 9.092427e+01
840000 8.219598e-21 -3.285143e-20 1.667778e-17 1.190686e+03
841000 8.685916e-22 -3.278363e-20 1.667087e-17 1.258237e+02
842000 5.203577e-23 -3.290956e-20 1.667000e-17 7.537870e+00
843000 2.353936e-21 -3.272270e-20 1.667361e-17 3.409898e+02
844000 6.518126e-21 -3.278532e-20 1.667650e-17 9.442119e+02
845000 2.487523e-22 -3.275893e-20 1.667066e-17 3.603411e+01
846000 2.649932e-21 -3.322267e-20 1.680793e-17 3.838676e+02
847000 1.175684e-20 -3.302417e-20 1.692401e-17 1.703089e+03
848000 4.319266e-22 -2.243781e-20 1.717799e-17 6.256863e+01
849000 1.930844e-21 -3.051614e-20 1.717141e-17 2.797009e+02
850000 5.238563e-24 -2.993577e-20 1.717007e-17 7.588552e-01
851000 5.914100e-23 -2.538735e-20 1.717467e-17 8.567131e+00
852000 2.197221e-21 -3.156053e-20 1.727070e-17 3.182882e+02
853000 5.854353e-23 -2.930456e-20 1.727076e-17 8.480581e+00
854000 4.528067e-21 -3.138682e-20 1.727316e-17 6.559332e+02
855000 2.796516e-23 -3.104230e-20 1.726899e-17 4.051017e+00
856000 4.213423e-21 -3.093025e-20 1.727328e-17 6.103540e+02
857000 2.074043e-22 -3.062589e-20 1.726958e-17 3.004446e+01
858000 4.651255e-21 -3.088971e-20 1.727376e-17 6.737781e+02
859000 6.642215e-22 -3.080033e-20 1.726986e-17 9.621874e+01
860000 4.043323e-23 -2.058915e-20 1.737945e-17 5.857134e+00
861000 7.041599e-22 -1.876097e-20 1.738194e-17 1.020042e+02
862000 3.276238e-21 -1.932262e-20 1.738395e-17 4.745938e+02
863000 1.154868e-24 -2.458883e-20 1.737558e-17 1.672935e-01
864000 2.638085e-22 -2.404693e-20 1.737622e-17 3.821515e+01
865000 1.030639e-22 -2.448566e-20 1.747571e-17 1.492977e+01
866000 7.977500e-22 -2.376509e-20 1.747703e-17 1.155616e+02
867000 4.956879e-23 -2.225438e-20 1.758231e-17 7.180506e+00
868000 2.365628e-21 -2.198064e-20 1.758660e-17 3.426835e+02
869000 4.669344e-21 -3.750190e-20 1.766720e-17 6.763985e+02
870000 1.018460e-20 -4.089019e-20 1.791192e-17 1.475335e+03
871000 6.237530e-23 -3.633998e-20 1.787392e-17 9.035649e+00
872000 9.413226e-24 -3.673050e-20 1.786701e-17 1.363594e+00
873000 1.019280e-21 -3.668877e-20 1.786683e-17 1.476523e+02
874000 4.362526e-21 -3.968693e-20 1.798078e-17 6.319530e+02
875000 4.318837e-21 -3.952519e-20 1.796706e-17 6.256242e+02
876000 2.744377e-22 -3.951924e-20 1.796298e-17 3.975488e+01
877000 7.076888e-22 -3.941828e-20 1.796672e-17 1.025154e+02
878000 8.460922e-23 -3.954878e-20 1.796322e-17 1.225644e+01
879000 1.813764e-21 -3.941785e-20 1.796786e-17 2.627408e+02
