FX FY FZ 
-4.425557e-10 0.000000e+00 0.000000e+00
4.914883e-11 0.000000e+00 0.000000e+00
2.179727e-10 0.000000e+00 0.000000e+00
3.282728e-10 0.000000e+00 0.000000e+00
-4.832635e-10 0.000000e+00 0.000000e+00
-6.365674e-11 0.000000e+00 0.000000e+00
4.871503e-10 0.000000e+00 0.000000e+00
4.168723e-10 0.000000e+00 0.000000e+00
5.702622e-10 0.000000e+00 0.000000e+00
-1.321946e-11 0.000000e+00 0.000000e+00
2.856367e-12 0.000000e+00 0.000000e+00
2.212022e-10 0.000000e+00 0.000000e+00
3.443837e-10 0.000000e+00 0.000000e+00
1.367675e-10 0.000000e+00 0.000000e+00
3.227807e-10 0.000000e+00 0.000000e+00
2.408794e-10 0.000000e+00 0.000000e+00
1.428015e-10 0.000000e+00 0.000000e+00
8.338131e-11 0.000000e+00 0.000000e+00
1.960415e-10 0.000000e+00 0.000000e+00
1.749128e-10 0.000000e+00 0.000000e+00
6.469114e-11 0.000000e+00 0.000000e+00
4.447485e-10 0.000000e+00 0.000000e+00
3.550024e-10 0.000000e+00 0.000000e+00
3.335271e-10 0.000000e+00 0.000000e+00
3.983912e-10 0.000000e+00 0.000000e+00
5.318274e-10 0.000000e+00 0.000000e+00
5.929911e-10 0.000000e+00 0.000000e+00
6.150345e-10 0.000000e+00 0.000000e+00
5.881109e-10 0.000000e+00 0.000000e+00
5.560830e-10 0.000000e+00 0.000000e+00
6.164012e-10 0.000000e+00 0.000000e+00
6.291516e-10 0.000000e+00 0.000000e+00
6.318894e-10 0.000000e+00 0.000000e+00
6.297230e-10 0.000000e+00 0.000000e+00
3.755588e-10 0.000000e+00 0.000000e+00
6.318104e-10 0.000000e+00 0.000000e+00
6.023655e-10 0.000000e+00 0.000000e+00
5.488279e-10 0.000000e+00 0.000000e+00
6.028680e-10 0.000000e+00 0.000000e+00
5.897722e-10 0.000000e+00 0.000000e+00
5.493891e-10 0.000000e+00 0.000000e+00
3.012434e-10 0.000000e+00 0.000000e+00
2.943780e-10 0.000000e+00 0.000000e+00
3.683509e-10 0.000000e+00 0.000000e+00
3.918618e-10 0.000000e+00 0.000000e+00
3.045570e-10 0.000000e+00 0.000000e+00
3.618035e-10 0.000000e+00 0.000000e+00
3.523547e-10 0.000000e+00 0.000000e+00
3.474990e-10 0.000000e+00 0.000000e+00
3.592857e-10 0.000000e+00 0.000000e+00
4.363457e-10 0.000000e+00 0.000000e+00
-8.179664e-10 0.000000e+00 0.000000e+00
-4.897036e-10 0.000000e+00 0.000000e+00
-7.955472e-10 0.000000e+00 0.000000e+00
-8.781091e-10 0.000000e+00 0.000000e+00
-1.292636e-10 0.000000e+00 0.000000e+00
-3.983036e-10 0.000000e+00 0.000000e+00
-1.023620e-09 0.000000e+00 0.000000e+00
-6.833008e-10 0.000000e+00 0.000000e+00
-2.822646e-10 0.000000e+00 0.000000e+00
-4.283556e-10 0.000000e+00 0.000000e+00
-9.011934e-10 0.000000e+00 0.000000e+00
-4.904222e-10 0.000000e+00 0.000000e+00
-5.143362e-10 0.000000e+00 0.000000e+00
-6.144104e-10 0.000000e+00 0.000000e+00
-6.725206e-10 0.000000e+00 0.000000e+00
-6.015008e-10 0.000000e+00 0.000000e+00
-5.118298e-10 0.000000e+00 0.000000e+00
-5.396779e-10 0.000000e+00 0.000000e+00
-4.799834e-10 0.000000e+00 0.000000e+00
-5.724624e-10 0.000000e+00 0.000000e+00
-7.908260e-10 0.000000e+00 0.000000e+00
-8.433008e-10 0.000000e+00 0.000000e+00
-8.057144e-10 0.000000e+00 0.000000e+00
-7.560682e-10 0.000000e+00 0.000000e+00
-1.004025e-09 0.000000e+00 0.000000e+00
-1.106550e-09 0.000000e+00 0.000000e+00
-1.111356e-09 0.000000e+00 0.000000e+00
-2.219439e-09 0.000000e+00 0.000000e+00
-1.288566e-09 0.000000e+00 0.000000e+00
-1.222172e-09 0.000000e+00 0.000000e+00
-2.933655e-11 0.000000e+00 0.000000e+00
-2.345370e-10 0.000000e+00 0.000000e+00
-3.307049e-10 0.000000e+00 0.000000e+00
-2.235091e-10 0.000000e+00 0.000000e+00
-2.356450e-10 0.000000e+00 0.000000e+00
-1.820571e-10 0.000000e+00 0.000000e+00
-1.813636e-10 0.000000e+00 0.000000e+00
-1.705619e-10 0.000000e+00 0.000000e+00
-1.863536e-10 0.000000e+00 0.000000e+00
-1.787088e-10 0.000000e+00 0.000000e+00
-2.980174e-10 0.000000e+00 0.000000e+00
-2.975182e-10 0.000000e+00 0.000000e+00
-3.114028e-10 0.000000e+00 0.000000e+00
-3.077235e-10 0.000000e+00 0.000000e+00
-3.363738e-10 0.000000e+00 0.000000e+00
-2.766819e-10 0.000000e+00 0.000000e+00
-2.680180e-10 0.000000e+00 0.000000e+00
-2.927099e-10 0.000000e+00 0.000000e+00
-2.804461e-10 0.000000e+00 0.000000e+00
-2.839339e-10 0.000000e+00 0.000000e+00
1.238122e-10 0.000000e+00 0.000000e+00
1.096659e-10 0.000000e+00 0.000000e+00
1.460803e-10 0.000000e+00 0.000000e+00
1.245353e-10 0.000000e+00 0.000000e+00
1.593618e-10 0.000000e+00 0.000000e+00
3.321003e-10 0.000000e+00 0.000000e+00
3.633254e-10 0.000000e+00 0.000000e+00
3.698591e-10 0.000000e+00 0.000000e+00
3.371592e-10 0.000000e+00 0.000000e+00
3.536691e-10 0.000000e+00 0.000000e+00
2.731244e-10 0.000000e+00 0.000000e+00
2.638868e-10 0.000000e+00 0.000000e+00
2.715717e-10 0.000000e+00 0.000000e+00
2.743547e-10 0.000000e+00 0.000000e+00
2.672120e-10 0.000000e+00 0.000000e+00
3.878343e-10 0.000000e+00 0.000000e+00
4.067101e-10 0.000000e+00 0.000000e+00
4.044912e-10 0.000000e+00 0.000000e+00
3.895691e-10 0.000000e+00 0.000000e+00
4.009165e-10 0.000000e+00 0.000000e+00
4.990895e-10 0.000000e+00 0.000000e+00
4.923678e-10 0.000000e+00 0.000000e+00
5.084530e-10 0.000000e+00 0.000000e+00
4.692393e-10 0.000000e+00 0.000000e+00
5.145388e-10 0.000000e+00 0.000000e+00
6.263795e-10 0.000000e+00 0.000000e+00
6.260015e-10 0.000000e+00 0.000000e+00
6.289775e-10 0.000000e+00 0.000000e+00
6.266316e-10 0.000000e+00 0.000000e+00
6.286461e-10 0.000000e+00 0.000000e+00
1.365722e-10 0.000000e+00 0.000000e+00
7.222985e-12 0.000000e+00 0.000000e+00
9.519380e-11 0.000000e+00 0.000000e+00
-1.607630e-10 0.000000e+00 0.000000e+00
-6.226140e-10 0.000000e+00 0.000000e+00
-6.327214e-10 0.000000e+00 0.000000e+00
-6.315433e-10 0.000000e+00 0.000000e+00
-6.314683e-10 0.000000e+00 0.000000e+00
-6.139613e-10 0.000000e+00 0.000000e+00
-6.166691e-10 0.000000e+00 0.000000e+00
6.284969e-10 0.000000e+00 0.000000e+00
6.153478e-10 0.000000e+00 0.000000e+00
6.313332e-10 0.000000e+00 0.000000e+00
5.791884e-10 0.000000e+00 0.000000e+00
6.271444e-10 0.000000e+00 0.000000e+00
5.846599e-10 0.000000e+00 0.000000e+00
5.358849e-10 0.000000e+00 0.000000e+00
4.104258e-10 0.000000e+00 0.000000e+00
6.194719e-10 0.000000e+00 0.000000e+00
6.100380e-10 0.000000e+00 0.000000e+00
6.325741e-10 0.000000e+00 0.000000e+00
6.327755e-10 0.000000e+00 0.000000e+00
6.309517e-10 0.000000e+00 0.000000e+00
6.327562e-10 0.000000e+00 0.000000e+00
6.323436e-10 0.000000e+00 0.000000e+00
6.301869e-10 0.000000e+00 0.000000e+00
6.238077e-10 0.000000e+00 0.000000e+00
6.226576e-10 0.000000e+00 0.000000e+00
6.261843e-10 0.000000e+00 0.000000e+00
6.228634e-10 0.000000e+00 0.000000e+00
6.241912e-10 0.000000e+00 0.000000e+00
6.185067e-10 0.000000e+00 0.000000e+00
6.160190e-10 0.000000e+00 0.000000e+00
6.231176e-10 0.000000e+00 0.000000e+00
6.179476e-10 0.000000e+00 0.000000e+00
6.327471e-10 0.000000e+00 0.000000e+00
6.327758e-10 0.000000e+00 0.000000e+00
6.327703e-10 0.000000e+00 0.000000e+00
6.327639e-10 0.000000e+00 0.000000e+00
6.326982e-10 0.000000e+00 0.000000e+00
4.692563e-10 0.000000e+00 0.000000e+00
4.940571e-10 0.000000e+00 0.000000e+00
4.612364e-10 0.000000e+00 0.000000e+00
4.823994e-10 0.000000e+00 0.000000e+00
4.810248e-10 0.000000e+00 0.000000e+00
4.984333e-10 0.000000e+00 0.000000e+00
5.020922e-10 0.000000e+00 0.000000e+00
4.991113e-10 0.000000e+00 0.000000e+00
4.976060e-10 0.000000e+00 0.000000e+00
4.944791e-10 0.000000e+00 0.000000e+00
6.000184e-10 0.000000e+00 0.000000e+00
5.720603e-10 0.000000e+00 0.000000e+00
5.693889e-10 0.000000e+00 0.000000e+00
6.019520e-10 0.000000e+00 0.000000e+00
5.707452e-10 0.000000e+00 0.000000e+00
5.617036e-10 0.000000e+00 0.000000e+00
5.598578e-10 0.000000e+00 0.000000e+00
5.563982e-10 0.000000e+00 0.000000e+00
5.595267e-10 0.000000e+00 0.000000e+00
5.584147e-10 0.000000e+00 0.000000e+00
-6.074854e-10 0.000000e+00 0.000000e+00
-5.137348e-10 0.000000e+00 0.000000e+00
-6.111134e-10 0.000000e+00 0.000000e+00
-2.638082e-10 0.000000e+00 0.000000e+00
3.791213e-10 0.000000e+00 0.000000e+00
-5.705690e-10 0.000000e+00 0.000000e+00
-3.832489e-10 0.000000e+00 0.000000e+00
-6.063901e-10 0.000000e+00 0.000000e+00
-5.356359e-12 0.000000e+00 0.000000e+00
-5.292779e-10 0.000000e+00 0.000000e+00
-4.366714e-10 0.000000e+00 0.000000e+00
-4.684136e-10 0.000000e+00 0.000000e+00
3.392209e-10 0.000000e+00 0.000000e+00
-4.748663e-10 0.000000e+00 0.000000e+00
-4.804830e-10 0.000000e+00 0.000000e+00
-5.601331e-10 0.000000e+00 0.000000e+00
-6.073279e-10 0.000000e+00 0.000000e+00
-6.056802e-10 0.000000e+00 0.000000e+00
-5.966436e-10 0.000000e+00 0.000000e+00
-5.749745e-10 0.000000e+00 0.000000e+00
-2.129852e-10 0.000000e+00 0.000000e+00
-5.244555e-11 0.000000e+00 0.000000e+00
-8.242937e-11 0.000000e+00 0.000000e+00
-5.508466e-10 0.000000e+00 0.000000e+00
-4.490959e-10 0.000000e+00 0.000000e+00
-5.874944e-10 0.000000e+00 0.000000e+00
-5.079888e-10 0.000000e+00 0.000000e+00
-5.118226e-10 0.000000e+00 0.000000e+00
-5.835669e-10 0.000000e+00 0.000000e+00
-5.317056e-10 0.000000e+00 0.000000e+00
-5.070458e-10 0.000000e+00 0.000000e+00
-4.817047e-10 0.000000e+00 0.000000e+00
-4.690162e-10 0.000000e+00 0.000000e+00
-5.097117e-10 0.000000e+00 0.000000e+00
-4.671766e-10 0.000000e+00 0.000000e+00
-4.967926e-10 0.000000e+00 0.000000e+00
-4.911014e-10 0.000000e+00 0.000000e+00
-5.097165e-10 0.000000e+00 0.000000e+00
-4.945935e-10 0.000000e+00 0.000000e+00
-4.990567e-10 0.000000e+00 0.000000e+00
-4.855188e-10 0.000000e+00 0.000000e+00
-4.762799e-10 0.000000e+00 0.000000e+00
-4.871762e-10 0.000000e+00 0.000000e+00
-4.856869e-10 0.000000e+00 0.000000e+00
-4.870564e-10 0.000000e+00 0.000000e+00
2.069638e-10 0.000000e+00 0.000000e+00
-3.647317e-10 0.000000e+00 0.000000e+00
-3.530333e-10 0.000000e+00 0.000000e+00
-5.634335e-11 0.000000e+00 0.000000e+00
-1.066913e-10 0.000000e+00 0.000000e+00
3.575073e-10 0.000000e+00 0.000000e+00
2.615817e-11 0.000000e+00 0.000000e+00
5.011592e-10 0.000000e+00 0.000000e+00
5.019691e-10 0.000000e+00 0.000000e+00
3.795933e-10 0.000000e+00 0.000000e+00
-1.806502e-10 0.000000e+00 0.000000e+00
-2.529082e-10 0.000000e+00 0.000000e+00
-4.008949e-10 0.000000e+00 0.000000e+00
-1.485307e-10 0.000000e+00 0.000000e+00
-2.908373e-10 0.000000e+00 0.000000e+00
-1.611186e-10 0.000000e+00 0.000000e+00
-1.471798e-10 0.000000e+00 0.000000e+00
-2.211331e-10 0.000000e+00 0.000000e+00
-2.427507e-10 0.000000e+00 0.000000e+00
-2.303933e-10 0.000000e+00 0.000000e+00
-3.645518e-10 0.000000e+00 0.000000e+00
-4.065180e-10 0.000000e+00 0.000000e+00
-3.205051e-10 0.000000e+00 0.000000e+00
-4.170507e-10 0.000000e+00 0.000000e+00
-4.304328e-10 0.000000e+00 0.000000e+00
-3.168216e-10 0.000000e+00 0.000000e+00
-3.634887e-10 0.000000e+00 0.000000e+00
-3.458042e-10 0.000000e+00 0.000000e+00
-3.610525e-10 0.000000e+00 0.000000e+00
-3.581532e-10 0.000000e+00 0.000000e+00
-4.063420e-10 0.000000e+00 0.000000e+00
-3.950739e-10 0.000000e+00 0.000000e+00
-3.813642e-10 0.000000e+00 0.000000e+00
-4.056919e-10 0.000000e+00 0.000000e+00
-3.957068e-10 0.000000e+00 0.000000e+00
1.075923e-09 0.000000e+00 0.000000e+00
9.011008e-10 0.000000e+00 0.000000e+00
6.423192e-10 0.000000e+00 0.000000e+00
4.481269e-10 0.000000e+00 0.000000e+00
5.995141e-10 0.000000e+00 0.000000e+00
9.455532e-10 0.000000e+00 0.000000e+00
9.256702e-10 0.000000e+00 0.000000e+00
7.802658e-10 0.000000e+00 0.000000e+00
9.129911e-10 0.000000e+00 0.000000e+00
7.411763e-10 0.000000e+00 0.000000e+00
9.415946e-10 0.000000e+00 0.000000e+00
8.783432e-10 0.000000e+00 0.000000e+00
1.067715e-09 0.000000e+00 0.000000e+00
1.078640e-09 0.000000e+00 0.000000e+00
8.179037e-10 0.000000e+00 0.000000e+00
9.549577e-10 0.000000e+00 0.000000e+00
9.664572e-10 0.000000e+00 0.000000e+00
1.387141e-09 0.000000e+00 0.000000e+00
1.128768e-09 0.000000e+00 0.000000e+00
1.001571e-09 0.000000e+00 0.000000e+00
8.681221e-10 0.000000e+00 0.000000e+00
8.850205e-10 0.000000e+00 0.000000e+00
8.952992e-10 0.000000e+00 0.000000e+00
8.941115e-10 0.000000e+00 0.000000e+00
8.947204e-10 0.000000e+00 0.000000e+00
9.321680e-10 0.000000e+00 0.000000e+00
1.095850e-09 0.000000e+00 0.000000e+00
1.268200e-09 0.000000e+00 0.000000e+00
1.544857e-09 0.000000e+00 0.000000e+00
1.092147e-09 0.000000e+00 0.000000e+00
1.290427e-09 0.000000e+00 0.000000e+00
1.220830e-09 0.000000e+00 0.000000e+00
1.233513e-09 0.000000e+00 0.000000e+00
1.260148e-09 0.000000e+00 0.000000e+00
1.331030e-09 0.000000e+00 0.000000e+00
1.501501e-09 0.000000e+00 0.000000e+00
1.764684e-09 0.000000e+00 0.000000e+00
1.517045e-09 0.000000e+00 0.000000e+00
1.409165e-09 0.000000e+00 0.000000e+00
1.436097e-09 0.000000e+00 0.000000e+00
1.944034e-09 0.000000e+00 0.000000e+00
1.890440e-09 0.000000e+00 0.000000e+00
1.594323e-09 0.000000e+00 0.000000e+00
1.511088e-09 0.000000e+00 0.000000e+00
1.602777e-09 0.000000e+00 0.000000e+00
1.512086e-09 0.000000e+00 0.000000e+00
1.517892e-09 0.000000e+00 0.000000e+00
1.528950e-09 0.000000e+00 0.000000e+00
1.520215e-09 0.000000e+00 0.000000e+00
1.494571e-09 0.000000e+00 0.000000e+00
1.712371e-09 0.000000e+00 0.000000e+00
1.861632e-09 0.000000e+00 0.000000e+00
1.785526e-09 0.000000e+00 0.000000e+00
2.157726e-09 0.000000e+00 0.000000e+00
1.689669e-09 0.000000e+00 0.000000e+00
1.792852e-09 0.000000e+00 0.000000e+00
1.801188e-09 0.000000e+00 0.000000e+00
2.410788e-09 0.000000e+00 0.000000e+00
1.817981e-09 0.000000e+00 0.000000e+00
2.069277e-09 0.000000e+00 0.000000e+00
2.197090e-09 0.000000e+00 0.000000e+00
2.307748e-09 0.000000e+00 0.000000e+00
2.481807e-09 0.000000e+00 0.000000e+00
2.617368e-09 0.000000e+00 0.000000e+00
2.255997e-09 0.000000e+00 0.000000e+00
2.152552e-09 0.000000e+00 0.000000e+00
2.160638e-09 0.000000e+00 0.000000e+00
2.169986e-09 0.000000e+00 0.000000e+00
2.150393e-09 0.000000e+00 0.000000e+00
2.166380e-09 0.000000e+00 0.000000e+00
2.478237e-09 0.000000e+00 0.000000e+00
2.409166e-09 0.000000e+00 0.000000e+00
2.507695e-09 0.000000e+00 0.000000e+00
2.700638e-09 0.000000e+00 0.000000e+00
2.479502e-09 0.000000e+00 0.000000e+00
2.661429e-09 0.000000e+00 0.000000e+00
2.706943e-09 0.000000e+00 0.000000e+00
2.786440e-09 0.000000e+00 0.000000e+00
2.819327e-09 0.000000e+00 0.000000e+00
2.848112e-09 0.000000e+00 0.000000e+00
2.742535e-09 0.000000e+00 0.000000e+00
2.658711e-09 0.000000e+00 0.000000e+00
2.678373e-09 0.000000e+00 0.000000e+00
2.635519e-09 0.000000e+00 0.000000e+00
2.584713e-09 0.000000e+00 0.000000e+00
2.666926e-09 0.000000e+00 0.000000e+00
2.722158e-09 0.000000e+00 0.000000e+00
2.715901e-09 0.000000e+00 0.000000e+00
2.732484e-09 0.000000e+00 0.000000e+00
2.678316e-09 0.000000e+00 0.000000e+00
3.188461e-09 0.000000e+00 0.000000e+00
3.040711e-09 0.000000e+00 0.000000e+00
3.042092e-09 0.000000e+00 0.000000e+00
2.939706e-09 0.000000e+00 0.000000e+00
3.052509e-09 0.000000e+00 0.000000e+00
3.221322e-09 0.000000e+00 0.000000e+00
3.187849e-09 0.000000e+00 0.000000e+00
3.288527e-09 0.000000e+00 0.000000e+00
3.216986e-09 0.000000e+00 0.000000e+00
3.293567e-09 0.000000e+00 0.000000e+00
3.611228e-09 0.000000e+00 0.000000e+00
3.482885e-09 0.000000e+00 0.000000e+00
3.608834e-09 0.000000e+00 0.000000e+00
3.646169e-09 0.000000e+00 0.000000e+00
3.611952e-09 0.000000e+00 0.000000e+00
1.943290e-09 0.000000e+00 0.000000e+00
1.963398e-09 0.000000e+00 0.000000e+00
1.826552e-09 0.000000e+00 0.000000e+00
1.781853e-09 0.000000e+00 0.000000e+00
1.856617e-09 0.000000e+00 0.000000e+00
1.760986e-09 0.000000e+00 0.000000e+00
1.780242e-09 0.000000e+00 0.000000e+00
1.781216e-09 0.000000e+00 0.000000e+00
1.771820e-09 0.000000e+00 0.000000e+00
1.765227e-09 0.000000e+00 0.000000e+00
1.954521e-09 0.000000e+00 0.000000e+00
1.957088e-09 0.000000e+00 0.000000e+00
1.989462e-09 0.000000e+00 0.000000e+00
2.000914e-09 0.000000e+00 0.000000e+00
1.996207e-09 0.000000e+00 0.000000e+00
1.609901e-09 0.000000e+00 0.000000e+00
-1.804076e-10 0.000000e+00 0.000000e+00
-1.560173e-10 0.000000e+00 0.000000e+00
-1.629325e-10 0.000000e+00 0.000000e+00
-1.782841e-10 0.000000e+00 0.000000e+00
-1.292116e-10 0.000000e+00 0.000000e+00
-1.431345e-10 0.000000e+00 0.000000e+00
-1.429696e-10 0.000000e+00 0.000000e+00
-1.459034e-10 0.000000e+00 0.000000e+00
-1.402808e-10 0.000000e+00 0.000000e+00
1.898236e-10 0.000000e+00 0.000000e+00
2.662014e-10 0.000000e+00 0.000000e+00
-3.581675e-12 0.000000e+00 0.000000e+00
8.273378e-11 0.000000e+00 0.000000e+00
8.772440e-12 0.000000e+00 0.000000e+00
1.689901e-10 0.000000e+00 0.000000e+00
1.301934e-10 0.000000e+00 0.000000e+00
2.011444e-10 0.000000e+00 0.000000e+00
3.021192e-10 0.000000e+00 0.000000e+00
5.430678e-11 0.000000e+00 0.000000e+00
1.104168e-10 0.000000e+00 0.000000e+00
2.314338e-10 0.000000e+00 0.000000e+00
2.045378e-10 0.000000e+00 0.000000e+00
3.067999e-10 0.000000e+00 0.000000e+00
1.490751e-10 0.000000e+00 0.000000e+00
2.060804e-10 0.000000e+00 0.000000e+00
2.524821e-10 0.000000e+00 0.000000e+00
2.488868e-10 0.000000e+00 0.000000e+00
2.693471e-10 0.000000e+00 0.000000e+00
2.502976e-10 0.000000e+00 0.000000e+00
3.045562e-10 0.000000e+00 0.000000e+00
3.202243e-10 0.000000e+00 0.000000e+00
3.210972e-10 0.000000e+00 0.000000e+00
3.209779e-10 0.000000e+00 0.000000e+00
3.089110e-10 0.000000e+00 0.000000e+00
1.056821e-10 0.000000e+00 0.000000e+00
9.317598e-11 0.000000e+00 0.000000e+00
9.887342e-11 0.000000e+00 0.000000e+00
1.056426e-10 0.000000e+00 0.000000e+00
1.053493e-10 0.000000e+00 0.000000e+00
-2.616320e-10 0.000000e+00 0.000000e+00
-2.622420e-10 0.000000e+00 0.000000e+00
-2.565518e-10 0.000000e+00 0.000000e+00
-2.598576e-10 0.000000e+00 0.000000e+00
-2.683440e-10 0.000000e+00 0.000000e+00
-2.006725e-10 0.000000e+00 0.000000e+00
-5.676717e-11 0.000000e+00 0.000000e+00
-5.391496e-11 0.000000e+00 0.000000e+00
-5.403058e-11 0.000000e+00 0.000000e+00
-3.685275e-11 0.000000e+00 0.000000e+00
4.538480e-10 0.000000e+00 0.000000e+00
5.202261e-10 0.000000e+00 0.000000e+00
5.089662e-10 0.000000e+00 0.000000e+00
4.965052e-10 0.000000e+00 0.000000e+00
4.622731e-10 0.000000e+00 0.000000e+00
4.261159e-10 0.000000e+00 0.000000e+00
4.299947e-10 0.000000e+00 0.000000e+00
2.410512e-09 0.000000e+00 0.000000e+00
2.396884e-09 0.000000e+00 0.000000e+00
2.387950e-09 0.000000e+00 0.000000e+00
1.954065e-09 0.000000e+00 0.000000e+00
1.927521e-09 0.000000e+00 0.000000e+00
1.951874e-09 0.000000e+00 0.000000e+00
6.228376e-10 0.000000e+00 0.000000e+00
6.228344e-10 0.000000e+00 0.000000e+00
6.299479e-10 0.000000e+00 0.000000e+00
6.310183e-10 0.000000e+00 0.000000e+00
6.302457e-10 0.000000e+00 0.000000e+00
6.310131e-10 0.000000e+00 0.000000e+00
6.308960e-10 0.000000e+00 0.000000e+00
4.649671e-10 0.000000e+00 0.000000e+00
5.832498e-10 0.000000e+00 0.000000e+00
5.952411e-10 0.000000e+00 0.000000e+00
5.295776e-10 0.000000e+00 0.000000e+00
5.861280e-10 0.000000e+00 0.000000e+00
5.574362e-10 0.000000e+00 0.000000e+00
4.724914e-10 0.000000e+00 0.000000e+00
5.286682e-10 0.000000e+00 0.000000e+00
5.166964e-10 0.000000e+00 0.000000e+00
4.680737e-10 0.000000e+00 0.000000e+00
4.367958e-10 0.000000e+00 0.000000e+00
4.265097e-10 0.000000e+00 0.000000e+00
4.029440e-10 0.000000e+00 0.000000e+00
4.120071e-10 0.000000e+00 0.000000e+00
4.375617e-10 0.000000e+00 0.000000e+00
1.962509e-10 0.000000e+00 0.000000e+00
2.402639e-10 0.000000e+00 0.000000e+00
-3.254322e-10 0.000000e+00 0.000000e+00
-1.415203e-10 0.000000e+00 0.000000e+00
-4.336492e-10 0.000000e+00 0.000000e+00
-3.794014e-10 0.000000e+00 0.000000e+00
2.055640e-10 0.000000e+00 0.000000e+00
-2.521945e-10 0.000000e+00 0.000000e+00
2.957522e-10 0.000000e+00 0.000000e+00
-3.518214e-10 0.000000e+00 0.000000e+00
3.192658e-10 0.000000e+00 0.000000e+00
-3.229656e-10 0.000000e+00 0.000000e+00
-2.164575e-10 0.000000e+00 0.000000e+00
1.023289e-10 0.000000e+00 0.000000e+00
1.853654e-10 0.000000e+00 0.000000e+00
3.253184e-10 0.000000e+00 0.000000e+00
2.821193e-10 0.000000e+00 0.000000e+00
3.218594e-10 0.000000e+00 0.000000e+00
3.466981e-10 0.000000e+00 0.000000e+00
3.567521e-10 0.000000e+00 0.000000e+00
2.982744e-10 0.000000e+00 0.000000e+00
2.988006e-10 0.000000e+00 0.000000e+00
2.645476e-10 0.000000e+00 0.000000e+00
2.874813e-10 0.000000e+00 0.000000e+00
2.278536e-10 0.000000e+00 0.000000e+00
2.722464e-10 0.000000e+00 0.000000e+00
3.124687e-10 0.000000e+00 0.000000e+00
3.237119e-10 0.000000e+00 0.000000e+00
3.077756e-10 0.000000e+00 0.000000e+00
2.539621e-10 0.000000e+00 0.000000e+00
3.103490e-10 0.000000e+00 0.000000e+00
2.943820e-10 0.000000e+00 0.000000e+00
2.809452e-10 0.000000e+00 0.000000e+00
2.876400e-10 0.000000e+00 0.000000e+00
2.969736e-10 0.000000e+00 0.000000e+00
2.752832e-10 0.000000e+00 0.000000e+00
2.716983e-10 0.000000e+00 0.000000e+00
2.713478e-10 0.000000e+00 0.000000e+00
2.751528e-10 0.000000e+00 0.000000e+00
2.783461e-10 0.000000e+00 0.000000e+00
1.728223e-10 0.000000e+00 0.000000e+00
-2.204754e-10 0.000000e+00 0.000000e+00
1.054904e-10 0.000000e+00 0.000000e+00
-3.054252e-10 0.000000e+00 0.000000e+00
-1.105661e-10 0.000000e+00 0.000000e+00
-4.117377e-10 0.000000e+00 0.000000e+00
-4.148192e-10 0.000000e+00 0.000000e+00
-4.219902e-10 0.000000e+00 0.000000e+00
-3.812120e-10 0.000000e+00 0.000000e+00
-3.836181e-10 0.000000e+00 0.000000e+00
-4.652349e-10 0.000000e+00 0.000000e+00
-4.626067e-10 0.000000e+00 0.000000e+00
-4.531668e-10 0.000000e+00 0.000000e+00
-4.556916e-10 0.000000e+00 0.000000e+00
-4.580885e-10 0.000000e+00 0.000000e+00
-2.978573e-10 0.000000e+00 0.000000e+00
-1.955067e-10 0.000000e+00 0.000000e+00
-3.241193e-10 0.000000e+00 0.000000e+00
-3.013776e-10 0.000000e+00 0.000000e+00
-1.866382e-10 0.000000e+00 0.000000e+00
-4.155309e-10 0.000000e+00 0.000000e+00
-4.177027e-10 0.000000e+00 0.000000e+00
-4.027116e-10 0.000000e+00 0.000000e+00
-4.088606e-10 0.000000e+00 0.000000e+00
-4.140204e-10 0.000000e+00 0.000000e+00
-5.893743e-10 0.000000e+00 0.000000e+00
-6.014647e-10 0.000000e+00 0.000000e+00
-5.904908e-10 0.000000e+00 0.000000e+00
-5.905330e-10 0.000000e+00 0.000000e+00
-6.065710e-10 0.000000e+00 0.000000e+00
-6.280807e-10 0.000000e+00 0.000000e+00
-6.325635e-10 0.000000e+00 0.000000e+00
-6.302626e-10 0.000000e+00 0.000000e+00
-6.219356e-10 0.000000e+00 0.000000e+00
-6.327724e-10 0.000000e+00 0.000000e+00
-5.496873e-10 0.000000e+00 0.000000e+00
-5.651132e-10 0.000000e+00 0.000000e+00
-6.138716e-10 0.000000e+00 0.000000e+00
-5.896427e-10 0.000000e+00 0.000000e+00
-5.573204e-10 0.000000e+00 0.000000e+00
-5.448973e-10 0.000000e+00 0.000000e+00
-5.430947e-10 0.000000e+00 0.000000e+00
-5.434959e-10 0.000000e+00 0.000000e+00
-5.465595e-10 0.000000e+00 0.000000e+00
-5.415539e-10 0.000000e+00 0.000000e+00
-5.828021e-10 0.000000e+00 0.000000e+00
-5.759885e-10 0.000000e+00 0.000000e+00
-6.143911e-10 0.000000e+00 0.000000e+00
-5.844251e-10 0.000000e+00 0.000000e+00
-5.752103e-10 0.000000e+00 0.000000e+00
-5.963125e-10 0.000000e+00 0.000000e+00
-6.072502e-10 0.000000e+00 0.000000e+00
-5.849276e-10 0.000000e+00 0.000000e+00
-6.066455e-10 0.000000e+00 0.000000e+00
-6.031110e-10 0.000000e+00 0.000000e+00
-6.171624e-10 0.000000e+00 0.000000e+00
-6.146005e-10 0.000000e+00 0.000000e+00
-6.136482e-10 0.000000e+00 0.000000e+00
-6.151190e-10 0.000000e+00 0.000000e+00
-6.102312e-10 0.000000e+00 0.000000e+00
-5.924016e-10 0.000000e+00 0.000000e+00
-5.919563e-10 0.000000e+00 0.000000e+00
-5.877237e-10 0.000000e+00 0.000000e+00
-5.878623e-10 0.000000e+00 0.000000e+00
-5.887302e-10 0.000000e+00 0.000000e+00
-6.181274e-10 0.000000e+00 0.000000e+00
-6.173500e-10 0.000000e+00 0.000000e+00
-6.179991e-10 0.000000e+00 0.000000e+00
-6.168604e-10 0.000000e+00 0.000000e+00
-6.171472e-10 0.000000e+00 0.000000e+00
2.063681e-10 0.000000e+00 0.000000e+00
1.954496e-10 0.000000e+00 0.000000e+00
2.087976e-10 0.000000e+00 0.000000e+00
1.859839e-10 0.000000e+00 0.000000e+00
1.909845e-10 0.000000e+00 0.000000e+00
-7.388666e-11 0.000000e+00 0.000000e+00
-8.192461e-11 0.000000e+00 0.000000e+00
-7.856039e-11 0.000000e+00 0.000000e+00
-6.813377e-11 0.000000e+00 0.000000e+00
-7.511840e-11 0.000000e+00 0.000000e+00
1.181992e-09 0.000000e+00 0.000000e+00
1.186032e-09 0.000000e+00 0.000000e+00
1.215257e-09 0.000000e+00 0.000000e+00
1.198435e-09 0.000000e+00 0.000000e+00
1.240366e-09 0.000000e+00 0.000000e+00
1.146305e-09 0.000000e+00 0.000000e+00
1.169519e-09 0.000000e+00 0.000000e+00
1.176492e-09 0.000000e+00 0.000000e+00
1.168476e-09 0.000000e+00 0.000000e+00
1.199581e-09 0.000000e+00 0.000000e+00
-3.878757e-10 0.000000e+00 0.000000e+00
-4.168094e-10 0.000000e+00 0.000000e+00
-2.156634e-10 0.000000e+00 0.000000e+00
-2.028675e-10 0.000000e+00 0.000000e+00
-2.032821e-10 0.000000e+00 0.000000e+00
7.389828e-11 0.000000e+00 0.000000e+00
5.062008e-12 0.000000e+00 0.000000e+00
7.297860e-11 0.000000e+00 0.000000e+00
1.219119e-10 0.000000e+00 0.000000e+00
7.093798e-11 0.000000e+00 0.000000e+00
-6.189336e-11 0.000000e+00 0.000000e+00
-3.279510e-12 0.000000e+00 0.000000e+00
-7.478521e-11 0.000000e+00 0.000000e+00
-7.125399e-11 0.000000e+00 0.000000e+00
1.809434e-11 0.000000e+00 0.000000e+00
-1.177120e-11 0.000000e+00 0.000000e+00
-5.135418e-11 0.000000e+00 0.000000e+00
-7.296838e-11 0.000000e+00 0.000000e+00
-9.744654e-12 0.000000e+00 0.000000e+00
-2.552767e-11 0.000000e+00 0.000000e+00
1.502355e-10 0.000000e+00 0.000000e+00
1.507424e-10 0.000000e+00 0.000000e+00
1.387930e-10 0.000000e+00 0.000000e+00
1.530944e-10 0.000000e+00 0.000000e+00
9.854930e-11 0.000000e+00 0.000000e+00
-3.445122e-12 0.000000e+00 0.000000e+00
6.041030e-12 0.000000e+00 0.000000e+00
-6.660917e-12 0.000000e+00 0.000000e+00
-7.140528e-12 0.000000e+00 0.000000e+00
-7.195737e-12 0.000000e+00 0.000000e+00
1.911676e-10 0.000000e+00 0.000000e+00
2.005232e-10 0.000000e+00 0.000000e+00
2.063998e-10 0.000000e+00 0.000000e+00
2.099502e-10 0.000000e+00 0.000000e+00
1.834558e-10 0.000000e+00 0.000000e+00
4.535292e-10 0.000000e+00 0.000000e+00
4.502546e-10 0.000000e+00 0.000000e+00
4.558111e-10 0.000000e+00 0.000000e+00
4.549837e-10 0.000000e+00 0.000000e+00
4.560704e-10 0.000000e+00 0.000000e+00
-1.504599e-09 0.000000e+00 0.000000e+00
-1.490007e-09 0.000000e+00 0.000000e+00
-1.519293e-09 0.000000e+00 0.000000e+00
-1.467149e-09 0.000000e+00 0.000000e+00
-1.834257e-09 0.000000e+00 0.000000e+00
-1.911617e-09 0.000000e+00 0.000000e+00
-2.103187e-09 0.000000e+00 0.000000e+00
-2.316618e-09 0.000000e+00 0.000000e+00
-2.039066e-09 0.000000e+00 0.000000e+00
-2.000488e-09 0.000000e+00 0.000000e+00
-2.145315e-09 0.000000e+00 0.000000e+00
-2.143161e-09 0.000000e+00 0.000000e+00
-2.519026e-09 0.000000e+00 0.000000e+00
-2.244599e-09 0.000000e+00 0.000000e+00
-2.229577e-09 0.000000e+00 0.000000e+00
-2.346759e-09 0.000000e+00 0.000000e+00
-2.474791e-09 0.000000e+00 0.000000e+00
-2.321963e-09 0.000000e+00 0.000000e+00
-2.636677e-09 0.000000e+00 0.000000e+00
-2.394974e-09 0.000000e+00 0.000000e+00
-7.612934e-10 0.000000e+00 0.000000e+00
-8.814534e-10 0.000000e+00 0.000000e+00
-8.702481e-10 0.000000e+00 0.000000e+00
-7.616275e-10 0.000000e+00 0.000000e+00
-8.652487e-10 0.000000e+00 0.000000e+00
-7.345364e-10 0.000000e+00 0.000000e+00
-7.797192e-10 0.000000e+00 0.000000e+00
-7.617778e-10 0.000000e+00 0.000000e+00
-7.480351e-10 0.000000e+00 0.000000e+00
-7.345513e-10 0.000000e+00 0.000000e+00
-7.869489e-10 0.000000e+00 0.000000e+00
-7.804337e-10 0.000000e+00 0.000000e+00
-8.028770e-10 0.000000e+00 0.000000e+00
-8.132008e-10 0.000000e+00 0.000000e+00
-7.753834e-10 0.000000e+00 0.000000e+00
-1.302368e-09 0.000000e+00 0.000000e+00
-1.398433e-09 0.000000e+00 0.000000e+00
-1.335999e-09 0.000000e+00 0.000000e+00
-1.630966e-09 0.000000e+00 0.000000e+00
-1.336396e-09 0.000000e+00 0.000000e+00
-1.521952e-09 0.000000e+00 0.000000e+00
-1.669202e-09 0.000000e+00 0.000000e+00
-1.658252e-09 0.000000e+00 0.000000e+00
-1.441716e-09 0.000000e+00 0.000000e+00
-1.448405e-09 0.000000e+00 0.000000e+00
-1.636608e-09 0.000000e+00 0.000000e+00
-1.593516e-09 0.000000e+00 0.000000e+00
-1.719728e-09 0.000000e+00 0.000000e+00
-1.730058e-09 0.000000e+00 0.000000e+00
-1.523231e-09 0.000000e+00 0.000000e+00
-1.696202e-09 0.000000e+00 0.000000e+00
-1.734655e-09 0.000000e+00 0.000000e+00
-1.606909e-09 0.000000e+00 0.000000e+00
-1.627045e-09 0.000000e+00 0.000000e+00
-1.584762e-09 0.000000e+00 0.000000e+00
-1.921585e-09 0.000000e+00 0.000000e+00
-1.917932e-09 0.000000e+00 0.000000e+00
-1.921748e-09 0.000000e+00 0.000000e+00
-1.925895e-09 0.000000e+00 0.000000e+00
-1.921002e-09 0.000000e+00 0.000000e+00
-1.673912e-09 0.000000e+00 0.000000e+00
-1.707285e-09 0.000000e+00 0.000000e+00
-1.643456e-09 0.000000e+00 0.000000e+00
-1.732006e-09 0.000000e+00 0.000000e+00
-1.687531e-09 0.000000e+00 0.000000e+00
-2.604841e-09 0.000000e+00 0.000000e+00
-2.562602e-09 0.000000e+00 0.000000e+00
-2.867651e-09 0.000000e+00 0.000000e+00
-2.515060e-09 0.000000e+00 0.000000e+00
-2.944239e-09 0.000000e+00 0.000000e+00
-2.078229e-09 0.000000e+00 0.000000e+00
-2.148809e-09 0.000000e+00 0.000000e+00
-2.126124e-09 0.000000e+00 0.000000e+00
-2.093019e-09 0.000000e+00 0.000000e+00
-2.084243e-09 0.000000e+00 0.000000e+00
-2.360610e-09 0.000000e+00 0.000000e+00
-2.309960e-09 0.000000e+00 0.000000e+00
-2.311933e-09 0.000000e+00 0.000000e+00
-2.322627e-09 0.000000e+00 0.000000e+00
-2.317450e-09 0.000000e+00 0.000000e+00
4.746872e-11 0.000000e+00 0.000000e+00
1.238046e-10 0.000000e+00 0.000000e+00
1.010568e-10 0.000000e+00 0.000000e+00
1.116804e-10 0.000000e+00 0.000000e+00
9.419065e-11 0.000000e+00 0.000000e+00
1.315326e-10 0.000000e+00 0.000000e+00
1.285901e-10 0.000000e+00 0.000000e+00
1.316967e-10 0.000000e+00 0.000000e+00
1.203755e-10 0.000000e+00 0.000000e+00
1.383215e-10 0.000000e+00 0.000000e+00
-4.963490e-10 0.000000e+00 0.000000e+00
-4.658488e-10 0.000000e+00 0.000000e+00
-5.163771e-10 0.000000e+00 0.000000e+00
-4.950690e-10 0.000000e+00 0.000000e+00
-4.926959e-10 0.000000e+00 0.000000e+00
4.483220e-10 0.000000e+00 0.000000e+00
4.509393e-10 0.000000e+00 0.000000e+00
4.533068e-10 0.000000e+00 0.000000e+00
4.549554e-10 0.000000e+00 0.000000e+00
4.524829e-10 0.000000e+00 0.000000e+00
3.159282e-10 0.000000e+00 0.000000e+00
3.372702e-10 0.000000e+00 0.000000e+00
3.332370e-10 0.000000e+00 0.000000e+00
3.287935e-10 0.000000e+00 0.000000e+00
3.200436e-10 0.000000e+00 0.000000e+00
3.361147e-10 0.000000e+00 0.000000e+00
3.390824e-10 0.000000e+00 0.000000e+00
3.352113e-10 0.000000e+00 0.000000e+00
3.339909e-10 0.000000e+00 0.000000e+00
3.449561e-10 0.000000e+00 0.000000e+00
5.696937e-10 0.000000e+00 0.000000e+00
5.629495e-10 0.000000e+00 0.000000e+00
5.696435e-10 0.000000e+00 0.000000e+00
5.769011e-10 0.000000e+00 0.000000e+00
5.352025e-10 0.000000e+00 0.000000e+00
5.623945e-10 0.000000e+00 0.000000e+00
5.681449e-10 0.000000e+00 0.000000e+00
5.619752e-10 0.000000e+00 0.000000e+00
5.578943e-10 0.000000e+00 0.000000e+00
5.545190e-10 0.000000e+00 0.000000e+00
5.408754e-10 0.000000e+00 0.000000e+00
5.465463e-10 0.000000e+00 0.000000e+00
5.424428e-10 0.000000e+00 0.000000e+00
5.491786e-10 0.000000e+00 0.000000e+00
5.437269e-10 0.000000e+00 0.000000e+00
5.687652e-10 0.000000e+00 0.000000e+00
5.732117e-10 0.000000e+00 0.000000e+00
5.738688e-10 0.000000e+00 0.000000e+00
5.677252e-10 0.000000e+00 0.000000e+00
5.694425e-10 0.000000e+00 0.000000e+00
6.148208e-10 0.000000e+00 0.000000e+00
6.146611e-10 0.000000e+00 0.000000e+00
5.985268e-10 0.000000e+00 0.000000e+00
5.953970e-10 0.000000e+00 0.000000e+00
5.987125e-10 0.000000e+00 0.000000e+00
5.829529e-10 0.000000e+00 0.000000e+00
5.866305e-10 0.000000e+00 0.000000e+00
5.981646e-10 0.000000e+00 0.000000e+00
5.852922e-10 0.000000e+00 0.000000e+00
5.912349e-10 0.000000e+00 0.000000e+00
6.040858e-10 0.000000e+00 0.000000e+00
6.074108e-10 0.000000e+00 0.000000e+00
6.100263e-10 0.000000e+00 0.000000e+00
6.027897e-10 0.000000e+00 0.000000e+00
6.069195e-10 0.000000e+00 0.000000e+00
6.254657e-10 0.000000e+00 0.000000e+00
4.479895e-10 0.000000e+00 0.000000e+00
4.193954e-10 0.000000e+00 0.000000e+00
4.174019e-10 0.000000e+00 0.000000e+00
3.841561e-10 0.000000e+00 0.000000e+00
-9.254008e-10 0.000000e+00 0.000000e+00
-9.168659e-10 0.000000e+00 0.000000e+00
-9.600559e-10 0.000000e+00 0.000000e+00
-9.477460e-10 0.000000e+00 0.000000e+00
-9.278187e-10 0.000000e+00 0.000000e+00
-1.374748e-09 0.000000e+00 0.000000e+00
5.184172e-10 0.000000e+00 0.000000e+00
5.189141e-10 0.000000e+00 0.000000e+00
5.010059e-10 0.000000e+00 0.000000e+00
5.153295e-10 0.000000e+00 0.000000e+00
4.905092e-10 0.000000e+00 0.000000e+00
4.840336e-10 0.000000e+00 0.000000e+00
4.993237e-10 0.000000e+00 0.000000e+00
4.954982e-10 0.000000e+00 0.000000e+00
4.991408e-10 0.000000e+00 0.000000e+00
5.754395e-10 0.000000e+00 0.000000e+00
5.799503e-10 0.000000e+00 0.000000e+00
5.797715e-10 0.000000e+00 0.000000e+00
5.779461e-10 0.000000e+00 0.000000e+00
5.773498e-10 0.000000e+00 0.000000e+00
3.296483e-10 0.000000e+00 0.000000e+00
3.337773e-10 0.000000e+00 0.000000e+00
3.255824e-10 0.000000e+00 0.000000e+00
3.265591e-10 0.000000e+00 0.000000e+00
3.264436e-10 0.000000e+00 0.000000e+00
6.257669e-10 0.000000e+00 0.000000e+00
4.203908e-10 0.000000e+00 0.000000e+00
4.214111e-10 0.000000e+00 0.000000e+00
4.150168e-10 0.000000e+00 0.000000e+00
4.178981e-10 0.000000e+00 0.000000e+00
6.259943e-10 0.000000e+00 0.000000e+00
6.260074e-10 0.000000e+00 0.000000e+00
6.268826e-10 0.000000e+00 0.000000e+00
5.937577e-10 0.000000e+00 0.000000e+00
5.988749e-10 0.000000e+00 0.000000e+00
6.267210e-10 0.000000e+00 0.000000e+00
6.270385e-10 0.000000e+00 0.000000e+00
6.259491e-10 0.000000e+00 0.000000e+00
6.026902e-10 0.000000e+00 0.000000e+00
6.052543e-10 0.000000e+00 0.000000e+00
-6.281276e-10 0.000000e+00 0.000000e+00
-6.262764e-10 0.000000e+00 0.000000e+00
-6.290261e-10 0.000000e+00 0.000000e+00
-6.277261e-10 0.000000e+00 0.000000e+00
-6.271469e-10 0.000000e+00 0.000000e+00
-6.304668e-10 0.000000e+00 0.000000e+00
-6.319388e-10 0.000000e+00 0.000000e+00
-6.313370e-10 0.000000e+00 0.000000e+00
-6.311879e-10 0.000000e+00 0.000000e+00
-6.312925e-10 0.000000e+00 0.000000e+00
-6.293907e-10 0.000000e+00 0.000000e+00
-6.261785e-10 0.000000e+00 0.000000e+00
-6.320441e-10 0.000000e+00 0.000000e+00
-6.236858e-10 0.000000e+00 0.000000e+00
-6.257446e-10 0.000000e+00 0.000000e+00
-6.217172e-10 0.000000e+00 0.000000e+00
-6.209825e-10 0.000000e+00 0.000000e+00
-6.226998e-10 0.000000e+00 0.000000e+00
-6.212980e-10 0.000000e+00 0.000000e+00
-6.225666e-10 0.000000e+00 0.000000e+00
-5.597097e-10 0.000000e+00 0.000000e+00
-5.420392e-10 0.000000e+00 0.000000e+00
-5.567765e-10 0.000000e+00 0.000000e+00
-5.480804e-10 0.000000e+00 0.000000e+00
-5.536723e-10 0.000000e+00 0.000000e+00
-5.466270e-10 0.000000e+00 0.000000e+00
-5.403738e-10 0.000000e+00 0.000000e+00
-5.415431e-10 0.000000e+00 0.000000e+00
-5.427278e-10 0.000000e+00 0.000000e+00
-5.438064e-10 0.000000e+00 0.000000e+00
-5.095742e-10 0.000000e+00 0.000000e+00
-5.166971e-10 0.000000e+00 0.000000e+00
-5.146000e-10 0.000000e+00 0.000000e+00
-5.045933e-10 0.000000e+00 0.000000e+00
-5.038409e-10 0.000000e+00 0.000000e+00
-5.163441e-10 0.000000e+00 0.000000e+00
-5.101775e-10 0.000000e+00 0.000000e+00
-5.188852e-10 0.000000e+00 0.000000e+00
-5.179027e-10 0.000000e+00 0.000000e+00
-5.186602e-10 0.000000e+00 0.000000e+00
-3.406417e-10 0.000000e+00 0.000000e+00
-3.215123e-10 0.000000e+00 0.000000e+00
-2.592022e-10 0.000000e+00 0.000000e+00
-3.236468e-10 0.000000e+00 0.000000e+00
