pX pY pZ 
-1.664600e-13 0.000000e+00 0.000000e+00
-4.992772e-14 0.000000e+00 0.000000e+00
-1.561174e-13 0.000000e+00 0.000000e+00
2.759939e-13 0.000000e+00 0.000000e+00
-4.498353e-14 0.000000e+00 0.000000e+00
-1.172407e-13 0.000000e+00 0.000000e+00
5.069324e-14 0.000000e+00 0.000000e+00
-2.980457e-13 0.000000e+00 0.000000e+00
-6.895187e-14 0.000000e+00 0.000000e+00
-3.997251e-13 0.000000e+00 0.000000e+00
-2.850451e-15 0.000000e+00 0.000000e+00
1.680082e-13 0.000000e+00 0.000000e+00
1.994404e-14 0.000000e+00 0.000000e+00
2.189384e-13 0.000000e+00 0.000000e+00
-7.895531e-14 0.000000e+00 0.000000e+00
3.293152e-13 0.000000e+00 0.000000e+00
-5.199774e-14 0.000000e+00 0.000000e+00
-1.139496e-14 0.000000e+00 0.000000e+00
-1.574968e-13 0.000000e+00 0.000000e+00
-6.815649e-14 0.000000e+00 0.000000e+00
4.817843e-14 0.000000e+00 0.000000e+00
-1.601121e-14 0.000000e+00 0.000000e+00
-2.601298e-13 0.000000e+00 0.000000e+00
2.318987e-13 0.000000e+00 0.000000e+00
-1.510221e-13 0.000000e+00 0.000000e+00
-2.224142e-13 0.000000e+00 0.000000e+00
3.787968e-14 0.000000e+00 0.000000e+00
-1.560526e-14 0.000000e+00 0.000000e+00
1.349720e-13 0.000000e+00 0.000000e+00
-1.476085e-13 0.000000e+00 0.000000e+00
-8.036755e-15 0.000000e+00 0.000000e+00
-3.121635e-13 0.000000e+00 0.000000e+00
2.203143e-13 0.000000e+00 0.000000e+00
9.863258e-14 0.000000e+00 0.000000e+00
-2.825530e-13 0.000000e+00 0.000000e+00
-4.358050e-13 0.000000e+00 0.000000e+00
2.594341e-13 0.000000e+00 0.000000e+00
-3.364567e-14 0.000000e+00 0.000000e+00
3.487791e-13 0.000000e+00 0.000000e+00
-1.703636e-13 0.000000e+00 0.000000e+00
-1.349213e-13 0.000000e+00 0.000000e+00
3.217852e-13 0.000000e+00 0.000000e+00
-2.007601e-13 0.000000e+00 0.000000e+00
-1.703637e-13 0.000000e+00 0.000000e+00
2.039972e-14 0.000000e+00 0.000000e+00
1.068842e-13 0.000000e+00 0.000000e+00
4.874462e-14 0.000000e+00 0.000000e+00
4.411629e-14 0.000000e+00 0.000000e+00
-1.535968e-14 0.000000e+00 0.000000e+00
-2.464392e-13 0.000000e+00 0.000000e+00
-2.442757e-14 0.000000e+00 0.000000e+00
-1.469652e-13 0.000000e+00 0.000000e+00
2.307850e-13 0.000000e+00 0.000000e+00
3.325697e-14 0.000000e+00 0.000000e+00
8.491552e-14 0.000000e+00 0.000000e+00
1.563524e-13 0.000000e+00 0.000000e+00
8.397965e-14 0.000000e+00 0.000000e+00
-3.919346e-14 0.000000e+00 0.000000e+00
-1.257533e-13 0.000000e+00 0.000000e+00
2.357619e-14 0.000000e+00 0.000000e+00
-1.726052e-13 0.000000e+00 0.000000e+00
-6.742319e-14 0.000000e+00 0.000000e+00
8.554309e-14 0.000000e+00 0.000000e+00
-8.448673e-14 0.000000e+00 0.000000e+00
1.825209e-13 0.000000e+00 0.000000e+00
9.086598e-14 0.000000e+00 0.000000e+00
-3.025137e-13 0.000000e+00 0.000000e+00
9.617722e-14 0.000000e+00 0.000000e+00
7.453140e-14 0.000000e+00 0.000000e+00
1.513601e-13 0.000000e+00 0.000000e+00
-2.925399e-13 0.000000e+00 0.000000e+00
7.194152e-15 0.000000e+00 0.000000e+00
1.804589e-13 0.000000e+00 0.000000e+00
8.945458e-14 0.000000e+00 0.000000e+00
1.664591e-13 0.000000e+00 0.000000e+00
-1.729187e-13 0.000000e+00 0.000000e+00
1.317371e-13 0.000000e+00 0.000000e+00
1.773081e-13 0.000000e+00 0.000000e+00
1.046702e-13 0.000000e+00 0.000000e+00
1.947374e-14 0.000000e+00 0.000000e+00
2.032532e-13 0.000000e+00 0.000000e+00
-1.063816e-13 0.000000e+00 0.000000e+00
5.354039e-14 0.000000e+00 0.000000e+00
-2.570632e-13 0.000000e+00 0.000000e+00
-4.396033e-14 0.000000e+00 0.000000e+00
-8.231450e-14 0.000000e+00 0.000000e+00
3.285608e-14 0.000000e+00 0.000000e+00
-9.013370e-14 0.000000e+00 0.000000e+00
-1.461822e-13 0.000000e+00 0.000000e+00
-1.577859e-13 0.000000e+00 0.000000e+00
-1.940817e-13 0.000000e+00 0.000000e+00
1.471534e-14 0.000000e+00 0.000000e+00
3.213621e-14 0.000000e+00 0.000000e+00
-4.398438e-14 0.000000e+00 0.000000e+00
-2.498141e-14 0.000000e+00 0.000000e+00
-2.628203e-13 0.000000e+00 0.000000e+00
3.651464e-13 0.000000e+00 0.000000e+00
-2.474390e-14 0.000000e+00 0.000000e+00
1.539985e-13 0.000000e+00 0.000000e+00
-1.329524e-13 0.000000e+00 0.000000e+00
2.609210e-13 0.000000e+00 0.000000e+00
-6.566025e-14 0.000000e+00 0.000000e+00
2.125769e-13 0.000000e+00 0.000000e+00
3.209571e-13 0.000000e+00 0.000000e+00
-1.711292e-13 0.000000e+00 0.000000e+00
-1.992215e-13 0.000000e+00 0.000000e+00
-1.158864e-13 0.000000e+00 0.000000e+00
9.977558e-14 0.000000e+00 0.000000e+00
-5.138747e-14 0.000000e+00 0.000000e+00
3.997138e-13 0.000000e+00 0.000000e+00
-2.729433e-13 0.000000e+00 0.000000e+00
-1.453605e-13 0.000000e+00 0.000000e+00
-1.741626e-13 0.000000e+00 0.000000e+00
9.098692e-14 0.000000e+00 0.000000e+00
2.495497e-14 0.000000e+00 0.000000e+00
2.109722e-13 0.000000e+00 0.000000e+00
-1.058251e-13 0.000000e+00 0.000000e+00
1.091301e-13 0.000000e+00 0.000000e+00
-3.274091e-15 0.000000e+00 0.000000e+00
1.427629e-13 0.000000e+00 0.000000e+00
-8.818493e-14 0.000000e+00 0.000000e+00
-1.957073e-13 0.000000e+00 0.000000e+00
7.380079e-14 0.000000e+00 0.000000e+00
-6.637239e-14 0.000000e+00 0.000000e+00
-1.609489e-14 0.000000e+00 0.000000e+00
6.723401e-14 0.000000e+00 0.000000e+00
-7.637482e-14 0.000000e+00 0.000000e+00
-6.964714e-14 0.000000e+00 0.000000e+00
-8.844264e-14 0.000000e+00 0.000000e+00
-4.762813e-14 0.000000e+00 0.000000e+00
2.738432e-14 0.000000e+00 0.000000e+00
-2.636564e-13 0.000000e+00 0.000000e+00
1.768002e-13 0.000000e+00 0.000000e+00
2.355755e-13 0.000000e+00 0.000000e+00
-2.540005e-14 0.000000e+00 0.000000e+00
-1.193905e-13 0.000000e+00 0.000000e+00
2.029956e-13 0.000000e+00 0.000000e+00
-1.146133e-13 0.000000e+00 0.000000e+00
4.786397e-14 0.000000e+00 0.000000e+00
-6.202992e-14 0.000000e+00 0.000000e+00
1.642655e-13 0.000000e+00 0.000000e+00
-8.155073e-14 0.000000e+00 0.000000e+00
3.704290e-13 0.000000e+00 0.000000e+00
5.107275e-14 0.000000e+00 0.000000e+00
1.015432e-13 0.000000e+00 0.000000e+00
-2.424609e-13 0.000000e+00 0.000000e+00
-3.151247e-14 0.000000e+00 0.000000e+00
1.116355e-13 0.000000e+00 0.000000e+00
-2.053593e-13 0.000000e+00 0.000000e+00
-1.757673e-14 0.000000e+00 0.000000e+00
-1.133213e-13 0.000000e+00 0.000000e+00
-1.887957e-13 0.000000e+00 0.000000e+00
4.009789e-15 0.000000e+00 0.000000e+00
1.413589e-13 0.000000e+00 0.000000e+00
2.055084e-14 0.000000e+00 0.000000e+00
-1.770123e-13 0.000000e+00 0.000000e+00
1.758171e-13 0.000000e+00 0.000000e+00
1.672101e-13 0.000000e+00 0.000000e+00
9.580002e-14 0.000000e+00 0.000000e+00
-3.681469e-13 0.000000e+00 0.000000e+00
-2.227740e-13 0.000000e+00 0.000000e+00
2.699057e-13 0.000000e+00 0.000000e+00
-1.643484e-13 0.000000e+00 0.000000e+00
-1.363834e-13 0.000000e+00 0.000000e+00
-1.118872e-14 0.000000e+00 0.000000e+00
-4.145615e-13 0.000000e+00 0.000000e+00
-4.559686e-14 0.000000e+00 0.000000e+00
1.703876e-13 0.000000e+00 0.000000e+00
1.337939e-13 0.000000e+00 0.000000e+00
-2.337651e-13 0.000000e+00 0.000000e+00
-1.003339e-13 0.000000e+00 0.000000e+00
1.052315e-13 0.000000e+00 0.000000e+00
1.731105e-13 0.000000e+00 0.000000e+00
1.958985e-13 0.000000e+00 0.000000e+00
9.051049e-14 0.000000e+00 0.000000e+00
9.289650e-14 0.000000e+00 0.000000e+00
-2.195306e-13 0.000000e+00 0.000000e+00
-4.238593e-14 0.000000e+00 0.000000e+00
3.322329e-14 0.000000e+00 0.000000e+00
-1.542506e-13 0.000000e+00 0.000000e+00
-1.080666e-13 0.000000e+00 0.000000e+00
7.924226e-14 0.000000e+00 0.000000e+00
6.467715e-14 0.000000e+00 0.000000e+00
-4.661610e-14 0.000000e+00 0.000000e+00
1.495898e-13 0.000000e+00 0.000000e+00
-4.482844e-13 0.000000e+00 0.000000e+00
1.144341e-14 0.000000e+00 0.000000e+00
-1.040997e-13 0.000000e+00 0.000000e+00
1.194357e-13 0.000000e+00 0.000000e+00
-4.850601e-13 0.000000e+00 0.000000e+00
-8.497894e-14 0.000000e+00 0.000000e+00
8.429334e-14 0.000000e+00 0.000000e+00
4.339721e-14 0.000000e+00 0.000000e+00
7.197460e-14 0.000000e+00 0.000000e+00
1.844087e-13 0.000000e+00 0.000000e+00
-1.861329e-13 0.000000e+00 0.000000e+00
-8.407265e-14 0.000000e+00 0.000000e+00
7.583492e-14 0.000000e+00 0.000000e+00
-1.384034e-13 0.000000e+00 0.000000e+00
7.247087e-14 0.000000e+00 0.000000e+00
1.723281e-13 0.000000e+00 0.000000e+00
-3.594726e-13 0.000000e+00 0.000000e+00
-3.079451e-13 0.000000e+00 0.000000e+00
-1.143127e-13 0.000000e+00 0.000000e+00
-1.906842e-13 0.000000e+00 0.000000e+00
1.710979e-13 0.000000e+00 0.000000e+00
3.300919e-16 0.000000e+00 0.000000e+00
-2.608562e-13 0.000000e+00 0.000000e+00
4.161889e-14 0.000000e+00 0.000000e+00
-2.994333e-14 0.000000e+00 0.000000e+00
3.835349e-14 0.000000e+00 0.000000e+00
1.855931e-13 0.000000e+00 0.000000e+00
4.800235e-13 0.000000e+00 0.000000e+00
-4.023994e-13 0.000000e+00 0.000000e+00
1.234118e-14 0.000000e+00 0.000000e+00
1.724661e-13 0.000000e+00 0.000000e+00
2.018889e-13 0.000000e+00 0.000000e+00
3.043331e-13 0.000000e+00 0.000000e+00
-9.286801e-14 0.000000e+00 0.000000e+00
-1.524519e-13 0.000000e+00 0.000000e+00
8.713712e-15 0.000000e+00 0.000000e+00
-3.904218e-14 0.000000e+00 0.000000e+00
1.873576e-13 0.000000e+00 0.000000e+00
3.663901e-14 0.000000e+00 0.000000e+00
-1.688358e-14 0.000000e+00 0.000000e+00
-1.479204e-13 0.000000e+00 0.000000e+00
2.999538e-13 0.000000e+00 0.000000e+00
-8.839892e-14 0.000000e+00 0.000000e+00
-1.561420e-13 0.000000e+00 0.000000e+00
1.459328e-13 0.000000e+00 0.000000e+00
-1.340166e-13 0.000000e+00 0.000000e+00
-4.599499e-13 0.000000e+00 0.000000e+00
3.003468e-15 0.000000e+00 0.000000e+00
-2.459227e-13 0.000000e+00 0.000000e+00
1.044660e-13 0.000000e+00 0.000000e+00
-4.463349e-14 0.000000e+00 0.000000e+00
-6.143171e-15 0.000000e+00 0.000000e+00
-2.085111e-13 0.000000e+00 0.000000e+00
-3.503040e-15 0.000000e+00 0.000000e+00
1.985178e-13 0.000000e+00 0.000000e+00
-1.409661e-13 0.000000e+00 0.000000e+00
-3.918139e-13 0.000000e+00 0.000000e+00
-4.101580e-13 0.000000e+00 0.000000e+00
-2.950879e-13 0.000000e+00 0.000000e+00
9.984736e-14 0.000000e+00 0.000000e+00
2.141222e-13 0.000000e+00 0.000000e+00
-4.700486e-14 0.000000e+00 0.000000e+00
-8.905942e-14 0.000000e+00 0.000000e+00
-2.771650e-13 0.000000e+00 0.000000e+00
-1.641891e-13 0.000000e+00 0.000000e+00
4.136940e-14 0.000000e+00 0.000000e+00
-4.722325e-15 0.000000e+00 0.000000e+00
1.201986e-13 0.000000e+00 0.000000e+00
-1.001291e-13 0.000000e+00 0.000000e+00
-2.120027e-13 0.000000e+00 0.000000e+00
2.097636e-13 0.000000e+00 0.000000e+00
-9.068965e-14 0.000000e+00 0.000000e+00
-5.020525e-14 0.000000e+00 0.000000e+00
-1.294687e-13 0.000000e+00 0.000000e+00
-7.725540e-14 0.000000e+00 0.000000e+00
-2.515642e-13 0.000000e+00 0.000000e+00
-3.886287e-14 0.000000e+00 0.000000e+00
-1.728933e-13 0.000000e+00 0.000000e+00
-1.890435e-14 0.000000e+00 0.000000e+00
-7.894335e-14 0.000000e+00 0.000000e+00
-3.045680e-13 0.000000e+00 0.000000e+00
3.533070e-13 0.000000e+00 0.000000e+00
-3.248083e-13 0.000000e+00 0.000000e+00
-2.135360e-13 0.000000e+00 0.000000e+00
-7.551179e-14 0.000000e+00 0.000000e+00
1.025237e-14 0.000000e+00 0.000000e+00
1.856226e-13 0.000000e+00 0.000000e+00
9.946253e-14 0.000000e+00 0.000000e+00
1.172708e-15 0.000000e+00 0.000000e+00
3.575306e-16 0.000000e+00 0.000000e+00
-1.860678e-14 0.000000e+00 0.000000e+00
-5.385403e-13 0.000000e+00 0.000000e+00
-1.670392e-13 0.000000e+00 0.000000e+00
1.731225e-13 0.000000e+00 0.000000e+00
-4.617939e-14 0.000000e+00 0.000000e+00
2.696549e-13 0.000000e+00 0.000000e+00
7.529253e-14 0.000000e+00 0.000000e+00
1.382215e-13 0.000000e+00 0.000000e+00
-2.441540e-13 0.000000e+00 0.000000e+00
8.840440e-15 0.000000e+00 0.000000e+00
-1.658240e-14 0.000000e+00 0.000000e+00
1.481132e-13 0.000000e+00 0.000000e+00
-1.963766e-13 0.000000e+00 0.000000e+00
-3.137852e-14 0.000000e+00 0.000000e+00
6.477159e-14 0.000000e+00 0.000000e+00
1.258457e-13 0.000000e+00 0.000000e+00
3.406191e-13 0.000000e+00 0.000000e+00
-1.589784e-13 0.000000e+00 0.000000e+00
1.967250e-13 0.000000e+00 0.000000e+00
-2.433912e-13 0.000000e+00 0.000000e+00
-2.194910e-13 0.000000e+00 0.000000e+00
7.506511e-14 0.000000e+00 0.000000e+00
-8.969877e-14 0.000000e+00 0.000000e+00
-1.036815e-13 0.000000e+00 0.000000e+00
2.463958e-13 0.000000e+00 0.000000e+00
-1.598032e-13 0.000000e+00 0.000000e+00
4.050498e-14 0.000000e+00 0.000000e+00
-9.151351e-14 0.000000e+00 0.000000e+00
1.273418e-13 0.000000e+00 0.000000e+00
-3.935465e-14 0.000000e+00 0.000000e+00
-2.975172e-13 0.000000e+00 0.000000e+00
-4.816610e-14 0.000000e+00 0.000000e+00
-1.343076e-13 0.000000e+00 0.000000e+00
-2.184908e-13 0.000000e+00 0.000000e+00
-1.327894e-13 0.000000e+00 0.000000e+00
2.660070e-13 0.000000e+00 0.000000e+00
-2.179524e-13 0.000000e+00 0.000000e+00
-1.066362e-13 0.000000e+00 0.000000e+00
-9.063516e-14 0.000000e+00 0.000000e+00
2.624725e-13 0.000000e+00 0.000000e+00
-1.093930e-14 0.000000e+00 0.000000e+00
-2.116065e-14 0.000000e+00 0.000000e+00
4.120269e-14 0.000000e+00 0.000000e+00
-6.618234e-14 0.000000e+00 0.000000e+00
1.542720e-13 0.000000e+00 0.000000e+00
-2.550385e-13 0.000000e+00 0.000000e+00
2.939743e-14 0.000000e+00 0.000000e+00
-1.055278e-14 0.000000e+00 0.000000e+00
-2.946414e-13 0.000000e+00 0.000000e+00
-5.879012e-14 0.000000e+00 0.000000e+00
-1.554200e-13 0.000000e+00 0.000000e+00
8.171177e-15 0.000000e+00 0.000000e+00
6.729754e-14 0.000000e+00 0.000000e+00
1.002362e-13 0.000000e+00 0.000000e+00
-2.903231e-14 0.000000e+00 0.000000e+00
-6.460486e-14 0.000000e+00 0.000000e+00
-1.406837e-13 0.000000e+00 0.000000e+00
-4.059652e-14 0.000000e+00 0.000000e+00
-6.850721e-14 0.000000e+00 0.000000e+00
-1.819595e-14 0.000000e+00 0.000000e+00
-3.145033e-13 0.000000e+00 0.000000e+00
-1.478647e-13 0.000000e+00 0.000000e+00
-7.587369e-14 0.000000e+00 0.000000e+00
-1.319247e-13 0.000000e+00 0.000000e+00
2.128769e-13 0.000000e+00 0.000000e+00
-1.636141e-13 0.000000e+00 0.000000e+00
-1.888157e-13 0.000000e+00 0.000000e+00
1.662610e-14 0.000000e+00 0.000000e+00
1.112645e-13 0.000000e+00 0.000000e+00
1.447824e-13 0.000000e+00 0.000000e+00
-3.200870e-13 0.000000e+00 0.000000e+00
2.887121e-13 0.000000e+00 0.000000e+00
-1.275842e-13 0.000000e+00 0.000000e+00
-1.063189e-13 0.000000e+00 0.000000e+00
1.755566e-13 0.000000e+00 0.000000e+00
2.500744e-13 0.000000e+00 0.000000e+00
-1.276444e-13 0.000000e+00 0.000000e+00
1.194715e-13 0.000000e+00 0.000000e+00
-6.163909e-14 0.000000e+00 0.000000e+00
-2.060120e-13 0.000000e+00 0.000000e+00
-1.362062e-13 0.000000e+00 0.000000e+00
-9.654361e-14 0.000000e+00 0.000000e+00
-2.728654e-14 0.000000e+00 0.000000e+00
-2.443784e-14 0.000000e+00 0.000000e+00
-1.877181e-13 0.000000e+00 0.000000e+00
2.529807e-14 0.000000e+00 0.000000e+00
2.298420e-13 0.000000e+00 0.000000e+00
-1.167729e-14 0.000000e+00 0.000000e+00
1.097761e-13 0.000000e+00 0.000000e+00
-2.166374e-14 0.000000e+00 0.000000e+00
1.318579e-13 0.000000e+00 0.000000e+00
1.994522e-13 0.000000e+00 0.000000e+00
-1.395786e-13 0.000000e+00 0.000000e+00
2.750471e-13 0.000000e+00 0.000000e+00
-1.474792e-13 0.000000e+00 0.000000e+00
9.742747e-14 0.000000e+00 0.000000e+00
7.395693e-14 0.000000e+00 0.000000e+00
1.688201e-13 0.000000e+00 0.000000e+00
-2.949632e-13 0.000000e+00 0.000000e+00
-1.044991e-13 0.000000e+00 0.000000e+00
-1.424738e-13 0.000000e+00 0.000000e+00
5.957196e-16 0.000000e+00 0.000000e+00
1.253194e-13 0.000000e+00 0.000000e+00
-3.646477e-14 0.000000e+00 0.000000e+00
1.596252e-14 0.000000e+00 0.000000e+00
-3.809111e-13 0.000000e+00 0.000000e+00
-2.051394e-13 0.000000e+00 0.000000e+00
-1.375357e-13 0.000000e+00 0.000000e+00
-7.090670e-14 0.000000e+00 0.000000e+00
5.184549e-13 0.000000e+00 0.000000e+00
-1.580712e-14 0.000000e+00 0.000000e+00
2.711347e-13 0.000000e+00 0.000000e+00
2.821652e-14 0.000000e+00 0.000000e+00
2.458108e-13 0.000000e+00 0.000000e+00
2.435692e-13 0.000000e+00 0.000000e+00
-6.341960e-14 0.000000e+00 0.000000e+00
1.293391e-14 0.000000e+00 0.000000e+00
-2.855064e-13 0.000000e+00 0.000000e+00
-1.129211e-13 0.000000e+00 0.000000e+00
8.738375e-14 0.000000e+00 0.000000e+00
-9.525444e-14 0.000000e+00 0.000000e+00
7.427495e-14 0.000000e+00 0.000000e+00
-1.698818e-13 0.000000e+00 0.000000e+00
1.064072e-13 0.000000e+00 0.000000e+00
1.090738e-13 0.000000e+00 0.000000e+00
-2.512156e-14 0.000000e+00 0.000000e+00
-2.027013e-13 0.000000e+00 0.000000e+00
1.276631e-13 0.000000e+00 0.000000e+00
-1.025604e-13 0.000000e+00 0.000000e+00
6.583534e-14 0.000000e+00 0.000000e+00
8.131275e-14 0.000000e+00 0.000000e+00
5.154270e-14 0.000000e+00 0.000000e+00
9.548035e-14 0.000000e+00 0.000000e+00
1.553587e-13 0.000000e+00 0.000000e+00
2.557538e-14 0.000000e+00 0.000000e+00
3.057696e-13 0.000000e+00 0.000000e+00
1.112984e-13 0.000000e+00 0.000000e+00
5.584201e-14 0.000000e+00 0.000000e+00
-3.559642e-13 0.000000e+00 0.000000e+00
-2.370686e-13 0.000000e+00 0.000000e+00
5.070115e-15 0.000000e+00 0.000000e+00
-1.910616e-13 0.000000e+00 0.000000e+00
-9.187350e-14 0.000000e+00 0.000000e+00
-7.963063e-14 0.000000e+00 0.000000e+00
-1.716017e-14 0.000000e+00 0.000000e+00
-4.580850e-15 0.000000e+00 0.000000e+00
3.714929e-13 0.000000e+00 0.000000e+00
3.193017e-14 0.000000e+00 0.000000e+00
-2.129948e-14 0.000000e+00 0.000000e+00
7.435426e-14 0.000000e+00 0.000000e+00
-2.576204e-13 0.000000e+00 0.000000e+00
-1.785304e-13 0.000000e+00 0.000000e+00
2.169550e-13 0.000000e+00 0.000000e+00
-8.217493e-14 0.000000e+00 0.000000e+00
6.097302e-14 0.000000e+00 0.000000e+00
-3.022994e-14 0.000000e+00 0.000000e+00
1.500998e-13 0.000000e+00 0.000000e+00
3.318861e-13 0.000000e+00 0.000000e+00
-3.162840e-13 0.000000e+00 0.000000e+00
3.641745e-13 0.000000e+00 0.000000e+00
1.381306e-13 0.000000e+00 0.000000e+00
-2.165305e-14 0.000000e+00 0.000000e+00
-2.039940e-14 0.000000e+00 0.000000e+00
9.515427e-14 0.000000e+00 0.000000e+00
7.682556e-16 0.000000e+00 0.000000e+00
1.142065e-13 0.000000e+00 0.000000e+00
-1.048781e-14 0.000000e+00 0.000000e+00
6.857719e-14 0.000000e+00 0.000000e+00
-1.564544e-14 0.000000e+00 0.000000e+00
1.848698e-13 0.000000e+00 0.000000e+00
-8.787978e-14 0.000000e+00 0.000000e+00
4.631673e-14 0.000000e+00 0.000000e+00
7.871585e-15 0.000000e+00 0.000000e+00
1.271296e-13 0.000000e+00 0.000000e+00
2.419025e-13 0.000000e+00 0.000000e+00
1.213383e-13 0.000000e+00 0.000000e+00
-5.083691e-14 0.000000e+00 0.000000e+00
-1.676795e-14 0.000000e+00 0.000000e+00
-2.196116e-13 0.000000e+00 0.000000e+00
-5.793090e-14 0.000000e+00 0.000000e+00
-1.812205e-13 0.000000e+00 0.000000e+00
-4.754952e-15 0.000000e+00 0.000000e+00
-1.192712e-13 0.000000e+00 0.000000e+00
1.500599e-13 0.000000e+00 0.000000e+00
1.219855e-13 0.000000e+00 0.000000e+00
-3.004696e-14 0.000000e+00 0.000000e+00
-2.251140e-13 0.000000e+00 0.000000e+00
1.303869e-13 0.000000e+00 0.000000e+00
7.985221e-14 0.000000e+00 0.000000e+00
-1.594643e-14 0.000000e+00 0.000000e+00
-2.352953e-14 0.000000e+00 0.000000e+00
-3.313140e-13 0.000000e+00 0.000000e+00
1.275317e-13 0.000000e+00 0.000000e+00
2.543062e-14 0.000000e+00 0.000000e+00
6.555365e-14 0.000000e+00 0.000000e+00
-1.024505e-13 0.000000e+00 0.000000e+00
3.671144e-13 0.000000e+00 0.000000e+00
3.135421e-13 0.000000e+00 0.000000e+00
-4.441623e-15 0.000000e+00 0.000000e+00
8.892950e-14 0.000000e+00 0.000000e+00
5.637867e-14 0.000000e+00 0.000000e+00
-9.386197e-14 0.000000e+00 0.000000e+00
-3.010095e-13 0.000000e+00 0.000000e+00
-1.106201e-13 0.000000e+00 0.000000e+00
1.694534e-13 0.000000e+00 0.000000e+00
1.667793e-13 0.000000e+00 0.000000e+00
5.850669e-14 0.000000e+00 0.000000e+00
3.355612e-14 0.000000e+00 0.000000e+00
-1.110233e-13 0.000000e+00 0.000000e+00
6.602520e-14 0.000000e+00 0.000000e+00
3.761758e-13 0.000000e+00 0.000000e+00
-1.420323e-14 0.000000e+00 0.000000e+00
1.345961e-13 0.000000e+00 0.000000e+00
-1.377442e-13 0.000000e+00 0.000000e+00
-5.746249e-14 0.000000e+00 0.000000e+00
-2.359164e-14 0.000000e+00 0.000000e+00
1.951170e-14 0.000000e+00 0.000000e+00
2.612718e-14 0.000000e+00 0.000000e+00
-1.122427e-13 0.000000e+00 0.000000e+00
-1.914155e-13 0.000000e+00 0.000000e+00
-1.868087e-13 0.000000e+00 0.000000e+00
3.884956e-14 0.000000e+00 0.000000e+00
1.113138e-13 0.000000e+00 0.000000e+00
7.578100e-14 0.000000e+00 0.000000e+00
-1.148466e-13 0.000000e+00 0.000000e+00
-2.803917e-13 0.000000e+00 0.000000e+00
1.901962e-13 0.000000e+00 0.000000e+00
3.074364e-14 0.000000e+00 0.000000e+00
-2.567981e-13 0.000000e+00 0.000000e+00
-3.447647e-13 0.000000e+00 0.000000e+00
-1.962736e-13 0.000000e+00 0.000000e+00
-1.769432e-13 0.000000e+00 0.000000e+00
7.324917e-14 0.000000e+00 0.000000e+00
-3.416947e-13 0.000000e+00 0.000000e+00
-1.483322e-13 0.000000e+00 0.000000e+00
-2.654370e-14 0.000000e+00 0.000000e+00
-9.040044e-14 0.000000e+00 0.000000e+00
3.443063e-14 0.000000e+00 0.000000e+00
-1.207002e-13 0.000000e+00 0.000000e+00
1.050476e-13 0.000000e+00 0.000000e+00
2.126796e-13 0.000000e+00 0.000000e+00
-2.587848e-13 0.000000e+00 0.000000e+00
4.397435e-13 0.000000e+00 0.000000e+00
2.052525e-13 0.000000e+00 0.000000e+00
-1.492239e-14 0.000000e+00 0.000000e+00
-1.819646e-13 0.000000e+00 0.000000e+00
4.371622e-13 0.000000e+00 0.000000e+00
4.725319e-14 0.000000e+00 0.000000e+00
6.377236e-15 0.000000e+00 0.000000e+00
-4.507663e-13 0.000000e+00 0.000000e+00
5.093851e-15 0.000000e+00 0.000000e+00
-1.781339e-13 0.000000e+00 0.000000e+00
1.809994e-14 0.000000e+00 0.000000e+00
-1.518022e-13 0.000000e+00 0.000000e+00
1.920586e-13 0.000000e+00 0.000000e+00
1.003567e-13 0.000000e+00 0.000000e+00
7.555733e-14 0.000000e+00 0.000000e+00
-9.422098e-14 0.000000e+00 0.000000e+00
-8.097816e-14 0.000000e+00 0.000000e+00
-8.992416e-14 0.000000e+00 0.000000e+00
-4.117158e-14 0.000000e+00 0.000000e+00
-9.213919e-15 0.000000e+00 0.000000e+00
-9.493009e-14 0.000000e+00 0.000000e+00
-6.316911e-14 0.000000e+00 0.000000e+00
1.447226e-13 0.000000e+00 0.000000e+00
-1.382858e-13 0.000000e+00 0.000000e+00
-3.329365e-14 0.000000e+00 0.000000e+00
-1.279759e-13 0.000000e+00 0.000000e+00
7.799027e-14 0.000000e+00 0.000000e+00
-3.701036e-13 0.000000e+00 0.000000e+00
7.833348e-14 0.000000e+00 0.000000e+00
5.080551e-14 0.000000e+00 0.000000e+00
1.622013e-13 0.000000e+00 0.000000e+00
1.735066e-13 0.000000e+00 0.000000e+00
1.144355e-13 0.000000e+00 0.000000e+00
-2.690322e-14 0.000000e+00 0.000000e+00
-3.328696e-13 0.000000e+00 0.000000e+00
3.927135e-14 0.000000e+00 0.000000e+00
2.244696e-13 0.000000e+00 0.000000e+00
-5.015610e-13 0.000000e+00 0.000000e+00
-4.154838e-14 0.000000e+00 0.000000e+00
2.732335e-13 0.000000e+00 0.000000e+00
-2.221145e-13 0.000000e+00 0.000000e+00
1.051248e-13 0.000000e+00 0.000000e+00
-1.437959e-13 0.000000e+00 0.000000e+00
-1.181916e-14 0.000000e+00 0.000000e+00
2.108310e-13 0.000000e+00 0.000000e+00
8.840186e-14 0.000000e+00 0.000000e+00
6.316044e-14 0.000000e+00 0.000000e+00
1.968491e-13 0.000000e+00 0.000000e+00
-2.200873e-14 0.000000e+00 0.000000e+00
2.693712e-13 0.000000e+00 0.000000e+00
-2.698564e-14 0.000000e+00 0.000000e+00
6.921507e-14 0.000000e+00 0.000000e+00
1.016981e-13 0.000000e+00 0.000000e+00
-5.412211e-14 0.000000e+00 0.000000e+00
2.260572e-14 0.000000e+00 0.000000e+00
1.746491e-13 0.000000e+00 0.000000e+00
2.020518e-13 0.000000e+00 0.000000e+00
-1.312468e-13 0.000000e+00 0.000000e+00
-2.053386e-14 0.000000e+00 0.000000e+00
1.308950e-13 0.000000e+00 0.000000e+00
-3.158249e-14 0.000000e+00 0.000000e+00
-4.700036e-13 0.000000e+00 0.000000e+00
3.037151e-14 0.000000e+00 0.000000e+00
-2.448765e-14 0.000000e+00 0.000000e+00
1.264413e-13 0.000000e+00 0.000000e+00
6.601465e-14 0.000000e+00 0.000000e+00
5.469964e-13 0.000000e+00 0.000000e+00
3.729291e-13 0.000000e+00 0.000000e+00
3.351121e-13 0.000000e+00 0.000000e+00
-1.467150e-13 0.000000e+00 0.000000e+00
-6.885440e-14 0.000000e+00 0.000000e+00
1.816067e-13 0.000000e+00 0.000000e+00
-2.812506e-13 0.000000e+00 0.000000e+00
-2.757909e-13 0.000000e+00 0.000000e+00
-4.023383e-14 0.000000e+00 0.000000e+00
-1.256589e-13 0.000000e+00 0.000000e+00
8.093051e-14 0.000000e+00 0.000000e+00
1.699486e-13 0.000000e+00 0.000000e+00
-2.776720e-13 0.000000e+00 0.000000e+00
5.915964e-14 0.000000e+00 0.000000e+00
-2.343765e-13 0.000000e+00 0.000000e+00
1.505555e-14 0.000000e+00 0.000000e+00
3.257232e-14 0.000000e+00 0.000000e+00
-1.773084e-13 0.000000e+00 0.000000e+00
-8.134560e-14 0.000000e+00 0.000000e+00
-3.015478e-13 0.000000e+00 0.000000e+00
3.754868e-15 0.000000e+00 0.000000e+00
-1.961500e-13 0.000000e+00 0.000000e+00
-2.024846e-13 0.000000e+00 0.000000e+00
1.016103e-15 0.000000e+00 0.000000e+00
-2.765964e-14 0.000000e+00 0.000000e+00
-1.008913e-13 0.000000e+00 0.000000e+00
4.393317e-14 0.000000e+00 0.000000e+00
7.358765e-14 0.000000e+00 0.000000e+00
1.299126e-13 0.000000e+00 0.000000e+00
1.900867e-13 0.000000e+00 0.000000e+00
5.508379e-14 0.000000e+00 0.000000e+00
2.724687e-14 0.000000e+00 0.000000e+00
1.675635e-13 0.000000e+00 0.000000e+00
2.696989e-13 0.000000e+00 0.000000e+00
-6.127896e-14 0.000000e+00 0.000000e+00
-6.966893e-14 0.000000e+00 0.000000e+00
1.123411e-13 0.000000e+00 0.000000e+00
-1.782961e-13 0.000000e+00 0.000000e+00
9.328862e-15 0.000000e+00 0.000000e+00
2.567114e-13 0.000000e+00 0.000000e+00
-2.254351e-13 0.000000e+00 0.000000e+00
-1.059860e-13 0.000000e+00 0.000000e+00
8.427258e-14 0.000000e+00 0.000000e+00
3.644830e-13 0.000000e+00 0.000000e+00
8.871620e-14 0.000000e+00 0.000000e+00
2.243076e-13 0.000000e+00 0.000000e+00
-1.089424e-13 0.000000e+00 0.000000e+00
-2.066665e-13 0.000000e+00 0.000000e+00
-1.473229e-13 0.000000e+00 0.000000e+00
3.576266e-13 0.000000e+00 0.000000e+00
1.261635e-13 0.000000e+00 0.000000e+00
2.235787e-13 0.000000e+00 0.000000e+00
1.960021e-13 0.000000e+00 0.000000e+00
-1.672586e-13 0.000000e+00 0.000000e+00
-2.351105e-13 0.000000e+00 0.000000e+00
2.849547e-14 0.000000e+00 0.000000e+00
-1.221406e-13 0.000000e+00 0.000000e+00
8.804191e-14 0.000000e+00 0.000000e+00
-2.316242e-13 0.000000e+00 0.000000e+00
-1.327283e-13 0.000000e+00 0.000000e+00
2.587430e-14 0.000000e+00 0.000000e+00
-6.059403e-15 0.000000e+00 0.000000e+00
6.383480e-14 0.000000e+00 0.000000e+00
-2.202761e-13 0.000000e+00 0.000000e+00
3.344670e-14 0.000000e+00 0.000000e+00
9.101429e-14 0.000000e+00 0.000000e+00
-7.051323e-14 0.000000e+00 0.000000e+00
-2.621435e-13 0.000000e+00 0.000000e+00
1.160426e-13 0.000000e+00 0.000000e+00
3.549355e-13 0.000000e+00 0.000000e+00
-4.995651e-15 0.000000e+00 0.000000e+00
-2.968707e-13 0.000000e+00 0.000000e+00
-2.131813e-13 0.000000e+00 0.000000e+00
4.728726e-14 0.000000e+00 0.000000e+00
-1.644434e-13 0.000000e+00 0.000000e+00
-3.505475e-13 0.000000e+00 0.000000e+00
-4.812348e-14 0.000000e+00 0.000000e+00
-1.587675e-13 0.000000e+00 0.000000e+00
-4.759888e-14 0.000000e+00 0.000000e+00
-8.447703e-14 0.000000e+00 0.000000e+00
2.387248e-13 0.000000e+00 0.000000e+00
-9.893751e-15 0.000000e+00 0.000000e+00
-2.450913e-13 0.000000e+00 0.000000e+00
1.460677e-13 0.000000e+00 0.000000e+00
-3.320900e-14 0.000000e+00 0.000000e+00
-1.601452e-13 0.000000e+00 0.000000e+00
5.150803e-14 0.000000e+00 0.000000e+00
-2.561893e-13 0.000000e+00 0.000000e+00
-2.216102e-13 0.000000e+00 0.000000e+00
7.845281e-14 0.000000e+00 0.000000e+00
-3.273493e-14 0.000000e+00 0.000000e+00
1.644603e-14 0.000000e+00 0.000000e+00
6.256591e-14 0.000000e+00 0.000000e+00
1.057330e-13 0.000000e+00 0.000000e+00
3.185313e-14 0.000000e+00 0.000000e+00
2.781989e-13 0.000000e+00 0.000000e+00
1.125086e-14 0.000000e+00 0.000000e+00
-1.615640e-13 0.000000e+00 0.000000e+00
8.112346e-14 0.000000e+00 0.000000e+00
1.117787e-13 0.000000e+00 0.000000e+00
1.859519e-14 0.000000e+00 0.000000e+00
3.327676e-13 0.000000e+00 0.000000e+00
1.547470e-13 0.000000e+00 0.000000e+00
-3.875535e-13 0.000000e+00 0.000000e+00
-6.910017e-14 0.000000e+00 0.000000e+00
6.198898e-14 0.000000e+00 0.000000e+00
7.854992e-14 0.000000e+00 0.000000e+00
2.637882e-13 0.000000e+00 0.000000e+00
5.101675e-14 0.000000e+00 0.000000e+00
2.746097e-14 0.000000e+00 0.000000e+00
3.691233e-14 0.000000e+00 0.000000e+00
-7.307972e-14 0.000000e+00 0.000000e+00
1.429463e-13 0.000000e+00 0.000000e+00
3.157854e-14 0.000000e+00 0.000000e+00
6.874737e-14 0.000000e+00 0.000000e+00
1.634675e-13 0.000000e+00 0.000000e+00
-4.262718e-14 0.000000e+00 0.000000e+00
-7.387292e-14 0.000000e+00 0.000000e+00
3.053767e-14 0.000000e+00 0.000000e+00
2.877603e-13 0.000000e+00 0.000000e+00
-5.268826e-14 0.000000e+00 0.000000e+00
6.883281e-14 0.000000e+00 0.000000e+00
1.380528e-13 0.000000e+00 0.000000e+00
2.675800e-13 0.000000e+00 0.000000e+00
2.699348e-13 0.000000e+00 0.000000e+00
2.554036e-14 0.000000e+00 0.000000e+00
-1.549700e-13 0.000000e+00 0.000000e+00
-1.002877e-13 0.000000e+00 0.000000e+00
2.442047e-13 0.000000e+00 0.000000e+00
1.613195e-14 0.000000e+00 0.000000e+00
1.695903e-14 0.000000e+00 0.000000e+00
2.336333e-13 0.000000e+00 0.000000e+00
-6.511028e-14 0.000000e+00 0.000000e+00
-2.505801e-14 0.000000e+00 0.000000e+00
2.116134e-14 0.000000e+00 0.000000e+00
-1.720418e-13 0.000000e+00 0.000000e+00
-2.905366e-13 0.000000e+00 0.000000e+00
-2.342834e-14 0.000000e+00 0.000000e+00
9.144243e-14 0.000000e+00 0.000000e+00
3.127743e-13 0.000000e+00 0.000000e+00
9.491827e-14 0.000000e+00 0.000000e+00
-2.223989e-13 0.000000e+00 0.000000e+00
-4.026416e-13 0.000000e+00 0.000000e+00
-1.220645e-13 0.000000e+00 0.000000e+00
-4.924204e-14 0.000000e+00 0.000000e+00
-1.281262e-13 0.000000e+00 0.000000e+00
-4.082661e-13 0.000000e+00 0.000000e+00
-1.383207e-14 0.000000e+00 0.000000e+00
1.356654e-15 0.000000e+00 0.000000e+00
2.890279e-14 0.000000e+00 0.000000e+00
2.044686e-13 0.000000e+00 0.000000e+00
-1.298585e-15 0.000000e+00 0.000000e+00
1.922553e-13 0.000000e+00 0.000000e+00
2.224412e-13 0.000000e+00 0.000000e+00
-1.316390e-13 0.000000e+00 0.000000e+00
-1.853046e-13 0.000000e+00 0.000000e+00
1.546075e-13 0.000000e+00 0.000000e+00
2.300922e-14 0.000000e+00 0.000000e+00
4.519324e-13 0.000000e+00 0.000000e+00
2.907014e-13 0.000000e+00 0.000000e+00
-2.256819e-13 0.000000e+00 0.000000e+00
1.772886e-14 0.000000e+00 0.000000e+00
2.211819e-13 0.000000e+00 0.000000e+00
-1.376408e-13 0.000000e+00 0.000000e+00
-2.098316e-13 0.000000e+00 0.000000e+00
1.191579e-13 0.000000e+00 0.000000e+00
-6.731405e-14 0.000000e+00 0.000000e+00
-1.118334e-13 0.000000e+00 0.000000e+00
3.095823e-13 0.000000e+00 0.000000e+00
4.167779e-14 0.000000e+00 0.000000e+00
4.875825e-14 0.000000e+00 0.000000e+00
3.765527e-14 0.000000e+00 0.000000e+00
-2.729036e-14 0.000000e+00 0.000000e+00
1.774821e-13 0.000000e+00 0.000000e+00
-3.376719e-13 0.000000e+00 0.000000e+00
-2.046443e-13 0.000000e+00 0.000000e+00
-7.356940e-14 0.000000e+00 0.000000e+00
-1.437960e-13 0.000000e+00 0.000000e+00
-2.155549e-13 0.000000e+00 0.000000e+00
-1.173302e-13 0.000000e+00 0.000000e+00
1.670272e-13 0.000000e+00 0.000000e+00
-1.616679e-13 0.000000e+00 0.000000e+00
2.331105e-13 0.000000e+00 0.000000e+00
-1.175426e-13 0.000000e+00 0.000000e+00
6.883592e-13 0.000000e+00 0.000000e+00
7.809848e-14 0.000000e+00 0.000000e+00
-2.628910e-13 0.000000e+00 0.000000e+00
2.450727e-13 0.000000e+00 0.000000e+00
-1.005030e-14 0.000000e+00 0.000000e+00
2.262745e-13 0.000000e+00 0.000000e+00
-2.286629e-13 0.000000e+00 0.000000e+00
-1.761018e-13 0.000000e+00 0.000000e+00
-1.353661e-13 0.000000e+00 0.000000e+00
1.788326e-13 0.000000e+00 0.000000e+00
-1.071618e-13 0.000000e+00 0.000000e+00
1.388440e-13 0.000000e+00 0.000000e+00
-1.688015e-13 0.000000e+00 0.000000e+00
-1.194298e-13 0.000000e+00 0.000000e+00
-2.823506e-14 0.000000e+00 0.000000e+00
7.321220e-14 0.000000e+00 0.000000e+00
2.522013e-13 0.000000e+00 0.000000e+00
1.782446e-14 0.000000e+00 0.000000e+00
-1.741945e-13 0.000000e+00 0.000000e+00
-3.698260e-14 0.000000e+00 0.000000e+00
3.046976e-14 0.000000e+00 0.000000e+00
-1.006219e-13 0.000000e+00 0.000000e+00
-1.887343e-13 0.000000e+00 0.000000e+00
-2.957689e-13 0.000000e+00 0.000000e+00
-3.267561e-13 0.000000e+00 0.000000e+00
1.208273e-13 0.000000e+00 0.000000e+00
-2.074410e-13 0.000000e+00 0.000000e+00
1.446435e-13 0.000000e+00 0.000000e+00
-6.627792e-14 0.000000e+00 0.000000e+00
-1.977277e-13 0.000000e+00 0.000000e+00
1.140314e-13 0.000000e+00 0.000000e+00
-1.128208e-13 0.000000e+00 0.000000e+00
-8.787136e-14 0.000000e+00 0.000000e+00
-2.517088e-13 0.000000e+00 0.000000e+00
5.074855e-13 0.000000e+00 0.000000e+00
-1.212532e-13 0.000000e+00 0.000000e+00
2.599187e-13 0.000000e+00 0.000000e+00
6.449228e-14 0.000000e+00 0.000000e+00
-2.895055e-14 0.000000e+00 0.000000e+00
-9.647148e-14 0.000000e+00 0.000000e+00
7.153393e-14 0.000000e+00 0.000000e+00
4.907286e-14 0.000000e+00 0.000000e+00
-1.925505e-13 0.000000e+00 0.000000e+00
-2.394050e-15 0.000000e+00 0.000000e+00
1.752471e-13 0.000000e+00 0.000000e+00
5.680599e-15 0.000000e+00 0.000000e+00
1.157960e-13 0.000000e+00 0.000000e+00
-1.472258e-14 0.000000e+00 0.000000e+00
-4.609024e-13 0.000000e+00 0.000000e+00
9.280399e-14 0.000000e+00 0.000000e+00
2.233392e-13 0.000000e+00 0.000000e+00
-5.699404e-14 0.000000e+00 0.000000e+00
-4.772701e-14 0.000000e+00 0.000000e+00
4.836876e-15 0.000000e+00 0.000000e+00
-2.999935e-14 0.000000e+00 0.000000e+00
-5.346140e-14 0.000000e+00 0.000000e+00
-1.128231e-13 0.000000e+00 0.000000e+00
-2.021476e-13 0.000000e+00 0.000000e+00
3.412174e-13 0.000000e+00 0.000000e+00
-9.796542e-14 0.000000e+00 0.000000e+00
-2.889128e-14 0.000000e+00 0.000000e+00
2.207396e-13 0.000000e+00 0.000000e+00
-1.771649e-13 0.000000e+00 0.000000e+00
-1.307626e-16 0.000000e+00 0.000000e+00
-2.544907e-13 0.000000e+00 0.000000e+00
-6.222033e-14 0.000000e+00 0.000000e+00
-1.891840e-13 0.000000e+00 0.000000e+00
5.614421e-14 0.000000e+00 0.000000e+00
-1.612334e-14 0.000000e+00 0.000000e+00
-3.134007e-14 0.000000e+00 0.000000e+00
1.181786e-14 0.000000e+00 0.000000e+00
-1.503826e-13 0.000000e+00 0.000000e+00
-2.086670e-13 0.000000e+00 0.000000e+00
2.651694e-13 0.000000e+00 0.000000e+00
1.196412e-13 0.000000e+00 0.000000e+00
-3.582366e-13 0.000000e+00 0.000000e+00
-3.669274e-14 0.000000e+00 0.000000e+00
2.634560e-13 0.000000e+00 0.000000e+00
-1.375053e-13 0.000000e+00 0.000000e+00
7.197204e-14 0.000000e+00 0.000000e+00
1.216964e-13 0.000000e+00 0.000000e+00
1.532635e-13 0.000000e+00 0.000000e+00
5.453199e-14 0.000000e+00 0.000000e+00
-3.397682e-13 0.000000e+00 0.000000e+00
-6.542696e-14 0.000000e+00 0.000000e+00
-1.406647e-13 0.000000e+00 0.000000e+00
2.388109e-13 0.000000e+00 0.000000e+00
2.825980e-13 0.000000e+00 0.000000e+00
-2.244515e-13 0.000000e+00 0.000000e+00
-7.008786e-14 0.000000e+00 0.000000e+00
-2.569637e-13 0.000000e+00 0.000000e+00
1.661153e-13 0.000000e+00 0.000000e+00
-2.073498e-13 0.000000e+00 0.000000e+00
-1.436171e-13 0.000000e+00 0.000000e+00
-6.752915e-14 0.000000e+00 0.000000e+00
1.770352e-13 0.000000e+00 0.000000e+00
-5.121078e-14 0.000000e+00 0.000000e+00
1.222017e-14 0.000000e+00 0.000000e+00
-3.802359e-14 0.000000e+00 0.000000e+00
-1.107061e-13 0.000000e+00 0.000000e+00
-2.301240e-13 0.000000e+00 0.000000e+00
-1.659194e-13 0.000000e+00 0.000000e+00
-4.683027e-16 0.000000e+00 0.000000e+00
8.965836e-14 0.000000e+00 0.000000e+00
-8.600755e-14 0.000000e+00 0.000000e+00
6.122359e-14 0.000000e+00 0.000000e+00
-1.777803e-13 0.000000e+00 0.000000e+00
2.434476e-13 0.000000e+00 0.000000e+00
-2.872782e-13 0.000000e+00 0.000000e+00
-3.315600e-14 0.000000e+00 0.000000e+00
-6.039244e-14 0.000000e+00 0.000000e+00
-5.931910e-14 0.000000e+00 0.000000e+00
-3.290422e-13 0.000000e+00 0.000000e+00
