step K U E temp
0 1.325282e-22 -4.068517e-20 -4.055264e-20 1.919795e+01
1000 2.317766e-21 -4.011523e-20 2.220253e-20 3.357503e+02
2000 5.346972e-21 -3.648501e-20 9.692352e-20 7.745592e+02
3000 3.317444e-23 -3.347400e-20 1.684650e-19 4.805630e+00
4000 2.377484e-23 -3.293897e-20 1.672309e-19 3.444009e+00
5000 1.768406e-23 -3.251977e-20 2.143990e-19 2.561703e+00
6000 7.434955e-22 -3.576069e-20 2.049837e-19 1.077023e+02
7000 6.889872e-21 -3.474601e-20 2.526246e-19 9.980629e+02
8000 6.932639e-21 -3.934033e-20 2.875923e-19 1.004258e+03
9000 2.183674e-21 -3.853767e-20 2.836460e-19 3.163257e+02
10000 2.524786e-21 -3.893054e-20 2.835943e-19 3.657391e+02
11000 2.734445e-21 -3.816836e-20 4.045720e-19 3.961102e+02
12000 1.253248e-21 -3.754186e-20 4.450736e-19 1.815448e+02
13000 1.417824e-20 -3.135972e-20 5.028185e-19 2.053852e+03
14000 4.091489e-21 -2.063382e-20 5.434577e-19 5.926907e+02
15000 7.591254e-21 -1.376606e-20 6.338252e-19 1.099665e+03
16000 4.868826e-21 -1.802558e-20 6.268615e-19 7.052952e+02
17000 1.619027e-22 1.190154e-21 7.613521e-19 2.345314e+01
18000 7.527195e-22 -2.554456e-21 7.581983e-19 1.090385e+02
19000 3.662824e-21 2.779428e-21 8.064423e-19 5.305945e+02
20000 2.086162e-21 -5.336876e-21 7.992257e-19 3.022002e+02
21000 1.306235e-24 -5.056903e-21 7.963427e-19 1.892204e-01
22000 2.510229e-21 -2.707477e-21 7.998037e-19 3.636303e+02
23000 1.141888e-21 8.665920e-21 8.498078e-19 1.654133e+02
24000 1.973312e-21 9.856792e-21 8.918301e-19 2.858528e+02
25000 2.001720e-21 -4.770029e-21 8.784427e-19 2.899680e+02
26000 5.174494e-21 -4.109048e-20 8.840840e-19 7.495741e+02
27000 1.577561e-21 -4.071926e-20 9.208583e-19 2.285246e+02
28000 7.145379e-21 -4.035227e-20 9.288189e-19 1.035075e+03
29000 1.473690e-21 -4.075825e-20 9.207154e-19 2.134779e+02
30000 8.258660e-21 -4.052379e-20 9.678946e-19 1.196345e+03
31000 1.523075e-23 -4.108111e-20 9.989341e-19 2.206317e+00
32000 9.323735e-21 -4.056824e-20 1.171508e-18 1.350631e+03
33000 3.867698e-22 -4.068401e-20 1.169003e-18 5.602725e+01
34000 1.249310e-21 -3.828909e-20 1.282960e-18 1.809744e+02
35000 8.193106e-22 -3.964989e-20 1.362701e-18 1.186849e+02
36000 1.195939e-24 -3.881500e-20 1.402528e-18 1.732431e-01
37000 1.594233e-21 -3.897509e-20 1.409305e-18 2.309396e+02
38000 4.388938e-21 -3.758324e-20 1.462086e-18 6.357789e+02
39000 8.193028e-22 -3.509758e-20 1.502572e-18 1.186837e+02
40000 2.817422e-21 -3.462404e-20 1.550712e-18 4.081301e+02
41000 1.999315e-21 -3.528760e-20 1.547306e-18 2.896196e+02
42000 5.044323e-21 -3.479581e-20 1.550338e-18 7.307177e+02
43000 6.172040e-21 -3.756282e-20 1.542728e-18 8.940781e+02
44000 2.833306e-21 -3.842495e-20 1.543115e-18 4.104310e+02
45000 1.925443e-22 -3.970568e-20 1.643706e-18 2.789185e+01
46000 1.041648e-21 -4.045800e-20 1.642441e-18 1.508925e+02
47000 1.178936e-21 -4.107035e-20 1.680312e-18 1.707800e+02
48000 2.315886e-24 -4.101056e-20 1.759521e-18 3.354778e-01
49000 6.200605e-22 -4.096020e-20 1.759803e-18 8.982160e+01
50000 7.096679e-21 -4.090309e-20 1.768691e-18 1.028021e+03
51000 3.193800e-23 -4.100019e-20 1.803086e-18 4.626520e+00
52000 6.038940e-21 -4.101567e-20 1.807449e-18 8.747972e+02
53000 9.421202e-22 -4.104943e-20 1.902122e-18 1.364750e+02
54000 1.841247e-22 -4.082644e-20 1.981683e-18 2.667219e+01
55000 1.271640e-23 -3.824069e-20 2.101507e-18 1.842090e+00
56000 2.021820e-21 -3.937814e-20 2.141001e-18 2.928797e+02
57000 8.850185e-22 -2.369339e-20 2.310331e-18 1.282033e+02
58000 1.662068e-20 -3.588269e-20 2.300916e-18 2.407662e+03
59000 3.873920e-23 -3.595304e-20 2.284415e-18 5.611738e+00
60000 1.366085e-20 -3.337168e-20 2.300289e-18 1.978902e+03
61000 8.802063e-22 -3.761576e-20 2.364399e-18 1.275062e+02
62000 1.251339e-21 -3.324304e-20 2.408008e-18 1.812682e+02
63000 3.912689e-22 -3.636307e-20 2.409362e-18 5.667899e+01
64000 2.725005e-21 -3.410208e-20 2.408623e-18 3.947427e+02
65000 1.052946e-23 -3.715360e-20 2.456293e-18 1.525291e+00
66000 3.017360e-23 -3.625608e-20 2.487487e-18 4.370930e+00
67000 5.861517e-22 -2.708759e-20 2.514612e-18 8.490959e+01
68000 3.631019e-21 -4.080083e-20 2.531630e-18 5.259872e+02
69000 5.390298e-22 -3.730519e-20 2.612300e-18 7.808355e+01
70000 5.376917e-22 -3.611596e-20 2.647646e-18 7.788970e+01
71000 1.303297e-21 -3.960636e-20 2.646736e-18 1.887949e+02
72000 1.386492e-21 -3.952649e-20 2.644744e-18 2.008465e+02
73000 2.140359e-21 -3.956413e-20 2.699229e-18 3.100512e+02
74000 5.407977e-22 -3.235968e-20 2.733875e-18 7.833963e+01
75000 1.025319e-21 -3.272427e-20 2.729435e-18 1.485270e+02
76000 1.899786e-20 -3.345413e-20 2.790577e-18 2.752018e+03
77000 8.457420e-23 -3.391227e-20 2.812700e-18 1.225137e+01
78000 5.534130e-22 -3.350655e-20 2.811431e-18 8.016708e+01
79000 4.681996e-22 -3.317026e-20 2.864649e-18 6.782312e+01
80000 4.988580e-21 -4.104618e-20 2.886851e-18 7.226428e+02
81000 3.499902e-21 -4.104189e-20 2.885723e-18 5.069937e+02
82000 3.625476e-21 -4.084373e-20 3.054829e-18 5.251843e+02
83000 2.835421e-21 -4.079824e-20 3.202343e-18 4.107374e+02
84000 3.075055e-21 -2.901423e-20 3.227557e-18 4.454506e+02
85000 8.819542e-21 -2.532892e-20 3.270028e-18 1.277594e+03
86000 5.277560e-21 -2.512409e-20 3.389872e-18 7.645042e+02
87000 2.759996e-22 -2.510219e-20 3.385268e-18 3.998114e+01
88000 2.435663e-22 -1.506223e-20 3.394021e-18 3.528287e+01
89000 1.969975e-22 -2.543992e-20 3.460194e-18 2.853694e+01
90000 3.436534e-22 -2.566893e-20 3.458965e-18 4.978144e+01
91000 1.990233e-20 -2.558214e-20 3.478811e-18 2.883040e+03
92000 1.298515e-21 -3.507877e-20 3.547631e-18 1.881020e+02
93000 1.129874e-21 -3.698345e-20 3.590820e-18 1.636728e+02
94000 9.891345e-21 -3.766363e-20 3.690688e-18 1.432854e+03
95000 1.992415e-21 -3.886264e-20 3.669891e-18 2.886201e+02
96000 6.530851e-21 -4.028968e-20 3.714614e-18 9.460553e+02
97000 4.603977e-21 -4.086600e-20 3.762761e-18 6.669294e+02
98000 4.199695e-22 -4.028241e-20 3.794084e-18 6.083653e+01
99000 1.985783e-22 -4.060175e-20 3.889807e-18 2.876593e+01
100000 7.076407e-23 -3.225115e-20 3.949580e-18 1.025084e+01
101000 6.933476e-22 -3.323337e-20 3.964283e-18 1.004379e+02
102000 6.518325e-23 -3.434731e-20 3.953770e-18 9.442407e+00
103000 3.035861e-22 -3.494843e-20 3.988953e-18 4.397730e+01
104000 2.151520e-21 -3.209387e-20 3.991315e-18 3.116679e+02
105000 1.428346e-21 -2.583374e-20 4.029569e-18 2.069093e+02
106000 2.424539e-22 -2.548424e-20 4.035460e-18 3.512173e+01
107000 2.053897e-22 -2.078189e-20 4.044319e-18 2.975263e+01
108000 3.197131e-21 -2.621359e-20 4.031532e-18 4.631346e+02
109000 6.789692e-22 -2.614126e-20 4.028183e-18 9.835508e+01
110000 3.432825e-21 -2.624358e-20 4.032222e-18 4.972770e+02
111000 1.963971e-24 -3.473043e-20 4.149112e-18 2.844996e-01
112000 9.947252e-22 -3.352168e-20 4.204958e-18 1.440953e+02
113000 2.436131e-22 -3.250872e-20 4.197748e-18 3.528965e+01
114000 6.075197e-21 -1.730167e-20 4.203635e-18 8.800494e+02
115000 1.748841e-20 -3.672563e-20 4.299213e-18 2.533361e+03
116000 3.601394e-21 -3.970685e-20 4.356766e-18 5.216958e+02
117000 3.013384e-21 -3.950447e-20 4.363623e-18 4.365171e+02
118000 1.990663e-24 -3.975380e-20 4.401665e-18 2.883662e-01
119000 1.379055e-25 -3.571411e-20 4.447338e-18 1.997691e-02
120000 2.013037e-21 -3.311811e-20 4.448210e-18 2.916074e+02
121000 3.465108e-23 -4.042726e-20 4.488620e-18 5.019534e+00
122000 6.908143e-22 -4.043748e-20 4.489141e-18 1.000709e+02
123000 1.156949e-21 -3.534263e-20 4.583370e-18 1.675949e+02
124000 7.766453e-23 -4.082144e-20 4.678671e-18 1.125044e+01
125000 2.347460e-21 -4.025492e-20 4.769610e-18 3.400517e+02
126000 1.362764e-22 -4.107048e-20 4.855954e-18 1.974092e+01
127000 1.520697e-21 -4.107350e-20 4.897604e-18 2.202872e+02
128000 3.093322e-22 -4.109582e-20 4.895416e-18 4.480968e+01
129000 1.707366e-22 -4.108951e-20 4.939466e-18 2.473280e+01
130000 1.542844e-22 -3.851393e-20 4.957423e-18 2.234955e+01
131000 1.318803e-21 -3.827863e-20 4.960487e-18 1.910410e+02
132000 1.555775e-21 -3.834102e-20 4.959302e-18 2.253687e+02
133000 3.645877e-21 -3.839846e-20 4.960670e-18 5.281396e+02
134000 4.805405e-22 -3.707690e-20 5.005556e-18 6.961082e+01
135000 3.465248e-25 -3.689750e-20 5.001826e-18 5.019738e-02
136000 2.502909e-22 -3.617818e-20 5.056867e-18 3.625699e+01
137000 4.925201e-21 -3.762418e-20 5.058638e-18 7.134617e+02
138000 1.661859e-22 -2.994958e-20 5.050217e-18 2.407359e+01
139000 5.721311e-21 -2.862085e-20 5.057100e-18 8.287857e+02
140000 4.059665e-22 -2.805545e-20 5.092351e-18 5.880807e+01
141000 1.409024e-22 -2.755521e-20 5.092590e-18 2.041104e+01
142000 1.352488e-21 -2.748992e-20 5.093872e-18 1.959206e+02
143000 2.222590e-22 -2.921135e-20 5.101380e-18 3.219630e+01
144000 2.227086e-23 -1.672773e-20 5.223295e-18 3.226144e+00
145000 9.623778e-21 -3.007586e-20 5.303886e-18 1.394095e+03
146000 1.059994e-21 -3.066848e-20 5.334417e-18 1.535502e+02
147000 6.140044e-22 -1.898660e-21 5.438715e-18 8.894432e+01
148000 6.968081e-21 -1.127384e-21 5.445841e-18 1.009392e+03
149000 2.960801e-21 -3.671323e-21 5.439289e-18 4.288998e+02
150000 2.701871e-21 -4.099348e-20 5.401708e-18 3.913914e+02
151000 6.631801e-25 -3.694874e-20 5.443052e-18 9.606788e-02
152000 9.552093e-22 -3.763286e-20 5.443322e-18 1.383711e+02
153000 1.088720e-23 -4.075403e-20 5.519257e-18 1.577113e+00
154000 7.125697e-24 -4.103266e-20 5.518974e-18 1.032224e+00
155000 5.518231e-22 -4.036461e-20 5.560854e-18 7.993677e+01
156000 3.513224e-21 -4.035787e-20 5.563716e-18 5.089236e+02
157000 3.527549e-23 -4.013214e-20 5.559906e-18 5.109986e+00
158000 2.119984e-23 -4.035473e-20 5.599666e-18 3.070997e+00
159000 6.860746e-23 -2.602017e-20 5.694048e-18 9.938436e+00
160000 1.656462e-21 -4.108704e-20 5.760639e-18 2.399541e+02
161000 5.310288e-22 -4.075272e-20 5.763495e-18 7.692451e+01
162000 5.255663e-21 -4.109982e-20 5.764156e-18 7.613323e+02
163000 4.615764e-26 -4.106919e-20 5.758931e-18 6.686368e-03
164000 2.699677e-21 -3.403452e-20 5.853603e-18 3.910736e+02
165000 1.108583e-20 -3.876940e-20 5.852316e-18 1.605887e+03
166000 3.154688e-22 -3.825971e-20 5.842056e-18 4.569863e+01
167000 1.696095e-20 -4.109733e-20 5.897037e-18 2.456954e+03
168000 1.398839e-21 -4.109399e-20 5.880315e-18 2.026350e+02
169000 3.893887e-21 -4.109857e-20 5.883479e-18 5.640661e+02
170000 4.618460e-21 -4.109985e-20 5.883584e-18 6.690274e+02
171000 2.332018e-21 -4.032145e-20 5.939349e-18 3.378147e+02
172000 5.323284e-21 -3.949245e-20 5.965833e-18 7.711278e+02
173000 1.430887e-21 -3.788761e-20 5.963723e-18 2.072775e+02
174000 2.278855e-21 -3.914739e-20 6.048355e-18 3.301136e+02
175000 5.702711e-22 -3.891759e-20 6.050468e-18 8.260914e+01
176000 2.249095e-20 -3.891059e-20 6.145998e-18 3.258025e+03
177000 9.603826e-22 -3.147741e-20 6.129483e-18 1.391205e+02
178000 2.808858e-22 -3.129647e-20 6.128984e-18 4.068895e+01
179000 2.047340e-21 -3.210103e-20 6.129946e-18 2.965764e+02
180000 1.555708e-21 -1.098265e-20 6.190573e-18 2.253589e+02
181000 4.561474e-22 -3.335927e-20 6.167463e-18 6.607725e+01
182000 8.504305e-23 -2.611953e-20 6.173966e-18 1.231929e+01
183000 4.565368e-21 -2.880990e-20 6.215755e-18 6.613366e+02
184000 9.811745e-22 -2.971910e-20 6.211262e-18 1.421324e+02
185000 3.698727e-20 -4.078585e-20 6.437603e-18 5.357954e+03
186000 5.761524e-22 -3.794897e-20 6.402719e-18 8.346109e+01
187000 1.031008e-20 -4.010566e-20 6.497905e-18 1.493512e+03
188000 4.203377e-22 -3.870603e-20 6.576348e-18 6.088987e+01
189000 2.324505e-23 -3.830894e-20 6.569616e-18 3.367265e+00
190000 1.118766e-21 -3.818921e-20 6.566313e-18 1.620638e+02
191000 1.653981e-22 -4.097711e-20 6.602917e-18 2.395947e+01
192000 3.291133e-22 -4.046493e-20 6.608257e-18 4.767516e+01
193000 4.627573e-21 -3.993968e-20 6.605730e-18 6.703475e+02
194000 2.063090e-21 -4.073240e-20 6.655919e-18 2.988581e+02
195000 2.513727e-21 -3.881219e-20 6.713308e-18 3.641369e+02
196000 7.331424e-22 -3.191787e-20 6.768815e-18 1.062026e+02
197000 1.015329e-21 -3.354312e-20 6.908358e-18 1.470800e+02
198000 6.605697e-21 -3.540555e-20 6.935288e-18 9.568974e+02
199000 4.139307e-21 -3.494157e-20 6.987043e-18 5.996175e+02
200000 3.671647e-22 -3.532695e-20 7.020698e-18 5.318726e+01
201000 8.688406e-21 -2.568503e-20 7.063003e-18 1.258597e+03
202000 2.599261e-20 -2.640577e-20 7.161672e-18 3.765274e+03
203000 1.015418e-23 -2.934026e-20 7.250670e-18 1.470929e+00
204000 2.797477e-22 -2.799160e-20 7.338112e-18 4.052409e+01
205000 4.022248e-22 -2.788457e-20 7.338758e-18 5.826604e+01
206000 3.896091e-22 -2.252430e-20 7.337865e-18 5.643854e+01
207000 5.642881e-23 -2.218647e-20 7.337870e-18 8.174244e+00
208000 8.951183e-22 -1.347414e-20 7.347421e-18 1.296663e+02
209000 9.652702e-21 -4.085165e-21 7.405568e-18 1.398285e+03
210000 4.991014e-21 -3.178325e-20 7.471074e-18 7.229954e+02
211000 2.731164e-21 -2.958482e-20 7.493530e-18 3.956348e+02
212000 1.276973e-21 -1.748802e-20 7.503792e-18 1.849816e+02
213000 1.527209e-21 -2.082194e-20 7.620705e-18 2.212307e+02
214000 1.217500e-22 -2.975597e-20 7.658624e-18 1.763664e+01
215000 2.562390e-21 -4.079499e-20 7.729494e-18 3.711863e+02
216000 1.333529e-22 -4.109974e-20 7.761901e-18 1.931742e+01
217000 9.239258e-22 -3.801103e-20 7.811471e-18 1.338393e+02
218000 6.630449e-24 -4.105187e-20 7.808947e-18 9.604829e-01
219000 1.167561e-22 -3.990184e-20 7.842855e-18 1.691321e+01
220000 3.646528e-21 -4.069986e-20 7.904825e-18 5.282339e+02
221000 1.380976e-21 -4.098618e-20 7.907599e-18 2.000474e+02
222000 2.890130e-21 -3.503561e-20 8.028620e-18 4.186626e+02
223000 3.869407e-21 -3.288587e-20 8.038631e-18 5.605200e+02
224000 1.718549e-21 -3.938276e-20 8.060547e-18 2.489480e+02
225000 1.133746e-20 -4.029746e-20 8.071440e-18 1.642338e+03
226000 5.968580e-23 -4.082748e-20 8.055370e-18 8.646050e+00
227000 4.955750e-21 -3.567717e-20 8.112127e-18 7.178870e+02
228000 1.300668e-22 -3.456171e-20 8.149039e-18 1.884140e+01
229000 2.040559e-21 -4.046309e-20 8.184582e-18 2.955942e+02
230000 7.859380e-22 -4.076684e-20 8.179280e-18 1.138505e+02
231000 2.540352e-24 -3.941152e-20 8.214663e-18 3.679938e-01
232000 1.918820e-21 -3.784416e-20 8.259521e-18 2.779592e+02
233000 4.405595e-21 -3.824071e-20 8.251006e-18 6.381919e+02
234000 8.728284e-22 -3.676793e-20 8.304470e-18 1.264374e+02
235000 1.770104e-21 -3.975694e-20 8.386447e-18 2.564162e+02
236000 2.119587e-22 -3.796765e-20 8.433912e-18 3.070421e+01
237000 9.515498e-22 -4.109952e-20 8.496349e-18 1.378409e+02
238000 1.103842e-22 -4.109475e-20 8.502604e-18 1.599019e+01
239000 3.608258e-23 -4.109940e-20 8.495411e-18 5.226901e+00
240000 1.133952e-21 -4.097528e-20 8.512432e-18 1.642637e+02
241000 4.236981e-22 -3.920173e-20 8.554259e-18 6.137666e+01
242000 8.764836e-22 -3.091190e-20 8.541219e-18 1.269669e+02
243000 6.216882e-23 -3.518306e-20 8.633991e-18 9.005739e+00
244000 7.073295e-23 -2.793082e-20 8.657964e-18 1.024633e+01
245000 2.488990e-23 -3.397562e-20 8.798039e-18 3.605536e+00
246000 1.766960e-20 -3.962399e-20 8.817675e-18 2.559607e+03
247000 2.992314e-23 -4.075534e-20 8.855364e-18 4.334649e+00
248000 6.974598e-21 -4.044020e-20 8.854646e-18 1.010336e+03
249000 9.012613e-21 -4.046202e-20 8.856857e-18 1.305562e+03
250000 3.600235e-22 -4.066905e-20 8.986609e-18 5.215279e+01
251000 1.056680e-22 -4.080457e-20 8.982831e-18 1.530700e+01
252000 3.076885e-21 -3.857713e-20 9.033703e-18 4.457157e+02
253000 1.409920e-22 -3.826971e-20 9.103346e-18 2.042401e+01
254000 6.280812e-21 -4.024374e-20 9.152975e-18 9.098347e+02
255000 2.282059e-21 -2.570167e-20 9.176581e-18 3.305777e+02
256000 7.662020e-21 -2.856416e-20 9.222157e-18 1.109916e+03
257000 1.986169e-22 -2.438511e-20 9.259234e-18 2.877153e+01
258000 3.278098e-23 -2.396945e-20 9.340424e-18 4.748634e+00
259000 7.029876e-23 -1.672491e-20 9.503958e-18 1.018344e+01
260000 8.101624e-22 -2.166379e-20 9.597509e-18 1.173596e+02
261000 4.189444e-23 1.298173e-20 9.653024e-18 6.068804e+00
262000 2.013239e-22 -7.615957e-21 9.754529e-18 2.916366e+01
263000 9.264267e-23 -1.591053e-20 9.849871e-18 1.342016e+01
264000 4.489535e-21 6.393757e-21 9.890883e-18 6.503514e+02
265000 2.043568e-21 1.112819e-20 9.933172e-18 2.960301e+02
266000 3.024229e-22 2.230667e-20 9.984213e-18 4.380881e+01
267000 1.654983e-22 -4.072973e-20 1.001697e-17 2.397398e+01
268000 1.741695e-21 -4.097255e-20 1.005863e-17 2.523009e+02
269000 1.506830e-21 -4.042491e-20 1.010872e-17 2.182785e+02
270000 4.562254e-22 -4.086513e-20 1.011247e-17 6.608854e+01
271000 5.132308e-21 -4.101847e-20 1.015796e-17 7.434631e+02
272000 2.859457e-21 -4.064395e-20 1.024101e-17 4.142193e+02
273000 6.229109e-22 -4.107950e-20 1.028513e-17 9.023450e+01
274000 1.139978e-20 -4.099911e-20 1.029835e-17 1.651366e+03
275000 1.783083e-22 -3.681853e-20 1.036143e-17 2.582964e+01
276000 2.120324e-21 -3.329660e-20 1.037191e-17 3.071489e+02
277000 2.831316e-22 -3.429878e-20 1.039879e-17 4.101428e+01
278000 7.335204e-22 -3.050008e-20 1.044939e-17 1.062573e+02
279000 5.024495e-22 -1.477769e-20 1.057454e-17 7.278454e+01
280000 3.604809e-22 -1.479875e-20 1.057446e-17 5.221905e+01
281000 2.470820e-22 -2.218437e-20 1.059905e-17 3.579215e+01
282000 7.894038e-23 -2.367689e-20 1.060125e-17 1.143526e+01
283000 6.382700e-22 -4.055006e-20 1.067803e-17 9.245941e+01
284000 6.903017e-22 -3.927510e-20 1.071264e-17 9.999670e+01
285000 6.278787e-21 -3.241042e-20 1.074917e-17 9.095414e+02
286000 4.837171e-21 -3.243393e-20 1.080268e-17 7.007097e+02
287000 6.910656e-21 -4.021224e-20 1.092382e-17 1.001074e+03
288000 4.634281e-22 -4.092638e-20 1.102303e-17 6.713192e+01
289000 1.043118e-21 -4.005294e-20 1.108397e-17 1.511054e+02
290000 1.369162e-20 -3.571608e-20 1.121313e-17 1.983360e+03
291000 6.409511e-25 1.437874e-20 1.133451e-17 9.284779e-02
292000 3.961465e-22 4.775267e-21 1.132517e-17 5.738555e+01
293000 4.663985e-21 8.828265e-22 1.136932e-17 6.756221e+02
294000 2.334362e-21 5.003032e-21 1.140820e-17 3.381542e+02
295000 1.232397e-21 3.604718e-21 1.140692e-17 1.785244e+02
296000 2.440550e-27 4.423304e-21 1.140503e-17 3.535367e-04
297000 2.677306e-21 4.227735e-21 1.140765e-17 3.878329e+02
298000 1.361438e-21 -2.463086e-20 1.148172e-17 1.972172e+02
299000 4.232347e-21 -2.226739e-20 1.152512e-17 6.130954e+02
300000 6.647062e-22 -3.442842e-20 1.160502e-17 9.628896e+01
301000 8.180653e-22 -3.648773e-20 1.161873e-17 1.185045e+02
302000 1.198191e-21 -3.636193e-20 1.162383e-17 1.735692e+02
303000 7.610678e-22 -3.596287e-20 1.172037e-17 1.102478e+02
304000 5.617932e-21 -3.416749e-20 1.180672e-17 8.138104e+02
305000 1.522653e-21 -3.374699e-20 1.180561e-17 2.205706e+02
306000 1.159439e-21 -3.933458e-20 1.185758e-17 1.679557e+02
307000 1.155337e-21 -3.041957e-20 1.187915e-17 1.673615e+02
308000 7.454928e-22 -3.471634e-20 1.192554e-17 1.079916e+02
309000 6.062376e-22 -2.915463e-20 1.196543e-17 8.781923e+01
310000 6.748913e-22 -3.255434e-20 1.197758e-17 9.776435e+01
311000 1.443918e-22 -1.020061e-20 1.202999e-17 2.091652e+01
312000 2.382166e-22 -1.591698e-20 1.206432e-17 3.450792e+01
313000 3.407489e-22 -1.213723e-20 1.214822e-17 4.936068e+01
314000 1.271707e-21 -1.415074e-20 1.226717e-17 1.842187e+02
315000 1.064100e-20 -2.243743e-20 1.235315e-17 1.541449e+03
316000 1.680326e-21 -2.348675e-20 1.235359e-17 2.434111e+02
317000 3.354492e-21 -2.658029e-20 1.239652e-17 4.859297e+02
318000 1.744033e-21 -1.774188e-20 1.251126e-17 2.526396e+02
319000 1.166929e-21 -2.014686e-20 1.255197e-17 1.690407e+02
320000 6.165271e-21 -1.623287e-20 1.255007e-17 8.930975e+02
321000 1.827376e-22 -2.374953e-20 1.266535e-17 2.647126e+01
322000 1.932670e-21 -2.257001e-20 1.266630e-17 2.799654e+02
323000 4.872720e-22 -2.583004e-20 1.271813e-17 7.058593e+01
324000 2.541059e-21 -2.514946e-20 1.272154e-17 3.680963e+02
325000 3.349344e-22 -2.304577e-20 1.281239e-17 4.851840e+01
326000 5.632987e-21 -1.650931e-20 1.288911e-17 8.159912e+02
327000 2.253036e-21 -2.588081e-20 1.296732e-17 3.263734e+02
328000 1.182240e-20 -3.257316e-21 1.300858e-17 1.712586e+03
329000 1.039522e-21 -2.648108e-21 1.307839e-17 1.505845e+02
330000 3.831857e-21 -3.341755e-21 1.308060e-17 5.550806e+02
331000 1.079009e-24 -3.291216e-21 1.307675e-17 1.563047e-01
332000 2.900662e-23 -9.664551e-21 1.311049e-17 4.201881e+00
333000 1.023523e-21 -1.422548e-21 1.325948e-17 1.482670e+02
334000 1.510515e-21 -3.612807e-21 1.331790e-17 2.188123e+02
335000 3.289932e-22 -3.197303e-21 1.331745e-17 4.765776e+01
336000 9.948399e-21 -3.886089e-21 1.332623e-17 1.441119e+03
337000 7.005711e-22 -3.293346e-21 1.331745e-17 1.014843e+02
338000 9.990657e-22 -2.057977e-23 1.336109e-17 1.447241e+02
339000 1.380693e-22 -9.354502e-21 1.339079e-17 2.000064e+01
340000 2.467590e-22 -8.234515e-21 1.339203e-17 3.574536e+01
341000 3.280978e-25 -9.322073e-21 1.339068e-17 4.752805e-02
342000 1.008668e-21 -1.131851e-20 1.340619e-17 1.461150e+02
343000 2.804233e-21 -5.662027e-21 1.351721e-17 4.062195e+02
344000 2.121620e-22 -7.321065e-24 1.360397e-17 3.073366e+01
345000 3.281117e-21 -1.991909e-21 1.364144e-17 4.753007e+02
346000 9.334972e-21 -7.538554e-22 1.372859e-17 1.352259e+03
347000 1.677615e-21 -1.283047e-21 1.376322e-17 2.430183e+02
348000 7.194777e-21 -8.223759e-22 1.384658e-17 1.042231e+03
349000 1.489897e-23 -6.887494e-22 1.388298e-17 2.158256e+00
350000 8.578755e-21 -9.722019e-21 1.396375e-17 1.242713e+03
351000 1.049077e-21 -8.827381e-21 1.399497e-17 1.519687e+02
352000 3.146673e-21 -8.663588e-21 1.400149e-17 4.558253e+02
353000 2.369774e-21 -8.752858e-21 1.399770e-17 3.432841e+02
354000 2.599523e-23 -9.961656e-23 1.400424e-17 3.765654e+00
355000 1.704161e-22 -7.795944e-21 1.403725e-17 2.468638e+01
356000 2.169213e-21 -9.243780e-21 1.412804e-17 3.142309e+02
357000 2.235461e-21 -2.018638e-20 1.417353e-17 3.238275e+02
358000 2.819773e-21 -1.864193e-20 1.420622e-17 4.084706e+02
359000 5.794176e-21 -2.027016e-20 1.421831e-17 8.393410e+02
360000 1.865225e-20 -2.206025e-20 1.423386e-17 2.701955e+03
361000 5.917909e-22 -1.310962e-20 1.424851e-17 8.572647e+01
362000 3.815690e-21 -1.639890e-20 1.428802e-17 5.527386e+02
363000 7.257992e-22 -1.313252e-20 1.436969e-17 1.051388e+02
364000 1.733245e-22 -2.390295e-20 1.451946e-17 2.510769e+01
365000 1.666102e-21 -2.467547e-20 1.452146e-17 2.413506e+02
366000 2.461821e-22 -2.437611e-20 1.465789e-17 3.566180e+01
367000 6.655306e-22 -2.498752e-20 1.465573e-17 9.640837e+01
368000 1.179439e-22 -2.497200e-20 1.469455e-17 1.708528e+01
369000 1.617276e-21 -2.715223e-20 1.472366e-17 2.342777e+02
370000 3.619035e-21 -2.740129e-20 1.473029e-17 5.242512e+02
371000 4.316695e-23 -3.190529e-20 1.477115e-17 6.253139e+00
372000 1.349351e-22 -3.441303e-20 1.489584e-17 1.954662e+01
373000 4.752759e-21 -2.475182e-20 1.493719e-17 6.884818e+02
374000 8.095095e-22 -2.455547e-20 1.493444e-17 1.172651e+02
375000 1.341926e-20 -1.878649e-20 1.507141e-17 1.943907e+03
376000 7.133777e-21 -1.359372e-23 1.517629e-17 1.033395e+03
377000 3.320854e-21 -1.829439e-21 1.520550e-17 4.810570e+02
378000 1.332740e-22 -5.023311e-21 1.527511e-17 1.930600e+01
379000 5.529145e-21 -7.184994e-21 1.527849e-17 8.009487e+02
380000 2.011838e-21 -5.929680e-21 1.527608e-17 2.914337e+02
381000 2.220594e-22 -4.488580e-21 1.531579e-17 3.216739e+01
382000 4.417546e-21 -5.067339e-21 1.531935e-17 6.399232e+02
383000 6.935521e-22 -3.080855e-21 1.543830e-17 1.004675e+02
384000 2.555251e-22 -3.353654e-21 1.544890e-17 3.701522e+01
385000 2.024808e-21 -4.213905e-21 1.548094e-17 2.933124e+02
386000 3.287779e-23 -9.460292e-21 1.559058e-17 4.762657e+00
387000 3.380134e-22 -6.584754e-21 1.567981e-17 4.896442e+01
388000 1.269864e-20 -4.315876e-21 1.568927e-17 1.839517e+03
389000 1.897763e-21 -2.705414e-20 1.573574e-17 2.749088e+02
390000 4.987294e-22 -2.825192e-20 1.573305e-17 7.224565e+01
391000 2.357308e-21 -2.717819e-20 1.577751e-17 3.414782e+02
392000 4.400973e-22 -2.832865e-20 1.581910e-17 6.375224e+01
393000 6.686556e-21 -2.768142e-20 1.583885e-17 9.686106e+02
394000 1.383089e-22 -2.845770e-20 1.590440e-17 2.003535e+01
395000 3.094542e-22 -3.061269e-20 1.593941e-17 4.482735e+01
396000 1.454050e-21 -1.329849e-20 1.598816e-17 2.106329e+02
397000 1.394054e-20 -1.550990e-20 1.603843e-17 2.019418e+03
398000 1.915184e-21 -1.177400e-20 1.615408e-17 2.774324e+02
399000 2.621664e-21 -1.165284e-20 1.615351e-17 3.797726e+02
400000 2.277247e-21 -3.697533e-20 1.619872e-17 3.298807e+02
401000 1.026182e-20 -3.265856e-20 1.622525e-17 1.486521e+03
402000 2.030198e-20 -3.264726e-20 1.623510e-17 2.940933e+03
403000 2.647915e-23 -1.450924e-20 1.630553e-17 3.835754e+00
404000 7.649175e-21 -1.888654e-20 1.634890e-17 1.108055e+03
405000 9.912686e-23 -1.925956e-20 1.638380e-17 1.435946e+01
406000 3.632375e-21 -3.573068e-20 1.646271e-17 5.261837e+02
407000 6.234984e-22 -3.259446e-20 1.647504e-17 9.031961e+01
408000 6.001273e-22 -2.256872e-20 1.645804e-17 8.693409e+01
409000 6.425104e-21 -2.329593e-20 1.654922e-17 9.307367e+02
410000 5.915002e-21 -1.692620e-20 1.667384e-17 8.568437e+02
411000 3.521455e-22 -7.076767e-21 1.681297e-17 5.101159e+01
412000 4.574842e-22 -6.632067e-21 1.680228e-17 6.627088e+01
413000 7.858972e-21 -4.457206e-21 1.694074e-17 1.138446e+03
414000 6.819741e-21 -3.068223e-21 1.703072e-17 9.879036e+02
415000 7.996650e-21 -2.267446e-21 1.701732e-17 1.158390e+03
416000 4.734465e-23 -3.898694e-20 1.706885e-17 6.858318e+00
417000 1.938756e-22 -3.390855e-20 1.716159e-17 2.808471e+01
418000 1.275953e-21 -3.553492e-20 1.728072e-17 1.848338e+02
419000 1.023959e-23 -3.284680e-20 1.735651e-17 1.483300e+00
420000 2.043389e-22 -1.033717e-20 1.752756e-17 2.960041e+01
421000 8.225809e-22 -2.747868e-20 1.755538e-17 1.191586e+02
422000 1.610892e-22 -2.756375e-20 1.755802e-17 2.333528e+01
423000 3.787314e-21 -1.811722e-20 1.756616e-17 5.486281e+02
424000 2.356930e-21 -1.596231e-20 1.760480e-17 3.414235e+02
425000 1.099343e-21 -2.444780e-20 1.761000e-17 1.592502e+02
426000 4.909213e-23 -2.414317e-20 1.764546e-17 7.111457e+00
427000 2.016886e-21 -2.516931e-20 1.773472e-17 2.921649e+02
428000 2.356159e-21 -1.613478e-20 1.780531e-17 3.413118e+02
429000 6.590242e-21 -1.236114e-20 1.789559e-17 9.546586e+02
430000 1.217158e-22 -1.142585e-20 1.796615e-17 1.763168e+01
431000 2.017123e-21 -8.261449e-21 1.797403e-17 2.921993e+02
432000 1.166725e-21 -2.729793e-20 1.799408e-17 1.690110e+02
433000 3.365382e-21 -2.077363e-20 1.808715e-17 4.875073e+02
434000 1.848653e-21 -2.142265e-20 1.812339e-17 2.677948e+02
435000 5.318124e-21 -2.149214e-20 1.812661e-17 7.703804e+02
436000 5.096361e-22 -2.603445e-20 1.817210e-17 7.382558e+01
437000 1.729105e-21 -2.414188e-20 1.820715e-17 2.504772e+02
438000 3.049608e-20 -1.732866e-20 1.836234e-17 4.417644e+03
439000 1.359183e-21 -2.708321e-20 1.837476e-17 1.968905e+02
440000 6.607964e-21 -2.638295e-20 1.854574e-17 9.572257e+02
441000 1.581186e-22 -1.245724e-20 1.864710e-17 2.290496e+01
442000 6.091935e-21 -1.695181e-20 1.874438e-17 8.824741e+02
443000 3.125507e-22 -1.749334e-20 1.872548e-17 4.527591e+01
444000 1.364803e-21 -2.014148e-20 1.889850e-17 1.977046e+02
445000 4.094262e-22 -1.772905e-20 1.890391e-17 5.930923e+01
446000 1.110399e-22 -1.653381e-20 1.889809e-17 1.608518e+01
447000 1.844771e-22 -1.841837e-21 1.897880e-17 2.672324e+01
448000 7.727603e-23 -6.271227e-24 1.896584e-17 1.119416e+01
449000 2.214655e-21 -1.613702e-22 1.896214e-17 3.208136e+02
450000 1.535861e-20 -1.083626e-23 1.901719e-17 2.224840e+03
451000 2.590314e-24 -2.542707e-22 1.909172e-17 3.752314e-01
452000 5.122614e-23 -8.938985e-22 1.912109e-17 7.420588e+00
453000 3.516015e-21 -8.287485e-22 1.917052e-17 5.093279e+02
454000 1.702484e-21 -8.418700e-22 1.916714e-17 2.466208e+02
455000 3.168644e-22 -9.521289e-22 1.920343e-17 4.590079e+01
456000 4.770414e-21 -1.169528e-22 1.930140e-17 6.910394e+02
457000 6.117455e-22 -4.687422e-22 1.936730e-17 8.861710e+01
458000 1.101520e-21 -1.066671e-20 1.941553e-17 1.595656e+02
459000 2.292808e-21 -1.140959e-20 1.941230e-17 3.321348e+02
460000 9.212775e-21 -6.050445e-21 1.948236e-17 1.334557e+03
461000 7.769730e-21 -5.576873e-21 1.946496e-17 1.125518e+03
462000 1.383966e-20 -6.130836e-21 1.952483e-17 2.004805e+03
463000 7.630016e-21 -8.037941e-21 1.950439e-17 1.105280e+03
464000 1.341580e-21 -8.003442e-21 1.949904e-17 1.943405e+02
465000 2.729159e-22 -7.055131e-21 1.949912e-17 3.953443e+01
466000 5.944230e-22 -7.158486e-21 1.950016e-17 8.610776e+01
467000 3.778188e-21 -7.995871e-21 1.954172e-17 5.473061e+02
468000 6.998897e-22 -8.059170e-21 1.953703e-17 1.013856e+02
469000 5.070358e-21 -2.955228e-20 1.956443e-17 7.344890e+02
470000 1.233000e-21 -3.090919e-20 1.960637e-17 1.786116e+02
471000 1.197487e-21 -3.090251e-20 1.960605e-17 1.734672e+02
472000 1.899890e-21 -2.696907e-20 1.969528e-17 2.752169e+02
473000 1.032346e-22 -2.995578e-20 1.970461e-17 1.495450e+01
474000 1.152290e-21 -2.519777e-20 1.970047e-17 1.669200e+02
475000 3.941155e-24 -2.284797e-20 1.974631e-17 5.709134e-01
476000 2.680465e-21 -2.317820e-20 1.974608e-17 3.882905e+02
477000 2.509144e-21 -2.368626e-20 1.974871e-17 3.634731e+02
478000 3.995051e-22 -2.143074e-20 1.978668e-17 5.787207e+01
479000 1.806818e-22 -1.758682e-20 1.978211e-17 2.617346e+01
480000 2.286214e-21 -2.396556e-20 1.982753e-17 3.311796e+02
481000 4.249356e-21 -3.285112e-20 2.004834e-17 6.155592e+02
482000 8.756353e-22 -2.663138e-20 2.001360e-17 1.268440e+02
483000 4.730439e-22 -3.151788e-20 2.007298e-17 6.852486e+01
484000 4.413800e-21 -4.109179e-20 2.006994e-17 6.393804e+02
485000 5.892830e-22 -4.051434e-20 2.005234e-17 8.536318e+01
486000 4.637667e-21 -4.061271e-20 2.005572e-17 6.718097e+02
487000 1.858371e-21 -2.621007e-20 2.015104e-17 2.692025e+02
488000 1.844962e-22 -3.074350e-20 2.021750e-17 2.672601e+01
489000 1.902642e-23 -2.618127e-20 2.020831e-17 2.756156e+00
490000 5.066157e-22 -2.676642e-20 2.031017e-17 7.338805e+01
491000 5.952947e-22 -2.612512e-20 2.032221e-17 8.623404e+01
492000 8.370731e-22 -3.110663e-20 2.035393e-17 1.212579e+02
493000 2.849277e-23 -3.158378e-20 2.035193e-17 4.127445e+00
494000 2.052237e-21 -3.557370e-20 2.036167e-17 2.972858e+02
495000 5.837735e-21 -3.696755e-20 2.040334e-17 8.456509e+02
496000 3.198317e-22 -3.802281e-20 2.039489e-17 4.633064e+01
497000 1.205127e-21 -3.829084e-20 2.047945e-17 1.745740e+02
498000 1.088028e-21 -3.913305e-20 2.052817e-17 1.576112e+02
499000 2.105906e-21 -3.926194e-20 2.053562e-17 3.050604e+02
500000 8.454506e-22 -3.603469e-20 2.059517e-17 1.224715e+02
501000 3.832518e-22 -3.698558e-20 2.073628e-17 5.551763e+01
502000 4.654970e-21 -3.741554e-20 2.079152e-17 6.743162e+02
503000 7.951599e-22 -3.818408e-20 2.076973e-17 1.151864e+02
504000 2.074905e-20 -3.551732e-20 2.082532e-17 3.005696e+03
505000 2.674984e-21 -3.544831e-20 2.080789e-17 3.874966e+02
506000 2.415909e-21 -3.551029e-20 2.080696e-17 3.499671e+02
507000 2.596959e-24 -3.545298e-20 2.080511e-17 3.761939e-01
508000 2.052735e-23 -3.553337e-20 2.080475e-17 2.973580e+00
509000 3.098515e-23 -3.543260e-20 2.085348e-17 4.488490e+00
510000 3.914204e-21 -3.546985e-20 2.095762e-17 5.670093e+02
511000 5.967570e-23 -3.812764e-20 2.096949e-17 8.644587e+00
512000 3.724559e-21 -3.746271e-20 2.102811e-17 5.395374e+02
513000 6.827529e-22 -3.798578e-20 2.102906e-17 9.890318e+01
514000 6.966598e-23 -3.494748e-20 2.102904e-17 1.009177e+01
515000 3.491104e-22 -3.768724e-20 2.106107e-17 5.057193e+01
516000 1.459591e-21 -3.813910e-20 2.107046e-17 2.114355e+02
517000 2.303552e-21 -2.732458e-20 2.115996e-17 3.336912e+02
518000 2.127066e-21 -2.917637e-20 2.114961e-17 3.081255e+02
519000 3.123166e-21 -2.993888e-20 2.120915e-17 4.524199e+02
520000 9.657995e-21 -2.363324e-20 2.123896e-17 1.399051e+03
521000 3.755218e-21 -1.661126e-20 2.127897e-17 5.439787e+02
522000 1.065463e-22 -1.604602e-20 2.132174e-17 1.543423e+01
523000 1.754602e-21 -1.355369e-21 2.134017e-17 2.541706e+02
524000 1.212812e-20 -1.660607e-21 2.140856e-17 1.756872e+03
525000 2.094868e-22 -3.756792e-21 2.142321e-17 3.034613e+01
526000 2.856189e-23 -7.855892e-22 2.146432e-17 4.137458e+00
527000 2.277479e-21 -3.750508e-22 2.146372e-17 3.299143e+02
528000 1.768595e-21 -1.248775e-21 2.152858e-17 2.561976e+02
529000 3.155210e-22 -7.440670e-22 2.157296e-17 4.570619e+01
530000 4.757144e-22 -7.583191e-21 2.161143e-17 6.891171e+01
531000 7.113219e-22 -4.205420e-21 2.161024e-17 1.030417e+02
532000 1.934318e-21 -1.859011e-21 2.160260e-17 2.802042e+02
533000 7.430592e-23 -4.642461e-21 2.164968e-17 1.076391e+01
534000 5.018514e-21 -2.289195e-21 2.168397e-17 7.269790e+02
535000 2.239835e-21 -2.974586e-21 2.172853e-17 3.244612e+02
536000 1.496685e-22 -2.527555e-21 2.176590e-17 2.168088e+01
537000 1.520373e-21 -4.665510e-21 2.186153e-17 2.202403e+02
538000 4.378153e-22 -4.156271e-21 2.184972e-17 6.342167e+01
539000 1.014438e-21 -3.573396e-21 2.188545e-17 1.469509e+02
540000 3.931095e-21 -3.442640e-21 2.189578e-17 5.694561e+02
541000 1.963622e-20 -6.002685e-23 2.195000e-17 2.844491e+03
542000 1.427068e-22 -2.921250e-22 2.198215e-17 2.067242e+01
543000 1.451009e-21 -5.357524e-22 2.206440e-17 2.101923e+02
544000 2.155139e-22 -2.854826e-22 2.206746e-17 3.121921e+01
545000 2.215388e-21 -1.733597e-21 2.211157e-17 3.209198e+02
546000 1.491812e-21 -7.389971e-21 2.217514e-17 2.161029e+02
547000 5.032160e-21 -7.322283e-21 2.221841e-17 7.289558e+02
548000 4.799296e-23 -6.968594e-21 2.220411e-17 6.952232e+00
549000 9.992325e-24 -5.311871e-21 2.225845e-17 1.447482e+00
550000 3.345346e-21 -7.833323e-21 2.225873e-17 4.846049e+02
551000 3.611999e-21 -8.197987e-21 2.234580e-17 5.232321e+02
552000 2.509448e-21 -1.068625e-20 2.237272e-17 3.635171e+02
553000 1.975763e-21 -1.076244e-20 2.242966e-17 2.862079e+02
554000 2.423448e-24 -1.132654e-20 2.241883e-17 3.510592e-01
555000 7.040955e-22 -1.167775e-20 2.242481e-17 1.019949e+02
556000 2.710955e-22 -1.982661e-20 2.248641e-17 3.927074e+01
557000 3.069121e-21 -1.443681e-20 2.261908e-17 4.445911e+02
558000 1.609472e-20 -3.946852e-20 2.272878e-17 2.331471e+03
559000 1.750586e-20 -7.079162e-21 2.282646e-17 2.535888e+03
560000 3.373187e-22 -1.863320e-20 2.286173e-17 4.886378e+01
561000 4.571583e-22 -4.104984e-20 2.294893e-17 6.622369e+01
562000 1.312068e-20 -4.070975e-20 2.293210e-17 1.900654e+03
563000 1.015950e-21 -4.003860e-20 2.292187e-17 1.471699e+02
564000 1.823514e-21 1.340536e-20 2.297525e-17 2.641532e+02
565000 4.828919e-22 1.465367e-20 2.297538e-17 6.995144e+01
566000 1.836604e-21 1.662403e-20 2.302459e-17 2.660494e+02
567000 3.937758e-23 -1.452371e-20 2.310451e-17 5.704213e+00
568000 2.547111e-21 7.443624e-21 2.310686e-17 3.689730e+02
569000 3.144296e-23 4.880047e-21 2.310100e-17 4.554809e+00
570000 1.332852e-21 -1.176284e-20 2.314588e-17 1.930762e+02
571000 4.006746e-21 -1.257204e-20 2.323218e-17 5.804149e+02
572000 3.650390e-22 2.311481e-20 2.327709e-17 5.287934e+01
573000 9.982467e-24 3.754124e-20 2.331755e-17 1.446054e+00
574000 4.554149e-23 9.668851e-21 2.338378e-17 6.597113e+00
575000 6.703761e-24 4.160158e-20 2.340162e-17 9.711028e-01
576000 8.552594e-23 -8.032411e-23 2.342816e-17 1.238924e+01
577000 2.346762e-21 1.057604e-21 2.342776e-17 3.399505e+02
578000 5.792605e-22 -4.057705e-20 2.348351e-17 8.391134e+01
579000 1.180155e-21 -4.108516e-20 2.357670e-17 1.709565e+02
580000 2.488965e-23 -4.076841e-20 2.360381e-17 3.605500e+00
581000 8.202833e-22 -3.423724e-20 2.368025e-17 1.188258e+02
582000 7.618219e-22 -3.448633e-20 2.368763e-17 1.103571e+02
583000 1.241671e-21 -2.389189e-20 2.378233e-17 1.798677e+02
584000 8.790796e-21 -3.796027e-20 2.378868e-17 1.273430e+03
585000 1.946934e-21 -3.896626e-20 2.377524e-17 2.820317e+02
586000 1.738343e-21 -3.162014e-20 2.381558e-17 2.518153e+02
587000 1.583036e-23 -3.965718e-20 2.380191e-17 2.293176e+00
588000 1.556885e-21 -3.921458e-20 2.384514e-17 2.255294e+02
589000 8.980760e-21 -2.418493e-20 2.398701e-17 1.300948e+03
590000 1.368389e-22 -3.573799e-20 2.396475e-17 1.982240e+01
591000 9.456253e-22 -4.073240e-20 2.405194e-17 1.369827e+02
592000 1.417458e-22 -4.077942e-20 2.410255e-17 2.053321e+01
593000 9.324556e-21 -3.609628e-20 2.409158e-17 1.350750e+03
594000 6.152577e-21 -3.757916e-20 2.409497e-17 8.912587e+02
595000 9.723553e-23 -3.777163e-20 2.408885e-17 1.408548e+01
596000 1.522454e-21 -3.777199e-20 2.413027e-17 2.205418e+02
597000 8.142792e-21 -4.015625e-20 2.420139e-17 1.179560e+03
598000 4.147672e-21 -2.232011e-20 2.426235e-17 6.008293e+02
599000 1.748818e-21 -2.311101e-20 2.425772e-17 2.533328e+02
600000 3.407711e-22 -2.283763e-20 2.425473e-17 4.936390e+01
601000 4.205879e-21 -2.574326e-20 2.432073e-17 6.092612e+02
602000 3.684902e-21 -3.655808e-20 2.429809e-17 5.337927e+02
603000 3.531807e-21 -3.854906e-20 2.438236e-17 5.116155e+02
604000 2.401174e-23 -3.833859e-20 2.436866e-17 3.478327e+00
605000 7.339143e-21 -3.739943e-20 2.442337e-17 1.063144e+03
606000 1.725089e-21 -3.225214e-20 2.451241e-17 2.498954e+02
607000 3.441785e-21 -3.623249e-20 2.451885e-17 4.985749e+02
608000 1.225891e-20 -4.109988e-20 2.464016e-17 1.775819e+03
609000 5.613234e-21 1.077106e-20 2.462767e-17 8.131297e+02
610000 3.785635e-24 1.071554e-20 2.467452e-17 5.483848e-01
611000 1.609554e-22 2.067315e-20 2.467282e-17 2.331590e+01
612000 9.250501e-21 2.393744e-20 2.473356e-17 1.340022e+03
613000 2.608283e-21 2.247330e-20 2.472329e-17 3.778344e+02
614000 4.053496e-21 5.226688e-20 2.477632e-17 5.871871e+02
615000 5.100240e-21 3.058468e-20 2.477134e-17 7.388177e+02
616000 1.524652e-21 -4.075150e-20 2.478215e-17 2.208602e+02
617000 6.454469e-21 -4.102347e-20 2.478547e-17 9.349906e+02
618000 8.655341e-22 -3.845070e-20 2.490080e-17 1.253808e+02
619000 2.963270e-21 -3.855555e-20 2.490252e-17 4.292575e+02
620000 1.389296e-24 -3.766513e-20 2.494878e-17 2.012527e-01
621000 1.628523e-21 -3.602144e-20 2.503711e-17 2.359069e+02
622000 5.835377e-22 -3.831277e-20 2.507202e-17 8.453092e+01
623000 7.389408e-22 -3.860875e-20 2.507477e-17 1.070425e+02
624000 2.778479e-24 -3.844427e-20 2.511719e-17 4.024888e-01
625000 2.037697e-21 -2.528605e-20 2.514620e-17 2.951796e+02
626000 9.026037e-21 -4.057312e-20 2.517202e-17 1.307506e+03
627000 7.939617e-22 -4.108844e-20 2.519086e-17 1.150128e+02
628000 2.677172e-22 -4.064676e-20 2.518924e-17 3.878135e+01
629000 1.826088e-22 -2.287118e-20 2.527163e-17 2.645260e+01
630000 4.040071e-23 -3.114779e-20 2.532093e-17 5.852423e+00
631000 4.261296e-23 -3.020378e-20 2.530875e-17 6.172888e+00
632000 3.060040e-22 -2.396658e-20 2.535559e-17 4.432756e+01
633000 5.258244e-21 2.486331e-20 2.538251e-17 7.617061e+02
634000 6.139643e-21 7.658599e-21 2.541545e-17 8.893851e+02
635000 1.368652e-22 -3.609313e-20 2.547950e-17 1.982621e+01
636000 8.253150e-22 -4.034806e-20 2.550701e-17 1.195546e+02
637000 1.651286e-21 -4.072917e-20 2.550808e-17 2.392043e+02
638000 1.349132e-21 -4.025874e-20 2.555058e-17 1.954345e+02
639000 8.574633e-21 -3.973247e-20 2.555955e-17 1.242116e+03
640000 5.786438e-22 -3.831365e-20 2.560195e-17 8.382200e+01
641000 2.607871e-22 -3.827800e-20 2.564277e-17 3.777746e+01
642000 4.500039e-22 -3.781316e-20 2.568649e-17 6.518729e+01
643000 6.039136e-21 1.223839e-20 2.576511e-17 8.748257e+02
644000 5.429226e-21 1.155857e-20 2.575993e-17 7.864745e+02
645000 3.386537e-21 -9.067478e-23 2.575260e-17 4.905718e+02
646000 6.582777e-22 -9.879473e-22 2.588123e-17 9.535772e+01
647000 3.476789e-22 1.806209e-20 2.593724e-17 5.036456e+01
648000 1.892388e-23 4.465604e-20 2.601099e-17 2.741301e+00
649000 2.297687e-23 4.326559e-20 2.605885e-17 3.328416e+00
650000 7.287950e-21 6.232222e-20 2.606961e-17 1.055728e+03
651000 1.872052e-22 5.512205e-20 2.609535e-17 2.711843e+01
652000 8.921492e-23 5.748783e-20 2.609758e-17 1.292362e+01
653000 2.629116e-21 -4.894531e-21 2.621692e-17 3.808522e+02
654000 1.332057e-22 -1.013259e-20 2.626509e-17 1.929610e+01
655000 1.778984e-21 2.538608e-21 2.629401e-17 2.577025e+02
656000 1.471285e-20 2.094138e-21 2.634762e-17 2.131295e+03
657000 8.516053e-25 -2.896322e-20 2.634571e-17 1.233630e-01
658000 5.796286e-21 -3.320278e-20 2.640216e-17 8.396466e+02
659000 7.108017e-21 -3.742035e-20 2.650149e-17 1.029663e+03
660000 1.632702e-21 -2.477533e-20 2.645569e-17 2.365123e+02
661000 5.225327e-21 -2.531975e-20 2.652428e-17 7.569378e+02
662000 1.795739e-21 -2.833623e-20 2.655616e-17 2.601297e+02
663000 2.222873e-21 -3.652766e-20 2.659758e-17 3.220041e+02
664000 1.803936e-22 -4.103059e-20 2.662223e-17 2.613171e+01
665000 4.777800e-21 -4.063352e-20 2.668618e-17 6.921093e+02
666000 2.518858e-22 -3.806276e-20 2.674488e-17 3.648802e+01
667000 7.774399e-22 -3.801790e-20 2.674502e-17 1.126195e+02
668000 1.090780e-20 -3.827511e-20 2.680184e-17 1.580097e+03
669000 1.122730e-21 -2.723321e-20 2.686091e-17 1.626379e+02
670000 4.566330e-22 -2.752642e-20 2.685942e-17 6.614758e+01
671000 3.342334e-22 -3.912591e-20 2.692668e-17 4.841686e+01
672000 2.295141e-21 -4.004444e-20 2.691283e-17 3.324728e+02
673000 5.309134e-22 -3.577122e-20 2.699188e-17 7.690781e+01
674000 3.588351e-21 -3.592150e-20 2.699406e-17 5.198065e+02
675000 7.407778e-21 -3.649544e-20 2.700444e-17 1.073086e+03
676000 6.592702e-22 -3.659401e-20 2.699476e-17 9.550149e+01
677000 4.476092e-21 -3.833941e-20 2.705286e-17 6.484040e+02
678000 1.466455e-22 -2.821462e-20 2.702875e-17 2.124298e+01
679000 3.561887e-22 -3.609038e-20 2.712012e-17 5.159728e+01
680000 2.263238e-21 -3.148557e-20 2.710997e-17 3.278513e+02
681000 5.711474e-22 -3.258970e-20 2.709767e-17 8.273607e+01
682000 4.653791e-21 -3.255436e-20 2.714172e-17 6.741454e+02
683000 2.844857e-21 -3.238402e-20 2.718069e-17 4.121043e+02
684000 1.390727e-22 -3.318348e-20 2.730856e-17 2.014599e+01
685000 5.751881e-22 -3.287478e-20 2.730050e-17 8.332141e+01
686000 6.801905e-22 -3.383893e-20 2.734437e-17 9.853199e+01
687000 6.858868e-23 -3.291722e-20 2.738094e-17 9.935715e+00
688000 1.508455e-20 -2.992258e-20 2.749261e-17 2.185139e+03
689000 3.858699e-23 -3.026421e-20 2.747714e-17 5.589688e+00
690000 7.639201e-22 -1.982530e-20 2.749072e-17 1.106610e+02
691000 1.845500e-21 -1.909597e-20 2.754742e-17 2.673380e+02
692000 1.669564e-22 -1.779915e-20 2.753835e-17 2.418520e+01
693000 1.462114e-21 -2.044351e-20 2.758528e-17 2.118010e+02
694000 2.807034e-22 -1.494966e-20 2.767202e-17 4.066253e+01
695000 2.064489e-22 -2.023467e-20 2.774527e-17 2.990607e+01
696000 8.806876e-21 -2.018327e-20 2.775483e-17 1.275759e+03
697000 3.635546e-23 -1.098505e-21 2.778471e-17 5.266431e+00
698000 2.226273e-20 -1.693936e-20 2.797814e-17 3.224967e+03
699000 7.725214e-21 -1.750911e-20 2.795352e-17 1.119070e+03
700000 5.672339e-22 -1.378602e-20 2.800488e-17 8.216916e+01
701000 9.151812e-21 -8.918202e-21 2.804338e-17 1.325726e+03
702000 5.631104e-22 -8.176465e-21 2.807485e-17 8.157184e+01
703000 1.699470e-22 -1.856629e-20 2.815395e-17 2.461842e+01
704000 3.228022e-24 -1.849334e-20 2.815659e-17 4.676093e-01
705000 4.434361e-21 -2.816088e-20 2.820036e-17 6.423590e+02
706000 1.247415e-23 -3.013970e-20 2.833730e-17 1.806999e+00
707000 8.617095e-21 -2.608995e-20 2.837491e-17 1.248267e+03
708000 3.847727e-22 -2.221329e-22 2.842750e-17 5.573794e+01
709000 8.462294e-22 -7.503389e-23 2.845638e-17 1.225843e+02
710000 6.507773e-21 -5.391440e-22 2.856458e-17 9.427122e+02
711000 2.558637e-21 -1.046096e-22 2.871174e-17 3.706427e+02
712000 4.028756e-22 -8.942678e-23 2.870610e-17 5.836033e+01
713000 1.771383e-21 -1.228546e-22 2.871780e-17 2.566014e+02
714000 1.056435e-22 -2.248761e-22 2.876695e-17 1.530345e+01
715000 1.205303e-21 -4.868989e-24 2.875711e-17 1.745994e+02
716000 1.689888e-20 -2.516680e-23 2.881885e-17 2.447962e+03
717000 6.687219e-21 -1.511952e-20 2.889400e-17 9.687065e+02
718000 9.689484e-22 -7.987005e-21 2.894095e-17 1.403613e+02
719000 8.313970e-22 -6.769995e-21 2.906948e-17 1.204357e+02
720000 2.031653e-21 -8.364662e-21 2.914443e-17 2.943041e+02
721000 2.478465e-22 -1.805515e-21 2.923154e-17 3.590290e+01
722000 7.382627e-22 -1.218546e-21 2.922348e-17 1.069443e+02
723000 5.960379e-21 -2.309563e-21 2.932664e-17 8.634170e+02
724000 5.127940e-23 -4.475400e-23 2.936293e-17 7.428304e+00
725000 2.711385e-22 -8.603726e-23 2.936584e-17 3.927696e+01
726000 1.791900e-21 -1.473465e-23 2.936608e-17 2.595736e+02
727000 3.557619e-22 -1.834324e-21 2.939253e-17 5.153546e+01
728000 4.453426e-22 -3.355674e-22 2.942429e-17 6.451207e+01
729000 4.912162e-23 -1.220270e-21 2.951669e-17 7.115729e+00
730000 8.028527e-22 -3.535058e-21 2.960616e-17 1.163008e+02
731000 4.115805e-23 -3.331895e-22 2.967503e-17 5.962131e+00
732000 3.637017e-22 -7.866613e-23 2.972598e-17 5.268562e+01
733000 1.890381e-21 -5.429796e-23 2.972603e-17 2.738395e+02
734000 6.061990e-21 -1.998614e-23 2.972896e-17 8.781364e+02
735000 1.812409e-21 -1.176479e-22 2.972664e-17 2.625444e+02
736000 3.461422e-21 -1.021616e-22 2.972858e-17 5.014195e+02
737000 3.661008e-21 -1.199090e-24 2.977443e-17 5.303314e+02
738000 5.244513e-21 -1.201936e-21 2.980132e-17 7.597171e+02
739000 1.518943e-22 -1.230888e-21 2.979752e-17 2.200331e+01
740000 2.090249e-22 -9.587041e-22 2.984363e-17 3.027923e+01
741000 5.755072e-24 -1.501106e-21 2.984961e-17 8.336764e-01
742000 3.779113e-21 -1.335474e-22 2.992912e-17 5.474400e+02
743000 2.070561e-21 -1.128889e-21 3.001592e-17 2.999402e+02
744000 2.940076e-22 -1.139608e-22 3.000575e-17 4.258977e+01
745000 3.726208e-22 -4.106623e-24 3.005015e-17 5.397763e+01
746000 1.289154e-22 -4.141154e-22 3.013012e-17 1.867460e+01
747000 2.729061e-24 -1.088491e-21 3.014309e-17 3.953302e-01
748000 1.669627e-22 -7.671024e-22 3.013131e-17 2.418612e+01
749000 6.021446e-22 -2.275173e-21 3.020436e-17 8.722631e+01
750000 6.920281e-23 -2.329408e-21 3.020120e-17 1.002468e+01
751000 3.252947e-21 -3.767729e-21 3.038585e-17 4.712199e+02
752000 4.946873e-21 -9.944358e-21 3.037804e-17 7.166012e+02
753000 6.642436e-21 -9.966248e-21 3.038044e-17 9.622194e+02
754000 2.975099e-21 -9.844904e-21 3.037546e-17 4.309710e+02
755000 2.615340e-21 -9.726938e-21 3.043000e-17 3.788566e+02
756000 1.596447e-25 -1.040721e-20 3.052342e-17 2.312604e-02
757000 6.632662e-21 -1.037439e-20 3.057070e-17 9.608036e+02
758000 2.223844e-21 -1.053238e-20 3.056334e-17 3.221448e+02
759000 1.165998e-21 -1.804496e-20 3.063150e-17 1.689058e+02
760000 3.731685e-21 -1.411977e-20 3.066481e-17 5.405697e+02
761000 2.079320e-21 -1.440853e-20 3.072374e-17 3.012090e+02
762000 2.031374e-21 -1.573430e-20 3.072389e-17 2.942637e+02
763000 1.186493e-22 -3.789855e-20 3.077197e-17 1.718747e+01
764000 2.923019e-22 -4.100820e-20 3.077710e-17 4.234268e+01
765000 7.724015e-24 -4.109715e-20 3.083183e-17 1.118896e+00
766000 3.153034e-23 -4.106420e-20 3.097127e-17 4.567467e+00
767000 1.238470e-22 -4.018733e-20 3.100922e-17 1.794041e+01
768000 9.602001e-22 -4.103122e-20 3.105255e-17 1.390940e+02
769000 3.400934e-21 -4.045541e-20 3.105664e-17 4.926573e+02
770000 2.489537e-22 -4.103055e-20 3.112094e-17 3.606329e+01
771000 1.483636e-21 -4.088714e-20 3.111974e-17 2.149186e+02
772000 1.462118e-20 -4.097764e-20 3.126652e-17 2.118015e+03
773000 4.613664e-21 -3.530916e-20 3.132814e-17 6.683327e+02
774000 5.227256e-21 -7.819570e-21 3.138216e-17 7.572172e+02
775000 7.404949e-21 -3.375324e-20 3.142991e-17 1.072677e+03
776000 2.404068e-21 -4.052929e-20 3.143365e-17 3.482519e+02
777000 4.001382e-22 -4.109816e-20 3.145243e-17 5.796378e+01
778000 1.146378e-21 -4.105765e-20 3.153386e-17 1.660637e+02
779000 1.368503e-20 -4.103347e-20 3.159219e-17 1.982405e+03
780000 7.948041e-22 -3.006779e-20 3.156211e-17 1.151349e+02
781000 1.956937e-20 -2.935193e-20 3.168066e-17 2.834808e+03
782000 1.674080e-22 -1.765727e-20 3.168289e-17 2.425063e+01
783000 9.355113e-24 -4.061949e-20 3.172248e-17 1.355176e+00
784000 5.838696e-21 -3.510942e-20 3.177625e-17 8.457900e+02
785000 9.159435e-21 -4.054081e-20 3.184004e-17 1.326830e+03
786000 4.022921e-21 -4.107078e-20 3.185603e-17 5.827580e+02
787000 3.827811e-22 -4.105570e-20 3.185382e-17 5.544945e+01
788000 7.464548e-21 -3.622965e-20 3.198506e-17 1.081310e+03
789000 8.867917e-24 -3.295623e-20 3.206477e-17 1.284601e+00
790000 3.777073e-21 -3.882418e-20 3.213389e-17 5.471446e+02
791000 2.126046e-21 -2.666933e-20 3.215822e-17 3.079778e+02
792000 3.191895e-21 -2.563604e-20 3.220000e-17 4.623760e+02
793000 5.175852e-21 -2.607784e-20 3.228403e-17 7.497709e+02
794000 9.968831e-23 -2.734451e-20 3.237484e-17 1.444079e+01
795000 2.134133e-21 -2.525753e-20 3.237294e-17 3.091493e+02
796000 4.306704e-21 -1.245300e-20 3.237344e-17 6.238666e+02
797000 2.219704e-21 -1.639812e-20 3.248950e-17 3.215450e+02
798000 1.062284e-21 -1.704256e-20 3.248840e-17 1.538818e+02
799000 5.118950e-25 -1.669576e-20 3.248850e-17 7.415281e-02
800000 6.617161e-22 -1.869854e-20 3.252798e-17 9.585580e+01
801000 1.861192e-21 -3.221253e-20 3.261221e-17 2.696112e+02
802000 3.339030e-24 -3.490486e-20 3.268869e-17 4.836899e-01
803000 4.470860e-21 -4.013688e-20 3.275819e-17 6.476461e+02
804000 5.802724e-23 -3.853892e-20 3.282294e-17 8.405791e+00
805000 5.766828e-22 -3.649393e-20 3.284263e-17 8.353793e+01
806000 1.677250e-21 -4.026062e-20 3.289495e-17 2.429655e+02
807000 5.866758e-23 -3.649095e-20 3.306133e-17 8.498551e+00
808000 2.199975e-20 -3.958221e-20 3.319801e-17 3.186871e+03
809000 4.181910e-23 -8.265695e-21 3.323384e-17 6.057890e+00
810000 4.695262e-22 -1.771737e-20 3.333553e-17 6.801528e+01
811000 3.781991e-22 -1.800437e-20 3.333111e-17 5.478570e+01
812000 4.044830e-21 -1.335130e-20 3.336961e-17 5.859318e+02
813000 1.169774e-20 -9.948196e-21 3.345924e-17 1.694527e+03
814000 1.774544e-22 -1.263365e-20 3.344845e-17 2.570595e+01
815000 9.747208e-21 -9.918616e-21 3.349603e-17 1.411975e+03
816000 1.156054e-20 -5.680187e-21 3.352230e-17 1.674653e+03
817000 8.938600e-22 -6.526225e-21 3.359800e-17 1.294840e+02
818000 5.603349e-21 -7.494380e-21 3.366608e-17 8.116978e+02
819000 7.616957e-22 -7.913835e-21 3.365216e-17 1.103388e+02
820000 7.870594e-22 -5.624236e-21 3.369103e-17 1.140130e+02
821000 1.956582e-20 -1.004489e-20 3.377079e-17 2.834294e+03
822000 2.997416e-22 -9.284417e-21 3.384541e-17 4.342040e+01
823000 9.437643e-21 -1.022778e-20 3.386140e-17 1.367131e+03
824000 3.240851e-21 -1.109684e-20 3.390192e-17 4.694678e+02
825000 6.658498e-23 -1.409790e-20 3.395715e-17 9.645461e+00
826000 2.647798e-22 -1.109146e-20 3.394082e-17 3.835585e+01
827000 5.437665e-21 -1.574949e-20 3.401388e-17 7.876969e+02
828000 7.437564e-21 -3.256509e-21 3.399996e-17 1.077401e+03
829000 2.241900e-22 -1.918807e-21 3.405746e-17 3.247604e+01
830000 1.546825e-23 -2.375002e-21 3.410823e-17 2.240722e+00
831000 3.049228e-22 -2.008860e-21 3.415532e-17 4.417093e+01
832000 9.359451e-22 -1.924624e-21 3.415613e-17 1.355804e+02
833000 1.652344e-24 -1.802517e-21 3.416035e-17 2.393576e-01
834000 3.616717e-21 -1.539257e-21 3.416339e-17 5.239155e+02
835000 4.677361e-21 -1.863888e-21 3.416200e-17 6.775598e+02
836000 1.046245e-20 -1.904495e-21 3.420634e-17 1.515584e+03
837000 1.530572e-22 -1.985844e-21 3.419489e-17 2.217178e+01
838000 1.228190e-21 -1.315460e-21 3.428916e-17 1.779148e+02
839000 4.546632e-24 -7.379031e-22 3.427160e-17 6.586225e-01
840000 7.621696e-22 -2.180897e-21 3.429961e-17 1.104074e+02
841000 2.151123e-21 -2.467366e-21 3.428933e-17 3.116104e+02
842000 5.385080e-21 -4.352249e-22 3.433502e-17 7.800795e+02
843000 1.360275e-20 -7.000675e-22 3.437110e-17 1.970486e+03
844000 5.598892e-22 -1.909345e-21 3.440291e-17 8.110522e+01
845000 2.819489e-22 -1.358917e-21 3.445115e-17 4.084295e+01
846000 1.479721e-22 -1.074506e-20 3.451507e-17 2.143515e+01
847000 3.534560e-22 -1.058156e-20 3.451825e-17 5.120143e+01
848000 3.473901e-23 -8.174196e-21 3.457420e-17 5.032272e+00
849000 3.955265e-22 -9.917107e-21 3.460990e-17 5.729573e+01
850000 1.242515e-21 -1.341461e-20 3.464970e-17 1.799900e+02
851000 9.627509e-22 -1.511661e-20 3.469207e-17 1.394635e+02
852000 3.621041e-21 -1.303333e-20 3.481362e-17 5.245419e+02
853000 2.435209e-21 -4.487237e-21 3.486932e-17 3.527629e+02
854000 4.876886e-22 -1.076017e-20 3.497888e-17 7.064629e+01
855000 1.246256e-22 -7.644155e-21 3.504484e-17 1.805319e+01
856000 9.834839e-21 -7.116823e-21 3.514376e-17 1.424669e+03
857000 3.909301e-22 -5.930062e-21 3.524400e-17 5.662991e+01
858000 2.031707e-21 -6.325825e-21 3.529870e-17 2.943119e+02
859000 2.326503e-21 -6.139950e-21 3.529008e-17 3.370159e+02
860000 1.399839e-24 -3.764915e-21 3.534092e-17 2.027798e-01
861000 6.440238e-22 -9.504044e-22 3.536101e-17 9.329291e+01
862000 3.705841e-22 -9.763764e-22 3.540396e-17 5.368260e+01
863000 1.025613e-21 -5.567342e-22 3.550336e-17 1.485697e+02
864000 1.945600e-21 -1.462783e-20 3.561903e-17 2.818385e+02
865000 9.908234e-22 -1.393776e-20 3.566043e-17 1.435301e+02
866000 4.835013e-22 -1.256468e-20 3.570452e-17 7.003972e+01
867000 2.676579e-23 -1.385781e-20 3.574050e-17 3.877277e+00
868000 1.603749e-21 -1.274887e-20 3.578281e-17 2.323182e+02
869000 1.018570e-23 -6.944836e-21 3.582861e-17 1.475495e+00
870000 6.173678e-23 -7.755448e-21 3.585620e-17 8.943154e+00
871000 3.081183e-21 -8.405390e-21 3.586438e-17 4.463384e+02
872000 1.005642e-20 -1.020519e-20 3.590909e-17 1.456767e+03
873000 1.500015e-21 -1.034055e-20 3.590369e-17 2.172913e+02
874000 4.509349e-20 -3.134842e-21 3.599875e-17 6.532216e+03
875000 1.230899e-22 -4.173559e-21 3.593819e-17 1.783073e+01
876000 2.573099e-23 -4.244477e-21 3.598020e-17 3.727377e+00
877000 2.954856e-21 -1.531852e-20 3.605472e-17 4.280386e+02
878000 5.737725e-23 -2.220503e-20 3.607031e-17 8.311635e+00
879000 4.830876e-21 -2.583659e-20 3.613895e-17 6.997978e+02
