FX FY FZ 
-3.012639e-11 0.000000e+00 0.000000e+00
4.501479e-10 0.000000e+00 0.000000e+00
-1.261082e-10 0.000000e+00 0.000000e+00
2.781944e-10 0.000000e+00 0.000000e+00
7.129999e-11 0.000000e+00 0.000000e+00
3.804616e-10 0.000000e+00 0.000000e+00
5.032917e-10 0.000000e+00 0.000000e+00
5.178379e-10 0.000000e+00 0.000000e+00
6.285501e-10 0.000000e+00 0.000000e+00
5.398639e-10 0.000000e+00 0.000000e+00
4.912593e-10 0.000000e+00 0.000000e+00
4.891481e-10 0.000000e+00 0.000000e+00
4.081370e-10 0.000000e+00 0.000000e+00
4.318881e-10 0.000000e+00 0.000000e+00
6.358742e-11 0.000000e+00 0.000000e+00
-2.241581e-10 0.000000e+00 0.000000e+00
-7.209778e-12 0.000000e+00 0.000000e+00
1.691996e-10 0.000000e+00 0.000000e+00
6.562723e-12 0.000000e+00 0.000000e+00
-1.507908e-11 0.000000e+00 0.000000e+00
3.113786e-10 0.000000e+00 0.000000e+00
3.147604e-10 0.000000e+00 0.000000e+00
3.035708e-10 0.000000e+00 0.000000e+00
3.455826e-10 0.000000e+00 0.000000e+00
3.004676e-10 0.000000e+00 0.000000e+00
3.147678e-10 0.000000e+00 0.000000e+00
4.653052e-10 0.000000e+00 0.000000e+00
4.689971e-10 0.000000e+00 0.000000e+00
5.818469e-10 0.000000e+00 0.000000e+00
6.201711e-10 0.000000e+00 0.000000e+00
5.356378e-10 0.000000e+00 0.000000e+00
5.586914e-10 0.000000e+00 0.000000e+00
5.807267e-10 0.000000e+00 0.000000e+00
5.907226e-10 0.000000e+00 0.000000e+00
6.271982e-10 0.000000e+00 0.000000e+00
6.306200e-10 0.000000e+00 0.000000e+00
5.442461e-10 0.000000e+00 0.000000e+00
6.268735e-10 0.000000e+00 0.000000e+00
5.791138e-10 0.000000e+00 0.000000e+00
5.286089e-10 0.000000e+00 0.000000e+00
6.327634e-10 0.000000e+00 0.000000e+00
6.310489e-10 0.000000e+00 0.000000e+00
6.210358e-10 0.000000e+00 0.000000e+00
6.156551e-10 0.000000e+00 0.000000e+00
6.324937e-10 0.000000e+00 0.000000e+00
5.657051e-10 0.000000e+00 0.000000e+00
6.317899e-10 0.000000e+00 0.000000e+00
6.105578e-10 0.000000e+00 0.000000e+00
6.327126e-10 0.000000e+00 0.000000e+00
6.094977e-10 0.000000e+00 0.000000e+00
5.939003e-10 0.000000e+00 0.000000e+00
6.007231e-10 0.000000e+00 0.000000e+00
6.281103e-10 0.000000e+00 0.000000e+00
6.326618e-10 0.000000e+00 0.000000e+00
6.304655e-10 0.000000e+00 0.000000e+00
6.324412e-10 0.000000e+00 0.000000e+00
6.310368e-10 0.000000e+00 0.000000e+00
6.319126e-10 0.000000e+00 0.000000e+00
6.317790e-10 0.000000e+00 0.000000e+00
6.316877e-10 0.000000e+00 0.000000e+00
6.322459e-10 0.000000e+00 0.000000e+00
6.309908e-10 0.000000e+00 0.000000e+00
6.306878e-10 0.000000e+00 0.000000e+00
6.326365e-10 0.000000e+00 0.000000e+00
6.321312e-10 0.000000e+00 0.000000e+00
6.308270e-10 0.000000e+00 0.000000e+00
6.327036e-10 0.000000e+00 0.000000e+00
6.326757e-10 0.000000e+00 0.000000e+00
6.323002e-10 0.000000e+00 0.000000e+00
6.298835e-10 0.000000e+00 0.000000e+00
6.315445e-10 0.000000e+00 0.000000e+00
6.306275e-10 0.000000e+00 0.000000e+00
6.309600e-10 0.000000e+00 0.000000e+00
1.013437e-12 0.000000e+00 0.000000e+00
6.201331e-10 0.000000e+00 0.000000e+00
4.021896e-10 0.000000e+00 0.000000e+00
6.175925e-10 0.000000e+00 0.000000e+00
5.794692e-10 0.000000e+00 0.000000e+00
5.071326e-10 0.000000e+00 0.000000e+00
-1.905760e-10 0.000000e+00 0.000000e+00
2.021251e-10 0.000000e+00 0.000000e+00
4.622384e-10 0.000000e+00 0.000000e+00
7.937517e-10 0.000000e+00 0.000000e+00
3.338076e-10 0.000000e+00 0.000000e+00
-1.838832e-10 0.000000e+00 0.000000e+00
5.526920e-10 0.000000e+00 0.000000e+00
7.571418e-10 0.000000e+00 0.000000e+00
-2.010831e-10 0.000000e+00 0.000000e+00
2.437591e-10 0.000000e+00 0.000000e+00
-8.301405e-11 0.000000e+00 0.000000e+00
-3.329422e-10 0.000000e+00 0.000000e+00
-5.986797e-10 0.000000e+00 0.000000e+00
-5.138218e-10 0.000000e+00 0.000000e+00
-6.118469e-10 0.000000e+00 0.000000e+00
-5.760313e-10 0.000000e+00 0.000000e+00
-5.298923e-10 0.000000e+00 0.000000e+00
-5.365099e-10 0.000000e+00 0.000000e+00
-5.589599e-10 0.000000e+00 0.000000e+00
-4.624203e-10 0.000000e+00 0.000000e+00
-5.776906e-10 0.000000e+00 0.000000e+00
-5.767663e-10 0.000000e+00 0.000000e+00
-5.637286e-10 0.000000e+00 0.000000e+00
-6.072654e-10 0.000000e+00 0.000000e+00
-5.639878e-10 0.000000e+00 0.000000e+00
-5.671522e-10 0.000000e+00 0.000000e+00
-5.996766e-10 0.000000e+00 0.000000e+00
-5.824469e-10 0.000000e+00 0.000000e+00
-5.836097e-10 0.000000e+00 0.000000e+00
-6.251470e-10 0.000000e+00 0.000000e+00
-5.729354e-10 0.000000e+00 0.000000e+00
-5.574178e-10 0.000000e+00 0.000000e+00
-6.045912e-10 0.000000e+00 0.000000e+00
-5.759355e-10 0.000000e+00 0.000000e+00
-5.917108e-10 0.000000e+00 0.000000e+00
-4.893294e-10 0.000000e+00 0.000000e+00
-6.191806e-10 0.000000e+00 0.000000e+00
-5.831819e-10 0.000000e+00 0.000000e+00
-4.017061e-10 0.000000e+00 0.000000e+00
-6.019321e-10 0.000000e+00 0.000000e+00
-6.228662e-10 0.000000e+00 0.000000e+00
-6.073754e-10 0.000000e+00 0.000000e+00
-6.286285e-10 0.000000e+00 0.000000e+00
-5.957249e-10 0.000000e+00 0.000000e+00
-6.320521e-10 0.000000e+00 0.000000e+00
-6.292654e-10 0.000000e+00 0.000000e+00
-6.285919e-10 0.000000e+00 0.000000e+00
-6.198464e-10 0.000000e+00 0.000000e+00
-6.245986e-10 0.000000e+00 0.000000e+00
-6.278096e-10 0.000000e+00 0.000000e+00
-6.223917e-10 0.000000e+00 0.000000e+00
-5.669456e-10 0.000000e+00 0.000000e+00
-6.238649e-10 0.000000e+00 0.000000e+00
5.567699e-10 0.000000e+00 0.000000e+00
-5.835758e-10 0.000000e+00 0.000000e+00
-6.257160e-10 0.000000e+00 0.000000e+00
-6.301716e-10 0.000000e+00 0.000000e+00
-6.196692e-10 0.000000e+00 0.000000e+00
-6.180512e-10 0.000000e+00 0.000000e+00
-6.313783e-10 0.000000e+00 0.000000e+00
-6.265605e-10 0.000000e+00 0.000000e+00
-6.281824e-10 0.000000e+00 0.000000e+00
-6.299621e-10 0.000000e+00 0.000000e+00
-6.275551e-10 0.000000e+00 0.000000e+00
-6.287217e-10 0.000000e+00 0.000000e+00
-6.313000e-10 0.000000e+00 0.000000e+00
-6.289902e-10 0.000000e+00 0.000000e+00
-6.051850e-10 0.000000e+00 0.000000e+00
-6.082258e-10 0.000000e+00 0.000000e+00
-6.053352e-10 0.000000e+00 0.000000e+00
-6.053019e-10 0.000000e+00 0.000000e+00
-6.057898e-10 0.000000e+00 0.000000e+00
-6.059219e-10 0.000000e+00 0.000000e+00
-6.032871e-10 0.000000e+00 0.000000e+00
-6.039900e-10 0.000000e+00 0.000000e+00
-5.046828e-10 0.000000e+00 0.000000e+00
-5.193284e-10 0.000000e+00 0.000000e+00
-5.073544e-10 0.000000e+00 0.000000e+00
-5.087827e-10 0.000000e+00 0.000000e+00
-2.178101e-10 0.000000e+00 0.000000e+00
-3.134724e-10 0.000000e+00 0.000000e+00
-2.942174e-10 0.000000e+00 0.000000e+00
-2.202859e-10 0.000000e+00 0.000000e+00
3.287255e-10 0.000000e+00 0.000000e+00
5.662744e-10 0.000000e+00 0.000000e+00
5.878053e-10 0.000000e+00 0.000000e+00
-7.371719e-11 0.000000e+00 0.000000e+00
2.237526e-10 0.000000e+00 0.000000e+00
-5.732998e-11 0.000000e+00 0.000000e+00
6.528424e-10 0.000000e+00 0.000000e+00
4.329433e-10 0.000000e+00 0.000000e+00
1.501119e-10 0.000000e+00 0.000000e+00
-1.039994e-10 0.000000e+00 0.000000e+00
3.881482e-11 0.000000e+00 0.000000e+00
5.998745e-10 0.000000e+00 0.000000e+00
7.844468e-10 0.000000e+00 0.000000e+00
1.214758e-09 0.000000e+00 0.000000e+00
1.377254e-09 0.000000e+00 0.000000e+00
9.906598e-10 0.000000e+00 0.000000e+00
8.295083e-10 0.000000e+00 0.000000e+00
1.340518e-09 0.000000e+00 0.000000e+00
1.363649e-09 0.000000e+00 0.000000e+00
1.365390e-09 0.000000e+00 0.000000e+00
1.767600e-09 0.000000e+00 0.000000e+00
1.394017e-09 0.000000e+00 0.000000e+00
1.506623e-09 0.000000e+00 0.000000e+00
1.510763e-09 0.000000e+00 0.000000e+00
1.412919e-09 0.000000e+00 0.000000e+00
1.491531e-09 0.000000e+00 0.000000e+00
1.458689e-09 0.000000e+00 0.000000e+00
1.387993e-09 0.000000e+00 0.000000e+00
2.680800e-09 0.000000e+00 0.000000e+00
2.482334e-09 0.000000e+00 0.000000e+00
2.696538e-09 0.000000e+00 0.000000e+00
2.225431e-09 0.000000e+00 0.000000e+00
2.409600e-09 0.000000e+00 0.000000e+00
2.402830e-09 0.000000e+00 0.000000e+00
2.441490e-09 0.000000e+00 0.000000e+00
2.518567e-09 0.000000e+00 0.000000e+00
2.663491e-09 0.000000e+00 0.000000e+00
2.573200e-09 0.000000e+00 0.000000e+00
2.619303e-09 0.000000e+00 0.000000e+00
6.499981e-10 0.000000e+00 0.000000e+00
6.751340e-10 0.000000e+00 0.000000e+00
-4.576737e-11 0.000000e+00 0.000000e+00
-1.380594e-11 0.000000e+00 0.000000e+00
1.794232e-10 0.000000e+00 0.000000e+00
2.579220e-10 0.000000e+00 0.000000e+00
2.771080e-10 0.000000e+00 0.000000e+00
1.586257e-10 0.000000e+00 0.000000e+00
-9.027481e-11 0.000000e+00 0.000000e+00
2.252974e-10 0.000000e+00 0.000000e+00
1.521486e-10 0.000000e+00 0.000000e+00
2.959375e-11 0.000000e+00 0.000000e+00
1.000325e-11 0.000000e+00 0.000000e+00
8.323309e-11 0.000000e+00 0.000000e+00
2.451670e-10 0.000000e+00 0.000000e+00
4.475799e-11 0.000000e+00 0.000000e+00
2.469876e-10 0.000000e+00 0.000000e+00
1.854410e-10 0.000000e+00 0.000000e+00
1.957090e-11 0.000000e+00 0.000000e+00
2.044440e-10 0.000000e+00 0.000000e+00
2.511556e-10 0.000000e+00 0.000000e+00
2.597396e-10 0.000000e+00 0.000000e+00
1.009442e-11 0.000000e+00 0.000000e+00
1.290125e-10 0.000000e+00 0.000000e+00
1.065508e-10 0.000000e+00 0.000000e+00
1.203813e-10 0.000000e+00 0.000000e+00
1.055307e-11 0.000000e+00 0.000000e+00
4.914607e-11 0.000000e+00 0.000000e+00
9.085163e-11 0.000000e+00 0.000000e+00
5.812278e-11 0.000000e+00 0.000000e+00
1.356027e-11 0.000000e+00 0.000000e+00
8.495575e-11 0.000000e+00 0.000000e+00
4.437148e-11 0.000000e+00 0.000000e+00
3.053068e-11 0.000000e+00 0.000000e+00
3.450562e-11 0.000000e+00 0.000000e+00
7.517544e-11 0.000000e+00 0.000000e+00
1.252308e-10 0.000000e+00 0.000000e+00
4.353762e-10 0.000000e+00 0.000000e+00
5.042124e-10 0.000000e+00 0.000000e+00
5.370294e-10 0.000000e+00 0.000000e+00
5.199967e-10 0.000000e+00 0.000000e+00
4.850039e-10 0.000000e+00 0.000000e+00
5.187957e-10 0.000000e+00 0.000000e+00
6.173663e-10 0.000000e+00 0.000000e+00
5.366312e-10 0.000000e+00 0.000000e+00
5.410382e-10 0.000000e+00 0.000000e+00
5.327939e-10 0.000000e+00 0.000000e+00
5.287094e-10 0.000000e+00 0.000000e+00
1.100632e-09 0.000000e+00 0.000000e+00
9.460043e-10 0.000000e+00 0.000000e+00
8.894658e-10 0.000000e+00 0.000000e+00
9.387636e-10 0.000000e+00 0.000000e+00
1.138717e-09 0.000000e+00 0.000000e+00
1.058711e-09 0.000000e+00 0.000000e+00
1.040388e-10 0.000000e+00 0.000000e+00
1.277674e-10 0.000000e+00 0.000000e+00
1.248000e-10 0.000000e+00 0.000000e+00
1.336481e-10 0.000000e+00 0.000000e+00
3.821552e-12 0.000000e+00 0.000000e+00
3.356481e-11 0.000000e+00 0.000000e+00
2.510663e-11 0.000000e+00 0.000000e+00
4.385791e-11 0.000000e+00 0.000000e+00
1.038915e-10 0.000000e+00 0.000000e+00
-8.909655e-11 0.000000e+00 0.000000e+00
-2.102177e-10 0.000000e+00 0.000000e+00
-2.058290e-10 0.000000e+00 0.000000e+00
-2.220928e-10 0.000000e+00 0.000000e+00
-1.993500e-10 0.000000e+00 0.000000e+00
-2.291622e-10 0.000000e+00 0.000000e+00
-2.169151e-10 0.000000e+00 0.000000e+00
-1.875106e-10 0.000000e+00 0.000000e+00
-2.128772e-10 0.000000e+00 0.000000e+00
-1.276308e-10 0.000000e+00 0.000000e+00
-3.333499e-10 0.000000e+00 0.000000e+00
-3.062266e-10 0.000000e+00 0.000000e+00
-3.344531e-10 0.000000e+00 0.000000e+00
-3.379898e-10 0.000000e+00 0.000000e+00
-3.139676e-10 0.000000e+00 0.000000e+00
-3.340565e-10 0.000000e+00 0.000000e+00
-3.474737e-10 0.000000e+00 0.000000e+00
-3.142509e-10 0.000000e+00 0.000000e+00
-3.259613e-10 0.000000e+00 0.000000e+00
-3.268034e-10 0.000000e+00 0.000000e+00
-3.343795e-10 0.000000e+00 0.000000e+00
-3.469865e-10 0.000000e+00 0.000000e+00
-5.669844e-10 0.000000e+00 0.000000e+00
-5.684027e-10 0.000000e+00 0.000000e+00
-5.624112e-10 0.000000e+00 0.000000e+00
-5.592859e-10 0.000000e+00 0.000000e+00
-5.620218e-10 0.000000e+00 0.000000e+00
-5.657511e-10 0.000000e+00 0.000000e+00
-3.555005e-10 0.000000e+00 0.000000e+00
-6.288383e-10 0.000000e+00 0.000000e+00
-6.287785e-10 0.000000e+00 0.000000e+00
-6.290714e-10 0.000000e+00 0.000000e+00
-6.293280e-10 0.000000e+00 0.000000e+00
-6.290961e-10 0.000000e+00 0.000000e+00
-6.279351e-10 0.000000e+00 0.000000e+00
-6.293110e-10 0.000000e+00 0.000000e+00
4.768514e-11 0.000000e+00 0.000000e+00
6.066448e-10 0.000000e+00 0.000000e+00
5.413044e-10 0.000000e+00 0.000000e+00
5.779853e-10 0.000000e+00 0.000000e+00
5.856057e-10 0.000000e+00 0.000000e+00
6.089466e-10 0.000000e+00 0.000000e+00
6.146524e-10 0.000000e+00 0.000000e+00
6.096773e-10 0.000000e+00 0.000000e+00
5.866598e-10 0.000000e+00 0.000000e+00
6.059936e-10 0.000000e+00 0.000000e+00
6.144075e-10 0.000000e+00 0.000000e+00
6.060005e-10 0.000000e+00 0.000000e+00
6.041637e-10 0.000000e+00 0.000000e+00
6.115743e-10 0.000000e+00 0.000000e+00
-9.246847e-10 0.000000e+00 0.000000e+00
-3.939447e-10 0.000000e+00 0.000000e+00
-8.205232e-10 0.000000e+00 0.000000e+00
-4.582283e-10 0.000000e+00 0.000000e+00
-1.325714e-10 0.000000e+00 0.000000e+00
-2.020557e-10 0.000000e+00 0.000000e+00
-5.379585e-10 0.000000e+00 0.000000e+00
-8.145117e-10 0.000000e+00 0.000000e+00
-9.145027e-10 0.000000e+00 0.000000e+00
-8.138439e-10 0.000000e+00 0.000000e+00
-1.008745e-09 0.000000e+00 0.000000e+00
-1.118440e-09 0.000000e+00 0.000000e+00
-1.053919e-09 0.000000e+00 0.000000e+00
-5.363072e-10 0.000000e+00 0.000000e+00
-5.263092e-10 0.000000e+00 0.000000e+00
-5.661644e-10 0.000000e+00 0.000000e+00
-4.745048e-10 0.000000e+00 0.000000e+00
-4.821997e-10 0.000000e+00 0.000000e+00
-4.685812e-10 0.000000e+00 0.000000e+00
-5.384736e-10 0.000000e+00 0.000000e+00
1.728203e-10 0.000000e+00 0.000000e+00
1.592251e-10 0.000000e+00 0.000000e+00
3.978220e-11 0.000000e+00 0.000000e+00
4.171442e-11 0.000000e+00 0.000000e+00
1.315255e-10 0.000000e+00 0.000000e+00
3.601954e-11 0.000000e+00 0.000000e+00
1.556735e-10 0.000000e+00 0.000000e+00
1.015466e-10 0.000000e+00 0.000000e+00
7.177363e-11 0.000000e+00 0.000000e+00
3.246654e-11 0.000000e+00 0.000000e+00
1.486332e-10 0.000000e+00 0.000000e+00
1.680777e-10 0.000000e+00 0.000000e+00
1.347940e-10 0.000000e+00 0.000000e+00
1.226895e-10 0.000000e+00 0.000000e+00
1.066133e-10 0.000000e+00 0.000000e+00
1.684085e-10 0.000000e+00 0.000000e+00
3.520302e-10 0.000000e+00 0.000000e+00
3.898032e-10 0.000000e+00 0.000000e+00
4.279524e-10 0.000000e+00 0.000000e+00
-1.375923e-09 0.000000e+00 0.000000e+00
-1.009284e-09 0.000000e+00 0.000000e+00
-1.081283e-09 0.000000e+00 0.000000e+00
-1.141835e-09 0.000000e+00 0.000000e+00
-9.637797e-10 0.000000e+00 0.000000e+00
-1.268320e-09 0.000000e+00 0.000000e+00
-9.761579e-10 0.000000e+00 0.000000e+00
-1.484850e-09 0.000000e+00 0.000000e+00
-1.516982e-09 0.000000e+00 0.000000e+00
-1.754801e-09 0.000000e+00 0.000000e+00
-1.616153e-09 0.000000e+00 0.000000e+00
-1.693804e-09 0.000000e+00 0.000000e+00
-1.825620e-09 0.000000e+00 0.000000e+00
-1.945214e-09 0.000000e+00 0.000000e+00
-1.732151e-09 0.000000e+00 0.000000e+00
-1.025119e-09 0.000000e+00 0.000000e+00
-1.066589e-09 0.000000e+00 0.000000e+00
-8.021093e-10 0.000000e+00 0.000000e+00
-7.927116e-10 0.000000e+00 0.000000e+00
-1.352130e-09 0.000000e+00 0.000000e+00
-1.278070e-09 0.000000e+00 0.000000e+00
-1.338761e-09 0.000000e+00 0.000000e+00
-1.331662e-09 0.000000e+00 0.000000e+00
-1.286003e-09 0.000000e+00 0.000000e+00
-1.291731e-09 0.000000e+00 0.000000e+00
-1.037651e-09 0.000000e+00 0.000000e+00
-1.003518e-09 0.000000e+00 0.000000e+00
-9.952890e-10 0.000000e+00 0.000000e+00
-2.451964e-13 0.000000e+00 0.000000e+00
1.283244e-12 0.000000e+00 0.000000e+00
1.486771e-11 0.000000e+00 0.000000e+00
4.302097e-12 0.000000e+00 0.000000e+00
-5.235483e-12 0.000000e+00 0.000000e+00
5.854091e-12 0.000000e+00 0.000000e+00
3.459176e-14 0.000000e+00 0.000000e+00
-9.991287e-11 0.000000e+00 0.000000e+00
-1.349593e-10 0.000000e+00 0.000000e+00
-7.520487e-11 0.000000e+00 0.000000e+00
-9.271567e-11 0.000000e+00 0.000000e+00
-8.468595e-11 0.000000e+00 0.000000e+00
-7.739052e-11 0.000000e+00 0.000000e+00
-6.065451e-11 0.000000e+00 0.000000e+00
-7.554224e-11 0.000000e+00 0.000000e+00
-4.573785e-10 0.000000e+00 0.000000e+00
-4.426506e-10 0.000000e+00 0.000000e+00
-7.222964e-11 0.000000e+00 0.000000e+00
-1.622627e-10 0.000000e+00 0.000000e+00
-4.976476e-10 0.000000e+00 0.000000e+00
-2.723744e-10 0.000000e+00 0.000000e+00
-2.773068e-10 0.000000e+00 0.000000e+00
-2.822709e-10 0.000000e+00 0.000000e+00
-2.811779e-10 0.000000e+00 0.000000e+00
-3.074093e-10 0.000000e+00 0.000000e+00
-2.947004e-10 0.000000e+00 0.000000e+00
-2.866339e-10 0.000000e+00 0.000000e+00
-2.855810e-10 0.000000e+00 0.000000e+00
-2.839500e-10 0.000000e+00 0.000000e+00
-3.025746e-10 0.000000e+00 0.000000e+00
-2.855667e-10 0.000000e+00 0.000000e+00
-2.812151e-10 0.000000e+00 0.000000e+00
-2.673562e-10 0.000000e+00 0.000000e+00
1.572116e-10 0.000000e+00 0.000000e+00
1.445146e-10 0.000000e+00 0.000000e+00
1.706315e-10 0.000000e+00 0.000000e+00
1.505446e-10 0.000000e+00 0.000000e+00
1.787303e-10 0.000000e+00 0.000000e+00
-2.111918e-09 0.000000e+00 0.000000e+00
-2.212605e-09 0.000000e+00 0.000000e+00
-2.055536e-09 0.000000e+00 0.000000e+00
-2.397975e-09 0.000000e+00 0.000000e+00
-2.063032e-09 0.000000e+00 0.000000e+00
-1.995160e-09 0.000000e+00 0.000000e+00
-2.466806e-09 0.000000e+00 0.000000e+00
-2.022131e-09 0.000000e+00 0.000000e+00
-2.002605e-09 0.000000e+00 0.000000e+00
-2.246757e-09 0.000000e+00 0.000000e+00
-2.109331e-09 0.000000e+00 0.000000e+00
-2.056491e-09 0.000000e+00 0.000000e+00
-2.090123e-09 0.000000e+00 0.000000e+00
-2.214637e-09 0.000000e+00 0.000000e+00
-2.486331e-09 0.000000e+00 0.000000e+00
-2.395589e-09 0.000000e+00 0.000000e+00
-9.821945e-10 0.000000e+00 0.000000e+00
-9.881316e-10 0.000000e+00 0.000000e+00
-9.563193e-10 0.000000e+00 0.000000e+00
-9.786953e-10 0.000000e+00 0.000000e+00
-9.317846e-10 0.000000e+00 0.000000e+00
-9.627547e-10 0.000000e+00 0.000000e+00
-9.505490e-10 0.000000e+00 0.000000e+00
-5.765875e-11 0.000000e+00 0.000000e+00
-1.125499e-09 0.000000e+00 0.000000e+00
-2.241933e-09 0.000000e+00 0.000000e+00
-2.134617e-09 0.000000e+00 0.000000e+00
-2.157605e-09 0.000000e+00 0.000000e+00
-3.230457e-09 0.000000e+00 0.000000e+00
-3.168214e-09 0.000000e+00 0.000000e+00
-2.909789e-09 0.000000e+00 0.000000e+00
-6.156116e-10 0.000000e+00 0.000000e+00
-6.025443e-10 0.000000e+00 0.000000e+00
-5.973788e-10 0.000000e+00 0.000000e+00
-5.424206e-10 0.000000e+00 0.000000e+00
-5.753910e-10 0.000000e+00 0.000000e+00
-5.829979e-10 0.000000e+00 0.000000e+00
-5.051586e-10 0.000000e+00 0.000000e+00
-5.901357e-10 0.000000e+00 0.000000e+00
-5.743127e-10 0.000000e+00 0.000000e+00
-5.902176e-10 0.000000e+00 0.000000e+00
-5.304674e-10 0.000000e+00 0.000000e+00
-5.581622e-10 0.000000e+00 0.000000e+00
-5.469258e-10 0.000000e+00 0.000000e+00
-5.602646e-10 0.000000e+00 0.000000e+00
-6.047507e-10 0.000000e+00 0.000000e+00
-5.151077e-10 0.000000e+00 0.000000e+00
-5.917515e-10 0.000000e+00 0.000000e+00
-5.746076e-10 0.000000e+00 0.000000e+00
-5.612042e-10 0.000000e+00 0.000000e+00
-5.677544e-10 0.000000e+00 0.000000e+00
-6.072616e-10 0.000000e+00 0.000000e+00
-5.909807e-10 0.000000e+00 0.000000e+00
-5.381073e-10 0.000000e+00 0.000000e+00
-5.935311e-10 0.000000e+00 0.000000e+00
-5.987614e-10 0.000000e+00 0.000000e+00
-6.027976e-10 0.000000e+00 0.000000e+00
-5.175001e-10 0.000000e+00 0.000000e+00
-5.535262e-10 0.000000e+00 0.000000e+00
-5.039910e-10 0.000000e+00 0.000000e+00
-4.792338e-10 0.000000e+00 0.000000e+00
-4.652922e-10 0.000000e+00 0.000000e+00
-4.725084e-10 0.000000e+00 0.000000e+00
-4.676783e-10 0.000000e+00 0.000000e+00
-4.518316e-10 0.000000e+00 0.000000e+00
-4.858677e-10 0.000000e+00 0.000000e+00
-4.721125e-10 0.000000e+00 0.000000e+00
-4.684374e-10 0.000000e+00 0.000000e+00
-4.719457e-10 0.000000e+00 0.000000e+00
-4.822199e-10 0.000000e+00 0.000000e+00
-4.614896e-10 0.000000e+00 0.000000e+00
-4.636419e-10 0.000000e+00 0.000000e+00
-4.812577e-10 0.000000e+00 0.000000e+00
-4.859775e-10 0.000000e+00 0.000000e+00
-4.796969e-10 0.000000e+00 0.000000e+00
3.965535e-10 0.000000e+00 0.000000e+00
1.263698e-10 0.000000e+00 0.000000e+00
-3.359923e-10 0.000000e+00 0.000000e+00
-3.582112e-10 0.000000e+00 0.000000e+00
5.261085e-10 0.000000e+00 0.000000e+00
2.344971e-10 0.000000e+00 0.000000e+00
-4.052731e-10 0.000000e+00 0.000000e+00
4.400136e-10 0.000000e+00 0.000000e+00
5.151894e-10 0.000000e+00 0.000000e+00
5.141908e-10 0.000000e+00 0.000000e+00
4.787283e-10 0.000000e+00 0.000000e+00
3.900476e-10 0.000000e+00 0.000000e+00
4.841905e-10 0.000000e+00 0.000000e+00
3.098155e-10 0.000000e+00 0.000000e+00
5.049886e-10 0.000000e+00 0.000000e+00
-3.529991e-10 0.000000e+00 0.000000e+00
4.263688e-10 0.000000e+00 0.000000e+00
4.507703e-10 0.000000e+00 0.000000e+00
4.536992e-10 0.000000e+00 0.000000e+00
6.318382e-10 0.000000e+00 0.000000e+00
6.258534e-10 0.000000e+00 0.000000e+00
6.190232e-10 0.000000e+00 0.000000e+00
6.242505e-10 0.000000e+00 0.000000e+00
6.169352e-10 0.000000e+00 0.000000e+00
6.209268e-10 0.000000e+00 0.000000e+00
6.178590e-10 0.000000e+00 0.000000e+00
6.176157e-10 0.000000e+00 0.000000e+00
6.163801e-10 0.000000e+00 0.000000e+00
6.190340e-10 0.000000e+00 0.000000e+00
6.241397e-10 0.000000e+00 0.000000e+00
6.234848e-10 0.000000e+00 0.000000e+00
6.232365e-10 0.000000e+00 0.000000e+00
6.231474e-10 0.000000e+00 0.000000e+00
6.202187e-10 0.000000e+00 0.000000e+00
6.219435e-10 0.000000e+00 0.000000e+00
6.188302e-10 0.000000e+00 0.000000e+00
6.167323e-10 0.000000e+00 0.000000e+00
6.206250e-10 0.000000e+00 0.000000e+00
6.178706e-10 0.000000e+00 0.000000e+00
6.044790e-10 0.000000e+00 0.000000e+00
6.200038e-10 0.000000e+00 0.000000e+00
6.170754e-10 0.000000e+00 0.000000e+00
6.168380e-10 0.000000e+00 0.000000e+00
6.185441e-10 0.000000e+00 0.000000e+00
6.190390e-10 0.000000e+00 0.000000e+00
6.196480e-10 0.000000e+00 0.000000e+00
6.165388e-10 0.000000e+00 0.000000e+00
6.159905e-10 0.000000e+00 0.000000e+00
6.210084e-10 0.000000e+00 0.000000e+00
6.195203e-10 0.000000e+00 0.000000e+00
-3.104860e-10 0.000000e+00 0.000000e+00
-3.535516e-10 0.000000e+00 0.000000e+00
2.992722e-10 0.000000e+00 0.000000e+00
3.851158e-10 0.000000e+00 0.000000e+00
3.125819e-10 0.000000e+00 0.000000e+00
3.679990e-10 0.000000e+00 0.000000e+00
3.258329e-10 0.000000e+00 0.000000e+00
3.570860e-10 0.000000e+00 0.000000e+00
3.486986e-10 0.000000e+00 0.000000e+00
3.433736e-10 0.000000e+00 0.000000e+00
3.535175e-10 0.000000e+00 0.000000e+00
3.259826e-10 0.000000e+00 0.000000e+00
4.469223e-10 0.000000e+00 0.000000e+00
4.658727e-10 0.000000e+00 0.000000e+00
4.988897e-10 0.000000e+00 0.000000e+00
4.688911e-10 0.000000e+00 0.000000e+00
4.929169e-10 0.000000e+00 0.000000e+00
4.770475e-10 0.000000e+00 0.000000e+00
4.823077e-10 0.000000e+00 0.000000e+00
4.335102e-10 0.000000e+00 0.000000e+00
4.593826e-10 0.000000e+00 0.000000e+00
5.040689e-10 0.000000e+00 0.000000e+00
4.684574e-10 0.000000e+00 0.000000e+00
4.305098e-10 0.000000e+00 0.000000e+00
4.782926e-10 0.000000e+00 0.000000e+00
4.194086e-10 0.000000e+00 0.000000e+00
4.450884e-10 0.000000e+00 0.000000e+00
4.405944e-10 0.000000e+00 0.000000e+00
4.562082e-10 0.000000e+00 0.000000e+00
4.534498e-10 0.000000e+00 0.000000e+00
4.739830e-10 0.000000e+00 0.000000e+00
4.369824e-10 0.000000e+00 0.000000e+00
4.580021e-10 0.000000e+00 0.000000e+00
4.521437e-10 0.000000e+00 0.000000e+00
4.688688e-10 0.000000e+00 0.000000e+00
4.641507e-10 0.000000e+00 0.000000e+00
5.858463e-10 0.000000e+00 0.000000e+00
6.301462e-10 0.000000e+00 0.000000e+00
5.840860e-10 0.000000e+00 0.000000e+00
5.800279e-10 0.000000e+00 0.000000e+00
5.805373e-10 0.000000e+00 0.000000e+00
5.778912e-10 0.000000e+00 0.000000e+00
5.575306e-10 0.000000e+00 0.000000e+00
2.201103e-10 0.000000e+00 0.000000e+00
2.194942e-10 0.000000e+00 0.000000e+00
6.056197e-10 0.000000e+00 0.000000e+00
6.048628e-10 0.000000e+00 0.000000e+00
6.032477e-10 0.000000e+00 0.000000e+00
6.058034e-10 0.000000e+00 0.000000e+00
6.036225e-10 0.000000e+00 0.000000e+00
6.078917e-10 0.000000e+00 0.000000e+00
6.086753e-10 0.000000e+00 0.000000e+00
6.057112e-10 0.000000e+00 0.000000e+00
6.088065e-10 0.000000e+00 0.000000e+00
6.064727e-10 0.000000e+00 0.000000e+00
6.028937e-10 0.000000e+00 0.000000e+00
6.036379e-10 0.000000e+00 0.000000e+00
6.021151e-10 0.000000e+00 0.000000e+00
6.050888e-10 0.000000e+00 0.000000e+00
6.160632e-10 0.000000e+00 0.000000e+00
6.167375e-10 0.000000e+00 0.000000e+00
6.169301e-10 0.000000e+00 0.000000e+00
6.136204e-10 0.000000e+00 0.000000e+00
6.166686e-10 0.000000e+00 0.000000e+00
6.315146e-10 0.000000e+00 0.000000e+00
6.316692e-10 0.000000e+00 0.000000e+00
6.019405e-10 0.000000e+00 0.000000e+00
3.499155e-09 0.000000e+00 0.000000e+00
3.246525e-09 0.000000e+00 0.000000e+00
2.993366e-09 0.000000e+00 0.000000e+00
8.623729e-10 0.000000e+00 0.000000e+00
7.866594e-10 0.000000e+00 0.000000e+00
8.122974e-10 0.000000e+00 0.000000e+00
8.138292e-10 0.000000e+00 0.000000e+00
8.316185e-10 0.000000e+00 0.000000e+00
1.108498e-09 0.000000e+00 0.000000e+00
1.153851e-09 0.000000e+00 0.000000e+00
1.111784e-09 0.000000e+00 0.000000e+00
1.134390e-09 0.000000e+00 0.000000e+00
1.079728e-09 0.000000e+00 0.000000e+00
1.108600e-09 0.000000e+00 0.000000e+00
1.148719e-09 0.000000e+00 0.000000e+00
1.071765e-09 0.000000e+00 0.000000e+00
1.109082e-09 0.000000e+00 0.000000e+00
1.060941e-09 0.000000e+00 0.000000e+00
1.460659e-09 0.000000e+00 0.000000e+00
1.481626e-09 0.000000e+00 0.000000e+00
1.427698e-09 0.000000e+00 0.000000e+00
1.452242e-09 0.000000e+00 0.000000e+00
1.564315e-09 0.000000e+00 0.000000e+00
1.402066e-09 0.000000e+00 0.000000e+00
1.415449e-09 0.000000e+00 0.000000e+00
1.103578e-09 0.000000e+00 0.000000e+00
1.665240e-09 0.000000e+00 0.000000e+00
1.811072e-09 0.000000e+00 0.000000e+00
1.762537e-09 0.000000e+00 0.000000e+00
1.745343e-09 0.000000e+00 0.000000e+00
2.195399e-09 0.000000e+00 0.000000e+00
2.175459e-09 0.000000e+00 0.000000e+00
2.149842e-09 0.000000e+00 0.000000e+00
2.195736e-09 0.000000e+00 0.000000e+00
2.190321e-09 0.000000e+00 0.000000e+00
2.167020e-09 0.000000e+00 0.000000e+00
2.174794e-09 0.000000e+00 0.000000e+00
2.186217e-09 0.000000e+00 0.000000e+00
1.238966e-11 0.000000e+00 0.000000e+00
-1.263033e-13 0.000000e+00 0.000000e+00
2.074344e-11 0.000000e+00 0.000000e+00
-5.204311e-12 0.000000e+00 0.000000e+00
2.392738e-13 0.000000e+00 0.000000e+00
-1.118630e-11 0.000000e+00 0.000000e+00
5.229162e-12 0.000000e+00 0.000000e+00
3.448852e-12 0.000000e+00 0.000000e+00
-1.037408e-12 0.000000e+00 0.000000e+00
1.656091e-09 0.000000e+00 0.000000e+00
1.686217e-09 0.000000e+00 0.000000e+00
1.716236e-09 0.000000e+00 0.000000e+00
1.692038e-09 0.000000e+00 0.000000e+00
1.713044e-09 0.000000e+00 0.000000e+00
1.696264e-09 0.000000e+00 0.000000e+00
1.178512e-09 0.000000e+00 0.000000e+00
3.414104e-09 0.000000e+00 0.000000e+00
-1.813554e-10 0.000000e+00 0.000000e+00
-1.831499e-10 0.000000e+00 0.000000e+00
-6.273896e-10 0.000000e+00 0.000000e+00
6.050252e-10 0.000000e+00 0.000000e+00
5.241846e-10 0.000000e+00 0.000000e+00
5.254196e-10 0.000000e+00 0.000000e+00
5.242482e-10 0.000000e+00 0.000000e+00
5.231511e-10 0.000000e+00 0.000000e+00
5.268101e-10 0.000000e+00 0.000000e+00
1.771189e-10 0.000000e+00 0.000000e+00
2.243645e-10 0.000000e+00 0.000000e+00
3.120421e-10 0.000000e+00 0.000000e+00
3.047022e-10 0.000000e+00 0.000000e+00
3.010472e-10 0.000000e+00 0.000000e+00
3.014940e-10 0.000000e+00 0.000000e+00
2.970577e-10 0.000000e+00 0.000000e+00
3.015251e-10 0.000000e+00 0.000000e+00
2.992906e-10 0.000000e+00 0.000000e+00
3.005664e-10 0.000000e+00 0.000000e+00
2.987168e-10 0.000000e+00 0.000000e+00
4.651049e-10 0.000000e+00 0.000000e+00
6.171095e-10 0.000000e+00 0.000000e+00
6.274136e-10 0.000000e+00 0.000000e+00
2.954102e-10 0.000000e+00 0.000000e+00
2.411506e-10 0.000000e+00 0.000000e+00
2.600822e-10 0.000000e+00 0.000000e+00
2.522925e-10 0.000000e+00 0.000000e+00
2.848714e-10 0.000000e+00 0.000000e+00
2.853497e-10 0.000000e+00 0.000000e+00
2.918583e-10 0.000000e+00 0.000000e+00
2.830510e-10 0.000000e+00 0.000000e+00
2.725977e-10 0.000000e+00 0.000000e+00
2.578957e-10 0.000000e+00 0.000000e+00
2.739150e-10 0.000000e+00 0.000000e+00
4.112406e-10 0.000000e+00 0.000000e+00
-2.678231e-10 0.000000e+00 0.000000e+00
-2.502495e-10 0.000000e+00 0.000000e+00
-4.130094e-10 0.000000e+00 0.000000e+00
-4.170981e-10 0.000000e+00 0.000000e+00
-4.227249e-10 0.000000e+00 0.000000e+00
-4.111511e-10 0.000000e+00 0.000000e+00
-4.222461e-10 0.000000e+00 0.000000e+00
-4.291601e-10 0.000000e+00 0.000000e+00
-4.065735e-10 0.000000e+00 0.000000e+00
-4.529232e-10 0.000000e+00 0.000000e+00
-5.816841e-10 0.000000e+00 0.000000e+00
-5.591112e-10 0.000000e+00 0.000000e+00
-5.873209e-10 0.000000e+00 0.000000e+00
-5.892632e-10 0.000000e+00 0.000000e+00
-5.688379e-10 0.000000e+00 0.000000e+00
-5.846378e-10 0.000000e+00 0.000000e+00
-6.266669e-10 0.000000e+00 0.000000e+00
-6.248666e-10 0.000000e+00 0.000000e+00
-6.229519e-10 0.000000e+00 0.000000e+00
-4.204522e-10 0.000000e+00 0.000000e+00
-4.228254e-10 0.000000e+00 0.000000e+00
-4.259994e-10 0.000000e+00 0.000000e+00
-4.287829e-10 0.000000e+00 0.000000e+00
-5.371816e-10 0.000000e+00 0.000000e+00
-5.697075e-10 0.000000e+00 0.000000e+00
-5.752163e-10 0.000000e+00 0.000000e+00
-5.746469e-10 0.000000e+00 0.000000e+00
-5.738800e-10 0.000000e+00 0.000000e+00
-5.755471e-10 0.000000e+00 0.000000e+00
-5.731736e-10 0.000000e+00 0.000000e+00
-5.755656e-10 0.000000e+00 0.000000e+00
-5.739331e-10 0.000000e+00 0.000000e+00
-5.744235e-10 0.000000e+00 0.000000e+00
-5.772160e-10 0.000000e+00 0.000000e+00
-5.733569e-10 0.000000e+00 0.000000e+00
-5.534571e-10 0.000000e+00 0.000000e+00
-5.503736e-10 0.000000e+00 0.000000e+00
-6.323378e-10 0.000000e+00 0.000000e+00
-6.325308e-10 0.000000e+00 0.000000e+00
-6.324786e-10 0.000000e+00 0.000000e+00
-6.326419e-10 0.000000e+00 0.000000e+00
-6.327063e-10 0.000000e+00 0.000000e+00
-6.325170e-10 0.000000e+00 0.000000e+00
-6.322414e-10 0.000000e+00 0.000000e+00
-6.325480e-10 0.000000e+00 0.000000e+00
-6.327467e-10 0.000000e+00 0.000000e+00
-6.320291e-10 0.000000e+00 0.000000e+00
4.985675e-10 0.000000e+00 0.000000e+00
4.461168e-10 0.000000e+00 0.000000e+00
4.574588e-10 0.000000e+00 0.000000e+00
4.574787e-10 0.000000e+00 0.000000e+00
4.453794e-10 0.000000e+00 0.000000e+00
4.342034e-10 0.000000e+00 0.000000e+00
4.680122e-10 0.000000e+00 0.000000e+00
4.490592e-10 0.000000e+00 0.000000e+00
4.453697e-10 0.000000e+00 0.000000e+00
4.338484e-10 0.000000e+00 0.000000e+00
4.618579e-10 0.000000e+00 0.000000e+00
4.692456e-10 0.000000e+00 0.000000e+00
4.684156e-10 0.000000e+00 0.000000e+00
4.709054e-10 0.000000e+00 0.000000e+00
4.690658e-10 0.000000e+00 0.000000e+00
2.701790e-10 0.000000e+00 0.000000e+00
-1.944371e-10 0.000000e+00 0.000000e+00
-2.921974e-10 0.000000e+00 0.000000e+00
-3.166667e-10 0.000000e+00 0.000000e+00
-3.045190e-10 0.000000e+00 0.000000e+00
-3.115017e-10 0.000000e+00 0.000000e+00
-3.025564e-10 0.000000e+00 0.000000e+00
-3.129254e-10 0.000000e+00 0.000000e+00
-3.134099e-10 0.000000e+00 0.000000e+00
-3.080949e-10 0.000000e+00 0.000000e+00
-3.082147e-10 0.000000e+00 0.000000e+00
-3.047786e-10 0.000000e+00 0.000000e+00
-3.037028e-10 0.000000e+00 0.000000e+00
-2.486156e-10 0.000000e+00 0.000000e+00
-2.459956e-10 0.000000e+00 0.000000e+00
-2.517575e-10 0.000000e+00 0.000000e+00
1.248970e-10 0.000000e+00 0.000000e+00
-1.121958e-10 0.000000e+00 0.000000e+00
6.082298e-11 0.000000e+00 0.000000e+00
5.185193e-11 0.000000e+00 0.000000e+00
-1.538586e-10 0.000000e+00 0.000000e+00
-1.644226e-10 0.000000e+00 0.000000e+00
-1.921232e-10 0.000000e+00 0.000000e+00
1.461842e-10 0.000000e+00 0.000000e+00
1.845652e-10 0.000000e+00 0.000000e+00
8.600262e-12 0.000000e+00 0.000000e+00
3.528414e-10 0.000000e+00 0.000000e+00
3.693440e-10 0.000000e+00 0.000000e+00
3.571814e-10 0.000000e+00 0.000000e+00
3.645088e-10 0.000000e+00 0.000000e+00
3.524192e-10 0.000000e+00 0.000000e+00
3.604819e-10 0.000000e+00 0.000000e+00
3.633803e-10 0.000000e+00 0.000000e+00
3.517975e-10 0.000000e+00 0.000000e+00
3.592428e-10 0.000000e+00 0.000000e+00
3.116549e-10 0.000000e+00 0.000000e+00
4.322735e-10 0.000000e+00 0.000000e+00
4.311275e-10 0.000000e+00 0.000000e+00
4.286302e-10 0.000000e+00 0.000000e+00
4.304014e-10 0.000000e+00 0.000000e+00
4.304148e-10 0.000000e+00 0.000000e+00
-1.753925e-10 0.000000e+00 0.000000e+00
-1.512651e-10 0.000000e+00 0.000000e+00
-1.600531e-10 0.000000e+00 0.000000e+00
-1.497116e-10 0.000000e+00 0.000000e+00
-1.927172e-10 0.000000e+00 0.000000e+00
-1.799557e-10 0.000000e+00 0.000000e+00
6.422069e-11 0.000000e+00 0.000000e+00
3.294566e-11 0.000000e+00 0.000000e+00
2.731456e-11 0.000000e+00 0.000000e+00
-6.134363e-11 0.000000e+00 0.000000e+00
-4.709174e-12 0.000000e+00 0.000000e+00
2.346724e-11 0.000000e+00 0.000000e+00
4.832295e-12 0.000000e+00 0.000000e+00
4.646268e-11 0.000000e+00 0.000000e+00
-6.160313e-10 0.000000e+00 0.000000e+00
-6.055391e-10 0.000000e+00 0.000000e+00
-6.184277e-10 0.000000e+00 0.000000e+00
-5.527822e-10 0.000000e+00 0.000000e+00
-5.815195e-10 0.000000e+00 0.000000e+00
-5.533403e-10 0.000000e+00 0.000000e+00
-5.793715e-10 0.000000e+00 0.000000e+00
-1.944630e-10 0.000000e+00 0.000000e+00
3.692877e-11 0.000000e+00 0.000000e+00
-3.791978e-11 0.000000e+00 0.000000e+00
4.308791e-11 0.000000e+00 0.000000e+00
-2.004099e-11 0.000000e+00 0.000000e+00
-1.303143e-11 0.000000e+00 0.000000e+00
4.242552e-11 0.000000e+00 0.000000e+00
3.088025e-12 0.000000e+00 0.000000e+00
4.358145e-11 0.000000e+00 0.000000e+00
3.931392e-10 0.000000e+00 0.000000e+00
3.944763e-10 0.000000e+00 0.000000e+00
3.711489e-10 0.000000e+00 0.000000e+00
3.679725e-10 0.000000e+00 0.000000e+00
3.691096e-10 0.000000e+00 0.000000e+00
3.714713e-10 0.000000e+00 0.000000e+00
3.661512e-10 0.000000e+00 0.000000e+00
3.705337e-10 0.000000e+00 0.000000e+00
3.642486e-10 0.000000e+00 0.000000e+00
-1.475390e-09 0.000000e+00 0.000000e+00
-5.228820e-10 0.000000e+00 0.000000e+00
-5.215461e-10 0.000000e+00 0.000000e+00
-5.240977e-10 0.000000e+00 0.000000e+00
-5.210710e-10 0.000000e+00 0.000000e+00
-5.193745e-10 0.000000e+00 0.000000e+00
-5.225600e-10 0.000000e+00 0.000000e+00
-5.226155e-10 0.000000e+00 0.000000e+00
-5.205291e-10 0.000000e+00 0.000000e+00
-5.230865e-10 0.000000e+00 0.000000e+00
-5.224754e-10 0.000000e+00 0.000000e+00
-5.204499e-10 0.000000e+00 0.000000e+00
-5.232032e-10 0.000000e+00 0.000000e+00
-5.211273e-10 0.000000e+00 0.000000e+00
-5.234449e-10 0.000000e+00 0.000000e+00
-5.253531e-10 0.000000e+00 0.000000e+00
-5.186163e-10 0.000000e+00 0.000000e+00
-5.193532e-10 0.000000e+00 0.000000e+00
-5.253663e-10 0.000000e+00 0.000000e+00
-5.610510e-10 0.000000e+00 0.000000e+00
-5.568263e-10 0.000000e+00 0.000000e+00
-5.537070e-10 0.000000e+00 0.000000e+00
-5.644693e-10 0.000000e+00 0.000000e+00
-5.629272e-10 0.000000e+00 0.000000e+00
-5.574661e-10 0.000000e+00 0.000000e+00
-5.599770e-10 0.000000e+00 0.000000e+00
-5.531823e-10 0.000000e+00 0.000000e+00
-5.520297e-10 0.000000e+00 0.000000e+00
-5.622037e-10 0.000000e+00 0.000000e+00
-5.559808e-10 0.000000e+00 0.000000e+00
-5.624821e-10 0.000000e+00 0.000000e+00
-5.668399e-10 0.000000e+00 0.000000e+00
-5.653952e-10 0.000000e+00 0.000000e+00
1.110741e-10 0.000000e+00 0.000000e+00
1.588466e-10 0.000000e+00 0.000000e+00
1.153648e-10 0.000000e+00 0.000000e+00
1.171067e-10 0.000000e+00 0.000000e+00
