step K U E temp
0 1.029268e-23 -3.808509e-20 -3.807480e-20 1.490992e+00
1000 3.674323e-23 -3.863301e-20 2.140374e-20 5.322603e+00
2000 4.063776e-21 -4.109958e-20 8.296420e-20 5.886761e+02
3000 5.000414e-24 -3.256533e-20 1.274397e-19 7.243571e-01
4000 2.346341e-23 -3.094220e-20 1.690813e-19 3.398896e+00
5000 1.569828e-21 -3.938195e-20 2.821884e-19 2.274043e+02
6000 9.065622e-21 -3.577510e-20 4.132905e-19 1.313241e+03
7000 3.125788e-21 -4.063139e-20 4.824944e-19 4.527998e+02
8000 1.361065e-21 -4.104454e-20 5.603219e-19 1.971631e+02
9000 5.486629e-21 -3.585055e-20 6.496361e-19 7.947898e+02
10000 1.872485e-21 -4.068389e-20 7.268300e-19 2.712471e+02
11000 5.800943e-22 -3.935268e-20 7.612286e-19 8.403211e+01
12000 1.157574e-21 -3.993509e-20 7.622175e-19 1.676855e+02
13000 7.263457e-21 -4.069719e-20 7.746675e-19 1.052180e+03
14000 3.676360e-24 -2.867834e-20 8.113254e-19 5.325554e-01
15000 3.307498e-22 -3.396685e-20 8.557913e-19 4.791222e+01
16000 1.524744e-22 -3.312453e-20 8.511816e-19 2.208735e+01
17000 1.278540e-21 -3.417705e-20 9.436122e-19 1.852085e+02
18000 1.759152e-21 -3.378769e-20 9.392713e-19 2.548297e+02
19000 3.948458e-21 -4.101497e-20 9.673108e-19 5.719712e+02
20000 2.065856e-21 -3.913432e-20 1.002932e-18 2.992587e+02
21000 6.479705e-21 -3.646973e-20 1.019341e-18 9.386463e+02
22000 3.159816e-23 -3.661256e-20 1.088083e-18 4.577291e+00
23000 7.480651e-22 -3.697641e-20 1.085300e-18 1.083643e+02
24000 4.369226e-23 -3.806415e-20 1.210993e-18 6.329235e+00
25000 1.485578e-21 -4.093131e-20 1.206647e-18 2.151999e+02
26000 6.068102e-21 -4.096138e-20 1.207237e-18 8.790217e+02
27000 1.278966e-21 -4.096290e-20 1.202320e-18 1.852702e+02
28000 1.097353e-23 -3.503627e-20 1.284975e-18 1.589619e+00
29000 6.155271e-21 -3.600665e-20 1.330168e-18 8.916489e+02
30000 5.127582e-22 -4.022446e-20 1.341680e-18 7.427785e+01
31000 8.801487e-24 -3.958789e-20 1.320962e-18 1.274978e+00
32000 2.283583e-21 -3.160484e-20 1.452185e-18 3.307985e+02
33000 1.569307e-21 -3.224729e-20 1.449323e-18 2.273289e+02
34000 1.371984e-21 -3.317087e-20 1.448621e-18 1.987448e+02
35000 9.868627e-25 -3.958711e-20 1.522098e-18 1.429563e-01
36000 3.101513e-22 -3.982221e-20 1.576346e-18 4.492834e+01
37000 6.792693e-22 -2.851775e-20 1.612162e-18 9.839855e+01
38000 9.815728e-22 -2.784930e-20 1.654073e-18 1.421901e+02
39000 6.551177e-23 -3.293278e-20 1.729846e-18 9.489996e+00
40000 1.167323e-21 -3.332929e-20 1.729695e-18 1.690977e+02
41000 7.782083e-23 -2.403752e-20 1.856040e-18 1.127308e+01
42000 2.234131e-21 -2.425908e-20 1.857975e-18 3.236348e+02
43000 1.368762e-21 -2.466929e-20 1.856699e-18 1.982781e+02
44000 3.807180e-22 -2.584703e-20 1.940550e-18 5.515058e+01
45000 4.245188e-21 -2.467429e-20 1.942021e-18 6.149555e+02
46000 7.513610e-22 -2.499386e-20 2.078359e-18 1.088417e+02
47000 6.392980e-21 -3.137107e-20 2.158396e-18 9.260833e+02
48000 5.684052e-22 -2.985788e-20 2.187761e-18 8.233884e+01
49000 3.295587e-21 -3.095853e-20 2.235170e-18 4.773967e+02
50000 5.306469e-23 -1.993639e-20 2.300117e-18 7.686920e+00
51000 3.178968e-25 -2.015341e-20 2.339850e-18 4.605034e-02
52000 9.510856e-21 -1.924952e-20 2.439564e-18 1.377737e+03
53000 7.763482e-21 -9.757739e-21 2.478006e-18 1.124613e+03
54000 3.206208e-22 -1.515667e-20 2.465164e-18 4.644493e+01
55000 2.002904e-22 -1.405129e-21 2.518795e-18 2.901394e+01
56000 6.485796e-21 -4.078265e-20 2.605703e-18 9.395286e+02
57000 6.382490e-21 -4.101135e-20 2.645371e-18 9.245637e+02
58000 5.095286e-23 -4.109925e-20 2.678952e-18 7.381002e+00
59000 8.708533e-21 -3.502194e-20 2.824890e-18 1.261513e+03
60000 7.310899e-24 -3.937522e-20 2.840632e-18 1.059052e+00
61000 1.818750e-21 -3.914647e-20 2.882672e-18 2.634630e+02
62000 9.316853e-22 -4.054608e-20 2.882316e-18 1.349634e+02
63000 1.002831e-21 -3.976115e-20 2.881242e-18 1.452696e+02
64000 2.193973e-22 -3.930160e-20 2.880918e-18 3.178176e+01
65000 4.299929e-21 -4.021130e-20 2.884089e-18 6.228852e+02
66000 8.246970e-23 -3.728223e-20 2.925923e-18 1.194651e+01
67000 7.933783e-22 -2.176240e-20 2.979031e-18 1.149283e+02
68000 4.951361e-21 -2.719227e-20 2.977781e-18 7.172512e+02
69000 2.611152e-21 -2.440429e-20 2.978207e-18 3.782499e+02
70000 3.004649e-21 -3.524173e-20 3.047763e-18 4.352517e+02
71000 1.453996e-21 -3.530411e-20 3.046150e-18 2.106251e+02
72000 3.811567e-23 -3.393062e-20 3.142461e-18 5.521414e+00
73000 4.074079e-22 -3.666728e-20 3.166732e-18 5.901687e+01
74000 2.142540e-22 -3.680486e-20 3.210803e-18 3.103670e+01
75000 1.293571e-20 -4.086054e-20 3.252075e-18 1.873859e+03
76000 3.958213e-22 -4.099406e-20 3.279458e-18 5.733845e+01
77000 7.525555e-22 -4.089075e-20 3.320110e-18 1.090147e+02
78000 4.969775e-22 -3.970871e-20 3.363193e-18 7.199187e+01
79000 5.995677e-23 -3.670697e-20 3.403353e-18 8.685303e+00
80000 1.426656e-21 -3.748786e-20 3.403939e-18 2.066646e+02
81000 3.144327e-21 -3.738273e-20 3.405762e-18 4.554854e+02
82000 3.142381e-21 -3.698701e-20 3.446155e-18 4.552035e+02
83000 1.588785e-21 -3.733097e-20 3.485095e-18 2.301505e+02
84000 3.079283e-21 -3.669023e-20 3.486391e-18 4.460631e+02
85000 4.836707e-21 -4.108998e-20 3.523841e-18 7.006425e+02
86000 2.979665e-25 -4.048483e-20 3.560111e-18 4.316324e-02
87000 4.962896e-22 -4.039742e-20 3.561397e-18 7.189221e+01
88000 7.663435e-22 -4.056319e-20 3.562968e-18 1.110121e+02
89000 4.219397e-22 -4.100279e-20 3.600270e-18 6.112194e+01
90000 1.127064e-21 -4.092749e-20 3.600659e-18 1.632658e+02
91000 1.760090e-22 -4.088725e-20 3.601693e-18 2.549655e+01
92000 4.891173e-23 -4.089168e-20 3.601222e-18 7.085324e+00
93000 1.804172e-22 -4.101148e-20 3.644048e-18 2.613514e+01
94000 6.218577e-22 -3.917385e-20 3.741273e-18 9.008193e+01
95000 3.572782e-21 -4.037738e-20 3.735033e-18 5.175512e+02
96000 1.539859e-21 -4.076481e-20 3.859693e-18 2.230630e+02
97000 3.141288e-21 -4.066522e-20 3.858083e-18 4.550451e+02
98000 5.538756e-24 -4.087104e-20 3.853925e-18 8.023410e-01
99000 1.063643e-20 -4.088941e-20 3.867182e-18 1.540788e+03
100000 3.933930e-21 -3.490354e-20 3.935001e-18 5.698668e+02
101000 3.609353e-23 -3.561190e-20 3.974834e-18 5.228487e+00
102000 4.325390e-21 -3.836402e-20 4.087837e-18 6.265735e+02
103000 1.503747e-21 -3.885294e-20 4.190066e-18 2.178319e+02
104000 3.520773e-21 -3.966268e-20 4.237229e-18 5.100171e+02
105000 1.214579e-22 -3.860597e-20 4.279171e-18 1.759431e+01
106000 4.062960e-24 -3.829707e-20 4.318394e-18 5.885580e-01
107000 3.656306e-23 -3.796912e-20 4.311760e-18 5.296504e+00
108000 1.748443e-22 -3.812522e-20 4.310597e-18 2.532784e+01
109000 8.916762e-21 -3.124401e-20 4.337691e-18 1.291677e+03
110000 8.794279e-22 -2.710262e-20 4.379236e-18 1.273934e+02
111000 5.171800e-22 -3.288239e-20 4.411461e-18 7.491839e+01
112000 5.434773e-22 -3.580202e-20 4.581656e-18 7.872781e+01
113000 5.551564e-22 -3.524941e-20 4.573227e-18 8.041963e+01
114000 7.945595e-22 -3.662822e-20 4.624638e-18 1.150994e+02
115000 4.780217e-22 -2.964695e-20 4.709351e-18 6.924594e+01
116000 6.288844e-21 -3.025880e-20 4.793447e-18 9.109982e+02
117000 3.134618e-21 -3.029249e-20 4.790724e-18 4.540789e+02
118000 3.342664e-21 -2.226806e-20 4.861095e-18 4.842163e+02
119000 6.931800e-23 -2.131956e-20 4.858750e-18 1.004136e+01
120000 4.422856e-21 -2.034568e-20 4.958305e-18 6.406923e+02
121000 4.149501e-21 -2.939331e-20 5.138199e-18 6.010942e+02
122000 1.564004e-23 -4.267741e-21 5.197583e-18 2.265607e+00
123000 3.422989e-21 9.277995e-21 5.252701e-18 4.958521e+02
124000 1.177993e-21 -1.716395e-20 5.304014e-18 1.706434e+02
125000 4.286760e-21 -3.359653e-20 5.330793e-18 6.209775e+02
126000 2.642406e-21 -2.571172e-20 5.416931e-18 3.827774e+02
127000 2.318548e-21 -2.835675e-20 5.453962e-18 3.358635e+02
128000 7.677734e-21 -2.897286e-20 5.458705e-18 1.112192e+03
129000 9.165857e-21 -3.612824e-20 5.537473e-18 1.327761e+03
130000 1.189728e-21 -3.562674e-20 5.586432e-18 1.723433e+02
131000 2.782685e-21 -3.629410e-20 5.628531e-18 4.030981e+02
132000 1.816009e-22 -3.543325e-20 5.622538e-18 2.630660e+01
133000 9.324282e-23 -4.096498e-20 5.701432e-18 1.350710e+01
134000 8.161951e-22 -3.875892e-20 5.687248e-18 1.182335e+02
135000 4.194977e-21 -4.092051e-20 5.750053e-18 6.076818e+02
136000 1.173326e-24 -4.088736e-20 5.748362e-18 1.699673e-01
137000 4.586917e-21 -3.740311e-20 5.885657e-18 6.644581e+02
138000 1.369829e-24 -3.673184e-20 5.908501e-18 1.984326e-01
139000 1.657811e-22 -3.561399e-20 5.908369e-18 2.401495e+01
140000 1.752059e-21 -4.109986e-20 5.903400e-18 2.538022e+02
141000 2.234322e-21 -3.952717e-20 5.930236e-18 3.236625e+02
142000 2.390597e-21 -4.011378e-20 6.037384e-18 3.463005e+02
143000 4.543761e-21 -4.038447e-20 6.060449e-18 6.582065e+02
144000 4.337755e-21 -3.956455e-20 6.109085e-18 6.283647e+02
145000 6.670483e-23 -4.100787e-20 6.106383e-18 9.662823e+00
146000 5.411236e-21 -4.099690e-20 6.108919e-18 7.838685e+02
147000 5.653248e-22 -4.095589e-20 6.181340e-18 8.189262e+01
148000 5.882261e-22 -4.097256e-20 6.226621e-18 8.521009e+01
149000 1.165864e-20 -2.722069e-20 6.384438e-18 1.688863e+03
150000 1.070081e-23 -3.446560e-20 6.555026e-18 1.550113e+00
151000 1.041696e-22 -2.972377e-20 6.612860e-18 1.508995e+01
152000 5.482135e-22 -2.962625e-20 6.612451e-18 7.941388e+01
153000 5.421629e-22 -2.236069e-20 6.698181e-18 7.853739e+01
154000 4.876635e-23 -1.553189e-20 6.744517e-18 7.064265e+00
155000 7.096008e-22 -2.360743e-20 6.817102e-18 1.027923e+02
156000 3.216894e-21 -2.659646e-20 6.857765e-18 4.659973e+02
157000 5.100608e-22 -2.920521e-20 6.904755e-18 7.388711e+01
158000 7.476934e-21 -2.996426e-20 6.959586e-18 1.083104e+03
159000 2.234274e-21 -2.569391e-20 6.980713e-18 3.236555e+02
160000 3.334337e-22 -1.760381e-20 7.064964e-18 4.830100e+01
161000 6.698515e-21 -1.878907e-20 7.067909e-18 9.703429e+02
162000 1.050594e-21 -2.034816e-20 7.065933e-18 1.521884e+02
163000 3.914864e-23 -2.037496e-20 7.105657e-18 5.671050e+00
164000 2.635237e-21 -2.169877e-20 7.101538e-18 3.817389e+02
165000 6.232706e-22 -2.782176e-20 7.191890e-18 9.028661e+01
166000 4.451930e-21 -2.292366e-20 7.228989e-18 6.449039e+02
167000 3.330729e-21 -1.199056e-20 7.231340e-18 4.824875e+02
168000 3.442750e-22 -9.647472e-21 7.230697e-18 4.987147e+01
169000 2.835800e-21 -1.839533e-20 7.237783e-18 4.107923e+02
170000 5.722741e-21 -7.971538e-22 7.284926e-18 8.289929e+02
171000 3.233995e-24 -2.956455e-21 7.328841e-18 4.684745e-01
172000 2.409945e-21 -2.031068e-20 7.346435e-18 3.491033e+02
173000 7.161199e-22 -1.456810e-20 7.427402e-18 1.037367e+02
174000 5.343810e-21 -6.873819e-21 7.478470e-18 7.741012e+02
175000 3.922154e-21 -2.208112e-20 7.552677e-18 5.681609e+02
176000 3.054634e-21 -2.658662e-20 7.676691e-18 4.424925e+02
177000 8.070887e-21 -2.033829e-20 7.807928e-18 1.169144e+03
178000 2.194124e-22 -3.002958e-20 7.792175e-18 3.178395e+01
179000 1.419204e-21 -3.410736e-20 7.787935e-18 2.055851e+02
180000 3.892208e-21 -3.554611e-20 7.831968e-18 5.638229e+02
181000 7.687568e-22 -3.714945e-20 7.919125e-18 1.113617e+02
182000 2.294295e-21 -3.983590e-20 7.943182e-18 3.323502e+02
183000 4.939843e-22 -4.084686e-20 7.991639e-18 7.155827e+01
184000 5.360502e-21 -3.942340e-20 7.996724e-18 7.765191e+02
185000 2.580726e-21 -4.086076e-20 8.032937e-18 3.738424e+02
186000 1.159872e-23 -4.079608e-20 8.033941e-18 1.680184e+00
187000 1.028580e-22 -4.069080e-20 8.034588e-18 1.489996e+01
188000 9.213927e-22 -3.990923e-20 8.085613e-18 1.334724e+02
189000 5.194279e-21 -4.094892e-20 8.156780e-18 7.524401e+02
190000 6.794569e-21 -4.085649e-20 8.157380e-18 9.842572e+02
191000 4.974175e-22 -4.083611e-20 8.196216e-18 7.205560e+01
192000 3.010423e-21 -4.106647e-20 8.201599e-18 4.360881e+02
193000 6.036299e-21 -4.080971e-20 8.201082e-18 8.744147e+02
194000 1.081606e-20 -4.076147e-20 8.205831e-18 1.566808e+03
195000 5.021725e-22 -4.018481e-20 8.248103e-18 7.274441e+01
196000 4.352440e-21 -4.053083e-20 8.306128e-18 6.304919e+02
197000 2.906284e-22 -4.102380e-20 8.265485e-18 4.210025e+01
198000 4.249748e-24 -4.085305e-20 8.317181e-18 6.156159e-01
199000 1.737050e-22 -4.099393e-20 8.363268e-18 2.516280e+01
200000 1.060971e-20 -3.633637e-20 8.410836e-18 1.536917e+03
201000 6.355622e-22 -3.664572e-20 8.442417e-18 9.206717e+01
202000 1.082979e-22 -4.085528e-20 8.528253e-18 1.568797e+01
203000 2.495018e-21 -2.015375e-20 8.599398e-18 3.614268e+02
204000 2.961642e-21 -3.967808e-20 8.637149e-18 4.290217e+02
205000 1.466123e-24 -3.986147e-20 8.681348e-18 2.123816e-01
206000 3.893550e-21 -2.104303e-20 8.784157e-18 5.640173e+02
207000 2.377998e-21 -3.359556e-20 8.760494e-18 3.444753e+02
208000 1.647204e-21 -2.615503e-20 8.817459e-18 2.386129e+02
209000 4.068931e-21 -2.651919e-20 8.813589e-18 5.894229e+02
210000 1.548315e-20 -1.606712e-20 8.901247e-18 2.242880e+03
211000 5.881888e-22 -1.694684e-20 8.929189e-18 8.520468e+01
212000 2.534025e-22 -1.149090e-20 9.046249e-18 3.670774e+01
213000 8.923013e-22 6.469770e-21 9.047716e-18 1.292582e+02
214000 1.151628e-24 7.540147e-21 9.048063e-18 1.668241e-01
215000 5.464013e-21 -5.166346e-22 9.085264e-18 7.915137e+02
216000 2.352806e-21 -3.102001e-21 9.176167e-18 3.408261e+02
217000 2.577342e-22 -1.778714e-20 9.176181e-18 3.733523e+01
218000 2.762556e-21 -3.600261e-20 9.164994e-18 4.001822e+02
219000 4.426527e-22 -3.599501e-20 9.162805e-18 6.412241e+01
220000 8.811531e-21 -3.639672e-20 9.169257e-18 1.276433e+03
221000 1.076009e-21 -3.656701e-20 9.203127e-18 1.558700e+02
222000 6.516510e-25 -3.655726e-20 9.201943e-18 9.439779e-02
223000 1.631263e-21 -3.689737e-20 9.251492e-18 2.363038e+02
224000 3.525320e-21 -3.870662e-20 9.294425e-18 5.106758e+02
225000 2.946658e-21 1.763474e-20 9.380582e-18 4.268512e+02
226000 3.824017e-22 -2.957611e-22 9.404037e-18 5.539449e+01
227000 1.538857e-21 -2.012706e-22 9.404918e-18 2.229179e+02
228000 1.103920e-20 -1.722412e-20 9.462434e-18 1.599132e+03
229000 2.256220e-21 -3.098801e-20 9.500846e-18 3.268347e+02
230000 3.426072e-22 9.693612e-21 9.542091e-18 4.962988e+01
231000 5.219351e-22 1.452659e-21 9.534752e-18 7.560721e+01
232000 1.816194e-22 -1.610932e-20 9.655797e-18 2.630928e+01
233000 5.267398e-22 -3.662324e-20 9.727796e-18 7.630322e+01
234000 1.179987e-20 -3.539997e-20 9.827977e-18 1.709322e+03
235000 1.050236e-20 -8.079078e-21 9.802423e-18 1.521366e+03
236000 8.100377e-21 -1.183324e-20 9.836267e-18 1.173416e+03
237000 1.912128e-21 -4.029373e-21 9.917883e-18 2.769897e+02
238000 4.634878e-21 -1.260359e-21 1.000341e-17 6.714057e+02
239000 2.844977e-22 -2.755549e-21 1.003970e-17 4.121217e+01
240000 5.913578e-22 -2.322283e-22 1.004036e-17 8.566375e+01
241000 7.966182e-21 -1.436164e-21 1.012664e-17 1.153976e+03
242000 1.844476e-21 -1.255949e-20 1.019102e-17 2.671897e+02
243000 1.062508e-23 -1.416422e-20 1.018585e-17 1.539143e+00
244000 1.482100e-23 -1.595285e-20 1.022406e-17 2.146961e+00
245000 1.848436e-23 -1.315226e-20 1.026730e-17 2.677634e+00
246000 6.288957e-22 -1.525761e-20 1.030537e-17 9.110146e+01
247000 5.088706e-22 -1.553461e-20 1.030497e-17 7.371469e+01
248000 1.219259e-22 -2.764441e-20 1.044153e-17 1.766212e+01
249000 1.520845e-21 -3.901540e-20 1.049098e-17 2.203087e+02
250000 3.545941e-21 -2.708300e-20 1.054759e-17 5.136629e+02
251000 5.090956e-22 -2.429143e-20 1.057631e-17 7.374730e+01
252000 7.068349e-21 -2.236238e-20 1.066471e-17 1.023917e+03
253000 2.629314e-21 -2.805661e-20 1.073975e-17 3.808808e+02
254000 1.772218e-25 -2.829202e-20 1.074148e-17 2.567225e-02
255000 5.304100e-21 -4.010414e-20 1.078320e-17 7.683487e+02
256000 1.483068e-22 -4.005188e-20 1.078116e-17 2.148363e+01
257000 3.034111e-21 -4.021989e-20 1.082637e-17 4.395195e+02
258000 4.426507e-22 -3.967085e-20 1.082449e-17 6.412212e+01
259000 2.647613e-21 -4.099250e-20 1.088736e-17 3.835317e+02
260000 3.865838e-22 -4.093053e-20 1.088593e-17 5.600030e+01
261000 6.380242e-23 -3.157058e-20 1.099332e-17 9.242382e+00
262000 3.894924e-22 -3.100230e-20 1.098371e-17 5.642165e+01
263000 9.677135e-22 -3.098476e-20 1.098387e-17 1.401824e+02
264000 1.038894e-21 -3.646799e-20 1.104917e-17 1.504935e+02
265000 1.990481e-21 -3.635468e-20 1.108813e-17 2.883398e+02
266000 2.077771e-23 -4.059747e-20 1.117747e-17 3.009846e+00
267000 1.483439e-21 -4.088779e-20 1.122883e-17 2.148901e+02
268000 7.150865e-21 -4.095273e-20 1.129511e-17 1.035870e+03
269000 8.293072e-22 -3.779128e-20 1.129049e-17 1.201330e+02
270000 2.839802e-23 -3.769997e-20 1.128861e-17 4.113720e+00
271000 3.693177e-21 -3.778299e-20 1.129311e-17 5.349914e+02
272000 2.264083e-22 -3.786640e-20 1.129308e-17 3.279737e+01
273000 3.332004e-21 -3.833392e-20 1.138035e-17 4.826721e+02
274000 1.877062e-21 -3.642300e-20 1.146275e-17 2.719100e+02
275000 4.384350e-21 -3.635777e-20 1.146761e-17 6.351143e+02
276000 8.896175e-22 -3.763252e-20 1.150250e-17 1.288695e+02
277000 2.906462e-21 -3.826865e-20 1.155880e-17 4.210284e+02
278000 6.158249e-22 -4.105663e-20 1.153372e-17 8.920803e+01
279000 1.720389e-21 -4.109279e-20 1.158233e-17 2.492145e+02
280000 8.146903e-22 -4.109982e-20 1.158507e-17 1.180156e+02
281000 5.079270e-21 -4.108816e-20 1.158526e-17 7.357800e+02
282000 1.163360e-21 -4.037687e-20 1.165464e-17 1.685237e+02
283000 7.060286e-21 -4.041348e-20 1.166037e-17 1.022749e+03
284000 8.100833e-21 -3.445101e-20 1.169714e-17 1.173482e+03
285000 6.580343e-23 -3.423116e-20 1.173974e-17 9.532246e+00
286000 7.390777e-22 -3.523747e-20 1.178642e-17 1.070624e+02
287000 4.040323e-21 -3.034319e-20 1.188473e-17 5.852788e+02
288000 3.913974e-21 -3.306284e-20 1.191813e-17 5.669760e+02
289000 1.277982e-20 -4.006050e-20 1.197042e-17 1.851277e+03
290000 5.788013e-21 -3.738351e-20 1.204200e-17 8.384481e+02
291000 4.374517e-21 -4.092686e-20 1.209327e-17 6.336900e+02
292000 3.587612e-23 -4.084362e-20 1.213535e-17 5.196993e+00
293000 1.420516e-21 -3.565017e-20 1.217271e-17 2.057751e+02
294000 1.369893e-21 -2.650996e-20 1.219580e-17 1.984418e+02
295000 8.660630e-22 -2.056454e-20 1.223316e-17 1.254574e+02
296000 1.951099e-24 -1.844676e-20 1.232803e-17 2.826350e-01
297000 9.681239e-21 -3.396947e-20 1.240767e-17 1.402419e+03
298000 1.384951e-21 -3.339862e-20 1.248578e-17 2.006231e+02
299000 4.998632e-21 -2.460463e-20 1.253228e-17 7.240990e+02
300000 7.605872e-22 -2.347665e-20 1.254913e-17 1.101782e+02
301000 6.988189e-21 -2.491038e-20 1.261812e-17 1.012305e+03
302000 2.343131e-21 -2.870271e-20 1.268668e-17 3.394246e+02
303000 1.320227e-21 -3.055529e-20 1.275203e-17 1.912472e+02
304000 3.952208e-21 -3.048776e-20 1.275688e-17 5.725145e+02
305000 6.087441e-22 -3.061758e-20 1.275044e-17 8.818231e+01
306000 1.709582e-22 -3.064629e-20 1.274998e-17 2.476490e+01
307000 2.158064e-21 -3.087783e-20 1.275828e-17 3.126158e+02
308000 2.138886e-20 -1.651163e-20 1.294738e-17 3.098378e+03
309000 3.260798e-22 -2.146938e-20 1.292565e-17 4.723573e+01
310000 8.689189e-23 -9.411786e-21 1.295068e-17 1.258711e+01
311000 5.007536e-21 -9.369438e-21 1.295564e-17 7.253888e+02
312000 3.568574e-21 -6.811588e-21 1.308311e-17 5.169415e+02
313000 1.441024e-22 -1.498695e-20 1.310593e-17 2.087458e+01
314000 2.875200e-21 -8.812321e-21 1.315483e-17 4.164998e+02
315000 5.182693e-21 -1.532577e-20 1.319861e-17 7.507619e+02
316000 1.038786e-22 -1.512321e-20 1.319241e-17 1.504779e+01
317000 1.319840e-21 -1.792312e-20 1.323726e-17 1.911913e+02
318000 1.541717e-23 -1.948029e-20 1.334146e-17 2.233323e+00
319000 3.222702e-24 -3.435700e-20 1.332948e-17 4.668387e-01
320000 4.547219e-23 -3.528270e-20 1.333283e-17 6.587075e+00
321000 7.141266e-22 -4.004564e-20 1.335833e-17 1.034480e+02
322000 8.902076e-22 -4.006445e-20 1.339945e-17 1.289550e+02
323000 5.873853e-22 -4.103743e-20 1.343760e-17 8.508829e+01
324000 2.096782e-21 -4.099751e-20 1.344293e-17 3.037386e+02
325000 9.451414e-21 -4.094105e-20 1.345887e-17 1.369126e+03
326000 2.283701e-22 -4.074248e-20 1.342750e-17 3.308156e+01
327000 4.929756e-22 -4.067097e-20 1.348571e-17 7.141216e+01
328000 6.493657e-22 -4.071206e-20 1.348480e-17 9.406673e+01
329000 7.914085e-22 -3.759291e-20 1.356040e-17 1.146430e+02
330000 8.979081e-22 -4.105437e-20 1.364185e-17 1.300704e+02
331000 1.349786e-20 -4.070208e-20 1.370576e-17 1.955293e+03
332000 4.037772e-23 -1.242299e-20 1.370762e-17 5.849093e+00
333000 9.838646e-21 -2.064402e-20 1.384728e-17 1.425220e+03
334000 4.625549e-22 -1.120641e-20 1.383172e-17 6.700543e+01
335000 1.707691e-23 -3.502909e-20 1.385922e-17 2.473751e+00
336000 5.619434e-21 -3.359282e-20 1.386580e-17 8.140279e+02
337000 1.335173e-21 -3.823385e-20 1.389437e-17 1.934123e+02
338000 1.640560e-21 -4.085002e-20 1.410125e-17 2.376506e+02
339000 1.410580e-22 -4.091368e-20 1.409355e-17 2.043358e+01
340000 1.595719e-23 -4.094395e-20 1.409123e-17 2.311549e+00
341000 9.238283e-22 -3.691338e-20 1.413506e-17 1.338252e+02
342000 7.003363e-22 -4.035395e-20 1.421558e-17 1.014503e+02
343000 2.104320e-21 -3.057143e-20 1.429249e-17 3.048305e+02
344000 1.456265e-21 -3.281295e-20 1.429167e-17 2.109536e+02
345000 8.544554e-22 -2.952672e-20 1.428483e-17 1.237759e+02
346000 9.982228e-23 -2.870485e-20 1.432451e-17 1.446020e+01
347000 1.481587e-20 -3.346052e-20 1.438672e-17 2.146219e+03
348000 6.055568e-22 -3.891198e-20 1.449578e-17 8.772061e+01
349000 1.307804e-21 -3.682069e-20 1.453274e-17 1.894477e+02
350000 8.472293e-22 -3.809431e-20 1.458756e-17 1.227291e+02
351000 1.754895e-21 -3.507543e-20 1.458132e-17 2.542131e+02
352000 6.636826e-21 -3.664131e-20 1.462457e-17 9.614068e+02
353000 3.710085e-21 -3.706527e-20 1.468150e-17 5.374407e+02
354000 3.446934e-21 -3.563847e-20 1.480532e-17 4.993208e+02
355000 3.897469e-21 -8.888066e-21 1.483593e-17 5.645851e+02
356000 7.214578e-22 -2.393483e-20 1.486996e-17 1.045100e+02
357000 6.286692e-23 -3.085928e-20 1.490105e-17 9.106864e+00
358000 1.501964e-21 -3.289402e-20 1.504127e-17 2.175737e+02
359000 4.328073e-21 -3.937583e-20 1.511726e-17 6.269621e+02
360000 9.308858e-22 -3.831928e-20 1.520351e-17 1.348476e+02
361000 2.617266e-22 -3.876873e-20 1.523408e-17 3.791355e+01
362000 2.876526e-21 -3.826329e-20 1.524563e-17 4.166918e+02
363000 4.934037e-24 -3.876877e-20 1.523383e-17 7.147417e-01
364000 1.248371e-22 -3.657733e-20 1.527892e-17 1.808383e+01
365000 4.089913e-21 -8.497756e-21 1.533603e-17 5.924624e+02
366000 2.877029e-21 -1.939263e-20 1.531844e-17 4.167648e+02
367000 1.860123e-21 -2.106483e-21 1.532004e-17 2.694563e+02
368000 1.499844e-20 -1.908842e-20 1.536920e-17 2.172665e+03
369000 2.941470e-22 -2.640102e-20 1.548050e-17 4.260996e+01
370000 3.922654e-22 -1.872851e-20 1.547652e-17 5.682334e+01
371000 4.386242e-22 -2.417585e-20 1.569066e-17 6.353885e+01
372000 1.661326e-21 -3.806041e-20 1.568606e-17 2.406587e+02
373000 7.724827e-21 -2.660943e-20 1.577164e-17 1.119014e+03
374000 1.168308e-21 -2.093251e-21 1.584481e-17 1.692405e+02
375000 8.638510e-21 1.204984e-20 1.590069e-17 1.251369e+03
376000 4.220496e-21 1.554698e-20 1.597977e-17 6.113786e+02
377000 2.335275e-21 5.825322e-21 1.597714e-17 3.382866e+02
378000 7.600043e-23 -1.889865e-20 1.601356e-17 1.100938e+01
379000 1.049098e-20 1.956042e-21 1.606175e-17 1.519717e+03
380000 2.992101e-21 -3.378327e-21 1.605809e-17 4.334341e+02
381000 3.302870e-22 1.792737e-21 1.605123e-17 4.784518e+01
382000 4.336933e-23 -3.268822e-20 1.608336e-17 6.282456e+00
383000 4.297914e-22 -3.279307e-20 1.608184e-17 6.225934e+01
384000 3.518401e-23 -3.687628e-20 1.617229e-17 5.096734e+00
385000 4.849793e-21 -3.741800e-20 1.626012e-17 7.025381e+02
386000 1.184272e-20 -3.970072e-20 1.631136e-17 1.715529e+03
387000 2.539016e-21 -3.813063e-20 1.637697e-17 3.678003e+02
388000 9.745024e-23 -3.807827e-20 1.637484e-17 1.411658e+01
389000 1.930170e-21 -3.801561e-20 1.641921e-17 2.796032e+02
390000 4.737853e-21 -3.821850e-20 1.642551e-17 6.863226e+02
391000 7.550485e-23 -3.808098e-20 1.641595e-17 1.093759e+01
392000 1.280392e-21 -3.309703e-20 1.645244e-17 1.854768e+02
393000 4.675319e-22 -3.428949e-20 1.646007e-17 6.772639e+01
394000 3.191522e-22 -3.507712e-20 1.645487e-17 4.623219e+01
395000 9.044808e-21 -3.001383e-20 1.650124e-17 1.310226e+03
396000 1.904869e-20 -3.516021e-20 1.655251e-17 2.759382e+03
397000 1.521061e-21 -3.542133e-20 1.653187e-17 2.203401e+02
398000 2.675092e-21 -3.551959e-20 1.653277e-17 3.875123e+02
399000 2.046183e-22 -3.562367e-20 1.653131e-17 2.964089e+01
400000 1.473451e-21 -2.137011e-20 1.671171e-17 2.134432e+02
401000 6.382530e-22 3.353645e-20 1.679417e-17 9.245695e+01
402000 4.572046e-22 -9.880351e-21 1.676596e-17 6.623039e+01
403000 1.082850e-21 -1.025847e-20 1.676634e-17 1.568610e+02
404000 2.530330e-21 -9.945040e-21 1.676775e-17 3.665421e+02
405000 3.097783e-21 -1.645701e-20 1.682696e-17 4.487430e+02
406000 2.205366e-21 -9.957184e-21 1.682636e-17 3.194681e+02
407000 7.351064e-23 -2.706924e-20 1.691219e-17 1.064871e+01
408000 3.927024e-21 -3.167815e-20 1.698870e-17 5.688663e+02
409000 5.762771e-22 -3.127196e-20 1.698892e-17 8.347916e+01
410000 2.301171e-21 -3.082708e-20 1.699060e-17 3.333463e+02
411000 2.396716e-22 -2.405995e-20 1.708936e-17 3.471868e+01
412000 1.926656e-22 1.567223e-20 1.717720e-17 2.790942e+01
413000 1.006082e-21 1.921540e-20 1.718022e-17 1.457404e+02
414000 4.171004e-22 1.844232e-20 1.721908e-17 6.042092e+01
415000 1.016508e-20 3.053354e-20 1.732070e-17 1.472508e+03
416000 1.355834e-22 -3.718709e-20 1.731239e-17 1.964053e+01
417000 2.379353e-22 -3.298809e-20 1.730311e-17 3.446717e+01
418000 6.361069e-21 -4.103760e-20 1.746864e-17 9.214607e+02
419000 2.396554e-22 -4.103829e-20 1.748928e-17 3.471634e+01
420000 8.067946e-21 -4.103130e-20 1.749703e-17 1.168718e+03
421000 8.223607e-23 -4.069730e-20 1.754411e-17 1.191267e+01
422000 3.990839e-21 -4.107414e-20 1.762260e-17 5.781106e+02
423000 2.946225e-22 -4.014871e-20 1.766898e-17 4.267884e+01
424000 6.125551e-22 -3.909576e-20 1.777985e-17 8.873436e+01
425000 2.232241e-22 -3.730899e-20 1.783405e-17 3.233611e+01
426000 3.348694e-25 -3.701122e-20 1.782268e-17 4.850898e-02
427000 6.903478e-22 -3.704076e-20 1.782427e-17 1.000034e+02
428000 2.584153e-21 -4.109918e-20 1.790869e-17 3.743389e+02
429000 2.140467e-24 -4.094816e-20 1.795201e-17 3.100667e-01
430000 3.755930e-24 -4.108327e-20 1.795807e-17 5.440817e-01
431000 1.186727e-21 -4.104013e-20 1.794501e-17 1.719085e+02
432000 3.587130e-23 -2.283007e-20 1.792338e-17 5.196296e+00
433000 1.284518e-21 -2.287129e-20 1.792491e-17 1.860745e+02
434000 6.445774e-21 -2.274850e-20 1.792983e-17 9.337311e+02
435000 4.824546e-21 -2.021601e-20 1.798776e-17 6.988809e+02
436000 3.788692e-21 -2.113500e-20 1.797052e-17 5.488277e+02
437000 3.342786e-22 -1.133613e-20 1.803153e-17 4.842340e+01
438000 4.099899e-22 -9.209031e-21 1.807737e-17 5.939090e+01
439000 1.513041e-21 -9.256760e-21 1.812213e-17 2.191782e+02
440000 2.553795e-22 -5.770894e-21 1.811546e-17 3.699412e+01
441000 5.081241e-23 -5.773589e-21 1.811522e-17 7.360656e+00
442000 1.278520e-22 -6.246205e-21 1.811389e-17 1.852057e+01
443000 2.115301e-21 -9.368113e-21 1.816716e-17 3.064212e+02
444000 2.286927e-22 -6.662315e-21 1.815561e-17 3.312829e+01
445000 2.636848e-21 -6.757266e-21 1.824812e-17 3.819722e+02
446000 2.064105e-21 -1.289198e-20 1.827329e-17 2.990050e+02
447000 2.368214e-20 -1.670745e-21 1.838239e-17 3.430581e+03
448000 2.195023e-21 -7.100044e-21 1.839555e-17 3.179698e+02
449000 1.430819e-22 -3.554482e-21 1.847705e-17 2.072676e+01
450000 3.441522e-21 -1.138995e-20 1.855206e-17 4.985368e+02
451000 8.997443e-22 -1.325200e-20 1.864922e-17 1.303364e+02
452000 1.109646e-20 -2.722965e-20 1.874699e-17 1.607426e+03
453000 2.219826e-21 -3.440240e-20 1.879595e-17 3.215626e+02
454000 2.124518e-21 -4.042990e-20 1.893422e-17 3.077564e+02
455000 1.168150e-23 -3.798180e-20 1.901957e-17 1.692176e+00
456000 8.062093e-22 -3.839055e-20 1.899869e-17 1.167870e+02
457000 2.695055e-21 -3.887047e-20 1.905005e-17 3.904041e+02
458000 7.236167e-25 -3.882928e-20 1.914284e-17 1.048227e-01
459000 2.914975e-23 -3.846698e-20 1.913582e-17 4.222616e+00
460000 1.054742e-21 -3.771257e-20 1.918253e-17 1.527893e+02
461000 1.011437e-21 -4.103247e-20 1.929505e-17 1.465162e+02
462000 3.029612e-21 -3.572977e-20 1.941488e-17 4.388678e+02
463000 2.599774e-21 -3.570970e-20 1.941416e-17 3.766018e+02
464000 2.161320e-22 -2.459198e-20 1.948192e-17 3.130875e+01
465000 2.607940e-21 -1.602839e-20 1.948480e-17 3.777846e+02
466000 7.496225e-22 -1.618023e-20 1.951831e-17 1.085899e+02
467000 3.128615e-22 -1.628069e-20 1.951482e-17 4.532093e+01
468000 1.355026e-21 -1.432077e-20 1.952101e-17 1.962883e+02
469000 2.401019e-22 -1.430210e-20 1.952006e-17 3.478101e+01
470000 3.818033e-21 -1.618243e-20 1.952130e-17 5.530780e+02
471000 8.349533e-22 -3.071992e-20 1.959808e-17 1.209508e+02
472000 5.960154e-25 -3.071407e-20 1.959716e-17 8.633843e-02
473000 2.056755e-22 -3.052555e-20 1.959674e-17 2.979403e+01
474000 2.722617e-21 -3.048608e-20 1.959964e-17 3.943967e+02
475000 3.195715e-21 -3.308950e-20 1.972374e-17 4.629294e+02
476000 9.813836e-22 -3.259406e-20 1.977458e-17 1.421626e+02
477000 1.562227e-20 -3.365753e-20 1.983962e-17 2.263033e+03
478000 7.230192e-23 -3.217286e-20 1.981729e-17 1.047361e+01
479000 4.679906e-22 -1.646990e-20 1.984974e-17 6.779284e+01
480000 1.603211e-21 -1.400541e-20 1.993447e-17 2.322402e+02
481000 1.370162e-21 -1.598149e-20 1.994259e-17 1.984809e+02
482000 3.061943e-22 -2.998644e-20 2.001020e-17 4.435513e+01
483000 8.399804e-21 -3.027204e-20 2.001071e-17 1.216791e+03
484000 1.504574e-21 -2.728207e-20 2.001771e-17 2.179517e+02
485000 6.216918e-22 -1.916209e-20 2.005541e-17 9.005791e+01
486000 3.196687e-22 -2.466638e-20 2.012217e-17 4.630703e+01
487000 2.866478e-21 -2.769129e-20 2.013726e-17 4.152363e+02
488000 6.543192e-23 -2.278831e-20 2.026034e-17 9.478429e+00
489000 2.061472e-22 -2.909156e-20 2.032854e-17 2.986237e+01
490000 6.835096e-22 -2.854092e-20 2.033630e-17 9.901280e+01
491000 8.046222e-22 -2.953835e-20 2.033036e-17 1.165571e+02
492000 4.199084e-22 -2.215617e-20 2.046117e-17 6.082769e+01
493000 9.502648e-22 -3.248755e-20 2.050013e-17 1.376548e+02
494000 2.744945e-21 -3.188222e-20 2.063763e-17 3.976312e+02
495000 1.474555e-21 -3.259969e-20 2.062146e-17 2.136031e+02
496000 2.979216e-21 -1.759258e-20 2.075308e-17 4.315675e+02
497000 5.121568e-26 -2.185463e-20 2.074640e-17 7.419074e-03
498000 3.043355e-21 -1.423165e-20 2.080435e-17 4.408586e+02
499000 1.663213e-21 -9.542182e-21 2.087236e-17 2.409321e+02
500000 9.743403e-25 -4.119812e-21 2.091622e-17 1.411424e-01
501000 6.635620e-21 -3.430155e-21 2.092598e-17 9.612320e+02
502000 3.010623e-24 -1.078684e-20 2.100382e-17 4.361171e-01
503000 2.629819e-21 -9.749372e-21 2.099480e-17 3.809540e+02
504000 2.945308e-21 -9.636181e-21 2.099397e-17 4.266555e+02
505000 5.634658e-21 -9.929103e-21 2.100255e-17 8.162332e+02
506000 4.261926e-21 -9.071274e-21 2.099599e-17 6.173801e+02
507000 1.746461e-20 -1.836556e-21 2.111712e-17 2.529913e+03
508000 9.655592e-22 -4.730251e-22 2.112049e-17 1.398703e+02
509000 1.584834e-21 -1.370076e-21 2.112107e-17 2.295781e+02
510000 1.376119e-20 -3.376222e-24 2.121720e-17 1.993438e+03
511000 1.353162e-21 -4.240406e-22 2.120093e-17 1.960182e+02
512000 1.325829e-20 -6.147005e-22 2.125297e-17 1.920588e+03
513000 6.496720e-22 -4.333699e-21 2.123632e-17 9.411110e+01
514000 3.271993e-21 -3.966978e-21 2.123965e-17 4.739790e+02
515000 4.503033e-21 -4.051471e-21 2.124053e-17 6.523066e+02
516000 1.490433e-21 -3.978154e-21 2.133779e-17 2.159032e+02
517000 3.955131e-21 -2.437733e-21 2.136736e-17 5.729379e+02
518000 1.062664e-21 -5.822260e-22 2.150168e-17 1.539368e+02
519000 3.976768e-21 -2.392428e-21 2.148511e-17 5.760723e+02
520000 9.910424e-22 -5.739278e-21 2.156451e-17 1.435618e+02
521000 4.751810e-22 -9.402235e-21 2.160716e-17 6.883444e+01
522000 3.085780e-22 -6.804165e-21 2.164538e-17 4.470042e+01
523000 5.013320e-24 -1.029139e-20 2.177232e-17 7.262266e-01
524000 3.950958e-21 -1.009397e-20 2.177876e-17 5.723334e+02
525000 1.691678e-21 -2.679248e-20 2.190044e-17 2.450554e+02
526000 9.146433e-22 -2.340579e-20 2.189853e-17 1.324947e+02
527000 6.955970e-23 -2.516335e-20 2.197928e-17 1.007638e+01
528000 1.765573e-21 -1.749193e-20 2.202405e-17 2.557598e+02
529000 2.186743e-22 -1.531582e-20 2.203352e-17 3.167702e+01
530000 7.077613e-22 -1.634342e-20 2.208463e-17 1.025259e+02
531000 4.412494e-21 -1.594599e-20 2.208814e-17 6.391913e+02
532000 4.335221e-21 -1.686623e-20 2.217512e-17 6.279976e+02
533000 1.467664e-22 -2.689224e-22 2.231992e-17 2.126049e+01
534000 3.351208e-22 -2.173185e-22 2.232092e-17 4.854540e+01
535000 6.876226e-23 -6.471857e-22 2.232152e-17 9.960860e+00
536000 2.614967e-22 -6.425715e-22 2.232163e-17 3.788026e+01
537000 3.132267e-23 -9.402313e-22 2.236674e-17 4.537384e+00
538000 5.353060e-21 -2.084603e-21 2.245187e-17 7.754412e+02
539000 7.187077e-23 -1.926101e-22 2.248817e-17 1.041116e+01
540000 1.025116e-20 -6.634464e-22 2.249232e-17 1.484977e+03
541000 1.170057e-21 -2.366364e-22 2.253793e-17 1.694937e+02
542000 3.664777e-22 -5.507468e-23 2.256292e-17 5.308774e+01
543000 4.146101e-23 -1.753450e-21 2.264046e-17 6.006017e+00
544000 4.727593e-21 -1.909015e-21 2.274236e-17 6.848363e+02
545000 2.132904e-22 -7.771447e-21 2.278165e-17 3.089712e+01
546000 1.806400e-22 -7.676101e-21 2.282147e-17 2.616740e+01
547000 1.002341e-21 -4.290700e-21 2.281511e-17 1.451985e+02
548000 2.440368e-22 -3.440343e-21 2.285816e-17 3.535103e+01
549000 9.428176e-22 -3.813205e-21 2.285279e-17 1.365760e+02
550000 2.241743e-21 -3.714186e-21 2.285239e-17 3.247376e+02
551000 5.872146e-20 -6.822379e-23 2.303847e-17 8.506357e+03
552000 3.080762e-21 -6.392409e-21 2.295719e-17 4.462774e+02
553000 4.008267e-21 -7.198016e-21 2.309770e-17 5.806351e+02
554000 5.364423e-22 -4.290718e-21 2.315954e-17 7.770871e+01
555000 1.663344e-21 -4.042995e-21 2.315783e-17 2.409510e+02
556000 7.978471e-21 -3.921600e-21 2.316498e-17 1.155757e+03
557000 4.050096e-21 -3.680183e-21 2.321262e-17 5.866945e+02
558000 1.630400e-20 -4.406305e-21 2.326638e-17 2.361788e+03
559000 1.976487e-21 -4.556239e-21 2.325655e-17 2.863127e+02
560000 3.316733e-21 -1.992751e-22 2.325353e-17 4.804600e+02
561000 1.784192e-22 -1.554746e-22 2.324207e-17 2.584570e+01
562000 3.961044e-22 -2.101872e-21 2.329387e-17 5.737945e+01
563000 1.199525e-22 -3.281420e-21 2.329914e-17 1.737624e+01
564000 1.468949e-21 -4.156976e-21 2.334441e-17 2.127911e+02
565000 3.150449e-21 -4.583786e-21 2.338330e-17 4.563722e+02
566000 1.114804e-21 -1.052913e-20 2.341153e-17 1.614899e+02
567000 1.124165e-21 -1.137440e-20 2.345282e-17 1.628459e+02
568000 1.138786e-22 -1.248425e-20 2.345542e-17 1.649639e+01
569000 1.145396e-21 -1.142570e-20 2.345033e-17 1.659214e+02
570000 3.024738e-22 -8.051508e-21 2.348515e-17 4.381618e+01
571000 1.827535e-20 -1.079639e-20 2.360865e-17 2.647356e+03
572000 5.162065e-21 -6.412260e-21 2.362453e-17 7.477737e+02
573000 3.811675e-22 -1.309796e-23 2.365928e-17 5.521570e+01
574000 2.121414e-23 -6.898179e-23 2.374234e-17 3.073069e+00
575000 1.039746e-21 -9.727852e-22 2.381519e-17 1.506170e+02
576000 1.413479e-21 -6.431207e-22 2.380281e-17 2.047558e+02
577000 8.048570e-22 -8.636177e-22 2.385900e-17 1.165911e+02
578000 3.533077e-21 -7.860088e-22 2.386277e-17 5.117994e+02
579000 7.365915e-21 -7.474527e-22 2.386436e-17 1.067022e+03
580000 1.607512e-21 -7.533934e-22 2.389897e-17 2.328633e+02
581000 3.032548e-22 -5.343795e-22 2.390238e-17 4.392932e+01
582000 5.133159e-24 -8.472189e-22 2.390095e-17 7.435864e-01
583000 8.541666e-21 -5.635472e-21 2.400402e-17 1.237341e+03
584000 2.018324e-21 -8.883686e-21 2.397959e-17 2.923732e+02
585000 1.837177e-21 -9.083547e-21 2.402291e-17 2.661324e+02
586000 2.853976e-21 -1.729873e-22 2.411033e-17 4.134253e+02
587000 3.632880e-22 -3.759236e-21 2.413069e-17 5.262569e+01
588000 6.607492e-21 -2.105529e-21 2.426903e-17 9.571574e+02
589000 8.388132e-24 -4.299524e-23 2.437408e-17 1.215100e+00
590000 5.094853e-22 -4.946610e-23 2.437517e-17 7.380374e+01
591000 2.218406e-23 -3.580056e-22 2.437207e-17 3.213569e+00
592000 1.848048e-21 -2.192127e-24 2.443646e-17 2.677071e+02
593000 5.404453e-21 -6.455200e-21 2.454518e-17 7.828859e+02
594000 6.943597e-23 -6.462085e-21 2.453991e-17 1.005845e+01
595000 8.358379e-21 -6.107711e-21 2.454833e-17 1.210790e+03
596000 1.725988e-22 -6.788671e-21 2.454937e-17 2.500255e+01
597000 2.870597e-22 -2.806337e-21 2.461129e-17 4.158330e+01
598000 3.123381e-22 -1.538984e-21 2.469653e-17 4.524511e+01
599000 3.955585e-25 -2.651316e-21 2.474699e-17 5.730037e-02
600000 5.381747e-21 -1.768872e-21 2.474763e-17 7.795966e+02
601000 3.172722e-23 -1.639959e-21 2.479754e-17 4.595986e+00
602000 1.123800e-22 -6.141506e-21 2.483887e-17 1.627930e+01
603000 1.479679e-22 -9.229294e-23 2.490971e-17 2.143454e+01
604000 2.555026e-21 -3.637853e-22 2.493587e-17 3.701196e+02
605000 9.209831e-22 -2.179834e-22 2.494036e-17 1.334131e+02
606000 1.437693e-23 -1.239079e-22 2.507531e-17 2.082634e+00
607000 2.832056e-21 -5.351296e-22 2.508243e-17 4.102500e+02
608000 3.835646e-21 -8.595353e-23 2.511181e-17 5.556294e+02
609000 6.304674e-21 -9.211758e-23 2.511183e-17 9.132914e+02
610000 1.444198e-20 -9.525249e-23 2.511896e-17 2.092057e+03
611000 4.077321e-21 -7.314936e-22 2.511838e-17 5.906382e+02
612000 6.177836e-21 -9.952477e-22 2.523955e-17 8.949177e+02
613000 1.412765e-20 -5.767434e-22 2.529757e-17 2.046524e+03
614000 2.595240e-20 -2.144258e-20 2.533827e-17 3.759449e+03
615000 1.561093e-21 -3.448323e-20 2.528807e-17 2.261390e+02
616000 6.726627e-21 -3.451941e-20 2.529353e-17 9.744152e+02
617000 1.722503e-22 -3.300824e-20 2.538944e-17 2.495208e+01
618000 5.606012e-22 -2.331556e-20 2.542443e-17 8.120836e+01
619000 1.354667e-22 -3.329851e-20 2.542842e-17 1.962362e+01
620000 1.206801e-21 -3.983192e-20 2.559029e-17 1.748165e+02
621000 5.149546e-22 -4.104278e-20 2.566419e-17 7.459602e+01
622000 3.252645e-21 2.319248e-20 2.572622e-17 4.711762e+02
623000 4.845835e-23 1.848264e-20 2.569900e-17 7.019648e+00
624000 1.298839e-20 1.192860e-20 2.576948e-17 1.881491e+03
625000 7.750665e-21 1.057112e-20 2.575161e-17 1.122757e+03
626000 4.678034e-21 3.118497e-20 2.579586e-17 6.776573e+02
627000 3.188461e-22 1.656891e-20 2.586466e-17 4.618785e+01
628000 1.628120e-21 1.798221e-20 2.592944e-17 2.358485e+02
629000 1.098003e-21 3.953832e-21 2.604717e-17 1.590561e+02
630000 1.169896e-22 -3.096388e-21 2.606322e-17 1.694704e+01
631000 1.690693e-23 -1.536272e-20 2.606046e-17 2.449127e+00
632000 6.373279e-22 -1.854918e-20 2.611343e-17 9.232295e+01
633000 1.963657e-23 -1.602838e-20 2.619508e-17 2.844542e+00
634000 5.157259e-22 -4.372948e-21 2.619842e-17 7.470775e+01
635000 1.235652e-22 -1.557184e-20 2.619413e-17 1.789959e+01
636000 7.671421e-25 -1.212802e-20 2.623240e-17 1.111278e-01
637000 1.585134e-20 -3.976786e-20 2.624720e-17 2.296216e+03
638000 1.181133e-20 -3.690601e-20 2.631692e-17 1.710982e+03
639000 1.023731e-22 -3.090110e-20 2.646432e-17 1.482970e+01
640000 7.692769e-23 -9.447256e-22 2.651023e-17 1.114370e+01
641000 2.170708e-21 -1.206185e-21 2.651844e-17 3.144475e+02
642000 5.542638e-22 -3.413417e-21 2.655829e-17 8.029033e+01
643000 3.010967e-22 -3.390798e-21 2.663740e-17 4.361668e+01
644000 2.205372e-22 -3.231386e-21 2.663164e-17 3.194689e+01
645000 2.002634e-23 -2.727336e-21 2.663945e-17 2.901004e+00
646000 2.976307e-22 -2.364088e-21 2.663600e-17 4.311461e+01
647000 1.117321e-20 -5.589761e-21 2.672607e-17 1.618545e+03
648000 1.506933e-21 -5.378196e-21 2.675666e-17 2.182934e+02
649000 2.012758e-23 -4.523516e-21 2.676356e-17 2.915669e+00
650000 5.064792e-23 -5.725076e-21 2.676097e-17 7.336827e+00
651000 2.460226e-21 -5.652029e-21 2.675973e-17 3.563869e+02
652000 2.750905e-21 -5.533453e-21 2.675651e-17 3.984945e+02
653000 1.421459e-20 -2.606594e-21 2.689457e-17 2.059118e+03
654000 1.582097e-22 -3.552156e-20 2.693380e-17 2.291816e+01
655000 4.686599e-24 -3.558968e-20 2.693594e-17 6.788980e-01
656000 6.110398e-22 -3.582941e-20 2.695143e-17 8.851487e+01
657000 4.735779e-21 -3.547899e-20 2.693752e-17 6.860222e+02
658000 2.745900e-21 -3.545687e-20 2.693528e-17 3.977695e+02
659000 1.260289e-23 -3.226989e-20 2.703772e-17 1.825647e+00
660000 1.848752e-24 -3.398307e-20 2.702760e-17 2.678091e-01
661000 1.182801e-20 -3.069798e-20 2.709117e-17 1.713399e+03
662000 8.331078e-22 -2.109721e-20 2.707228e-17 1.206835e+02
663000 1.512602e-21 -2.948846e-20 2.711095e-17 2.191147e+02
664000 2.626093e-21 -3.754204e-20 2.721729e-17 3.804143e+02
665000 6.077623e-21 -3.983548e-20 2.726278e-17 8.804008e+02
666000 3.957394e-21 -4.044175e-20 2.730316e-17 5.732657e+02
667000 4.136302e-21 -3.959773e-20 2.734270e-17 5.991823e+02
668000 7.488046e-22 -4.032501e-20 2.734094e-17 1.084714e+02
669000 1.972196e-23 -4.095683e-20 2.733536e-17 2.856911e+00
670000 6.769089e-23 -4.098095e-20 2.733418e-17 9.805662e+00
671000 2.022691e-21 -3.981373e-20 2.742419e-17 2.930058e+02
672000 6.612461e-21 -3.833149e-20 2.751186e-17 9.578772e+02
673000 1.123059e-21 -3.895740e-20 2.755624e-17 1.626856e+02
674000 8.777887e-21 -4.061534e-20 2.755884e-17 1.271559e+03
675000 1.178660e-22 -2.208791e-20 2.753074e-17 1.707399e+01
676000 7.831064e-21 -3.021828e-20 2.756842e-17 1.134403e+03
677000 4.347309e-21 -3.167317e-20 2.765477e-17 6.297487e+02
678000 1.666736e-21 -3.139778e-20 2.770069e-17 2.414424e+02
679000 2.220134e-22 -4.061142e-20 2.781663e-17 3.216073e+01
680000 5.426346e-22 -4.061707e-20 2.785793e-17 7.860572e+01
681000 3.874113e-22 -3.939475e-20 2.798167e-17 5.612017e+01
682000 2.298969e-22 -3.928087e-20 2.798338e-17 3.330273e+01
683000 4.699387e-22 -3.904827e-20 2.802864e-17 6.807504e+01
684000 1.049226e-21 -3.992511e-20 2.806425e-17 1.519903e+02
685000 1.187914e-22 -2.987769e-20 2.821516e-17 1.720805e+01
686000 4.262357e-21 1.010624e-20 2.822968e-17 6.174426e+02
687000 1.033435e-21 2.195862e-20 2.822299e-17 1.497028e+02
688000 2.344549e-21 1.520379e-20 2.821781e-17 3.396300e+02
689000 8.239754e-24 1.490187e-20 2.821539e-17 1.193606e+00
690000 2.107139e-21 3.023522e-20 2.827234e-17 3.052389e+02
691000 3.273131e-21 1.647087e-20 2.830075e-17 4.741438e+02
692000 1.364917e-21 2.643956e-20 2.834781e-17 1.977211e+02
693000 1.923342e-21 1.447929e-20 2.837874e-17 2.786142e+02
694000 5.801242e-24 1.558629e-20 2.837604e-17 8.403645e-01
695000 5.059475e-22 1.410121e-20 2.837887e-17 7.329125e+01
696000 2.827590e-22 1.649515e-20 2.842468e-17 4.096030e+01
697000 1.112003e-22 1.513292e-20 2.841707e-17 1.610841e+01
698000 1.937628e-21 7.540692e-21 2.848269e-17 2.806836e+02
699000 6.841296e-22 -5.761337e-21 2.846909e-17 9.910261e+01
700000 2.561706e-22 -4.040017e-20 2.858684e-17 3.710872e+01
701000 1.256142e-21 -4.085000e-20 2.863669e-17 1.819640e+02
702000 6.883837e-22 -4.093146e-20 2.862632e-17 9.971885e+01
703000 2.658977e-21 -4.060598e-20 2.875195e-17 3.851779e+02
704000 1.523874e-22 -3.814223e-20 2.888399e-17 2.207475e+01
705000 2.593644e-21 -3.016558e-20 2.889960e-17 3.757137e+02
706000 1.004760e-21 -2.226405e-20 2.899073e-17 1.455489e+02
707000 3.047613e-22 -2.415320e-20 2.898381e-17 4.414754e+01
708000 2.201843e-21 -2.258732e-20 2.903537e-17 3.189576e+02
709000 1.018358e-21 -3.655323e-20 2.906919e-17 1.475188e+02
710000 3.828550e-21 -3.170569e-20 2.906688e-17 5.546014e+02
711000 1.207104e-23 -3.198093e-20 2.911838e-17 1.748603e+00
712000 1.621522e-21 -2.926548e-20 2.911429e-17 2.348928e+02
713000 3.672045e-21 -3.779219e-20 2.916971e-17 5.319302e+02
714000 2.729833e-22 -3.434997e-20 2.919765e-17 3.954420e+01
715000 8.445292e-24 -3.613194e-20 2.918714e-17 1.223380e+00
716000 1.091432e-22 -3.515311e-20 2.918595e-17 1.581042e+01
717000 3.560409e-25 -3.461203e-20 2.927343e-17 5.157587e-02
718000 5.699016e-21 -4.012158e-20 2.928742e-17 8.255561e+02
719000 6.434278e-25 -4.006306e-20 2.928119e-17 9.320657e-02
720000 7.741146e-22 -3.987107e-20 2.937265e-17 1.121378e+02
721000 9.218027e-22 -1.929471e-20 2.944452e-17 1.335318e+02
722000 4.377650e-23 -2.406845e-20 2.944297e-17 6.341438e+00
723000 1.579576e-20 -5.756781e-21 2.949283e-17 2.288165e+03
724000 1.739119e-21 2.710478e-21 2.951803e-17 2.519278e+02
725000 3.095975e-21 -1.400952e-20 2.956930e-17 4.484811e+02
726000 1.376953e-21 -3.825662e-21 2.955843e-17 1.994646e+02
727000 2.237986e-21 -1.094023e-20 2.960199e-17 3.241934e+02
728000 1.522884e-21 -1.248980e-20 2.965246e-17 2.206041e+02
729000 9.366598e-22 3.123891e-20 2.967220e-17 1.356840e+02
730000 3.417025e-21 2.947984e-20 2.971356e-17 4.949882e+02
731000 5.990602e-22 4.087539e-20 2.980151e-17 8.677950e+01
732000 2.679934e-22 3.935815e-20 2.980015e-17 3.882137e+01
733000 7.460816e-23 3.780865e-20 2.980167e-17 1.080769e+01
734000 7.508994e-21 4.004678e-20 2.980773e-17 1.087748e+03
735000 2.310218e-22 3.820450e-20 2.980089e-17 3.346568e+01
736000 8.764548e-22 4.040222e-20 2.980137e-17 1.269627e+02
737000 1.058914e-20 4.774560e-20 2.989986e-17 1.533936e+03
738000 2.170138e-21 -1.461518e-20 2.997120e-17 3.143649e+02
739000 6.232054e-24 -1.340739e-20 3.005584e-17 9.027717e-01
740000 3.953239e-21 -2.571583e-20 3.012783e-17 5.726639e+02
741000 4.377698e-22 -2.108551e-20 3.013237e-17 6.341507e+01
742000 1.087323e-21 8.010121e-21 3.020090e-17 1.575090e+02
743000 6.624438e-21 -8.204384e-21 3.028944e-17 9.596121e+02
744000 2.999519e-22 9.323786e-21 3.031810e-17 4.345085e+01
745000 9.406605e-22 6.423172e-20 3.046517e-17 1.362635e+02
746000 4.067736e-22 6.443087e-20 3.046484e-17 5.892498e+01
747000 5.217741e-23 6.265877e-20 3.046274e-17 7.558388e+00
748000 1.347636e-23 6.814103e-20 3.051779e-17 1.952177e+00
749000 1.068923e-20 4.019379e-20 3.062585e-17 1.548436e+03
750000 2.296580e-23 4.121059e-20 3.065693e-17 3.326813e+00
751000 2.405338e-22 1.245048e-20 3.069432e-17 3.484358e+01
752000 5.906719e-21 6.687381e-20 3.082144e-17 8.556438e+02
753000 4.173096e-23 5.943536e-20 3.078221e-17 6.045123e+00
754000 1.109156e-22 8.381820e-20 3.092397e-17 1.606716e+01
755000 4.751837e-21 7.339605e-20 3.097310e-17 6.883483e+02
756000 3.281121e-21 4.886313e-20 3.095625e-17 4.753012e+02
757000 5.457792e-21 7.395942e-20 3.101616e-17 7.906126e+02
758000 3.685759e-21 4.820090e-20 3.101318e-17 5.339169e+02
759000 4.687657e-21 3.854014e-20 3.098768e-17 6.790512e+02
760000 8.077529e-21 1.650651e-20 3.097548e-17 1.170106e+03
761000 2.626015e-23 1.579288e-20 3.097288e-17 3.804030e+00
762000 6.295257e-22 2.189342e-20 3.105720e-17 9.119272e+01
763000 7.282150e-22 2.017414e-20 3.105992e-17 1.054888e+02
764000 9.555665e-22 2.307761e-20 3.110689e-17 1.384228e+02
765000 1.380457e-21 2.167218e-20 3.121545e-17 1.999721e+02
766000 8.256769e-22 1.474950e-20 3.119942e-17 1.196071e+02
767000 2.193330e-20 -3.661254e-20 3.127156e-17 3.177245e+03
768000 3.507039e-24 -3.334496e-20 3.124782e-17 5.080275e-01
769000 2.358186e-22 -3.402660e-20 3.124249e-17 3.416054e+01
770000 1.384302e-21 -3.299301e-20 3.128488e-17 2.005291e+02
771000 3.382032e-22 -3.756579e-20 3.132629e-17 4.899192e+01
772000 4.517745e-21 -3.904870e-20 3.148075e-17 6.544379e+02
773000 3.208644e-22 -5.784077e-23 3.143718e-17 4.648022e+01
774000 3.743774e-21 -1.609361e-21 3.159683e-17 5.423209e+02
775000 2.319039e-22 -2.882746e-20 3.159851e-17 3.359346e+01
776000 2.426091e-22 -1.569780e-20 3.166105e-17 3.514421e+01
777000 1.941658e-22 -1.348592e-20 3.165487e-17 2.812674e+01
778000 2.050906e-22 -1.433466e-20 3.164855e-17 2.970930e+01
779000 1.467135e-20 -3.518681e-20 3.174945e-17 2.125282e+03
780000 7.931324e-23 3.118742e-21 3.178574e-17 1.148927e+01
781000 4.015916e-22 1.072191e-21 3.179005e-17 5.817433e+01
782000 8.316482e-22 8.863520e-21 3.187144e-17 1.204721e+02
783000 7.938997e-21 3.534231e-20 3.199931e-17 1.150038e+03
784000 1.348704e-22 5.736044e-20 3.208802e-17 1.953725e+01
785000 5.815345e-22 5.937616e-20 3.212976e-17 8.424075e+01
786000 4.454115e-21 7.034426e-20 3.217444e-17 6.452205e+02
787000 4.165764e-21 3.828593e-20 3.222849e-17 6.034501e+02
788000 9.691336e-24 3.944534e-20 3.222409e-17 1.403881e+00
789000 5.453159e-22 -2.336407e-20 3.226399e-17 7.899415e+01
790000 5.340799e-22 -2.727893e-20 3.231511e-17 7.736649e+01
791000 1.313310e-21 -2.831750e-20 3.235385e-17 1.902454e+02
792000 4.605384e-21 -6.218465e-21 3.235392e-17 6.671333e+02
793000 2.226876e-23 -1.092758e-20 3.238328e-17 3.225840e+00
794000 5.704482e-22 -1.269875e-20 3.240849e-17 8.263479e+01
795000 2.216519e-22 -1.264841e-20 3.240836e-17 3.210837e+01
796000 1.873946e-21 -1.287310e-20 3.246755e-17 2.714587e+02
797000 1.703985e-22 -9.719300e-21 3.246224e-17 2.468383e+01
798000 1.141381e-20 -1.018401e-20 3.251480e-17 1.653398e+03
799000 3.774315e-21 -1.016558e-20 3.250665e-17 5.467451e+02
800000 1.697131e-21 -8.963407e-21 3.255577e-17 2.458455e+02
801000 1.916400e-22 -2.684943e-20 3.262522e-17 2.776086e+01
802000 4.050135e-22 -3.080077e-20 3.262987e-17 5.867002e+01
803000 8.937201e-22 -2.321035e-20 3.266722e-17 1.294638e+02
804000 1.995364e-21 -2.428025e-20 3.271138e-17 2.890472e+02
805000 1.485139e-22 -2.055764e-20 3.275439e-17 2.151364e+01
806000 1.537635e-21 -1.126311e-20 3.278162e-17 2.227409e+02
807000 1.526113e-22 -9.414304e-21 3.287972e-17 2.210718e+01
808000 1.389938e-21 -9.721661e-21 3.292906e-17 2.013456e+02
809000 3.692500e-21 -4.955708e-21 3.299685e-17 5.348934e+02
810000 1.129229e-21 -9.868512e-21 3.305031e-17 1.635794e+02
811000 2.797653e-21 -5.449363e-21 3.302972e-17 4.052664e+02
812000 5.332902e-21 -5.823923e-21 3.304200e-17 7.725210e+02
813000 4.376600e-21 -5.554301e-21 3.311818e-17 6.339917e+02
814000 3.720938e-21 -5.021500e-21 3.317151e-17 5.390128e+02
815000 4.955562e-22 -7.759528e-21 3.318422e-17 7.178598e+01
816000 3.488136e-21 -6.819758e-21 3.324414e-17 5.052894e+02
817000 1.888360e-21 -7.760294e-21 3.324546e-17 2.735467e+02
818000 2.076270e-23 -5.827510e-21 3.332585e-17 3.007673e+00
819000 5.866352e-21 -5.715417e-21 3.333124e-17 8.497962e+02
820000 3.305215e-21 -5.895891e-21 3.333207e-17 4.787914e+02
821000 1.612840e-21 -4.988014e-21 3.338042e-17 2.336350e+02
822000 6.845806e-21 -5.745025e-21 3.343052e-17 9.916795e+02
823000 1.093279e-20 -2.156938e-21 3.347397e-17 1.583717e+03
824000 1.946420e-21 -1.814253e-21 3.345917e-17 2.819573e+02
825000 4.073489e-21 -1.963956e-21 3.350407e-17 5.900832e+02
826000 4.604195e-21 -1.819421e-21 3.350168e-17 6.669609e+02
827000 2.312045e-21 -1.689209e-21 3.350317e-17 3.349215e+02
828000 1.798049e-23 -2.868251e-21 3.354540e-17 2.604644e+00
829000 2.596829e-23 -2.197147e-21 3.358374e-17 3.761751e+00
830000 9.480899e-24 -2.743644e-21 3.358475e-17 1.373397e+00
831000 2.021828e-21 -1.846298e-21 3.358558e-17 2.928808e+02
832000 5.220680e-21 -9.371270e-22 3.368049e-17 7.562646e+02
833000 2.432308e-21 -1.925652e-21 3.366293e-17 3.523427e+02
834000 4.587196e-21 -1.797753e-21 3.367388e-17 6.644985e+02
835000 4.324270e-22 -4.040876e-22 3.372087e-17 6.264112e+01
836000 1.533765e-20 -7.523838e-22 3.381644e-17 2.221804e+03
837000 1.224548e-22 -9.183950e-22 3.379839e-17 1.773873e+01
838000 5.779917e-22 -2.784889e-22 3.388726e-17 8.372753e+01
839000 3.409099e-22 -8.807603e-22 3.395785e-17 4.938401e+01
840000 3.097947e-21 -4.771161e-22 3.409343e-17 4.487667e+02
841000 1.956355e-21 -1.226454e-21 3.416250e-17 2.833964e+02
842000 1.556490e-22 -1.110584e-22 3.432437e-17 2.254722e+01
843000 2.780973e-23 -3.576595e-22 3.432592e-17 4.028501e+00
844000 5.198444e-21 -4.238871e-22 3.432799e-17 7.530436e+02
845000 1.484547e-20 -1.681713e-20 3.448947e-17 2.150507e+03
846000 6.106645e-21 -3.707874e-20 3.451204e-17 8.846049e+02
847000 2.933283e-21 -3.871113e-20 3.455296e-17 4.249136e+02
848000 1.697768e-21 -3.704078e-20 3.463491e-17 2.459376e+02
849000 5.753834e-22 -3.694055e-20 3.463685e-17 8.334970e+01
850000 1.246384e-24 -4.040343e-20 3.468766e-17 1.805505e-01
851000 3.039346e-21 -4.089150e-20 3.468347e-17 4.402779e+02
852000 8.039720e-21 -3.829998e-20 3.472522e-17 1.164629e+03
853000 2.704541e-21 -3.491370e-20 3.481464e-17 3.917782e+02
854000 1.999420e-22 -3.497327e-20 3.485140e-17 2.896349e+01
855000 6.455124e-22 -2.530850e-20 3.493261e-17 9.350854e+01
856000 1.741209e-22 -1.658621e-20 3.507865e-17 2.522305e+01
857000 2.438735e-22 -1.335185e-21 3.511214e-17 3.532738e+01
858000 2.034771e-22 -1.392450e-20 3.509169e-17 2.947557e+01
859000 2.668660e-21 -1.311565e-20 3.510333e-17 3.865806e+02
860000 8.783636e-21 -1.369368e-20 3.516153e-17 1.272392e+03
861000 1.120878e-22 -1.723214e-20 3.515166e-17 1.623697e+01
862000 2.848668e-23 4.521579e-20 3.518286e-17 4.126564e+00
863000 2.702950e-22 -3.066685e-20 3.517710e-17 3.915478e+01
864000 3.667426e-23 -3.682601e-20 3.526247e-17 5.312612e+00
865000 1.371167e-21 -3.784971e-20 3.525926e-17 1.986264e+02
866000 1.500556e-21 -3.770970e-20 3.526018e-17 2.173696e+02
867000 8.746345e-22 -3.811711e-20 3.528071e-17 1.266990e+02
868000 1.419242e-21 -3.371492e-20 3.530451e-17 2.055905e+02
869000 4.014732e-21 -3.267398e-20 3.536429e-17 5.815717e+02
870000 5.627758e-22 -3.601553e-20 3.552407e-17 8.152337e+01
871000 1.819255e-21 -3.853573e-21 3.559856e-17 2.635362e+02
872000 2.890761e-21 -1.966281e-20 3.560138e-17 4.187540e+02
873000 8.838271e-21 -1.059396e-20 3.565044e-17 1.280307e+03
874000 5.898581e-21 4.861264e-20 3.573451e-17 8.544650e+02
875000 3.543443e-21 3.402391e-20 3.575764e-17 5.133011e+02
876000 4.307836e-21 3.964784e-20 3.586303e-17 6.240305e+02
877000 7.232078e-23 -2.885470e-20 3.587023e-17 1.047635e+01
878000 1.467309e-21 -2.834811e-20 3.587070e-17 2.125535e+02
879000 2.990080e-21 -2.874905e-20 3.587054e-17 4.331413e+02
