FX FY FZ 
-5.968094e-10 0.000000e+00 0.000000e+00
-6.049588e-13 0.000000e+00 0.000000e+00
1.136191e-10 0.000000e+00 0.000000e+00
2.900786e-10 0.000000e+00 0.000000e+00
1.188402e-10 0.000000e+00 0.000000e+00
-2.581213e-10 0.000000e+00 0.000000e+00
5.209477e-10 0.000000e+00 0.000000e+00
3.571471e-10 0.000000e+00 0.000000e+00
4.069809e-10 0.000000e+00 0.000000e+00
5.442940e-10 0.000000e+00 0.000000e+00
-9.667093e-10 0.000000e+00 0.000000e+00
-1.729378e-10 0.000000e+00 0.000000e+00
-3.913414e-10 0.000000e+00 0.000000e+00
-1.738787e-10 0.000000e+00 0.000000e+00
1.295023e-10 0.000000e+00 0.000000e+00
2.173535e-10 0.000000e+00 0.000000e+00
2.239824e-10 0.000000e+00 0.000000e+00
1.914063e-10 0.000000e+00 0.000000e+00
2.083403e-10 0.000000e+00 0.000000e+00
4.310981e-10 0.000000e+00 0.000000e+00
3.488691e-10 0.000000e+00 0.000000e+00
3.054189e-10 0.000000e+00 0.000000e+00
2.976467e-10 0.000000e+00 0.000000e+00
3.477000e-10 0.000000e+00 0.000000e+00
4.477306e-10 0.000000e+00 0.000000e+00
5.865251e-10 0.000000e+00 0.000000e+00
4.883266e-10 0.000000e+00 0.000000e+00
-8.105743e-10 0.000000e+00 0.000000e+00
-4.906690e-10 0.000000e+00 0.000000e+00
-5.267107e-10 0.000000e+00 0.000000e+00
-5.491418e-10 0.000000e+00 0.000000e+00
-7.819515e-10 0.000000e+00 0.000000e+00
-2.317450e-10 0.000000e+00 0.000000e+00
3.202628e-11 0.000000e+00 0.000000e+00
-6.228665e-11 0.000000e+00 0.000000e+00
1.110732e-10 0.000000e+00 0.000000e+00
-1.001394e-10 0.000000e+00 0.000000e+00
3.939071e-11 0.000000e+00 0.000000e+00
1.369180e-10 0.000000e+00 0.000000e+00
1.862873e-11 0.000000e+00 0.000000e+00
1.424733e-10 0.000000e+00 0.000000e+00
1.547284e-11 0.000000e+00 0.000000e+00
7.639577e-11 0.000000e+00 0.000000e+00
-5.588486e-10 0.000000e+00 0.000000e+00
-4.793006e-10 0.000000e+00 0.000000e+00
-5.086426e-10 0.000000e+00 0.000000e+00
-4.817530e-10 0.000000e+00 0.000000e+00
-5.193006e-10 0.000000e+00 0.000000e+00
-5.246741e-10 0.000000e+00 0.000000e+00
-5.607579e-10 0.000000e+00 0.000000e+00
-5.123098e-10 0.000000e+00 0.000000e+00
-6.637281e-10 0.000000e+00 0.000000e+00
-1.785714e-09 0.000000e+00 0.000000e+00
-1.708668e-09 0.000000e+00 0.000000e+00
-1.583513e-09 0.000000e+00 0.000000e+00
-1.451430e-09 0.000000e+00 0.000000e+00
-9.744085e-10 0.000000e+00 0.000000e+00
-1.157584e-09 0.000000e+00 0.000000e+00
-8.426806e-10 0.000000e+00 0.000000e+00
-9.311177e-10 0.000000e+00 0.000000e+00
-8.582172e-10 0.000000e+00 0.000000e+00
-5.897821e-10 0.000000e+00 0.000000e+00
-5.339366e-10 0.000000e+00 0.000000e+00
-1.671190e-09 0.000000e+00 0.000000e+00
-1.421172e-09 0.000000e+00 0.000000e+00
-1.466798e-09 0.000000e+00 0.000000e+00
-2.288268e-09 0.000000e+00 0.000000e+00
-1.115345e-09 0.000000e+00 0.000000e+00
-9.397190e-10 0.000000e+00 0.000000e+00
-1.001340e-09 0.000000e+00 0.000000e+00
-8.101532e-10 0.000000e+00 0.000000e+00
-1.139970e-10 0.000000e+00 0.000000e+00
-2.305839e-10 0.000000e+00 0.000000e+00
-2.027882e-10 0.000000e+00 0.000000e+00
-1.161999e-10 0.000000e+00 0.000000e+00
5.323846e-10 0.000000e+00 0.000000e+00
5.571194e-10 0.000000e+00 0.000000e+00
3.231530e-10 0.000000e+00 0.000000e+00
3.656948e-10 0.000000e+00 0.000000e+00
-5.125017e-10 0.000000e+00 0.000000e+00
-4.829369e-10 0.000000e+00 0.000000e+00
-1.430330e-09 0.000000e+00 0.000000e+00
-1.888113e-11 0.000000e+00 0.000000e+00
-9.994778e-12 0.000000e+00 0.000000e+00
6.169555e-10 0.000000e+00 0.000000e+00
5.911534e-10 0.000000e+00 0.000000e+00
5.364255e-10 0.000000e+00 0.000000e+00
6.235234e-10 0.000000e+00 0.000000e+00
6.220469e-10 0.000000e+00 0.000000e+00
5.663718e-10 0.000000e+00 0.000000e+00
5.694145e-10 0.000000e+00 0.000000e+00
-2.046043e-10 0.000000e+00 0.000000e+00
-2.847600e-10 0.000000e+00 0.000000e+00
-2.750518e-10 0.000000e+00 0.000000e+00
3.452181e-10 0.000000e+00 0.000000e+00
5.602595e-10 0.000000e+00 0.000000e+00
6.318543e-10 0.000000e+00 0.000000e+00
6.325544e-10 0.000000e+00 0.000000e+00
6.313157e-10 0.000000e+00 0.000000e+00
6.317511e-10 0.000000e+00 0.000000e+00
6.310995e-10 0.000000e+00 0.000000e+00
6.323957e-10 0.000000e+00 0.000000e+00
6.323152e-10 0.000000e+00 0.000000e+00
6.325357e-10 0.000000e+00 0.000000e+00
6.304668e-10 0.000000e+00 0.000000e+00
6.224542e-10 0.000000e+00 0.000000e+00
4.216133e-10 0.000000e+00 0.000000e+00
4.638099e-10 0.000000e+00 0.000000e+00
4.594428e-10 0.000000e+00 0.000000e+00
5.437488e-10 0.000000e+00 0.000000e+00
4.948149e-10 0.000000e+00 0.000000e+00
4.954917e-10 0.000000e+00 0.000000e+00
5.302519e-10 0.000000e+00 0.000000e+00
6.326443e-10 0.000000e+00 0.000000e+00
6.309400e-10 0.000000e+00 0.000000e+00
2.182608e-10 0.000000e+00 0.000000e+00
2.357793e-10 0.000000e+00 0.000000e+00
2.400229e-10 0.000000e+00 0.000000e+00
2.523831e-10 0.000000e+00 0.000000e+00
2.320925e-10 0.000000e+00 0.000000e+00
1.597444e-10 0.000000e+00 0.000000e+00
-1.842111e-10 0.000000e+00 0.000000e+00
-1.633936e-11 0.000000e+00 0.000000e+00
-1.965499e-10 0.000000e+00 0.000000e+00
-1.678303e-10 0.000000e+00 0.000000e+00
-1.277644e-10 0.000000e+00 0.000000e+00
-2.965622e-10 0.000000e+00 0.000000e+00
-3.409200e-10 0.000000e+00 0.000000e+00
-1.128598e-09 0.000000e+00 0.000000e+00
-1.052084e-09 0.000000e+00 0.000000e+00
-9.453130e-10 0.000000e+00 0.000000e+00
-1.157884e-09 0.000000e+00 0.000000e+00
5.728737e-10 0.000000e+00 0.000000e+00
5.164089e-10 0.000000e+00 0.000000e+00
4.837288e-10 0.000000e+00 0.000000e+00
4.802291e-10 0.000000e+00 0.000000e+00
4.898540e-10 0.000000e+00 0.000000e+00
5.980753e-10 0.000000e+00 0.000000e+00
6.237004e-10 0.000000e+00 0.000000e+00
6.026840e-10 0.000000e+00 0.000000e+00
5.987005e-10 0.000000e+00 0.000000e+00
5.778027e-10 0.000000e+00 0.000000e+00
6.027271e-10 0.000000e+00 0.000000e+00
5.954348e-10 0.000000e+00 0.000000e+00
5.630691e-10 0.000000e+00 0.000000e+00
5.650225e-10 0.000000e+00 0.000000e+00
5.095495e-10 0.000000e+00 0.000000e+00
5.663357e-10 0.000000e+00 0.000000e+00
5.689047e-10 0.000000e+00 0.000000e+00
5.708750e-10 0.000000e+00 0.000000e+00
6.166971e-10 0.000000e+00 0.000000e+00
6.199496e-10 0.000000e+00 0.000000e+00
6.136823e-10 0.000000e+00 0.000000e+00
6.299216e-10 0.000000e+00 0.000000e+00
5.901730e-10 0.000000e+00 0.000000e+00
5.652110e-10 0.000000e+00 0.000000e+00
5.258680e-10 0.000000e+00 0.000000e+00
5.663096e-10 0.000000e+00 0.000000e+00
5.426203e-10 0.000000e+00 0.000000e+00
5.947599e-10 0.000000e+00 0.000000e+00
6.092389e-10 0.000000e+00 0.000000e+00
5.981476e-10 0.000000e+00 0.000000e+00
6.311654e-10 0.000000e+00 0.000000e+00
6.073686e-10 0.000000e+00 0.000000e+00
6.306665e-10 0.000000e+00 0.000000e+00
6.225178e-10 0.000000e+00 0.000000e+00
6.182287e-10 0.000000e+00 0.000000e+00
6.319913e-10 0.000000e+00 0.000000e+00
6.152821e-10 0.000000e+00 0.000000e+00
2.322021e-10 0.000000e+00 0.000000e+00
2.350983e-10 0.000000e+00 0.000000e+00
-1.487829e-11 0.000000e+00 0.000000e+00
9.473627e-11 0.000000e+00 0.000000e+00
2.337696e-10 0.000000e+00 0.000000e+00
2.445001e-10 0.000000e+00 0.000000e+00
2.548261e-10 0.000000e+00 0.000000e+00
4.103466e-10 0.000000e+00 0.000000e+00
4.070503e-10 0.000000e+00 0.000000e+00
3.686409e-10 0.000000e+00 0.000000e+00
4.501183e-10 0.000000e+00 0.000000e+00
5.443917e-10 0.000000e+00 0.000000e+00
3.133525e-10 0.000000e+00 0.000000e+00
2.876506e-10 0.000000e+00 0.000000e+00
4.735466e-10 0.000000e+00 0.000000e+00
5.511395e-10 0.000000e+00 0.000000e+00
5.443074e-10 0.000000e+00 0.000000e+00
5.458828e-10 0.000000e+00 0.000000e+00
4.968925e-10 0.000000e+00 0.000000e+00
6.113684e-10 0.000000e+00 0.000000e+00
6.031263e-10 0.000000e+00 0.000000e+00
6.303966e-10 0.000000e+00 0.000000e+00
5.657676e-10 0.000000e+00 0.000000e+00
5.134006e-10 0.000000e+00 0.000000e+00
5.554797e-10 0.000000e+00 0.000000e+00
5.145023e-10 0.000000e+00 0.000000e+00
3.139315e-10 0.000000e+00 0.000000e+00
3.511303e-10 0.000000e+00 0.000000e+00
2.412163e-10 0.000000e+00 0.000000e+00
3.443395e-10 0.000000e+00 0.000000e+00
-2.286101e-11 0.000000e+00 0.000000e+00
-2.256053e-11 0.000000e+00 0.000000e+00
1.495075e-10 0.000000e+00 0.000000e+00
1.538712e-10 0.000000e+00 0.000000e+00
2.452761e-10 0.000000e+00 0.000000e+00
2.065928e-10 0.000000e+00 0.000000e+00
6.615313e-11 0.000000e+00 0.000000e+00
1.339350e-10 0.000000e+00 0.000000e+00
1.479719e-10 0.000000e+00 0.000000e+00
-2.312706e-11 0.000000e+00 0.000000e+00
2.012721e-10 0.000000e+00 0.000000e+00
2.037560e-10 0.000000e+00 0.000000e+00
3.861322e-10 0.000000e+00 0.000000e+00
4.562574e-10 0.000000e+00 0.000000e+00
4.488474e-10 0.000000e+00 0.000000e+00
4.702129e-10 0.000000e+00 0.000000e+00
4.385332e-10 0.000000e+00 0.000000e+00
5.063873e-10 0.000000e+00 0.000000e+00
5.377837e-10 0.000000e+00 0.000000e+00
5.371457e-10 0.000000e+00 0.000000e+00
3.432642e-10 0.000000e+00 0.000000e+00
6.080214e-10 0.000000e+00 0.000000e+00
5.454836e-10 0.000000e+00 0.000000e+00
-6.305817e-10 0.000000e+00 0.000000e+00
1.361885e-10 0.000000e+00 0.000000e+00
1.281389e-10 0.000000e+00 0.000000e+00
-5.096128e-10 0.000000e+00 0.000000e+00
-4.600915e-10 0.000000e+00 0.000000e+00
-5.009170e-10 0.000000e+00 0.000000e+00
-4.603516e-10 0.000000e+00 0.000000e+00
-5.578416e-10 0.000000e+00 0.000000e+00
-3.079938e-10 0.000000e+00 0.000000e+00
-4.244672e-10 0.000000e+00 0.000000e+00
2.698692e-10 0.000000e+00 0.000000e+00
-1.779109e-10 0.000000e+00 0.000000e+00
4.272865e-10 0.000000e+00 0.000000e+00
2.388585e-10 0.000000e+00 0.000000e+00
3.079764e-10 0.000000e+00 0.000000e+00
2.850948e-10 0.000000e+00 0.000000e+00
4.727291e-11 0.000000e+00 0.000000e+00
-2.594064e-10 0.000000e+00 0.000000e+00
4.942102e-11 0.000000e+00 0.000000e+00
8.115975e-12 0.000000e+00 0.000000e+00
-1.833181e-11 0.000000e+00 0.000000e+00
3.242088e-11 0.000000e+00 0.000000e+00
8.902370e-11 0.000000e+00 0.000000e+00
1.753727e-10 0.000000e+00 0.000000e+00
1.990827e-10 0.000000e+00 0.000000e+00
2.097154e-10 0.000000e+00 0.000000e+00
2.138051e-10 0.000000e+00 0.000000e+00
1.380500e-10 0.000000e+00 0.000000e+00
2.451808e-10 0.000000e+00 0.000000e+00
2.297204e-10 0.000000e+00 0.000000e+00
-8.374534e-12 0.000000e+00 0.000000e+00
-2.880756e-10 0.000000e+00 0.000000e+00
-3.039000e-10 0.000000e+00 0.000000e+00
-4.781948e-10 0.000000e+00 0.000000e+00
-5.071349e-10 0.000000e+00 0.000000e+00
-3.097024e-10 0.000000e+00 0.000000e+00
-3.080760e-10 0.000000e+00 0.000000e+00
5.496042e-10 0.000000e+00 0.000000e+00
7.950010e-10 0.000000e+00 0.000000e+00
4.427938e-10 0.000000e+00 0.000000e+00
2.085289e-10 0.000000e+00 0.000000e+00
-4.430513e-10 0.000000e+00 0.000000e+00
-5.073434e-10 0.000000e+00 0.000000e+00
-5.134371e-10 0.000000e+00 0.000000e+00
-6.314481e-10 0.000000e+00 0.000000e+00
-6.068398e-10 0.000000e+00 0.000000e+00
-5.431478e-10 0.000000e+00 0.000000e+00
-5.111340e-10 0.000000e+00 0.000000e+00
-6.140800e-10 0.000000e+00 0.000000e+00
-6.323390e-10 0.000000e+00 0.000000e+00
-6.326308e-10 0.000000e+00 0.000000e+00
-6.308149e-10 0.000000e+00 0.000000e+00
-6.299058e-10 0.000000e+00 0.000000e+00
-6.319854e-10 0.000000e+00 0.000000e+00
-5.423462e-10 0.000000e+00 0.000000e+00
-6.100060e-10 0.000000e+00 0.000000e+00
-6.115643e-10 0.000000e+00 0.000000e+00
-6.120749e-10 0.000000e+00 0.000000e+00
-6.327474e-10 0.000000e+00 0.000000e+00
-6.323507e-10 0.000000e+00 0.000000e+00
-6.326036e-10 0.000000e+00 0.000000e+00
-6.327139e-10 0.000000e+00 0.000000e+00
-6.325863e-10 0.000000e+00 0.000000e+00
-6.321068e-10 0.000000e+00 0.000000e+00
-5.913871e-10 0.000000e+00 0.000000e+00
-6.327749e-10 0.000000e+00 0.000000e+00
6.142106e-10 0.000000e+00 0.000000e+00
-7.743023e-12 0.000000e+00 0.000000e+00
-1.155375e-10 0.000000e+00 0.000000e+00
-1.809460e-10 0.000000e+00 0.000000e+00
3.433118e-10 0.000000e+00 0.000000e+00
2.589519e-11 0.000000e+00 0.000000e+00
2.036268e-10 0.000000e+00 0.000000e+00
2.287167e-10 0.000000e+00 0.000000e+00
1.184403e-10 0.000000e+00 0.000000e+00
1.063610e-09 0.000000e+00 0.000000e+00
1.802425e-09 0.000000e+00 0.000000e+00
1.325733e-09 0.000000e+00 0.000000e+00
1.599119e-09 0.000000e+00 0.000000e+00
1.160107e-09 0.000000e+00 0.000000e+00
1.159331e-09 0.000000e+00 0.000000e+00
-5.725409e-10 0.000000e+00 0.000000e+00
-5.668945e-10 0.000000e+00 0.000000e+00
-5.656602e-10 0.000000e+00 0.000000e+00
-5.640796e-10 0.000000e+00 0.000000e+00
-1.258151e-10 0.000000e+00 0.000000e+00
-1.622379e-10 0.000000e+00 0.000000e+00
-9.286890e-11 0.000000e+00 0.000000e+00
-2.231716e-10 0.000000e+00 0.000000e+00
8.133894e-10 0.000000e+00 0.000000e+00
3.619621e-10 0.000000e+00 0.000000e+00
3.067950e-10 0.000000e+00 0.000000e+00
5.273373e-10 0.000000e+00 0.000000e+00
5.084599e-10 0.000000e+00 0.000000e+00
5.186167e-10 0.000000e+00 0.000000e+00
5.239771e-10 0.000000e+00 0.000000e+00
5.027320e-10 0.000000e+00 0.000000e+00
-2.387240e-10 0.000000e+00 0.000000e+00
-2.165951e-10 0.000000e+00 0.000000e+00
-4.798568e-10 0.000000e+00 0.000000e+00
-4.839416e-10 0.000000e+00 0.000000e+00
1.483795e-10 0.000000e+00 0.000000e+00
-1.575469e-10 0.000000e+00 0.000000e+00
-2.386074e-10 0.000000e+00 0.000000e+00
-3.477582e-10 0.000000e+00 0.000000e+00
-3.572123e-10 0.000000e+00 0.000000e+00
-3.398096e-10 0.000000e+00 0.000000e+00
-2.830098e-10 0.000000e+00 0.000000e+00
-2.751856e-10 0.000000e+00 0.000000e+00
-4.810090e-10 0.000000e+00 0.000000e+00
-4.789347e-10 0.000000e+00 0.000000e+00
1.460186e-10 0.000000e+00 0.000000e+00
4.820102e-11 0.000000e+00 0.000000e+00
-3.466855e-10 0.000000e+00 0.000000e+00
-2.129699e-10 0.000000e+00 0.000000e+00
-3.614947e-10 0.000000e+00 0.000000e+00
-1.278712e-10 0.000000e+00 0.000000e+00
-1.185443e-10 0.000000e+00 0.000000e+00
-1.289509e-10 0.000000e+00 0.000000e+00
-3.480951e-10 0.000000e+00 0.000000e+00
-3.516669e-10 0.000000e+00 0.000000e+00
-3.643939e-10 0.000000e+00 0.000000e+00
-3.060234e-10 0.000000e+00 0.000000e+00
9.791587e-10 0.000000e+00 0.000000e+00
9.977018e-10 0.000000e+00 0.000000e+00
3.929236e-10 0.000000e+00 0.000000e+00
3.996955e-10 0.000000e+00 0.000000e+00
3.308171e-10 0.000000e+00 0.000000e+00
3.568516e-10 0.000000e+00 0.000000e+00
3.774923e-10 0.000000e+00 0.000000e+00
3.580905e-10 0.000000e+00 0.000000e+00
3.572720e-10 0.000000e+00 0.000000e+00
1.331168e-10 0.000000e+00 0.000000e+00
1.408853e-09 0.000000e+00 0.000000e+00
1.643256e-09 0.000000e+00 0.000000e+00
7.749453e-10 0.000000e+00 0.000000e+00
2.963348e-10 0.000000e+00 0.000000e+00
9.315925e-11 0.000000e+00 0.000000e+00
-2.702583e-10 0.000000e+00 0.000000e+00
-1.343982e-10 0.000000e+00 0.000000e+00
-1.357531e-10 0.000000e+00 0.000000e+00
1.111943e-10 0.000000e+00 0.000000e+00
7.345467e-10 0.000000e+00 0.000000e+00
1.029007e-09 0.000000e+00 0.000000e+00
1.089491e-09 0.000000e+00 0.000000e+00
8.297590e-10 0.000000e+00 0.000000e+00
8.628039e-10 0.000000e+00 0.000000e+00
1.756818e-09 0.000000e+00 0.000000e+00
2.053361e-09 0.000000e+00 0.000000e+00
1.748101e-09 0.000000e+00 0.000000e+00
1.266986e-09 0.000000e+00 0.000000e+00
1.333734e-09 0.000000e+00 0.000000e+00
-1.315777e-10 0.000000e+00 0.000000e+00
-3.725316e-11 0.000000e+00 0.000000e+00
-1.274347e-11 0.000000e+00 0.000000e+00
7.858134e-12 0.000000e+00 0.000000e+00
-4.508249e-11 0.000000e+00 0.000000e+00
1.900765e-10 0.000000e+00 0.000000e+00
5.030947e-10 0.000000e+00 0.000000e+00
5.076606e-10 0.000000e+00 0.000000e+00
1.273277e-09 0.000000e+00 0.000000e+00
1.279212e-09 0.000000e+00 0.000000e+00
1.267444e-09 0.000000e+00 0.000000e+00
1.244493e-09 0.000000e+00 0.000000e+00
1.373828e-09 0.000000e+00 0.000000e+00
1.368748e-09 0.000000e+00 0.000000e+00
1.381891e-09 0.000000e+00 0.000000e+00
1.487941e-09 0.000000e+00 0.000000e+00
1.408175e-09 0.000000e+00 0.000000e+00
2.488516e-09 0.000000e+00 0.000000e+00
3.229887e-10 0.000000e+00 0.000000e+00
3.248735e-10 0.000000e+00 0.000000e+00
4.588742e-10 0.000000e+00 0.000000e+00
1.894767e-10 0.000000e+00 0.000000e+00
4.811888e-10 0.000000e+00 0.000000e+00
5.364380e-10 0.000000e+00 0.000000e+00
3.651645e-10 0.000000e+00 0.000000e+00
6.868068e-10 0.000000e+00 0.000000e+00
4.750103e-10 0.000000e+00 0.000000e+00
-5.044457e-11 0.000000e+00 0.000000e+00
-5.999278e-10 0.000000e+00 0.000000e+00
-5.340836e-10 0.000000e+00 0.000000e+00
-5.276387e-10 0.000000e+00 0.000000e+00
-5.239468e-10 0.000000e+00 0.000000e+00
-5.316810e-10 0.000000e+00 0.000000e+00
-5.325024e-10 0.000000e+00 0.000000e+00
-5.456604e-10 0.000000e+00 0.000000e+00
-5.801326e-10 0.000000e+00 0.000000e+00
-5.783531e-10 0.000000e+00 0.000000e+00
-5.853063e-10 0.000000e+00 0.000000e+00
-5.824473e-10 0.000000e+00 0.000000e+00
-5.863582e-10 0.000000e+00 0.000000e+00
-6.181118e-10 0.000000e+00 0.000000e+00
-6.319970e-10 0.000000e+00 0.000000e+00
-6.325293e-10 0.000000e+00 0.000000e+00
-6.292594e-10 0.000000e+00 0.000000e+00
-6.122196e-10 0.000000e+00 0.000000e+00
-6.143775e-10 0.000000e+00 0.000000e+00
-6.048083e-10 0.000000e+00 0.000000e+00
-4.306528e-10 0.000000e+00 0.000000e+00
-4.239492e-10 0.000000e+00 0.000000e+00
-5.993638e-10 0.000000e+00 0.000000e+00
-6.117497e-10 0.000000e+00 0.000000e+00
-4.853706e-10 0.000000e+00 0.000000e+00
-5.563054e-10 0.000000e+00 0.000000e+00
-2.748424e-10 0.000000e+00 0.000000e+00
-3.061222e-10 0.000000e+00 0.000000e+00
-3.023854e-10 0.000000e+00 0.000000e+00
-3.413824e-10 0.000000e+00 0.000000e+00
-4.189580e-10 0.000000e+00 0.000000e+00
-3.070268e-10 0.000000e+00 0.000000e+00
-2.871909e-10 0.000000e+00 0.000000e+00
-3.097853e-10 0.000000e+00 0.000000e+00
-3.120097e-10 0.000000e+00 0.000000e+00
-3.105584e-10 0.000000e+00 0.000000e+00
-2.276720e-10 0.000000e+00 0.000000e+00
-2.556306e-10 0.000000e+00 0.000000e+00
-1.532220e-10 0.000000e+00 0.000000e+00
-3.391731e-10 0.000000e+00 0.000000e+00
-3.392034e-10 0.000000e+00 0.000000e+00
-3.811932e-10 0.000000e+00 0.000000e+00
-3.891163e-10 0.000000e+00 0.000000e+00
-3.831229e-10 0.000000e+00 0.000000e+00
-3.921481e-10 0.000000e+00 0.000000e+00
-3.937432e-10 0.000000e+00 0.000000e+00
-4.827673e-10 0.000000e+00 0.000000e+00
-5.232160e-10 0.000000e+00 0.000000e+00
-5.321477e-10 0.000000e+00 0.000000e+00
-4.898338e-10 0.000000e+00 0.000000e+00
-4.968089e-10 0.000000e+00 0.000000e+00
-6.163369e-10 0.000000e+00 0.000000e+00
-5.860417e-10 0.000000e+00 0.000000e+00
-5.893431e-10 0.000000e+00 0.000000e+00
-5.807240e-10 0.000000e+00 0.000000e+00
-6.326004e-10 0.000000e+00 0.000000e+00
-6.083520e-10 0.000000e+00 0.000000e+00
-6.267516e-10 0.000000e+00 0.000000e+00
-6.129804e-10 0.000000e+00 0.000000e+00
-6.178914e-10 0.000000e+00 0.000000e+00
-6.100599e-10 0.000000e+00 0.000000e+00
-3.704284e-10 0.000000e+00 0.000000e+00
-3.661883e-10 0.000000e+00 0.000000e+00
-3.678857e-10 0.000000e+00 0.000000e+00
4.471419e-10 0.000000e+00 0.000000e+00
-1.925646e-10 0.000000e+00 0.000000e+00
-1.589015e-10 0.000000e+00 0.000000e+00
-1.579354e-10 0.000000e+00 0.000000e+00
-1.558996e-10 0.000000e+00 0.000000e+00
-1.740133e-10 0.000000e+00 0.000000e+00
-2.378836e-10 0.000000e+00 0.000000e+00
1.029902e-10 0.000000e+00 0.000000e+00
-1.406984e-10 0.000000e+00 0.000000e+00
-1.120039e-10 0.000000e+00 0.000000e+00
-2.783971e-10 0.000000e+00 0.000000e+00
-5.445315e-10 0.000000e+00 0.000000e+00
-4.317235e-10 0.000000e+00 0.000000e+00
-4.382481e-10 0.000000e+00 0.000000e+00
-4.324300e-10 0.000000e+00 0.000000e+00
-4.259396e-10 0.000000e+00 0.000000e+00
-3.991708e-10 0.000000e+00 0.000000e+00
-2.792901e-10 0.000000e+00 0.000000e+00
-3.428258e-10 0.000000e+00 0.000000e+00
-2.580017e-10 0.000000e+00 0.000000e+00
-3.400024e-10 0.000000e+00 0.000000e+00
-5.241373e-10 0.000000e+00 0.000000e+00
-4.097018e-10 0.000000e+00 0.000000e+00
-4.119491e-10 0.000000e+00 0.000000e+00
-4.114674e-10 0.000000e+00 0.000000e+00
-4.143678e-10 0.000000e+00 0.000000e+00
-4.096406e-10 0.000000e+00 0.000000e+00
1.049184e-10 0.000000e+00 0.000000e+00
9.917869e-11 0.000000e+00 0.000000e+00
2.835098e-10 0.000000e+00 0.000000e+00
-1.566626e-11 0.000000e+00 0.000000e+00
-1.257168e-11 0.000000e+00 0.000000e+00
1.918576e-10 0.000000e+00 0.000000e+00
1.674580e-10 0.000000e+00 0.000000e+00
2.246849e-10 0.000000e+00 0.000000e+00
3.565983e-10 0.000000e+00 0.000000e+00
3.489633e-10 0.000000e+00 0.000000e+00
3.489724e-10 0.000000e+00 0.000000e+00
3.539054e-10 0.000000e+00 0.000000e+00
4.278155e-10 0.000000e+00 0.000000e+00
2.146461e-10 0.000000e+00 0.000000e+00
3.938991e-10 0.000000e+00 0.000000e+00
3.806900e-10 0.000000e+00 0.000000e+00
3.574347e-10 0.000000e+00 0.000000e+00
1.673325e-10 0.000000e+00 0.000000e+00
1.705828e-10 0.000000e+00 0.000000e+00
4.347724e-10 0.000000e+00 0.000000e+00
3.808077e-10 0.000000e+00 0.000000e+00
3.828813e-10 0.000000e+00 0.000000e+00
3.376177e-10 0.000000e+00 0.000000e+00
4.281242e-10 0.000000e+00 0.000000e+00
6.025683e-10 0.000000e+00 0.000000e+00
5.627540e-10 0.000000e+00 0.000000e+00
5.892388e-10 0.000000e+00 0.000000e+00
5.834025e-10 0.000000e+00 0.000000e+00
6.073435e-10 0.000000e+00 0.000000e+00
6.053297e-10 0.000000e+00 0.000000e+00
3.513400e-10 0.000000e+00 0.000000e+00
3.883087e-10 0.000000e+00 0.000000e+00
3.836550e-10 0.000000e+00 0.000000e+00
4.143841e-10 0.000000e+00 0.000000e+00
4.071244e-10 0.000000e+00 0.000000e+00
4.077729e-10 0.000000e+00 0.000000e+00
4.522617e-10 0.000000e+00 0.000000e+00
3.376777e-10 0.000000e+00 0.000000e+00
3.400276e-10 0.000000e+00 0.000000e+00
3.757617e-10 0.000000e+00 0.000000e+00
4.276361e-10 0.000000e+00 0.000000e+00
4.915334e-10 0.000000e+00 0.000000e+00
5.721241e-10 0.000000e+00 0.000000e+00
5.657688e-10 0.000000e+00 0.000000e+00
5.470858e-10 0.000000e+00 0.000000e+00
4.436649e-10 0.000000e+00 0.000000e+00
6.180323e-10 0.000000e+00 0.000000e+00
6.236267e-10 0.000000e+00 0.000000e+00
6.187516e-10 0.000000e+00 0.000000e+00
6.217017e-10 0.000000e+00 0.000000e+00
2.450949e-10 0.000000e+00 0.000000e+00
3.067384e-10 0.000000e+00 0.000000e+00
3.068860e-10 0.000000e+00 0.000000e+00
3.104972e-10 0.000000e+00 0.000000e+00
3.943402e-10 0.000000e+00 0.000000e+00
3.887174e-10 0.000000e+00 0.000000e+00
3.913674e-10 0.000000e+00 0.000000e+00
5.024464e-10 0.000000e+00 0.000000e+00
4.981526e-10 0.000000e+00 0.000000e+00
5.091481e-10 0.000000e+00 0.000000e+00
4.234318e-10 0.000000e+00 0.000000e+00
4.487284e-10 0.000000e+00 0.000000e+00
6.096308e-10 0.000000e+00 0.000000e+00
6.315683e-10 0.000000e+00 0.000000e+00
6.287929e-10 0.000000e+00 0.000000e+00
6.301934e-10 0.000000e+00 0.000000e+00
6.320985e-10 0.000000e+00 0.000000e+00
6.248867e-10 0.000000e+00 0.000000e+00
6.207062e-10 0.000000e+00 0.000000e+00
6.227167e-10 0.000000e+00 0.000000e+00
6.018308e-10 0.000000e+00 0.000000e+00
6.183870e-10 0.000000e+00 0.000000e+00
4.182644e-10 0.000000e+00 0.000000e+00
4.227313e-10 0.000000e+00 0.000000e+00
3.798920e-10 0.000000e+00 0.000000e+00
1.867212e-10 0.000000e+00 0.000000e+00
3.723728e-10 0.000000e+00 0.000000e+00
5.160066e-10 0.000000e+00 0.000000e+00
5.614921e-10 0.000000e+00 0.000000e+00
3.473545e-10 0.000000e+00 0.000000e+00
3.787804e-10 0.000000e+00 0.000000e+00
5.621311e-10 0.000000e+00 0.000000e+00
5.375856e-10 0.000000e+00 0.000000e+00
5.391187e-10 0.000000e+00 0.000000e+00
5.043834e-10 0.000000e+00 0.000000e+00
6.283131e-10 0.000000e+00 0.000000e+00
6.267748e-10 0.000000e+00 0.000000e+00
6.166008e-10 0.000000e+00 0.000000e+00
6.173918e-10 0.000000e+00 0.000000e+00
6.198608e-10 0.000000e+00 0.000000e+00
5.934921e-10 0.000000e+00 0.000000e+00
5.320660e-10 0.000000e+00 0.000000e+00
6.163593e-10 0.000000e+00 0.000000e+00
6.301885e-10 0.000000e+00 0.000000e+00
3.170198e-10 0.000000e+00 0.000000e+00
3.877371e-10 0.000000e+00 0.000000e+00
3.946625e-10 0.000000e+00 0.000000e+00
5.118687e-10 0.000000e+00 0.000000e+00
3.109013e-10 0.000000e+00 0.000000e+00
4.321728e-10 0.000000e+00 0.000000e+00
3.917472e-10 0.000000e+00 0.000000e+00
3.878237e-10 0.000000e+00 0.000000e+00
4.663204e-10 0.000000e+00 0.000000e+00
4.041292e-10 0.000000e+00 0.000000e+00
4.736335e-10 0.000000e+00 0.000000e+00
5.276957e-10 0.000000e+00 0.000000e+00
5.751972e-10 0.000000e+00 0.000000e+00
4.827238e-10 0.000000e+00 0.000000e+00
4.836192e-10 0.000000e+00 0.000000e+00
4.435610e-10 0.000000e+00 0.000000e+00
4.250548e-10 0.000000e+00 0.000000e+00
-1.593122e-09 0.000000e+00 0.000000e+00
-2.071642e-09 0.000000e+00 0.000000e+00
-2.620035e-09 0.000000e+00 0.000000e+00
-2.264649e-09 0.000000e+00 0.000000e+00
-2.205670e-09 0.000000e+00 0.000000e+00
-2.198717e-09 0.000000e+00 0.000000e+00
-1.780408e-09 0.000000e+00 0.000000e+00
-1.805724e-09 0.000000e+00 0.000000e+00
-2.445560e-09 0.000000e+00 0.000000e+00
-2.685010e-09 0.000000e+00 0.000000e+00
-2.442466e-09 0.000000e+00 0.000000e+00
-2.609647e-09 0.000000e+00 0.000000e+00
-2.678773e-09 0.000000e+00 0.000000e+00
-2.613837e-09 0.000000e+00 0.000000e+00
-2.547468e-09 0.000000e+00 0.000000e+00
-2.831696e-09 0.000000e+00 0.000000e+00
-2.658867e-09 0.000000e+00 0.000000e+00
-2.505077e-09 0.000000e+00 0.000000e+00
-3.314123e-09 0.000000e+00 0.000000e+00
-2.606447e-09 0.000000e+00 0.000000e+00
-2.555412e-09 0.000000e+00 0.000000e+00
-2.419260e-09 0.000000e+00 0.000000e+00
-1.716977e-09 0.000000e+00 0.000000e+00
-1.878363e-09 0.000000e+00 0.000000e+00
-2.918519e-09 0.000000e+00 0.000000e+00
-2.881043e-09 0.000000e+00 0.000000e+00
-3.547301e-09 0.000000e+00 0.000000e+00
-3.665378e-09 0.000000e+00 0.000000e+00
-8.391279e-10 0.000000e+00 0.000000e+00
-7.747245e-10 0.000000e+00 0.000000e+00
-4.783287e-10 0.000000e+00 0.000000e+00
-1.902208e-10 0.000000e+00 0.000000e+00
-1.950763e-10 0.000000e+00 0.000000e+00
-9.095981e-10 0.000000e+00 0.000000e+00
-8.402673e-10 0.000000e+00 0.000000e+00
-6.793267e-10 0.000000e+00 0.000000e+00
-6.530633e-10 0.000000e+00 0.000000e+00
-6.415819e-10 0.000000e+00 0.000000e+00
-8.639189e-10 0.000000e+00 0.000000e+00
-1.931694e-09 0.000000e+00 0.000000e+00
-1.950795e-09 0.000000e+00 0.000000e+00
-1.532090e-09 0.000000e+00 0.000000e+00
-1.574105e-09 0.000000e+00 0.000000e+00
-1.577897e-09 0.000000e+00 0.000000e+00
-1.511856e-09 0.000000e+00 0.000000e+00
-1.038549e-09 0.000000e+00 0.000000e+00
-1.130097e-09 0.000000e+00 0.000000e+00
-1.115380e-09 0.000000e+00 0.000000e+00
-1.052770e-09 0.000000e+00 0.000000e+00
-4.488976e-10 0.000000e+00 0.000000e+00
-5.241669e-10 0.000000e+00 0.000000e+00
-1.769690e-10 0.000000e+00 0.000000e+00
-3.898049e-10 0.000000e+00 0.000000e+00
-6.576941e-10 0.000000e+00 0.000000e+00
-1.011576e-10 0.000000e+00 0.000000e+00
-2.335656e-10 0.000000e+00 0.000000e+00
-2.726960e-10 0.000000e+00 0.000000e+00
-1.453829e-09 0.000000e+00 0.000000e+00
-4.009880e-10 0.000000e+00 0.000000e+00
-8.599978e-10 0.000000e+00 0.000000e+00
-5.183704e-10 0.000000e+00 0.000000e+00
-5.335389e-10 0.000000e+00 0.000000e+00
-1.676032e-09 0.000000e+00 0.000000e+00
-7.983312e-10 0.000000e+00 0.000000e+00
-8.327940e-10 0.000000e+00 0.000000e+00
-1.425159e-09 0.000000e+00 0.000000e+00
-2.521245e-09 0.000000e+00 0.000000e+00
-2.572976e-09 0.000000e+00 0.000000e+00
-2.854236e-10 0.000000e+00 0.000000e+00
-1.605449e-09 0.000000e+00 0.000000e+00
-1.302925e-09 0.000000e+00 0.000000e+00
-1.329659e-09 0.000000e+00 0.000000e+00
-1.675976e-09 0.000000e+00 0.000000e+00
-2.125162e-09 0.000000e+00 0.000000e+00
-1.366620e-09 0.000000e+00 0.000000e+00
-1.615213e-10 0.000000e+00 0.000000e+00
-1.567264e-10 0.000000e+00 0.000000e+00
-2.057330e-10 0.000000e+00 0.000000e+00
5.114896e-10 0.000000e+00 0.000000e+00
5.515506e-10 0.000000e+00 0.000000e+00
5.769852e-10 0.000000e+00 0.000000e+00
6.274177e-10 0.000000e+00 0.000000e+00
6.205545e-10 0.000000e+00 0.000000e+00
2.001874e-10 0.000000e+00 0.000000e+00
2.121586e-10 0.000000e+00 0.000000e+00
3.425989e-10 0.000000e+00 0.000000e+00
3.865662e-10 0.000000e+00 0.000000e+00
-6.526410e-11 0.000000e+00 0.000000e+00
-4.813933e-10 0.000000e+00 0.000000e+00
-4.417696e-10 0.000000e+00 0.000000e+00
-4.938895e-10 0.000000e+00 0.000000e+00
-6.010821e-10 0.000000e+00 0.000000e+00
-5.882776e-10 0.000000e+00 0.000000e+00
-5.677186e-10 0.000000e+00 0.000000e+00
-6.202054e-10 0.000000e+00 0.000000e+00
-4.776395e-10 0.000000e+00 0.000000e+00
-4.777113e-10 0.000000e+00 0.000000e+00
-5.390010e-10 0.000000e+00 0.000000e+00
-5.476756e-10 0.000000e+00 0.000000e+00
-5.496082e-10 0.000000e+00 0.000000e+00
-5.485329e-10 0.000000e+00 0.000000e+00
-5.517133e-10 0.000000e+00 0.000000e+00
-3.882103e-10 0.000000e+00 0.000000e+00
1.022944e-10 0.000000e+00 0.000000e+00
9.460699e-11 0.000000e+00 0.000000e+00
3.785689e-11 0.000000e+00 0.000000e+00
5.201312e-11 0.000000e+00 0.000000e+00
-5.754552e-11 0.000000e+00 0.000000e+00
-6.830058e-11 0.000000e+00 0.000000e+00
-1.165861e-10 0.000000e+00 0.000000e+00
-1.621618e-10 0.000000e+00 0.000000e+00
-1.934272e-10 0.000000e+00 0.000000e+00
-5.454492e-10 0.000000e+00 0.000000e+00
-6.135102e-10 0.000000e+00 0.000000e+00
-5.852965e-10 0.000000e+00 0.000000e+00
-5.657683e-10 0.000000e+00 0.000000e+00
-5.403800e-10 0.000000e+00 0.000000e+00
-6.138449e-10 0.000000e+00 0.000000e+00
-6.322686e-10 0.000000e+00 0.000000e+00
-6.280166e-10 0.000000e+00 0.000000e+00
-6.261974e-10 0.000000e+00 0.000000e+00
-6.079156e-10 0.000000e+00 0.000000e+00
-6.178609e-10 0.000000e+00 0.000000e+00
-6.167041e-10 0.000000e+00 0.000000e+00
-6.070159e-10 0.000000e+00 0.000000e+00
-5.259428e-10 0.000000e+00 0.000000e+00
-4.115472e-10 0.000000e+00 0.000000e+00
-4.131960e-10 0.000000e+00 0.000000e+00
-4.418792e-10 0.000000e+00 0.000000e+00
-5.848559e-10 0.000000e+00 0.000000e+00
-5.669325e-10 0.000000e+00 0.000000e+00
-5.834950e-10 0.000000e+00 0.000000e+00
-6.324173e-10 0.000000e+00 0.000000e+00
-6.277104e-10 0.000000e+00 0.000000e+00
-6.294917e-10 0.000000e+00 0.000000e+00
-6.275731e-10 0.000000e+00 0.000000e+00
-5.492101e-10 0.000000e+00 0.000000e+00
-5.467936e-10 0.000000e+00 0.000000e+00
-5.491615e-10 0.000000e+00 0.000000e+00
-4.412024e-10 0.000000e+00 0.000000e+00
-4.406641e-10 0.000000e+00 0.000000e+00
-4.378935e-10 0.000000e+00 0.000000e+00
-4.331513e-10 0.000000e+00 0.000000e+00
-4.547645e-10 0.000000e+00 0.000000e+00
-5.376565e-10 0.000000e+00 0.000000e+00
-5.817410e-10 0.000000e+00 0.000000e+00
-5.836814e-10 0.000000e+00 0.000000e+00
-5.799040e-10 0.000000e+00 0.000000e+00
-3.955268e-10 0.000000e+00 0.000000e+00
-6.320928e-10 0.000000e+00 0.000000e+00
-6.298438e-10 0.000000e+00 0.000000e+00
-6.027218e-10 0.000000e+00 0.000000e+00
-5.865684e-10 0.000000e+00 0.000000e+00
-6.118824e-10 0.000000e+00 0.000000e+00
5.163390e-11 0.000000e+00 0.000000e+00
6.673292e-11 0.000000e+00 0.000000e+00
5.114213e-11 0.000000e+00 0.000000e+00
6.977438e-11 0.000000e+00 0.000000e+00
1.101255e-10 0.000000e+00 0.000000e+00
7.955343e-11 0.000000e+00 0.000000e+00
-3.398634e-10 0.000000e+00 0.000000e+00
-1.086940e-10 0.000000e+00 0.000000e+00
-8.258001e-12 0.000000e+00 0.000000e+00
-2.987359e-10 0.000000e+00 0.000000e+00
-4.195093e-10 0.000000e+00 0.000000e+00
-3.359033e-11 0.000000e+00 0.000000e+00
-2.218200e-10 0.000000e+00 0.000000e+00
-1.106108e-10 0.000000e+00 0.000000e+00
-1.057457e-10 0.000000e+00 0.000000e+00
-1.101876e-10 0.000000e+00 0.000000e+00
-1.595383e-10 0.000000e+00 0.000000e+00
-1.006181e-10 0.000000e+00 0.000000e+00
-4.174325e-10 0.000000e+00 0.000000e+00
-3.226027e-10 0.000000e+00 0.000000e+00
-1.938009e-10 0.000000e+00 0.000000e+00
-2.562317e-10 0.000000e+00 0.000000e+00
-2.900054e-10 0.000000e+00 0.000000e+00
-3.170732e-10 0.000000e+00 0.000000e+00
-2.982526e-10 0.000000e+00 0.000000e+00
-2.795933e-10 0.000000e+00 0.000000e+00
-2.648356e-10 0.000000e+00 0.000000e+00
-2.797301e-10 0.000000e+00 0.000000e+00
-5.011953e-10 0.000000e+00 0.000000e+00
-4.376659e-10 0.000000e+00 0.000000e+00
-6.060403e-10 0.000000e+00 0.000000e+00
-6.250560e-10 0.000000e+00 0.000000e+00
-6.189405e-10 0.000000e+00 0.000000e+00
-5.831167e-10 0.000000e+00 0.000000e+00
-5.827012e-10 0.000000e+00 0.000000e+00
-6.103273e-10 0.000000e+00 0.000000e+00
-6.036126e-10 0.000000e+00 0.000000e+00
-5.839030e-10 0.000000e+00 0.000000e+00
-5.830656e-10 0.000000e+00 0.000000e+00
-5.851240e-10 0.000000e+00 0.000000e+00
-4.382639e-10 0.000000e+00 0.000000e+00
-6.010703e-10 0.000000e+00 0.000000e+00
-6.018382e-10 0.000000e+00 0.000000e+00
-5.655313e-10 0.000000e+00 0.000000e+00
-6.319954e-10 0.000000e+00 0.000000e+00
-1.635008e-10 0.000000e+00 0.000000e+00
3.440489e-10 0.000000e+00 0.000000e+00
-9.464738e-11 0.000000e+00 0.000000e+00
4.244978e-11 0.000000e+00 0.000000e+00
-1.522405e-10 0.000000e+00 0.000000e+00
4.591564e-10 0.000000e+00 0.000000e+00
1.962526e-10 0.000000e+00 0.000000e+00
-1.136184e-10 0.000000e+00 0.000000e+00
-1.242434e-10 0.000000e+00 0.000000e+00
-4.806493e-10 0.000000e+00 0.000000e+00
-4.253993e-10 0.000000e+00 0.000000e+00
-2.939484e-10 0.000000e+00 0.000000e+00
-3.866485e-10 0.000000e+00 0.000000e+00
-1.214059e-10 0.000000e+00 0.000000e+00
-2.026932e-10 0.000000e+00 0.000000e+00
-1.432711e-10 0.000000e+00 0.000000e+00
-1.387672e-10 0.000000e+00 0.000000e+00
-1.483828e-12 0.000000e+00 0.000000e+00
1.022916e-09 0.000000e+00 0.000000e+00
2.046224e-09 0.000000e+00 0.000000e+00
2.081548e-09 0.000000e+00 0.000000e+00
2.067994e-09 0.000000e+00 0.000000e+00
2.384637e-09 0.000000e+00 0.000000e+00
2.465293e-09 0.000000e+00 0.000000e+00
2.490126e-09 0.000000e+00 0.000000e+00
2.563913e-09 0.000000e+00 0.000000e+00
2.932344e-09 0.000000e+00 0.000000e+00
2.639403e-09 0.000000e+00 0.000000e+00
1.755040e-09 0.000000e+00 0.000000e+00
1.198385e-09 0.000000e+00 0.000000e+00
1.211750e-09 0.000000e+00 0.000000e+00
1.463028e-09 0.000000e+00 0.000000e+00
9.511582e-10 0.000000e+00 0.000000e+00
9.164036e-10 0.000000e+00 0.000000e+00
1.925664e-09 0.000000e+00 0.000000e+00
2.003474e-09 0.000000e+00 0.000000e+00
1.867218e-09 0.000000e+00 0.000000e+00
1.966752e-09 0.000000e+00 0.000000e+00
1.786334e-09 0.000000e+00 0.000000e+00
3.763567e-09 0.000000e+00 0.000000e+00
4.114060e-09 0.000000e+00 0.000000e+00
3.828580e-09 0.000000e+00 0.000000e+00
3.858321e-09 0.000000e+00 0.000000e+00
2.426194e-09 0.000000e+00 0.000000e+00
4.601200e-10 0.000000e+00 0.000000e+00
9.763407e-10 0.000000e+00 0.000000e+00
1.208734e-09 0.000000e+00 0.000000e+00
1.467308e-09 0.000000e+00 0.000000e+00
2.034386e-09 0.000000e+00 0.000000e+00
1.953632e-09 0.000000e+00 0.000000e+00
1.799127e-09 0.000000e+00 0.000000e+00
1.763794e-09 0.000000e+00 0.000000e+00
1.822494e-09 0.000000e+00 0.000000e+00
1.484559e-09 0.000000e+00 0.000000e+00
1.483568e-09 0.000000e+00 0.000000e+00
1.502563e-09 0.000000e+00 0.000000e+00
2.678555e-09 0.000000e+00 0.000000e+00
2.724347e-09 0.000000e+00 0.000000e+00
3.075474e-09 0.000000e+00 0.000000e+00
3.125713e-09 0.000000e+00 0.000000e+00
3.149868e-09 0.000000e+00 0.000000e+00
3.023762e-09 0.000000e+00 0.000000e+00
2.391978e-09 0.000000e+00 0.000000e+00
1.834210e-09 0.000000e+00 0.000000e+00
3.196269e-09 0.000000e+00 0.000000e+00
3.610893e-09 0.000000e+00 0.000000e+00
4.070346e-10 0.000000e+00 0.000000e+00
4.492333e-10 0.000000e+00 0.000000e+00
3.616856e-10 0.000000e+00 0.000000e+00
3.340825e-10 0.000000e+00 0.000000e+00
3.649483e-10 0.000000e+00 0.000000e+00
1.090617e-10 0.000000e+00 0.000000e+00
-1.307273e-10 0.000000e+00 0.000000e+00
-1.566754e-10 0.000000e+00 0.000000e+00
-1.381055e-10 0.000000e+00 0.000000e+00
-1.317930e-10 0.000000e+00 0.000000e+00
-1.380531e-10 0.000000e+00 0.000000e+00
-4.298368e-11 0.000000e+00 0.000000e+00
