FX FY FZ 
-2.216426e-10 0.000000e+00 0.000000e+00
1.863592e-10 0.000000e+00 0.000000e+00
-2.298757e-10 0.000000e+00 0.000000e+00
1.257412e-10 0.000000e+00 0.000000e+00
2.156570e-10 0.000000e+00 0.000000e+00
2.522506e-11 0.000000e+00 0.000000e+00
-4.354575e-10 0.000000e+00 0.000000e+00
-3.567765e-10 0.000000e+00 0.000000e+00
-2.461811e-11 0.000000e+00 0.000000e+00
-7.462758e-11 0.000000e+00 0.000000e+00
-4.329975e-10 0.000000e+00 0.000000e+00
1.838792e-10 0.000000e+00 0.000000e+00
1.330491e-10 0.000000e+00 0.000000e+00
8.361522e-11 0.000000e+00 0.000000e+00
2.231786e-10 0.000000e+00 0.000000e+00
3.222542e-10 0.000000e+00 0.000000e+00
1.757712e-10 0.000000e+00 0.000000e+00
1.114074e-10 0.000000e+00 0.000000e+00
9.451622e-11 0.000000e+00 0.000000e+00
2.316740e-10 0.000000e+00 0.000000e+00
2.552567e-10 0.000000e+00 0.000000e+00
6.524602e-11 0.000000e+00 0.000000e+00
1.268297e-10 0.000000e+00 0.000000e+00
2.249961e-10 0.000000e+00 0.000000e+00
1.687606e-10 0.000000e+00 0.000000e+00
6.950278e-11 0.000000e+00 0.000000e+00
-5.197625e-11 0.000000e+00 0.000000e+00
-3.542089e-10 0.000000e+00 0.000000e+00
-3.689549e-10 0.000000e+00 0.000000e+00
-8.309782e-11 0.000000e+00 0.000000e+00
-7.841628e-11 0.000000e+00 0.000000e+00
-3.375681e-10 0.000000e+00 0.000000e+00
-3.529971e-10 0.000000e+00 0.000000e+00
-1.451041e-10 0.000000e+00 0.000000e+00
-1.077637e-10 0.000000e+00 0.000000e+00
-1.442424e-10 0.000000e+00 0.000000e+00
-3.212189e-10 0.000000e+00 0.000000e+00
-2.362032e-10 0.000000e+00 0.000000e+00
-2.101507e-10 0.000000e+00 0.000000e+00
-2.867167e-10 0.000000e+00 0.000000e+00
-2.622015e-10 0.000000e+00 0.000000e+00
-6.976140e-10 0.000000e+00 0.000000e+00
-5.890112e-10 0.000000e+00 0.000000e+00
-7.152335e-10 0.000000e+00 0.000000e+00
-9.729725e-10 0.000000e+00 0.000000e+00
-6.668743e-10 0.000000e+00 0.000000e+00
-9.804706e-10 0.000000e+00 0.000000e+00
-1.009500e-09 0.000000e+00 0.000000e+00
-7.688078e-10 0.000000e+00 0.000000e+00
-8.492784e-10 0.000000e+00 0.000000e+00
-9.915862e-10 0.000000e+00 0.000000e+00
-1.159942e-09 0.000000e+00 0.000000e+00
-1.371880e-09 0.000000e+00 0.000000e+00
-1.068864e-09 0.000000e+00 0.000000e+00
-1.140985e-09 0.000000e+00 0.000000e+00
-1.064203e-09 0.000000e+00 0.000000e+00
-1.249665e-09 0.000000e+00 0.000000e+00
-1.306968e-09 0.000000e+00 0.000000e+00
-1.253102e-09 0.000000e+00 0.000000e+00
-1.424064e-09 0.000000e+00 0.000000e+00
-1.718528e-09 0.000000e+00 0.000000e+00
-1.855456e-09 0.000000e+00 0.000000e+00
-2.021174e-09 0.000000e+00 0.000000e+00
-1.808011e-09 0.000000e+00 0.000000e+00
-1.849463e-09 0.000000e+00 0.000000e+00
-1.963435e-09 0.000000e+00 0.000000e+00
-3.438878e-10 0.000000e+00 0.000000e+00
-3.725069e-10 0.000000e+00 0.000000e+00
-3.498642e-10 0.000000e+00 0.000000e+00
-3.290371e-10 0.000000e+00 0.000000e+00
-3.674963e-10 0.000000e+00 0.000000e+00
-4.034537e-10 0.000000e+00 0.000000e+00
-3.216725e-10 0.000000e+00 0.000000e+00
-3.000146e-10 0.000000e+00 0.000000e+00
-3.179448e-10 0.000000e+00 0.000000e+00
-3.097815e-10 0.000000e+00 0.000000e+00
-5.787232e-10 0.000000e+00 0.000000e+00
-5.762708e-10 0.000000e+00 0.000000e+00
-5.219221e-10 0.000000e+00 0.000000e+00
-5.810236e-10 0.000000e+00 0.000000e+00
-6.084403e-10 0.000000e+00 0.000000e+00
-4.780892e-10 0.000000e+00 0.000000e+00
-5.124160e-10 0.000000e+00 0.000000e+00
-5.294279e-10 0.000000e+00 0.000000e+00
-5.037465e-10 0.000000e+00 0.000000e+00
-5.054392e-10 0.000000e+00 0.000000e+00
-2.064842e-11 0.000000e+00 0.000000e+00
-1.191188e-11 0.000000e+00 0.000000e+00
-3.934963e-11 0.000000e+00 0.000000e+00
-3.685729e-11 0.000000e+00 0.000000e+00
-3.323847e-11 0.000000e+00 0.000000e+00
-1.079276e-11 0.000000e+00 0.000000e+00
-4.126237e-13 0.000000e+00 0.000000e+00
4.376657e-10 0.000000e+00 0.000000e+00
4.647672e-10 0.000000e+00 0.000000e+00
4.615484e-10 0.000000e+00 0.000000e+00
5.355115e-10 0.000000e+00 0.000000e+00
5.211178e-10 0.000000e+00 0.000000e+00
5.592787e-10 0.000000e+00 0.000000e+00
4.994523e-10 0.000000e+00 0.000000e+00
6.133296e-10 0.000000e+00 0.000000e+00
6.217609e-10 0.000000e+00 0.000000e+00
6.293075e-10 0.000000e+00 0.000000e+00
6.279923e-10 0.000000e+00 0.000000e+00
6.326032e-10 0.000000e+00 0.000000e+00
6.269287e-10 0.000000e+00 0.000000e+00
5.938566e-10 0.000000e+00 0.000000e+00
5.697861e-10 0.000000e+00 0.000000e+00
5.078760e-10 0.000000e+00 0.000000e+00
5.386429e-10 0.000000e+00 0.000000e+00
5.634764e-10 0.000000e+00 0.000000e+00
5.317780e-10 0.000000e+00 0.000000e+00
5.386886e-10 0.000000e+00 0.000000e+00
4.930350e-10 0.000000e+00 0.000000e+00
5.096007e-10 0.000000e+00 0.000000e+00
5.039695e-10 0.000000e+00 0.000000e+00
5.238813e-10 0.000000e+00 0.000000e+00
5.315057e-10 0.000000e+00 0.000000e+00
5.267241e-10 0.000000e+00 0.000000e+00
5.220712e-10 0.000000e+00 0.000000e+00
5.365137e-10 0.000000e+00 0.000000e+00
4.810813e-10 0.000000e+00 0.000000e+00
4.799862e-10 0.000000e+00 0.000000e+00
4.861590e-10 0.000000e+00 0.000000e+00
4.832556e-10 0.000000e+00 0.000000e+00
4.823672e-10 0.000000e+00 0.000000e+00
5.813078e-10 0.000000e+00 0.000000e+00
5.985301e-10 0.000000e+00 0.000000e+00
5.743977e-10 0.000000e+00 0.000000e+00
6.034267e-10 0.000000e+00 0.000000e+00
5.949101e-10 0.000000e+00 0.000000e+00
6.217331e-10 0.000000e+00 0.000000e+00
6.210242e-10 0.000000e+00 0.000000e+00
6.190495e-10 0.000000e+00 0.000000e+00
6.200805e-10 0.000000e+00 0.000000e+00
6.205255e-10 0.000000e+00 0.000000e+00
5.196421e-10 0.000000e+00 0.000000e+00
5.211526e-10 0.000000e+00 0.000000e+00
5.186863e-10 0.000000e+00 0.000000e+00
5.215303e-10 0.000000e+00 0.000000e+00
5.238606e-10 0.000000e+00 0.000000e+00
1.514246e-10 0.000000e+00 0.000000e+00
2.044974e-10 0.000000e+00 0.000000e+00
1.666138e-10 0.000000e+00 0.000000e+00
1.496371e-10 0.000000e+00 0.000000e+00
1.678207e-10 0.000000e+00 0.000000e+00
2.117512e-10 0.000000e+00 0.000000e+00
2.272434e-10 0.000000e+00 0.000000e+00
2.158569e-10 0.000000e+00 0.000000e+00
2.290480e-10 0.000000e+00 0.000000e+00
2.091433e-10 0.000000e+00 0.000000e+00
1.458305e-10 0.000000e+00 0.000000e+00
1.197058e-10 0.000000e+00 0.000000e+00
1.112657e-10 0.000000e+00 0.000000e+00
1.246721e-10 0.000000e+00 0.000000e+00
1.132525e-10 0.000000e+00 0.000000e+00
1.413943e-10 0.000000e+00 0.000000e+00
-1.984637e-10 0.000000e+00 0.000000e+00
-2.012783e-10 0.000000e+00 0.000000e+00
-1.916527e-10 0.000000e+00 0.000000e+00
-1.920470e-10 0.000000e+00 0.000000e+00
4.293362e-10 0.000000e+00 0.000000e+00
4.389831e-10 0.000000e+00 0.000000e+00
3.967535e-10 0.000000e+00 0.000000e+00
3.968401e-10 0.000000e+00 0.000000e+00
4.335975e-10 0.000000e+00 0.000000e+00
3.501012e-10 0.000000e+00 0.000000e+00
3.618302e-10 0.000000e+00 0.000000e+00
3.657455e-10 0.000000e+00 0.000000e+00
3.682430e-10 0.000000e+00 0.000000e+00
3.443547e-10 0.000000e+00 0.000000e+00
6.015656e-10 0.000000e+00 0.000000e+00
6.020838e-10 0.000000e+00 0.000000e+00
6.050936e-10 0.000000e+00 0.000000e+00
6.034888e-10 0.000000e+00 0.000000e+00
6.042328e-10 0.000000e+00 0.000000e+00
5.560593e-10 0.000000e+00 0.000000e+00
5.506500e-10 0.000000e+00 0.000000e+00
5.481605e-10 0.000000e+00 0.000000e+00
5.477702e-10 0.000000e+00 0.000000e+00
5.506894e-10 0.000000e+00 0.000000e+00
2.731541e-11 0.000000e+00 0.000000e+00
9.076965e-11 0.000000e+00 0.000000e+00
-1.755031e-10 0.000000e+00 0.000000e+00
-2.808074e-11 0.000000e+00 0.000000e+00
9.728618e-10 0.000000e+00 0.000000e+00
-9.555437e-12 0.000000e+00 0.000000e+00
5.723619e-10 0.000000e+00 0.000000e+00
-2.918278e-10 0.000000e+00 0.000000e+00
3.608353e-10 0.000000e+00 0.000000e+00
6.996589e-11 0.000000e+00 0.000000e+00
1.916646e-10 0.000000e+00 0.000000e+00
5.568880e-10 0.000000e+00 0.000000e+00
2.544836e-10 0.000000e+00 0.000000e+00
4.058771e-10 0.000000e+00 0.000000e+00
4.802300e-10 0.000000e+00 0.000000e+00
1.486308e-10 0.000000e+00 0.000000e+00
4.271686e-10 0.000000e+00 0.000000e+00
1.747488e-10 0.000000e+00 0.000000e+00
1.568850e-10 0.000000e+00 0.000000e+00
2.156772e-10 0.000000e+00 0.000000e+00
2.862148e-10 0.000000e+00 0.000000e+00
3.952255e-10 0.000000e+00 0.000000e+00
2.872843e-10 0.000000e+00 0.000000e+00
3.796908e-10 0.000000e+00 0.000000e+00
3.605976e-10 0.000000e+00 0.000000e+00
2.543589e-10 0.000000e+00 0.000000e+00
2.771870e-10 0.000000e+00 0.000000e+00
2.758963e-10 0.000000e+00 0.000000e+00
2.928790e-10 0.000000e+00 0.000000e+00
2.842829e-10 0.000000e+00 0.000000e+00
7.840895e-10 0.000000e+00 0.000000e+00
5.543196e-10 0.000000e+00 0.000000e+00
6.804960e-10 0.000000e+00 0.000000e+00
6.070580e-10 0.000000e+00 0.000000e+00
8.601797e-10 0.000000e+00 0.000000e+00
8.970133e-10 0.000000e+00 0.000000e+00
1.141902e-09 0.000000e+00 0.000000e+00
1.255619e-09 0.000000e+00 0.000000e+00
1.062948e-09 0.000000e+00 0.000000e+00
1.208711e-09 0.000000e+00 0.000000e+00
1.852061e-09 0.000000e+00 0.000000e+00
1.433598e-09 0.000000e+00 0.000000e+00
1.339059e-09 0.000000e+00 0.000000e+00
1.641192e-09 0.000000e+00 0.000000e+00
1.472110e-09 0.000000e+00 0.000000e+00
7.671342e-10 0.000000e+00 0.000000e+00
5.600648e-10 0.000000e+00 0.000000e+00
6.798539e-10 0.000000e+00 0.000000e+00
7.081188e-10 0.000000e+00 0.000000e+00
6.077879e-10 0.000000e+00 0.000000e+00
-5.218702e-10 0.000000e+00 0.000000e+00
-1.638747e-10 0.000000e+00 0.000000e+00
-4.307167e-10 0.000000e+00 0.000000e+00
-3.746799e-10 0.000000e+00 0.000000e+00
-5.449391e-10 0.000000e+00 0.000000e+00
-6.055227e-10 0.000000e+00 0.000000e+00
-5.865172e-10 0.000000e+00 0.000000e+00
-6.307644e-10 0.000000e+00 0.000000e+00
-6.175668e-10 0.000000e+00 0.000000e+00
-6.277228e-10 0.000000e+00 0.000000e+00
-6.233312e-10 0.000000e+00 0.000000e+00
-4.515615e-10 0.000000e+00 0.000000e+00
-6.320585e-10 0.000000e+00 0.000000e+00
-6.300246e-10 0.000000e+00 0.000000e+00
-6.325334e-10 0.000000e+00 0.000000e+00
-4.979207e-10 0.000000e+00 0.000000e+00
-4.675015e-10 0.000000e+00 0.000000e+00
-3.098581e-10 0.000000e+00 0.000000e+00
-2.016830e-10 0.000000e+00 0.000000e+00
-3.744167e-10 0.000000e+00 0.000000e+00
-4.476375e-10 0.000000e+00 0.000000e+00
-5.109768e-10 0.000000e+00 0.000000e+00
-5.154951e-10 0.000000e+00 0.000000e+00
-5.279348e-10 0.000000e+00 0.000000e+00
-4.208886e-10 0.000000e+00 0.000000e+00
-4.750250e-10 0.000000e+00 0.000000e+00
-4.911290e-10 0.000000e+00 0.000000e+00
-5.036833e-10 0.000000e+00 0.000000e+00
-4.915537e-10 0.000000e+00 0.000000e+00
-4.663376e-10 0.000000e+00 0.000000e+00
-5.858256e-10 0.000000e+00 0.000000e+00
-5.657082e-10 0.000000e+00 0.000000e+00
-6.113248e-10 0.000000e+00 0.000000e+00
-6.044871e-10 0.000000e+00 0.000000e+00
-6.054481e-10 0.000000e+00 0.000000e+00
-6.235794e-10 0.000000e+00 0.000000e+00
-6.212800e-10 0.000000e+00 0.000000e+00
-6.164223e-10 0.000000e+00 0.000000e+00
-6.176945e-10 0.000000e+00 0.000000e+00
-6.178059e-10 0.000000e+00 0.000000e+00
-6.190869e-10 0.000000e+00 0.000000e+00
-6.236745e-10 0.000000e+00 0.000000e+00
-6.245958e-10 0.000000e+00 0.000000e+00
-6.230300e-10 0.000000e+00 0.000000e+00
-6.237009e-10 0.000000e+00 0.000000e+00
-5.713658e-10 0.000000e+00 0.000000e+00
-5.607071e-10 0.000000e+00 0.000000e+00
-5.557070e-10 0.000000e+00 0.000000e+00
-5.964711e-10 0.000000e+00 0.000000e+00
-5.631246e-10 0.000000e+00 0.000000e+00
-5.839598e-10 0.000000e+00 0.000000e+00
-5.868624e-10 0.000000e+00 0.000000e+00
-5.753222e-10 0.000000e+00 0.000000e+00
-5.774933e-10 0.000000e+00 0.000000e+00
-5.753074e-10 0.000000e+00 0.000000e+00
-6.124462e-10 0.000000e+00 0.000000e+00
-6.133271e-10 0.000000e+00 0.000000e+00
-6.153250e-10 0.000000e+00 0.000000e+00
-6.110608e-10 0.000000e+00 0.000000e+00
-6.104578e-10 0.000000e+00 0.000000e+00
-3.997632e-10 0.000000e+00 0.000000e+00
-6.252446e-10 0.000000e+00 0.000000e+00
-6.313575e-10 0.000000e+00 0.000000e+00
-6.145085e-10 0.000000e+00 0.000000e+00
-6.236626e-10 0.000000e+00 0.000000e+00
6.314648e-10 0.000000e+00 0.000000e+00
6.327714e-10 0.000000e+00 0.000000e+00
4.665974e-10 0.000000e+00 0.000000e+00
6.242871e-10 0.000000e+00 0.000000e+00
6.304351e-10 0.000000e+00 0.000000e+00
2.508562e-10 0.000000e+00 0.000000e+00
-5.970378e-10 0.000000e+00 0.000000e+00
-4.788921e-10 0.000000e+00 0.000000e+00
-4.782484e-10 0.000000e+00 0.000000e+00
-6.090137e-10 0.000000e+00 0.000000e+00
5.946571e-10 0.000000e+00 0.000000e+00
6.303300e-10 0.000000e+00 0.000000e+00
6.325536e-10 0.000000e+00 0.000000e+00
6.143417e-10 0.000000e+00 0.000000e+00
6.306954e-10 0.000000e+00 0.000000e+00
5.794220e-10 0.000000e+00 0.000000e+00
5.787661e-10 0.000000e+00 0.000000e+00
5.799437e-10 0.000000e+00 0.000000e+00
5.771835e-10 0.000000e+00 0.000000e+00
5.749216e-10 0.000000e+00 0.000000e+00
5.849471e-10 0.000000e+00 0.000000e+00
5.887226e-10 0.000000e+00 0.000000e+00
5.897254e-10 0.000000e+00 0.000000e+00
3.970433e-10 0.000000e+00 0.000000e+00
3.969718e-10 0.000000e+00 0.000000e+00
4.608025e-10 0.000000e+00 0.000000e+00
5.785262e-10 0.000000e+00 0.000000e+00
-5.776209e-10 0.000000e+00 0.000000e+00
-5.854630e-10 0.000000e+00 0.000000e+00
-5.157947e-10 0.000000e+00 0.000000e+00
6.084707e-10 0.000000e+00 0.000000e+00
5.975119e-10 0.000000e+00 0.000000e+00
5.159315e-10 0.000000e+00 0.000000e+00
6.282592e-10 0.000000e+00 0.000000e+00
5.997991e-10 0.000000e+00 0.000000e+00
6.155106e-10 0.000000e+00 0.000000e+00
6.216511e-10 0.000000e+00 0.000000e+00
6.157089e-10 0.000000e+00 0.000000e+00
6.216683e-10 0.000000e+00 0.000000e+00
6.076013e-10 0.000000e+00 0.000000e+00
6.246649e-10 0.000000e+00 0.000000e+00
6.270404e-10 0.000000e+00 0.000000e+00
6.288336e-10 0.000000e+00 0.000000e+00
6.291427e-10 0.000000e+00 0.000000e+00
6.207772e-10 0.000000e+00 0.000000e+00
-2.122301e-10 0.000000e+00 0.000000e+00
2.996511e-10 0.000000e+00 0.000000e+00
2.906543e-10 0.000000e+00 0.000000e+00
2.894483e-10 0.000000e+00 0.000000e+00
2.975589e-10 0.000000e+00 0.000000e+00
1.353257e-10 0.000000e+00 0.000000e+00
1.426706e-10 0.000000e+00 0.000000e+00
2.242789e-10 0.000000e+00 0.000000e+00
-5.582430e-10 0.000000e+00 0.000000e+00
-5.744252e-10 0.000000e+00 0.000000e+00
4.016652e-10 0.000000e+00 0.000000e+00
5.102477e-10 0.000000e+00 0.000000e+00
5.883167e-10 0.000000e+00 0.000000e+00
5.859876e-10 0.000000e+00 0.000000e+00
5.299948e-10 0.000000e+00 0.000000e+00
4.812655e-10 0.000000e+00 0.000000e+00
4.800362e-10 0.000000e+00 0.000000e+00
5.187750e-10 0.000000e+00 0.000000e+00
-8.976424e-11 0.000000e+00 0.000000e+00
-4.797820e-10 0.000000e+00 0.000000e+00
-5.007479e-10 0.000000e+00 0.000000e+00
-4.978262e-10 0.000000e+00 0.000000e+00
-4.973285e-10 0.000000e+00 0.000000e+00
-5.039033e-10 0.000000e+00 0.000000e+00
-5.026487e-10 0.000000e+00 0.000000e+00
4.920267e-10 0.000000e+00 0.000000e+00
3.756899e-10 0.000000e+00 0.000000e+00
4.999795e-10 0.000000e+00 0.000000e+00
1.273683e-10 0.000000e+00 0.000000e+00
4.785239e-10 0.000000e+00 0.000000e+00
4.897980e-10 0.000000e+00 0.000000e+00
5.077507e-10 0.000000e+00 0.000000e+00
4.971276e-10 0.000000e+00 0.000000e+00
4.936241e-10 0.000000e+00 0.000000e+00
5.076032e-10 0.000000e+00 0.000000e+00
5.189020e-10 0.000000e+00 0.000000e+00
5.198213e-10 0.000000e+00 0.000000e+00
5.170616e-10 0.000000e+00 0.000000e+00
5.172076e-10 0.000000e+00 0.000000e+00
5.196054e-10 0.000000e+00 0.000000e+00
-4.501975e-10 0.000000e+00 0.000000e+00
1.910110e-11 0.000000e+00 0.000000e+00
-4.280706e-10 0.000000e+00 0.000000e+00
-1.946973e-10 0.000000e+00 0.000000e+00
-4.048258e-10 0.000000e+00 0.000000e+00
-4.550504e-10 0.000000e+00 0.000000e+00
-4.453160e-10 0.000000e+00 0.000000e+00
-4.353341e-10 0.000000e+00 0.000000e+00
-4.680086e-10 0.000000e+00 0.000000e+00
-4.245886e-10 0.000000e+00 0.000000e+00
3.977676e-10 0.000000e+00 0.000000e+00
3.635662e-10 0.000000e+00 0.000000e+00
4.289519e-10 0.000000e+00 0.000000e+00
-2.245779e-10 0.000000e+00 0.000000e+00
3.821347e-10 0.000000e+00 0.000000e+00
2.100339e-10 0.000000e+00 0.000000e+00
2.904343e-10 0.000000e+00 0.000000e+00
-2.898624e-10 0.000000e+00 0.000000e+00
-7.611518e-11 0.000000e+00 0.000000e+00
7.092864e-11 0.000000e+00 0.000000e+00
-3.839128e-10 0.000000e+00 0.000000e+00
2.458084e-11 0.000000e+00 0.000000e+00
-2.277110e-10 0.000000e+00 0.000000e+00
-3.734029e-10 0.000000e+00 0.000000e+00
2.826192e-11 0.000000e+00 0.000000e+00
9.917524e-11 0.000000e+00 0.000000e+00
3.574823e-10 0.000000e+00 0.000000e+00
2.512515e-10 0.000000e+00 0.000000e+00
3.432510e-10 0.000000e+00 0.000000e+00
2.917504e-10 0.000000e+00 0.000000e+00
3.357528e-10 0.000000e+00 0.000000e+00
3.238219e-10 0.000000e+00 0.000000e+00
3.283939e-10 0.000000e+00 0.000000e+00
3.479314e-10 0.000000e+00 0.000000e+00
3.430322e-10 0.000000e+00 0.000000e+00
2.227333e-10 0.000000e+00 0.000000e+00
2.239097e-10 0.000000e+00 0.000000e+00
1.560186e-10 0.000000e+00 0.000000e+00
2.066050e-10 0.000000e+00 0.000000e+00
1.733526e-10 0.000000e+00 0.000000e+00
2.482977e-10 0.000000e+00 0.000000e+00
2.745581e-10 0.000000e+00 0.000000e+00
2.335154e-10 0.000000e+00 0.000000e+00
2.023962e-10 0.000000e+00 0.000000e+00
2.675289e-10 0.000000e+00 0.000000e+00
4.305463e-10 0.000000e+00 0.000000e+00
4.271831e-10 0.000000e+00 0.000000e+00
4.001844e-10 0.000000e+00 0.000000e+00
4.045028e-10 0.000000e+00 0.000000e+00
4.008547e-10 0.000000e+00 0.000000e+00
4.559809e-10 0.000000e+00 0.000000e+00
4.132239e-10 0.000000e+00 0.000000e+00
4.495620e-10 0.000000e+00 0.000000e+00
4.484166e-10 0.000000e+00 0.000000e+00
4.610257e-10 0.000000e+00 0.000000e+00
-6.300410e-10 0.000000e+00 0.000000e+00
1.545470e-09 0.000000e+00 0.000000e+00
1.758923e-09 0.000000e+00 0.000000e+00
1.659339e-09 0.000000e+00 0.000000e+00
1.651538e-09 0.000000e+00 0.000000e+00
4.213688e-10 0.000000e+00 0.000000e+00
3.923453e-10 0.000000e+00 0.000000e+00
4.123894e-10 0.000000e+00 0.000000e+00
4.132913e-10 0.000000e+00 0.000000e+00
4.249715e-10 0.000000e+00 0.000000e+00
-3.120882e-11 0.000000e+00 0.000000e+00
-4.357230e-11 0.000000e+00 0.000000e+00
-4.788270e-11 0.000000e+00 0.000000e+00
-1.145408e-10 0.000000e+00 0.000000e+00
-2.789552e-10 0.000000e+00 0.000000e+00
-2.033594e-10 0.000000e+00 0.000000e+00
-1.938543e-10 0.000000e+00 0.000000e+00
7.731854e-12 0.000000e+00 0.000000e+00
-6.238987e-11 0.000000e+00 0.000000e+00
-2.030071e-10 0.000000e+00 0.000000e+00
-2.429493e-10 0.000000e+00 0.000000e+00
-2.557227e-10 0.000000e+00 0.000000e+00
-2.521178e-10 0.000000e+00 0.000000e+00
-2.472106e-10 0.000000e+00 0.000000e+00
-2.285434e-10 0.000000e+00 0.000000e+00
-3.910916e-10 0.000000e+00 0.000000e+00
-3.996149e-10 0.000000e+00 0.000000e+00
-4.021079e-10 0.000000e+00 0.000000e+00
-4.037503e-10 0.000000e+00 0.000000e+00
-3.959779e-10 0.000000e+00 0.000000e+00
-2.623490e-10 0.000000e+00 0.000000e+00
-3.099880e-10 0.000000e+00 0.000000e+00
-3.065903e-10 0.000000e+00 0.000000e+00
-3.163542e-10 0.000000e+00 0.000000e+00
-3.405564e-10 0.000000e+00 0.000000e+00
-4.401269e-10 0.000000e+00 0.000000e+00
-4.454089e-10 0.000000e+00 0.000000e+00
-4.464549e-10 0.000000e+00 0.000000e+00
-4.406820e-10 0.000000e+00 0.000000e+00
-4.403644e-10 0.000000e+00 0.000000e+00
-5.293908e-10 0.000000e+00 0.000000e+00
-4.954226e-10 0.000000e+00 0.000000e+00
-5.116086e-10 0.000000e+00 0.000000e+00
-4.923514e-10 0.000000e+00 0.000000e+00
-5.274116e-10 0.000000e+00 0.000000e+00
-4.964874e-10 0.000000e+00 0.000000e+00
-4.932693e-10 0.000000e+00 0.000000e+00
-4.928689e-10 0.000000e+00 0.000000e+00
-5.009506e-10 0.000000e+00 0.000000e+00
-4.929753e-10 0.000000e+00 0.000000e+00
-2.613052e-10 0.000000e+00 0.000000e+00
-2.505948e-10 0.000000e+00 0.000000e+00
-2.601087e-10 0.000000e+00 0.000000e+00
-2.555355e-10 0.000000e+00 0.000000e+00
-3.104209e-10 0.000000e+00 0.000000e+00
7.304825e-10 0.000000e+00 0.000000e+00
6.651616e-10 0.000000e+00 0.000000e+00
7.411708e-10 0.000000e+00 0.000000e+00
7.912304e-10 0.000000e+00 0.000000e+00
6.609581e-10 0.000000e+00 0.000000e+00
-1.247337e-10 0.000000e+00 0.000000e+00
-3.843312e-10 0.000000e+00 0.000000e+00
-3.744088e-10 0.000000e+00 0.000000e+00
-2.081222e-10 0.000000e+00 0.000000e+00
-3.349189e-11 0.000000e+00 0.000000e+00
1.156685e-10 0.000000e+00 0.000000e+00
9.008056e-11 0.000000e+00 0.000000e+00
1.223724e-10 0.000000e+00 0.000000e+00
1.133490e-10 0.000000e+00 0.000000e+00
1.184563e-10 0.000000e+00 0.000000e+00
6.250545e-10 0.000000e+00 0.000000e+00
6.260604e-10 0.000000e+00 0.000000e+00
6.263891e-10 0.000000e+00 0.000000e+00
6.247962e-10 0.000000e+00 0.000000e+00
6.275795e-10 0.000000e+00 0.000000e+00
6.242757e-10 0.000000e+00 0.000000e+00
6.236242e-10 0.000000e+00 0.000000e+00
6.243737e-10 0.000000e+00 0.000000e+00
6.248665e-10 0.000000e+00 0.000000e+00
6.240814e-10 0.000000e+00 0.000000e+00
5.855445e-10 0.000000e+00 0.000000e+00
5.816990e-10 0.000000e+00 0.000000e+00
5.860448e-10 0.000000e+00 0.000000e+00
5.882650e-10 0.000000e+00 0.000000e+00
5.846266e-10 0.000000e+00 0.000000e+00
5.587482e-10 0.000000e+00 0.000000e+00
-2.305425e-10 0.000000e+00 0.000000e+00
-2.287100e-10 0.000000e+00 0.000000e+00
-1.808753e-09 0.000000e+00 0.000000e+00
-1.810560e-09 0.000000e+00 0.000000e+00
-8.075676e-10 0.000000e+00 0.000000e+00
-7.530472e-10 0.000000e+00 0.000000e+00
-8.469673e-10 0.000000e+00 0.000000e+00
-8.413446e-10 0.000000e+00 0.000000e+00
-7.992101e-10 0.000000e+00 0.000000e+00
-8.773684e-10 0.000000e+00 0.000000e+00
-8.821719e-10 0.000000e+00 0.000000e+00
-8.878301e-10 0.000000e+00 0.000000e+00
-8.567075e-10 0.000000e+00 0.000000e+00
-9.262277e-10 0.000000e+00 0.000000e+00
-8.687575e-10 0.000000e+00 0.000000e+00
-8.671682e-10 0.000000e+00 0.000000e+00
-8.681835e-10 0.000000e+00 0.000000e+00
-8.491310e-10 0.000000e+00 0.000000e+00
-8.684886e-10 0.000000e+00 0.000000e+00
-7.289569e-10 0.000000e+00 0.000000e+00
-7.365473e-10 0.000000e+00 0.000000e+00
-7.467681e-10 0.000000e+00 0.000000e+00
-7.363177e-10 0.000000e+00 0.000000e+00
-7.413829e-10 0.000000e+00 0.000000e+00
-1.157192e-09 0.000000e+00 0.000000e+00
-1.419886e-09 0.000000e+00 0.000000e+00
-1.162144e-09 0.000000e+00 0.000000e+00
-1.605691e-09 0.000000e+00 0.000000e+00
-1.396220e-09 0.000000e+00 0.000000e+00
-1.331388e-09 0.000000e+00 0.000000e+00
-1.279319e-09 0.000000e+00 0.000000e+00
-1.194715e-09 0.000000e+00 0.000000e+00
-1.217063e-09 0.000000e+00 0.000000e+00
-1.211975e-09 0.000000e+00 0.000000e+00
-1.496507e-09 0.000000e+00 0.000000e+00
-1.494881e-09 0.000000e+00 0.000000e+00
-1.555534e-09 0.000000e+00 0.000000e+00
-1.552896e-09 0.000000e+00 0.000000e+00
-1.494130e-09 0.000000e+00 0.000000e+00
-1.567484e-09 0.000000e+00 0.000000e+00
-1.589310e-09 0.000000e+00 0.000000e+00
-1.589788e-09 0.000000e+00 0.000000e+00
-1.618153e-09 0.000000e+00 0.000000e+00
-1.581409e-09 0.000000e+00 0.000000e+00
-1.135761e-09 0.000000e+00 0.000000e+00
-1.123534e-09 0.000000e+00 0.000000e+00
-1.135843e-09 0.000000e+00 0.000000e+00
-1.113427e-09 0.000000e+00 0.000000e+00
-1.138773e-09 0.000000e+00 0.000000e+00
-1.668046e-09 0.000000e+00 0.000000e+00
-1.652717e-09 0.000000e+00 0.000000e+00
-1.632837e-09 0.000000e+00 0.000000e+00
3.002792e-10 0.000000e+00 0.000000e+00
3.183711e-10 0.000000e+00 0.000000e+00
6.327725e-10 0.000000e+00 0.000000e+00
6.325772e-10 0.000000e+00 0.000000e+00
6.315787e-10 0.000000e+00 0.000000e+00
6.327269e-10 0.000000e+00 0.000000e+00
6.326556e-10 0.000000e+00 0.000000e+00
6.318706e-10 0.000000e+00 0.000000e+00
6.321546e-10 0.000000e+00 0.000000e+00
6.316489e-10 0.000000e+00 0.000000e+00
4.199236e-10 0.000000e+00 0.000000e+00
3.606284e-10 0.000000e+00 0.000000e+00
5.161304e-11 0.000000e+00 0.000000e+00
4.882422e-11 0.000000e+00 0.000000e+00
5.106363e-11 0.000000e+00 0.000000e+00
4.902039e-11 0.000000e+00 0.000000e+00
4.991546e-11 0.000000e+00 0.000000e+00
1.502832e-10 0.000000e+00 0.000000e+00
1.460181e-10 0.000000e+00 0.000000e+00
1.443689e-10 0.000000e+00 0.000000e+00
1.447940e-10 0.000000e+00 0.000000e+00
1.500391e-10 0.000000e+00 0.000000e+00
2.418902e-10 0.000000e+00 0.000000e+00
2.069991e-10 0.000000e+00 0.000000e+00
2.515723e-10 0.000000e+00 0.000000e+00
2.166210e-10 0.000000e+00 0.000000e+00
2.337343e-10 0.000000e+00 0.000000e+00
2.183235e-09 0.000000e+00 0.000000e+00
1.775826e-09 0.000000e+00 0.000000e+00
2.090693e-09 0.000000e+00 0.000000e+00
1.769908e-09 0.000000e+00 0.000000e+00
1.808905e-09 0.000000e+00 0.000000e+00
-7.913083e-11 0.000000e+00 0.000000e+00
-1.342481e-10 0.000000e+00 0.000000e+00
-5.133246e-12 0.000000e+00 0.000000e+00
-1.288724e-10 0.000000e+00 0.000000e+00
-7.434719e-11 0.000000e+00 0.000000e+00
-1.218605e-10 0.000000e+00 0.000000e+00
-1.664138e-10 0.000000e+00 0.000000e+00
-1.417970e-10 0.000000e+00 0.000000e+00
-1.681463e-10 0.000000e+00 0.000000e+00
-1.433768e-10 0.000000e+00 0.000000e+00
7.165180e-12 0.000000e+00 0.000000e+00
1.205486e-11 0.000000e+00 0.000000e+00
-9.445635e-12 0.000000e+00 0.000000e+00
-1.279687e-12 0.000000e+00 0.000000e+00
-1.065651e-11 0.000000e+00 0.000000e+00
3.207803e-10 0.000000e+00 0.000000e+00
3.264173e-10 0.000000e+00 0.000000e+00
3.043160e-10 0.000000e+00 0.000000e+00
3.277310e-10 0.000000e+00 0.000000e+00
7.937219e-10 0.000000e+00 0.000000e+00
1.407832e-09 0.000000e+00 0.000000e+00
1.290883e-09 0.000000e+00 0.000000e+00
1.347092e-09 0.000000e+00 0.000000e+00
1.378136e-09 0.000000e+00 0.000000e+00
1.346871e-09 0.000000e+00 0.000000e+00
2.122664e-09 0.000000e+00 0.000000e+00
2.401660e-09 0.000000e+00 0.000000e+00
2.199126e-09 0.000000e+00 0.000000e+00
1.994716e-09 0.000000e+00 0.000000e+00
1.906429e-09 0.000000e+00 0.000000e+00
2.407059e-09 0.000000e+00 0.000000e+00
2.388675e-09 0.000000e+00 0.000000e+00
2.604602e-09 0.000000e+00 0.000000e+00
2.036832e-09 0.000000e+00 0.000000e+00
2.091733e-09 0.000000e+00 0.000000e+00
1.556287e-09 0.000000e+00 0.000000e+00
1.564125e-09 0.000000e+00 0.000000e+00
1.531169e-09 0.000000e+00 0.000000e+00
1.564075e-09 0.000000e+00 0.000000e+00
1.522620e-09 0.000000e+00 0.000000e+00
2.282438e-09 0.000000e+00 0.000000e+00
2.261009e-09 0.000000e+00 0.000000e+00
2.567170e-09 0.000000e+00 0.000000e+00
2.208318e-09 0.000000e+00 0.000000e+00
2.264301e-09 0.000000e+00 0.000000e+00
2.223736e-09 0.000000e+00 0.000000e+00
2.160330e-09 0.000000e+00 0.000000e+00
2.175809e-09 0.000000e+00 0.000000e+00
2.166110e-09 0.000000e+00 0.000000e+00
2.171528e-09 0.000000e+00 0.000000e+00
2.435445e-09 0.000000e+00 0.000000e+00
2.525362e-09 0.000000e+00 0.000000e+00
2.389816e-09 0.000000e+00 0.000000e+00
2.547020e-09 0.000000e+00 0.000000e+00
2.393752e-09 0.000000e+00 0.000000e+00
2.505100e-09 0.000000e+00 0.000000e+00
2.531757e-09 0.000000e+00 0.000000e+00
2.775080e-09 0.000000e+00 0.000000e+00
2.496885e-09 0.000000e+00 0.000000e+00
2.590307e-09 0.000000e+00 0.000000e+00
1.705236e-09 0.000000e+00 0.000000e+00
1.723786e-09 0.000000e+00 0.000000e+00
1.726604e-09 0.000000e+00 0.000000e+00
1.677198e-09 0.000000e+00 0.000000e+00
1.722618e-09 0.000000e+00 0.000000e+00
1.988640e-09 0.000000e+00 0.000000e+00
2.031068e-09 0.000000e+00 0.000000e+00
2.011709e-09 0.000000e+00 0.000000e+00
1.974161e-09 0.000000e+00 0.000000e+00
2.001283e-09 0.000000e+00 0.000000e+00
-2.551250e-10 0.000000e+00 0.000000e+00
-2.569491e-10 0.000000e+00 0.000000e+00
-2.504050e-10 0.000000e+00 0.000000e+00
-2.523207e-10 0.000000e+00 0.000000e+00
-2.482507e-10 0.000000e+00 0.000000e+00
-5.065502e-10 0.000000e+00 0.000000e+00
-5.087262e-10 0.000000e+00 0.000000e+00
-5.091611e-10 0.000000e+00 0.000000e+00
-5.150898e-10 0.000000e+00 0.000000e+00
-5.071644e-10 0.000000e+00 0.000000e+00
-2.851848e-10 0.000000e+00 0.000000e+00
-2.957266e-10 0.000000e+00 0.000000e+00
-2.672534e-10 0.000000e+00 0.000000e+00
-2.961725e-10 0.000000e+00 0.000000e+00
-5.660441e-10 0.000000e+00 0.000000e+00
-5.908792e-10 0.000000e+00 0.000000e+00
-5.859467e-10 0.000000e+00 0.000000e+00
-5.856869e-10 0.000000e+00 0.000000e+00
-5.997921e-10 0.000000e+00 0.000000e+00
-5.953442e-10 0.000000e+00 0.000000e+00
-5.792325e-10 0.000000e+00 0.000000e+00
-5.837884e-10 0.000000e+00 0.000000e+00
-5.842765e-10 0.000000e+00 0.000000e+00
-5.813153e-10 0.000000e+00 0.000000e+00
-5.882878e-10 0.000000e+00 0.000000e+00
-5.738970e-10 0.000000e+00 0.000000e+00
-5.785746e-10 0.000000e+00 0.000000e+00
-5.770238e-10 0.000000e+00 0.000000e+00
-5.774406e-10 0.000000e+00 0.000000e+00
-5.833398e-10 0.000000e+00 0.000000e+00
-5.304304e-10 0.000000e+00 0.000000e+00
-5.465332e-10 0.000000e+00 0.000000e+00
-5.542765e-10 0.000000e+00 0.000000e+00
-5.501649e-10 0.000000e+00 0.000000e+00
-5.370905e-10 0.000000e+00 0.000000e+00
-5.528517e-10 0.000000e+00 0.000000e+00
-5.491053e-10 0.000000e+00 0.000000e+00
-5.552776e-10 0.000000e+00 0.000000e+00
-5.543718e-10 0.000000e+00 0.000000e+00
-5.478471e-10 0.000000e+00 0.000000e+00
-5.759671e-10 0.000000e+00 0.000000e+00
-5.756403e-10 0.000000e+00 0.000000e+00
-5.741505e-10 0.000000e+00 0.000000e+00
-5.764426e-10 0.000000e+00 0.000000e+00
-5.746980e-10 0.000000e+00 0.000000e+00
-4.508032e-10 0.000000e+00 0.000000e+00
-4.608307e-10 0.000000e+00 0.000000e+00
-4.446847e-10 0.000000e+00 0.000000e+00
-4.473441e-10 0.000000e+00 0.000000e+00
-4.536902e-10 0.000000e+00 0.000000e+00
-4.690958e-10 0.000000e+00 0.000000e+00
-4.679934e-10 0.000000e+00 0.000000e+00
-4.648599e-10 0.000000e+00 0.000000e+00
-4.712699e-10 0.000000e+00 0.000000e+00
-4.660528e-10 0.000000e+00 0.000000e+00
-2.953892e-10 0.000000e+00 0.000000e+00
-7.799909e-11 0.000000e+00 0.000000e+00
-2.890208e-10 0.000000e+00 0.000000e+00
-1.041808e-10 0.000000e+00 0.000000e+00
-3.711305e-10 0.000000e+00 0.000000e+00
-3.932715e-10 0.000000e+00 0.000000e+00
-3.882712e-10 0.000000e+00 0.000000e+00
-3.876870e-10 0.000000e+00 0.000000e+00
-3.871382e-10 0.000000e+00 0.000000e+00
-3.916697e-10 0.000000e+00 0.000000e+00
-5.493942e-11 0.000000e+00 0.000000e+00
-3.564827e-10 0.000000e+00 0.000000e+00
-1.284065e-10 0.000000e+00 0.000000e+00
-2.155732e-10 0.000000e+00 0.000000e+00
-9.589536e-11 0.000000e+00 0.000000e+00
-3.432636e-10 0.000000e+00 0.000000e+00
-2.099789e-10 0.000000e+00 0.000000e+00
-3.273135e-10 0.000000e+00 0.000000e+00
-2.184871e-10 0.000000e+00 0.000000e+00
-3.296533e-10 0.000000e+00 0.000000e+00
-1.362873e-10 0.000000e+00 0.000000e+00
-1.869451e-10 0.000000e+00 0.000000e+00
-2.041793e-10 0.000000e+00 0.000000e+00
-2.099894e-10 0.000000e+00 0.000000e+00
-2.793976e-10 0.000000e+00 0.000000e+00
-3.033772e-10 0.000000e+00 0.000000e+00
-3.036559e-10 0.000000e+00 0.000000e+00
-3.052749e-10 0.000000e+00 0.000000e+00
-2.912180e-10 0.000000e+00 0.000000e+00
-3.051920e-10 0.000000e+00 0.000000e+00
-5.246724e-10 0.000000e+00 0.000000e+00
-5.304375e-10 0.000000e+00 0.000000e+00
-5.302227e-10 0.000000e+00 0.000000e+00
-5.317130e-10 0.000000e+00 0.000000e+00
-5.295116e-10 0.000000e+00 0.000000e+00
-4.897940e-10 0.000000e+00 0.000000e+00
-4.903709e-10 0.000000e+00 0.000000e+00
-4.893959e-10 0.000000e+00 0.000000e+00
-4.917721e-10 0.000000e+00 0.000000e+00
-4.888496e-10 0.000000e+00 0.000000e+00
-1.349318e-10 0.000000e+00 0.000000e+00
-2.598606e-10 0.000000e+00 0.000000e+00
-1.939512e-10 0.000000e+00 0.000000e+00
-2.057432e-10 0.000000e+00 0.000000e+00
-1.997618e-10 0.000000e+00 0.000000e+00
-1.533866e-10 0.000000e+00 0.000000e+00
-1.619955e-10 0.000000e+00 0.000000e+00
-1.719558e-10 0.000000e+00 0.000000e+00
-1.315055e-10 0.000000e+00 0.000000e+00
-1.826566e-10 0.000000e+00 0.000000e+00
-1.333466e-10 0.000000e+00 0.000000e+00
-1.577231e-10 0.000000e+00 0.000000e+00
-1.444790e-10 0.000000e+00 0.000000e+00
-1.291951e-10 0.000000e+00 0.000000e+00
-1.244553e-10 0.000000e+00 0.000000e+00
3.571925e-10 0.000000e+00 0.000000e+00
3.603535e-10 0.000000e+00 0.000000e+00
3.636526e-10 0.000000e+00 0.000000e+00
3.631657e-10 0.000000e+00 0.000000e+00
3.648823e-10 0.000000e+00 0.000000e+00
8.875800e-11 0.000000e+00 0.000000e+00
1.039759e-10 0.000000e+00 0.000000e+00
9.414332e-11 0.000000e+00 0.000000e+00
9.767914e-11 0.000000e+00 0.000000e+00
9.461313e-11 0.000000e+00 0.000000e+00
1.363248e-10 0.000000e+00 0.000000e+00
1.303915e-10 0.000000e+00 0.000000e+00
1.294119e-10 0.000000e+00 0.000000e+00
1.953561e-10 0.000000e+00 0.000000e+00
1.971969e-10 0.000000e+00 0.000000e+00
2.251586e-10 0.000000e+00 0.000000e+00
2.105099e-10 0.000000e+00 0.000000e+00
2.107284e-10 0.000000e+00 0.000000e+00
2.228282e-10 0.000000e+00 0.000000e+00
2.194293e-10 0.000000e+00 0.000000e+00
-7.216077e-11 0.000000e+00 0.000000e+00
-5.500024e-11 0.000000e+00 0.000000e+00
-5.736765e-11 0.000000e+00 0.000000e+00
-5.459593e-11 0.000000e+00 0.000000e+00
-7.198769e-11 0.000000e+00 0.000000e+00
-5.482463e-11 0.000000e+00 0.000000e+00
-5.335296e-11 0.000000e+00 0.000000e+00
-4.860742e-11 0.000000e+00 0.000000e+00
-5.225887e-11 0.000000e+00 0.000000e+00
-6.040558e-11 0.000000e+00 0.000000e+00
3.885247e-12 0.000000e+00 0.000000e+00
4.034059e-12 0.000000e+00 0.000000e+00
5.879148e-12 0.000000e+00 0.000000e+00
-5.978243e-12 0.000000e+00 0.000000e+00
1.169651e-11 0.000000e+00 0.000000e+00
-8.756170e-12 0.000000e+00 0.000000e+00
-1.048031e-11 0.000000e+00 0.000000e+00
-1.176296e-11 0.000000e+00 0.000000e+00
-3.408495e-12 0.000000e+00 0.000000e+00
-1.715748e-11 0.000000e+00 0.000000e+00
6.180420e-10 0.000000e+00 0.000000e+00
6.155134e-10 0.000000e+00 0.000000e+00
4.912082e-10 0.000000e+00 0.000000e+00
6.116119e-10 0.000000e+00 0.000000e+00
5.757284e-10 0.000000e+00 0.000000e+00
4.348400e-10 0.000000e+00 0.000000e+00
4.244212e-10 0.000000e+00 0.000000e+00
4.275962e-10 0.000000e+00 0.000000e+00
4.414749e-10 0.000000e+00 0.000000e+00
4.334511e-10 0.000000e+00 0.000000e+00
4.464887e-10 0.000000e+00 0.000000e+00
4.456262e-10 0.000000e+00 0.000000e+00
4.471650e-10 0.000000e+00 0.000000e+00
4.459680e-10 0.000000e+00 0.000000e+00
4.469626e-10 0.000000e+00 0.000000e+00
6.130209e-10 0.000000e+00 0.000000e+00
6.170573e-10 0.000000e+00 0.000000e+00
6.153892e-10 0.000000e+00 0.000000e+00
6.150918e-10 0.000000e+00 0.000000e+00
6.128507e-10 0.000000e+00 0.000000e+00
5.934650e-10 0.000000e+00 0.000000e+00
5.909774e-10 0.000000e+00 0.000000e+00
5.903909e-10 0.000000e+00 0.000000e+00
5.900955e-10 0.000000e+00 0.000000e+00
5.855526e-10 0.000000e+00 0.000000e+00
5.559406e-10 0.000000e+00 0.000000e+00
5.455093e-10 0.000000e+00 0.000000e+00
5.452370e-10 0.000000e+00 0.000000e+00
5.618620e-10 0.000000e+00 0.000000e+00
5.419546e-10 0.000000e+00 0.000000e+00
5.945429e-10 0.000000e+00 0.000000e+00
5.937885e-10 0.000000e+00 0.000000e+00
5.923295e-10 0.000000e+00 0.000000e+00
5.935031e-10 0.000000e+00 0.000000e+00
5.937226e-10 0.000000e+00 0.000000e+00
2.484786e-10 0.000000e+00 0.000000e+00
2.495295e-10 0.000000e+00 0.000000e+00
2.534355e-10 0.000000e+00 0.000000e+00
2.502569e-10 0.000000e+00 0.000000e+00
2.528702e-10 0.000000e+00 0.000000e+00
4.897688e-10 0.000000e+00 0.000000e+00
4.218477e-10 0.000000e+00 0.000000e+00
6.070467e-10 0.000000e+00 0.000000e+00
-3.182971e-10 0.000000e+00 0.000000e+00
-3.013077e-10 0.000000e+00 0.000000e+00
1.124771e-09 0.000000e+00 0.000000e+00
1.099704e-09 0.000000e+00 0.000000e+00
1.127171e-09 0.000000e+00 0.000000e+00
1.088736e-09 0.000000e+00 0.000000e+00
1.046437e-09 0.000000e+00 0.000000e+00
1.100753e-09 0.000000e+00 0.000000e+00
1.123895e-09 0.000000e+00 0.000000e+00
1.141294e-09 0.000000e+00 0.000000e+00
1.139167e-09 0.000000e+00 0.000000e+00
