step K U E temp
0 1.327289e-22 -4.109120e-18 -4.108987e-18 1.922704e+01
1000 1.888724e-23 -4.105995e-18 -4.105976e-18 2.735995e+00
2000 1.410065e-21 -4.090157e-18 -4.088747e-18 2.042612e+02
3000 1.005109e-21 -4.109543e-18 -4.108537e-18 1.455995e+02
4000 1.552973e-23 -4.108661e-18 -4.108646e-18 2.249628e+00
5000 2.486247e-22 -4.109988e-18 -3.929740e-18 3.601563e+01
6000 3.896331e-21 -4.107741e-18 -3.981376e-18 5.644202e+02
7000 2.203710e-21 -4.105219e-18 -3.982926e-18 3.192281e+02
8000 1.632670e-21 -4.096497e-18 -3.854032e-18 2.365077e+02
9000 1.295250e-21 -4.100609e-18 -3.850299e-18 1.876291e+02
10000 2.055687e-21 -4.099928e-18 -3.851554e-18 2.977856e+02
11000 4.623694e-22 -4.098641e-18 -3.855095e-18 6.697856e+01
12000 3.395187e-21 -4.078617e-18 -3.714726e-18 4.918248e+02
13000 1.820601e-21 -4.086863e-18 -3.713356e-18 2.637312e+02
14000 6.368662e-22 -4.079354e-18 -3.718029e-18 9.225606e+01
15000 3.381742e-22 -4.085097e-18 -3.718161e-18 4.898771e+01
16000 1.970672e-21 -4.080526e-18 -3.717415e-18 2.854704e+02
17000 1.706264e-23 -4.085152e-18 -3.718412e-18 2.471684e+00
18000 2.857598e-22 -4.084302e-18 -3.719021e-18 4.139500e+01
19000 7.237061e-22 -4.081671e-18 -3.719116e-18 1.048356e+02
20000 1.369460e-21 -4.083518e-18 -3.718396e-18 1.983792e+02
21000 1.181531e-21 -4.085916e-18 -3.716064e-18 1.711558e+02
22000 1.494790e-21 -4.077800e-18 -3.715964e-18 2.165344e+02
23000 2.321044e-21 -4.102695e-18 -3.620354e-18 3.362251e+02
24000 2.959848e-23 -4.090043e-18 -3.490012e-18 4.287618e+00
25000 1.004495e-21 -4.097975e-18 -3.496587e-18 1.455106e+02
26000 4.211209e-22 -4.102825e-18 -3.493869e-18 6.100333e+01
27000 2.311143e-21 -4.102232e-18 -3.493857e-18 3.347909e+02
28000 3.614887e-23 -4.099809e-18 -3.498441e-18 5.236504e+00
29000 9.210953e-22 -4.101025e-18 -3.497193e-18 1.334293e+02
30000 2.075487e-22 -4.102388e-18 -3.495539e-18 3.006538e+01
31000 3.227056e-21 -4.103539e-18 -3.487673e-18 4.674694e+02
32000 7.358957e-23 -4.096972e-18 -3.496709e-18 1.066014e+01
33000 7.170361e-24 -4.103378e-18 -3.491778e-18 1.038694e+00
34000 5.781913e-22 -4.093871e-18 -3.358126e-18 8.375646e+01
35000 2.945485e-22 -4.085504e-18 -3.364664e-18 4.266813e+01
36000 2.054230e-21 -4.089395e-18 -3.364352e-18 2.975745e+02
37000 3.920740e-22 -4.085938e-18 -3.364880e-18 5.679561e+01
38000 7.571017e-21 -4.076240e-18 -3.218728e-18 1.096733e+03
39000 7.693511e-22 -4.068411e-18 -3.226602e-18 1.114478e+02
40000 3.087295e-21 -4.067255e-18 -3.223461e-18 4.472237e+02
41000 7.487852e-23 -4.071646e-18 -3.228711e-18 1.084686e+01
42000 2.324369e-23 -4.072679e-18 -3.228792e-18 3.367067e+00
43000 9.225690e-23 -4.070759e-18 -3.228477e-18 1.336428e+01
44000 2.291443e-22 -4.067795e-18 -3.226718e-18 3.319371e+01
45000 1.750489e-22 -4.069019e-18 -3.227577e-18 2.535749e+01
46000 1.467589e-21 -4.072682e-18 -3.227347e-18 2.125941e+02
47000 4.193162e-21 -4.074776e-18 -3.223718e-18 6.074190e+02
48000 1.959383e-20 -4.063662e-18 -3.203870e-18 2.838351e+03
49000 2.182518e-21 -4.075934e-18 -3.224530e-18 3.161583e+02
50000 3.357995e-24 -4.076488e-18 -3.225927e-18 4.864371e-01
51000 5.187579e-22 -4.074430e-18 -3.227646e-18 7.514696e+01
52000 1.078582e-21 -4.072218e-18 -3.227756e-18 1.562428e+02
53000 4.875570e-22 -4.062569e-18 -3.221949e-18 7.062723e+01
54000 1.378495e-21 -4.071467e-18 -3.227377e-18 1.996880e+02
55000 2.913912e-22 -4.071924e-18 -3.228528e-18 4.221076e+01
56000 2.740150e-21 -4.052768e-18 -3.209577e-18 3.969366e+02
57000 2.618634e-21 -4.050886e-18 -3.076848e-18 3.793338e+02
58000 1.165606e-22 -4.040075e-18 -3.079196e-18 1.688490e+01
59000 2.856351e-22 -4.044670e-18 -3.081656e-18 4.137693e+01
60000 4.384779e-23 -4.030383e-18 -3.070309e-18 6.351766e+00
61000 6.129565e-22 -4.029767e-18 -2.945110e-18 8.879251e+01
62000 5.116410e-22 -4.014996e-18 -2.934410e-18 7.411602e+01
63000 2.243953e-23 -4.025621e-18 -2.944068e-18 3.250577e+00
64000 2.960632e-22 -4.026811e-18 -2.944466e-18 4.288754e+01
65000 8.728415e-22 -4.078955e-18 -2.859726e-18 1.264393e+02
66000 3.193280e-22 -4.073767e-18 -2.868209e-18 4.625767e+01
67000 2.785624e-23 -4.060660e-18 -2.860568e-18 4.035239e+00
68000 2.768258e-22 -4.068485e-18 -2.867143e-18 4.010082e+01
69000 9.200499e-22 -4.064718e-18 -2.863507e-18 1.332779e+02
70000 3.402604e-21 -4.069859e-18 -2.864801e-18 4.928992e+02
71000 1.881977e-21 -4.074739e-18 -2.866059e-18 2.726221e+02
72000 3.823311e-24 -4.074322e-18 -2.868231e-18 5.538426e-01
73000 5.920357e-20 -4.055756e-18 -2.586881e-18 8.576195e+03
74000 2.859468e-21 -4.026752e-18 -2.703890e-18 4.142208e+02
75000 2.267250e-23 -4.049858e-18 -2.727213e-18 3.284325e+00
76000 8.339649e-21 -4.048639e-18 -2.718347e-18 1.208077e+03
77000 2.342108e-21 -4.053598e-18 -2.725187e-18 3.392764e+02
78000 1.044382e-26 -4.043315e-18 -2.722834e-18 1.512886e-03
79000 4.574981e-21 -4.044902e-18 -2.719583e-18 6.627291e+02
80000 1.037837e-21 -4.108961e-18 -2.629271e-18 1.503405e+02
81000 4.315977e-22 -3.875294e-18 -2.434862e-18 6.252099e+01
82000 2.654628e-22 -4.109738e-18 -2.624418e-18 3.845479e+01
83000 1.045246e-21 -4.109272e-18 -2.630828e-18 1.514137e+02
84000 5.943681e-21 -4.102017e-18 -2.589422e-18 8.609982e+02
85000 4.751858e-23 -4.023994e-18 -2.581887e-18 6.883514e+00
86000 4.256385e-21 -4.010173e-18 -2.565837e-18 6.165774e+02
87000 6.670259e-21 -4.026147e-18 -2.576317e-18 9.662498e+02
88000 1.231502e-23 -4.026771e-18 -2.583198e-18 1.783946e+00
89000 1.905605e-21 -4.029190e-18 -2.581728e-18 2.760447e+02
90000 3.414105e-21 -4.033084e-18 -2.579037e-18 4.945652e+02
91000 9.188545e-22 -4.029200e-18 -2.582715e-18 1.331047e+02
92000 3.626893e-21 -4.028653e-18 -2.579979e-18 5.253896e+02
93000 3.651798e-19 -4.013784e-18 -2.079757e-18 5.289974e+04
94000 1.883748e-22 -4.013082e-18 -2.444929e-18 2.728787e+01
95000 7.371980e-21 -3.982449e-18 -2.292761e-18 1.067901e+03
96000 2.776331e-20 -4.097703e-18 -2.091694e-18 4.021776e+03
97000 8.934018e-22 -3.949266e-18 -1.966778e-18 1.294177e+02
98000 2.370507e-21 -3.925283e-18 -1.984164e-18 3.433902e+02
99000 8.362068e-22 -4.105610e-18 -2.123948e-18 1.211324e+02
100000 4.122502e-20 -4.069253e-18 -1.917286e-18 5.971832e+03
101000 6.201490e-21 -4.094779e-18 -1.990324e-18 8.983442e+02
102000 2.939300e-22 -4.098152e-18 -1.994223e-18 4.257853e+01
103000 1.954695e-21 -4.097464e-18 -1.994647e-18 2.831560e+02
104000 9.266772e-21 -4.097787e-18 -1.986469e-18 1.342379e+03
105000 8.420848e-20 -4.059481e-18 -1.738150e-18 1.219839e+04
106000 9.614617e-22 -4.007791e-18 -1.723802e-18 1.392768e+02
107000 7.736579e-22 -3.976620e-18 -1.574024e-18 1.120716e+02
108000 1.091875e-21 -3.971637e-18 -1.569903e-18 1.581683e+02
109000 1.219092e-23 -3.985369e-18 -1.576923e-18 1.765969e+00
110000 3.305383e-21 -3.954719e-18 -1.428767e-18 4.788158e+02
111000 5.260130e-21 -3.970098e-18 -1.421950e-18 7.619794e+02
112000 1.560661e-22 -3.965758e-18 -1.431711e-18 2.260765e+01
113000 1.555474e-22 -3.963787e-18 -1.432874e-18 2.253250e+01
114000 1.259586e-21 -3.962903e-18 -1.432107e-18 1.824629e+02
115000 3.103835e-21 -3.954955e-18 -1.429094e-18 4.496197e+02
116000 2.026969e-21 -3.974525e-18 -1.417716e-18 2.936255e+02
117000 2.149097e-22 -3.954152e-18 -1.431542e-18 3.113169e+01
118000 9.031275e-21 -3.965204e-18 -1.423222e-18 1.308265e+03
119000 1.609495e-21 -3.947621e-18 -1.425324e-18 2.331505e+02
120000 3.889072e-22 -3.971130e-18 -1.425300e-18 5.633686e+01
121000 1.399646e-21 -3.966598e-18 -1.429793e-18 2.027519e+02
122000 1.007800e-21 -3.966180e-18 -1.430534e-18 1.459893e+02
123000 1.483583e-22 -3.966823e-18 -1.430845e-18 2.149110e+01
124000 7.161426e-22 -3.968513e-18 -1.428529e-18 1.037400e+02
125000 2.720780e-21 -3.956284e-18 -1.430104e-18 3.941306e+02
126000 3.330008e-21 -3.945172e-18 -1.421430e-18 4.823830e+02
127000 3.628968e-22 -3.944368e-18 -1.286185e-18 5.256901e+01
128000 5.689909e-22 -3.928407e-18 -1.285948e-18 8.242369e+01
129000 1.030761e-21 -3.909091e-18 -1.144751e-18 1.493154e+02
130000 2.579520e-21 -3.917192e-18 -1.144567e-18 3.736678e+02
131000 1.246964e-22 -3.909809e-18 -1.145999e-18 1.806345e+01
132000 7.680314e-21 -3.911022e-18 -1.138938e-18 1.112566e+03
133000 4.584201e-22 -3.907522e-18 -1.144465e-18 6.640646e+01
134000 3.304110e-20 -4.103650e-18 -1.146623e-18 4.786314e+03
135000 5.355069e-23 -3.907853e-18 -1.024539e-18 7.757322e+00
136000 6.275237e-21 -4.088104e-18 -1.081736e-18 9.090271e+02
137000 1.491904e-20 -4.037443e-18 -1.064277e-18 2.161163e+03
138000 2.520931e-20 -4.087840e-18 -1.062426e-18 3.651805e+03
139000 1.216052e-21 -4.109020e-18 -1.189613e-18 1.761566e+02
140000 1.570457e-21 -4.067293e-18 -1.099222e-18 2.274955e+02
141000 6.248682e-20 -4.101423e-18 -1.116952e-18 9.051803e+03
142000 6.448420e-21 -3.908385e-18 -1.018462e-18 9.341143e+02
143000 7.651524e-21 -4.097157e-18 -1.148901e-18 1.108395e+03
144000 1.906460e-21 -3.927167e-18 -1.023558e-18 2.761687e+02
145000 1.158415e-19 -4.109986e-18 -9.239711e-19 1.678073e+04
146000 7.339560e-22 -3.926919e-18 -9.048864e-19 1.063204e+02
147000 1.720516e-21 -4.060872e-18 -9.804130e-19 2.492330e+02
148000 8.690853e-20 -4.108706e-18 -9.803672e-19 1.258952e+04
149000 1.506515e-21 -4.101072e-18 -1.056311e-18 2.182329e+02
150000 5.230439e-22 -4.091091e-18 -1.050259e-18 7.576784e+01
151000 4.471034e-21 -3.889530e-18 -7.435240e-19 6.476714e+02
152000 2.961974e-19 -3.976676e-18 -4.673812e-19 4.290699e+04
153000 7.954748e-21 -4.081756e-18 -8.939854e-19 1.152320e+03
154000 2.949616e-20 -3.929665e-18 -7.541750e-19 4.272796e+03
155000 1.229160e-19 -4.062647e-18 -7.412714e-19 1.780553e+04
156000 3.405751e-22 -3.996018e-18 -6.841328e-19 4.933550e+01
157000 2.321972e-24 -4.048775e-18 -5.848286e-19 3.363594e-01
158000 3.077862e-20 -4.101197e-18 -6.676486e-19 4.458573e+03
159000 5.230356e-21 -4.055279e-18 -5.826383e-19 7.576662e+02
160000 8.056152e-21 -4.046480e-18 -5.749251e-19 1.167009e+03
161000 3.648190e-22 -4.055144e-18 -5.875190e-19 5.284746e+01
162000 4.557041e-21 -4.052716e-18 -5.828604e-19 6.601302e+02
163000 8.429552e-21 -4.081343e-18 -5.306412e-19 1.221100e+03
164000 1.295899e-22 -4.106523e-18 -3.250715e-19 1.877232e+01
165000 7.936982e-21 -4.107386e-18 -3.212838e-19 1.149747e+03
166000 1.717512e-20 -3.613672e-18 1.235030e-19 2.487978e+03
167000 4.808149e-22 -3.926581e-18 -1.853426e-19 6.965056e+01
168000 5.087851e-22 -3.910038e-18 -1.852619e-19 7.370230e+01
169000 1.786355e-19 -4.097010e-18 -1.224782e-19 2.587703e+04
170000 2.338272e-21 -4.004293e-18 -2.109594e-19 3.387207e+02
171000 6.131319e-22 -4.023605e-18 -2.107852e-19 8.881792e+01
172000 2.162185e-22 -4.021056e-18 -2.123418e-19 3.132128e+01
173000 8.050786e-20 -4.106686e-18 -1.248854e-19 1.166232e+04
174000 3.420122e-21 -4.105976e-18 -2.027108e-19 4.954368e+02
175000 1.921386e-20 -3.787414e-18 7.179980e-20 2.783309e+03
176000 4.243610e-20 -4.101896e-18 6.280748e-20 6.147268e+03
177000 8.294483e-20 -3.966596e-18 2.628531e-19 1.201534e+04
178000 1.097620e-22 -4.109682e-18 5.466157e-20 1.590005e+01
179000 1.894561e-23 -4.109952e-18 6.319912e-20 2.744450e+00
180000 6.579608e-19 -4.107151e-18 7.664973e-19 9.531181e+04
181000 1.560185e-19 -4.009785e-18 3.060573e-19 2.260076e+04
182000 3.048218e-20 -4.109594e-18 2.176514e-19 4.415631e+03
183000 4.946575e-22 -4.109976e-18 1.779650e-19 7.165579e+01
184000 3.938349e-20 -4.090841e-18 2.530140e-19 5.705070e+03
185000 1.414077e-22 -4.109796e-18 1.744717e-19 2.048423e+01
186000 1.142695e-21 -4.105543e-18 1.750860e-19 1.655301e+02
187000 9.621184e-20 -3.634827e-18 6.613851e-19 1.393719e+04
188000 4.649428e-22 -4.083203e-18 2.096443e-19 6.735133e+01
189000 1.379337e-21 -4.019635e-18 3.772354e-19 1.998099e+02
190000 1.188780e-19 -3.721055e-18 7.234998e-19 1.722060e+04
191000 1.337285e-19 -3.884565e-18 5.826149e-19 1.937184e+04
192000 1.280272e-20 -4.001702e-18 4.276508e-19 1.854595e+03
193000 1.486234e-20 -3.975041e-18 4.269231e-19 2.152951e+03
194000 4.140254e-21 -3.258876e-18 1.065264e-18 5.997547e+02
195000 1.541050e-19 -4.032696e-18 5.603576e-19 2.232356e+04
196000 9.188529e-23 -4.062567e-18 5.972127e-19 1.331045e+01
197000 6.122366e-22 -4.068119e-18 6.021094e-19 8.868823e+01
198000 3.481379e-21 -4.063144e-18 6.004105e-19 5.043105e+02
199000 1.310027e-19 -4.050899e-18 9.249218e-19 1.897697e+04
200000 9.299578e-21 -4.109832e-18 6.637975e-19 1.347131e+03
201000 1.466075e-21 -4.078465e-18 7.705736e-19 2.123748e+02
202000 3.995737e-26 -4.075935e-18 7.701379e-19 5.788201e-03
203000 5.200925e-22 -3.907344e-18 7.763287e-19 7.534030e+01
204000 1.205859e-21 -3.920678e-18 7.731786e-19 1.746801e+02
205000 1.331754e-21 -3.924179e-18 7.742939e-19 1.929170e+02
206000 3.875521e-23 -4.009211e-18 7.511409e-19 5.614057e+00
207000 9.240909e-20 -3.751971e-18 1.020438e-18 1.338633e+04
208000 2.282328e-22 -4.087581e-18 7.754461e-19 3.306166e+01
209000 8.210584e-20 -4.066476e-18 8.600417e-19 1.189380e+04
210000 9.907847e-21 -4.107635e-18 6.750273e-19 1.435245e+03
211000 1.180426e-21 -4.051466e-18 7.642624e-19 1.709958e+02
212000 1.734364e-21 -4.076371e-18 7.716528e-19 2.512389e+02
213000 5.089376e-20 -3.786742e-18 1.139442e-18 7.372440e+03
214000 2.174721e-23 -3.979640e-18 8.899871e-19 3.150288e+00
215000 7.044761e-22 -3.918271e-18 8.925316e-19 1.020500e+02
216000 6.188064e-21 -3.940802e-18 9.132849e-19 8.963993e+02
217000 1.629819e-21 -3.992312e-18 8.905904e-19 2.360946e+02
218000 3.285856e-21 -3.980488e-18 8.930145e-19 4.759872e+02
219000 5.444643e-21 -3.987967e-18 8.942440e-19 7.887078e+02
220000 1.088625e-21 -3.884821e-18 9.300771e-19 1.576975e+02
221000 3.284379e-21 -3.881210e-18 9.314213e-19 4.757733e+02
222000 6.031726e-22 -3.880917e-18 9.287248e-19 8.737523e+01
223000 8.588944e-22 -3.878654e-18 9.291161e-19 1.244189e+02
224000 2.047673e-23 -3.881599e-18 9.281897e-19 2.966247e+00
225000 1.820612e-21 -3.867040e-18 9.361323e-19 2.637328e+02
226000 1.982299e-22 -3.876579e-18 9.289455e-19 2.871547e+01
227000 2.167351e-23 -3.889489e-18 9.319912e-19 3.139612e+00
228000 1.480792e-20 -4.077258e-18 1.032358e-18 2.145066e+03
229000 3.361646e-22 -3.978828e-18 1.010567e-18 4.869661e+01
230000 7.061749e-19 -3.944660e-18 1.736451e-18 1.022961e+05
231000 6.171547e-22 -3.986335e-18 1.009495e-18 8.940066e+01
232000 6.430168e-21 -3.944672e-18 1.036714e-18 9.314704e+02
233000 4.913472e-22 -3.976711e-18 1.011616e-18 7.117627e+01
234000 3.865595e-21 -3.935708e-18 1.025858e-18 5.599677e+02
235000 1.169861e-19 -3.978546e-18 1.150913e-18 1.694653e+04
236000 1.407364e-21 -3.926408e-18 1.015606e-18 2.038700e+02
237000 3.736368e-21 -3.995906e-18 1.133660e-18 5.412481e+02
238000 2.741728e-21 -3.996045e-18 1.132727e-18 3.971651e+02
239000 3.522499e-21 -3.993454e-18 1.132675e-18 5.102671e+02
240000 3.700122e-22 -3.988261e-18 1.129167e-18 5.359975e+01
241000 8.307062e-20 -4.107831e-18 1.228987e-18 1.203356e+04
242000 3.270205e-21 -4.092675e-18 1.246874e-18 4.737200e+02
243000 1.783394e-22 -3.381432e-18 1.778747e-18 2.583415e+01
244000 4.165072e-21 -4.003399e-18 1.365034e-18 6.033498e+02
245000 1.430600e-19 -3.769959e-18 1.653101e-18 2.072358e+04
246000 1.541162e-22 -3.997292e-18 1.421968e-18 2.232519e+01
247000 8.886633e-24 -4.050000e-18 1.365165e-18 1.287312e+00
248000 1.690925e-20 -3.561228e-18 1.735681e-18 2.449465e+03
249000 8.264110e-23 -4.055162e-18 1.362432e-18 1.197134e+01
250000 1.105487e-19 -3.577205e-18 1.813344e-18 1.601402e+04
251000 8.702460e-21 -3.891615e-18 1.446186e-18 1.260633e+03
252000 4.078026e-22 -3.605485e-18 1.794922e-18 5.907404e+01
253000 1.107378e-20 -4.109595e-18 1.386508e-18 1.604141e+03
254000 2.112268e-21 -4.109800e-18 1.376775e-18 3.059818e+02
255000 3.765089e-23 -3.222034e-18 2.178004e-18 5.454085e+00
256000 2.258585e-20 -3.714621e-18 1.707965e-18 3.271773e+03
257000 1.454597e-20 -4.059054e-18 1.502905e-18 2.107120e+03
258000 9.038917e-20 -3.772649e-18 1.717741e-18 1.309372e+04
259000 2.519941e-22 -4.021396e-18 1.456321e-18 3.650371e+01
260000 7.730537e-20 -3.720408e-18 1.756897e-18 1.119841e+04
261000 4.317477e-19 -3.752328e-18 2.079419e-18 6.254272e+04
262000 8.892164e-20 -3.896513e-18 1.645394e-18 1.288114e+04
263000 1.994152e-20 -3.996663e-18 1.562598e-18 2.888716e+03
264000 5.123065e-23 -3.805487e-18 1.714739e-18 7.421242e+00
265000 1.621814e-19 -3.979596e-18 1.807489e-18 2.349351e+04
266000 3.373793e-20 -3.939987e-18 1.682383e-18 4.887256e+03
267000 4.299089e-19 -3.998385e-18 2.090230e-18 6.227635e+04
268000 3.990010e-23 -3.833410e-18 1.696014e-18 5.779904e+00
269000 2.215662e-23 -4.039829e-18 1.865084e-18 3.209595e+00
270000 8.284698e-21 -4.063060e-18 1.869100e-18 1.200117e+03
271000 2.048516e-22 -4.066296e-18 1.861415e-18 2.967469e+01
272000 7.431423e-22 -4.061262e-18 1.863174e-18 1.076512e+02
273000 6.233134e-21 -4.023248e-18 2.015298e-18 9.029282e+02
274000 7.831547e-19 -4.109493e-18 2.639910e-18 1.134473e+05
275000 2.375082e-20 -4.109963e-18 1.891448e-18 3.440530e+03
276000 8.506732e-19 -4.090160e-18 2.862768e-18 1.232280e+05
277000 7.574384e-19 -4.097288e-18 2.762663e-18 1.097221e+05
278000 8.456200e-20 -3.970481e-18 2.113627e-18 1.224960e+04
279000 1.411794e-19 -4.103259e-18 2.273659e-18 2.045117e+04
280000 2.865496e-20 -4.088249e-18 2.299055e-18 4.150940e+03
281000 2.043335e-19 -4.099961e-18 2.400489e-18 2.959963e+04
282000 8.220704e-20 -3.183570e-18 3.018637e-18 1.190846e+04
283000 3.971596e-21 -3.880376e-18 2.293133e-18 5.753230e+02
284000 2.243372e-22 -3.890282e-18 2.279310e-18 3.249735e+01
285000 4.466503e-22 -3.908775e-18 2.285090e-18 6.470149e+01
286000 7.413555e-21 -3.647970e-18 2.599444e-18 1.073923e+03
287000 1.306136e-20 -2.972854e-18 3.280207e-18 1.892061e+03
288000 2.287720e-19 -4.089818e-18 2.609721e-18 3.313977e+04
289000 1.700516e-19 -4.034287e-18 2.502698e-18 2.463357e+04
290000 5.736914e-20 -4.055515e-18 2.379997e-18 8.310460e+03
291000 6.294468e-20 -3.496991e-18 2.925953e-18 9.118129e+03
292000 1.228724e-22 -4.053368e-18 2.442015e-18 1.779922e+01
293000 2.398595e-20 -3.846443e-18 2.686457e-18 3.474590e+03
294000 1.003467e-21 -4.062670e-18 2.595897e-18 1.453617e+02
295000 1.515131e-22 -4.062696e-18 2.595024e-18 2.194809e+01
296000 1.094362e-18 -3.615126e-18 4.079236e-18 1.585287e+05
297000 4.962935e-22 -3.647813e-18 2.952683e-18 7.189278e+01
298000 2.176703e-20 -3.711240e-18 2.913101e-18 3.153159e+03
299000 1.601328e-21 -4.085376e-18 2.864362e-18 2.319674e+02
300000 3.924062e-21 -3.918177e-18 2.994418e-18 5.684374e+02
301000 2.304275e-21 -3.939211e-18 2.981046e-18 3.337958e+02
302000 9.081243e-22 -3.941499e-18 2.980813e-18 1.315504e+02
303000 1.709670e-21 -3.941999e-18 2.981906e-18 2.476618e+02
304000 4.822645e-19 -3.688239e-18 3.754300e-18 6.986056e+04
305000 8.223088e-21 -3.846478e-18 3.150728e-18 1.191192e+03
306000 1.630311e-20 -4.017137e-18 3.128705e-18 2.361659e+03
307000 4.108792e-19 -3.974985e-18 3.548748e-18 5.951972e+04
308000 5.031776e-21 -3.548374e-18 3.536658e-18 7.289001e+02
309000 7.673764e-22 -3.812421e-18 3.268914e-18 1.111617e+02
310000 1.883292e-21 -3.812628e-18 3.269842e-18 2.728126e+02
311000 3.408803e-19 -3.199351e-18 4.221529e-18 4.937972e+04
312000 3.671531e-19 -3.683256e-18 3.764055e-18 5.318558e+04
313000 3.207102e-22 -3.974313e-18 3.257226e-18 4.645790e+01
314000 5.449161e-20 -3.970468e-18 3.463325e-18 7.893623e+03
315000 7.009715e-21 -3.906855e-18 3.490648e-18 1.015423e+03
316000 7.655741e-21 -4.097492e-18 3.581920e-18 1.109006e+03
317000 1.187638e-18 -4.087847e-18 4.761031e-18 1.720405e+05
318000 7.013478e-23 -3.825640e-18 3.618246e-18 1.015968e+01
319000 3.915576e-22 -3.827435e-18 3.617724e-18 5.672080e+01
320000 2.447236e-21 -3.832723e-18 3.618449e-18 3.545052e+02
321000 3.650958e-22 -3.848216e-18 3.624579e-18 5.288756e+01
322000 2.522177e-23 -4.038716e-18 3.608604e-18 3.653611e+00
323000 1.735486e-24 -3.841688e-18 3.618616e-18 2.514014e-01
324000 4.222571e-24 -4.005860e-18 3.701345e-18 6.116791e-01
325000 2.973150e-21 -3.973525e-18 3.858778e-18 4.306888e+02
326000 1.255840e-21 -3.967480e-18 3.850951e-18 1.819202e+02
327000 8.886058e-22 -3.968493e-18 3.851209e-18 1.287229e+02
328000 2.511158e-21 -4.042560e-18 3.851491e-18 3.637648e+02
329000 1.599136e-20 -4.061131e-18 3.871467e-18 2.316499e+03
330000 6.352105e-21 -4.046384e-18 3.855774e-18 9.201622e+02
331000 2.239968e-21 -4.057551e-18 3.856817e-18 3.244804e+02
332000 1.661176e-21 -4.045762e-18 3.850892e-18 2.406370e+02
333000 1.323390e-22 -4.048068e-18 3.850256e-18 1.917056e+01
334000 3.659284e-22 -4.033399e-18 3.855409e-18 5.300817e+01
335000 6.838877e-23 -4.049132e-18 3.850742e-18 9.906756e+00
336000 5.005955e-22 -4.056885e-18 3.854903e-18 7.251598e+01
337000 2.842581e-21 -4.048037e-18 3.852952e-18 4.117746e+02
338000 1.481437e-21 -4.043877e-18 3.850407e-18 2.146001e+02
339000 3.905307e-22 -4.047193e-18 3.850119e-18 5.657204e+01
340000 1.434536e-21 -4.045253e-18 3.850541e-18 2.078060e+02
341000 7.164289e-21 -4.043630e-18 3.856083e-18 1.037815e+03
342000 2.276389e-23 -4.042402e-18 3.849025e-18 3.297563e+00
343000 1.412048e-18 -3.905410e-18 5.548290e-18 2.045484e+05
344000 1.754264e-22 -4.010489e-18 4.040727e-18 2.541216e+01
345000 1.938079e-18 -3.945082e-18 6.053434e-18 2.807490e+05
346000 2.738171e-20 -3.922835e-18 4.130124e-18 3.966499e+03
347000 3.086647e-21 -4.004679e-18 4.130350e-18 4.471299e+02
348000 2.184833e-21 -3.932631e-18 4.117418e-18 3.164937e+02
349000 1.643214e-22 -4.063530e-18 4.101650e-18 2.380350e+01
350000 5.766864e-22 -4.059644e-18 4.100322e-18 8.353845e+01
351000 1.768433e-21 -4.050797e-18 4.112686e-18 2.561741e+02
352000 2.602991e-21 -4.061395e-18 4.102401e-18 3.770677e+02
353000 4.280973e-21 -2.048462e-18 5.995819e-18 6.201393e+02
354000 8.371208e-20 -4.093044e-18 4.265039e-18 1.212648e+04
355000 6.779877e-21 -4.027218e-18 4.282316e-18 9.821290e+02
356000 6.291647e-21 -3.904798e-18 4.207787e-18 9.114042e+02
357000 2.463234e-21 -3.791361e-18 4.372273e-18 3.568226e+02
358000 4.777302e-21 -3.798568e-18 4.369337e-18 6.920371e+02
359000 2.744714e-21 -3.804622e-18 4.364595e-18 3.975976e+02
360000 3.026559e-21 -3.818046e-18 4.368459e-18 4.384256e+02
361000 1.066265e-22 -3.802600e-18 4.362635e-18 1.544585e+01
362000 3.377744e-20 -2.405400e-18 5.788377e-18 4.892980e+03
363000 3.742342e-20 -2.892901e-18 5.664522e-18 5.421135e+03
364000 1.245632e-20 -3.613499e-18 4.918957e-18 1.804416e+03
365000 1.717070e-20 -3.977308e-18 4.754176e-18 2.487338e+03
366000 1.435434e-21 -4.013000e-18 4.732479e-18 2.079361e+02
367000 7.688701e-23 -4.013218e-18 4.731391e-18 1.113781e+01
368000 4.447328e-22 -3.994230e-18 4.735859e-18 6.442373e+01
369000 1.315423e-23 -4.000583e-18 4.729683e-18 1.905515e+00
370000 5.611106e-23 -3.978023e-18 4.737303e-18 8.128215e+00
371000 1.625169e-26 -4.005535e-18 5.007089e-18 2.354211e-03
372000 2.733633e-19 -4.046089e-18 5.234941e-18 3.959924e+04
373000 6.783628e-21 -3.773958e-18 4.993506e-18 9.826723e+02
374000 2.331750e-22 -3.782676e-18 4.979889e-18 3.377759e+01
375000 5.040801e-20 -4.103487e-18 5.000730e-18 7.302075e+03
376000 2.979950e-21 -4.105242e-18 4.961289e-18 4.316738e+02
377000 8.915719e-20 -4.108986e-18 5.078340e-18 1.291526e+04
378000 1.198596e-20 -3.047659e-18 5.964327e-18 1.736280e+03
379000 1.788576e-19 -3.845985e-18 5.465821e-18 2.590921e+04
380000 3.738104e-20 -4.103399e-18 5.107770e-18 5.414995e+03
381000 2.740752e-19 -4.103505e-18 5.344390e-18 3.970237e+04
382000 3.710002e-19 -3.824590e-18 5.764068e-18 5.374288e+04
383000 7.699002e-20 -4.079233e-18 5.368907e-18 1.115273e+04
384000 1.448812e-21 -3.963864e-18 5.353369e-18 2.098741e+02
385000 1.841818e-19 -4.017744e-18 5.387730e-18 2.668047e+04
386000 1.072767e-19 -2.730384e-18 6.496892e-18 1.554004e+04
387000 8.074143e-19 -3.984860e-18 6.122718e-18 1.169616e+05
388000 1.043525e-19 -4.095441e-18 5.368924e-18 1.511644e+04
389000 5.580896e-19 -3.702324e-18 6.015928e-18 8.084453e+04
390000 4.564378e-19 -4.100946e-18 5.823210e-18 6.611930e+04
391000 1.248585e-19 -3.172579e-18 6.192280e-18 1.808692e+04
392000 5.796193e-19 -3.678953e-18 6.188587e-18 8.396330e+04
393000 7.455603e-21 -3.829704e-18 5.525391e-18 1.080014e+03
394000 2.599275e-19 -3.972520e-18 5.948614e-18 3.765294e+04
395000 6.153305e-19 -3.036595e-18 7.060647e-18 8.913641e+04
396000 2.313555e-19 -2.641637e-18 7.069718e-18 3.351402e+04
397000 3.408267e-19 -3.272699e-18 6.581019e-18 4.937195e+04
398000 6.586519e-21 -4.079627e-18 5.777292e-18 9.541193e+02
399000 5.978102e-20 -3.814105e-18 5.940848e-18 8.659844e+03
400000 3.076942e-19 -3.712537e-18 6.235816e-18 4.457240e+04
401000 4.261304e-19 -4.008871e-18 6.204124e-18 6.172900e+04
402000 3.212859e-20 -4.105899e-18 5.923839e-18 4.654128e+03
403000 1.032643e-19 -3.696136e-18 6.294045e-18 1.495880e+04
404000 4.577131e-20 -4.010175e-18 6.172901e-18 6.630404e+03
405000 8.634047e-20 -3.165076e-18 7.001265e-18 1.250723e+04
406000 4.287624e-20 -2.155853e-18 7.967023e-18 6.211026e+03
407000 2.900074e-19 -3.796116e-18 6.656702e-18 4.201030e+04
408000 2.754554e-21 -4.107729e-18 5.975026e-18 3.990230e+02
409000 1.243243e-20 -4.109698e-18 5.982734e-18 1.800954e+03
410000 1.582871e-20 -4.109990e-18 5.985839e-18 2.292938e+03
411000 1.110692e-23 -4.109990e-18 5.970021e-18 1.608942e+00
412000 3.923101e-21 -4.108886e-18 5.975037e-18 5.682981e+02
413000 2.916479e-22 -4.106736e-18 5.973555e-18 4.224794e+01
414000 2.524268e-26 -4.108402e-18 5.971598e-18 3.656639e-03
415000 6.277843e-21 -4.109195e-18 5.977083e-18 9.094047e+02
416000 5.539956e-21 -4.109649e-18 5.975890e-18 8.025147e+02
417000 1.337272e-21 -4.106881e-18 5.974457e-18 1.937165e+02
418000 1.785319e-23 -4.104065e-18 6.096012e-18 2.586203e+00
419000 5.256028e-22 -4.106714e-18 6.095130e-18 7.613851e+01
420000 9.804812e-22 -4.104908e-18 6.096231e-18 1.420319e+02
421000 3.238389e-21 -4.109598e-18 6.248754e-18 4.691112e+02
422000 8.479565e-21 -4.106395e-18 6.222696e-18 1.228345e+03
423000 1.698403e-21 -4.080799e-18 6.360899e-18 2.460297e+02
424000 7.585280e-22 -4.097722e-18 6.351986e-18 1.098799e+02
425000 1.411509e-21 -4.094345e-18 6.348728e-18 2.044704e+02
426000 2.565294e-21 -4.096880e-18 6.351756e-18 3.716070e+02
427000 1.246591e-22 -4.092852e-18 6.347990e-18 1.805805e+01
428000 1.393301e-21 -4.095909e-18 6.349259e-18 2.018328e+02
429000 7.774018e-21 -4.107913e-18 6.609083e-18 1.126140e+03
430000 5.436223e-21 -4.084095e-18 6.605164e-18 7.874881e+02
431000 4.930806e-23 -4.085635e-18 6.601073e-18 7.142736e+00
432000 6.706572e-23 -4.086420e-18 6.602324e-18 9.715101e+00
433000 7.840904e-22 -4.074280e-18 6.606549e-18 1.135829e+02
434000 9.137627e-22 -4.078290e-18 6.602950e-18 1.323671e+02
435000 1.000328e-21 -4.084091e-18 6.600726e-18 1.449070e+02
436000 1.880112e-21 -4.083588e-18 6.601445e-18 2.723520e+02
437000 5.935747e-22 -4.078309e-18 6.602614e-18 8.598488e+01
438000 1.503912e-21 -4.083983e-18 6.601186e-18 2.178558e+02
439000 2.453770e-21 -4.083165e-18 6.601965e-18 3.554517e+02
440000 2.145452e-21 -4.081808e-18 6.601885e-18 3.107889e+02
441000 1.084775e-22 -4.086735e-18 6.602989e-18 1.571398e+01
442000 2.728688e-25 -4.084481e-18 6.973815e-18 3.952762e-02
443000 3.950694e-22 -4.078982e-18 6.977652e-18 5.722952e+01
444000 2.464123e-22 -4.077556e-18 6.982451e-18 3.569514e+01
445000 4.836193e-23 -4.079367e-18 6.976214e-18 7.005681e+00
446000 1.649809e-20 -4.060652e-18 7.116675e-18 2.389903e+03
447000 3.696997e-21 -4.058618e-18 7.105481e-18 5.355449e+02
448000 4.586285e-21 -4.065729e-18 7.102983e-18 6.643666e+02
449000 1.883720e-21 -4.065491e-18 7.100245e-18 2.728746e+02
450000 8.967751e-23 -4.062439e-18 7.099158e-18 1.299063e+01
451000 3.941571e-22 -4.031577e-18 7.128817e-18 5.709736e+01
452000 9.324995e-23 -4.063493e-18 7.098710e-18 1.350813e+01
453000 7.764146e-26 -4.072058e-18 7.107380e-18 1.124710e-02
454000 1.594867e-22 -4.060798e-18 7.100233e-18 2.310314e+01
455000 7.107158e-22 -4.048224e-18 7.112492e-18 1.029539e+02
456000 4.975766e-21 -4.063111e-18 7.103735e-18 7.207865e+02
457000 2.755672e-21 -4.051692e-18 7.267730e-18 3.991850e+02
458000 9.029614e-21 -4.036506e-18 7.254808e-18 1.308025e+03
459000 3.654996e-22 -4.034922e-18 7.246966e-18 5.294606e+01
460000 4.656161e-22 -4.040228e-18 7.245708e-18 6.744887e+01
461000 2.164960e-24 -4.038164e-18 7.245256e-18 3.136148e-01
462000 4.727663e-22 -4.026564e-18 7.254040e-18 6.848464e+01
463000 7.879313e-22 -4.037768e-18 7.246131e-18 1.141393e+02
464000 3.269179e-21 -4.034824e-18 7.249929e-18 4.735713e+02
465000 2.108114e-23 -4.108491e-18 7.334260e-18 3.053802e+00
466000 5.010593e-24 -4.017464e-18 7.393200e-18 7.258316e-01
467000 1.222941e-22 -4.009769e-18 7.392838e-18 1.771546e+01
468000 4.115414e-21 -4.010607e-18 7.396475e-18 5.961564e+02
469000 7.723715e-22 -4.019046e-18 7.395415e-18 1.118853e+02
470000 2.224987e-22 -3.989966e-18 7.542544e-18 3.223104e+01
471000 7.770619e-22 -3.985190e-18 7.541518e-18 1.125647e+02
472000 1.611681e-22 -3.985340e-18 7.540901e-18 2.334671e+01
473000 2.839680e-21 -3.993398e-18 7.548624e-18 4.113543e+02
474000 1.984701e-22 -3.977991e-18 7.543785e-18 2.875026e+01
475000 1.694173e-22 -3.988098e-18 7.541450e-18 2.454168e+01
476000 1.912459e-23 -3.988153e-18 7.541322e-18 2.770377e+00
477000 1.265579e-22 -3.987484e-18 7.541189e-18 1.833310e+01
478000 7.899553e-23 -3.989616e-18 7.542161e-18 1.144325e+01
479000 2.589578e-25 -3.980842e-18 7.541909e-18 3.751248e-02
480000 1.515506e-21 -3.979723e-18 7.544014e-18 2.195353e+02
481000 8.962812e-23 -3.978713e-18 7.543200e-18 1.298348e+01
482000 1.096589e-21 -3.977713e-18 7.544874e-18 1.588513e+02
483000 6.348164e-24 -3.982744e-18 7.541159e-18 9.195913e-01
484000 9.312289e-25 -3.982075e-18 7.541380e-18 1.348973e-01
485000 3.411338e-24 -3.974931e-18 7.545903e-18 4.941644e-01
486000 3.131467e-22 -3.980365e-18 7.542462e-18 4.536225e+01
487000 3.903702e-21 -3.981255e-18 7.545620e-18 5.654880e+02
488000 1.326420e-21 -3.944036e-18 7.699898e-18 1.921444e+02
489000 1.921456e-22 -3.949733e-18 7.696861e-18 2.783409e+01
490000 1.744545e-21 -3.944344e-18 7.700147e-18 2.527138e+02
491000 5.189480e-21 -4.098885e-18 7.711702e-18 7.517451e+02
492000 1.280459e-21 -4.108663e-18 7.693769e-18 1.854866e+02
493000 2.104599e-21 -4.108171e-18 7.700297e-18 3.048710e+02
494000 1.146641e-21 -4.042458e-18 7.724329e-18 1.661017e+02
495000 3.348219e-21 -4.030245e-18 7.872648e-18 4.850211e+02
496000 1.807296e-21 -4.024185e-18 7.865878e-18 2.618038e+02
497000 1.437635e-21 -4.025647e-18 7.866136e-18 2.082549e+02
498000 1.209892e-20 -4.019262e-18 7.876407e-18 1.752642e+03
499000 6.072321e-21 -4.012135e-18 7.874806e-18 8.796328e+02
500000 2.930593e-21 -4.088326e-18 7.968458e-18 4.245240e+02
501000 2.329784e-21 -4.087626e-18 7.969997e-18 3.374912e+02
502000 1.141643e-19 -4.109901e-18 8.309698e-18 1.653777e+04
503000 2.377515e-20 -4.109988e-18 8.217653e-18 3.444055e+03
504000 2.507657e-20 -4.105042e-18 8.216963e-18 3.632577e+03
505000 2.048891e-23 -4.074363e-18 8.328312e-18 2.968012e+00
506000 3.563988e-21 -3.999618e-18 8.382033e-18 5.162773e+02
507000 1.655958e-23 -3.994693e-18 8.375485e-18 2.398811e+00
508000 8.163532e-22 -3.990554e-18 8.376078e-18 1.182564e+02
509000 1.391728e-21 -3.980646e-18 8.381936e-18 2.016049e+02
510000 1.942962e-21 -3.998308e-18 8.379300e-18 2.814564e+02
511000 1.252072e-21 -3.992086e-18 8.376370e-18 1.813744e+02
512000 1.066491e-20 -4.006459e-18 8.398244e-18 1.544912e+03
513000 7.890015e-21 -3.905198e-18 8.587160e-18 1.142943e+03
514000 8.210801e-22 -4.108819e-18 8.412133e-18 1.189412e+02
515000 7.290747e-23 -4.004821e-18 8.654774e-18 1.056133e+01
516000 4.375685e-20 -4.039565e-18 8.792286e-18 6.338591e+03
517000 4.902730e-21 -3.951266e-18 8.793644e-18 7.102066e+02
518000 1.977999e-21 -3.933686e-18 8.791284e-18 2.865318e+02
519000 7.439286e-22 -4.018448e-18 8.817650e-18 1.077651e+02
520000 5.687887e-20 -4.098946e-18 8.766602e-18 8.239440e+03
521000 2.031804e-21 -4.108279e-18 8.658861e-18 2.943259e+02
522000 5.646468e-20 -4.109025e-18 8.827025e-18 8.179440e+03
523000 2.929158e-20 -4.104319e-18 8.854747e-18 4.243162e+03
524000 1.799660e-19 -3.982490e-18 9.100104e-18 2.606976e+04
525000 1.780975e-22 -4.109101e-18 8.801111e-18 2.579910e+01
526000 1.056820e-21 -4.000752e-18 8.898684e-18 1.530903e+02
527000 3.655670e-21 -4.001904e-18 8.902474e-18 5.295581e+02
528000 1.880995e-20 -4.009784e-18 8.933134e-18 2.724798e+03
529000 3.427016e-21 -3.990230e-18 8.908379e-18 4.964355e+02
530000 3.747988e-21 -3.913401e-18 9.062933e-18 5.429313e+02
531000 6.575283e-21 -3.922246e-18 9.073396e-18 9.524915e+02
532000 1.226147e-22 -3.894426e-18 9.066498e-18 1.776189e+01
533000 4.246544e-21 -3.907281e-18 9.231902e-18 6.151518e+02
534000 2.041441e-21 -3.893632e-18 9.209393e-18 2.957220e+02
535000 4.050398e-21 -3.880284e-18 9.208391e-18 5.867383e+02
536000 1.821093e-22 -3.873773e-18 9.208212e-18 2.638024e+01
537000 2.651526e-22 -3.895463e-18 9.209501e-18 3.840985e+01
538000 7.690933e-23 -3.877925e-18 9.205489e-18 1.114104e+01
539000 2.470612e-21 -3.893819e-18 9.209998e-18 3.578914e+02
540000 1.129201e-22 -3.879999e-18 9.204564e-18 1.635754e+01
541000 3.600527e-21 -3.873236e-18 9.212023e-18 5.215702e+02
542000 5.508454e-22 -4.003055e-18 9.270862e-18 7.979514e+01
543000 3.511909e-22 -4.040381e-18 9.229012e-18 5.087331e+01
544000 6.975574e-23 -4.042722e-18 9.229535e-18 1.010478e+01
545000 8.770109e-19 -4.077031e-18 1.017004e-17 1.270433e+05
546000 1.712847e-19 -4.030579e-18 9.525815e-18 2.481220e+04
547000 6.931554e-22 -4.108365e-18 9.428038e-18 1.004101e+02
548000 5.377011e-21 -3.935452e-18 9.513682e-18 7.789106e+02
549000 6.797049e-22 -4.102723e-18 9.542940e-18 9.846165e+01
550000 5.778766e-23 -3.953980e-18 9.672027e-18 8.371086e+00
551000 1.363777e-19 -3.511750e-18 1.018463e-17 1.975559e+04
552000 3.101188e-20 -3.703657e-18 9.887355e-18 4.492363e+03
553000 9.453180e-20 -3.897460e-18 9.757833e-18 1.369382e+04
554000 1.831681e-19 -3.821149e-18 9.922019e-18 2.653363e+04
555000 6.296573e-21 -4.109471e-18 9.523164e-18 9.121178e+02
556000 1.703054e-19 -3.799132e-18 9.931174e-18 2.467033e+04
557000 4.669146e-21 -4.052531e-18 9.597345e-18 6.763698e+02
558000 3.005087e-22 -4.056080e-18 9.593131e-18 4.353151e+01
559000 1.267217e-19 -4.069688e-18 1.009395e-17 1.835683e+04
560000 6.150208e-19 -3.907803e-18 1.070632e-17 8.909155e+04
561000 2.210510e-24 -3.925423e-18 1.001340e-17 3.202132e-01
562000 1.091998e-18 -4.101110e-18 1.112089e-17 1.581861e+05
563000 1.318918e-20 -3.986155e-18 1.012845e-17 1.910577e+03
564000 6.073944e-21 -3.857104e-18 1.018963e-17 8.798680e+02
565000 4.139551e-22 -4.037990e-18 1.016788e-17 5.996529e+01
566000 2.802770e-19 -3.719218e-18 1.060106e-17 4.060077e+04
567000 4.938514e-19 -3.858946e-18 1.069439e-17 7.153903e+04
568000 3.770577e-20 -4.077373e-18 1.012554e-17 5.462035e+03
569000 2.038855e-19 -3.914481e-18 1.041417e-17 2.953474e+04
570000 2.428124e-20 -3.512913e-18 1.055137e-17 3.517365e+03
571000 1.743265e-20 -4.106407e-18 1.005037e-17 2.525283e+03
572000 1.304480e-22 -3.873208e-18 1.017134e-17 1.889663e+01
573000 6.365918e-24 -4.104803e-18 1.002772e-17 9.221631e-01
574000 1.180319e-22 -3.668283e-18 1.037184e-17 1.709804e+01
575000 1.939083e-21 -3.882763e-18 1.017017e-17 2.808943e+02
576000 2.303029e-21 -3.883806e-18 1.017052e-17 3.336155e+02
577000 7.687199e-23 -3.880533e-18 1.016857e-17 1.113563e+01
578000 1.875743e-21 -3.894460e-18 1.017389e-17 2.717190e+02
579000 1.443267e-21 -3.972207e-18 1.018031e-17 2.090707e+02
580000 1.780611e-22 -4.054533e-18 1.007143e-17 2.579383e+01
581000 7.271074e-20 -4.058791e-18 1.018391e-17 1.053283e+04
582000 5.151462e-20 -4.095306e-18 1.012411e-17 7.462378e+03
583000 2.502154e-20 -3.736072e-18 1.032895e-17 3.624606e+03
584000 4.453060e-20 -3.386992e-18 1.069754e-17 6.450677e+03
585000 1.961878e-19 -3.366552e-18 1.086964e-17 2.841965e+04
586000 8.888090e-22 -3.704821e-18 1.033607e-17 1.287523e+02
587000 3.586345e-19 -3.939659e-18 1.066246e-17 5.195158e+04
588000 2.916328e-21 -4.104254e-18 1.014824e-17 4.224575e+02
589000 8.033419e-23 -3.846757e-18 1.031880e-17 1.163716e+01
590000 2.267023e-21 -3.843530e-18 1.032238e-17 3.283996e+02
591000 1.632621e-22 -3.839465e-18 1.032278e-17 2.365005e+01
592000 3.918821e-23 -3.844947e-18 1.031946e-17 5.676781e+00
593000 5.407791e-22 -3.825094e-18 1.033565e-17 7.833694e+01
594000 1.411433e-21 -3.785700e-18 1.050146e-17 2.044593e+02
595000 1.875291e-21 -3.792810e-18 1.050092e-17 2.716536e+02
596000 5.578793e-20 -3.226566e-18 1.110922e-17 8.081407e+03
597000 4.079150e-20 -3.584055e-18 1.085674e-17 5.909033e+03
598000 1.661955e-21 -3.866222e-18 1.065748e-17 2.407498e+02
599000 1.655104e-19 -3.697119e-18 1.110839e-17 2.397574e+04
600000 1.619780e-19 -2.848648e-18 1.195333e-17 2.346404e+04
601000 6.364029e-22 -4.008089e-18 1.068498e-17 9.218895e+01
602000 2.047345e-23 -4.004354e-18 1.071060e-17 2.965773e+00
603000 1.401044e-19 -4.071174e-18 1.083895e-17 2.029544e+04
604000 4.599843e-19 -3.474730e-18 1.162525e-17 6.663305e+04
605000 1.978149e-20 -4.097752e-18 1.068012e-17 2.865536e+03
606000 5.735203e-19 -4.109805e-18 1.122294e-17 8.307981e+04
607000 1.884739e-19 -4.076848e-18 1.090288e-17 2.730222e+04
608000 3.457199e-20 -3.954884e-18 1.078566e-17 5.008079e+03
609000 7.467584e-20 -3.746454e-18 1.108822e-17 1.081750e+04
610000 2.801456e-21 -4.103336e-18 1.074536e-17 4.058173e+02
611000 1.106925e-19 -3.964693e-18 1.099011e-17 1.603485e+04
612000 9.165005e-20 -4.108901e-18 1.083917e-17 1.327637e+04
613000 2.812157e-18 -3.462689e-18 1.422947e-17 4.073674e+05
614000 1.227927e-21 -4.064173e-18 1.093028e-17 1.778767e+02
615000 1.277842e-20 -4.109324e-18 1.088568e-17 1.851074e+03
616000 2.039683e-21 -4.007841e-18 1.092594e-17 2.954672e+02
617000 1.344244e-21 -3.801958e-18 1.110428e-17 1.947263e+02
618000 1.364482e-19 -3.717334e-18 1.129912e-17 1.976581e+04
619000 7.007656e-22 -4.068707e-18 1.093343e-17 1.015125e+02
620000 1.225593e-21 -4.059243e-18 1.093841e-17 1.775387e+02
621000 9.656448e-23 -3.957840e-18 1.102095e-17 1.398827e+01
622000 1.577775e-20 -4.087377e-18 1.092770e-17 2.285555e+03
623000 1.648506e-22 -4.108531e-18 1.086712e-17 2.388016e+01
624000 1.003360e-20 -3.840036e-18 1.109882e-17 1.453461e+03
625000 1.858634e-21 -3.857426e-18 1.105604e-17 2.692406e+02
626000 7.057373e-20 -3.251030e-18 1.172452e-17 1.022327e+04
627000 1.575133e-21 -4.101242e-18 1.086954e-17 2.281729e+02
628000 2.028738e-19 -4.103057e-18 1.106512e-17 2.938818e+04
629000 4.898577e-19 -4.104783e-18 1.146674e-17 7.096049e+04
630000 1.806816e-21 -4.058728e-18 1.106058e-17 2.617343e+02
631000 1.390175e-19 -3.928331e-18 1.142255e-17 2.013799e+04
632000 1.245512e-19 -4.081277e-18 1.128673e-17 1.804242e+04
633000 9.996461e-21 -4.107957e-18 1.111907e-17 1.448082e+03
634000 1.227514e-20 -3.856742e-18 1.127616e-17 1.778169e+03
635000 8.206703e-22 -3.879599e-18 1.124950e-17 1.188818e+02
636000 5.115357e-22 -3.871686e-18 1.125258e-17 7.410076e+01
637000 2.279330e-22 -3.902350e-18 1.125897e-17 3.301825e+01
638000 1.103003e-23 -3.897416e-18 1.125427e-17 1.597803e+00
639000 1.061540e-19 -3.704470e-18 1.152168e-17 1.537740e+04
640000 2.418249e-19 -4.109218e-18 1.147269e-17 3.503061e+04
641000 7.288717e-19 -3.638221e-18 1.250157e-17 1.055839e+05
642000 1.230263e-18 -3.441770e-18 1.331973e-17 1.782151e+05
643000 6.741227e-20 -4.109213e-18 1.153883e-17 9.765301e+03
644000 1.441804e-18 -4.020288e-18 1.314595e-17 2.088589e+05
645000 4.567862e-19 -4.053067e-18 1.216660e-17 6.616978e+04
646000 3.150069e-26 -3.583546e-18 1.202849e-17 4.563172e-03
647000 2.278035e-21 -4.099730e-18 1.158280e-17 3.299949e+02
648000 5.657324e-20 -3.303908e-18 1.235308e-17 8.195166e+03
649000 3.646999e-19 -3.245734e-18 1.275409e-17 5.283022e+04
650000 6.673446e-19 -3.325426e-18 1.294194e-17 9.667114e+04
651000 4.152673e-21 -3.792019e-18 1.182314e-17 6.015537e+02
652000 4.081373e-20 -4.106506e-18 1.164161e-17 5.912253e+03
653000 3.873455e-19 -4.109612e-18 1.199187e-17 5.611064e+04
654000 5.355202e-24 -3.886179e-18 1.172844e-17 7.757514e-01
655000 2.657832e-23 -3.884053e-18 1.172825e-17 3.850120e+00
656000 1.068121e-20 -3.897031e-18 1.174463e-17 1.547274e+03
657000 1.362803e-18 -3.913097e-18 1.311117e-17 1.974148e+05
658000 7.026541e-20 -3.836381e-18 1.183391e-17 1.017861e+04
659000 7.797474e-20 -3.544091e-18 1.213404e-17 1.129537e+04
660000 2.773588e-20 -3.900734e-18 1.192219e-17 4.017803e+03
661000 3.743122e-20 -3.932992e-18 1.190641e-17 5.422264e+03
662000 8.265420e-22 -3.983292e-18 1.185645e-17 1.197324e+02
663000 1.039258e-20 -2.935956e-18 1.279545e-17 1.505463e+03
664000 3.689596e-19 -4.040721e-18 1.224689e-17 5.344727e+04
665000 2.230863e-19 -3.934557e-18 1.209139e-17 3.231615e+04
666000 8.015065e-20 -3.562829e-18 1.229865e-17 1.161058e+04
667000 1.652292e-20 -3.821914e-18 1.191461e-17 2.393501e+03
668000 3.719537e-22 -3.891050e-18 1.185039e-17 5.388099e+01
669000 2.271096e-23 -3.880037e-18 1.184861e-17 3.289896e+00
670000 5.409275e-20 -3.913008e-18 1.192239e-17 7.835844e+03
671000 3.093008e-22 -3.882994e-18 1.184853e-17 4.480513e+01
672000 1.857574e-21 -3.877547e-18 1.185113e-17 2.690871e+02
673000 6.029999e-22 -3.885489e-18 1.184893e-17 8.735020e+01
674000 9.134716e-22 -3.858201e-18 1.186347e-17 1.323250e+02
675000 5.172813e-20 -3.914447e-18 1.192097e-17 7.493306e+03
676000 2.402344e-20 -2.658277e-18 1.308749e-17 3.480021e+03
677000 2.155360e-19 -3.863498e-18 1.207351e-17 3.122242e+04
678000 5.487301e-21 -3.879877e-18 1.185411e-17 7.948871e+02
679000 2.484043e-21 -3.894848e-18 1.185477e-17 3.598370e+02
680000 1.052332e-18 -4.109823e-18 1.277615e-17 1.524403e+05
681000 1.240586e-19 -2.455286e-18 1.338877e-17 1.797106e+04
682000 1.405935e-22 -3.891580e-18 1.185043e-17 2.036629e+01
683000 3.549474e-22 -3.874265e-18 1.185101e-17 5.141748e+01
684000 2.885691e-20 -4.048260e-18 1.187066e-17 4.180195e+03
685000 5.215829e-20 -3.579280e-18 1.243288e-17 7.555620e+03
686000 1.694847e-20 -3.443535e-18 1.253341e-17 2.455146e+03
687000 7.554663e-20 -2.869311e-18 1.321492e-17 1.094364e+04
688000 3.341821e-20 -3.850524e-18 1.214316e-17 4.840943e+03
689000 1.116240e-19 -4.108674e-18 1.218771e-17 1.616979e+04
690000 4.330552e-19 -4.091336e-18 1.253362e-17 6.273212e+04
691000 1.712808e-19 -4.075408e-18 1.234535e-17 2.481163e+04
692000 2.795162e-20 -4.010201e-18 1.221466e-17 4.049055e+03
693000 4.361685e-20 -3.931770e-18 1.227312e-17 6.318312e+03
694000 3.248698e-21 -4.108360e-18 1.213901e-17 4.706044e+02
695000 3.827967e-19 -3.937318e-18 1.272993e-17 5.545171e+04
696000 2.052756e-19 -4.091316e-18 1.254580e-17 2.973610e+04
697000 3.049189e-19 -3.741697e-18 1.288324e-17 4.417037e+04
698000 3.211674e-20 -3.006562e-18 1.334556e-17 4.652412e+03
699000 1.943237e-19 -4.106611e-18 1.251615e-17 2.814962e+04
700000 3.634510e-22 -3.872753e-18 1.261798e-17 5.264929e+01
701000 2.752694e-19 -4.086118e-18 1.288196e-17 3.987536e+04
702000 9.389599e-21 -4.096916e-18 1.260039e-17 1.360172e+03
703000 7.702097e-20 -3.405767e-18 1.323125e-17 1.115721e+04
704000 1.718621e-20 -4.109922e-18 1.288302e-17 2.489584e+03
705000 3.155416e-22 -4.105336e-18 1.279955e-17 4.570916e+01
706000 2.242112e-18 -4.074122e-18 1.511434e-17 3.247910e+05
707000 1.402919e-19 -3.227778e-18 1.388813e-17 2.032260e+04
708000 3.776580e-22 -4.018686e-18 1.301949e-17 5.470732e+01
709000 4.939328e-20 -3.627204e-18 1.340566e-17 7.155081e+03
710000 2.237555e-21 -3.794831e-18 1.313557e-17 3.241310e+02
711000 5.671512e-20 -3.542670e-18 1.371230e-17 8.215719e+03
712000 7.994283e-19 -3.413026e-18 1.454640e-17 1.158047e+05
713000 3.214305e-22 -3.807349e-18 1.337231e-17 4.656224e+01
714000 4.424575e-20 -3.818149e-18 1.343980e-17 6.409414e+03
715000 9.151282e-20 -3.714184e-18 1.353735e-17 1.325649e+04
716000 6.576043e-20 -3.703066e-18 1.352282e-17 9.526017e+03
717000 4.979924e-21 -4.045395e-18 1.352638e-17 7.213888e+02
718000 2.984473e-20 -3.806529e-18 1.359260e-17 4.323291e+03
719000 3.499452e-19 -3.343815e-18 1.428613e-17 5.069285e+04
720000 1.915315e-20 -3.690490e-18 1.378827e-17 2.774514e+03
721000 6.145324e-19 -3.983498e-18 1.411534e-17 8.902080e+04
722000 8.885399e-22 -3.902863e-18 1.354174e-17 1.287134e+02
723000 2.218867e-19 -5.366919e-19 1.708519e-17 3.214237e+04
724000 5.017697e-19 -3.865075e-18 1.414178e-17 7.268606e+04
725000 2.447649e-20 -3.594065e-18 1.399059e-17 3.545650e+03
726000 4.561734e-19 -4.094999e-18 1.412279e-17 6.608101e+04
727000 4.247673e-19 -4.020738e-18 1.429665e-17 6.153154e+04
728000 2.160746e-22 -3.743422e-18 1.391010e-17 3.130044e+01
729000 7.712238e-23 -3.771672e-18 1.393090e-17 1.117190e+01
730000 2.631257e-21 -3.760936e-18 1.408402e-17 3.811624e+02
731000 4.262330e-21 -3.779815e-18 1.408220e-17 6.174386e+02
732000 9.588177e-22 -3.781140e-18 1.407954e-17 1.388938e+02
733000 6.058752e-21 -3.743339e-18 1.409562e-17 8.776673e+02
734000 1.376295e-22 -3.768882e-18 1.407779e-17 1.993692e+01
735000 7.412609e-21 -3.777571e-18 1.408460e-17 1.073786e+03
736000 4.095673e-21 -3.753041e-18 1.409008e-17 5.932968e+02
737000 3.315000e-24 -3.777876e-18 1.407727e-17 4.802090e-01
738000 2.396139e-19 -3.959444e-18 1.441042e-17 3.471033e+04
739000 5.215415e-21 -3.845459e-18 1.414890e-17 7.555020e+02
740000 5.431528e-19 -4.051500e-18 1.464406e-17 7.868080e+04
741000 4.327981e-24 -4.031445e-18 1.424088e-17 6.269488e-01
742000 4.310228e-21 -4.014969e-18 1.423515e-17 6.243770e+02
743000 3.465829e-19 -3.727079e-18 1.464066e-17 5.020580e+04
744000 1.083397e-19 -4.109080e-18 1.422731e-17 1.569403e+04
745000 1.154478e-18 -3.185851e-18 1.621851e-17 1.672371e+05
746000 9.763526e-21 -4.088409e-18 1.443457e-17 1.414339e+03
747000 8.199826e-19 -1.856442e-18 1.732354e-17 1.187822e+05
748000 5.507160e-19 -4.106769e-18 1.491865e-17 7.977639e+04
749000 3.611591e-19 -2.726110e-18 1.611510e-17 5.231730e+04
750000 3.576751e-19 -3.546933e-18 1.533538e-17 5.181260e+04
751000 9.866099e-20 -4.033059e-18 1.479168e-17 1.429197e+04
752000 1.877648e-21 -4.059850e-18 1.454922e-17 2.719950e+02
753000 7.236420e-21 -4.106832e-18 1.470211e-17 1.048264e+03
754000 2.312555e-19 -3.696758e-18 1.519812e-17 3.349954e+04
755000 7.031439e-19 -3.978506e-18 1.551558e-17 1.018570e+05
756000 1.187359e-21 -3.966174e-18 1.493768e-17 1.720002e+02
757000 5.222321e-19 -3.950575e-18 1.555350e-17 7.565023e+04
758000 4.394860e-24 -3.557356e-18 1.516807e-17 6.366368e-01
759000 1.560137e-23 -3.557182e-18 1.516816e-17 2.260005e+00
760000 2.741185e-20 -4.096534e-18 1.491069e-17 3.970865e+03
761000 2.827275e-19 -2.843494e-19 1.883838e-17 4.095574e+04
762000 7.887737e-19 -1.799591e-18 1.782918e-17 1.142613e+05
763000 9.914507e-19 -3.605097e-18 1.623228e-17 1.436210e+05
764000 5.566751e-19 -2.114638e-18 1.728204e-17 8.063963e+04
765000 6.696609e-19 -2.678418e-18 1.683193e-17 9.700669e+04
766000 4.763284e-19 -3.855127e-18 1.565184e-17 6.900066e+04
767000 4.434151e-22 -3.884105e-18 1.514706e-17 6.423285e+01
768000 1.373185e-20 -2.590144e-18 1.638405e-17 1.989188e+03
769000 5.906666e-21 -4.086992e-18 1.520747e-17 8.556362e+02
770000 1.474982e-18 -4.069185e-18 1.677629e-17 2.136650e+05
771000 1.906022e-19 -2.265704e-18 1.700490e-17 2.761052e+04
772000 5.581054e-22 -3.128001e-18 1.610987e-17 8.084682e+01
773000 1.601397e-18 -3.452096e-18 1.739322e-17 2.319774e+05
774000 1.716054e-19 -2.869405e-18 1.655078e-17 2.485865e+04
775000 4.173912e-19 -3.601754e-18 1.612374e-17 6.046305e+04
776000 8.537341e-22 -3.805923e-18 1.542710e-17 1.236714e+02
777000 1.326245e-19 -4.093461e-18 1.548100e-17 1.921191e+04
778000 4.135876e-20 -3.996879e-18 1.558827e-17 5.991205e+03
779000 1.284335e-19 -4.093396e-18 1.572686e-17 1.860480e+04
780000 2.051302e-19 -3.438647e-18 1.620651e-17 2.971503e+04
781000 4.029390e-21 -3.535810e-18 1.590862e-17 5.836951e+02
782000 4.409383e-19 -3.936739e-18 1.614831e-17 6.387406e+04
783000 6.114092e-21 -4.079066e-18 1.569651e-17 8.856838e+02
784000 3.943255e-19 -3.704376e-18 1.625005e-17 5.712175e+04
785000 2.207676e-19 -3.827182e-18 1.614871e-17 3.198026e+04
786000 1.053193e-19 -3.313467e-18 1.651197e-17 1.525650e+04
787000 6.233500e-21 -2.654889e-18 1.706359e-17 9.029812e+02
788000 2.574550e-20 -2.710294e-18 1.699558e-17 3.729478e+03
789000 4.454340e-19 -2.740924e-18 1.738453e-17 6.452531e+04
790000 3.404662e-22 -3.927811e-18 1.589831e-17 4.931973e+01
791000 9.969877e-19 -3.420386e-18 1.731674e-17 1.444231e+05
792000 1.165306e-22 -4.002314e-18 1.580881e-17 1.688056e+01
793000 2.666725e-20 -3.845425e-18 1.592342e-17 3.863003e+03
794000 1.195464e-21 -3.741005e-18 1.594220e-17 1.731742e+02
795000 3.526977e-21 -3.749056e-18 1.593966e-17 5.109157e+02
796000 3.097536e-19 -2.997795e-18 1.699196e-17 4.487072e+04
797000 5.023297e-19 -4.082614e-18 1.628072e-17 7.276719e+04
798000 1.192190e-20 -4.024500e-18 1.586643e-17 1.726999e+03
799000 4.493408e-19 -4.095496e-18 1.630616e-17 6.509124e+04
800000 2.550513e-21 -3.427286e-18 1.637534e-17 3.694658e+02
801000 1.346413e-18 -3.549857e-18 1.759894e-17 1.950407e+05
802000 3.868723e-21 -4.032300e-18 1.601420e-17 5.604210e+02
803000 1.337503e-18 -3.334259e-18 1.780326e-17 1.937500e+05
804000 5.307230e-19 -3.469281e-18 1.686147e-17 7.688022e+04
805000 9.587355e-19 -3.629534e-18 1.718952e-17 1.388819e+05
806000 6.860992e-22 -4.109631e-18 1.580234e-17 9.938792e+01
807000 1.176204e-19 -4.051289e-18 1.604550e-17 1.703843e+04
808000 1.903624e-18 -4.087673e-18 1.773565e-17 2.757578e+05
809000 7.944885e-19 -3.770299e-18 1.697551e-17 1.150891e+05
810000 1.694556e-18 -3.647105e-18 1.807374e-17 2.454724e+05
811000 1.649808e-19 -3.786632e-18 1.637527e-17 2.389902e+04
812000 1.464783e-18 -4.086320e-18 1.763485e-17 2.121877e+05
813000 2.178295e-19 -2.861560e-18 1.727659e-17 3.155465e+04
814000 3.524441e-19 -2.956809e-18 1.731563e-17 5.105485e+04
815000 7.367000e-22 -2.144189e-18 1.777655e-17 1.067179e+02
816000 1.427793e-20 -2.786185e-18 1.714809e-17 2.068293e+03
817000 4.487425e-20 -4.040727e-18 1.610525e-17 6.500458e+03
818000 2.133696e-19 -3.719340e-18 1.641411e-17 3.090859e+04
819000 4.588433e-19 -2.957271e-18 1.742167e-17 6.646776e+04
820000 7.537414e-19 -3.907342e-18 1.686357e-17 1.091865e+05
821000 9.896074e-20 -3.871218e-18 1.637534e-17 1.433539e+04
822000 1.210238e-22 -3.393204e-18 1.669605e-17 1.753143e+01
823000 2.587569e-19 -2.691742e-18 1.761127e-17 3.748338e+04
824000 5.825636e-20 -2.531356e-18 1.756798e-17 8.438982e+03
825000 2.748639e-18 -4.091780e-18 1.881159e-17 3.981662e+05
826000 4.077344e-19 -9.262375e-19 1.952150e-17 5.906417e+04
827000 1.739186e-18 -4.098940e-18 1.783187e-17 2.519375e+05
828000 8.855197e-19 -4.032957e-18 1.713821e-17 1.282759e+05
829000 5.410917e-20 -4.107422e-18 1.621006e-17 7.838222e+03
830000 4.883873e-19 -4.096753e-18 1.655983e-17 7.074749e+04
831000 1.343719e-18 -3.915475e-18 1.795031e-17 1.946504e+05
832000 1.266049e-19 -4.008368e-18 1.656483e-17 1.833992e+04
833000 5.823939e-21 -3.749013e-18 1.654197e-17 8.436524e+02
834000 1.726551e-26 -3.750829e-18 1.653544e-17 2.501071e-03
835000 1.099793e-21 -3.747511e-18 1.653796e-17 1.593153e+02
836000 8.216629e-22 -3.759569e-18 1.653561e-17 1.190256e+02
837000 6.855952e-19 -3.215597e-18 1.786993e-17 9.931492e+04
838000 2.342512e-18 -2.713376e-18 1.990924e-17 3.393350e+05
839000 1.891632e-18 -3.166991e-18 1.903064e-17 2.740207e+05
840000 2.534486e-18 -4.024087e-18 1.897367e-17 3.671441e+05
841000 2.707854e-18 -3.956755e-18 1.922475e-17 3.922582e+05
842000 6.471181e-19 -3.646603e-18 1.742582e-17 9.374115e+04
843000 4.124882e-19 -1.557611e-18 1.925490e-17 5.975279e+04
844000 4.448648e-19 -4.107882e-18 1.695432e-17 6.444285e+04
845000 3.783298e-20 -3.712223e-18 1.684566e-17 5.480464e+03
846000 7.493700e-20 -3.733316e-18 1.686233e-17 1.085533e+04
847000 4.926760e-23 -3.525808e-18 1.700975e-17 7.136875e+00
848000 1.010019e-20 -3.958667e-18 1.676298e-17 1.463107e+03
849000 1.659163e-20 -4.020659e-18 1.688842e-17 2.403453e+03
850000 4.683172e-20 -4.099776e-18 1.682115e-17 6.784016e+03
851000 6.221123e-22 -4.027384e-18 1.675245e-17 9.011881e+01
852000 2.035503e-19 -4.109999e-18 1.691691e-17 2.948618e+04
853000 4.025146e-19 -4.102933e-18 1.714449e-17 5.830803e+04
854000 2.280493e-19 -3.441858e-18 1.766621e-17 3.303508e+04
855000 1.371191e-22 -3.293779e-18 1.764324e-17 1.986299e+01
856000 1.075761e-22 -4.008934e-18 1.711898e-17 1.558340e+01
857000 5.571422e-19 -4.075410e-18 1.767345e-17 8.070729e+04
858000 6.626549e-20 -3.107143e-18 1.783929e-17 9.599180e+03
859000 1.494706e-23 -4.013946e-18 1.707523e-17 2.165222e+00
860000 9.997593e-22 -4.019316e-18 1.711200e-17 1.448245e+02
861000 2.320086e-22 -3.581634e-18 1.732294e-17 3.360863e+01
862000 8.820826e-22 -2.436184e-18 1.847224e-17 1.277780e+02
863000 1.116747e-21 -2.418299e-18 1.847170e-17 1.617713e+02
864000 2.584232e-23 -2.438828e-18 1.847289e-17 3.743504e+00
865000 3.172512e-19 -3.839575e-18 1.746825e-17 4.595682e+04
866000 6.609041e-23 -4.043030e-18 1.712073e-17 9.573818e+00
867000 2.376142e-20 -3.949137e-18 1.715748e-17 3.442066e+03
868000 2.383842e-21 -3.358420e-18 1.753096e-17 3.453220e+02
869000 7.394035e-19 -1.913683e-18 1.970572e-17 1.071096e+05
870000 1.181101e-19 -2.473718e-18 1.864439e-17 1.710936e+04
871000 1.842023e-18 -3.101159e-18 1.986090e-17 2.668343e+05
872000 9.150533e-20 -4.090083e-18 1.729738e-17 1.325541e+04
873000 2.348723e-20 -3.978539e-18 1.725733e-17 3.402346e+03
874000 1.617773e-19 6.616027e-19 2.194338e-17 2.343496e+04
875000 1.841281e-20 -4.075785e-18 1.721799e-17 2.667269e+03
876000 3.326081e-18 -4.109325e-18 2.052661e-17 4.818141e+05
877000 1.306241e-19 -3.496772e-18 1.782714e-17 1.892213e+04
878000 2.004959e-21 -4.080958e-18 1.747306e-17 2.904372e+02
879000 2.465582e-20 -4.093525e-18 1.741325e-17 3.571627e+03
