FX FY FZ 
-1.552565e-09 0.000000e+00 0.000000e+00
-2.446413e-11 0.000000e+00 0.000000e+00
-4.226098e-09 0.000000e+00 0.000000e+00
-4.270269e-09 0.000000e+00 0.000000e+00
-6.830565e-10 0.000000e+00 0.000000e+00
5.354852e-09 0.000000e+00 0.000000e+00
-3.031397e-09 0.000000e+00 0.000000e+00
1.964012e-09 0.000000e+00 0.000000e+00
-9.699983e-10 0.000000e+00 0.000000e+00
-1.102443e-08 0.000000e+00 0.000000e+00
-3.629946e-09 0.000000e+00 0.000000e+00
-5.852387e-09 0.000000e+00 0.000000e+00
-6.492061e-09 0.000000e+00 0.000000e+00
-6.671111e-09 0.000000e+00 0.000000e+00
-8.647655e-09 0.000000e+00 0.000000e+00
-1.238492e-08 0.000000e+00 0.000000e+00
-9.144411e-09 0.000000e+00 0.000000e+00
3.332761e-08 0.000000e+00 0.000000e+00
-1.003564e-08 0.000000e+00 0.000000e+00
-1.041076e-08 0.000000e+00 0.000000e+00
-1.119192e-08 0.000000e+00 0.000000e+00
-1.167709e-08 0.000000e+00 0.000000e+00
-1.100321e-08 0.000000e+00 0.000000e+00
-2.384580e-08 0.000000e+00 0.000000e+00
-8.678394e-09 0.000000e+00 0.000000e+00
-1.027396e-08 0.000000e+00 0.000000e+00
-9.423685e-09 0.000000e+00 0.000000e+00
1.241835e-08 0.000000e+00 0.000000e+00
1.487829e-08 0.000000e+00 0.000000e+00
1.455086e-08 0.000000e+00 0.000000e+00
1.459386e-08 0.000000e+00 0.000000e+00
1.905637e-08 0.000000e+00 0.000000e+00
1.754738e-08 0.000000e+00 0.000000e+00
1.819827e-08 0.000000e+00 0.000000e+00
1.812006e-08 0.000000e+00 0.000000e+00
3.122475e-08 0.000000e+00 0.000000e+00
5.983892e-09 0.000000e+00 0.000000e+00
2.199429e-09 0.000000e+00 0.000000e+00
-5.453635e-08 0.000000e+00 0.000000e+00
5.356546e-08 0.000000e+00 0.000000e+00
-2.580919e-08 0.000000e+00 0.000000e+00
-3.322208e-08 0.000000e+00 0.000000e+00
-1.782372e-08 0.000000e+00 0.000000e+00
1.323312e-08 0.000000e+00 0.000000e+00
-2.830021e-08 0.000000e+00 0.000000e+00
1.616598e-08 0.000000e+00 0.000000e+00
-3.859233e-09 0.000000e+00 0.000000e+00
1.142898e-08 0.000000e+00 0.000000e+00
4.245074e-09 0.000000e+00 0.000000e+00
-3.030485e-09 0.000000e+00 0.000000e+00
2.033589e-08 0.000000e+00 0.000000e+00
1.246045e-08 0.000000e+00 0.000000e+00
2.376151e-09 0.000000e+00 0.000000e+00
9.004589e-09 0.000000e+00 0.000000e+00
-4.070806e-08 0.000000e+00 0.000000e+00
-4.949376e-09 0.000000e+00 0.000000e+00
-3.060260e-09 0.000000e+00 0.000000e+00
2.474380e-08 0.000000e+00 0.000000e+00
-1.808178e-08 0.000000e+00 0.000000e+00
4.007744e-08 0.000000e+00 0.000000e+00
-3.101012e-08 0.000000e+00 0.000000e+00
-3.214181e-08 0.000000e+00 0.000000e+00
-4.348054e-09 0.000000e+00 0.000000e+00
2.135126e-08 0.000000e+00 0.000000e+00
-2.681964e-09 0.000000e+00 0.000000e+00
4.166733e-09 0.000000e+00 0.000000e+00
-3.277355e-08 0.000000e+00 0.000000e+00
-3.218338e-08 0.000000e+00 0.000000e+00
-2.957829e-08 0.000000e+00 0.000000e+00
-3.371248e-08 0.000000e+00 0.000000e+00
-2.952679e-08 0.000000e+00 0.000000e+00
-3.265089e-08 0.000000e+00 0.000000e+00
-3.262047e-08 0.000000e+00 0.000000e+00
-3.193320e-08 0.000000e+00 0.000000e+00
2.532752e-08 0.000000e+00 0.000000e+00
2.681391e-08 0.000000e+00 0.000000e+00
2.684584e-08 0.000000e+00 0.000000e+00
1.196922e-08 0.000000e+00 0.000000e+00
2.931268e-08 0.000000e+00 0.000000e+00
3.154706e-08 0.000000e+00 0.000000e+00
2.838999e-08 0.000000e+00 0.000000e+00
2.971090e-08 0.000000e+00 0.000000e+00
2.977366e-08 0.000000e+00 0.000000e+00
2.885717e-08 0.000000e+00 0.000000e+00
2.992962e-08 0.000000e+00 0.000000e+00
7.266471e-09 0.000000e+00 0.000000e+00
-8.584517e-09 0.000000e+00 0.000000e+00
-7.955330e-09 0.000000e+00 0.000000e+00
-9.020010e-09 0.000000e+00 0.000000e+00
-9.363926e-09 0.000000e+00 0.000000e+00
-7.996627e-09 0.000000e+00 0.000000e+00
-9.000599e-09 0.000000e+00 0.000000e+00
-8.058477e-09 0.000000e+00 0.000000e+00
-8.892022e-09 0.000000e+00 0.000000e+00
-1.011034e-08 0.000000e+00 0.000000e+00
7.709451e-09 0.000000e+00 0.000000e+00
-2.075158e-09 0.000000e+00 0.000000e+00
-1.377897e-08 0.000000e+00 0.000000e+00
-6.376196e-09 0.000000e+00 0.000000e+00
-1.543911e-08 0.000000e+00 0.000000e+00
-6.950339e-08 0.000000e+00 0.000000e+00
-3.186092e-08 0.000000e+00 0.000000e+00
-5.574533e-09 0.000000e+00 0.000000e+00
-5.215488e-09 0.000000e+00 0.000000e+00
3.815661e-08 0.000000e+00 0.000000e+00
3.350551e-08 0.000000e+00 0.000000e+00
3.214587e-08 0.000000e+00 0.000000e+00
7.689434e-09 0.000000e+00 0.000000e+00
-3.854014e-08 0.000000e+00 0.000000e+00
4.071469e-09 0.000000e+00 0.000000e+00
2.122202e-08 0.000000e+00 0.000000e+00
-6.573351e-09 0.000000e+00 0.000000e+00
-7.286786e-09 0.000000e+00 0.000000e+00
-7.657374e-09 0.000000e+00 0.000000e+00
-6.494798e-09 0.000000e+00 0.000000e+00
-8.928929e-09 0.000000e+00 0.000000e+00
-6.582105e-09 0.000000e+00 0.000000e+00
-6.633075e-09 0.000000e+00 0.000000e+00
-6.877947e-09 0.000000e+00 0.000000e+00
-6.569395e-09 0.000000e+00 0.000000e+00
-7.223722e-09 0.000000e+00 0.000000e+00
-5.516718e-09 0.000000e+00 0.000000e+00
-3.435976e-08 0.000000e+00 0.000000e+00
1.760313e-08 0.000000e+00 0.000000e+00
2.417245e-08 0.000000e+00 0.000000e+00
1.750844e-08 0.000000e+00 0.000000e+00
1.862418e-08 0.000000e+00 0.000000e+00
1.785877e-08 0.000000e+00 0.000000e+00
1.831034e-08 0.000000e+00 0.000000e+00
6.806353e-09 0.000000e+00 0.000000e+00
4.461559e-08 0.000000e+00 0.000000e+00
2.387851e-08 0.000000e+00 0.000000e+00
2.341894e-08 0.000000e+00 0.000000e+00
2.527912e-08 0.000000e+00 0.000000e+00
2.569115e-08 0.000000e+00 0.000000e+00
2.468826e-08 0.000000e+00 0.000000e+00
1.433345e-08 0.000000e+00 0.000000e+00
1.776390e-08 0.000000e+00 0.000000e+00
1.928874e-08 0.000000e+00 0.000000e+00
3.917778e-08 0.000000e+00 0.000000e+00
1.266221e-08 0.000000e+00 0.000000e+00
2.112638e-09 0.000000e+00 0.000000e+00
1.475296e-08 0.000000e+00 0.000000e+00
1.673323e-08 0.000000e+00 0.000000e+00
-1.301347e-08 0.000000e+00 0.000000e+00
1.880677e-08 0.000000e+00 0.000000e+00
5.352730e-09 0.000000e+00 0.000000e+00
-1.272295e-08 0.000000e+00 0.000000e+00
3.049482e-08 0.000000e+00 0.000000e+00
2.738541e-08 0.000000e+00 0.000000e+00
-1.418129e-08 0.000000e+00 0.000000e+00
4.091477e-09 0.000000e+00 0.000000e+00
-1.756217e-08 0.000000e+00 0.000000e+00
-1.821419e-08 0.000000e+00 0.000000e+00
-1.440774e-08 0.000000e+00 0.000000e+00
2.085863e-08 0.000000e+00 0.000000e+00
8.474080e-09 0.000000e+00 0.000000e+00
3.576301e-08 0.000000e+00 0.000000e+00
8.308248e-10 0.000000e+00 0.000000e+00
-3.595141e-08 0.000000e+00 0.000000e+00
-3.810916e-08 0.000000e+00 0.000000e+00
1.397697e-08 0.000000e+00 0.000000e+00
-4.937030e-09 0.000000e+00 0.000000e+00
-1.972484e-08 0.000000e+00 0.000000e+00
7.357057e-09 0.000000e+00 0.000000e+00
-6.660193e-08 0.000000e+00 0.000000e+00
4.247187e-08 0.000000e+00 0.000000e+00
3.325417e-08 0.000000e+00 0.000000e+00
3.200573e-08 0.000000e+00 0.000000e+00
3.214579e-08 0.000000e+00 0.000000e+00
3.302842e-08 0.000000e+00 0.000000e+00
3.240000e-08 0.000000e+00 0.000000e+00
3.266703e-08 0.000000e+00 0.000000e+00
4.170814e-08 0.000000e+00 0.000000e+00
2.897593e-08 0.000000e+00 0.000000e+00
2.889188e-08 0.000000e+00 0.000000e+00
2.504251e-08 0.000000e+00 0.000000e+00
-2.177854e-08 0.000000e+00 0.000000e+00
-6.899840e-08 0.000000e+00 0.000000e+00
4.161310e-08 0.000000e+00 0.000000e+00
4.194118e-09 0.000000e+00 0.000000e+00
-1.697629e-08 0.000000e+00 0.000000e+00
2.419862e-08 0.000000e+00 0.000000e+00
5.803237e-08 0.000000e+00 0.000000e+00
-2.145956e-08 0.000000e+00 0.000000e+00
3.574170e-08 0.000000e+00 0.000000e+00
3.483381e-08 0.000000e+00 0.000000e+00
3.390697e-08 0.000000e+00 0.000000e+00
3.519793e-08 0.000000e+00 0.000000e+00
3.408674e-08 0.000000e+00 0.000000e+00
3.430770e-08 0.000000e+00 0.000000e+00
3.555786e-08 0.000000e+00 0.000000e+00
3.507225e-08 0.000000e+00 0.000000e+00
3.444497e-08 0.000000e+00 0.000000e+00
3.552343e-08 0.000000e+00 0.000000e+00
3.392567e-08 0.000000e+00 0.000000e+00
3.533553e-08 0.000000e+00 0.000000e+00
3.513565e-08 0.000000e+00 0.000000e+00
3.503720e-08 0.000000e+00 0.000000e+00
3.540669e-08 0.000000e+00 0.000000e+00
3.526615e-08 0.000000e+00 0.000000e+00
3.369128e-08 0.000000e+00 0.000000e+00
3.683228e-08 0.000000e+00 0.000000e+00
3.654998e-08 0.000000e+00 0.000000e+00
3.630173e-08 0.000000e+00 0.000000e+00
3.670807e-08 0.000000e+00 0.000000e+00
3.656955e-08 0.000000e+00 0.000000e+00
3.644137e-08 0.000000e+00 0.000000e+00
3.699334e-08 0.000000e+00 0.000000e+00
3.796154e-08 0.000000e+00 0.000000e+00
4.441471e-08 0.000000e+00 0.000000e+00
3.654297e-08 0.000000e+00 0.000000e+00
3.693959e-08 0.000000e+00 0.000000e+00
-1.812582e-08 0.000000e+00 0.000000e+00
-3.282493e-08 0.000000e+00 0.000000e+00
1.639436e-08 0.000000e+00 0.000000e+00
6.072736e-08 0.000000e+00 0.000000e+00
-2.193493e-08 0.000000e+00 0.000000e+00
5.650759e-08 0.000000e+00 0.000000e+00
7.557996e-09 0.000000e+00 0.000000e+00
3.652084e-08 0.000000e+00 0.000000e+00
3.676071e-08 0.000000e+00 0.000000e+00
3.673370e-08 0.000000e+00 0.000000e+00
3.689681e-08 0.000000e+00 0.000000e+00
-1.622315e-08 0.000000e+00 0.000000e+00
-2.758876e-08 0.000000e+00 0.000000e+00
5.709373e-08 0.000000e+00 0.000000e+00
-8.646508e-09 0.000000e+00 0.000000e+00
4.604576e-09 0.000000e+00 0.000000e+00
5.610156e-08 0.000000e+00 0.000000e+00
4.628385e-08 0.000000e+00 0.000000e+00
3.923615e-08 0.000000e+00 0.000000e+00
3.521094e-08 0.000000e+00 0.000000e+00
1.006028e-08 0.000000e+00 0.000000e+00
-8.525989e-08 0.000000e+00 0.000000e+00
2.219019e-08 0.000000e+00 0.000000e+00
-2.917978e-08 0.000000e+00 0.000000e+00
2.149282e-08 0.000000e+00 0.000000e+00
6.175895e-08 0.000000e+00 0.000000e+00
-4.413784e-08 0.000000e+00 0.000000e+00
-1.877953e-08 0.000000e+00 0.000000e+00
6.115113e-08 0.000000e+00 0.000000e+00
1.335814e-08 0.000000e+00 0.000000e+00
-9.517462e-08 0.000000e+00 0.000000e+00
-7.203728e-08 0.000000e+00 0.000000e+00
-6.403652e-08 0.000000e+00 0.000000e+00
-9.916674e-08 0.000000e+00 0.000000e+00
-3.027455e-09 0.000000e+00 0.000000e+00
3.876097e-08 0.000000e+00 0.000000e+00
6.304059e-08 0.000000e+00 0.000000e+00
4.577907e-08 0.000000e+00 0.000000e+00
4.770883e-08 0.000000e+00 0.000000e+00
-1.864008e-08 0.000000e+00 0.000000e+00
-6.767852e-08 0.000000e+00 0.000000e+00
5.431929e-08 0.000000e+00 0.000000e+00
-5.464107e-08 0.000000e+00 0.000000e+00
3.554057e-08 0.000000e+00 0.000000e+00
5.364569e-08 0.000000e+00 0.000000e+00
1.502329e-09 0.000000e+00 0.000000e+00
-6.443366e-09 0.000000e+00 0.000000e+00
-8.644491e-09 0.000000e+00 0.000000e+00
-8.475254e-09 0.000000e+00 0.000000e+00
-1.022082e-08 0.000000e+00 0.000000e+00
-5.764588e-09 0.000000e+00 0.000000e+00
-7.049792e-09 0.000000e+00 0.000000e+00
-7.377425e-09 0.000000e+00 0.000000e+00
-5.849765e-09 0.000000e+00 0.000000e+00
-6.367839e-09 0.000000e+00 0.000000e+00
-8.360115e-09 0.000000e+00 0.000000e+00
-1.001567e-08 0.000000e+00 0.000000e+00
-8.895786e-09 0.000000e+00 0.000000e+00
-1.155667e-08 0.000000e+00 0.000000e+00
-1.023592e-08 0.000000e+00 0.000000e+00
6.903827e-09 0.000000e+00 0.000000e+00
7.490218e-09 0.000000e+00 0.000000e+00
9.975883e-09 0.000000e+00 0.000000e+00
6.765480e-09 0.000000e+00 0.000000e+00
7.131254e-09 0.000000e+00 0.000000e+00
6.190953e-09 0.000000e+00 0.000000e+00
5.509835e-09 0.000000e+00 0.000000e+00
6.745927e-09 0.000000e+00 0.000000e+00
6.615940e-09 0.000000e+00 0.000000e+00
8.974337e-09 0.000000e+00 0.000000e+00
6.879844e-09 0.000000e+00 0.000000e+00
7.824109e-09 0.000000e+00 0.000000e+00
6.882968e-09 0.000000e+00 0.000000e+00
7.196799e-09 0.000000e+00 0.000000e+00
-2.338323e-08 0.000000e+00 0.000000e+00
1.765711e-08 0.000000e+00 0.000000e+00
1.682387e-08 0.000000e+00 0.000000e+00
1.916072e-08 0.000000e+00 0.000000e+00
1.994288e-08 0.000000e+00 0.000000e+00
2.037496e-08 0.000000e+00 0.000000e+00
2.215051e-08 0.000000e+00 0.000000e+00
1.962236e-08 0.000000e+00 0.000000e+00
1.881574e-08 0.000000e+00 0.000000e+00
2.295770e-08 0.000000e+00 0.000000e+00
5.583280e-09 0.000000e+00 0.000000e+00
-1.320820e-08 0.000000e+00 0.000000e+00
2.300052e-08 0.000000e+00 0.000000e+00
2.375693e-08 0.000000e+00 0.000000e+00
2.227845e-08 0.000000e+00 0.000000e+00
6.912290e-09 0.000000e+00 0.000000e+00
6.535934e-10 0.000000e+00 0.000000e+00
-4.677211e-09 0.000000e+00 0.000000e+00
-1.631345e-08 0.000000e+00 0.000000e+00
6.919275e-09 0.000000e+00 0.000000e+00
-1.270839e-08 0.000000e+00 0.000000e+00
-1.348127e-08 0.000000e+00 0.000000e+00
-1.467031e-08 0.000000e+00 0.000000e+00
-1.972797e-08 0.000000e+00 0.000000e+00
-1.954733e-08 0.000000e+00 0.000000e+00
-1.976260e-08 0.000000e+00 0.000000e+00
-2.041975e-08 0.000000e+00 0.000000e+00
-2.158497e-08 0.000000e+00 0.000000e+00
-2.089405e-08 0.000000e+00 0.000000e+00
-2.120819e-08 0.000000e+00 0.000000e+00
-2.072494e-08 0.000000e+00 0.000000e+00
-2.334570e-08 0.000000e+00 0.000000e+00
-2.365924e-08 0.000000e+00 0.000000e+00
-2.272701e-08 0.000000e+00 0.000000e+00
-2.363215e-08 0.000000e+00 0.000000e+00
-2.288318e-08 0.000000e+00 0.000000e+00
-2.218292e-08 0.000000e+00 0.000000e+00
-2.364292e-08 0.000000e+00 0.000000e+00
-2.691197e-08 0.000000e+00 0.000000e+00
-2.530317e-08 0.000000e+00 0.000000e+00
1.250534e-08 0.000000e+00 0.000000e+00
-2.669392e-08 0.000000e+00 0.000000e+00
-7.913035e-09 0.000000e+00 0.000000e+00
4.677467e-08 0.000000e+00 0.000000e+00
-1.395362e-08 0.000000e+00 0.000000e+00
-1.356861e-08 0.000000e+00 0.000000e+00
-1.013401e-08 0.000000e+00 0.000000e+00
2.819287e-09 0.000000e+00 0.000000e+00
4.976206e-08 0.000000e+00 0.000000e+00
1.293414e-08 0.000000e+00 0.000000e+00
1.117695e-08 0.000000e+00 0.000000e+00
-8.768510e-09 0.000000e+00 0.000000e+00
3.418602e-08 0.000000e+00 0.000000e+00
3.066951e-08 0.000000e+00 0.000000e+00
1.351897e-08 0.000000e+00 0.000000e+00
2.322018e-09 0.000000e+00 0.000000e+00
1.353687e-08 0.000000e+00 0.000000e+00
1.631814e-08 0.000000e+00 0.000000e+00
1.532553e-08 0.000000e+00 0.000000e+00
1.264065e-08 0.000000e+00 0.000000e+00
1.331373e-08 0.000000e+00 0.000000e+00
1.840133e-08 0.000000e+00 0.000000e+00
1.607536e-08 0.000000e+00 0.000000e+00
1.368949e-08 0.000000e+00 0.000000e+00
-3.214664e-08 0.000000e+00 0.000000e+00
3.180603e-08 0.000000e+00 0.000000e+00
3.014482e-08 0.000000e+00 0.000000e+00
2.916418e-08 0.000000e+00 0.000000e+00
1.310491e-08 0.000000e+00 0.000000e+00
-9.133638e-09 0.000000e+00 0.000000e+00
-1.386011e-08 0.000000e+00 0.000000e+00
-2.510592e-08 0.000000e+00 0.000000e+00
-2.968667e-09 0.000000e+00 0.000000e+00
4.056166e-08 0.000000e+00 0.000000e+00
-1.504249e-08 0.000000e+00 0.000000e+00
1.319133e-08 0.000000e+00 0.000000e+00
1.364453e-08 0.000000e+00 0.000000e+00
-3.305272e-08 0.000000e+00 0.000000e+00
-2.181970e-08 0.000000e+00 0.000000e+00
-3.562616e-08 0.000000e+00 0.000000e+00
2.180460e-08 0.000000e+00 0.000000e+00
-3.500617e-08 0.000000e+00 0.000000e+00
-3.557998e-08 0.000000e+00 0.000000e+00
-3.615197e-08 0.000000e+00 0.000000e+00
-3.520672e-08 0.000000e+00 0.000000e+00
-3.459914e-08 0.000000e+00 0.000000e+00
-3.570320e-08 0.000000e+00 0.000000e+00
-3.553267e-08 0.000000e+00 0.000000e+00
-3.541110e-08 0.000000e+00 0.000000e+00
-3.572005e-08 0.000000e+00 0.000000e+00
-3.617373e-08 0.000000e+00 0.000000e+00
-1.441180e-08 0.000000e+00 0.000000e+00
-6.201352e-08 0.000000e+00 0.000000e+00
3.431415e-08 0.000000e+00 0.000000e+00
5.678764e-08 0.000000e+00 0.000000e+00
2.142972e-08 0.000000e+00 0.000000e+00
-9.719847e-09 0.000000e+00 0.000000e+00
3.730220e-08 0.000000e+00 0.000000e+00
-4.818133e-08 0.000000e+00 0.000000e+00
3.788442e-08 0.000000e+00 0.000000e+00
2.516354e-08 0.000000e+00 0.000000e+00
-3.460432e-08 0.000000e+00 0.000000e+00
-2.518548e-08 0.000000e+00 0.000000e+00
-4.710252e-09 0.000000e+00 0.000000e+00
-4.055101e-08 0.000000e+00 0.000000e+00
-4.563798e-08 0.000000e+00 0.000000e+00
2.515364e-09 0.000000e+00 0.000000e+00
3.797855e-09 0.000000e+00 0.000000e+00
8.416538e-08 0.000000e+00 0.000000e+00
-3.006636e-09 0.000000e+00 0.000000e+00
-3.845541e-09 0.000000e+00 0.000000e+00
-2.533377e-08 0.000000e+00 0.000000e+00
-2.338448e-08 0.000000e+00 0.000000e+00
-3.168496e-08 0.000000e+00 0.000000e+00
-4.192368e-08 0.000000e+00 0.000000e+00
-7.808281e-09 0.000000e+00 0.000000e+00
-5.005080e-08 0.000000e+00 0.000000e+00
-3.784415e-08 0.000000e+00 0.000000e+00
-3.745568e-08 0.000000e+00 0.000000e+00
-3.702627e-08 0.000000e+00 0.000000e+00
-5.063243e-08 0.000000e+00 0.000000e+00
-3.339685e-08 0.000000e+00 0.000000e+00
-3.753424e-08 0.000000e+00 0.000000e+00
3.858061e-08 0.000000e+00 0.000000e+00
5.417752e-09 0.000000e+00 0.000000e+00
2.906978e-09 0.000000e+00 0.000000e+00
-3.329009e-08 0.000000e+00 0.000000e+00
-2.633305e-08 0.000000e+00 0.000000e+00
3.896506e-08 0.000000e+00 0.000000e+00
-3.908054e-08 0.000000e+00 0.000000e+00
-3.943819e-08 0.000000e+00 0.000000e+00
-3.977755e-08 0.000000e+00 0.000000e+00
1.739730e-08 0.000000e+00 0.000000e+00
-2.618294e-08 0.000000e+00 0.000000e+00
-4.238386e-08 0.000000e+00 0.000000e+00
-2.533531e-08 0.000000e+00 0.000000e+00
-2.717132e-08 0.000000e+00 0.000000e+00
4.102071e-08 0.000000e+00 0.000000e+00
-2.475625e-08 0.000000e+00 0.000000e+00
-2.578817e-08 0.000000e+00 0.000000e+00
-1.383276e-08 0.000000e+00 0.000000e+00
1.273975e-08 0.000000e+00 0.000000e+00
8.843681e-08 0.000000e+00 0.000000e+00
1.974626e-08 0.000000e+00 0.000000e+00
-3.537517e-08 0.000000e+00 0.000000e+00
-2.622916e-08 0.000000e+00 0.000000e+00
1.423774e-07 0.000000e+00 0.000000e+00
6.846679e-08 0.000000e+00 0.000000e+00
-4.710149e-08 0.000000e+00 0.000000e+00
2.823526e-08 0.000000e+00 0.000000e+00
-1.245146e-08 0.000000e+00 0.000000e+00
-2.255301e-08 0.000000e+00 0.000000e+00
-3.148790e-08 0.000000e+00 0.000000e+00
-1.633145e-08 0.000000e+00 0.000000e+00
-3.225412e-08 0.000000e+00 0.000000e+00
3.950363e-08 0.000000e+00 0.000000e+00
-5.482219e-08 0.000000e+00 0.000000e+00
1.601416e-08 0.000000e+00 0.000000e+00
7.511384e-09 0.000000e+00 0.000000e+00
-3.949719e-08 0.000000e+00 0.000000e+00
-3.890493e-08 0.000000e+00 0.000000e+00
2.997010e-08 0.000000e+00 0.000000e+00
3.306199e-08 0.000000e+00 0.000000e+00
4.576761e-08 0.000000e+00 0.000000e+00
-3.092937e-08 0.000000e+00 0.000000e+00
4.858444e-08 0.000000e+00 0.000000e+00
9.882681e-08 0.000000e+00 0.000000e+00
-5.616450e-08 0.000000e+00 0.000000e+00
3.024675e-08 0.000000e+00 0.000000e+00
-3.855517e-08 0.000000e+00 0.000000e+00
1.447856e-07 0.000000e+00 0.000000e+00
-4.197137e-08 0.000000e+00 0.000000e+00
4.241459e-08 0.000000e+00 0.000000e+00
-2.192184e-08 0.000000e+00 0.000000e+00
2.802742e-08 0.000000e+00 0.000000e+00
1.720116e-07 0.000000e+00 0.000000e+00
-3.692301e-08 0.000000e+00 0.000000e+00
-5.131205e-09 0.000000e+00 0.000000e+00
3.816337e-08 0.000000e+00 0.000000e+00
3.821122e-08 0.000000e+00 0.000000e+00
7.005051e-08 0.000000e+00 0.000000e+00
-5.713377e-08 0.000000e+00 0.000000e+00
-5.169730e-08 0.000000e+00 0.000000e+00
4.493835e-08 0.000000e+00 0.000000e+00
-6.060515e-08 0.000000e+00 0.000000e+00
-3.550025e-08 0.000000e+00 0.000000e+00
-1.252833e-08 0.000000e+00 0.000000e+00
1.378948e-08 0.000000e+00 0.000000e+00
-4.631159e-08 0.000000e+00 0.000000e+00
-4.637376e-08 0.000000e+00 0.000000e+00
-4.616491e-08 0.000000e+00 0.000000e+00
-4.684875e-08 0.000000e+00 0.000000e+00
-4.608896e-08 0.000000e+00 0.000000e+00
-4.626434e-08 0.000000e+00 0.000000e+00
-4.627434e-08 0.000000e+00 0.000000e+00
-4.635957e-08 0.000000e+00 0.000000e+00
-4.693011e-08 0.000000e+00 0.000000e+00
-4.640694e-08 0.000000e+00 0.000000e+00
-4.656453e-08 0.000000e+00 0.000000e+00
-4.680991e-08 0.000000e+00 0.000000e+00
-4.591953e-08 0.000000e+00 0.000000e+00
-4.637013e-08 0.000000e+00 0.000000e+00
-4.631505e-08 0.000000e+00 0.000000e+00
-4.694391e-08 0.000000e+00 0.000000e+00
-4.603514e-08 0.000000e+00 0.000000e+00
5.872866e-08 0.000000e+00 0.000000e+00
-4.272798e-08 0.000000e+00 0.000000e+00
-3.170896e-08 0.000000e+00 0.000000e+00
-4.868691e-08 0.000000e+00 0.000000e+00
-5.353742e-08 0.000000e+00 0.000000e+00
-2.296318e-08 0.000000e+00 0.000000e+00
4.404859e-08 0.000000e+00 0.000000e+00
-6.268811e-08 0.000000e+00 0.000000e+00
-1.355606e-08 0.000000e+00 0.000000e+00
-3.523877e-08 0.000000e+00 0.000000e+00
-4.002969e-08 0.000000e+00 0.000000e+00
-4.088060e-08 0.000000e+00 0.000000e+00
-4.049080e-08 0.000000e+00 0.000000e+00
2.618337e-08 0.000000e+00 0.000000e+00
3.071831e-08 0.000000e+00 0.000000e+00
6.312164e-08 0.000000e+00 0.000000e+00
3.112669e-08 0.000000e+00 0.000000e+00
1.834233e-08 0.000000e+00 0.000000e+00
-2.600272e-08 0.000000e+00 0.000000e+00
-6.808304e-08 0.000000e+00 0.000000e+00
-6.633356e-08 0.000000e+00 0.000000e+00
-6.565586e-08 0.000000e+00 0.000000e+00
5.722404e-08 0.000000e+00 0.000000e+00
1.877000e-08 0.000000e+00 0.000000e+00
4.107130e-08 0.000000e+00 0.000000e+00
-2.443936e-09 0.000000e+00 0.000000e+00
-2.316323e-08 0.000000e+00 0.000000e+00
-3.186884e-08 0.000000e+00 0.000000e+00
-4.342411e-08 0.000000e+00 0.000000e+00
1.128157e-08 0.000000e+00 0.000000e+00
6.112795e-08 0.000000e+00 0.000000e+00
1.217127e-09 0.000000e+00 0.000000e+00
-3.351611e-08 0.000000e+00 0.000000e+00
-4.217430e-08 0.000000e+00 0.000000e+00
-4.074009e-08 0.000000e+00 0.000000e+00
-4.572258e-08 0.000000e+00 0.000000e+00
-2.418834e-08 0.000000e+00 0.000000e+00
3.096364e-08 0.000000e+00 0.000000e+00
-5.656350e-08 0.000000e+00 0.000000e+00
-4.358798e-08 0.000000e+00 0.000000e+00
-1.356005e-08 0.000000e+00 0.000000e+00
2.010512e-08 0.000000e+00 0.000000e+00
-5.896545e-08 0.000000e+00 0.000000e+00
-3.587094e-08 0.000000e+00 0.000000e+00
-3.572429e-08 0.000000e+00 0.000000e+00
-3.478240e-08 0.000000e+00 0.000000e+00
-3.516256e-08 0.000000e+00 0.000000e+00
-3.613918e-08 0.000000e+00 0.000000e+00
-3.474695e-08 0.000000e+00 0.000000e+00
-3.653690e-08 0.000000e+00 0.000000e+00
-3.479718e-08 0.000000e+00 0.000000e+00
-3.590575e-08 0.000000e+00 0.000000e+00
-4.080525e-08 0.000000e+00 0.000000e+00
-4.281611e-08 0.000000e+00 0.000000e+00
-4.220565e-08 0.000000e+00 0.000000e+00
-4.293546e-08 0.000000e+00 0.000000e+00
-4.149075e-08 0.000000e+00 0.000000e+00
-1.230247e-08 0.000000e+00 0.000000e+00
-3.314662e-08 0.000000e+00 0.000000e+00
-2.032244e-08 0.000000e+00 0.000000e+00
2.734897e-08 0.000000e+00 0.000000e+00
2.115882e-08 0.000000e+00 0.000000e+00
-2.970758e-08 0.000000e+00 0.000000e+00
-9.691359e-08 0.000000e+00 0.000000e+00
6.118875e-08 0.000000e+00 0.000000e+00
-9.490894e-09 0.000000e+00 0.000000e+00
-4.411780e-08 0.000000e+00 0.000000e+00
5.104542e-08 0.000000e+00 0.000000e+00
1.013351e-08 0.000000e+00 0.000000e+00
8.708868e-09 0.000000e+00 0.000000e+00
-5.050265e-08 0.000000e+00 0.000000e+00
-1.579853e-08 0.000000e+00 0.000000e+00
-2.558435e-08 0.000000e+00 0.000000e+00
-4.364410e-08 0.000000e+00 0.000000e+00
-2.501048e-08 0.000000e+00 0.000000e+00
-3.274568e-10 0.000000e+00 0.000000e+00
2.575202e-08 0.000000e+00 0.000000e+00
-4.317784e-08 0.000000e+00 0.000000e+00
2.115006e-08 0.000000e+00 0.000000e+00
2.205208e-08 0.000000e+00 0.000000e+00
5.439105e-08 0.000000e+00 0.000000e+00
-1.197391e-08 0.000000e+00 0.000000e+00
-7.533249e-08 0.000000e+00 0.000000e+00
-1.040704e-07 0.000000e+00 0.000000e+00
-3.439929e-08 0.000000e+00 0.000000e+00
3.711175e-08 0.000000e+00 0.000000e+00
3.252812e-08 0.000000e+00 0.000000e+00
-2.080531e-08 0.000000e+00 0.000000e+00
8.944591e-09 0.000000e+00 0.000000e+00
5.815615e-08 0.000000e+00 0.000000e+00
8.940528e-09 0.000000e+00 0.000000e+00
-9.293635e-08 0.000000e+00 0.000000e+00
-5.154836e-08 0.000000e+00 0.000000e+00
4.790340e-08 0.000000e+00 0.000000e+00
-1.056411e-08 0.000000e+00 0.000000e+00
-3.006297e-08 0.000000e+00 0.000000e+00
-2.435068e-08 0.000000e+00 0.000000e+00
-4.252211e-08 0.000000e+00 0.000000e+00
-4.254637e-08 0.000000e+00 0.000000e+00
-4.206421e-08 0.000000e+00 0.000000e+00
-5.396256e-08 0.000000e+00 0.000000e+00
6.129290e-08 0.000000e+00 0.000000e+00
-6.318612e-08 0.000000e+00 0.000000e+00
-2.341817e-09 0.000000e+00 0.000000e+00
-4.799021e-08 0.000000e+00 0.000000e+00
-4.904542e-08 0.000000e+00 0.000000e+00
-4.877976e-08 0.000000e+00 0.000000e+00
-4.869356e-08 0.000000e+00 0.000000e+00
-4.861371e-08 0.000000e+00 0.000000e+00
-4.793653e-08 0.000000e+00 0.000000e+00
-4.822261e-08 0.000000e+00 0.000000e+00
-5.022948e-08 0.000000e+00 0.000000e+00
-5.342367e-08 0.000000e+00 0.000000e+00
4.489610e-08 0.000000e+00 0.000000e+00
-3.497644e-08 0.000000e+00 0.000000e+00
1.182812e-08 0.000000e+00 0.000000e+00
6.180410e-08 0.000000e+00 0.000000e+00
-5.147021e-08 0.000000e+00 0.000000e+00
-3.629954e-08 0.000000e+00 0.000000e+00
-3.436486e-08 0.000000e+00 0.000000e+00
-3.589554e-08 0.000000e+00 0.000000e+00
-3.615856e-08 0.000000e+00 0.000000e+00
-1.969019e-08 0.000000e+00 0.000000e+00
-6.139374e-08 0.000000e+00 0.000000e+00
-4.211092e-08 0.000000e+00 0.000000e+00
-3.388099e-08 0.000000e+00 0.000000e+00
-4.791907e-08 0.000000e+00 0.000000e+00
1.462740e-07 0.000000e+00 0.000000e+00
-4.586447e-08 0.000000e+00 0.000000e+00
2.515588e-09 0.000000e+00 0.000000e+00
-4.790695e-08 0.000000e+00 0.000000e+00
-1.236674e-08 0.000000e+00 0.000000e+00
7.262471e-08 0.000000e+00 0.000000e+00
-4.168613e-08 0.000000e+00 0.000000e+00
-4.159222e-08 0.000000e+00 0.000000e+00
-4.149433e-08 0.000000e+00 0.000000e+00
-4.248207e-08 0.000000e+00 0.000000e+00
-4.036156e-08 0.000000e+00 0.000000e+00
-4.447994e-08 0.000000e+00 0.000000e+00
7.628007e-09 0.000000e+00 0.000000e+00
-3.759301e-08 0.000000e+00 0.000000e+00
1.315959e-08 0.000000e+00 0.000000e+00
2.185739e-08 0.000000e+00 0.000000e+00
3.415185e-08 0.000000e+00 0.000000e+00
2.412431e-08 0.000000e+00 0.000000e+00
-6.279181e-08 0.000000e+00 0.000000e+00
-6.241775e-08 0.000000e+00 0.000000e+00
2.760674e-08 0.000000e+00 0.000000e+00
1.072020e-08 0.000000e+00 0.000000e+00
-1.467394e-08 0.000000e+00 0.000000e+00
-1.696430e-08 0.000000e+00 0.000000e+00
1.922150e-08 0.000000e+00 0.000000e+00
8.809384e-09 0.000000e+00 0.000000e+00
-6.278180e-08 0.000000e+00 0.000000e+00
3.093566e-08 0.000000e+00 0.000000e+00
-9.208333e-08 0.000000e+00 0.000000e+00
1.486422e-08 0.000000e+00 0.000000e+00
-5.534976e-08 0.000000e+00 0.000000e+00
6.112051e-08 0.000000e+00 0.000000e+00
-4.464936e-08 0.000000e+00 0.000000e+00
-5.454810e-08 0.000000e+00 0.000000e+00
7.073092e-09 0.000000e+00 0.000000e+00
3.986635e-08 0.000000e+00 0.000000e+00
3.952757e-08 0.000000e+00 0.000000e+00
5.737656e-08 0.000000e+00 0.000000e+00
2.002942e-08 0.000000e+00 0.000000e+00
3.061601e-08 0.000000e+00 0.000000e+00
2.180109e-08 0.000000e+00 0.000000e+00
1.032930e-08 0.000000e+00 0.000000e+00
8.920592e-09 0.000000e+00 0.000000e+00
9.048071e-09 0.000000e+00 0.000000e+00
3.256201e-08 0.000000e+00 0.000000e+00
2.358556e-08 0.000000e+00 0.000000e+00
1.148772e-08 0.000000e+00 0.000000e+00
-1.694086e-08 0.000000e+00 0.000000e+00
5.991386e-08 0.000000e+00 0.000000e+00
5.636194e-09 0.000000e+00 0.000000e+00
3.668702e-09 0.000000e+00 0.000000e+00
-3.803841e-08 0.000000e+00 0.000000e+00
3.677613e-08 0.000000e+00 0.000000e+00
1.825314e-08 0.000000e+00 0.000000e+00
2.957218e-08 0.000000e+00 0.000000e+00
3.122694e-08 0.000000e+00 0.000000e+00
-3.783938e-08 0.000000e+00 0.000000e+00
2.560438e-09 0.000000e+00 0.000000e+00
-5.404055e-08 0.000000e+00 0.000000e+00
1.782382e-08 0.000000e+00 0.000000e+00
-1.559822e-08 0.000000e+00 0.000000e+00
2.717665e-09 0.000000e+00 0.000000e+00
-4.960007e-08 0.000000e+00 0.000000e+00
-5.098623e-08 0.000000e+00 0.000000e+00
-5.050534e-08 0.000000e+00 0.000000e+00
-4.937882e-08 0.000000e+00 0.000000e+00
-5.059410e-08 0.000000e+00 0.000000e+00
9.485557e-08 0.000000e+00 0.000000e+00
-5.976649e-08 0.000000e+00 0.000000e+00
-4.642510e-08 0.000000e+00 0.000000e+00
6.694279e-08 0.000000e+00 0.000000e+00
1.754737e-08 0.000000e+00 0.000000e+00
-5.849825e-09 0.000000e+00 0.000000e+00
3.166305e-08 0.000000e+00 0.000000e+00
-2.642193e-09 0.000000e+00 0.000000e+00
6.136631e-08 0.000000e+00 0.000000e+00
-5.657095e-08 0.000000e+00 0.000000e+00
2.379914e-08 0.000000e+00 0.000000e+00
-4.654421e-08 0.000000e+00 0.000000e+00
-5.939821e-08 0.000000e+00 0.000000e+00
1.297094e-08 0.000000e+00 0.000000e+00
4.290061e-08 0.000000e+00 0.000000e+00
-4.669384e-08 0.000000e+00 0.000000e+00
3.142877e-08 0.000000e+00 0.000000e+00
6.196206e-08 0.000000e+00 0.000000e+00
2.072587e-08 0.000000e+00 0.000000e+00
-5.562763e-08 0.000000e+00 0.000000e+00
3.980291e-08 0.000000e+00 0.000000e+00
3.982592e-08 0.000000e+00 0.000000e+00
5.934695e-08 0.000000e+00 0.000000e+00
9.077571e-08 0.000000e+00 0.000000e+00
-5.626828e-08 0.000000e+00 0.000000e+00
4.795550e-08 0.000000e+00 0.000000e+00
2.852488e-08 0.000000e+00 0.000000e+00
-1.535411e-07 0.000000e+00 0.000000e+00
4.766119e-08 0.000000e+00 0.000000e+00
-1.306384e-08 0.000000e+00 0.000000e+00
-3.388792e-08 0.000000e+00 0.000000e+00
5.578456e-08 0.000000e+00 0.000000e+00
-3.603915e-08 0.000000e+00 0.000000e+00
-1.012163e-08 0.000000e+00 0.000000e+00
4.370155e-08 0.000000e+00 0.000000e+00
-1.254902e-07 0.000000e+00 0.000000e+00
2.494706e-09 0.000000e+00 0.000000e+00
5.152962e-08 0.000000e+00 0.000000e+00
-2.260573e-08 0.000000e+00 0.000000e+00
-1.558614e-08 0.000000e+00 0.000000e+00
-3.331189e-10 0.000000e+00 0.000000e+00
4.825390e-08 0.000000e+00 0.000000e+00
4.759649e-08 0.000000e+00 0.000000e+00
1.887105e-08 0.000000e+00 0.000000e+00
-3.622398e-09 0.000000e+00 0.000000e+00
-5.964055e-08 0.000000e+00 0.000000e+00
-5.979773e-08 0.000000e+00 0.000000e+00
-5.993920e-08 0.000000e+00 0.000000e+00
-6.046446e-08 0.000000e+00 0.000000e+00
-6.013750e-08 0.000000e+00 0.000000e+00
-6.027508e-08 0.000000e+00 0.000000e+00
-6.021333e-08 0.000000e+00 0.000000e+00
-6.040005e-08 0.000000e+00 0.000000e+00
-6.026792e-08 0.000000e+00 0.000000e+00
-6.025677e-08 0.000000e+00 0.000000e+00
-5.994495e-08 0.000000e+00 0.000000e+00
-3.370176e-08 0.000000e+00 0.000000e+00
4.916728e-08 0.000000e+00 0.000000e+00
4.938251e-08 0.000000e+00 0.000000e+00
4.887830e-08 0.000000e+00 0.000000e+00
4.909189e-08 0.000000e+00 0.000000e+00
4.918777e-08 0.000000e+00 0.000000e+00
8.287771e-09 0.000000e+00 0.000000e+00
6.034921e-08 0.000000e+00 0.000000e+00
-9.872420e-08 0.000000e+00 0.000000e+00
-9.358783e-10 0.000000e+00 0.000000e+00
3.126529e-08 0.000000e+00 0.000000e+00
-9.294909e-08 0.000000e+00 0.000000e+00
-5.888485e-09 0.000000e+00 0.000000e+00
1.643012e-08 0.000000e+00 0.000000e+00
6.316205e-08 0.000000e+00 0.000000e+00
6.272313e-08 0.000000e+00 0.000000e+00
-2.019231e-08 0.000000e+00 0.000000e+00
-8.447646e-09 0.000000e+00 0.000000e+00
-5.719042e-08 0.000000e+00 0.000000e+00
3.156606e-08 0.000000e+00 0.000000e+00
1.861894e-08 0.000000e+00 0.000000e+00
2.845709e-08 0.000000e+00 0.000000e+00
3.123689e-08 0.000000e+00 0.000000e+00
3.167380e-08 0.000000e+00 0.000000e+00
2.359958e-08 0.000000e+00 0.000000e+00
4.189212e-08 0.000000e+00 0.000000e+00
4.744374e-08 0.000000e+00 0.000000e+00
4.405338e-08 0.000000e+00 0.000000e+00
5.059907e-08 0.000000e+00 0.000000e+00
4.906470e-08 0.000000e+00 0.000000e+00
4.929686e-08 0.000000e+00 0.000000e+00
2.013171e-07 0.000000e+00 0.000000e+00
-3.937485e-08 0.000000e+00 0.000000e+00
-7.700862e-08 0.000000e+00 0.000000e+00
-7.453667e-08 0.000000e+00 0.000000e+00
5.061093e-08 0.000000e+00 0.000000e+00
5.704167e-08 0.000000e+00 0.000000e+00
-6.155591e-08 0.000000e+00 0.000000e+00
-2.501811e-08 0.000000e+00 0.000000e+00
7.183018e-08 0.000000e+00 0.000000e+00
9.935875e-09 0.000000e+00 0.000000e+00
3.948292e-08 0.000000e+00 0.000000e+00
4.304001e-09 0.000000e+00 0.000000e+00
-3.490218e-08 0.000000e+00 0.000000e+00
4.480992e-08 0.000000e+00 0.000000e+00
4.981775e-08 0.000000e+00 0.000000e+00
-6.279143e-08 0.000000e+00 0.000000e+00
-4.348373e-08 0.000000e+00 0.000000e+00
-5.301950e-08 0.000000e+00 0.000000e+00
1.005801e-07 0.000000e+00 0.000000e+00
2.001957e-08 0.000000e+00 0.000000e+00
2.591389e-08 0.000000e+00 0.000000e+00
1.785060e-07 0.000000e+00 0.000000e+00
-6.891397e-09 0.000000e+00 0.000000e+00
-5.471704e-08 0.000000e+00 0.000000e+00
3.740406e-08 0.000000e+00 0.000000e+00
2.449217e-08 0.000000e+00 0.000000e+00
5.007633e-08 0.000000e+00 0.000000e+00
4.942489e-08 0.000000e+00 0.000000e+00
5.408920e-08 0.000000e+00 0.000000e+00
-1.235955e-07 0.000000e+00 0.000000e+00
2.983599e-08 0.000000e+00 0.000000e+00
3.201815e-08 0.000000e+00 0.000000e+00
-6.322992e-08 0.000000e+00 0.000000e+00
7.421717e-08 0.000000e+00 0.000000e+00
-4.928141e-08 0.000000e+00 0.000000e+00
-3.719690e-08 0.000000e+00 0.000000e+00
-3.625022e-08 0.000000e+00 0.000000e+00
-1.025646e-08 0.000000e+00 0.000000e+00
3.411788e-08 0.000000e+00 0.000000e+00
-5.030741e-08 0.000000e+00 0.000000e+00
3.136707e-08 0.000000e+00 0.000000e+00
1.937503e-08 0.000000e+00 0.000000e+00
-2.535091e-08 0.000000e+00 0.000000e+00
-1.859756e-07 0.000000e+00 0.000000e+00
3.686223e-08 0.000000e+00 0.000000e+00
2.096415e-08 0.000000e+00 0.000000e+00
1.850350e-08 0.000000e+00 0.000000e+00
1.064741e-07 0.000000e+00 0.000000e+00
1.393190e-07 0.000000e+00 0.000000e+00
-4.016637e-08 0.000000e+00 0.000000e+00
-6.210332e-08 0.000000e+00 0.000000e+00
5.754997e-08 0.000000e+00 0.000000e+00
-2.662719e-09 0.000000e+00 0.000000e+00
6.303387e-08 0.000000e+00 0.000000e+00
4.995455e-08 0.000000e+00 0.000000e+00
6.126122e-08 0.000000e+00 0.000000e+00
5.402159e-08 0.000000e+00 0.000000e+00
2.336260e-08 0.000000e+00 0.000000e+00
-1.834248e-08 0.000000e+00 0.000000e+00
-5.146167e-08 0.000000e+00 0.000000e+00
2.849825e-10 0.000000e+00 0.000000e+00
-8.568279e-08 0.000000e+00 0.000000e+00
5.714867e-08 0.000000e+00 0.000000e+00
1.864930e-08 0.000000e+00 0.000000e+00
-3.749704e-08 0.000000e+00 0.000000e+00
-1.939444e-08 0.000000e+00 0.000000e+00
2.290928e-08 0.000000e+00 0.000000e+00
6.237376e-08 0.000000e+00 0.000000e+00
-5.517499e-09 0.000000e+00 0.000000e+00
1.898732e-08 0.000000e+00 0.000000e+00
2.259903e-08 0.000000e+00 0.000000e+00
-3.823885e-08 0.000000e+00 0.000000e+00
2.469340e-08 0.000000e+00 0.000000e+00
5.693480e-08 0.000000e+00 0.000000e+00
1.423259e-08 0.000000e+00 0.000000e+00
4.764580e-08 0.000000e+00 0.000000e+00
1.383873e-07 0.000000e+00 0.000000e+00
-8.820625e-09 0.000000e+00 0.000000e+00
-1.845555e-09 0.000000e+00 0.000000e+00
-2.313608e-08 0.000000e+00 0.000000e+00
-4.085544e-08 0.000000e+00 0.000000e+00
-9.147091e-08 0.000000e+00 0.000000e+00
4.863863e-08 0.000000e+00 0.000000e+00
-1.071418e-07 0.000000e+00 0.000000e+00
-3.611778e-09 0.000000e+00 0.000000e+00
2.639530e-08 0.000000e+00 0.000000e+00
6.505254e-08 0.000000e+00 0.000000e+00
6.327579e-08 0.000000e+00 0.000000e+00
8.106875e-08 0.000000e+00 0.000000e+00
-4.737350e-08 0.000000e+00 0.000000e+00
-6.292260e-08 0.000000e+00 0.000000e+00
-1.547233e-08 0.000000e+00 0.000000e+00
3.175955e-08 0.000000e+00 0.000000e+00
-1.497332e-08 0.000000e+00 0.000000e+00
6.163302e-08 0.000000e+00 0.000000e+00
5.537135e-08 0.000000e+00 0.000000e+00
-4.650496e-08 0.000000e+00 0.000000e+00
-6.098923e-08 0.000000e+00 0.000000e+00
-6.309361e-08 0.000000e+00 0.000000e+00
6.047022e-08 0.000000e+00 0.000000e+00
2.955964e-08 0.000000e+00 0.000000e+00
-5.144948e-08 0.000000e+00 0.000000e+00
7.424570e-08 0.000000e+00 0.000000e+00
-4.074234e-08 0.000000e+00 0.000000e+00
-2.064373e-08 0.000000e+00 0.000000e+00
-4.429823e-08 0.000000e+00 0.000000e+00
6.288828e-08 0.000000e+00 0.000000e+00
3.510725e-08 0.000000e+00 0.000000e+00
1.329299e-08 0.000000e+00 0.000000e+00
2.868568e-08 0.000000e+00 0.000000e+00
-6.063906e-08 0.000000e+00 0.000000e+00
-1.521848e-08 0.000000e+00 0.000000e+00
1.898537e-08 0.000000e+00 0.000000e+00
-4.658528e-08 0.000000e+00 0.000000e+00
-3.059952e-08 0.000000e+00 0.000000e+00
1.932360e-07 0.000000e+00 0.000000e+00
-1.949209e-09 0.000000e+00 0.000000e+00
9.180291e-08 0.000000e+00 0.000000e+00
-1.334690e-08 0.000000e+00 0.000000e+00
9.027417e-08 0.000000e+00 0.000000e+00
-2.859401e-08 0.000000e+00 0.000000e+00
-2.516967e-08 0.000000e+00 0.000000e+00
-2.826229e-08 0.000000e+00 0.000000e+00
-5.859921e-08 0.000000e+00 0.000000e+00
-5.153148e-08 0.000000e+00 0.000000e+00
-1.429504e-08 0.000000e+00 0.000000e+00
-2.084647e-07 0.000000e+00 0.000000e+00
-1.146079e-07 0.000000e+00 0.000000e+00
-4.367299e-08 0.000000e+00 0.000000e+00
-6.321286e-08 0.000000e+00 0.000000e+00
-9.120386e-09 0.000000e+00 0.000000e+00
-1.351554e-09 0.000000e+00 0.000000e+00
6.282297e-08 0.000000e+00 0.000000e+00
6.729209e-08 0.000000e+00 0.000000e+00
6.373214e-08 0.000000e+00 0.000000e+00
-6.048977e-08 0.000000e+00 0.000000e+00
4.452600e-09 0.000000e+00 0.000000e+00
5.893263e-08 0.000000e+00 0.000000e+00
6.116339e-08 0.000000e+00 0.000000e+00
5.275889e-08 0.000000e+00 0.000000e+00
5.261742e-08 0.000000e+00 0.000000e+00
5.225779e-08 0.000000e+00 0.000000e+00
5.165552e-08 0.000000e+00 0.000000e+00
5.282875e-08 0.000000e+00 0.000000e+00
-3.727894e-08 0.000000e+00 0.000000e+00
-4.330997e-08 0.000000e+00 0.000000e+00
4.115704e-08 0.000000e+00 0.000000e+00
4.202719e-08 0.000000e+00 0.000000e+00
4.039214e-08 0.000000e+00 0.000000e+00
-5.893041e-08 0.000000e+00 0.000000e+00
5.194061e-08 0.000000e+00 0.000000e+00
-5.960872e-08 0.000000e+00 0.000000e+00
-5.726007e-08 0.000000e+00 0.000000e+00
8.221814e-09 0.000000e+00 0.000000e+00
3.641908e-08 0.000000e+00 0.000000e+00
4.824304e-08 0.000000e+00 0.000000e+00
1.589771e-08 0.000000e+00 0.000000e+00
-1.669191e-07 0.000000e+00 0.000000e+00
1.662307e-07 0.000000e+00 0.000000e+00
-3.546263e-08 0.000000e+00 0.000000e+00
1.264578e-07 0.000000e+00 0.000000e+00
-4.807669e-08 0.000000e+00 0.000000e+00
-5.943274e-08 0.000000e+00 0.000000e+00
-4.927708e-08 0.000000e+00 0.000000e+00
-6.149262e-08 0.000000e+00 0.000000e+00
1.447997e-07 0.000000e+00 0.000000e+00
-6.316607e-08 0.000000e+00 0.000000e+00
4.858563e-08 0.000000e+00 0.000000e+00
-4.991998e-08 0.000000e+00 0.000000e+00
5.361503e-08 0.000000e+00 0.000000e+00
-5.767586e-08 0.000000e+00 0.000000e+00
-6.322436e-08 0.000000e+00 0.000000e+00
6.093383e-08 0.000000e+00 0.000000e+00
-9.004722e-09 0.000000e+00 0.000000e+00
9.872445e-08 0.000000e+00 0.000000e+00
-3.925967e-08 0.000000e+00 0.000000e+00
-6.295049e-08 0.000000e+00 0.000000e+00
-6.318117e-08 0.000000e+00 0.000000e+00
-5.777550e-08 0.000000e+00 0.000000e+00
1.555104e-07 0.000000e+00 0.000000e+00
1.834141e-07 0.000000e+00 0.000000e+00
-2.781180e-08 0.000000e+00 0.000000e+00
8.821345e-09 0.000000e+00 0.000000e+00
-2.958124e-08 0.000000e+00 0.000000e+00
-5.081787e-08 0.000000e+00 0.000000e+00
-6.273387e-08 0.000000e+00 0.000000e+00
1.175622e-07 0.000000e+00 0.000000e+00
-2.143752e-08 0.000000e+00 0.000000e+00
4.743520e-08 0.000000e+00 0.000000e+00
-2.086908e-08 0.000000e+00 0.000000e+00
1.965476e-08 0.000000e+00 0.000000e+00
6.301792e-08 0.000000e+00 0.000000e+00
4.211936e-08 0.000000e+00 0.000000e+00
-7.380348e-08 0.000000e+00 0.000000e+00
-1.208113e-07 0.000000e+00 0.000000e+00
4.222266e-08 0.000000e+00 0.000000e+00
9.381581e-09 0.000000e+00 0.000000e+00
3.397927e-09 0.000000e+00 0.000000e+00
5.649751e-08 0.000000e+00 0.000000e+00
3.296313e-08 0.000000e+00 0.000000e+00
1.265116e-08 0.000000e+00 0.000000e+00
-2.360937e-08 0.000000e+00 0.000000e+00
-2.111826e-08 0.000000e+00 0.000000e+00
5.935227e-08 0.000000e+00 0.000000e+00
6.306668e-08 0.000000e+00 0.000000e+00
8.407464e-08 0.000000e+00 0.000000e+00
-6.157124e-08 0.000000e+00 0.000000e+00
8.932858e-08 0.000000e+00 0.000000e+00
-5.848590e-08 0.000000e+00 0.000000e+00
-6.006037e-08 0.000000e+00 0.000000e+00
2.493515e-09 0.000000e+00 0.000000e+00
3.045355e-08 0.000000e+00 0.000000e+00
-6.137796e-08 0.000000e+00 0.000000e+00
-7.848354e-09 0.000000e+00 0.000000e+00
3.491170e-08 0.000000e+00 0.000000e+00
3.450744e-08 0.000000e+00 0.000000e+00
3.415058e-08 0.000000e+00 0.000000e+00
2.205885e-08 0.000000e+00 0.000000e+00
-6.125830e-08 0.000000e+00 0.000000e+00
-5.863443e-08 0.000000e+00 0.000000e+00
5.709532e-08 0.000000e+00 0.000000e+00
4.355089e-08 0.000000e+00 0.000000e+00
3.560895e-08 0.000000e+00 0.000000e+00
5.623007e-08 0.000000e+00 0.000000e+00
6.312151e-08 0.000000e+00 0.000000e+00
-1.155456e-07 0.000000e+00 0.000000e+00
6.220080e-08 0.000000e+00 0.000000e+00
1.261916e-08 0.000000e+00 0.000000e+00
-4.965872e-08 0.000000e+00 0.000000e+00
5.876156e-08 0.000000e+00 0.000000e+00
3.309723e-08 0.000000e+00 0.000000e+00
-3.888672e-09 0.000000e+00 0.000000e+00
-1.849723e-07 0.000000e+00 0.000000e+00
4.248999e-08 0.000000e+00 0.000000e+00
-3.759866e-09 0.000000e+00 0.000000e+00
-2.355634e-08 0.000000e+00 0.000000e+00
-1.376143e-08 0.000000e+00 0.000000e+00
-5.980851e-08 0.000000e+00 0.000000e+00
-5.044766e-08 0.000000e+00 0.000000e+00
-8.794374e-09 0.000000e+00 0.000000e+00
-7.499356e-08 0.000000e+00 0.000000e+00
7.094140e-09 0.000000e+00 0.000000e+00
5.068962e-08 0.000000e+00 0.000000e+00
3.961207e-08 0.000000e+00 0.000000e+00
-1.508505e-08 0.000000e+00 0.000000e+00
6.152542e-08 0.000000e+00 0.000000e+00
4.370967e-08 0.000000e+00 0.000000e+00
7.141210e-08 0.000000e+00 0.000000e+00
-1.133548e-08 0.000000e+00 0.000000e+00
-4.111700e-08 0.000000e+00 0.000000e+00
3.274248e-08 0.000000e+00 0.000000e+00
-2.477093e-08 0.000000e+00 0.000000e+00
5.167826e-08 0.000000e+00 0.000000e+00
-6.293088e-08 0.000000e+00 0.000000e+00
2.490472e-08 0.000000e+00 0.000000e+00
-6.198244e-08 0.000000e+00 0.000000e+00
-5.932388e-08 0.000000e+00 0.000000e+00
-1.806101e-08 0.000000e+00 0.000000e+00
1.025518e-07 0.000000e+00 0.000000e+00
5.689986e-08 0.000000e+00 0.000000e+00
-2.761833e-08 0.000000e+00 0.000000e+00
3.482716e-08 0.000000e+00 0.000000e+00
8.083055e-09 0.000000e+00 0.000000e+00
-3.987215e-08 0.000000e+00 0.000000e+00
2.386353e-09 0.000000e+00 0.000000e+00
-5.657793e-08 0.000000e+00 0.000000e+00
-2.422816e-08 0.000000e+00 0.000000e+00
-6.482989e-08 0.000000e+00 0.000000e+00
2.297867e-07 0.000000e+00 0.000000e+00
-4.920996e-08 0.000000e+00 0.000000e+00
6.217764e-08 0.000000e+00 0.000000e+00
-3.344308e-08 0.000000e+00 0.000000e+00
-5.418904e-08 0.000000e+00 0.000000e+00
2.442085e-07 0.000000e+00 0.000000e+00
1.258912e-08 0.000000e+00 0.000000e+00
1.562157e-08 0.000000e+00 0.000000e+00
-5.656624e-08 0.000000e+00 0.000000e+00
1.617763e-08 0.000000e+00 0.000000e+00
6.203770e-08 0.000000e+00 0.000000e+00
-2.310517e-08 0.000000e+00 0.000000e+00
4.881851e-08 0.000000e+00 0.000000e+00
-1.816006e-07 0.000000e+00 0.000000e+00
-8.265340e-08 0.000000e+00 0.000000e+00
5.137397e-08 0.000000e+00 0.000000e+00
-5.472982e-08 0.000000e+00 0.000000e+00
6.305510e-08 0.000000e+00 0.000000e+00
1.101274e-08 0.000000e+00 0.000000e+00
-6.153318e-08 0.000000e+00 0.000000e+00
1.835398e-08 0.000000e+00 0.000000e+00
-4.296554e-08 0.000000e+00 0.000000e+00
9.036443e-08 0.000000e+00 0.000000e+00
3.732101e-09 0.000000e+00 0.000000e+00
5.957914e-08 0.000000e+00 0.000000e+00
2.891170e-08 0.000000e+00 0.000000e+00
-5.689772e-08 0.000000e+00 0.000000e+00
4.572239e-08 0.000000e+00 0.000000e+00
4.453275e-08 0.000000e+00 0.000000e+00
-1.332948e-07 0.000000e+00 0.000000e+00
-9.257845e-08 0.000000e+00 0.000000e+00
-2.406497e-09 0.000000e+00 0.000000e+00
4.300019e-08 0.000000e+00 0.000000e+00
-2.065965e-08 0.000000e+00 0.000000e+00
-6.106992e-08 0.000000e+00 0.000000e+00
-5.378732e-08 0.000000e+00 0.000000e+00
5.504082e-08 0.000000e+00 0.000000e+00
7.642518e-09 0.000000e+00 0.000000e+00
5.680018e-09 0.000000e+00 0.000000e+00
8.452955e-09 0.000000e+00 0.000000e+00
6.340329e-09 0.000000e+00 0.000000e+00
-1.113425e-07 0.000000e+00 0.000000e+00
-5.121673e-08 0.000000e+00 0.000000e+00
3.894401e-08 0.000000e+00 0.000000e+00
2.310287e-08 0.000000e+00 0.000000e+00
-4.397679e-08 0.000000e+00 0.000000e+00
8.960240e-08 0.000000e+00 0.000000e+00
6.232397e-08 0.000000e+00 0.000000e+00
3.118047e-08 0.000000e+00 0.000000e+00
-8.710865e-08 0.000000e+00 0.000000e+00
-7.006093e-09 0.000000e+00 0.000000e+00
5.907789e-08 0.000000e+00 0.000000e+00
-1.054437e-07 0.000000e+00 0.000000e+00
2.341601e-08 0.000000e+00 0.000000e+00
-3.762677e-08 0.000000e+00 0.000000e+00
6.091547e-08 0.000000e+00 0.000000e+00
-6.326077e-08 0.000000e+00 0.000000e+00
-6.282460e-08 0.000000e+00 0.000000e+00
-1.078464e-08 0.000000e+00 0.000000e+00
-4.262389e-09 0.000000e+00 0.000000e+00
6.318565e-08 0.000000e+00 0.000000e+00
-6.303553e-08 0.000000e+00 0.000000e+00
-6.471164e-09 0.000000e+00 0.000000e+00
1.690994e-08 0.000000e+00 0.000000e+00
6.184859e-08 0.000000e+00 0.000000e+00
7.957223e-08 0.000000e+00 0.000000e+00
5.974942e-08 0.000000e+00 0.000000e+00
-4.144370e-08 0.000000e+00 0.000000e+00
-3.339548e-08 0.000000e+00 0.000000e+00
3.043124e-08 0.000000e+00 0.000000e+00
3.894803e-08 0.000000e+00 0.000000e+00
3.114998e-08 0.000000e+00 0.000000e+00
-4.026158e-08 0.000000e+00 0.000000e+00
-6.079841e-08 0.000000e+00 0.000000e+00
6.259486e-08 0.000000e+00 0.000000e+00
-1.181514e-07 0.000000e+00 0.000000e+00
-1.179014e-07 0.000000e+00 0.000000e+00
6.254949e-08 0.000000e+00 0.000000e+00
1.849091e-08 0.000000e+00 0.000000e+00
6.225319e-08 0.000000e+00 0.000000e+00
3.669410e-08 0.000000e+00 0.000000e+00
5.225150e-08 0.000000e+00 0.000000e+00
5.194982e-08 0.000000e+00 0.000000e+00
3.073648e-09 0.000000e+00 0.000000e+00
-1.647637e-08 0.000000e+00 0.000000e+00
1.189508e-07 0.000000e+00 0.000000e+00
-3.982979e-08 0.000000e+00 0.000000e+00
-5.897612e-08 0.000000e+00 0.000000e+00
-1.004229e-08 0.000000e+00 0.000000e+00
6.256332e-08 0.000000e+00 0.000000e+00
4.655354e-08 0.000000e+00 0.000000e+00
2.862062e-08 0.000000e+00 0.000000e+00
3.633862e-08 0.000000e+00 0.000000e+00
5.709567e-08 0.000000e+00 0.000000e+00
5.270577e-08 0.000000e+00 0.000000e+00
5.253991e-08 0.000000e+00 0.000000e+00
5.237411e-08 0.000000e+00 0.000000e+00
5.251640e-08 0.000000e+00 0.000000e+00
4.266289e-08 0.000000e+00 0.000000e+00
-1.843416e-08 0.000000e+00 0.000000e+00
1.765175e-07 0.000000e+00 0.000000e+00
8.317159e-08 0.000000e+00 0.000000e+00
-1.924458e-09 0.000000e+00 0.000000e+00
4.434528e-08 0.000000e+00 0.000000e+00
-2.464111e-08 0.000000e+00 0.000000e+00
3.748572e-08 0.000000e+00 0.000000e+00
6.151265e-08 0.000000e+00 0.000000e+00
-4.764348e-08 0.000000e+00 0.000000e+00
3.168548e-08 0.000000e+00 0.000000e+00
-5.616278e-08 0.000000e+00 0.000000e+00
-3.450000e-08 0.000000e+00 0.000000e+00
6.475323e-08 0.000000e+00 0.000000e+00
-6.480047e-09 0.000000e+00 0.000000e+00
-5.539476e-08 0.000000e+00 0.000000e+00
2.899736e-08 0.000000e+00 0.000000e+00
5.949846e-08 0.000000e+00 0.000000e+00
-6.028744e-08 0.000000e+00 0.000000e+00
8.887149e-09 0.000000e+00 0.000000e+00
-1.315182e-08 0.000000e+00 0.000000e+00
-7.117414e-08 0.000000e+00 0.000000e+00
-8.534215e-08 0.000000e+00 0.000000e+00
-1.964707e-08 0.000000e+00 0.000000e+00
1.998280e-08 0.000000e+00 0.000000e+00
-6.692069e-08 0.000000e+00 0.000000e+00
2.256988e-08 0.000000e+00 0.000000e+00
1.308597e-07 0.000000e+00 0.000000e+00
7.016286e-08 0.000000e+00 0.000000e+00
-5.592269e-08 0.000000e+00 0.000000e+00
-6.311655e-08 0.000000e+00 0.000000e+00
3.192695e-08 0.000000e+00 0.000000e+00
-7.076921e-08 0.000000e+00 0.000000e+00
5.181699e-08 0.000000e+00 0.000000e+00
-7.658293e-08 0.000000e+00 0.000000e+00
5.567947e-08 0.000000e+00 0.000000e+00
2.500654e-08 0.000000e+00 0.000000e+00
6.317103e-08 0.000000e+00 0.000000e+00
6.275747e-08 0.000000e+00 0.000000e+00
-1.727920e-09 0.000000e+00 0.000000e+00
-5.482563e-08 0.000000e+00 0.000000e+00
5.789967e-08 0.000000e+00 0.000000e+00
-7.469476e-09 0.000000e+00 0.000000e+00
-2.269853e-08 0.000000e+00 0.000000e+00
-2.080284e-08 0.000000e+00 0.000000e+00
-4.590747e-08 0.000000e+00 0.000000e+00
5.280108e-08 0.000000e+00 0.000000e+00
6.310925e-08 0.000000e+00 0.000000e+00
3.418316e-08 0.000000e+00 0.000000e+00
-1.542308e-08 0.000000e+00 0.000000e+00
4.084173e-08 0.000000e+00 0.000000e+00
5.480510e-08 0.000000e+00 0.000000e+00
-7.670611e-08 0.000000e+00 0.000000e+00
6.299408e-08 0.000000e+00 0.000000e+00
6.173942e-08 0.000000e+00 0.000000e+00
5.573800e-08 0.000000e+00 0.000000e+00
3.125558e-08 0.000000e+00 0.000000e+00
-4.512619e-08 0.000000e+00 0.000000e+00
-3.889042e-08 0.000000e+00 0.000000e+00
4.644580e-08 0.000000e+00 0.000000e+00
-1.183217e-09 0.000000e+00 0.000000e+00
-5.016671e-08 0.000000e+00 0.000000e+00
6.151766e-08 0.000000e+00 0.000000e+00
-1.644818e-08 0.000000e+00 0.000000e+00
-1.521193e-08 0.000000e+00 0.000000e+00
8.248133e-08 0.000000e+00 0.000000e+00
2.710132e-08 0.000000e+00 0.000000e+00
-1.132250e-08 0.000000e+00 0.000000e+00
-1.200993e-07 0.000000e+00 0.000000e+00
-5.956401e-08 0.000000e+00 0.000000e+00
-1.344779e-07 0.000000e+00 0.000000e+00
8.704928e-08 0.000000e+00 0.000000e+00
3.963015e-08 0.000000e+00 0.000000e+00
-6.037480e-08 0.000000e+00 0.000000e+00
-5.506924e-08 0.000000e+00 0.000000e+00
-2.136289e-08 0.000000e+00 0.000000e+00
3.505373e-08 0.000000e+00 0.000000e+00
-1.349121e-07 0.000000e+00 0.000000e+00
-6.273825e-08 0.000000e+00 0.000000e+00
-2.815270e-08 0.000000e+00 0.000000e+00
-2.143881e-08 0.000000e+00 0.000000e+00
2.567401e-08 0.000000e+00 0.000000e+00
-4.587218e-08 0.000000e+00 0.000000e+00
-5.925143e-08 0.000000e+00 0.000000e+00
3.915144e-08 0.000000e+00 0.000000e+00
-6.215220e-08 0.000000e+00 0.000000e+00
-6.300116e-08 0.000000e+00 0.000000e+00
-4.342763e-10 0.000000e+00 0.000000e+00
2.497873e-08 0.000000e+00 0.000000e+00
-2.195671e-08 0.000000e+00 0.000000e+00
-3.912511e-08 0.000000e+00 0.000000e+00
-7.514657e-08 0.000000e+00 0.000000e+00
3.660768e-08 0.000000e+00 0.000000e+00
2.606272e-07 0.000000e+00 0.000000e+00
3.288104e-08 0.000000e+00 0.000000e+00
-1.024496e-08 0.000000e+00 0.000000e+00
4.091065e-08 0.000000e+00 0.000000e+00
6.236676e-08 0.000000e+00 0.000000e+00
-4.736506e-08 0.000000e+00 0.000000e+00
-4.261925e-08 0.000000e+00 0.000000e+00
-1.570705e-07 0.000000e+00 0.000000e+00
-6.099535e-08 0.000000e+00 0.000000e+00
4.349208e-08 0.000000e+00 0.000000e+00
-1.897875e-07 0.000000e+00 0.000000e+00
4.977907e-08 0.000000e+00 0.000000e+00
1.267734e-07 0.000000e+00 0.000000e+00
2.379079e-08 0.000000e+00 0.000000e+00
-7.882720e-08 0.000000e+00 0.000000e+00
6.291006e-08 0.000000e+00 0.000000e+00
-4.200031e-08 0.000000e+00 0.000000e+00
-5.362422e-08 0.000000e+00 0.000000e+00
6.308218e-08 0.000000e+00 0.000000e+00
-1.614230e-08 0.000000e+00 0.000000e+00
-5.358359e-08 0.000000e+00 0.000000e+00
-2.542307e-08 0.000000e+00 0.000000e+00
3.878350e-08 0.000000e+00 0.000000e+00
-3.967132e-08 0.000000e+00 0.000000e+00
-3.058616e-08 0.000000e+00 0.000000e+00
2.044457e-08 0.000000e+00 0.000000e+00
-1.485371e-08 0.000000e+00 0.000000e+00
6.251520e-08 0.000000e+00 0.000000e+00
5.876816e-08 0.000000e+00 0.000000e+00
-1.098997e-08 0.000000e+00 0.000000e+00
-8.589129e-08 0.000000e+00 0.000000e+00
2.937309e-08 0.000000e+00 0.000000e+00
-9.689921e-08 0.000000e+00 0.000000e+00
-3.812305e-08 0.000000e+00 0.000000e+00
3.794150e-08 0.000000e+00 0.000000e+00
6.022447e-08 0.000000e+00 0.000000e+00
-4.767291e-08 0.000000e+00 0.000000e+00
-5.860464e-08 0.000000e+00 0.000000e+00
-6.327380e-08 0.000000e+00 0.000000e+00
3.399128e-08 0.000000e+00 0.000000e+00
6.071234e-08 0.000000e+00 0.000000e+00
-1.493399e-08 0.000000e+00 0.000000e+00
4.962762e-08 0.000000e+00 0.000000e+00
-6.277780e-08 0.000000e+00 0.000000e+00
7.226358e-08 0.000000e+00 0.000000e+00
-3.110807e-08 0.000000e+00 0.000000e+00
2.296593e-08 0.000000e+00 0.000000e+00
4.057110e-08 0.000000e+00 0.000000e+00
5.763049e-08 0.000000e+00 0.000000e+00
6.167493e-08 0.000000e+00 0.000000e+00
-8.759505e-09 0.000000e+00 0.000000e+00
-3.896014e-08 0.000000e+00 0.000000e+00
-5.677098e-09 0.000000e+00 0.000000e+00
1.609449e-07 0.000000e+00 0.000000e+00
-6.301759e-08 0.000000e+00 0.000000e+00
1.203535e-08 0.000000e+00 0.000000e+00
-2.564110e-08 0.000000e+00 0.000000e+00
6.223222e-08 0.000000e+00 0.000000e+00
-5.716058e-08 0.000000e+00 0.000000e+00
-1.001820e-07 0.000000e+00 0.000000e+00
-1.747234e-08 0.000000e+00 0.000000e+00
5.894869e-08 0.000000e+00 0.000000e+00
-2.406459e-08 0.000000e+00 0.000000e+00
3.512943e-08 0.000000e+00 0.000000e+00
-3.903036e-08 0.000000e+00 0.000000e+00
2.954740e-07 0.000000e+00 0.000000e+00
5.128016e-09 0.000000e+00 0.000000e+00
3.088834e-08 0.000000e+00 0.000000e+00
5.070683e-08 0.000000e+00 0.000000e+00
-6.313984e-08 0.000000e+00 0.000000e+00
4.717887e-08 0.000000e+00 0.000000e+00
-2.228545e-08 0.000000e+00 0.000000e+00
1.721186e-09 0.000000e+00 0.000000e+00
-1.138148e-07 0.000000e+00 0.000000e+00
5.582606e-08 0.000000e+00 0.000000e+00
-1.862191e-08 0.000000e+00 0.000000e+00
4.798798e-08 0.000000e+00 0.000000e+00
-1.218836e-08 0.000000e+00 0.000000e+00
-2.283389e-09 0.000000e+00 0.000000e+00
1.012476e-07 0.000000e+00 0.000000e+00
2.529845e-08 0.000000e+00 0.000000e+00
1.115937e-08 0.000000e+00 0.000000e+00
4.158879e-08 0.000000e+00 0.000000e+00
-7.566802e-08 0.000000e+00 0.000000e+00
7.183589e-09 0.000000e+00 0.000000e+00
1.229550e-07 0.000000e+00 0.000000e+00
2.656197e-08 0.000000e+00 0.000000e+00
-1.986973e-08 0.000000e+00 0.000000e+00
2.850706e-08 0.000000e+00 0.000000e+00
-5.651619e-08 0.000000e+00 0.000000e+00
-6.545255e-08 0.000000e+00 0.000000e+00
1.363245e-07 0.000000e+00 0.000000e+00
-2.657758e-08 0.000000e+00 0.000000e+00
-6.048930e-08 0.000000e+00 0.000000e+00
-6.022593e-08 0.000000e+00 0.000000e+00
-6.033463e-08 0.000000e+00 0.000000e+00
-6.045111e-08 0.000000e+00 0.000000e+00
-6.096407e-08 0.000000e+00 0.000000e+00
-6.072367e-08 0.000000e+00 0.000000e+00
-5.196233e-08 0.000000e+00 0.000000e+00
-6.327579e-08 0.000000e+00 0.000000e+00
-1.768400e-07 0.000000e+00 0.000000e+00
-3.849412e-08 0.000000e+00 0.000000e+00
-2.119445e-08 0.000000e+00 0.000000e+00
-6.005149e-08 0.000000e+00 0.000000e+00
-2.955580e-08 0.000000e+00 0.000000e+00
-4.550879e-09 0.000000e+00 0.000000e+00
3.988993e-09 0.000000e+00 0.000000e+00
2.124203e-07 0.000000e+00 0.000000e+00
5.375945e-08 0.000000e+00 0.000000e+00
-1.569321e-07 0.000000e+00 0.000000e+00
-3.662028e-08 0.000000e+00 0.000000e+00
-3.908316e-08 0.000000e+00 0.000000e+00
-1.448015e-07 0.000000e+00 0.000000e+00
-2.445761e-08 0.000000e+00 0.000000e+00
-6.034567e-08 0.000000e+00 0.000000e+00
-2.839270e-08 0.000000e+00 0.000000e+00
1.368571e-08 0.000000e+00 0.000000e+00
-1.702246e-08 0.000000e+00 0.000000e+00
-1.140764e-07 0.000000e+00 0.000000e+00
-1.003507e-07 0.000000e+00 0.000000e+00
1.833188e-08 0.000000e+00 0.000000e+00
2.451985e-08 0.000000e+00 0.000000e+00
-3.505776e-08 0.000000e+00 0.000000e+00
4.658157e-08 0.000000e+00 0.000000e+00
3.432401e-08 0.000000e+00 0.000000e+00
2.715301e-08 0.000000e+00 0.000000e+00
1.231705e-07 0.000000e+00 0.000000e+00
-5.818470e-08 0.000000e+00 0.000000e+00
2.620936e-08 0.000000e+00 0.000000e+00
2.652105e-08 0.000000e+00 0.000000e+00
5.744704e-08 0.000000e+00 0.000000e+00
-9.237045e-08 0.000000e+00 0.000000e+00
-1.590592e-08 0.000000e+00 0.000000e+00
3.638961e-08 0.000000e+00 0.000000e+00
-2.100218e-08 0.000000e+00 0.000000e+00
5.228611e-08 0.000000e+00 0.000000e+00
-3.007764e-08 0.000000e+00 0.000000e+00
3.007443e-08 0.000000e+00 0.000000e+00
4.147893e-08 0.000000e+00 0.000000e+00
5.112954e-08 0.000000e+00 0.000000e+00
6.123570e-09 0.000000e+00 0.000000e+00
5.956702e-08 0.000000e+00 0.000000e+00
-9.820082e-09 0.000000e+00 0.000000e+00
-4.358569e-08 0.000000e+00 0.000000e+00
4.459614e-08 0.000000e+00 0.000000e+00
-5.776483e-08 0.000000e+00 0.000000e+00
-1.502386e-07 0.000000e+00 0.000000e+00
1.689062e-07 0.000000e+00 0.000000e+00
6.025786e-08 0.000000e+00 0.000000e+00
-8.971409e-08 0.000000e+00 0.000000e+00
-6.725918e-08 0.000000e+00 0.000000e+00
-4.687941e-08 0.000000e+00 0.000000e+00
-5.516877e-08 0.000000e+00 0.000000e+00
1.981118e-08 0.000000e+00 0.000000e+00
6.230952e-08 0.000000e+00 0.000000e+00
-9.983651e-08 0.000000e+00 0.000000e+00
3.902135e-08 0.000000e+00 0.000000e+00
3.077395e-08 0.000000e+00 0.000000e+00
3.154281e-08 0.000000e+00 0.000000e+00
3.531682e-09 0.000000e+00 0.000000e+00
2.425002e-07 0.000000e+00 0.000000e+00
-2.126002e-08 0.000000e+00 0.000000e+00
-2.004200e-08 0.000000e+00 0.000000e+00
-3.873893e-09 0.000000e+00 0.000000e+00
3.964986e-08 0.000000e+00 0.000000e+00
2.277430e-08 0.000000e+00 0.000000e+00
1.532146e-08 0.000000e+00 0.000000e+00
9.072041e-08 0.000000e+00 0.000000e+00
-2.815518e-08 0.000000e+00 0.000000e+00
-2.897461e-08 0.000000e+00 0.000000e+00
-3.440149e-08 0.000000e+00 0.000000e+00
-8.906000e-08 0.000000e+00 0.000000e+00
-1.784496e-07 0.000000e+00 0.000000e+00
-3.030529e-08 0.000000e+00 0.000000e+00
-1.420821e-08 0.000000e+00 0.000000e+00
1.105968e-08 0.000000e+00 0.000000e+00
-2.870531e-08 0.000000e+00 0.000000e+00
-3.972499e-08 0.000000e+00 0.000000e+00
-5.038087e-08 0.000000e+00 0.000000e+00
3.004026e-08 0.000000e+00 0.000000e+00
-6.318342e-10 0.000000e+00 0.000000e+00
4.533388e-08 0.000000e+00 0.000000e+00
6.858531e-08 0.000000e+00 0.000000e+00
5.865905e-08 0.000000e+00 0.000000e+00
7.714722e-08 0.000000e+00 0.000000e+00
4.061231e-09 0.000000e+00 0.000000e+00
5.242993e-08 0.000000e+00 0.000000e+00
-6.319207e-08 0.000000e+00 0.000000e+00
-2.624036e-08 0.000000e+00 0.000000e+00
-2.417624e-08 0.000000e+00 0.000000e+00
-2.432576e-08 0.000000e+00 0.000000e+00
-2.505495e-08 0.000000e+00 0.000000e+00
2.893110e-08 0.000000e+00 0.000000e+00
4.546940e-08 0.000000e+00 0.000000e+00
-6.741822e-08 0.000000e+00 0.000000e+00
-1.283727e-07 0.000000e+00 0.000000e+00
-1.439912e-08 0.000000e+00 0.000000e+00
-4.206738e-08 0.000000e+00 0.000000e+00
-1.327206e-08 0.000000e+00 0.000000e+00
3.603426e-08 0.000000e+00 0.000000e+00
3.512541e-08 0.000000e+00 0.000000e+00
5.263593e-08 0.000000e+00 0.000000e+00
-2.197247e-08 0.000000e+00 0.000000e+00
-9.060539e-08 0.000000e+00 0.000000e+00
1.688181e-07 0.000000e+00 0.000000e+00
4.884200e-08 0.000000e+00 0.000000e+00
5.433262e-08 0.000000e+00 0.000000e+00
-4.516277e-08 0.000000e+00 0.000000e+00
4.787049e-08 0.000000e+00 0.000000e+00
-4.098088e-08 0.000000e+00 0.000000e+00
6.310615e-08 0.000000e+00 0.000000e+00
3.664800e-08 0.000000e+00 0.000000e+00
-1.564922e-07 0.000000e+00 0.000000e+00
-5.590662e-08 0.000000e+00 0.000000e+00
-1.121378e-09 0.000000e+00 0.000000e+00
-1.092578e-08 0.000000e+00 0.000000e+00
6.179249e-08 0.000000e+00 0.000000e+00
-3.070281e-08 0.000000e+00 0.000000e+00
7.144586e-08 0.000000e+00 0.000000e+00
-6.273308e-08 0.000000e+00 0.000000e+00
1.102146e-09 0.000000e+00 0.000000e+00
1.176011e-07 0.000000e+00 0.000000e+00
-5.980743e-08 0.000000e+00 0.000000e+00
-6.327732e-08 0.000000e+00 0.000000e+00
-6.325331e-08 0.000000e+00 0.000000e+00
-6.301371e-08 0.000000e+00 0.000000e+00
-4.633513e-08 0.000000e+00 0.000000e+00
-6.245049e-08 0.000000e+00 0.000000e+00
-3.631700e-08 0.000000e+00 0.000000e+00
6.326652e-08 0.000000e+00 0.000000e+00
8.591399e-08 0.000000e+00 0.000000e+00
1.749287e-07 0.000000e+00 0.000000e+00
-4.772927e-08 0.000000e+00 0.000000e+00
-1.803021e-07 0.000000e+00 0.000000e+00
-1.355439e-07 0.000000e+00 0.000000e+00
-3.961411e-08 0.000000e+00 0.000000e+00
-3.963239e-08 0.000000e+00 0.000000e+00
-2.494297e-08 0.000000e+00 0.000000e+00
-4.524677e-08 0.000000e+00 0.000000e+00
-2.053716e-07 0.000000e+00 0.000000e+00
2.085425e-07 0.000000e+00 0.000000e+00
5.226158e-08 0.000000e+00 0.000000e+00
2.781091e-07 0.000000e+00 0.000000e+00
-5.913275e-08 0.000000e+00 0.000000e+00
-5.645266e-08 0.000000e+00 0.000000e+00
6.253640e-08 0.000000e+00 0.000000e+00
-1.585708e-08 0.000000e+00 0.000000e+00
-4.396883e-08 0.000000e+00 0.000000e+00
3.383737e-08 0.000000e+00 0.000000e+00
8.431993e-08 0.000000e+00 0.000000e+00
6.058435e-08 0.000000e+00 0.000000e+00
5.125366e-08 0.000000e+00 0.000000e+00
3.236200e-08 0.000000e+00 0.000000e+00
-4.403228e-08 0.000000e+00 0.000000e+00
1.028927e-07 0.000000e+00 0.000000e+00
1.679881e-08 0.000000e+00 0.000000e+00
-1.026740e-07 0.000000e+00 0.000000e+00
-2.754782e-08 0.000000e+00 0.000000e+00
3.668491e-08 0.000000e+00 0.000000e+00
-5.660422e-08 0.000000e+00 0.000000e+00
-5.154487e-08 0.000000e+00 0.000000e+00
1.532951e-08 0.000000e+00 0.000000e+00
-3.933749e-08 0.000000e+00 0.000000e+00
-3.649442e-08 0.000000e+00 0.000000e+00
4.600921e-08 0.000000e+00 0.000000e+00
-1.610225e-08 0.000000e+00 0.000000e+00
-3.129996e-08 0.000000e+00 0.000000e+00
-1.342556e-07 0.000000e+00 0.000000e+00
-1.459423e-08 0.000000e+00 0.000000e+00
1.036308e-08 0.000000e+00 0.000000e+00
-6.323417e-08 0.000000e+00 0.000000e+00
6.118618e-08 0.000000e+00 0.000000e+00
4.497547e-08 0.000000e+00 0.000000e+00
-3.264084e-08 0.000000e+00 0.000000e+00
-5.968291e-08 0.000000e+00 0.000000e+00
-3.763259e-08 0.000000e+00 0.000000e+00
-6.294750e-08 0.000000e+00 0.000000e+00
9.145557e-10 0.000000e+00 0.000000e+00
9.891071e-08 0.000000e+00 0.000000e+00
-5.726915e-08 0.000000e+00 0.000000e+00
4.565449e-08 0.000000e+00 0.000000e+00
-6.226698e-08 0.000000e+00 0.000000e+00
1.450837e-07 0.000000e+00 0.000000e+00
-6.162065e-08 0.000000e+00 0.000000e+00
-1.661478e-07 0.000000e+00 0.000000e+00
-6.029641e-08 0.000000e+00 0.000000e+00
5.343172e-08 0.000000e+00 0.000000e+00
-6.014282e-08 0.000000e+00 0.000000e+00
-3.257722e-08 0.000000e+00 0.000000e+00
3.796636e-08 0.000000e+00 0.000000e+00
-6.321372e-08 0.000000e+00 0.000000e+00
-6.112748e-08 0.000000e+00 0.000000e+00
2.829460e-08 0.000000e+00 0.000000e+00
-5.681941e-08 0.000000e+00 0.000000e+00
4.072708e-09 0.000000e+00 0.000000e+00
-9.216492e-08 0.000000e+00 0.000000e+00
1.374244e-08 0.000000e+00 0.000000e+00
8.033449e-08 0.000000e+00 0.000000e+00
8.870323e-08 0.000000e+00 0.000000e+00
4.596640e-08 0.000000e+00 0.000000e+00
-5.470177e-08 0.000000e+00 0.000000e+00
-1.217687e-08 0.000000e+00 0.000000e+00
-1.950167e-08 0.000000e+00 0.000000e+00
-4.186733e-08 0.000000e+00 0.000000e+00
-3.326584e-08 0.000000e+00 0.000000e+00
-2.939724e-08 0.000000e+00 0.000000e+00
3.797426e-08 0.000000e+00 0.000000e+00
-1.334260e-07 0.000000e+00 0.000000e+00
-2.297888e-08 0.000000e+00 0.000000e+00
2.589740e-08 0.000000e+00 0.000000e+00
4.301678e-09 0.000000e+00 0.000000e+00
1.426444e-07 0.000000e+00 0.000000e+00
-5.851927e-08 0.000000e+00 0.000000e+00
-6.313652e-08 0.000000e+00 0.000000e+00
1.517431e-08 0.000000e+00 0.000000e+00
1.700840e-08 0.000000e+00 0.000000e+00
6.305718e-08 0.000000e+00 0.000000e+00
-6.255403e-08 0.000000e+00 0.000000e+00
-3.701647e-09 0.000000e+00 0.000000e+00
-3.032937e-08 0.000000e+00 0.000000e+00
-6.320910e-08 0.000000e+00 0.000000e+00
3.049456e-08 0.000000e+00 0.000000e+00
-6.200309e-08 0.000000e+00 0.000000e+00
-1.767993e-07 0.000000e+00 0.000000e+00
6.110346e-08 0.000000e+00 0.000000e+00
-6.326315e-08 0.000000e+00 0.000000e+00
3.271136e-08 0.000000e+00 0.000000e+00
3.602822e-08 0.000000e+00 0.000000e+00
4.028048e-08 0.000000e+00 0.000000e+00
-3.021390e-08 0.000000e+00 0.000000e+00
-2.790311e-08 0.000000e+00 0.000000e+00
8.418503e-08 0.000000e+00 0.000000e+00
-3.734139e-08 0.000000e+00 0.000000e+00
-2.192767e-08 0.000000e+00 0.000000e+00
-2.058348e-08 0.000000e+00 0.000000e+00
-4.812414e-08 0.000000e+00 0.000000e+00
5.882383e-08 0.000000e+00 0.000000e+00
-4.627004e-08 0.000000e+00 0.000000e+00
-9.255464e-09 0.000000e+00 0.000000e+00
-5.236582e-08 0.000000e+00 0.000000e+00
-3.624592e-08 0.000000e+00 0.000000e+00
-6.282123e-08 0.000000e+00 0.000000e+00
-1.823683e-07 0.000000e+00 0.000000e+00
5.434875e-08 0.000000e+00 0.000000e+00
1.091191e-08 0.000000e+00 0.000000e+00
-1.405806e-08 0.000000e+00 0.000000e+00
-9.158879e-08 0.000000e+00 0.000000e+00
-5.749949e-08 0.000000e+00 0.000000e+00
-5.303618e-08 0.000000e+00 0.000000e+00
5.569228e-08 0.000000e+00 0.000000e+00
5.410383e-08 0.000000e+00 0.000000e+00
5.089227e-08 0.000000e+00 0.000000e+00
5.035996e-08 0.000000e+00 0.000000e+00
-2.907722e-07 0.000000e+00 0.000000e+00
3.248749e-08 0.000000e+00 0.000000e+00
3.271316e-08 0.000000e+00 0.000000e+00
3.231318e-08 0.000000e+00 0.000000e+00
3.182687e-08 0.000000e+00 0.000000e+00
3.254701e-08 0.000000e+00 0.000000e+00
3.268612e-08 0.000000e+00 0.000000e+00
3.273414e-08 0.000000e+00 0.000000e+00
3.248720e-08 0.000000e+00 0.000000e+00
3.260920e-08 0.000000e+00 0.000000e+00
3.262323e-08 0.000000e+00 0.000000e+00
3.247693e-08 0.000000e+00 0.000000e+00
3.218355e-08 0.000000e+00 0.000000e+00
6.294373e-08 0.000000e+00 0.000000e+00
-1.028772e-07 0.000000e+00 0.000000e+00
3.386457e-08 0.000000e+00 0.000000e+00
-3.132704e-08 0.000000e+00 0.000000e+00
-2.851352e-08 0.000000e+00 0.000000e+00
4.038734e-08 0.000000e+00 0.000000e+00
-2.817504e-08 0.000000e+00 0.000000e+00
-4.050726e-08 0.000000e+00 0.000000e+00
2.092411e-07 0.000000e+00 0.000000e+00
-5.458254e-08 0.000000e+00 0.000000e+00
-2.820832e-08 0.000000e+00 0.000000e+00
-2.616376e-08 0.000000e+00 0.000000e+00
-1.213106e-07 0.000000e+00 0.000000e+00
-1.800930e-07 0.000000e+00 0.000000e+00
1.634580e-08 0.000000e+00 0.000000e+00
3.292499e-08 0.000000e+00 0.000000e+00
-9.542688e-09 0.000000e+00 0.000000e+00
5.294898e-08 0.000000e+00 0.000000e+00
-5.578115e-08 0.000000e+00 0.000000e+00
-1.042906e-08 0.000000e+00 0.000000e+00
-4.496972e-08 0.000000e+00 0.000000e+00
5.026352e-08 0.000000e+00 0.000000e+00
5.402938e-08 0.000000e+00 0.000000e+00
-3.020839e-08 0.000000e+00 0.000000e+00
-8.544971e-08 0.000000e+00 0.000000e+00
-5.436284e-08 0.000000e+00 0.000000e+00
5.322627e-08 0.000000e+00 0.000000e+00
4.906020e-08 0.000000e+00 0.000000e+00
2.334130e-08 0.000000e+00 0.000000e+00
-1.291219e-07 0.000000e+00 0.000000e+00
-2.798199e-08 0.000000e+00 0.000000e+00
5.347597e-08 0.000000e+00 0.000000e+00
6.079757e-09 0.000000e+00 0.000000e+00
5.532408e-09 0.000000e+00 0.000000e+00
3.376627e-08 0.000000e+00 0.000000e+00
3.156673e-07 0.000000e+00 0.000000e+00
-6.051347e-08 0.000000e+00 0.000000e+00
4.149465e-08 0.000000e+00 0.000000e+00
-5.375407e-08 0.000000e+00 0.000000e+00
5.293783e-08 0.000000e+00 0.000000e+00
5.276310e-08 0.000000e+00 0.000000e+00
5.282303e-08 0.000000e+00 0.000000e+00
5.292987e-08 0.000000e+00 0.000000e+00
1.078722e-08 0.000000e+00 0.000000e+00
4.485602e-08 0.000000e+00 0.000000e+00
-2.252712e-08 0.000000e+00 0.000000e+00
-1.283004e-07 0.000000e+00 0.000000e+00
6.567970e-09 0.000000e+00 0.000000e+00
-8.313745e-08 0.000000e+00 0.000000e+00
-6.138481e-08 0.000000e+00 0.000000e+00
3.932826e-08 0.000000e+00 0.000000e+00
5.154772e-08 0.000000e+00 0.000000e+00
-4.127601e-08 0.000000e+00 0.000000e+00
4.995416e-08 0.000000e+00 0.000000e+00
6.325040e-08 0.000000e+00 0.000000e+00
2.032153e-08 0.000000e+00 0.000000e+00
2.415200e-08 0.000000e+00 0.000000e+00
6.272384e-08 0.000000e+00 0.000000e+00
5.105928e-08 0.000000e+00 0.000000e+00
-7.541929e-08 0.000000e+00 0.000000e+00
2.676967e-08 0.000000e+00 0.000000e+00
6.215354e-09 0.000000e+00 0.000000e+00
-6.129342e-08 0.000000e+00 0.000000e+00
-2.461409e-08 0.000000e+00 0.000000e+00
3.783272e-08 0.000000e+00 0.000000e+00
4.504834e-08 0.000000e+00 0.000000e+00
9.718341e-09 0.000000e+00 0.000000e+00
3.749186e-08 0.000000e+00 0.000000e+00
-2.511880e-08 0.000000e+00 0.000000e+00
-7.416850e-08 0.000000e+00 0.000000e+00
-2.534898e-08 0.000000e+00 0.000000e+00
-4.779503e-08 0.000000e+00 0.000000e+00
6.311186e-08 0.000000e+00 0.000000e+00
-1.052772e-07 0.000000e+00 0.000000e+00
6.313261e-08 0.000000e+00 0.000000e+00
6.309835e-08 0.000000e+00 0.000000e+00
4.773419e-08 0.000000e+00 0.000000e+00
4.408012e-08 0.000000e+00 0.000000e+00
-5.132445e-09 0.000000e+00 0.000000e+00
3.182032e-08 0.000000e+00 0.000000e+00
3.107686e-08 0.000000e+00 0.000000e+00
3.153927e-08 0.000000e+00 0.000000e+00
3.144143e-08 0.000000e+00 0.000000e+00
4.894502e-08 0.000000e+00 0.000000e+00
-5.631061e-08 0.000000e+00 0.000000e+00
-1.275607e-08 0.000000e+00 0.000000e+00
1.480744e-07 0.000000e+00 0.000000e+00
4.017503e-08 0.000000e+00 0.000000e+00
-3.692548e-08 0.000000e+00 0.000000e+00
-1.872457e-09 0.000000e+00 0.000000e+00
-2.618265e-08 0.000000e+00 0.000000e+00
2.202277e-08 0.000000e+00 0.000000e+00
-3.450666e-08 0.000000e+00 0.000000e+00
5.522609e-08 0.000000e+00 0.000000e+00
6.303085e-08 0.000000e+00 0.000000e+00
5.629700e-08 0.000000e+00 0.000000e+00
5.794003e-08 0.000000e+00 0.000000e+00
3.591132e-08 0.000000e+00 0.000000e+00
-5.732807e-08 0.000000e+00 0.000000e+00
2.235918e-09 0.000000e+00 0.000000e+00
-2.758670e-09 0.000000e+00 0.000000e+00
2.892848e-08 0.000000e+00 0.000000e+00
2.924446e-08 0.000000e+00 0.000000e+00
2.912558e-08 0.000000e+00 0.000000e+00
2.862816e-08 0.000000e+00 0.000000e+00
2.980475e-08 0.000000e+00 0.000000e+00
3.388334e-08 0.000000e+00 0.000000e+00
6.095613e-08 0.000000e+00 0.000000e+00
-6.053589e-08 0.000000e+00 0.000000e+00
2.773140e-08 0.000000e+00 0.000000e+00
2.821773e-08 0.000000e+00 0.000000e+00
7.028045e-08 0.000000e+00 0.000000e+00
-3.384780e-08 0.000000e+00 0.000000e+00
5.621948e-08 0.000000e+00 0.000000e+00
3.170719e-08 0.000000e+00 0.000000e+00
5.687808e-08 0.000000e+00 0.000000e+00
3.717538e-08 0.000000e+00 0.000000e+00
-3.407847e-08 0.000000e+00 0.000000e+00
6.295407e-08 0.000000e+00 0.000000e+00
-1.751275e-07 0.000000e+00 0.000000e+00
-5.665397e-08 0.000000e+00 0.000000e+00
6.156724e-08 0.000000e+00 0.000000e+00
-3.410618e-08 0.000000e+00 0.000000e+00
-1.322955e-08 0.000000e+00 0.000000e+00
1.947436e-08 0.000000e+00 0.000000e+00
-5.336318e-08 0.000000e+00 0.000000e+00
6.233057e-08 0.000000e+00 0.000000e+00
-6.239053e-08 0.000000e+00 0.000000e+00
1.850938e-08 0.000000e+00 0.000000e+00
5.962827e-08 0.000000e+00 0.000000e+00
-4.087524e-08 0.000000e+00 0.000000e+00
1.384543e-07 0.000000e+00 0.000000e+00
-4.904881e-08 0.000000e+00 0.000000e+00
-4.843951e-08 0.000000e+00 0.000000e+00
1.623707e-09 0.000000e+00 0.000000e+00
5.180070e-08 0.000000e+00 0.000000e+00
7.006796e-08 0.000000e+00 0.000000e+00
-3.195905e-08 0.000000e+00 0.000000e+00
1.491514e-07 0.000000e+00 0.000000e+00
2.962531e-08 0.000000e+00 0.000000e+00
3.857845e-08 0.000000e+00 0.000000e+00
-1.651840e-08 0.000000e+00 0.000000e+00
1.119146e-08 0.000000e+00 0.000000e+00
2.041506e-08 0.000000e+00 0.000000e+00
-5.384903e-08 0.000000e+00 0.000000e+00
-2.972444e-08 0.000000e+00 0.000000e+00
3.092760e-07 0.000000e+00 0.000000e+00
6.317173e-08 0.000000e+00 0.000000e+00
-2.240197e-08 0.000000e+00 0.000000e+00
6.322592e-08 0.000000e+00 0.000000e+00
1.062541e-09 0.000000e+00 0.000000e+00
5.237624e-09 0.000000e+00 0.000000e+00
5.801218e-08 0.000000e+00 0.000000e+00
3.734240e-08 0.000000e+00 0.000000e+00
4.418486e-08 0.000000e+00 0.000000e+00
-5.910499e-09 0.000000e+00 0.000000e+00
1.747774e-08 0.000000e+00 0.000000e+00
-2.075150e-07 0.000000e+00 0.000000e+00
5.206784e-08 0.000000e+00 0.000000e+00
4.143374e-08 0.000000e+00 0.000000e+00
-3.993030e-08 0.000000e+00 0.000000e+00
4.584051e-08 0.000000e+00 0.000000e+00
2.000209e-08 0.000000e+00 0.000000e+00
5.152071e-08 0.000000e+00 0.000000e+00
-4.099378e-08 0.000000e+00 0.000000e+00
3.135237e-08 0.000000e+00 0.000000e+00
2.708404e-08 0.000000e+00 0.000000e+00
-6.484940e-08 0.000000e+00 0.000000e+00
-5.984049e-08 0.000000e+00 0.000000e+00
5.620890e-08 0.000000e+00 0.000000e+00
8.351803e-09 0.000000e+00 0.000000e+00
-5.377259e-08 0.000000e+00 0.000000e+00
4.163799e-08 0.000000e+00 0.000000e+00
-3.010371e-08 0.000000e+00 0.000000e+00
-2.945461e-08 0.000000e+00 0.000000e+00
-1.448458e-08 0.000000e+00 0.000000e+00
-6.314190e-08 0.000000e+00 0.000000e+00
-1.494754e-07 0.000000e+00 0.000000e+00
-1.286685e-07 0.000000e+00 0.000000e+00
6.092771e-08 0.000000e+00 0.000000e+00
4.020698e-08 0.000000e+00 0.000000e+00
-6.299463e-08 0.000000e+00 0.000000e+00
-5.447644e-08 0.000000e+00 0.000000e+00
-1.587220e-07 0.000000e+00 0.000000e+00
2.365539e-08 0.000000e+00 0.000000e+00
-1.003922e-07 0.000000e+00 0.000000e+00
-5.768195e-08 0.000000e+00 0.000000e+00
-3.391037e-08 0.000000e+00 0.000000e+00
-5.988153e-08 0.000000e+00 0.000000e+00
5.940514e-08 0.000000e+00 0.000000e+00
-4.831490e-09 0.000000e+00 0.000000e+00
-2.048655e-08 0.000000e+00 0.000000e+00
1.280264e-07 0.000000e+00 0.000000e+00
2.285897e-08 0.000000e+00 0.000000e+00
5.195973e-08 0.000000e+00 0.000000e+00
-4.736392e-08 0.000000e+00 0.000000e+00
2.043388e-07 0.000000e+00 0.000000e+00
-5.758282e-08 0.000000e+00 0.000000e+00
-2.585009e-07 0.000000e+00 0.000000e+00
5.901898e-08 0.000000e+00 0.000000e+00
-4.509769e-08 0.000000e+00 0.000000e+00
2.435466e-08 0.000000e+00 0.000000e+00
2.634730e-08 0.000000e+00 0.000000e+00
2.570800e-08 0.000000e+00 0.000000e+00
2.585397e-08 0.000000e+00 0.000000e+00
6.822311e-08 0.000000e+00 0.000000e+00
-2.601205e-08 0.000000e+00 0.000000e+00
5.234563e-08 0.000000e+00 0.000000e+00
-5.848271e-08 0.000000e+00 0.000000e+00
5.691204e-08 0.000000e+00 0.000000e+00
1.966474e-10 0.000000e+00 0.000000e+00
1.168136e-09 0.000000e+00 0.000000e+00
-2.286307e-10 0.000000e+00 0.000000e+00
1.601324e-07 0.000000e+00 0.000000e+00
4.509605e-08 0.000000e+00 0.000000e+00
-5.383017e-08 0.000000e+00 0.000000e+00
-6.270918e-08 0.000000e+00 0.000000e+00
1.486207e-07 0.000000e+00 0.000000e+00
-5.650432e-08 0.000000e+00 0.000000e+00
-6.106943e-08 0.000000e+00 0.000000e+00
-2.253363e-08 0.000000e+00 0.000000e+00
-3.337295e-08 0.000000e+00 0.000000e+00
-1.038780e-08 0.000000e+00 0.000000e+00
-5.733500e-08 0.000000e+00 0.000000e+00
2.355196e-07 0.000000e+00 0.000000e+00
9.933015e-09 0.000000e+00 0.000000e+00
-1.486946e-08 0.000000e+00 0.000000e+00
4.906688e-08 0.000000e+00 0.000000e+00
-1.963293e-07 0.000000e+00 0.000000e+00
-2.484428e-08 0.000000e+00 0.000000e+00
4.161347e-08 0.000000e+00 0.000000e+00
5.927332e-08 0.000000e+00 0.000000e+00
-1.541455e-07 0.000000e+00 0.000000e+00
3.248082e-08 0.000000e+00 0.000000e+00
-1.199603e-07 0.000000e+00 0.000000e+00
1.130297e-07 0.000000e+00 0.000000e+00
2.063529e-08 0.000000e+00 0.000000e+00
5.007619e-08 0.000000e+00 0.000000e+00
-1.619960e-07 0.000000e+00 0.000000e+00
3.763589e-09 0.000000e+00 0.000000e+00
-5.559604e-08 0.000000e+00 0.000000e+00
-5.288269e-08 0.000000e+00 0.000000e+00
1.123418e-07 0.000000e+00 0.000000e+00
-3.803403e-08 0.000000e+00 0.000000e+00
-1.162603e-08 0.000000e+00 0.000000e+00
6.062419e-08 0.000000e+00 0.000000e+00
-8.195038e-09 0.000000e+00 0.000000e+00
-1.758258e-09 0.000000e+00 0.000000e+00
2.053960e-08 0.000000e+00 0.000000e+00
4.203073e-08 0.000000e+00 0.000000e+00
3.307132e-08 0.000000e+00 0.000000e+00
1.244911e-07 0.000000e+00 0.000000e+00
-6.177805e-08 0.000000e+00 0.000000e+00
-6.149196e-08 0.000000e+00 0.000000e+00
-5.674826e-08 0.000000e+00 0.000000e+00
4.581873e-09 0.000000e+00 0.000000e+00
4.664871e-09 0.000000e+00 0.000000e+00
4.527957e-09 0.000000e+00 0.000000e+00
3.960022e-09 0.000000e+00 0.000000e+00
4.446116e-09 0.000000e+00 0.000000e+00
4.540699e-09 0.000000e+00 0.000000e+00
4.974356e-09 0.000000e+00 0.000000e+00
5.329028e-09 0.000000e+00 0.000000e+00
4.023719e-09 0.000000e+00 0.000000e+00
4.264466e-09 0.000000e+00 0.000000e+00
4.155810e-09 0.000000e+00 0.000000e+00
6.188893e-08 0.000000e+00 0.000000e+00
3.947264e-08 0.000000e+00 0.000000e+00
-6.121571e-08 0.000000e+00 0.000000e+00
3.482956e-08 0.000000e+00 0.000000e+00
2.295419e-08 0.000000e+00 0.000000e+00
2.392514e-08 0.000000e+00 0.000000e+00
1.276336e-07 0.000000e+00 0.000000e+00
-4.555063e-08 0.000000e+00 0.000000e+00
1.133539e-07 0.000000e+00 0.000000e+00
5.835755e-08 0.000000e+00 0.000000e+00
-4.797102e-08 0.000000e+00 0.000000e+00
5.951335e-08 0.000000e+00 0.000000e+00
-8.761823e-08 0.000000e+00 0.000000e+00
2.936721e-08 0.000000e+00 0.000000e+00
6.302074e-08 0.000000e+00 0.000000e+00
