step K U E temp
0 5.641567e-22 -4.109780e-18 -4.109216e-18 8.172341e+01
1000 5.752814e-22 -4.109887e-18 -4.109311e-18 8.333492e+01
2000 3.626890e-21 -4.109690e-18 -4.106063e-18 5.253891e+02
3000 6.498072e-21 -4.109464e-18 -4.102966e-18 9.413069e+02
4000 2.044958e-22 -4.107847e-18 -4.107643e-18 2.962314e+01
5000 4.053354e-21 -4.104237e-18 -3.920183e-18 5.871664e+02
6000 2.350581e-22 -4.092664e-18 -3.971314e-18 3.405038e+01
7000 1.979540e-21 -4.095344e-18 -3.968936e-18 2.867550e+02
8000 1.147383e-20 -4.094522e-18 -3.960090e-18 1.662093e+03
9000 9.898572e-22 -4.089469e-18 -3.968304e-18 1.433901e+02
10000 4.094715e-21 -4.083155e-18 -3.959057e-18 5.931580e+02
11000 8.397100e-22 -4.092191e-18 -3.970493e-18 1.216399e+02
12000 8.874994e-22 -4.094739e-18 -3.970555e-18 1.285626e+02
13000 1.703002e-21 -4.090111e-18 -3.968150e-18 2.466959e+02
14000 1.979383e-21 -4.094552e-18 -3.969570e-18 2.867322e+02
15000 1.482415e-23 -4.098106e-18 -3.963299e-18 2.147417e+00
16000 1.369736e-21 -4.088690e-18 -3.967212e-18 1.984192e+02
17000 1.041698e-22 -4.085225e-18 -3.965110e-18 1.508997e+01
18000 4.337098e-22 -4.094814e-18 -3.970959e-18 6.282694e+01
19000 3.113124e-21 -4.093924e-18 -3.968630e-18 4.509652e+02
20000 1.353366e-21 -4.098509e-18 -3.959909e-18 1.960477e+02
21000 1.665623e-24 -4.090478e-18 -3.970156e-18 2.412812e-01
22000 6.788877e-22 -4.093576e-18 -3.971078e-18 9.834327e+01
23000 7.121550e-23 -4.091917e-18 -3.971109e-18 1.031624e+01
24000 2.872276e-22 -4.109130e-18 -3.864777e-18 4.160762e+01
25000 1.047753e-21 -4.109940e-18 -3.868706e-18 1.517769e+02
26000 6.674410e-22 -4.109780e-18 -3.869110e-18 9.668511e+01
27000 4.510218e-21 -4.097834e-18 -3.726386e-18 6.533476e+02
28000 8.889609e-24 -4.089591e-18 -3.729501e-18 1.287743e+00
29000 1.606400e-22 -4.109537e-18 -3.507869e-18 2.327022e+01
30000 9.869808e-22 -4.076508e-18 -3.082476e-18 1.429735e+02
31000 4.000700e-20 -3.986058e-18 -2.866051e-18 5.795391e+03
32000 9.311821e-22 -4.009264e-18 -2.920465e-18 1.348905e+02
33000 7.632307e-22 -4.009064e-18 -2.920697e-18 1.105611e+02
34000 1.036266e-22 -4.002764e-18 -2.920383e-18 1.501128e+01
35000 6.314137e-20 -3.787847e-18 -2.524706e-18 9.146622e+03
36000 4.985958e-20 -3.893823e-18 -2.643964e-18 7.222630e+03
37000 1.654414e-20 -4.021233e-18 -2.757281e-18 2.396575e+03
38000 3.514318e-22 -4.048094e-18 -2.845920e-18 5.090820e+01
39000 8.432271e-22 -4.036627e-18 -2.835712e-18 1.221494e+02
40000 4.278088e-23 -4.050574e-18 -2.847236e-18 6.197214e+00
41000 1.646509e-21 -4.023855e-18 -2.694983e-18 2.385123e+02
42000 1.596928e-19 -4.008147e-18 -2.356812e-18 2.313301e+04
43000 6.277220e-19 -3.957799e-18 -1.770032e-18 9.093144e+04
44000 3.821214e-19 -4.101188e-18 -1.952654e-18 5.535387e+04
45000 2.782805e-21 -3.323680e-18 -1.520897e-18 4.031155e+02
46000 2.768948e-19 -3.774076e-18 -1.697181e-18 4.011082e+04
47000 1.479618e-19 -4.086817e-18 -2.089233e-18 2.143366e+04
48000 1.005845e-18 -4.107711e-18 -1.175402e-18 1.457061e+05
49000 1.697096e-22 -3.884511e-18 -2.084341e-18 2.458403e+01
50000 6.735247e-19 -3.810089e-18 -1.216564e-18 9.756639e+04
51000 3.123717e-20 -3.816611e-18 -1.865374e-18 4.524998e+03
52000 6.235789e-20 -3.751764e-18 -1.769406e-18 9.033126e+03
53000 7.697087e-23 -4.098474e-18 -2.111740e-18 1.114995e+01
54000 2.208376e-21 -3.868918e-18 -1.826710e-18 3.199040e+02
55000 5.401727e-19 -3.797592e-18 -1.094120e-18 7.824910e+04
56000 4.029279e-19 -3.052512e-18 -4.895839e-19 5.836790e+04
57000 4.075912e-20 -3.862724e-18 -1.541938e-18 5.904342e+03
58000 3.751092e-21 -3.988757e-18 -1.694969e-18 5.433810e+02
59000 2.542944e-21 -3.971840e-18 -1.688545e-18 3.683694e+02
60000 1.373819e-20 -3.809411e-18 -1.514711e-18 1.990106e+03
61000 1.584661e-20 -3.162560e-18 -8.667133e-19 2.295531e+03
62000 1.754877e-21 -4.101284e-18 -1.753761e-18 2.542104e+02
63000 5.274334e-19 -3.571930e-18 -7.644965e-19 7.640369e+04
64000 1.952276e-20 -2.524816e-18 1.470716e-20 2.828056e+03
65000 4.056536e-20 -3.723152e-18 -9.857258e-19 5.876274e+03
66000 6.715434e-20 -4.069710e-18 -1.197379e-18 9.727938e+03
67000 3.608052e-19 -3.289895e-18 -1.690897e-19 5.226603e+04
68000 2.858537e-21 -4.059053e-18 -1.241147e-18 4.140860e+02
69000 6.531171e-22 -3.892862e-18 -1.126399e-18 9.461015e+01
70000 2.168313e-21 -3.899219e-18 -1.124635e-18 3.141005e+02
71000 7.734181e-20 -4.095106e-18 -9.430925e-19 1.120369e+04
72000 2.697672e-20 -4.107138e-18 -9.531239e-19 3.907832e+03
73000 6.697542e-21 -3.986623e-18 -9.722826e-19 9.702019e+02
74000 6.802065e-23 -3.986093e-18 -9.789008e-19 9.853431e+00
75000 1.713327e-22 -4.102667e-18 -9.985934e-19 2.481916e+01
76000 1.760969e-20 -4.093980e-18 -8.720600e-19 2.550930e+03
77000 3.286087e-20 -3.215607e-18 -6.878296e-21 4.760206e+03
78000 1.769066e-21 -4.071640e-18 -9.113224e-19 2.562659e+02
79000 2.701384e-22 -3.930825e-18 -6.904851e-19 3.913210e+01
80000 3.562299e-22 -3.952642e-18 -7.094875e-19 5.160326e+01
81000 1.187851e-21 -3.964609e-18 -7.109925e-19 1.720714e+02
82000 3.906197e-21 -3.957776e-18 -7.082934e-19 5.658493e+02
83000 2.009769e-19 -2.281843e-18 1.279134e-18 2.911339e+04
84000 4.936605e-19 -3.716952e-18 1.367080e-19 7.151137e+04
85000 9.855357e-20 -3.865088e-18 -3.904636e-19 1.427641e+04
86000 2.771827e-21 -4.109692e-18 -6.620884e-19 4.015252e+02
87000 8.381875e-19 -4.056275e-18 1.886838e-19 1.214193e+05
88000 4.479979e-21 -4.108183e-18 -6.758231e-19 6.489671e+02
89000 1.483289e-18 -4.093673e-18 8.302144e-19 2.148684e+05
90000 1.317405e-21 -3.857041e-18 -4.888626e-19 1.908385e+02
91000 1.222092e-21 -3.853784e-18 -4.879623e-19 1.770316e+02
92000 1.742623e-19 -4.061610e-18 -3.562435e-19 2.524353e+04
93000 1.351076e-19 -3.815055e-18 -1.935311e-19 1.957160e+04
94000 3.098634e-19 -2.536774e-18 1.373090e-18 4.488662e+04
95000 5.874929e-19 -4.006866e-18 2.676547e-19 8.510388e+04
96000 1.507157e-20 -4.083865e-18 -2.440612e-19 2.183259e+03
97000 1.742320e-20 -3.995523e-18 -7.330808e-20 2.523915e+03
98000 1.399686e-18 -3.269733e-18 1.875056e-18 2.027576e+05
99000 8.305700e-22 -3.810669e-18 3.398368e-20 1.203159e+02
100000 6.763177e-21 -3.793686e-18 1.929751e-19 9.797098e+02
101000 5.281788e-20 -3.980499e-18 3.411294e-19 7.651167e+03
102000 6.325475e-19 -3.957357e-18 9.404750e-19 9.163046e+04
103000 1.406684e-18 -3.232940e-18 2.419469e-18 2.037714e+05
104000 2.310512e-19 -3.831465e-18 6.809281e-19 3.346994e+04
105000 6.010149e-24 -4.072155e-18 2.087553e-19 8.706266e-01
106000 1.940086e-21 -4.096901e-18 1.722135e-19 2.810398e+02
107000 4.678576e-22 -4.043881e-18 2.174355e-19 6.777358e+01
108000 3.051359e-19 -3.570316e-18 9.348195e-19 4.420181e+04
109000 1.307859e-18 -4.028775e-18 1.652125e-18 1.894556e+05
110000 6.301026e-20 -3.669964e-18 7.130475e-19 9.127630e+03
111000 3.572978e-21 -3.726697e-18 6.041141e-19 5.175795e+02
112000 9.016780e-22 -3.728970e-18 6.009313e-19 1.306165e+02
113000 3.057228e-20 -3.968253e-18 7.211477e-19 4.428683e+03
114000 1.273777e-20 -4.084996e-18 4.502042e-19 1.845185e+03
115000 2.683881e-19 -4.092696e-18 7.093772e-19 3.887854e+04
116000 1.875895e-19 -2.852706e-18 1.894883e-18 2.717411e+04
117000 1.621240e-18 -4.102410e-18 2.159881e-18 2.348519e+05
118000 6.927969e-22 -3.259774e-18 1.335442e-18 1.003582e+02
119000 4.838288e-20 -4.108734e-18 7.666837e-19 7.008716e+03
120000 1.661016e-22 -3.723304e-18 9.619825e-19 2.406137e+01
121000 1.060095e-19 -3.633754e-18 1.202051e-18 1.535648e+04
122000 4.152665e-19 -3.983835e-18 1.303092e-18 6.015526e+04
123000 1.866264e-21 -3.721523e-18 1.084571e-18 2.703460e+02
124000 1.585872e-22 -3.729207e-18 1.080152e-18 2.297285e+01
125000 3.088494e-21 -3.717784e-18 1.088070e-18 4.473974e+02
126000 4.323321e-22 -3.461804e-18 1.340684e-18 6.262737e+01
127000 5.209043e-20 -2.106411e-18 2.745680e-18 7.545789e+03
128000 8.160414e-20 -2.462925e-18 2.418679e-18 1.182113e+04
129000 3.287590e-18 -3.434544e-18 4.662925e-18 4.762383e+05
130000 1.047780e-19 -3.973771e-18 1.165648e-18 1.517808e+04
131000 1.080097e-18 -4.032859e-18 1.926011e-18 1.564622e+05
132000 4.789820e-19 -4.019795e-18 1.334535e-18 6.938505e+04
133000 4.465924e-23 -3.475284e-18 1.352861e-18 6.469311e+00
134000 7.693484e-20 -4.086803e-18 8.844347e-19 1.114474e+04
135000 2.533942e-20 -4.057729e-18 8.539350e-19 3.670653e+03
136000 5.466946e-20 -1.528761e-18 3.325908e-18 7.919386e+03
137000 5.292847e-20 -2.621717e-18 2.231211e-18 7.667187e+03
138000 2.372668e-19 -3.351766e-18 1.685504e-18 3.437032e+04
139000 1.330228e-19 -3.846330e-18 1.144346e-18 1.926961e+04
140000 1.397298e-19 -4.094256e-18 1.047494e-18 2.024117e+04
141000 7.379601e-19 -4.008610e-18 1.739417e-18 1.069005e+05
142000 2.491545e-20 -3.896957e-18 1.118166e-18 3.609238e+03
143000 2.091968e-18 -3.928715e-18 3.152339e-18 3.030413e+05
144000 7.220219e-23 -3.979920e-18 1.008614e-18 1.045917e+01
145000 1.277340e-23 -3.976142e-18 1.010516e-18 1.850347e+00
146000 1.996604e-21 -3.992161e-18 1.011263e-18 2.892269e+02
147000 4.042601e-21 -3.966304e-18 1.155569e-18 5.856088e+02
148000 2.005740e-21 -3.978455e-18 1.284077e-18 2.905503e+02
149000 4.326197e-21 -3.897266e-18 1.298521e-18 6.266903e+02
150000 6.030056e-22 -4.078508e-18 1.120745e-18 8.735103e+01
151000 1.203773e-19 -4.083729e-18 1.301350e-18 1.743778e+04
152000 4.933238e-19 -3.934920e-18 1.785927e-18 7.146260e+04
153000 1.131066e-20 -3.953232e-18 1.336426e-18 1.638456e+03
154000 3.683826e-19 -3.997321e-18 1.677728e-18 5.336368e+04
155000 2.378423e-18 -2.926463e-18 4.751676e-18 3.445370e+05
156000 2.982632e-19 -2.731249e-18 2.847015e-18 4.320623e+04
157000 1.920815e-18 -4.106275e-18 3.221291e-18 2.782481e+05
158000 9.060546e-22 -4.087811e-18 1.292207e-18 1.312505e+02
159000 4.076036e-19 -4.078503e-18 1.647730e-18 5.904521e+04
160000 5.035781e-19 -3.807524e-18 2.031347e-18 7.294803e+04
161000 7.641008e-19 -3.764226e-18 2.431907e-18 1.106872e+05
162000 1.016078e-21 -4.106442e-18 1.294574e-18 1.471885e+02
163000 3.906125e-22 -4.109755e-18 1.290636e-18 5.658389e+01
164000 9.777440e-22 -4.109596e-18 1.291382e-18 1.416354e+02
165000 1.106452e-22 -4.109810e-18 1.290300e-18 1.602800e+01
166000 3.699415e-24 -4.109556e-18 1.290447e-18 5.358951e-01
167000 1.083372e-21 -4.109261e-18 1.291822e-18 1.569366e+02
168000 8.993000e-22 -4.109907e-18 1.290992e-18 1.302721e+02
169000 3.696485e-22 -4.108831e-18 1.291539e-18 5.354706e+01
170000 1.353630e-22 -4.109997e-18 1.290138e-18 1.960860e+01
171000 5.076434e-21 -4.103718e-18 1.421359e-18 7.353692e+02
172000 9.658118e-22 -4.109975e-18 1.410994e-18 1.399069e+02
173000 3.331047e-22 -4.102328e-18 1.418005e-18 4.825335e+01
174000 5.956807e-23 -4.109489e-18 1.410571e-18 8.628996e+00
175000 7.501027e-22 -4.106123e-18 1.538318e-18 1.086594e+02
176000 7.774059e-22 -4.020107e-18 1.860670e-18 1.126146e+02
177000 2.044135e-25 -4.042247e-18 1.958026e-18 2.961122e-02
178000 5.035491e-21 -4.047039e-18 1.959033e-18 7.294383e+02
179000 4.921552e-21 -4.084755e-18 2.040434e-18 7.129331e+02
180000 4.148664e-21 -4.077963e-18 2.046191e-18 6.009731e+02
181000 6.825855e-22 -4.091659e-18 2.035786e-18 9.887894e+01
182000 7.175451e-22 -4.088376e-18 2.033978e-18 1.039432e+02
183000 1.521562e-21 -4.087687e-18 2.165825e-18 2.204125e+02
184000 2.239983e-23 -4.071462e-18 2.294817e-18 3.244826e+00
185000 3.588750e-21 -4.068839e-18 2.297606e-18 5.198642e+02
186000 4.294979e-21 -4.069064e-18 2.298297e-18 6.221681e+02
187000 1.008821e-20 -4.108977e-18 2.506134e-18 1.461373e+03
188000 5.729983e-19 -3.835002e-18 3.457996e-18 8.300419e+04
189000 3.401874e-21 -4.062341e-18 2.704589e-18 4.927934e+02
190000 3.549664e-21 -4.037968e-18 2.690089e-18 5.142022e+02
191000 5.827607e-22 -4.037244e-18 2.687157e-18 8.441837e+01
192000 1.781627e-21 -4.034236e-18 2.689380e-18 2.580855e+02
193000 2.748779e-21 -4.028425e-18 2.694691e-18 3.981865e+02
194000 4.730356e-22 -4.039055e-18 2.687152e-18 6.852366e+01
195000 3.883796e-24 -4.021896e-18 2.698153e-18 5.626043e-01
196000 8.221430e-21 -4.040233e-18 2.695352e-18 1.190952e+03
197000 1.511401e-24 -4.021915e-18 2.698132e-18 2.189407e-01
198000 5.921135e-22 -4.022387e-18 2.705196e-18 8.577321e+01
199000 2.286308e-20 -4.085528e-18 2.846246e-18 3.311933e+03
200000 8.387824e-22 -3.998705e-18 2.867500e-18 1.215055e+02
201000 1.304747e-21 -3.982366e-18 2.862374e-18 1.890049e+02
202000 3.907589e-22 -4.033897e-18 2.808176e-18 5.660511e+01
203000 6.624520e-23 -4.039127e-18 2.806764e-18 9.596240e+00
204000 8.362485e-22 -4.038032e-18 2.807377e-18 1.211385e+02
205000 2.663346e-21 -4.031424e-18 2.812107e-18 3.858108e+02
206000 8.509416e-21 -4.042532e-18 2.817575e-18 1.232669e+03
207000 1.393694e-20 -4.033285e-18 2.822086e-18 2.018898e+03
208000 2.705062e-22 -4.035834e-18 2.807169e-18 3.918536e+01
209000 6.926402e-21 -4.037653e-18 2.813469e-18 1.003355e+03
210000 2.569865e-22 -4.040762e-18 2.807702e-18 3.722692e+01
211000 4.978288e-22 -4.042321e-18 2.809322e-18 7.211519e+01
212000 2.742814e-21 -4.041865e-18 2.811091e-18 3.973224e+02
213000 2.649409e-21 -4.104534e-18 2.904448e-18 3.837919e+02
214000 1.085863e-22 -4.103966e-18 2.905960e-18 1.572975e+01
215000 2.332087e-20 -4.093356e-18 2.951899e-18 3.378248e+03
216000 6.075166e-21 -4.099121e-18 2.922020e-18 8.800450e+02
217000 1.325542e-19 -4.104192e-18 3.058089e-18 1.920173e+04
218000 1.834179e-22 -4.105060e-18 2.899012e-18 2.656982e+01
219000 4.717199e-22 -4.109959e-18 2.906620e-18 6.833306e+01
220000 1.259016e-21 -3.948480e-18 3.012783e-18 1.823803e+02
221000 5.621373e-20 -3.898515e-18 3.117699e-18 8.143087e+03
222000 8.128654e-25 -4.081353e-18 2.950912e-18 1.177512e-01
223000 1.010964e-21 -4.105331e-18 2.898789e-18 1.464477e+02
224000 6.622496e-23 -4.105877e-18 2.897059e-18 9.593308e+00
225000 1.821153e-20 -4.101906e-18 2.947152e-18 2.638111e+03
226000 1.004497e-22 -4.109975e-18 2.907017e-18 1.455109e+01
227000 1.740339e-20 -4.107124e-18 2.920391e-18 2.521045e+03
228000 9.982708e-23 -4.003279e-18 2.957087e-18 1.446089e+01
229000 5.883929e-23 -4.013896e-18 2.949561e-18 8.523425e+00
230000 5.828359e-23 -4.017092e-18 2.949341e-18 8.442926e+00
231000 5.562241e-21 -4.009015e-18 2.957693e-18 8.057429e+02
232000 1.918455e-21 -4.004071e-18 2.958176e-18 2.779063e+02
233000 3.203548e-21 -4.003968e-18 2.959556e-18 4.640640e+02
234000 1.639091e-24 -4.017621e-18 2.949409e-18 2.374377e-01
235000 2.275114e-21 -4.025809e-18 2.961218e-18 3.295717e+02
236000 3.936824e-22 -4.105193e-18 3.018656e-18 5.702860e+01
237000 3.108750e-20 -4.096975e-18 3.057091e-18 4.503316e+03
238000 5.318337e-26 -3.988062e-18 3.099665e-18 7.704111e-03
239000 1.596996e-21 -3.990526e-18 3.101651e-18 2.313399e+02
240000 6.150427e-21 -3.988674e-18 3.105848e-18 8.909473e+02
241000 1.060844e-21 -3.974492e-18 3.107504e-18 1.536733e+02
242000 1.569722e-21 -3.991847e-18 3.102128e-18 2.273891e+02
243000 5.360172e-21 -4.105866e-18 3.022349e-18 7.764713e+02
244000 2.374838e-20 -4.103313e-18 3.190382e-18 3.440176e+03
245000 9.466793e-21 -3.993149e-18 3.218599e-18 1.371354e+03
246000 7.452028e-23 -3.966951e-18 3.357221e-18 1.079496e+01
247000 7.098673e-24 -3.967307e-18 3.357048e-18 1.028310e+00
248000 7.709392e-23 -3.969734e-18 3.356757e-18 1.116778e+01
249000 4.459368e-22 -3.975596e-18 3.359425e-18 6.459814e+01
250000 2.260803e-21 -4.093759e-18 3.289815e-18 3.274986e+02
251000 1.032766e-22 -4.104183e-18 3.285644e-18 1.496059e+01
252000 6.107407e-24 -4.105229e-18 3.258975e-18 8.847154e-01
253000 2.215001e-21 -3.820884e-18 3.621331e-18 3.208638e+02
254000 3.277957e-22 -4.076516e-18 3.441537e-18 4.748429e+01
255000 6.410385e-19 -4.109897e-18 4.160208e-18 9.286046e+04
256000 2.105398e-22 -4.060984e-18 3.586845e-18 3.049867e+01
257000 5.508123e-25 -4.055305e-18 3.582524e-18 7.979034e-02
258000 4.433153e-21 -4.055997e-18 3.587332e-18 6.421839e+02
259000 8.269216e-22 -4.070970e-18 3.595410e-18 1.197874e+02
260000 2.446999e-22 -4.053501e-18 3.582298e-18 3.544709e+01
261000 8.759773e-23 -4.073687e-18 3.599584e-18 1.268935e+01
262000 1.479583e-22 -3.990443e-18 3.580178e-18 2.143316e+01
263000 1.326022e-21 -3.989815e-18 3.581197e-18 1.920867e+02
264000 1.220944e-22 -4.052294e-18 3.582413e-18 1.768652e+01
265000 1.767451e-21 -4.059340e-18 3.587162e-18 2.560319e+02
266000 5.810242e-21 -4.058243e-18 3.590333e-18 8.416682e+02
267000 3.014984e-22 -4.062423e-18 3.587899e-18 4.367488e+01
268000 1.238965e-21 -4.053184e-18 3.583306e-18 1.794758e+02
269000 2.616539e-21 -4.103493e-18 3.648964e-18 3.790303e+02
270000 1.928983e-21 -3.978107e-18 3.963596e-18 2.794313e+02
271000 1.009402e-20 -3.987036e-18 3.987686e-18 1.462214e+03
272000 1.016372e-22 -3.959048e-18 3.961998e-18 1.472311e+01
273000 5.731912e-23 -3.962484e-18 3.959425e-18 8.303213e+00
274000 3.405422e-21 -3.970419e-18 3.960121e-18 4.933074e+02
275000 5.834217e-21 -4.000472e-18 4.126269e-18 8.451413e+02
276000 9.566888e-22 -4.100423e-18 4.137336e-18 1.385854e+02
277000 1.032049e-23 -4.101085e-18 4.134567e-18 1.495021e+00
278000 2.991802e-21 -4.103200e-18 4.132851e-18 4.333906e+02
279000 5.846312e-21 -4.105003e-18 4.139029e-18 8.468933e+02
280000 1.311906e-20 -4.107925e-18 4.243804e-18 1.900420e+03
281000 5.345608e-19 -3.935605e-18 5.005748e-18 7.743617e+04
282000 5.884008e-19 -4.044626e-18 5.127508e-18 8.523539e+04
283000 7.131921e-19 -4.079055e-18 5.288171e-18 1.033126e+05
284000 8.207091e-21 -3.987980e-18 4.667871e-18 1.188874e+03
285000 2.746918e-21 -3.984427e-18 4.662987e-18 3.979169e+02
286000 2.208981e-21 -3.987344e-18 4.661886e-18 3.199917e+02
287000 7.385067e-22 -3.995501e-18 4.663838e-18 1.069796e+02
288000 3.633915e-21 -3.949475e-18 4.816377e-18 5.264067e+02
289000 2.639140e-22 -3.956233e-18 4.809575e-18 3.823043e+01
290000 1.732080e-19 -4.105892e-18 4.990939e-18 2.509082e+04
291000 4.398218e-20 -4.009895e-18 5.064772e-18 6.371232e+03
292000 2.814355e-19 -3.894214e-18 5.267845e-18 4.076858e+04
293000 7.324980e-22 -3.938228e-18 4.952154e-18 1.061092e+02
294000 8.301257e-23 -3.941672e-18 4.953082e-18 1.202515e+01
295000 2.098927e-21 -3.930394e-18 4.954824e-18 3.040493e+02
296000 4.927635e-21 -3.931026e-18 4.957349e-18 7.138144e+02
297000 4.170285e-21 -3.947207e-18 4.962961e-18 6.041050e+02
298000 2.087194e-21 -3.943236e-18 4.956317e-18 3.023497e+02
299000 3.871977e-22 -3.937890e-18 4.951734e-18 5.608924e+01
300000 1.800680e-21 -3.933441e-18 4.953340e-18 2.608454e+02
301000 2.563408e-22 -3.943706e-18 4.954920e-18 3.713337e+01
302000 4.075066e-22 -3.934144e-18 4.951783e-18 5.903117e+01
303000 1.362694e-22 -3.938873e-18 4.951739e-18 1.973990e+01
304000 6.491104e-22 -3.933410e-18 4.952197e-18 9.402975e+01
305000 1.048690e-22 -3.942441e-18 4.953669e-18 1.519126e+01
306000 2.901352e-21 -3.932498e-18 4.954729e-18 4.202882e+02
307000 2.020683e-21 -3.931734e-18 4.954136e-18 2.927150e+02
308000 3.947134e-22 -3.947297e-18 4.959312e-18 5.717796e+01
309000 8.240469e-21 -3.928852e-18 4.961816e-18 1.193709e+03
310000 2.881887e-21 -4.109971e-18 5.021412e-18 4.174685e+02
311000 3.980192e-23 -3.908574e-18 5.095520e-18 5.765682e+00
312000 8.252003e-21 -3.753903e-18 5.254349e-18 1.195380e+03
313000 3.138489e-19 -3.997295e-18 5.395911e-18 4.546397e+04
314000 4.389929e-24 -4.062260e-18 5.007864e-18 6.359226e-01
315000 3.074293e-19 -3.842202e-18 5.585227e-18 4.453403e+04
316000 3.465938e-20 -4.021233e-18 5.325887e-18 5.020737e+03
317000 1.325332e-21 -4.059174e-18 5.446625e-18 1.919868e+02
318000 9.591313e-22 -3.785322e-18 5.575638e-18 1.389392e+02
319000 2.417767e-21 -4.099851e-18 5.369452e-18 3.502363e+02
320000 3.283216e-23 -3.856298e-18 5.510262e-18 4.756048e+00
321000 4.896236e-19 -3.890907e-18 5.964634e-18 7.092658e+04
322000 5.699157e-24 -3.965231e-18 5.470106e-18 8.255765e-01
323000 8.507094e-22 -3.914347e-18 5.493276e-18 1.232333e+02
324000 3.235656e-22 -3.948584e-18 5.459519e-18 4.687152e+01
325000 2.985315e-22 -3.946008e-18 5.461230e-18 4.324510e+01
326000 2.002394e-19 -3.940412e-18 5.729312e-18 2.900657e+04
327000 2.396197e-22 -3.891796e-18 5.475073e-18 3.471117e+01
328000 7.896731e-22 -3.892435e-18 5.475536e-18 1.143916e+02
329000 9.368848e-22 -3.892570e-18 5.475670e-18 1.357166e+02
330000 5.595882e-22 -3.895736e-18 5.475445e-18 8.106161e+01
331000 1.199073e-21 -3.894280e-18 5.475898e-18 1.736970e+02
332000 2.434855e-21 -4.021110e-18 5.413897e-18 3.527117e+02
333000 2.768707e-19 -4.107738e-18 5.709209e-18 4.010733e+04
334000 8.830724e-25 -3.985339e-18 5.683676e-18 1.279214e-01
335000 6.325873e-21 -3.950760e-18 5.705148e-18 9.163622e+02
336000 6.445658e-22 -3.878321e-18 5.723219e-18 9.337142e+01
337000 2.436004e-22 -3.887345e-18 5.716553e-18 3.528781e+01
338000 1.938336e-21 -3.902155e-18 5.720184e-18 2.807862e+02
339000 4.066470e-22 -3.903113e-18 5.719502e-18 5.890664e+01
340000 6.011141e-21 -3.902770e-18 5.724793e-18 8.707703e+02
341000 5.352738e-24 -3.898062e-18 5.715625e-18 7.753945e-01
342000 3.675364e-21 -3.890232e-18 5.718862e-18 5.324110e+02
343000 2.537320e-19 -4.072880e-18 6.031146e-18 3.675548e+04
344000 3.370914e-19 -3.409335e-18 6.647756e-18 4.883086e+04
345000 4.593308e-20 -4.069669e-18 5.826179e-18 6.653839e+03
346000 1.425064e-20 -4.101522e-18 5.991631e-18 2.064339e+03
347000 1.299864e-19 -4.108460e-18 6.132320e-18 1.882975e+04
348000 3.031129e-20 -3.472476e-18 6.517835e-18 4.390875e+03
349000 4.887407e-19 -4.081974e-18 6.486724e-18 7.079868e+04
350000 3.511401e-19 -3.533769e-18 6.777371e-18 5.086595e+04
351000 3.182233e-22 -4.057888e-18 6.014372e-18 4.609764e+01
352000 2.825968e-19 -4.098821e-18 6.231314e-18 4.093681e+04
353000 1.943693e-22 -3.714977e-18 6.268034e-18 2.815622e+01
354000 4.304669e-21 -4.008541e-18 6.131948e-18 6.235719e+02
355000 4.337206e-22 -4.108293e-18 6.168045e-18 6.282851e+01
356000 1.766786e-22 -4.108872e-18 6.172570e-18 2.559356e+01
357000 3.467399e-22 -4.107073e-18 6.166108e-18 5.022853e+01
358000 5.044555e-22 -4.099339e-18 6.344616e-18 7.307513e+01
359000 7.776306e-21 -4.097832e-18 6.344089e-18 1.126471e+03
360000 1.182937e-21 -3.854719e-18 6.472082e-18 1.713596e+02
361000 1.858286e-22 -3.870807e-18 6.470656e-18 2.691903e+01
362000 1.682180e-21 -3.524878e-18 6.916804e-18 2.436796e+02
363000 6.443883e-19 -4.046942e-18 7.145097e-18 9.334571e+04
364000 4.498762e-19 -3.824037e-18 7.197766e-18 6.516881e+04
365000 9.273711e-21 -4.097429e-18 6.584060e-18 1.343384e+03
366000 2.792695e-22 -4.096670e-18 6.572997e-18 4.045482e+01
367000 3.643787e-22 -4.093148e-18 6.576543e-18 5.278368e+01
368000 8.876749e-21 -2.766326e-18 7.802551e-18 1.285881e+03
369000 9.505996e-19 -4.106435e-18 7.542719e-18 1.377033e+05
370000 6.868999e-20 -3.427458e-18 7.321232e-18 9.950391e+03
371000 1.058900e-21 -3.818624e-18 6.871028e-18 1.533917e+02
372000 1.767588e-21 -3.814195e-18 6.872813e-18 2.560517e+02
373000 1.035257e-19 -4.069318e-18 6.959489e-18 1.499667e+04
374000 7.272020e-24 -3.818848e-18 7.119146e-18 1.053421e+00
375000 1.001682e-19 -3.943965e-18 7.422998e-18 1.451031e+04
376000 2.087023e-19 -1.742889e-18 9.625813e-18 3.023249e+04
377000 1.989059e-20 -2.405102e-18 8.774788e-18 2.881340e+03
378000 7.504830e-22 -3.979178e-18 7.286154e-18 1.087145e+02
379000 3.066598e-20 -4.106549e-18 7.222858e-18 4.442255e+03
380000 6.343519e-19 -4.092973e-18 7.931252e-18 9.189184e+04
381000 6.395592e-19 -3.896437e-18 8.118743e-18 9.264617e+04
382000 4.989531e-20 -3.989535e-18 7.417592e-18 7.227806e+03
383000 2.065784e-22 -4.066848e-18 7.471077e-18 2.992483e+01
384000 3.756117e-24 -4.077475e-18 7.453994e-18 5.441088e-01
385000 9.135733e-22 -4.077649e-18 7.455196e-18 1.323397e+02
386000 3.039277e-19 -4.099159e-18 7.827650e-18 4.402678e+04
387000 4.643880e-22 -3.977959e-18 7.644838e-18 6.727097e+01
388000 3.505219e-21 -3.966732e-18 7.650245e-18 5.077640e+02
389000 6.885640e-22 -3.984255e-18 7.652305e-18 9.974498e+01
390000 1.335174e-18 -2.559494e-18 1.041568e-17 1.934125e+05
391000 1.626008e-19 -4.109854e-18 7.814851e-18 2.355425e+04
392000 2.677341e-19 -3.154504e-18 8.753230e-18 3.878380e+04
393000 7.209322e-23 -4.101484e-18 7.706044e-18 1.044338e+01
394000 6.653044e-19 -4.043800e-18 8.390770e-18 9.637561e+04
395000 2.423900e-21 -3.973828e-18 7.730841e-18 3.511248e+02
396000 5.394482e-22 -3.983591e-18 7.725493e-18 7.814415e+01
397000 9.182895e-21 -3.994641e-18 7.740228e-18 1.330229e+03
398000 1.452271e-19 -4.013584e-18 7.897811e-18 2.103752e+04
399000 1.979430e-19 -2.873329e-18 8.964614e-18 2.867391e+04
400000 1.647456e-19 -3.353169e-18 8.451577e-18 2.386495e+04
401000 8.278935e-22 -3.692954e-18 7.964901e-18 1.199282e+02
402000 3.482015e-21 -3.699622e-18 7.968292e-18 5.044026e+02
403000 4.541051e-20 -3.084817e-18 8.600594e-18 6.578139e+03
404000 6.357547e-20 -4.109848e-18 7.759153e-18 9.209505e+03
405000 5.327015e-22 -3.986215e-18 7.726468e-18 7.716682e+01
406000 2.901396e-21 -2.984081e-18 8.658820e-18 4.202944e+02
407000 1.469616e-19 -3.820443e-18 8.034515e-18 2.128877e+04
408000 6.998323e-24 -3.976077e-18 7.726293e-18 1.013773e+00
409000 7.013294e-22 -3.997900e-18 7.734346e-18 1.015942e+02
410000 8.773342e-21 -4.094923e-18 7.778531e-18 1.270901e+03
411000 3.292306e-21 -4.095466e-18 7.769850e-18 4.769216e+02
412000 2.932217e-21 -4.094974e-18 7.834981e-18 4.247593e+02
413000 2.722977e-19 -3.327818e-18 8.704480e-18 3.944489e+04
414000 4.084866e-19 -3.987853e-18 8.456682e-18 5.917313e+04
415000 1.335183e-21 -3.951021e-18 8.049697e-18 1.934139e+02
416000 4.665184e-19 -4.000158e-18 8.496659e-18 6.757958e+04
417000 3.689917e-19 -3.880969e-18 8.445982e-18 5.345191e+04
418000 7.178181e-19 -3.933833e-18 8.776057e-18 1.039827e+05
419000 3.426310e-19 -3.213481e-18 9.009150e-18 4.963332e+04
420000 1.130682e-19 -3.869427e-18 8.204100e-18 1.637899e+04
421000 5.263083e-21 -3.866840e-18 8.098868e-18 7.624071e+02
422000 4.855829e-19 -1.963246e-18 1.040234e-17 7.034126e+04
423000 1.177179e-21 -3.894596e-18 8.052825e-18 1.705254e+02
424000 9.499464e-20 -2.584566e-18 9.510428e-18 1.376087e+04
425000 1.426207e-19 -3.632437e-18 8.513833e-18 2.065996e+04
426000 9.252288e-19 -3.311343e-18 9.613886e-18 1.340281e+05
427000 1.812479e-20 -4.042703e-18 8.145374e-18 2.625547e+03
428000 5.485522e-21 -4.103725e-18 8.047874e-18 7.946295e+02
429000 7.345169e-23 -4.104835e-18 8.038320e-18 1.064017e+01
430000 1.546265e-21 -4.105401e-18 8.037851e-18 2.239911e+02
431000 8.274086e-19 -4.077965e-18 8.938279e-18 1.198579e+05
432000 1.101459e-19 -4.093531e-18 8.337488e-18 1.595567e+04
433000 1.851963e-19 -4.106389e-18 8.397792e-18 2.682742e+04
434000 2.020080e-21 -4.108007e-18 8.159773e-18 2.926276e+02
435000 3.358345e-22 -4.105533e-18 8.156227e-18 4.864878e+01
436000 6.333556e-21 -4.107594e-18 8.161508e-18 9.174752e+02
437000 1.458012e-22 -4.105445e-18 8.156309e-18 2.112068e+01
438000 2.092606e-20 -3.885338e-18 8.330819e-18 3.031337e+03
439000 2.705469e-21 -3.907190e-18 8.276852e-18 3.919126e+02
440000 5.563993e-20 -4.104424e-18 8.215398e-18 8.059967e+03
441000 2.102847e-18 -3.715684e-18 1.052898e-17 3.046172e+05
442000 4.208048e-19 -3.933386e-18 8.839430e-18 6.095754e+04
443000 1.126701e-21 -3.750239e-18 8.622575e-18 1.632132e+02
444000 3.314254e-23 -3.747881e-18 8.621818e-18 4.801009e+00
445000 4.506647e-22 -3.755361e-18 8.622723e-18 6.528302e+01
446000 1.477422e-21 -3.737185e-18 8.630055e-18 2.140185e+02
447000 3.646834e-19 -4.001669e-18 8.995034e-18 5.282783e+04
448000 1.150824e-21 -3.894152e-18 8.773702e-18 1.667076e+02
449000 3.093185e-21 -4.105482e-18 8.639142e-18 4.480769e+02
450000 1.072762e-21 -4.107886e-18 8.637919e-18 1.553996e+02
451000 8.993309e-22 -4.096982e-18 8.661782e-18 1.302765e+02
452000 1.180145e-18 -4.104523e-18 9.789000e-18 1.709552e+05
453000 1.378929e-20 -4.056706e-18 8.605232e-18 1.997508e+03
454000 7.709265e-19 -3.454624e-18 9.923668e-18 1.116760e+05
455000 1.084574e-18 -2.970745e-18 1.071383e-17 1.571108e+05
456000 5.394397e-19 -2.826707e-18 1.031273e-17 7.814292e+04
457000 2.704220e-19 -4.071384e-18 8.838400e-18 3.917317e+04
458000 1.618476e-20 -3.136554e-18 9.479631e-18 2.344515e+03
459000 1.039486e-21 -4.102025e-18 8.649448e-18 1.505794e+02
460000 1.238521e-18 -4.073760e-18 1.001495e-17 1.794115e+05
461000 1.060499e-19 -3.965804e-18 8.959832e-18 1.536232e+04
462000 2.636169e-21 -4.038492e-18 8.805219e-18 3.818739e+02
463000 1.088007e-20 -4.058939e-18 8.830124e-18 1.576080e+03
464000 1.682291e-21 -4.098829e-18 8.898933e-18 2.436957e+02
465000 5.026809e-19 -3.651300e-18 9.753053e-18 7.281806e+04
466000 2.657030e-20 -4.000182e-18 8.997608e-18 3.848958e+03
467000 2.040013e-21 -3.660953e-18 9.306337e-18 2.955150e+02
468000 6.988992e-21 -4.077484e-18 9.015973e-18 1.012421e+03
469000 1.049550e-19 -3.845496e-18 9.668896e-18 1.520372e+04
470000 3.662879e-20 -4.082793e-18 9.398431e-18 5.306025e+03
471000 1.145701e-20 -4.055396e-18 9.453267e-18 1.659655e+03
472000 7.099259e-19 -4.008826e-18 1.020228e-17 1.028394e+05
473000 1.398148e-21 -3.699618e-18 9.646207e-18 2.025348e+02
474000 1.426393e-20 -3.679355e-18 9.662652e-18 2.066264e+03
475000 7.615825e-21 -4.075224e-18 9.384628e-18 1.103224e+03
476000 7.163576e-19 -3.895978e-18 1.022991e-17 1.037711e+05
477000 9.521106e-19 -4.027499e-18 1.053009e-17 1.379222e+05
478000 3.206750e-19 -4.103499e-18 9.694164e-18 4.645279e+04
479000 1.095016e-19 -2.395386e-18 1.103412e-17 1.586234e+04
480000 4.968726e-21 -3.558699e-18 9.767327e-18 7.197667e+02
481000 6.674207e-19 -4.140054e-19 1.357342e-17 9.668217e+04
482000 8.182595e-19 -4.097660e-18 1.026174e-17 1.185326e+05
483000 2.034916e-21 -4.081663e-18 9.362823e-18 2.947767e+02
484000 5.471877e-20 -3.927093e-18 9.666328e-18 7.926529e+03
485000 5.197587e-19 -3.911339e-18 1.023842e-17 7.529194e+04
486000 8.885170e-20 -4.044184e-18 9.767379e-18 1.287100e+04
487000 2.147347e-19 -4.109119e-18 9.877447e-18 3.110634e+04
488000 1.320780e-18 -3.897916e-18 1.107907e-17 1.913274e+05
489000 1.380059e-21 -3.070722e-18 1.055057e-17 1.999145e+02
490000 9.847951e-19 -3.342957e-18 1.133103e-17 1.426568e+05
491000 1.486891e-18 -2.501023e-18 1.266587e-17 2.153901e+05
492000 3.201598e-24 -7.201491e-19 1.295985e-17 4.637815e-01
493000 1.846922e-18 -3.993706e-18 1.166765e-17 2.675441e+05
494000 2.866663e-19 -3.860069e-18 1.023058e-17 4.152631e+04
495000 9.409212e-20 -3.508576e-18 1.027222e-17 1.363013e+04
496000 1.095105e-19 -2.254461e-19 1.356406e-17 1.586363e+04
497000 5.143617e-19 -4.060023e-18 1.029201e-17 7.451014e+04
498000 1.346241e-21 -3.967698e-18 9.982902e-18 1.950156e+02
499000 1.122804e-18 -3.764237e-18 1.136781e-17 1.626487e+05
500000 3.118425e-19 -3.454654e-18 1.077731e-17 4.517332e+04
501000 2.357311e-20 -2.994578e-18 1.095140e-17 3.414787e+03
502000 2.372198e-19 -3.575664e-18 1.058443e-17 3.436352e+04
503000 8.978532e-20 -4.109812e-18 1.003132e-17 1.300625e+04
504000 3.702790e-19 -3.935862e-18 1.046662e-17 5.363840e+04
505000 3.599293e-19 -3.512979e-18 1.088695e-17 5.213915e+04
506000 1.020785e-19 -3.407808e-18 1.085427e-17 1.478703e+04
507000 3.508142e-22 -4.064711e-18 1.023943e-17 5.081874e+01
508000 4.890917e-20 -4.095625e-18 1.032765e-17 7.084954e+03
509000 2.088638e-19 -2.502887e-18 1.186598e-17 3.025589e+04
510000 1.916996e-20 -2.656972e-18 1.167869e-17 2.776949e+03
511000 9.225782e-19 -4.054741e-18 1.132072e-17 1.336441e+05
512000 2.139542e-19 -4.109383e-18 1.052963e-17 3.099328e+04
513000 2.440806e-22 -3.592778e-18 1.070073e-17 3.535737e+01
514000 8.698832e-22 -3.587961e-18 1.070198e-17 1.260108e+02
515000 2.822727e-23 -3.636270e-18 1.071580e-17 4.088985e+00
516000 8.613388e-21 -3.606509e-18 1.071342e-17 1.247730e+03
517000 1.927797e-21 -3.535435e-18 1.086763e-17 2.792595e+02
518000 2.528832e-19 -3.703232e-18 1.097899e-17 3.663251e+04
519000 2.023811e-18 -2.977766e-18 1.344668e-17 2.931681e+05
520000 1.450111e-18 -3.784254e-18 1.216560e-17 2.100622e+05
521000 7.515386e-19 -4.083730e-18 1.114060e-17 1.088674e+05
522000 1.655255e-19 -4.067402e-18 1.055124e-17 2.397792e+04
523000 3.685476e-21 -3.950396e-18 1.055446e-17 5.338759e+02
524000 4.344349e-20 -3.642592e-18 1.080085e-17 6.293199e+03
525000 2.700382e-21 -4.084575e-18 1.051744e-17 3.911758e+02
526000 5.058839e-19 -4.098293e-18 1.098070e-17 7.328204e+04
527000 6.827222e-19 -3.653962e-18 1.154876e-17 9.889874e+04
528000 2.124431e-19 -4.085515e-18 1.073311e-17 3.077438e+04
529000 9.187867e-22 -4.101110e-18 1.048366e-17 1.330949e+02
530000 2.738933e-19 -4.101541e-18 1.076120e-17 3.967602e+04
531000 1.870362e-20 -3.059601e-18 1.159910e-17 2.709395e+03
532000 2.927875e-21 -3.895331e-18 1.077632e-17 4.241302e+02
533000 4.268230e-19 -2.975428e-18 1.209139e-17 6.182932e+04
534000 3.450394e-21 -2.846997e-18 1.179645e-17 4.998221e+02
535000 1.238874e-20 -3.672364e-18 1.110003e-17 1.794626e+03
536000 1.518774e-19 -3.974907e-18 1.135192e-17 2.200087e+04
537000 5.133444e-19 -3.991737e-18 1.157425e-17 7.436277e+04
538000 1.127315e-18 -3.997198e-18 1.219441e-17 1.633022e+05
539000 8.549232e-21 -4.098065e-18 1.084430e-17 1.238437e+03
540000 9.416396e-20 -3.077799e-18 1.192963e-17 1.364054e+04
541000 3.527148e-20 -4.109151e-18 1.094315e-17 5.109406e+03
542000 3.664204e-19 -3.976267e-18 1.156450e-17 5.307945e+04
543000 5.543004e-19 -3.445358e-18 1.199222e-17 8.029563e+04
544000 1.949871e-19 -3.856780e-18 1.126451e-17 2.824572e+04
545000 2.131202e-19 -4.006561e-18 1.123996e-17 3.087246e+04
546000 5.503415e-20 -3.959608e-18 1.109347e-17 7.972214e+03
547000 5.307204e-20 -1.745737e-18 1.330734e-17 7.687984e+03
548000 6.885038e-19 -3.025760e-18 1.266274e-17 9.973626e+04
549000 2.512128e-20 -3.949509e-18 1.117221e-17 3.639054e+03
550000 1.346543e-20 -3.908000e-18 1.115547e-17 1.950594e+03
551000 6.736662e-22 -4.054592e-18 1.110755e-17 9.758689e+01
552000 1.015468e-21 -3.959663e-18 1.127953e-17 1.471001e+02
553000 2.485410e-19 -3.997222e-18 1.165996e-17 3.600350e+04
554000 5.299696e-20 -3.293342e-18 1.202613e-17 7.677108e+03
555000 1.068743e-21 -3.946105e-18 1.138589e-17 1.548175e+02
556000 4.467448e-20 -3.803610e-18 1.165191e-17 6.471519e+03
557000 3.518768e-20 -3.001970e-18 1.251322e-17 5.097267e+03
558000 1.129675e-20 -1.753724e-18 1.373757e-17 1.636441e+03
559000 2.754773e-21 -3.880148e-18 1.167853e-17 3.990547e+02
560000 1.206488e-21 -3.888985e-18 1.168599e-17 1.747711e+02
561000 4.301774e-19 -3.284393e-18 1.263480e-17 6.231525e+04
562000 1.177272e-21 -3.873304e-18 1.167686e-17 1.705390e+02
563000 3.091158e-19 -4.075244e-18 1.188227e-17 4.477833e+04
564000 6.644971e-19 -2.525445e-18 1.373905e-17 9.625866e+04
565000 3.603064e-19 -3.676420e-18 1.252679e-17 5.219378e+04
566000 4.852036e-19 -3.922130e-18 1.237146e-17 7.028630e+04
567000 6.845094e-19 -4.043681e-18 1.264645e-17 9.915762e+04
568000 4.115286e-19 -3.937501e-18 1.249055e-17 5.961379e+04
569000 3.129312e-19 -3.925605e-18 1.235725e-17 4.533103e+04
570000 1.963226e-19 -1.741788e-18 1.429453e-17 2.843918e+04
571000 1.342293e-21 -2.818591e-18 1.302275e-17 1.944438e+02
572000 9.353430e-20 -2.283179e-18 1.365035e-17 1.354932e+04
573000 5.561580e-22 -4.100957e-18 1.197484e-17 8.056472e+01
574000 2.448359e-19 -2.069015e-18 1.425582e-17 3.546678e+04
575000 1.323727e-20 -7.397069e-19 1.535353e-17 1.917543e+03
576000 4.857799e-21 -3.898605e-18 1.226850e-17 7.036978e+02
577000 1.074469e-21 -4.049133e-18 1.219922e-17 1.556469e+02
578000 6.856105e-24 -4.108222e-18 1.210065e-17 9.931714e-01
579000 5.486685e-20 -3.919007e-18 1.233715e-17 7.947980e+03
580000 2.541343e-19 -2.991973e-18 1.348596e-17 3.681374e+04
581000 2.027356e-19 -3.605837e-18 1.267691e-17 2.936817e+04
582000 4.855874e-19 -4.096713e-18 1.258209e-17 7.034191e+04
583000 5.984988e-23 -3.532871e-18 1.268880e-17 8.669818e+00
584000 3.005673e-22 -3.555009e-18 1.265348e-17 4.354000e+01
585000 1.774728e-18 -4.107601e-18 1.416201e-17 2.570860e+05
586000 6.409111e-23 -3.673634e-18 1.264647e-17 9.284200e+00
587000 2.355175e-18 -3.932997e-18 1.473413e-17 3.411693e+05
588000 1.435438e-18 -4.098004e-18 1.375927e-17 2.079367e+05
589000 1.979999e-18 -3.958479e-18 1.432101e-17 2.868214e+05
590000 6.888473e-19 -3.603378e-18 1.337193e-17 9.978602e+04
591000 2.338032e-19 -3.142684e-18 1.329347e-17 3.386859e+04
592000 3.983332e-22 -3.533567e-18 1.269880e-17 5.770231e+01
593000 7.013654e-22 -4.104281e-18 1.235437e-17 1.015994e+02
594000 2.070151e-21 -3.565912e-18 1.265504e-17 2.998808e+02
595000 1.002888e-21 -3.573453e-18 1.265771e-17 1.452778e+02
596000 5.228380e-22 -3.546937e-18 1.265749e-17 7.573801e+01
597000 9.421543e-22 -3.543927e-18 1.265990e-17 1.364799e+02
598000 5.039562e-19 -2.835711e-18 1.398824e-17 7.300279e+04
599000 1.621735e-19 -3.981970e-18 1.262592e-17 2.349235e+04
600000 1.202979e-20 -4.026330e-18 1.243654e-17 1.742629e+03
601000 5.875596e-19 -3.908846e-18 1.306761e-17 8.511354e+04
602000 1.062381e-19 -3.664998e-18 1.276619e-17 1.538960e+04
603000 1.556698e-21 -3.845929e-18 1.256595e-17 2.255024e+02
604000 6.323862e-20 -3.705197e-18 1.287351e-17 9.160709e+03
605000 1.737624e-18 -3.928814e-18 1.451111e-17 2.517112e+05
606000 9.337773e-20 -3.940933e-18 1.279690e-17 1.352664e+04
607000 3.901443e-23 -4.023693e-18 1.285611e-17 5.651607e+00
608000 9.061344e-20 -4.109633e-18 1.280485e-17 1.312621e+04
609000 5.855878e-18 -4.053325e-18 1.876645e-17 8.482790e+05
610000 2.565880e-20 -3.767676e-18 1.327039e-17 3.716918e+03
611000 3.587709e-19 -1.607880e-18 1.567089e-17 5.197134e+04
612000 5.904272e-19 -4.094224e-18 1.353806e-17 8.552894e+04
613000 1.353487e-18 -3.492834e-18 1.495276e-17 1.960654e+05
614000 2.265918e-20 -2.780647e-18 1.452201e-17 3.282396e+03
615000 4.282580e-19 -3.722755e-18 1.400572e-17 6.203721e+04
616000 1.505238e-18 -4.096170e-18 1.492240e-17 2.180479e+05
617000 1.853419e-19 -4.069250e-18 1.376290e-17 2.684852e+04
618000 3.157818e-21 -3.348544e-18 1.423358e-17 4.574396e+02
619000 1.683682e-18 -3.193747e-18 1.603600e-17 2.438972e+05
620000 1.493699e-21 -3.703464e-18 1.384770e-17 2.163764e+02
621000 2.299608e-21 -3.682158e-18 1.384922e-17 3.331198e+02
622000 2.623795e-21 -3.697449e-18 1.384701e-17 3.800814e+02
623000 4.167390e-21 -3.719312e-18 1.386209e-17 6.036857e+02
624000 9.413569e-22 -3.684023e-18 1.384704e-17 1.363644e+02
625000 2.103413e-22 -3.691512e-18 1.384440e-17 3.046992e+01
626000 3.200594e-19 -3.935747e-18 1.401483e-17 4.636361e+04
627000 8.231004e-22 -4.098351e-18 1.364876e-17 1.192338e+02
628000 6.581047e-19 -1.562996e-18 1.661511e-17 9.533267e+04
629000 5.346900e-20 -2.657591e-18 1.495165e-17 7.745488e+03
630000 4.969571e-21 -3.829795e-18 1.380884e-17 7.198891e+02
631000 2.623621e-18 -4.107989e-18 1.633067e-17 3.800562e+05
632000 1.412711e-18 -6.527843e-19 1.827993e-17 2.046445e+05
633000 1.458158e-19 -4.104571e-18 1.380140e-17 2.112279e+04
634000 1.350065e-19 -4.081456e-18 1.389923e-17 1.955696e+04
635000 9.505523e-21 -3.992233e-18 1.367199e-17 1.376964e+03
636000 7.503591e-19 -4.040823e-18 1.438337e-17 1.086966e+05
637000 5.897140e-20 -3.726549e-18 1.392419e-17 8.542562e+03
638000 7.119532e-21 -3.364483e-18 1.416264e-17 1.031331e+03
639000 2.259048e-19 -2.841454e-18 1.490445e-17 3.272444e+04
640000 2.471276e-19 -3.874325e-18 1.398438e-17 3.579876e+04
641000 1.953777e-18 -4.045200e-18 1.573839e-17 2.830230e+05
642000 1.334897e-19 -3.970123e-18 1.395619e-17 1.933724e+04
643000 1.538484e-20 -3.148865e-18 1.456293e-17 2.228639e+03
644000 4.920024e-20 -3.848138e-18 1.399610e-17 7.127118e+03
645000 6.048002e-21 -3.814640e-18 1.405211e-17 8.761100e+02
646000 1.347362e-22 -3.819826e-18 1.404292e-17 1.951780e+01
647000 4.591731e-21 -3.747665e-18 1.412582e-17 6.651555e+02
648000 7.631042e-19 -2.428934e-18 1.609417e-17 1.105428e+05
649000 1.214847e-18 -3.630154e-18 1.544105e-17 1.759821e+05
650000 4.722898e-20 -3.817764e-18 1.423429e-17 6.841563e+03
651000 2.671321e-21 -3.596668e-18 1.437931e-17 3.869660e+02
652000 3.757796e-18 -3.468597e-18 1.816961e-17 5.443521e+05
653000 1.045516e-18 -3.768655e-18 1.530366e-17 1.514528e+05
654000 2.278724e-18 -7.659987e-19 1.951273e-17 3.300946e+05
655000 3.066364e-19 -4.075271e-18 1.462068e-17 4.441917e+04
656000 4.086679e-19 -3.300664e-18 1.522808e-17 5.919939e+04
657000 1.706320e-21 -3.879891e-18 1.433646e-17 2.471765e+02
658000 1.013312e-18 -4.109985e-18 1.529193e-17 1.467878e+05
659000 4.123376e-19 -4.073000e-18 1.496424e-17 5.973097e+04
660000 1.881742e-20 -4.030156e-18 1.435684e-17 2.725881e+03
661000 2.323760e-20 -6.220053e-21 1.825702e-17 3.366185e+03
662000 3.188217e-22 -4.097122e-18 1.426097e-17 4.618433e+01
663000 4.244354e-21 -4.103127e-18 1.426582e-17 6.148346e+02
664000 1.526868e-21 -4.099323e-18 1.425585e-17 2.211813e+02
665000 2.523946e-21 -4.099522e-18 1.425664e-17 3.656174e+02
666000 5.888264e-19 -4.007922e-18 1.503694e-17 8.529705e+04
667000 2.022763e-22 -4.101082e-18 1.441742e-17 2.930162e+01
668000 5.510253e-19 -2.644106e-18 1.638692e-17 7.982120e+04
669000 1.509311e-18 -4.083683e-18 1.609331e-17 2.186379e+05
670000 1.043468e-18 -2.487506e-19 1.927472e-17 1.511562e+05
671000 1.133511e-19 -4.109049e-18 1.475786e-17 1.641997e+04
672000 3.555963e-19 -3.138463e-18 1.584985e-17 5.151147e+04
673000 3.928358e-19 -3.208424e-18 1.581194e-17 5.690596e+04
674000 1.913829e-18 -3.811846e-18 1.683057e-17 2.772361e+05
675000 2.790532e-20 -2.628978e-18 1.600967e-17 4.042348e+03
676000 2.213318e-20 -3.923176e-18 1.478963e-17 3.206200e+03
677000 1.387165e-18 -2.085476e-18 1.790169e-17 2.009438e+05
678000 1.492613e-20 -1.792356e-18 1.682257e-17 2.162191e+03
679000 9.069155e-19 -3.198762e-18 1.633982e-17 1.313752e+05
680000 1.732090e-23 -3.886846e-18 1.490389e-17 2.509096e+00
681000 2.670813e-20 -3.905195e-18 1.499406e-17 3.868923e+03
682000 2.430293e-19 -4.104344e-18 1.510781e-17 3.520508e+04
683000 1.814659e-18 -3.891521e-18 1.679569e-17 2.628704e+05
684000 7.500441e-21 -3.684724e-18 1.505332e-17 1.086509e+03
685000 1.806262e-22 -3.686841e-18 1.504529e-17 2.616541e+01
686000 1.467605e-20 -3.180092e-18 1.573257e-17 2.125963e+03
687000 5.047506e-19 -3.481920e-18 1.586400e-17 7.311788e+04
688000 1.911657e-20 -3.652186e-18 1.523622e-17 2.769215e+03
689000 5.221497e-19 -3.028871e-18 1.635657e-17 7.563829e+04
690000 7.500533e-23 -3.819018e-18 1.530973e-17 1.086523e+01
691000 7.518971e-20 -3.898751e-18 1.522174e-17 1.089194e+04
692000 1.392899e-18 -3.548869e-18 1.687656e-17 2.017746e+05
693000 2.449866e-21 -4.010773e-18 1.508436e-17 3.548862e+02
694000 6.750895e-20 -2.427934e-18 1.659958e-17 9.779307e+03
695000 3.949446e-20 -3.701911e-18 1.538338e-17 5.721145e+03
696000 5.676495e-22 -4.100810e-18 1.524673e-17 8.222937e+01
697000 5.087113e-21 -4.108581e-18 1.529393e-17 7.369162e+02
698000 6.652658e-19 -3.708617e-18 1.646177e-17 9.637001e+04
699000 3.075229e-20 -3.993554e-18 1.561173e-17 4.454758e+03
700000 2.177808e-19 -4.049974e-18 1.592793e-17 3.154759e+04
701000 4.781720e-19 -3.558919e-18 1.655658e-17 6.926771e+04
702000 2.018103e-19 -1.014412e-18 1.874740e-17 2.923413e+04
703000 1.325420e-18 -2.854873e-18 1.803931e-17 1.919996e+05
704000 6.138430e-20 -3.331784e-18 1.654849e-17 8.892093e+03
705000 3.288110e-19 -2.655989e-18 1.763046e-17 4.763137e+04
706000 1.209930e-21 -3.445422e-18 1.647885e-17 1.752698e+02
707000 3.986189e-19 -3.298224e-18 1.708162e-17 5.774370e+04
708000 9.370067e-19 -2.621252e-18 1.829509e-17 1.357342e+05
709000 2.061978e-18 -3.415953e-18 1.856613e-17 2.986970e+05
710000 2.312741e-18 -2.457449e-18 1.977529e-17 3.350222e+05
711000 8.768297e-21 -4.081392e-18 1.597009e-17 1.270170e+03
712000 6.654921e-19 -3.551231e-18 1.722796e-17 9.640280e+04
713000 2.260278e-18 -1.715194e-18 2.058508e-17 3.274225e+05
714000 7.756161e-20 -1.868355e-18 1.836921e-17 1.123553e+04
715000 3.672749e-20 -4.107177e-18 1.650165e-17 5.320323e+03
716000 5.087045e-21 -3.733193e-18 1.659199e-17 7.369064e+02
717000 3.201406e-20 -2.266003e-18 1.804601e-17 4.637539e+03
718000 3.095446e-19 -3.599882e-18 1.708499e-17 4.484045e+04
719000 2.056988e-19 -5.610855e-19 1.992461e-17 2.979741e+04
720000 6.116549e-19 -3.507498e-18 1.744405e-17 8.860397e+04
721000 1.650099e-18 -3.895251e-18 1.825263e-17 2.390323e+05
722000 1.689606e-19 -3.658729e-18 1.700796e-17 2.447553e+04
723000 1.029153e-19 -4.075572e-18 1.681627e-17 1.490825e+04
724000 1.640569e-18 -2.183965e-18 1.985660e-17 2.376519e+05
725000 4.132556e-18 -3.291018e-18 2.126723e-17 5.986397e+05
726000 1.356759e-18 -1.457525e-18 2.029923e-17 1.965393e+05
727000 2.321779e-19 -2.842203e-18 1.782963e-17 3.363316e+04
728000 3.891174e-22 -3.540166e-18 1.692908e-17 5.636731e+01
729000 7.682869e-19 -3.824400e-18 1.746798e-17 1.112936e+05
730000 2.185076e-19 -4.071248e-18 1.692165e-17 3.165288e+04
731000 8.124101e-19 -3.629131e-18 1.779333e-17 1.176853e+05
732000 2.525824e-20 -3.811972e-18 1.698186e-17 3.658894e+03
733000 1.103017e-19 -2.774621e-18 1.797614e-17 1.597824e+04
734000 3.544188e-22 -4.084371e-18 1.668774e-17 5.134090e+01
735000 9.408389e-19 -3.475883e-18 1.818399e-17 1.362894e+05
736000 4.940279e-19 -3.372949e-18 1.788163e-17 7.156459e+04
737000 3.408466e-22 -3.949798e-18 1.693079e-17 4.937484e+01
738000 4.571636e-19 -3.048806e-18 1.818669e-17 6.622445e+04
739000 8.739411e-19 -3.613908e-18 1.814591e-17 1.265986e+05
740000 3.832790e-21 -3.613448e-18 1.739555e-17 5.552157e+02
741000 3.693977e-21 -1.764485e-18 1.911921e-17 5.351074e+02
742000 5.123525e-19 -3.608597e-18 1.788190e-17 7.421909e+04
743000 1.255085e-18 -4.025857e-18 1.832283e-17 1.818108e+05
744000 9.737006e-24 -1.408162e-18 1.947185e-17 1.410497e+00
745000 8.139937e-19 -4.023196e-18 1.795852e-17 1.179146e+05
746000 1.075927e-19 -4.098127e-18 1.711429e-17 1.558581e+04
747000 4.471942e-20 -4.076430e-18 1.709824e-17 6.478028e+03
748000 6.666309e-24 -3.853701e-18 1.727523e-17 9.656775e-01
749000 6.942280e-19 -2.529665e-18 1.916754e-17 1.005655e+05
750000 9.424549e-19 -3.460090e-18 1.849294e-17 1.365235e+05
751000 8.612431e-19 -3.965013e-18 1.805932e-17 1.247592e+05
752000 3.270540e-19 -1.113690e-18 2.021336e-17 4.737685e+04
753000 3.196507e-21 -4.104843e-18 1.705888e-17 4.630441e+02
754000 2.288915e-20 -2.417201e-18 1.872570e-17 3.315709e+03
755000 1.556613e-19 -2.495009e-18 1.878133e-17 2.254900e+04
756000 3.378865e-19 -3.983870e-18 1.769134e-17 4.894605e+04
757000 9.109343e-20 -3.635207e-18 1.772476e-17 1.319574e+04
758000 8.300223e-19 -4.109564e-18 1.799669e-17 1.202365e+05
759000 3.087770e-19 -4.063227e-18 1.753491e-17 4.472925e+04
760000 3.608084e-19 -2.600490e-18 1.888032e-17 5.226649e+04
761000 6.876856e-20 -4.474269e-19 2.074134e-17 9.961774e+03
762000 4.182086e-20 -3.937083e-18 1.733668e-17 6.058145e+03
763000 7.770877e-20 -4.096888e-18 1.721426e-17 1.125685e+04
764000 1.906525e-19 -2.895485e-18 1.841518e-17 2.761781e+04
765000 1.645466e-19 -3.404739e-18 1.787984e-17 2.383612e+04
766000 4.221714e-19 -3.905190e-18 1.773723e-17 6.115550e+04
767000 4.098808e-21 -3.576108e-18 1.755496e-17 5.937509e+02
768000 6.530398e-19 -3.776198e-18 1.810454e-17 9.459896e+04
769000 1.916799e-18 -2.402002e-18 2.075480e-17 2.776664e+05
770000 1.174884e-19 -3.840343e-18 1.763722e-17 1.701931e+04
771000 2.674280e-20 -1.747076e-18 1.951967e-17 3.873946e+03
772000 2.811418e-20 -3.784314e-18 1.772040e-17 4.072603e+03
773000 1.572691e-19 -5.744433e-19 2.106283e-17 2.278191e+04
774000 2.233887e-18 -3.918747e-18 1.996985e-17 3.235995e+05
775000 4.649375e-20 -3.972576e-18 1.766469e-17 6.735057e+03
776000 3.566153e-21 -3.794094e-18 1.782516e-17 5.165908e+02
777000 1.886479e-21 -3.811933e-18 1.782389e-17 2.732742e+02
778000 9.100789e-21 -4.023799e-18 1.772413e-17 1.318335e+03
779000 9.128056e-19 -4.058111e-18 1.866199e-17 1.322285e+05
780000 1.223037e-18 -2.622251e-18 2.036512e-17 1.771684e+05
781000 4.309904e-20 -3.952578e-18 1.793506e-17 6.243302e+03
782000 2.220346e-19 -6.626324e-19 2.127940e-17 3.216380e+04
783000 5.209773e-20 -3.786316e-18 1.824044e-17 7.546846e+03
784000 4.213612e-19 -3.619932e-18 1.889622e-17 6.103813e+04
785000 1.699880e-18 -1.913773e-18 2.174611e-17 2.462436e+05
786000 2.529330e-18 -3.801163e-18 2.084267e-17 3.663972e+05
787000 1.627737e-18 -3.784353e-18 1.981846e-17 2.357930e+05
788000 8.552909e-20 -3.505875e-18 1.886394e-17 1.238969e+04
789000 1.211495e-18 -3.680359e-18 1.989881e-17 1.754964e+05
790000 6.998546e-19 -3.962742e-18 1.909132e-17 1.013805e+05
791000 8.381817e-19 -2.253052e-18 2.078513e-17 1.214185e+05
792000 5.338437e-19 -8.260418e-19 2.202780e-17 7.733228e+04
793000 8.881161e-19 -3.899370e-18 1.945983e-17 1.286520e+05
794000 7.561922e-21 -2.976751e-18 1.947520e-17 1.095416e+03
795000 1.652855e-21 -3.003646e-18 1.946434e-17 2.394317e+02
796000 5.784081e-19 -9.562593e-19 2.206215e-17 8.378785e+04
797000 1.163006e-18 -3.766913e-18 1.993138e-17 1.684723e+05
798000 3.401544e-23 -3.945784e-18 1.861641e-17 4.927456e+00
799000 1.673053e-21 -3.433344e-18 1.906171e-17 2.423575e+02
800000 1.652615e-20 -3.729354e-18 1.879979e-17 2.393969e+03
801000 2.236183e-21 -4.095471e-18 1.865001e-17 3.239321e+02
802000 9.077895e-19 -3.973502e-18 1.957026e-17 1.315019e+05
803000 1.190603e-18 -3.205048e-18 2.045705e-17 1.724700e+05
804000 9.872215e-19 -2.735285e-18 2.079454e-17 1.430083e+05
805000 3.976814e-19 -2.245520e-18 2.059216e-17 5.760789e+04
806000 1.577132e-19 -4.047044e-18 1.881747e-17 2.284624e+04
807000 6.839206e-19 -3.780029e-18 1.936079e-17 9.907233e+04
808000 2.004023e-19 -3.960259e-18 1.894687e-17 2.903015e+04
809000 2.340650e-18 -3.524068e-18 2.130245e-17 3.390652e+05
810000 1.561118e-19 -3.600888e-18 1.899529e-17 2.261427e+04
811000 1.980456e-19 -9.709437e-20 2.254095e-17 2.868877e+04
812000 2.259130e-21 -1.270492e-18 2.117177e-17 3.272563e+02
813000 3.623417e-20 -3.080347e-18 1.963489e-17 5.248860e+03
814000 6.618033e-20 -1.720637e-18 2.090554e-17 9.586843e+03
815000 7.336685e-20 -3.367791e-18 1.926667e-17 1.062788e+04
816000 5.387054e-20 -1.729488e-18 2.091366e-17 7.803655e+03
817000 1.644835e-18 -3.574090e-18 2.083389e-17 2.382699e+05
818000 2.215847e-19 -2.029176e-18 2.087241e-17 3.209863e+04
819000 1.540440e-23 -4.071861e-18 1.898674e-17 2.231473e+00
820000 6.508340e-19 -4.049457e-18 1.947907e-17 9.427943e+04
821000 9.800846e-19 -2.933729e-18 2.073277e-17 1.419745e+05
822000 2.579381e-19 -3.130827e-18 1.983472e-17 3.736476e+04
823000 1.957731e-18 -4.035475e-18 2.066766e-17 2.835958e+05
824000 3.503634e-18 -3.342797e-18 2.289828e-17 5.075343e+05
825000 1.911643e-19 -3.159629e-18 1.989106e-17 2.769195e+04
826000 4.474372e-20 -4.106307e-18 1.900511e-17 6.481549e+03
827000 3.475930e-19 -3.860569e-18 1.939733e-17 5.035211e+04
828000 2.961612e-20 -2.852474e-18 1.998511e-17 4.290173e+03
829000 3.663736e-19 -2.784292e-19 2.288794e-17 5.307267e+04
830000 4.605593e-19 -3.961528e-18 1.951858e-17 6.671635e+04
831000 1.221345e-18 -4.020796e-18 2.013958e-17 1.769234e+05
832000 1.641758e-18 -2.837475e-18 2.160853e-17 2.378242e+05
833000 1.384972e-18 -4.109693e-18 2.020705e-17 2.006262e+05
834000 6.213367e-23 -2.982441e-18 1.982437e-17 9.000647e+00
835000 9.634553e-19 -2.768952e-18 2.099476e-17 1.395656e+05
836000 2.168634e-19 -4.014575e-18 1.923487e-17 3.141471e+04
837000 1.732570e-20 -3.573602e-18 1.924957e-17 2.509791e+03
838000 3.280747e-19 -3.642510e-18 1.959721e-17 4.752471e+04
839000 6.832825e-19 -3.992933e-18 1.962503e-17 9.897990e+04
840000 1.801015e-19 -4.008700e-18 1.910301e-17 2.608939e+04
841000 3.458234e-21 -3.955766e-18 1.898024e-17 5.009577e+02
842000 6.778615e-21 -3.174990e-18 1.964028e-17 9.819462e+02
843000 3.331877e-22 -3.727086e-18 1.910450e-17 4.826537e+01
844000 6.603192e-19 -3.227953e-18 2.024560e-17 9.565346e+04
845000 6.631095e-22 -3.776705e-18 1.912985e-17 9.605765e+01
846000 4.296472e-20 -3.763966e-18 1.917118e-17 6.223844e+03
847000 7.084042e-19 -4.089173e-18 1.959516e-17 1.026190e+05
848000 3.887248e-19 -3.072416e-18 2.012923e-17 5.631044e+04
849000 2.084569e-19 -3.915560e-18 1.918900e-17 3.019695e+04
850000 6.766347e-21 -3.505044e-18 1.936168e-17 9.801690e+02
851000 1.164982e-18 -4.109974e-18 2.000030e-17 1.687585e+05
852000 6.123701e-20 -3.453275e-18 1.941456e-17 8.870757e+03
853000 5.658819e-20 -5.172965e-19 2.233929e-17 8.197332e+03
854000 2.539971e-19 -3.792745e-18 1.939226e-17 3.679388e+04
855000 6.366224e-20 -3.649265e-18 1.925905e-17 9.222075e+03
856000 3.911037e-22 -3.726468e-18 1.915093e-17 5.665505e+01
857000 2.642177e-21 -2.625816e-18 2.022425e-17 3.827442e+02
858000 6.684260e-19 -4.059965e-18 1.966107e-17 9.682780e+04
859000 5.382906e-21 -3.682882e-18 1.921721e-17 7.797645e+02
860000 2.349034e-18 -3.738926e-18 2.146366e-17 3.402797e+05
861000 1.728925e-18 -3.127907e-18 2.170278e-17 2.504511e+05
862000 3.136939e-20 -2.935605e-18 2.014139e-17 4.544151e+03
863000 6.475654e-21 -1.734518e-18 2.131196e-17 9.380594e+02
864000 1.004771e-18 -3.579113e-18 2.055101e-17 1.455505e+05
865000 7.868520e-19 -3.522356e-18 2.030456e-17 1.139829e+05
866000 6.228738e-20 -4.031955e-18 1.933487e-17 9.022913e+03
867000 8.523187e-22 -3.752178e-18 1.936730e-17 1.234664e+02
868000 5.835348e-21 -3.780106e-18 1.951991e-17 8.453051e+02
869000 4.448532e-19 -1.975253e-18 2.162960e-17 6.444117e+04
870000 9.223524e-20 -3.704057e-18 1.968897e-17 1.336114e+04
871000 1.176553e-23 -4.034231e-18 1.928451e-17 1.704348e+00
872000 6.654780e-21 -3.287836e-18 1.993853e-17 9.640075e+02
873000 1.518995e-18 -4.040628e-18 2.084291e-17 2.200407e+05
874000 2.823497e-19 -1.744387e-19 2.326791e-17 4.090101e+04
875000 1.411625e-18 -3.463300e-18 2.118326e-17 2.044872e+05
876000 1.885666e-18 -3.782498e-18 2.147484e-17 2.731564e+05
877000 5.487645e-19 -7.300716e-19 2.309869e-17 7.949370e+04
878000 4.488247e-19 -3.920643e-18 2.011735e-17 6.501649e+04
879000 6.878088e-19 -3.244414e-18 2.091021e-17 9.963557e+04
