FX FY FZ 
3.446584e-10 0.000000e+00 0.000000e+00
2.251417e-10 0.000000e+00 0.000000e+00
-2.936856e-10 0.000000e+00 0.000000e+00
-8.247557e-10 0.000000e+00 0.000000e+00
4.685273e-10 0.000000e+00 0.000000e+00
-2.639766e-10 0.000000e+00 0.000000e+00
5.034530e-11 0.000000e+00 0.000000e+00
4.278900e-10 0.000000e+00 0.000000e+00
2.410737e-10 0.000000e+00 0.000000e+00
6.875752e-11 0.000000e+00 0.000000e+00
4.209515e-10 0.000000e+00 0.000000e+00
5.653394e-10 0.000000e+00 0.000000e+00
4.977063e-10 0.000000e+00 0.000000e+00
4.772220e-10 0.000000e+00 0.000000e+00
4.781989e-10 0.000000e+00 0.000000e+00
4.969856e-10 0.000000e+00 0.000000e+00
1.493851e-10 0.000000e+00 0.000000e+00
2.682799e-10 0.000000e+00 0.000000e+00
3.721668e-10 0.000000e+00 0.000000e+00
2.595468e-10 0.000000e+00 0.000000e+00
-8.564682e-11 0.000000e+00 0.000000e+00
-1.797197e-10 0.000000e+00 0.000000e+00
-1.839276e-10 0.000000e+00 0.000000e+00
-1.544995e-10 0.000000e+00 0.000000e+00
-1.335524e-10 0.000000e+00 0.000000e+00
-1.568096e-10 0.000000e+00 0.000000e+00
-2.173521e-10 0.000000e+00 0.000000e+00
-2.108137e-10 0.000000e+00 0.000000e+00
-2.230787e-10 0.000000e+00 0.000000e+00
-2.026058e-10 0.000000e+00 0.000000e+00
-2.241598e-10 0.000000e+00 0.000000e+00
2.411895e-10 0.000000e+00 0.000000e+00
8.455886e-12 0.000000e+00 0.000000e+00
1.264135e-10 0.000000e+00 0.000000e+00
2.788180e-10 0.000000e+00 0.000000e+00
5.213996e-11 0.000000e+00 0.000000e+00
1.484708e-10 0.000000e+00 0.000000e+00
2.806452e-10 0.000000e+00 0.000000e+00
2.748537e-10 0.000000e+00 0.000000e+00
3.589028e-10 0.000000e+00 0.000000e+00
2.417894e-10 0.000000e+00 0.000000e+00
3.726001e-10 0.000000e+00 0.000000e+00
3.322752e-10 0.000000e+00 0.000000e+00
3.705449e-10 0.000000e+00 0.000000e+00
4.067395e-10 0.000000e+00 0.000000e+00
3.008139e-10 0.000000e+00 0.000000e+00
-5.445391e-10 0.000000e+00 0.000000e+00
-3.167150e-10 0.000000e+00 0.000000e+00
-3.688729e-10 0.000000e+00 0.000000e+00
-3.894849e-10 0.000000e+00 0.000000e+00
-1.095189e-09 0.000000e+00 0.000000e+00
-1.261431e-09 0.000000e+00 0.000000e+00
-1.752179e-09 0.000000e+00 0.000000e+00
-1.236275e-09 0.000000e+00 0.000000e+00
-1.317184e-09 0.000000e+00 0.000000e+00
-1.555132e-09 0.000000e+00 0.000000e+00
-1.826611e-09 0.000000e+00 0.000000e+00
-1.792328e-09 0.000000e+00 0.000000e+00
-1.681160e-09 0.000000e+00 0.000000e+00
-1.695436e-09 0.000000e+00 0.000000e+00
-1.666485e-09 0.000000e+00 0.000000e+00
-1.803391e-09 0.000000e+00 0.000000e+00
-2.381639e-09 0.000000e+00 0.000000e+00
-1.739224e-09 0.000000e+00 0.000000e+00
-1.835992e-09 0.000000e+00 0.000000e+00
-1.816888e-09 0.000000e+00 0.000000e+00
-6.554739e-10 0.000000e+00 0.000000e+00
-4.919596e-10 0.000000e+00 0.000000e+00
-6.337536e-10 0.000000e+00 0.000000e+00
-3.848469e-10 0.000000e+00 0.000000e+00
-4.341339e-10 0.000000e+00 0.000000e+00
-8.984015e-10 0.000000e+00 0.000000e+00
-8.032897e-10 0.000000e+00 0.000000e+00
-6.333003e-10 0.000000e+00 0.000000e+00
-8.804042e-10 0.000000e+00 0.000000e+00
-9.045172e-10 0.000000e+00 0.000000e+00
-1.007053e-09 0.000000e+00 0.000000e+00
-9.901803e-10 0.000000e+00 0.000000e+00
-9.856572e-10 0.000000e+00 0.000000e+00
-1.009302e-09 0.000000e+00 0.000000e+00
-9.685419e-10 0.000000e+00 0.000000e+00
-5.177202e-10 0.000000e+00 0.000000e+00
-5.312064e-10 0.000000e+00 0.000000e+00
-6.395171e-10 0.000000e+00 0.000000e+00
-7.657558e-10 0.000000e+00 0.000000e+00
-7.840075e-10 0.000000e+00 0.000000e+00
-5.190338e-10 0.000000e+00 0.000000e+00
-5.916064e-10 0.000000e+00 0.000000e+00
-5.787588e-10 0.000000e+00 0.000000e+00
-5.756778e-10 0.000000e+00 0.000000e+00
-6.723366e-10 0.000000e+00 0.000000e+00
-5.035542e-10 0.000000e+00 0.000000e+00
-4.959892e-10 0.000000e+00 0.000000e+00
-6.045772e-10 0.000000e+00 0.000000e+00
-6.113486e-10 0.000000e+00 0.000000e+00
-5.293543e-10 0.000000e+00 0.000000e+00
-1.189475e-09 0.000000e+00 0.000000e+00
-1.233710e-09 0.000000e+00 0.000000e+00
-1.370770e-09 0.000000e+00 0.000000e+00
-1.177973e-09 0.000000e+00 0.000000e+00
-1.428181e-09 0.000000e+00 0.000000e+00
1.216969e-10 0.000000e+00 0.000000e+00
1.801985e-10 0.000000e+00 0.000000e+00
1.077677e-10 0.000000e+00 0.000000e+00
1.994746e-10 0.000000e+00 0.000000e+00
1.132099e-10 0.000000e+00 0.000000e+00
-2.131523e-09 0.000000e+00 0.000000e+00
-2.180659e-09 0.000000e+00 0.000000e+00
-2.140757e-09 0.000000e+00 0.000000e+00
-1.925822e-09 0.000000e+00 0.000000e+00
-2.078723e-09 0.000000e+00 0.000000e+00
-1.900203e-09 0.000000e+00 0.000000e+00
-1.933691e-09 0.000000e+00 0.000000e+00
-1.961695e-09 0.000000e+00 0.000000e+00
-1.926606e-09 0.000000e+00 0.000000e+00
-1.967194e-09 0.000000e+00 0.000000e+00
-3.243438e-10 0.000000e+00 0.000000e+00
-3.490982e-10 0.000000e+00 0.000000e+00
-3.347277e-10 0.000000e+00 0.000000e+00
-3.674779e-10 0.000000e+00 0.000000e+00
-3.289365e-10 0.000000e+00 0.000000e+00
-3.642197e-10 0.000000e+00 0.000000e+00
-3.760921e-10 0.000000e+00 0.000000e+00
-3.927585e-10 0.000000e+00 0.000000e+00
-3.679378e-10 0.000000e+00 0.000000e+00
-3.775162e-10 0.000000e+00 0.000000e+00
3.309016e-10 0.000000e+00 0.000000e+00
3.761290e-10 0.000000e+00 0.000000e+00
3.655581e-10 0.000000e+00 0.000000e+00
3.601252e-10 0.000000e+00 0.000000e+00
3.988117e-10 0.000000e+00 0.000000e+00
5.448493e-10 0.000000e+00 0.000000e+00
5.381440e-10 0.000000e+00 0.000000e+00
5.278869e-10 0.000000e+00 0.000000e+00
5.176965e-10 0.000000e+00 0.000000e+00
5.593236e-10 0.000000e+00 0.000000e+00
6.311654e-10 0.000000e+00 0.000000e+00
5.863418e-10 0.000000e+00 0.000000e+00
5.994243e-10 0.000000e+00 0.000000e+00
6.304636e-10 0.000000e+00 0.000000e+00
6.163353e-10 0.000000e+00 0.000000e+00
6.194516e-10 0.000000e+00 0.000000e+00
6.308896e-10 0.000000e+00 0.000000e+00
6.056922e-10 0.000000e+00 0.000000e+00
5.942231e-10 0.000000e+00 0.000000e+00
6.052698e-10 0.000000e+00 0.000000e+00
5.918561e-10 0.000000e+00 0.000000e+00
5.754924e-10 0.000000e+00 0.000000e+00
5.887550e-10 0.000000e+00 0.000000e+00
5.967204e-10 0.000000e+00 0.000000e+00
5.899337e-10 0.000000e+00 0.000000e+00
5.774875e-10 0.000000e+00 0.000000e+00
5.700835e-10 0.000000e+00 0.000000e+00
5.766681e-10 0.000000e+00 0.000000e+00
5.779111e-10 0.000000e+00 0.000000e+00
5.670968e-10 0.000000e+00 0.000000e+00
5.785112e-10 0.000000e+00 0.000000e+00
5.793258e-10 0.000000e+00 0.000000e+00
5.785194e-10 0.000000e+00 0.000000e+00
5.801824e-10 0.000000e+00 0.000000e+00
5.794517e-10 0.000000e+00 0.000000e+00
6.216876e-10 0.000000e+00 0.000000e+00
6.111072e-10 0.000000e+00 0.000000e+00
6.265947e-10 0.000000e+00 0.000000e+00
6.299132e-10 0.000000e+00 0.000000e+00
6.289019e-10 0.000000e+00 0.000000e+00
6.139354e-10 0.000000e+00 0.000000e+00
6.148567e-10 0.000000e+00 0.000000e+00
6.172996e-10 0.000000e+00 0.000000e+00
6.239425e-10 0.000000e+00 0.000000e+00
6.211344e-10 0.000000e+00 0.000000e+00
6.123470e-10 0.000000e+00 0.000000e+00
6.154544e-10 0.000000e+00 0.000000e+00
6.131806e-10 0.000000e+00 0.000000e+00
6.150336e-10 0.000000e+00 0.000000e+00
6.180989e-10 0.000000e+00 0.000000e+00
5.969199e-10 0.000000e+00 0.000000e+00
5.987505e-10 0.000000e+00 0.000000e+00
5.994911e-10 0.000000e+00 0.000000e+00
5.965333e-10 0.000000e+00 0.000000e+00
5.966809e-10 0.000000e+00 0.000000e+00
6.122270e-10 0.000000e+00 0.000000e+00
6.117540e-10 0.000000e+00 0.000000e+00
6.108674e-10 0.000000e+00 0.000000e+00
6.115360e-10 0.000000e+00 0.000000e+00
6.142298e-10 0.000000e+00 0.000000e+00
3.239016e-10 0.000000e+00 0.000000e+00
3.458901e-10 0.000000e+00 0.000000e+00
3.569436e-10 0.000000e+00 0.000000e+00
3.565407e-10 0.000000e+00 0.000000e+00
3.450521e-10 0.000000e+00 0.000000e+00
3.792582e-10 0.000000e+00 0.000000e+00
3.658512e-10 0.000000e+00 0.000000e+00
3.778489e-10 0.000000e+00 0.000000e+00
3.774230e-10 0.000000e+00 0.000000e+00
3.673543e-10 0.000000e+00 0.000000e+00
4.703529e-10 0.000000e+00 0.000000e+00
4.692396e-10 0.000000e+00 0.000000e+00
4.738716e-10 0.000000e+00 0.000000e+00
4.448438e-10 0.000000e+00 0.000000e+00
4.510127e-10 0.000000e+00 0.000000e+00
4.675523e-10 0.000000e+00 0.000000e+00
4.716826e-10 0.000000e+00 0.000000e+00
4.651346e-10 0.000000e+00 0.000000e+00
4.767104e-10 0.000000e+00 0.000000e+00
4.719485e-10 0.000000e+00 0.000000e+00
5.444841e-12 0.000000e+00 0.000000e+00
-6.273652e-13 0.000000e+00 0.000000e+00
-2.254539e-11 0.000000e+00 0.000000e+00
-4.355992e-11 0.000000e+00 0.000000e+00
-1.364678e-11 0.000000e+00 0.000000e+00
2.028733e-10 0.000000e+00 0.000000e+00
2.131871e-10 0.000000e+00 0.000000e+00
1.701778e-10 0.000000e+00 0.000000e+00
1.529035e-10 0.000000e+00 0.000000e+00
1.500026e-10 0.000000e+00 0.000000e+00
2.722116e-10 0.000000e+00 0.000000e+00
2.731047e-10 0.000000e+00 0.000000e+00
2.777371e-10 0.000000e+00 0.000000e+00
2.683453e-10 0.000000e+00 0.000000e+00
2.748426e-10 0.000000e+00 0.000000e+00
2.020417e-10 0.000000e+00 0.000000e+00
1.965172e-10 0.000000e+00 0.000000e+00
1.765816e-10 0.000000e+00 0.000000e+00
1.815813e-10 0.000000e+00 0.000000e+00
1.868382e-10 0.000000e+00 0.000000e+00
5.362203e-10 0.000000e+00 0.000000e+00
5.254434e-10 0.000000e+00 0.000000e+00
5.147401e-10 0.000000e+00 0.000000e+00
5.421354e-10 0.000000e+00 0.000000e+00
5.345848e-10 0.000000e+00 0.000000e+00
5.211916e-10 0.000000e+00 0.000000e+00
5.176006e-10 0.000000e+00 0.000000e+00
5.152562e-10 0.000000e+00 0.000000e+00
5.255831e-10 0.000000e+00 0.000000e+00
5.168927e-10 0.000000e+00 0.000000e+00
5.487869e-10 0.000000e+00 0.000000e+00
5.462378e-10 0.000000e+00 0.000000e+00
5.473866e-10 0.000000e+00 0.000000e+00
5.464253e-10 0.000000e+00 0.000000e+00
5.478887e-10 0.000000e+00 0.000000e+00
2.561511e-11 0.000000e+00 0.000000e+00
1.347323e-11 0.000000e+00 0.000000e+00
2.406481e-11 0.000000e+00 0.000000e+00
-2.033450e-10 0.000000e+00 0.000000e+00
-7.044253e-11 0.000000e+00 0.000000e+00
3.869189e-10 0.000000e+00 0.000000e+00
5.226500e-10 0.000000e+00 0.000000e+00
3.200186e-10 0.000000e+00 0.000000e+00
3.318110e-10 0.000000e+00 0.000000e+00
3.275199e-10 0.000000e+00 0.000000e+00
2.181438e-10 0.000000e+00 0.000000e+00
2.129170e-10 0.000000e+00 0.000000e+00
2.108721e-10 0.000000e+00 0.000000e+00
2.133788e-10 0.000000e+00 0.000000e+00
2.119348e-10 0.000000e+00 0.000000e+00
6.281958e-10 0.000000e+00 0.000000e+00
6.300665e-10 0.000000e+00 0.000000e+00
6.322260e-10 0.000000e+00 0.000000e+00
6.323895e-10 0.000000e+00 0.000000e+00
6.278902e-10 0.000000e+00 0.000000e+00
6.322842e-10 0.000000e+00 0.000000e+00
6.319131e-10 0.000000e+00 0.000000e+00
6.327426e-10 0.000000e+00 0.000000e+00
6.316947e-10 0.000000e+00 0.000000e+00
6.324527e-10 0.000000e+00 0.000000e+00
6.324244e-10 0.000000e+00 0.000000e+00
6.315262e-10 0.000000e+00 0.000000e+00
6.325246e-10 0.000000e+00 0.000000e+00
6.324743e-10 0.000000e+00 0.000000e+00
6.326831e-10 0.000000e+00 0.000000e+00
6.238818e-10 0.000000e+00 0.000000e+00
6.246178e-10 0.000000e+00 0.000000e+00
6.258756e-10 0.000000e+00 0.000000e+00
6.239738e-10 0.000000e+00 0.000000e+00
6.238959e-10 0.000000e+00 0.000000e+00
6.079115e-10 0.000000e+00 0.000000e+00
5.914159e-10 0.000000e+00 0.000000e+00
5.893139e-10 0.000000e+00 0.000000e+00
5.138992e-10 0.000000e+00 0.000000e+00
6.049748e-10 0.000000e+00 0.000000e+00
6.304616e-10 0.000000e+00 0.000000e+00
6.300728e-10 0.000000e+00 0.000000e+00
6.309554e-10 0.000000e+00 0.000000e+00
6.312333e-10 0.000000e+00 0.000000e+00
6.310942e-10 0.000000e+00 0.000000e+00
6.313026e-10 0.000000e+00 0.000000e+00
6.322077e-10 0.000000e+00 0.000000e+00
6.311811e-10 0.000000e+00 0.000000e+00
6.311059e-10 0.000000e+00 0.000000e+00
6.318919e-10 0.000000e+00 0.000000e+00
6.309572e-10 0.000000e+00 0.000000e+00
6.211057e-10 0.000000e+00 0.000000e+00
6.214186e-10 0.000000e+00 0.000000e+00
6.241826e-10 0.000000e+00 0.000000e+00
6.250883e-10 0.000000e+00 0.000000e+00
6.299126e-10 0.000000e+00 0.000000e+00
6.296588e-10 0.000000e+00 0.000000e+00
7.900160e-11 0.000000e+00 0.000000e+00
-4.306058e-11 0.000000e+00 0.000000e+00
1.718059e-10 0.000000e+00 0.000000e+00
4.809347e-10 0.000000e+00 0.000000e+00
8.131546e-10 0.000000e+00 0.000000e+00
9.898023e-10 0.000000e+00 0.000000e+00
4.881220e-10 0.000000e+00 0.000000e+00
6.985393e-10 0.000000e+00 0.000000e+00
3.588441e-10 0.000000e+00 0.000000e+00
5.309384e-10 0.000000e+00 0.000000e+00
5.929517e-10 0.000000e+00 0.000000e+00
2.966766e-10 0.000000e+00 0.000000e+00
4.988855e-10 0.000000e+00 0.000000e+00
-3.812339e-10 0.000000e+00 0.000000e+00
4.664796e-13 0.000000e+00 0.000000e+00
-4.911554e-10 0.000000e+00 0.000000e+00
-3.577770e-10 0.000000e+00 0.000000e+00
-1.432170e-10 0.000000e+00 0.000000e+00
-4.347456e-10 0.000000e+00 0.000000e+00
-4.211768e-10 0.000000e+00 0.000000e+00
-3.010916e-10 0.000000e+00 0.000000e+00
-3.223219e-10 0.000000e+00 0.000000e+00
-3.050541e-10 0.000000e+00 0.000000e+00
-1.659991e-10 0.000000e+00 0.000000e+00
-2.820182e-10 0.000000e+00 0.000000e+00
-2.118665e-10 0.000000e+00 0.000000e+00
-2.601632e-10 0.000000e+00 0.000000e+00
-2.398917e-10 0.000000e+00 0.000000e+00
-2.125120e-10 0.000000e+00 0.000000e+00
-1.998964e-10 0.000000e+00 0.000000e+00
-1.957999e-10 0.000000e+00 0.000000e+00
-1.921376e-10 0.000000e+00 0.000000e+00
-2.088622e-10 0.000000e+00 0.000000e+00
-4.166075e-10 0.000000e+00 0.000000e+00
-3.543229e-10 0.000000e+00 0.000000e+00
-5.390107e-10 0.000000e+00 0.000000e+00
-3.791546e-10 0.000000e+00 0.000000e+00
-4.784519e-10 0.000000e+00 0.000000e+00
-6.106833e-11 0.000000e+00 0.000000e+00
-8.888660e-11 0.000000e+00 0.000000e+00
-2.868389e-11 0.000000e+00 0.000000e+00
5.616237e-11 0.000000e+00 0.000000e+00
-5.144831e-12 0.000000e+00 0.000000e+00
-1.120365e-10 0.000000e+00 0.000000e+00
-6.151727e-11 0.000000e+00 0.000000e+00
-8.449967e-11 0.000000e+00 0.000000e+00
-5.602343e-11 0.000000e+00 0.000000e+00
-9.404461e-11 0.000000e+00 0.000000e+00
-4.498425e-10 0.000000e+00 0.000000e+00
-4.047520e-10 0.000000e+00 0.000000e+00
-4.183121e-10 0.000000e+00 0.000000e+00
-4.133487e-10 0.000000e+00 0.000000e+00
-3.613407e-10 0.000000e+00 0.000000e+00
-3.409364e-10 0.000000e+00 0.000000e+00
-3.389253e-10 0.000000e+00 0.000000e+00
-3.341135e-10 0.000000e+00 0.000000e+00
-3.337860e-10 0.000000e+00 0.000000e+00
-3.286487e-10 0.000000e+00 0.000000e+00
-4.007758e-10 0.000000e+00 0.000000e+00
-4.484915e-10 0.000000e+00 0.000000e+00
-4.401574e-10 0.000000e+00 0.000000e+00
-4.043674e-10 0.000000e+00 0.000000e+00
-4.270782e-10 0.000000e+00 0.000000e+00
-4.039230e-10 0.000000e+00 0.000000e+00
-3.830591e-10 0.000000e+00 0.000000e+00
-3.872425e-10 0.000000e+00 0.000000e+00
-3.950527e-10 0.000000e+00 0.000000e+00
-4.056317e-10 0.000000e+00 0.000000e+00
-3.818028e-10 0.000000e+00 0.000000e+00
-3.821762e-10 0.000000e+00 0.000000e+00
-3.917123e-10 0.000000e+00 0.000000e+00
-3.745529e-10 0.000000e+00 0.000000e+00
-3.826708e-10 0.000000e+00 0.000000e+00
8.723935e-10 0.000000e+00 0.000000e+00
8.335595e-10 0.000000e+00 0.000000e+00
8.833437e-10 0.000000e+00 0.000000e+00
9.291487e-10 0.000000e+00 0.000000e+00
1.039427e-09 0.000000e+00 0.000000e+00
7.859642e-10 0.000000e+00 0.000000e+00
8.075400e-10 0.000000e+00 0.000000e+00
9.128899e-10 0.000000e+00 0.000000e+00
7.686994e-10 0.000000e+00 0.000000e+00
7.831044e-10 0.000000e+00 0.000000e+00
4.168951e-10 0.000000e+00 0.000000e+00
3.654604e-10 0.000000e+00 0.000000e+00
3.181748e-10 0.000000e+00 0.000000e+00
2.246863e-10 0.000000e+00 0.000000e+00
3.197112e-10 0.000000e+00 0.000000e+00
-5.033055e-10 0.000000e+00 0.000000e+00
-4.982554e-10 0.000000e+00 0.000000e+00
-5.581657e-10 0.000000e+00 0.000000e+00
-4.992961e-10 0.000000e+00 0.000000e+00
-5.107764e-10 0.000000e+00 0.000000e+00
-4.665371e-10 0.000000e+00 0.000000e+00
-4.487377e-10 0.000000e+00 0.000000e+00
-4.552798e-10 0.000000e+00 0.000000e+00
-4.591963e-10 0.000000e+00 0.000000e+00
-4.546460e-10 0.000000e+00 0.000000e+00
-5.288145e-10 0.000000e+00 0.000000e+00
-6.255667e-10 0.000000e+00 0.000000e+00
-5.632783e-10 0.000000e+00 0.000000e+00
-6.323347e-10 0.000000e+00 0.000000e+00
-6.124264e-10 0.000000e+00 0.000000e+00
-5.297102e-10 0.000000e+00 0.000000e+00
-5.490942e-10 0.000000e+00 0.000000e+00
-5.327986e-10 0.000000e+00 0.000000e+00
-5.953040e-10 0.000000e+00 0.000000e+00
-6.022636e-10 0.000000e+00 0.000000e+00
5.177092e-11 0.000000e+00 0.000000e+00
1.091399e-10 0.000000e+00 0.000000e+00
1.015770e-10 0.000000e+00 0.000000e+00
5.092537e-11 0.000000e+00 0.000000e+00
9.971190e-11 0.000000e+00 0.000000e+00
2.773983e-10 0.000000e+00 0.000000e+00
2.224833e-10 0.000000e+00 0.000000e+00
2.444088e-10 0.000000e+00 0.000000e+00
2.176519e-10 0.000000e+00 0.000000e+00
2.158820e-10 0.000000e+00 0.000000e+00
2.735113e-10 0.000000e+00 0.000000e+00
2.780109e-10 0.000000e+00 0.000000e+00
2.741712e-10 0.000000e+00 0.000000e+00
2.494946e-10 0.000000e+00 0.000000e+00
2.703470e-10 0.000000e+00 0.000000e+00
4.227647e-10 0.000000e+00 0.000000e+00
3.904125e-10 0.000000e+00 0.000000e+00
4.000554e-10 0.000000e+00 0.000000e+00
4.065813e-10 0.000000e+00 0.000000e+00
4.004913e-10 0.000000e+00 0.000000e+00
5.937342e-10 0.000000e+00 0.000000e+00
5.907666e-10 0.000000e+00 0.000000e+00
5.857641e-10 0.000000e+00 0.000000e+00
6.365375e-10 0.000000e+00 0.000000e+00
6.437718e-10 0.000000e+00 0.000000e+00
-4.386383e-11 0.000000e+00 0.000000e+00
-5.026272e-11 0.000000e+00 0.000000e+00
-4.704995e-11 0.000000e+00 0.000000e+00
-5.368446e-11 0.000000e+00 0.000000e+00
-4.181431e-11 0.000000e+00 0.000000e+00
-6.310075e-10 0.000000e+00 0.000000e+00
-6.177793e-10 0.000000e+00 0.000000e+00
-6.224831e-10 0.000000e+00 0.000000e+00
-6.317361e-10 0.000000e+00 0.000000e+00
-6.327748e-10 0.000000e+00 0.000000e+00
-6.207809e-10 0.000000e+00 0.000000e+00
-6.281933e-10 0.000000e+00 0.000000e+00
-6.211395e-10 0.000000e+00 0.000000e+00
-6.286134e-10 0.000000e+00 0.000000e+00
-6.275324e-10 0.000000e+00 0.000000e+00
-5.307457e-10 0.000000e+00 0.000000e+00
-5.823445e-10 0.000000e+00 0.000000e+00
-5.446148e-10 0.000000e+00 0.000000e+00
-5.600429e-10 0.000000e+00 0.000000e+00
-5.433602e-10 0.000000e+00 0.000000e+00
-5.604471e-10 0.000000e+00 0.000000e+00
-5.826335e-10 0.000000e+00 0.000000e+00
-5.958649e-10 0.000000e+00 0.000000e+00
-5.761561e-10 0.000000e+00 0.000000e+00
-5.579593e-10 0.000000e+00 0.000000e+00
-5.826797e-10 0.000000e+00 0.000000e+00
-5.831803e-10 0.000000e+00 0.000000e+00
-5.911210e-10 0.000000e+00 0.000000e+00
-5.844655e-10 0.000000e+00 0.000000e+00
-5.718206e-10 0.000000e+00 0.000000e+00
-6.201612e-10 0.000000e+00 0.000000e+00
-6.214004e-10 0.000000e+00 0.000000e+00
-6.197500e-10 0.000000e+00 0.000000e+00
-6.229502e-10 0.000000e+00 0.000000e+00
-6.229385e-10 0.000000e+00 0.000000e+00
-5.256934e-10 0.000000e+00 0.000000e+00
-5.317204e-10 0.000000e+00 0.000000e+00
-5.301707e-10 0.000000e+00 0.000000e+00
-5.273108e-10 0.000000e+00 0.000000e+00
-5.273505e-10 0.000000e+00 0.000000e+00
5.101364e-11 0.000000e+00 0.000000e+00
5.956419e-11 0.000000e+00 0.000000e+00
4.046310e-11 0.000000e+00 0.000000e+00
3.525006e-11 0.000000e+00 0.000000e+00
2.760678e-11 0.000000e+00 0.000000e+00
4.424453e-10 0.000000e+00 0.000000e+00
4.663197e-10 0.000000e+00 0.000000e+00
4.504627e-10 0.000000e+00 0.000000e+00
4.401228e-10 0.000000e+00 0.000000e+00
4.450373e-10 0.000000e+00 0.000000e+00
-6.322123e-10 0.000000e+00 0.000000e+00
-6.313545e-10 0.000000e+00 0.000000e+00
-6.314103e-10 0.000000e+00 0.000000e+00
-6.306337e-10 0.000000e+00 0.000000e+00
-6.309297e-10 0.000000e+00 0.000000e+00
5.928610e-10 0.000000e+00 0.000000e+00
5.864129e-10 0.000000e+00 0.000000e+00
5.805254e-10 0.000000e+00 0.000000e+00
5.829979e-10 0.000000e+00 0.000000e+00
4.720309e-10 0.000000e+00 0.000000e+00
1.274964e-10 0.000000e+00 0.000000e+00
-5.626421e-10 0.000000e+00 0.000000e+00
-6.253241e-10 0.000000e+00 0.000000e+00
-5.950365e-10 0.000000e+00 0.000000e+00
-5.146895e-10 0.000000e+00 0.000000e+00
3.943960e-10 0.000000e+00 0.000000e+00
-3.951587e-10 0.000000e+00 0.000000e+00
-1.678079e-10 0.000000e+00 0.000000e+00
-4.179602e-10 0.000000e+00 0.000000e+00
9.126843e-11 0.000000e+00 0.000000e+00
2.228245e-10 0.000000e+00 0.000000e+00
2.564064e-10 0.000000e+00 0.000000e+00
4.333411e-10 0.000000e+00 0.000000e+00
1.573675e-10 0.000000e+00 0.000000e+00
3.148344e-10 0.000000e+00 0.000000e+00
6.298170e-10 0.000000e+00 0.000000e+00
6.313535e-10 0.000000e+00 0.000000e+00
6.303899e-10 0.000000e+00 0.000000e+00
6.114536e-10 0.000000e+00 0.000000e+00
6.095103e-10 0.000000e+00 0.000000e+00
5.932991e-10 0.000000e+00 0.000000e+00
5.937894e-10 0.000000e+00 0.000000e+00
5.413526e-10 0.000000e+00 0.000000e+00
5.854799e-10 0.000000e+00 0.000000e+00
4.994938e-10 0.000000e+00 0.000000e+00
4.876555e-10 0.000000e+00 0.000000e+00
4.871016e-10 0.000000e+00 0.000000e+00
4.852912e-10 0.000000e+00 0.000000e+00
4.870645e-10 0.000000e+00 0.000000e+00
4.847139e-10 0.000000e+00 0.000000e+00
5.367999e-10 0.000000e+00 0.000000e+00
5.833588e-10 0.000000e+00 0.000000e+00
5.802837e-10 0.000000e+00 0.000000e+00
5.258699e-10 0.000000e+00 0.000000e+00
5.494635e-10 0.000000e+00 0.000000e+00
5.761544e-10 0.000000e+00 0.000000e+00
5.692562e-10 0.000000e+00 0.000000e+00
5.987895e-10 0.000000e+00 0.000000e+00
5.672798e-10 0.000000e+00 0.000000e+00
5.837214e-10 0.000000e+00 0.000000e+00
5.666592e-10 0.000000e+00 0.000000e+00
5.767628e-10 0.000000e+00 0.000000e+00
5.601498e-10 0.000000e+00 0.000000e+00
5.748417e-10 0.000000e+00 0.000000e+00
5.709946e-10 0.000000e+00 0.000000e+00
5.571767e-10 0.000000e+00 0.000000e+00
5.603682e-10 0.000000e+00 0.000000e+00
5.614416e-10 0.000000e+00 0.000000e+00
5.576350e-10 0.000000e+00 0.000000e+00
5.593969e-10 0.000000e+00 0.000000e+00
4.520050e-10 0.000000e+00 0.000000e+00
3.833832e-10 0.000000e+00 0.000000e+00
3.599424e-10 0.000000e+00 0.000000e+00
4.487623e-10 0.000000e+00 0.000000e+00
4.001446e-10 0.000000e+00 0.000000e+00
3.740575e-10 0.000000e+00 0.000000e+00
3.839909e-10 0.000000e+00 0.000000e+00
3.700993e-10 0.000000e+00 0.000000e+00
3.550572e-10 0.000000e+00 0.000000e+00
3.404232e-10 0.000000e+00 0.000000e+00
2.861868e-10 0.000000e+00 0.000000e+00
1.513249e-10 0.000000e+00 0.000000e+00
1.265527e-10 0.000000e+00 0.000000e+00
1.669386e-10 0.000000e+00 0.000000e+00
2.546460e-10 0.000000e+00 0.000000e+00
1.932396e-10 0.000000e+00 0.000000e+00
1.315006e-10 0.000000e+00 0.000000e+00
1.844812e-10 0.000000e+00 0.000000e+00
2.302093e-10 0.000000e+00 0.000000e+00
1.875613e-10 0.000000e+00 0.000000e+00
4.297747e-10 0.000000e+00 0.000000e+00
4.270321e-10 0.000000e+00 0.000000e+00
4.527407e-10 0.000000e+00 0.000000e+00
4.502820e-10 0.000000e+00 0.000000e+00
4.415388e-10 0.000000e+00 0.000000e+00
6.207813e-10 0.000000e+00 0.000000e+00
6.209202e-10 0.000000e+00 0.000000e+00
6.210748e-10 0.000000e+00 0.000000e+00
6.212864e-10 0.000000e+00 0.000000e+00
6.212091e-10 0.000000e+00 0.000000e+00
6.264434e-10 0.000000e+00 0.000000e+00
6.305306e-10 0.000000e+00 0.000000e+00
6.311197e-10 0.000000e+00 0.000000e+00
6.312210e-10 0.000000e+00 0.000000e+00
6.309197e-10 0.000000e+00 0.000000e+00
5.333818e-10 0.000000e+00 0.000000e+00
5.289313e-10 0.000000e+00 0.000000e+00
5.306589e-10 0.000000e+00 0.000000e+00
5.117845e-10 0.000000e+00 0.000000e+00
5.280587e-10 0.000000e+00 0.000000e+00
5.198430e-10 0.000000e+00 0.000000e+00
5.169290e-10 0.000000e+00 0.000000e+00
5.163994e-10 0.000000e+00 0.000000e+00
5.126280e-10 0.000000e+00 0.000000e+00
5.175037e-10 0.000000e+00 0.000000e+00
4.541354e-10 0.000000e+00 0.000000e+00
4.611653e-10 0.000000e+00 0.000000e+00
4.518195e-10 0.000000e+00 0.000000e+00
4.578996e-10 0.000000e+00 0.000000e+00
4.609970e-10 0.000000e+00 0.000000e+00
2.909393e-10 0.000000e+00 0.000000e+00
2.861515e-10 0.000000e+00 0.000000e+00
2.815237e-10 0.000000e+00 0.000000e+00
2.822067e-10 0.000000e+00 0.000000e+00
2.887497e-10 0.000000e+00 0.000000e+00
3.696329e-10 0.000000e+00 0.000000e+00
3.721975e-10 0.000000e+00 0.000000e+00
3.718968e-10 0.000000e+00 0.000000e+00
3.637860e-10 0.000000e+00 0.000000e+00
3.642146e-10 0.000000e+00 0.000000e+00
3.575973e-10 0.000000e+00 0.000000e+00
4.236175e-10 0.000000e+00 0.000000e+00
4.230223e-10 0.000000e+00 0.000000e+00
4.177494e-10 0.000000e+00 0.000000e+00
4.223416e-10 0.000000e+00 0.000000e+00
3.791687e-10 0.000000e+00 0.000000e+00
3.879512e-10 0.000000e+00 0.000000e+00
3.845737e-10 0.000000e+00 0.000000e+00
2.678628e-10 0.000000e+00 0.000000e+00
2.711423e-10 0.000000e+00 0.000000e+00
-1.216348e-10 0.000000e+00 0.000000e+00
-5.010288e-10 0.000000e+00 0.000000e+00
-4.529329e-10 0.000000e+00 0.000000e+00
-4.641227e-10 0.000000e+00 0.000000e+00
-3.440777e-10 0.000000e+00 0.000000e+00
-4.815877e-10 0.000000e+00 0.000000e+00
-4.730546e-10 0.000000e+00 0.000000e+00
-4.986856e-10 0.000000e+00 0.000000e+00
-3.777755e-10 0.000000e+00 0.000000e+00
-3.905955e-10 0.000000e+00 0.000000e+00
-4.234107e-10 0.000000e+00 0.000000e+00
-4.622984e-10 0.000000e+00 0.000000e+00
-4.869987e-10 0.000000e+00 0.000000e+00
-4.195382e-10 0.000000e+00 0.000000e+00
-5.001327e-10 0.000000e+00 0.000000e+00
-4.521777e-10 0.000000e+00 0.000000e+00
-4.815829e-10 0.000000e+00 0.000000e+00
-4.610053e-10 0.000000e+00 0.000000e+00
-4.564807e-10 0.000000e+00 0.000000e+00
-4.739545e-10 0.000000e+00 0.000000e+00
-1.754599e-10 0.000000e+00 0.000000e+00
-1.934013e-10 0.000000e+00 0.000000e+00
-6.392012e-11 0.000000e+00 0.000000e+00
2.713082e-11 0.000000e+00 0.000000e+00
-1.434798e-10 0.000000e+00 0.000000e+00
-8.366083e-11 0.000000e+00 0.000000e+00
3.595316e-11 0.000000e+00 0.000000e+00
-5.563611e-11 0.000000e+00 0.000000e+00
-3.493848e-11 0.000000e+00 0.000000e+00
-9.091103e-12 0.000000e+00 0.000000e+00
-7.005486e-11 0.000000e+00 0.000000e+00
-1.034673e-10 0.000000e+00 0.000000e+00
-7.097097e-11 0.000000e+00 0.000000e+00
-1.022318e-10 0.000000e+00 0.000000e+00
-9.536672e-11 0.000000e+00 0.000000e+00
4.370215e-11 0.000000e+00 0.000000e+00
2.064883e-11 0.000000e+00 0.000000e+00
1.327834e-11 0.000000e+00 0.000000e+00
4.889274e-11 0.000000e+00 0.000000e+00
6.043823e-11 0.000000e+00 0.000000e+00
-1.759460e-10 0.000000e+00 0.000000e+00
-1.826296e-10 0.000000e+00 0.000000e+00
-2.646745e-10 0.000000e+00 0.000000e+00
-2.600910e-10 0.000000e+00 0.000000e+00
-3.240698e-10 0.000000e+00 0.000000e+00
-2.916023e-10 0.000000e+00 0.000000e+00
-2.353999e-10 0.000000e+00 0.000000e+00
-2.574443e-10 0.000000e+00 0.000000e+00
-2.993521e-10 0.000000e+00 0.000000e+00
-2.070637e-10 0.000000e+00 0.000000e+00
-2.857234e-10 0.000000e+00 0.000000e+00
-3.043090e-10 0.000000e+00 0.000000e+00
-3.067313e-10 0.000000e+00 0.000000e+00
-2.615431e-10 0.000000e+00 0.000000e+00
-2.285860e-10 0.000000e+00 0.000000e+00
-2.777482e-10 0.000000e+00 0.000000e+00
-2.949566e-10 0.000000e+00 0.000000e+00
-3.079914e-10 0.000000e+00 0.000000e+00
-2.711968e-10 0.000000e+00 0.000000e+00
-2.956464e-10 0.000000e+00 0.000000e+00
-2.618369e-10 0.000000e+00 0.000000e+00
-2.715838e-10 0.000000e+00 0.000000e+00
-2.519506e-10 0.000000e+00 0.000000e+00
-2.537649e-10 0.000000e+00 0.000000e+00
-2.725329e-10 0.000000e+00 0.000000e+00
-3.716163e-10 0.000000e+00 0.000000e+00
-3.694469e-10 0.000000e+00 0.000000e+00
-3.694897e-10 0.000000e+00 0.000000e+00
-3.615301e-10 0.000000e+00 0.000000e+00
-3.689068e-10 0.000000e+00 0.000000e+00
2.088141e-10 0.000000e+00 0.000000e+00
2.326104e-10 0.000000e+00 0.000000e+00
2.255430e-10 0.000000e+00 0.000000e+00
2.102688e-10 0.000000e+00 0.000000e+00
2.275110e-10 0.000000e+00 0.000000e+00
-1.782884e-10 0.000000e+00 0.000000e+00
-1.874451e-10 0.000000e+00 0.000000e+00
-1.630386e-10 0.000000e+00 0.000000e+00
-1.806176e-10 0.000000e+00 0.000000e+00
-1.676099e-10 0.000000e+00 0.000000e+00
-6.179427e-10 0.000000e+00 0.000000e+00
-6.321574e-10 0.000000e+00 0.000000e+00
-6.321480e-10 0.000000e+00 0.000000e+00
-6.322937e-10 0.000000e+00 0.000000e+00
-6.311337e-10 0.000000e+00 0.000000e+00
-6.099549e-10 0.000000e+00 0.000000e+00
-6.215939e-10 0.000000e+00 0.000000e+00
-6.240515e-10 0.000000e+00 0.000000e+00
-5.878575e-10 0.000000e+00 0.000000e+00
-6.162216e-10 0.000000e+00 0.000000e+00
-6.071622e-10 0.000000e+00 0.000000e+00
-5.471477e-10 0.000000e+00 0.000000e+00
-6.059568e-10 0.000000e+00 0.000000e+00
-5.792630e-10 0.000000e+00 0.000000e+00
-5.573357e-10 0.000000e+00 0.000000e+00
-6.292267e-10 0.000000e+00 0.000000e+00
-6.217653e-10 0.000000e+00 0.000000e+00
-6.255905e-10 0.000000e+00 0.000000e+00
-6.282781e-10 0.000000e+00 0.000000e+00
-6.260137e-10 0.000000e+00 0.000000e+00
-6.067778e-10 0.000000e+00 0.000000e+00
-5.741357e-10 0.000000e+00 0.000000e+00
-5.871980e-10 0.000000e+00 0.000000e+00
-6.126552e-10 0.000000e+00 0.000000e+00
-5.991148e-10 0.000000e+00 0.000000e+00
-5.732459e-10 0.000000e+00 0.000000e+00
-5.710920e-10 0.000000e+00 0.000000e+00
-5.877964e-10 0.000000e+00 0.000000e+00
-5.755509e-10 0.000000e+00 0.000000e+00
-5.927094e-10 0.000000e+00 0.000000e+00
-4.196845e-10 0.000000e+00 0.000000e+00
-4.555189e-10 0.000000e+00 0.000000e+00
-4.175935e-10 0.000000e+00 0.000000e+00
-4.601710e-10 0.000000e+00 0.000000e+00
-4.494016e-10 0.000000e+00 0.000000e+00
-4.937354e-10 0.000000e+00 0.000000e+00
-4.898395e-10 0.000000e+00 0.000000e+00
-4.861380e-10 0.000000e+00 0.000000e+00
-4.891049e-10 0.000000e+00 0.000000e+00
-4.904915e-10 0.000000e+00 0.000000e+00
-4.059048e-10 0.000000e+00 0.000000e+00
-4.425606e-10 0.000000e+00 0.000000e+00
-4.082974e-10 0.000000e+00 0.000000e+00
-4.253065e-10 0.000000e+00 0.000000e+00
-4.093074e-10 0.000000e+00 0.000000e+00
-4.261495e-10 0.000000e+00 0.000000e+00
-4.303225e-10 0.000000e+00 0.000000e+00
-4.375153e-10 0.000000e+00 0.000000e+00
-4.326266e-10 0.000000e+00 0.000000e+00
-4.375275e-10 0.000000e+00 0.000000e+00
-4.608186e-10 0.000000e+00 0.000000e+00
-4.585457e-10 0.000000e+00 0.000000e+00
-4.705774e-10 0.000000e+00 0.000000e+00
-4.630512e-10 0.000000e+00 0.000000e+00
-4.547930e-10 0.000000e+00 0.000000e+00
-5.849188e-10 0.000000e+00 0.000000e+00
-5.843314e-10 0.000000e+00 0.000000e+00
-5.795250e-10 0.000000e+00 0.000000e+00
-5.690707e-10 0.000000e+00 0.000000e+00
-5.754909e-10 0.000000e+00 0.000000e+00
-5.407833e-10 0.000000e+00 0.000000e+00
-5.456583e-10 0.000000e+00 0.000000e+00
-5.379212e-10 0.000000e+00 0.000000e+00
-5.273052e-10 0.000000e+00 0.000000e+00
-5.370155e-10 0.000000e+00 0.000000e+00
-5.238998e-10 0.000000e+00 0.000000e+00
-5.265633e-10 0.000000e+00 0.000000e+00
-5.275987e-10 0.000000e+00 0.000000e+00
-5.244311e-10 0.000000e+00 0.000000e+00
-5.275674e-10 0.000000e+00 0.000000e+00
-6.206348e-10 0.000000e+00 0.000000e+00
-6.223591e-10 0.000000e+00 0.000000e+00
-6.219398e-10 0.000000e+00 0.000000e+00
-6.224167e-10 0.000000e+00 0.000000e+00
-6.222778e-10 0.000000e+00 0.000000e+00
1.242843e-09 0.000000e+00 0.000000e+00
1.203846e-09 0.000000e+00 0.000000e+00
1.311788e-09 0.000000e+00 0.000000e+00
1.917594e-09 0.000000e+00 0.000000e+00
1.659800e-09 0.000000e+00 0.000000e+00
1.818835e-09 0.000000e+00 0.000000e+00
2.113045e-09 0.000000e+00 0.000000e+00
1.803539e-09 0.000000e+00 0.000000e+00
2.009247e-09 0.000000e+00 0.000000e+00
1.760786e-09 0.000000e+00 0.000000e+00
1.300808e-09 0.000000e+00 0.000000e+00
1.183562e-09 0.000000e+00 0.000000e+00
1.161752e-09 0.000000e+00 0.000000e+00
1.523280e-09 0.000000e+00 0.000000e+00
1.130981e-09 0.000000e+00 0.000000e+00
1.512319e-09 0.000000e+00 0.000000e+00
1.330632e-09 0.000000e+00 0.000000e+00
1.290070e-09 0.000000e+00 0.000000e+00
1.369536e-09 0.000000e+00 0.000000e+00
1.227418e-09 0.000000e+00 0.000000e+00
5.860916e-10 0.000000e+00 0.000000e+00
5.735835e-10 0.000000e+00 0.000000e+00
5.313151e-10 0.000000e+00 0.000000e+00
5.564442e-10 0.000000e+00 0.000000e+00
5.980301e-10 0.000000e+00 0.000000e+00
-4.976466e-10 0.000000e+00 0.000000e+00
-4.890615e-10 0.000000e+00 0.000000e+00
-5.018733e-10 0.000000e+00 0.000000e+00
-4.916092e-10 0.000000e+00 0.000000e+00
-4.938596e-10 0.000000e+00 0.000000e+00
-4.705639e-10 0.000000e+00 0.000000e+00
-3.037719e-10 0.000000e+00 0.000000e+00
-6.053655e-10 0.000000e+00 0.000000e+00
-6.087553e-10 0.000000e+00 0.000000e+00
-6.098163e-10 0.000000e+00 0.000000e+00
-6.162541e-10 0.000000e+00 0.000000e+00
-6.189479e-10 0.000000e+00 0.000000e+00
-6.193002e-10 0.000000e+00 0.000000e+00
-6.181484e-10 0.000000e+00 0.000000e+00
-6.176722e-10 0.000000e+00 0.000000e+00
-6.326416e-10 0.000000e+00 0.000000e+00
-6.321355e-10 0.000000e+00 0.000000e+00
-6.325785e-10 0.000000e+00 0.000000e+00
-6.319521e-10 0.000000e+00 0.000000e+00
-6.323623e-10 0.000000e+00 0.000000e+00
2.015780e-09 0.000000e+00 0.000000e+00
1.997621e-09 0.000000e+00 0.000000e+00
1.974777e-09 0.000000e+00 0.000000e+00
1.864007e-09 0.000000e+00 0.000000e+00
2.043656e-09 0.000000e+00 0.000000e+00
1.899173e-09 0.000000e+00 0.000000e+00
1.919802e-09 0.000000e+00 0.000000e+00
1.869057e-09 0.000000e+00 0.000000e+00
1.873276e-09 0.000000e+00 0.000000e+00
1.889782e-09 0.000000e+00 0.000000e+00
-6.898897e-09 0.000000e+00 0.000000e+00
-6.318688e-10 0.000000e+00 0.000000e+00
-6.292529e-10 0.000000e+00 0.000000e+00
-6.282330e-10 0.000000e+00 0.000000e+00
-6.291550e-10 0.000000e+00 0.000000e+00
9.516793e-10 0.000000e+00 0.000000e+00
8.484417e-10 0.000000e+00 0.000000e+00
9.401359e-10 0.000000e+00 0.000000e+00
9.412392e-10 0.000000e+00 0.000000e+00
8.481167e-10 0.000000e+00 0.000000e+00
-5.903708e-10 0.000000e+00 0.000000e+00
-5.923200e-10 0.000000e+00 0.000000e+00
-5.919810e-10 0.000000e+00 0.000000e+00
-5.888731e-10 0.000000e+00 0.000000e+00
-5.835401e-10 0.000000e+00 0.000000e+00
-5.962040e-10 0.000000e+00 0.000000e+00
-5.950710e-10 0.000000e+00 0.000000e+00
-5.943877e-10 0.000000e+00 0.000000e+00
-5.971092e-10 0.000000e+00 0.000000e+00
-5.938963e-10 0.000000e+00 0.000000e+00
-1.208879e-10 0.000000e+00 0.000000e+00
-1.104816e-10 0.000000e+00 0.000000e+00
-1.752627e-10 0.000000e+00 0.000000e+00
-1.853624e-10 0.000000e+00 0.000000e+00
-1.733307e-10 0.000000e+00 0.000000e+00
-2.653924e-10 0.000000e+00 0.000000e+00
-2.785767e-10 0.000000e+00 0.000000e+00
-2.582486e-10 0.000000e+00 0.000000e+00
-2.776838e-10 0.000000e+00 0.000000e+00
-2.647355e-10 0.000000e+00 0.000000e+00
-6.072676e-10 0.000000e+00 0.000000e+00
-5.746487e-10 0.000000e+00 0.000000e+00
9.281077e-10 0.000000e+00 0.000000e+00
9.594284e-10 0.000000e+00 0.000000e+00
9.290250e-10 0.000000e+00 0.000000e+00
1.820700e-09 0.000000e+00 0.000000e+00
2.658696e-09 0.000000e+00 0.000000e+00
2.207510e-09 0.000000e+00 0.000000e+00
2.819209e-09 0.000000e+00 0.000000e+00
2.228226e-09 0.000000e+00 0.000000e+00
2.333939e-09 0.000000e+00 0.000000e+00
2.310203e-09 0.000000e+00 0.000000e+00
2.589620e-09 0.000000e+00 0.000000e+00
2.381801e-09 0.000000e+00 0.000000e+00
2.313263e-09 0.000000e+00 0.000000e+00
2.431321e-09 0.000000e+00 0.000000e+00
2.481860e-09 0.000000e+00 0.000000e+00
2.672070e-09 0.000000e+00 0.000000e+00
2.453088e-09 0.000000e+00 0.000000e+00
2.403709e-09 0.000000e+00 0.000000e+00
2.653723e-09 0.000000e+00 0.000000e+00
2.560371e-09 0.000000e+00 0.000000e+00
2.557771e-09 0.000000e+00 0.000000e+00
2.582789e-09 0.000000e+00 0.000000e+00
2.762488e-09 0.000000e+00 0.000000e+00
2.878922e-09 0.000000e+00 0.000000e+00
2.916350e-09 0.000000e+00 0.000000e+00
2.906190e-09 0.000000e+00 0.000000e+00
2.888239e-09 0.000000e+00 0.000000e+00
