pX pY pZ 
-2.577348e-14 0.000000e+00 0.000000e+00
8.917428e-14 0.000000e+00 0.000000e+00
2.607129e-13 0.000000e+00 0.000000e+00
8.855424e-14 0.000000e+00 0.000000e+00
2.065119e-13 0.000000e+00 0.000000e+00
-4.280859e-14 0.000000e+00 0.000000e+00
7.703357e-14 0.000000e+00 0.000000e+00
-1.527295e-13 0.000000e+00 0.000000e+00
-3.379998e-13 0.000000e+00 0.000000e+00
5.769372e-14 0.000000e+00 0.000000e+00
2.037331e-14 0.000000e+00 0.000000e+00
1.382333e-13 0.000000e+00 0.000000e+00
2.388378e-14 0.000000e+00 0.000000e+00
-1.779850e-13 0.000000e+00 0.000000e+00
7.614821e-14 0.000000e+00 0.000000e+00
2.073619e-13 0.000000e+00 0.000000e+00
-2.881018e-14 0.000000e+00 0.000000e+00
-2.331212e-14 0.000000e+00 0.000000e+00
1.323033e-13 0.000000e+00 0.000000e+00
-3.944076e-14 0.000000e+00 0.000000e+00
9.213624e-14 0.000000e+00 0.000000e+00
-6.526162e-14 0.000000e+00 0.000000e+00
1.277703e-13 0.000000e+00 0.000000e+00
2.979435e-13 0.000000e+00 0.000000e+00
5.003838e-14 0.000000e+00 0.000000e+00
4.604103e-13 0.000000e+00 0.000000e+00
3.739257e-14 0.000000e+00 0.000000e+00
2.663089e-13 0.000000e+00 0.000000e+00
1.224171e-13 0.000000e+00 0.000000e+00
-1.467949e-13 0.000000e+00 0.000000e+00
-3.038346e-13 0.000000e+00 0.000000e+00
2.969412e-13 0.000000e+00 0.000000e+00
-1.091804e-14 0.000000e+00 0.000000e+00
2.729764e-14 0.000000e+00 0.000000e+00
-1.336209e-13 0.000000e+00 0.000000e+00
-1.270148e-13 0.000000e+00 0.000000e+00
3.648781e-14 0.000000e+00 0.000000e+00
-3.321442e-13 0.000000e+00 0.000000e+00
-2.855869e-15 0.000000e+00 0.000000e+00
9.455493e-14 0.000000e+00 0.000000e+00
1.759627e-13 0.000000e+00 0.000000e+00
-4.157565e-14 0.000000e+00 0.000000e+00
-1.226173e-13 0.000000e+00 0.000000e+00
9.990724e-15 0.000000e+00 0.000000e+00
-9.886653e-14 0.000000e+00 0.000000e+00
7.081909e-14 0.000000e+00 0.000000e+00
8.762092e-14 0.000000e+00 0.000000e+00
7.673656e-16 0.000000e+00 0.000000e+00
-1.241139e-13 0.000000e+00 0.000000e+00
-2.275485e-14 0.000000e+00 0.000000e+00
-1.114251e-13 0.000000e+00 0.000000e+00
-3.069020e-13 0.000000e+00 0.000000e+00
9.139609e-14 0.000000e+00 0.000000e+00
6.296779e-14 0.000000e+00 0.000000e+00
2.425194e-13 0.000000e+00 0.000000e+00
1.451411e-13 0.000000e+00 0.000000e+00
2.625564e-13 0.000000e+00 0.000000e+00
-6.859828e-14 0.000000e+00 0.000000e+00
2.266538e-13 0.000000e+00 0.000000e+00
9.715251e-14 0.000000e+00 0.000000e+00
-1.511054e-13 0.000000e+00 0.000000e+00
-4.084248e-15 0.000000e+00 0.000000e+00
8.048864e-14 0.000000e+00 0.000000e+00
1.485270e-13 0.000000e+00 0.000000e+00
1.241149e-13 0.000000e+00 0.000000e+00
2.428901e-14 0.000000e+00 0.000000e+00
3.568700e-14 0.000000e+00 0.000000e+00
6.035915e-14 0.000000e+00 0.000000e+00
1.332962e-13 0.000000e+00 0.000000e+00
1.483198e-13 0.000000e+00 0.000000e+00
5.132346e-14 0.000000e+00 0.000000e+00
-1.055620e-13 0.000000e+00 0.000000e+00
-2.164159e-13 0.000000e+00 0.000000e+00
7.014550e-15 0.000000e+00 0.000000e+00
7.484459e-14 0.000000e+00 0.000000e+00
2.487522e-13 0.000000e+00 0.000000e+00
1.376829e-13 0.000000e+00 0.000000e+00
1.414304e-13 0.000000e+00 0.000000e+00
8.685266e-14 0.000000e+00 0.000000e+00
1.429764e-13 0.000000e+00 0.000000e+00
-1.309202e-13 0.000000e+00 0.000000e+00
2.727084e-13 0.000000e+00 0.000000e+00
-8.855386e-14 0.000000e+00 0.000000e+00
1.160454e-13 0.000000e+00 0.000000e+00
-1.324923e-13 0.000000e+00 0.000000e+00
-7.461822e-14 0.000000e+00 0.000000e+00
-1.151916e-13 0.000000e+00 0.000000e+00
-2.080810e-13 0.000000e+00 0.000000e+00
1.013101e-13 0.000000e+00 0.000000e+00
-1.373645e-13 0.000000e+00 0.000000e+00
-1.710396e-15 0.000000e+00 0.000000e+00
1.297043e-15 0.000000e+00 0.000000e+00
-3.347313e-13 0.000000e+00 0.000000e+00
-3.773886e-14 0.000000e+00 0.000000e+00
1.378474e-14 0.000000e+00 0.000000e+00
3.222695e-13 0.000000e+00 0.000000e+00
1.539398e-13 0.000000e+00 0.000000e+00
3.913569e-14 0.000000e+00 0.000000e+00
1.596334e-13 0.000000e+00 0.000000e+00
1.759372e-13 0.000000e+00 0.000000e+00
-1.828083e-13 0.000000e+00 0.000000e+00
9.746936e-14 0.000000e+00 0.000000e+00
1.582325e-13 0.000000e+00 0.000000e+00
-1.142578e-13 0.000000e+00 0.000000e+00
-2.531658e-14 0.000000e+00 0.000000e+00
-1.321488e-13 0.000000e+00 0.000000e+00
4.462349e-13 0.000000e+00 0.000000e+00
1.544971e-13 0.000000e+00 0.000000e+00
2.864629e-13 0.000000e+00 0.000000e+00
1.720813e-14 0.000000e+00 0.000000e+00
-2.632168e-13 0.000000e+00 0.000000e+00
-3.338323e-13 0.000000e+00 0.000000e+00
-1.756061e-13 0.000000e+00 0.000000e+00
-1.515011e-13 0.000000e+00 0.000000e+00
-8.483569e-14 0.000000e+00 0.000000e+00
-1.095627e-13 0.000000e+00 0.000000e+00
3.635138e-13 0.000000e+00 0.000000e+00
1.272817e-13 0.000000e+00 0.000000e+00
4.368596e-13 0.000000e+00 0.000000e+00
-5.729323e-14 0.000000e+00 0.000000e+00
2.255709e-13 0.000000e+00 0.000000e+00
-1.350954e-13 0.000000e+00 0.000000e+00
-7.886016e-14 0.000000e+00 0.000000e+00
-3.111340e-13 0.000000e+00 0.000000e+00
-3.706997e-14 0.000000e+00 0.000000e+00
-2.577349e-13 0.000000e+00 0.000000e+00
-6.647334e-14 0.000000e+00 0.000000e+00
2.043950e-13 0.000000e+00 0.000000e+00
-1.033458e-13 0.000000e+00 0.000000e+00
2.083136e-13 0.000000e+00 0.000000e+00
-1.236145e-13 0.000000e+00 0.000000e+00
-1.397484e-13 0.000000e+00 0.000000e+00
-1.011354e-13 0.000000e+00 0.000000e+00
-8.985018e-15 0.000000e+00 0.000000e+00
3.883483e-13 0.000000e+00 0.000000e+00
-1.475563e-13 0.000000e+00 0.000000e+00
-1.344492e-13 0.000000e+00 0.000000e+00
-1.637490e-13 0.000000e+00 0.000000e+00
3.224606e-13 0.000000e+00 0.000000e+00
4.254954e-15 0.000000e+00 0.000000e+00
3.098871e-14 0.000000e+00 0.000000e+00
1.139934e-13 0.000000e+00 0.000000e+00
8.079135e-14 0.000000e+00 0.000000e+00
2.358101e-14 0.000000e+00 0.000000e+00
-4.619592e-13 0.000000e+00 0.000000e+00
-1.992039e-13 0.000000e+00 0.000000e+00
1.059435e-13 0.000000e+00 0.000000e+00
-1.987786e-13 0.000000e+00 0.000000e+00
-9.419894e-14 0.000000e+00 0.000000e+00
1.577531e-13 0.000000e+00 0.000000e+00
-5.074926e-14 0.000000e+00 0.000000e+00
3.811987e-13 0.000000e+00 0.000000e+00
6.491764e-14 0.000000e+00 0.000000e+00
-4.124519e-14 0.000000e+00 0.000000e+00
1.323505e-13 0.000000e+00 0.000000e+00
2.673557e-13 0.000000e+00 0.000000e+00
5.004754e-13 0.000000e+00 0.000000e+00
1.275485e-13 0.000000e+00 0.000000e+00
8.604344e-14 0.000000e+00 0.000000e+00
8.217970e-14 0.000000e+00 0.000000e+00
-2.846508e-14 0.000000e+00 0.000000e+00
-1.178567e-13 0.000000e+00 0.000000e+00
-2.157554e-13 0.000000e+00 0.000000e+00
1.083600e-13 0.000000e+00 0.000000e+00
2.447670e-13 0.000000e+00 0.000000e+00
-1.171105e-15 0.000000e+00 0.000000e+00
-2.905035e-13 0.000000e+00 0.000000e+00
1.321810e-13 0.000000e+00 0.000000e+00
-6.094401e-14 0.000000e+00 0.000000e+00
-1.921665e-13 0.000000e+00 0.000000e+00
-4.788643e-14 0.000000e+00 0.000000e+00
1.781911e-13 0.000000e+00 0.000000e+00
2.432471e-13 0.000000e+00 0.000000e+00
-1.802911e-13 0.000000e+00 0.000000e+00
-1.360726e-13 0.000000e+00 0.000000e+00
-8.029897e-15 0.000000e+00 0.000000e+00
-2.459376e-14 0.000000e+00 0.000000e+00
-3.592288e-13 0.000000e+00 0.000000e+00
2.149123e-13 0.000000e+00 0.000000e+00
1.847457e-13 0.000000e+00 0.000000e+00
9.235979e-14 0.000000e+00 0.000000e+00
5.720186e-14 0.000000e+00 0.000000e+00
-8.909888e-14 0.000000e+00 0.000000e+00
5.878793e-14 0.000000e+00 0.000000e+00
-3.697869e-14 0.000000e+00 0.000000e+00
2.929652e-13 0.000000e+00 0.000000e+00
-5.347020e-14 0.000000e+00 0.000000e+00
-6.031839e-15 0.000000e+00 0.000000e+00
1.289684e-13 0.000000e+00 0.000000e+00
9.158267e-14 0.000000e+00 0.000000e+00
-1.494284e-13 0.000000e+00 0.000000e+00
-2.373711e-13 0.000000e+00 0.000000e+00
8.232933e-14 0.000000e+00 0.000000e+00
4.058444e-13 0.000000e+00 0.000000e+00
4.081952e-14 0.000000e+00 0.000000e+00
-2.970981e-13 0.000000e+00 0.000000e+00
5.169222e-14 0.000000e+00 0.000000e+00
1.004512e-13 0.000000e+00 0.000000e+00
-3.764533e-13 0.000000e+00 0.000000e+00
-8.560132e-14 0.000000e+00 0.000000e+00
-2.033036e-13 0.000000e+00 0.000000e+00
5.148467e-14 0.000000e+00 0.000000e+00
-1.401518e-13 0.000000e+00 0.000000e+00
1.538803e-13 0.000000e+00 0.000000e+00
1.114072e-13 0.000000e+00 0.000000e+00
2.298972e-13 0.000000e+00 0.000000e+00
-1.807362e-13 0.000000e+00 0.000000e+00
-4.991915e-14 0.000000e+00 0.000000e+00
4.949071e-14 0.000000e+00 0.000000e+00
-5.595069e-14 0.000000e+00 0.000000e+00
2.362940e-13 0.000000e+00 0.000000e+00
-6.129977e-14 0.000000e+00 0.000000e+00
-1.280403e-13 0.000000e+00 0.000000e+00
-1.629222e-13 0.000000e+00 0.000000e+00
-5.659062e-14 0.000000e+00 0.000000e+00
-3.461983e-13 0.000000e+00 0.000000e+00
1.216951e-14 0.000000e+00 0.000000e+00
9.823051e-15 0.000000e+00 0.000000e+00
-6.746578e-14 0.000000e+00 0.000000e+00
3.294292e-13 0.000000e+00 0.000000e+00
6.250321e-14 0.000000e+00 0.000000e+00
2.108462e-14 0.000000e+00 0.000000e+00
1.546647e-13 0.000000e+00 0.000000e+00
-2.435816e-13 0.000000e+00 0.000000e+00
-2.334624e-13 0.000000e+00 0.000000e+00
1.561904e-13 0.000000e+00 0.000000e+00
-6.702213e-14 0.000000e+00 0.000000e+00
7.750840e-15 0.000000e+00 0.000000e+00
-9.939971e-14 0.000000e+00 0.000000e+00
-1.351489e-13 0.000000e+00 0.000000e+00
-8.942179e-14 0.000000e+00 0.000000e+00
-1.132262e-13 0.000000e+00 0.000000e+00
2.463363e-13 0.000000e+00 0.000000e+00
-1.446738e-13 0.000000e+00 0.000000e+00
8.088617e-14 0.000000e+00 0.000000e+00
-1.729064e-13 0.000000e+00 0.000000e+00
-1.615715e-13 0.000000e+00 0.000000e+00
-1.421811e-13 0.000000e+00 0.000000e+00
-7.669783e-14 0.000000e+00 0.000000e+00
3.057101e-14 0.000000e+00 0.000000e+00
-6.852485e-14 0.000000e+00 0.000000e+00
-5.485830e-14 0.000000e+00 0.000000e+00
-1.010219e-13 0.000000e+00 0.000000e+00
1.177515e-13 0.000000e+00 0.000000e+00
9.357230e-14 0.000000e+00 0.000000e+00
-9.215477e-14 0.000000e+00 0.000000e+00
-1.431573e-13 0.000000e+00 0.000000e+00
2.458304e-13 0.000000e+00 0.000000e+00
5.418607e-14 0.000000e+00 0.000000e+00
2.628940e-13 0.000000e+00 0.000000e+00
-9.385253e-14 0.000000e+00 0.000000e+00
8.771012e-14 0.000000e+00 0.000000e+00
1.536457e-13 0.000000e+00 0.000000e+00
2.149130e-13 0.000000e+00 0.000000e+00
4.139458e-13 0.000000e+00 0.000000e+00
4.547339e-14 0.000000e+00 0.000000e+00
2.059578e-14 0.000000e+00 0.000000e+00
1.957459e-13 0.000000e+00 0.000000e+00
1.456340e-14 0.000000e+00 0.000000e+00
-1.360447e-13 0.000000e+00 0.000000e+00
-1.891203e-13 0.000000e+00 0.000000e+00
2.115549e-14 0.000000e+00 0.000000e+00
-1.007440e-13 0.000000e+00 0.000000e+00
1.732398e-13 0.000000e+00 0.000000e+00
6.217628e-14 0.000000e+00 0.000000e+00
1.673489e-13 0.000000e+00 0.000000e+00
-2.617592e-13 0.000000e+00 0.000000e+00
-3.678163e-14 0.000000e+00 0.000000e+00
-9.611769e-14 0.000000e+00 0.000000e+00
-2.238146e-13 0.000000e+00 0.000000e+00
6.922720e-14 0.000000e+00 0.000000e+00
-7.265894e-14 0.000000e+00 0.000000e+00
-7.269078e-14 0.000000e+00 0.000000e+00
-7.754733e-14 0.000000e+00 0.000000e+00
-1.031078e-13 0.000000e+00 0.000000e+00
1.376543e-14 0.000000e+00 0.000000e+00
2.107016e-13 0.000000e+00 0.000000e+00
6.573790e-15 0.000000e+00 0.000000e+00
-1.786928e-13 0.000000e+00 0.000000e+00
2.944402e-13 0.000000e+00 0.000000e+00
4.068926e-13 0.000000e+00 0.000000e+00
9.487318e-14 0.000000e+00 0.000000e+00
-1.327670e-13 0.000000e+00 0.000000e+00
7.395946e-15 0.000000e+00 0.000000e+00
2.166756e-13 0.000000e+00 0.000000e+00
8.132864e-14 0.000000e+00 0.000000e+00
-2.770193e-14 0.000000e+00 0.000000e+00
-3.824216e-14 0.000000e+00 0.000000e+00
6.473626e-14 0.000000e+00 0.000000e+00
4.931278e-14 0.000000e+00 0.000000e+00
-5.237350e-14 0.000000e+00 0.000000e+00
-7.387401e-15 0.000000e+00 0.000000e+00
8.986038e-14 0.000000e+00 0.000000e+00
1.036250e-13 0.000000e+00 0.000000e+00
-2.157059e-13 0.000000e+00 0.000000e+00
3.001342e-13 0.000000e+00 0.000000e+00
2.329663e-13 0.000000e+00 0.000000e+00
-3.606492e-13 0.000000e+00 0.000000e+00
-9.384611e-15 0.000000e+00 0.000000e+00
-7.848413e-14 0.000000e+00 0.000000e+00
-9.778451e-14 0.000000e+00 0.000000e+00
-3.103399e-14 0.000000e+00 0.000000e+00
1.735275e-13 0.000000e+00 0.000000e+00
3.939057e-14 0.000000e+00 0.000000e+00
-1.226893e-13 0.000000e+00 0.000000e+00
-2.288274e-13 0.000000e+00 0.000000e+00
1.781097e-13 0.000000e+00 0.000000e+00
1.219670e-13 0.000000e+00 0.000000e+00
-3.073663e-14 0.000000e+00 0.000000e+00
-2.329104e-13 0.000000e+00 0.000000e+00
1.571019e-13 0.000000e+00 0.000000e+00
-1.679162e-13 0.000000e+00 0.000000e+00
3.886539e-14 0.000000e+00 0.000000e+00
-1.178037e-13 0.000000e+00 0.000000e+00
-2.241440e-13 0.000000e+00 0.000000e+00
-2.357799e-13 0.000000e+00 0.000000e+00
-1.700755e-13 0.000000e+00 0.000000e+00
-1.004742e-13 0.000000e+00 0.000000e+00
-8.842071e-14 0.000000e+00 0.000000e+00
-9.048086e-14 0.000000e+00 0.000000e+00
-1.499051e-13 0.000000e+00 0.000000e+00
-1.304523e-13 0.000000e+00 0.000000e+00
1.953501e-13 0.000000e+00 0.000000e+00
8.288210e-14 0.000000e+00 0.000000e+00
1.143219e-13 0.000000e+00 0.000000e+00
2.936074e-14 0.000000e+00 0.000000e+00
2.920943e-14 0.000000e+00 0.000000e+00
1.077506e-13 0.000000e+00 0.000000e+00
-5.261442e-14 0.000000e+00 0.000000e+00
-7.153923e-14 0.000000e+00 0.000000e+00
-2.040023e-13 0.000000e+00 0.000000e+00
-2.107495e-13 0.000000e+00 0.000000e+00
-5.399800e-14 0.000000e+00 0.000000e+00
-9.452164e-14 0.000000e+00 0.000000e+00
1.477730e-13 0.000000e+00 0.000000e+00
-4.451820e-14 0.000000e+00 0.000000e+00
1.257679e-13 0.000000e+00 0.000000e+00
7.596725e-14 0.000000e+00 0.000000e+00
5.876221e-14 0.000000e+00 0.000000e+00
8.498234e-14 0.000000e+00 0.000000e+00
-1.587712e-13 0.000000e+00 0.000000e+00
1.663056e-13 0.000000e+00 0.000000e+00
2.075977e-13 0.000000e+00 0.000000e+00
-1.052135e-13 0.000000e+00 0.000000e+00
1.977567e-13 0.000000e+00 0.000000e+00
1.574746e-13 0.000000e+00 0.000000e+00
2.460395e-14 0.000000e+00 0.000000e+00
2.292060e-13 0.000000e+00 0.000000e+00
-6.028696e-14 0.000000e+00 0.000000e+00
-1.677232e-13 0.000000e+00 0.000000e+00
1.722752e-13 0.000000e+00 0.000000e+00
-5.633653e-14 0.000000e+00 0.000000e+00
1.361338e-13 0.000000e+00 0.000000e+00
-9.450275e-14 0.000000e+00 0.000000e+00
2.702050e-14 0.000000e+00 0.000000e+00
5.898491e-14 0.000000e+00 0.000000e+00
-2.197676e-13 0.000000e+00 0.000000e+00
-9.308198e-14 0.000000e+00 0.000000e+00
-7.559259e-14 0.000000e+00 0.000000e+00
-1.866647e-13 0.000000e+00 0.000000e+00
-5.106006e-14 0.000000e+00 0.000000e+00
1.757794e-13 0.000000e+00 0.000000e+00
-2.261085e-13 0.000000e+00 0.000000e+00
1.313903e-13 0.000000e+00 0.000000e+00
1.128011e-13 0.000000e+00 0.000000e+00
-1.234190e-13 0.000000e+00 0.000000e+00
1.044081e-13 0.000000e+00 0.000000e+00
1.809710e-14 0.000000e+00 0.000000e+00
1.831162e-14 0.000000e+00 0.000000e+00
-1.465639e-13 0.000000e+00 0.000000e+00
-4.994120e-13 0.000000e+00 0.000000e+00
9.990385e-14 0.000000e+00 0.000000e+00
-1.823859e-13 0.000000e+00 0.000000e+00
-3.819302e-14 0.000000e+00 0.000000e+00
1.444725e-14 0.000000e+00 0.000000e+00
7.489088e-14 0.000000e+00 0.000000e+00
-1.424237e-13 0.000000e+00 0.000000e+00
-6.110373e-14 0.000000e+00 0.000000e+00
2.105768e-13 0.000000e+00 0.000000e+00
-3.722368e-14 0.000000e+00 0.000000e+00
2.415293e-14 0.000000e+00 0.000000e+00
-1.379471e-13 0.000000e+00 0.000000e+00
1.808753e-14 0.000000e+00 0.000000e+00
9.828694e-14 0.000000e+00 0.000000e+00
1.986743e-13 0.000000e+00 0.000000e+00
6.725701e-14 0.000000e+00 0.000000e+00
3.559033e-13 0.000000e+00 0.000000e+00
6.481998e-14 0.000000e+00 0.000000e+00
-3.709754e-13 0.000000e+00 0.000000e+00
-2.512633e-13 0.000000e+00 0.000000e+00
-3.170765e-13 0.000000e+00 0.000000e+00
-2.391546e-13 0.000000e+00 0.000000e+00
1.192310e-13 0.000000e+00 0.000000e+00
-1.050092e-13 0.000000e+00 0.000000e+00
-1.601344e-13 0.000000e+00 0.000000e+00
-1.257813e-13 0.000000e+00 0.000000e+00
1.557498e-13 0.000000e+00 0.000000e+00
-1.128363e-13 0.000000e+00 0.000000e+00
-2.992355e-13 0.000000e+00 0.000000e+00
-1.778179e-14 0.000000e+00 0.000000e+00
5.501545e-14 0.000000e+00 0.000000e+00
-2.189714e-13 0.000000e+00 0.000000e+00
5.997194e-14 0.000000e+00 0.000000e+00
-1.463555e-13 0.000000e+00 0.000000e+00
1.042774e-13 0.000000e+00 0.000000e+00
3.307147e-13 0.000000e+00 0.000000e+00
-1.357276e-13 0.000000e+00 0.000000e+00
3.004534e-13 0.000000e+00 0.000000e+00
-1.800593e-13 0.000000e+00 0.000000e+00
6.420418e-14 0.000000e+00 0.000000e+00
-1.290498e-13 0.000000e+00 0.000000e+00
-1.602406e-13 0.000000e+00 0.000000e+00
1.020640e-13 0.000000e+00 0.000000e+00
5.034447e-13 0.000000e+00 0.000000e+00
3.737403e-13 0.000000e+00 0.000000e+00
1.012421e-13 0.000000e+00 0.000000e+00
6.821134e-14 0.000000e+00 0.000000e+00
-3.179043e-13 0.000000e+00 0.000000e+00
-6.140681e-14 0.000000e+00 0.000000e+00
1.251587e-13 0.000000e+00 0.000000e+00
-9.616978e-14 0.000000e+00 0.000000e+00
-1.409140e-13 0.000000e+00 0.000000e+00
8.260390e-14 0.000000e+00 0.000000e+00
1.878368e-13 0.000000e+00 0.000000e+00
1.089938e-13 0.000000e+00 0.000000e+00
5.971224e-14 0.000000e+00 0.000000e+00
1.643434e-14 0.000000e+00 0.000000e+00
-2.224223e-14 0.000000e+00 0.000000e+00
1.211915e-13 0.000000e+00 0.000000e+00
1.107728e-13 0.000000e+00 0.000000e+00
2.329346e-14 0.000000e+00 0.000000e+00
-1.382258e-13 0.000000e+00 0.000000e+00
4.916673e-14 0.000000e+00 0.000000e+00
-7.964308e-14 0.000000e+00 0.000000e+00
6.207038e-14 0.000000e+00 0.000000e+00
-2.162250e-14 0.000000e+00 0.000000e+00
-1.507200e-13 0.000000e+00 0.000000e+00
2.314141e-14 0.000000e+00 0.000000e+00
1.616202e-13 0.000000e+00 0.000000e+00
-2.634342e-13 0.000000e+00 0.000000e+00
1.538495e-13 0.000000e+00 0.000000e+00
-1.543004e-13 0.000000e+00 0.000000e+00
1.531438e-13 0.000000e+00 0.000000e+00
2.174792e-13 0.000000e+00 0.000000e+00
1.289058e-13 0.000000e+00 0.000000e+00
-1.232594e-13 0.000000e+00 0.000000e+00
-1.358004e-13 0.000000e+00 0.000000e+00
-5.993410e-14 0.000000e+00 0.000000e+00
-3.432596e-13 0.000000e+00 0.000000e+00
9.213476e-14 0.000000e+00 0.000000e+00
-5.712251e-14 0.000000e+00 0.000000e+00
-6.566683e-14 0.000000e+00 0.000000e+00
-2.696515e-14 0.000000e+00 0.000000e+00
-7.634530e-14 0.000000e+00 0.000000e+00
-1.137694e-13 0.000000e+00 0.000000e+00
3.846597e-14 0.000000e+00 0.000000e+00
1.206677e-13 0.000000e+00 0.000000e+00
6.198186e-14 0.000000e+00 0.000000e+00
-1.483632e-13 0.000000e+00 0.000000e+00
-1.030125e-13 0.000000e+00 0.000000e+00
1.598626e-13 0.000000e+00 0.000000e+00
-1.131193e-13 0.000000e+00 0.000000e+00
2.024096e-15 0.000000e+00 0.000000e+00
-1.470894e-14 0.000000e+00 0.000000e+00
-1.927915e-14 0.000000e+00 0.000000e+00
1.187350e-13 0.000000e+00 0.000000e+00
-3.479640e-13 0.000000e+00 0.000000e+00
-2.057290e-13 0.000000e+00 0.000000e+00
-4.861828e-14 0.000000e+00 0.000000e+00
1.609259e-13 0.000000e+00 0.000000e+00
3.128999e-13 0.000000e+00 0.000000e+00
-1.701365e-13 0.000000e+00 0.000000e+00
-1.881247e-13 0.000000e+00 0.000000e+00
2.613117e-14 0.000000e+00 0.000000e+00
2.205684e-14 0.000000e+00 0.000000e+00
1.510855e-13 0.000000e+00 0.000000e+00
-2.093424e-13 0.000000e+00 0.000000e+00
-4.716029e-14 0.000000e+00 0.000000e+00
-1.233569e-14 0.000000e+00 0.000000e+00
-2.865264e-13 0.000000e+00 0.000000e+00
5.839622e-14 0.000000e+00 0.000000e+00
-1.461631e-13 0.000000e+00 0.000000e+00
1.764491e-13 0.000000e+00 0.000000e+00
-4.169875e-13 0.000000e+00 0.000000e+00
1.390414e-13 0.000000e+00 0.000000e+00
2.202331e-13 0.000000e+00 0.000000e+00
-1.273310e-13 0.000000e+00 0.000000e+00
1.282021e-13 0.000000e+00 0.000000e+00
1.766701e-13 0.000000e+00 0.000000e+00
-8.646696e-14 0.000000e+00 0.000000e+00
-1.355126e-13 0.000000e+00 0.000000e+00
-1.385809e-13 0.000000e+00 0.000000e+00
-4.696937e-14 0.000000e+00 0.000000e+00
-5.052570e-14 0.000000e+00 0.000000e+00
4.657187e-15 0.000000e+00 0.000000e+00
-2.849859e-13 0.000000e+00 0.000000e+00
-1.623098e-14 0.000000e+00 0.000000e+00
-6.846480e-14 0.000000e+00 0.000000e+00
3.839687e-13 0.000000e+00 0.000000e+00
8.188239e-14 0.000000e+00 0.000000e+00
5.805931e-14 0.000000e+00 0.000000e+00
1.499391e-13 0.000000e+00 0.000000e+00
8.227147e-14 0.000000e+00 0.000000e+00
-3.504909e-13 0.000000e+00 0.000000e+00
-3.113246e-14 0.000000e+00 0.000000e+00
-2.675798e-13 0.000000e+00 0.000000e+00
3.755569e-14 0.000000e+00 0.000000e+00
1.620141e-13 0.000000e+00 0.000000e+00
7.151526e-15 0.000000e+00 0.000000e+00
5.700800e-14 0.000000e+00 0.000000e+00
1.905125e-13 0.000000e+00 0.000000e+00
2.416211e-15 0.000000e+00 0.000000e+00
1.395124e-13 0.000000e+00 0.000000e+00
1.644367e-13 0.000000e+00 0.000000e+00
9.621656e-14 0.000000e+00 0.000000e+00
2.075962e-13 0.000000e+00 0.000000e+00
-2.889249e-13 0.000000e+00 0.000000e+00
-3.718047e-15 0.000000e+00 0.000000e+00
-4.726281e-15 0.000000e+00 0.000000e+00
2.556831e-14 0.000000e+00 0.000000e+00
1.001105e-13 0.000000e+00 0.000000e+00
8.281531e-14 0.000000e+00 0.000000e+00
-3.023218e-13 0.000000e+00 0.000000e+00
-1.101791e-14 0.000000e+00 0.000000e+00
-2.375322e-13 0.000000e+00 0.000000e+00
-1.115890e-14 0.000000e+00 0.000000e+00
-3.710631e-14 0.000000e+00 0.000000e+00
1.971627e-14 0.000000e+00 0.000000e+00
-1.350044e-13 0.000000e+00 0.000000e+00
5.033815e-14 0.000000e+00 0.000000e+00
-1.484064e-13 0.000000e+00 0.000000e+00
-6.216194e-14 0.000000e+00 0.000000e+00
-3.321066e-14 0.000000e+00 0.000000e+00
1.364111e-13 0.000000e+00 0.000000e+00
-3.593086e-13 0.000000e+00 0.000000e+00
8.556990e-14 0.000000e+00 0.000000e+00
1.682189e-14 0.000000e+00 0.000000e+00
-3.983447e-13 0.000000e+00 0.000000e+00
1.527656e-13 0.000000e+00 0.000000e+00
9.970893e-14 0.000000e+00 0.000000e+00
7.549543e-14 0.000000e+00 0.000000e+00
-1.722844e-13 0.000000e+00 0.000000e+00
-4.536530e-14 0.000000e+00 0.000000e+00
1.119518e-13 0.000000e+00 0.000000e+00
3.491623e-14 0.000000e+00 0.000000e+00
-1.093152e-13 0.000000e+00 0.000000e+00
1.667313e-14 0.000000e+00 0.000000e+00
6.083473e-14 0.000000e+00 0.000000e+00
-4.851949e-14 0.000000e+00 0.000000e+00
-1.702079e-13 0.000000e+00 0.000000e+00
-3.003567e-14 0.000000e+00 0.000000e+00
1.004281e-13 0.000000e+00 0.000000e+00
-7.215908e-14 0.000000e+00 0.000000e+00
-1.964274e-16 0.000000e+00 0.000000e+00
-2.527230e-13 0.000000e+00 0.000000e+00
-1.569996e-14 0.000000e+00 0.000000e+00
-1.590894e-13 0.000000e+00 0.000000e+00
9.365544e-14 0.000000e+00 0.000000e+00
-1.264161e-13 0.000000e+00 0.000000e+00
1.487457e-13 0.000000e+00 0.000000e+00
-2.040727e-13 0.000000e+00 0.000000e+00
-1.781792e-13 0.000000e+00 0.000000e+00
-1.040639e-13 0.000000e+00 0.000000e+00
-6.431674e-14 0.000000e+00 0.000000e+00
3.435344e-15 0.000000e+00 0.000000e+00
8.582605e-14 0.000000e+00 0.000000e+00
-1.604891e-13 0.000000e+00 0.000000e+00
1.857038e-13 0.000000e+00 0.000000e+00
4.842484e-14 0.000000e+00 0.000000e+00
4.296455e-15 0.000000e+00 0.000000e+00
-8.684880e-14 0.000000e+00 0.000000e+00
1.235828e-14 0.000000e+00 0.000000e+00
-5.906923e-14 0.000000e+00 0.000000e+00
5.061852e-14 0.000000e+00 0.000000e+00
-1.152900e-13 0.000000e+00 0.000000e+00
-1.018654e-13 0.000000e+00 0.000000e+00
1.509937e-14 0.000000e+00 0.000000e+00
1.276336e-13 0.000000e+00 0.000000e+00
-4.347904e-14 0.000000e+00 0.000000e+00
3.096053e-13 0.000000e+00 0.000000e+00
-2.084135e-13 0.000000e+00 0.000000e+00
-1.124894e-13 0.000000e+00 0.000000e+00
4.149488e-14 0.000000e+00 0.000000e+00
-1.427796e-13 0.000000e+00 0.000000e+00
-1.255379e-13 0.000000e+00 0.000000e+00
1.597845e-13 0.000000e+00 0.000000e+00
-3.228020e-13 0.000000e+00 0.000000e+00
1.677808e-13 0.000000e+00 0.000000e+00
-1.716423e-13 0.000000e+00 0.000000e+00
-3.088593e-13 0.000000e+00 0.000000e+00
2.091095e-13 0.000000e+00 0.000000e+00
-8.979843e-14 0.000000e+00 0.000000e+00
-2.935584e-14 0.000000e+00 0.000000e+00
-1.547742e-13 0.000000e+00 0.000000e+00
3.082239e-13 0.000000e+00 0.000000e+00
1.721109e-13 0.000000e+00 0.000000e+00
2.002421e-13 0.000000e+00 0.000000e+00
1.736654e-13 0.000000e+00 0.000000e+00
-2.091173e-13 0.000000e+00 0.000000e+00
5.269069e-14 0.000000e+00 0.000000e+00
-8.731117e-14 0.000000e+00 0.000000e+00
1.192590e-13 0.000000e+00 0.000000e+00
9.384418e-14 0.000000e+00 0.000000e+00
-4.300547e-13 0.000000e+00 0.000000e+00
-2.072863e-13 0.000000e+00 0.000000e+00
-5.570119e-14 0.000000e+00 0.000000e+00
4.535810e-14 0.000000e+00 0.000000e+00
1.513981e-14 0.000000e+00 0.000000e+00
-9.768106e-14 0.000000e+00 0.000000e+00
1.647256e-13 0.000000e+00 0.000000e+00
3.891856e-13 0.000000e+00 0.000000e+00
4.554741e-13 0.000000e+00 0.000000e+00
-1.223942e-13 0.000000e+00 0.000000e+00
1.549715e-13 0.000000e+00 0.000000e+00
7.353153e-15 0.000000e+00 0.000000e+00
-1.309630e-13 0.000000e+00 0.000000e+00
-4.132206e-13 0.000000e+00 0.000000e+00
-1.329365e-13 0.000000e+00 0.000000e+00
2.255700e-13 0.000000e+00 0.000000e+00
2.407172e-13 0.000000e+00 0.000000e+00
-2.159765e-13 0.000000e+00 0.000000e+00
-1.244214e-13 0.000000e+00 0.000000e+00
-1.239782e-13 0.000000e+00 0.000000e+00
-2.850094e-14 0.000000e+00 0.000000e+00
2.070347e-14 0.000000e+00 0.000000e+00
1.964006e-13 0.000000e+00 0.000000e+00
6.457540e-15 0.000000e+00 0.000000e+00
-2.527882e-13 0.000000e+00 0.000000e+00
3.572581e-14 0.000000e+00 0.000000e+00
-3.777457e-13 0.000000e+00 0.000000e+00
-1.687611e-13 0.000000e+00 0.000000e+00
-1.108145e-14 0.000000e+00 0.000000e+00
-2.338055e-13 0.000000e+00 0.000000e+00
1.491677e-14 0.000000e+00 0.000000e+00
-1.402967e-13 0.000000e+00 0.000000e+00
-2.324174e-13 0.000000e+00 0.000000e+00
-2.133470e-13 0.000000e+00 0.000000e+00
-2.029263e-14 0.000000e+00 0.000000e+00
3.141704e-13 0.000000e+00 0.000000e+00
-2.243525e-13 0.000000e+00 0.000000e+00
1.623651e-13 0.000000e+00 0.000000e+00
-8.455976e-14 0.000000e+00 0.000000e+00
-2.102592e-13 0.000000e+00 0.000000e+00
5.816984e-15 0.000000e+00 0.000000e+00
1.056658e-13 0.000000e+00 0.000000e+00
-9.401697e-14 0.000000e+00 0.000000e+00
1.667786e-13 0.000000e+00 0.000000e+00
1.094842e-13 0.000000e+00 0.000000e+00
-1.928456e-13 0.000000e+00 0.000000e+00
-1.840936e-13 0.000000e+00 0.000000e+00
-8.424729e-14 0.000000e+00 0.000000e+00
-2.562678e-13 0.000000e+00 0.000000e+00
-1.977706e-13 0.000000e+00 0.000000e+00
-3.099566e-13 0.000000e+00 0.000000e+00
-3.149518e-14 0.000000e+00 0.000000e+00
-1.384906e-13 0.000000e+00 0.000000e+00
-7.088712e-14 0.000000e+00 0.000000e+00
-2.541529e-13 0.000000e+00 0.000000e+00
-1.207575e-14 0.000000e+00 0.000000e+00
4.595826e-14 0.000000e+00 0.000000e+00
-2.639661e-13 0.000000e+00 0.000000e+00
-1.697470e-13 0.000000e+00 0.000000e+00
-1.943471e-13 0.000000e+00 0.000000e+00
5.267155e-14 0.000000e+00 0.000000e+00
1.632303e-13 0.000000e+00 0.000000e+00
-1.339023e-13 0.000000e+00 0.000000e+00
1.534097e-13 0.000000e+00 0.000000e+00
1.194375e-13 0.000000e+00 0.000000e+00
-8.877867e-14 0.000000e+00 0.000000e+00
8.874020e-14 0.000000e+00 0.000000e+00
-7.930206e-15 0.000000e+00 0.000000e+00
-1.732440e-14 0.000000e+00 0.000000e+00
1.740066e-13 0.000000e+00 0.000000e+00
1.515760e-13 0.000000e+00 0.000000e+00
5.370939e-14 0.000000e+00 0.000000e+00
2.133526e-13 0.000000e+00 0.000000e+00
-9.551537e-14 0.000000e+00 0.000000e+00
1.597211e-13 0.000000e+00 0.000000e+00
-1.113740e-14 0.000000e+00 0.000000e+00
-9.570200e-14 0.000000e+00 0.000000e+00
-2.789342e-13 0.000000e+00 0.000000e+00
-1.508721e-13 0.000000e+00 0.000000e+00
1.281207e-13 0.000000e+00 0.000000e+00
8.824811e-14 0.000000e+00 0.000000e+00
2.229365e-13 0.000000e+00 0.000000e+00
2.589983e-14 0.000000e+00 0.000000e+00
8.138523e-14 0.000000e+00 0.000000e+00
1.647307e-13 0.000000e+00 0.000000e+00
1.039355e-13 0.000000e+00 0.000000e+00
1.370961e-14 0.000000e+00 0.000000e+00
-1.044003e-13 0.000000e+00 0.000000e+00
2.119331e-13 0.000000e+00 0.000000e+00
9.667774e-14 0.000000e+00 0.000000e+00
-3.830446e-14 0.000000e+00 0.000000e+00
3.559561e-13 0.000000e+00 0.000000e+00
-2.489146e-13 0.000000e+00 0.000000e+00
-8.640560e-14 0.000000e+00 0.000000e+00
2.535840e-13 0.000000e+00 0.000000e+00
-1.018326e-13 0.000000e+00 0.000000e+00
8.599572e-14 0.000000e+00 0.000000e+00
2.322315e-14 0.000000e+00 0.000000e+00
-6.433657e-14 0.000000e+00 0.000000e+00
3.356587e-14 0.000000e+00 0.000000e+00
-1.328063e-14 0.000000e+00 0.000000e+00
1.097572e-13 0.000000e+00 0.000000e+00
-7.727472e-14 0.000000e+00 0.000000e+00
4.670344e-14 0.000000e+00 0.000000e+00
-2.163663e-14 0.000000e+00 0.000000e+00
-6.300683e-15 0.000000e+00 0.000000e+00
4.046476e-14 0.000000e+00 0.000000e+00
2.891473e-14 0.000000e+00 0.000000e+00
-5.973776e-14 0.000000e+00 0.000000e+00
1.052155e-14 0.000000e+00 0.000000e+00
1.077745e-13 0.000000e+00 0.000000e+00
-1.156744e-13 0.000000e+00 0.000000e+00
1.621550e-13 0.000000e+00 0.000000e+00
1.169210e-13 0.000000e+00 0.000000e+00
-1.362507e-13 0.000000e+00 0.000000e+00
4.802168e-14 0.000000e+00 0.000000e+00
-5.228195e-15 0.000000e+00 0.000000e+00
-2.111430e-13 0.000000e+00 0.000000e+00
2.266180e-13 0.000000e+00 0.000000e+00
5.743535e-14 0.000000e+00 0.000000e+00
-1.851301e-14 0.000000e+00 0.000000e+00
-1.806714e-13 0.000000e+00 0.000000e+00
1.284671e-13 0.000000e+00 0.000000e+00
-8.804690e-14 0.000000e+00 0.000000e+00
1.721016e-13 0.000000e+00 0.000000e+00
-6.340192e-14 0.000000e+00 0.000000e+00
-2.539526e-13 0.000000e+00 0.000000e+00
-2.503763e-13 0.000000e+00 0.000000e+00
-4.708428e-14 0.000000e+00 0.000000e+00
-9.360310e-14 0.000000e+00 0.000000e+00
7.395290e-14 0.000000e+00 0.000000e+00
-4.167826e-14 0.000000e+00 0.000000e+00
-1.775954e-13 0.000000e+00 0.000000e+00
-2.454708e-13 0.000000e+00 0.000000e+00
-4.952267e-14 0.000000e+00 0.000000e+00
-4.078145e-14 0.000000e+00 0.000000e+00
-1.406009e-13 0.000000e+00 0.000000e+00
-6.345454e-14 0.000000e+00 0.000000e+00
1.528130e-13 0.000000e+00 0.000000e+00
1.548136e-13 0.000000e+00 0.000000e+00
1.255336e-14 0.000000e+00 0.000000e+00
-9.553349e-14 0.000000e+00 0.000000e+00
1.401692e-13 0.000000e+00 0.000000e+00
1.035500e-13 0.000000e+00 0.000000e+00
-3.684931e-14 0.000000e+00 0.000000e+00
1.558450e-13 0.000000e+00 0.000000e+00
3.081054e-13 0.000000e+00 0.000000e+00
-9.206821e-14 0.000000e+00 0.000000e+00
3.247326e-14 0.000000e+00 0.000000e+00
2.151157e-13 0.000000e+00 0.000000e+00
1.391880e-13 0.000000e+00 0.000000e+00
1.014148e-13 0.000000e+00 0.000000e+00
-8.223067e-14 0.000000e+00 0.000000e+00
-2.226399e-13 0.000000e+00 0.000000e+00
-2.506784e-13 0.000000e+00 0.000000e+00
-2.328921e-13 0.000000e+00 0.000000e+00
-5.941930e-14 0.000000e+00 0.000000e+00
1.440479e-14 0.000000e+00 0.000000e+00
2.349012e-13 0.000000e+00 0.000000e+00
2.725170e-13 0.000000e+00 0.000000e+00
-1.155718e-13 0.000000e+00 0.000000e+00
5.842906e-13 0.000000e+00 0.000000e+00
4.768991e-14 0.000000e+00 0.000000e+00
2.388044e-13 0.000000e+00 0.000000e+00
2.435625e-13 0.000000e+00 0.000000e+00
6.796701e-14 0.000000e+00 0.000000e+00
-4.417808e-13 0.000000e+00 0.000000e+00
-2.934930e-13 0.000000e+00 0.000000e+00
-1.966868e-14 0.000000e+00 0.000000e+00
-1.334894e-13 0.000000e+00 0.000000e+00
1.268438e-13 0.000000e+00 0.000000e+00
1.021594e-13 0.000000e+00 0.000000e+00
3.138500e-15 0.000000e+00 0.000000e+00
-3.764424e-13 0.000000e+00 0.000000e+00
9.113884e-14 0.000000e+00 0.000000e+00
1.133311e-13 0.000000e+00 0.000000e+00
-9.016370e-15 0.000000e+00 0.000000e+00
1.928653e-13 0.000000e+00 0.000000e+00
-1.016722e-14 0.000000e+00 0.000000e+00
-3.454710e-13 0.000000e+00 0.000000e+00
4.965956e-14 0.000000e+00 0.000000e+00
1.114645e-13 0.000000e+00 0.000000e+00
-1.452928e-13 0.000000e+00 0.000000e+00
3.593679e-14 0.000000e+00 0.000000e+00
1.938445e-13 0.000000e+00 0.000000e+00
1.980987e-13 0.000000e+00 0.000000e+00
1.149520e-13 0.000000e+00 0.000000e+00
-3.135994e-14 0.000000e+00 0.000000e+00
-4.463221e-14 0.000000e+00 0.000000e+00
-2.385031e-14 0.000000e+00 0.000000e+00
-1.257546e-13 0.000000e+00 0.000000e+00
-3.482320e-13 0.000000e+00 0.000000e+00
-2.122160e-13 0.000000e+00 0.000000e+00
-1.353199e-14 0.000000e+00 0.000000e+00
-2.696085e-13 0.000000e+00 0.000000e+00
9.314974e-14 0.000000e+00 0.000000e+00
-1.634809e-13 0.000000e+00 0.000000e+00
-2.780432e-14 0.000000e+00 0.000000e+00
-8.250999e-15 0.000000e+00 0.000000e+00
-1.583397e-13 0.000000e+00 0.000000e+00
-1.980216e-13 0.000000e+00 0.000000e+00
5.187124e-14 0.000000e+00 0.000000e+00
1.759236e-13 0.000000e+00 0.000000e+00
1.465810e-13 0.000000e+00 0.000000e+00
-9.558170e-14 0.000000e+00 0.000000e+00
-3.312536e-13 0.000000e+00 0.000000e+00
-9.642419e-14 0.000000e+00 0.000000e+00
2.101571e-14 0.000000e+00 0.000000e+00
-1.947059e-13 0.000000e+00 0.000000e+00
-2.972620e-13 0.000000e+00 0.000000e+00
-3.159025e-14 0.000000e+00 0.000000e+00
1.730433e-13 0.000000e+00 0.000000e+00
3.140966e-14 0.000000e+00 0.000000e+00
2.639297e-14 0.000000e+00 0.000000e+00
8.565476e-14 0.000000e+00 0.000000e+00
2.415989e-13 0.000000e+00 0.000000e+00
7.835146e-15 0.000000e+00 0.000000e+00
-2.380932e-13 0.000000e+00 0.000000e+00
1.006335e-13 0.000000e+00 0.000000e+00
6.753724e-14 0.000000e+00 0.000000e+00
-3.035858e-13 0.000000e+00 0.000000e+00
-2.855105e-14 0.000000e+00 0.000000e+00
7.335581e-14 0.000000e+00 0.000000e+00
-3.691488e-14 0.000000e+00 0.000000e+00
1.093081e-13 0.000000e+00 0.000000e+00
6.494001e-14 0.000000e+00 0.000000e+00
-6.336277e-15 0.000000e+00 0.000000e+00
3.782054e-14 0.000000e+00 0.000000e+00
-5.415054e-15 0.000000e+00 0.000000e+00
-2.449014e-13 0.000000e+00 0.000000e+00
8.533985e-14 0.000000e+00 0.000000e+00
-1.800379e-13 0.000000e+00 0.000000e+00
6.695875e-14 0.000000e+00 0.000000e+00
5.641420e-14 0.000000e+00 0.000000e+00
-3.125873e-15 0.000000e+00 0.000000e+00
-1.424030e-15 0.000000e+00 0.000000e+00
1.935647e-13 0.000000e+00 0.000000e+00
-3.387463e-13 0.000000e+00 0.000000e+00
-3.027599e-13 0.000000e+00 0.000000e+00
-1.021215e-13 0.000000e+00 0.000000e+00
-1.901703e-13 0.000000e+00 0.000000e+00
-6.553529e-14 0.000000e+00 0.000000e+00
-1.501971e-15 0.000000e+00 0.000000e+00
2.023216e-13 0.000000e+00 0.000000e+00
-3.326780e-13 0.000000e+00 0.000000e+00
-8.998881e-14 0.000000e+00 0.000000e+00
1.117296e-13 0.000000e+00 0.000000e+00
9.892588e-14 0.000000e+00 0.000000e+00
3.725185e-13 0.000000e+00 0.000000e+00
-2.167088e-13 0.000000e+00 0.000000e+00
-8.413173e-14 0.000000e+00 0.000000e+00
1.305606e-13 0.000000e+00 0.000000e+00
-1.085296e-13 0.000000e+00 0.000000e+00
-1.921604e-13 0.000000e+00 0.000000e+00
1.565825e-13 0.000000e+00 0.000000e+00
-1.001232e-13 0.000000e+00 0.000000e+00
2.005365e-13 0.000000e+00 0.000000e+00
3.994630e-15 0.000000e+00 0.000000e+00
-2.924625e-13 0.000000e+00 0.000000e+00
-1.997089e-13 0.000000e+00 0.000000e+00
9.850189e-14 0.000000e+00 0.000000e+00
-4.968399e-14 0.000000e+00 0.000000e+00
5.751304e-14 0.000000e+00 0.000000e+00
-2.647729e-13 0.000000e+00 0.000000e+00
3.413522e-13 0.000000e+00 0.000000e+00
-9.415773e-14 0.000000e+00 0.000000e+00
-1.655091e-13 0.000000e+00 0.000000e+00
-1.491705e-13 0.000000e+00 0.000000e+00
7.293825e-14 0.000000e+00 0.000000e+00
-5.052971e-16 0.000000e+00 0.000000e+00
-2.492283e-13 0.000000e+00 0.000000e+00
1.265416e-13 0.000000e+00 0.000000e+00
1.311725e-14 0.000000e+00 0.000000e+00
7.976159e-14 0.000000e+00 0.000000e+00
1.605512e-13 0.000000e+00 0.000000e+00
-8.316226e-14 0.000000e+00 0.000000e+00
2.297756e-13 0.000000e+00 0.000000e+00
