FX FY FZ 
1.118795e-10 0.000000e+00 0.000000e+00
-5.186531e-10 0.000000e+00 0.000000e+00
-5.871726e-10 0.000000e+00 0.000000e+00
-7.679508e-11 0.000000e+00 0.000000e+00
-6.242105e-10 0.000000e+00 0.000000e+00
2.229888e-11 0.000000e+00 0.000000e+00
3.837910e-10 0.000000e+00 0.000000e+00
2.821044e-10 0.000000e+00 0.000000e+00
3.497275e-10 0.000000e+00 0.000000e+00
1.594709e-10 0.000000e+00 0.000000e+00
2.511621e-10 0.000000e+00 0.000000e+00
4.016656e-10 0.000000e+00 0.000000e+00
2.842133e-10 0.000000e+00 0.000000e+00
2.411374e-10 0.000000e+00 0.000000e+00
3.474711e-10 0.000000e+00 0.000000e+00
3.820910e-10 0.000000e+00 0.000000e+00
3.440008e-10 0.000000e+00 0.000000e+00
3.383325e-10 0.000000e+00 0.000000e+00
3.674221e-10 0.000000e+00 0.000000e+00
3.343366e-10 0.000000e+00 0.000000e+00
3.999321e-10 0.000000e+00 0.000000e+00
4.008419e-10 0.000000e+00 0.000000e+00
3.369880e-10 0.000000e+00 0.000000e+00
3.438768e-10 0.000000e+00 0.000000e+00
3.462579e-10 0.000000e+00 0.000000e+00
2.382105e-10 0.000000e+00 0.000000e+00
2.732849e-10 0.000000e+00 0.000000e+00
2.653055e-10 0.000000e+00 0.000000e+00
2.620959e-10 0.000000e+00 0.000000e+00
2.773733e-10 0.000000e+00 0.000000e+00
2.723052e-10 0.000000e+00 0.000000e+00
2.572265e-10 0.000000e+00 0.000000e+00
2.770198e-10 0.000000e+00 0.000000e+00
2.871068e-10 0.000000e+00 0.000000e+00
2.858927e-10 0.000000e+00 0.000000e+00
2.897690e-10 0.000000e+00 0.000000e+00
-1.447304e-09 0.000000e+00 0.000000e+00
-4.094853e-10 0.000000e+00 0.000000e+00
-1.918391e-10 0.000000e+00 0.000000e+00
-5.840301e-10 0.000000e+00 0.000000e+00
-2.173536e-10 0.000000e+00 0.000000e+00
-1.945039e-10 0.000000e+00 0.000000e+00
-6.378806e-10 0.000000e+00 0.000000e+00
-3.583615e-10 0.000000e+00 0.000000e+00
-4.337149e-10 0.000000e+00 0.000000e+00
-1.916997e-10 0.000000e+00 0.000000e+00
-2.982076e-11 0.000000e+00 0.000000e+00
-7.694920e-11 0.000000e+00 0.000000e+00
-2.607541e-10 0.000000e+00 0.000000e+00
-3.071069e-10 0.000000e+00 0.000000e+00
-3.027970e-10 0.000000e+00 0.000000e+00
7.937084e-11 0.000000e+00 0.000000e+00
9.698880e-11 0.000000e+00 0.000000e+00
1.004069e-10 0.000000e+00 0.000000e+00
1.654665e-10 0.000000e+00 0.000000e+00
-6.171094e-10 0.000000e+00 0.000000e+00
-7.300386e-10 0.000000e+00 0.000000e+00
-5.648937e-10 0.000000e+00 0.000000e+00
-4.235169e-10 0.000000e+00 0.000000e+00
-6.154150e-10 0.000000e+00 0.000000e+00
-6.214206e-10 0.000000e+00 0.000000e+00
-4.915551e-10 0.000000e+00 0.000000e+00
-5.076886e-10 0.000000e+00 0.000000e+00
-4.789145e-10 0.000000e+00 0.000000e+00
-5.011433e-10 0.000000e+00 0.000000e+00
-4.806970e-10 0.000000e+00 0.000000e+00
-1.713963e-10 0.000000e+00 0.000000e+00
-2.506076e-11 0.000000e+00 0.000000e+00
-2.327115e-11 0.000000e+00 0.000000e+00
-1.113553e-10 0.000000e+00 0.000000e+00
-2.025124e-10 0.000000e+00 0.000000e+00
-2.102245e-10 0.000000e+00 0.000000e+00
-1.210867e-10 0.000000e+00 0.000000e+00
-9.730046e-11 0.000000e+00 0.000000e+00
2.281341e-10 0.000000e+00 0.000000e+00
5.004214e-10 0.000000e+00 0.000000e+00
5.847994e-10 0.000000e+00 0.000000e+00
5.299773e-10 0.000000e+00 0.000000e+00
5.300721e-10 0.000000e+00 0.000000e+00
5.420239e-10 0.000000e+00 0.000000e+00
6.307834e-10 0.000000e+00 0.000000e+00
5.225582e-10 0.000000e+00 0.000000e+00
5.845965e-10 0.000000e+00 0.000000e+00
4.891803e-10 0.000000e+00 0.000000e+00
4.063305e-10 0.000000e+00 0.000000e+00
-2.915966e-10 0.000000e+00 0.000000e+00
-5.177923e-10 0.000000e+00 0.000000e+00
-2.363901e-10 0.000000e+00 0.000000e+00
7.440138e-10 0.000000e+00 0.000000e+00
-7.909877e-11 0.000000e+00 0.000000e+00
-1.101755e-10 0.000000e+00 0.000000e+00
2.145441e-10 0.000000e+00 0.000000e+00
-3.136981e-10 0.000000e+00 0.000000e+00
-3.332223e-10 0.000000e+00 0.000000e+00
-1.194620e-10 0.000000e+00 0.000000e+00
4.217117e-11 0.000000e+00 0.000000e+00
6.440314e-10 0.000000e+00 0.000000e+00
3.040435e-10 0.000000e+00 0.000000e+00
-2.287363e-10 0.000000e+00 0.000000e+00
5.603025e-10 0.000000e+00 0.000000e+00
5.190736e-10 0.000000e+00 0.000000e+00
1.243757e-10 0.000000e+00 0.000000e+00
3.609714e-10 0.000000e+00 0.000000e+00
-1.692977e-10 0.000000e+00 0.000000e+00
-1.200834e-10 0.000000e+00 0.000000e+00
2.014648e-10 0.000000e+00 0.000000e+00
4.657666e-10 0.000000e+00 0.000000e+00
-2.309830e-10 0.000000e+00 0.000000e+00
4.507595e-10 0.000000e+00 0.000000e+00
-2.609313e-10 0.000000e+00 0.000000e+00
-3.261607e-11 0.000000e+00 0.000000e+00
-2.341937e-10 0.000000e+00 0.000000e+00
1.073815e-10 0.000000e+00 0.000000e+00
5.819851e-10 0.000000e+00 0.000000e+00
-1.960482e-10 0.000000e+00 0.000000e+00
1.705902e-10 0.000000e+00 0.000000e+00
2.747591e-10 0.000000e+00 0.000000e+00
-2.440898e-10 0.000000e+00 0.000000e+00
3.742881e-10 0.000000e+00 0.000000e+00
-1.257499e-10 0.000000e+00 0.000000e+00
1.029938e-11 0.000000e+00 0.000000e+00
2.824182e-10 0.000000e+00 0.000000e+00
8.154287e-12 0.000000e+00 0.000000e+00
-1.436851e-10 0.000000e+00 0.000000e+00
4.196450e-10 0.000000e+00 0.000000e+00
4.043999e-10 0.000000e+00 0.000000e+00
-1.095817e-10 0.000000e+00 0.000000e+00
2.139132e-10 0.000000e+00 0.000000e+00
-4.684671e-10 0.000000e+00 0.000000e+00
-4.014718e-10 0.000000e+00 0.000000e+00
-4.059370e-10 0.000000e+00 0.000000e+00
-3.916693e-10 0.000000e+00 0.000000e+00
-3.389317e-10 0.000000e+00 0.000000e+00
-3.392190e-10 0.000000e+00 0.000000e+00
-3.276484e-10 0.000000e+00 0.000000e+00
-3.514057e-10 0.000000e+00 0.000000e+00
-3.410539e-10 0.000000e+00 0.000000e+00
-3.406093e-10 0.000000e+00 0.000000e+00
-3.481150e-10 0.000000e+00 0.000000e+00
-3.512824e-10 0.000000e+00 0.000000e+00
-3.360624e-10 0.000000e+00 0.000000e+00
-3.395447e-10 0.000000e+00 0.000000e+00
-3.314623e-10 0.000000e+00 0.000000e+00
-3.346285e-10 0.000000e+00 0.000000e+00
-3.379766e-10 0.000000e+00 0.000000e+00
-3.383727e-10 0.000000e+00 0.000000e+00
-3.377846e-10 0.000000e+00 0.000000e+00
-3.444936e-10 0.000000e+00 0.000000e+00
-2.296456e-10 0.000000e+00 0.000000e+00
-2.863141e-10 0.000000e+00 0.000000e+00
-2.416850e-10 0.000000e+00 0.000000e+00
-2.400928e-10 0.000000e+00 0.000000e+00
-4.403635e-10 0.000000e+00 0.000000e+00
-4.420023e-10 0.000000e+00 0.000000e+00
-4.814192e-10 0.000000e+00 0.000000e+00
-4.262738e-10 0.000000e+00 0.000000e+00
-6.116699e-10 0.000000e+00 0.000000e+00
-3.955777e-10 0.000000e+00 0.000000e+00
-3.854083e-10 0.000000e+00 0.000000e+00
-5.007390e-10 0.000000e+00 0.000000e+00
-5.605586e-10 0.000000e+00 0.000000e+00
-6.304298e-10 0.000000e+00 0.000000e+00
-5.915355e-10 0.000000e+00 0.000000e+00
-6.310513e-10 0.000000e+00 0.000000e+00
-5.740513e-10 0.000000e+00 0.000000e+00
-4.644839e-10 0.000000e+00 0.000000e+00
-4.578084e-10 0.000000e+00 0.000000e+00
-4.479419e-10 0.000000e+00 0.000000e+00
-4.441446e-10 0.000000e+00 0.000000e+00
-4.509275e-10 0.000000e+00 0.000000e+00
-5.803610e-10 0.000000e+00 0.000000e+00
-5.841042e-10 0.000000e+00 0.000000e+00
-5.894948e-10 0.000000e+00 0.000000e+00
-5.787587e-10 0.000000e+00 0.000000e+00
-6.254660e-10 0.000000e+00 0.000000e+00
-6.143927e-10 0.000000e+00 0.000000e+00
-6.208687e-10 0.000000e+00 0.000000e+00
-6.320351e-10 0.000000e+00 0.000000e+00
-6.326059e-10 0.000000e+00 0.000000e+00
-6.278039e-10 0.000000e+00 0.000000e+00
-5.648358e-10 0.000000e+00 0.000000e+00
-6.323384e-10 0.000000e+00 0.000000e+00
-3.760149e-10 0.000000e+00 0.000000e+00
-6.326907e-10 0.000000e+00 0.000000e+00
-6.326180e-10 0.000000e+00 0.000000e+00
-6.322954e-10 0.000000e+00 0.000000e+00
-5.823524e-10 0.000000e+00 0.000000e+00
-5.666688e-10 0.000000e+00 0.000000e+00
-5.735206e-10 0.000000e+00 0.000000e+00
-5.693392e-10 0.000000e+00 0.000000e+00
-5.628883e-10 0.000000e+00 0.000000e+00
-5.860758e-10 0.000000e+00 0.000000e+00
-5.701126e-10 0.000000e+00 0.000000e+00
-5.604063e-10 0.000000e+00 0.000000e+00
-5.837878e-10 0.000000e+00 0.000000e+00
-5.611341e-10 0.000000e+00 0.000000e+00
-5.644211e-10 0.000000e+00 0.000000e+00
-5.681213e-10 0.000000e+00 0.000000e+00
-5.657667e-10 0.000000e+00 0.000000e+00
-5.649154e-10 0.000000e+00 0.000000e+00
-5.434384e-10 0.000000e+00 0.000000e+00
-2.689064e-10 0.000000e+00 0.000000e+00
-5.777305e-10 0.000000e+00 0.000000e+00
-5.119116e-10 0.000000e+00 0.000000e+00
-6.326477e-10 0.000000e+00 0.000000e+00
-6.327708e-10 0.000000e+00 0.000000e+00
-6.190522e-10 0.000000e+00 0.000000e+00
-6.257995e-10 0.000000e+00 0.000000e+00
-6.011295e-10 0.000000e+00 0.000000e+00
-6.327246e-10 0.000000e+00 0.000000e+00
-5.748794e-10 0.000000e+00 0.000000e+00
-5.870154e-10 0.000000e+00 0.000000e+00
-6.276271e-10 0.000000e+00 0.000000e+00
-5.990901e-10 0.000000e+00 0.000000e+00
-6.325989e-10 0.000000e+00 0.000000e+00
-6.267065e-10 0.000000e+00 0.000000e+00
-6.090865e-10 0.000000e+00 0.000000e+00
-6.247460e-10 0.000000e+00 0.000000e+00
-5.951703e-10 0.000000e+00 0.000000e+00
-6.281460e-10 0.000000e+00 0.000000e+00
-6.095011e-10 0.000000e+00 0.000000e+00
3.395081e-10 0.000000e+00 0.000000e+00
-5.868693e-10 0.000000e+00 0.000000e+00
-5.037540e-10 0.000000e+00 0.000000e+00
-5.058122e-10 0.000000e+00 0.000000e+00
-5.008873e-10 0.000000e+00 0.000000e+00
-5.065216e-10 0.000000e+00 0.000000e+00
-5.209990e-10 0.000000e+00 0.000000e+00
-4.875411e-10 0.000000e+00 0.000000e+00
-4.988689e-10 0.000000e+00 0.000000e+00
-4.930896e-10 0.000000e+00 0.000000e+00
-4.841994e-10 0.000000e+00 0.000000e+00
-4.821524e-10 0.000000e+00 0.000000e+00
-5.023114e-10 0.000000e+00 0.000000e+00
-4.825951e-10 0.000000e+00 0.000000e+00
-5.144767e-10 0.000000e+00 0.000000e+00
-5.141816e-10 0.000000e+00 0.000000e+00
-4.833776e-10 0.000000e+00 0.000000e+00
-5.571590e-10 0.000000e+00 0.000000e+00
-4.532580e-10 0.000000e+00 0.000000e+00
-4.770412e-10 0.000000e+00 0.000000e+00
-6.273412e-10 0.000000e+00 0.000000e+00
-5.507547e-10 0.000000e+00 0.000000e+00
-6.300865e-10 0.000000e+00 0.000000e+00
-5.985489e-10 0.000000e+00 0.000000e+00
-5.402258e-10 0.000000e+00 0.000000e+00
3.469853e-10 0.000000e+00 0.000000e+00
-6.059839e-10 0.000000e+00 0.000000e+00
-6.151562e-10 0.000000e+00 0.000000e+00
-6.200062e-10 0.000000e+00 0.000000e+00
-6.263134e-10 0.000000e+00 0.000000e+00
-6.194665e-10 0.000000e+00 0.000000e+00
-5.906120e-10 0.000000e+00 0.000000e+00
-5.558692e-10 0.000000e+00 0.000000e+00
-6.025476e-10 0.000000e+00 0.000000e+00
-5.775000e-10 0.000000e+00 0.000000e+00
-5.876313e-10 0.000000e+00 0.000000e+00
-5.524198e-10 0.000000e+00 0.000000e+00
-6.146715e-10 0.000000e+00 0.000000e+00
-5.066751e-10 0.000000e+00 0.000000e+00
-6.040132e-10 0.000000e+00 0.000000e+00
-5.761172e-10 0.000000e+00 0.000000e+00
-5.589173e-10 0.000000e+00 0.000000e+00
-5.804084e-10 0.000000e+00 0.000000e+00
2.952150e-11 0.000000e+00 0.000000e+00
-1.312730e-10 0.000000e+00 0.000000e+00
3.095312e-10 0.000000e+00 0.000000e+00
-4.906642e-10 0.000000e+00 0.000000e+00
-5.421026e-10 0.000000e+00 0.000000e+00
-6.313362e-10 0.000000e+00 0.000000e+00
-6.310210e-10 0.000000e+00 0.000000e+00
-6.317668e-10 0.000000e+00 0.000000e+00
-6.264292e-10 0.000000e+00 0.000000e+00
-6.327155e-10 0.000000e+00 0.000000e+00
-3.577375e-10 0.000000e+00 0.000000e+00
8.921553e-11 0.000000e+00 0.000000e+00
-4.144065e-10 0.000000e+00 0.000000e+00
-3.698559e-10 0.000000e+00 0.000000e+00
2.758578e-10 0.000000e+00 0.000000e+00
3.134216e-10 0.000000e+00 0.000000e+00
-8.470784e-11 0.000000e+00 0.000000e+00
-2.850239e-10 0.000000e+00 0.000000e+00
2.554270e-10 0.000000e+00 0.000000e+00
3.463519e-10 0.000000e+00 0.000000e+00
4.077160e-10 0.000000e+00 0.000000e+00
4.770602e-10 0.000000e+00 0.000000e+00
5.014256e-10 0.000000e+00 0.000000e+00
5.728192e-10 0.000000e+00 0.000000e+00
5.896098e-10 0.000000e+00 0.000000e+00
5.430347e-10 0.000000e+00 0.000000e+00
5.957645e-10 0.000000e+00 0.000000e+00
4.913294e-10 0.000000e+00 0.000000e+00
5.923410e-10 0.000000e+00 0.000000e+00
4.995241e-10 0.000000e+00 0.000000e+00
5.580168e-10 0.000000e+00 0.000000e+00
5.967498e-10 0.000000e+00 0.000000e+00
5.656786e-10 0.000000e+00 0.000000e+00
5.540233e-10 0.000000e+00 0.000000e+00
5.058560e-10 0.000000e+00 0.000000e+00
5.684887e-10 0.000000e+00 0.000000e+00
5.905791e-10 0.000000e+00 0.000000e+00
5.962559e-10 0.000000e+00 0.000000e+00
5.233421e-10 0.000000e+00 0.000000e+00
2.961806e-10 0.000000e+00 0.000000e+00
6.325813e-10 0.000000e+00 0.000000e+00
6.327543e-10 0.000000e+00 0.000000e+00
6.309532e-10 0.000000e+00 0.000000e+00
5.909279e-10 0.000000e+00 0.000000e+00
4.768018e-10 0.000000e+00 0.000000e+00
4.803973e-10 0.000000e+00 0.000000e+00
4.790139e-10 0.000000e+00 0.000000e+00
5.132130e-10 0.000000e+00 0.000000e+00
5.073156e-10 0.000000e+00 0.000000e+00
5.249272e-10 0.000000e+00 0.000000e+00
4.948461e-10 0.000000e+00 0.000000e+00
4.785150e-10 0.000000e+00 0.000000e+00
5.281705e-10 0.000000e+00 0.000000e+00
4.823897e-10 0.000000e+00 0.000000e+00
5.149147e-10 0.000000e+00 0.000000e+00
5.038298e-10 0.000000e+00 0.000000e+00
4.769798e-10 0.000000e+00 0.000000e+00
4.985931e-10 0.000000e+00 0.000000e+00
4.906150e-10 0.000000e+00 0.000000e+00
4.820543e-10 0.000000e+00 0.000000e+00
4.788566e-10 0.000000e+00 0.000000e+00
4.852604e-10 0.000000e+00 0.000000e+00
4.771450e-10 0.000000e+00 0.000000e+00
5.124934e-10 0.000000e+00 0.000000e+00
5.252163e-10 0.000000e+00 0.000000e+00
5.131616e-10 0.000000e+00 0.000000e+00
5.266818e-10 0.000000e+00 0.000000e+00
5.152663e-10 0.000000e+00 0.000000e+00
5.189701e-10 0.000000e+00 0.000000e+00
5.142603e-10 0.000000e+00 0.000000e+00
5.210613e-10 0.000000e+00 0.000000e+00
4.694356e-10 0.000000e+00 0.000000e+00
4.746066e-10 0.000000e+00 0.000000e+00
4.793255e-10 0.000000e+00 0.000000e+00
4.706287e-10 0.000000e+00 0.000000e+00
4.782848e-10 0.000000e+00 0.000000e+00
4.732464e-10 0.000000e+00 0.000000e+00
4.805221e-10 0.000000e+00 0.000000e+00
4.792240e-10 0.000000e+00 0.000000e+00
3.331408e-10 0.000000e+00 0.000000e+00
3.268938e-10 0.000000e+00 0.000000e+00
5.136529e-10 0.000000e+00 0.000000e+00
5.841128e-10 0.000000e+00 0.000000e+00
5.835041e-10 0.000000e+00 0.000000e+00
5.868933e-10 0.000000e+00 0.000000e+00
5.884532e-10 0.000000e+00 0.000000e+00
5.882211e-10 0.000000e+00 0.000000e+00
5.866666e-10 0.000000e+00 0.000000e+00
5.845843e-10 0.000000e+00 0.000000e+00
5.851274e-10 0.000000e+00 0.000000e+00
5.873579e-10 0.000000e+00 0.000000e+00
5.863118e-10 0.000000e+00 0.000000e+00
5.869263e-10 0.000000e+00 0.000000e+00
5.841670e-10 0.000000e+00 0.000000e+00
5.857122e-10 0.000000e+00 0.000000e+00
5.834077e-10 0.000000e+00 0.000000e+00
5.844673e-10 0.000000e+00 0.000000e+00
4.853239e-10 0.000000e+00 0.000000e+00
5.600502e-10 0.000000e+00 0.000000e+00
4.869994e-10 0.000000e+00 0.000000e+00
5.441658e-10 0.000000e+00 0.000000e+00
4.960889e-10 0.000000e+00 0.000000e+00
6.279038e-10 0.000000e+00 0.000000e+00
5.936322e-10 0.000000e+00 0.000000e+00
6.304803e-10 0.000000e+00 0.000000e+00
6.022925e-10 0.000000e+00 0.000000e+00
6.230191e-10 0.000000e+00 0.000000e+00
6.156871e-10 0.000000e+00 0.000000e+00
6.153813e-10 0.000000e+00 0.000000e+00
6.327740e-10 0.000000e+00 0.000000e+00
6.318230e-10 0.000000e+00 0.000000e+00
6.016763e-10 0.000000e+00 0.000000e+00
6.190011e-10 0.000000e+00 0.000000e+00
6.031882e-10 0.000000e+00 0.000000e+00
6.038360e-10 0.000000e+00 0.000000e+00
6.233519e-10 0.000000e+00 0.000000e+00
5.998650e-10 0.000000e+00 0.000000e+00
5.973242e-10 0.000000e+00 0.000000e+00
6.007150e-10 0.000000e+00 0.000000e+00
6.267044e-10 0.000000e+00 0.000000e+00
6.271238e-10 0.000000e+00 0.000000e+00
6.289054e-10 0.000000e+00 0.000000e+00
6.317305e-10 0.000000e+00 0.000000e+00
6.327737e-10 0.000000e+00 0.000000e+00
6.185198e-10 0.000000e+00 0.000000e+00
6.106345e-10 0.000000e+00 0.000000e+00
6.286510e-10 0.000000e+00 0.000000e+00
6.316645e-10 0.000000e+00 0.000000e+00
6.185321e-10 0.000000e+00 0.000000e+00
6.315105e-10 0.000000e+00 0.000000e+00
6.327345e-10 0.000000e+00 0.000000e+00
6.113138e-10 0.000000e+00 0.000000e+00
6.252385e-10 0.000000e+00 0.000000e+00
6.324293e-10 0.000000e+00 0.000000e+00
6.267411e-10 0.000000e+00 0.000000e+00
6.252913e-10 0.000000e+00 0.000000e+00
6.296884e-10 0.000000e+00 0.000000e+00
6.201145e-10 0.000000e+00 0.000000e+00
6.277224e-10 0.000000e+00 0.000000e+00
6.290213e-10 0.000000e+00 0.000000e+00
6.216138e-10 0.000000e+00 0.000000e+00
6.064109e-10 0.000000e+00 0.000000e+00
-2.388988e-10 0.000000e+00 0.000000e+00
-2.798071e-10 0.000000e+00 0.000000e+00
-2.596941e-10 0.000000e+00 0.000000e+00
-2.617493e-10 0.000000e+00 0.000000e+00
-2.882705e-10 0.000000e+00 0.000000e+00
-2.566610e-10 0.000000e+00 0.000000e+00
-2.743026e-10 0.000000e+00 0.000000e+00
-3.921447e-10 0.000000e+00 0.000000e+00
-7.789918e-10 0.000000e+00 0.000000e+00
-8.743795e-10 0.000000e+00 0.000000e+00
-8.443185e-10 0.000000e+00 0.000000e+00
-8.715528e-10 0.000000e+00 0.000000e+00
-8.872507e-10 0.000000e+00 0.000000e+00
-1.436881e-09 0.000000e+00 0.000000e+00
-1.094333e-09 0.000000e+00 0.000000e+00
-1.115159e-09 0.000000e+00 0.000000e+00
-1.314505e-09 0.000000e+00 0.000000e+00
-1.328703e-09 0.000000e+00 0.000000e+00
-1.225117e-09 0.000000e+00 0.000000e+00
-2.130396e-09 0.000000e+00 0.000000e+00
-1.505233e-09 0.000000e+00 0.000000e+00
-1.450068e-09 0.000000e+00 0.000000e+00
-1.515301e-09 0.000000e+00 0.000000e+00
-1.500173e-09 0.000000e+00 0.000000e+00
-1.262538e-09 0.000000e+00 0.000000e+00
-1.247870e-09 0.000000e+00 0.000000e+00
-1.189516e-09 0.000000e+00 0.000000e+00
-1.226867e-09 0.000000e+00 0.000000e+00
-1.159175e-09 0.000000e+00 0.000000e+00
-1.277726e-09 0.000000e+00 0.000000e+00
-1.183857e-09 0.000000e+00 0.000000e+00
-1.233770e-09 0.000000e+00 0.000000e+00
-1.136718e-09 0.000000e+00 0.000000e+00
-1.173003e-09 0.000000e+00 0.000000e+00
-1.176060e-09 0.000000e+00 0.000000e+00
-1.346152e-09 0.000000e+00 0.000000e+00
-1.012283e-09 0.000000e+00 0.000000e+00
-9.827432e-10 0.000000e+00 0.000000e+00
-1.023701e-09 0.000000e+00 0.000000e+00
-1.009684e-09 0.000000e+00 0.000000e+00
-1.011095e-09 0.000000e+00 0.000000e+00
-9.978031e-10 0.000000e+00 0.000000e+00
-1.114324e-09 0.000000e+00 0.000000e+00
-1.212502e-09 0.000000e+00 0.000000e+00
-2.029999e-09 0.000000e+00 0.000000e+00
-1.743306e-09 0.000000e+00 0.000000e+00
-1.958947e-09 0.000000e+00 0.000000e+00
-1.925796e-09 0.000000e+00 0.000000e+00
-1.630709e-09 0.000000e+00 0.000000e+00
-1.985763e-09 0.000000e+00 0.000000e+00
-2.150386e-09 0.000000e+00 0.000000e+00
-2.289661e-09 0.000000e+00 0.000000e+00
-2.079688e-09 0.000000e+00 0.000000e+00
-2.197312e-09 0.000000e+00 0.000000e+00
-2.472558e-09 0.000000e+00 0.000000e+00
-2.169063e-09 0.000000e+00 0.000000e+00
-2.107342e-09 0.000000e+00 0.000000e+00
-2.033605e-09 0.000000e+00 0.000000e+00
-1.819545e-09 0.000000e+00 0.000000e+00
-1.798045e-09 0.000000e+00 0.000000e+00
-1.799377e-09 0.000000e+00 0.000000e+00
-1.014780e-09 0.000000e+00 0.000000e+00
-1.010157e-09 0.000000e+00 0.000000e+00
-9.958296e-10 0.000000e+00 0.000000e+00
-7.026686e-10 0.000000e+00 0.000000e+00
-6.709695e-10 0.000000e+00 0.000000e+00
-6.481472e-10 0.000000e+00 0.000000e+00
-7.154016e-10 0.000000e+00 0.000000e+00
-6.957540e-10 0.000000e+00 0.000000e+00
-7.166913e-10 0.000000e+00 0.000000e+00
-5.318968e-10 0.000000e+00 0.000000e+00
-5.140796e-10 0.000000e+00 0.000000e+00
-5.136167e-10 0.000000e+00 0.000000e+00
-5.008956e-10 0.000000e+00 0.000000e+00
-5.127491e-10 0.000000e+00 0.000000e+00
-5.501504e-10 0.000000e+00 0.000000e+00
-6.454087e-10 0.000000e+00 0.000000e+00
-6.600524e-10 0.000000e+00 0.000000e+00
-6.493273e-10 0.000000e+00 0.000000e+00
-6.464811e-10 0.000000e+00 0.000000e+00
-6.334523e-10 0.000000e+00 0.000000e+00
-1.412392e-09 0.000000e+00 0.000000e+00
-2.367292e-09 0.000000e+00 0.000000e+00
-2.363600e-09 0.000000e+00 0.000000e+00
-2.339119e-09 0.000000e+00 0.000000e+00
-5.400924e-10 0.000000e+00 0.000000e+00
-9.683373e-10 0.000000e+00 0.000000e+00
-7.605957e-10 0.000000e+00 0.000000e+00
-3.425766e-09 0.000000e+00 0.000000e+00
-2.905493e-09 0.000000e+00 0.000000e+00
-2.668439e-09 0.000000e+00 0.000000e+00
-3.502937e-09 0.000000e+00 0.000000e+00
-2.922162e-09 0.000000e+00 0.000000e+00
-1.218848e-09 0.000000e+00 0.000000e+00
-1.614432e-09 0.000000e+00 0.000000e+00
-1.611082e-09 0.000000e+00 0.000000e+00
9.744095e-10 0.000000e+00 0.000000e+00
9.620009e-10 0.000000e+00 0.000000e+00
9.271397e-10 0.000000e+00 0.000000e+00
9.719012e-10 0.000000e+00 0.000000e+00
9.423067e-10 0.000000e+00 0.000000e+00
1.033427e-09 0.000000e+00 0.000000e+00
1.004411e-09 0.000000e+00 0.000000e+00
9.508020e-10 0.000000e+00 0.000000e+00
8.960138e-10 0.000000e+00 0.000000e+00
8.491235e-10 0.000000e+00 0.000000e+00
1.055846e-09 0.000000e+00 0.000000e+00
5.550879e-11 0.000000e+00 0.000000e+00
6.169809e-10 0.000000e+00 0.000000e+00
2.197885e-11 0.000000e+00 0.000000e+00
3.629864e-10 0.000000e+00 0.000000e+00
3.541173e-10 0.000000e+00 0.000000e+00
2.452277e-10 0.000000e+00 0.000000e+00
3.754721e-10 0.000000e+00 0.000000e+00
-1.136355e-11 0.000000e+00 0.000000e+00
1.037528e-10 0.000000e+00 0.000000e+00
4.543575e-10 0.000000e+00 0.000000e+00
2.761264e-10 0.000000e+00 0.000000e+00
3.278540e-10 0.000000e+00 0.000000e+00
3.142833e-10 0.000000e+00 0.000000e+00
5.001666e-10 0.000000e+00 0.000000e+00
4.792179e-10 0.000000e+00 0.000000e+00
1.951382e-10 0.000000e+00 0.000000e+00
6.902389e-10 0.000000e+00 0.000000e+00
4.603335e-10 0.000000e+00 0.000000e+00
5.460546e-10 0.000000e+00 0.000000e+00
6.707369e-10 0.000000e+00 0.000000e+00
3.997432e-10 0.000000e+00 0.000000e+00
4.652597e-10 0.000000e+00 0.000000e+00
2.106296e-10 0.000000e+00 0.000000e+00
4.771916e-10 0.000000e+00 0.000000e+00
5.049988e-10 0.000000e+00 0.000000e+00
4.451555e-10 0.000000e+00 0.000000e+00
6.694119e-10 0.000000e+00 0.000000e+00
3.624488e-10 0.000000e+00 0.000000e+00
2.784671e-10 0.000000e+00 0.000000e+00
4.589056e-10 0.000000e+00 0.000000e+00
3.329672e-10 0.000000e+00 0.000000e+00
6.461002e-10 0.000000e+00 0.000000e+00
5.865292e-10 0.000000e+00 0.000000e+00
3.837550e-10 0.000000e+00 0.000000e+00
3.718677e-10 0.000000e+00 0.000000e+00
2.794677e-10 0.000000e+00 0.000000e+00
2.602033e-10 0.000000e+00 0.000000e+00
2.387582e-10 0.000000e+00 0.000000e+00
2.556676e-10 0.000000e+00 0.000000e+00
5.079515e-11 0.000000e+00 0.000000e+00
-1.617261e-11 0.000000e+00 0.000000e+00
-1.515259e-12 0.000000e+00 0.000000e+00
8.262367e-11 0.000000e+00 0.000000e+00
7.483212e-11 0.000000e+00 0.000000e+00
5.696595e-11 0.000000e+00 0.000000e+00
5.879357e-11 0.000000e+00 0.000000e+00
1.006348e-10 0.000000e+00 0.000000e+00
9.692076e-11 0.000000e+00 0.000000e+00
9.216097e-11 0.000000e+00 0.000000e+00
8.154247e-11 0.000000e+00 0.000000e+00
9.039211e-11 0.000000e+00 0.000000e+00
9.023056e-11 0.000000e+00 0.000000e+00
8.713686e-11 0.000000e+00 0.000000e+00
-1.063879e-10 0.000000e+00 0.000000e+00
-1.196633e-10 0.000000e+00 0.000000e+00
-1.288533e-10 0.000000e+00 0.000000e+00
-1.716815e-10 0.000000e+00 0.000000e+00
-1.027083e-10 0.000000e+00 0.000000e+00
-1.232877e-10 0.000000e+00 0.000000e+00
-1.605869e-10 0.000000e+00 0.000000e+00
-1.629469e-10 0.000000e+00 0.000000e+00
-1.518493e-10 0.000000e+00 0.000000e+00
5.424764e-10 0.000000e+00 0.000000e+00
6.777360e-10 0.000000e+00 0.000000e+00
5.090094e-10 0.000000e+00 0.000000e+00
5.043992e-10 0.000000e+00 0.000000e+00
3.696713e-10 0.000000e+00 0.000000e+00
3.899027e-10 0.000000e+00 0.000000e+00
3.555872e-10 0.000000e+00 0.000000e+00
3.472795e-10 0.000000e+00 0.000000e+00
3.087886e-10 0.000000e+00 0.000000e+00
3.612742e-10 0.000000e+00 0.000000e+00
3.182258e-10 0.000000e+00 0.000000e+00
3.222023e-10 0.000000e+00 0.000000e+00
3.423138e-10 0.000000e+00 0.000000e+00
4.252526e-10 0.000000e+00 0.000000e+00
-2.399328e-10 0.000000e+00 0.000000e+00
-2.277477e-10 0.000000e+00 0.000000e+00
-2.415415e-10 0.000000e+00 0.000000e+00
1.509141e-09 0.000000e+00 0.000000e+00
1.282697e-09 0.000000e+00 0.000000e+00
1.315882e-09 0.000000e+00 0.000000e+00
1.668644e-09 0.000000e+00 0.000000e+00
1.355805e-09 0.000000e+00 0.000000e+00
1.826568e-09 0.000000e+00 0.000000e+00
1.475687e-09 0.000000e+00 0.000000e+00
1.425314e-09 0.000000e+00 0.000000e+00
1.435308e-09 0.000000e+00 0.000000e+00
1.366460e-09 0.000000e+00 0.000000e+00
1.474230e-09 0.000000e+00 0.000000e+00
8.326925e-10 0.000000e+00 0.000000e+00
8.694503e-10 0.000000e+00 0.000000e+00
9.855239e-10 0.000000e+00 0.000000e+00
9.217133e-10 0.000000e+00 0.000000e+00
9.920085e-10 0.000000e+00 0.000000e+00
8.318286e-10 0.000000e+00 0.000000e+00
9.323406e-10 0.000000e+00 0.000000e+00
8.984733e-10 0.000000e+00 0.000000e+00
1.068612e-09 0.000000e+00 0.000000e+00
8.644841e-10 0.000000e+00 0.000000e+00
8.640466e-10 0.000000e+00 0.000000e+00
8.159879e-10 0.000000e+00 0.000000e+00
5.732549e-10 0.000000e+00 0.000000e+00
2.723771e-11 0.000000e+00 0.000000e+00
2.658794e-11 0.000000e+00 0.000000e+00
3.319059e-11 0.000000e+00 0.000000e+00
3.362160e-10 0.000000e+00 0.000000e+00
2.829581e-09 0.000000e+00 0.000000e+00
1.823642e-09 0.000000e+00 0.000000e+00
-1.608387e-10 0.000000e+00 0.000000e+00
-1.789405e-10 0.000000e+00 0.000000e+00
-1.668395e-10 0.000000e+00 0.000000e+00
1.152683e-10 0.000000e+00 0.000000e+00
-3.617839e-10 0.000000e+00 0.000000e+00
1.394114e-09 0.000000e+00 0.000000e+00
1.440262e-09 0.000000e+00 0.000000e+00
1.401586e-09 0.000000e+00 0.000000e+00
6.296170e-10 0.000000e+00 0.000000e+00
6.917498e-10 0.000000e+00 0.000000e+00
6.734972e-10 0.000000e+00 0.000000e+00
6.920192e-10 0.000000e+00 0.000000e+00
6.465846e-10 0.000000e+00 0.000000e+00
7.158305e-10 0.000000e+00 0.000000e+00
6.974754e-10 0.000000e+00 0.000000e+00
6.770634e-10 0.000000e+00 0.000000e+00
7.098405e-10 0.000000e+00 0.000000e+00
6.851219e-10 0.000000e+00 0.000000e+00
6.919377e-10 0.000000e+00 0.000000e+00
5.738156e-10 0.000000e+00 0.000000e+00
1.037079e-09 0.000000e+00 0.000000e+00
1.071255e-09 0.000000e+00 0.000000e+00
1.113386e-09 0.000000e+00 0.000000e+00
1.091499e-09 0.000000e+00 0.000000e+00
1.095241e-09 0.000000e+00 0.000000e+00
1.103547e-09 0.000000e+00 0.000000e+00
1.152976e-09 0.000000e+00 0.000000e+00
1.128050e-09 0.000000e+00 0.000000e+00
1.133459e-09 0.000000e+00 0.000000e+00
1.140462e-09 0.000000e+00 0.000000e+00
1.162851e-09 0.000000e+00 0.000000e+00
1.128280e-09 0.000000e+00 0.000000e+00
1.127356e-09 0.000000e+00 0.000000e+00
1.129944e-09 0.000000e+00 0.000000e+00
1.134311e-09 0.000000e+00 0.000000e+00
1.117681e-09 0.000000e+00 0.000000e+00
1.137133e-09 0.000000e+00 0.000000e+00
1.131672e-09 0.000000e+00 0.000000e+00
1.120554e-09 0.000000e+00 0.000000e+00
1.127406e-09 0.000000e+00 0.000000e+00
1.383704e-09 0.000000e+00 0.000000e+00
1.359957e-09 0.000000e+00 0.000000e+00
1.362106e-09 0.000000e+00 0.000000e+00
1.349026e-09 0.000000e+00 0.000000e+00
9.182772e-10 0.000000e+00 0.000000e+00
9.258104e-10 0.000000e+00 0.000000e+00
9.043242e-10 0.000000e+00 0.000000e+00
9.242995e-10 0.000000e+00 0.000000e+00
9.349617e-10 0.000000e+00 0.000000e+00
9.237354e-10 0.000000e+00 0.000000e+00
9.220941e-10 0.000000e+00 0.000000e+00
9.172935e-10 0.000000e+00 0.000000e+00
6.680229e-10 0.000000e+00 0.000000e+00
9.121500e-10 0.000000e+00 0.000000e+00
6.624251e-10 0.000000e+00 0.000000e+00
6.563221e-10 0.000000e+00 0.000000e+00
5.897090e-10 0.000000e+00 0.000000e+00
6.862352e-10 0.000000e+00 0.000000e+00
5.967768e-10 0.000000e+00 0.000000e+00
6.774255e-10 0.000000e+00 0.000000e+00
-5.133485e-10 0.000000e+00 0.000000e+00
-5.134553e-10 0.000000e+00 0.000000e+00
-5.150390e-10 0.000000e+00 0.000000e+00
-5.071586e-10 0.000000e+00 0.000000e+00
-5.095389e-10 0.000000e+00 0.000000e+00
-5.202608e-10 0.000000e+00 0.000000e+00
-5.195416e-10 0.000000e+00 0.000000e+00
-1.537356e-11 0.000000e+00 0.000000e+00
-1.561857e-10 0.000000e+00 0.000000e+00
-1.906781e-10 0.000000e+00 0.000000e+00
-1.577909e-10 0.000000e+00 0.000000e+00
-4.054760e-10 0.000000e+00 0.000000e+00
-3.585566e-11 0.000000e+00 0.000000e+00
-2.199361e-10 0.000000e+00 0.000000e+00
-4.992165e-11 0.000000e+00 0.000000e+00
-4.205556e-10 0.000000e+00 0.000000e+00
-4.206280e-10 0.000000e+00 0.000000e+00
-4.281232e-10 0.000000e+00 0.000000e+00
-4.226195e-10 0.000000e+00 0.000000e+00
-4.265119e-10 0.000000e+00 0.000000e+00
-4.232578e-10 0.000000e+00 0.000000e+00
-4.255603e-10 0.000000e+00 0.000000e+00
-4.203346e-10 0.000000e+00 0.000000e+00
-4.250120e-10 0.000000e+00 0.000000e+00
-4.249201e-10 0.000000e+00 0.000000e+00
-4.268999e-10 0.000000e+00 0.000000e+00
-4.123948e-10 0.000000e+00 0.000000e+00
-4.187639e-10 0.000000e+00 0.000000e+00
-4.227588e-10 0.000000e+00 0.000000e+00
-4.174413e-10 0.000000e+00 0.000000e+00
-4.167488e-10 0.000000e+00 0.000000e+00
-4.258687e-10 0.000000e+00 0.000000e+00
-4.165080e-10 0.000000e+00 0.000000e+00
-4.155856e-10 0.000000e+00 0.000000e+00
-3.505563e-10 0.000000e+00 0.000000e+00
-1.683638e-10 0.000000e+00 0.000000e+00
-7.758042e-11 0.000000e+00 0.000000e+00
-3.472298e-10 0.000000e+00 0.000000e+00
-2.581905e-10 0.000000e+00 0.000000e+00
-3.398479e-10 0.000000e+00 0.000000e+00
-3.299874e-10 0.000000e+00 0.000000e+00
-2.880232e-10 0.000000e+00 0.000000e+00
-3.021280e-10 0.000000e+00 0.000000e+00
-3.311928e-10 0.000000e+00 0.000000e+00
-3.256243e-10 0.000000e+00 0.000000e+00
-3.307249e-10 0.000000e+00 0.000000e+00
-5.957085e-10 0.000000e+00 0.000000e+00
-5.999584e-10 0.000000e+00 0.000000e+00
-6.057488e-10 0.000000e+00 0.000000e+00
-6.247222e-10 0.000000e+00 0.000000e+00
-6.251881e-10 0.000000e+00 0.000000e+00
-6.245381e-10 0.000000e+00 0.000000e+00
-6.265178e-10 0.000000e+00 0.000000e+00
-6.249836e-10 0.000000e+00 0.000000e+00
-6.240805e-10 0.000000e+00 0.000000e+00
-6.244352e-10 0.000000e+00 0.000000e+00
-6.251557e-10 0.000000e+00 0.000000e+00
-6.251417e-10 0.000000e+00 0.000000e+00
-6.243188e-10 0.000000e+00 0.000000e+00
-6.253293e-10 0.000000e+00 0.000000e+00
-6.250543e-10 0.000000e+00 0.000000e+00
-6.252785e-10 0.000000e+00 0.000000e+00
-6.248362e-10 0.000000e+00 0.000000e+00
-6.250802e-10 0.000000e+00 0.000000e+00
-6.248903e-10 0.000000e+00 0.000000e+00
-6.243081e-10 0.000000e+00 0.000000e+00
-6.261586e-10 0.000000e+00 0.000000e+00
-6.261253e-10 0.000000e+00 0.000000e+00
-6.234260e-10 0.000000e+00 0.000000e+00
-6.238351e-10 0.000000e+00 0.000000e+00
-5.579611e-10 0.000000e+00 0.000000e+00
-5.641459e-10 0.000000e+00 0.000000e+00
-5.522107e-10 0.000000e+00 0.000000e+00
-5.553339e-10 0.000000e+00 0.000000e+00
-5.571551e-10 0.000000e+00 0.000000e+00
-5.712914e-10 0.000000e+00 0.000000e+00
-5.686060e-10 0.000000e+00 0.000000e+00
-5.672604e-10 0.000000e+00 0.000000e+00
-5.635710e-10 0.000000e+00 0.000000e+00
-5.555950e-10 0.000000e+00 0.000000e+00
-5.461073e-10 0.000000e+00 0.000000e+00
-5.514765e-10 0.000000e+00 0.000000e+00
-6.114353e-10 0.000000e+00 0.000000e+00
-6.167750e-10 0.000000e+00 0.000000e+00
-5.765818e-10 0.000000e+00 0.000000e+00
-5.727086e-10 0.000000e+00 0.000000e+00
-5.757681e-10 0.000000e+00 0.000000e+00
-5.713651e-10 0.000000e+00 0.000000e+00
-5.734924e-10 0.000000e+00 0.000000e+00
-5.080645e-10 0.000000e+00 0.000000e+00
-5.075202e-10 0.000000e+00 0.000000e+00
-5.044695e-10 0.000000e+00 0.000000e+00
-5.070547e-10 0.000000e+00 0.000000e+00
-5.044477e-10 0.000000e+00 0.000000e+00
-5.093042e-10 0.000000e+00 0.000000e+00
-5.061667e-10 0.000000e+00 0.000000e+00
-5.099808e-10 0.000000e+00 0.000000e+00
-5.038113e-10 0.000000e+00 0.000000e+00
-5.066510e-10 0.000000e+00 0.000000e+00
-5.071892e-10 0.000000e+00 0.000000e+00
-5.040276e-10 0.000000e+00 0.000000e+00
-5.098996e-10 0.000000e+00 0.000000e+00
-5.069385e-10 0.000000e+00 0.000000e+00
-5.087172e-10 0.000000e+00 0.000000e+00
-6.165132e-10 0.000000e+00 0.000000e+00
-6.182332e-10 0.000000e+00 0.000000e+00
-5.904854e-10 0.000000e+00 0.000000e+00
-5.972430e-10 0.000000e+00 0.000000e+00
-5.967532e-10 0.000000e+00 0.000000e+00
-5.936885e-10 0.000000e+00 0.000000e+00
-6.016550e-10 0.000000e+00 0.000000e+00
-5.892922e-10 0.000000e+00 0.000000e+00
-5.933176e-10 0.000000e+00 0.000000e+00
-5.416097e-10 0.000000e+00 0.000000e+00
1.556029e-10 0.000000e+00 0.000000e+00
2.220724e-10 0.000000e+00 0.000000e+00
1.100287e-10 0.000000e+00 0.000000e+00
1.987333e-10 0.000000e+00 0.000000e+00
1.212819e-10 0.000000e+00 0.000000e+00
2.199120e-10 0.000000e+00 0.000000e+00
1.889466e-10 0.000000e+00 0.000000e+00
2.057891e-10 0.000000e+00 0.000000e+00
1.887602e-10 0.000000e+00 0.000000e+00
2.223935e-10 0.000000e+00 0.000000e+00
1.532752e-10 0.000000e+00 0.000000e+00
2.252839e-10 0.000000e+00 0.000000e+00
1.573168e-10 0.000000e+00 0.000000e+00
2.098049e-10 0.000000e+00 0.000000e+00
2.236822e-10 0.000000e+00 0.000000e+00
1.399819e-10 0.000000e+00 0.000000e+00
1.491712e-10 0.000000e+00 0.000000e+00
1.320704e-10 0.000000e+00 0.000000e+00
1.125593e-10 0.000000e+00 0.000000e+00
1.217755e-10 0.000000e+00 0.000000e+00
1.722748e-10 0.000000e+00 0.000000e+00
1.490163e-10 0.000000e+00 0.000000e+00
1.463120e-10 0.000000e+00 0.000000e+00
5.538563e-10 0.000000e+00 0.000000e+00
5.515650e-10 0.000000e+00 0.000000e+00
5.493973e-10 0.000000e+00 0.000000e+00
5.510383e-10 0.000000e+00 0.000000e+00
5.512116e-10 0.000000e+00 0.000000e+00
5.664632e-10 0.000000e+00 0.000000e+00
5.693202e-10 0.000000e+00 0.000000e+00
5.703199e-10 0.000000e+00 0.000000e+00
5.667908e-10 0.000000e+00 0.000000e+00
5.666914e-10 0.000000e+00 0.000000e+00
5.696492e-10 0.000000e+00 0.000000e+00
5.685973e-10 0.000000e+00 0.000000e+00
5.663403e-10 0.000000e+00 0.000000e+00
5.705098e-10 0.000000e+00 0.000000e+00
5.684993e-10 0.000000e+00 0.000000e+00
5.662420e-10 0.000000e+00 0.000000e+00
2.772388e-10 0.000000e+00 0.000000e+00
2.947835e-10 0.000000e+00 0.000000e+00
3.225365e-10 0.000000e+00 0.000000e+00
3.057856e-10 0.000000e+00 0.000000e+00
3.169215e-10 0.000000e+00 0.000000e+00
3.063623e-10 0.000000e+00 0.000000e+00
2.869400e-10 0.000000e+00 0.000000e+00
3.174359e-10 0.000000e+00 0.000000e+00
2.891393e-10 0.000000e+00 0.000000e+00
3.232743e-10 0.000000e+00 0.000000e+00
3.011169e-10 0.000000e+00 0.000000e+00
3.020654e-10 0.000000e+00 0.000000e+00
2.767184e-10 0.000000e+00 0.000000e+00
2.722195e-10 0.000000e+00 0.000000e+00
2.801742e-10 0.000000e+00 0.000000e+00
3.266624e-10 0.000000e+00 0.000000e+00
3.283209e-10 0.000000e+00 0.000000e+00
3.055457e-10 0.000000e+00 0.000000e+00
2.178514e-10 0.000000e+00 0.000000e+00
2.092439e-10 0.000000e+00 0.000000e+00
2.034235e-10 0.000000e+00 0.000000e+00
3.598442e-10 0.000000e+00 0.000000e+00
3.036466e-10 0.000000e+00 0.000000e+00
3.344991e-10 0.000000e+00 0.000000e+00
3.040200e-10 0.000000e+00 0.000000e+00
3.224189e-10 0.000000e+00 0.000000e+00
3.312162e-10 0.000000e+00 0.000000e+00
2.962875e-10 0.000000e+00 0.000000e+00
2.920080e-10 0.000000e+00 0.000000e+00
2.977025e-10 0.000000e+00 0.000000e+00
3.122775e-10 0.000000e+00 0.000000e+00
3.264142e-10 0.000000e+00 0.000000e+00
4.471558e-10 0.000000e+00 0.000000e+00
4.882227e-10 0.000000e+00 0.000000e+00
5.214026e-10 0.000000e+00 0.000000e+00
4.895741e-10 0.000000e+00 0.000000e+00
5.200525e-10 0.000000e+00 0.000000e+00
4.982970e-10 0.000000e+00 0.000000e+00
4.557297e-10 0.000000e+00 0.000000e+00
4.547968e-10 0.000000e+00 0.000000e+00
5.012702e-10 0.000000e+00 0.000000e+00
3.367095e-10 0.000000e+00 0.000000e+00
3.336487e-10 0.000000e+00 0.000000e+00
3.335234e-10 0.000000e+00 0.000000e+00
2.323256e-10 0.000000e+00 0.000000e+00
-4.130235e-10 0.000000e+00 0.000000e+00
-4.156171e-10 0.000000e+00 0.000000e+00
-4.124882e-10 0.000000e+00 0.000000e+00
-4.069417e-10 0.000000e+00 0.000000e+00
-3.405585e-10 0.000000e+00 0.000000e+00
-3.473225e-10 0.000000e+00 0.000000e+00
-3.300594e-10 0.000000e+00 0.000000e+00
-3.390392e-10 0.000000e+00 0.000000e+00
-3.318068e-10 0.000000e+00 0.000000e+00
-3.458328e-10 0.000000e+00 0.000000e+00
-3.404688e-10 0.000000e+00 0.000000e+00
-3.353351e-10 0.000000e+00 0.000000e+00
-3.320075e-10 0.000000e+00 0.000000e+00
-3.308039e-10 0.000000e+00 0.000000e+00
-3.367716e-10 0.000000e+00 0.000000e+00
-3.324027e-10 0.000000e+00 0.000000e+00
-2.611448e-10 0.000000e+00 0.000000e+00
-2.597065e-10 0.000000e+00 0.000000e+00
-2.340668e-10 0.000000e+00 0.000000e+00
-2.293475e-10 0.000000e+00 0.000000e+00
-2.499805e-10 0.000000e+00 0.000000e+00
-2.583615e-10 0.000000e+00 0.000000e+00
-2.638100e-10 0.000000e+00 0.000000e+00
-2.534288e-10 0.000000e+00 0.000000e+00
-2.465190e-10 0.000000e+00 0.000000e+00
-2.325301e-10 0.000000e+00 0.000000e+00
-2.471828e-10 0.000000e+00 0.000000e+00
-2.659367e-10 0.000000e+00 0.000000e+00
-2.347926e-10 0.000000e+00 0.000000e+00
-2.374601e-10 0.000000e+00 0.000000e+00
-2.418238e-10 0.000000e+00 0.000000e+00
-2.401095e-10 0.000000e+00 0.000000e+00
-2.503196e-10 0.000000e+00 0.000000e+00
-2.534507e-10 0.000000e+00 0.000000e+00
-2.731881e-10 0.000000e+00 0.000000e+00
-2.615895e-10 0.000000e+00 0.000000e+00
-2.660387e-10 0.000000e+00 0.000000e+00
-2.705735e-10 0.000000e+00 0.000000e+00
-2.529398e-10 0.000000e+00 0.000000e+00
-2.640616e-10 0.000000e+00 0.000000e+00
-2.637943e-10 0.000000e+00 0.000000e+00
-2.549803e-10 0.000000e+00 0.000000e+00
-2.605871e-10 0.000000e+00 0.000000e+00
-2.598287e-10 0.000000e+00 0.000000e+00
-4.096401e-10 0.000000e+00 0.000000e+00
-1.328916e-10 0.000000e+00 0.000000e+00
-1.606674e-10 0.000000e+00 0.000000e+00
-1.500103e-10 0.000000e+00 0.000000e+00
-8.345287e-11 0.000000e+00 0.000000e+00
-1.666276e-10 0.000000e+00 0.000000e+00
-1.179469e-10 0.000000e+00 0.000000e+00
-1.055265e-10 0.000000e+00 0.000000e+00
-1.000001e-10 0.000000e+00 0.000000e+00
-1.070819e-10 0.000000e+00 0.000000e+00
-6.624339e-11 0.000000e+00 0.000000e+00
-1.128339e-10 0.000000e+00 0.000000e+00
2.564257e-11 0.000000e+00 0.000000e+00
1.259899e-11 0.000000e+00 0.000000e+00
2.236537e-11 0.000000e+00 0.000000e+00
1.855076e-11 0.000000e+00 0.000000e+00
1.571837e-11 0.000000e+00 0.000000e+00
1.580857e-11 0.000000e+00 0.000000e+00
8.515267e-12 0.000000e+00 0.000000e+00
1.014701e-11 0.000000e+00 0.000000e+00
1.870793e-11 0.000000e+00 0.000000e+00
1.370111e-11 0.000000e+00 0.000000e+00
4.727731e-12 0.000000e+00 0.000000e+00
4.417258e-12 0.000000e+00 0.000000e+00
7.620569e-12 0.000000e+00 0.000000e+00
8.771468e-12 0.000000e+00 0.000000e+00
1.647678e-12 0.000000e+00 0.000000e+00
-6.207112e-12 0.000000e+00 0.000000e+00
1.238596e-11 0.000000e+00 0.000000e+00
1.957156e-11 0.000000e+00 0.000000e+00
1.921143e-11 0.000000e+00 0.000000e+00
2.536356e-11 0.000000e+00 0.000000e+00
1.884537e-11 0.000000e+00 0.000000e+00
1.982763e-11 0.000000e+00 0.000000e+00
1.738503e-11 0.000000e+00 0.000000e+00
1.969982e-11 0.000000e+00 0.000000e+00
2.250681e-11 0.000000e+00 0.000000e+00
1.705910e-11 0.000000e+00 0.000000e+00
1.381097e-11 0.000000e+00 0.000000e+00
1.347596e-11 0.000000e+00 0.000000e+00
1.486647e-11 0.000000e+00 0.000000e+00
2.223293e-11 0.000000e+00 0.000000e+00
2.100501e-09 0.000000e+00 0.000000e+00
2.014510e-09 0.000000e+00 0.000000e+00
2.116377e-09 0.000000e+00 0.000000e+00
1.948236e-09 0.000000e+00 0.000000e+00
1.243667e-09 0.000000e+00 0.000000e+00
2.239997e-09 0.000000e+00 0.000000e+00
2.311867e-09 0.000000e+00 0.000000e+00
2.321969e-09 0.000000e+00 0.000000e+00
2.357152e-09 0.000000e+00 0.000000e+00
2.453142e-09 0.000000e+00 0.000000e+00
-6.323585e-10 0.000000e+00 0.000000e+00
8.973841e-10 0.000000e+00 0.000000e+00
3.999934e-10 0.000000e+00 0.000000e+00
9.478243e-11 0.000000e+00 0.000000e+00
1.146729e-10 0.000000e+00 0.000000e+00
3.264186e-10 0.000000e+00 0.000000e+00
2.150386e-10 0.000000e+00 0.000000e+00
2.202402e-10 0.000000e+00 0.000000e+00
2.114870e-10 0.000000e+00 0.000000e+00
6.113645e-10 0.000000e+00 0.000000e+00
1.258085e-09 0.000000e+00 0.000000e+00
-1.480863e-10 0.000000e+00 0.000000e+00
-2.779592e-09 0.000000e+00 0.000000e+00
-2.824424e-09 0.000000e+00 0.000000e+00
-2.798069e-09 0.000000e+00 0.000000e+00
-2.877917e-09 0.000000e+00 0.000000e+00
-2.808090e-09 0.000000e+00 0.000000e+00
-2.905045e-09 0.000000e+00 0.000000e+00
-1.327900e-09 0.000000e+00 0.000000e+00
-1.203389e-09 0.000000e+00 0.000000e+00
-1.206662e-09 0.000000e+00 0.000000e+00
-2.205763e-09 0.000000e+00 0.000000e+00
-2.242270e-09 0.000000e+00 0.000000e+00
-4.695688e-09 0.000000e+00 0.000000e+00
2.514817e-09 0.000000e+00 0.000000e+00
2.553106e-09 0.000000e+00 0.000000e+00
2.635384e-09 0.000000e+00 0.000000e+00
2.591515e-09 0.000000e+00 0.000000e+00
2.627900e-09 0.000000e+00 0.000000e+00
2.715704e-09 0.000000e+00 0.000000e+00
2.607542e-09 0.000000e+00 0.000000e+00
2.781524e-09 0.000000e+00 0.000000e+00
-1.335087e-09 0.000000e+00 0.000000e+00
-1.299355e-09 0.000000e+00 0.000000e+00
3.864269e-10 0.000000e+00 0.000000e+00
3.862140e-10 0.000000e+00 0.000000e+00
-2.362734e-10 0.000000e+00 0.000000e+00
1.166833e-10 0.000000e+00 0.000000e+00
-1.638169e-10 0.000000e+00 0.000000e+00
-4.875165e-10 0.000000e+00 0.000000e+00
-4.874873e-10 0.000000e+00 0.000000e+00
-4.829707e-10 0.000000e+00 0.000000e+00
-3.164034e-10 0.000000e+00 0.000000e+00
-3.008208e-10 0.000000e+00 0.000000e+00
6.285505e-10 0.000000e+00 0.000000e+00
6.248480e-10 0.000000e+00 0.000000e+00
6.228094e-10 0.000000e+00 0.000000e+00
6.283669e-10 0.000000e+00 0.000000e+00
6.297550e-10 0.000000e+00 0.000000e+00
6.220746e-10 0.000000e+00 0.000000e+00
6.233144e-10 0.000000e+00 0.000000e+00
6.258849e-10 0.000000e+00 0.000000e+00
6.294313e-10 0.000000e+00 0.000000e+00
6.234643e-10 0.000000e+00 0.000000e+00
6.262818e-10 0.000000e+00 0.000000e+00
6.298187e-10 0.000000e+00 0.000000e+00
6.252543e-10 0.000000e+00 0.000000e+00
6.239278e-10 0.000000e+00 0.000000e+00
6.282953e-10 0.000000e+00 0.000000e+00
6.288758e-10 0.000000e+00 0.000000e+00
6.291058e-10 0.000000e+00 0.000000e+00
6.294347e-10 0.000000e+00 0.000000e+00
6.266697e-10 0.000000e+00 0.000000e+00
6.240656e-10 0.000000e+00 0.000000e+00
6.255501e-10 0.000000e+00 0.000000e+00
6.294261e-10 0.000000e+00 0.000000e+00
6.289166e-10 0.000000e+00 0.000000e+00
6.274188e-10 0.000000e+00 0.000000e+00
6.293377e-10 0.000000e+00 0.000000e+00
6.237642e-10 0.000000e+00 0.000000e+00
6.246009e-10 0.000000e+00 0.000000e+00
6.251851e-10 0.000000e+00 0.000000e+00
6.203023e-10 0.000000e+00 0.000000e+00
6.312781e-10 0.000000e+00 0.000000e+00
6.267199e-10 0.000000e+00 0.000000e+00
6.275432e-10 0.000000e+00 0.000000e+00
6.249796e-10 0.000000e+00 0.000000e+00
6.295162e-10 0.000000e+00 0.000000e+00
6.213950e-10 0.000000e+00 0.000000e+00
6.220317e-10 0.000000e+00 0.000000e+00
6.275599e-10 0.000000e+00 0.000000e+00
6.273494e-10 0.000000e+00 0.000000e+00
6.203029e-10 0.000000e+00 0.000000e+00
6.291258e-10 0.000000e+00 0.000000e+00
6.292279e-10 0.000000e+00 0.000000e+00
6.102858e-10 0.000000e+00 0.000000e+00
6.079704e-10 0.000000e+00 0.000000e+00
6.117783e-10 0.000000e+00 0.000000e+00
-5.582584e-10 0.000000e+00 0.000000e+00
-5.576985e-10 0.000000e+00 0.000000e+00
-5.574707e-10 0.000000e+00 0.000000e+00
-6.249650e-10 0.000000e+00 0.000000e+00
-6.248985e-10 0.000000e+00 0.000000e+00
-6.217751e-10 0.000000e+00 0.000000e+00
-6.199490e-10 0.000000e+00 0.000000e+00
-6.210139e-10 0.000000e+00 0.000000e+00
-6.192841e-10 0.000000e+00 0.000000e+00
-4.085380e-10 0.000000e+00 0.000000e+00
1.567291e-11 0.000000e+00 0.000000e+00
1.398420e-11 0.000000e+00 0.000000e+00
1.259411e-11 0.000000e+00 0.000000e+00
3.373490e-11 0.000000e+00 0.000000e+00
1.631315e-09 0.000000e+00 0.000000e+00
2.025854e-09 0.000000e+00 0.000000e+00
2.014372e-09 0.000000e+00 0.000000e+00
2.002992e-09 0.000000e+00 0.000000e+00
1.690104e-09 0.000000e+00 0.000000e+00
6.235045e-10 0.000000e+00 0.000000e+00
6.216723e-10 0.000000e+00 0.000000e+00
6.272824e-10 0.000000e+00 0.000000e+00
6.275261e-10 0.000000e+00 0.000000e+00
6.263278e-10 0.000000e+00 0.000000e+00
6.153719e-10 0.000000e+00 0.000000e+00
6.267589e-10 0.000000e+00 0.000000e+00
5.075099e-10 0.000000e+00 0.000000e+00
5.806204e-10 0.000000e+00 0.000000e+00
4.976303e-10 0.000000e+00 0.000000e+00
4.677535e-10 0.000000e+00 0.000000e+00
4.816801e-10 0.000000e+00 0.000000e+00
4.789903e-10 0.000000e+00 0.000000e+00
5.339545e-10 0.000000e+00 0.000000e+00
5.060531e-10 0.000000e+00 0.000000e+00
5.036597e-10 0.000000e+00 0.000000e+00
4.924546e-10 0.000000e+00 0.000000e+00
4.782649e-10 0.000000e+00 0.000000e+00
4.974003e-10 0.000000e+00 0.000000e+00
5.126920e-10 0.000000e+00 0.000000e+00
5.131668e-10 0.000000e+00 0.000000e+00
4.990490e-10 0.000000e+00 0.000000e+00
4.899556e-10 0.000000e+00 0.000000e+00
5.073617e-10 0.000000e+00 0.000000e+00
4.979970e-10 0.000000e+00 0.000000e+00
5.035374e-10 0.000000e+00 0.000000e+00
5.018955e-10 0.000000e+00 0.000000e+00
6.252505e-10 0.000000e+00 0.000000e+00
6.237474e-10 0.000000e+00 0.000000e+00
6.232102e-10 0.000000e+00 0.000000e+00
6.244055e-10 0.000000e+00 0.000000e+00
6.239580e-10 0.000000e+00 0.000000e+00
6.247103e-10 0.000000e+00 0.000000e+00
6.219406e-10 0.000000e+00 0.000000e+00
6.212054e-10 0.000000e+00 0.000000e+00
6.252695e-10 0.000000e+00 0.000000e+00
6.234735e-10 0.000000e+00 0.000000e+00
6.215135e-10 0.000000e+00 0.000000e+00
6.202303e-10 0.000000e+00 0.000000e+00
6.207962e-10 0.000000e+00 0.000000e+00
6.222973e-10 0.000000e+00 0.000000e+00
6.220429e-10 0.000000e+00 0.000000e+00
6.230316e-10 0.000000e+00 0.000000e+00
6.196681e-10 0.000000e+00 0.000000e+00
6.215409e-10 0.000000e+00 0.000000e+00
6.213360e-10 0.000000e+00 0.000000e+00
6.217987e-10 0.000000e+00 0.000000e+00
6.204386e-10 0.000000e+00 0.000000e+00
6.217177e-10 0.000000e+00 0.000000e+00
6.285649e-10 0.000000e+00 0.000000e+00
6.325256e-10 0.000000e+00 0.000000e+00
6.323737e-10 0.000000e+00 0.000000e+00
6.326461e-10 0.000000e+00 0.000000e+00
2.720301e-10 0.000000e+00 0.000000e+00
-2.386825e-09 0.000000e+00 0.000000e+00
-2.434055e-09 0.000000e+00 0.000000e+00
-2.442137e-09 0.000000e+00 0.000000e+00
-2.446108e-09 0.000000e+00 0.000000e+00
-2.436000e-09 0.000000e+00 0.000000e+00
-2.450205e-09 0.000000e+00 0.000000e+00
-1.853226e-11 0.000000e+00 0.000000e+00
-1.726317e-11 0.000000e+00 0.000000e+00
-1.879119e-11 0.000000e+00 0.000000e+00
-6.383647e-12 0.000000e+00 0.000000e+00
-8.994848e-12 0.000000e+00 0.000000e+00
-9.943451e-11 0.000000e+00 0.000000e+00
-8.692833e-11 0.000000e+00 0.000000e+00
-3.271902e-11 0.000000e+00 0.000000e+00
-1.775602e-11 0.000000e+00 0.000000e+00
-3.367603e-11 0.000000e+00 0.000000e+00
1.102954e-10 0.000000e+00 0.000000e+00
-1.880010e-09 0.000000e+00 0.000000e+00
-2.763259e-09 0.000000e+00 0.000000e+00
-2.785814e-09 0.000000e+00 0.000000e+00
-6.663840e-09 0.000000e+00 0.000000e+00
4.695898e-10 0.000000e+00 0.000000e+00
4.643604e-10 0.000000e+00 0.000000e+00
4.683601e-10 0.000000e+00 0.000000e+00
4.641757e-10 0.000000e+00 0.000000e+00
4.685521e-10 0.000000e+00 0.000000e+00
4.664583e-10 0.000000e+00 0.000000e+00
4.761731e-10 0.000000e+00 0.000000e+00
4.627802e-10 0.000000e+00 0.000000e+00
4.731226e-10 0.000000e+00 0.000000e+00
4.679369e-10 0.000000e+00 0.000000e+00
4.738313e-10 0.000000e+00 0.000000e+00
4.762591e-10 0.000000e+00 0.000000e+00
3.927715e-10 0.000000e+00 0.000000e+00
3.900082e-10 0.000000e+00 0.000000e+00
3.884130e-10 0.000000e+00 0.000000e+00
3.866948e-10 0.000000e+00 0.000000e+00
6.326625e-10 0.000000e+00 0.000000e+00
6.326083e-10 0.000000e+00 0.000000e+00
6.090699e-10 0.000000e+00 0.000000e+00
5.931505e-10 0.000000e+00 0.000000e+00
3.665496e-10 0.000000e+00 0.000000e+00
9.025126e-10 0.000000e+00 0.000000e+00
3.026741e-09 0.000000e+00 0.000000e+00
3.081303e-09 0.000000e+00 0.000000e+00
3.031506e-09 0.000000e+00 0.000000e+00
3.329489e-09 0.000000e+00 0.000000e+00
3.448631e-09 0.000000e+00 0.000000e+00
3.337255e-09 0.000000e+00 0.000000e+00
3.289984e-09 0.000000e+00 0.000000e+00
3.334139e-09 0.000000e+00 0.000000e+00
3.291020e-09 0.000000e+00 0.000000e+00
3.378238e-09 0.000000e+00 0.000000e+00
3.442436e-09 0.000000e+00 0.000000e+00
3.304573e-09 0.000000e+00 0.000000e+00
3.342641e-09 0.000000e+00 0.000000e+00
3.291375e-09 0.000000e+00 0.000000e+00
3.439082e-09 0.000000e+00 0.000000e+00
3.255032e-09 0.000000e+00 0.000000e+00
3.850846e-09 0.000000e+00 0.000000e+00
3.308952e-09 0.000000e+00 0.000000e+00
3.346242e-09 0.000000e+00 0.000000e+00
3.299057e-09 0.000000e+00 0.000000e+00
3.446311e-09 0.000000e+00 0.000000e+00
3.383849e-09 0.000000e+00 0.000000e+00
3.315500e-09 0.000000e+00 0.000000e+00
3.687823e-09 0.000000e+00 0.000000e+00
3.585419e-09 0.000000e+00 0.000000e+00
3.372817e-09 0.000000e+00 0.000000e+00
3.374383e-09 0.000000e+00 0.000000e+00
3.521921e-09 0.000000e+00 0.000000e+00
3.411483e-09 0.000000e+00 0.000000e+00
3.780337e-09 0.000000e+00 0.000000e+00
3.391029e-09 0.000000e+00 0.000000e+00
3.884606e-09 0.000000e+00 0.000000e+00
3.828639e-09 0.000000e+00 0.000000e+00
3.909838e-09 0.000000e+00 0.000000e+00
3.993055e-09 0.000000e+00 0.000000e+00
3.998219e-09 0.000000e+00 0.000000e+00
4.099301e-09 0.000000e+00 0.000000e+00
4.149455e-09 0.000000e+00 0.000000e+00
4.211526e-09 0.000000e+00 0.000000e+00
4.348225e-09 0.000000e+00 0.000000e+00
4.185025e-09 0.000000e+00 0.000000e+00
1.128771e-09 0.000000e+00 0.000000e+00
1.128451e-09 0.000000e+00 0.000000e+00
1.131563e-09 0.000000e+00 0.000000e+00
5.893564e-10 0.000000e+00 0.000000e+00
5.499049e-10 0.000000e+00 0.000000e+00
5.524128e-10 0.000000e+00 0.000000e+00
5.521881e-10 0.000000e+00 0.000000e+00
5.497188e-10 0.000000e+00 0.000000e+00
5.494635e-10 0.000000e+00 0.000000e+00
5.481590e-10 0.000000e+00 0.000000e+00
-1.376497e-08 0.000000e+00 0.000000e+00
1.735793e-10 0.000000e+00 0.000000e+00
1.730905e-10 0.000000e+00 0.000000e+00
1.585824e-10 0.000000e+00 0.000000e+00
1.672182e-10 0.000000e+00 0.000000e+00
1.618104e-10 0.000000e+00 0.000000e+00
1.677053e-10 0.000000e+00 0.000000e+00
1.806261e-10 0.000000e+00 0.000000e+00
1.690793e-10 0.000000e+00 0.000000e+00
1.720650e-10 0.000000e+00 0.000000e+00
1.670754e-10 0.000000e+00 0.000000e+00
1.805794e-10 0.000000e+00 0.000000e+00
1.898870e-10 0.000000e+00 0.000000e+00
1.762823e-10 0.000000e+00 0.000000e+00
1.635277e-10 0.000000e+00 0.000000e+00
-2.404468e-10 0.000000e+00 0.000000e+00
3.783687e-10 0.000000e+00 0.000000e+00
-1.208112e-09 0.000000e+00 0.000000e+00
-3.988556e-09 0.000000e+00 0.000000e+00
-3.264994e-09 0.000000e+00 0.000000e+00
-3.118008e-09 0.000000e+00 0.000000e+00
-3.148314e-09 0.000000e+00 0.000000e+00
-3.075947e-09 0.000000e+00 0.000000e+00
-3.136462e-09 0.000000e+00 0.000000e+00
-3.211637e-09 0.000000e+00 0.000000e+00
-3.075306e-09 0.000000e+00 0.000000e+00
-3.254234e-09 0.000000e+00 0.000000e+00
-3.324644e-09 0.000000e+00 0.000000e+00
-3.402082e-09 0.000000e+00 0.000000e+00
-3.545330e-09 0.000000e+00 0.000000e+00
-3.450143e-09 0.000000e+00 0.000000e+00
2.231653e-10 0.000000e+00 0.000000e+00
-5.859454e-14 0.000000e+00 0.000000e+00
-4.659388e-10 0.000000e+00 0.000000e+00
-4.651224e-10 0.000000e+00 0.000000e+00
-4.635988e-10 0.000000e+00 0.000000e+00
-4.583566e-10 0.000000e+00 0.000000e+00
-4.636301e-10 0.000000e+00 0.000000e+00
5.727387e-11 0.000000e+00 0.000000e+00
6.576448e-11 0.000000e+00 0.000000e+00
5.791921e-11 0.000000e+00 0.000000e+00
6.060072e-11 0.000000e+00 0.000000e+00
-7.474377e-11 0.000000e+00 0.000000e+00
-6.705668e-11 0.000000e+00 0.000000e+00
-5.198553e-11 0.000000e+00 0.000000e+00
-6.906571e-11 0.000000e+00 0.000000e+00
-5.732192e-11 0.000000e+00 0.000000e+00
-5.008865e-11 0.000000e+00 0.000000e+00
-5.479041e-11 0.000000e+00 0.000000e+00
-5.089691e-11 0.000000e+00 0.000000e+00
-5.836061e-11 0.000000e+00 0.000000e+00
-3.819635e-10 0.000000e+00 0.000000e+00
-3.786189e-10 0.000000e+00 0.000000e+00
-3.828557e-10 0.000000e+00 0.000000e+00
-3.804684e-10 0.000000e+00 0.000000e+00
-3.796726e-10 0.000000e+00 0.000000e+00
-3.827678e-10 0.000000e+00 0.000000e+00
-3.735461e-10 0.000000e+00 0.000000e+00
1.676701e-09 0.000000e+00 0.000000e+00
1.677518e-09 0.000000e+00 0.000000e+00
2.229735e-09 0.000000e+00 0.000000e+00
2.584937e-09 0.000000e+00 0.000000e+00
2.592615e-09 0.000000e+00 0.000000e+00
2.377818e-09 0.000000e+00 0.000000e+00
2.649626e-09 0.000000e+00 0.000000e+00
2.680106e-09 0.000000e+00 0.000000e+00
2.700119e-09 0.000000e+00 0.000000e+00
2.676347e-09 0.000000e+00 0.000000e+00
1.601229e-10 0.000000e+00 0.000000e+00
-1.705083e-10 0.000000e+00 0.000000e+00
-1.586074e-10 0.000000e+00 0.000000e+00
-1.795265e-10 0.000000e+00 0.000000e+00
-1.801375e-10 0.000000e+00 0.000000e+00
-1.573112e-10 0.000000e+00 0.000000e+00
4.827188e-11 0.000000e+00 0.000000e+00
-8.550782e-10 0.000000e+00 0.000000e+00
-8.630157e-10 0.000000e+00 0.000000e+00
-3.284575e-10 0.000000e+00 0.000000e+00
-3.316992e-10 0.000000e+00 0.000000e+00
-1.872778e-10 0.000000e+00 0.000000e+00
6.306870e-10 0.000000e+00 0.000000e+00
6.324217e-10 0.000000e+00 0.000000e+00
6.186814e-10 0.000000e+00 0.000000e+00
6.327556e-10 0.000000e+00 0.000000e+00
5.619828e-09 0.000000e+00 0.000000e+00
6.850100e-10 0.000000e+00 0.000000e+00
6.095905e-10 0.000000e+00 0.000000e+00
1.881959e-09 0.000000e+00 0.000000e+00
-5.196959e-09 0.000000e+00 0.000000e+00
-3.049962e-09 0.000000e+00 0.000000e+00
-3.091455e-09 0.000000e+00 0.000000e+00
4.485265e-10 0.000000e+00 0.000000e+00
-3.592507e-09 0.000000e+00 0.000000e+00
-3.719747e-09 0.000000e+00 0.000000e+00
-3.732275e-09 0.000000e+00 0.000000e+00
-3.637581e-09 0.000000e+00 0.000000e+00
-3.724489e-09 0.000000e+00 0.000000e+00
-1.574402e-09 0.000000e+00 0.000000e+00
-2.771831e-09 0.000000e+00 0.000000e+00
4.168081e-10 0.000000e+00 0.000000e+00
4.193682e-10 0.000000e+00 0.000000e+00
4.182149e-10 0.000000e+00 0.000000e+00
4.572599e-10 0.000000e+00 0.000000e+00
-7.003386e-09 0.000000e+00 0.000000e+00
-6.945238e-09 0.000000e+00 0.000000e+00
-6.898409e-09 0.000000e+00 0.000000e+00
-5.491345e-09 0.000000e+00 0.000000e+00
-4.733871e-10 0.000000e+00 0.000000e+00
-5.164705e-10 0.000000e+00 0.000000e+00
-6.169108e-10 0.000000e+00 0.000000e+00
-5.903752e-10 0.000000e+00 0.000000e+00
-6.233312e-10 0.000000e+00 0.000000e+00
-6.307258e-10 0.000000e+00 0.000000e+00
-6.302128e-10 0.000000e+00 0.000000e+00
-6.311289e-10 0.000000e+00 0.000000e+00
-6.308813e-10 0.000000e+00 0.000000e+00
-6.305876e-10 0.000000e+00 0.000000e+00
-6.312513e-10 0.000000e+00 0.000000e+00
-6.311320e-10 0.000000e+00 0.000000e+00
-6.302917e-10 0.000000e+00 0.000000e+00
-6.309309e-10 0.000000e+00 0.000000e+00
-5.347496e-10 0.000000e+00 0.000000e+00
-2.801009e-10 0.000000e+00 0.000000e+00
1.094548e-09 0.000000e+00 0.000000e+00
1.251882e-09 0.000000e+00 0.000000e+00
1.460237e-09 0.000000e+00 0.000000e+00
4.345067e-09 0.000000e+00 0.000000e+00
4.433518e-09 0.000000e+00 0.000000e+00
4.456865e-09 0.000000e+00 0.000000e+00
4.519029e-09 0.000000e+00 0.000000e+00
4.515416e-09 0.000000e+00 0.000000e+00
4.458871e-09 0.000000e+00 0.000000e+00
5.183021e-09 0.000000e+00 0.000000e+00
4.765149e-09 0.000000e+00 0.000000e+00
5.131755e-09 0.000000e+00 0.000000e+00
4.806440e-09 0.000000e+00 0.000000e+00
4.669401e-09 0.000000e+00 0.000000e+00
4.665721e-09 0.000000e+00 0.000000e+00
4.687680e-09 0.000000e+00 0.000000e+00
4.658224e-09 0.000000e+00 0.000000e+00
4.663743e-09 0.000000e+00 0.000000e+00
4.722447e-09 0.000000e+00 0.000000e+00
4.780909e-09 0.000000e+00 0.000000e+00
2.692445e-09 0.000000e+00 0.000000e+00
2.513203e-09 0.000000e+00 0.000000e+00
-4.713126e-10 0.000000e+00 0.000000e+00
-4.715678e-10 0.000000e+00 0.000000e+00
-4.718856e-10 0.000000e+00 0.000000e+00
-4.708355e-10 0.000000e+00 0.000000e+00
-5.914441e-10 0.000000e+00 0.000000e+00
-5.897740e-10 0.000000e+00 0.000000e+00
-5.869254e-10 0.000000e+00 0.000000e+00
-6.317457e-10 0.000000e+00 0.000000e+00
-6.317899e-10 0.000000e+00 0.000000e+00
-5.839720e-10 0.000000e+00 0.000000e+00
-5.397875e-10 0.000000e+00 0.000000e+00
-5.319014e-10 0.000000e+00 0.000000e+00
-6.285460e-10 0.000000e+00 0.000000e+00
1.242938e-10 0.000000e+00 0.000000e+00
1.666386e-10 0.000000e+00 0.000000e+00
-8.853507e-10 0.000000e+00 0.000000e+00
-1.383681e-09 0.000000e+00 0.000000e+00
-2.155710e-09 0.000000e+00 0.000000e+00
-3.486076e-09 0.000000e+00 0.000000e+00
-3.497861e-09 0.000000e+00 0.000000e+00
-3.448178e-09 0.000000e+00 0.000000e+00
-3.465321e-09 0.000000e+00 0.000000e+00
-3.472114e-09 0.000000e+00 0.000000e+00
-3.427617e-09 0.000000e+00 0.000000e+00
-3.475711e-09 0.000000e+00 0.000000e+00
-3.475085e-09 0.000000e+00 0.000000e+00
6.176592e-10 0.000000e+00 0.000000e+00
6.185656e-10 0.000000e+00 0.000000e+00
-4.238755e-09 0.000000e+00 0.000000e+00
-3.785309e-09 0.000000e+00 0.000000e+00
-3.756273e-09 0.000000e+00 0.000000e+00
-3.795006e-09 0.000000e+00 0.000000e+00
-3.798579e-09 0.000000e+00 0.000000e+00
-3.844763e-09 0.000000e+00 0.000000e+00
-3.777111e-09 0.000000e+00 0.000000e+00
-3.720265e-09 0.000000e+00 0.000000e+00
-3.813885e-09 0.000000e+00 0.000000e+00
-5.272902e-09 0.000000e+00 0.000000e+00
-1.112867e-09 0.000000e+00 0.000000e+00
-1.934669e-09 0.000000e+00 0.000000e+00
-2.164685e-09 0.000000e+00 0.000000e+00
7.117258e-10 0.000000e+00 0.000000e+00
7.003514e-10 0.000000e+00 0.000000e+00
6.267376e-10 0.000000e+00 0.000000e+00
6.103315e-10 0.000000e+00 0.000000e+00
6.605569e-10 0.000000e+00 0.000000e+00
7.433135e-10 0.000000e+00 0.000000e+00
7.944015e-10 0.000000e+00 0.000000e+00
6.692259e-10 0.000000e+00 0.000000e+00
6.766057e-10 0.000000e+00 0.000000e+00
6.651122e-10 0.000000e+00 0.000000e+00
2.933450e-11 0.000000e+00 0.000000e+00
-8.836536e-11 0.000000e+00 0.000000e+00
-2.369451e-10 0.000000e+00 0.000000e+00
-1.724995e-10 0.000000e+00 0.000000e+00
-1.705411e-10 0.000000e+00 0.000000e+00
5.092402e-09 0.000000e+00 0.000000e+00
5.033705e-09 0.000000e+00 0.000000e+00
5.479470e-09 0.000000e+00 0.000000e+00
5.132210e-09 0.000000e+00 0.000000e+00
5.591947e-09 0.000000e+00 0.000000e+00
5.465861e-09 0.000000e+00 0.000000e+00
5.434336e-09 0.000000e+00 0.000000e+00
5.553667e-09 0.000000e+00 0.000000e+00
5.245693e-09 0.000000e+00 0.000000e+00
5.678463e-09 0.000000e+00 0.000000e+00
5.751342e-09 0.000000e+00 0.000000e+00
5.499153e-09 0.000000e+00 0.000000e+00
5.614103e-09 0.000000e+00 0.000000e+00
6.132366e-09 0.000000e+00 0.000000e+00
6.321023e-09 0.000000e+00 0.000000e+00
5.994683e-09 0.000000e+00 0.000000e+00
-2.756570e-10 0.000000e+00 0.000000e+00
4.781951e-10 0.000000e+00 0.000000e+00
2.730228e-09 0.000000e+00 0.000000e+00
1.734479e-09 0.000000e+00 0.000000e+00
-5.319775e-10 0.000000e+00 0.000000e+00
-5.757245e-10 0.000000e+00 0.000000e+00
-2.307806e-10 0.000000e+00 0.000000e+00
2.768384e-10 0.000000e+00 0.000000e+00
4.461525e-10 0.000000e+00 0.000000e+00
4.393757e-10 0.000000e+00 0.000000e+00
4.340507e-10 0.000000e+00 0.000000e+00
4.422837e-10 0.000000e+00 0.000000e+00
4.440434e-10 0.000000e+00 0.000000e+00
4.435305e-10 0.000000e+00 0.000000e+00
4.440569e-10 0.000000e+00 0.000000e+00
5.247532e-10 0.000000e+00 0.000000e+00
5.453095e-10 0.000000e+00 0.000000e+00
6.246797e-10 0.000000e+00 0.000000e+00
6.246168e-10 0.000000e+00 0.000000e+00
6.239810e-10 0.000000e+00 0.000000e+00
6.185764e-10 0.000000e+00 0.000000e+00
6.174535e-10 0.000000e+00 0.000000e+00
6.164418e-10 0.000000e+00 0.000000e+00
6.174519e-10 0.000000e+00 0.000000e+00
6.185924e-10 0.000000e+00 0.000000e+00
6.189885e-10 0.000000e+00 0.000000e+00
6.173027e-10 0.000000e+00 0.000000e+00
6.178972e-10 0.000000e+00 0.000000e+00
6.219704e-10 0.000000e+00 0.000000e+00
-3.775459e-09 0.000000e+00 0.000000e+00
-3.748806e-09 0.000000e+00 0.000000e+00
-3.715578e-09 0.000000e+00 0.000000e+00
-2.894064e-09 0.000000e+00 0.000000e+00
-3.559332e-09 0.000000e+00 0.000000e+00
-3.548074e-09 0.000000e+00 0.000000e+00
-3.552489e-09 0.000000e+00 0.000000e+00
-3.528620e-09 0.000000e+00 0.000000e+00
1.553152e-09 0.000000e+00 0.000000e+00
2.739953e-09 0.000000e+00 0.000000e+00
3.044631e-09 0.000000e+00 0.000000e+00
3.035352e-09 0.000000e+00 0.000000e+00
3.088620e-09 0.000000e+00 0.000000e+00
3.070434e-09 0.000000e+00 0.000000e+00
3.075041e-09 0.000000e+00 0.000000e+00
3.075428e-09 0.000000e+00 0.000000e+00
3.058763e-09 0.000000e+00 0.000000e+00
2.896712e-09 0.000000e+00 0.000000e+00
2.912043e-09 0.000000e+00 0.000000e+00
2.470522e-09 0.000000e+00 0.000000e+00
2.723669e-09 0.000000e+00 0.000000e+00
2.712104e-09 0.000000e+00 0.000000e+00
2.719806e-09 0.000000e+00 0.000000e+00
2.388125e-10 0.000000e+00 0.000000e+00
3.464826e-09 0.000000e+00 0.000000e+00
3.460452e-09 0.000000e+00 0.000000e+00
3.558930e-09 0.000000e+00 0.000000e+00
3.612385e-09 0.000000e+00 0.000000e+00
3.606254e-09 0.000000e+00 0.000000e+00
3.540322e-09 0.000000e+00 0.000000e+00
3.426789e-09 0.000000e+00 0.000000e+00
3.497883e-09 0.000000e+00 0.000000e+00
3.538753e-09 0.000000e+00 0.000000e+00
2.144954e-09 0.000000e+00 0.000000e+00
1.495690e-09 0.000000e+00 0.000000e+00
1.490625e-09 0.000000e+00 0.000000e+00
1.482124e-09 0.000000e+00 0.000000e+00
1.468687e-09 0.000000e+00 0.000000e+00
2.666644e-09 0.000000e+00 0.000000e+00
1.533983e-11 0.000000e+00 0.000000e+00
-3.362293e-10 0.000000e+00 0.000000e+00
-5.143667e-13 0.000000e+00 0.000000e+00
1.491086e-10 0.000000e+00 0.000000e+00
1.512957e-10 0.000000e+00 0.000000e+00
1.555880e-10 0.000000e+00 0.000000e+00
1.550570e-10 0.000000e+00 0.000000e+00
1.609638e-10 0.000000e+00 0.000000e+00
1.514141e-10 0.000000e+00 0.000000e+00
1.591895e-10 0.000000e+00 0.000000e+00
-9.988525e-10 0.000000e+00 0.000000e+00
-3.044509e-10 0.000000e+00 0.000000e+00
8.716306e-10 0.000000e+00 0.000000e+00
-6.171509e-10 0.000000e+00 0.000000e+00
1.014213e-10 0.000000e+00 0.000000e+00
-6.061101e-10 0.000000e+00 0.000000e+00
-2.896052e-10 0.000000e+00 0.000000e+00
-2.919202e-10 0.000000e+00 0.000000e+00
-3.182016e-11 0.000000e+00 0.000000e+00
-4.671155e-11 0.000000e+00 0.000000e+00
-5.178914e-11 0.000000e+00 0.000000e+00
-3.576829e-11 0.000000e+00 0.000000e+00
2.144963e-10 0.000000e+00 0.000000e+00
-5.423945e-12 0.000000e+00 0.000000e+00
1.365919e-10 0.000000e+00 0.000000e+00
-2.013317e-11 0.000000e+00 0.000000e+00
2.935267e-10 0.000000e+00 0.000000e+00
2.918004e-10 0.000000e+00 0.000000e+00
-4.841414e-10 0.000000e+00 0.000000e+00
-1.636734e-09 0.000000e+00 0.000000e+00
-1.639327e-09 0.000000e+00 0.000000e+00
-1.637778e-09 0.000000e+00 0.000000e+00
-1.646098e-09 0.000000e+00 0.000000e+00
-1.537171e-09 0.000000e+00 0.000000e+00
6.205702e-10 0.000000e+00 0.000000e+00
-4.764958e-10 0.000000e+00 0.000000e+00
-4.583407e-11 0.000000e+00 0.000000e+00
-6.202893e-10 0.000000e+00 0.000000e+00
-3.145611e-09 0.000000e+00 0.000000e+00
-5.822485e-10 0.000000e+00 0.000000e+00
-5.984534e-10 0.000000e+00 0.000000e+00
-5.774685e-10 0.000000e+00 0.000000e+00
-6.116037e-10 0.000000e+00 0.000000e+00
5.460745e-10 0.000000e+00 0.000000e+00
5.523354e-10 0.000000e+00 0.000000e+00
-2.182658e-09 0.000000e+00 0.000000e+00
-2.605549e-09 0.000000e+00 0.000000e+00
-2.607333e-09 0.000000e+00 0.000000e+00
6.316500e-10 0.000000e+00 0.000000e+00
-2.512172e-10 0.000000e+00 0.000000e+00
-6.350170e-09 0.000000e+00 0.000000e+00
3.939172e-09 0.000000e+00 0.000000e+00
3.995413e-09 0.000000e+00 0.000000e+00
3.943937e-09 0.000000e+00 0.000000e+00
-1.323222e-10 0.000000e+00 0.000000e+00
1.114800e-10 0.000000e+00 0.000000e+00
1.072654e-10 0.000000e+00 0.000000e+00
4.770151e-09 0.000000e+00 0.000000e+00
4.814696e-09 0.000000e+00 0.000000e+00
4.442433e-09 0.000000e+00 0.000000e+00
1.648857e-10 0.000000e+00 0.000000e+00
2.959434e-10 0.000000e+00 0.000000e+00
5.300667e-10 0.000000e+00 0.000000e+00
5.799004e-10 0.000000e+00 0.000000e+00
1.960720e-10 0.000000e+00 0.000000e+00
2.139469e-10 0.000000e+00 0.000000e+00
1.649950e-10 0.000000e+00 0.000000e+00
3.994181e-10 0.000000e+00 0.000000e+00
3.813040e-09 0.000000e+00 0.000000e+00
-8.506143e-11 0.000000e+00 0.000000e+00
-1.055871e-10 0.000000e+00 0.000000e+00
-6.200684e-10 0.000000e+00 0.000000e+00
-2.277895e-09 0.000000e+00 0.000000e+00
-2.876487e-09 0.000000e+00 0.000000e+00
5.949352e-09 0.000000e+00 0.000000e+00
5.301486e-09 0.000000e+00 0.000000e+00
6.376502e-09 0.000000e+00 0.000000e+00
6.257362e-09 0.000000e+00 0.000000e+00
6.311023e-09 0.000000e+00 0.000000e+00
6.222812e-09 0.000000e+00 0.000000e+00
6.231438e-09 0.000000e+00 0.000000e+00
6.298413e-09 0.000000e+00 0.000000e+00
6.261005e-09 0.000000e+00 0.000000e+00
6.383223e-09 0.000000e+00 0.000000e+00
7.432745e-09 0.000000e+00 0.000000e+00
6.801077e-09 0.000000e+00 0.000000e+00
6.704761e-09 0.000000e+00 0.000000e+00
7.372955e-09 0.000000e+00 0.000000e+00
6.915470e-09 0.000000e+00 0.000000e+00
6.919602e-09 0.000000e+00 0.000000e+00
6.981610e-09 0.000000e+00 0.000000e+00
6.971364e-09 0.000000e+00 0.000000e+00
7.015445e-09 0.000000e+00 0.000000e+00
7.004735e-09 0.000000e+00 0.000000e+00
6.959030e-09 0.000000e+00 0.000000e+00
7.005595e-09 0.000000e+00 0.000000e+00
7.214752e-09 0.000000e+00 0.000000e+00
7.284291e-09 0.000000e+00 0.000000e+00
7.182392e-09 0.000000e+00 0.000000e+00
7.383062e-09 0.000000e+00 0.000000e+00
7.140090e-09 0.000000e+00 0.000000e+00
7.226050e-09 0.000000e+00 0.000000e+00
7.214037e-09 0.000000e+00 0.000000e+00
7.251092e-09 0.000000e+00 0.000000e+00
-1.512428e-10 0.000000e+00 0.000000e+00
-1.530960e-10 0.000000e+00 0.000000e+00
7.188252e-12 0.000000e+00 0.000000e+00
5.948395e-10 0.000000e+00 0.000000e+00
-1.616192e-09 0.000000e+00 0.000000e+00
-1.612699e-09 0.000000e+00 0.000000e+00
-1.645969e-09 0.000000e+00 0.000000e+00
-1.624572e-09 0.000000e+00 0.000000e+00
-1.654889e-09 0.000000e+00 0.000000e+00
1.520642e-10 0.000000e+00 0.000000e+00
1.116148e-10 0.000000e+00 0.000000e+00
1.086892e-10 0.000000e+00 0.000000e+00
3.651495e-10 0.000000e+00 0.000000e+00
-1.248302e-10 0.000000e+00 0.000000e+00
-3.604746e-11 0.000000e+00 0.000000e+00
1.220064e-11 0.000000e+00 0.000000e+00
-5.790874e-10 0.000000e+00 0.000000e+00
6.195380e-10 0.000000e+00 0.000000e+00
-1.209983e-10 0.000000e+00 0.000000e+00
-1.418566e-10 0.000000e+00 0.000000e+00
-1.133372e-10 0.000000e+00 0.000000e+00
-1.201018e-10 0.000000e+00 0.000000e+00
-7.072129e-10 0.000000e+00 0.000000e+00
-7.376225e-10 0.000000e+00 0.000000e+00
-7.704561e-10 0.000000e+00 0.000000e+00
-4.891258e-10 0.000000e+00 0.000000e+00
-7.434301e-10 0.000000e+00 0.000000e+00
-4.717300e-10 0.000000e+00 0.000000e+00
-4.169474e-10 0.000000e+00 0.000000e+00
-4.033519e-10 0.000000e+00 0.000000e+00
-4.087176e-10 0.000000e+00 0.000000e+00
-3.825364e-10 0.000000e+00 0.000000e+00
-4.098769e-10 0.000000e+00 0.000000e+00
-3.923980e-10 0.000000e+00 0.000000e+00
-5.568042e-10 0.000000e+00 0.000000e+00
-4.328446e-10 0.000000e+00 0.000000e+00
-4.004656e-10 0.000000e+00 0.000000e+00
-1.108605e-09 0.000000e+00 0.000000e+00
-4.100370e-09 0.000000e+00 0.000000e+00
-4.347080e-09 0.000000e+00 0.000000e+00
-4.162905e-09 0.000000e+00 0.000000e+00
2.372349e-10 0.000000e+00 0.000000e+00
-2.894571e-09 0.000000e+00 0.000000e+00
-2.906967e-09 0.000000e+00 0.000000e+00
-3.586589e-11 0.000000e+00 0.000000e+00
-4.589602e-09 0.000000e+00 0.000000e+00
-4.860065e-09 0.000000e+00 0.000000e+00
-4.655154e-09 0.000000e+00 0.000000e+00
-4.598037e-09 0.000000e+00 0.000000e+00
-4.793652e-09 0.000000e+00 0.000000e+00
-4.816433e-09 0.000000e+00 0.000000e+00
-4.784620e-09 0.000000e+00 0.000000e+00
-4.872139e-09 0.000000e+00 0.000000e+00
-4.812643e-09 0.000000e+00 0.000000e+00
-4.932644e-09 0.000000e+00 0.000000e+00
-5.124925e-09 0.000000e+00 0.000000e+00
-5.024927e-09 0.000000e+00 0.000000e+00
-5.195059e-09 0.000000e+00 0.000000e+00
-4.982350e-09 0.000000e+00 0.000000e+00
-4.862062e-09 0.000000e+00 0.000000e+00
-4.953017e-09 0.000000e+00 0.000000e+00
-5.123474e-09 0.000000e+00 0.000000e+00
-4.863111e-09 0.000000e+00 0.000000e+00
-4.814297e-09 0.000000e+00 0.000000e+00
-4.748740e-09 0.000000e+00 0.000000e+00
-4.939909e-09 0.000000e+00 0.000000e+00
-5.172053e-09 0.000000e+00 0.000000e+00
-5.337775e-09 0.000000e+00 0.000000e+00
-5.140772e-09 0.000000e+00 0.000000e+00
-5.030774e-09 0.000000e+00 0.000000e+00
-5.106784e-09 0.000000e+00 0.000000e+00
-5.021223e-09 0.000000e+00 0.000000e+00
-5.135623e-09 0.000000e+00 0.000000e+00
-5.103738e-09 0.000000e+00 0.000000e+00
1.171650e-10 0.000000e+00 0.000000e+00
7.383782e-09 0.000000e+00 0.000000e+00
7.442573e-09 0.000000e+00 0.000000e+00
7.569028e-09 0.000000e+00 0.000000e+00
7.476487e-09 0.000000e+00 0.000000e+00
7.448218e-09 0.000000e+00 0.000000e+00
7.528300e-09 0.000000e+00 0.000000e+00
7.383300e-09 0.000000e+00 0.000000e+00
7.426997e-09 0.000000e+00 0.000000e+00
7.415418e-09 0.000000e+00 0.000000e+00
7.424104e-09 0.000000e+00 0.000000e+00
7.533808e-09 0.000000e+00 0.000000e+00
7.408933e-09 0.000000e+00 0.000000e+00
7.475735e-09 0.000000e+00 0.000000e+00
7.400462e-09 0.000000e+00 0.000000e+00
7.517718e-09 0.000000e+00 0.000000e+00
7.985511e-09 0.000000e+00 0.000000e+00
7.871208e-09 0.000000e+00 0.000000e+00
7.843754e-09 0.000000e+00 0.000000e+00
-1.401752e-09 0.000000e+00 0.000000e+00
-1.328529e-09 0.000000e+00 0.000000e+00
-3.708954e-09 0.000000e+00 0.000000e+00
-3.251919e-09 0.000000e+00 0.000000e+00
-3.220635e-09 0.000000e+00 0.000000e+00
-3.243258e-09 0.000000e+00 0.000000e+00
-7.838975e-09 0.000000e+00 0.000000e+00
3.989010e-10 0.000000e+00 0.000000e+00
-8.356844e-09 0.000000e+00 0.000000e+00
8.510153e-10 0.000000e+00 0.000000e+00
-5.268754e-10 0.000000e+00 0.000000e+00
-5.919447e-10 0.000000e+00 0.000000e+00
1.943266e-10 0.000000e+00 0.000000e+00
1.917740e-10 0.000000e+00 0.000000e+00
1.912896e-10 0.000000e+00 0.000000e+00
3.324588e-09 0.000000e+00 0.000000e+00
-6.318018e-10 0.000000e+00 0.000000e+00
4.210361e-09 0.000000e+00 0.000000e+00
2.696113e-09 0.000000e+00 0.000000e+00
6.213500e-10 0.000000e+00 0.000000e+00
6.192278e-10 0.000000e+00 0.000000e+00
6.186963e-10 0.000000e+00 0.000000e+00
6.217067e-10 0.000000e+00 0.000000e+00
5.797671e-10 0.000000e+00 0.000000e+00
-1.740261e-10 0.000000e+00 0.000000e+00
6.204004e-10 0.000000e+00 0.000000e+00
2.209932e-09 0.000000e+00 0.000000e+00
-5.757392e-10 0.000000e+00 0.000000e+00
-2.073969e-10 0.000000e+00 0.000000e+00
-1.647430e-10 0.000000e+00 0.000000e+00
3.374816e-10 0.000000e+00 0.000000e+00
3.507219e-10 0.000000e+00 0.000000e+00
5.643277e-10 0.000000e+00 0.000000e+00
5.661342e-10 0.000000e+00 0.000000e+00
5.444633e-10 0.000000e+00 0.000000e+00
-6.279726e-10 0.000000e+00 0.000000e+00
-6.326863e-10 0.000000e+00 0.000000e+00
-5.680438e-10 0.000000e+00 0.000000e+00
-5.758308e-10 0.000000e+00 0.000000e+00
2.122686e-09 0.000000e+00 0.000000e+00
1.601526e-10 0.000000e+00 0.000000e+00
-4.683637e-10 0.000000e+00 0.000000e+00
-4.719680e-10 0.000000e+00 0.000000e+00
7.814139e-09 0.000000e+00 0.000000e+00
-5.557847e-10 0.000000e+00 0.000000e+00
-5.545378e-10 0.000000e+00 0.000000e+00
-5.578063e-10 0.000000e+00 0.000000e+00
-6.215180e-10 0.000000e+00 0.000000e+00
-2.143050e-10 0.000000e+00 0.000000e+00
-2.166632e-10 0.000000e+00 0.000000e+00
-2.226345e-10 0.000000e+00 0.000000e+00
-2.175446e-10 0.000000e+00 0.000000e+00
-2.165303e-10 0.000000e+00 0.000000e+00
-2.143585e-10 0.000000e+00 0.000000e+00
-2.181344e-10 0.000000e+00 0.000000e+00
-2.117561e-10 0.000000e+00 0.000000e+00
-2.199961e-10 0.000000e+00 0.000000e+00
-2.784588e-10 0.000000e+00 0.000000e+00
6.200180e-10 0.000000e+00 0.000000e+00
-1.403856e-10 0.000000e+00 0.000000e+00
-1.191772e-10 0.000000e+00 0.000000e+00
-1.224583e-10 0.000000e+00 0.000000e+00
-1.287655e-10 0.000000e+00 0.000000e+00
-2.173974e-10 0.000000e+00 0.000000e+00
-2.731789e-10 0.000000e+00 0.000000e+00
-2.678824e-10 0.000000e+00 0.000000e+00
-5.901461e-10 0.000000e+00 0.000000e+00
2.808935e-10 0.000000e+00 0.000000e+00
2.551793e-11 0.000000e+00 0.000000e+00
3.042259e-09 0.000000e+00 0.000000e+00
-5.533677e-10 0.000000e+00 0.000000e+00
-5.688561e-10 0.000000e+00 0.000000e+00
-6.164653e-10 0.000000e+00 0.000000e+00
-6.143334e-10 0.000000e+00 0.000000e+00
5.493304e-10 0.000000e+00 0.000000e+00
2.774580e-10 0.000000e+00 0.000000e+00
2.791545e-10 0.000000e+00 0.000000e+00
2.669770e-10 0.000000e+00 0.000000e+00
2.597646e-10 0.000000e+00 0.000000e+00
7.752600e-10 0.000000e+00 0.000000e+00
6.202271e-10 0.000000e+00 0.000000e+00
6.302597e-10 0.000000e+00 0.000000e+00
1.040923e-08 0.000000e+00 0.000000e+00
1.027507e-08 0.000000e+00 0.000000e+00
1.023931e-08 0.000000e+00 0.000000e+00
1.026280e-08 0.000000e+00 0.000000e+00
1.027862e-08 0.000000e+00 0.000000e+00
1.043348e-08 0.000000e+00 0.000000e+00
1.032142e-08 0.000000e+00 0.000000e+00
1.020838e-08 0.000000e+00 0.000000e+00
1.023912e-08 0.000000e+00 0.000000e+00
8.666370e-10 0.000000e+00 0.000000e+00
9.790709e-10 0.000000e+00 0.000000e+00
-5.354279e-09 0.000000e+00 0.000000e+00
-5.220018e-09 0.000000e+00 0.000000e+00
-5.741560e-09 0.000000e+00 0.000000e+00
-5.356688e-09 0.000000e+00 0.000000e+00
-5.216164e-09 0.000000e+00 0.000000e+00
-5.589366e-09 0.000000e+00 0.000000e+00
-5.459655e-09 0.000000e+00 0.000000e+00
-5.850060e-09 0.000000e+00 0.000000e+00
-5.875990e-09 0.000000e+00 0.000000e+00
-5.787864e-10 0.000000e+00 0.000000e+00
5.080430e-10 0.000000e+00 0.000000e+00
-6.324906e-10 0.000000e+00 0.000000e+00
2.960723e-10 0.000000e+00 0.000000e+00
5.893936e-10 0.000000e+00 0.000000e+00
1.807492e-09 0.000000e+00 0.000000e+00
-5.764309e-10 0.000000e+00 0.000000e+00
-5.571589e-10 0.000000e+00 0.000000e+00
-6.327564e-10 0.000000e+00 0.000000e+00
1.326296e-08 0.000000e+00 0.000000e+00
6.066589e-10 0.000000e+00 0.000000e+00
1.029903e-10 0.000000e+00 0.000000e+00
4.702343e-12 0.000000e+00 0.000000e+00
2.137275e-11 0.000000e+00 0.000000e+00
-7.416484e-09 0.000000e+00 0.000000e+00
-7.124755e-09 0.000000e+00 0.000000e+00
-7.089530e-09 0.000000e+00 0.000000e+00
-7.167873e-09 0.000000e+00 0.000000e+00
-7.135612e-09 0.000000e+00 0.000000e+00
-7.318787e-09 0.000000e+00 0.000000e+00
-7.302188e-09 0.000000e+00 0.000000e+00
-3.747350e-10 0.000000e+00 0.000000e+00
-4.026072e-10 0.000000e+00 0.000000e+00
-4.687914e-10 0.000000e+00 0.000000e+00
-4.742990e-10 0.000000e+00 0.000000e+00
-2.972775e-10 0.000000e+00 0.000000e+00
-2.574511e-10 0.000000e+00 0.000000e+00
-2.290617e-10 0.000000e+00 0.000000e+00
-9.735787e-10 0.000000e+00 0.000000e+00
-9.664190e-10 0.000000e+00 0.000000e+00
-1.006131e-09 0.000000e+00 0.000000e+00
1.325739e-09 0.000000e+00 0.000000e+00
2.514775e-09 0.000000e+00 0.000000e+00
5.552405e-09 0.000000e+00 0.000000e+00
5.541573e-09 0.000000e+00 0.000000e+00
5.527572e-09 0.000000e+00 0.000000e+00
5.573382e-09 0.000000e+00 0.000000e+00
8.254420e-10 0.000000e+00 0.000000e+00
-5.092745e-10 0.000000e+00 0.000000e+00
-8.384743e-12 0.000000e+00 0.000000e+00
-2.562618e-10 0.000000e+00 0.000000e+00
-2.722124e-10 0.000000e+00 0.000000e+00
1.791319e-09 0.000000e+00 0.000000e+00
8.658133e-10 0.000000e+00 0.000000e+00
8.098888e-09 0.000000e+00 0.000000e+00
8.344277e-09 0.000000e+00 0.000000e+00
8.044765e-09 0.000000e+00 0.000000e+00
7.996910e-09 0.000000e+00 0.000000e+00
8.044804e-09 0.000000e+00 0.000000e+00
3.074503e-09 0.000000e+00 0.000000e+00
2.986578e-09 0.000000e+00 0.000000e+00
3.002373e-09 0.000000e+00 0.000000e+00
3.043815e-09 0.000000e+00 0.000000e+00
3.037649e-09 0.000000e+00 0.000000e+00
3.080613e-09 0.000000e+00 0.000000e+00
6.303638e-10 0.000000e+00 0.000000e+00
-2.588692e-09 0.000000e+00 0.000000e+00
8.326567e-09 0.000000e+00 0.000000e+00
8.331979e-09 0.000000e+00 0.000000e+00
8.268821e-09 0.000000e+00 0.000000e+00
2.093337e-10 0.000000e+00 0.000000e+00
-1.758753e-09 0.000000e+00 0.000000e+00
4.755407e-09 0.000000e+00 0.000000e+00
5.434328e-10 0.000000e+00 0.000000e+00
2.769178e-09 0.000000e+00 0.000000e+00
