FX FY FZ 
7.985312e-11 0.000000e+00 0.000000e+00
-3.732182e-10 0.000000e+00 0.000000e+00
6.180754e-10 0.000000e+00 0.000000e+00
5.997276e-10 0.000000e+00 0.000000e+00
5.665856e-10 0.000000e+00 0.000000e+00
4.629903e-10 0.000000e+00 0.000000e+00
4.884181e-10 0.000000e+00 0.000000e+00
-8.187610e-10 0.000000e+00 0.000000e+00
-7.773159e-10 0.000000e+00 0.000000e+00
-4.576185e-10 0.000000e+00 0.000000e+00
-5.702337e-10 0.000000e+00 0.000000e+00
-4.017592e-10 0.000000e+00 0.000000e+00
-4.257476e-10 0.000000e+00 0.000000e+00
1.396859e-10 0.000000e+00 0.000000e+00
2.293364e-10 0.000000e+00 0.000000e+00
-6.902302e-12 0.000000e+00 0.000000e+00
1.684859e-10 0.000000e+00 0.000000e+00
-3.192068e-10 0.000000e+00 0.000000e+00
1.684522e-10 0.000000e+00 0.000000e+00
-1.749154e-10 0.000000e+00 0.000000e+00
-1.828068e-10 0.000000e+00 0.000000e+00
-6.340754e-11 0.000000e+00 0.000000e+00
2.041337e-11 0.000000e+00 0.000000e+00
1.509710e-10 0.000000e+00 0.000000e+00
1.446749e-10 0.000000e+00 0.000000e+00
4.960366e-10 0.000000e+00 0.000000e+00
5.152820e-10 0.000000e+00 0.000000e+00
5.164528e-10 0.000000e+00 0.000000e+00
2.930728e-10 0.000000e+00 0.000000e+00
2.555288e-10 0.000000e+00 0.000000e+00
3.670084e-10 0.000000e+00 0.000000e+00
3.834105e-10 0.000000e+00 0.000000e+00
3.853460e-10 0.000000e+00 0.000000e+00
4.220638e-10 0.000000e+00 0.000000e+00
4.582276e-10 0.000000e+00 0.000000e+00
5.361139e-10 0.000000e+00 0.000000e+00
4.760351e-10 0.000000e+00 0.000000e+00
2.759062e-10 0.000000e+00 0.000000e+00
-8.200385e-10 0.000000e+00 0.000000e+00
-7.381217e-10 0.000000e+00 0.000000e+00
-8.967521e-10 0.000000e+00 0.000000e+00
-2.945936e-10 0.000000e+00 0.000000e+00
-2.910499e-10 0.000000e+00 0.000000e+00
-3.006160e-10 0.000000e+00 0.000000e+00
-2.889604e-10 0.000000e+00 0.000000e+00
-2.955567e-10 0.000000e+00 0.000000e+00
-4.205901e-10 0.000000e+00 0.000000e+00
-2.257924e-10 0.000000e+00 0.000000e+00
-2.744603e-10 0.000000e+00 0.000000e+00
-1.656757e-11 0.000000e+00 0.000000e+00
-1.568478e-10 0.000000e+00 0.000000e+00
-1.224675e-09 0.000000e+00 0.000000e+00
-1.903185e-09 0.000000e+00 0.000000e+00
-1.589355e-09 0.000000e+00 0.000000e+00
-1.301826e-09 0.000000e+00 0.000000e+00
-8.570377e-10 0.000000e+00 0.000000e+00
-8.393257e-10 0.000000e+00 0.000000e+00
-9.120549e-10 0.000000e+00 0.000000e+00
-9.897810e-10 0.000000e+00 0.000000e+00
-1.363975e-09 0.000000e+00 0.000000e+00
-1.538755e-09 0.000000e+00 0.000000e+00
-8.721544e-10 0.000000e+00 0.000000e+00
-9.431738e-10 0.000000e+00 0.000000e+00
-1.096391e-09 0.000000e+00 0.000000e+00
-1.053532e-09 0.000000e+00 0.000000e+00
-8.178080e-10 0.000000e+00 0.000000e+00
-5.830463e-10 0.000000e+00 0.000000e+00
-5.660537e-10 0.000000e+00 0.000000e+00
-5.420257e-10 0.000000e+00 0.000000e+00
-6.199655e-10 0.000000e+00 0.000000e+00
-5.905165e-10 0.000000e+00 0.000000e+00
-1.185463e-09 0.000000e+00 0.000000e+00
-2.260362e-10 0.000000e+00 0.000000e+00
4.140187e-10 0.000000e+00 0.000000e+00
3.595993e-10 0.000000e+00 0.000000e+00
3.678826e-10 0.000000e+00 0.000000e+00
3.590823e-10 0.000000e+00 0.000000e+00
2.704652e-10 0.000000e+00 0.000000e+00
6.323580e-10 0.000000e+00 0.000000e+00
6.327736e-10 0.000000e+00 0.000000e+00
6.273186e-10 0.000000e+00 0.000000e+00
6.217826e-10 0.000000e+00 0.000000e+00
1.501216e-10 0.000000e+00 0.000000e+00
2.428305e-10 0.000000e+00 0.000000e+00
2.581152e-10 0.000000e+00 0.000000e+00
2.907202e-10 0.000000e+00 0.000000e+00
2.217171e-10 0.000000e+00 0.000000e+00
1.040309e-10 0.000000e+00 0.000000e+00
2.389128e-10 0.000000e+00 0.000000e+00
2.699787e-11 0.000000e+00 0.000000e+00
9.717541e-11 0.000000e+00 0.000000e+00
6.286218e-10 0.000000e+00 0.000000e+00
6.051562e-10 0.000000e+00 0.000000e+00
5.822853e-10 0.000000e+00 0.000000e+00
6.203145e-10 0.000000e+00 0.000000e+00
5.984433e-10 0.000000e+00 0.000000e+00
6.032655e-10 0.000000e+00 0.000000e+00
5.803420e-10 0.000000e+00 0.000000e+00
5.948248e-10 0.000000e+00 0.000000e+00
6.010230e-10 0.000000e+00 0.000000e+00
5.545806e-10 0.000000e+00 0.000000e+00
-8.679955e-11 0.000000e+00 0.000000e+00
-2.239302e-10 0.000000e+00 0.000000e+00
-3.159558e-10 0.000000e+00 0.000000e+00
-2.609312e-10 0.000000e+00 0.000000e+00
2.756622e-10 0.000000e+00 0.000000e+00
7.896003e-11 0.000000e+00 0.000000e+00
-1.427788e-10 0.000000e+00 0.000000e+00
3.893777e-11 0.000000e+00 0.000000e+00
5.091946e-11 0.000000e+00 0.000000e+00
4.620493e-10 0.000000e+00 0.000000e+00
4.525942e-10 0.000000e+00 0.000000e+00
4.276051e-10 0.000000e+00 0.000000e+00
4.658384e-10 0.000000e+00 0.000000e+00
-8.647987e-11 0.000000e+00 0.000000e+00
-9.430417e-11 0.000000e+00 0.000000e+00
-1.874441e-10 0.000000e+00 0.000000e+00
-1.756956e-10 0.000000e+00 0.000000e+00
-1.853403e-10 0.000000e+00 0.000000e+00
6.748494e-11 0.000000e+00 0.000000e+00
4.168134e-10 0.000000e+00 0.000000e+00
-2.081187e-10 0.000000e+00 0.000000e+00
-2.167465e-10 0.000000e+00 0.000000e+00
-3.744762e-10 0.000000e+00 0.000000e+00
-2.790548e-10 0.000000e+00 0.000000e+00
-6.327604e-10 0.000000e+00 0.000000e+00
-6.012165e-10 0.000000e+00 0.000000e+00
-5.761441e-10 0.000000e+00 0.000000e+00
-4.878981e-10 0.000000e+00 0.000000e+00
-5.698616e-10 0.000000e+00 0.000000e+00
-5.829915e-10 0.000000e+00 0.000000e+00
-5.119462e-10 0.000000e+00 0.000000e+00
-5.199756e-10 0.000000e+00 0.000000e+00
-5.217339e-10 0.000000e+00 0.000000e+00
-6.011018e-10 0.000000e+00 0.000000e+00
-5.597787e-10 0.000000e+00 0.000000e+00
-6.324681e-10 0.000000e+00 0.000000e+00
-6.318435e-10 0.000000e+00 0.000000e+00
-6.325335e-10 0.000000e+00 0.000000e+00
-4.855967e-10 0.000000e+00 0.000000e+00
-4.965204e-10 0.000000e+00 0.000000e+00
-3.025269e-10 0.000000e+00 0.000000e+00
-3.690356e-10 0.000000e+00 0.000000e+00
-3.748469e-10 0.000000e+00 0.000000e+00
-6.205455e-10 0.000000e+00 0.000000e+00
-3.851251e-10 0.000000e+00 0.000000e+00
-5.109236e-10 0.000000e+00 0.000000e+00
-3.357990e-10 0.000000e+00 0.000000e+00
-4.517424e-10 0.000000e+00 0.000000e+00
-5.666601e-10 0.000000e+00 0.000000e+00
-6.301597e-10 0.000000e+00 0.000000e+00
-5.675865e-10 0.000000e+00 0.000000e+00
-5.675630e-10 0.000000e+00 0.000000e+00
-6.217086e-10 0.000000e+00 0.000000e+00
-6.259799e-10 0.000000e+00 0.000000e+00
-6.128259e-10 0.000000e+00 0.000000e+00
-4.205919e-10 0.000000e+00 0.000000e+00
-3.876257e-10 0.000000e+00 0.000000e+00
-4.341564e-10 0.000000e+00 0.000000e+00
-3.577863e-10 0.000000e+00 0.000000e+00
-5.148647e-10 0.000000e+00 0.000000e+00
-2.411338e-10 0.000000e+00 0.000000e+00
-1.616890e-10 0.000000e+00 0.000000e+00
-2.320142e-10 0.000000e+00 0.000000e+00
-1.747295e-10 0.000000e+00 0.000000e+00
-1.625544e-10 0.000000e+00 0.000000e+00
-2.910789e-10 0.000000e+00 0.000000e+00
9.712933e-10 0.000000e+00 0.000000e+00
2.907494e-10 0.000000e+00 0.000000e+00
-4.113281e-11 0.000000e+00 0.000000e+00
1.610618e-09 0.000000e+00 0.000000e+00
-2.638309e-11 0.000000e+00 0.000000e+00
1.027281e-09 0.000000e+00 0.000000e+00
4.731452e-10 0.000000e+00 0.000000e+00
2.462152e-10 0.000000e+00 0.000000e+00
9.478275e-10 0.000000e+00 0.000000e+00
1.003187e-09 0.000000e+00 0.000000e+00
1.029810e-09 0.000000e+00 0.000000e+00
4.691573e-10 0.000000e+00 0.000000e+00
1.000753e-09 0.000000e+00 0.000000e+00
1.366310e-09 0.000000e+00 0.000000e+00
8.631229e-10 0.000000e+00 0.000000e+00
1.394837e-09 0.000000e+00 0.000000e+00
1.264912e-09 0.000000e+00 0.000000e+00
1.417136e-09 0.000000e+00 0.000000e+00
1.409614e-09 0.000000e+00 0.000000e+00
4.023701e-11 0.000000e+00 0.000000e+00
6.608269e-11 0.000000e+00 0.000000e+00
2.715784e-10 0.000000e+00 0.000000e+00
2.533414e-10 0.000000e+00 0.000000e+00
9.069503e-10 0.000000e+00 0.000000e+00
7.962205e-10 0.000000e+00 0.000000e+00
8.198517e-10 0.000000e+00 0.000000e+00
3.128553e-10 0.000000e+00 0.000000e+00
3.035618e-10 0.000000e+00 0.000000e+00
2.887173e-10 0.000000e+00 0.000000e+00
2.867412e-10 0.000000e+00 0.000000e+00
1.867160e-09 0.000000e+00 0.000000e+00
1.802851e-09 0.000000e+00 0.000000e+00
2.081264e-09 0.000000e+00 0.000000e+00
2.130524e-09 0.000000e+00 0.000000e+00
2.136447e-09 0.000000e+00 0.000000e+00
1.907798e-09 0.000000e+00 0.000000e+00
-3.068027e-10 0.000000e+00 0.000000e+00
8.957595e-11 0.000000e+00 0.000000e+00
8.698980e-11 0.000000e+00 0.000000e+00
-2.954945e-12 0.000000e+00 0.000000e+00
5.046547e-11 0.000000e+00 0.000000e+00
2.322305e-11 0.000000e+00 0.000000e+00
-1.247306e-10 0.000000e+00 0.000000e+00
-1.234636e-10 0.000000e+00 0.000000e+00
-1.476752e-10 0.000000e+00 0.000000e+00
7.932343e-11 0.000000e+00 0.000000e+00
8.478399e-11 0.000000e+00 0.000000e+00
-3.884014e-10 0.000000e+00 0.000000e+00
-4.028248e-10 0.000000e+00 0.000000e+00
-3.579616e-10 0.000000e+00 0.000000e+00
-4.317568e-10 0.000000e+00 0.000000e+00
8.204630e-11 0.000000e+00 0.000000e+00
9.801547e-11 0.000000e+00 0.000000e+00
-4.306679e-10 0.000000e+00 0.000000e+00
-4.302017e-10 0.000000e+00 0.000000e+00
-6.131098e-10 0.000000e+00 0.000000e+00
-5.944114e-10 0.000000e+00 0.000000e+00
-5.987835e-10 0.000000e+00 0.000000e+00
-6.148386e-10 0.000000e+00 0.000000e+00
-6.145484e-10 0.000000e+00 0.000000e+00
-2.514018e-10 0.000000e+00 0.000000e+00
-3.829163e-10 0.000000e+00 0.000000e+00
-4.431891e-10 0.000000e+00 0.000000e+00
-2.790595e-10 0.000000e+00 0.000000e+00
-2.966480e-10 0.000000e+00 0.000000e+00
6.633906e-11 0.000000e+00 0.000000e+00
2.848259e-10 0.000000e+00 0.000000e+00
2.508692e-10 0.000000e+00 0.000000e+00
2.228223e-10 0.000000e+00 0.000000e+00
-3.957243e-11 0.000000e+00 0.000000e+00
-3.617474e-10 0.000000e+00 0.000000e+00
-3.219373e-10 0.000000e+00 0.000000e+00
-2.880232e-10 0.000000e+00 0.000000e+00
-3.265018e-10 0.000000e+00 0.000000e+00
-3.737245e-10 0.000000e+00 0.000000e+00
-4.325707e-10 0.000000e+00 0.000000e+00
-4.258178e-10 0.000000e+00 0.000000e+00
-4.287602e-10 0.000000e+00 0.000000e+00
-4.254964e-10 0.000000e+00 0.000000e+00
-3.879239e-10 0.000000e+00 0.000000e+00
-3.353666e-10 0.000000e+00 0.000000e+00
-4.224765e-10 0.000000e+00 0.000000e+00
-3.300393e-10 0.000000e+00 0.000000e+00
-3.502209e-10 0.000000e+00 0.000000e+00
-4.326333e-10 0.000000e+00 0.000000e+00
-4.331821e-10 0.000000e+00 0.000000e+00
-4.322412e-10 0.000000e+00 0.000000e+00
-6.327732e-10 0.000000e+00 0.000000e+00
-6.300825e-10 0.000000e+00 0.000000e+00
-6.288192e-10 0.000000e+00 0.000000e+00
-6.324332e-10 0.000000e+00 0.000000e+00
-6.262416e-10 0.000000e+00 0.000000e+00
-6.124096e-10 0.000000e+00 0.000000e+00
-6.000874e-10 0.000000e+00 0.000000e+00
-6.207666e-10 0.000000e+00 0.000000e+00
-5.676233e-10 0.000000e+00 0.000000e+00
-5.938081e-10 0.000000e+00 0.000000e+00
-5.896464e-10 0.000000e+00 0.000000e+00
-4.851905e-10 0.000000e+00 0.000000e+00
-5.073849e-10 0.000000e+00 0.000000e+00
-6.276484e-10 0.000000e+00 0.000000e+00
-6.260860e-10 0.000000e+00 0.000000e+00
-6.313610e-10 0.000000e+00 0.000000e+00
-6.310967e-10 0.000000e+00 0.000000e+00
-6.327434e-10 0.000000e+00 0.000000e+00
-5.694832e-10 0.000000e+00 0.000000e+00
-5.003999e-10 0.000000e+00 0.000000e+00
-4.996764e-10 0.000000e+00 0.000000e+00
-5.070286e-10 0.000000e+00 0.000000e+00
-5.836809e-10 0.000000e+00 0.000000e+00
-6.191347e-10 0.000000e+00 0.000000e+00
-6.286085e-10 0.000000e+00 0.000000e+00
-6.284885e-10 0.000000e+00 0.000000e+00
-6.130206e-10 0.000000e+00 0.000000e+00
-5.992043e-10 0.000000e+00 0.000000e+00
-5.993819e-10 0.000000e+00 0.000000e+00
-4.123106e-10 0.000000e+00 0.000000e+00
-5.273585e-10 0.000000e+00 0.000000e+00
-2.270840e-10 0.000000e+00 0.000000e+00
-1.072735e-10 0.000000e+00 0.000000e+00
-1.651695e-10 0.000000e+00 0.000000e+00
-5.231260e-10 0.000000e+00 0.000000e+00
-3.022997e-10 0.000000e+00 0.000000e+00
-2.953958e-10 0.000000e+00 0.000000e+00
-2.699027e-10 0.000000e+00 0.000000e+00
-5.814229e-10 0.000000e+00 0.000000e+00
-5.297376e-10 0.000000e+00 0.000000e+00
4.807212e-10 0.000000e+00 0.000000e+00
1.929165e-09 0.000000e+00 0.000000e+00
2.063369e-09 0.000000e+00 0.000000e+00
1.359437e-09 0.000000e+00 0.000000e+00
1.323897e-09 0.000000e+00 0.000000e+00
1.354343e-09 0.000000e+00 0.000000e+00
2.089518e-09 0.000000e+00 0.000000e+00
2.030075e-09 0.000000e+00 0.000000e+00
1.829320e-09 0.000000e+00 0.000000e+00
2.658949e-09 0.000000e+00 0.000000e+00
2.979458e-09 0.000000e+00 0.000000e+00
2.463749e-09 0.000000e+00 0.000000e+00
2.556548e-09 0.000000e+00 0.000000e+00
2.599610e-09 0.000000e+00 0.000000e+00
2.940465e-09 0.000000e+00 0.000000e+00
1.542434e-09 0.000000e+00 0.000000e+00
1.482546e-09 0.000000e+00 0.000000e+00
4.673840e-10 0.000000e+00 0.000000e+00
4.788722e-10 0.000000e+00 0.000000e+00
5.619231e-10 0.000000e+00 0.000000e+00
5.535681e-10 0.000000e+00 0.000000e+00
5.699555e-10 0.000000e+00 0.000000e+00
2.175076e-10 0.000000e+00 0.000000e+00
1.706537e-10 0.000000e+00 0.000000e+00
3.713627e-10 0.000000e+00 0.000000e+00
3.141359e-10 0.000000e+00 0.000000e+00
8.539508e-10 0.000000e+00 0.000000e+00
9.340595e-10 0.000000e+00 0.000000e+00
8.913600e-10 0.000000e+00 0.000000e+00
7.285385e-10 0.000000e+00 0.000000e+00
1.051998e-09 0.000000e+00 0.000000e+00
1.416911e-09 0.000000e+00 0.000000e+00
1.447823e-09 0.000000e+00 0.000000e+00
8.934152e-10 0.000000e+00 0.000000e+00
-4.534638e-10 0.000000e+00 0.000000e+00
-1.635641e-11 0.000000e+00 0.000000e+00
-1.128967e-11 0.000000e+00 0.000000e+00
-4.568384e-10 0.000000e+00 0.000000e+00
-6.050946e-10 0.000000e+00 0.000000e+00
-6.051830e-10 0.000000e+00 0.000000e+00
-5.503704e-10 0.000000e+00 0.000000e+00
-5.564905e-10 0.000000e+00 0.000000e+00
-5.938622e-10 0.000000e+00 0.000000e+00
-1.797789e-10 0.000000e+00 0.000000e+00
-1.478164e-10 0.000000e+00 0.000000e+00
-7.999143e-11 0.000000e+00 0.000000e+00
-4.466195e-11 0.000000e+00 0.000000e+00
1.017350e-10 0.000000e+00 0.000000e+00
2.723869e-10 0.000000e+00 0.000000e+00
2.855066e-10 0.000000e+00 0.000000e+00
1.987812e-10 0.000000e+00 0.000000e+00
2.007891e-10 0.000000e+00 0.000000e+00
1.852130e-10 0.000000e+00 0.000000e+00
1.109059e-10 0.000000e+00 0.000000e+00
-1.465051e-10 0.000000e+00 0.000000e+00
-1.337025e-10 0.000000e+00 0.000000e+00
-2.092495e-10 0.000000e+00 0.000000e+00
-3.901160e-11 0.000000e+00 0.000000e+00
-1.389265e-10 0.000000e+00 0.000000e+00
-5.320297e-11 0.000000e+00 0.000000e+00
-7.577477e-11 0.000000e+00 0.000000e+00
6.900296e-11 0.000000e+00 0.000000e+00
6.606298e-11 0.000000e+00 0.000000e+00
1.010653e-10 0.000000e+00 0.000000e+00
-2.692193e-10 0.000000e+00 0.000000e+00
-2.233261e-10 0.000000e+00 0.000000e+00
-2.282355e-10 0.000000e+00 0.000000e+00
-1.890246e-10 0.000000e+00 0.000000e+00
-7.816162e-11 0.000000e+00 0.000000e+00
-4.844910e-11 0.000000e+00 0.000000e+00
-2.010802e-10 0.000000e+00 0.000000e+00
-1.357799e-10 0.000000e+00 0.000000e+00
-3.732854e-11 0.000000e+00 0.000000e+00
-1.433705e-11 0.000000e+00 0.000000e+00
-5.042981e-11 0.000000e+00 0.000000e+00
-1.398694e-10 0.000000e+00 0.000000e+00
-4.019522e-10 0.000000e+00 0.000000e+00
-2.584809e-10 0.000000e+00 0.000000e+00
-2.911811e-10 0.000000e+00 0.000000e+00
-2.946196e-10 0.000000e+00 0.000000e+00
3.755670e-10 0.000000e+00 0.000000e+00
2.202918e-10 0.000000e+00 0.000000e+00
1.777174e-11 0.000000e+00 0.000000e+00
1.964804e-09 0.000000e+00 0.000000e+00
8.651186e-10 0.000000e+00 0.000000e+00
9.061464e-10 0.000000e+00 0.000000e+00
1.671311e-10 0.000000e+00 0.000000e+00
2.221655e-10 0.000000e+00 0.000000e+00
1.877246e-10 0.000000e+00 0.000000e+00
1.586440e-10 0.000000e+00 0.000000e+00
-3.057276e-10 0.000000e+00 0.000000e+00
-3.919510e-10 0.000000e+00 0.000000e+00
-4.815662e-10 0.000000e+00 0.000000e+00
-4.861395e-10 0.000000e+00 0.000000e+00
-2.644188e-10 0.000000e+00 0.000000e+00
-1.513746e-10 0.000000e+00 0.000000e+00
-9.664619e-11 0.000000e+00 0.000000e+00
-5.695685e-10 0.000000e+00 0.000000e+00
-6.317514e-10 0.000000e+00 0.000000e+00
-8.013792e-11 0.000000e+00 0.000000e+00
-1.747326e-10 0.000000e+00 0.000000e+00
-4.116633e-10 0.000000e+00 0.000000e+00
-4.326104e-10 0.000000e+00 0.000000e+00
-4.246259e-10 0.000000e+00 0.000000e+00
-4.442604e-10 0.000000e+00 0.000000e+00
-3.194455e-10 0.000000e+00 0.000000e+00
-3.038028e-10 0.000000e+00 0.000000e+00
-2.288305e-10 0.000000e+00 0.000000e+00
-6.302149e-10 0.000000e+00 0.000000e+00
-6.225554e-10 0.000000e+00 0.000000e+00
-6.310324e-10 0.000000e+00 0.000000e+00
4.645601e-11 0.000000e+00 0.000000e+00
1.671242e-11 0.000000e+00 0.000000e+00
-1.809162e-11 0.000000e+00 0.000000e+00
-4.992506e-11 0.000000e+00 0.000000e+00
-5.303103e-11 0.000000e+00 0.000000e+00
-7.582582e-11 0.000000e+00 0.000000e+00
-7.587673e-11 0.000000e+00 0.000000e+00
-4.465407e-11 0.000000e+00 0.000000e+00
-5.506076e-11 0.000000e+00 0.000000e+00
-6.246860e-10 0.000000e+00 0.000000e+00
-6.286757e-10 0.000000e+00 0.000000e+00
-6.219489e-10 0.000000e+00 0.000000e+00
-6.228370e-10 0.000000e+00 0.000000e+00
-6.303261e-10 0.000000e+00 0.000000e+00
-6.056840e-10 0.000000e+00 0.000000e+00
-6.153302e-10 0.000000e+00 0.000000e+00
-6.306208e-10 0.000000e+00 0.000000e+00
-6.317229e-10 0.000000e+00 0.000000e+00
-4.478558e-10 0.000000e+00 0.000000e+00
-4.300873e-10 0.000000e+00 0.000000e+00
-4.333349e-10 0.000000e+00 0.000000e+00
-3.834415e-10 0.000000e+00 0.000000e+00
-3.851501e-10 0.000000e+00 0.000000e+00
-4.705848e-10 0.000000e+00 0.000000e+00
-4.310364e-10 0.000000e+00 0.000000e+00
-5.491552e-10 0.000000e+00 0.000000e+00
-4.430932e-10 0.000000e+00 0.000000e+00
-4.450540e-10 0.000000e+00 0.000000e+00
-5.955617e-10 0.000000e+00 0.000000e+00
-5.799310e-10 0.000000e+00 0.000000e+00
-5.955371e-10 0.000000e+00 0.000000e+00
-6.020896e-10 0.000000e+00 0.000000e+00
-6.048956e-10 0.000000e+00 0.000000e+00
-4.839895e-10 0.000000e+00 0.000000e+00
-5.238522e-10 0.000000e+00 0.000000e+00
-5.249290e-10 0.000000e+00 0.000000e+00
-5.211836e-10 0.000000e+00 0.000000e+00
-4.822050e-10 0.000000e+00 0.000000e+00
-5.041808e-10 0.000000e+00 0.000000e+00
-4.841011e-10 0.000000e+00 0.000000e+00
-4.408903e-10 0.000000e+00 0.000000e+00
-5.683066e-10 0.000000e+00 0.000000e+00
-6.260484e-10 0.000000e+00 0.000000e+00
-6.205789e-10 0.000000e+00 0.000000e+00
-6.249598e-10 0.000000e+00 0.000000e+00
-6.201208e-10 0.000000e+00 0.000000e+00
-6.067669e-10 0.000000e+00 0.000000e+00
-6.309348e-10 0.000000e+00 0.000000e+00
-6.314957e-10 0.000000e+00 0.000000e+00
-4.016473e-10 0.000000e+00 0.000000e+00
-2.788129e-10 0.000000e+00 0.000000e+00
-3.949567e-10 0.000000e+00 0.000000e+00
-1.997730e-10 0.000000e+00 0.000000e+00
-3.511655e-10 0.000000e+00 0.000000e+00
-3.410050e-10 0.000000e+00 0.000000e+00
-5.750792e-11 0.000000e+00 0.000000e+00
6.759361e-11 0.000000e+00 0.000000e+00
-4.592550e-11 0.000000e+00 0.000000e+00
-3.974950e-10 0.000000e+00 0.000000e+00
-5.460437e-10 0.000000e+00 0.000000e+00
-4.806904e-10 0.000000e+00 0.000000e+00
-5.335987e-10 0.000000e+00 0.000000e+00
-4.950980e-10 0.000000e+00 0.000000e+00
-5.260781e-10 0.000000e+00 0.000000e+00
-5.651602e-10 0.000000e+00 0.000000e+00
-5.688436e-10 0.000000e+00 0.000000e+00
-5.688703e-10 0.000000e+00 0.000000e+00
-6.072012e-10 0.000000e+00 0.000000e+00
-6.220108e-10 0.000000e+00 0.000000e+00
-6.227439e-10 0.000000e+00 0.000000e+00
-6.220814e-10 0.000000e+00 0.000000e+00
-6.326733e-10 0.000000e+00 0.000000e+00
-6.311126e-10 0.000000e+00 0.000000e+00
-6.327410e-10 0.000000e+00 0.000000e+00
-6.327721e-10 0.000000e+00 0.000000e+00
-6.143234e-10 0.000000e+00 0.000000e+00
-5.347392e-10 0.000000e+00 0.000000e+00
-5.620335e-10 0.000000e+00 0.000000e+00
-6.327183e-10 0.000000e+00 0.000000e+00
-6.317414e-10 0.000000e+00 0.000000e+00
-5.954354e-10 0.000000e+00 0.000000e+00
-5.301663e-10 0.000000e+00 0.000000e+00
-5.064061e-10 0.000000e+00 0.000000e+00
-5.120907e-10 0.000000e+00 0.000000e+00
-2.049531e-10 0.000000e+00 0.000000e+00
-1.773631e-10 0.000000e+00 0.000000e+00
-2.014328e-10 0.000000e+00 0.000000e+00
-3.036557e-10 0.000000e+00 0.000000e+00
-3.130417e-10 0.000000e+00 0.000000e+00
-3.504717e-10 0.000000e+00 0.000000e+00
-3.674710e-10 0.000000e+00 0.000000e+00
-3.957111e-10 0.000000e+00 0.000000e+00
-4.484298e-10 0.000000e+00 0.000000e+00
-4.658369e-10 0.000000e+00 0.000000e+00
-2.358327e-10 0.000000e+00 0.000000e+00
-1.673012e-10 0.000000e+00 0.000000e+00
-3.037887e-10 0.000000e+00 0.000000e+00
-2.331406e-10 0.000000e+00 0.000000e+00
-2.827558e-10 0.000000e+00 0.000000e+00
6.846385e-11 0.000000e+00 0.000000e+00
6.882067e-11 0.000000e+00 0.000000e+00
6.302672e-10 0.000000e+00 0.000000e+00
6.153305e-10 0.000000e+00 0.000000e+00
6.174068e-10 0.000000e+00 0.000000e+00
6.302556e-10 0.000000e+00 0.000000e+00
6.306304e-10 0.000000e+00 0.000000e+00
6.300229e-10 0.000000e+00 0.000000e+00
5.398269e-10 0.000000e+00 0.000000e+00
5.324492e-10 0.000000e+00 0.000000e+00
5.311430e-10 0.000000e+00 0.000000e+00
5.414249e-10 0.000000e+00 0.000000e+00
4.901023e-10 0.000000e+00 0.000000e+00
4.590954e-10 0.000000e+00 0.000000e+00
5.840650e-10 0.000000e+00 0.000000e+00
6.045393e-10 0.000000e+00 0.000000e+00
6.235069e-10 0.000000e+00 0.000000e+00
5.871169e-10 0.000000e+00 0.000000e+00
5.926060e-10 0.000000e+00 0.000000e+00
5.900916e-10 0.000000e+00 0.000000e+00
6.211934e-10 0.000000e+00 0.000000e+00
5.577762e-10 0.000000e+00 0.000000e+00
3.851558e-10 0.000000e+00 0.000000e+00
-1.760055e-09 0.000000e+00 0.000000e+00
-1.657675e-09 0.000000e+00 0.000000e+00
-1.673760e-09 0.000000e+00 0.000000e+00
-1.673707e-09 0.000000e+00 0.000000e+00
-1.886235e-09 0.000000e+00 0.000000e+00
-2.190920e-09 0.000000e+00 0.000000e+00
-6.962804e-10 0.000000e+00 0.000000e+00
-6.686061e-10 0.000000e+00 0.000000e+00
-6.420387e-10 0.000000e+00 0.000000e+00
-6.469047e-10 0.000000e+00 0.000000e+00
-6.545562e-10 0.000000e+00 0.000000e+00
-6.494198e-10 0.000000e+00 0.000000e+00
-7.102280e-10 0.000000e+00 0.000000e+00
-4.810083e-10 0.000000e+00 0.000000e+00
-7.737549e-10 0.000000e+00 0.000000e+00
-7.162913e-10 0.000000e+00 0.000000e+00
-8.644772e-11 0.000000e+00 0.000000e+00
-2.988689e-10 0.000000e+00 0.000000e+00
-7.897885e-10 0.000000e+00 0.000000e+00
-1.741785e-10 0.000000e+00 0.000000e+00
-8.879324e-11 0.000000e+00 0.000000e+00
5.829086e-10 0.000000e+00 0.000000e+00
6.299682e-10 0.000000e+00 0.000000e+00
6.298983e-10 0.000000e+00 0.000000e+00
6.285969e-10 0.000000e+00 0.000000e+00
6.281584e-10 0.000000e+00 0.000000e+00
6.310267e-10 0.000000e+00 0.000000e+00
2.480340e-10 0.000000e+00 0.000000e+00
3.783774e-10 0.000000e+00 0.000000e+00
5.381415e-10 0.000000e+00 0.000000e+00
5.402684e-10 0.000000e+00 0.000000e+00
4.316773e-10 0.000000e+00 0.000000e+00
5.316725e-10 0.000000e+00 0.000000e+00
6.198811e-10 0.000000e+00 0.000000e+00
4.485507e-10 0.000000e+00 0.000000e+00
5.992037e-10 0.000000e+00 0.000000e+00
6.236654e-10 0.000000e+00 0.000000e+00
6.239761e-10 0.000000e+00 0.000000e+00
5.909699e-10 0.000000e+00 0.000000e+00
6.251892e-10 0.000000e+00 0.000000e+00
6.229427e-10 0.000000e+00 0.000000e+00
6.249308e-10 0.000000e+00 0.000000e+00
6.240988e-10 0.000000e+00 0.000000e+00
5.402275e-10 0.000000e+00 0.000000e+00
5.256862e-10 0.000000e+00 0.000000e+00
4.964760e-10 0.000000e+00 0.000000e+00
4.944699e-10 0.000000e+00 0.000000e+00
4.520921e-10 0.000000e+00 0.000000e+00
4.313781e-10 0.000000e+00 0.000000e+00
4.762651e-10 0.000000e+00 0.000000e+00
4.763141e-10 0.000000e+00 0.000000e+00
2.996334e-10 0.000000e+00 0.000000e+00
1.535960e-10 0.000000e+00 0.000000e+00
1.598884e-10 0.000000e+00 0.000000e+00
3.785401e-10 0.000000e+00 0.000000e+00
3.073262e-10 0.000000e+00 0.000000e+00
2.923237e-10 0.000000e+00 0.000000e+00
2.977241e-10 0.000000e+00 0.000000e+00
3.159680e-10 0.000000e+00 0.000000e+00
1.403924e-10 0.000000e+00 0.000000e+00
1.409815e-10 0.000000e+00 0.000000e+00
2.897980e-10 0.000000e+00 0.000000e+00
3.424073e-10 0.000000e+00 0.000000e+00
4.278611e-10 0.000000e+00 0.000000e+00
2.713178e-10 0.000000e+00 0.000000e+00
1.876903e-10 0.000000e+00 0.000000e+00
2.962698e-10 0.000000e+00 0.000000e+00
3.934665e-10 0.000000e+00 0.000000e+00
2.857096e-10 0.000000e+00 0.000000e+00
3.939691e-10 0.000000e+00 0.000000e+00
4.966723e-10 0.000000e+00 0.000000e+00
5.057509e-10 0.000000e+00 0.000000e+00
5.263163e-10 0.000000e+00 0.000000e+00
6.296129e-10 0.000000e+00 0.000000e+00
4.952041e-10 0.000000e+00 0.000000e+00
4.914146e-10 0.000000e+00 0.000000e+00
4.678430e-10 0.000000e+00 0.000000e+00
4.647313e-10 0.000000e+00 0.000000e+00
6.190876e-10 0.000000e+00 0.000000e+00
6.152613e-10 0.000000e+00 0.000000e+00
5.844041e-10 0.000000e+00 0.000000e+00
5.989187e-10 0.000000e+00 0.000000e+00
5.810314e-10 0.000000e+00 0.000000e+00
6.014473e-10 0.000000e+00 0.000000e+00
6.021825e-10 0.000000e+00 0.000000e+00
6.026346e-10 0.000000e+00 0.000000e+00
5.978318e-10 0.000000e+00 0.000000e+00
5.993258e-10 0.000000e+00 0.000000e+00
6.002779e-10 0.000000e+00 0.000000e+00
5.431175e-10 0.000000e+00 0.000000e+00
4.870130e-10 0.000000e+00 0.000000e+00
4.235762e-10 0.000000e+00 0.000000e+00
2.013870e-10 0.000000e+00 0.000000e+00
1.807807e-10 0.000000e+00 0.000000e+00
2.027122e-10 0.000000e+00 0.000000e+00
1.898059e-10 0.000000e+00 0.000000e+00
1.780150e-10 0.000000e+00 0.000000e+00
1.989316e-10 0.000000e+00 0.000000e+00
3.889087e-10 0.000000e+00 0.000000e+00
3.088175e-10 0.000000e+00 0.000000e+00
5.149435e-10 0.000000e+00 0.000000e+00
6.297031e-10 0.000000e+00 0.000000e+00
6.307039e-10 0.000000e+00 0.000000e+00
6.291827e-10 0.000000e+00 0.000000e+00
6.146509e-10 0.000000e+00 0.000000e+00
6.300907e-10 0.000000e+00 0.000000e+00
6.185033e-10 0.000000e+00 0.000000e+00
6.210976e-10 0.000000e+00 0.000000e+00
-4.334029e-09 0.000000e+00 0.000000e+00
6.304652e-10 0.000000e+00 0.000000e+00
6.301157e-10 0.000000e+00 0.000000e+00
6.300133e-10 0.000000e+00 0.000000e+00
6.297840e-10 0.000000e+00 0.000000e+00
6.315041e-10 0.000000e+00 0.000000e+00
2.254799e-11 0.000000e+00 0.000000e+00
1.655636e-10 0.000000e+00 0.000000e+00
1.042716e-10 0.000000e+00 0.000000e+00
2.445183e-10 0.000000e+00 0.000000e+00
2.794318e-10 0.000000e+00 0.000000e+00
4.584689e-10 0.000000e+00 0.000000e+00
3.355119e-10 0.000000e+00 0.000000e+00
-6.524454e-10 0.000000e+00 0.000000e+00
-4.533742e-10 0.000000e+00 0.000000e+00
6.201937e-10 0.000000e+00 0.000000e+00
6.215543e-10 0.000000e+00 0.000000e+00
6.132820e-10 0.000000e+00 0.000000e+00
5.634204e-10 0.000000e+00 0.000000e+00
6.105145e-10 0.000000e+00 0.000000e+00
5.529983e-10 0.000000e+00 0.000000e+00
5.708210e-10 0.000000e+00 0.000000e+00
5.535856e-10 0.000000e+00 0.000000e+00
4.963971e-10 0.000000e+00 0.000000e+00
4.991919e-10 0.000000e+00 0.000000e+00
5.003724e-10 0.000000e+00 0.000000e+00
4.973387e-10 0.000000e+00 0.000000e+00
5.319303e-10 0.000000e+00 0.000000e+00
4.783287e-10 0.000000e+00 0.000000e+00
5.427618e-10 0.000000e+00 0.000000e+00
5.306165e-10 0.000000e+00 0.000000e+00
5.952685e-10 0.000000e+00 0.000000e+00
5.653954e-10 0.000000e+00 0.000000e+00
5.525089e-10 0.000000e+00 0.000000e+00
5.567081e-10 0.000000e+00 0.000000e+00
5.766841e-10 0.000000e+00 0.000000e+00
5.797822e-10 0.000000e+00 0.000000e+00
6.213573e-10 0.000000e+00 0.000000e+00
-6.123211e-10 0.000000e+00 0.000000e+00
-1.349926e-09 0.000000e+00 0.000000e+00
-1.812493e-09 0.000000e+00 0.000000e+00
-1.740916e-09 0.000000e+00 0.000000e+00
-1.740517e-09 0.000000e+00 0.000000e+00
-1.150043e-09 0.000000e+00 0.000000e+00
-9.386409e-10 0.000000e+00 0.000000e+00
-1.077382e-09 0.000000e+00 0.000000e+00
-2.007594e-09 0.000000e+00 0.000000e+00
-2.175045e-09 0.000000e+00 0.000000e+00
-2.332905e-09 0.000000e+00 0.000000e+00
-2.560866e-09 0.000000e+00 0.000000e+00
-2.577399e-09 0.000000e+00 0.000000e+00
-1.560739e-09 0.000000e+00 0.000000e+00
-1.735994e-09 0.000000e+00 0.000000e+00
-1.402630e-09 0.000000e+00 0.000000e+00
-2.118187e-09 0.000000e+00 0.000000e+00
-2.214747e-09 0.000000e+00 0.000000e+00
-2.131242e-09 0.000000e+00 0.000000e+00
-1.815932e-09 0.000000e+00 0.000000e+00
-1.677254e-09 0.000000e+00 0.000000e+00
-1.864121e-09 0.000000e+00 0.000000e+00
-8.891705e-10 0.000000e+00 0.000000e+00
-4.537669e-10 0.000000e+00 0.000000e+00
-4.174845e-10 0.000000e+00 0.000000e+00
-3.882459e-10 0.000000e+00 0.000000e+00
-7.640094e-10 0.000000e+00 0.000000e+00
-1.330051e-09 0.000000e+00 0.000000e+00
-1.021930e-09 0.000000e+00 0.000000e+00
-1.673164e-09 0.000000e+00 0.000000e+00
-1.729538e-09 0.000000e+00 0.000000e+00
-9.333923e-10 0.000000e+00 0.000000e+00
-2.344864e-09 0.000000e+00 0.000000e+00
-2.473453e-09 0.000000e+00 0.000000e+00
-2.370798e-09 0.000000e+00 0.000000e+00
-2.775606e-09 0.000000e+00 0.000000e+00
-3.322623e-09 0.000000e+00 0.000000e+00
-3.529427e-09 0.000000e+00 0.000000e+00
-2.095647e-09 0.000000e+00 0.000000e+00
-2.069933e-09 0.000000e+00 0.000000e+00
-2.602812e-09 0.000000e+00 0.000000e+00
-2.453490e-09 0.000000e+00 0.000000e+00
-3.045589e-09 0.000000e+00 0.000000e+00
-2.996611e-09 0.000000e+00 0.000000e+00
-2.924008e-09 0.000000e+00 0.000000e+00
-3.051836e-09 0.000000e+00 0.000000e+00
-2.895463e-09 0.000000e+00 0.000000e+00
-3.863859e-09 0.000000e+00 0.000000e+00
-2.917320e-09 0.000000e+00 0.000000e+00
-1.060516e-09 0.000000e+00 0.000000e+00
-1.048344e-09 0.000000e+00 0.000000e+00
5.362602e-10 0.000000e+00 0.000000e+00
5.242773e-10 0.000000e+00 0.000000e+00
5.137646e-10 0.000000e+00 0.000000e+00
5.179688e-10 0.000000e+00 0.000000e+00
3.914753e-10 0.000000e+00 0.000000e+00
-1.398426e-10 0.000000e+00 0.000000e+00
2.994289e-10 0.000000e+00 0.000000e+00
1.321660e-10 0.000000e+00 0.000000e+00
1.155631e-10 0.000000e+00 0.000000e+00
1.824324e-10 0.000000e+00 0.000000e+00
3.606968e-10 0.000000e+00 0.000000e+00
4.746785e-10 0.000000e+00 0.000000e+00
5.352632e-10 0.000000e+00 0.000000e+00
5.145099e-10 0.000000e+00 0.000000e+00
5.286189e-10 0.000000e+00 0.000000e+00
5.222843e-10 0.000000e+00 0.000000e+00
-1.743589e-09 0.000000e+00 0.000000e+00
-1.623777e-09 0.000000e+00 0.000000e+00
-1.494320e-09 0.000000e+00 0.000000e+00
-1.211842e-09 0.000000e+00 0.000000e+00
-1.131952e-09 0.000000e+00 0.000000e+00
-1.038033e-09 0.000000e+00 0.000000e+00
-5.522674e-10 0.000000e+00 0.000000e+00
1.095983e-10 0.000000e+00 0.000000e+00
1.681370e-10 0.000000e+00 0.000000e+00
1.080031e-10 0.000000e+00 0.000000e+00
1.177952e-10 0.000000e+00 0.000000e+00
1.093603e-10 0.000000e+00 0.000000e+00
7.553646e-11 0.000000e+00 0.000000e+00
1.666281e-10 0.000000e+00 0.000000e+00
1.564459e-10 0.000000e+00 0.000000e+00
1.672812e-10 0.000000e+00 0.000000e+00
-1.581386e-11 0.000000e+00 0.000000e+00
-1.378031e-10 0.000000e+00 0.000000e+00
-2.061366e-10 0.000000e+00 0.000000e+00
-3.835642e-10 0.000000e+00 0.000000e+00
-5.768510e-10 0.000000e+00 0.000000e+00
-4.525580e-10 0.000000e+00 0.000000e+00
-5.899041e-10 0.000000e+00 0.000000e+00
-4.568819e-10 0.000000e+00 0.000000e+00
-7.124422e-10 0.000000e+00 0.000000e+00
-7.808132e-10 0.000000e+00 0.000000e+00
-5.504092e-10 0.000000e+00 0.000000e+00
-5.907964e-10 0.000000e+00 0.000000e+00
-7.273354e-10 0.000000e+00 0.000000e+00
-7.033672e-10 0.000000e+00 0.000000e+00
-3.080755e-10 0.000000e+00 0.000000e+00
-3.163542e-10 0.000000e+00 0.000000e+00
-1.352537e-10 0.000000e+00 0.000000e+00
-4.533979e-10 0.000000e+00 0.000000e+00
-4.478930e-10 0.000000e+00 0.000000e+00
-4.451786e-09 0.000000e+00 0.000000e+00
-2.791997e-09 0.000000e+00 0.000000e+00
-2.838299e-09 0.000000e+00 0.000000e+00
-2.870036e-09 0.000000e+00 0.000000e+00
-2.834442e-09 0.000000e+00 0.000000e+00
-3.721268e-09 0.000000e+00 0.000000e+00
-2.460649e-09 0.000000e+00 0.000000e+00
-2.921654e-09 0.000000e+00 0.000000e+00
-4.337113e-09 0.000000e+00 0.000000e+00
-4.010535e-09 0.000000e+00 0.000000e+00
-4.053245e-09 0.000000e+00 0.000000e+00
-2.783625e-09 0.000000e+00 0.000000e+00
-2.906917e-09 0.000000e+00 0.000000e+00
-2.728189e-09 0.000000e+00 0.000000e+00
-3.790189e-09 0.000000e+00 0.000000e+00
-3.744595e-09 0.000000e+00 0.000000e+00
-3.738560e-09 0.000000e+00 0.000000e+00
-3.736753e-09 0.000000e+00 0.000000e+00
-2.695613e-09 0.000000e+00 0.000000e+00
-2.877934e-09 0.000000e+00 0.000000e+00
-9.482764e-10 0.000000e+00 0.000000e+00
-9.705920e-10 0.000000e+00 0.000000e+00
-2.014993e-09 0.000000e+00 0.000000e+00
-1.996885e-09 0.000000e+00 0.000000e+00
-2.047305e-09 0.000000e+00 0.000000e+00
-2.198578e-09 0.000000e+00 0.000000e+00
-1.617398e-09 0.000000e+00 0.000000e+00
-1.390496e-09 0.000000e+00 0.000000e+00
-1.391812e-09 0.000000e+00 0.000000e+00
-1.340786e-09 0.000000e+00 0.000000e+00
-2.108338e-09 0.000000e+00 0.000000e+00
-2.044557e-09 0.000000e+00 0.000000e+00
-1.975972e-09 0.000000e+00 0.000000e+00
-3.828405e-09 0.000000e+00 0.000000e+00
-2.645606e-09 0.000000e+00 0.000000e+00
-2.774629e-09 0.000000e+00 0.000000e+00
-2.659553e-09 0.000000e+00 0.000000e+00
-1.975270e-09 0.000000e+00 0.000000e+00
-1.910247e-09 0.000000e+00 0.000000e+00
-2.331078e-09 0.000000e+00 0.000000e+00
-2.312783e-09 0.000000e+00 0.000000e+00
-2.293620e-09 0.000000e+00 0.000000e+00
-2.269302e-09 0.000000e+00 0.000000e+00
-5.559106e-09 0.000000e+00 0.000000e+00
-3.204632e-09 0.000000e+00 0.000000e+00
-4.320474e-09 0.000000e+00 0.000000e+00
-2.474735e-09 0.000000e+00 0.000000e+00
-3.067110e-09 0.000000e+00 0.000000e+00
-2.601863e-09 0.000000e+00 0.000000e+00
-7.094621e-10 0.000000e+00 0.000000e+00
-1.240259e-09 0.000000e+00 0.000000e+00
-8.159375e-10 0.000000e+00 0.000000e+00
-1.113137e-09 0.000000e+00 0.000000e+00
-9.479130e-10 0.000000e+00 0.000000e+00
-9.287485e-10 0.000000e+00 0.000000e+00
2.110450e-10 0.000000e+00 0.000000e+00
2.917301e-10 0.000000e+00 0.000000e+00
2.953018e-10 0.000000e+00 0.000000e+00
2.712710e-10 0.000000e+00 0.000000e+00
2.908631e-10 0.000000e+00 0.000000e+00
2.619697e-10 0.000000e+00 0.000000e+00
2.746699e-10 0.000000e+00 0.000000e+00
2.863507e-10 0.000000e+00 0.000000e+00
1.283562e-10 0.000000e+00 0.000000e+00
1.196917e-10 0.000000e+00 0.000000e+00
1.264209e-10 0.000000e+00 0.000000e+00
2.894980e-10 0.000000e+00 0.000000e+00
3.401842e-10 0.000000e+00 0.000000e+00
1.274784e-10 0.000000e+00 0.000000e+00
3.202533e-10 0.000000e+00 0.000000e+00
3.359602e-10 0.000000e+00 0.000000e+00
-2.645944e-10 0.000000e+00 0.000000e+00
-2.476902e-10 0.000000e+00 0.000000e+00
-3.229201e-10 0.000000e+00 0.000000e+00
-1.069961e-10 0.000000e+00 0.000000e+00
-1.012123e-10 0.000000e+00 0.000000e+00
-2.485681e-10 0.000000e+00 0.000000e+00
-9.390603e-11 0.000000e+00 0.000000e+00
-2.058577e-10 0.000000e+00 0.000000e+00
2.672025e-10 0.000000e+00 0.000000e+00
2.449387e-10 0.000000e+00 0.000000e+00
2.372262e-10 0.000000e+00 0.000000e+00
4.460152e-10 0.000000e+00 0.000000e+00
4.786246e-10 0.000000e+00 0.000000e+00
4.861256e-10 0.000000e+00 0.000000e+00
2.387321e-10 0.000000e+00 0.000000e+00
3.075485e-10 0.000000e+00 0.000000e+00
4.088838e-10 0.000000e+00 0.000000e+00
3.865482e-10 0.000000e+00 0.000000e+00
3.140275e-10 0.000000e+00 0.000000e+00
4.887663e-10 0.000000e+00 0.000000e+00
5.150870e-10 0.000000e+00 0.000000e+00
4.137315e-10 0.000000e+00 0.000000e+00
4.573710e-10 0.000000e+00 0.000000e+00
3.043625e-10 0.000000e+00 0.000000e+00
2.901535e-10 0.000000e+00 0.000000e+00
3.904864e-10 0.000000e+00 0.000000e+00
3.936125e-10 0.000000e+00 0.000000e+00
3.957965e-10 0.000000e+00 0.000000e+00
4.345909e-10 0.000000e+00 0.000000e+00
5.403048e-10 0.000000e+00 0.000000e+00
5.464311e-10 0.000000e+00 0.000000e+00
5.454958e-10 0.000000e+00 0.000000e+00
4.140785e-10 0.000000e+00 0.000000e+00
3.084808e-10 0.000000e+00 0.000000e+00
