step K U E temp
0 4.923884e-23 -4.103967e-18 -4.103918e-18 7.132709e+00
1000 1.260490e-20 -4.109703e-18 -4.097098e-18 1.825939e+03
2000 1.859914e-22 -4.109682e-18 -4.109496e-18 2.694261e+01
3000 6.161716e-21 -4.104805e-18 -4.098643e-18 8.925825e+02
4000 4.237318e-21 -4.109877e-18 -4.105639e-18 6.138154e+02
5000 3.795160e-24 -4.109993e-18 -3.929989e-18 5.497646e-01
6000 2.058751e-21 -4.103422e-18 -3.981323e-18 2.982295e+02
7000 2.497055e-22 -4.106251e-18 -3.985006e-18 3.617219e+01
8000 4.746916e-21 -4.107743e-18 -3.977607e-18 6.876354e+02
9000 3.913905e-21 -4.107323e-18 -3.980054e-18 5.669660e+02
10000 6.049956e-21 -4.102457e-18 -3.796394e-18 8.763931e+02
11000 4.709311e-21 -4.106647e-18 -3.861294e-18 6.821880e+02
12000 1.754263e-20 -4.107932e-18 -3.846941e-18 2.541215e+03
13000 2.925037e-23 -4.095849e-18 -3.855820e-18 4.237191e+00
14000 1.695627e-21 -4.103322e-18 -3.861618e-18 2.456276e+02
15000 1.055782e-21 -4.102902e-18 -3.681842e-18 1.529400e+02
16000 3.469033e-21 -4.089650e-18 -3.724518e-18 5.025221e+02
17000 1.397495e-21 -4.083905e-18 -3.722408e-18 2.024403e+02
18000 2.674190e-21 -4.091970e-18 -3.724817e-18 3.873817e+02
19000 2.719748e-24 -4.093556e-18 -3.725259e-18 3.939812e-01
20000 4.502946e-21 -4.092129e-18 -3.542850e-18 6.522941e+02
21000 7.821700e-21 -4.108049e-18 -3.608231e-18 1.133047e+03
22000 1.012557e-21 -4.108071e-18 -3.615146e-18 1.466784e+02
23000 5.672701e-23 -4.108564e-18 -3.616535e-18 8.217442e+00
24000 2.030527e-24 -4.106515e-18 -3.600893e-18 2.941409e-01
25000 3.930784e-21 -4.014512e-18 -3.350581e-18 5.694110e+02
26000 6.675582e-22 -4.069966e-18 -3.468876e-18 9.670208e+01
27000 9.341419e-22 -4.077744e-18 -3.471260e-18 1.353192e+02
28000 1.647227e-21 -4.075061e-18 -3.470957e-18 2.386163e+02
29000 1.016812e-22 -4.073802e-18 -3.472071e-18 1.472948e+01
30000 1.287490e-25 -4.081569e-18 -3.286469e-18 1.865050e-02
31000 1.115327e-23 -4.081216e-18 -3.361200e-18 1.615656e+00
32000 5.248054e-23 -4.090126e-18 -3.369123e-18 7.602299e+00
33000 2.088478e-21 -4.092917e-18 -3.367078e-18 3.025356e+02
34000 9.891237e-22 -4.090772e-18 -3.368457e-18 1.432839e+02
35000 2.494027e-21 -4.091398e-18 -3.187089e-18 3.612833e+02
36000 2.809915e-22 -4.072157e-18 -3.231195e-18 4.070426e+01
37000 1.507063e-20 -4.074437e-18 -3.217732e-18 2.183123e+03
38000 1.159709e-20 -4.078039e-18 -3.220833e-18 1.679948e+03
39000 5.890335e-22 -4.074337e-18 -3.232173e-18 8.532705e+01
40000 2.845852e-21 -4.082907e-18 -3.038966e-18 4.122484e+02
41000 2.259476e-22 -4.071279e-18 -3.095523e-18 3.273064e+01
42000 1.267790e-20 -4.063564e-18 -3.089017e-18 1.836513e+03
43000 5.984223e-22 -4.052537e-18 -3.091840e-18 8.668711e+01
44000 2.920359e-21 -4.068466e-18 -3.097725e-18 4.230414e+02
45000 4.168305e-21 -4.067473e-18 -2.917314e-18 6.038181e+02
46000 1.183591e-20 -4.048471e-18 -2.950855e-18 1.714543e+03
47000 6.279869e-22 -4.042664e-18 -2.958954e-18 9.096981e+01
48000 6.368688e-23 -4.047030e-18 -2.962584e-18 9.225644e+00
49000 1.447186e-22 -4.041276e-18 -2.957642e-18 2.096386e+01
50000 3.577261e-22 -4.047547e-18 -2.782367e-18 5.181999e+01
51000 6.746887e-21 -4.109187e-18 -2.883056e-18 9.773501e+02
52000 3.497339e-21 -4.108694e-18 -2.892497e-18 5.066225e+02
53000 6.005598e-23 -4.108802e-18 -2.895150e-18 8.699674e+00
54000 1.178210e-21 -4.107868e-18 -2.893817e-18 1.706748e+02
55000 1.981941e-21 -4.108563e-18 -2.714614e-18 2.871028e+02
56000 8.915446e-21 -4.043467e-18 -2.714542e-18 1.291486e+03
57000 9.394722e-23 -4.044389e-18 -2.724282e-18 1.360914e+01
58000 2.022223e-22 -4.063772e-18 -2.738048e-18 2.929380e+01
59000 1.713815e-25 -4.054770e-18 -2.734313e-18 2.482622e-02
60000 1.812370e-21 -4.063786e-18 -2.556433e-18 2.625388e+02
61000 6.457743e-21 -4.042365e-18 -2.589348e-18 9.354648e+02
62000 3.533556e-21 -4.045005e-18 -2.590940e-18 5.118688e+02
63000 8.705741e-22 -4.036769e-18 -2.593821e-18 1.261109e+02
64000 1.670280e-22 -4.046855e-18 -2.592423e-18 2.419558e+01
65000 6.328701e-21 -4.026413e-18 -2.399927e-18 9.167719e+02
66000 1.537408e-22 -4.000044e-18 -2.430952e-18 2.227080e+01
67000 2.409965e-21 -4.060298e-18 -2.439117e-18 3.491062e+02
68000 2.810359e-23 -4.108007e-18 -2.533349e-18 4.071069e+00
69000 2.481020e-22 -4.107185e-18 -2.528363e-18 3.593991e+01
70000 1.015517e-19 -4.011838e-18 -2.138007e-18 1.471071e+04
71000 5.511285e-22 -3.989517e-18 -2.301665e-18 7.983615e+01
72000 4.335404e-22 -4.096451e-18 -2.348882e-18 6.280240e+01
73000 1.491426e-22 -4.107810e-18 -2.412758e-18 2.160470e+01
74000 1.243995e-22 -4.106872e-18 -2.405171e-18 1.802044e+01
75000 5.770901e-21 -4.106784e-18 -2.218486e-18 8.359693e+02
76000 8.688882e-23 -4.106833e-18 -2.244110e-18 1.258666e+01
77000 1.028622e-20 -4.053658e-18 -2.204909e-18 1.490056e+03
78000 1.131866e-21 -4.098853e-18 -2.245755e-18 1.639614e+02
79000 2.319620e-21 -4.107476e-18 -2.239592e-18 3.360187e+02
80000 4.531079e-21 -4.109965e-18 -2.053038e-18 6.563694e+02
81000 1.571702e-19 -3.370705e-18 -1.293535e-18 2.276759e+04
82000 6.113995e-22 -4.100152e-18 -2.123629e-18 8.856698e+01
83000 5.397642e-21 -4.095663e-18 -2.112126e-18 7.818993e+02
84000 1.744872e-20 -3.926631e-18 -1.989182e-18 2.527612e+03
85000 5.348813e-21 -3.992166e-18 -1.860637e-18 7.748258e+02
86000 3.534694e-21 -4.093570e-18 -1.979478e-18 5.120337e+02
87000 2.163741e-23 -4.097868e-18 -2.006458e-18 3.134383e+00
88000 2.162384e-22 -4.053868e-18 -1.974586e-18 3.132417e+01
89000 4.032753e-19 -4.106372e-18 -1.576276e-18 5.841823e+04
90000 1.155949e-20 -3.983101e-18 -1.749203e-18 1.674501e+03
91000 4.236500e-20 -4.108785e-18 -1.812218e-18 6.136970e+03
92000 9.768091e-24 -3.960299e-18 -1.791648e-18 1.415000e+00
93000 4.629756e-25 -3.960946e-18 -1.791625e-18 6.706638e-02
94000 3.566464e-22 -3.956413e-18 -1.790704e-18 5.166359e+01
95000 2.365876e-22 -3.961845e-18 -1.611275e-18 3.427194e+01
96000 9.692929e-22 -3.937188e-18 -1.633051e-18 1.404112e+02
97000 5.176337e-22 -3.931435e-18 -1.636590e-18 7.498412e+01
98000 6.701366e-22 -3.954675e-18 -1.666962e-18 9.707559e+01
99000 4.518253e-21 -3.959244e-18 -1.661730e-18 6.545115e+02
100000 5.842621e-21 -3.964967e-18 -1.474699e-18 8.463586e+02
101000 8.448738e-23 -3.924780e-18 -1.517275e-18 1.223879e+01
102000 1.183040e-21 -3.931631e-18 -1.515865e-18 1.713744e+02
103000 1.722210e-26 -3.921592e-18 -1.516376e-18 2.494783e-03
104000 4.278842e-22 -3.932478e-18 -1.516322e-18 6.198305e+01
105000 3.583133e-22 -3.941559e-18 -1.329651e-18 5.190506e+01
106000 6.705681e-22 -3.910977e-18 -1.372263e-18 9.713810e+01
107000 5.853867e-21 -3.897651e-18 -1.366900e-18 8.479877e+02
108000 6.750644e-22 -3.913183e-18 -1.370878e-18 9.778943e+01
109000 5.133521e-23 -3.911270e-18 -1.372725e-18 7.436388e+00
110000 1.125760e-20 -3.919420e-18 -1.173947e-18 1.630770e+03
111000 1.065167e-22 -3.881267e-18 -1.229869e-18 1.542994e+01
112000 4.502727e-21 -3.883777e-18 -1.225228e-18 6.522624e+02
113000 1.157457e-21 -3.871708e-18 -1.226110e-18 1.676686e+02
114000 4.967996e-23 -3.885118e-18 -1.229358e-18 7.196610e+00
115000 1.091353e-22 -3.871371e-18 -1.046978e-18 1.580928e+01
116000 1.193280e-20 -4.034763e-18 -1.225766e-18 1.728578e+03
117000 1.355002e-20 -4.093427e-18 -1.248427e-18 1.962848e+03
118000 8.327954e-21 -4.090976e-18 -1.237694e-18 1.206382e+03
119000 1.541120e-21 -3.930393e-18 -1.165150e-18 2.232458e+02
120000 1.190318e-21 -3.945520e-18 -9.789237e-19 1.724288e+02
121000 2.440153e-22 -3.920974e-18 -1.023811e-18 3.534791e+01
122000 2.678961e-21 -3.911383e-18 -1.023564e-18 3.880727e+02
123000 1.440888e-21 -3.898438e-18 -1.016376e-18 2.087262e+02
124000 3.575608e-24 -3.916941e-18 -1.026273e-18 5.179604e-01
125000 2.028442e-20 -3.896213e-18 -8.155207e-19 2.938389e+03
126000 7.773716e-22 -4.072836e-18 -1.002653e-18 1.126096e+02
127000 8.251877e-20 -4.108276e-18 -9.426137e-19 1.195362e+04
128000 1.877823e-21 -3.875935e-18 -8.451061e-19 2.720203e+02
129000 1.907145e-21 -4.100078e-18 -1.025526e-18 2.762679e+02
130000 4.162865e-22 -4.101655e-18 -8.588554e-19 6.030302e+01
131000 1.016654e-21 -4.044410e-18 -8.933898e-19 1.472719e+02
132000 3.041414e-22 -4.043433e-18 -8.915496e-19 4.405775e+01
133000 5.283231e-23 -4.099122e-18 -9.099183e-19 7.653257e+00
134000 1.376995e-22 -4.096830e-18 -9.091693e-19 1.994707e+01
135000 1.744034e-21 -4.107638e-18 -7.332025e-19 2.526397e+02
136000 4.527364e-20 -4.109676e-18 -7.011992e-19 6.558313e+03
137000 1.334380e-20 -4.096651e-18 -7.610662e-19 1.932975e+03
138000 6.843547e-21 -4.108008e-18 -7.344441e-19 9.913522e+02
139000 4.097617e-24 -4.097732e-18 -7.900226e-19 5.935784e-01
140000 1.681416e-20 -4.109987e-18 -5.392645e-19 2.435690e+03
141000 3.739070e-22 -4.097042e-18 -6.525485e-19 5.416394e+01
142000 6.381641e-19 -3.372893e-18 6.252713e-19 9.244408e+04
143000 3.142327e-19 -3.300430e-18 3.738028e-19 4.551956e+04
144000 6.710444e-22 -4.075436e-18 -6.449950e-19 9.720709e+01
145000 1.228524e-22 -4.073783e-18 -4.644054e-19 1.779633e+01
146000 1.712351e-20 -4.098142e-18 -5.328721e-19 2.480502e+03
147000 5.801677e-19 -4.000902e-18 1.667650e-19 8.404275e+04
148000 4.379692e-19 -4.109519e-18 -6.146292e-20 6.344396e+04
149000 4.942428e-23 -4.105360e-18 -5.315395e-19 7.159572e+00
150000 1.834816e-20 -3.715061e-18 -3.671282e-20 2.657904e+03
151000 3.361907e-22 -3.670880e-18 -6.312397e-20 4.870039e+01
152000 4.190692e-20 -4.094479e-18 -3.794182e-19 6.070612e+03
153000 2.045188e-21 -4.096834e-18 -4.269126e-19 2.962648e+02
154000 1.160909e-20 -4.093473e-18 -4.056629e-19 1.681685e+03
155000 1.131040e-19 -4.021503e-18 -7.589531e-20 1.638417e+04
156000 4.308349e-20 -4.094173e-18 -2.510192e-19 6.241049e+03
157000 3.211879e-22 -3.684148e-18 5.747283e-20 4.652708e+01
158000 4.634871e-20 -3.911948e-18 -6.092610e-20 6.714046e+03
159000 2.234090e-20 -4.093671e-18 -2.757258e-19 3.236290e+03
160000 7.960647e-19 -4.072148e-18 7.521125e-19 1.153175e+05
161000 6.772775e-20 -4.040808e-18 -9.510986e-20 9.811002e+03
162000 4.964714e-22 -4.099860e-18 -1.851678e-19 7.191855e+01
163000 1.839877e-21 -4.093583e-18 -1.758726e-19 2.665236e+02
164000 1.181955e-23 -4.081838e-18 -1.607334e-19 1.712173e+00
165000 1.986991e-20 -3.468491e-18 5.713792e-19 2.878343e+03
166000 5.539192e-21 -4.065130e-18 -3.256407e-20 8.024041e+02
167000 2.215270e-22 -4.097157e-18 -6.928555e-20 3.209027e+01
168000 9.133639e-20 -4.109933e-18 1.333208e-19 1.323094e+04
169000 2.122051e-19 -4.045854e-18 1.936716e-19 3.073990e+04
170000 2.213878e-22 -4.098128e-18 1.102189e-19 3.207011e+01
171000 4.886017e-21 -4.033038e-18 1.204705e-19 7.077855e+02
172000 5.796900e-22 -4.077926e-18 7.617373e-20 8.397355e+01
173000 3.561632e-19 -3.889633e-18 6.020927e-19 5.159359e+04
174000 3.403055e-19 -4.109930e-18 4.820333e-19 4.929646e+04
175000 4.511404e-19 -4.045585e-18 6.942933e-19 6.535194e+04
176000 4.727438e-19 -3.586249e-18 1.086495e-18 6.848138e+04
177000 6.166563e-20 -3.999788e-18 3.278260e-19 8.932846e+03
178000 3.414204e-20 -4.048844e-18 2.547680e-19 4.945796e+03
179000 5.059622e-21 -3.937599e-18 3.317610e-19 7.329338e+02
180000 5.666150e-23 -4.079103e-18 3.770613e-19 8.207951e+00
181000 1.254595e-18 -3.912927e-18 1.748098e-18 1.817400e+05
182000 5.436439e-20 -3.656224e-18 7.181402e-19 7.875193e+03
183000 1.028960e-18 -3.957060e-18 1.496653e-18 1.490546e+05
184000 6.494914e-21 -3.874294e-18 4.778726e-19 9.408495e+02
185000 2.208838e-23 -3.868231e-18 6.470608e-19 3.199710e+00
186000 1.956605e-23 -3.821429e-18 6.206538e-19 2.834326e+00
187000 1.299171e-21 -3.828817e-18 6.178564e-19 1.881971e+02
188000 1.013715e-21 -3.831087e-18 6.169291e-19 1.468462e+02
189000 2.889112e-23 -3.832643e-18 6.157135e-19 4.185150e+00
190000 3.723770e-22 -3.836333e-18 7.962730e-19 5.394231e+01
191000 4.364133e-21 -2.694511e-18 1.869853e-18 6.321857e+02
192000 8.670370e-23 -3.797513e-18 7.697142e-19 1.255985e+01
193000 1.688189e-22 -3.793988e-18 7.710130e-19 2.445501e+01
194000 2.521231e-21 -3.791533e-18 7.746195e-19 3.652241e+02
195000 2.108448e-21 -3.798308e-18 9.515689e-19 3.054285e+02
196000 8.451775e-19 -3.804402e-18 1.791916e-18 1.224319e+05
197000 8.059854e-22 -3.932759e-18 7.992461e-19 1.167546e+02
198000 1.503902e-21 -4.055265e-18 7.100835e-19 2.178544e+02
199000 1.225591e-21 -4.055740e-18 7.093089e-19 1.775384e+02
200000 1.633631e-22 -4.055383e-18 8.886169e-19 2.366468e+01
201000 1.920426e-19 -4.109307e-18 1.024069e-18 2.781918e+04
202000 3.939959e-23 -4.044979e-18 8.215247e-19 5.707401e+00
203000 5.619420e-20 -3.987105e-18 9.482684e-19 8.140258e+03
204000 4.120071e-21 -3.915461e-18 9.280627e-19 5.968311e+02
205000 1.618313e-22 -4.106547e-18 9.545322e-19 2.344279e+01
206000 1.289575e-20 -4.109693e-18 1.001661e-18 1.868070e+03
207000 1.771754e-19 -3.956964e-18 1.252324e-18 2.566552e+04
208000 1.912614e-19 -4.109424e-18 1.164660e-18 2.770602e+04
209000 2.742770e-19 -3.808072e-18 1.458175e-18 3.973160e+04
210000 6.153597e-21 -2.919737e-18 2.186416e-18 8.914064e+02
211000 2.299403e-19 -3.989589e-18 1.374196e-18 3.330902e+04
212000 1.493939e-22 -4.098554e-18 1.040186e-18 2.164111e+01
213000 1.995985e-21 -4.108081e-18 1.070563e-18 2.891372e+02
214000 3.921162e-21 -4.107242e-18 1.074318e-18 5.680173e+02
215000 9.941607e-19 -3.846576e-18 2.400773e-18 1.440135e+05
216000 1.074702e-21 -4.108287e-18 1.190236e-18 1.556807e+02
217000 1.215375e-21 -3.986590e-18 1.255048e-18 1.760584e+02
218000 4.724567e-20 -3.152538e-18 2.054708e-18 6.843980e+03
219000 7.902334e-20 -3.912837e-18 1.412990e-18 1.144727e+04
220000 3.351276e-19 -3.973885e-18 1.791186e-18 4.854638e+04
221000 3.876825e-21 -3.818493e-18 1.500193e-18 5.615946e+02
222000 1.190014e-21 -3.775853e-18 1.506434e-18 1.723847e+02
223000 3.388030e-21 -3.822362e-18 1.503412e-18 4.907880e+02
224000 8.857293e-26 -3.822271e-18 1.499929e-18 1.283062e-02
225000 1.294940e-22 -3.818559e-18 1.676502e-18 1.875843e+01
226000 4.492744e-20 -3.818117e-18 1.699951e-18 6.508162e+03
227000 9.425019e-19 -4.089375e-18 2.350750e-18 1.365303e+05
228000 8.257208e-24 -4.036181e-18 1.473913e-18 1.196134e+00
229000 5.838937e-22 -4.034624e-18 1.475278e-18 8.458249e+01
230000 1.408452e-21 -4.034462e-18 1.656221e-18 2.040276e+02
231000 1.352306e-19 -4.108853e-18 1.665846e-18 1.958942e+04
232000 3.728222e-19 -2.980872e-18 2.919364e-18 5.400681e+04
233000 3.095137e-20 -3.355003e-18 2.195948e-18 4.483597e+03
234000 2.481167e-21 -4.017302e-18 1.648092e-18 3.594203e+02
235000 2.710472e-21 -4.026459e-18 1.837786e-18 3.926373e+02
236000 5.302033e-21 -3.638191e-18 2.007111e-18 7.680494e+02
237000 7.327376e-20 -4.022163e-18 1.801971e-18 1.061439e+04
238000 2.631241e-23 -4.096988e-18 1.669802e-18 3.811600e+00
239000 5.579718e-19 -3.687858e-18 2.536946e-18 8.082747e+04
240000 2.535423e-21 -3.677938e-18 2.158186e-18 3.672798e+02
241000 1.470578e-21 -3.645536e-18 2.137022e-18 2.130271e+02
242000 8.746024e-22 -3.634765e-18 2.135412e-18 1.266944e+02
243000 3.087475e-21 -4.093000e-18 1.753489e-18 4.472499e+02
244000 1.514055e-19 -3.324324e-18 2.587082e-18 2.193251e+04
245000 1.793980e-20 -2.047960e-18 3.909980e-18 2.598748e+03
246000 5.945338e-22 -4.084324e-18 1.917407e-18 8.612382e+01
247000 9.652327e-23 -4.054682e-18 1.899555e-18 1.398230e+01
248000 6.490999e-21 -3.573501e-18 2.312998e-18 9.402823e+02
249000 3.263551e-23 -4.099133e-18 1.910328e-18 4.727561e+00
250000 1.932452e-22 -3.950083e-18 2.205567e-18 2.799338e+01
251000 1.086383e-20 -3.835569e-18 2.293777e-18 1.573729e+03
252000 2.229251e-22 -3.771588e-18 2.240600e-18 3.229280e+01
253000 1.185214e-22 -3.780667e-18 2.241147e-18 1.716894e+01
254000 1.040097e-21 -3.766974e-18 2.242587e-18 1.506678e+02
255000 9.596314e-21 -3.754469e-18 2.438127e-18 1.390116e+03
256000 1.936689e-20 -3.968917e-18 2.302739e-18 2.805476e+03
257000 2.449578e-23 -4.107376e-18 2.149831e-18 3.548444e+00
258000 2.858713e-21 -4.105200e-18 2.165971e-18 4.141114e+02
259000 4.479752e-26 -4.106202e-18 2.156651e-18 6.489342e-03
260000 3.142488e-21 -4.109176e-18 2.346567e-18 4.552189e+02
261000 2.724723e-19 -3.913171e-18 2.645266e-18 3.947018e+04
262000 1.661616e-19 -4.107788e-18 2.474320e-18 2.407008e+04
263000 2.299845e-19 -4.109585e-18 2.497462e-18 3.331542e+04
264000 1.671978e-18 -4.099701e-18 3.925142e-18 2.422017e+05
265000 1.570998e-19 -3.088308e-18 3.488792e-18 2.275739e+04
266000 1.830960e-20 -3.657700e-18 2.761906e-18 2.652317e+03
267000 1.216458e-19 -3.620520e-18 2.863403e-18 1.762154e+04
268000 9.544804e-19 -3.010753e-18 4.322833e-18 1.382655e+05
269000 1.496505e-22 -3.652652e-18 2.707657e-18 2.167828e+01
270000 4.059129e-20 -4.072110e-18 2.628468e-18 5.880031e+03
271000 1.360092e-18 -4.035436e-18 4.019851e-18 1.970221e+05
272000 1.029004e-18 -3.642111e-18 3.866942e-18 1.490609e+05
273000 6.049127e-19 -4.092345e-18 3.111398e-18 8.762729e+04
274000 8.581611e-22 -3.992751e-18 2.555929e-18 1.243127e+02
275000 3.643848e-19 -3.726771e-18 3.353576e-18 5.278457e+04
276000 1.271727e-22 -3.619574e-18 2.982601e-18 1.842217e+01
277000 2.280678e-23 -3.621581e-18 2.981004e-18 3.303777e+00
278000 1.044910e-21 -3.637327e-18 2.975252e-18 1.513650e+02
279000 1.050083e-21 -3.645140e-18 2.976501e-18 1.521144e+02
280000 6.188062e-21 -3.636913e-18 3.160426e-18 8.963991e+02
281000 1.103700e-19 -3.638405e-18 3.264411e-18 1.598814e+04
282000 6.457480e-20 -3.415913e-18 3.375937e-18 9.354268e+03
283000 1.453515e-21 -4.092967e-18 2.747863e-18 2.105554e+02
284000 7.659620e-19 -4.103684e-18 3.536036e-18 1.109568e+05
285000 1.901761e-22 -4.105337e-18 2.933794e-18 2.754880e+01
286000 1.980883e-22 -3.987098e-18 2.988048e-18 2.869495e+01
287000 1.205941e-20 -4.082284e-18 2.932624e-18 1.746919e+03
288000 4.909020e-20 -3.562340e-18 3.326750e-18 7.111177e+03
289000 2.231858e-19 -4.099615e-18 3.109272e-18 3.233056e+04
290000 2.501055e-21 -4.030260e-18 3.071248e-18 3.623014e+02
291000 1.588914e-21 -3.607772e-18 3.381035e-18 2.301692e+02
292000 9.039964e-19 -3.993179e-18 3.938342e-18 1.309524e+05
293000 5.400344e-20 -4.014780e-18 3.176950e-18 7.822907e+03
294000 4.358823e-21 -4.096645e-18 2.998340e-18 6.314165e+02
295000 7.293509e-21 -4.091705e-18 3.174568e-18 1.056533e+03
296000 5.162494e-21 -4.098350e-18 3.150649e-18 7.478359e+02
297000 1.143404e-19 -4.109936e-18 3.314450e-18 1.656328e+04
298000 8.260052e-19 -3.664544e-18 4.242009e-18 1.196546e+05
299000 2.078110e-18 -4.099970e-18 5.220777e-18 3.010337e+05
300000 8.917624e-22 -3.904616e-18 3.431266e-18 1.291802e+02
301000 1.299357e-23 -3.417764e-18 3.790653e-18 1.882241e+00
302000 1.597358e-21 -2.697837e-18 4.503760e-18 2.313923e+02
303000 5.795684e-20 -3.349116e-18 3.908840e-18 8.395594e+03
304000 5.936567e-19 -2.622521e-18 5.171135e-18 8.599676e+04
305000 7.349377e-19 -3.203161e-18 4.915404e-18 1.064626e+05
306000 1.758278e-20 -3.787816e-18 3.609767e-18 2.547031e+03
307000 2.134662e-19 -4.107343e-18 3.608035e-18 3.092258e+04
308000 2.373084e-20 -4.071631e-18 3.459346e-18 3.437636e+03
309000 3.162851e-19 -2.840236e-18 4.797952e-18 4.581687e+04
310000 1.090859e-21 -3.479314e-18 4.076484e-18 1.580212e+02
311000 3.457826e-22 -3.989608e-18 3.583048e-18 5.008986e+01
312000 1.063039e-23 -2.588838e-18 4.851172e-18 1.539912e+00
313000 6.850355e-20 -4.081054e-18 3.612367e-18 9.923383e+03
314000 5.199471e-21 -4.097631e-18 3.437237e-18 7.531923e+02
315000 2.948011e-21 -4.069744e-18 3.732765e-18 4.270472e+02
316000 1.185084e-20 -4.035915e-18 3.749776e-18 1.716706e+03
317000 7.669794e-19 -3.894977e-18 4.556563e-18 1.111042e+05
318000 5.260345e-19 -3.583447e-18 4.506751e-18 7.620105e+04
319000 4.707994e-22 -3.396902e-18 4.165156e-18 6.819972e+01
320000 1.703070e-18 -4.059303e-18 5.502391e-18 2.467058e+05
321000 2.449756e-19 -3.842085e-18 4.164516e-18 3.548702e+04
322000 9.095690e-20 -2.557257e-18 5.213700e-18 1.317596e+04
323000 2.691662e-20 -3.192464e-18 4.514453e-18 3.899126e+03
324000 1.508141e-20 -4.105401e-18 3.745918e-18 2.184685e+03
325000 2.114206e-19 -2.182397e-18 5.889024e-18 3.062627e+04
326000 2.059636e-20 -3.875402e-18 4.033361e-18 2.983576e+03
327000 1.518079e-19 -2.723175e-18 5.228633e-18 2.199080e+04
328000 2.662425e-21 -4.041935e-18 3.866022e-18 3.856773e+02
329000 1.205251e-21 -4.047191e-18 3.863573e-18 1.745919e+02
330000 6.445294e-24 -4.047152e-18 4.042329e-18 9.336615e-01
331000 1.831589e-18 -3.936669e-18 5.956677e-18 2.653228e+05
332000 5.564787e-20 -3.311342e-18 4.667705e-18 8.061117e+03
333000 2.358362e-23 -3.595280e-18 4.336528e-18 3.416309e+00
334000 6.914154e-19 -3.528405e-18 5.094708e-18 1.001580e+05
335000 4.753301e-23 -3.005841e-18 5.095135e-18 6.885605e+00
336000 1.623395e-19 -3.957433e-18 4.402632e-18 2.351641e+04
337000 1.336852e-19 -3.475246e-18 4.815543e-18 1.936556e+04
338000 1.987181e-19 -3.673556e-18 4.651812e-18 2.878618e+04
339000 3.412707e-19 -1.534864e-18 6.846406e-18 4.943627e+04
340000 9.245038e-23 -4.097058e-18 4.290688e-18 1.339231e+01
341000 1.643506e-19 -4.097876e-18 4.450612e-18 2.380774e+04
342000 2.607951e-21 -3.486439e-18 4.780293e-18 3.777863e+02
343000 1.563706e-19 -3.558960e-18 4.758017e-18 2.265175e+04
344000 1.657127e-19 -3.720750e-18 4.634415e-18 2.400504e+04
345000 3.297637e-19 -3.921170e-18 4.893362e-18 4.776937e+04
346000 2.416707e-19 -4.107305e-18 4.597888e-18 3.500828e+04
347000 3.787073e-20 -4.105757e-18 4.416107e-18 5.485931e+03
348000 4.460188e-21 -4.099028e-18 4.289610e-18 6.461002e+02
349000 1.609223e-22 -4.073674e-18 4.459178e-18 2.331111e+01
350000 5.724599e-19 -4.106211e-18 5.127665e-18 8.292620e+04
351000 1.840677e-20 -4.104835e-18 4.313572e-18 2.666393e+03
352000 1.072898e-21 -4.108646e-18 4.292427e-18 1.554194e+02
353000 2.532670e-22 -4.109939e-18 4.290314e-18 3.668811e+01
354000 2.309778e-21 -4.094954e-18 4.307355e-18 3.345931e+02
355000 1.586989e-22 -4.106636e-18 4.473523e-18 2.298903e+01
356000 2.307129e-21 -4.109874e-18 4.412598e-18 3.342094e+02
357000 7.910447e-23 -4.107247e-18 4.412832e-18 1.145903e+01
358000 8.018849e-24 -4.106174e-18 4.413834e-18 1.161606e+00
359000 6.804309e-21 -4.109714e-18 4.417151e-18 9.856682e+02
360000 4.667685e-22 -4.098247e-18 4.602220e-18 6.761581e+01
361000 1.083866e-21 -4.096628e-18 4.545336e-18 1.570082e+02
362000 9.901510e-21 -4.094305e-18 4.555785e-18 1.434327e+03
363000 4.510843e-22 -4.098874e-18 4.545022e-18 6.534380e+01
364000 4.155626e-25 -4.096919e-18 4.544140e-18 6.019815e-02
365000 2.382376e-21 -4.100507e-18 4.730270e-18 3.451095e+02
366000 1.065675e-21 -4.092303e-18 4.680512e-18 1.543730e+02
367000 1.359823e-22 -4.082575e-18 4.677703e-18 1.969832e+01
368000 5.480700e-21 -4.087086e-18 4.679777e-18 7.939310e+02
369000 1.835271e-21 -4.088268e-18 4.675931e-18 2.658563e+02
370000 1.527522e-21 -4.090269e-18 4.856748e-18 2.212759e+02
371000 4.663251e-22 -4.078639e-18 4.812057e-18 6.755158e+01
372000 5.446029e-23 -4.066508e-18 4.813672e-18 7.889086e+00
373000 5.935659e-21 -4.070984e-18 4.815749e-18 8.598360e+02
374000 6.456848e-23 -4.071222e-18 4.809717e-18 9.353352e+00
375000 8.138676e-21 -4.059551e-18 5.008592e-18 1.178964e+03
376000 7.044708e-22 -4.108412e-18 4.892534e-18 1.020492e+02
377000 6.141399e-21 -4.109867e-18 4.896431e-18 8.896394e+02
378000 1.799135e-21 -4.109706e-18 4.899697e-18 2.606216e+02
379000 4.396412e-22 -4.109913e-18 4.890753e-18 6.368617e+01
380000 2.007609e-21 -4.107783e-18 5.074956e-18 2.908211e+02
381000 6.805596e-21 -4.109586e-18 5.027837e-18 9.858547e+02
382000 3.790005e-23 -4.109962e-18 5.014216e-18 5.490178e+00
383000 2.975360e-22 -4.109846e-18 5.024757e-18 4.310088e+01
384000 3.571985e-22 -4.109933e-18 5.020430e-18 5.174356e+01
385000 1.284225e-23 -4.109984e-18 5.194253e-18 1.860321e+00
386000 4.668627e-21 -4.069162e-18 5.175510e-18 6.762945e+02
387000 3.193394e-21 -4.082129e-18 5.162275e-18 4.625932e+02
388000 6.348356e-21 -4.078266e-18 5.168321e-18 9.196192e+02
389000 8.784697e-21 -4.076378e-18 5.172509e-18 1.272546e+03
390000 4.705000e-22 -4.076087e-18 5.344473e-18 6.815635e+01
391000 3.062720e-21 -4.092573e-18 5.304939e-18 4.436637e+02
392000 1.229698e-22 -4.109305e-18 5.300892e-18 1.781333e+01
393000 5.261714e-23 -4.034456e-18 5.327403e-18 7.622088e+00
394000 2.162719e-22 -4.036881e-18 5.326615e-18 3.132902e+01
395000 1.180225e-21 -4.043260e-18 5.510384e-18 1.709666e+02
396000 4.234753e-23 -4.029406e-18 5.475077e-18 6.134438e+00
397000 2.299744e-22 -4.022077e-18 5.465888e-18 3.331395e+01
398000 6.943943e-23 -4.025070e-18 5.467971e-18 1.005895e+01
399000 3.282573e-22 -4.034001e-18 5.487311e-18 4.755116e+01
400000 6.601089e-22 -4.021162e-18 5.646019e-18 9.562298e+01
401000 1.243142e-22 -4.077339e-18 5.534301e-18 1.800808e+01
402000 1.052814e-21 -4.080453e-18 5.538384e-18 1.525100e+02
403000 6.227855e-23 -4.077003e-18 5.534411e-18 9.021634e+00
404000 2.067800e-21 -4.077656e-18 5.536171e-18 2.995403e+02
405000 1.011796e-23 -4.076524e-18 5.714773e-18 1.465682e+00
406000 4.447349e-22 -4.002358e-18 5.734538e-18 6.442403e+01
407000 2.779170e-21 -3.997977e-18 5.733479e-18 4.025890e+02
408000 1.849458e-21 -4.007231e-18 5.743838e-18 2.679114e+02
409000 1.198307e-22 -3.996586e-18 5.730451e-18 1.735861e+01
410000 6.287825e-22 -3.986277e-18 5.915274e-18 9.108506e+01
411000 1.748156e-21 -4.087791e-18 5.778034e-18 2.532368e+02
412000 9.856538e-21 -4.052090e-18 5.799553e-18 1.427812e+03
413000 5.505264e-21 -3.967334e-18 5.900243e-18 7.974893e+02
414000 1.851453e-22 -3.951387e-18 5.891171e-18 2.682004e+01
415000 2.552058e-21 -3.962324e-18 6.072660e-18 3.696896e+02
416000 4.471847e-23 -3.939615e-18 6.038209e-18 6.477892e+00
417000 6.951542e-21 -3.936496e-18 6.042963e-18 1.006996e+03
418000 3.804563e-21 -3.927353e-18 6.040026e-18 5.511267e+02
419000 8.436998e-22 -3.935552e-18 6.036450e-18 1.222179e+02
420000 6.987262e-21 -3.938890e-18 6.224537e-18 1.012171e+03
421000 3.135081e-19 -4.053794e-18 6.421700e-18 4.541460e+04
422000 9.614092e-21 -4.042703e-18 6.047031e-18 1.392692e+03
423000 7.100808e-22 -4.045910e-18 6.035121e-18 1.028619e+02
424000 2.502910e-21 -4.054811e-18 6.031191e-18 3.625701e+02
425000 1.011166e-22 -4.054604e-18 6.208828e-18 1.464769e+01
426000 3.138052e-22 -4.038747e-18 6.181999e-18 4.545764e+01
427000 2.571479e-21 -4.029498e-18 6.177888e-18 3.725029e+02
428000 9.855622e-22 -4.032762e-18 6.176717e-18 1.427680e+02
429000 8.213839e-22 -4.034646e-18 6.177639e-18 1.189852e+02
430000 2.831826e-21 -4.025634e-18 6.359481e-18 4.102166e+02
431000 2.816705e-20 -4.023554e-18 6.393781e-18 4.080263e+03
432000 6.646052e-23 -4.109078e-18 6.260092e-18 9.627432e+00
433000 2.603069e-21 -4.105395e-18 6.262158e-18 3.770791e+02
434000 5.609185e-21 -4.103130e-18 6.263877e-18 8.125433e+02
435000 2.235100e-19 -4.062500e-18 6.721222e-18 3.237753e+04
436000 1.652850e-20 -4.108669e-18 6.408737e-18 2.394308e+03
437000 1.827866e-19 -4.041531e-18 6.658594e-18 2.647836e+04
438000 2.227405e-23 -4.060798e-18 6.500211e-18 3.226605e+00
439000 1.879706e-21 -4.109427e-18 6.387354e-18 2.722931e+02
440000 2.493643e-23 -4.090419e-18 6.555514e-18 3.612276e+00
441000 1.331441e-22 -4.069954e-18 6.558249e-18 1.928718e+01
442000 1.928182e-20 -4.104069e-18 6.549023e-18 2.793154e+03
443000 1.655182e-19 -4.088307e-18 6.717526e-18 2.397688e+04
444000 5.188392e-22 -4.103020e-18 6.500821e-18 7.515874e+01
445000 1.060278e-23 -3.991517e-18 6.751365e-18 1.535913e+00
446000 5.828528e-22 -4.109752e-18 6.626719e-18 8.443171e+01
447000 1.910783e-20 -4.106799e-18 6.661419e-18 2.767950e+03
448000 7.640599e-23 -4.109300e-18 6.620812e-18 1.106813e+01
449000 2.156070e-22 -4.108809e-18 6.621209e-18 3.123270e+01
450000 3.144882e-22 -4.109240e-18 6.807091e-18 4.555657e+01
451000 1.204975e-20 -4.103246e-18 6.782938e-18 1.745520e+03
452000 2.243336e-20 -4.107779e-18 6.775038e-18 3.249683e+03
453000 1.230655e-21 -4.109342e-18 6.744208e-18 1.782719e+02
454000 1.679508e-20 -4.109688e-18 6.815640e-18 2.432925e+03
455000 5.200714e-22 -4.108676e-18 6.922937e-18 7.533724e+01
456000 8.988586e-25 -4.101746e-18 6.894344e-18 1.302081e-01
457000 1.230457e-21 -4.103210e-18 6.896395e-18 1.782433e+02
458000 5.140844e-22 -4.097958e-18 6.891739e-18 7.446996e+01
459000 4.282359e-22 -4.097049e-18 6.891056e-18 6.203400e+01
460000 3.106526e-22 -4.085942e-18 7.081974e-18 4.500096e+01
461000 8.067675e-22 -4.063907e-18 7.049710e-18 1.168679e+02
462000 3.992227e-23 -4.074786e-18 7.050846e-18 5.783117e+00
463000 3.211475e-22 -4.064502e-18 7.047938e-18 4.652124e+01
464000 1.099166e-19 -4.031317e-18 7.188290e-18 1.592246e+04
465000 1.324230e-22 -4.034727e-18 7.244753e-18 1.918271e+01
466000 1.355728e-20 -3.893012e-18 7.281422e-18 1.963899e+03
467000 9.731005e-22 -3.904941e-18 7.261657e-18 1.409628e+02
468000 3.834120e-22 -3.912139e-18 7.261873e-18 5.554083e+01
469000 3.687005e-21 -3.911328e-18 7.264807e-18 5.340974e+02
470000 4.714445e-20 -4.080866e-18 7.418133e-18 6.829318e+03
471000 5.584869e-22 -4.107249e-18 7.282576e-18 8.090209e+01
472000 1.117724e-20 -4.100526e-18 7.265958e-18 1.619128e+03
473000 8.455578e-23 -4.098832e-18 7.255037e-18 1.224870e+01
474000 2.871949e-21 -4.099172e-18 7.257706e-18 4.160288e+02
475000 6.906721e-22 -4.098947e-18 7.435594e-18 1.000504e+02
476000 3.169497e-21 -3.939070e-18 7.464541e-18 4.591315e+02
477000 1.252718e-21 -3.961304e-18 7.450206e-18 1.814680e+02
478000 5.211835e-21 -3.956054e-18 7.454676e-18 7.549833e+02
479000 9.865090e-21 -3.963018e-18 7.459183e-18 1.429051e+03
480000 1.360998e-21 -3.960354e-18 7.630232e-18 1.971533e+02
481000 6.801903e-20 -3.950488e-18 7.726113e-18 9.853197e+03
482000 2.785457e-20 -4.103433e-18 7.488079e-18 4.034997e+03
483000 1.034617e-19 -4.008340e-18 7.660231e-18 1.498740e+04
484000 1.432392e-20 -4.037582e-18 7.613020e-18 2.074954e+03
485000 7.094051e-21 -3.729806e-18 7.977288e-18 1.027640e+03
486000 3.892400e-22 -3.909232e-18 7.740901e-18 5.638508e+01
487000 3.613555e-21 -3.987472e-18 7.727730e-18 5.234575e+02
488000 9.712391e-22 -3.904816e-18 7.741686e-18 1.406931e+02
489000 9.488906e-22 -3.918788e-18 7.748397e-18 1.374557e+02
490000 1.131556e-22 -3.908505e-18 7.920526e-18 1.639165e+01
491000 5.450443e-21 -3.876243e-18 7.898287e-18 7.895480e+02
492000 2.076685e-23 -3.884133e-18 7.896104e-18 3.008274e+00
493000 5.675202e-22 -3.884303e-18 7.896787e-18 8.221064e+01
494000 3.017431e-22 -3.889698e-18 7.902104e-18 4.371033e+01
495000 2.148630e-22 -3.883961e-18 8.076163e-18 3.112492e+01
496000 9.784953e-20 -4.096141e-18 7.970721e-18 1.417442e+04
497000 5.532242e-20 -4.080383e-18 8.024708e-18 8.013973e+03
498000 7.050073e-21 -4.109990e-18 7.875931e-18 1.021269e+03
499000 4.447802e-22 -3.823063e-18 8.057550e-18 6.443060e+01
500000 2.479345e-21 -3.854690e-18 8.222535e-18 3.591564e+02
501000 1.778017e-21 -4.109896e-18 7.990334e-18 2.575625e+02
502000 9.149728e-20 -3.755646e-18 8.375045e-18 1.325424e+04
503000 5.733802e-19 -4.107598e-18 8.563175e-18 8.305951e+04
504000 3.660111e-21 -4.037111e-18 8.039329e-18 5.302015e+02
505000 3.568928e-22 -4.066403e-18 8.193050e-18 5.169927e+01
506000 5.782318e-21 -4.109623e-18 8.117058e-18 8.376232e+02
507000 9.234276e-22 -4.109998e-18 8.110188e-18 1.337672e+02
508000 6.261211e-21 -4.093100e-18 8.124117e-18 9.069954e+02
509000 4.130626e-22 -4.031676e-18 8.158533e-18 5.983601e+01
510000 1.635166e-21 -4.047212e-18 8.341403e-18 2.368693e+02
511000 2.528131e-20 -3.840074e-18 8.470918e-18 3.662236e+03
512000 1.073214e-22 -4.067975e-18 8.317209e-18 1.554651e+01
513000 7.752581e-21 -4.064473e-18 8.327899e-18 1.123034e+03
514000 3.963173e-21 -4.061418e-18 8.327852e-18 5.741030e+02
515000 3.494378e-22 -4.066049e-18 8.498837e-18 5.061935e+01
516000 8.935480e-25 -4.006210e-18 8.397001e-18 1.294388e-01
517000 1.166541e-19 -3.917070e-18 8.563332e-18 1.689844e+04
518000 7.255934e-19 -4.107253e-18 9.067928e-18 1.051090e+05
519000 8.918735e-20 -3.968360e-18 8.567228e-18 1.291963e+04
520000 1.038716e-23 -4.104146e-18 8.479918e-18 1.504677e+00
521000 4.057261e-23 -4.082564e-18 8.471341e-18 5.877325e+00
522000 4.167122e-21 -4.102747e-18 8.482376e-18 6.036468e+02
523000 1.670173e-21 -4.080712e-18 8.477146e-18 2.419403e+02
524000 9.720943e-23 -4.082591e-18 8.471351e-18 1.408170e+01
525000 1.499320e-20 -4.095355e-18 8.676264e-18 2.171906e+03
526000 8.206939e-21 -4.109325e-18 8.603481e-18 1.188852e+03
527000 2.512427e-22 -4.109963e-18 8.592696e-18 3.639486e+01
528000 4.395197e-21 -4.109600e-18 8.595962e-18 6.366856e+02
529000 6.157922e-21 -4.108416e-18 8.622648e-18 8.920330e+02
530000 6.839792e-26 -4.109512e-18 8.772736e-18 9.908082e-03
531000 6.486669e-22 -4.105174e-18 8.725977e-18 9.396550e+01
532000 6.947256e-22 -4.109316e-18 8.733730e-18 1.006375e+02
533000 1.331991e-21 -4.105682e-18 8.727538e-18 1.929514e+02
534000 1.028128e-21 -4.109430e-18 8.733050e-18 1.489340e+02
535000 1.369295e-22 -4.109885e-18 8.911791e-18 1.983553e+01
536000 4.660821e-22 -4.104357e-18 8.846447e-18 6.751637e+01
537000 3.150101e-22 -4.104601e-18 8.846138e-18 4.563218e+01
538000 3.692902e-22 -4.102546e-18 8.853461e-18 5.349516e+01
539000 2.936979e-22 -4.106312e-18 8.851623e-18 4.254491e+01
540000 4.061628e-21 -4.106698e-18 9.038517e-18 5.883650e+02
541000 2.757891e-19 -4.089826e-18 9.266986e-18 3.995064e+04
542000 3.320022e-21 -3.940002e-18 9.054873e-18 4.809364e+02
543000 2.768804e-21 -3.924448e-18 9.046863e-18 4.010873e+02
544000 1.316091e-19 -3.915441e-18 9.179241e-18 1.906482e+04
545000 4.682909e-21 -3.899488e-18 9.245521e-18 6.783634e+02
546000 5.869915e-21 -4.104416e-18 9.085133e-18 8.503124e+02
547000 1.461262e-22 -3.826980e-18 9.272188e-18 2.116776e+01
548000 4.819338e-21 -3.840002e-18 9.290364e-18 6.981264e+02
549000 2.437946e-22 -3.822938e-18 9.270558e-18 3.531594e+01
550000 1.041923e-22 -3.820014e-18 9.450022e-18 1.509323e+01
551000 6.615905e-20 -4.101205e-18 9.302538e-18 9.583761e+03
552000 7.429915e-23 -4.008328e-18 9.236922e-18 1.076293e+01
553000 3.926712e-21 -3.870422e-18 9.357267e-18 5.688212e+02
554000 5.187626e-22 -3.848434e-18 9.356047e-18 7.514765e+01
555000 5.334259e-22 -3.942080e-18 9.479715e-18 7.727176e+01
556000 1.106616e-19 -4.016279e-18 9.494579e-18 1.603037e+04
557000 1.788984e-22 -3.991612e-18 9.401662e-18 2.591511e+01
558000 7.401244e-23 -3.800137e-18 9.555363e-18 1.072140e+01
559000 1.199398e-21 -4.083328e-18 9.319216e-18 1.737440e+02
560000 3.176723e-22 -3.967126e-18 9.628575e-18 4.601782e+01
561000 6.128975e-21 -3.850439e-18 9.600522e-18 8.878397e+02
562000 1.933230e-21 -3.841542e-18 9.602304e-18 2.800465e+02
563000 1.588962e-23 -3.863490e-18 9.591385e-18 2.301762e+00
564000 1.511073e-20 -3.998301e-18 9.505682e-18 2.188931e+03
565000 9.737747e-22 -4.084472e-18 9.621053e-18 1.410604e+02
566000 6.138776e-23 -4.081752e-18 9.613347e-18 8.892595e+00
567000 3.450522e-22 -4.072651e-18 9.601340e-18 4.998405e+01
568000 3.696195e-23 -4.071203e-18 9.602126e-18 5.354287e+00
569000 2.497682e-19 -4.069508e-18 9.941137e-18 3.618127e+04
570000 2.187274e-19 -3.906784e-18 1.012057e-17 3.168472e+04
571000 9.667802e-21 -4.102110e-18 9.707228e-18 1.400472e+03
572000 1.467413e-20 -4.009468e-18 9.731991e-18 2.125686e+03
573000 3.524738e-25 -4.074725e-18 9.721199e-18 5.105915e-02
574000 3.424769e-23 -4.071939e-18 9.721441e-18 4.961100e+00
575000 4.245886e-21 -4.073244e-18 9.905088e-18 6.150565e+02
576000 9.122174e-20 -4.039768e-18 9.973461e-18 1.321433e+04
577000 4.025403e-22 -4.002445e-18 9.841408e-18 5.831176e+01
578000 2.719433e-20 -4.012196e-18 9.866820e-18 3.939355e+03
579000 2.058952e-22 -3.778115e-18 1.002771e-17 2.982586e+01
580000 2.211430e-24 -3.765605e-18 1.021557e-17 3.203465e-01
581000 1.368751e-20 -3.707986e-18 1.022694e-17 1.982764e+03
582000 2.145007e-21 -3.705659e-18 1.021740e-17 3.107244e+02
583000 1.956815e-19 -3.217399e-18 1.089828e-17 2.834630e+04
584000 4.914621e-21 -3.761676e-18 1.022277e-17 7.119292e+02
585000 7.588378e-19 -4.079502e-18 1.096815e-17 1.099248e+05
586000 2.380104e-19 -4.105168e-18 1.027722e-17 3.447805e+04
587000 4.686082e-19 -3.282281e-18 1.122633e-17 6.788230e+04
588000 1.482657e-21 -3.839022e-18 1.020441e-17 2.147768e+02
589000 2.342077e-24 -3.860991e-18 1.019734e-17 3.392719e-01
590000 2.972237e-21 -3.844860e-18 1.038191e-17 4.305565e+02
591000 4.250647e-21 -4.034736e-18 1.022802e-17 6.157461e+02
592000 2.443839e-19 -4.090220e-18 1.048157e-17 3.540131e+04
593000 2.632705e-20 -3.669719e-18 1.052443e-17 3.813721e+03
594000 8.724725e-21 -4.100862e-18 1.020690e-17 1.263858e+03
595000 4.120471e-20 -4.031897e-18 1.043787e-17 5.968890e+03
596000 1.705284e-19 -3.963036e-18 1.064766e-17 2.470265e+04
597000 1.667436e-20 -4.102501e-18 1.033233e-17 2.415438e+03
598000 7.792970e-21 -2.723192e-18 1.156460e-17 1.128885e+03
599000 3.345715e-19 -4.094127e-18 1.069087e-17 4.846583e+04
600000 6.607800e-20 -3.965784e-18 1.071784e-17 9.572020e+03
601000 5.608048e-20 -3.997784e-18 1.054219e-17 8.123786e+03
602000 4.605978e-20 -4.109223e-18 1.050999e-17 6.672192e+03
603000 1.055057e-19 -3.828354e-18 1.072486e-17 1.528350e+04
604000 6.060174e-21 -4.095633e-18 1.047786e-17 8.778732e+02
605000 4.597462e-20 -4.064642e-18 1.071849e-17 6.659856e+03
606000 8.902078e-19 -3.916791e-18 1.157572e-17 1.289550e+05
607000 1.044072e-21 -2.934737e-18 1.158631e-17 1.512437e+02
608000 1.844279e-19 -4.080014e-18 1.080487e-17 2.671612e+04
609000 2.364273e-20 -3.489986e-18 1.105366e-17 3.424872e+03
610000 1.747083e-19 -4.004302e-18 1.093942e-17 2.530815e+04
611000 4.270409e-19 -3.994740e-18 1.112892e-17 6.186089e+04
612000 2.460103e-19 -4.109178e-18 1.096328e-17 3.563690e+04
613000 4.462221e-20 -4.083386e-18 1.083674e-17 6.463948e+03
614000 1.651156e-20 -4.101883e-18 1.067627e-17 2.391855e+03
615000 9.351908e-19 -4.035928e-18 1.187848e-17 1.354712e+05
616000 1.512351e-19 -3.862676e-18 1.113580e-17 2.190783e+04
617000 4.490539e-21 -4.059793e-18 1.090121e-17 6.504969e+02
618000 1.019315e-20 -3.879624e-18 1.098341e-17 1.476574e+03
619000 3.060259e-19 -3.204588e-18 1.186144e-17 4.433072e+04
620000 3.270896e-20 -3.746302e-18 1.127701e-17 4.738201e+03
621000 9.181435e-20 -3.720373e-18 1.134785e-17 1.330017e+04
622000 1.466546e-19 -4.046528e-18 1.110197e-17 2.124430e+04
623000 4.708733e-19 -3.046500e-18 1.230437e-17 6.821043e+04
624000 2.656584e-19 -3.960855e-18 1.127403e-17 3.848311e+04
625000 1.320219e-19 -3.689575e-18 1.150253e-17 1.912462e+04
626000 7.130536e-19 -4.056283e-18 1.184445e-17 1.032925e+05
627000 1.790849e-19 -3.995658e-18 1.123821e-17 2.594213e+04
628000 1.631334e-21 -4.062530e-18 1.114500e-17 2.363141e+02
629000 4.714718e-22 -3.964801e-18 1.112356e-17 6.829713e+01
630000 6.042836e-20 -3.380908e-18 1.185952e-17 8.753616e+03
631000 5.978502e-19 -3.619712e-18 1.209859e-17 8.660423e+04
632000 4.852930e-20 -4.017240e-18 1.127341e-17 7.029926e+03
633000 5.923727e-19 -3.680687e-18 1.205157e-17 8.581076e+04
634000 1.204404e-20 -4.024152e-18 1.126087e-17 1.744692e+03
635000 1.748966e-20 -3.777340e-18 1.158644e-17 2.533543e+03
636000 4.029805e-19 -4.089402e-18 1.172333e-17 5.837552e+04
637000 3.312961e-19 -4.103414e-18 1.157645e-17 4.799136e+04
638000 4.407759e-20 -4.041076e-18 1.146424e-17 6.385054e+03
639000 8.325542e-20 -3.434066e-18 1.188919e-17 1.206033e+04
640000 1.944955e-19 -3.680154e-18 1.198899e-17 2.817451e+04
641000 2.541963e-22 -3.634287e-18 1.173590e-17 3.682273e+01
642000 4.958198e-19 -3.777112e-18 1.213452e-17 7.182416e+04
643000 4.667624e-19 -3.639459e-18 1.220321e-17 6.761492e+04
644000 9.153006e-20 -4.101185e-18 1.147740e-17 1.325899e+04
645000 6.808697e-20 -4.030134e-18 1.177252e-17 9.863038e+03
646000 1.530841e-19 -3.679258e-18 1.197225e-17 2.217567e+04
647000 7.766105e-20 -4.020055e-18 1.169829e-17 1.124993e+04
648000 1.838870e-20 -3.276066e-18 1.222235e-17 2.663777e+03
649000 3.330628e-20 -3.720757e-18 1.189714e-17 4.824728e+03
650000 1.418523e-19 -3.984625e-18 1.189318e-17 2.054864e+04
651000 1.114843e-23 -3.643684e-18 1.197888e-17 1.614954e+00
652000 1.976769e-22 -3.632481e-18 1.197605e-17 2.863536e+01
653000 3.089718e-21 -3.637135e-18 1.197891e-17 4.475747e+02
654000 1.605730e-22 -3.630126e-18 1.197660e-17 2.326051e+01
655000 2.105058e-19 -4.057338e-18 1.211413e-17 3.049375e+04
656000 4.739329e-19 -3.926267e-18 1.239056e-17 6.865364e+04
657000 9.519981e-23 -4.103101e-18 1.175783e-17 1.379059e+01
658000 2.053343e-20 -3.782343e-18 1.200903e-17 2.974461e+03
659000 1.288979e-20 -4.076973e-18 1.190118e-17 1.867208e+03
660000 1.076018e-18 -3.876580e-18 1.319113e-17 1.558713e+05
661000 1.124164e-19 -1.476310e-18 1.447611e-17 1.628457e+04
662000 4.436133e-19 -3.986617e-18 1.245755e-17 6.426156e+04
663000 9.896285e-19 -4.005820e-18 1.289280e-17 1.433570e+05
664000 3.898190e-20 -4.109918e-18 1.195510e-17 5.646895e+03
665000 5.702449e-19 -4.109804e-18 1.266344e-17 8.260533e+04
666000 2.252669e-18 -3.423277e-18 1.480544e-17 3.263203e+05
667000 1.588718e-19 -3.831258e-18 1.234571e-17 2.301407e+04
668000 7.210833e-22 -4.091438e-18 1.203861e-17 1.044557e+02
669000 3.787367e-19 -3.862634e-18 1.260670e-17 5.486357e+04
670000 1.076503e-21 -3.947257e-18 1.228468e-17 1.559416e+02
671000 2.765883e-19 -3.354950e-18 1.300164e-17 4.006641e+04
672000 3.110823e-19 -4.107296e-18 1.247025e-17 4.506320e+04
673000 7.061203e-19 -3.938760e-18 1.299329e-17 1.022882e+05
674000 4.968641e-24 -4.099844e-18 1.212415e-17 7.197544e-01
675000 2.123079e-22 -3.440146e-18 1.282007e-17 3.075480e+01
676000 1.294209e-18 -3.871420e-18 1.369328e-17 1.874783e+05
677000 3.835049e-21 -3.472079e-18 1.273187e-17 5.555430e+02
678000 2.853506e-21 -3.964226e-18 1.245976e-17 4.133572e+02
679000 5.148519e-19 -4.099771e-18 1.275950e-17 7.458114e+04
680000 2.133000e-19 -3.742370e-18 1.288563e-17 3.089852e+04
681000 1.426641e-19 -3.432053e-18 1.303933e-17 2.066624e+04
682000 2.989692e-19 -2.590536e-18 1.402843e-17 4.330850e+04
683000 9.906323e-20 -1.761391e-18 1.465767e-17 1.435024e+04
684000 5.650910e-21 -4.109064e-18 1.240880e-17 8.185875e+02
685000 1.207609e-19 -4.108130e-18 1.268316e-17 1.749335e+04
686000 2.138033e-19 -3.157805e-18 1.349600e-17 3.097142e+04
687000 6.427555e-23 -3.832507e-18 1.268734e-17 9.310918e+00
688000 6.442916e-20 -4.107295e-18 1.258359e-17 9.333170e+03
689000 4.293012e-21 -3.420989e-18 1.304176e-17 6.218832e+02
690000 6.837986e-21 -4.096423e-18 1.265892e-17 9.905466e+02
691000 1.081534e-18 -3.794905e-18 1.391697e-17 1.566704e+05
692000 1.646035e-19 -4.071064e-18 1.288133e-17 2.384436e+04
693000 9.013009e-21 -3.580986e-18 1.298807e-17 1.305619e+03
694000 1.751938e-18 -4.058091e-18 1.444621e-17 2.537847e+05
695000 3.156467e-19 -4.109453e-18 1.316844e-17 4.572440e+04
696000 1.124881e-18 -3.787962e-18 1.406797e-17 1.629496e+05
697000 3.743781e-21 -3.618789e-18 1.306677e-17 5.423219e+02
698000 1.691275e-20 -5.032545e-21 1.669188e-17 2.449971e+03
699000 2.854833e-19 -3.766827e-18 1.322679e-17 4.135495e+04
700000 1.393849e-21 -4.071937e-18 1.297028e-17 2.019121e+02
701000 6.542074e-19 -4.108057e-18 1.354857e-17 9.476810e+04
702000 5.454064e-22 -3.405708e-18 1.339880e-17 7.900725e+01
703000 7.392423e-19 -2.972138e-18 1.457196e-17 1.070862e+05
704000 6.111719e-22 -4.049799e-18 1.292701e-17 8.853400e+01
705000 1.328497e-20 -4.059078e-18 1.312202e-17 1.924453e+03
706000 3.284421e-18 -2.820344e-18 1.738408e-17 4.757793e+05
707000 2.319859e-19 -3.634659e-18 1.352762e-17 3.360533e+04
708000 1.761553e-20 -3.818685e-18 1.318921e-17 2.551775e+03
709000 1.966800e-21 -3.833189e-18 1.316899e-17 2.849095e+02
710000 5.201477e-19 -4.085684e-18 1.369937e-17 7.534829e+04
711000 5.140543e-19 -4.041245e-18 1.376723e-17 7.446560e+04
712000 1.978502e-19 -3.650671e-18 1.358944e-17 2.866046e+04
713000 7.939889e-22 -3.800794e-18 1.328961e-17 1.150168e+02
714000 1.084031e-20 -3.821147e-18 1.330222e-17 1.570321e+03
715000 1.890866e-22 -3.828357e-18 1.346923e-17 2.739097e+01
716000 2.783432e-20 -2.801704e-18 1.438613e-17 4.032063e+03
717000 1.316164e-18 -3.601776e-18 1.487456e-17 1.906587e+05
718000 4.526436e-22 -4.064840e-18 1.330886e-17 6.556968e+01
719000 1.016808e-21 -3.630555e-18 1.353080e-17 1.472942e+02
720000 7.666417e-19 -4.011144e-18 1.418071e-17 1.110553e+05
721000 7.642689e-19 -4.084396e-18 1.418543e-17 1.107115e+05
722000 8.570680e-21 -3.999344e-18 1.340706e-17 1.241544e+03
723000 3.151998e-19 -4.105538e-18 1.363052e-17 4.565965e+04
724000 7.383307e-19 -2.209150e-18 1.580918e-17 1.069541e+05
725000 9.753166e-19 -3.618874e-18 1.481828e-17 1.412838e+05
726000 2.065903e-19 -3.925489e-18 1.380375e-17 2.992655e+04
727000 4.718189e-19 -3.767861e-18 1.422827e-17 6.834741e+04
728000 1.634362e-18 -3.836183e-18 1.533531e-17 2.367527e+05
729000 9.041368e-20 -3.731895e-18 1.383814e-17 1.309727e+04
730000 2.531661e-18 -4.088790e-18 1.622020e-17 3.667349e+05
731000 2.356003e-19 -1.769595e-18 1.598600e-17 3.412892e+04
732000 1.879658e-19 -1.989341e-18 1.572085e-17 2.722862e+04
733000 3.278840e-19 -4.094650e-18 1.383302e-17 4.749708e+04
734000 9.467114e-19 -4.099349e-18 1.459045e-17 1.371400e+05
735000 3.899516e-19 -4.031320e-18 1.428412e-17 5.648816e+04
736000 1.054931e-20 -3.477035e-18 1.417351e-17 1.528167e+03
737000 7.767485e-19 -2.678435e-18 1.573831e-17 1.125193e+05
738000 1.576912e-19 -2.934452e-18 1.491984e-17 2.284305e+04
739000 2.985651e-19 -2.645837e-18 1.529273e-17 4.324996e+04
740000 1.734389e-19 -3.628697e-18 1.436475e-17 2.512426e+04
741000 1.677252e-18 -4.109599e-18 1.548321e-17 2.429657e+05
742000 3.748384e-19 -4.105195e-18 1.429016e-17 5.429888e+04
743000 1.658401e-21 -4.088586e-18 1.387209e-17 2.402350e+02
744000 1.020242e-19 -4.087149e-18 1.388415e-17 1.477916e+04
745000 3.468826e-20 -1.779845e-18 1.619484e-17 5.024920e+03
746000 2.663986e-19 -3.664894e-18 1.456812e-17 3.859035e+04
747000 1.433832e-20 -2.041409e-18 1.585293e-17 2.077041e+03
748000 4.879889e-19 -4.015882e-18 1.447387e-17 7.068979e+04
749000 1.433521e-18 -4.109750e-18 1.546942e-17 2.076590e+05
750000 7.299583e-21 -3.744159e-18 1.442005e-17 1.057413e+03
751000 1.237457e-20 -4.004197e-18 1.412785e-17 1.792573e+03
752000 1.332251e-19 -3.498268e-18 1.463496e-17 1.929891e+04
753000 1.473541e-22 -3.607709e-18 1.444623e-17 2.134563e+01
754000 2.226460e-19 -4.074700e-18 1.438074e-17 3.225237e+04
755000 6.434677e-21 -3.666931e-18 1.452764e-17 9.321236e+02
756000 6.493098e-19 -4.040943e-18 1.498571e-17 9.405863e+04
757000 3.852435e-20 -3.825039e-18 1.446794e-17 5.580615e+03
758000 1.675876e-19 -4.044053e-18 1.448182e-17 2.427665e+04
759000 6.017789e-20 -3.434770e-18 1.475245e-17 8.717334e+03
760000 2.134809e-19 -3.781014e-18 1.480807e-17 3.092471e+04
761000 1.307468e-23 -3.526698e-18 1.471335e-17 1.893990e+00
762000 2.494680e-19 -3.655363e-18 1.489350e-17 3.613779e+04
763000 2.861084e-19 -3.662145e-18 1.492898e-17 4.144550e+04
764000 7.200340e-21 -4.095755e-18 1.436261e-17 1.043037e+03
765000 4.658460e-19 -3.536985e-18 1.534901e-17 6.748217e+04
766000 1.241800e-18 -3.726118e-18 1.600088e-17 1.798865e+05
767000 2.570606e-18 -4.052831e-18 1.706924e-17 3.723765e+05
768000 5.015942e-19 -2.771105e-18 1.609049e-17 7.266064e+04
769000 9.479642e-20 -4.021589e-18 1.465059e-17 1.373215e+04
770000 1.706904e-20 -3.772218e-18 1.490143e-17 2.472611e+03
771000 2.759266e-19 -4.054495e-18 1.492076e-17 3.997057e+04
772000 2.500356e-19 -3.827929e-18 1.504219e-17 3.622001e+04
773000 1.687447e-19 -3.721982e-18 1.503296e-17 2.444425e+04
774000 6.532179e-19 -3.953543e-18 1.532913e-17 9.462476e+04
775000 9.712378e-19 -3.579163e-18 1.605378e-17 1.406929e+05
776000 1.425562e-18 -2.363669e-18 1.766189e-17 2.065061e+05
777000 5.720287e-19 -3.843989e-18 1.539418e-17 8.286373e+04
778000 1.826850e-20 -3.404976e-18 1.521698e-17 2.646364e+03
779000 1.538201e-19 -2.382745e-18 1.637107e-17 2.228229e+04
780000 7.872089e-20 -4.071644e-18 1.505220e-17 1.140346e+04
781000 8.198809e-19 -4.070572e-18 1.579650e-17 1.187675e+05
782000 2.358095e-18 -3.718433e-18 1.748463e-17 3.415923e+05
783000 1.412312e-18 -3.844454e-18 1.641262e-17 2.045866e+05
784000 6.417020e-21 -4.094417e-18 1.471212e-17 9.295657e+02
785000 2.732906e-18 -3.214933e-18 1.847802e-17 3.958871e+05
786000 1.047918e-19 -2.553907e-18 1.639088e-17 1.518007e+04
787000 1.118294e-20 -4.103241e-18 1.488977e-17 1.619954e+03
788000 8.155982e-20 -3.834829e-18 1.522554e-17 1.181471e+04
789000 3.938250e-19 -3.636771e-18 1.565372e-17 5.704926e+04
790000 1.721187e-21 -4.031307e-18 1.514324e-17 2.493301e+02
791000 4.489730e-19 -4.038295e-18 1.563632e-17 6.503796e+04
792000 6.865604e-21 -1.406666e-18 1.756020e-17 9.945474e+02
793000 2.409954e-19 -4.056374e-18 1.534645e-17 3.491045e+04
794000 4.315511e-21 -3.605109e-18 1.538250e-17 6.251425e+02
795000 7.366358e-20 -1.867576e-18 1.734609e-17 1.067086e+04
796000 6.540162e-20 -3.735516e-18 1.545810e-17 9.474040e+03
797000 8.852466e-21 -3.155966e-18 1.593289e-17 1.282363e+03
798000 7.828062e-19 -3.983563e-18 1.604886e-17 1.133968e+05
799000 8.845031e-19 -4.108333e-18 1.604654e-17 1.281286e+05
800000 3.706486e-21 -4.103512e-18 1.530397e-17 5.369194e+02
801000 1.510087e-21 -4.099370e-18 1.528470e-17 2.187504e+02
802000 4.177281e-22 -4.100143e-18 1.528397e-17 6.051185e+01
803000 1.800461e-18 -4.101711e-18 1.708921e-17 2.608138e+05
804000 1.676587e-18 -3.504014e-18 1.739404e-17 2.428694e+05
805000 7.720647e-19 -3.682153e-18 1.654571e-17 1.118408e+05
806000 2.020215e-19 -3.862899e-18 1.572482e-17 2.926472e+04
807000 3.931517e-22 -4.099445e-18 1.540356e-17 5.695172e+01
808000 1.425725e-21 -4.109042e-18 1.540780e-17 2.065297e+02
809000 1.407988e-21 -4.108929e-18 1.540807e-17 2.039603e+02
810000 3.899928e-21 -3.906290e-18 1.570226e-17 5.649413e+02
811000 5.230024e-19 -4.098289e-18 1.604780e-17 7.576181e+04
812000 1.154594e-18 -3.476967e-18 1.715690e-17 1.672537e+05
813000 8.655277e-20 -3.346888e-18 1.618409e-17 1.253798e+04
814000 2.247595e-19 -2.531450e-18 1.713331e-17 3.255853e+04
815000 1.746847e-19 -3.305492e-18 1.649032e-17 2.530472e+04
816000 4.312832e-20 -3.171938e-18 1.643119e-17 6.247543e+03
817000 6.712870e-20 -3.846545e-18 1.590600e-17 9.724224e+03
818000 5.770885e-19 -4.032413e-18 1.637962e-17 8.359670e+04
819000 2.512079e-19 -4.108356e-18 1.594223e-17 3.638983e+04
820000 5.782734e-21 -4.097581e-18 1.583269e-17 8.376835e+02
821000 8.589365e-19 -2.715457e-18 1.782348e-17 1.244250e+05
822000 4.659250e-21 -4.070102e-18 1.586326e-17 6.749362e+02
823000 1.083649e-18 -3.898167e-18 1.698855e-17 1.569767e+05
824000 2.451959e-19 -4.049268e-18 1.608128e-17 3.551894e+04
825000 5.089147e-19 -3.877440e-18 1.665801e-17 7.372108e+04
826000 1.099267e-20 -4.109774e-18 1.590975e-17 1.592391e+03
827000 7.404630e-20 -4.104285e-18 1.599267e-17 1.072630e+04
828000 1.337097e-19 -7.184309e-19 1.921528e-17 1.936911e+04
829000 5.707279e-20 -4.097684e-18 1.596156e-17 8.267531e+03
830000 2.093339e-20 -3.117358e-18 1.688358e-17 3.032399e+03
831000 8.158845e-21 -4.067105e-18 1.608043e-17 1.181885e+03
832000 5.240225e-19 -3.910195e-18 1.666343e-17 7.590959e+04
833000 1.038238e-21 -3.938902e-18 1.612853e-17 1.503986e+02
834000 3.277916e-19 -3.877935e-18 1.644970e-17 4.748369e+04
835000 2.043766e-21 -4.027316e-18 1.620482e-17 2.960587e+02
836000 9.508844e-19 -3.741447e-18 1.743109e-17 1.377446e+05
837000 1.573805e-18 -4.026132e-18 1.777672e-17 2.279805e+05
838000 1.506334e-20 -3.895788e-18 1.627835e-17 2.182067e+03
839000 7.543382e-23 -4.109647e-18 1.613350e-17 1.092730e+01
840000 3.993887e-23 -4.101212e-18 1.634824e-17 5.785521e+00
841000 3.237031e-24 -3.850475e-18 1.645931e-17 4.689144e-01
842000 3.125714e-22 -4.080412e-18 1.630605e-17 4.527890e+01
843000 1.335682e-22 -4.093127e-18 1.632299e-17 1.934861e+01
844000 8.213806e-23 -4.085457e-18 1.630625e-17 1.189847e+01
845000 2.311270e-21 -4.080838e-18 1.648780e-17 3.348092e+02
846000 1.565013e-21 -4.005046e-18 1.641939e-17 2.267068e+02
847000 4.842458e-23 -4.004737e-18 1.641802e-17 7.014756e+00
848000 5.749633e-19 -2.980420e-18 1.787454e-17 8.328885e+04
849000 2.352286e-19 -3.040309e-18 1.747492e-17 3.407508e+04
850000 5.479727e-24 -4.109829e-18 1.656210e-17 7.937900e-01
851000 1.454648e-19 -3.900762e-18 1.677117e-17 2.107194e+04
852000 1.983234e-18 -4.109996e-18 1.855991e-17 2.872901e+05
853000 6.518858e-20 -2.737533e-18 1.772766e-17 9.443180e+03
854000 8.931139e-19 -3.684182e-18 1.774548e-17 1.293760e+05
855000 6.320898e-20 -4.109998e-18 1.682219e-17 9.156415e+03
856000 8.845487e-20 -4.031092e-18 1.684926e-17 1.281352e+04
857000 9.084148e-19 -1.102529e-18 2.032589e-17 1.315924e+05
858000 7.397768e-22 -4.011108e-18 1.668864e-17 1.071636e+02
859000 1.149971e-18 -4.107028e-18 1.780944e-17 1.665842e+05
860000 2.881103e-19 -1.013621e-18 1.997449e-17 4.173549e+04
861000 1.380117e-18 -2.094591e-18 1.992553e-17 1.999229e+05
862000 2.122369e-18 -4.041203e-18 1.897708e-17 3.074452e+05
863000 8.854499e-20 -4.096739e-18 1.686259e-17 1.282658e+04
864000 1.090500e-19 -3.674362e-18 1.709732e-17 1.579691e+04
865000 1.376210e-19 -2.867633e-18 1.808999e-17 1.993570e+04
866000 5.052984e-20 -3.757807e-18 1.724485e-17 7.319722e+03
867000 2.964648e-20 -3.695580e-18 1.720810e-17 4.294572e+03
868000 3.341117e-21 -3.795347e-18 1.707638e-17 4.839922e+02
869000 2.769372e-19 -3.898025e-18 1.734183e-17 4.011696e+04
870000 2.809553e-19 -2.691819e-18 1.852914e-17 4.069903e+04
871000 1.285834e-18 -1.917589e-18 2.024825e-17 1.862652e+05
872000 5.285984e-20 -3.936850e-18 1.713605e-17 7.657245e+03
873000 2.279281e-19 -4.107193e-18 1.719566e-17 3.301753e+04
874000 5.846693e-20 -3.335174e-18 1.760556e-17 8.469485e+03
875000 1.160520e-19 -4.105404e-18 1.720929e-17 1.681123e+04
876000 1.321389e-18 -2.843662e-18 1.952168e-17 1.914156e+05
877000 2.276742e-20 -1.769971e-18 1.925280e-17 3.298075e+03
878000 7.491974e-19 -3.936520e-18 1.795227e-17 1.085283e+05
879000 1.194780e-18 -4.080750e-18 1.840031e-17 1.730752e+05
