pX pY pZ 
1.326171e-13 0.000000e+00 0.000000e+00
-4.289492e-14 0.000000e+00 0.000000e+00
2.214387e-13 0.000000e+00 0.000000e+00
1.711936e-13 0.000000e+00 0.000000e+00
2.788719e-14 0.000000e+00 0.000000e+00
-1.101835e-13 0.000000e+00 0.000000e+00
-2.167800e-13 0.000000e+00 0.000000e+00
1.695637e-13 0.000000e+00 0.000000e+00
8.649837e-14 0.000000e+00 0.000000e+00
-7.088358e-14 0.000000e+00 0.000000e+00
-3.356943e-14 0.000000e+00 0.000000e+00
2.088166e-13 0.000000e+00 0.000000e+00
-1.045554e-14 0.000000e+00 0.000000e+00
1.041834e-13 0.000000e+00 0.000000e+00
-1.805571e-14 0.000000e+00 0.000000e+00
2.178650e-15 0.000000e+00 0.000000e+00
-1.622730e-13 0.000000e+00 0.000000e+00
6.638935e-14 0.000000e+00 0.000000e+00
-1.180556e-13 0.000000e+00 0.000000e+00
1.765329e-13 0.000000e+00 0.000000e+00
-6.785831e-14 0.000000e+00 0.000000e+00
3.420318e-13 0.000000e+00 0.000000e+00
-6.927484e-14 0.000000e+00 0.000000e+00
-7.467072e-14 0.000000e+00 0.000000e+00
1.855991e-13 0.000000e+00 0.000000e+00
2.634395e-13 0.000000e+00 0.000000e+00
6.557377e-14 0.000000e+00 0.000000e+00
-3.974917e-14 0.000000e+00 0.000000e+00
3.699898e-14 0.000000e+00 0.000000e+00
-3.288422e-13 0.000000e+00 0.000000e+00
-3.728464e-14 0.000000e+00 0.000000e+00
-2.068790e-13 0.000000e+00 0.000000e+00
8.491956e-14 0.000000e+00 0.000000e+00
-9.300716e-14 0.000000e+00 0.000000e+00
-1.231869e-13 0.000000e+00 0.000000e+00
1.635231e-13 0.000000e+00 0.000000e+00
-1.736814e-14 0.000000e+00 0.000000e+00
-1.643380e-13 0.000000e+00 0.000000e+00
-1.188395e-13 0.000000e+00 0.000000e+00
5.557013e-14 0.000000e+00 0.000000e+00
9.669351e-14 0.000000e+00 0.000000e+00
6.611616e-14 0.000000e+00 0.000000e+00
-1.597110e-13 0.000000e+00 0.000000e+00
-8.311539e-14 0.000000e+00 0.000000e+00
1.014623e-13 0.000000e+00 0.000000e+00
-1.229696e-13 0.000000e+00 0.000000e+00
-7.766667e-15 0.000000e+00 0.000000e+00
2.140135e-13 0.000000e+00 0.000000e+00
-1.871933e-13 0.000000e+00 0.000000e+00
1.918557e-13 0.000000e+00 0.000000e+00
-4.569431e-14 0.000000e+00 0.000000e+00
2.511505e-14 0.000000e+00 0.000000e+00
1.818081e-13 0.000000e+00 0.000000e+00
2.899831e-13 0.000000e+00 0.000000e+00
3.489280e-13 0.000000e+00 0.000000e+00
8.336132e-14 0.000000e+00 0.000000e+00
-1.243186e-13 0.000000e+00 0.000000e+00
1.736300e-13 0.000000e+00 0.000000e+00
-7.518099e-14 0.000000e+00 0.000000e+00
2.486408e-13 0.000000e+00 0.000000e+00
-6.910075e-14 0.000000e+00 0.000000e+00
3.656492e-14 0.000000e+00 0.000000e+00
-4.441941e-14 0.000000e+00 0.000000e+00
2.664177e-14 0.000000e+00 0.000000e+00
-2.281221e-15 0.000000e+00 0.000000e+00
-3.504060e-14 0.000000e+00 0.000000e+00
-3.573294e-14 0.000000e+00 0.000000e+00
-2.980173e-13 0.000000e+00 0.000000e+00
4.029440e-13 0.000000e+00 0.000000e+00
1.368092e-13 0.000000e+00 0.000000e+00
-1.730888e-13 0.000000e+00 0.000000e+00
-8.672591e-14 0.000000e+00 0.000000e+00
-1.398874e-13 0.000000e+00 0.000000e+00
3.094812e-14 0.000000e+00 0.000000e+00
5.044145e-14 0.000000e+00 0.000000e+00
3.668342e-14 0.000000e+00 0.000000e+00
2.355105e-13 0.000000e+00 0.000000e+00
1.157132e-13 0.000000e+00 0.000000e+00
-2.596256e-13 0.000000e+00 0.000000e+00
-1.240776e-13 0.000000e+00 0.000000e+00
2.122159e-13 0.000000e+00 0.000000e+00
5.859844e-14 0.000000e+00 0.000000e+00
1.998036e-13 0.000000e+00 0.000000e+00
-3.537274e-14 0.000000e+00 0.000000e+00
1.083673e-14 0.000000e+00 0.000000e+00
1.563097e-13 0.000000e+00 0.000000e+00
-6.482110e-14 0.000000e+00 0.000000e+00
7.560014e-14 0.000000e+00 0.000000e+00
7.369270e-14 0.000000e+00 0.000000e+00
1.997896e-13 0.000000e+00 0.000000e+00
4.653199e-14 0.000000e+00 0.000000e+00
1.561647e-13 0.000000e+00 0.000000e+00
9.799264e-15 0.000000e+00 0.000000e+00
2.449097e-13 0.000000e+00 0.000000e+00
1.412107e-13 0.000000e+00 0.000000e+00
1.947984e-13 0.000000e+00 0.000000e+00
1.060661e-13 0.000000e+00 0.000000e+00
-1.408118e-13 0.000000e+00 0.000000e+00
1.547937e-13 0.000000e+00 0.000000e+00
-1.445371e-13 0.000000e+00 0.000000e+00
-4.745163e-13 0.000000e+00 0.000000e+00
-1.114322e-13 0.000000e+00 0.000000e+00
1.239661e-13 0.000000e+00 0.000000e+00
-6.299675e-14 0.000000e+00 0.000000e+00
-1.992480e-13 0.000000e+00 0.000000e+00
-2.852396e-13 0.000000e+00 0.000000e+00
-1.489116e-13 0.000000e+00 0.000000e+00
-2.176484e-13 0.000000e+00 0.000000e+00
-2.606848e-13 0.000000e+00 0.000000e+00
-1.566022e-13 0.000000e+00 0.000000e+00
-2.756853e-13 0.000000e+00 0.000000e+00
1.630439e-13 0.000000e+00 0.000000e+00
1.387990e-13 0.000000e+00 0.000000e+00
-1.397967e-13 0.000000e+00 0.000000e+00
-2.266981e-13 0.000000e+00 0.000000e+00
-3.564591e-15 0.000000e+00 0.000000e+00
-6.464816e-14 0.000000e+00 0.000000e+00
1.113398e-13 0.000000e+00 0.000000e+00
1.273436e-13 0.000000e+00 0.000000e+00
-6.438854e-14 0.000000e+00 0.000000e+00
-5.003499e-14 0.000000e+00 0.000000e+00
-2.586436e-14 0.000000e+00 0.000000e+00
3.552878e-13 0.000000e+00 0.000000e+00
2.474643e-13 0.000000e+00 0.000000e+00
-9.656336e-15 0.000000e+00 0.000000e+00
-2.569379e-13 0.000000e+00 0.000000e+00
-1.561018e-13 0.000000e+00 0.000000e+00
7.108703e-15 0.000000e+00 0.000000e+00
-1.598662e-14 0.000000e+00 0.000000e+00
1.496121e-13 0.000000e+00 0.000000e+00
-2.217117e-13 0.000000e+00 0.000000e+00
-3.114323e-14 0.000000e+00 0.000000e+00
1.509154e-14 0.000000e+00 0.000000e+00
1.236061e-13 0.000000e+00 0.000000e+00
1.675836e-13 0.000000e+00 0.000000e+00
-1.233283e-13 0.000000e+00 0.000000e+00
1.396526e-13 0.000000e+00 0.000000e+00
-1.005432e-13 0.000000e+00 0.000000e+00
-2.379478e-14 0.000000e+00 0.000000e+00
1.877093e-14 0.000000e+00 0.000000e+00
7.815602e-14 0.000000e+00 0.000000e+00
-1.838652e-13 0.000000e+00 0.000000e+00
-2.701390e-13 0.000000e+00 0.000000e+00
1.894661e-13 0.000000e+00 0.000000e+00
-1.877734e-13 0.000000e+00 0.000000e+00
1.181594e-13 0.000000e+00 0.000000e+00
-6.132772e-14 0.000000e+00 0.000000e+00
6.785419e-14 0.000000e+00 0.000000e+00
-1.579612e-13 0.000000e+00 0.000000e+00
2.751582e-14 0.000000e+00 0.000000e+00
-5.328725e-14 0.000000e+00 0.000000e+00
-2.068890e-13 0.000000e+00 0.000000e+00
1.499382e-13 0.000000e+00 0.000000e+00
-4.716468e-14 0.000000e+00 0.000000e+00
5.024963e-14 0.000000e+00 0.000000e+00
7.385744e-14 0.000000e+00 0.000000e+00
-1.558763e-13 0.000000e+00 0.000000e+00
9.709112e-14 0.000000e+00 0.000000e+00
7.738969e-14 0.000000e+00 0.000000e+00
4.265280e-14 0.000000e+00 0.000000e+00
2.012281e-14 0.000000e+00 0.000000e+00
-1.000082e-13 0.000000e+00 0.000000e+00
-1.737523e-13 0.000000e+00 0.000000e+00
6.114183e-14 0.000000e+00 0.000000e+00
-4.525349e-14 0.000000e+00 0.000000e+00
7.982935e-14 0.000000e+00 0.000000e+00
-2.847089e-13 0.000000e+00 0.000000e+00
1.871602e-14 0.000000e+00 0.000000e+00
1.730102e-13 0.000000e+00 0.000000e+00
-2.299975e-13 0.000000e+00 0.000000e+00
-8.642353e-14 0.000000e+00 0.000000e+00
-1.617866e-13 0.000000e+00 0.000000e+00
3.121148e-13 0.000000e+00 0.000000e+00
-2.442577e-13 0.000000e+00 0.000000e+00
-3.831809e-14 0.000000e+00 0.000000e+00
-9.138759e-14 0.000000e+00 0.000000e+00
-1.454983e-13 0.000000e+00 0.000000e+00
8.578333e-14 0.000000e+00 0.000000e+00
7.929477e-14 0.000000e+00 0.000000e+00
-3.909653e-14 0.000000e+00 0.000000e+00
7.054731e-14 0.000000e+00 0.000000e+00
1.735867e-13 0.000000e+00 0.000000e+00
-6.551781e-14 0.000000e+00 0.000000e+00
1.666330e-14 0.000000e+00 0.000000e+00
2.240513e-13 0.000000e+00 0.000000e+00
1.172292e-13 0.000000e+00 0.000000e+00
2.842680e-14 0.000000e+00 0.000000e+00
1.684577e-13 0.000000e+00 0.000000e+00
5.912423e-14 0.000000e+00 0.000000e+00
-1.686236e-13 0.000000e+00 0.000000e+00
1.054060e-13 0.000000e+00 0.000000e+00
-1.240023e-13 0.000000e+00 0.000000e+00
-1.783065e-14 0.000000e+00 0.000000e+00
2.099144e-13 0.000000e+00 0.000000e+00
4.834000e-14 0.000000e+00 0.000000e+00
1.267867e-13 0.000000e+00 0.000000e+00
1.639919e-13 0.000000e+00 0.000000e+00
1.022040e-13 0.000000e+00 0.000000e+00
7.537270e-14 0.000000e+00 0.000000e+00
2.520595e-13 0.000000e+00 0.000000e+00
-1.797277e-13 0.000000e+00 0.000000e+00
5.859757e-15 0.000000e+00 0.000000e+00
-1.446774e-13 0.000000e+00 0.000000e+00
-3.814417e-13 0.000000e+00 0.000000e+00
-8.490612e-14 0.000000e+00 0.000000e+00
-7.276383e-14 0.000000e+00 0.000000e+00
-1.033213e-14 0.000000e+00 0.000000e+00
-2.370047e-13 0.000000e+00 0.000000e+00
4.891218e-14 0.000000e+00 0.000000e+00
-2.809388e-14 0.000000e+00 0.000000e+00
1.105707e-13 0.000000e+00 0.000000e+00
-2.273667e-14 0.000000e+00 0.000000e+00
-3.332982e-14 0.000000e+00 0.000000e+00
5.075342e-14 0.000000e+00 0.000000e+00
-4.623340e-14 0.000000e+00 0.000000e+00
7.454784e-14 0.000000e+00 0.000000e+00
-4.569488e-14 0.000000e+00 0.000000e+00
1.211656e-14 0.000000e+00 0.000000e+00
1.085808e-14 0.000000e+00 0.000000e+00
8.120315e-14 0.000000e+00 0.000000e+00
-3.174016e-14 0.000000e+00 0.000000e+00
-3.227966e-14 0.000000e+00 0.000000e+00
-2.451257e-13 0.000000e+00 0.000000e+00
4.093117e-13 0.000000e+00 0.000000e+00
-2.089938e-13 0.000000e+00 0.000000e+00
1.475553e-13 0.000000e+00 0.000000e+00
5.281699e-14 0.000000e+00 0.000000e+00
-3.579858e-14 0.000000e+00 0.000000e+00
2.266223e-13 0.000000e+00 0.000000e+00
-2.012832e-13 0.000000e+00 0.000000e+00
-4.546944e-14 0.000000e+00 0.000000e+00
-3.046688e-14 0.000000e+00 0.000000e+00
-8.277769e-14 0.000000e+00 0.000000e+00
-2.239537e-13 0.000000e+00 0.000000e+00
-1.429030e-13 0.000000e+00 0.000000e+00
-1.367799e-13 0.000000e+00 0.000000e+00
-1.168035e-13 0.000000e+00 0.000000e+00
-1.625737e-13 0.000000e+00 0.000000e+00
-6.075758e-14 0.000000e+00 0.000000e+00
2.749945e-13 0.000000e+00 0.000000e+00
3.232147e-13 0.000000e+00 0.000000e+00
-5.394920e-14 0.000000e+00 0.000000e+00
-4.468384e-14 0.000000e+00 0.000000e+00
3.169033e-14 0.000000e+00 0.000000e+00
1.610540e-13 0.000000e+00 0.000000e+00
-2.368990e-13 0.000000e+00 0.000000e+00
-2.466251e-14 0.000000e+00 0.000000e+00
-2.094202e-13 0.000000e+00 0.000000e+00
3.277022e-13 0.000000e+00 0.000000e+00
8.130737e-14 0.000000e+00 0.000000e+00
5.434192e-14 0.000000e+00 0.000000e+00
6.450934e-14 0.000000e+00 0.000000e+00
-3.649595e-13 0.000000e+00 0.000000e+00
1.078016e-13 0.000000e+00 0.000000e+00
-9.662708e-14 0.000000e+00 0.000000e+00
-7.585748e-14 0.000000e+00 0.000000e+00
1.863976e-13 0.000000e+00 0.000000e+00
2.235470e-13 0.000000e+00 0.000000e+00
-2.341613e-13 0.000000e+00 0.000000e+00
-3.156520e-14 0.000000e+00 0.000000e+00
-7.864023e-14 0.000000e+00 0.000000e+00
3.787493e-14 0.000000e+00 0.000000e+00
-3.430169e-14 0.000000e+00 0.000000e+00
-5.362710e-14 0.000000e+00 0.000000e+00
-3.850445e-14 0.000000e+00 0.000000e+00
-2.536400e-13 0.000000e+00 0.000000e+00
-3.385684e-13 0.000000e+00 0.000000e+00
-1.275679e-13 0.000000e+00 0.000000e+00
-3.232132e-13 0.000000e+00 0.000000e+00
-1.310335e-13 0.000000e+00 0.000000e+00
1.175845e-13 0.000000e+00 0.000000e+00
9.984022e-14 0.000000e+00 0.000000e+00
-1.677875e-13 0.000000e+00 0.000000e+00
-1.767879e-13 0.000000e+00 0.000000e+00
-1.587671e-13 0.000000e+00 0.000000e+00
-2.734123e-13 0.000000e+00 0.000000e+00
-5.982289e-14 0.000000e+00 0.000000e+00
3.976109e-14 0.000000e+00 0.000000e+00
1.930409e-13 0.000000e+00 0.000000e+00
6.541431e-14 0.000000e+00 0.000000e+00
8.148049e-14 0.000000e+00 0.000000e+00
-2.447596e-14 0.000000e+00 0.000000e+00
5.792151e-14 0.000000e+00 0.000000e+00
-7.251414e-14 0.000000e+00 0.000000e+00
-1.055701e-13 0.000000e+00 0.000000e+00
-1.830381e-13 0.000000e+00 0.000000e+00
-2.871165e-13 0.000000e+00 0.000000e+00
-1.177827e-14 0.000000e+00 0.000000e+00
-1.031662e-13 0.000000e+00 0.000000e+00
1.070096e-13 0.000000e+00 0.000000e+00
1.627630e-13 0.000000e+00 0.000000e+00
-2.486130e-13 0.000000e+00 0.000000e+00
-1.693681e-13 0.000000e+00 0.000000e+00
7.836823e-14 0.000000e+00 0.000000e+00
1.469130e-13 0.000000e+00 0.000000e+00
-2.071769e-13 0.000000e+00 0.000000e+00
-1.905335e-13 0.000000e+00 0.000000e+00
4.774917e-13 0.000000e+00 0.000000e+00
1.003325e-13 0.000000e+00 0.000000e+00
1.540523e-14 0.000000e+00 0.000000e+00
4.787891e-14 0.000000e+00 0.000000e+00
-6.444968e-14 0.000000e+00 0.000000e+00
-2.310748e-13 0.000000e+00 0.000000e+00
-1.275659e-14 0.000000e+00 0.000000e+00
-2.252876e-14 0.000000e+00 0.000000e+00
-2.082738e-13 0.000000e+00 0.000000e+00
2.603291e-13 0.000000e+00 0.000000e+00
-3.215656e-13 0.000000e+00 0.000000e+00
-6.082368e-15 0.000000e+00 0.000000e+00
-3.752660e-15 0.000000e+00 0.000000e+00
-2.601106e-13 0.000000e+00 0.000000e+00
-6.186414e-14 0.000000e+00 0.000000e+00
-1.572774e-13 0.000000e+00 0.000000e+00
5.096531e-16 0.000000e+00 0.000000e+00
2.663103e-13 0.000000e+00 0.000000e+00
6.144967e-14 0.000000e+00 0.000000e+00
-6.409300e-14 0.000000e+00 0.000000e+00
3.268355e-14 0.000000e+00 0.000000e+00
1.191980e-13 0.000000e+00 0.000000e+00
-1.596734e-14 0.000000e+00 0.000000e+00
4.537865e-13 0.000000e+00 0.000000e+00
2.129590e-13 0.000000e+00 0.000000e+00
9.629761e-14 0.000000e+00 0.000000e+00
-2.895343e-13 0.000000e+00 0.000000e+00
-3.813287e-13 0.000000e+00 0.000000e+00
-4.025920e-14 0.000000e+00 0.000000e+00
-1.497951e-14 0.000000e+00 0.000000e+00
1.952031e-13 0.000000e+00 0.000000e+00
-7.107626e-14 0.000000e+00 0.000000e+00
-1.955941e-14 0.000000e+00 0.000000e+00
-6.008687e-14 0.000000e+00 0.000000e+00
-6.396422e-15 0.000000e+00 0.000000e+00
2.495407e-14 0.000000e+00 0.000000e+00
-2.458520e-13 0.000000e+00 0.000000e+00
1.044912e-13 0.000000e+00 0.000000e+00
-1.617952e-13 0.000000e+00 0.000000e+00
4.172120e-13 0.000000e+00 0.000000e+00
-1.609578e-13 0.000000e+00 0.000000e+00
-3.266052e-15 0.000000e+00 0.000000e+00
-1.364838e-13 0.000000e+00 0.000000e+00
-1.271518e-13 0.000000e+00 0.000000e+00
1.641738e-13 0.000000e+00 0.000000e+00
-1.575868e-13 0.000000e+00 0.000000e+00
-1.662269e-14 0.000000e+00 0.000000e+00
2.351868e-13 0.000000e+00 0.000000e+00
-2.727349e-13 0.000000e+00 0.000000e+00
-4.129865e-14 0.000000e+00 0.000000e+00
5.031856e-14 0.000000e+00 0.000000e+00
-1.551318e-13 0.000000e+00 0.000000e+00
3.886472e-14 0.000000e+00 0.000000e+00
-2.850285e-14 0.000000e+00 0.000000e+00
-5.287672e-14 0.000000e+00 0.000000e+00
1.443765e-13 0.000000e+00 0.000000e+00
-6.290608e-14 0.000000e+00 0.000000e+00
1.432594e-13 0.000000e+00 0.000000e+00
-2.209406e-13 0.000000e+00 0.000000e+00
-3.474787e-14 0.000000e+00 0.000000e+00
-1.090317e-13 0.000000e+00 0.000000e+00
-1.313718e-14 0.000000e+00 0.000000e+00
1.663340e-13 0.000000e+00 0.000000e+00
-2.256392e-13 0.000000e+00 0.000000e+00
1.673804e-13 0.000000e+00 0.000000e+00
-1.496046e-13 0.000000e+00 0.000000e+00
5.627060e-14 0.000000e+00 0.000000e+00
2.770513e-14 0.000000e+00 0.000000e+00
-7.054288e-14 0.000000e+00 0.000000e+00
-1.708482e-14 0.000000e+00 0.000000e+00
4.693434e-14 0.000000e+00 0.000000e+00
1.074435e-13 0.000000e+00 0.000000e+00
1.529937e-13 0.000000e+00 0.000000e+00
1.096549e-13 0.000000e+00 0.000000e+00
7.948929e-14 0.000000e+00 0.000000e+00
1.627095e-14 0.000000e+00 0.000000e+00
-3.245230e-13 0.000000e+00 0.000000e+00
1.908184e-13 0.000000e+00 0.000000e+00
3.441591e-14 0.000000e+00 0.000000e+00
3.511034e-14 0.000000e+00 0.000000e+00
8.019377e-14 0.000000e+00 0.000000e+00
7.597193e-14 0.000000e+00 0.000000e+00
9.729660e-14 0.000000e+00 0.000000e+00
2.454694e-13 0.000000e+00 0.000000e+00
-3.457393e-13 0.000000e+00 0.000000e+00
1.050231e-13 0.000000e+00 0.000000e+00
1.255321e-13 0.000000e+00 0.000000e+00
-1.790331e-14 0.000000e+00 0.000000e+00
-1.681669e-13 0.000000e+00 0.000000e+00
-7.790598e-14 0.000000e+00 0.000000e+00
7.444295e-14 0.000000e+00 0.000000e+00
1.461457e-13 0.000000e+00 0.000000e+00
-7.855156e-14 0.000000e+00 0.000000e+00
6.357334e-14 0.000000e+00 0.000000e+00
3.408945e-14 0.000000e+00 0.000000e+00
-9.210172e-14 0.000000e+00 0.000000e+00
1.052191e-13 0.000000e+00 0.000000e+00
1.119379e-13 0.000000e+00 0.000000e+00
2.001398e-13 0.000000e+00 0.000000e+00
-1.420274e-13 0.000000e+00 0.000000e+00
-1.155834e-13 0.000000e+00 0.000000e+00
-1.713141e-13 0.000000e+00 0.000000e+00
-2.260425e-13 0.000000e+00 0.000000e+00
-1.112675e-13 0.000000e+00 0.000000e+00
8.023274e-14 0.000000e+00 0.000000e+00
-1.274365e-13 0.000000e+00 0.000000e+00
1.874934e-13 0.000000e+00 0.000000e+00
-1.284085e-13 0.000000e+00 0.000000e+00
2.059036e-13 0.000000e+00 0.000000e+00
2.208917e-13 0.000000e+00 0.000000e+00
2.987841e-13 0.000000e+00 0.000000e+00
1.021714e-13 0.000000e+00 0.000000e+00
2.070553e-13 0.000000e+00 0.000000e+00
4.668313e-14 0.000000e+00 0.000000e+00
-2.751121e-14 0.000000e+00 0.000000e+00
-1.824631e-14 0.000000e+00 0.000000e+00
3.208759e-13 0.000000e+00 0.000000e+00
-8.155039e-14 0.000000e+00 0.000000e+00
-1.977057e-13 0.000000e+00 0.000000e+00
9.849657e-14 0.000000e+00 0.000000e+00
-4.829749e-14 0.000000e+00 0.000000e+00
-6.143543e-14 0.000000e+00 0.000000e+00
5.785316e-14 0.000000e+00 0.000000e+00
3.238469e-13 0.000000e+00 0.000000e+00
1.986324e-14 0.000000e+00 0.000000e+00
1.447323e-14 0.000000e+00 0.000000e+00
2.228074e-13 0.000000e+00 0.000000e+00
-8.333827e-14 0.000000e+00 0.000000e+00
-1.310255e-13 0.000000e+00 0.000000e+00
-3.152097e-13 0.000000e+00 0.000000e+00
4.483846e-14 0.000000e+00 0.000000e+00
-2.661866e-13 0.000000e+00 0.000000e+00
-1.905763e-13 0.000000e+00 0.000000e+00
-2.601276e-13 0.000000e+00 0.000000e+00
-4.137490e-13 0.000000e+00 0.000000e+00
-2.121984e-13 0.000000e+00 0.000000e+00
9.692231e-14 0.000000e+00 0.000000e+00
-1.207819e-13 0.000000e+00 0.000000e+00
-1.083864e-13 0.000000e+00 0.000000e+00
-2.326799e-13 0.000000e+00 0.000000e+00
-9.981857e-14 0.000000e+00 0.000000e+00
1.827864e-13 0.000000e+00 0.000000e+00
1.937541e-13 0.000000e+00 0.000000e+00
4.584695e-14 0.000000e+00 0.000000e+00
-1.927738e-13 0.000000e+00 0.000000e+00
5.981776e-14 0.000000e+00 0.000000e+00
-3.573865e-14 0.000000e+00 0.000000e+00
-1.367137e-13 0.000000e+00 0.000000e+00
-1.066686e-13 0.000000e+00 0.000000e+00
-1.532143e-13 0.000000e+00 0.000000e+00
-3.467175e-14 0.000000e+00 0.000000e+00
-2.282079e-13 0.000000e+00 0.000000e+00
7.073146e-14 0.000000e+00 0.000000e+00
5.064171e-14 0.000000e+00 0.000000e+00
1.017111e-14 0.000000e+00 0.000000e+00
-2.138229e-14 0.000000e+00 0.000000e+00
-5.704828e-14 0.000000e+00 0.000000e+00
-2.253723e-13 0.000000e+00 0.000000e+00
-1.939771e-13 0.000000e+00 0.000000e+00
6.286982e-14 0.000000e+00 0.000000e+00
4.615055e-14 0.000000e+00 0.000000e+00
-3.401920e-14 0.000000e+00 0.000000e+00
-2.007428e-13 0.000000e+00 0.000000e+00
-1.648172e-13 0.000000e+00 0.000000e+00
1.023208e-13 0.000000e+00 0.000000e+00
-1.432351e-13 0.000000e+00 0.000000e+00
-1.571875e-13 0.000000e+00 0.000000e+00
-3.618880e-13 0.000000e+00 0.000000e+00
-1.343899e-13 0.000000e+00 0.000000e+00
-1.594436e-13 0.000000e+00 0.000000e+00
-2.025768e-13 0.000000e+00 0.000000e+00
-1.083180e-13 0.000000e+00 0.000000e+00
1.340925e-13 0.000000e+00 0.000000e+00
5.824423e-14 0.000000e+00 0.000000e+00
3.439116e-14 0.000000e+00 0.000000e+00
1.400288e-14 0.000000e+00 0.000000e+00
-6.488726e-15 0.000000e+00 0.000000e+00
-2.349334e-13 0.000000e+00 0.000000e+00
-3.606391e-13 0.000000e+00 0.000000e+00
1.134373e-13 0.000000e+00 0.000000e+00
2.997891e-14 0.000000e+00 0.000000e+00
1.867572e-15 0.000000e+00 0.000000e+00
-1.451420e-13 0.000000e+00 0.000000e+00
6.592457e-14 0.000000e+00 0.000000e+00
3.460088e-13 0.000000e+00 0.000000e+00
7.544857e-14 0.000000e+00 0.000000e+00
4.344493e-14 0.000000e+00 0.000000e+00
1.924353e-13 0.000000e+00 0.000000e+00
-1.473459e-13 0.000000e+00 0.000000e+00
8.207655e-14 0.000000e+00 0.000000e+00
3.229136e-13 0.000000e+00 0.000000e+00
1.233278e-13 0.000000e+00 0.000000e+00
-1.041306e-14 0.000000e+00 0.000000e+00
5.450641e-14 0.000000e+00 0.000000e+00
-7.981108e-14 0.000000e+00 0.000000e+00
-2.710849e-13 0.000000e+00 0.000000e+00
-3.314597e-13 0.000000e+00 0.000000e+00
3.332077e-13 0.000000e+00 0.000000e+00
-7.287747e-15 0.000000e+00 0.000000e+00
4.410577e-14 0.000000e+00 0.000000e+00
1.192509e-13 0.000000e+00 0.000000e+00
1.394579e-13 0.000000e+00 0.000000e+00
2.144770e-13 0.000000e+00 0.000000e+00
1.933975e-13 0.000000e+00 0.000000e+00
2.498963e-13 0.000000e+00 0.000000e+00
1.775745e-13 0.000000e+00 0.000000e+00
1.175547e-13 0.000000e+00 0.000000e+00
-5.604820e-14 0.000000e+00 0.000000e+00
-2.428233e-13 0.000000e+00 0.000000e+00
4.124608e-14 0.000000e+00 0.000000e+00
2.213437e-14 0.000000e+00 0.000000e+00
3.884911e-14 0.000000e+00 0.000000e+00
-1.791824e-13 0.000000e+00 0.000000e+00
-7.176326e-14 0.000000e+00 0.000000e+00
1.044434e-14 0.000000e+00 0.000000e+00
3.498721e-14 0.000000e+00 0.000000e+00
-9.775256e-15 0.000000e+00 0.000000e+00
1.020754e-13 0.000000e+00 0.000000e+00
3.502048e-14 0.000000e+00 0.000000e+00
1.002773e-15 0.000000e+00 0.000000e+00
1.020420e-13 0.000000e+00 0.000000e+00
-6.287602e-14 0.000000e+00 0.000000e+00
4.305106e-14 0.000000e+00 0.000000e+00
-3.343247e-14 0.000000e+00 0.000000e+00
1.439302e-13 0.000000e+00 0.000000e+00
3.772587e-14 0.000000e+00 0.000000e+00
2.447249e-13 0.000000e+00 0.000000e+00
-6.176401e-14 0.000000e+00 0.000000e+00
-1.864000e-13 0.000000e+00 0.000000e+00
-2.731900e-14 0.000000e+00 0.000000e+00
2.338056e-13 0.000000e+00 0.000000e+00
-1.388576e-13 0.000000e+00 0.000000e+00
4.311094e-13 0.000000e+00 0.000000e+00
-1.836267e-13 0.000000e+00 0.000000e+00
-1.167064e-13 0.000000e+00 0.000000e+00
-2.912452e-14 0.000000e+00 0.000000e+00
1.535185e-13 0.000000e+00 0.000000e+00
2.732163e-13 0.000000e+00 0.000000e+00
5.378284e-14 0.000000e+00 0.000000e+00
3.119714e-15 0.000000e+00 0.000000e+00
-9.011871e-15 0.000000e+00 0.000000e+00
-9.493182e-15 0.000000e+00 0.000000e+00
-2.230144e-13 0.000000e+00 0.000000e+00
-1.127998e-13 0.000000e+00 0.000000e+00
-3.697142e-14 0.000000e+00 0.000000e+00
-7.293066e-15 0.000000e+00 0.000000e+00
2.565801e-14 0.000000e+00 0.000000e+00
-1.891213e-13 0.000000e+00 0.000000e+00
3.155547e-13 0.000000e+00 0.000000e+00
4.999245e-14 0.000000e+00 0.000000e+00
7.153711e-14 0.000000e+00 0.000000e+00
9.213703e-14 0.000000e+00 0.000000e+00
-8.786955e-14 0.000000e+00 0.000000e+00
1.516806e-14 0.000000e+00 0.000000e+00
-2.193656e-13 0.000000e+00 0.000000e+00
-1.414414e-14 0.000000e+00 0.000000e+00
1.756614e-13 0.000000e+00 0.000000e+00
3.512549e-13 0.000000e+00 0.000000e+00
-1.518114e-13 0.000000e+00 0.000000e+00
-2.435658e-14 0.000000e+00 0.000000e+00
7.421694e-14 0.000000e+00 0.000000e+00
1.355808e-13 0.000000e+00 0.000000e+00
-2.806363e-14 0.000000e+00 0.000000e+00
1.343147e-13 0.000000e+00 0.000000e+00
9.923113e-15 0.000000e+00 0.000000e+00
-5.567733e-14 0.000000e+00 0.000000e+00
1.648834e-14 0.000000e+00 0.000000e+00
-6.395089e-14 0.000000e+00 0.000000e+00
-2.407516e-13 0.000000e+00 0.000000e+00
-8.482465e-14 0.000000e+00 0.000000e+00
8.814132e-14 0.000000e+00 0.000000e+00
-2.497060e-13 0.000000e+00 0.000000e+00
7.991693e-14 0.000000e+00 0.000000e+00
2.953709e-14 0.000000e+00 0.000000e+00
1.337944e-14 0.000000e+00 0.000000e+00
1.433927e-13 0.000000e+00 0.000000e+00
-8.883874e-14 0.000000e+00 0.000000e+00
-7.932531e-14 0.000000e+00 0.000000e+00
-1.059554e-13 0.000000e+00 0.000000e+00
9.159612e-14 0.000000e+00 0.000000e+00
1.040888e-13 0.000000e+00 0.000000e+00
-2.005761e-14 0.000000e+00 0.000000e+00
9.403991e-14 0.000000e+00 0.000000e+00
-2.210197e-13 0.000000e+00 0.000000e+00
-1.886744e-13 0.000000e+00 0.000000e+00
-1.326799e-13 0.000000e+00 0.000000e+00
-8.875029e-14 0.000000e+00 0.000000e+00
-9.564755e-15 0.000000e+00 0.000000e+00
6.708326e-14 0.000000e+00 0.000000e+00
-3.903529e-13 0.000000e+00 0.000000e+00
-3.730244e-14 0.000000e+00 0.000000e+00
-1.025375e-13 0.000000e+00 0.000000e+00
-1.794644e-13 0.000000e+00 0.000000e+00
-1.164092e-13 0.000000e+00 0.000000e+00
9.899040e-14 0.000000e+00 0.000000e+00
-7.548449e-14 0.000000e+00 0.000000e+00
3.427597e-14 0.000000e+00 0.000000e+00
1.780571e-13 0.000000e+00 0.000000e+00
6.056452e-14 0.000000e+00 0.000000e+00
6.449593e-14 0.000000e+00 0.000000e+00
2.642932e-13 0.000000e+00 0.000000e+00
-2.768964e-13 0.000000e+00 0.000000e+00
4.842961e-13 0.000000e+00 0.000000e+00
2.058263e-13 0.000000e+00 0.000000e+00
-3.070847e-13 0.000000e+00 0.000000e+00
-1.229825e-14 0.000000e+00 0.000000e+00
6.067490e-14 0.000000e+00 0.000000e+00
2.220761e-13 0.000000e+00 0.000000e+00
3.158805e-13 0.000000e+00 0.000000e+00
1.146902e-13 0.000000e+00 0.000000e+00
-3.036194e-14 0.000000e+00 0.000000e+00
-1.106033e-13 0.000000e+00 0.000000e+00
1.439930e-13 0.000000e+00 0.000000e+00
2.738744e-14 0.000000e+00 0.000000e+00
7.129177e-14 0.000000e+00 0.000000e+00
-1.505920e-13 0.000000e+00 0.000000e+00
-6.541976e-14 0.000000e+00 0.000000e+00
-4.229203e-14 0.000000e+00 0.000000e+00
-2.143394e-13 0.000000e+00 0.000000e+00
7.624937e-14 0.000000e+00 0.000000e+00
1.381854e-13 0.000000e+00 0.000000e+00
2.600010e-13 0.000000e+00 0.000000e+00
-6.931582e-14 0.000000e+00 0.000000e+00
4.395475e-13 0.000000e+00 0.000000e+00
1.163048e-13 0.000000e+00 0.000000e+00
2.184247e-13 0.000000e+00 0.000000e+00
1.267364e-13 0.000000e+00 0.000000e+00
4.385137e-14 0.000000e+00 0.000000e+00
-3.012127e-13 0.000000e+00 0.000000e+00
9.120936e-15 0.000000e+00 0.000000e+00
-2.776230e-14 0.000000e+00 0.000000e+00
-6.650216e-14 0.000000e+00 0.000000e+00
-4.397609e-15 0.000000e+00 0.000000e+00
-2.008015e-13 0.000000e+00 0.000000e+00
1.986833e-13 0.000000e+00 0.000000e+00
-2.170500e-13 0.000000e+00 0.000000e+00
8.629929e-14 0.000000e+00 0.000000e+00
2.320483e-13 0.000000e+00 0.000000e+00
-1.326402e-13 0.000000e+00 0.000000e+00
-4.352613e-14 0.000000e+00 0.000000e+00
2.677780e-13 0.000000e+00 0.000000e+00
1.114503e-13 0.000000e+00 0.000000e+00
-4.365852e-13 0.000000e+00 0.000000e+00
3.442737e-13 0.000000e+00 0.000000e+00
-2.384410e-13 0.000000e+00 0.000000e+00
1.034185e-13 0.000000e+00 0.000000e+00
9.100347e-14 0.000000e+00 0.000000e+00
-1.741365e-13 0.000000e+00 0.000000e+00
1.243009e-13 0.000000e+00 0.000000e+00
-7.520994e-14 0.000000e+00 0.000000e+00
5.405991e-14 0.000000e+00 0.000000e+00
-1.893926e-14 0.000000e+00 0.000000e+00
-1.365706e-13 0.000000e+00 0.000000e+00
1.720242e-13 0.000000e+00 0.000000e+00
-2.303474e-13 0.000000e+00 0.000000e+00
-1.295699e-16 0.000000e+00 0.000000e+00
1.021138e-13 0.000000e+00 0.000000e+00
1.254914e-13 0.000000e+00 0.000000e+00
-3.616919e-14 0.000000e+00 0.000000e+00
5.455036e-14 0.000000e+00 0.000000e+00
-2.040121e-13 0.000000e+00 0.000000e+00
2.306144e-13 0.000000e+00 0.000000e+00
2.578855e-13 0.000000e+00 0.000000e+00
2.717124e-14 0.000000e+00 0.000000e+00
3.122026e-13 0.000000e+00 0.000000e+00
1.557866e-14 0.000000e+00 0.000000e+00
3.719341e-14 0.000000e+00 0.000000e+00
2.422139e-13 0.000000e+00 0.000000e+00
4.790071e-14 0.000000e+00 0.000000e+00
3.135767e-13 0.000000e+00 0.000000e+00
-7.707143e-14 0.000000e+00 0.000000e+00
-5.225851e-14 0.000000e+00 0.000000e+00
-1.598037e-13 0.000000e+00 0.000000e+00
4.853396e-15 0.000000e+00 0.000000e+00
9.985329e-14 0.000000e+00 0.000000e+00
-3.852351e-14 0.000000e+00 0.000000e+00
1.661637e-13 0.000000e+00 0.000000e+00
-6.931164e-14 0.000000e+00 0.000000e+00
-2.879693e-14 0.000000e+00 0.000000e+00
1.668293e-13 0.000000e+00 0.000000e+00
-1.423146e-13 0.000000e+00 0.000000e+00
-1.657221e-13 0.000000e+00 0.000000e+00
1.274129e-13 0.000000e+00 0.000000e+00
-1.942466e-13 0.000000e+00 0.000000e+00
1.313705e-13 0.000000e+00 0.000000e+00
-1.006085e-13 0.000000e+00 0.000000e+00
6.533278e-14 0.000000e+00 0.000000e+00
-2.982707e-13 0.000000e+00 0.000000e+00
1.359781e-13 0.000000e+00 0.000000e+00
-2.002898e-13 0.000000e+00 0.000000e+00
-2.693970e-14 0.000000e+00 0.000000e+00
-8.855089e-14 0.000000e+00 0.000000e+00
1.593041e-13 0.000000e+00 0.000000e+00
-1.873232e-13 0.000000e+00 0.000000e+00
-8.809321e-14 0.000000e+00 0.000000e+00
1.595154e-13 0.000000e+00 0.000000e+00
7.326680e-15 0.000000e+00 0.000000e+00
-1.149542e-13 0.000000e+00 0.000000e+00
-4.460279e-14 0.000000e+00 0.000000e+00
3.365702e-14 0.000000e+00 0.000000e+00
4.631046e-14 0.000000e+00 0.000000e+00
-7.776763e-14 0.000000e+00 0.000000e+00
-1.100013e-13 0.000000e+00 0.000000e+00
-2.345116e-13 0.000000e+00 0.000000e+00
-1.828456e-14 0.000000e+00 0.000000e+00
4.105777e-15 0.000000e+00 0.000000e+00
1.257126e-14 0.000000e+00 0.000000e+00
-1.366241e-13 0.000000e+00 0.000000e+00
-1.061795e-13 0.000000e+00 0.000000e+00
1.694599e-13 0.000000e+00 0.000000e+00
-1.370320e-13 0.000000e+00 0.000000e+00
1.010574e-13 0.000000e+00 0.000000e+00
-5.929452e-14 0.000000e+00 0.000000e+00
-7.725946e-14 0.000000e+00 0.000000e+00
-1.295333e-13 0.000000e+00 0.000000e+00
-4.781200e-14 0.000000e+00 0.000000e+00
-3.555081e-13 0.000000e+00 0.000000e+00
5.375872e-14 0.000000e+00 0.000000e+00
-1.461133e-13 0.000000e+00 0.000000e+00
1.110248e-13 0.000000e+00 0.000000e+00
-4.374014e-14 0.000000e+00 0.000000e+00
-8.730797e-14 0.000000e+00 0.000000e+00
1.361981e-14 0.000000e+00 0.000000e+00
4.522972e-15 0.000000e+00 0.000000e+00
4.714604e-17 0.000000e+00 0.000000e+00
1.188845e-13 0.000000e+00 0.000000e+00
-6.616530e-14 0.000000e+00 0.000000e+00
-1.986984e-13 0.000000e+00 0.000000e+00
-2.080682e-13 0.000000e+00 0.000000e+00
5.110927e-14 0.000000e+00 0.000000e+00
-1.359606e-13 0.000000e+00 0.000000e+00
-2.971393e-13 0.000000e+00 0.000000e+00
2.101343e-13 0.000000e+00 0.000000e+00
2.705243e-14 0.000000e+00 0.000000e+00
1.973959e-13 0.000000e+00 0.000000e+00
3.629964e-13 0.000000e+00 0.000000e+00
-4.499555e-14 0.000000e+00 0.000000e+00
-6.966475e-15 0.000000e+00 0.000000e+00
3.030438e-15 0.000000e+00 0.000000e+00
1.390783e-13 0.000000e+00 0.000000e+00
-8.881119e-14 0.000000e+00 0.000000e+00
8.281963e-14 0.000000e+00 0.000000e+00
8.694457e-15 0.000000e+00 0.000000e+00
2.319165e-13 0.000000e+00 0.000000e+00
-7.509337e-14 0.000000e+00 0.000000e+00
8.002820e-14 0.000000e+00 0.000000e+00
2.431443e-13 0.000000e+00 0.000000e+00
-2.249507e-13 0.000000e+00 0.000000e+00
8.883822e-14 0.000000e+00 0.000000e+00
1.480869e-13 0.000000e+00 0.000000e+00
-2.205922e-13 0.000000e+00 0.000000e+00
3.110421e-14 0.000000e+00 0.000000e+00
2.028426e-13 0.000000e+00 0.000000e+00
-1.165109e-13 0.000000e+00 0.000000e+00
1.287276e-14 0.000000e+00 0.000000e+00
-1.165299e-13 0.000000e+00 0.000000e+00
-8.023249e-14 0.000000e+00 0.000000e+00
-6.776701e-14 0.000000e+00 0.000000e+00
-1.917908e-13 0.000000e+00 0.000000e+00
-4.718385e-13 0.000000e+00 0.000000e+00
-2.664719e-13 0.000000e+00 0.000000e+00
2.210069e-13 0.000000e+00 0.000000e+00
-3.347575e-13 0.000000e+00 0.000000e+00
1.709750e-13 0.000000e+00 0.000000e+00
-1.989002e-13 0.000000e+00 0.000000e+00
-1.356499e-13 0.000000e+00 0.000000e+00
3.105004e-13 0.000000e+00 0.000000e+00
-4.913285e-14 0.000000e+00 0.000000e+00
-2.322386e-13 0.000000e+00 0.000000e+00
-1.880482e-13 0.000000e+00 0.000000e+00
-1.859507e-13 0.000000e+00 0.000000e+00
1.203161e-13 0.000000e+00 0.000000e+00
1.411368e-14 0.000000e+00 0.000000e+00
1.475759e-13 0.000000e+00 0.000000e+00
-1.619509e-13 0.000000e+00 0.000000e+00
-2.048435e-13 0.000000e+00 0.000000e+00
-2.187531e-13 0.000000e+00 0.000000e+00
-1.725180e-14 0.000000e+00 0.000000e+00
-4.359884e-13 0.000000e+00 0.000000e+00
-3.453771e-13 0.000000e+00 0.000000e+00
1.616707e-14 0.000000e+00 0.000000e+00
2.652079e-13 0.000000e+00 0.000000e+00
-1.099277e-13 0.000000e+00 0.000000e+00
1.309457e-14 0.000000e+00 0.000000e+00
1.570031e-13 0.000000e+00 0.000000e+00
5.689025e-14 0.000000e+00 0.000000e+00
8.028213e-14 0.000000e+00 0.000000e+00
-2.594601e-14 0.000000e+00 0.000000e+00
6.777552e-16 0.000000e+00 0.000000e+00
3.404708e-13 0.000000e+00 0.000000e+00
1.285964e-14 0.000000e+00 0.000000e+00
4.657858e-13 0.000000e+00 0.000000e+00
-7.095798e-14 0.000000e+00 0.000000e+00
1.304778e-13 0.000000e+00 0.000000e+00
-3.097885e-14 0.000000e+00 0.000000e+00
1.007343e-13 0.000000e+00 0.000000e+00
4.437636e-13 0.000000e+00 0.000000e+00
7.090458e-14 0.000000e+00 0.000000e+00
4.194305e-14 0.000000e+00 0.000000e+00
-5.444186e-14 0.000000e+00 0.000000e+00
-1.557584e-13 0.000000e+00 0.000000e+00
-3.825535e-14 0.000000e+00 0.000000e+00
3.343231e-14 0.000000e+00 0.000000e+00
1.266245e-13 0.000000e+00 0.000000e+00
1.019879e-13 0.000000e+00 0.000000e+00
4.587767e-14 0.000000e+00 0.000000e+00
-3.678568e-13 0.000000e+00 0.000000e+00
3.201065e-14 0.000000e+00 0.000000e+00
1.316961e-13 0.000000e+00 0.000000e+00
-7.170645e-14 0.000000e+00 0.000000e+00
7.836820e-14 0.000000e+00 0.000000e+00
-1.200742e-14 0.000000e+00 0.000000e+00
1.847264e-13 0.000000e+00 0.000000e+00
2.443433e-13 0.000000e+00 0.000000e+00
2.590982e-13 0.000000e+00 0.000000e+00
2.961108e-13 0.000000e+00 0.000000e+00
6.663486e-14 0.000000e+00 0.000000e+00
1.050928e-13 0.000000e+00 0.000000e+00
-6.991300e-14 0.000000e+00 0.000000e+00
1.598106e-13 0.000000e+00 0.000000e+00
8.794765e-14 0.000000e+00 0.000000e+00
1.463053e-13 0.000000e+00 0.000000e+00
-2.977750e-13 0.000000e+00 0.000000e+00
1.082381e-13 0.000000e+00 0.000000e+00
-1.616588e-13 0.000000e+00 0.000000e+00
-8.935360e-14 0.000000e+00 0.000000e+00
-3.423468e-14 0.000000e+00 0.000000e+00
-8.708115e-14 0.000000e+00 0.000000e+00
1.737391e-13 0.000000e+00 0.000000e+00
-1.130708e-13 0.000000e+00 0.000000e+00
1.136771e-13 0.000000e+00 0.000000e+00
-1.230386e-14 0.000000e+00 0.000000e+00
3.576287e-14 0.000000e+00 0.000000e+00
-1.899282e-13 0.000000e+00 0.000000e+00
8.837882e-14 0.000000e+00 0.000000e+00
8.926058e-14 0.000000e+00 0.000000e+00
-4.081714e-14 0.000000e+00 0.000000e+00
8.005069e-14 0.000000e+00 0.000000e+00
1.065928e-13 0.000000e+00 0.000000e+00
-3.919662e-14 0.000000e+00 0.000000e+00
4.054692e-14 0.000000e+00 0.000000e+00
-8.367322e-14 0.000000e+00 0.000000e+00
3.646038e-13 0.000000e+00 0.000000e+00
1.146435e-15 0.000000e+00 0.000000e+00
3.382481e-14 0.000000e+00 0.000000e+00
1.400813e-13 0.000000e+00 0.000000e+00
7.212260e-15 0.000000e+00 0.000000e+00
-1.235814e-13 0.000000e+00 0.000000e+00
-6.455322e-15 0.000000e+00 0.000000e+00
2.652439e-14 0.000000e+00 0.000000e+00
-6.086412e-14 0.000000e+00 0.000000e+00
1.467167e-13 0.000000e+00 0.000000e+00
2.616017e-13 0.000000e+00 0.000000e+00
-6.254859e-14 0.000000e+00 0.000000e+00
7.925940e-14 0.000000e+00 0.000000e+00
-4.180531e-14 0.000000e+00 0.000000e+00
-9.265054e-14 0.000000e+00 0.000000e+00
1.215250e-13 0.000000e+00 0.000000e+00
2.672287e-13 0.000000e+00 0.000000e+00
-5.637248e-14 0.000000e+00 0.000000e+00
5.919014e-14 0.000000e+00 0.000000e+00
-1.754413e-13 0.000000e+00 0.000000e+00
-1.947157e-13 0.000000e+00 0.000000e+00
-2.875460e-14 0.000000e+00 0.000000e+00
1.633356e-13 0.000000e+00 0.000000e+00
-1.437862e-13 0.000000e+00 0.000000e+00
4.859731e-14 0.000000e+00 0.000000e+00
-1.174937e-13 0.000000e+00 0.000000e+00
-3.652202e-14 0.000000e+00 0.000000e+00
-1.689126e-13 0.000000e+00 0.000000e+00
-6.878217e-15 0.000000e+00 0.000000e+00
-6.398648e-14 0.000000e+00 0.000000e+00
-1.210015e-14 0.000000e+00 0.000000e+00
-1.591925e-13 0.000000e+00 0.000000e+00
3.508897e-16 0.000000e+00 0.000000e+00
-2.742574e-13 0.000000e+00 0.000000e+00
-5.540348e-14 0.000000e+00 0.000000e+00
-1.988090e-13 0.000000e+00 0.000000e+00
4.248099e-13 0.000000e+00 0.000000e+00
2.450022e-13 0.000000e+00 0.000000e+00
-5.248940e-14 0.000000e+00 0.000000e+00
2.420761e-13 0.000000e+00 0.000000e+00
-1.376382e-13 0.000000e+00 0.000000e+00
