FX FY FZ 
5.001581e-11 0.000000e+00 0.000000e+00
1.298519e-10 0.000000e+00 0.000000e+00
-6.781338e-10 0.000000e+00 0.000000e+00
-7.474309e-10 0.000000e+00 0.000000e+00
-4.425809e-10 0.000000e+00 0.000000e+00
2.853689e-10 0.000000e+00 0.000000e+00
-1.680455e-10 0.000000e+00 0.000000e+00
1.813897e-10 0.000000e+00 0.000000e+00
-4.952041e-11 0.000000e+00 0.000000e+00
-1.613335e-10 0.000000e+00 0.000000e+00
-1.220774e-10 0.000000e+00 0.000000e+00
-4.653746e-10 0.000000e+00 0.000000e+00
-2.555117e-10 0.000000e+00 0.000000e+00
-2.201564e-10 0.000000e+00 0.000000e+00
-3.092883e-10 0.000000e+00 0.000000e+00
-2.399591e-10 0.000000e+00 0.000000e+00
-2.598245e-10 0.000000e+00 0.000000e+00
-2.390402e-10 0.000000e+00 0.000000e+00
-3.421225e-10 0.000000e+00 0.000000e+00
-1.742507e-10 0.000000e+00 0.000000e+00
-3.538767e-10 0.000000e+00 0.000000e+00
-1.916933e-10 0.000000e+00 0.000000e+00
-2.420458e-10 0.000000e+00 0.000000e+00
-3.248223e-10 0.000000e+00 0.000000e+00
-1.836262e-10 0.000000e+00 0.000000e+00
-2.145255e-10 0.000000e+00 0.000000e+00
-2.048316e-10 0.000000e+00 0.000000e+00
-3.257409e-10 0.000000e+00 0.000000e+00
-4.055924e-10 0.000000e+00 0.000000e+00
-3.456916e-10 0.000000e+00 0.000000e+00
-3.447389e-10 0.000000e+00 0.000000e+00
1.685171e-10 0.000000e+00 0.000000e+00
4.954880e-11 0.000000e+00 0.000000e+00
2.575182e-11 0.000000e+00 0.000000e+00
2.355571e-10 0.000000e+00 0.000000e+00
2.026030e-10 0.000000e+00 0.000000e+00
9.545025e-11 0.000000e+00 0.000000e+00
1.685538e-10 0.000000e+00 0.000000e+00
8.944400e-11 0.000000e+00 0.000000e+00
5.269978e-11 0.000000e+00 0.000000e+00
2.557984e-11 0.000000e+00 0.000000e+00
4.007449e-10 0.000000e+00 0.000000e+00
4.581247e-10 0.000000e+00 0.000000e+00
4.048004e-10 0.000000e+00 0.000000e+00
5.617542e-10 0.000000e+00 0.000000e+00
4.726701e-10 0.000000e+00 0.000000e+00
5.335981e-10 0.000000e+00 0.000000e+00
4.891274e-10 0.000000e+00 0.000000e+00
5.074351e-10 0.000000e+00 0.000000e+00
3.512103e-10 0.000000e+00 0.000000e+00
3.802377e-10 0.000000e+00 0.000000e+00
6.200105e-10 0.000000e+00 0.000000e+00
5.886570e-10 0.000000e+00 0.000000e+00
6.309652e-10 0.000000e+00 0.000000e+00
5.612383e-10 0.000000e+00 0.000000e+00
6.318966e-10 0.000000e+00 0.000000e+00
6.016303e-10 0.000000e+00 0.000000e+00
5.685846e-10 0.000000e+00 0.000000e+00
4.800999e-10 0.000000e+00 0.000000e+00
6.248679e-10 0.000000e+00 0.000000e+00
5.459157e-10 0.000000e+00 0.000000e+00
5.416610e-10 0.000000e+00 0.000000e+00
5.048415e-10 0.000000e+00 0.000000e+00
5.357991e-10 0.000000e+00 0.000000e+00
5.337221e-10 0.000000e+00 0.000000e+00
6.148615e-10 0.000000e+00 0.000000e+00
6.056687e-10 0.000000e+00 0.000000e+00
5.727768e-10 0.000000e+00 0.000000e+00
5.911383e-10 0.000000e+00 0.000000e+00
6.037736e-10 0.000000e+00 0.000000e+00
6.107636e-10 0.000000e+00 0.000000e+00
5.689371e-10 0.000000e+00 0.000000e+00
5.876090e-10 0.000000e+00 0.000000e+00
5.743393e-10 0.000000e+00 0.000000e+00
6.279357e-10 0.000000e+00 0.000000e+00
6.201905e-10 0.000000e+00 0.000000e+00
6.149586e-10 0.000000e+00 0.000000e+00
3.050716e-10 0.000000e+00 0.000000e+00
6.296070e-10 0.000000e+00 0.000000e+00
6.327029e-10 0.000000e+00 0.000000e+00
6.279281e-10 0.000000e+00 0.000000e+00
5.394477e-10 0.000000e+00 0.000000e+00
6.316296e-10 0.000000e+00 0.000000e+00
6.210699e-10 0.000000e+00 0.000000e+00
6.305895e-10 0.000000e+00 0.000000e+00
5.848525e-10 0.000000e+00 0.000000e+00
6.304067e-10 0.000000e+00 0.000000e+00
6.152678e-10 0.000000e+00 0.000000e+00
6.192245e-10 0.000000e+00 0.000000e+00
5.703325e-10 0.000000e+00 0.000000e+00
6.176458e-10 0.000000e+00 0.000000e+00
6.253654e-10 0.000000e+00 0.000000e+00
5.733698e-10 0.000000e+00 0.000000e+00
6.304782e-10 0.000000e+00 0.000000e+00
5.834090e-10 0.000000e+00 0.000000e+00
6.296592e-10 0.000000e+00 0.000000e+00
6.311235e-10 0.000000e+00 0.000000e+00
6.277926e-10 0.000000e+00 0.000000e+00
6.294092e-10 0.000000e+00 0.000000e+00
6.290636e-10 0.000000e+00 0.000000e+00
6.312069e-10 0.000000e+00 0.000000e+00
6.311875e-10 0.000000e+00 0.000000e+00
6.301374e-10 0.000000e+00 0.000000e+00
6.297266e-10 0.000000e+00 0.000000e+00
6.315209e-10 0.000000e+00 0.000000e+00
6.318397e-10 0.000000e+00 0.000000e+00
6.316144e-10 0.000000e+00 0.000000e+00
6.319458e-10 0.000000e+00 0.000000e+00
6.315051e-10 0.000000e+00 0.000000e+00
6.308274e-10 0.000000e+00 0.000000e+00
6.297511e-10 0.000000e+00 0.000000e+00
5.910318e-10 0.000000e+00 0.000000e+00
-3.453315e-10 0.000000e+00 0.000000e+00
1.464720e-10 0.000000e+00 0.000000e+00
3.810054e-10 0.000000e+00 0.000000e+00
2.276465e-11 0.000000e+00 0.000000e+00
-3.730579e-11 0.000000e+00 0.000000e+00
-5.861308e-10 0.000000e+00 0.000000e+00
4.715352e-10 0.000000e+00 0.000000e+00
5.882517e-10 0.000000e+00 0.000000e+00
-3.249109e-10 0.000000e+00 0.000000e+00
-7.752879e-11 0.000000e+00 0.000000e+00
1.719471e-10 0.000000e+00 0.000000e+00
-1.120487e-10 0.000000e+00 0.000000e+00
1.259873e-10 0.000000e+00 0.000000e+00
2.764737e-10 0.000000e+00 0.000000e+00
2.942066e-10 0.000000e+00 0.000000e+00
2.356543e-10 0.000000e+00 0.000000e+00
2.125123e-10 0.000000e+00 0.000000e+00
2.111575e-10 0.000000e+00 0.000000e+00
7.615268e-10 0.000000e+00 0.000000e+00
4.190329e-10 0.000000e+00 0.000000e+00
6.244164e-10 0.000000e+00 0.000000e+00
1.237201e-09 0.000000e+00 0.000000e+00
5.521988e-10 0.000000e+00 0.000000e+00
5.904280e-10 0.000000e+00 0.000000e+00
9.468215e-10 0.000000e+00 0.000000e+00
6.038056e-10 0.000000e+00 0.000000e+00
6.680182e-10 0.000000e+00 0.000000e+00
7.688035e-10 0.000000e+00 0.000000e+00
7.196411e-10 0.000000e+00 0.000000e+00
6.119870e-10 0.000000e+00 0.000000e+00
6.238234e-10 0.000000e+00 0.000000e+00
7.390202e-10 0.000000e+00 0.000000e+00
1.087681e-09 0.000000e+00 0.000000e+00
6.429109e-10 0.000000e+00 0.000000e+00
-4.289394e-10 0.000000e+00 0.000000e+00
-3.057856e-10 0.000000e+00 0.000000e+00
-4.994278e-10 0.000000e+00 0.000000e+00
-4.285853e-10 0.000000e+00 0.000000e+00
-5.748815e-10 0.000000e+00 0.000000e+00
-6.246890e-10 0.000000e+00 0.000000e+00
-3.674540e-10 0.000000e+00 0.000000e+00
-5.061019e-10 0.000000e+00 0.000000e+00
-4.576620e-10 0.000000e+00 0.000000e+00
-6.325406e-10 0.000000e+00 0.000000e+00
-6.186483e-10 0.000000e+00 0.000000e+00
-5.138237e-10 0.000000e+00 0.000000e+00
-3.803591e-10 0.000000e+00 0.000000e+00
-4.348818e-10 0.000000e+00 0.000000e+00
-6.317707e-10 0.000000e+00 0.000000e+00
-4.806273e-10 0.000000e+00 0.000000e+00
-4.573280e-10 0.000000e+00 0.000000e+00
-3.756269e-10 0.000000e+00 0.000000e+00
-4.892695e-10 0.000000e+00 0.000000e+00
-3.695965e-10 0.000000e+00 0.000000e+00
-4.163122e-10 0.000000e+00 0.000000e+00
-1.525884e-10 0.000000e+00 0.000000e+00
-4.553825e-11 0.000000e+00 0.000000e+00
-8.026454e-11 0.000000e+00 0.000000e+00
-2.052879e-10 0.000000e+00 0.000000e+00
-1.980027e-10 0.000000e+00 0.000000e+00
-1.260920e-10 0.000000e+00 0.000000e+00
-3.146813e-10 0.000000e+00 0.000000e+00
-1.269539e-10 0.000000e+00 0.000000e+00
1.122615e-11 0.000000e+00 0.000000e+00
6.516474e-11 0.000000e+00 0.000000e+00
7.528975e-11 0.000000e+00 0.000000e+00
8.302996e-11 0.000000e+00 0.000000e+00
-4.170997e-10 0.000000e+00 0.000000e+00
-4.861853e-10 0.000000e+00 0.000000e+00
-5.281178e-10 0.000000e+00 0.000000e+00
-4.978897e-10 0.000000e+00 0.000000e+00
-4.977667e-10 0.000000e+00 0.000000e+00
-6.321135e-10 0.000000e+00 0.000000e+00
-6.244395e-10 0.000000e+00 0.000000e+00
-5.852896e-10 0.000000e+00 0.000000e+00
-6.326911e-10 0.000000e+00 0.000000e+00
-5.944230e-10 0.000000e+00 0.000000e+00
-5.086386e-10 0.000000e+00 0.000000e+00
-6.292147e-10 0.000000e+00 0.000000e+00
-6.120516e-10 0.000000e+00 0.000000e+00
-6.180847e-10 0.000000e+00 0.000000e+00
-6.057125e-10 0.000000e+00 0.000000e+00
-6.201094e-10 0.000000e+00 0.000000e+00
-6.188423e-10 0.000000e+00 0.000000e+00
-6.323468e-10 0.000000e+00 0.000000e+00
-6.251979e-10 0.000000e+00 0.000000e+00
-6.006787e-10 0.000000e+00 0.000000e+00
-6.299512e-10 0.000000e+00 0.000000e+00
-6.294803e-10 0.000000e+00 0.000000e+00
-6.321777e-10 0.000000e+00 0.000000e+00
-7.144695e-11 0.000000e+00 0.000000e+00
5.639515e-10 0.000000e+00 0.000000e+00
5.473551e-10 0.000000e+00 0.000000e+00
6.102411e-10 0.000000e+00 0.000000e+00
6.189899e-10 0.000000e+00 0.000000e+00
6.214759e-10 0.000000e+00 0.000000e+00
5.443909e-10 0.000000e+00 0.000000e+00
-6.320448e-10 0.000000e+00 0.000000e+00
-6.229672e-10 0.000000e+00 0.000000e+00
-5.936629e-10 0.000000e+00 0.000000e+00
-6.316922e-10 0.000000e+00 0.000000e+00
2.162731e-10 0.000000e+00 0.000000e+00
5.989594e-10 0.000000e+00 0.000000e+00
6.158958e-10 0.000000e+00 0.000000e+00
5.961029e-10 0.000000e+00 0.000000e+00
5.737980e-10 0.000000e+00 0.000000e+00
5.984270e-10 0.000000e+00 0.000000e+00
6.172143e-10 0.000000e+00 0.000000e+00
4.705460e-10 0.000000e+00 0.000000e+00
4.818134e-10 0.000000e+00 0.000000e+00
5.900916e-10 0.000000e+00 0.000000e+00
6.073163e-10 0.000000e+00 0.000000e+00
5.344283e-10 0.000000e+00 0.000000e+00
6.098708e-10 0.000000e+00 0.000000e+00
5.626049e-10 0.000000e+00 0.000000e+00
4.508629e-10 0.000000e+00 0.000000e+00
5.938618e-10 0.000000e+00 0.000000e+00
5.969897e-10 0.000000e+00 0.000000e+00
5.915187e-10 0.000000e+00 0.000000e+00
6.060676e-10 0.000000e+00 0.000000e+00
-4.426848e-10 0.000000e+00 0.000000e+00
-6.315980e-10 0.000000e+00 0.000000e+00
-6.230942e-10 0.000000e+00 0.000000e+00
-5.085388e-10 0.000000e+00 0.000000e+00
-6.325670e-10 0.000000e+00 0.000000e+00
-6.324716e-10 0.000000e+00 0.000000e+00
-6.327102e-10 0.000000e+00 0.000000e+00
-6.295526e-10 0.000000e+00 0.000000e+00
-6.327713e-10 0.000000e+00 0.000000e+00
-6.318424e-10 0.000000e+00 0.000000e+00
-6.303217e-10 0.000000e+00 0.000000e+00
-6.306155e-10 0.000000e+00 0.000000e+00
-6.306145e-10 0.000000e+00 0.000000e+00
-6.325128e-10 0.000000e+00 0.000000e+00
-5.682368e-10 0.000000e+00 0.000000e+00
-5.340049e-10 0.000000e+00 0.000000e+00
-5.707100e-10 0.000000e+00 0.000000e+00
-5.601117e-10 0.000000e+00 0.000000e+00
-6.024258e-10 0.000000e+00 0.000000e+00
-5.295221e-10 0.000000e+00 0.000000e+00
-5.270286e-10 0.000000e+00 0.000000e+00
-5.910989e-10 0.000000e+00 0.000000e+00
-6.044393e-10 0.000000e+00 0.000000e+00
-6.031342e-10 0.000000e+00 0.000000e+00
-5.941855e-10 0.000000e+00 0.000000e+00
-5.907078e-10 0.000000e+00 0.000000e+00
-5.938415e-10 0.000000e+00 0.000000e+00
-6.178078e-10 0.000000e+00 0.000000e+00
-5.958069e-10 0.000000e+00 0.000000e+00
-6.224300e-10 0.000000e+00 0.000000e+00
-6.197730e-10 0.000000e+00 0.000000e+00
-6.132227e-10 0.000000e+00 0.000000e+00
-6.154942e-10 0.000000e+00 0.000000e+00
-5.960965e-10 0.000000e+00 0.000000e+00
-6.105668e-10 0.000000e+00 0.000000e+00
-6.138332e-10 0.000000e+00 0.000000e+00
-6.239741e-10 0.000000e+00 0.000000e+00
-6.227444e-10 0.000000e+00 0.000000e+00
-6.234051e-10 0.000000e+00 0.000000e+00
-6.247234e-10 0.000000e+00 0.000000e+00
-6.233673e-10 0.000000e+00 0.000000e+00
-6.317708e-10 0.000000e+00 0.000000e+00
-6.319899e-10 0.000000e+00 0.000000e+00
-6.323191e-10 0.000000e+00 0.000000e+00
-6.321029e-10 0.000000e+00 0.000000e+00
-6.319841e-10 0.000000e+00 0.000000e+00
-6.321916e-10 0.000000e+00 0.000000e+00
-6.323063e-10 0.000000e+00 0.000000e+00
-6.322858e-10 0.000000e+00 0.000000e+00
-6.318255e-10 0.000000e+00 0.000000e+00
-6.319748e-10 0.000000e+00 0.000000e+00
-6.321869e-10 0.000000e+00 0.000000e+00
-6.235025e-10 0.000000e+00 0.000000e+00
-6.243978e-10 0.000000e+00 0.000000e+00
-6.234359e-10 0.000000e+00 0.000000e+00
-4.285386e-10 0.000000e+00 0.000000e+00
-4.484294e-10 0.000000e+00 0.000000e+00
-4.303115e-10 0.000000e+00 0.000000e+00
-5.449130e-11 0.000000e+00 0.000000e+00
-4.228692e-11 0.000000e+00 0.000000e+00
-4.127104e-11 0.000000e+00 0.000000e+00
-4.655011e-11 0.000000e+00 0.000000e+00
-5.737119e-11 0.000000e+00 0.000000e+00
7.313786e-12 0.000000e+00 0.000000e+00
-1.296502e-10 0.000000e+00 0.000000e+00
4.475921e-10 0.000000e+00 0.000000e+00
4.841739e-10 0.000000e+00 0.000000e+00
4.122368e-10 0.000000e+00 0.000000e+00
-5.760692e-10 0.000000e+00 0.000000e+00
-5.674970e-10 0.000000e+00 0.000000e+00
-5.251787e-10 0.000000e+00 0.000000e+00
-5.378053e-10 0.000000e+00 0.000000e+00
-5.599122e-10 0.000000e+00 0.000000e+00
-5.248343e-10 0.000000e+00 0.000000e+00
-6.063178e-10 0.000000e+00 0.000000e+00
-5.532485e-10 0.000000e+00 0.000000e+00
-5.447356e-10 0.000000e+00 0.000000e+00
-5.399017e-10 0.000000e+00 0.000000e+00
-5.352995e-10 0.000000e+00 0.000000e+00
-5.488066e-10 0.000000e+00 0.000000e+00
-5.460659e-10 0.000000e+00 0.000000e+00
-5.541434e-10 0.000000e+00 0.000000e+00
-5.598807e-10 0.000000e+00 0.000000e+00
-5.478584e-10 0.000000e+00 0.000000e+00
-5.465189e-10 0.000000e+00 0.000000e+00
-5.253988e-10 0.000000e+00 0.000000e+00
-4.934165e-10 0.000000e+00 0.000000e+00
-5.009176e-10 0.000000e+00 0.000000e+00
-4.901548e-10 0.000000e+00 0.000000e+00
-4.959495e-10 0.000000e+00 0.000000e+00
-5.037545e-10 0.000000e+00 0.000000e+00
-4.962671e-10 0.000000e+00 0.000000e+00
-5.335517e-10 0.000000e+00 0.000000e+00
-5.233880e-10 0.000000e+00 0.000000e+00
-5.347485e-10 0.000000e+00 0.000000e+00
-5.369100e-10 0.000000e+00 0.000000e+00
-5.318892e-10 0.000000e+00 0.000000e+00
-6.108404e-10 0.000000e+00 0.000000e+00
-5.993151e-10 0.000000e+00 0.000000e+00
-6.018147e-10 0.000000e+00 0.000000e+00
-6.018237e-10 0.000000e+00 0.000000e+00
-6.010614e-10 0.000000e+00 0.000000e+00
-6.016982e-10 0.000000e+00 0.000000e+00
7.805050e-10 0.000000e+00 0.000000e+00
1.321234e-09 0.000000e+00 0.000000e+00
1.005976e-09 0.000000e+00 0.000000e+00
7.425823e-10 0.000000e+00 0.000000e+00
7.470263e-10 0.000000e+00 0.000000e+00
7.407437e-10 0.000000e+00 0.000000e+00
7.652653e-10 0.000000e+00 0.000000e+00
7.231083e-10 0.000000e+00 0.000000e+00
7.609122e-10 0.000000e+00 0.000000e+00
7.301702e-10 0.000000e+00 0.000000e+00
7.621977e-10 0.000000e+00 0.000000e+00
7.348575e-10 0.000000e+00 0.000000e+00
7.263342e-10 0.000000e+00 0.000000e+00
7.402928e-10 0.000000e+00 0.000000e+00
7.383166e-10 0.000000e+00 0.000000e+00
7.368851e-10 0.000000e+00 0.000000e+00
7.019939e-10 0.000000e+00 0.000000e+00
4.406734e-10 0.000000e+00 0.000000e+00
4.563227e-10 0.000000e+00 0.000000e+00
4.620993e-10 0.000000e+00 0.000000e+00
3.814946e-10 0.000000e+00 0.000000e+00
4.092939e-10 0.000000e+00 0.000000e+00
4.108938e-10 0.000000e+00 0.000000e+00
1.059952e-09 0.000000e+00 0.000000e+00
1.937945e-10 0.000000e+00 0.000000e+00
2.081616e-10 0.000000e+00 0.000000e+00
1.531464e-10 0.000000e+00 0.000000e+00
1.570222e-10 0.000000e+00 0.000000e+00
1.817139e-10 0.000000e+00 0.000000e+00
5.208816e-10 0.000000e+00 0.000000e+00
4.489685e-10 0.000000e+00 0.000000e+00
9.952186e-11 0.000000e+00 0.000000e+00
2.917482e-10 0.000000e+00 0.000000e+00
3.076703e-10 0.000000e+00 0.000000e+00
-3.583381e-10 0.000000e+00 0.000000e+00
-4.339535e-10 0.000000e+00 0.000000e+00
-3.954442e-10 0.000000e+00 0.000000e+00
3.433138e-10 0.000000e+00 0.000000e+00
9.307584e-11 0.000000e+00 0.000000e+00
-7.086671e-11 0.000000e+00 0.000000e+00
-3.176933e-10 0.000000e+00 0.000000e+00
-6.102952e-11 0.000000e+00 0.000000e+00
-4.597348e-10 0.000000e+00 0.000000e+00
1.730458e-10 0.000000e+00 0.000000e+00
-4.408616e-10 0.000000e+00 0.000000e+00
3.198188e-10 0.000000e+00 0.000000e+00
-4.391142e-10 0.000000e+00 0.000000e+00
-4.141540e-10 0.000000e+00 0.000000e+00
-2.243874e-10 0.000000e+00 0.000000e+00
-3.992510e-10 0.000000e+00 0.000000e+00
-4.017463e-10 0.000000e+00 0.000000e+00
-3.912599e-10 0.000000e+00 0.000000e+00
-4.453238e-10 0.000000e+00 0.000000e+00
-4.539412e-10 0.000000e+00 0.000000e+00
-5.321803e-10 0.000000e+00 0.000000e+00
-5.308641e-10 0.000000e+00 0.000000e+00
-5.322380e-10 0.000000e+00 0.000000e+00
-5.336277e-10 0.000000e+00 0.000000e+00
-5.320320e-10 0.000000e+00 0.000000e+00
-5.320224e-10 0.000000e+00 0.000000e+00
-5.342328e-10 0.000000e+00 0.000000e+00
-5.373026e-10 0.000000e+00 0.000000e+00
-5.379076e-10 0.000000e+00 0.000000e+00
-5.652340e-10 0.000000e+00 0.000000e+00
-5.617306e-10 0.000000e+00 0.000000e+00
-5.595525e-10 0.000000e+00 0.000000e+00
-2.513644e-10 0.000000e+00 0.000000e+00
-3.839619e-10 0.000000e+00 0.000000e+00
-1.949246e-11 0.000000e+00 0.000000e+00
-3.060541e-10 0.000000e+00 0.000000e+00
-3.695207e-10 0.000000e+00 0.000000e+00
-1.920438e-11 0.000000e+00 0.000000e+00
3.233694e-10 0.000000e+00 0.000000e+00
4.932869e-11 0.000000e+00 0.000000e+00
3.763921e-10 0.000000e+00 0.000000e+00
1.059210e-10 0.000000e+00 0.000000e+00
1.477631e-10 0.000000e+00 0.000000e+00
3.736559e-10 0.000000e+00 0.000000e+00
3.380672e-10 0.000000e+00 0.000000e+00
2.972223e-10 0.000000e+00 0.000000e+00
3.580612e-10 0.000000e+00 0.000000e+00
3.631362e-10 0.000000e+00 0.000000e+00
3.756001e-10 0.000000e+00 0.000000e+00
3.772853e-10 0.000000e+00 0.000000e+00
3.710780e-10 0.000000e+00 0.000000e+00
3.720661e-10 0.000000e+00 0.000000e+00
3.578315e-10 0.000000e+00 0.000000e+00
3.603479e-10 0.000000e+00 0.000000e+00
3.624218e-10 0.000000e+00 0.000000e+00
3.497489e-10 0.000000e+00 0.000000e+00
3.576128e-10 0.000000e+00 0.000000e+00
3.640059e-10 0.000000e+00 0.000000e+00
3.736398e-10 0.000000e+00 0.000000e+00
3.467986e-10 0.000000e+00 0.000000e+00
3.757971e-10 0.000000e+00 0.000000e+00
6.073122e-10 0.000000e+00 0.000000e+00
6.053491e-10 0.000000e+00 0.000000e+00
6.139988e-10 0.000000e+00 0.000000e+00
5.875023e-10 0.000000e+00 0.000000e+00
6.133392e-10 0.000000e+00 0.000000e+00
5.757773e-10 0.000000e+00 0.000000e+00
6.109690e-10 0.000000e+00 0.000000e+00
5.833133e-10 0.000000e+00 0.000000e+00
5.896949e-10 0.000000e+00 0.000000e+00
2.076570e-11 0.000000e+00 0.000000e+00
1.048813e-11 0.000000e+00 0.000000e+00
2.077838e-10 0.000000e+00 0.000000e+00
2.558853e-10 0.000000e+00 0.000000e+00
2.218797e-10 0.000000e+00 0.000000e+00
-2.088125e-10 0.000000e+00 0.000000e+00
-2.409268e-10 0.000000e+00 0.000000e+00
-2.411232e-10 0.000000e+00 0.000000e+00
-2.514428e-10 0.000000e+00 0.000000e+00
-2.366319e-10 0.000000e+00 0.000000e+00
-2.305260e-10 0.000000e+00 0.000000e+00
-2.483892e-10 0.000000e+00 0.000000e+00
-2.513532e-10 0.000000e+00 0.000000e+00
-2.396415e-10 0.000000e+00 0.000000e+00
-2.282661e-10 0.000000e+00 0.000000e+00
-2.435827e-10 0.000000e+00 0.000000e+00
-1.200871e-09 0.000000e+00 0.000000e+00
-1.182545e-09 0.000000e+00 0.000000e+00
-1.282956e-09 0.000000e+00 0.000000e+00
-1.319639e-09 0.000000e+00 0.000000e+00
-1.608311e-09 0.000000e+00 0.000000e+00
-1.591565e-09 0.000000e+00 0.000000e+00
-1.423770e-09 0.000000e+00 0.000000e+00
-1.435328e-09 0.000000e+00 0.000000e+00
-1.299971e-09 0.000000e+00 0.000000e+00
-1.400267e-09 0.000000e+00 0.000000e+00
-1.358879e-09 0.000000e+00 0.000000e+00
-1.458039e-09 0.000000e+00 0.000000e+00
-1.640174e-09 0.000000e+00 0.000000e+00
4.347296e-10 0.000000e+00 0.000000e+00
3.201132e-10 0.000000e+00 0.000000e+00
3.638040e-10 0.000000e+00 0.000000e+00
3.933770e-10 0.000000e+00 0.000000e+00
3.978623e-10 0.000000e+00 0.000000e+00
3.646780e-10 0.000000e+00 0.000000e+00
1.571983e-10 0.000000e+00 0.000000e+00
1.596890e-10 0.000000e+00 0.000000e+00
1.479857e-10 0.000000e+00 0.000000e+00
1.651311e-10 0.000000e+00 0.000000e+00
1.620532e-10 0.000000e+00 0.000000e+00
1.641980e-10 0.000000e+00 0.000000e+00
1.667996e-10 0.000000e+00 0.000000e+00
1.600882e-10 0.000000e+00 0.000000e+00
1.607946e-10 0.000000e+00 0.000000e+00
2.453426e-10 0.000000e+00 0.000000e+00
2.351028e-10 0.000000e+00 0.000000e+00
2.383841e-10 0.000000e+00 0.000000e+00
2.390808e-10 0.000000e+00 0.000000e+00
2.545778e-10 0.000000e+00 0.000000e+00
2.382298e-10 0.000000e+00 0.000000e+00
2.524783e-10 0.000000e+00 0.000000e+00
2.513173e-10 0.000000e+00 0.000000e+00
2.615891e-10 0.000000e+00 0.000000e+00
1.577465e-10 0.000000e+00 0.000000e+00
1.731406e-10 0.000000e+00 0.000000e+00
1.584020e-10 0.000000e+00 0.000000e+00
4.401877e-10 0.000000e+00 0.000000e+00
4.392015e-10 0.000000e+00 0.000000e+00
4.322522e-10 0.000000e+00 0.000000e+00
3.517706e-10 0.000000e+00 0.000000e+00
3.531732e-10 0.000000e+00 0.000000e+00
3.623185e-10 0.000000e+00 0.000000e+00
4.187776e-10 0.000000e+00 0.000000e+00
-2.505865e-10 0.000000e+00 0.000000e+00
-2.284512e-10 0.000000e+00 0.000000e+00
-2.436117e-10 0.000000e+00 0.000000e+00
2.312143e-10 0.000000e+00 0.000000e+00
-8.412247e-10 0.000000e+00 0.000000e+00
-8.403916e-10 0.000000e+00 0.000000e+00
-8.344507e-10 0.000000e+00 0.000000e+00
-7.279523e-10 0.000000e+00 0.000000e+00
-8.833303e-10 0.000000e+00 0.000000e+00
-7.164398e-10 0.000000e+00 0.000000e+00
-6.834146e-10 0.000000e+00 0.000000e+00
-7.634880e-10 0.000000e+00 0.000000e+00
-8.568495e-10 0.000000e+00 0.000000e+00
-8.669659e-10 0.000000e+00 0.000000e+00
-8.453314e-10 0.000000e+00 0.000000e+00
-8.516726e-10 0.000000e+00 0.000000e+00
-8.415367e-10 0.000000e+00 0.000000e+00
-8.780738e-10 0.000000e+00 0.000000e+00
-8.750566e-10 0.000000e+00 0.000000e+00
-8.903206e-10 0.000000e+00 0.000000e+00
-8.510448e-10 0.000000e+00 0.000000e+00
-8.550876e-10 0.000000e+00 0.000000e+00
-3.335742e-10 0.000000e+00 0.000000e+00
-3.205518e-10 0.000000e+00 0.000000e+00
-3.144371e-10 0.000000e+00 0.000000e+00
-2.961266e-10 0.000000e+00 0.000000e+00
8.564370e-11 0.000000e+00 0.000000e+00
-4.366958e-10 0.000000e+00 0.000000e+00
-4.297393e-10 0.000000e+00 0.000000e+00
-2.433742e-10 0.000000e+00 0.000000e+00
-2.994630e-10 0.000000e+00 0.000000e+00
-2.452439e-10 0.000000e+00 0.000000e+00
-3.159868e-10 0.000000e+00 0.000000e+00
-2.370789e-10 0.000000e+00 0.000000e+00
-2.387284e-10 0.000000e+00 0.000000e+00
-2.362488e-10 0.000000e+00 0.000000e+00
-2.369980e-10 0.000000e+00 0.000000e+00
-2.397703e-10 0.000000e+00 0.000000e+00
-2.310741e-10 0.000000e+00 0.000000e+00
-2.411601e-10 0.000000e+00 0.000000e+00
-2.446798e-10 0.000000e+00 0.000000e+00
-2.423825e-10 0.000000e+00 0.000000e+00
-2.301396e-10 0.000000e+00 0.000000e+00
-2.409384e-10 0.000000e+00 0.000000e+00
-2.359664e-10 0.000000e+00 0.000000e+00
-2.342436e-10 0.000000e+00 0.000000e+00
-2.394716e-10 0.000000e+00 0.000000e+00
-2.380011e-10 0.000000e+00 0.000000e+00
1.405109e-10 0.000000e+00 0.000000e+00
2.118839e-10 0.000000e+00 0.000000e+00
2.128071e-10 0.000000e+00 0.000000e+00
2.513227e-10 0.000000e+00 0.000000e+00
1.835062e-10 0.000000e+00 0.000000e+00
3.537841e-10 0.000000e+00 0.000000e+00
3.591783e-10 0.000000e+00 0.000000e+00
3.492121e-10 0.000000e+00 0.000000e+00
3.545699e-10 0.000000e+00 0.000000e+00
3.534262e-10 0.000000e+00 0.000000e+00
3.507834e-10 0.000000e+00 0.000000e+00
3.505550e-10 0.000000e+00 0.000000e+00
3.557187e-10 0.000000e+00 0.000000e+00
3.515260e-10 0.000000e+00 0.000000e+00
3.582137e-10 0.000000e+00 0.000000e+00
3.585230e-10 0.000000e+00 0.000000e+00
3.503460e-10 0.000000e+00 0.000000e+00
3.603073e-10 0.000000e+00 0.000000e+00
3.474931e-10 0.000000e+00 0.000000e+00
3.570937e-10 0.000000e+00 0.000000e+00
5.318351e-10 0.000000e+00 0.000000e+00
5.262022e-10 0.000000e+00 0.000000e+00
5.351498e-10 0.000000e+00 0.000000e+00
4.858982e-10 0.000000e+00 0.000000e+00
5.036718e-10 0.000000e+00 0.000000e+00
4.973872e-10 0.000000e+00 0.000000e+00
5.336625e-10 0.000000e+00 0.000000e+00
5.392667e-10 0.000000e+00 0.000000e+00
5.315840e-10 0.000000e+00 0.000000e+00
5.354430e-10 0.000000e+00 0.000000e+00
5.352442e-10 0.000000e+00 0.000000e+00
5.288410e-10 0.000000e+00 0.000000e+00
5.349110e-10 0.000000e+00 0.000000e+00
5.381880e-10 0.000000e+00 0.000000e+00
5.316830e-10 0.000000e+00 0.000000e+00
5.321357e-10 0.000000e+00 0.000000e+00
5.333368e-10 0.000000e+00 0.000000e+00
5.402969e-10 0.000000e+00 0.000000e+00
5.388769e-10 0.000000e+00 0.000000e+00
5.383235e-10 0.000000e+00 0.000000e+00
5.397536e-10 0.000000e+00 0.000000e+00
5.367643e-10 0.000000e+00 0.000000e+00
9.650895e-11 0.000000e+00 0.000000e+00
7.500352e-11 0.000000e+00 0.000000e+00
6.367015e-11 0.000000e+00 0.000000e+00
1.001214e-10 0.000000e+00 0.000000e+00
4.482374e-11 0.000000e+00 0.000000e+00
9.366538e-11 0.000000e+00 0.000000e+00
7.580957e-11 0.000000e+00 0.000000e+00
6.902385e-11 0.000000e+00 0.000000e+00
8.512802e-11 0.000000e+00 0.000000e+00
7.335176e-11 0.000000e+00 0.000000e+00
9.768656e-11 0.000000e+00 0.000000e+00
2.615299e-10 0.000000e+00 0.000000e+00
1.856636e-10 0.000000e+00 0.000000e+00
1.918880e-10 0.000000e+00 0.000000e+00
1.879758e-10 0.000000e+00 0.000000e+00
1.715165e-10 0.000000e+00 0.000000e+00
1.887933e-10 0.000000e+00 0.000000e+00
1.848977e-10 0.000000e+00 0.000000e+00
1.866593e-10 0.000000e+00 0.000000e+00
1.860042e-10 0.000000e+00 0.000000e+00
1.983727e-10 0.000000e+00 0.000000e+00
1.901637e-10 0.000000e+00 0.000000e+00
-6.025040e-11 0.000000e+00 0.000000e+00
-1.207101e-10 0.000000e+00 0.000000e+00
-1.326196e-10 0.000000e+00 0.000000e+00
-1.028966e-10 0.000000e+00 0.000000e+00
-1.939926e-10 0.000000e+00 0.000000e+00
-1.717726e-10 0.000000e+00 0.000000e+00
-1.690909e-10 0.000000e+00 0.000000e+00
-9.830002e-11 0.000000e+00 0.000000e+00
-1.004070e-10 0.000000e+00 0.000000e+00
-1.400212e-10 0.000000e+00 0.000000e+00
-1.405320e-10 0.000000e+00 0.000000e+00
-1.370083e-10 0.000000e+00 0.000000e+00
-1.388521e-10 0.000000e+00 0.000000e+00
6.114398e-10 0.000000e+00 0.000000e+00
6.204165e-10 0.000000e+00 0.000000e+00
5.316105e-10 0.000000e+00 0.000000e+00
5.291707e-10 0.000000e+00 0.000000e+00
5.388969e-10 0.000000e+00 0.000000e+00
5.229145e-10 0.000000e+00 0.000000e+00
5.014244e-10 0.000000e+00 0.000000e+00
4.980046e-10 0.000000e+00 0.000000e+00
4.913589e-10 0.000000e+00 0.000000e+00
4.894127e-10 0.000000e+00 0.000000e+00
4.820481e-10 0.000000e+00 0.000000e+00
4.991266e-10 0.000000e+00 0.000000e+00
4.875130e-10 0.000000e+00 0.000000e+00
4.857795e-10 0.000000e+00 0.000000e+00
4.928230e-10 0.000000e+00 0.000000e+00
5.896949e-10 0.000000e+00 0.000000e+00
5.908835e-10 0.000000e+00 0.000000e+00
5.888914e-10 0.000000e+00 0.000000e+00
5.673462e-10 0.000000e+00 0.000000e+00
5.615642e-10 0.000000e+00 0.000000e+00
5.664190e-10 0.000000e+00 0.000000e+00
5.722889e-10 0.000000e+00 0.000000e+00
6.187174e-10 0.000000e+00 0.000000e+00
6.167648e-10 0.000000e+00 0.000000e+00
6.216492e-10 0.000000e+00 0.000000e+00
6.181504e-10 0.000000e+00 0.000000e+00
6.213376e-10 0.000000e+00 0.000000e+00
6.171497e-10 0.000000e+00 0.000000e+00
6.212521e-10 0.000000e+00 0.000000e+00
6.216736e-10 0.000000e+00 0.000000e+00
6.204926e-10 0.000000e+00 0.000000e+00
6.180104e-10 0.000000e+00 0.000000e+00
6.187072e-10 0.000000e+00 0.000000e+00
6.182942e-10 0.000000e+00 0.000000e+00
6.191711e-10 0.000000e+00 0.000000e+00
6.196114e-10 0.000000e+00 0.000000e+00
6.177167e-10 0.000000e+00 0.000000e+00
6.207913e-10 0.000000e+00 0.000000e+00
6.213991e-10 0.000000e+00 0.000000e+00
6.202650e-10 0.000000e+00 0.000000e+00
6.178212e-10 0.000000e+00 0.000000e+00
6.269092e-10 0.000000e+00 0.000000e+00
5.828257e-10 0.000000e+00 0.000000e+00
5.850240e-10 0.000000e+00 0.000000e+00
1.755558e-10 0.000000e+00 0.000000e+00
-1.606150e-09 0.000000e+00 0.000000e+00
-1.581047e-09 0.000000e+00 0.000000e+00
-1.573424e-09 0.000000e+00 0.000000e+00
-1.593282e-09 0.000000e+00 0.000000e+00
-1.605227e-09 0.000000e+00 0.000000e+00
-6.994688e-10 0.000000e+00 0.000000e+00
-1.810572e-09 0.000000e+00 0.000000e+00
-1.772254e-09 0.000000e+00 0.000000e+00
-1.119664e-09 0.000000e+00 0.000000e+00
-1.109193e-09 0.000000e+00 0.000000e+00
-1.157796e-09 0.000000e+00 0.000000e+00
-1.087937e-09 0.000000e+00 0.000000e+00
-1.074478e-09 0.000000e+00 0.000000e+00
-1.088830e-09 0.000000e+00 0.000000e+00
-1.010274e-09 0.000000e+00 0.000000e+00
-1.297434e-09 0.000000e+00 0.000000e+00
-1.316686e-09 0.000000e+00 0.000000e+00
-1.577196e-09 0.000000e+00 0.000000e+00
-1.598076e-09 0.000000e+00 0.000000e+00
-3.998029e-10 0.000000e+00 0.000000e+00
-2.239458e-10 0.000000e+00 0.000000e+00
-4.343453e-10 0.000000e+00 0.000000e+00
1.466077e-10 0.000000e+00 0.000000e+00
4.087795e-10 0.000000e+00 0.000000e+00
4.469665e-10 0.000000e+00 0.000000e+00
4.470086e-10 0.000000e+00 0.000000e+00
4.925986e-10 0.000000e+00 0.000000e+00
4.403088e-10 0.000000e+00 0.000000e+00
4.826572e-10 0.000000e+00 0.000000e+00
4.848137e-10 0.000000e+00 0.000000e+00
5.165360e-10 0.000000e+00 0.000000e+00
6.068218e-10 0.000000e+00 0.000000e+00
-2.347266e-09 0.000000e+00 0.000000e+00
-1.962563e-09 0.000000e+00 0.000000e+00
-2.012332e-09 0.000000e+00 0.000000e+00
-1.921717e-09 0.000000e+00 0.000000e+00
4.385756e-10 0.000000e+00 0.000000e+00
4.406643e-10 0.000000e+00 0.000000e+00
4.414645e-10 0.000000e+00 0.000000e+00
4.383970e-10 0.000000e+00 0.000000e+00
4.429961e-10 0.000000e+00 0.000000e+00
4.384713e-10 0.000000e+00 0.000000e+00
4.441852e-10 0.000000e+00 0.000000e+00
4.395321e-10 0.000000e+00 0.000000e+00
4.440543e-10 0.000000e+00 0.000000e+00
4.873872e-10 0.000000e+00 0.000000e+00
4.661805e-10 0.000000e+00 0.000000e+00
4.739469e-10 0.000000e+00 0.000000e+00
4.882866e-10 0.000000e+00 0.000000e+00
4.717026e-10 0.000000e+00 0.000000e+00
4.831479e-10 0.000000e+00 0.000000e+00
-4.797589e-11 0.000000e+00 0.000000e+00
2.709481e-10 0.000000e+00 0.000000e+00
-3.180352e-10 0.000000e+00 0.000000e+00
-2.216173e-10 0.000000e+00 0.000000e+00
-4.542910e-10 0.000000e+00 0.000000e+00
6.202226e-10 0.000000e+00 0.000000e+00
6.113850e-10 0.000000e+00 0.000000e+00
6.135118e-10 0.000000e+00 0.000000e+00
6.144108e-10 0.000000e+00 0.000000e+00
6.114067e-10 0.000000e+00 0.000000e+00
6.135127e-10 0.000000e+00 0.000000e+00
5.550567e-10 0.000000e+00 0.000000e+00
5.599996e-10 0.000000e+00 0.000000e+00
5.546086e-10 0.000000e+00 0.000000e+00
5.578105e-10 0.000000e+00 0.000000e+00
5.626540e-10 0.000000e+00 0.000000e+00
5.599307e-10 0.000000e+00 0.000000e+00
5.609269e-10 0.000000e+00 0.000000e+00
5.578325e-10 0.000000e+00 0.000000e+00
5.668656e-10 0.000000e+00 0.000000e+00
5.919074e-10 0.000000e+00 0.000000e+00
5.885471e-10 0.000000e+00 0.000000e+00
5.880898e-10 0.000000e+00 0.000000e+00
5.910157e-10 0.000000e+00 0.000000e+00
5.872487e-10 0.000000e+00 0.000000e+00
6.306947e-10 0.000000e+00 0.000000e+00
4.816766e-10 0.000000e+00 0.000000e+00
6.318686e-10 0.000000e+00 0.000000e+00
1.113775e-09 0.000000e+00 0.000000e+00
1.514275e-09 0.000000e+00 0.000000e+00
1.492643e-09 0.000000e+00 0.000000e+00
1.131478e-09 0.000000e+00 0.000000e+00
1.004866e-09 0.000000e+00 0.000000e+00
9.954037e-10 0.000000e+00 0.000000e+00
1.290610e-09 0.000000e+00 0.000000e+00
1.222197e-09 0.000000e+00 0.000000e+00
1.135928e-09 0.000000e+00 0.000000e+00
1.138968e-09 0.000000e+00 0.000000e+00
-2.267125e-10 0.000000e+00 0.000000e+00
-3.160827e-10 0.000000e+00 0.000000e+00
-3.250376e-10 0.000000e+00 0.000000e+00
-4.636997e-11 0.000000e+00 0.000000e+00
-4.715030e-11 0.000000e+00 0.000000e+00
-4.896846e-11 0.000000e+00 0.000000e+00
-4.483176e-11 0.000000e+00 0.000000e+00
-5.583377e-11 0.000000e+00 0.000000e+00
-2.431689e-10 0.000000e+00 0.000000e+00
-6.322536e-10 0.000000e+00 0.000000e+00
-6.319596e-10 0.000000e+00 0.000000e+00
-6.322581e-10 0.000000e+00 0.000000e+00
-6.321028e-10 0.000000e+00 0.000000e+00
-6.065306e-10 0.000000e+00 0.000000e+00
1.261014e-09 0.000000e+00 0.000000e+00
1.720980e-09 0.000000e+00 0.000000e+00
1.879199e-09 0.000000e+00 0.000000e+00
1.424508e-09 0.000000e+00 0.000000e+00
1.424206e-09 0.000000e+00 0.000000e+00
1.735525e-09 0.000000e+00 0.000000e+00
1.406922e-09 0.000000e+00 0.000000e+00
1.456882e-09 0.000000e+00 0.000000e+00
1.583822e-09 0.000000e+00 0.000000e+00
1.547311e-09 0.000000e+00 0.000000e+00
1.504710e-09 0.000000e+00 0.000000e+00
1.525244e-09 0.000000e+00 0.000000e+00
1.440476e-09 0.000000e+00 0.000000e+00
1.893120e-09 0.000000e+00 0.000000e+00
9.971637e-10 0.000000e+00 0.000000e+00
9.805665e-10 0.000000e+00 0.000000e+00
9.738747e-10 0.000000e+00 0.000000e+00
9.872785e-10 0.000000e+00 0.000000e+00
9.638299e-10 0.000000e+00 0.000000e+00
2.032110e-09 0.000000e+00 0.000000e+00
2.067132e-09 0.000000e+00 0.000000e+00
1.760655e-09 0.000000e+00 0.000000e+00
1.803343e-09 0.000000e+00 0.000000e+00
1.713979e-09 0.000000e+00 0.000000e+00
1.713560e-09 0.000000e+00 0.000000e+00
1.759811e-09 0.000000e+00 0.000000e+00
1.813535e-09 0.000000e+00 0.000000e+00
1.654381e-09 0.000000e+00 0.000000e+00
1.645775e-09 0.000000e+00 0.000000e+00
1.828105e-09 0.000000e+00 0.000000e+00
1.835764e-09 0.000000e+00 0.000000e+00
1.825920e-09 0.000000e+00 0.000000e+00
1.804298e-09 0.000000e+00 0.000000e+00
1.779546e-09 0.000000e+00 0.000000e+00
1.822556e-09 0.000000e+00 0.000000e+00
1.830720e-09 0.000000e+00 0.000000e+00
1.812086e-09 0.000000e+00 0.000000e+00
1.799769e-09 0.000000e+00 0.000000e+00
1.806303e-09 0.000000e+00 0.000000e+00
1.820944e-09 0.000000e+00 0.000000e+00
1.826798e-09 0.000000e+00 0.000000e+00
1.805542e-09 0.000000e+00 0.000000e+00
1.797184e-09 0.000000e+00 0.000000e+00
1.963752e-09 0.000000e+00 0.000000e+00
2.253011e-09 0.000000e+00 0.000000e+00
2.361961e-09 0.000000e+00 0.000000e+00
2.223639e-09 0.000000e+00 0.000000e+00
2.125589e-09 0.000000e+00 0.000000e+00
2.177530e-09 0.000000e+00 0.000000e+00
2.160528e-09 0.000000e+00 0.000000e+00
2.155008e-09 0.000000e+00 0.000000e+00
2.376025e-09 0.000000e+00 0.000000e+00
2.301268e-09 0.000000e+00 0.000000e+00
2.561759e-09 0.000000e+00 0.000000e+00
2.443289e-09 0.000000e+00 0.000000e+00
2.552940e-09 0.000000e+00 0.000000e+00
3.021045e-09 0.000000e+00 0.000000e+00
2.555464e-09 0.000000e+00 0.000000e+00
2.563944e-09 0.000000e+00 0.000000e+00
2.503631e-09 0.000000e+00 0.000000e+00
2.490187e-09 0.000000e+00 0.000000e+00
2.510956e-09 0.000000e+00 0.000000e+00
2.564185e-09 0.000000e+00 0.000000e+00
2.581678e-09 0.000000e+00 0.000000e+00
3.839715e-09 0.000000e+00 0.000000e+00
4.052843e-09 0.000000e+00 0.000000e+00
3.994047e-09 0.000000e+00 0.000000e+00
4.184768e-09 0.000000e+00 0.000000e+00
3.918656e-09 0.000000e+00 0.000000e+00
4.361272e-09 0.000000e+00 0.000000e+00
4.888899e-09 0.000000e+00 0.000000e+00
-5.528980e-10 0.000000e+00 0.000000e+00
-5.771143e-10 0.000000e+00 0.000000e+00
-5.751154e-10 0.000000e+00 0.000000e+00
-4.403575e-10 0.000000e+00 0.000000e+00
6.251838e-10 0.000000e+00 0.000000e+00
5.955363e-10 0.000000e+00 0.000000e+00
1.141111e-09 0.000000e+00 0.000000e+00
1.469850e-09 0.000000e+00 0.000000e+00
1.427050e-09 0.000000e+00 0.000000e+00
1.408419e-09 0.000000e+00 0.000000e+00
1.374594e-09 0.000000e+00 0.000000e+00
1.231055e-09 0.000000e+00 0.000000e+00
1.220650e-09 0.000000e+00 0.000000e+00
2.278828e-09 0.000000e+00 0.000000e+00
2.277711e-09 0.000000e+00 0.000000e+00
2.267696e-09 0.000000e+00 0.000000e+00
2.642174e-09 0.000000e+00 0.000000e+00
2.792654e-09 0.000000e+00 0.000000e+00
3.119624e-09 0.000000e+00 0.000000e+00
3.140746e-09 0.000000e+00 0.000000e+00
3.024185e-09 0.000000e+00 0.000000e+00
3.120720e-09 0.000000e+00 0.000000e+00
3.292430e-09 0.000000e+00 0.000000e+00
3.142741e-09 0.000000e+00 0.000000e+00
3.121848e-09 0.000000e+00 0.000000e+00
3.137899e-09 0.000000e+00 0.000000e+00
2.459298e-09 0.000000e+00 0.000000e+00
-6.234501e-10 0.000000e+00 0.000000e+00
-6.180364e-10 0.000000e+00 0.000000e+00
-6.197040e-10 0.000000e+00 0.000000e+00
-6.214445e-10 0.000000e+00 0.000000e+00
-6.185939e-10 0.000000e+00 0.000000e+00
-6.199060e-10 0.000000e+00 0.000000e+00
-6.279831e-10 0.000000e+00 0.000000e+00
