step K U E temp
0 9.576475e-24 -4.097601e-18 -4.097591e-18 1.387243e+00
1000 2.437966e-22 -4.107390e-18 -4.107146e-18 3.531623e+01
2000 1.702548e-22 -4.104469e-18 -4.104298e-18 2.466301e+01
3000 2.187449e-22 -4.108683e-18 -4.108464e-18 3.168726e+01
4000 8.619934e-23 -4.109717e-18 -4.109631e-18 1.248679e+01
5000 2.503873e-22 -4.104374e-18 -3.924124e-18 3.627096e+01
6000 2.727032e-21 -4.100012e-18 -3.857031e-18 3.950363e+02
7000 1.862945e-21 -4.109999e-18 -3.734837e-18 2.698651e+02
8000 4.530711e-23 -4.109229e-18 -3.744365e-18 6.563161e+00
9000 1.988894e-23 -4.091187e-18 -3.610478e-18 2.881100e+00
10000 6.805153e-21 -4.091872e-18 -3.604087e-18 9.857905e+02
11000 6.598052e-23 -4.094817e-18 -3.610705e-18 9.557899e+00
12000 1.611528e-23 -4.096369e-18 -3.608430e-18 2.334451e+00
13000 5.148197e-22 -4.109291e-18 -3.470985e-18 7.457647e+01
14000 4.107061e-22 -4.108937e-18 -3.477841e-18 5.949464e+01
15000 2.518991e-20 -4.055738e-18 -3.310548e-18 3.648996e+03
16000 1.608004e-21 -4.087109e-18 -3.244444e-18 2.329345e+02
17000 4.422889e-22 -4.086233e-18 -3.245103e-18 6.406971e+01
18000 6.845431e-22 -4.069343e-18 -3.107983e-18 9.916252e+01
19000 2.136207e-21 -4.065981e-18 -3.103672e-18 3.094497e+02
20000 8.286325e-22 -4.074844e-18 -3.109369e-18 1.200352e+02
21000 1.637689e-21 -4.075610e-18 -3.108094e-18 2.372346e+02
22000 3.836273e-22 -4.077599e-18 -3.106850e-18 5.557203e+01
23000 7.197222e-21 -4.068914e-18 -2.969857e-18 1.042585e+03
24000 1.119600e-19 -4.086304e-18 -2.717200e-18 1.621846e+04
25000 1.465207e-21 -4.044815e-18 -2.836659e-18 2.122491e+02
26000 3.271518e-20 -4.033196e-18 -2.800470e-18 4.739102e+03
27000 3.606539e-21 -4.093085e-18 -2.709207e-18 5.224412e+02
28000 8.182306e-22 -4.107878e-18 -2.702726e-18 1.185284e+02
29000 1.054590e-24 -4.044506e-18 -2.718200e-18 1.527673e-01
30000 5.039721e-22 -4.050837e-18 -2.711735e-18 7.300511e+01
31000 5.339521e-21 -4.034710e-18 -2.708663e-18 7.734799e+02
32000 1.522020e-21 -4.034886e-18 -2.712625e-18 2.204789e+02
33000 8.970780e-21 -4.043142e-18 -2.709355e-18 1.299502e+03
34000 3.571274e-23 -4.038873e-18 -2.716916e-18 5.173326e+00
35000 4.272486e-25 -4.005687e-18 -2.563983e-18 6.189098e-02
36000 5.678048e-21 -4.007597e-18 -2.559492e-18 8.225186e+02
37000 9.615282e-22 -4.004315e-18 -2.562045e-18 1.392864e+02
38000 1.260905e-22 -4.008048e-18 -2.565289e-18 1.826540e+01
39000 1.417045e-21 -4.105058e-18 -2.625021e-18 2.052724e+02
40000 2.223469e-22 -4.064127e-18 -2.571740e-18 3.220905e+01
41000 3.794181e-22 -4.098157e-18 -2.591126e-18 5.496228e+01
42000 1.507455e-23 -4.021089e-18 -2.578491e-18 2.183691e+00
43000 2.058972e-22 -4.032094e-18 -2.572190e-18 2.982614e+01
44000 4.257979e-22 -4.032155e-18 -2.571860e-18 6.168083e+01
45000 9.401073e-23 -4.032437e-18 -2.571671e-18 1.361834e+01
46000 3.940722e-23 -4.024553e-18 -2.579120e-18 5.708506e+00
47000 1.904709e-23 -4.033649e-18 -2.569303e-18 2.759150e+00
48000 2.452230e-21 -4.021243e-18 -2.576117e-18 3.552285e+02
49000 8.742820e-22 -3.996771e-18 -2.434939e-18 1.266480e+02
50000 3.372002e-21 -4.011538e-18 -2.432688e-18 4.884662e+02
51000 7.668648e-22 -3.998047e-18 -2.436000e-18 1.110876e+02
52000 4.694641e-23 -4.002577e-18 -2.439196e-18 6.800629e+00
53000 2.311421e-21 -4.011982e-18 -2.433183e-18 3.348311e+02
54000 1.216858e-21 -3.995464e-18 -2.433542e-18 1.762733e+02
55000 1.001721e-20 -4.106094e-18 -2.378794e-18 1.451088e+03
56000 1.335520e-21 -3.986436e-18 -2.288731e-18 1.934626e+02
57000 8.048861e-22 -3.977677e-18 -2.292406e-18 1.165953e+02
58000 1.370518e-22 -3.989395e-18 -2.286105e-18 1.985325e+01
59000 2.986926e-23 -3.983946e-18 -2.292129e-18 4.326844e+00
60000 6.446403e-23 -3.984045e-18 -2.292032e-18 9.338222e+00
61000 1.663794e-20 -3.984144e-18 -2.275393e-18 2.410162e+03
62000 1.288637e-20 -3.935847e-18 -2.120254e-18 1.866712e+03
63000 8.288598e-22 -3.946489e-18 -2.133219e-18 1.200681e+02
64000 5.978336e-21 -3.932545e-18 -2.125031e-18 8.660182e+02
65000 4.876129e-21 -3.945013e-18 -2.129778e-18 7.063531e+02
66000 9.445859e-22 -3.942850e-18 -2.134118e-18 1.368322e+02
67000 1.667811e-21 -3.906807e-18 -1.984505e-18 2.415980e+02
68000 3.541278e-22 -3.943550e-18 -1.965795e-18 5.129875e+01
69000 1.658276e-22 -3.924971e-18 -1.993989e-18 2.402168e+01
70000 6.043483e-23 -3.922303e-18 -1.994565e-18 8.754553e+00
71000 1.553302e-21 -3.917458e-18 -1.992047e-18 2.250105e+02
72000 7.776056e-20 -4.108192e-18 -1.904668e-18 1.126435e+04
73000 7.911327e-22 -4.023358e-18 -1.958534e-18 1.146030e+02
74000 3.801597e-23 -4.000659e-18 -1.959996e-18 5.506971e+00
75000 1.283415e-22 -3.984638e-18 -1.818806e-18 1.859148e+01
76000 7.109229e-22 -3.986768e-18 -1.818436e-18 1.029839e+02
77000 1.800694e-23 -3.990598e-18 -1.818264e-18 2.608475e+00
78000 1.075352e-20 -3.973682e-18 -1.801920e-18 1.557748e+03
79000 7.457342e-21 -3.983032e-18 -1.811038e-18 1.080266e+03
80000 2.164139e-21 -3.984870e-18 -1.816814e-18 3.134959e+02
81000 6.182494e-22 -3.988925e-18 -1.818254e-18 8.955924e+01
82000 2.043549e-21 -3.998183e-18 -1.809095e-18 2.960273e+02
83000 1.318389e-21 -3.979818e-18 -1.815706e-18 1.909810e+02
84000 3.374951e-22 -4.108928e-18 -1.757241e-18 4.888934e+01
85000 3.378192e-20 -4.099809e-18 -1.721836e-18 4.893629e+03
86000 1.540769e-23 -4.109851e-18 -1.750671e-18 2.231949e+00
87000 3.569565e-21 -4.101203e-18 -1.752665e-18 5.170851e+02
88000 1.692670e-20 -3.962593e-18 -1.653043e-18 2.451992e+03
89000 1.571266e-21 -3.963191e-18 -1.668183e-18 2.276126e+02
90000 6.457695e-21 -3.960928e-18 -1.663920e-18 9.354580e+02
91000 4.265146e-20 -4.065339e-18 -1.554902e-18 6.178466e+03
92000 1.284168e-20 -4.109575e-18 -1.605837e-18 1.860238e+03
93000 5.553757e-22 -4.101435e-18 -1.635460e-18 8.045140e+01
94000 2.932868e-21 -3.973973e-18 -1.505135e-18 4.248535e+02
95000 8.278993e-21 -4.103945e-18 -1.621644e-18 1.199290e+03
96000 5.683845e-20 -3.837196e-18 -1.140357e-18 8.233584e+03
97000 7.993053e-20 -4.034752e-18 -1.239275e-18 1.157869e+04
98000 1.860751e-22 -4.104985e-18 -1.379166e-18 2.695474e+01
99000 2.729361e-21 -4.104975e-18 -1.376582e-18 3.953736e+02
100000 3.409011e-21 -4.105500e-18 -1.377880e-18 4.938273e+02
101000 2.505867e-21 -4.108825e-18 -1.374987e-18 3.629984e+02
102000 9.045891e-21 -4.106977e-18 -1.375156e-18 1.310382e+03
103000 2.827697e-24 -4.107102e-18 -1.384173e-18 4.096185e-01
104000 7.876899e-21 -4.105253e-18 -1.372524e-18 1.141043e+03
105000 2.493241e-20 -4.108804e-18 -1.352720e-18 3.611695e+03
106000 5.379128e-22 -4.105686e-18 -1.381362e-18 7.792173e+01
107000 1.518068e-21 -4.081662e-18 -1.245831e-18 2.199064e+02
108000 6.804062e-22 -4.072218e-18 -1.243853e-18 9.856324e+01
109000 9.566076e-21 -4.071239e-18 -1.233601e-18 1.385736e+03
110000 2.577425e-21 -4.077489e-18 -1.246021e-18 3.733643e+02
111000 1.221099e-21 -4.077083e-18 -1.247340e-18 1.768877e+02
112000 9.551535e-22 -4.073578e-18 -1.245295e-18 1.383630e+02
113000 1.565428e-22 -4.078719e-18 -1.248313e-18 2.267670e+01
114000 1.464172e-21 -4.074915e-18 -1.246085e-18 2.120991e+02
115000 8.884032e-22 -4.101985e-18 -1.120121e-18 1.286936e+02
116000 2.859145e-19 -3.924856e-18 -6.232239e-19 4.141741e+04
117000 3.079669e-21 -4.103892e-18 -1.053713e-18 4.461191e+02
118000 1.255218e-19 -4.100025e-18 -7.906323e-19 1.818302e+04
119000 1.169294e-19 -4.099584e-18 -7.992670e-19 1.693833e+04
120000 4.793284e-22 -4.057053e-18 -8.786586e-19 6.943522e+01
121000 6.391116e-22 -3.918883e-18 -7.890556e-19 9.258133e+01
122000 5.605412e-22 -3.911634e-18 -7.869025e-19 8.119966e+01
123000 2.096986e-19 -4.108717e-18 -5.509415e-19 3.037681e+04
124000 1.211489e-21 -3.886128e-18 -6.382001e-19 1.754956e+02
125000 1.186793e-22 -3.889551e-18 -6.393363e-19 1.719181e+01
126000 4.842517e-21 -4.109923e-18 -5.986985e-19 7.014841e+02
127000 7.298079e-20 -2.952690e-18 4.802912e-19 1.057195e+04
128000 4.634831e-20 -3.426283e-18 -1.993511e-20 6.713989e+03
129000 3.293108e-20 -4.025043e-18 -5.559334e-19 4.770377e+03
130000 2.920885e-22 -3.547396e-18 -1.871042e-19 4.231176e+01
131000 1.010528e-20 -4.049510e-18 -6.097141e-19 1.463845e+03
132000 3.523046e-21 -4.106535e-18 -6.094416e-19 5.103464e+02
133000 1.748570e-21 -4.059915e-18 -6.338781e-19 2.532969e+02
134000 6.929575e-21 -4.056243e-18 -6.326395e-19 1.003814e+03
135000 1.525683e-19 -4.034780e-18 -4.466528e-19 2.210095e+04
136000 7.068934e-20 -4.024039e-18 -5.181833e-19 1.024002e+04
137000 2.823712e-20 -4.081724e-18 -5.620498e-19 4.090412e+03
138000 5.351865e-20 -3.920849e-18 -4.540766e-19 7.752680e+03
139000 4.755184e-19 -4.105344e-18 -2.299647e-19 6.888332e+04
140000 2.376197e-19 -3.728886e-18 -1.312666e-19 3.442145e+04
141000 5.539311e-20 -3.789407e-18 -3.740135e-19 8.024213e+03
142000 2.148091e-19 -3.781038e-18 -8.622921e-20 3.111713e+04
143000 9.655060e-22 -4.062429e-18 -5.096970e-19 1.398626e+02
144000 9.739155e-22 -4.053414e-18 -5.178668e-19 1.410808e+02
145000 2.115238e-21 -4.054165e-18 -5.172616e-19 3.064122e+02
146000 3.004909e-21 -4.062348e-18 -5.078371e-19 4.352893e+02
147000 2.220167e-19 -4.104630e-18 -3.603905e-19 3.216120e+04
148000 2.009844e-19 -3.974296e-18 -1.709994e-19 2.911448e+04
149000 8.670105e-20 -3.817221e-18 -2.503875e-19 1.255946e+04
150000 6.575344e-20 -4.055976e-18 -4.587013e-19 9.525005e+03
151000 2.166492e-22 -4.105098e-18 -5.845837e-19 3.138367e+01
152000 2.901664e-23 -4.056523e-18 -5.194221e-19 4.203333e+00
153000 8.296177e-22 -4.056592e-18 -5.185875e-19 1.201779e+02
154000 4.650924e-21 -3.660947e-18 -1.762958e-19 6.737301e+02
155000 1.414728e-20 -4.086602e-18 -3.549924e-19 2.049367e+03
156000 3.168397e-22 -3.934697e-18 -2.515569e-19 4.589720e+01
157000 1.729798e-18 -4.107250e-18 1.283051e-18 2.505775e+05
158000 1.211785e-20 -4.104132e-18 -4.466365e-19 1.755384e+03
159000 3.762914e-19 -4.026654e-18 2.753372e-20 5.450935e+04
160000 4.008239e-21 -3.865548e-18 -2.497824e-19 5.806311e+02
161000 2.618826e-19 -4.084348e-18 -5.186334e-20 3.793616e+04
162000 1.995656e-21 -3.925889e-18 -1.302606e-19 2.890895e+02
163000 3.801888e-22 -3.897917e-18 -1.210030e-19 5.507392e+01
164000 9.835592e-23 -3.925727e-18 -1.320879e-19 1.424778e+01
165000 2.197331e-23 -3.849923e-18 -1.160715e-19 3.183041e+00
166000 3.032163e-23 -3.852810e-18 -1.147635e-19 4.392374e+00
167000 2.488084e-21 -3.858153e-18 -1.081509e-19 3.604224e+02
168000 3.636594e-22 -3.849448e-18 -1.158748e-19 5.267949e+01
169000 1.893546e-21 -3.843833e-18 -1.146352e-19 2.742980e+02
170000 7.844283e-20 -3.574114e-18 2.243287e-19 1.136318e+04
171000 1.640939e-19 -3.787424e-18 9.750266e-20 2.377054e+04
172000 1.130791e-18 -4.104341e-18 7.904215e-19 1.638057e+05
173000 4.330749e-21 -3.939604e-18 -1.581784e-19 6.273498e+02
174000 1.858636e-20 -4.023826e-18 -2.102786e-19 2.692409e+03
175000 5.258934e-21 -4.039299e-18 -1.216258e-19 7.618061e+02
176000 9.245464e-22 -4.047408e-18 -1.464172e-19 1.339293e+02
177000 1.653115e-20 -4.085547e-18 -1.744345e-19 2.394693e+03
178000 3.185466e-22 -4.096521e-18 -1.977362e-19 4.614448e+01
179000 8.877998e-22 -4.096718e-18 -1.969812e-19 1.286062e+02
180000 3.061193e-20 -4.086855e-18 -9.957100e-20 4.434426e+03
181000 3.900575e-22 -4.099621e-18 -1.888685e-19 5.650350e+01
182000 1.230628e-21 -4.096008e-18 -1.970067e-19 1.782681e+02
183000 2.108961e-21 -4.093820e-18 -1.926842e-19 3.055028e+02
184000 1.475089e-21 -4.096962e-18 -1.960737e-19 2.136806e+02
185000 7.519047e-25 -4.080394e-18 -1.959823e-19 1.089205e-01
186000 1.492766e-20 -4.097214e-18 -4.329800e-21 2.162412e+03
187000 4.957417e-22 -4.059021e-18 -3.652493e-20 7.181285e+01
188000 3.652961e-21 -4.083954e-18 -6.554127e-20 5.291657e+02
189000 2.818733e-21 -4.102555e-18 -4.072391e-20 4.083199e+02
190000 6.190183e-21 -4.105131e-18 -4.172664e-20 8.967062e+02
191000 8.620873e-23 -4.103730e-18 -4.806941e-20 1.248815e+01
192000 3.056595e-22 -4.103678e-18 -4.772187e-20 4.427765e+01
193000 2.212630e-19 -3.679388e-18 5.018748e-19 3.205202e+04
194000 2.300592e-19 -3.587465e-18 6.025937e-19 3.332623e+04
195000 1.416569e-21 -3.948567e-18 8.577539e-20 2.052034e+02
196000 1.707201e-21 -4.047469e-18 -1.086799e-20 2.473042e+02
197000 7.565639e-21 -3.324932e-18 6.426338e-19 1.095954e+03
198000 6.325221e-21 -4.106948e-18 -2.867718e-20 9.162678e+02
199000 1.000841e-19 -4.059366e-18 4.792354e-20 1.449812e+04
200000 1.408702e-21 -4.102687e-18 7.719741e-20 2.040638e+02
201000 4.955317e-24 -4.104743e-18 7.124533e-20 7.178243e-01
202000 9.738030e-23 -4.098862e-18 9.639065e-20 1.410645e+01
203000 9.596811e-21 -3.926212e-18 2.372037e-19 1.390188e+03
204000 2.635553e-20 -3.756505e-18 3.498502e-19 3.817846e+03
205000 1.990026e-22 -3.850895e-18 2.444633e-19 2.882740e+01
206000 1.165378e-20 -4.058419e-18 1.453558e-19 1.688160e+03
207000 6.456825e-19 -4.045850e-18 7.580827e-19 9.353318e+04
208000 1.652947e-19 -3.736827e-18 5.084679e-19 2.394450e+04
209000 1.911624e-21 -4.103838e-18 7.351585e-20 2.769167e+02
210000 6.173764e-24 -4.101577e-18 8.201022e-20 8.943278e-01
211000 5.150908e-21 -4.105285e-18 7.774646e-20 7.461575e+02
212000 4.788333e-21 -4.104073e-18 7.600852e-20 6.936351e+02
213000 1.596424e-20 -4.081979e-18 6.171901e-20 2.312571e+03
214000 1.374856e-21 -4.102193e-18 7.978042e-20 1.991608e+02
215000 7.285834e-21 -4.072660e-18 1.294288e-19 1.055422e+03
216000 3.369237e-22 -4.103814e-18 7.199077e-20 4.880657e+01
217000 2.416492e-22 -4.104376e-18 7.125666e-20 3.500516e+01
218000 5.330315e-21 -4.104259e-18 7.638398e-20 7.721463e+02
219000 1.468080e-22 -4.107690e-18 9.527868e-20 2.126652e+01
220000 4.329010e-25 -4.102780e-18 7.533837e-20 6.270978e-02
221000 1.645771e-21 -4.106111e-18 7.878825e-20 2.384054e+02
222000 6.771308e-21 -4.102220e-18 8.502636e-20 9.808876e+02
223000 1.832594e-26 -4.104841e-18 7.139314e-20 2.654685e-03
224000 1.124130e-19 -3.965780e-18 4.542437e-19 1.628408e+04
225000 9.105083e-19 -4.102531e-18 1.126172e-18 1.318957e+05
226000 4.235362e-19 -3.909593e-18 7.751998e-19 6.135320e+04
227000 2.562115e-19 -3.556197e-18 9.000141e-19 3.711465e+04
228000 8.742757e-23 -3.740893e-18 4.591953e-19 1.266471e+01
229000 2.516416e-19 -4.107071e-18 4.806905e-19 3.645266e+04
230000 1.613132e-20 -3.719756e-18 4.963753e-19 2.336773e+03
231000 1.328224e-21 -4.069908e-18 3.609580e-19 1.924057e+02
232000 5.885913e-22 -4.070067e-18 3.602739e-19 8.526298e+01
233000 3.530632e-21 -4.082573e-18 3.712232e-19 5.114452e+02
234000 2.767716e-22 -3.928202e-18 4.671739e-19 4.009297e+01
235000 8.558908e-21 -3.908329e-18 4.803797e-19 1.239838e+03
236000 1.714339e-21 -3.840645e-18 6.060798e-19 2.483382e+02
237000 6.444735e-23 -3.847847e-18 6.034797e-19 9.335805e+00
238000 1.914942e-21 -3.828896e-18 7.610386e-19 2.773974e+02
239000 1.586525e-21 -3.818397e-18 7.546712e-19 2.298230e+02
240000 3.254138e-21 -3.822313e-18 7.575014e-19 4.713925e+02
241000 2.024898e-21 -3.806470e-18 7.585013e-19 2.933255e+02
242000 4.444344e-22 -3.812276e-18 7.541487e-19 6.438050e+01
243000 2.009853e-21 -3.830617e-18 7.629537e-19 2.911461e+02
244000 5.101632e-21 -4.034994e-18 6.216269e-19 7.390194e+02
245000 3.119916e-20 -4.019984e-18 9.009722e-19 4.519492e+03
246000 1.134082e-20 -4.106376e-18 9.000602e-19 1.642825e+03
247000 2.251987e-22 -4.106539e-18 8.018510e-19 3.262215e+01
248000 7.528899e-22 -4.107890e-18 8.193858e-19 1.090632e+02
249000 7.203489e-19 -3.828949e-18 1.719525e-18 1.043493e+05
250000 1.251689e-18 -3.693156e-18 2.358533e-18 1.813189e+05
251000 2.593948e-19 -3.485628e-18 1.573767e-18 3.757578e+04
252000 5.490332e-19 -4.107901e-18 1.606104e-18 7.953263e+04
253000 4.547890e-19 -3.899722e-18 1.544557e-18 6.588047e+04
254000 2.009697e-20 -4.078287e-18 9.098916e-19 2.911236e+03
255000 1.973196e-19 -3.787380e-18 1.330098e-18 2.858360e+04
256000 9.890448e-23 -4.080632e-18 8.864795e-19 1.432724e+01
257000 9.465308e-22 -4.080119e-18 8.875115e-19 1.371139e+02
258000 2.562383e-23 -3.450420e-18 1.469605e-18 3.711853e+00
259000 1.765409e-24 -3.811911e-18 1.233968e-18 2.557361e-01
260000 3.166437e-22 -3.810866e-18 1.234644e-18 4.586881e+01
261000 2.915506e-22 -3.833118e-18 1.393277e-18 4.223384e+01
262000 1.486584e-20 -4.076404e-18 1.270752e-18 2.153457e+03
263000 1.120985e-19 -4.103090e-18 1.520686e-18 1.623852e+04
264000 1.928504e-19 -3.665262e-18 1.927588e-18 2.793620e+04
265000 6.694759e-23 -4.066751e-18 1.440740e-18 9.697988e+00
266000 4.599535e-20 -4.035521e-18 1.502936e-18 6.662860e+03
267000 4.078998e-19 -4.108823e-18 1.929677e-18 5.908812e+04
268000 2.043071e-20 -4.019365e-18 1.484611e-18 2.959581e+03
269000 6.892071e-24 -4.079921e-18 1.366737e-18 9.983814e-01
270000 1.155386e-21 -4.077499e-18 1.373274e-18 1.673685e+02
271000 4.164333e-20 -3.253452e-18 2.188191e-18 6.032428e+03
272000 5.861782e-19 -4.000533e-18 2.212437e-18 8.491343e+04
273000 1.086223e-20 -4.092896e-18 1.724543e-18 1.573497e+03
274000 4.832446e-22 -4.070553e-18 1.804416e-18 7.000253e+01
275000 1.894507e-20 -4.033600e-18 1.834530e-18 2.744371e+03
276000 2.703067e-20 -4.060991e-18 1.836388e-18 3.915647e+03
277000 6.762341e-23 -4.027071e-18 1.815536e-18 9.795888e+00
278000 9.476014e-24 -4.065134e-18 1.803233e-18 1.372690e+00
279000 3.781754e-24 -4.032086e-18 1.934892e-18 5.478227e-01
280000 2.610417e-22 -4.030796e-18 2.056807e-18 3.781434e+01
281000 1.988589e-24 -4.024147e-18 2.058292e-18 2.880658e-01
282000 3.209108e-23 -4.030748e-18 2.056553e-18 4.648696e+00
283000 7.942727e-21 -4.022503e-18 2.232976e-18 1.150579e+03
284000 9.596699e-21 -4.013289e-18 2.225088e-18 1.390172e+03
285000 1.124475e-19 -3.736261e-18 2.736531e-18 1.628908e+04
286000 1.184248e-20 -4.001127e-18 2.552672e-18 1.715495e+03
287000 5.679584e-19 -3.481223e-18 3.566735e-18 8.227412e+04
288000 5.733570e-19 -4.093424e-18 3.306615e-18 8.305615e+04
289000 4.884123e-22 -3.993418e-18 2.659653e-18 7.075112e+01
290000 5.089309e-19 -3.733706e-18 3.375278e-18 7.372343e+04
291000 5.158825e-19 -4.109679e-18 3.189436e-18 7.473043e+04
292000 2.366003e-19 -3.926188e-18 3.096079e-18 3.427378e+04
293000 1.880983e-19 -3.738502e-18 3.169719e-18 2.724780e+04
294000 6.259046e-19 -4.050828e-18 3.435049e-18 9.066816e+04
295000 6.933488e-23 -3.730868e-18 3.118845e-18 1.004381e+01
296000 1.152877e-21 -3.733636e-18 3.119859e-18 1.670051e+02
297000 7.125148e-22 -3.736517e-18 3.119871e-18 1.032145e+02
298000 3.617255e-21 -3.737961e-18 3.123207e-18 5.239935e+02
299000 4.225131e-23 -3.731468e-18 3.118762e-18 6.120500e+00
300000 1.149217e-18 -3.782926e-18 4.406425e-18 1.664748e+05
301000 7.853613e-20 -4.087363e-18 3.052918e-18 1.137670e+04
302000 1.651576e-23 -3.681201e-18 3.285059e-18 2.392463e+00
303000 1.764947e-19 -3.797467e-18 3.554282e-18 2.556691e+04
304000 3.227969e-19 -3.939298e-18 3.601259e-18 4.676017e+04
305000 8.579926e-19 -4.107245e-18 4.082829e-18 1.242883e+05
306000 6.196148e-19 -3.981334e-18 3.870047e-18 8.975703e+04
307000 3.282402e-21 -4.057438e-18 3.211523e-18 4.754868e+02
308000 5.179537e-21 -4.047581e-18 3.207888e-18 7.503047e+02
309000 4.522647e-22 -4.057561e-18 3.208764e-18 6.551480e+01
310000 5.990493e-22 -4.047367e-18 3.203341e-18 8.677793e+01
311000 4.160163e-21 -4.064725e-18 3.215311e-18 6.026388e+02
312000 1.709544e-21 -4.055354e-18 3.208526e-18 2.476435e+02
313000 1.648076e-21 -4.048105e-18 3.204322e-18 2.387393e+02
314000 1.924628e-20 -4.096615e-18 3.464495e-18 2.788004e+03
315000 1.069805e-21 -4.071757e-18 3.371287e-18 1.549713e+02
316000 2.254536e-20 -3.723683e-18 3.618938e-18 3.265907e+03
317000 2.104932e-19 -4.075462e-18 3.713121e-18 3.049192e+04
318000 2.465490e-20 -3.022852e-18 4.321803e-18 3.571494e+03
319000 2.619783e-19 -3.839075e-18 3.981806e-18 3.795003e+04
320000 4.656562e-19 -3.550225e-18 4.355431e-18 6.745468e+04
321000 7.663066e-19 -4.027076e-18 4.484443e-18 1.110067e+05
322000 4.098155e-21 -3.983558e-18 3.649711e-18 5.936563e+02
323000 7.222460e-21 -3.988213e-18 3.635124e-18 1.046241e+03
324000 1.152435e-19 -3.523645e-18 4.552295e-18 1.669410e+04
325000 5.917224e-21 -4.027288e-18 4.148660e-18 8.571655e+02
326000 6.244853e-25 -3.930704e-18 4.181113e-18 9.046257e-02
327000 3.070060e-22 -4.058946e-18 4.101361e-18 4.447270e+01
328000 5.401291e-21 -4.109666e-18 4.055736e-18 7.824278e+02
329000 1.391934e-21 -4.109583e-18 4.051808e-18 2.016348e+02
330000 4.330483e-23 -4.108647e-18 4.171401e-18 6.273113e+00
331000 4.159090e-22 -4.108999e-18 4.171431e-18 6.024834e+01
332000 7.881624e-22 -4.109905e-18 4.171522e-18 1.141727e+02
333000 5.352699e-21 -4.089591e-18 4.316300e-18 7.753888e+02
334000 1.003204e-21 -4.100749e-18 4.424840e-18 1.453235e+02
335000 1.248498e-23 -4.101804e-18 4.426618e-18 1.808566e+00
336000 2.380950e-21 -4.086979e-18 4.435402e-18 3.449030e+02
337000 5.868539e-22 -4.099422e-18 4.423182e-18 8.501131e+01
338000 1.393393e-21 -4.097120e-18 4.424701e-18 2.018461e+02
339000 1.443582e-21 -4.085940e-18 4.560556e-18 2.091165e+02
340000 1.049601e-22 -4.080068e-18 4.560464e-18 1.520445e+01
341000 1.185332e-21 -4.075512e-18 4.565717e-18 1.717064e+02
342000 3.163008e-21 -4.078090e-18 4.565237e-18 4.581915e+02
343000 3.113159e-21 -4.078869e-18 4.564485e-18 4.509704e+02
344000 1.765709e-22 -4.075250e-18 4.564965e-18 2.557795e+01
345000 1.830336e-22 -4.109977e-18 4.651588e-18 2.651414e+01
346000 4.977992e-21 -4.096669e-18 4.850061e-18 7.211089e+02
347000 2.435174e-22 -4.048639e-18 4.833054e-18 3.527579e+01
348000 1.767415e-26 -4.055097e-18 4.832630e-18 2.560267e-03
349000 6.380767e-23 -4.085002e-18 4.927915e-18 9.243141e+00
350000 2.358792e-21 -4.082166e-18 4.941331e-18 3.416932e+02
351000 8.122945e-22 -4.084736e-18 4.929379e-18 1.176685e+02
352000 7.014184e-23 -4.085721e-18 4.926373e-18 1.016070e+01
353000 1.234662e-21 -4.089748e-18 4.930426e-18 1.788524e+02
354000 2.124574e-21 -4.087338e-18 4.927148e-18 3.077645e+02
355000 5.752509e-22 -4.091165e-18 4.935544e-18 8.333050e+01
356000 6.104296e-22 -4.090048e-18 4.930832e-18 8.842646e+01
357000 1.735550e-22 -4.109984e-18 5.051080e-18 2.514108e+01
358000 3.433889e-22 -4.109895e-18 5.068927e-18 4.974311e+01
359000 1.782089e-20 -4.098613e-18 5.098000e-18 2.581524e+03
360000 4.728109e-23 -4.030269e-18 5.096692e-18 6.849111e+00
361000 1.958435e-21 -4.029380e-18 5.098370e-18 2.836977e+02
362000 6.061664e-25 -4.109902e-18 5.164079e-18 8.780890e-02
363000 6.457554e-22 -4.074266e-18 5.167374e-18 9.354374e+01
364000 4.987548e-22 -4.075563e-18 5.166502e-18 7.224933e+01
365000 5.902407e-21 -4.069067e-18 5.176972e-18 8.550192e+02
366000 6.958122e-23 -4.074358e-18 5.166739e-18 1.007949e+01
367000 4.411925e-21 -4.075979e-18 5.170237e-18 6.391089e+02
368000 5.376654e-21 -4.080138e-18 5.171901e-18 7.788590e+02
369000 2.478466e-21 -4.081498e-18 5.170701e-18 3.590292e+02
370000 3.982374e-20 -4.107523e-18 5.449661e-18 5.768843e+03
371000 7.071251e-22 -4.050114e-18 5.437479e-18 1.024337e+02
372000 5.165670e-23 -4.045131e-18 5.437273e-18 7.482959e+00
373000 2.183503e-20 -4.007674e-18 5.617001e-18 3.163009e+03
374000 2.040776e-21 -3.918811e-18 5.687091e-18 2.956256e+02
375000 1.064443e-21 -3.927011e-18 5.685607e-18 1.541946e+02
376000 1.753973e-22 -3.904511e-18 5.695981e-18 2.540796e+01
377000 6.919544e-22 -3.896761e-18 5.827037e-18 1.002361e+02
378000 4.504294e-22 -3.915146e-18 5.833167e-18 6.524893e+01
379000 3.121372e-21 -3.889753e-18 5.834371e-18 4.521602e+02
380000 4.301692e-23 -3.896345e-18 5.826615e-18 6.231405e+00
381000 2.658170e-20 -4.100801e-18 5.815221e-18 3.850610e+03
382000 5.139687e-20 -4.040929e-18 5.910522e-18 7.445320e+03
383000 1.345000e-20 -3.986901e-18 5.986581e-18 1.948358e+03
384000 1.266698e-22 -4.012667e-18 5.953972e-18 1.834932e+01
385000 3.870147e-21 -3.993143e-18 5.972033e-18 5.606271e+02
386000 3.464460e-21 -3.996362e-18 5.968367e-18 5.018597e+02
387000 7.648133e-22 -4.010625e-18 5.963296e-18 1.107904e+02
388000 7.799797e-22 -4.001399e-18 5.962037e-18 1.129874e+02
389000 5.055203e-21 -4.001481e-18 5.966272e-18 7.322938e+02
390000 7.834151e-20 -4.093226e-18 6.013010e-18 1.134850e+04
391000 3.122892e-21 -4.012382e-18 5.956970e-18 4.523803e+02
392000 4.778861e-21 -4.005338e-18 5.961298e-18 6.922629e+02
393000 4.246052e-22 -4.001844e-18 5.959525e-18 6.150805e+01
394000 2.105967e-21 -4.004247e-18 6.082376e-18 3.050692e+02
395000 2.221974e-22 -4.014465e-18 6.087962e-18 3.218738e+01
396000 1.057785e-22 -4.007359e-18 6.080576e-18 1.532301e+01
397000 6.964952e-23 -3.991448e-18 6.090218e-18 1.008939e+01
398000 1.385245e-20 -3.998755e-18 6.096774e-18 2.006658e+03
399000 8.722368e-23 -4.003310e-18 6.080574e-18 1.263517e+01
400000 2.087828e-20 -4.026375e-18 6.311382e-18 3.024415e+03
401000 7.122220e-20 -3.653649e-18 6.617574e-18 1.031721e+04
402000 6.388827e-22 -3.862257e-18 6.347251e-18 9.254817e+01
403000 2.555192e-23 -3.842763e-18 6.357825e-18 3.701436e+00
404000 5.762196e-23 -3.860679e-18 6.346771e-18 8.347083e+00
405000 3.747874e-21 -3.857619e-18 6.351214e-18 5.429149e+02
406000 3.258469e-21 -3.821930e-18 6.503109e-18 4.720199e+02
407000 7.519550e-21 -3.841169e-18 6.503230e-18 1.089278e+03
408000 2.364597e-21 -4.097570e-18 6.411393e-18 3.425341e+02
409000 2.344438e-21 -4.000623e-18 6.453355e-18 3.396139e+02
410000 9.487906e-21 -3.988187e-18 6.464901e-18 1.374412e+03
411000 2.699874e-21 -3.990044e-18 6.618793e-18 3.911021e+02
412000 7.062531e-21 -4.104546e-18 6.523672e-18 1.023074e+03
413000 6.838280e-21 -4.004059e-18 6.600284e-18 9.905892e+02
414000 5.201375e-24 -3.992929e-18 6.579708e-18 7.534681e-01
415000 3.161186e-22 -3.990152e-18 6.579103e-18 4.579276e+01
416000 1.065640e-22 -3.979505e-18 6.582444e-18 1.543680e+01
417000 2.960511e-23 -3.990054e-18 6.578802e-18 4.288578e+00
418000 9.029321e-20 -4.055518e-18 6.751614e-18 1.307982e+04
419000 6.617701e-21 -4.102572e-18 6.863306e-18 9.586362e+02
420000 2.118521e-21 -4.106177e-18 6.871315e-18 3.068878e+02
421000 4.122428e-21 -4.029546e-18 7.013185e-18 5.971725e+02
422000 1.313611e-20 -4.104210e-18 6.868434e-18 1.902889e+03
423000 5.326111e-21 -4.096646e-18 6.890493e-18 7.715372e+02
424000 5.789901e-20 -4.002028e-18 7.158373e-18 8.387217e+03
425000 7.734909e-20 -4.104487e-18 7.053738e-18 1.120474e+04
426000 4.347796e-19 -3.888399e-18 7.682427e-18 6.298192e+04
427000 4.512089e-20 -4.038009e-18 7.123303e-18 6.536186e+03
428000 9.339158e-22 -3.791891e-18 7.383877e-18 1.352865e+02
429000 1.406560e-20 -4.001321e-18 7.303925e-18 2.037534e+03
430000 4.866206e-19 -4.109560e-18 7.626060e-18 7.049157e+04
431000 9.895052e-22 -4.105198e-18 7.395046e-18 1.433391e+02
432000 5.923948e-21 -4.019611e-18 7.465889e-18 8.581396e+02
433000 9.372679e-19 -4.065753e-18 8.327198e-18 1.357721e+05
434000 8.968464e-22 -4.094393e-18 7.378845e-18 1.299166e+02
435000 5.003561e-21 -3.911963e-18 7.562108e-18 7.248128e+02
436000 4.788089e-21 -4.093770e-18 7.382051e-18 6.935997e+02
437000 2.375420e-19 -3.520612e-18 8.116930e-18 3.441019e+04
438000 6.785028e-20 -3.772053e-18 7.695805e-18 9.828751e+03
439000 3.450085e-19 -3.946904e-18 7.808514e-18 4.997773e+04
440000 1.688652e-20 -4.089584e-18 7.517574e-18 2.446172e+03
441000 8.576384e-22 -4.095670e-18 7.501101e-18 1.242370e+02
442000 2.492986e-22 -4.091739e-18 7.497694e-18 3.611325e+01
443000 1.088129e-21 -4.090570e-18 7.500063e-18 1.576257e+02
444000 1.807049e-21 -4.095548e-18 7.501792e-18 2.617681e+02
445000 3.903578e-21 -4.089480e-18 7.504781e-18 5.654700e+02
446000 8.684332e-22 -4.108793e-18 7.481164e-18 1.258007e+02
447000 7.682833e-20 -4.103346e-18 7.565958e-18 1.112931e+04
448000 1.827305e-21 -3.835396e-18 7.700535e-18 2.647023e+02
449000 4.360569e-23 -3.836853e-18 7.698870e-18 6.316695e+00
450000 1.720582e-21 -3.824304e-18 7.703091e-18 2.492424e+02
451000 1.043055e-20 -3.835456e-18 7.709141e-18 1.510963e+03
452000 2.210585e-21 -3.992258e-18 7.594664e-18 3.202241e+02
453000 6.781132e-21 -3.830248e-18 7.705989e-18 9.823108e+02
454000 3.803926e-19 -3.649666e-18 8.250727e-18 5.510345e+04
455000 7.834778e-23 -4.095696e-18 7.500378e-18 1.134941e+01
456000 4.762066e-21 -4.094956e-18 7.503596e-18 6.898301e+02
457000 1.726013e-19 -4.043605e-18 7.727671e-18 2.500292e+04
458000 6.163441e-20 -3.742125e-18 7.839520e-18 8.928324e+03
459000 5.529807e-19 -4.018870e-18 8.416678e-18 8.010446e+04
460000 1.605604e-19 -3.801546e-18 8.239519e-18 2.325868e+04
461000 4.149959e-18 -3.763749e-18 1.243720e-17 6.011606e+05
462000 3.716797e-19 -4.086259e-18 8.382384e-18 5.384130e+04
463000 6.739824e-25 -3.414763e-18 8.597122e-18 9.763269e-02
464000 2.150091e-19 -3.477018e-18 8.828003e-18 3.114608e+04
465000 9.360191e-19 -3.882832e-18 9.183898e-18 1.355912e+05
466000 1.021806e-18 -3.752267e-18 9.370880e-18 1.480182e+05
467000 4.847043e-20 -2.814652e-18 9.233819e-18 7.021398e+03
468000 2.152302e-18 -4.099693e-18 1.044734e-17 3.117811e+05
469000 7.168491e-19 -4.071914e-18 8.886997e-18 1.038423e+05
470000 4.359619e-21 -4.036672e-18 8.290364e-18 6.315318e+02
471000 1.408885e-23 -3.922479e-18 8.262212e-18 2.040903e+00
472000 6.177704e-19 -2.534422e-18 1.020335e-17 8.948985e+04
473000 1.008933e-18 -3.116073e-18 1.001286e-17 1.461535e+05
474000 1.260401e-21 -4.081867e-18 8.108694e-18 1.825810e+02
475000 4.149611e-19 -3.376144e-18 9.278817e-18 6.011103e+04
476000 9.808569e-20 -4.109174e-18 8.358715e-18 1.420864e+04
477000 1.432417e-19 -4.052828e-18 8.369525e-18 2.074990e+04
478000 1.569580e-18 -4.003074e-18 9.869294e-18 2.273684e+05
479000 1.314256e-19 -4.029690e-18 8.463740e-18 1.903823e+04
480000 9.883354e-22 -4.079159e-18 8.232845e-18 1.431697e+02
481000 5.454383e-21 -4.082948e-18 8.236439e-18 7.901187e+02
482000 4.611920e-21 -4.080779e-18 8.234686e-18 6.680800e+02
483000 1.465858e-22 -4.084635e-18 8.233936e-18 2.123434e+01
484000 5.825996e-22 -4.078302e-18 8.234288e-18 8.439504e+01
485000 3.095368e-22 -4.083837e-18 8.232582e-18 4.483932e+01
486000 7.039574e-21 -4.079591e-18 8.238202e-18 1.019749e+03
487000 9.854051e-22 -4.081928e-18 8.231109e-18 1.427452e+02
488000 7.428560e-22 -4.079305e-18 8.232347e-18 1.076097e+02
489000 3.491646e-24 -4.091599e-18 8.261838e-18 5.057978e-01
490000 6.858786e-23 -4.091034e-18 8.258202e-18 9.935596e+00
491000 2.672073e-21 -4.082010e-18 8.232838e-18 3.870749e+02
492000 1.631246e-22 -4.089362e-18 8.249186e-18 2.363013e+01
493000 1.741325e-22 -4.080918e-18 8.230199e-18 2.522474e+01
494000 6.342378e-22 -4.076892e-18 8.238676e-18 9.187531e+01
495000 1.144778e-21 -4.083622e-18 8.233064e-18 1.658319e+02
496000 7.153316e-22 -4.079132e-18 8.232621e-18 1.036225e+02
497000 1.806262e-24 -4.078052e-18 8.234360e-18 2.616540e-01
498000 2.609668e-21 -4.081561e-18 8.232606e-18 3.780349e+02
499000 2.152458e-20 -4.109272e-18 8.342195e-18 3.118037e+03
500000 7.832438e-19 -4.033037e-18 9.225252e-18 1.134602e+05
501000 2.435877e-19 -4.041846e-18 8.673053e-18 3.528597e+04
502000 4.970403e-19 -2.676835e-18 1.018021e-17 7.200096e+04
503000 2.189533e-23 -3.597044e-18 8.762978e-18 3.171745e+00
504000 6.930963e-20 -4.105789e-18 8.387860e-18 1.004015e+04
505000 6.829189e-19 -4.094240e-18 9.072917e-18 9.892723e+04
506000 2.528053e-19 -3.751847e-18 8.860958e-18 3.662122e+04
507000 1.086915e-19 -3.632706e-18 8.955986e-18 1.574499e+04
508000 9.192809e-20 -3.775397e-18 8.796545e-18 1.331665e+04
509000 6.675469e-20 -3.794577e-18 8.808013e-18 9.670045e+03
510000 1.729890e-19 -4.109460e-18 8.616644e-18 2.505909e+04
511000 7.061285e-20 -2.110400e-18 1.056021e-17 1.022894e+04
512000 1.545061e-19 -3.630122e-18 9.124771e-18 2.238166e+04
513000 5.114705e-22 -4.055080e-18 8.582492e-18 7.409131e+01
514000 6.311298e-19 -3.396876e-18 9.834254e-18 9.142509e+04
515000 3.249244e-19 -3.533032e-18 9.430468e-18 4.706835e+04
516000 6.426220e-21 -4.104960e-18 8.568531e-18 9.308984e+02
517000 1.042794e-21 -3.638632e-18 8.962410e-18 1.510586e+02
518000 7.950491e-20 -4.054478e-18 8.921709e-18 1.151704e+04
519000 7.903200e-20 -3.905767e-18 8.996936e-18 1.144853e+04
520000 1.664412e-19 -3.329291e-18 9.557150e-18 2.411058e+04
521000 2.618145e-25 -3.838427e-18 8.899089e-18 3.792629e-02
522000 1.060673e-22 -3.836386e-18 8.898881e-18 1.536484e+01
523000 1.355576e-21 -3.844671e-18 8.902876e-18 1.963679e+02
524000 6.861211e-24 -3.842925e-18 8.900627e-18 9.939110e-01
525000 3.964103e-20 -4.068727e-18 8.757883e-18 5.742376e+03
526000 1.207246e-19 -3.360962e-18 9.479762e-18 1.748809e+04
527000 9.798566e-20 -4.107955e-18 8.797176e-18 1.419415e+04
528000 9.129193e-20 -4.092970e-18 8.864265e-18 1.322449e+04
529000 5.782494e-19 -4.104628e-18 9.261943e-18 8.376487e+04
530000 1.054243e-19 -3.762243e-18 9.063183e-18 1.527170e+04
531000 1.695165e-21 -3.137977e-18 9.703718e-18 2.455606e+02
532000 8.129565e-21 -4.029516e-18 9.060958e-18 1.177644e+03
533000 1.426020e-19 -2.888850e-18 1.021375e-17 2.065725e+04
534000 2.321622e-19 -4.101459e-18 9.264625e-18 3.363088e+04
535000 1.105835e-20 -4.094044e-18 9.135351e-18 1.601906e+03
536000 4.856317e-20 -3.991393e-18 9.204146e-18 7.034832e+03
537000 3.841592e-19 -3.999324e-18 9.527686e-18 5.564907e+04
538000 4.154738e-19 -4.061163e-18 9.478991e-18 6.018529e+04
539000 9.991330e-19 -4.109742e-18 1.011915e-17 1.447338e+05
540000 1.700708e-19 -3.873142e-18 9.462560e-18 2.463636e+04
541000 4.333497e-22 -3.814832e-18 9.267863e-18 6.277478e+01
542000 7.783827e-22 -3.832562e-18 9.259590e-18 1.127561e+02
543000 9.675031e-20 -4.042809e-18 9.319513e-18 1.401519e+04
544000 3.395322e-19 -4.091901e-18 9.728354e-18 4.918443e+04
545000 8.503551e-21 -3.206255e-18 1.024225e-17 1.231819e+03
546000 4.006245e-20 -3.937873e-18 9.609228e-18 5.803422e+03
547000 7.618752e-21 -4.103726e-18 9.452728e-18 1.103648e+03
548000 1.874681e-21 -4.107786e-18 9.572297e-18 2.715652e+02
549000 1.217832e-20 -4.079777e-18 9.696840e-18 1.764144e+03
550000 1.695513e-21 -4.072494e-18 9.682596e-18 2.456110e+02
551000 9.792665e-23 -3.660885e-18 1.013948e-17 1.418560e+01
552000 1.683643e-21 -4.089225e-18 9.830275e-18 2.438915e+02
553000 4.745120e-19 -4.100984e-18 1.046896e-17 6.873752e+04
554000 8.432813e-21 -4.064938e-18 9.919646e-18 1.221572e+03
555000 4.209431e-19 -4.104300e-18 1.040542e-17 6.097758e+04
556000 4.036012e-20 -3.875015e-18 1.025574e-17 5.846544e+03
557000 4.280155e-23 -3.816504e-18 1.017676e-17 6.200207e+00
558000 3.264085e-20 -3.510150e-18 1.057333e-17 4.728334e+03
559000 1.952297e-19 -3.911579e-18 1.040242e-17 2.828086e+04
560000 2.845938e-19 -3.483519e-18 1.084187e-17 4.122609e+04
561000 1.992955e-24 -3.324017e-18 1.083598e-17 2.886983e-01
562000 1.426040e-19 -3.452303e-18 1.085031e-17 2.065753e+04
563000 4.760154e-19 -4.105277e-18 1.069668e-17 6.895531e+04
564000 2.112057e-19 -3.903016e-18 1.058913e-17 3.059514e+04
565000 7.375279e-20 -3.799830e-18 1.060996e-17 1.068379e+04
566000 5.410054e-20 -4.109684e-18 1.045537e-17 7.836972e+03
567000 5.637178e-19 -3.031415e-18 1.193230e-17 8.165983e+04
568000 2.835209e-22 -3.822789e-18 1.066108e-17 4.107067e+01
569000 3.930593e-22 -3.747831e-18 1.067599e-17 5.693834e+01
570000 1.396123e-19 -3.633225e-18 1.114639e-17 2.022416e+04
571000 2.558977e-20 -3.136359e-18 1.176923e-17 3.706919e+03
572000 4.847413e-21 -3.710924e-18 1.119714e-17 7.021934e+02
573000 5.722422e-19 -3.262681e-18 1.218956e-17 8.289467e+04
574000 8.894298e-19 -2.019153e-18 1.375028e-17 1.288423e+05
575000 1.566516e-19 -2.583688e-18 1.245296e-17 2.269245e+04
576000 4.579975e-19 -4.037164e-18 1.145419e-17 6.634525e+04
577000 7.226592e-21 -4.052629e-18 1.087406e-17 1.046840e+03
578000 2.561765e-19 -3.009611e-18 1.224657e-17 3.710957e+04
579000 1.069306e-22 -3.686552e-18 1.131604e-17 1.548991e+01
580000 5.673701e-21 -3.989128e-18 1.108483e-17 8.218890e+02
581000 1.496455e-21 -4.074816e-18 1.117476e-17 2.167756e+02
582000 2.477486e-23 -4.074552e-18 1.117325e-17 3.588872e+00
583000 8.884383e-22 -4.075183e-18 1.117426e-17 1.286986e+02
584000 1.298454e-21 -4.070736e-18 1.117872e-17 1.880932e+02
585000 2.380988e-21 -4.082364e-18 1.118402e-17 3.449085e+02
586000 1.318925e-21 -4.077858e-18 1.117679e-17 1.910587e+02
587000 3.960856e-21 -4.077722e-18 1.117929e-17 5.737672e+02
588000 3.161009e-21 -4.072517e-18 1.117737e-17 4.579019e+02
589000 4.451305e-22 -4.077887e-18 1.117595e-17 6.448135e+01
590000 5.618046e-22 -4.068622e-18 1.118537e-17 8.138269e+01
591000 4.651807e-21 -4.072302e-18 1.117911e-17 6.738580e+02
592000 5.563754e-21 -4.078494e-18 1.118177e-17 8.059622e+02
593000 5.145635e-22 -4.071535e-18 1.117618e-17 7.453936e+01
594000 1.360571e-21 -4.071723e-18 1.117669e-17 1.970915e+02
595000 2.030354e-22 -4.076083e-18 1.117405e-17 2.941159e+01
596000 3.115999e-21 -4.087002e-18 1.119510e-17 4.513818e+02
597000 3.126590e-21 -4.074944e-18 1.117642e-17 4.529159e+02
598000 3.819855e-19 -4.104072e-18 1.150854e-17 5.533419e+04
599000 5.076717e-21 -4.082871e-18 1.118756e-17 7.354102e+02
600000 2.839240e-21 -4.100832e-18 1.132693e-17 4.112906e+02
601000 8.439349e-20 -4.096919e-18 1.142534e-17 1.222519e+04
602000 1.115539e-18 -3.970561e-18 1.257233e-17 1.615963e+05
603000 4.472873e-22 -3.694627e-18 1.167177e-17 6.479377e+01
604000 7.860397e-21 -3.679495e-18 1.168942e-17 1.138652e+03
605000 5.622800e-22 -4.106788e-18 1.154266e-17 8.145154e+01
606000 3.374641e-22 -4.106628e-18 1.154156e-17 4.888485e+01
607000 2.399104e-20 -4.105740e-18 1.156383e-17 3.475328e+03
608000 7.188032e-22 -4.107056e-18 1.154480e-17 1.041254e+02
609000 6.127738e-22 -4.105716e-18 1.154048e-17 8.876605e+01
610000 3.723268e-22 -4.104895e-18 1.154283e-17 5.393505e+01
611000 3.700458e-22 -4.105804e-18 1.154014e-17 5.360461e+01
612000 1.173808e-21 -4.105247e-18 1.154222e-17 1.700371e+02
613000 3.591249e-19 -3.893991e-18 1.215809e-17 5.202262e+04
614000 2.065822e-24 -3.807505e-18 1.185350e-17 2.992537e-01
615000 4.929983e-21 -3.814905e-18 1.186076e-17 7.141544e+02
616000 9.977567e-22 -4.091699e-18 1.166891e-17 1.445344e+02
617000 7.150033e-22 -4.101409e-18 1.169781e-17 1.035750e+02
618000 7.631371e-21 -4.083293e-18 1.181450e-17 1.105476e+03
619000 8.692921e-19 -3.762453e-18 1.290879e-17 1.259251e+05
620000 4.105947e-19 -3.967046e-18 1.245256e-17 5.947850e+04
621000 5.441366e-20 -3.950695e-18 1.201418e-17 7.882331e+03
622000 5.716805e-19 -4.077989e-18 1.253368e-17 8.281330e+04
623000 2.260059e-21 -4.045440e-18 1.210347e-17 3.273908e+02
624000 2.135577e-21 -4.020187e-18 1.220048e-17 3.093584e+02
625000 1.040782e-19 -3.737922e-18 1.252220e-17 1.507671e+04
626000 8.524097e-19 -4.109826e-18 1.306076e-17 1.234796e+05
627000 1.626791e-19 -4.107837e-18 1.226897e-17 2.356560e+04
628000 2.585325e-20 -4.070206e-18 1.222570e-17 3.745086e+03
629000 3.271157e-19 -4.102585e-18 1.255062e-17 4.738579e+04
630000 5.322832e-20 -3.500424e-18 1.280790e-17 7.710623e+03
631000 4.880554e-23 -4.090138e-18 1.229014e-17 7.069941e+00
632000 2.630055e-22 -4.108628e-18 1.232150e-17 3.809883e+01
633000 9.073164e-19 -4.083569e-18 1.312522e-17 1.314333e+05
634000 5.474701e-20 -4.106248e-18 1.224851e-17 7.930619e+03
635000 1.296541e-21 -3.589806e-18 1.273218e-17 1.878162e+02
636000 7.214781e-21 -3.901077e-18 1.254985e-17 1.045129e+03
637000 2.624558e-19 -3.184179e-18 1.339828e-17 3.801919e+04
638000 6.845433e-20 -3.657706e-18 1.275038e-17 9.916253e+03
639000 2.628028e-20 -4.050051e-18 1.250370e-17 3.806946e+03
640000 2.714651e-21 -3.649742e-18 1.280699e-17 3.932428e+02
641000 1.955115e-20 -3.868832e-18 1.276232e-17 2.832169e+03
642000 3.354882e-22 -4.088690e-18 1.252471e-17 4.859863e+01
643000 5.688376e-23 -4.087208e-18 1.252153e-17 8.240149e+00
644000 9.505676e-21 -4.090553e-18 1.254172e-17 1.376987e+03
645000 7.609728e-20 -3.262737e-18 1.337336e-17 1.102341e+04
646000 6.159999e-21 -3.684162e-18 1.294183e-17 8.923339e+02
647000 1.093660e-21 -3.657122e-18 1.292303e-17 1.584270e+02
648000 1.397412e-20 -3.660045e-18 1.293625e-17 2.024282e+03
649000 4.629314e-21 -3.658401e-18 1.292663e-17 6.705996e+02
650000 2.621823e-19 -4.045037e-18 1.320176e-17 3.797957e+04
651000 1.587657e-19 -3.849083e-18 1.319883e-17 2.299870e+04
652000 2.503709e-19 -3.017211e-18 1.403316e-17 3.626858e+04
653000 9.691684e-20 -3.796558e-18 1.317840e-17 1.403932e+04
654000 3.750998e-21 -4.044862e-18 1.294262e-17 5.433674e+02
655000 1.780646e-19 -3.926946e-18 1.311692e-17 2.579433e+04
656000 2.959527e-19 -4.089376e-18 1.315046e-17 4.287154e+04
657000 5.197520e-19 -3.751050e-18 1.361526e-17 7.529096e+04
658000 9.828386e-20 -3.920760e-18 1.310428e-17 1.423734e+04
659000 1.635490e-18 -4.099402e-18 1.460833e-17 2.369161e+05
660000 7.298342e-20 -3.708495e-18 1.336913e-17 1.057233e+04
661000 3.330656e-19 -3.695534e-18 1.367703e-17 4.824769e+04
662000 9.434100e-23 -3.861163e-18 1.322418e-17 1.366618e+01
663000 8.148591e-20 -3.977524e-18 1.321719e-17 1.180400e+04
664000 1.843083e-22 -3.988503e-18 1.300107e-17 2.669879e+01
665000 6.030023e-19 -3.663680e-18 1.405525e-17 8.735055e+04
666000 1.288748e-20 -4.027906e-18 1.328769e-17 1.866873e+03
667000 5.916632e-19 -3.449220e-18 1.430435e-17 8.570798e+04
668000 1.280307e-19 -3.952385e-18 1.340597e-17 1.854645e+04
669000 1.202740e-19 -4.109904e-18 1.360851e-17 1.742283e+04
670000 4.217827e-22 -3.996845e-18 1.354280e-17 6.109920e+01
671000 9.878785e-20 -2.788007e-18 1.483078e-17 1.431035e+04
672000 1.445863e-19 -3.927406e-18 1.387205e-17 2.094469e+04
673000 1.545692e-19 -3.041523e-18 1.463305e-17 2.239081e+04
674000 5.360471e-20 -2.498865e-18 1.519899e-17 7.765147e+03
675000 1.290630e-19 -4.008227e-18 1.396382e-17 1.869599e+04
676000 4.402537e-20 -1.203088e-18 1.648094e-17 6.377489e+03
677000 4.268687e-22 -3.719858e-18 1.400343e-17 6.183595e+01
678000 8.351089e-21 -4.108203e-18 1.389118e-17 1.209734e+03
679000 5.691521e-22 -4.107893e-18 1.388508e-17 8.244704e+01
680000 3.830872e-19 -2.455608e-18 1.580748e-17 5.549379e+04
681000 2.936662e-24 -4.077453e-18 1.388157e-17 4.254031e-01
682000 1.096168e-21 -3.937403e-18 1.409638e-17 1.587903e+02
683000 2.841756e-21 -3.488930e-18 1.442982e-17 4.116551e+02
684000 4.312398e-21 -3.492298e-18 1.443347e-17 6.246915e+02
685000 3.211301e-23 -3.478909e-18 1.442242e-17 4.651872e+00
686000 7.565714e-21 -3.472059e-18 1.442921e-17 1.095965e+03
687000 8.186438e-22 -3.468882e-18 1.442285e-17 1.185883e+02
688000 6.403516e-26 -3.464642e-18 1.442322e-17 9.276096e-03
689000 1.058472e-19 -3.093216e-18 1.489263e-17 1.533296e+04
690000 2.760212e-19 -3.030194e-18 1.524583e-17 3.998427e+04
691000 6.886833e-19 -4.097943e-18 1.487681e-17 9.976226e+04
692000 8.739804e-19 -2.722902e-18 1.616700e-17 1.266043e+05
693000 3.256848e-19 -3.972589e-18 1.442092e-17 4.717851e+04
694000 8.707997e-21 -2.908163e-18 1.510055e-17 1.261435e+03
695000 7.751876e-21 -4.060506e-18 1.399121e-17 1.122932e+03
696000 6.310627e-20 -3.993012e-18 1.413787e-17 9.141537e+03
697000 3.474512e-20 -2.141168e-18 1.589358e-17 5.033157e+03
698000 2.970562e-19 -3.629544e-18 1.468307e-17 4.303139e+04
699000 2.325763e-19 -3.606577e-18 1.462901e-17 3.369086e+04
700000 1.454942e-18 -3.802513e-18 1.579879e-17 2.107620e+05
701000 4.947623e-19 -4.095965e-18 1.469708e-17 7.167098e+04
702000 3.256142e-19 -3.765578e-18 1.462467e-17 4.716828e+04
703000 1.157847e-19 -3.944051e-18 1.424118e-17 1.677250e+04
704000 2.010530e-19 -3.438056e-18 1.488832e-17 2.912442e+04
705000 3.339793e-21 -4.059202e-18 1.410576e-17 4.838005e+02
706000 1.310405e-19 -2.661148e-18 1.558998e-17 1.898244e+04
707000 1.823762e-18 -3.582895e-18 1.649422e-17 2.641891e+05
708000 6.229130e-25 -4.044251e-18 1.439107e-17 9.023481e-02
709000 4.382081e-19 -3.145374e-18 1.553284e-17 6.347856e+04
710000 8.824256e-20 -1.204594e-18 1.712365e-17 1.278277e+04
711000 5.049802e-21 -3.807254e-18 1.465747e-17 7.315113e+02
712000 1.094008e-18 -3.803609e-18 1.574054e-17 1.584773e+05
713000 3.823083e-19 -4.063313e-18 1.473035e-17 5.538095e+04
714000 8.764185e-22 -4.105131e-18 1.451587e-17 1.269575e+02
715000 3.021252e-19 -3.457902e-18 1.522893e-17 4.376568e+04
716000 6.348603e-20 -4.011784e-18 1.450684e-17 9.196548e+03
717000 3.113715e-20 -4.037419e-18 1.450769e-17 4.510510e+03
718000 2.538159e-20 -1.899515e-18 1.660587e-17 3.676761e+03
719000 1.421133e-20 -4.065191e-18 1.448617e-17 2.058644e+03
720000 9.685805e-20 -4.102502e-18 1.474097e-17 1.403080e+04
721000 5.592908e-19 -3.116328e-18 1.598273e-17 8.101854e+04
722000 1.857710e-20 -3.623446e-18 1.496108e-17 2.691068e+03
723000 1.124206e-19 -3.329166e-18 1.526325e-17 1.628518e+04
724000 2.800975e-19 -3.396340e-18 1.536376e-17 4.057476e+04
725000 9.493259e-19 -4.013407e-18 1.551715e-17 1.375188e+05
726000 5.973631e-19 -1.675496e-18 1.740187e-17 8.653367e+04
727000 3.252238e-19 -2.838121e-18 1.599131e-17 4.711173e+04
728000 2.819446e-21 -2.794159e-18 1.568866e-17 4.084232e+02
729000 1.088222e-20 -1.871500e-19 1.830373e-17 1.576392e+03
730000 3.557768e-20 -4.032662e-18 1.465535e-17 5.153761e+03
731000 1.518778e-20 -3.523937e-18 1.501152e-17 2.200093e+03
732000 1.076827e-19 -3.261323e-18 1.532636e-17 1.559885e+04
733000 8.013190e-19 -4.107778e-18 1.530040e-17 1.160786e+05
734000 1.236427e-18 -4.022139e-18 1.591823e-17 1.791081e+05
735000 1.529915e-19 -3.534326e-18 1.530029e-17 2.216226e+04
736000 2.892652e-18 -4.071954e-18 1.766325e-17 4.190279e+05
737000 1.647157e-19 -3.310248e-18 1.557447e-17 2.386062e+04
738000 1.687948e-18 -4.096165e-18 1.658214e-17 2.445152e+05
739000 5.390383e-23 -4.031162e-18 1.487662e-17 7.808478e+00
740000 9.428588e-19 -4.101245e-18 1.580139e-17 1.365820e+05
741000 8.127984e-20 -2.735269e-18 1.606601e-17 1.177415e+04
742000 6.298189e-19 -3.885252e-18 1.557211e-17 9.123520e+04
743000 7.757914e-19 -1.494672e-18 1.800112e-17 1.123807e+05
744000 1.221751e-18 -3.877467e-18 1.623407e-17 1.769821e+05
745000 3.633235e-19 -4.047961e-18 1.510150e-17 5.263083e+04
746000 1.326788e-18 -3.295212e-18 1.675158e-17 1.921977e+05
747000 3.007380e-21 -4.104335e-18 1.487995e-17 4.356473e+02
748000 3.773597e-19 -2.179321e-18 1.691804e-17 5.466410e+04
749000 2.238494e-18 -3.885224e-18 1.723104e-17 3.242670e+05
750000 1.767957e-21 -4.080024e-18 1.472831e-17 2.561053e+02
751000 7.937191e-19 -3.861745e-18 1.581783e-17 1.149777e+05
752000 1.703514e-19 -4.011080e-18 1.497188e-17 2.467700e+04
753000 1.214916e-18 -3.733784e-18 1.645046e-17 1.759921e+05
754000 3.558091e-20 -3.404885e-18 1.547082e-17 5.154229e+03
755000 1.293270e-19 -2.772041e-18 1.625725e-17 1.873424e+04
756000 1.282744e-18 -3.911350e-18 1.632893e-17 1.858176e+05
757000 6.951141e-19 -3.059555e-18 1.650409e-17 1.006938e+05
758000 1.521507e-21 -4.105347e-18 1.499632e-17 2.204047e+02
759000 1.217851e-20 -4.109936e-18 1.501951e-17 1.764172e+03
760000 1.002725e-19 -4.063209e-18 1.499411e-17 1.452542e+04
761000 1.114827e-18 -4.088915e-18 1.614643e-17 1.614932e+05
762000 9.340990e-20 -3.209624e-18 1.572379e-17 1.353130e+04
763000 6.242848e-19 -1.244661e-18 1.821962e-17 9.043353e+04
764000 3.916206e-21 -3.820394e-18 1.531120e-17 5.672993e+02
765000 1.141899e-19 -4.094784e-18 1.540329e-17 1.654148e+04
766000 1.090750e-19 -3.840186e-18 1.550348e-17 1.580053e+04
767000 8.902048e-19 -3.115008e-18 1.685523e-17 1.289545e+05
768000 1.146748e-21 -3.707019e-18 1.541480e-17 1.661173e+02
769000 6.188140e-21 -3.866278e-18 1.535804e-17 8.964103e+02
770000 1.117620e-18 -3.375473e-18 1.682215e-17 1.618977e+05
771000 8.424289e-19 -4.083617e-18 1.615122e-17 1.220338e+05
772000 1.114436e-21 -4.102451e-18 1.548543e-17 1.614365e+02
773000 3.420482e-19 -4.102989e-18 1.582419e-17 4.954890e+04
774000 3.748375e-20 -4.073312e-18 1.552453e-17 5.429874e+03
775000 5.901988e-19 -3.999655e-18 1.597873e-17 8.549584e+04
776000 5.250067e-22 -4.018529e-18 1.544160e-17 7.605216e+01
777000 1.219724e-18 -2.795718e-18 1.778975e-17 1.766885e+05
778000 8.514694e-22 -3.429798e-18 1.589345e-17 1.233433e+02
779000 2.964371e-19 -4.092255e-18 1.583078e-17 4.294171e+04
780000 1.790101e-19 -3.301295e-18 1.619771e-17 2.593130e+04
781000 8.950134e-19 -4.104276e-18 1.637215e-17 1.296511e+05
782000 6.105836e-21 -3.978893e-18 1.541692e-17 8.844878e+02
783000 4.558815e-20 -3.579807e-18 1.578976e-17 6.603873e+03
784000 9.627252e-19 -3.451059e-18 1.683167e-17 1.394598e+05
785000 2.558448e-19 -3.221562e-18 1.635428e-17 3.706153e+04
786000 2.184427e-18 -3.025986e-18 1.847844e-17 3.164348e+05
787000 2.638740e-19 -3.117943e-18 1.646593e-17 3.822463e+04
788000 8.257626e-19 -4.108468e-18 1.625967e-17 1.196195e+05
789000 5.492847e-19 -2.299756e-18 1.756953e-17 7.956905e+04
790000 1.133137e-19 -3.985917e-18 1.556655e-17 1.641455e+04
791000 8.069223e-22 -4.105033e-18 1.546051e-17 1.168903e+02
792000 7.290937e-19 -4.089800e-18 1.647647e-17 1.056161e+05
793000 1.074166e-18 -2.917089e-18 1.771708e-17 1.556030e+05
794000 8.783311e-20 -3.180373e-18 1.653573e-17 1.272345e+04
795000 2.213266e-19 -4.083867e-18 1.596606e-17 3.206124e+04
796000 8.775960e-23 -3.916340e-18 1.576500e-17 1.271280e+01
797000 8.654621e-20 -4.082047e-18 1.600460e-17 1.253703e+04
798000 1.176662e-18 -4.079135e-18 1.686109e-17 1.704506e+05
799000 4.649409e-21 -3.589910e-18 1.610258e-17 6.735106e+02
800000 5.072743e-21 -3.585001e-18 1.610576e-17 7.348346e+02
801000 6.318377e-21 -3.587882e-18 1.610532e-17 9.152763e+02
802000 9.594717e-24 -3.611258e-18 1.609473e-17 1.389885e+00
803000 2.752859e-21 -3.595533e-18 1.609831e-17 3.987775e+02
804000 1.892653e-20 -3.595250e-18 1.611458e-17 2.741686e+03
805000 7.696515e-25 -3.591520e-18 1.609716e-17 1.114913e-01
806000 6.142862e-19 -3.633150e-18 1.666139e-17 8.898514e+04
807000 3.556055e-19 -3.909381e-18 1.622777e-17 5.151281e+04
808000 8.612732e-20 -3.358810e-18 1.640765e-17 1.247635e+04
809000 9.501485e-22 -4.071266e-18 1.573291e-17 1.376380e+02
810000 7.948836e-20 -3.536391e-18 1.635473e-17 1.151464e+04
811000 2.697667e-18 -4.108093e-18 1.855135e-17 3.907824e+05
812000 4.318671e-20 -4.014676e-18 1.581468e-17 6.256002e+03
813000 8.095457e-19 -3.558515e-18 1.710890e-17 1.172703e+05
814000 7.622487e-22 -4.014752e-18 1.577247e-17 1.104189e+02
815000 2.453008e-18 -3.486110e-18 1.864690e-17 3.553413e+05
816000 1.480395e-18 -3.235158e-18 1.792993e-17 2.144491e+05
817000 1.419728e-18 -3.887869e-18 1.730550e-17 2.056610e+05
818000 3.919978e-20 -4.019466e-18 1.594416e-17 5.678457e+03
819000 2.341857e-19 -4.053590e-18 1.619557e-17 3.392400e+04
820000 7.014466e-21 -4.102692e-18 1.597148e-17 1.016111e+03
821000 5.206654e-22 -4.103285e-18 1.596214e-17 7.542328e+01
822000 8.368747e-22 -4.107171e-18 1.596377e-17 1.212292e+02
823000 2.051192e-20 -3.343711e-18 1.659680e-17 2.971345e+03
824000 1.089682e-19 -3.330256e-18 1.672736e-17 1.578508e+04
825000 5.486911e-20 -3.996732e-18 1.606531e-17 7.948307e+03
826000 6.491756e-19 -2.418567e-18 1.815061e-17 9.403919e+04
827000 4.015232e-19 -3.095289e-18 1.722623e-17 5.816442e+04
828000 8.522533e-21 -3.916967e-18 1.613351e-17 1.234569e+03
829000 4.165240e-21 -3.927775e-18 1.613540e-17 6.033742e+02
830000 7.185423e-21 -3.910226e-18 1.613422e-17 1.040876e+03
831000 1.433549e-20 -3.583242e-18 1.647615e-17 2.076630e+03
832000 7.304454e-22 -3.617439e-18 1.645794e-17 1.058119e+02
833000 2.011318e-22 -3.575437e-18 1.646767e-17 2.913583e+01
834000 3.209493e-21 -3.605224e-18 1.645711e-17 4.649252e+02
835000 3.004330e-21 -3.603005e-18 1.645698e-17 4.352054e+02
836000 3.032650e-21 -3.615660e-18 1.645935e-17 4.393079e+02
837000 3.169304e-23 -3.551399e-18 1.648904e-17 4.591035e+00
838000 6.794734e-23 -3.585636e-18 1.646037e-17 9.842812e+00
839000 3.348752e-21 -3.651740e-18 1.649992e-17 4.850983e+02
840000 3.091358e-22 -2.713245e-18 1.733618e-17 4.478123e+01
841000 2.220145e-18 -3.981746e-18 1.852512e-17 3.216089e+05
842000 2.381826e-19 -3.950591e-18 1.639806e-17 3.450299e+04
843000 3.717879e-22 -3.526631e-18 1.651378e-17 5.385698e+01
844000 1.102763e-18 -3.833647e-18 1.743808e-17 1.597456e+05
845000 1.110007e-20 -3.981713e-18 1.613962e-17 1.607949e+03
846000 1.541234e-18 -4.073096e-18 1.770227e-17 2.232622e+05
847000 1.107399e-19 -3.260244e-18 1.713319e-17 1.604171e+04
848000 1.154323e-20 -3.643327e-18 1.709608e-17 1.672145e+03
849000 2.198689e-20 -3.563517e-18 1.709962e-17 3.185008e+03
850000 2.235764e-22 -3.733439e-18 1.697678e-17 3.238714e+01
851000 3.944222e-19 -2.424227e-18 1.861020e-17 5.713577e+04
852000 1.507295e-19 -3.864370e-18 1.718610e-17 2.183459e+04
853000 2.611857e-18 -4.011544e-18 1.943904e-17 3.783520e+05
854000 3.394111e-22 -4.107002e-18 1.695810e-17 4.916689e+01
855000 5.605457e-22 -4.109180e-18 1.694898e-17 8.120031e+01
856000 3.567673e-21 -4.109749e-18 1.695014e-17 5.168110e+02
857000 1.107721e-20 -3.942848e-18 1.700199e-17 1.604638e+03
858000 7.939950e-21 -3.928723e-18 1.698607e-17 1.150177e+03
859000 2.985641e-21 -3.924609e-18 1.698214e-17 4.324982e+02
860000 5.977265e-19 -2.824298e-18 1.866828e-17 8.658631e+04
861000 1.469713e-18 -4.105604e-18 1.843115e-17 2.129017e+05
862000 7.970741e-22 -3.698894e-18 1.721022e-17 1.154637e+02
863000 4.710918e-23 -3.765874e-18 1.724265e-17 6.824208e+00
864000 2.710372e-19 -4.050395e-18 1.731074e-17 3.926228e+04
865000 1.945116e-19 -4.057816e-18 1.717826e-17 2.817684e+04
866000 4.431654e-21 -4.108644e-18 1.719450e-17 6.419668e+02
867000 2.950889e-22 -3.410513e-18 1.771004e-17 4.274640e+01
868000 1.025353e-21 -3.462141e-18 1.769087e-17 1.485321e+02
869000 3.739718e-19 -2.875698e-18 1.873848e-17 5.417334e+04
870000 8.314993e-19 -3.767642e-18 1.866273e-17 1.204505e+05
871000 1.458221e-19 -2.933479e-18 1.869247e-17 2.112370e+04
872000 1.951423e-21 -4.059949e-18 1.746733e-17 2.826820e+02
873000 2.391027e-19 -3.722263e-18 1.808551e-17 3.463627e+04
874000 1.027687e-20 9.160690e-19 2.252635e-17 1.488701e+03
875000 7.231786e-19 -3.576499e-18 1.884336e-17 1.047592e+05
876000 3.649559e-22 -3.991931e-18 1.767657e-17 5.286730e+01
877000 1.758099e-18 -3.382766e-18 1.997534e-17 2.546771e+05
878000 3.726008e-20 -3.127338e-18 1.862811e-17 5.397474e+03
879000 1.947148e-19 -3.977433e-18 1.805748e-17 2.820627e+04
