pX pY pZ 
-3.290729e-13 0.000000e+00 0.000000e+00
9.349954e-14 0.000000e+00 0.000000e+00
1.549191e-13 0.000000e+00 0.000000e+00
-4.032587e-14 0.000000e+00 0.000000e+00
1.722658e-13 0.000000e+00 0.000000e+00
1.394770e-13 0.000000e+00 0.000000e+00
3.682077e-14 0.000000e+00 0.000000e+00
3.685147e-13 0.000000e+00 0.000000e+00
6.319522e-14 0.000000e+00 0.000000e+00
-1.721177e-14 0.000000e+00 0.000000e+00
-2.021949e-13 0.000000e+00 0.000000e+00
-1.131197e-13 0.000000e+00 0.000000e+00
-2.989543e-13 0.000000e+00 0.000000e+00
2.122210e-13 0.000000e+00 0.000000e+00
-4.065675e-13 0.000000e+00 0.000000e+00
2.842533e-13 0.000000e+00 0.000000e+00
1.571734e-13 0.000000e+00 0.000000e+00
1.332115e-13 0.000000e+00 0.000000e+00
-6.249635e-14 0.000000e+00 0.000000e+00
3.169662e-13 0.000000e+00 0.000000e+00
2.053899e-13 0.000000e+00 0.000000e+00
1.038063e-13 0.000000e+00 0.000000e+00
-1.691333e-13 0.000000e+00 0.000000e+00
1.103912e-13 0.000000e+00 0.000000e+00
-7.870800e-14 0.000000e+00 0.000000e+00
-1.278201e-13 0.000000e+00 0.000000e+00
-1.372696e-13 0.000000e+00 0.000000e+00
-2.342805e-14 0.000000e+00 0.000000e+00
-2.465152e-13 0.000000e+00 0.000000e+00
1.443152e-13 0.000000e+00 0.000000e+00
-8.685453e-14 0.000000e+00 0.000000e+00
-8.979043e-13 0.000000e+00 0.000000e+00
-7.945446e-14 0.000000e+00 0.000000e+00
-3.092898e-13 0.000000e+00 0.000000e+00
2.360003e-13 0.000000e+00 0.000000e+00
1.593085e-13 0.000000e+00 0.000000e+00
-5.814290e-14 0.000000e+00 0.000000e+00
2.893611e-13 0.000000e+00 0.000000e+00
-1.620016e-13 0.000000e+00 0.000000e+00
-3.608725e-13 0.000000e+00 0.000000e+00
1.374173e-14 0.000000e+00 0.000000e+00
1.973662e-13 0.000000e+00 0.000000e+00
-1.658837e-13 0.000000e+00 0.000000e+00
-1.140675e-13 0.000000e+00 0.000000e+00
9.806641e-14 0.000000e+00 0.000000e+00
-1.571479e-13 0.000000e+00 0.000000e+00
1.793425e-13 0.000000e+00 0.000000e+00
5.189870e-14 0.000000e+00 0.000000e+00
9.737091e-14 0.000000e+00 0.000000e+00
3.668538e-14 0.000000e+00 0.000000e+00
3.704266e-14 0.000000e+00 0.000000e+00
1.079827e-14 0.000000e+00 0.000000e+00
-1.488886e-13 0.000000e+00 0.000000e+00
-7.888193e-13 0.000000e+00 0.000000e+00
-5.688294e-13 0.000000e+00 0.000000e+00
-1.611265e-13 0.000000e+00 0.000000e+00
-3.818915e-14 0.000000e+00 0.000000e+00
7.354999e-14 0.000000e+00 0.000000e+00
3.154461e-13 0.000000e+00 0.000000e+00
1.234711e-13 0.000000e+00 0.000000e+00
-1.587115e-13 0.000000e+00 0.000000e+00
5.197246e-13 0.000000e+00 0.000000e+00
8.430575e-14 0.000000e+00 0.000000e+00
-1.458973e-14 0.000000e+00 0.000000e+00
8.567116e-14 0.000000e+00 0.000000e+00
7.487140e-14 0.000000e+00 0.000000e+00
-9.465466e-15 0.000000e+00 0.000000e+00
-1.075013e-13 0.000000e+00 0.000000e+00
1.313119e-13 0.000000e+00 0.000000e+00
-1.505185e-13 0.000000e+00 0.000000e+00
-2.571610e-13 0.000000e+00 0.000000e+00
-6.050134e-15 0.000000e+00 0.000000e+00
-9.460702e-13 0.000000e+00 0.000000e+00
-2.732478e-12 0.000000e+00 0.000000e+00
1.542794e-12 0.000000e+00 0.000000e+00
-1.251401e-13 0.000000e+00 0.000000e+00
1.260346e-13 0.000000e+00 0.000000e+00
-2.124156e-14 0.000000e+00 0.000000e+00
7.822919e-14 0.000000e+00 0.000000e+00
1.276866e-13 0.000000e+00 0.000000e+00
2.596569e-13 0.000000e+00 0.000000e+00
-2.947352e-14 0.000000e+00 0.000000e+00
5.122542e-13 0.000000e+00 0.000000e+00
1.627580e-12 0.000000e+00 0.000000e+00
-1.704030e-13 0.000000e+00 0.000000e+00
1.691189e-12 0.000000e+00 0.000000e+00
1.337067e-12 0.000000e+00 0.000000e+00
-7.192291e-14 0.000000e+00 0.000000e+00
9.393185e-13 0.000000e+00 0.000000e+00
3.201322e-13 0.000000e+00 0.000000e+00
-1.142227e-13 0.000000e+00 0.000000e+00
-1.256661e-12 0.000000e+00 0.000000e+00
3.522581e-13 0.000000e+00 0.000000e+00
4.071207e-14 0.000000e+00 0.000000e+00
6.425998e-14 0.000000e+00 0.000000e+00
4.348590e-14 0.000000e+00 0.000000e+00
-7.583698e-14 0.000000e+00 0.000000e+00
6.189778e-13 0.000000e+00 0.000000e+00
1.719759e-12 0.000000e+00 0.000000e+00
-5.537118e-13 0.000000e+00 0.000000e+00
-1.229655e-13 0.000000e+00 0.000000e+00
-1.604316e-13 0.000000e+00 0.000000e+00
-2.911936e-14 0.000000e+00 0.000000e+00
-2.685078e-12 0.000000e+00 0.000000e+00
-1.661818e-13 0.000000e+00 0.000000e+00
3.241234e-13 0.000000e+00 0.000000e+00
-1.911342e-14 0.000000e+00 0.000000e+00
-2.461450e-12 0.000000e+00 0.000000e+00
1.994960e-14 0.000000e+00 0.000000e+00
-1.574897e-14 0.000000e+00 0.000000e+00
3.128044e-13 0.000000e+00 0.000000e+00
-1.249630e-12 0.000000e+00 0.000000e+00
2.344474e-13 0.000000e+00 0.000000e+00
-1.306866e-12 0.000000e+00 0.000000e+00
5.041245e-13 0.000000e+00 0.000000e+00
1.755729e-12 0.000000e+00 0.000000e+00
-2.365747e-13 0.000000e+00 0.000000e+00
-1.011985e-13 0.000000e+00 0.000000e+00
-3.772674e-13 0.000000e+00 0.000000e+00
1.328193e-12 0.000000e+00 0.000000e+00
2.597304e-12 0.000000e+00 0.000000e+00
-6.314737e-13 0.000000e+00 0.000000e+00
-9.546545e-14 0.000000e+00 0.000000e+00
-1.298909e-13 0.000000e+00 0.000000e+00
1.643006e-14 0.000000e+00 0.000000e+00
1.638334e-13 0.000000e+00 0.000000e+00
-3.116682e-14 0.000000e+00 0.000000e+00
-3.953496e-14 0.000000e+00 0.000000e+00
-1.379527e-12 0.000000e+00 0.000000e+00
7.559449e-14 0.000000e+00 0.000000e+00
-7.933703e-16 0.000000e+00 0.000000e+00
-4.607550e-13 0.000000e+00 0.000000e+00
2.070701e-13 0.000000e+00 0.000000e+00
-3.172331e-12 0.000000e+00 0.000000e+00
2.322827e-13 0.000000e+00 0.000000e+00
8.057499e-14 0.000000e+00 0.000000e+00
1.579509e-12 0.000000e+00 0.000000e+00
-1.383661e-13 0.000000e+00 0.000000e+00
-2.337891e-13 0.000000e+00 0.000000e+00
4.574483e-14 0.000000e+00 0.000000e+00
1.037710e-15 0.000000e+00 0.000000e+00
3.468082e-12 0.000000e+00 0.000000e+00
1.181049e-12 0.000000e+00 0.000000e+00
-1.351674e-12 0.000000e+00 0.000000e+00
1.199419e-12 0.000000e+00 0.000000e+00
-2.246206e-12 0.000000e+00 0.000000e+00
-5.520127e-14 0.000000e+00 0.000000e+00
-9.489165e-13 0.000000e+00 0.000000e+00
1.929748e-12 0.000000e+00 0.000000e+00
2.618390e-12 0.000000e+00 0.000000e+00
-1.683481e-12 0.000000e+00 0.000000e+00
-1.115706e-13 0.000000e+00 0.000000e+00
4.404232e-14 0.000000e+00 0.000000e+00
3.156716e-14 0.000000e+00 0.000000e+00
-5.941524e-14 0.000000e+00 0.000000e+00
-4.000190e-13 0.000000e+00 0.000000e+00
-5.025567e-14 0.000000e+00 0.000000e+00
3.234405e-13 0.000000e+00 0.000000e+00
-5.056095e-14 0.000000e+00 0.000000e+00
5.528028e-13 0.000000e+00 0.000000e+00
6.428315e-14 0.000000e+00 0.000000e+00
-9.940669e-14 0.000000e+00 0.000000e+00
1.640164e-13 0.000000e+00 0.000000e+00
2.286307e-13 0.000000e+00 0.000000e+00
-2.786905e-14 0.000000e+00 0.000000e+00
1.327071e-12 0.000000e+00 0.000000e+00
1.049859e-12 0.000000e+00 0.000000e+00
-1.729168e-12 0.000000e+00 0.000000e+00
1.137620e-12 0.000000e+00 0.000000e+00
3.913157e-13 0.000000e+00 0.000000e+00
1.682465e-13 0.000000e+00 0.000000e+00
-4.168708e-13 0.000000e+00 0.000000e+00
-2.989734e-15 0.000000e+00 0.000000e+00
2.266193e-12 0.000000e+00 0.000000e+00
5.166432e-13 0.000000e+00 0.000000e+00
4.256969e-14 0.000000e+00 0.000000e+00
-3.018344e-13 0.000000e+00 0.000000e+00
-2.075654e-13 0.000000e+00 0.000000e+00
2.546327e-13 0.000000e+00 0.000000e+00
6.418308e-14 0.000000e+00 0.000000e+00
1.109479e-13 0.000000e+00 0.000000e+00
-7.546358e-14 0.000000e+00 0.000000e+00
-1.275179e-13 0.000000e+00 0.000000e+00
-3.239360e-13 0.000000e+00 0.000000e+00
6.500353e-14 0.000000e+00 0.000000e+00
-1.814527e-13 0.000000e+00 0.000000e+00
1.328715e-14 0.000000e+00 0.000000e+00
-5.642874e-14 0.000000e+00 0.000000e+00
-1.276408e-13 0.000000e+00 0.000000e+00
1.291373e-13 0.000000e+00 0.000000e+00
2.429701e-13 0.000000e+00 0.000000e+00
-8.312981e-14 0.000000e+00 0.000000e+00
9.832068e-14 0.000000e+00 0.000000e+00
-3.558171e-14 0.000000e+00 0.000000e+00
-7.738644e-15 0.000000e+00 0.000000e+00
-1.409014e-13 0.000000e+00 0.000000e+00
-1.420826e-13 0.000000e+00 0.000000e+00
-1.485455e-13 0.000000e+00 0.000000e+00
9.982037e-14 0.000000e+00 0.000000e+00
-2.662939e-13 0.000000e+00 0.000000e+00
5.391147e-13 0.000000e+00 0.000000e+00
8.369826e-14 0.000000e+00 0.000000e+00
3.045465e-13 0.000000e+00 0.000000e+00
-5.728280e-13 0.000000e+00 0.000000e+00
-6.045743e-14 0.000000e+00 0.000000e+00
-3.089925e-13 0.000000e+00 0.000000e+00
-2.417061e-12 0.000000e+00 0.000000e+00
-2.917075e-12 0.000000e+00 0.000000e+00
-1.541015e-13 0.000000e+00 0.000000e+00
6.779495e-15 0.000000e+00 0.000000e+00
2.851573e-14 0.000000e+00 0.000000e+00
2.965447e-13 0.000000e+00 0.000000e+00
1.747626e-13 0.000000e+00 0.000000e+00
-1.822253e-12 0.000000e+00 0.000000e+00
2.231222e-14 0.000000e+00 0.000000e+00
-2.179804e-14 0.000000e+00 0.000000e+00
1.389055e-12 0.000000e+00 0.000000e+00
1.277856e-12 0.000000e+00 0.000000e+00
1.332507e-13 0.000000e+00 0.000000e+00
6.106525e-14 0.000000e+00 0.000000e+00
-5.333104e-14 0.000000e+00 0.000000e+00
-1.915712e-12 0.000000e+00 0.000000e+00
-2.500406e-12 0.000000e+00 0.000000e+00
-5.699612e-13 0.000000e+00 0.000000e+00
-3.522168e-13 0.000000e+00 0.000000e+00
-1.579079e-13 0.000000e+00 0.000000e+00
-5.745758e-13 0.000000e+00 0.000000e+00
1.630907e-12 0.000000e+00 0.000000e+00
-7.067229e-13 0.000000e+00 0.000000e+00
-1.762201e-12 0.000000e+00 0.000000e+00
-8.968211e-14 0.000000e+00 0.000000e+00
2.593634e-12 0.000000e+00 0.000000e+00
-1.860073e-12 0.000000e+00 0.000000e+00
1.137170e-12 0.000000e+00 0.000000e+00
-4.328194e-12 0.000000e+00 0.000000e+00
-1.962771e-12 0.000000e+00 0.000000e+00
-6.983290e-13 0.000000e+00 0.000000e+00
-6.319424e-13 0.000000e+00 0.000000e+00
8.412008e-13 0.000000e+00 0.000000e+00
-6.442156e-13 0.000000e+00 0.000000e+00
2.674925e-13 0.000000e+00 0.000000e+00
2.030229e-13 0.000000e+00 0.000000e+00
2.633141e-12 0.000000e+00 0.000000e+00
-1.202373e-12 0.000000e+00 0.000000e+00
-6.384236e-14 0.000000e+00 0.000000e+00
-2.296507e-12 0.000000e+00 0.000000e+00
-2.688192e-12 0.000000e+00 0.000000e+00
-2.661656e-13 0.000000e+00 0.000000e+00
6.804921e-13 0.000000e+00 0.000000e+00
-3.790413e-13 0.000000e+00 0.000000e+00
2.460847e-13 0.000000e+00 0.000000e+00
-1.414509e-12 0.000000e+00 0.000000e+00
-8.924260e-13 0.000000e+00 0.000000e+00
-2.239312e-12 0.000000e+00 0.000000e+00
-2.436703e-14 0.000000e+00 0.000000e+00
-2.039052e-12 0.000000e+00 0.000000e+00
3.656718e-14 0.000000e+00 0.000000e+00
1.409152e-13 0.000000e+00 0.000000e+00
1.962113e-13 0.000000e+00 0.000000e+00
-2.828757e-13 0.000000e+00 0.000000e+00
-1.333712e-13 0.000000e+00 0.000000e+00
2.361795e-12 0.000000e+00 0.000000e+00
2.643052e-12 0.000000e+00 0.000000e+00
7.613965e-13 0.000000e+00 0.000000e+00
3.454360e-12 0.000000e+00 0.000000e+00
1.124535e-12 0.000000e+00 0.000000e+00
5.630835e-13 0.000000e+00 0.000000e+00
1.694435e-13 0.000000e+00 0.000000e+00
8.484918e-13 0.000000e+00 0.000000e+00
-1.530580e-12 0.000000e+00 0.000000e+00
-3.947025e-13 0.000000e+00 0.000000e+00
-1.758387e-12 0.000000e+00 0.000000e+00
-4.380605e-12 0.000000e+00 0.000000e+00
-4.072687e-13 0.000000e+00 0.000000e+00
-2.836384e-12 0.000000e+00 0.000000e+00
-3.265380e-12 0.000000e+00 0.000000e+00
2.839885e-13 0.000000e+00 0.000000e+00
-2.226364e-13 0.000000e+00 0.000000e+00
1.530056e-13 0.000000e+00 0.000000e+00
-4.422872e-14 0.000000e+00 0.000000e+00
1.249039e-13 0.000000e+00 0.000000e+00
-2.599989e-12 0.000000e+00 0.000000e+00
-9.876183e-14 0.000000e+00 0.000000e+00
-6.297487e-13 0.000000e+00 0.000000e+00
2.519255e-12 0.000000e+00 0.000000e+00
2.630975e-12 0.000000e+00 0.000000e+00
-9.366395e-14 0.000000e+00 0.000000e+00
2.926198e-12 0.000000e+00 0.000000e+00
-9.801050e-13 0.000000e+00 0.000000e+00
-3.157422e-12 0.000000e+00 0.000000e+00
9.412329e-13 0.000000e+00 0.000000e+00
-2.211437e-12 0.000000e+00 0.000000e+00
-3.099762e-14 0.000000e+00 0.000000e+00
9.643658e-14 0.000000e+00 0.000000e+00
8.684944e-14 0.000000e+00 0.000000e+00
-2.410759e-14 0.000000e+00 0.000000e+00
1.166134e-12 0.000000e+00 0.000000e+00
-5.265650e-12 0.000000e+00 0.000000e+00
2.539834e-14 0.000000e+00 0.000000e+00
-8.610568e-13 0.000000e+00 0.000000e+00
-1.338167e-12 0.000000e+00 0.000000e+00
-1.937806e-13 0.000000e+00 0.000000e+00
-3.293482e-13 0.000000e+00 0.000000e+00
-2.124036e-14 0.000000e+00 0.000000e+00
1.512043e-13 0.000000e+00 0.000000e+00
-6.340177e-14 0.000000e+00 0.000000e+00
-9.006945e-13 0.000000e+00 0.000000e+00
-2.697605e-12 0.000000e+00 0.000000e+00
-4.096060e-12 0.000000e+00 0.000000e+00
2.379051e-12 0.000000e+00 0.000000e+00
-1.110838e-12 0.000000e+00 0.000000e+00
-2.221081e-12 0.000000e+00 0.000000e+00
2.220699e-12 0.000000e+00 0.000000e+00
-1.213902e-12 0.000000e+00 0.000000e+00
-5.530439e-13 0.000000e+00 0.000000e+00
-5.660582e-13 0.000000e+00 0.000000e+00
3.101745e-12 0.000000e+00 0.000000e+00
-1.079058e-12 0.000000e+00 0.000000e+00
1.753451e-13 0.000000e+00 0.000000e+00
-7.987778e-14 0.000000e+00 0.000000e+00
-3.086730e-14 0.000000e+00 0.000000e+00
-8.630981e-13 0.000000e+00 0.000000e+00
-3.938194e-12 0.000000e+00 0.000000e+00
6.112826e-14 0.000000e+00 0.000000e+00
-9.409744e-13 0.000000e+00 0.000000e+00
1.758205e-12 0.000000e+00 0.000000e+00
-1.300136e-12 0.000000e+00 0.000000e+00
1.019039e-12 0.000000e+00 0.000000e+00
-1.104456e-12 0.000000e+00 0.000000e+00
2.755513e-13 0.000000e+00 0.000000e+00
-3.972183e-12 0.000000e+00 0.000000e+00
-1.878579e-12 0.000000e+00 0.000000e+00
1.222274e-13 0.000000e+00 0.000000e+00
-1.221711e-13 0.000000e+00 0.000000e+00
1.458216e-13 0.000000e+00 0.000000e+00
-1.388534e-13 0.000000e+00 0.000000e+00
3.487605e-12 0.000000e+00 0.000000e+00
-1.079146e-12 0.000000e+00 0.000000e+00
1.214750e-12 0.000000e+00 0.000000e+00
1.138664e-12 0.000000e+00 0.000000e+00
3.608334e-12 0.000000e+00 0.000000e+00
-1.060221e-13 0.000000e+00 0.000000e+00
-4.993330e-12 0.000000e+00 0.000000e+00
1.524018e-13 0.000000e+00 0.000000e+00
8.094213e-13 0.000000e+00 0.000000e+00
1.514639e-12 0.000000e+00 0.000000e+00
9.152105e-14 0.000000e+00 0.000000e+00
1.547440e-12 0.000000e+00 0.000000e+00
6.028933e-13 0.000000e+00 0.000000e+00
-5.185936e-13 0.000000e+00 0.000000e+00
-2.882124e-12 0.000000e+00 0.000000e+00
2.553083e-14 0.000000e+00 0.000000e+00
-1.711858e-12 0.000000e+00 0.000000e+00
-1.099559e-13 0.000000e+00 0.000000e+00
-1.290324e-13 0.000000e+00 0.000000e+00
-2.130348e-13 0.000000e+00 0.000000e+00
-1.194449e-14 0.000000e+00 0.000000e+00
2.802955e-14 0.000000e+00 0.000000e+00
-5.903801e-14 0.000000e+00 0.000000e+00
-1.815305e-13 0.000000e+00 0.000000e+00
-7.191671e-14 0.000000e+00 0.000000e+00
-1.367790e-13 0.000000e+00 0.000000e+00
-3.375595e-13 0.000000e+00 0.000000e+00
-3.204235e-14 0.000000e+00 0.000000e+00
-1.472746e-13 0.000000e+00 0.000000e+00
-4.285199e-14 0.000000e+00 0.000000e+00
4.359335e-14 0.000000e+00 0.000000e+00
8.320424e-14 0.000000e+00 0.000000e+00
-9.473719e-14 0.000000e+00 0.000000e+00
6.948023e-14 0.000000e+00 0.000000e+00
-7.055098e-14 0.000000e+00 0.000000e+00
9.270756e-14 0.000000e+00 0.000000e+00
-2.505331e-13 0.000000e+00 0.000000e+00
1.351113e-13 0.000000e+00 0.000000e+00
1.388523e-13 0.000000e+00 0.000000e+00
9.014109e-15 0.000000e+00 0.000000e+00
1.006160e-14 0.000000e+00 0.000000e+00
-2.837667e-13 0.000000e+00 0.000000e+00
2.199644e-13 0.000000e+00 0.000000e+00
3.623928e-14 0.000000e+00 0.000000e+00
-2.362483e-13 0.000000e+00 0.000000e+00
5.595652e-14 0.000000e+00 0.000000e+00
7.604951e-14 0.000000e+00 0.000000e+00
-1.057341e-13 0.000000e+00 0.000000e+00
3.990679e-14 0.000000e+00 0.000000e+00
9.236246e-14 0.000000e+00 0.000000e+00
-1.385173e-13 0.000000e+00 0.000000e+00
-2.232476e-13 0.000000e+00 0.000000e+00
-2.690962e-13 0.000000e+00 0.000000e+00
9.373004e-15 0.000000e+00 0.000000e+00
1.621540e-13 0.000000e+00 0.000000e+00
2.027913e-14 0.000000e+00 0.000000e+00
-1.891824e-13 0.000000e+00 0.000000e+00
-6.215083e-14 0.000000e+00 0.000000e+00
-2.506856e-13 0.000000e+00 0.000000e+00
2.738980e-14 0.000000e+00 0.000000e+00
3.236429e-13 0.000000e+00 0.000000e+00
-1.160815e-13 0.000000e+00 0.000000e+00
-3.686132e-14 0.000000e+00 0.000000e+00
8.209571e-15 0.000000e+00 0.000000e+00
-2.613979e-13 0.000000e+00 0.000000e+00
-1.563714e-12 0.000000e+00 0.000000e+00
-5.974147e-14 0.000000e+00 0.000000e+00
-3.087857e-13 0.000000e+00 0.000000e+00
1.475972e-14 0.000000e+00 0.000000e+00
-2.375811e-14 0.000000e+00 0.000000e+00
1.682929e-13 0.000000e+00 0.000000e+00
5.505680e-15 0.000000e+00 0.000000e+00
4.035143e-14 0.000000e+00 0.000000e+00
3.326529e-13 0.000000e+00 0.000000e+00
3.074506e-15 0.000000e+00 0.000000e+00
-1.447511e-13 0.000000e+00 0.000000e+00
-3.621863e-14 0.000000e+00 0.000000e+00
7.849046e-13 0.000000e+00 0.000000e+00
-2.389059e-13 0.000000e+00 0.000000e+00
2.925869e-13 0.000000e+00 0.000000e+00
1.295878e-13 0.000000e+00 0.000000e+00
3.111278e-13 0.000000e+00 0.000000e+00
-4.472042e-14 0.000000e+00 0.000000e+00
6.307820e-14 0.000000e+00 0.000000e+00
-2.105241e-13 0.000000e+00 0.000000e+00
-7.117603e-13 0.000000e+00 0.000000e+00
-7.296197e-14 0.000000e+00 0.000000e+00
-1.683405e-12 0.000000e+00 0.000000e+00
-1.486835e-13 0.000000e+00 0.000000e+00
-1.341645e-13 0.000000e+00 0.000000e+00
-1.322343e-12 0.000000e+00 0.000000e+00
-2.733007e-13 0.000000e+00 0.000000e+00
3.107895e-13 0.000000e+00 0.000000e+00
1.421839e-12 0.000000e+00 0.000000e+00
-6.321280e-13 0.000000e+00 0.000000e+00
-1.444694e-13 0.000000e+00 0.000000e+00
2.095187e-13 0.000000e+00 0.000000e+00
2.021126e-13 0.000000e+00 0.000000e+00
-2.645126e-13 0.000000e+00 0.000000e+00
-7.797074e-14 0.000000e+00 0.000000e+00
6.532002e-13 0.000000e+00 0.000000e+00
1.702077e-13 0.000000e+00 0.000000e+00
1.296343e-12 0.000000e+00 0.000000e+00
1.514673e-12 0.000000e+00 0.000000e+00
-1.131001e-13 0.000000e+00 0.000000e+00
1.503942e-13 0.000000e+00 0.000000e+00
1.024182e-12 0.000000e+00 0.000000e+00
1.674109e-12 0.000000e+00 0.000000e+00
1.090992e-13 0.000000e+00 0.000000e+00
1.502044e-14 0.000000e+00 0.000000e+00
-5.794667e-14 0.000000e+00 0.000000e+00
-8.032203e-14 0.000000e+00 0.000000e+00
-8.331448e-14 0.000000e+00 0.000000e+00
4.620928e-13 0.000000e+00 0.000000e+00
-2.936075e-12 0.000000e+00 0.000000e+00
-2.554635e-13 0.000000e+00 0.000000e+00
1.260820e-12 0.000000e+00 0.000000e+00
7.987652e-13 0.000000e+00 0.000000e+00
-3.084378e-13 0.000000e+00 0.000000e+00
2.034018e-13 0.000000e+00 0.000000e+00
-1.337665e-12 0.000000e+00 0.000000e+00
-6.248036e-13 0.000000e+00 0.000000e+00
-1.350881e-12 0.000000e+00 0.000000e+00
2.173899e-12 0.000000e+00 0.000000e+00
2.314143e-12 0.000000e+00 0.000000e+00
7.611752e-14 0.000000e+00 0.000000e+00
-1.605162e-13 0.000000e+00 0.000000e+00
2.831666e-13 0.000000e+00 0.000000e+00
5.978019e-15 0.000000e+00 0.000000e+00
-1.290991e-12 0.000000e+00 0.000000e+00
1.842839e-13 0.000000e+00 0.000000e+00
1.394199e-12 0.000000e+00 0.000000e+00
-2.219954e-12 0.000000e+00 0.000000e+00
-2.479319e-12 0.000000e+00 0.000000e+00
1.668473e-13 0.000000e+00 0.000000e+00
4.696106e-13 0.000000e+00 0.000000e+00
-1.263929e-12 0.000000e+00 0.000000e+00
1.035281e-13 0.000000e+00 0.000000e+00
-6.117653e-13 0.000000e+00 0.000000e+00
-1.982933e-13 0.000000e+00 0.000000e+00
3.541988e-14 0.000000e+00 0.000000e+00
1.096186e-13 0.000000e+00 0.000000e+00
7.704589e-14 0.000000e+00 0.000000e+00
8.800011e-14 0.000000e+00 0.000000e+00
-2.060773e-13 0.000000e+00 0.000000e+00
3.098848e-13 0.000000e+00 0.000000e+00
-3.079330e-13 0.000000e+00 0.000000e+00
6.590171e-14 0.000000e+00 0.000000e+00
-8.084460e-14 0.000000e+00 0.000000e+00
5.373134e-13 0.000000e+00 0.000000e+00
2.042848e-13 0.000000e+00 0.000000e+00
5.134079e-13 0.000000e+00 0.000000e+00
-7.245472e-14 0.000000e+00 0.000000e+00
5.066891e-14 0.000000e+00 0.000000e+00
-1.453054e-12 0.000000e+00 0.000000e+00
6.271934e-14 0.000000e+00 0.000000e+00
1.576538e-12 0.000000e+00 0.000000e+00
-3.882962e-13 0.000000e+00 0.000000e+00
-8.449075e-14 0.000000e+00 0.000000e+00
-1.545668e-13 0.000000e+00 0.000000e+00
3.685772e-13 0.000000e+00 0.000000e+00
-3.163913e-13 0.000000e+00 0.000000e+00
-1.158236e-13 0.000000e+00 0.000000e+00
-1.188399e-12 0.000000e+00 0.000000e+00
-4.999922e-13 0.000000e+00 0.000000e+00
-5.690544e-13 0.000000e+00 0.000000e+00
1.144384e-12 0.000000e+00 0.000000e+00
-2.096141e-13 0.000000e+00 0.000000e+00
4.903979e-14 0.000000e+00 0.000000e+00
1.428822e-12 0.000000e+00 0.000000e+00
-1.216488e-12 0.000000e+00 0.000000e+00
-6.601675e-13 0.000000e+00 0.000000e+00
1.824046e-12 0.000000e+00 0.000000e+00
-7.639706e-13 0.000000e+00 0.000000e+00
-3.808490e-13 0.000000e+00 0.000000e+00
1.654039e-14 0.000000e+00 0.000000e+00
-1.263842e-12 0.000000e+00 0.000000e+00
-6.547727e-13 0.000000e+00 0.000000e+00
1.333212e-14 0.000000e+00 0.000000e+00
-3.538773e-14 0.000000e+00 0.000000e+00
2.180925e-12 0.000000e+00 0.000000e+00
2.071965e-13 0.000000e+00 0.000000e+00
-1.208838e-13 0.000000e+00 0.000000e+00
-5.067934e-13 0.000000e+00 0.000000e+00
-2.101134e-12 0.000000e+00 0.000000e+00
6.576175e-13 0.000000e+00 0.000000e+00
1.623194e-12 0.000000e+00 0.000000e+00
1.081828e-13 0.000000e+00 0.000000e+00
3.273421e-14 0.000000e+00 0.000000e+00
1.131182e-13 0.000000e+00 0.000000e+00
-1.315642e-12 0.000000e+00 0.000000e+00
-1.216905e-13 0.000000e+00 0.000000e+00
-2.837559e-13 0.000000e+00 0.000000e+00
-7.480850e-14 0.000000e+00 0.000000e+00
5.765046e-15 0.000000e+00 0.000000e+00
-9.554478e-14 0.000000e+00 0.000000e+00
-1.381927e-13 0.000000e+00 0.000000e+00
-1.076543e-14 0.000000e+00 0.000000e+00
-8.160574e-15 0.000000e+00 0.000000e+00
2.123998e-13 0.000000e+00 0.000000e+00
-5.541095e-13 0.000000e+00 0.000000e+00
3.852114e-13 0.000000e+00 0.000000e+00
-8.976937e-13 0.000000e+00 0.000000e+00
1.802191e-12 0.000000e+00 0.000000e+00
3.457005e-13 0.000000e+00 0.000000e+00
1.372994e-12 0.000000e+00 0.000000e+00
7.804132e-13 0.000000e+00 0.000000e+00
-1.978037e-12 0.000000e+00 0.000000e+00
1.033630e-13 0.000000e+00 0.000000e+00
1.012722e-12 0.000000e+00 0.000000e+00
1.814472e-12 0.000000e+00 0.000000e+00
-2.495242e-13 0.000000e+00 0.000000e+00
-1.682848e-13 0.000000e+00 0.000000e+00
-1.277529e-13 0.000000e+00 0.000000e+00
1.269491e-12 0.000000e+00 0.000000e+00
1.501471e-13 0.000000e+00 0.000000e+00
-5.162508e-12 0.000000e+00 0.000000e+00
-1.037944e-12 0.000000e+00 0.000000e+00
-2.346672e-12 0.000000e+00 0.000000e+00
-1.869213e-12 0.000000e+00 0.000000e+00
1.778358e-13 0.000000e+00 0.000000e+00
2.494028e-13 0.000000e+00 0.000000e+00
-1.504989e-12 0.000000e+00 0.000000e+00
1.470717e-12 0.000000e+00 0.000000e+00
2.140180e-13 0.000000e+00 0.000000e+00
-1.350335e-12 0.000000e+00 0.000000e+00
-2.623422e-13 0.000000e+00 0.000000e+00
2.406281e-13 0.000000e+00 0.000000e+00
-2.144335e-12 0.000000e+00 0.000000e+00
6.501416e-14 0.000000e+00 0.000000e+00
7.428369e-13 0.000000e+00 0.000000e+00
9.534842e-13 0.000000e+00 0.000000e+00
1.664384e-12 0.000000e+00 0.000000e+00
-4.584944e-12 0.000000e+00 0.000000e+00
-4.571905e-13 0.000000e+00 0.000000e+00
-2.166447e-12 0.000000e+00 0.000000e+00
-4.427188e-14 0.000000e+00 0.000000e+00
1.338203e-13 0.000000e+00 0.000000e+00
2.473294e-12 0.000000e+00 0.000000e+00
-5.313718e-13 0.000000e+00 0.000000e+00
2.861212e-13 0.000000e+00 0.000000e+00
-1.123328e-13 0.000000e+00 0.000000e+00
-1.931423e-14 0.000000e+00 0.000000e+00
5.869274e-13 0.000000e+00 0.000000e+00
1.993071e-12 0.000000e+00 0.000000e+00
-3.095347e-12 0.000000e+00 0.000000e+00
-4.516296e-12 0.000000e+00 0.000000e+00
2.211520e-13 0.000000e+00 0.000000e+00
-2.194384e-12 0.000000e+00 0.000000e+00
-6.890770e-13 0.000000e+00 0.000000e+00
7.419261e-13 0.000000e+00 0.000000e+00
3.189108e-14 0.000000e+00 0.000000e+00
-2.778039e-12 0.000000e+00 0.000000e+00
2.006415e-12 0.000000e+00 0.000000e+00
-3.661250e-12 0.000000e+00 0.000000e+00
1.662452e-13 0.000000e+00 0.000000e+00
1.414940e-12 0.000000e+00 0.000000e+00
2.100568e-12 0.000000e+00 0.000000e+00
2.241938e-13 0.000000e+00 0.000000e+00
7.869755e-13 0.000000e+00 0.000000e+00
-6.432665e-14 0.000000e+00 0.000000e+00
1.948323e-14 0.000000e+00 0.000000e+00
-2.049296e-13 0.000000e+00 0.000000e+00
-4.125150e-14 0.000000e+00 0.000000e+00
3.696039e-13 0.000000e+00 0.000000e+00
-6.190177e-13 0.000000e+00 0.000000e+00
5.209866e-13 0.000000e+00 0.000000e+00
-9.890594e-15 0.000000e+00 0.000000e+00
2.743371e-13 0.000000e+00 0.000000e+00
-2.256573e-13 0.000000e+00 0.000000e+00
1.123390e-13 0.000000e+00 0.000000e+00
-2.526486e-12 0.000000e+00 0.000000e+00
-2.859417e-14 0.000000e+00 0.000000e+00
-4.893323e-12 0.000000e+00 0.000000e+00
-4.184630e-12 0.000000e+00 0.000000e+00
1.135734e-13 0.000000e+00 0.000000e+00
1.561725e-12 0.000000e+00 0.000000e+00
-1.621430e-12 0.000000e+00 0.000000e+00
-3.407299e-12 0.000000e+00 0.000000e+00
-1.972034e-12 0.000000e+00 0.000000e+00
-9.871583e-14 0.000000e+00 0.000000e+00
-5.523369e-14 0.000000e+00 0.000000e+00
3.341247e-12 0.000000e+00 0.000000e+00
-1.472327e-13 0.000000e+00 0.000000e+00
4.646846e-13 0.000000e+00 0.000000e+00
-1.979119e-13 0.000000e+00 0.000000e+00
-1.484869e-13 0.000000e+00 0.000000e+00
-2.623247e-13 0.000000e+00 0.000000e+00
-1.975203e-13 0.000000e+00 0.000000e+00
6.645108e-13 0.000000e+00 0.000000e+00
1.664132e-12 0.000000e+00 0.000000e+00
-3.792599e-14 0.000000e+00 0.000000e+00
-5.257703e-15 0.000000e+00 0.000000e+00
2.484455e-13 0.000000e+00 0.000000e+00
-3.561916e-12 0.000000e+00 0.000000e+00
-4.401817e-13 0.000000e+00 0.000000e+00
2.139355e-13 0.000000e+00 0.000000e+00
-2.499836e-13 0.000000e+00 0.000000e+00
-1.719705e-13 0.000000e+00 0.000000e+00
2.455590e-12 0.000000e+00 0.000000e+00
1.867992e-12 0.000000e+00 0.000000e+00
1.401912e-13 0.000000e+00 0.000000e+00
1.358499e-12 0.000000e+00 0.000000e+00
1.717630e-12 0.000000e+00 0.000000e+00
-3.502310e-14 0.000000e+00 0.000000e+00
-6.951113e-13 0.000000e+00 0.000000e+00
3.461454e-12 0.000000e+00 0.000000e+00
2.661198e-12 0.000000e+00 0.000000e+00
1.027221e-12 0.000000e+00 0.000000e+00
-1.617504e-12 0.000000e+00 0.000000e+00
-3.348649e-12 0.000000e+00 0.000000e+00
-1.246609e-12 0.000000e+00 0.000000e+00
-3.507200e-12 0.000000e+00 0.000000e+00
2.252237e-12 0.000000e+00 0.000000e+00
1.247872e-13 0.000000e+00 0.000000e+00
-3.338685e-12 0.000000e+00 0.000000e+00
-1.806221e-13 0.000000e+00 0.000000e+00
1.066069e-13 0.000000e+00 0.000000e+00
-1.097120e-14 0.000000e+00 0.000000e+00
2.246994e-13 0.000000e+00 0.000000e+00
2.133911e-12 0.000000e+00 0.000000e+00
8.774997e-15 0.000000e+00 0.000000e+00
1.238578e-13 0.000000e+00 0.000000e+00
-1.490310e-12 0.000000e+00 0.000000e+00
3.583571e-12 0.000000e+00 0.000000e+00
-1.674910e-13 0.000000e+00 0.000000e+00
-8.559483e-13 0.000000e+00 0.000000e+00
1.335749e-13 0.000000e+00 0.000000e+00
1.681155e-12 0.000000e+00 0.000000e+00
3.765961e-12 0.000000e+00 0.000000e+00
1.436772e-12 0.000000e+00 0.000000e+00
7.555000e-13 0.000000e+00 0.000000e+00
7.343082e-13 0.000000e+00 0.000000e+00
8.300895e-13 0.000000e+00 0.000000e+00
3.175244e-12 0.000000e+00 0.000000e+00
4.004165e-13 0.000000e+00 0.000000e+00
4.943459e-14 0.000000e+00 0.000000e+00
-6.365612e-14 0.000000e+00 0.000000e+00
-1.692402e-13 0.000000e+00 0.000000e+00
-1.530258e-13 0.000000e+00 0.000000e+00
1.397237e-13 0.000000e+00 0.000000e+00
1.227377e-14 0.000000e+00 0.000000e+00
-1.166672e-12 0.000000e+00 0.000000e+00
8.175469e-15 0.000000e+00 0.000000e+00
-5.983679e-12 0.000000e+00 0.000000e+00
-1.138112e-13 0.000000e+00 0.000000e+00
4.414516e-14 0.000000e+00 0.000000e+00
-8.929734e-14 0.000000e+00 0.000000e+00
-1.577229e-12 0.000000e+00 0.000000e+00
-3.908705e-12 0.000000e+00 0.000000e+00
-9.426715e-13 0.000000e+00 0.000000e+00
-2.525909e-13 0.000000e+00 0.000000e+00
-5.103435e-14 0.000000e+00 0.000000e+00
1.839088e-12 0.000000e+00 0.000000e+00
-1.886892e-13 0.000000e+00 0.000000e+00
4.012772e-14 0.000000e+00 0.000000e+00
4.711710e-14 0.000000e+00 0.000000e+00
-9.536232e-14 0.000000e+00 0.000000e+00
-3.795119e-15 0.000000e+00 0.000000e+00
1.743008e-14 0.000000e+00 0.000000e+00
1.312641e-12 0.000000e+00 0.000000e+00
-1.780462e-12 0.000000e+00 0.000000e+00
-4.940931e-12 0.000000e+00 0.000000e+00
-1.140913e-13 0.000000e+00 0.000000e+00
-1.690846e-12 0.000000e+00 0.000000e+00
8.399394e-14 0.000000e+00 0.000000e+00
4.429760e-13 0.000000e+00 0.000000e+00
6.714690e-14 0.000000e+00 0.000000e+00
-9.290137e-13 0.000000e+00 0.000000e+00
-3.732870e-12 0.000000e+00 0.000000e+00
3.620426e-13 0.000000e+00 0.000000e+00
-8.661862e-13 0.000000e+00 0.000000e+00
1.772724e-12 0.000000e+00 0.000000e+00
-1.763043e-12 0.000000e+00 0.000000e+00
1.314691e-12 0.000000e+00 0.000000e+00
-6.486295e-14 0.000000e+00 0.000000e+00
-2.271243e-13 0.000000e+00 0.000000e+00
1.322338e-15 0.000000e+00 0.000000e+00
-1.198339e-13 0.000000e+00 0.000000e+00
1.037998e-13 0.000000e+00 0.000000e+00
-5.734778e-14 0.000000e+00 0.000000e+00
-7.203168e-14 0.000000e+00 0.000000e+00
-1.914298e-13 0.000000e+00 0.000000e+00
7.785510e-14 0.000000e+00 0.000000e+00
-2.856521e-12 0.000000e+00 0.000000e+00
-2.614072e-12 0.000000e+00 0.000000e+00
-1.560619e-13 0.000000e+00 0.000000e+00
-1.947557e-13 0.000000e+00 0.000000e+00
1.193135e-12 0.000000e+00 0.000000e+00
-3.353192e-14 0.000000e+00 0.000000e+00
-1.257358e-12 0.000000e+00 0.000000e+00
1.203618e-12 0.000000e+00 0.000000e+00
-1.712607e-12 0.000000e+00 0.000000e+00
6.654947e-13 0.000000e+00 0.000000e+00
1.762672e-12 0.000000e+00 0.000000e+00
-2.580932e-12 0.000000e+00 0.000000e+00
7.875225e-13 0.000000e+00 0.000000e+00
6.932883e-12 0.000000e+00 0.000000e+00
-1.325659e-13 0.000000e+00 0.000000e+00
3.630244e-14 0.000000e+00 0.000000e+00
-1.337009e-14 0.000000e+00 0.000000e+00
6.337164e-13 0.000000e+00 0.000000e+00
-7.097322e-13 0.000000e+00 0.000000e+00
-6.619807e-13 0.000000e+00 0.000000e+00
1.397346e-12 0.000000e+00 0.000000e+00
-3.283775e-12 0.000000e+00 0.000000e+00
2.776826e-13 0.000000e+00 0.000000e+00
-1.541311e-12 0.000000e+00 0.000000e+00
2.558043e-12 0.000000e+00 0.000000e+00
3.845051e-13 0.000000e+00 0.000000e+00
-2.401424e-12 0.000000e+00 0.000000e+00
-6.747204e-12 0.000000e+00 0.000000e+00
4.609614e-14 0.000000e+00 0.000000e+00
-1.720456e-12 0.000000e+00 0.000000e+00
-7.510695e-13 0.000000e+00 0.000000e+00
4.694116e-14 0.000000e+00 0.000000e+00
2.550404e-13 0.000000e+00 0.000000e+00
1.097365e-14 0.000000e+00 0.000000e+00
-1.908689e-13 0.000000e+00 0.000000e+00
5.557041e-14 0.000000e+00 0.000000e+00
1.564985e-14 0.000000e+00 0.000000e+00
6.173813e-17 0.000000e+00 0.000000e+00
-2.759523e-12 0.000000e+00 0.000000e+00
1.558606e-12 0.000000e+00 0.000000e+00
8.036134e-13 0.000000e+00 0.000000e+00
1.051582e-12 0.000000e+00 0.000000e+00
-8.493756e-13 0.000000e+00 0.000000e+00
-5.216948e-12 0.000000e+00 0.000000e+00
2.536642e-12 0.000000e+00 0.000000e+00
-1.261122e-12 0.000000e+00 0.000000e+00
5.738728e-13 0.000000e+00 0.000000e+00
7.733754e-13 0.000000e+00 0.000000e+00
6.147759e-12 0.000000e+00 0.000000e+00
3.056592e-12 0.000000e+00 0.000000e+00
1.973391e-12 0.000000e+00 0.000000e+00
2.944114e-12 0.000000e+00 0.000000e+00
2.867145e-12 0.000000e+00 0.000000e+00
-1.809232e-12 0.000000e+00 0.000000e+00
2.563615e-12 0.000000e+00 0.000000e+00
2.031346e-12 0.000000e+00 0.000000e+00
-2.476794e-12 0.000000e+00 0.000000e+00
-1.026618e-13 0.000000e+00 0.000000e+00
1.836933e-14 0.000000e+00 0.000000e+00
-1.041749e-13 0.000000e+00 0.000000e+00
8.831039e-14 0.000000e+00 0.000000e+00
-2.219335e-13 0.000000e+00 0.000000e+00
-1.515609e-13 0.000000e+00 0.000000e+00
3.102670e-13 0.000000e+00 0.000000e+00
-9.763393e-14 0.000000e+00 0.000000e+00
-3.870406e-13 0.000000e+00 0.000000e+00
1.452257e-12 0.000000e+00 0.000000e+00
-5.525129e-13 0.000000e+00 0.000000e+00
1.990620e-12 0.000000e+00 0.000000e+00
-1.892407e-12 0.000000e+00 0.000000e+00
-1.829425e-12 0.000000e+00 0.000000e+00
2.669999e-12 0.000000e+00 0.000000e+00
-4.133046e-12 0.000000e+00 0.000000e+00
1.991785e-12 0.000000e+00 0.000000e+00
-3.404002e-12 0.000000e+00 0.000000e+00
-1.958990e-12 0.000000e+00 0.000000e+00
-1.335773e-12 0.000000e+00 0.000000e+00
5.750630e-13 0.000000e+00 0.000000e+00
-2.081549e-13 0.000000e+00 0.000000e+00
-1.006242e-13 0.000000e+00 0.000000e+00
1.770814e-13 0.000000e+00 0.000000e+00
-1.743170e-12 0.000000e+00 0.000000e+00
3.398351e-12 0.000000e+00 0.000000e+00
-6.599958e-12 0.000000e+00 0.000000e+00
1.015063e-13 0.000000e+00 0.000000e+00
1.049417e-13 0.000000e+00 0.000000e+00
-2.246255e-12 0.000000e+00 0.000000e+00
-1.901534e-13 0.000000e+00 0.000000e+00
-1.341237e-12 0.000000e+00 0.000000e+00
7.526867e-13 0.000000e+00 0.000000e+00
9.768830e-13 0.000000e+00 0.000000e+00
-3.134452e-15 0.000000e+00 0.000000e+00
3.174683e-12 0.000000e+00 0.000000e+00
1.290208e-12 0.000000e+00 0.000000e+00
-1.714870e-12 0.000000e+00 0.000000e+00
-2.461805e-12 0.000000e+00 0.000000e+00
1.604770e-12 0.000000e+00 0.000000e+00
-2.296903e-12 0.000000e+00 0.000000e+00
1.426094e-12 0.000000e+00 0.000000e+00
-5.992274e-15 0.000000e+00 0.000000e+00
-1.218852e-12 0.000000e+00 0.000000e+00
-6.620347e-13 0.000000e+00 0.000000e+00
-1.973715e-13 0.000000e+00 0.000000e+00
-1.614313e-12 0.000000e+00 0.000000e+00
-1.844032e-13 0.000000e+00 0.000000e+00
3.019549e-13 0.000000e+00 0.000000e+00
1.384462e-12 0.000000e+00 0.000000e+00
-3.491636e-13 0.000000e+00 0.000000e+00
2.185853e-14 0.000000e+00 0.000000e+00
3.122943e-12 0.000000e+00 0.000000e+00
1.373589e-12 0.000000e+00 0.000000e+00
3.462892e-12 0.000000e+00 0.000000e+00
1.100483e-12 0.000000e+00 0.000000e+00
1.309101e-12 0.000000e+00 0.000000e+00
4.569776e-12 0.000000e+00 0.000000e+00
-2.721770e-13 0.000000e+00 0.000000e+00
-4.358740e-12 0.000000e+00 0.000000e+00
1.635150e-12 0.000000e+00 0.000000e+00
2.106549e-12 0.000000e+00 0.000000e+00
1.822450e-12 0.000000e+00 0.000000e+00
-9.270464e-13 0.000000e+00 0.000000e+00
-2.651953e-12 0.000000e+00 0.000000e+00
-2.243018e-12 0.000000e+00 0.000000e+00
-3.648660e-12 0.000000e+00 0.000000e+00
-7.888438e-13 0.000000e+00 0.000000e+00
-1.377891e-14 0.000000e+00 0.000000e+00
1.135078e-13 0.000000e+00 0.000000e+00
3.582570e-14 0.000000e+00 0.000000e+00
-1.122576e-12 0.000000e+00 0.000000e+00
-4.042358e-12 0.000000e+00 0.000000e+00
-3.159548e-12 0.000000e+00 0.000000e+00
-1.107116e-12 0.000000e+00 0.000000e+00
1.909622e-13 0.000000e+00 0.000000e+00
-1.285046e-12 0.000000e+00 0.000000e+00
3.523698e-12 0.000000e+00 0.000000e+00
-1.946783e-12 0.000000e+00 0.000000e+00
3.720752e-13 0.000000e+00 0.000000e+00
1.041310e-12 0.000000e+00 0.000000e+00
1.314011e-12 0.000000e+00 0.000000e+00
-1.030621e-12 0.000000e+00 0.000000e+00
1.804426e-12 0.000000e+00 0.000000e+00
-7.858625e-13 0.000000e+00 0.000000e+00
3.739603e-12 0.000000e+00 0.000000e+00
5.998640e-12 0.000000e+00 0.000000e+00
-1.991029e-13 0.000000e+00 0.000000e+00
-5.252254e-13 0.000000e+00 0.000000e+00
6.390967e-12 0.000000e+00 0.000000e+00
-4.642854e-12 0.000000e+00 0.000000e+00
2.334702e-12 0.000000e+00 0.000000e+00
-5.728341e-12 0.000000e+00 0.000000e+00
7.132431e-13 0.000000e+00 0.000000e+00
3.311627e-12 0.000000e+00 0.000000e+00
1.223022e-13 0.000000e+00 0.000000e+00
3.322437e-13 0.000000e+00 0.000000e+00
2.551126e-13 0.000000e+00 0.000000e+00
2.677883e-13 0.000000e+00 0.000000e+00
-6.110535e-13 0.000000e+00 0.000000e+00
1.084856e-12 0.000000e+00 0.000000e+00
-2.040089e-13 0.000000e+00 0.000000e+00
2.052386e-13 0.000000e+00 0.000000e+00
-9.215811e-13 0.000000e+00 0.000000e+00
5.202146e-13 0.000000e+00 0.000000e+00
2.096462e-12 0.000000e+00 0.000000e+00
2.971217e-12 0.000000e+00 0.000000e+00
-4.739318e-13 0.000000e+00 0.000000e+00
2.852367e-13 0.000000e+00 0.000000e+00
-9.381647e-13 0.000000e+00 0.000000e+00
-2.113904e-12 0.000000e+00 0.000000e+00
2.690003e-12 0.000000e+00 0.000000e+00
-2.501570e-12 0.000000e+00 0.000000e+00
-2.845925e-12 0.000000e+00 0.000000e+00
1.131745e-12 0.000000e+00 0.000000e+00
1.351062e-12 0.000000e+00 0.000000e+00
-1.728119e-12 0.000000e+00 0.000000e+00
-1.114587e-12 0.000000e+00 0.000000e+00
1.019215e-12 0.000000e+00 0.000000e+00
-1.559823e-12 0.000000e+00 0.000000e+00
4.705496e-12 0.000000e+00 0.000000e+00
-4.352591e-12 0.000000e+00 0.000000e+00
2.758897e-12 0.000000e+00 0.000000e+00
-5.064216e-13 0.000000e+00 0.000000e+00
-3.240647e-12 0.000000e+00 0.000000e+00
-4.894395e-12 0.000000e+00 0.000000e+00
3.289704e-12 0.000000e+00 0.000000e+00
-2.823170e-12 0.000000e+00 0.000000e+00
-5.272879e-12 0.000000e+00 0.000000e+00
1.530540e-12 0.000000e+00 0.000000e+00
1.274419e-12 0.000000e+00 0.000000e+00
1.339168e-12 0.000000e+00 0.000000e+00
-1.542849e-13 0.000000e+00 0.000000e+00
1.389063e-13 0.000000e+00 0.000000e+00
-4.226547e-14 0.000000e+00 0.000000e+00
-2.044963e-13 0.000000e+00 0.000000e+00
3.891359e-13 0.000000e+00 0.000000e+00
5.858079e-15 0.000000e+00 0.000000e+00
9.059426e-13 0.000000e+00 0.000000e+00
2.121204e-12 0.000000e+00 0.000000e+00
3.959523e-12 0.000000e+00 0.000000e+00
4.228361e-12 0.000000e+00 0.000000e+00
-8.851907e-13 0.000000e+00 0.000000e+00
3.357157e-12 0.000000e+00 0.000000e+00
-3.735435e-12 0.000000e+00 0.000000e+00
1.788773e-12 0.000000e+00 0.000000e+00
-1.312438e-12 0.000000e+00 0.000000e+00
-6.970519e-14 0.000000e+00 0.000000e+00
-5.935827e-13 0.000000e+00 0.000000e+00
6.984189e-12 0.000000e+00 0.000000e+00
7.353229e-14 0.000000e+00 0.000000e+00
4.937087e-12 0.000000e+00 0.000000e+00
6.924071e-12 0.000000e+00 0.000000e+00
-2.255695e-12 0.000000e+00 0.000000e+00
1.293329e-12 0.000000e+00 0.000000e+00
-3.329824e-12 0.000000e+00 0.000000e+00
-1.509418e-12 0.000000e+00 0.000000e+00
-1.587351e-12 0.000000e+00 0.000000e+00
2.572013e-12 0.000000e+00 0.000000e+00
-2.373534e-12 0.000000e+00 0.000000e+00
-1.875677e-12 0.000000e+00 0.000000e+00
-1.993042e-12 0.000000e+00 0.000000e+00
-1.927721e-13 0.000000e+00 0.000000e+00
2.228983e-13 0.000000e+00 0.000000e+00
2.041262e-12 0.000000e+00 0.000000e+00
-2.378842e-12 0.000000e+00 0.000000e+00
-1.408913e-13 0.000000e+00 0.000000e+00
-9.141147e-13 0.000000e+00 0.000000e+00
-1.158604e-12 0.000000e+00 0.000000e+00
-7.693867e-13 0.000000e+00 0.000000e+00
1.919598e-12 0.000000e+00 0.000000e+00
-8.091115e-13 0.000000e+00 0.000000e+00
1.767567e-12 0.000000e+00 0.000000e+00
2.817925e-12 0.000000e+00 0.000000e+00
4.013458e-14 0.000000e+00 0.000000e+00
6.079394e-12 0.000000e+00 0.000000e+00
9.805951e-13 0.000000e+00 0.000000e+00
-2.228613e-13 0.000000e+00 0.000000e+00
-4.927450e-14 0.000000e+00 0.000000e+00
1.857629e-12 0.000000e+00 0.000000e+00
-9.597453e-13 0.000000e+00 0.000000e+00
-3.441088e-12 0.000000e+00 0.000000e+00
-2.395703e-12 0.000000e+00 0.000000e+00
1.676024e-12 0.000000e+00 0.000000e+00
1.426247e-12 0.000000e+00 0.000000e+00
-3.305963e-12 0.000000e+00 0.000000e+00
-4.052763e-13 0.000000e+00 0.000000e+00
2.362224e-12 0.000000e+00 0.000000e+00
1.836550e-12 0.000000e+00 0.000000e+00
1.428665e-12 0.000000e+00 0.000000e+00
1.683422e-12 0.000000e+00 0.000000e+00
3.053630e-12 0.000000e+00 0.000000e+00
-8.631078e-14 0.000000e+00 0.000000e+00
-5.452679e-13 0.000000e+00 0.000000e+00
3.321115e-12 0.000000e+00 0.000000e+00
1.090020e-12 0.000000e+00 0.000000e+00
1.457138e-12 0.000000e+00 0.000000e+00
-1.466738e-12 0.000000e+00 0.000000e+00
-3.984753e-12 0.000000e+00 0.000000e+00
4.938735e-13 0.000000e+00 0.000000e+00
-6.695561e-13 0.000000e+00 0.000000e+00
5.834655e-13 0.000000e+00 0.000000e+00
5.527032e-13 0.000000e+00 0.000000e+00
3.755309e-13 0.000000e+00 0.000000e+00
2.072912e-12 0.000000e+00 0.000000e+00
-6.347779e-13 0.000000e+00 0.000000e+00
2.395671e-12 0.000000e+00 0.000000e+00
2.030826e-13 0.000000e+00 0.000000e+00
-2.280790e-12 0.000000e+00 0.000000e+00
5.367826e-12 0.000000e+00 0.000000e+00
1.829174e-13 0.000000e+00 0.000000e+00
1.196487e-12 0.000000e+00 0.000000e+00
5.055381e-12 0.000000e+00 0.000000e+00
4.111644e-15 0.000000e+00 0.000000e+00
-1.334263e-12 0.000000e+00 0.000000e+00
5.343200e-12 0.000000e+00 0.000000e+00
8.906477e-14 0.000000e+00 0.000000e+00
-3.988276e-12 0.000000e+00 0.000000e+00
3.357050e-12 0.000000e+00 0.000000e+00
1.074977e-12 0.000000e+00 0.000000e+00
-3.421969e-12 0.000000e+00 0.000000e+00
2.295571e-12 0.000000e+00 0.000000e+00
6.170511e-13 0.000000e+00 0.000000e+00
4.480302e-13 0.000000e+00 0.000000e+00
1.359570e-13 0.000000e+00 0.000000e+00
4.095558e-15 0.000000e+00 0.000000e+00
2.753855e-12 0.000000e+00 0.000000e+00
2.630345e-12 0.000000e+00 0.000000e+00
-2.708414e-13 0.000000e+00 0.000000e+00
3.373416e-12 0.000000e+00 0.000000e+00
2.433760e-12 0.000000e+00 0.000000e+00
8.429986e-12 0.000000e+00 0.000000e+00
3.825861e-13 0.000000e+00 0.000000e+00
-1.155698e-13 0.000000e+00 0.000000e+00
-4.857785e-12 0.000000e+00 0.000000e+00
2.556129e-12 0.000000e+00 0.000000e+00
6.257067e-13 0.000000e+00 0.000000e+00
3.204852e-12 0.000000e+00 0.000000e+00
-1.335345e-12 0.000000e+00 0.000000e+00
-2.088884e-12 0.000000e+00 0.000000e+00
9.816827e-14 0.000000e+00 0.000000e+00
1.598330e-12 0.000000e+00 0.000000e+00
4.357569e-13 0.000000e+00 0.000000e+00
2.076811e-12 0.000000e+00 0.000000e+00
-4.338388e-12 0.000000e+00 0.000000e+00
-1.915684e-12 0.000000e+00 0.000000e+00
-1.741339e-12 0.000000e+00 0.000000e+00
1.330422e-13 0.000000e+00 0.000000e+00
-1.152462e-13 0.000000e+00 0.000000e+00
2.096853e-12 0.000000e+00 0.000000e+00
-5.047636e-12 0.000000e+00 0.000000e+00
4.471396e-13 0.000000e+00 0.000000e+00
1.336225e-13 0.000000e+00 0.000000e+00
4.938254e-12 0.000000e+00 0.000000e+00
-4.043324e-12 0.000000e+00 0.000000e+00
-1.729363e-12 0.000000e+00 0.000000e+00
-8.705846e-13 0.000000e+00 0.000000e+00
-1.565347e-12 0.000000e+00 0.000000e+00
-1.633022e-13 0.000000e+00 0.000000e+00
3.506040e-12 0.000000e+00 0.000000e+00
-2.995293e-12 0.000000e+00 0.000000e+00
-1.769440e-13 0.000000e+00 0.000000e+00
5.127161e-13 0.000000e+00 0.000000e+00
-1.347922e-12 0.000000e+00 0.000000e+00
-6.152621e-12 0.000000e+00 0.000000e+00
2.049201e-12 0.000000e+00 0.000000e+00
3.754401e-12 0.000000e+00 0.000000e+00
-4.561453e-13 0.000000e+00 0.000000e+00
1.175888e-12 0.000000e+00 0.000000e+00
4.546538e-12 0.000000e+00 0.000000e+00
-1.292096e-12 0.000000e+00 0.000000e+00
1.519280e-15 0.000000e+00 0.000000e+00
3.970467e-12 0.000000e+00 0.000000e+00
-9.926558e-14 0.000000e+00 0.000000e+00
-4.789695e-12 0.000000e+00 0.000000e+00
8.409050e-14 0.000000e+00 0.000000e+00
4.015084e-12 0.000000e+00 0.000000e+00
-8.235628e-13 0.000000e+00 0.000000e+00
-5.954363e-13 0.000000e+00 0.000000e+00
-2.241662e-12 0.000000e+00 0.000000e+00
1.515781e-12 0.000000e+00 0.000000e+00
2.576271e-12 0.000000e+00 0.000000e+00
-1.359750e-12 0.000000e+00 0.000000e+00
1.727134e-13 0.000000e+00 0.000000e+00
2.812712e-12 0.000000e+00 0.000000e+00
-2.756895e-12 0.000000e+00 0.000000e+00
9.584437e-13 0.000000e+00 0.000000e+00
1.419074e-12 0.000000e+00 0.000000e+00
-5.434794e-13 0.000000e+00 0.000000e+00
9.890780e-13 0.000000e+00 0.000000e+00
4.024511e-12 0.000000e+00 0.000000e+00
1.617383e-12 0.000000e+00 0.000000e+00
1.538984e-12 0.000000e+00 0.000000e+00
4.519703e-12 0.000000e+00 0.000000e+00
-1.241658e-12 0.000000e+00 0.000000e+00
-6.923777e-12 0.000000e+00 0.000000e+00
1.556189e-12 0.000000e+00 0.000000e+00
1.742554e-13 0.000000e+00 0.000000e+00
9.102912e-13 0.000000e+00 0.000000e+00
9.994190e-13 0.000000e+00 0.000000e+00
-8.762278e-12 0.000000e+00 0.000000e+00
-2.613836e-12 0.000000e+00 0.000000e+00
-6.982442e-15 0.000000e+00 0.000000e+00
2.358401e-13 0.000000e+00 0.000000e+00
3.682682e-13 0.000000e+00 0.000000e+00
-2.713671e-13 0.000000e+00 0.000000e+00
-2.844220e-12 0.000000e+00 0.000000e+00
1.206837e-13 0.000000e+00 0.000000e+00
1.008749e-12 0.000000e+00 0.000000e+00
-1.546903e-13 0.000000e+00 0.000000e+00
-1.744386e-12 0.000000e+00 0.000000e+00
-1.443776e-12 0.000000e+00 0.000000e+00
-1.699021e-13 0.000000e+00 0.000000e+00
-6.562771e-12 0.000000e+00 0.000000e+00
-1.020468e-12 0.000000e+00 0.000000e+00
3.567036e-12 0.000000e+00 0.000000e+00
3.001897e-12 0.000000e+00 0.000000e+00
1.492059e-16 0.000000e+00 0.000000e+00
-3.699457e-13 0.000000e+00 0.000000e+00
4.378233e-12 0.000000e+00 0.000000e+00
3.430179e-13 0.000000e+00 0.000000e+00
2.908487e-12 0.000000e+00 0.000000e+00
1.320048e-12 0.000000e+00 0.000000e+00
2.262391e-12 0.000000e+00 0.000000e+00
1.694645e-12 0.000000e+00 0.000000e+00
-4.103304e-12 0.000000e+00 0.000000e+00
5.728961e-12 0.000000e+00 0.000000e+00
-1.337844e-12 0.000000e+00 0.000000e+00
-1.949927e-12 0.000000e+00 0.000000e+00
1.240462e-12 0.000000e+00 0.000000e+00
6.629898e-12 0.000000e+00 0.000000e+00
3.136152e-12 0.000000e+00 0.000000e+00
-1.469492e-12 0.000000e+00 0.000000e+00
-3.971388e-13 0.000000e+00 0.000000e+00
6.981212e-13 0.000000e+00 0.000000e+00
1.965947e-13 0.000000e+00 0.000000e+00
-4.420116e-13 0.000000e+00 0.000000e+00
2.176414e-12 0.000000e+00 0.000000e+00
-2.690676e-12 0.000000e+00 0.000000e+00
-6.015293e-12 0.000000e+00 0.000000e+00
-5.512102e-12 0.000000e+00 0.000000e+00
-8.244149e-13 0.000000e+00 0.000000e+00
2.260419e-12 0.000000e+00 0.000000e+00
-2.194029e-12 0.000000e+00 0.000000e+00
-2.413152e-12 0.000000e+00 0.000000e+00
-1.056545e-12 0.000000e+00 0.000000e+00
-1.505125e-12 0.000000e+00 0.000000e+00
-1.376334e-12 0.000000e+00 0.000000e+00
2.950644e-12 0.000000e+00 0.000000e+00
2.988248e-12 0.000000e+00 0.000000e+00
2.603944e-12 0.000000e+00 0.000000e+00
-2.474639e-12 0.000000e+00 0.000000e+00
-5.094528e-14 0.000000e+00 0.000000e+00
2.011620e-13 0.000000e+00 0.000000e+00
2.690450e-12 0.000000e+00 0.000000e+00
3.557952e-12 0.000000e+00 0.000000e+00
3.664405e-12 0.000000e+00 0.000000e+00
6.506037e-13 0.000000e+00 0.000000e+00
-2.046972e-12 0.000000e+00 0.000000e+00
1.611165e-12 0.000000e+00 0.000000e+00
1.839181e-13 0.000000e+00 0.000000e+00
-1.394817e-12 0.000000e+00 0.000000e+00
-2.015242e-12 0.000000e+00 0.000000e+00
1.069086e-12 0.000000e+00 0.000000e+00
3.459704e-12 0.000000e+00 0.000000e+00
3.679372e-12 0.000000e+00 0.000000e+00
-1.470318e-12 0.000000e+00 0.000000e+00
2.676009e-13 0.000000e+00 0.000000e+00
2.444946e-12 0.000000e+00 0.000000e+00
-2.330557e-12 0.000000e+00 0.000000e+00
1.602195e-12 0.000000e+00 0.000000e+00
1.095952e-12 0.000000e+00 0.000000e+00
1.127418e-14 0.000000e+00 0.000000e+00
-4.845179e-12 0.000000e+00 0.000000e+00
-2.823648e-12 0.000000e+00 0.000000e+00
1.217695e-12 0.000000e+00 0.000000e+00
3.774116e-12 0.000000e+00 0.000000e+00
-2.110276e-12 0.000000e+00 0.000000e+00
1.889877e-12 0.000000e+00 0.000000e+00
3.692564e-12 0.000000e+00 0.000000e+00
1.437077e-12 0.000000e+00 0.000000e+00
-1.121098e-13 0.000000e+00 0.000000e+00
-2.440994e-13 0.000000e+00 0.000000e+00
5.943726e-14 0.000000e+00 0.000000e+00
-2.025469e-14 0.000000e+00 0.000000e+00
2.591262e-13 0.000000e+00 0.000000e+00
1.922873e-12 0.000000e+00 0.000000e+00
5.156211e-13 0.000000e+00 0.000000e+00
3.538923e-12 0.000000e+00 0.000000e+00
2.410403e-12 0.000000e+00 0.000000e+00
-4.598694e-12 0.000000e+00 0.000000e+00
3.886166e-12 0.000000e+00 0.000000e+00
2.690384e-12 0.000000e+00 0.000000e+00
1.509902e-12 0.000000e+00 0.000000e+00
2.305380e-12 0.000000e+00 0.000000e+00
-2.679323e-12 0.000000e+00 0.000000e+00
7.678442e-14 0.000000e+00 0.000000e+00
1.147303e-13 0.000000e+00 0.000000e+00
-4.436736e-14 0.000000e+00 0.000000e+00
-1.206600e-12 0.000000e+00 0.000000e+00
7.500486e-14 0.000000e+00 0.000000e+00
4.410322e-12 0.000000e+00 0.000000e+00
1.136152e-12 0.000000e+00 0.000000e+00
1.348815e-12 0.000000e+00 0.000000e+00
-2.243276e-12 0.000000e+00 0.000000e+00
9.396675e-13 0.000000e+00 0.000000e+00
-3.376907e-12 0.000000e+00 0.000000e+00
-3.381065e-12 0.000000e+00 0.000000e+00
1.421785e-12 0.000000e+00 0.000000e+00
-7.289794e-12 0.000000e+00 0.000000e+00
8.292672e-12 0.000000e+00 0.000000e+00
5.306118e-12 0.000000e+00 0.000000e+00
-4.968529e-12 0.000000e+00 0.000000e+00
3.691172e-12 0.000000e+00 0.000000e+00
1.358629e-13 0.000000e+00 0.000000e+00
1.875167e-13 0.000000e+00 0.000000e+00
3.079233e-13 0.000000e+00 0.000000e+00
-4.158600e-13 0.000000e+00 0.000000e+00
4.131663e-13 0.000000e+00 0.000000e+00
7.015672e-13 0.000000e+00 0.000000e+00
-5.430716e-13 0.000000e+00 0.000000e+00
5.871909e-14 0.000000e+00 0.000000e+00
-4.653327e-12 0.000000e+00 0.000000e+00
-2.685288e-12 0.000000e+00 0.000000e+00
-8.624531e-13 0.000000e+00 0.000000e+00
-3.991622e-12 0.000000e+00 0.000000e+00
-6.697112e-14 0.000000e+00 0.000000e+00
-6.857035e-14 0.000000e+00 0.000000e+00
-1.350159e-13 0.000000e+00 0.000000e+00
-2.602396e-12 0.000000e+00 0.000000e+00
3.790730e-14 0.000000e+00 0.000000e+00
-2.099652e-12 0.000000e+00 0.000000e+00
1.063831e-12 0.000000e+00 0.000000e+00
-2.073671e-12 0.000000e+00 0.000000e+00
-8.591147e-13 0.000000e+00 0.000000e+00
-3.298826e-12 0.000000e+00 0.000000e+00
2.474842e-12 0.000000e+00 0.000000e+00
7.190277e-13 0.000000e+00 0.000000e+00
-3.580349e-15 0.000000e+00 0.000000e+00
-9.321724e-13 0.000000e+00 0.000000e+00
4.171429e-12 0.000000e+00 0.000000e+00
-4.462782e-13 0.000000e+00 0.000000e+00
9.689150e-15 0.000000e+00 0.000000e+00
4.140664e-12 0.000000e+00 0.000000e+00
-2.226529e-12 0.000000e+00 0.000000e+00
1.911137e-12 0.000000e+00 0.000000e+00
-4.230047e-12 0.000000e+00 0.000000e+00
5.422387e-12 0.000000e+00 0.000000e+00
2.574997e-12 0.000000e+00 0.000000e+00
-2.493583e-13 0.000000e+00 0.000000e+00
-1.845696e-13 0.000000e+00 0.000000e+00
8.258302e-14 0.000000e+00 0.000000e+00
4.392443e-14 0.000000e+00 0.000000e+00
1.344143e-13 0.000000e+00 0.000000e+00
-1.156215e-12 0.000000e+00 0.000000e+00
-1.249330e-12 0.000000e+00 0.000000e+00
-2.404323e-14 0.000000e+00 0.000000e+00
1.632621e-12 0.000000e+00 0.000000e+00
3.079975e-12 0.000000e+00 0.000000e+00
1.590727e-12 0.000000e+00 0.000000e+00
-6.369333e-13 0.000000e+00 0.000000e+00
-7.362812e-13 0.000000e+00 0.000000e+00
-6.710173e-13 0.000000e+00 0.000000e+00
2.273651e-12 0.000000e+00 0.000000e+00
1.100613e-12 0.000000e+00 0.000000e+00
7.602753e-13 0.000000e+00 0.000000e+00
-2.444020e-12 0.000000e+00 0.000000e+00
1.235441e-12 0.000000e+00 0.000000e+00
3.661651e-12 0.000000e+00 0.000000e+00
3.270781e-12 0.000000e+00 0.000000e+00
2.270231e-12 0.000000e+00 0.000000e+00
-8.753380e-13 0.000000e+00 0.000000e+00
-3.459243e-12 0.000000e+00 0.000000e+00
-3.414830e-14 0.000000e+00 0.000000e+00
2.369461e-13 0.000000e+00 0.000000e+00
4.716803e-12 0.000000e+00 0.000000e+00
7.987911e-13 0.000000e+00 0.000000e+00
-3.777149e-12 0.000000e+00 0.000000e+00
2.988564e-13 0.000000e+00 0.000000e+00
-9.237065e-13 0.000000e+00 0.000000e+00
-2.714784e-12 0.000000e+00 0.000000e+00
2.198855e-12 0.000000e+00 0.000000e+00
1.795844e-12 0.000000e+00 0.000000e+00
-2.449261e-13 0.000000e+00 0.000000e+00
-2.712194e-12 0.000000e+00 0.000000e+00
-2.689169e-13 0.000000e+00 0.000000e+00
4.656611e-13 0.000000e+00 0.000000e+00
-5.532422e-13 0.000000e+00 0.000000e+00
-1.801659e-12 0.000000e+00 0.000000e+00
3.207905e-12 0.000000e+00 0.000000e+00
-2.104014e-12 0.000000e+00 0.000000e+00
1.491339e-13 0.000000e+00 0.000000e+00
5.394919e-14 0.000000e+00 0.000000e+00
-1.191792e-12 0.000000e+00 0.000000e+00
1.907868e-12 0.000000e+00 0.000000e+00
-4.086835e-12 0.000000e+00 0.000000e+00
4.293813e-12 0.000000e+00 0.000000e+00
3.955901e-14 0.000000e+00 0.000000e+00
-1.594058e-13 0.000000e+00 0.000000e+00
1.256659e-13 0.000000e+00 0.000000e+00
6.289717e-14 0.000000e+00 0.000000e+00
-1.362349e-13 0.000000e+00 0.000000e+00
3.329778e-13 0.000000e+00 0.000000e+00
1.145461e-13 0.000000e+00 0.000000e+00
-1.381147e-12 0.000000e+00 0.000000e+00
-1.031834e-12 0.000000e+00 0.000000e+00
2.023758e-12 0.000000e+00 0.000000e+00
2.819536e-12 0.000000e+00 0.000000e+00
1.558512e-12 0.000000e+00 0.000000e+00
4.266881e-12 0.000000e+00 0.000000e+00
1.770840e-12 0.000000e+00 0.000000e+00
5.581694e-12 0.000000e+00 0.000000e+00
1.856212e-12 0.000000e+00 0.000000e+00
1.776576e-12 0.000000e+00 0.000000e+00
4.420555e-12 0.000000e+00 0.000000e+00
1.919125e-12 0.000000e+00 0.000000e+00
-1.365073e-12 0.000000e+00 0.000000e+00
-5.652986e-12 0.000000e+00 0.000000e+00
5.763055e-12 0.000000e+00 0.000000e+00
8.694902e-14 0.000000e+00 0.000000e+00
-5.817373e-12 0.000000e+00 0.000000e+00
2.957905e-12 0.000000e+00 0.000000e+00
2.398877e-12 0.000000e+00 0.000000e+00
-5.991291e-12 0.000000e+00 0.000000e+00
5.279758e-13 0.000000e+00 0.000000e+00
4.141184e-13 0.000000e+00 0.000000e+00
2.944815e-12 0.000000e+00 0.000000e+00
1.218530e-12 0.000000e+00 0.000000e+00
-4.646296e-12 0.000000e+00 0.000000e+00
-7.459411e-12 0.000000e+00 0.000000e+00
1.751035e-12 0.000000e+00 0.000000e+00
-3.008890e-12 0.000000e+00 0.000000e+00
-7.114004e-12 0.000000e+00 0.000000e+00
-7.958934e-13 0.000000e+00 0.000000e+00
-1.006601e-12 0.000000e+00 0.000000e+00
1.335371e-12 0.000000e+00 0.000000e+00
-4.394091e-12 0.000000e+00 0.000000e+00
-6.518951e-13 0.000000e+00 0.000000e+00
-4.507456e-12 0.000000e+00 0.000000e+00
3.644701e-13 0.000000e+00 0.000000e+00
-4.345589e-13 0.000000e+00 0.000000e+00
-2.464073e-12 0.000000e+00 0.000000e+00
-5.349642e-13 0.000000e+00 0.000000e+00
-3.859330e-12 0.000000e+00 0.000000e+00
1.136915e-12 0.000000e+00 0.000000e+00
1.307114e-12 0.000000e+00 0.000000e+00
-3.796687e-12 0.000000e+00 0.000000e+00
1.089705e-12 0.000000e+00 0.000000e+00
-4.656360e-12 0.000000e+00 0.000000e+00
-3.839048e-12 0.000000e+00 0.000000e+00
8.625803e-12 0.000000e+00 0.000000e+00
5.316342e-12 0.000000e+00 0.000000e+00
-8.648155e-13 0.000000e+00 0.000000e+00
3.168744e-12 0.000000e+00 0.000000e+00
-1.457534e-12 0.000000e+00 0.000000e+00
2.360407e-12 0.000000e+00 0.000000e+00
3.118531e-12 0.000000e+00 0.000000e+00
7.392083e-12 0.000000e+00 0.000000e+00
4.029664e-12 0.000000e+00 0.000000e+00
-1.549668e-12 0.000000e+00 0.000000e+00
-9.822743e-13 0.000000e+00 0.000000e+00
-4.851106e-13 0.000000e+00 0.000000e+00
-2.009754e-12 0.000000e+00 0.000000e+00
2.096932e-12 0.000000e+00 0.000000e+00
-3.484096e-12 0.000000e+00 0.000000e+00
-1.590805e-12 0.000000e+00 0.000000e+00
4.348006e-13 0.000000e+00 0.000000e+00
-3.224137e-12 0.000000e+00 0.000000e+00
-4.535696e-12 0.000000e+00 0.000000e+00
-7.562848e-13 0.000000e+00 0.000000e+00
2.914911e-12 0.000000e+00 0.000000e+00
-1.748872e-12 0.000000e+00 0.000000e+00
-1.050888e-12 0.000000e+00 0.000000e+00
-2.362240e-12 0.000000e+00 0.000000e+00
6.160254e-13 0.000000e+00 0.000000e+00
2.658512e-12 0.000000e+00 0.000000e+00
-2.282298e-12 0.000000e+00 0.000000e+00
4.100587e-12 0.000000e+00 0.000000e+00
-1.025026e-12 0.000000e+00 0.000000e+00
-3.339417e-12 0.000000e+00 0.000000e+00
3.285141e-12 0.000000e+00 0.000000e+00
3.269460e-14 0.000000e+00 0.000000e+00
-5.901735e-12 0.000000e+00 0.000000e+00
2.894041e-12 0.000000e+00 0.000000e+00
-3.071812e-12 0.000000e+00 0.000000e+00
-4.617400e-12 0.000000e+00 0.000000e+00
-4.660193e-12 0.000000e+00 0.000000e+00
2.857833e-12 0.000000e+00 0.000000e+00
2.895945e-12 0.000000e+00 0.000000e+00
3.508703e-13 0.000000e+00 0.000000e+00
5.238148e-12 0.000000e+00 0.000000e+00
-6.980358e-12 0.000000e+00 0.000000e+00
9.299716e-13 0.000000e+00 0.000000e+00
-2.206248e-12 0.000000e+00 0.000000e+00
-2.811025e-13 0.000000e+00 0.000000e+00
-4.520850e-12 0.000000e+00 0.000000e+00
3.846878e-12 0.000000e+00 0.000000e+00
-6.263197e-12 0.000000e+00 0.000000e+00
-8.802862e-15 0.000000e+00 0.000000e+00
-2.411387e-12 0.000000e+00 0.000000e+00
2.856591e-12 0.000000e+00 0.000000e+00
1.204518e-13 0.000000e+00 0.000000e+00
2.280442e-12 0.000000e+00 0.000000e+00
5.994115e-12 0.000000e+00 0.000000e+00
5.315136e-13 0.000000e+00 0.000000e+00
-2.701635e-12 0.000000e+00 0.000000e+00
-9.941888e-13 0.000000e+00 0.000000e+00
2.017765e-12 0.000000e+00 0.000000e+00
5.066225e-12 0.000000e+00 0.000000e+00
-1.895911e-12 0.000000e+00 0.000000e+00
-3.906518e-12 0.000000e+00 0.000000e+00
3.566611e-12 0.000000e+00 0.000000e+00
5.760347e-12 0.000000e+00 0.000000e+00
1.216137e-12 0.000000e+00 0.000000e+00
4.698743e-12 0.000000e+00 0.000000e+00
-7.883752e-13 0.000000e+00 0.000000e+00
2.478128e-12 0.000000e+00 0.000000e+00
-2.034847e-12 0.000000e+00 0.000000e+00
-1.299096e-12 0.000000e+00 0.000000e+00
-4.162376e-12 0.000000e+00 0.000000e+00
1.360605e-12 0.000000e+00 0.000000e+00
-2.600589e-12 0.000000e+00 0.000000e+00
9.517511e-13 0.000000e+00 0.000000e+00
-9.170547e-13 0.000000e+00 0.000000e+00
7.409817e-13 0.000000e+00 0.000000e+00
-8.859067e-15 0.000000e+00 0.000000e+00
8.727124e-12 0.000000e+00 0.000000e+00
9.050077e-13 0.000000e+00 0.000000e+00
-2.203911e-13 0.000000e+00 0.000000e+00
-8.677712e-13 0.000000e+00 0.000000e+00
1.672944e-12 0.000000e+00 0.000000e+00
-1.517548e-13 0.000000e+00 0.000000e+00
-5.680725e-13 0.000000e+00 0.000000e+00
-7.797524e-14 0.000000e+00 0.000000e+00
2.928050e-13 0.000000e+00 0.000000e+00
-1.219412e-13 0.000000e+00 0.000000e+00
-8.299679e-14 0.000000e+00 0.000000e+00
6.148291e-14 0.000000e+00 0.000000e+00
-2.867127e-14 0.000000e+00 0.000000e+00
-2.821547e-12 0.000000e+00 0.000000e+00
1.983676e-12 0.000000e+00 0.000000e+00
4.426785e-14 0.000000e+00 0.000000e+00
-1.484069e-12 0.000000e+00 0.000000e+00
2.433154e-12 0.000000e+00 0.000000e+00
3.552355e-12 0.000000e+00 0.000000e+00
2.091679e-12 0.000000e+00 0.000000e+00
2.230647e-12 0.000000e+00 0.000000e+00
-2.024709e-12 0.000000e+00 0.000000e+00
5.312941e-12 0.000000e+00 0.000000e+00
5.545359e-12 0.000000e+00 0.000000e+00
-2.173941e-12 0.000000e+00 0.000000e+00
-2.538739e-12 0.000000e+00 0.000000e+00
3.048142e-13 0.000000e+00 0.000000e+00
-7.492742e-13 0.000000e+00 0.000000e+00
2.302339e-12 0.000000e+00 0.000000e+00
8.043831e-13 0.000000e+00 0.000000e+00
-3.715185e-12 0.000000e+00 0.000000e+00
1.267484e-13 0.000000e+00 0.000000e+00
-3.129074e-12 0.000000e+00 0.000000e+00
-5.150097e-13 0.000000e+00 0.000000e+00
1.976344e-12 0.000000e+00 0.000000e+00
-2.345377e-12 0.000000e+00 0.000000e+00
-5.383845e-12 0.000000e+00 0.000000e+00
6.545205e-13 0.000000e+00 0.000000e+00
-1.567361e-12 0.000000e+00 0.000000e+00
-2.329586e-12 0.000000e+00 0.000000e+00
5.780343e-12 0.000000e+00 0.000000e+00
-5.882743e-13 0.000000e+00 0.000000e+00
1.339843e-12 0.000000e+00 0.000000e+00
-1.730069e-12 0.000000e+00 0.000000e+00
-3.067280e-12 0.000000e+00 0.000000e+00
-6.432555e-12 0.000000e+00 0.000000e+00
3.819532e-12 0.000000e+00 0.000000e+00
-4.961418e-12 0.000000e+00 0.000000e+00
-2.817071e-12 0.000000e+00 0.000000e+00
-3.971270e-12 0.000000e+00 0.000000e+00
-2.334814e-13 0.000000e+00 0.000000e+00
7.135878e-14 0.000000e+00 0.000000e+00
1.280045e-13 0.000000e+00 0.000000e+00
-2.051277e-13 0.000000e+00 0.000000e+00
8.392754e-14 0.000000e+00 0.000000e+00
-1.318776e-13 0.000000e+00 0.000000e+00
1.959207e-13 0.000000e+00 0.000000e+00
-4.932692e-14 0.000000e+00 0.000000e+00
-6.762135e-14 0.000000e+00 0.000000e+00
1.357141e-13 0.000000e+00 0.000000e+00
2.180927e-13 0.000000e+00 0.000000e+00
-3.164767e-13 0.000000e+00 0.000000e+00
2.726129e-13 0.000000e+00 0.000000e+00
-2.915572e-13 0.000000e+00 0.000000e+00
-3.951957e-14 0.000000e+00 0.000000e+00
4.253274e-14 0.000000e+00 0.000000e+00
-3.524675e-13 0.000000e+00 0.000000e+00
-1.607628e-13 0.000000e+00 0.000000e+00
3.115730e-12 0.000000e+00 0.000000e+00
2.807419e-12 0.000000e+00 0.000000e+00
5.603523e-12 0.000000e+00 0.000000e+00
-4.966944e-13 0.000000e+00 0.000000e+00
-2.507658e-12 0.000000e+00 0.000000e+00
-4.993617e-12 0.000000e+00 0.000000e+00
-1.276132e-12 0.000000e+00 0.000000e+00
-3.066790e-12 0.000000e+00 0.000000e+00
-6.295734e-13 0.000000e+00 0.000000e+00
5.219802e-12 0.000000e+00 0.000000e+00
7.263636e-12 0.000000e+00 0.000000e+00
-3.718991e-12 0.000000e+00 0.000000e+00
9.356337e-13 0.000000e+00 0.000000e+00
-2.833118e-12 0.000000e+00 0.000000e+00
4.652298e-12 0.000000e+00 0.000000e+00
-4.734228e-12 0.000000e+00 0.000000e+00
2.105950e-12 0.000000e+00 0.000000e+00
-5.068653e-12 0.000000e+00 0.000000e+00
5.210690e-12 0.000000e+00 0.000000e+00
3.972616e-14 0.000000e+00 0.000000e+00
2.815692e-12 0.000000e+00 0.000000e+00
1.939078e-12 0.000000e+00 0.000000e+00
-3.046998e-13 0.000000e+00 0.000000e+00
1.717559e-12 0.000000e+00 0.000000e+00
-3.583647e-14 0.000000e+00 0.000000e+00
3.939926e-12 0.000000e+00 0.000000e+00
6.676894e-12 0.000000e+00 0.000000e+00
-2.674609e-12 0.000000e+00 0.000000e+00
-1.307211e-13 0.000000e+00 0.000000e+00
-1.295999e-12 0.000000e+00 0.000000e+00
-5.892937e-12 0.000000e+00 0.000000e+00
2.919657e-12 0.000000e+00 0.000000e+00
3.781175e-12 0.000000e+00 0.000000e+00
4.685319e-12 0.000000e+00 0.000000e+00
-7.542519e-12 0.000000e+00 0.000000e+00
-2.194720e-13 0.000000e+00 0.000000e+00
5.329273e-12 0.000000e+00 0.000000e+00
-5.683441e-12 0.000000e+00 0.000000e+00
2.542095e-12 0.000000e+00 0.000000e+00
-1.041654e-12 0.000000e+00 0.000000e+00
2.901507e-14 0.000000e+00 0.000000e+00
1.729154e-12 0.000000e+00 0.000000e+00
-2.197400e-12 0.000000e+00 0.000000e+00
-3.785458e-12 0.000000e+00 0.000000e+00
-1.423712e-12 0.000000e+00 0.000000e+00
-2.545072e-12 0.000000e+00 0.000000e+00
1.997082e-12 0.000000e+00 0.000000e+00
-6.836520e-12 0.000000e+00 0.000000e+00
-5.241761e-12 0.000000e+00 0.000000e+00
4.104287e-12 0.000000e+00 0.000000e+00
-8.658200e-14 0.000000e+00 0.000000e+00
-1.558429e-13 0.000000e+00 0.000000e+00
-1.854742e-13 0.000000e+00 0.000000e+00
-1.567712e-14 0.000000e+00 0.000000e+00
1.114305e-13 0.000000e+00 0.000000e+00
-2.276060e-12 0.000000e+00 0.000000e+00
-2.083777e-12 0.000000e+00 0.000000e+00
3.409179e-12 0.000000e+00 0.000000e+00
1.780797e-12 0.000000e+00 0.000000e+00
-7.395187e-12 0.000000e+00 0.000000e+00
2.093778e-12 0.000000e+00 0.000000e+00
3.722484e-12 0.000000e+00 0.000000e+00
8.577725e-13 0.000000e+00 0.000000e+00
-5.570274e-12 0.000000e+00 0.000000e+00
4.593883e-12 0.000000e+00 0.000000e+00
1.017549e-13 0.000000e+00 0.000000e+00
3.137827e-13 0.000000e+00 0.000000e+00
7.213606e-13 0.000000e+00 0.000000e+00
2.643598e-13 0.000000e+00 0.000000e+00
-2.138985e-12 0.000000e+00 0.000000e+00
-1.448303e-12 0.000000e+00 0.000000e+00
-1.606358e-13 0.000000e+00 0.000000e+00
-4.487100e-12 0.000000e+00 0.000000e+00
-5.296208e-12 0.000000e+00 0.000000e+00
1.830285e-12 0.000000e+00 0.000000e+00
-5.409210e-12 0.000000e+00 0.000000e+00
-4.800167e-13 0.000000e+00 0.000000e+00
1.634927e-12 0.000000e+00 0.000000e+00
-1.696895e-12 0.000000e+00 0.000000e+00
4.095550e-12 0.000000e+00 0.000000e+00
1.023243e-12 0.000000e+00 0.000000e+00
-2.147941e-13 0.000000e+00 0.000000e+00
8.083845e-14 0.000000e+00 0.000000e+00
-2.251036e-13 0.000000e+00 0.000000e+00
-4.856606e-14 0.000000e+00 0.000000e+00
-1.398766e-14 0.000000e+00 0.000000e+00
-8.472197e-14 0.000000e+00 0.000000e+00
6.928850e-12 0.000000e+00 0.000000e+00
-8.363339e-12 0.000000e+00 0.000000e+00
-9.408441e-12 0.000000e+00 0.000000e+00
-3.386581e-13 0.000000e+00 0.000000e+00
-4.531575e-14 0.000000e+00 0.000000e+00
-3.644544e-12 0.000000e+00 0.000000e+00
-9.423723e-13 0.000000e+00 0.000000e+00
6.539020e-12 0.000000e+00 0.000000e+00
-3.358627e-12 0.000000e+00 0.000000e+00
-2.138604e-12 0.000000e+00 0.000000e+00
5.923065e-12 0.000000e+00 0.000000e+00
-2.039209e-12 0.000000e+00 0.000000e+00
-2.433965e-14 0.000000e+00 0.000000e+00
3.709428e-12 0.000000e+00 0.000000e+00
-4.538193e-12 0.000000e+00 0.000000e+00
2.078726e-12 0.000000e+00 0.000000e+00
-2.020047e-12 0.000000e+00 0.000000e+00
-2.234054e-12 0.000000e+00 0.000000e+00
4.503082e-12 0.000000e+00 0.000000e+00
4.101786e-12 0.000000e+00 0.000000e+00
3.580371e-14 0.000000e+00 0.000000e+00
-1.919532e-13 0.000000e+00 0.000000e+00
7.647322e-14 0.000000e+00 0.000000e+00
-1.581160e-13 0.000000e+00 0.000000e+00
1.399480e-12 0.000000e+00 0.000000e+00
1.600663e-12 0.000000e+00 0.000000e+00
3.842055e-12 0.000000e+00 0.000000e+00
-1.496191e-12 0.000000e+00 0.000000e+00
1.939617e-12 0.000000e+00 0.000000e+00
4.021688e-14 0.000000e+00 0.000000e+00
-1.662085e-13 0.000000e+00 0.000000e+00
-4.689881e-14 0.000000e+00 0.000000e+00
1.680443e-13 0.000000e+00 0.000000e+00
3.979217e-12 0.000000e+00 0.000000e+00
2.143907e-12 0.000000e+00 0.000000e+00
6.816952e-15 0.000000e+00 0.000000e+00
-7.030048e-13 0.000000e+00 0.000000e+00
-1.960685e-12 0.000000e+00 0.000000e+00
-9.184068e-13 0.000000e+00 0.000000e+00
-4.235700e-12 0.000000e+00 0.000000e+00
1.966442e-12 0.000000e+00 0.000000e+00
-1.482660e-12 0.000000e+00 0.000000e+00
-3.001206e-12 0.000000e+00 0.000000e+00
3.913133e-12 0.000000e+00 0.000000e+00
-3.071010e-13 0.000000e+00 0.000000e+00
9.258238e-13 0.000000e+00 0.000000e+00
-2.209435e-12 0.000000e+00 0.000000e+00
-1.549538e-12 0.000000e+00 0.000000e+00
7.959599e-12 0.000000e+00 0.000000e+00
9.697994e-13 0.000000e+00 0.000000e+00
-1.722199e-12 0.000000e+00 0.000000e+00
3.462191e-13 0.000000e+00 0.000000e+00
6.497249e-12 0.000000e+00 0.000000e+00
-7.686082e-13 0.000000e+00 0.000000e+00
-8.067994e-13 0.000000e+00 0.000000e+00
5.190008e-12 0.000000e+00 0.000000e+00
2.648355e-13 0.000000e+00 0.000000e+00
5.970546e-14 0.000000e+00 0.000000e+00
-6.800421e-13 0.000000e+00 0.000000e+00
-3.842415e-12 0.000000e+00 0.000000e+00
6.472369e-13 0.000000e+00 0.000000e+00
-3.382300e-12 0.000000e+00 0.000000e+00
-2.788367e-12 0.000000e+00 0.000000e+00
2.684950e-13 0.000000e+00 0.000000e+00
-2.485449e-12 0.000000e+00 0.000000e+00
-5.906371e-13 0.000000e+00 0.000000e+00
4.502626e-12 0.000000e+00 0.000000e+00
-6.385090e-13 0.000000e+00 0.000000e+00
4.916234e-12 0.000000e+00 0.000000e+00
-1.714485e-12 0.000000e+00 0.000000e+00
-3.927776e-13 0.000000e+00 0.000000e+00
2.690730e-12 0.000000e+00 0.000000e+00
-3.663342e-12 0.000000e+00 0.000000e+00
5.048205e-12 0.000000e+00 0.000000e+00
1.405583e-12 0.000000e+00 0.000000e+00
2.139165e-13 0.000000e+00 0.000000e+00
-9.553322e-14 0.000000e+00 0.000000e+00
2.375273e-13 0.000000e+00 0.000000e+00
-2.570203e-12 0.000000e+00 0.000000e+00
-4.608165e-13 0.000000e+00 0.000000e+00
2.242766e-12 0.000000e+00 0.000000e+00
-1.429327e-14 0.000000e+00 0.000000e+00
-4.869660e-12 0.000000e+00 0.000000e+00
-2.667484e-12 0.000000e+00 0.000000e+00
-4.788923e-12 0.000000e+00 0.000000e+00
-4.121654e-12 0.000000e+00 0.000000e+00
1.273342e-12 0.000000e+00 0.000000e+00
-8.129812e-12 0.000000e+00 0.000000e+00
1.959175e-12 0.000000e+00 0.000000e+00
4.871383e-12 0.000000e+00 0.000000e+00
4.739666e-14 0.000000e+00 0.000000e+00
2.414147e-12 0.000000e+00 0.000000e+00
-3.612009e-13 0.000000e+00 0.000000e+00
1.714031e-13 0.000000e+00 0.000000e+00
-2.230736e-13 0.000000e+00 0.000000e+00
-1.129724e-14 0.000000e+00 0.000000e+00
-4.520304e-14 0.000000e+00 0.000000e+00
-2.047294e-13 0.000000e+00 0.000000e+00
2.228370e-12 0.000000e+00 0.000000e+00
-1.122841e-12 0.000000e+00 0.000000e+00
-4.527622e-14 0.000000e+00 0.000000e+00
-6.140006e-12 0.000000e+00 0.000000e+00
2.104190e-12 0.000000e+00 0.000000e+00
7.025109e-12 0.000000e+00 0.000000e+00
4.946037e-12 0.000000e+00 0.000000e+00
4.847023e-12 0.000000e+00 0.000000e+00
-8.677594e-13 0.000000e+00 0.000000e+00
5.040394e-13 0.000000e+00 0.000000e+00
8.620105e-14 0.000000e+00 0.000000e+00
1.504576e-12 0.000000e+00 0.000000e+00
-4.555254e-12 0.000000e+00 0.000000e+00
-5.039136e-12 0.000000e+00 0.000000e+00
-7.671334e-13 0.000000e+00 0.000000e+00
-2.592503e-12 0.000000e+00 0.000000e+00
-4.106258e-12 0.000000e+00 0.000000e+00
-5.829393e-12 0.000000e+00 0.000000e+00
9.034045e-14 0.000000e+00 0.000000e+00
5.298180e-14 0.000000e+00 0.000000e+00
-2.515363e-13 0.000000e+00 0.000000e+00
-1.765311e-12 0.000000e+00 0.000000e+00
1.425915e-12 0.000000e+00 0.000000e+00
-6.720101e-12 0.000000e+00 0.000000e+00
-2.482690e-12 0.000000e+00 0.000000e+00
1.692975e-12 0.000000e+00 0.000000e+00
7.509073e-13 0.000000e+00 0.000000e+00
3.421818e-12 0.000000e+00 0.000000e+00
-3.202255e-12 0.000000e+00 0.000000e+00
-1.034765e-11 0.000000e+00 0.000000e+00
-4.109984e-14 0.000000e+00 0.000000e+00
1.599011e-12 0.000000e+00 0.000000e+00
2.070780e-12 0.000000e+00 0.000000e+00
-6.560020e-14 0.000000e+00 0.000000e+00
1.816685e-14 0.000000e+00 0.000000e+00
3.507970e-12 0.000000e+00 0.000000e+00
-3.759852e-12 0.000000e+00 0.000000e+00
1.365058e-12 0.000000e+00 0.000000e+00
2.484401e-12 0.000000e+00 0.000000e+00
1.166935e-14 0.000000e+00 0.000000e+00
-3.422416e-12 0.000000e+00 0.000000e+00
-1.266494e-12 0.000000e+00 0.000000e+00
4.151773e-12 0.000000e+00 0.000000e+00
2.039428e-12 0.000000e+00 0.000000e+00
-5.324921e-13 0.000000e+00 0.000000e+00
1.206316e-11 0.000000e+00 0.000000e+00
-1.278679e-12 0.000000e+00 0.000000e+00
2.150932e-13 0.000000e+00 0.000000e+00
-2.210244e-13 0.000000e+00 0.000000e+00
-1.354154e-13 0.000000e+00 0.000000e+00
-1.453947e-12 0.000000e+00 0.000000e+00
3.461495e-12 0.000000e+00 0.000000e+00
-2.604068e-12 0.000000e+00 0.000000e+00
-5.400874e-12 0.000000e+00 0.000000e+00
-2.039422e-14 0.000000e+00 0.000000e+00
-4.722823e-13 0.000000e+00 0.000000e+00
3.359698e-13 0.000000e+00 0.000000e+00
-1.043340e-12 0.000000e+00 0.000000e+00
-3.354000e-13 0.000000e+00 0.000000e+00
-3.588947e-12 0.000000e+00 0.000000e+00
1.549664e-12 0.000000e+00 0.000000e+00
-3.224044e-13 0.000000e+00 0.000000e+00
7.370718e-14 0.000000e+00 0.000000e+00
-1.279907e-12 0.000000e+00 0.000000e+00
-1.701656e-13 0.000000e+00 0.000000e+00
3.877362e-14 0.000000e+00 0.000000e+00
-3.687211e-12 0.000000e+00 0.000000e+00
-6.680994e-12 0.000000e+00 0.000000e+00
1.314821e-12 0.000000e+00 0.000000e+00
2.484785e-12 0.000000e+00 0.000000e+00
-1.138151e-13 0.000000e+00 0.000000e+00
1.710235e-12 0.000000e+00 0.000000e+00
-3.447032e-12 0.000000e+00 0.000000e+00
7.394168e-13 0.000000e+00 0.000000e+00
2.925405e-12 0.000000e+00 0.000000e+00
3.673538e-14 0.000000e+00 0.000000e+00
-1.504605e-12 0.000000e+00 0.000000e+00
-3.243296e-12 0.000000e+00 0.000000e+00
5.735523e-12 0.000000e+00 0.000000e+00
3.263460e-13 0.000000e+00 0.000000e+00
-1.126503e-12 0.000000e+00 0.000000e+00
1.417025e-12 0.000000e+00 0.000000e+00
2.594207e-12 0.000000e+00 0.000000e+00
5.152077e-12 0.000000e+00 0.000000e+00
-4.086098e-12 0.000000e+00 0.000000e+00
-2.080252e-12 0.000000e+00 0.000000e+00
3.910910e-12 0.000000e+00 0.000000e+00
6.042539e-14 0.000000e+00 0.000000e+00
-5.218789e-12 0.000000e+00 0.000000e+00
2.958091e-12 0.000000e+00 0.000000e+00
-1.787430e-13 0.000000e+00 0.000000e+00
-2.858513e-13 0.000000e+00 0.000000e+00
-7.842172e-12 0.000000e+00 0.000000e+00
1.744054e-12 0.000000e+00 0.000000e+00
-7.823330e-13 0.000000e+00 0.000000e+00
-7.568842e-12 0.000000e+00 0.000000e+00
7.346802e-12 0.000000e+00 0.000000e+00
3.547860e-12 0.000000e+00 0.000000e+00
-1.574321e-12 0.000000e+00 0.000000e+00
-3.072181e-12 0.000000e+00 0.000000e+00
-8.998510e-12 0.000000e+00 0.000000e+00
-3.273054e-12 0.000000e+00 0.000000e+00
-4.906167e-13 0.000000e+00 0.000000e+00
-3.054306e-12 0.000000e+00 0.000000e+00
1.900041e-13 0.000000e+00 0.000000e+00
-3.580222e-12 0.000000e+00 0.000000e+00
-2.465385e-12 0.000000e+00 0.000000e+00
-1.705130e-12 0.000000e+00 0.000000e+00
-3.175753e-13 0.000000e+00 0.000000e+00
-4.637321e-12 0.000000e+00 0.000000e+00
-1.160586e-12 0.000000e+00 0.000000e+00
-7.837596e-13 0.000000e+00 0.000000e+00
2.412276e-12 0.000000e+00 0.000000e+00
1.778739e-13 0.000000e+00 0.000000e+00
3.975403e-12 0.000000e+00 0.000000e+00
-5.839710e-12 0.000000e+00 0.000000e+00
5.626921e-12 0.000000e+00 0.000000e+00
4.062443e-14 0.000000e+00 0.000000e+00
5.320433e-12 0.000000e+00 0.000000e+00
-4.260521e-12 0.000000e+00 0.000000e+00
1.214957e-12 0.000000e+00 0.000000e+00
5.050502e-13 0.000000e+00 0.000000e+00
5.420560e-12 0.000000e+00 0.000000e+00
-3.245339e-12 0.000000e+00 0.000000e+00
3.865165e-12 0.000000e+00 0.000000e+00
-4.129427e-12 0.000000e+00 0.000000e+00
2.119561e-12 0.000000e+00 0.000000e+00
1.384172e-12 0.000000e+00 0.000000e+00
-4.863438e-12 0.000000e+00 0.000000e+00
1.422262e-13 0.000000e+00 0.000000e+00
-7.910737e-12 0.000000e+00 0.000000e+00
1.771782e-12 0.000000e+00 0.000000e+00
7.699201e-14 0.000000e+00 0.000000e+00
-1.648744e-12 0.000000e+00 0.000000e+00
-1.547372e-13 0.000000e+00 0.000000e+00
-1.330209e-13 0.000000e+00 0.000000e+00
2.327765e-13 0.000000e+00 0.000000e+00
6.766396e-14 0.000000e+00 0.000000e+00
5.439925e-12 0.000000e+00 0.000000e+00
-4.509237e-12 0.000000e+00 0.000000e+00
3.431100e-12 0.000000e+00 0.000000e+00
-3.518352e-12 0.000000e+00 0.000000e+00
-6.961748e-12 0.000000e+00 0.000000e+00
3.551944e-12 0.000000e+00 0.000000e+00
-4.676593e-12 0.000000e+00 0.000000e+00
9.086715e-13 0.000000e+00 0.000000e+00
-1.469219e-12 0.000000e+00 0.000000e+00
1.232260e-12 0.000000e+00 0.000000e+00
4.645694e-14 0.000000e+00 0.000000e+00
2.238891e-13 0.000000e+00 0.000000e+00
-6.061207e-12 0.000000e+00 0.000000e+00
-2.502969e-12 0.000000e+00 0.000000e+00
2.347137e-13 0.000000e+00 0.000000e+00
2.169824e-12 0.000000e+00 0.000000e+00
-2.624486e-14 0.000000e+00 0.000000e+00
-6.702998e-12 0.000000e+00 0.000000e+00
5.083942e-12 0.000000e+00 0.000000e+00
4.276232e-12 0.000000e+00 0.000000e+00
4.949006e-12 0.000000e+00 0.000000e+00
3.541761e-13 0.000000e+00 0.000000e+00
1.462499e-13 0.000000e+00 0.000000e+00
1.516211e-13 0.000000e+00 0.000000e+00
-1.906972e-13 0.000000e+00 0.000000e+00
3.437184e-13 0.000000e+00 0.000000e+00
1.914742e-13 0.000000e+00 0.000000e+00
-6.424541e-13 0.000000e+00 0.000000e+00
-1.209429e-12 0.000000e+00 0.000000e+00
8.960756e-13 0.000000e+00 0.000000e+00
1.158332e-12 0.000000e+00 0.000000e+00
-1.824319e-12 0.000000e+00 0.000000e+00
-2.605176e-12 0.000000e+00 0.000000e+00
4.482759e-12 0.000000e+00 0.000000e+00
1.157435e-12 0.000000e+00 0.000000e+00
-2.961380e-12 0.000000e+00 0.000000e+00
9.374195e-12 0.000000e+00 0.000000e+00
3.206035e-12 0.000000e+00 0.000000e+00
1.911030e-12 0.000000e+00 0.000000e+00
-4.586640e-13 0.000000e+00 0.000000e+00
-2.567926e-12 0.000000e+00 0.000000e+00
4.000284e-13 0.000000e+00 0.000000e+00
-2.815352e-12 0.000000e+00 0.000000e+00
5.260231e-12 0.000000e+00 0.000000e+00
-2.381245e-12 0.000000e+00 0.000000e+00
-3.562402e-12 0.000000e+00 0.000000e+00
8.610793e-13 0.000000e+00 0.000000e+00
1.008099e-11 0.000000e+00 0.000000e+00
-3.208145e-12 0.000000e+00 0.000000e+00
5.033436e-12 0.000000e+00 0.000000e+00
2.675363e-12 0.000000e+00 0.000000e+00
1.690897e-13 0.000000e+00 0.000000e+00
-1.281879e-12 0.000000e+00 0.000000e+00
-2.496456e-12 0.000000e+00 0.000000e+00
4.111929e-13 0.000000e+00 0.000000e+00
-6.760576e-13 0.000000e+00 0.000000e+00
-3.226588e-12 0.000000e+00 0.000000e+00
-1.159718e-13 0.000000e+00 0.000000e+00
-1.224713e-12 0.000000e+00 0.000000e+00
2.633976e-12 0.000000e+00 0.000000e+00
2.810736e-12 0.000000e+00 0.000000e+00
-1.704065e-12 0.000000e+00 0.000000e+00
-1.413820e-12 0.000000e+00 0.000000e+00
4.466954e-12 0.000000e+00 0.000000e+00
-4.813076e-12 0.000000e+00 0.000000e+00
2.933134e-14 0.000000e+00 0.000000e+00
5.587805e-14 0.000000e+00 0.000000e+00
-9.490186e-15 0.000000e+00 0.000000e+00
-2.329103e-14 0.000000e+00 0.000000e+00
1.140658e-14 0.000000e+00 0.000000e+00
-8.683827e-14 0.000000e+00 0.000000e+00
1.965766e-13 0.000000e+00 0.000000e+00
-3.180457e-12 0.000000e+00 0.000000e+00
-1.928844e-13 0.000000e+00 0.000000e+00
-6.427415e-12 0.000000e+00 0.000000e+00
-2.050579e-12 0.000000e+00 0.000000e+00
3.857399e-12 0.000000e+00 0.000000e+00
-2.444422e-13 0.000000e+00 0.000000e+00
2.989538e-12 0.000000e+00 0.000000e+00
1.134833e-12 0.000000e+00 0.000000e+00
5.742407e-14 0.000000e+00 0.000000e+00
-3.659476e-12 0.000000e+00 0.000000e+00
3.287123e-12 0.000000e+00 0.000000e+00
3.389006e-12 0.000000e+00 0.000000e+00
-3.417667e-12 0.000000e+00 0.000000e+00
-1.359833e-12 0.000000e+00 0.000000e+00
