pX pY pZ 
1.492132e-13 0.000000e+00 0.000000e+00
-1.413971e-13 0.000000e+00 0.000000e+00
-1.217932e-13 0.000000e+00 0.000000e+00
1.092233e-13 0.000000e+00 0.000000e+00
-1.655178e-14 0.000000e+00 0.000000e+00
-1.428278e-13 0.000000e+00 0.000000e+00
-2.412800e-13 0.000000e+00 0.000000e+00
5.684238e-14 0.000000e+00 0.000000e+00
8.809162e-14 0.000000e+00 0.000000e+00
-6.579192e-14 0.000000e+00 0.000000e+00
-5.847907e-14 0.000000e+00 0.000000e+00
-2.017206e-14 0.000000e+00 0.000000e+00
6.096582e-14 0.000000e+00 0.000000e+00
8.359366e-14 0.000000e+00 0.000000e+00
-3.254378e-13 0.000000e+00 0.000000e+00
1.852694e-13 0.000000e+00 0.000000e+00
4.815750e-15 0.000000e+00 0.000000e+00
-1.013422e-13 0.000000e+00 0.000000e+00
1.783478e-13 0.000000e+00 0.000000e+00
-1.560158e-13 0.000000e+00 0.000000e+00
-2.247663e-14 0.000000e+00 0.000000e+00
-4.834899e-14 0.000000e+00 0.000000e+00
-9.196272e-14 0.000000e+00 0.000000e+00
2.269547e-13 0.000000e+00 0.000000e+00
3.693268e-15 0.000000e+00 0.000000e+00
-7.536408e-14 0.000000e+00 0.000000e+00
1.396571e-13 0.000000e+00 0.000000e+00
1.533058e-13 0.000000e+00 0.000000e+00
-2.211009e-13 0.000000e+00 0.000000e+00
-1.213562e-13 0.000000e+00 0.000000e+00
1.641184e-13 0.000000e+00 0.000000e+00
9.026405e-14 0.000000e+00 0.000000e+00
-1.540574e-13 0.000000e+00 0.000000e+00
1.119060e-13 0.000000e+00 0.000000e+00
-7.293032e-15 0.000000e+00 0.000000e+00
-9.626469e-15 0.000000e+00 0.000000e+00
8.229634e-15 0.000000e+00 0.000000e+00
1.633863e-13 0.000000e+00 0.000000e+00
-7.109781e-14 0.000000e+00 0.000000e+00
-1.829078e-13 0.000000e+00 0.000000e+00
-6.534632e-15 0.000000e+00 0.000000e+00
-1.924805e-13 0.000000e+00 0.000000e+00
4.402111e-14 0.000000e+00 0.000000e+00
-3.058331e-14 0.000000e+00 0.000000e+00
-3.464892e-13 0.000000e+00 0.000000e+00
-2.491896e-13 0.000000e+00 0.000000e+00
-6.764593e-14 0.000000e+00 0.000000e+00
-1.065088e-13 0.000000e+00 0.000000e+00
1.733012e-14 0.000000e+00 0.000000e+00
2.729969e-13 0.000000e+00 0.000000e+00
-9.302360e-16 0.000000e+00 0.000000e+00
8.098292e-15 0.000000e+00 0.000000e+00
-9.932625e-14 0.000000e+00 0.000000e+00
1.287451e-13 0.000000e+00 0.000000e+00
-1.350924e-13 0.000000e+00 0.000000e+00
-1.282778e-13 0.000000e+00 0.000000e+00
-8.421124e-14 0.000000e+00 0.000000e+00
-7.373738e-14 0.000000e+00 0.000000e+00
1.545303e-14 0.000000e+00 0.000000e+00
2.202744e-13 0.000000e+00 0.000000e+00
2.397655e-13 0.000000e+00 0.000000e+00
2.845705e-13 0.000000e+00 0.000000e+00
5.787324e-14 0.000000e+00 0.000000e+00
2.593504e-13 0.000000e+00 0.000000e+00
4.356139e-14 0.000000e+00 0.000000e+00
5.313253e-15 0.000000e+00 0.000000e+00
7.215900e-14 0.000000e+00 0.000000e+00
-1.849438e-14 0.000000e+00 0.000000e+00
2.483636e-13 0.000000e+00 0.000000e+00
1.250441e-13 0.000000e+00 0.000000e+00
-1.587394e-13 0.000000e+00 0.000000e+00
8.746320e-14 0.000000e+00 0.000000e+00
1.254111e-13 0.000000e+00 0.000000e+00
-2.442283e-13 0.000000e+00 0.000000e+00
1.073219e-13 0.000000e+00 0.000000e+00
-5.037042e-14 0.000000e+00 0.000000e+00
9.611837e-14 0.000000e+00 0.000000e+00
8.915710e-14 0.000000e+00 0.000000e+00
-1.976534e-13 0.000000e+00 0.000000e+00
-1.948156e-14 0.000000e+00 0.000000e+00
2.675403e-13 0.000000e+00 0.000000e+00
-5.194505e-14 0.000000e+00 0.000000e+00
-1.114674e-14 0.000000e+00 0.000000e+00
-2.101958e-13 0.000000e+00 0.000000e+00
3.583150e-13 0.000000e+00 0.000000e+00
-8.519971e-14 0.000000e+00 0.000000e+00
8.704142e-14 0.000000e+00 0.000000e+00
-2.791540e-13 0.000000e+00 0.000000e+00
8.062956e-13 0.000000e+00 0.000000e+00
-4.206029e-14 0.000000e+00 0.000000e+00
6.436395e-14 0.000000e+00 0.000000e+00
-2.278823e-13 0.000000e+00 0.000000e+00
-1.453881e-13 0.000000e+00 0.000000e+00
1.579334e-13 0.000000e+00 0.000000e+00
-8.698773e-14 0.000000e+00 0.000000e+00
1.214709e-13 0.000000e+00 0.000000e+00
-9.627806e-15 0.000000e+00 0.000000e+00
-5.802230e-14 0.000000e+00 0.000000e+00
1.347144e-13 0.000000e+00 0.000000e+00
4.122496e-13 0.000000e+00 0.000000e+00
1.283357e-13 0.000000e+00 0.000000e+00
2.467625e-13 0.000000e+00 0.000000e+00
1.499405e-13 0.000000e+00 0.000000e+00
2.644421e-13 0.000000e+00 0.000000e+00
2.100629e-14 0.000000e+00 0.000000e+00
4.554314e-13 0.000000e+00 0.000000e+00
-1.292204e-13 0.000000e+00 0.000000e+00
-1.631491e-13 0.000000e+00 0.000000e+00
-1.429537e-13 0.000000e+00 0.000000e+00
-6.939632e-15 0.000000e+00 0.000000e+00
-4.462055e-14 0.000000e+00 0.000000e+00
-7.203680e-14 0.000000e+00 0.000000e+00
-1.432908e-13 0.000000e+00 0.000000e+00
5.470466e-15 0.000000e+00 0.000000e+00
1.619608e-13 0.000000e+00 0.000000e+00
1.563725e-13 0.000000e+00 0.000000e+00
-8.526604e-14 0.000000e+00 0.000000e+00
-6.530377e-14 0.000000e+00 0.000000e+00
-1.506225e-13 0.000000e+00 0.000000e+00
9.231911e-14 0.000000e+00 0.000000e+00
-4.014450e-13 0.000000e+00 0.000000e+00
-1.359091e-13 0.000000e+00 0.000000e+00
2.547975e-13 0.000000e+00 0.000000e+00
-8.566408e-14 0.000000e+00 0.000000e+00
1.397120e-13 0.000000e+00 0.000000e+00
-5.862626e-14 0.000000e+00 0.000000e+00
-3.480875e-13 0.000000e+00 0.000000e+00
5.800347e-13 0.000000e+00 0.000000e+00
1.422978e-13 0.000000e+00 0.000000e+00
2.425089e-14 0.000000e+00 0.000000e+00
-9.596304e-14 0.000000e+00 0.000000e+00
3.570245e-14 0.000000e+00 0.000000e+00
-2.297752e-13 0.000000e+00 0.000000e+00
-1.279290e-13 0.000000e+00 0.000000e+00
2.787810e-13 0.000000e+00 0.000000e+00
3.069419e-15 0.000000e+00 0.000000e+00
2.401944e-13 0.000000e+00 0.000000e+00
6.233203e-15 0.000000e+00 0.000000e+00
-9.206309e-15 0.000000e+00 0.000000e+00
9.368913e-14 0.000000e+00 0.000000e+00
7.603385e-14 0.000000e+00 0.000000e+00
8.478072e-14 0.000000e+00 0.000000e+00
1.225179e-13 0.000000e+00 0.000000e+00
1.448563e-14 0.000000e+00 0.000000e+00
-8.999050e-14 0.000000e+00 0.000000e+00
-4.032555e-14 0.000000e+00 0.000000e+00
2.235435e-13 0.000000e+00 0.000000e+00
-4.447249e-14 0.000000e+00 0.000000e+00
-3.654151e-13 0.000000e+00 0.000000e+00
-6.235051e-14 0.000000e+00 0.000000e+00
2.193229e-15 0.000000e+00 0.000000e+00
-2.722448e-13 0.000000e+00 0.000000e+00
3.614058e-14 0.000000e+00 0.000000e+00
1.807475e-13 0.000000e+00 0.000000e+00
-8.851246e-14 0.000000e+00 0.000000e+00
-4.359733e-14 0.000000e+00 0.000000e+00
9.055309e-15 0.000000e+00 0.000000e+00
-2.580597e-13 0.000000e+00 0.000000e+00
-2.412583e-13 0.000000e+00 0.000000e+00
3.536827e-15 0.000000e+00 0.000000e+00
-4.024942e-14 0.000000e+00 0.000000e+00
-2.854470e-14 0.000000e+00 0.000000e+00
-1.509227e-13 0.000000e+00 0.000000e+00
-3.445115e-14 0.000000e+00 0.000000e+00
-1.596335e-13 0.000000e+00 0.000000e+00
-1.409305e-13 0.000000e+00 0.000000e+00
-1.223071e-13 0.000000e+00 0.000000e+00
-1.435291e-14 0.000000e+00 0.000000e+00
-4.028244e-13 0.000000e+00 0.000000e+00
-1.071293e-13 0.000000e+00 0.000000e+00
1.187769e-13 0.000000e+00 0.000000e+00
-8.917652e-14 0.000000e+00 0.000000e+00
2.654739e-13 0.000000e+00 0.000000e+00
-6.756989e-14 0.000000e+00 0.000000e+00
-2.996768e-15 0.000000e+00 0.000000e+00
-1.680472e-13 0.000000e+00 0.000000e+00
-5.193742e-14 0.000000e+00 0.000000e+00
6.705852e-14 0.000000e+00 0.000000e+00
1.852636e-13 0.000000e+00 0.000000e+00
-8.885106e-14 0.000000e+00 0.000000e+00
8.193553e-14 0.000000e+00 0.000000e+00
-2.217450e-13 0.000000e+00 0.000000e+00
1.846287e-13 0.000000e+00 0.000000e+00
-3.436278e-13 0.000000e+00 0.000000e+00
2.387536e-13 0.000000e+00 0.000000e+00
2.296280e-13 0.000000e+00 0.000000e+00
3.989945e-14 0.000000e+00 0.000000e+00
-2.063991e-13 0.000000e+00 0.000000e+00
1.935852e-13 0.000000e+00 0.000000e+00
-8.656236e-15 0.000000e+00 0.000000e+00
2.003226e-13 0.000000e+00 0.000000e+00
-6.583426e-15 0.000000e+00 0.000000e+00
-1.599607e-13 0.000000e+00 0.000000e+00
5.302584e-14 0.000000e+00 0.000000e+00
1.066878e-13 0.000000e+00 0.000000e+00
7.413094e-13 0.000000e+00 0.000000e+00
6.945976e-14 0.000000e+00 0.000000e+00
2.018098e-13 0.000000e+00 0.000000e+00
1.448902e-14 0.000000e+00 0.000000e+00
-3.823343e-13 0.000000e+00 0.000000e+00
-1.061827e-13 0.000000e+00 0.000000e+00
-5.188141e-14 0.000000e+00 0.000000e+00
5.862050e-14 0.000000e+00 0.000000e+00
-7.950934e-14 0.000000e+00 0.000000e+00
3.298219e-13 0.000000e+00 0.000000e+00
-7.875731e-14 0.000000e+00 0.000000e+00
1.810310e-13 0.000000e+00 0.000000e+00
-7.576963e-15 0.000000e+00 0.000000e+00
-5.560986e-14 0.000000e+00 0.000000e+00
-4.973639e-14 0.000000e+00 0.000000e+00
2.523994e-13 0.000000e+00 0.000000e+00
4.990789e-13 0.000000e+00 0.000000e+00
-3.168837e-14 0.000000e+00 0.000000e+00
7.776766e-14 0.000000e+00 0.000000e+00
-5.032477e-14 0.000000e+00 0.000000e+00
9.394716e-14 0.000000e+00 0.000000e+00
-2.236023e-14 0.000000e+00 0.000000e+00
7.285441e-14 0.000000e+00 0.000000e+00
-8.292694e-14 0.000000e+00 0.000000e+00
-3.031372e-13 0.000000e+00 0.000000e+00
1.331029e-14 0.000000e+00 0.000000e+00
7.480466e-14 0.000000e+00 0.000000e+00
5.691180e-14 0.000000e+00 0.000000e+00
-1.031809e-13 0.000000e+00 0.000000e+00
7.749528e-14 0.000000e+00 0.000000e+00
-7.291321e-14 0.000000e+00 0.000000e+00
-9.488907e-14 0.000000e+00 0.000000e+00
4.327972e-13 0.000000e+00 0.000000e+00
6.882499e-14 0.000000e+00 0.000000e+00
2.887747e-14 0.000000e+00 0.000000e+00
-1.412718e-13 0.000000e+00 0.000000e+00
5.632756e-14 0.000000e+00 0.000000e+00
1.990227e-13 0.000000e+00 0.000000e+00
1.462585e-13 0.000000e+00 0.000000e+00
-3.062672e-14 0.000000e+00 0.000000e+00
-5.124835e-13 0.000000e+00 0.000000e+00
1.465792e-13 0.000000e+00 0.000000e+00
2.450119e-13 0.000000e+00 0.000000e+00
1.456162e-13 0.000000e+00 0.000000e+00
-4.471310e-14 0.000000e+00 0.000000e+00
-1.807191e-13 0.000000e+00 0.000000e+00
1.771137e-14 0.000000e+00 0.000000e+00
-7.428616e-14 0.000000e+00 0.000000e+00
8.618031e-14 0.000000e+00 0.000000e+00
-1.439972e-14 0.000000e+00 0.000000e+00
1.298032e-13 0.000000e+00 0.000000e+00
-1.317315e-13 0.000000e+00 0.000000e+00
-2.689236e-14 0.000000e+00 0.000000e+00
1.599519e-13 0.000000e+00 0.000000e+00
2.810166e-13 0.000000e+00 0.000000e+00
2.007685e-13 0.000000e+00 0.000000e+00
2.046022e-13 0.000000e+00 0.000000e+00
-5.466708e-14 0.000000e+00 0.000000e+00
1.493919e-13 0.000000e+00 0.000000e+00
2.829919e-13 0.000000e+00 0.000000e+00
1.879680e-13 0.000000e+00 0.000000e+00
-2.437126e-13 0.000000e+00 0.000000e+00
1.698811e-13 0.000000e+00 0.000000e+00
7.682715e-14 0.000000e+00 0.000000e+00
7.883138e-15 0.000000e+00 0.000000e+00
2.469776e-14 0.000000e+00 0.000000e+00
1.191980e-14 0.000000e+00 0.000000e+00
1.321246e-13 0.000000e+00 0.000000e+00
8.668766e-13 0.000000e+00 0.000000e+00
-6.061717e-14 0.000000e+00 0.000000e+00
-1.964068e-13 0.000000e+00 0.000000e+00
-3.394485e-15 0.000000e+00 0.000000e+00
-6.429312e-14 0.000000e+00 0.000000e+00
-2.559336e-13 0.000000e+00 0.000000e+00
-2.132624e-13 0.000000e+00 0.000000e+00
1.700225e-13 0.000000e+00 0.000000e+00
2.499986e-13 0.000000e+00 0.000000e+00
-1.176917e-13 0.000000e+00 0.000000e+00
-2.480254e-13 0.000000e+00 0.000000e+00
1.750750e-13 0.000000e+00 0.000000e+00
6.677092e-14 0.000000e+00 0.000000e+00
3.948157e-14 0.000000e+00 0.000000e+00
1.011199e-14 0.000000e+00 0.000000e+00
-6.624628e-14 0.000000e+00 0.000000e+00
1.048711e-13 0.000000e+00 0.000000e+00
2.491313e-13 0.000000e+00 0.000000e+00
-1.133250e-13 0.000000e+00 0.000000e+00
1.006604e-13 0.000000e+00 0.000000e+00
-1.987907e-13 0.000000e+00 0.000000e+00
-3.296468e-13 0.000000e+00 0.000000e+00
-8.620905e-14 0.000000e+00 0.000000e+00
1.233704e-13 0.000000e+00 0.000000e+00
-2.222324e-14 0.000000e+00 0.000000e+00
-1.242012e-13 0.000000e+00 0.000000e+00
5.223307e-13 0.000000e+00 0.000000e+00
3.425891e-14 0.000000e+00 0.000000e+00
3.519936e-14 0.000000e+00 0.000000e+00
1.751867e-14 0.000000e+00 0.000000e+00
-3.864375e-13 0.000000e+00 0.000000e+00
1.842850e-13 0.000000e+00 0.000000e+00
1.386311e-13 0.000000e+00 0.000000e+00
-1.750557e-13 0.000000e+00 0.000000e+00
9.499513e-14 0.000000e+00 0.000000e+00
2.482042e-13 0.000000e+00 0.000000e+00
-1.932453e-13 0.000000e+00 0.000000e+00
-7.209037e-15 0.000000e+00 0.000000e+00
-6.408214e-14 0.000000e+00 0.000000e+00
-1.238122e-13 0.000000e+00 0.000000e+00
-4.234934e-14 0.000000e+00 0.000000e+00
3.680991e-13 0.000000e+00 0.000000e+00
1.954035e-13 0.000000e+00 0.000000e+00
-2.822757e-13 0.000000e+00 0.000000e+00
7.755733e-14 0.000000e+00 0.000000e+00
8.892288e-15 0.000000e+00 0.000000e+00
6.539972e-14 0.000000e+00 0.000000e+00
-8.429229e-14 0.000000e+00 0.000000e+00
-4.165483e-13 0.000000e+00 0.000000e+00
1.618570e-13 0.000000e+00 0.000000e+00
-1.667701e-13 0.000000e+00 0.000000e+00
-2.174961e-13 0.000000e+00 0.000000e+00
2.547046e-13 0.000000e+00 0.000000e+00
-1.067767e-13 0.000000e+00 0.000000e+00
-4.346986e-14 0.000000e+00 0.000000e+00
1.382697e-13 0.000000e+00 0.000000e+00
2.265336e-13 0.000000e+00 0.000000e+00
1.206896e-14 0.000000e+00 0.000000e+00
-5.493304e-13 0.000000e+00 0.000000e+00
-1.047177e-13 0.000000e+00 0.000000e+00
-5.125491e-14 0.000000e+00 0.000000e+00
-1.375405e-13 0.000000e+00 0.000000e+00
4.417409e-14 0.000000e+00 0.000000e+00
-1.081782e-15 0.000000e+00 0.000000e+00
-1.674149e-13 0.000000e+00 0.000000e+00
5.397496e-14 0.000000e+00 0.000000e+00
-7.148061e-14 0.000000e+00 0.000000e+00
-3.020556e-13 0.000000e+00 0.000000e+00
-1.104599e-13 0.000000e+00 0.000000e+00
7.748242e-14 0.000000e+00 0.000000e+00
5.310545e-14 0.000000e+00 0.000000e+00
-2.583272e-14 0.000000e+00 0.000000e+00
-2.232678e-13 0.000000e+00 0.000000e+00
-4.788542e-14 0.000000e+00 0.000000e+00
-1.553827e-13 0.000000e+00 0.000000e+00
1.977102e-13 0.000000e+00 0.000000e+00
-2.122067e-13 0.000000e+00 0.000000e+00
3.500617e-13 0.000000e+00 0.000000e+00
4.568833e-13 0.000000e+00 0.000000e+00
-8.274349e-15 0.000000e+00 0.000000e+00
-1.172322e-13 0.000000e+00 0.000000e+00
4.038642e-14 0.000000e+00 0.000000e+00
1.074460e-13 0.000000e+00 0.000000e+00
1.640601e-13 0.000000e+00 0.000000e+00
1.718989e-14 0.000000e+00 0.000000e+00
-5.255855e-15 0.000000e+00 0.000000e+00
-3.326274e-13 0.000000e+00 0.000000e+00
-2.202784e-13 0.000000e+00 0.000000e+00
-2.240074e-13 0.000000e+00 0.000000e+00
2.531315e-13 0.000000e+00 0.000000e+00
-4.778592e-14 0.000000e+00 0.000000e+00
-1.908573e-13 0.000000e+00 0.000000e+00
8.932676e-14 0.000000e+00 0.000000e+00
1.731195e-13 0.000000e+00 0.000000e+00
-4.995928e-14 0.000000e+00 0.000000e+00
-5.105942e-14 0.000000e+00 0.000000e+00
3.316148e-13 0.000000e+00 0.000000e+00
-9.150587e-14 0.000000e+00 0.000000e+00
-2.657269e-13 0.000000e+00 0.000000e+00
-1.002059e-13 0.000000e+00 0.000000e+00
9.905689e-14 0.000000e+00 0.000000e+00
8.974638e-14 0.000000e+00 0.000000e+00
-1.055405e-13 0.000000e+00 0.000000e+00
1.632775e-13 0.000000e+00 0.000000e+00
-1.937365e-13 0.000000e+00 0.000000e+00
1.960430e-13 0.000000e+00 0.000000e+00
1.805063e-13 0.000000e+00 0.000000e+00
2.691876e-13 0.000000e+00 0.000000e+00
-1.834567e-13 0.000000e+00 0.000000e+00
2.719453e-13 0.000000e+00 0.000000e+00
7.265560e-14 0.000000e+00 0.000000e+00
-1.082364e-13 0.000000e+00 0.000000e+00
3.323110e-13 0.000000e+00 0.000000e+00
1.630952e-14 0.000000e+00 0.000000e+00
4.707065e-13 0.000000e+00 0.000000e+00
1.805072e-14 0.000000e+00 0.000000e+00
-1.681185e-13 0.000000e+00 0.000000e+00
1.863625e-13 0.000000e+00 0.000000e+00
-3.063030e-13 0.000000e+00 0.000000e+00
1.253705e-14 0.000000e+00 0.000000e+00
1.463081e-13 0.000000e+00 0.000000e+00
-3.230708e-13 0.000000e+00 0.000000e+00
-2.377543e-13 0.000000e+00 0.000000e+00
8.349926e-14 0.000000e+00 0.000000e+00
1.035878e-13 0.000000e+00 0.000000e+00
1.422552e-13 0.000000e+00 0.000000e+00
4.155463e-13 0.000000e+00 0.000000e+00
3.473079e-13 0.000000e+00 0.000000e+00
2.026250e-13 0.000000e+00 0.000000e+00
1.708323e-13 0.000000e+00 0.000000e+00
1.114732e-13 0.000000e+00 0.000000e+00
1.403674e-13 0.000000e+00 0.000000e+00
-8.015194e-14 0.000000e+00 0.000000e+00
4.064807e-14 0.000000e+00 0.000000e+00
-6.792209e-14 0.000000e+00 0.000000e+00
8.680967e-14 0.000000e+00 0.000000e+00
-1.972876e-13 0.000000e+00 0.000000e+00
4.993675e-15 0.000000e+00 0.000000e+00
-3.086945e-14 0.000000e+00 0.000000e+00
9.862608e-15 0.000000e+00 0.000000e+00
4.403252e-14 0.000000e+00 0.000000e+00
-1.226508e-15 0.000000e+00 0.000000e+00
1.147217e-13 0.000000e+00 0.000000e+00
6.460435e-14 0.000000e+00 0.000000e+00
8.233846e-14 0.000000e+00 0.000000e+00
2.992974e-14 0.000000e+00 0.000000e+00
-5.213617e-14 0.000000e+00 0.000000e+00
-1.078945e-13 0.000000e+00 0.000000e+00
-1.244674e-13 0.000000e+00 0.000000e+00
-2.870626e-15 0.000000e+00 0.000000e+00
3.717950e-13 0.000000e+00 0.000000e+00
9.263664e-14 0.000000e+00 0.000000e+00
1.261047e-13 0.000000e+00 0.000000e+00
-1.361602e-13 0.000000e+00 0.000000e+00
-1.348044e-14 0.000000e+00 0.000000e+00
2.057428e-14 0.000000e+00 0.000000e+00
3.551813e-14 0.000000e+00 0.000000e+00
2.320894e-13 0.000000e+00 0.000000e+00
-8.906868e-16 0.000000e+00 0.000000e+00
6.747715e-14 0.000000e+00 0.000000e+00
-4.978563e-14 0.000000e+00 0.000000e+00
-1.521861e-13 0.000000e+00 0.000000e+00
-1.337280e-13 0.000000e+00 0.000000e+00
5.213262e-14 0.000000e+00 0.000000e+00
2.475206e-13 0.000000e+00 0.000000e+00
2.784426e-13 0.000000e+00 0.000000e+00
1.465025e-13 0.000000e+00 0.000000e+00
-1.502576e-13 0.000000e+00 0.000000e+00
3.073357e-13 0.000000e+00 0.000000e+00
-4.323624e-13 0.000000e+00 0.000000e+00
-1.311745e-13 0.000000e+00 0.000000e+00
-5.731807e-13 0.000000e+00 0.000000e+00
-3.886204e-14 0.000000e+00 0.000000e+00
-4.327971e-14 0.000000e+00 0.000000e+00
1.356887e-13 0.000000e+00 0.000000e+00
-2.206081e-14 0.000000e+00 0.000000e+00
-2.355992e-14 0.000000e+00 0.000000e+00
-2.150734e-13 0.000000e+00 0.000000e+00
2.800362e-13 0.000000e+00 0.000000e+00
-9.137966e-14 0.000000e+00 0.000000e+00
-1.909024e-13 0.000000e+00 0.000000e+00
-2.694040e-14 0.000000e+00 0.000000e+00
3.058116e-13 0.000000e+00 0.000000e+00
-8.518319e-14 0.000000e+00 0.000000e+00
-6.209657e-14 0.000000e+00 0.000000e+00
2.216586e-13 0.000000e+00 0.000000e+00
-1.795958e-13 0.000000e+00 0.000000e+00
1.552610e-14 0.000000e+00 0.000000e+00
-2.333399e-13 0.000000e+00 0.000000e+00
1.493872e-14 0.000000e+00 0.000000e+00
1.127167e-13 0.000000e+00 0.000000e+00
-6.934803e-14 0.000000e+00 0.000000e+00
-4.310087e-14 0.000000e+00 0.000000e+00
1.516130e-13 0.000000e+00 0.000000e+00
1.267923e-13 0.000000e+00 0.000000e+00
-1.811525e-13 0.000000e+00 0.000000e+00
2.793445e-14 0.000000e+00 0.000000e+00
-2.984814e-13 0.000000e+00 0.000000e+00
-3.095040e-14 0.000000e+00 0.000000e+00
1.387864e-13 0.000000e+00 0.000000e+00
-1.974353e-14 0.000000e+00 0.000000e+00
-2.871875e-14 0.000000e+00 0.000000e+00
2.327512e-13 0.000000e+00 0.000000e+00
-7.247551e-14 0.000000e+00 0.000000e+00
-1.148365e-13 0.000000e+00 0.000000e+00
3.192156e-13 0.000000e+00 0.000000e+00
2.478464e-13 0.000000e+00 0.000000e+00
1.453899e-13 0.000000e+00 0.000000e+00
-3.317304e-15 0.000000e+00 0.000000e+00
9.166133e-14 0.000000e+00 0.000000e+00
1.114756e-13 0.000000e+00 0.000000e+00
-2.086330e-13 0.000000e+00 0.000000e+00
1.475012e-14 0.000000e+00 0.000000e+00
2.583883e-13 0.000000e+00 0.000000e+00
2.514130e-13 0.000000e+00 0.000000e+00
-8.235006e-14 0.000000e+00 0.000000e+00
2.225734e-13 0.000000e+00 0.000000e+00
-2.780164e-13 0.000000e+00 0.000000e+00
-1.243665e-14 0.000000e+00 0.000000e+00
-7.264873e-14 0.000000e+00 0.000000e+00
-2.098383e-13 0.000000e+00 0.000000e+00
-1.776900e-14 0.000000e+00 0.000000e+00
-1.160975e-13 0.000000e+00 0.000000e+00
-1.382300e-13 0.000000e+00 0.000000e+00
-8.160519e-14 0.000000e+00 0.000000e+00
-9.499319e-14 0.000000e+00 0.000000e+00
-2.145174e-13 0.000000e+00 0.000000e+00
-1.318697e-13 0.000000e+00 0.000000e+00
2.746584e-13 0.000000e+00 0.000000e+00
4.546374e-13 0.000000e+00 0.000000e+00
3.903864e-13 0.000000e+00 0.000000e+00
1.975185e-13 0.000000e+00 0.000000e+00
-4.081781e-13 0.000000e+00 0.000000e+00
-1.208071e-13 0.000000e+00 0.000000e+00
-1.111066e-13 0.000000e+00 0.000000e+00
2.381426e-13 0.000000e+00 0.000000e+00
-3.251202e-14 0.000000e+00 0.000000e+00
-1.735034e-13 0.000000e+00 0.000000e+00
-3.044864e-14 0.000000e+00 0.000000e+00
2.755249e-14 0.000000e+00 0.000000e+00
-3.979918e-14 0.000000e+00 0.000000e+00
-1.955584e-13 0.000000e+00 0.000000e+00
-4.115622e-16 0.000000e+00 0.000000e+00
-1.642324e-13 0.000000e+00 0.000000e+00
-1.053150e-14 0.000000e+00 0.000000e+00
7.468610e-14 0.000000e+00 0.000000e+00
3.284442e-13 0.000000e+00 0.000000e+00
1.503879e-13 0.000000e+00 0.000000e+00
-1.487726e-13 0.000000e+00 0.000000e+00
1.636743e-13 0.000000e+00 0.000000e+00
-4.261275e-14 0.000000e+00 0.000000e+00
-1.334710e-13 0.000000e+00 0.000000e+00
1.657871e-13 0.000000e+00 0.000000e+00
1.326357e-13 0.000000e+00 0.000000e+00
-1.171744e-13 0.000000e+00 0.000000e+00
1.174113e-13 0.000000e+00 0.000000e+00
1.883667e-14 0.000000e+00 0.000000e+00
3.459345e-13 0.000000e+00 0.000000e+00
2.905381e-13 0.000000e+00 0.000000e+00
6.781539e-14 0.000000e+00 0.000000e+00
-1.605462e-13 0.000000e+00 0.000000e+00
-3.714354e-14 0.000000e+00 0.000000e+00
7.319700e-13 0.000000e+00 0.000000e+00
2.554585e-13 0.000000e+00 0.000000e+00
-1.206160e-13 0.000000e+00 0.000000e+00
-3.701032e-14 0.000000e+00 0.000000e+00
-1.589725e-13 0.000000e+00 0.000000e+00
-5.931428e-14 0.000000e+00 0.000000e+00
1.027175e-14 0.000000e+00 0.000000e+00
-1.973823e-13 0.000000e+00 0.000000e+00
1.800814e-13 0.000000e+00 0.000000e+00
1.970286e-13 0.000000e+00 0.000000e+00
-1.042422e-13 0.000000e+00 0.000000e+00
6.069217e-14 0.000000e+00 0.000000e+00
2.187446e-15 0.000000e+00 0.000000e+00
3.840207e-14 0.000000e+00 0.000000e+00
-2.262136e-14 0.000000e+00 0.000000e+00
8.317743e-14 0.000000e+00 0.000000e+00
2.677118e-13 0.000000e+00 0.000000e+00
1.295295e-14 0.000000e+00 0.000000e+00
-1.728082e-13 0.000000e+00 0.000000e+00
3.219532e-13 0.000000e+00 0.000000e+00
-4.651230e-13 0.000000e+00 0.000000e+00
8.919710e-14 0.000000e+00 0.000000e+00
2.727954e-14 0.000000e+00 0.000000e+00
-2.378465e-13 0.000000e+00 0.000000e+00
8.345684e-14 0.000000e+00 0.000000e+00
-5.388488e-13 0.000000e+00 0.000000e+00
2.099480e-13 0.000000e+00 0.000000e+00
-4.140791e-14 0.000000e+00 0.000000e+00
6.033221e-15 0.000000e+00 0.000000e+00
-2.775928e-14 0.000000e+00 0.000000e+00
-3.113603e-13 0.000000e+00 0.000000e+00
-6.124511e-14 0.000000e+00 0.000000e+00
-6.219617e-14 0.000000e+00 0.000000e+00
-2.577034e-13 0.000000e+00 0.000000e+00
1.055476e-13 0.000000e+00 0.000000e+00
1.114812e-13 0.000000e+00 0.000000e+00
1.372620e-13 0.000000e+00 0.000000e+00
5.595875e-15 0.000000e+00 0.000000e+00
-6.788516e-14 0.000000e+00 0.000000e+00
2.893372e-13 0.000000e+00 0.000000e+00
-1.317991e-14 0.000000e+00 0.000000e+00
-9.616102e-14 0.000000e+00 0.000000e+00
2.391671e-13 0.000000e+00 0.000000e+00
-6.972374e-14 0.000000e+00 0.000000e+00
-9.784750e-14 0.000000e+00 0.000000e+00
-1.649673e-13 0.000000e+00 0.000000e+00
1.453204e-13 0.000000e+00 0.000000e+00
1.907986e-13 0.000000e+00 0.000000e+00
-1.493636e-13 0.000000e+00 0.000000e+00
9.498132e-14 0.000000e+00 0.000000e+00
1.035267e-13 0.000000e+00 0.000000e+00
-1.225383e-13 0.000000e+00 0.000000e+00
1.916146e-13 0.000000e+00 0.000000e+00
9.955332e-14 0.000000e+00 0.000000e+00
-9.660999e-14 0.000000e+00 0.000000e+00
5.153407e-14 0.000000e+00 0.000000e+00
-2.847213e-14 0.000000e+00 0.000000e+00
1.732145e-13 0.000000e+00 0.000000e+00
2.640582e-13 0.000000e+00 0.000000e+00
-8.113559e-14 0.000000e+00 0.000000e+00
-3.480067e-13 0.000000e+00 0.000000e+00
-2.067445e-13 0.000000e+00 0.000000e+00
7.108529e-14 0.000000e+00 0.000000e+00
1.048982e-13 0.000000e+00 0.000000e+00
3.477749e-13 0.000000e+00 0.000000e+00
-7.453434e-14 0.000000e+00 0.000000e+00
-1.955975e-13 0.000000e+00 0.000000e+00
-9.749592e-14 0.000000e+00 0.000000e+00
-1.080846e-13 0.000000e+00 0.000000e+00
1.820863e-13 0.000000e+00 0.000000e+00
-1.518830e-13 0.000000e+00 0.000000e+00
-7.295384e-14 0.000000e+00 0.000000e+00
-3.636638e-13 0.000000e+00 0.000000e+00
7.642273e-14 0.000000e+00 0.000000e+00
-2.295635e-13 0.000000e+00 0.000000e+00
-9.058730e-15 0.000000e+00 0.000000e+00
1.903896e-13 0.000000e+00 0.000000e+00
2.690588e-13 0.000000e+00 0.000000e+00
1.327132e-13 0.000000e+00 0.000000e+00
5.780930e-13 0.000000e+00 0.000000e+00
2.444308e-14 0.000000e+00 0.000000e+00
-6.467361e-14 0.000000e+00 0.000000e+00
-9.422347e-14 0.000000e+00 0.000000e+00
3.929353e-14 0.000000e+00 0.000000e+00
8.668854e-14 0.000000e+00 0.000000e+00
3.494522e-14 0.000000e+00 0.000000e+00
7.828997e-14 0.000000e+00 0.000000e+00
2.277684e-13 0.000000e+00 0.000000e+00
4.318688e-14 0.000000e+00 0.000000e+00
1.698614e-13 0.000000e+00 0.000000e+00
-1.494556e-14 0.000000e+00 0.000000e+00
-1.108344e-13 0.000000e+00 0.000000e+00
-2.063702e-14 0.000000e+00 0.000000e+00
1.392532e-13 0.000000e+00 0.000000e+00
-1.637114e-13 0.000000e+00 0.000000e+00
-8.698516e-14 0.000000e+00 0.000000e+00
-5.399156e-14 0.000000e+00 0.000000e+00
-2.497059e-13 0.000000e+00 0.000000e+00
-3.521235e-15 0.000000e+00 0.000000e+00
1.902936e-13 0.000000e+00 0.000000e+00
-1.461837e-13 0.000000e+00 0.000000e+00
-1.706989e-13 0.000000e+00 0.000000e+00
-2.050211e-13 0.000000e+00 0.000000e+00
-2.615430e-14 0.000000e+00 0.000000e+00
-1.111928e-13 0.000000e+00 0.000000e+00
9.505603e-14 0.000000e+00 0.000000e+00
-9.809660e-14 0.000000e+00 0.000000e+00
-2.548578e-13 0.000000e+00 0.000000e+00
1.631361e-13 0.000000e+00 0.000000e+00
-1.670547e-13 0.000000e+00 0.000000e+00
-1.818003e-14 0.000000e+00 0.000000e+00
-2.394447e-14 0.000000e+00 0.000000e+00
-1.674478e-14 0.000000e+00 0.000000e+00
9.201727e-14 0.000000e+00 0.000000e+00
1.383063e-13 0.000000e+00 0.000000e+00
7.233034e-15 0.000000e+00 0.000000e+00
-3.274081e-13 0.000000e+00 0.000000e+00
-1.737482e-14 0.000000e+00 0.000000e+00
2.782120e-13 0.000000e+00 0.000000e+00
1.782879e-13 0.000000e+00 0.000000e+00
1.501860e-13 0.000000e+00 0.000000e+00
-6.204455e-14 0.000000e+00 0.000000e+00
-2.032941e-13 0.000000e+00 0.000000e+00
2.386842e-14 0.000000e+00 0.000000e+00
-1.277273e-13 0.000000e+00 0.000000e+00
1.269157e-13 0.000000e+00 0.000000e+00
7.246437e-14 0.000000e+00 0.000000e+00
2.909708e-13 0.000000e+00 0.000000e+00
1.551670e-13 0.000000e+00 0.000000e+00
-8.751517e-14 0.000000e+00 0.000000e+00
1.369705e-13 0.000000e+00 0.000000e+00
-2.240659e-13 0.000000e+00 0.000000e+00
3.939902e-13 0.000000e+00 0.000000e+00
9.930984e-15 0.000000e+00 0.000000e+00
1.137581e-13 0.000000e+00 0.000000e+00
-5.744652e-14 0.000000e+00 0.000000e+00
-1.802997e-13 0.000000e+00 0.000000e+00
-1.349161e-13 0.000000e+00 0.000000e+00
-1.005613e-13 0.000000e+00 0.000000e+00
1.632931e-13 0.000000e+00 0.000000e+00
-3.611799e-13 0.000000e+00 0.000000e+00
1.417585e-14 0.000000e+00 0.000000e+00
1.250282e-13 0.000000e+00 0.000000e+00
2.462445e-13 0.000000e+00 0.000000e+00
1.632042e-13 0.000000e+00 0.000000e+00
-9.638064e-14 0.000000e+00 0.000000e+00
-3.373511e-14 0.000000e+00 0.000000e+00
5.286267e-13 0.000000e+00 0.000000e+00
-2.487487e-13 0.000000e+00 0.000000e+00
4.029809e-15 0.000000e+00 0.000000e+00
-2.979561e-13 0.000000e+00 0.000000e+00
-5.327102e-14 0.000000e+00 0.000000e+00
6.005676e-14 0.000000e+00 0.000000e+00
1.621910e-13 0.000000e+00 0.000000e+00
5.589903e-14 0.000000e+00 0.000000e+00
1.960188e-14 0.000000e+00 0.000000e+00
-5.782653e-14 0.000000e+00 0.000000e+00
1.185940e-13 0.000000e+00 0.000000e+00
-2.119919e-13 0.000000e+00 0.000000e+00
2.507541e-13 0.000000e+00 0.000000e+00
-1.009843e-14 0.000000e+00 0.000000e+00
2.945494e-13 0.000000e+00 0.000000e+00
-1.285236e-13 0.000000e+00 0.000000e+00
2.960756e-13 0.000000e+00 0.000000e+00
4.149685e-14 0.000000e+00 0.000000e+00
-1.615002e-13 0.000000e+00 0.000000e+00
-1.594165e-13 0.000000e+00 0.000000e+00
-7.082504e-14 0.000000e+00 0.000000e+00
-9.639511e-14 0.000000e+00 0.000000e+00
3.378287e-13 0.000000e+00 0.000000e+00
2.526950e-13 0.000000e+00 0.000000e+00
-2.270700e-14 0.000000e+00 0.000000e+00
-2.283212e-13 0.000000e+00 0.000000e+00
5.509043e-14 0.000000e+00 0.000000e+00
-1.951037e-14 0.000000e+00 0.000000e+00
-3.100664e-13 0.000000e+00 0.000000e+00
-5.793211e-14 0.000000e+00 0.000000e+00
5.818875e-14 0.000000e+00 0.000000e+00
-2.004056e-13 0.000000e+00 0.000000e+00
2.957503e-13 0.000000e+00 0.000000e+00
-2.356326e-13 0.000000e+00 0.000000e+00
1.975651e-14 0.000000e+00 0.000000e+00
7.457421e-14 0.000000e+00 0.000000e+00
-3.480272e-16 0.000000e+00 0.000000e+00
-3.331161e-15 0.000000e+00 0.000000e+00
1.569254e-13 0.000000e+00 0.000000e+00
4.955563e-14 0.000000e+00 0.000000e+00
-2.086145e-13 0.000000e+00 0.000000e+00
3.091880e-13 0.000000e+00 0.000000e+00
-1.335309e-13 0.000000e+00 0.000000e+00
7.612215e-14 0.000000e+00 0.000000e+00
7.248153e-14 0.000000e+00 0.000000e+00
-2.451325e-13 0.000000e+00 0.000000e+00
-2.750630e-13 0.000000e+00 0.000000e+00
1.665027e-14 0.000000e+00 0.000000e+00
7.522338e-14 0.000000e+00 0.000000e+00
5.063479e-14 0.000000e+00 0.000000e+00
6.607499e-14 0.000000e+00 0.000000e+00
-1.570774e-13 0.000000e+00 0.000000e+00
1.545808e-13 0.000000e+00 0.000000e+00
-3.750685e-13 0.000000e+00 0.000000e+00
-6.051173e-14 0.000000e+00 0.000000e+00
2.064648e-13 0.000000e+00 0.000000e+00
1.787564e-13 0.000000e+00 0.000000e+00
-2.202492e-13 0.000000e+00 0.000000e+00
7.620515e-14 0.000000e+00 0.000000e+00
2.085181e-13 0.000000e+00 0.000000e+00
1.839268e-13 0.000000e+00 0.000000e+00
-3.022858e-13 0.000000e+00 0.000000e+00
1.043554e-14 0.000000e+00 0.000000e+00
4.352752e-13 0.000000e+00 0.000000e+00
-2.124858e-13 0.000000e+00 0.000000e+00
1.523574e-13 0.000000e+00 0.000000e+00
1.472772e-13 0.000000e+00 0.000000e+00
1.136763e-13 0.000000e+00 0.000000e+00
-2.160671e-13 0.000000e+00 0.000000e+00
8.253755e-14 0.000000e+00 0.000000e+00
-1.814456e-13 0.000000e+00 0.000000e+00
-6.999909e-14 0.000000e+00 0.000000e+00
-3.266132e-13 0.000000e+00 0.000000e+00
-1.878747e-13 0.000000e+00 0.000000e+00
-9.830051e-15 0.000000e+00 0.000000e+00
1.643664e-13 0.000000e+00 0.000000e+00
-7.801229e-14 0.000000e+00 0.000000e+00
6.099179e-14 0.000000e+00 0.000000e+00
-4.248714e-13 0.000000e+00 0.000000e+00
4.358247e-14 0.000000e+00 0.000000e+00
2.219066e-14 0.000000e+00 0.000000e+00
1.498519e-13 0.000000e+00 0.000000e+00
-2.290419e-13 0.000000e+00 0.000000e+00
-1.087009e-13 0.000000e+00 0.000000e+00
2.545473e-15 0.000000e+00 0.000000e+00
-1.564295e-13 0.000000e+00 0.000000e+00
-1.524344e-13 0.000000e+00 0.000000e+00
-2.658631e-13 0.000000e+00 0.000000e+00
2.656626e-13 0.000000e+00 0.000000e+00
8.806090e-14 0.000000e+00 0.000000e+00
2.491777e-13 0.000000e+00 0.000000e+00
-7.859384e-14 0.000000e+00 0.000000e+00
-2.626727e-13 0.000000e+00 0.000000e+00
-2.745357e-13 0.000000e+00 0.000000e+00
4.926984e-14 0.000000e+00 0.000000e+00
-1.028428e-13 0.000000e+00 0.000000e+00
-1.028505e-13 0.000000e+00 0.000000e+00
-7.213399e-14 0.000000e+00 0.000000e+00
7.304875e-14 0.000000e+00 0.000000e+00
5.379734e-14 0.000000e+00 0.000000e+00
-1.083485e-13 0.000000e+00 0.000000e+00
-1.737804e-13 0.000000e+00 0.000000e+00
1.674751e-13 0.000000e+00 0.000000e+00
1.339609e-13 0.000000e+00 0.000000e+00
1.080020e-14 0.000000e+00 0.000000e+00
4.808408e-14 0.000000e+00 0.000000e+00
-1.481603e-13 0.000000e+00 0.000000e+00
2.686989e-13 0.000000e+00 0.000000e+00
-2.750501e-13 0.000000e+00 0.000000e+00
6.139180e-14 0.000000e+00 0.000000e+00
-2.664546e-15 0.000000e+00 0.000000e+00
1.499062e-13 0.000000e+00 0.000000e+00
1.512019e-13 0.000000e+00 0.000000e+00
1.917706e-13 0.000000e+00 0.000000e+00
-3.106438e-15 0.000000e+00 0.000000e+00
-2.768670e-13 0.000000e+00 0.000000e+00
-3.183725e-13 0.000000e+00 0.000000e+00
1.213472e-13 0.000000e+00 0.000000e+00
9.450092e-14 0.000000e+00 0.000000e+00
1.413944e-13 0.000000e+00 0.000000e+00
-6.293903e-14 0.000000e+00 0.000000e+00
-4.587026e-13 0.000000e+00 0.000000e+00
-3.595139e-13 0.000000e+00 0.000000e+00
-1.716356e-14 0.000000e+00 0.000000e+00
-7.192912e-14 0.000000e+00 0.000000e+00
2.177781e-13 0.000000e+00 0.000000e+00
-2.200126e-13 0.000000e+00 0.000000e+00
3.516259e-13 0.000000e+00 0.000000e+00
1.851478e-13 0.000000e+00 0.000000e+00
-6.127194e-14 0.000000e+00 0.000000e+00
-2.967264e-14 0.000000e+00 0.000000e+00
-8.807712e-15 0.000000e+00 0.000000e+00
6.824561e-14 0.000000e+00 0.000000e+00
1.538213e-13 0.000000e+00 0.000000e+00
3.212292e-13 0.000000e+00 0.000000e+00
6.876426e-14 0.000000e+00 0.000000e+00
-1.140151e-13 0.000000e+00 0.000000e+00
-5.524376e-14 0.000000e+00 0.000000e+00
-1.367436e-13 0.000000e+00 0.000000e+00
2.244723e-13 0.000000e+00 0.000000e+00
1.110347e-13 0.000000e+00 0.000000e+00
1.331511e-13 0.000000e+00 0.000000e+00
-2.215423e-13 0.000000e+00 0.000000e+00
-3.464362e-14 0.000000e+00 0.000000e+00
1.451177e-15 0.000000e+00 0.000000e+00
2.694316e-13 0.000000e+00 0.000000e+00
6.066385e-13 0.000000e+00 0.000000e+00
-7.181574e-14 0.000000e+00 0.000000e+00
2.785614e-14 0.000000e+00 0.000000e+00
1.909573e-13 0.000000e+00 0.000000e+00
-9.630352e-14 0.000000e+00 0.000000e+00
-1.479554e-13 0.000000e+00 0.000000e+00
7.461044e-13 0.000000e+00 0.000000e+00
-1.175902e-13 0.000000e+00 0.000000e+00
-5.330690e-14 0.000000e+00 0.000000e+00
2.542712e-13 0.000000e+00 0.000000e+00
2.445401e-13 0.000000e+00 0.000000e+00
-1.291259e-13 0.000000e+00 0.000000e+00
-7.611250e-15 0.000000e+00 0.000000e+00
-1.922772e-16 0.000000e+00 0.000000e+00
-4.436551e-14 0.000000e+00 0.000000e+00
8.018806e-14 0.000000e+00 0.000000e+00
2.413651e-13 0.000000e+00 0.000000e+00
-8.777598e-14 0.000000e+00 0.000000e+00
-1.515845e-13 0.000000e+00 0.000000e+00
-1.188248e-13 0.000000e+00 0.000000e+00
-1.120209e-13 0.000000e+00 0.000000e+00
-6.449148e-14 0.000000e+00 0.000000e+00
-4.867618e-13 0.000000e+00 0.000000e+00
1.685670e-14 0.000000e+00 0.000000e+00
-5.013521e-13 0.000000e+00 0.000000e+00
-1.699451e-13 0.000000e+00 0.000000e+00
3.250208e-14 0.000000e+00 0.000000e+00
2.373242e-13 0.000000e+00 0.000000e+00
4.580923e-14 0.000000e+00 0.000000e+00
1.706225e-13 0.000000e+00 0.000000e+00
2.198240e-13 0.000000e+00 0.000000e+00
-1.623760e-14 0.000000e+00 0.000000e+00
-5.254564e-14 0.000000e+00 0.000000e+00
-1.773996e-14 0.000000e+00 0.000000e+00
2.948093e-13 0.000000e+00 0.000000e+00
2.788361e-13 0.000000e+00 0.000000e+00
1.576624e-13 0.000000e+00 0.000000e+00
7.597734e-14 0.000000e+00 0.000000e+00
2.035408e-13 0.000000e+00 0.000000e+00
-3.956400e-14 0.000000e+00 0.000000e+00
-2.847804e-13 0.000000e+00 0.000000e+00
-1.354485e-14 0.000000e+00 0.000000e+00
-3.721240e-13 0.000000e+00 0.000000e+00
-4.467895e-14 0.000000e+00 0.000000e+00
-1.017914e-13 0.000000e+00 0.000000e+00
-1.480206e-14 0.000000e+00 0.000000e+00
8.271148e-14 0.000000e+00 0.000000e+00
7.454424e-14 0.000000e+00 0.000000e+00
-1.265288e-14 0.000000e+00 0.000000e+00
-1.003088e-13 0.000000e+00 0.000000e+00
4.170468e-14 0.000000e+00 0.000000e+00
7.950038e-14 0.000000e+00 0.000000e+00
2.991626e-14 0.000000e+00 0.000000e+00
1.297458e-13 0.000000e+00 0.000000e+00
-1.497824e-14 0.000000e+00 0.000000e+00
-1.028979e-13 0.000000e+00 0.000000e+00
-9.806318e-14 0.000000e+00 0.000000e+00
-4.061711e-14 0.000000e+00 0.000000e+00
-2.137936e-14 0.000000e+00 0.000000e+00
-7.191077e-14 0.000000e+00 0.000000e+00
2.551066e-13 0.000000e+00 0.000000e+00
-2.780339e-13 0.000000e+00 0.000000e+00
