FX FY FZ 
1.194861e-10 0.000000e+00 0.000000e+00
6.948500e-11 0.000000e+00 0.000000e+00
-3.359032e-10 0.000000e+00 0.000000e+00
5.341687e-10 0.000000e+00 0.000000e+00
-3.948270e-10 0.000000e+00 0.000000e+00
-9.964974e-11 0.000000e+00 0.000000e+00
2.077862e-10 0.000000e+00 0.000000e+00
3.731436e-10 0.000000e+00 0.000000e+00
4.483956e-10 0.000000e+00 0.000000e+00
2.028519e-10 0.000000e+00 0.000000e+00
3.858588e-10 0.000000e+00 0.000000e+00
2.700610e-11 0.000000e+00 0.000000e+00
4.190972e-11 0.000000e+00 0.000000e+00
3.046811e-10 0.000000e+00 0.000000e+00
2.793137e-10 0.000000e+00 0.000000e+00
1.923199e-11 0.000000e+00 0.000000e+00
-4.290305e-11 0.000000e+00 0.000000e+00
-1.744857e-11 0.000000e+00 0.000000e+00
-4.017383e-11 0.000000e+00 0.000000e+00
-3.602887e-11 0.000000e+00 0.000000e+00
-5.658765e-11 0.000000e+00 0.000000e+00
2.549279e-10 0.000000e+00 0.000000e+00
2.940781e-10 0.000000e+00 0.000000e+00
3.102066e-10 0.000000e+00 0.000000e+00
2.077379e-10 0.000000e+00 0.000000e+00
9.348576e-11 0.000000e+00 0.000000e+00
1.488063e-10 0.000000e+00 0.000000e+00
2.424278e-10 0.000000e+00 0.000000e+00
1.750800e-10 0.000000e+00 0.000000e+00
2.899608e-10 0.000000e+00 0.000000e+00
3.568614e-10 0.000000e+00 0.000000e+00
4.849429e-10 0.000000e+00 0.000000e+00
4.366546e-10 0.000000e+00 0.000000e+00
4.494025e-10 0.000000e+00 0.000000e+00
4.816169e-10 0.000000e+00 0.000000e+00
5.009689e-10 0.000000e+00 0.000000e+00
5.535158e-10 0.000000e+00 0.000000e+00
6.135064e-10 0.000000e+00 0.000000e+00
6.302884e-10 0.000000e+00 0.000000e+00
6.064493e-10 0.000000e+00 0.000000e+00
5.779231e-10 0.000000e+00 0.000000e+00
-1.767351e-10 0.000000e+00 0.000000e+00
-4.652388e-10 0.000000e+00 0.000000e+00
-2.032608e-10 0.000000e+00 0.000000e+00
-1.660223e-10 0.000000e+00 0.000000e+00
-3.090653e-10 0.000000e+00 0.000000e+00
-2.218156e-10 0.000000e+00 0.000000e+00
-2.171910e-10 0.000000e+00 0.000000e+00
-1.732893e-10 0.000000e+00 0.000000e+00
-2.090273e-10 0.000000e+00 0.000000e+00
-2.250473e-10 0.000000e+00 0.000000e+00
-1.389929e-10 0.000000e+00 0.000000e+00
-1.448872e-10 0.000000e+00 0.000000e+00
-1.488185e-10 0.000000e+00 0.000000e+00
-1.527397e-10 0.000000e+00 0.000000e+00
-1.594446e-10 0.000000e+00 0.000000e+00
2.682318e-10 0.000000e+00 0.000000e+00
2.094774e-10 0.000000e+00 0.000000e+00
3.209106e-10 0.000000e+00 0.000000e+00
2.268679e-10 0.000000e+00 0.000000e+00
1.767477e-10 0.000000e+00 0.000000e+00
2.334597e-10 0.000000e+00 0.000000e+00
2.689541e-10 0.000000e+00 0.000000e+00
3.268320e-10 0.000000e+00 0.000000e+00
2.471007e-10 0.000000e+00 0.000000e+00
2.186831e-10 0.000000e+00 0.000000e+00
2.826341e-10 0.000000e+00 0.000000e+00
2.787350e-10 0.000000e+00 0.000000e+00
2.969799e-10 0.000000e+00 0.000000e+00
2.564922e-10 0.000000e+00 0.000000e+00
3.291277e-10 0.000000e+00 0.000000e+00
2.938169e-10 0.000000e+00 0.000000e+00
2.882872e-10 0.000000e+00 0.000000e+00
2.703519e-10 0.000000e+00 0.000000e+00
2.827299e-10 0.000000e+00 0.000000e+00
2.809269e-10 0.000000e+00 0.000000e+00
2.557517e-10 0.000000e+00 0.000000e+00
2.548538e-10 0.000000e+00 0.000000e+00
2.616980e-10 0.000000e+00 0.000000e+00
2.318228e-10 0.000000e+00 0.000000e+00
2.552384e-10 0.000000e+00 0.000000e+00
-6.757487e-10 0.000000e+00 0.000000e+00
-7.162819e-10 0.000000e+00 0.000000e+00
-8.301177e-10 0.000000e+00 0.000000e+00
-1.078776e-09 0.000000e+00 0.000000e+00
-4.803910e-10 0.000000e+00 0.000000e+00
-2.438774e-11 0.000000e+00 0.000000e+00
-6.178302e-12 0.000000e+00 0.000000e+00
-1.673020e-11 0.000000e+00 0.000000e+00
-1.582888e-11 0.000000e+00 0.000000e+00
-2.739743e-11 0.000000e+00 0.000000e+00
1.277082e-10 0.000000e+00 0.000000e+00
1.396948e-10 0.000000e+00 0.000000e+00
1.329684e-10 0.000000e+00 0.000000e+00
1.299388e-10 0.000000e+00 0.000000e+00
1.262758e-10 0.000000e+00 0.000000e+00
4.542822e-10 0.000000e+00 0.000000e+00
4.815772e-10 0.000000e+00 0.000000e+00
4.745162e-10 0.000000e+00 0.000000e+00
4.652770e-10 0.000000e+00 0.000000e+00
4.246559e-10 0.000000e+00 0.000000e+00
6.247158e-10 0.000000e+00 0.000000e+00
6.299440e-10 0.000000e+00 0.000000e+00
6.045367e-10 0.000000e+00 0.000000e+00
6.273873e-10 0.000000e+00 0.000000e+00
5.895806e-10 0.000000e+00 0.000000e+00
5.224553e-10 0.000000e+00 0.000000e+00
5.545932e-10 0.000000e+00 0.000000e+00
5.575139e-10 0.000000e+00 0.000000e+00
5.442859e-10 0.000000e+00 0.000000e+00
5.230755e-10 0.000000e+00 0.000000e+00
3.057125e-10 0.000000e+00 0.000000e+00
3.087801e-10 0.000000e+00 0.000000e+00
3.117594e-10 0.000000e+00 0.000000e+00
3.073882e-10 0.000000e+00 0.000000e+00
3.060311e-10 0.000000e+00 0.000000e+00
5.618302e-10 0.000000e+00 0.000000e+00
5.463940e-10 0.000000e+00 0.000000e+00
5.618865e-10 0.000000e+00 0.000000e+00
5.449500e-10 0.000000e+00 0.000000e+00
5.645836e-10 0.000000e+00 0.000000e+00
-5.596265e-10 0.000000e+00 0.000000e+00
-1.009059e-09 0.000000e+00 0.000000e+00
-6.379958e-10 0.000000e+00 0.000000e+00
-6.422523e-10 0.000000e+00 0.000000e+00
-5.507123e-10 0.000000e+00 0.000000e+00
-6.761829e-10 0.000000e+00 0.000000e+00
-7.240766e-10 0.000000e+00 0.000000e+00
-8.366499e-10 0.000000e+00 0.000000e+00
-6.456383e-10 0.000000e+00 0.000000e+00
-1.317613e-09 0.000000e+00 0.000000e+00
-6.183169e-10 0.000000e+00 0.000000e+00
-8.825265e-10 0.000000e+00 0.000000e+00
-8.006093e-10 0.000000e+00 0.000000e+00
-7.313474e-10 0.000000e+00 0.000000e+00
-6.187117e-10 0.000000e+00 0.000000e+00
-9.459580e-10 0.000000e+00 0.000000e+00
-8.809403e-10 0.000000e+00 0.000000e+00
-7.088138e-10 0.000000e+00 0.000000e+00
-8.450051e-10 0.000000e+00 0.000000e+00
-1.068528e-09 0.000000e+00 0.000000e+00
-8.110869e-10 0.000000e+00 0.000000e+00
-7.502058e-10 0.000000e+00 0.000000e+00
-9.052419e-10 0.000000e+00 0.000000e+00
-8.099724e-10 0.000000e+00 0.000000e+00
-8.449391e-10 0.000000e+00 0.000000e+00
-6.886662e-10 0.000000e+00 0.000000e+00
-6.859090e-10 0.000000e+00 0.000000e+00
-7.472522e-10 0.000000e+00 0.000000e+00
-7.309089e-10 0.000000e+00 0.000000e+00
-6.940744e-10 0.000000e+00 0.000000e+00
-7.662702e-10 0.000000e+00 0.000000e+00
-7.792186e-10 0.000000e+00 0.000000e+00
-7.520322e-10 0.000000e+00 0.000000e+00
-7.791321e-10 0.000000e+00 0.000000e+00
-7.650060e-10 0.000000e+00 0.000000e+00
-3.739263e-10 0.000000e+00 0.000000e+00
-3.670567e-10 0.000000e+00 0.000000e+00
-3.637068e-10 0.000000e+00 0.000000e+00
-4.018024e-10 0.000000e+00 0.000000e+00
-3.750259e-10 0.000000e+00 0.000000e+00
-4.220130e-10 0.000000e+00 0.000000e+00
-4.345661e-10 0.000000e+00 0.000000e+00
-4.034281e-10 0.000000e+00 0.000000e+00
-4.528875e-10 0.000000e+00 0.000000e+00
-4.164023e-10 0.000000e+00 0.000000e+00
-1.233912e-09 0.000000e+00 0.000000e+00
-1.226908e-09 0.000000e+00 0.000000e+00
-1.195125e-09 0.000000e+00 0.000000e+00
-1.170782e-09 0.000000e+00 0.000000e+00
-1.200459e-09 0.000000e+00 0.000000e+00
-9.729095e-10 0.000000e+00 0.000000e+00
-9.341096e-10 0.000000e+00 0.000000e+00
-9.467828e-10 0.000000e+00 0.000000e+00
-9.990658e-10 0.000000e+00 0.000000e+00
-9.349319e-10 0.000000e+00 0.000000e+00
2.139314e-10 0.000000e+00 0.000000e+00
4.576105e-10 0.000000e+00 0.000000e+00
4.805152e-10 0.000000e+00 0.000000e+00
4.749098e-10 0.000000e+00 0.000000e+00
4.761467e-10 0.000000e+00 0.000000e+00
4.554801e-10 0.000000e+00 0.000000e+00
4.448768e-10 0.000000e+00 0.000000e+00
4.479030e-10 0.000000e+00 0.000000e+00
4.522257e-10 0.000000e+00 0.000000e+00
4.598170e-10 0.000000e+00 0.000000e+00
4.020306e-10 0.000000e+00 0.000000e+00
-7.872936e-10 0.000000e+00 0.000000e+00
-1.452230e-09 0.000000e+00 0.000000e+00
-1.415494e-09 0.000000e+00 0.000000e+00
-1.548277e-09 0.000000e+00 0.000000e+00
-1.664039e-09 0.000000e+00 0.000000e+00
-1.891471e-09 0.000000e+00 0.000000e+00
-1.873244e-09 0.000000e+00 0.000000e+00
-1.975356e-09 0.000000e+00 0.000000e+00
-1.641510e-09 0.000000e+00 0.000000e+00
-1.466062e-09 0.000000e+00 0.000000e+00
-1.438710e-09 0.000000e+00 0.000000e+00
-1.430315e-09 0.000000e+00 0.000000e+00
-1.391713e-09 0.000000e+00 0.000000e+00
-1.469199e-09 0.000000e+00 0.000000e+00
3.780549e-11 0.000000e+00 0.000000e+00
-4.170668e-10 0.000000e+00 0.000000e+00
3.236115e-10 0.000000e+00 0.000000e+00
1.751415e-10 0.000000e+00 0.000000e+00
9.164508e-10 0.000000e+00 0.000000e+00
4.162201e-11 0.000000e+00 0.000000e+00
-2.606092e-10 0.000000e+00 0.000000e+00
1.113431e-10 0.000000e+00 0.000000e+00
-7.311575e-11 0.000000e+00 0.000000e+00
2.216015e-10 0.000000e+00 0.000000e+00
-3.842233e-11 0.000000e+00 0.000000e+00
-5.922308e-10 0.000000e+00 0.000000e+00
-2.319720e-10 0.000000e+00 0.000000e+00
-1.426547e-10 0.000000e+00 0.000000e+00
3.965793e-11 0.000000e+00 0.000000e+00
-6.883578e-12 0.000000e+00 0.000000e+00
-3.369009e-10 0.000000e+00 0.000000e+00
-4.085115e-10 0.000000e+00 0.000000e+00
-3.564036e-10 0.000000e+00 0.000000e+00
-3.407057e-10 0.000000e+00 0.000000e+00
-6.090302e-10 0.000000e+00 0.000000e+00
-3.987458e-10 0.000000e+00 0.000000e+00
-4.963806e-10 0.000000e+00 0.000000e+00
-4.493915e-10 0.000000e+00 0.000000e+00
-4.658288e-10 0.000000e+00 0.000000e+00
-4.830982e-10 0.000000e+00 0.000000e+00
-5.019891e-10 0.000000e+00 0.000000e+00
-5.617554e-10 0.000000e+00 0.000000e+00
-6.140473e-10 0.000000e+00 0.000000e+00
-5.278703e-10 0.000000e+00 0.000000e+00
-4.355855e-10 0.000000e+00 0.000000e+00
-4.345805e-10 0.000000e+00 0.000000e+00
-4.237386e-10 0.000000e+00 0.000000e+00
-4.414620e-10 0.000000e+00 0.000000e+00
-3.732841e-10 0.000000e+00 0.000000e+00
-4.132827e-10 0.000000e+00 0.000000e+00
-4.173296e-10 0.000000e+00 0.000000e+00
-4.367962e-10 0.000000e+00 0.000000e+00
-3.910979e-10 0.000000e+00 0.000000e+00
-4.173068e-10 0.000000e+00 0.000000e+00
-4.430436e-10 0.000000e+00 0.000000e+00
-4.421095e-10 0.000000e+00 0.000000e+00
-4.417564e-10 0.000000e+00 0.000000e+00
-4.362594e-10 0.000000e+00 0.000000e+00
-4.383497e-10 0.000000e+00 0.000000e+00
-8.431726e-11 0.000000e+00 0.000000e+00
-6.191282e-11 0.000000e+00 0.000000e+00
-2.671794e-10 0.000000e+00 0.000000e+00
-7.023951e-11 0.000000e+00 0.000000e+00
-1.462676e-11 0.000000e+00 0.000000e+00
-2.107430e-10 0.000000e+00 0.000000e+00
-2.594021e-10 0.000000e+00 0.000000e+00
-1.738723e-10 0.000000e+00 0.000000e+00
-1.003077e-10 0.000000e+00 0.000000e+00
-1.910231e-10 0.000000e+00 0.000000e+00
-1.364892e-10 0.000000e+00 0.000000e+00
-5.970361e-11 0.000000e+00 0.000000e+00
-1.460481e-10 0.000000e+00 0.000000e+00
-1.097406e-10 0.000000e+00 0.000000e+00
-1.505245e-10 0.000000e+00 0.000000e+00
-6.577495e-11 0.000000e+00 0.000000e+00
-1.127143e-10 0.000000e+00 0.000000e+00
-8.367308e-11 0.000000e+00 0.000000e+00
-6.539621e-11 0.000000e+00 0.000000e+00
-1.151730e-10 0.000000e+00 0.000000e+00
2.913362e-10 0.000000e+00 0.000000e+00
4.442451e-10 0.000000e+00 0.000000e+00
3.864906e-10 0.000000e+00 0.000000e+00
4.341368e-10 0.000000e+00 0.000000e+00
3.583190e-10 0.000000e+00 0.000000e+00
4.873409e-10 0.000000e+00 0.000000e+00
6.736989e-10 0.000000e+00 0.000000e+00
4.756902e-10 0.000000e+00 0.000000e+00
5.249195e-10 0.000000e+00 0.000000e+00
4.220175e-10 0.000000e+00 0.000000e+00
5.581175e-10 0.000000e+00 0.000000e+00
5.736397e-10 0.000000e+00 0.000000e+00
5.668176e-10 0.000000e+00 0.000000e+00
4.852945e-10 0.000000e+00 0.000000e+00
5.398266e-10 0.000000e+00 0.000000e+00
6.500051e-10 0.000000e+00 0.000000e+00
7.055716e-10 0.000000e+00 0.000000e+00
6.492056e-10 0.000000e+00 0.000000e+00
8.224907e-10 0.000000e+00 0.000000e+00
8.504666e-10 0.000000e+00 0.000000e+00
7.336653e-10 0.000000e+00 0.000000e+00
6.852200e-10 0.000000e+00 0.000000e+00
6.511020e-10 0.000000e+00 0.000000e+00
7.268115e-10 0.000000e+00 0.000000e+00
7.331571e-10 0.000000e+00 0.000000e+00
7.896923e-10 0.000000e+00 0.000000e+00
7.900240e-10 0.000000e+00 0.000000e+00
7.930880e-10 0.000000e+00 0.000000e+00
8.024087e-10 0.000000e+00 0.000000e+00
7.973042e-10 0.000000e+00 0.000000e+00
1.514323e-09 0.000000e+00 0.000000e+00
9.949379e-10 0.000000e+00 0.000000e+00
1.414636e-09 0.000000e+00 0.000000e+00
1.593435e-09 0.000000e+00 0.000000e+00
1.278601e-09 0.000000e+00 0.000000e+00
1.524113e-09 0.000000e+00 0.000000e+00
1.438868e-09 0.000000e+00 0.000000e+00
1.412377e-09 0.000000e+00 0.000000e+00
2.102351e-09 0.000000e+00 0.000000e+00
1.323049e-09 0.000000e+00 0.000000e+00
1.505684e-09 0.000000e+00 0.000000e+00
1.642693e-09 0.000000e+00 0.000000e+00
1.637702e-09 0.000000e+00 0.000000e+00
1.458789e-09 0.000000e+00 0.000000e+00
1.446565e-09 0.000000e+00 0.000000e+00
1.555490e-09 0.000000e+00 0.000000e+00
1.561221e-09 0.000000e+00 0.000000e+00
1.581238e-09 0.000000e+00 0.000000e+00
1.526960e-09 0.000000e+00 0.000000e+00
1.648364e-09 0.000000e+00 0.000000e+00
1.904171e-09 0.000000e+00 0.000000e+00
1.828370e-09 0.000000e+00 0.000000e+00
1.884617e-09 0.000000e+00 0.000000e+00
1.726607e-09 0.000000e+00 0.000000e+00
1.781878e-09 0.000000e+00 0.000000e+00
2.047381e-09 0.000000e+00 0.000000e+00
1.894208e-09 0.000000e+00 0.000000e+00
1.989795e-09 0.000000e+00 0.000000e+00
1.906680e-09 0.000000e+00 0.000000e+00
2.215556e-09 0.000000e+00 0.000000e+00
1.531475e-09 0.000000e+00 0.000000e+00
1.513529e-09 0.000000e+00 0.000000e+00
1.535311e-09 0.000000e+00 0.000000e+00
1.554148e-09 0.000000e+00 0.000000e+00
1.532709e-09 0.000000e+00 0.000000e+00
1.918254e-09 0.000000e+00 0.000000e+00
1.911243e-09 0.000000e+00 0.000000e+00
1.950651e-09 0.000000e+00 0.000000e+00
1.907742e-09 0.000000e+00 0.000000e+00
1.857310e-09 0.000000e+00 0.000000e+00
1.952225e-09 0.000000e+00 0.000000e+00
1.992506e-09 0.000000e+00 0.000000e+00
2.073555e-09 0.000000e+00 0.000000e+00
1.999792e-09 0.000000e+00 0.000000e+00
2.004131e-09 0.000000e+00 0.000000e+00
1.383281e-09 0.000000e+00 0.000000e+00
1.698086e-09 0.000000e+00 0.000000e+00
2.667827e-09 0.000000e+00 0.000000e+00
2.365925e-09 0.000000e+00 0.000000e+00
2.569808e-09 0.000000e+00 0.000000e+00
2.391804e-09 0.000000e+00 0.000000e+00
2.402762e-09 0.000000e+00 0.000000e+00
2.286942e-09 0.000000e+00 0.000000e+00
2.321855e-09 0.000000e+00 0.000000e+00
2.368103e-09 0.000000e+00 0.000000e+00
2.433546e-09 0.000000e+00 0.000000e+00
2.425684e-09 0.000000e+00 0.000000e+00
2.454811e-09 0.000000e+00 0.000000e+00
2.463645e-09 0.000000e+00 0.000000e+00
2.458246e-09 0.000000e+00 0.000000e+00
2.773335e-09 0.000000e+00 0.000000e+00
2.862886e-09 0.000000e+00 0.000000e+00
2.748057e-09 0.000000e+00 0.000000e+00
2.785918e-09 0.000000e+00 0.000000e+00
2.817761e-09 0.000000e+00 0.000000e+00
1.928027e-09 0.000000e+00 0.000000e+00
1.915435e-09 0.000000e+00 0.000000e+00
1.937628e-09 0.000000e+00 0.000000e+00
1.922298e-09 0.000000e+00 0.000000e+00
1.903672e-09 0.000000e+00 0.000000e+00
3.069995e-09 0.000000e+00 0.000000e+00
3.107539e-09 0.000000e+00 0.000000e+00
2.991746e-09 0.000000e+00 0.000000e+00
2.952249e-09 0.000000e+00 0.000000e+00
2.925804e-09 0.000000e+00 0.000000e+00
3.043468e-09 0.000000e+00 0.000000e+00
3.143973e-09 0.000000e+00 0.000000e+00
3.076977e-09 0.000000e+00 0.000000e+00
3.162999e-09 0.000000e+00 0.000000e+00
3.103125e-09 0.000000e+00 0.000000e+00
2.123492e-09 0.000000e+00 0.000000e+00
2.104038e-09 0.000000e+00 0.000000e+00
2.094523e-09 0.000000e+00 0.000000e+00
2.091800e-09 0.000000e+00 0.000000e+00
2.135242e-09 0.000000e+00 0.000000e+00
2.729902e-09 0.000000e+00 0.000000e+00
2.661981e-09 0.000000e+00 0.000000e+00
2.702493e-09 0.000000e+00 0.000000e+00
2.683568e-09 0.000000e+00 0.000000e+00
2.709883e-09 0.000000e+00 0.000000e+00
-6.116770e-10 0.000000e+00 0.000000e+00
-5.572667e-10 0.000000e+00 0.000000e+00
-6.015751e-10 0.000000e+00 0.000000e+00
-5.536871e-10 0.000000e+00 0.000000e+00
-5.816276e-10 0.000000e+00 0.000000e+00
-6.075697e-10 0.000000e+00 0.000000e+00
-6.314830e-10 0.000000e+00 0.000000e+00
-5.934228e-10 0.000000e+00 0.000000e+00
-6.281670e-10 0.000000e+00 0.000000e+00
-6.299627e-10 0.000000e+00 0.000000e+00
-6.323442e-10 0.000000e+00 0.000000e+00
-6.321415e-10 0.000000e+00 0.000000e+00
-6.305948e-10 0.000000e+00 0.000000e+00
-6.316898e-10 0.000000e+00 0.000000e+00
-6.070243e-10 0.000000e+00 0.000000e+00
5.539084e-10 0.000000e+00 0.000000e+00
6.183549e-10 0.000000e+00 0.000000e+00
6.166089e-10 0.000000e+00 0.000000e+00
6.203923e-10 0.000000e+00 0.000000e+00
6.220002e-10 0.000000e+00 0.000000e+00
-5.627653e-10 0.000000e+00 0.000000e+00
-5.225705e-10 0.000000e+00 0.000000e+00
-5.293914e-10 0.000000e+00 0.000000e+00
-4.213114e-10 0.000000e+00 0.000000e+00
-5.634681e-10 0.000000e+00 0.000000e+00
-6.318124e-10 0.000000e+00 0.000000e+00
-6.130686e-10 0.000000e+00 0.000000e+00
-6.327384e-10 0.000000e+00 0.000000e+00
-6.323456e-10 0.000000e+00 0.000000e+00
-6.321791e-10 0.000000e+00 0.000000e+00
-6.216227e-10 0.000000e+00 0.000000e+00
-6.310220e-10 0.000000e+00 0.000000e+00
-6.290829e-10 0.000000e+00 0.000000e+00
-6.238337e-10 0.000000e+00 0.000000e+00
-6.277545e-10 0.000000e+00 0.000000e+00
-6.216325e-10 0.000000e+00 0.000000e+00
-6.234127e-10 0.000000e+00 0.000000e+00
-6.195628e-10 0.000000e+00 0.000000e+00
-6.157575e-10 0.000000e+00 0.000000e+00
-6.135781e-10 0.000000e+00 0.000000e+00
-6.321176e-10 0.000000e+00 0.000000e+00
-6.326522e-10 0.000000e+00 0.000000e+00
-6.327759e-10 0.000000e+00 0.000000e+00
-6.321953e-10 0.000000e+00 0.000000e+00
-6.322480e-10 0.000000e+00 0.000000e+00
-5.109117e-10 0.000000e+00 0.000000e+00
-4.911583e-10 0.000000e+00 0.000000e+00
-4.925210e-10 0.000000e+00 0.000000e+00
-5.030481e-10 0.000000e+00 0.000000e+00
-5.082898e-10 0.000000e+00 0.000000e+00
-4.835133e-10 0.000000e+00 0.000000e+00
-4.897550e-10 0.000000e+00 0.000000e+00
-4.891779e-10 0.000000e+00 0.000000e+00
-4.959327e-10 0.000000e+00 0.000000e+00
-4.901169e-10 0.000000e+00 0.000000e+00
2.917675e-10 0.000000e+00 0.000000e+00
3.001200e-10 0.000000e+00 0.000000e+00
2.874421e-10 0.000000e+00 0.000000e+00
2.859058e-10 0.000000e+00 0.000000e+00
2.894921e-10 0.000000e+00 0.000000e+00
1.159635e-09 0.000000e+00 0.000000e+00
1.126891e-09 0.000000e+00 0.000000e+00
1.061095e-09 0.000000e+00 0.000000e+00
1.044771e-09 0.000000e+00 0.000000e+00
1.056317e-09 0.000000e+00 0.000000e+00
1.138372e-09 0.000000e+00 0.000000e+00
1.159507e-09 0.000000e+00 0.000000e+00
1.134991e-09 0.000000e+00 0.000000e+00
1.164079e-09 0.000000e+00 0.000000e+00
1.176935e-09 0.000000e+00 0.000000e+00
-3.916146e-10 0.000000e+00 0.000000e+00
-3.928948e-10 0.000000e+00 0.000000e+00
-3.867347e-10 0.000000e+00 0.000000e+00
-3.966690e-10 0.000000e+00 0.000000e+00
-3.906163e-10 0.000000e+00 0.000000e+00
-5.617767e-10 0.000000e+00 0.000000e+00
-5.496452e-10 0.000000e+00 0.000000e+00
-5.407714e-10 0.000000e+00 0.000000e+00
-5.617404e-10 0.000000e+00 0.000000e+00
-5.647254e-10 0.000000e+00 0.000000e+00
-5.957909e-10 0.000000e+00 0.000000e+00
-6.043525e-10 0.000000e+00 0.000000e+00
-6.027278e-10 0.000000e+00 0.000000e+00
-6.127279e-10 0.000000e+00 0.000000e+00
-6.126548e-10 0.000000e+00 0.000000e+00
-5.962579e-10 0.000000e+00 0.000000e+00
-5.889779e-10 0.000000e+00 0.000000e+00
-6.004364e-10 0.000000e+00 0.000000e+00
-5.956874e-10 0.000000e+00 0.000000e+00
-6.006211e-10 0.000000e+00 0.000000e+00
-5.909562e-10 0.000000e+00 0.000000e+00
-5.905135e-10 0.000000e+00 0.000000e+00
-5.915977e-10 0.000000e+00 0.000000e+00
-5.927692e-10 0.000000e+00 0.000000e+00
-5.912540e-10 0.000000e+00 0.000000e+00
-6.227452e-10 0.000000e+00 0.000000e+00
-6.241479e-10 0.000000e+00 0.000000e+00
-6.241121e-10 0.000000e+00 0.000000e+00
-6.232534e-10 0.000000e+00 0.000000e+00
-6.225402e-10 0.000000e+00 0.000000e+00
-6.255229e-10 0.000000e+00 0.000000e+00
-6.247037e-10 0.000000e+00 0.000000e+00
-6.208547e-10 0.000000e+00 0.000000e+00
-6.222015e-10 0.000000e+00 0.000000e+00
-6.254502e-10 0.000000e+00 0.000000e+00
-6.191834e-10 0.000000e+00 0.000000e+00
-6.176262e-10 0.000000e+00 0.000000e+00
-6.199337e-10 0.000000e+00 0.000000e+00
-6.191482e-10 0.000000e+00 0.000000e+00
-6.200444e-10 0.000000e+00 0.000000e+00
-6.303998e-10 0.000000e+00 0.000000e+00
-6.305500e-10 0.000000e+00 0.000000e+00
-6.311148e-10 0.000000e+00 0.000000e+00
-6.310324e-10 0.000000e+00 0.000000e+00
-6.305468e-10 0.000000e+00 0.000000e+00
-6.192200e-10 0.000000e+00 0.000000e+00
-6.184574e-10 0.000000e+00 0.000000e+00
-6.179059e-10 0.000000e+00 0.000000e+00
-6.190925e-10 0.000000e+00 0.000000e+00
-6.179534e-10 0.000000e+00 0.000000e+00
1.400107e-10 0.000000e+00 0.000000e+00
1.358133e-10 0.000000e+00 0.000000e+00
9.996515e-11 0.000000e+00 0.000000e+00
1.236085e-10 0.000000e+00 0.000000e+00
7.532921e-11 0.000000e+00 0.000000e+00
1.452892e-10 0.000000e+00 0.000000e+00
1.504008e-10 0.000000e+00 0.000000e+00
1.409742e-10 0.000000e+00 0.000000e+00
1.342528e-10 0.000000e+00 0.000000e+00
1.397666e-10 0.000000e+00 0.000000e+00
-2.261645e-10 0.000000e+00 0.000000e+00
-2.546587e-10 0.000000e+00 0.000000e+00
-2.669605e-10 0.000000e+00 0.000000e+00
-2.598367e-10 0.000000e+00 0.000000e+00
-2.901021e-10 0.000000e+00 0.000000e+00
-2.408921e-10 0.000000e+00 0.000000e+00
-2.173724e-10 0.000000e+00 0.000000e+00
-2.441750e-10 0.000000e+00 0.000000e+00
-2.417569e-10 0.000000e+00 0.000000e+00
-2.482125e-10 0.000000e+00 0.000000e+00
-2.130149e-10 0.000000e+00 0.000000e+00
-2.244632e-10 0.000000e+00 0.000000e+00
-2.124725e-10 0.000000e+00 0.000000e+00
-2.146317e-10 0.000000e+00 0.000000e+00
-2.140766e-10 0.000000e+00 0.000000e+00
-3.204070e-10 0.000000e+00 0.000000e+00
-3.162489e-10 0.000000e+00 0.000000e+00
-3.173929e-10 0.000000e+00 0.000000e+00
-3.161545e-10 0.000000e+00 0.000000e+00
-3.186204e-10 0.000000e+00 0.000000e+00
6.470115e-10 0.000000e+00 0.000000e+00
6.664437e-10 0.000000e+00 0.000000e+00
6.118283e-10 0.000000e+00 0.000000e+00
6.531377e-10 0.000000e+00 0.000000e+00
6.503968e-10 0.000000e+00 0.000000e+00
6.098782e-10 0.000000e+00 0.000000e+00
5.967156e-10 0.000000e+00 0.000000e+00
6.100082e-10 0.000000e+00 0.000000e+00
5.526634e-10 0.000000e+00 0.000000e+00
5.852690e-10 0.000000e+00 0.000000e+00
4.094036e-11 0.000000e+00 0.000000e+00
6.747449e-11 0.000000e+00 0.000000e+00
6.169403e-11 0.000000e+00 0.000000e+00
6.384015e-11 0.000000e+00 0.000000e+00
5.200717e-11 0.000000e+00 0.000000e+00
4.275157e-10 0.000000e+00 0.000000e+00
-8.259193e-11 0.000000e+00 0.000000e+00
5.926118e-10 0.000000e+00 0.000000e+00
6.322729e-10 0.000000e+00 0.000000e+00
6.266671e-10 0.000000e+00 0.000000e+00
6.146613e-10 0.000000e+00 0.000000e+00
6.110948e-10 0.000000e+00 0.000000e+00
6.076257e-10 0.000000e+00 0.000000e+00
6.048244e-10 0.000000e+00 0.000000e+00
6.102870e-10 0.000000e+00 0.000000e+00
5.998760e-10 0.000000e+00 0.000000e+00
6.024541e-10 0.000000e+00 0.000000e+00
6.015294e-10 0.000000e+00 0.000000e+00
6.021373e-10 0.000000e+00 0.000000e+00
5.999949e-10 0.000000e+00 0.000000e+00
6.325051e-10 0.000000e+00 0.000000e+00
6.304735e-10 0.000000e+00 0.000000e+00
6.285015e-10 0.000000e+00 0.000000e+00
6.315850e-10 0.000000e+00 0.000000e+00
5.551446e-10 0.000000e+00 0.000000e+00
6.304933e-10 0.000000e+00 0.000000e+00
6.061388e-10 0.000000e+00 0.000000e+00
6.326223e-10 0.000000e+00 0.000000e+00
6.319855e-10 0.000000e+00 0.000000e+00
6.323680e-10 0.000000e+00 0.000000e+00
-2.423528e-09 0.000000e+00 0.000000e+00
-1.766680e-09 0.000000e+00 0.000000e+00
-2.002640e-09 0.000000e+00 0.000000e+00
-1.738780e-09 0.000000e+00 0.000000e+00
-1.751527e-09 0.000000e+00 0.000000e+00
-6.658218e-10 0.000000e+00 0.000000e+00
-2.021721e-09 0.000000e+00 0.000000e+00
-1.996885e-09 0.000000e+00 0.000000e+00
-2.026093e-09 0.000000e+00 0.000000e+00
-1.919673e-09 0.000000e+00 0.000000e+00
-2.248982e-09 0.000000e+00 0.000000e+00
-2.193958e-09 0.000000e+00 0.000000e+00
-2.090901e-09 0.000000e+00 0.000000e+00
-2.073446e-09 0.000000e+00 0.000000e+00
-2.409056e-09 0.000000e+00 0.000000e+00
-2.775336e-09 0.000000e+00 0.000000e+00
-2.623813e-09 0.000000e+00 0.000000e+00
-2.517548e-09 0.000000e+00 0.000000e+00
-2.565879e-09 0.000000e+00 0.000000e+00
-2.520221e-09 0.000000e+00 0.000000e+00
-1.015690e-09 0.000000e+00 0.000000e+00
-1.015499e-09 0.000000e+00 0.000000e+00
-1.001257e-09 0.000000e+00 0.000000e+00
-1.016482e-09 0.000000e+00 0.000000e+00
-9.894261e-10 0.000000e+00 0.000000e+00
-1.118461e-09 0.000000e+00 0.000000e+00
-1.130421e-09 0.000000e+00 0.000000e+00
-1.129436e-09 0.000000e+00 0.000000e+00
-1.160291e-09 0.000000e+00 0.000000e+00
-1.133411e-09 0.000000e+00 0.000000e+00
-1.354512e-09 0.000000e+00 0.000000e+00
-1.368003e-09 0.000000e+00 0.000000e+00
-1.392462e-09 0.000000e+00 0.000000e+00
-1.406850e-09 0.000000e+00 0.000000e+00
-1.385318e-09 0.000000e+00 0.000000e+00
-2.020320e-09 0.000000e+00 0.000000e+00
-2.037911e-09 0.000000e+00 0.000000e+00
-2.069051e-09 0.000000e+00 0.000000e+00
-2.215714e-09 0.000000e+00 0.000000e+00
-2.241842e-09 0.000000e+00 0.000000e+00
-4.276734e-10 0.000000e+00 0.000000e+00
-5.501667e-10 0.000000e+00 0.000000e+00
-5.482741e-10 0.000000e+00 0.000000e+00
-5.459847e-10 0.000000e+00 0.000000e+00
-5.541657e-10 0.000000e+00 0.000000e+00
-6.327675e-10 0.000000e+00 0.000000e+00
-6.327515e-10 0.000000e+00 0.000000e+00
-6.327515e-10 0.000000e+00 0.000000e+00
-6.327720e-10 0.000000e+00 0.000000e+00
-6.327211e-10 0.000000e+00 0.000000e+00
-1.842963e-09 0.000000e+00 0.000000e+00
-1.848622e-09 0.000000e+00 0.000000e+00
-1.822681e-09 0.000000e+00 0.000000e+00
-1.845743e-09 0.000000e+00 0.000000e+00
-1.799669e-09 0.000000e+00 0.000000e+00
-2.048487e-09 0.000000e+00 0.000000e+00
-2.066007e-09 0.000000e+00 0.000000e+00
-2.073689e-09 0.000000e+00 0.000000e+00
-2.080302e-09 0.000000e+00 0.000000e+00
-2.055731e-09 0.000000e+00 0.000000e+00
-2.128490e-09 0.000000e+00 0.000000e+00
-2.125914e-09 0.000000e+00 0.000000e+00
-2.151118e-09 0.000000e+00 0.000000e+00
-2.116942e-09 0.000000e+00 0.000000e+00
-2.168989e-09 0.000000e+00 0.000000e+00
1.416441e-10 0.000000e+00 0.000000e+00
3.310164e-10 0.000000e+00 0.000000e+00
7.383373e-11 0.000000e+00 0.000000e+00
6.156556e-10 0.000000e+00 0.000000e+00
6.166540e-10 0.000000e+00 0.000000e+00
6.303882e-10 0.000000e+00 0.000000e+00
6.303832e-10 0.000000e+00 0.000000e+00
6.290785e-10 0.000000e+00 0.000000e+00
6.308731e-10 0.000000e+00 0.000000e+00
6.304912e-10 0.000000e+00 0.000000e+00
5.937759e-10 0.000000e+00 0.000000e+00
6.026419e-10 0.000000e+00 0.000000e+00
5.439187e-10 0.000000e+00 0.000000e+00
5.486882e-10 0.000000e+00 0.000000e+00
5.553307e-10 0.000000e+00 0.000000e+00
-4.839305e-10 0.000000e+00 0.000000e+00
-1.246760e-10 0.000000e+00 0.000000e+00
-1.351651e-10 0.000000e+00 0.000000e+00
-5.202743e-10 0.000000e+00 0.000000e+00
-5.334676e-10 0.000000e+00 0.000000e+00
5.416897e-10 0.000000e+00 0.000000e+00
3.935771e-10 0.000000e+00 0.000000e+00
-3.841677e-10 0.000000e+00 0.000000e+00
-4.286397e-10 0.000000e+00 0.000000e+00
-4.606424e-10 0.000000e+00 0.000000e+00
-4.850972e-10 0.000000e+00 0.000000e+00
-4.791471e-10 0.000000e+00 0.000000e+00
-5.037749e-10 0.000000e+00 0.000000e+00
-5.193813e-10 0.000000e+00 0.000000e+00
-5.087675e-10 0.000000e+00 0.000000e+00
5.315024e-10 0.000000e+00 0.000000e+00
4.273168e-10 0.000000e+00 0.000000e+00
3.837156e-10 0.000000e+00 0.000000e+00
5.441766e-10 0.000000e+00 0.000000e+00
5.381287e-10 0.000000e+00 0.000000e+00
6.296055e-10 0.000000e+00 0.000000e+00
5.926756e-10 0.000000e+00 0.000000e+00
6.300721e-10 0.000000e+00 0.000000e+00
5.894800e-10 0.000000e+00 0.000000e+00
6.221739e-10 0.000000e+00 0.000000e+00
6.314823e-10 0.000000e+00 0.000000e+00
6.324952e-10 0.000000e+00 0.000000e+00
6.285956e-10 0.000000e+00 0.000000e+00
6.308924e-10 0.000000e+00 0.000000e+00
6.314327e-10 0.000000e+00 0.000000e+00
6.274590e-10 0.000000e+00 0.000000e+00
6.262523e-10 0.000000e+00 0.000000e+00
6.288999e-10 0.000000e+00 0.000000e+00
6.260745e-10 0.000000e+00 0.000000e+00
6.290110e-10 0.000000e+00 0.000000e+00
5.748798e-10 0.000000e+00 0.000000e+00
6.012571e-10 0.000000e+00 0.000000e+00
6.076178e-10 0.000000e+00 0.000000e+00
6.142790e-10 0.000000e+00 0.000000e+00
6.070990e-10 0.000000e+00 0.000000e+00
5.840370e-10 0.000000e+00 0.000000e+00
5.921658e-10 0.000000e+00 0.000000e+00
5.878388e-10 0.000000e+00 0.000000e+00
5.951209e-10 0.000000e+00 0.000000e+00
5.698412e-10 0.000000e+00 0.000000e+00
-4.056417e-10 0.000000e+00 0.000000e+00
-3.643449e-10 0.000000e+00 0.000000e+00
-3.578867e-10 0.000000e+00 0.000000e+00
-3.951799e-11 0.000000e+00 0.000000e+00
-3.851744e-10 0.000000e+00 0.000000e+00
5.098897e-12 0.000000e+00 0.000000e+00
3.358466e-10 0.000000e+00 0.000000e+00
3.710896e-10 0.000000e+00 0.000000e+00
4.949534e-10 0.000000e+00 0.000000e+00
4.959648e-10 0.000000e+00 0.000000e+00
3.506616e-10 0.000000e+00 0.000000e+00
4.218132e-10 0.000000e+00 0.000000e+00
-3.518473e-10 0.000000e+00 0.000000e+00
-3.296071e-10 0.000000e+00 0.000000e+00
-3.289625e-10 0.000000e+00 0.000000e+00
-3.593436e-10 0.000000e+00 0.000000e+00
-3.536214e-10 0.000000e+00 0.000000e+00
-3.655587e-10 0.000000e+00 0.000000e+00
-3.652003e-10 0.000000e+00 0.000000e+00
-3.557743e-10 0.000000e+00 0.000000e+00
-4.397024e-10 0.000000e+00 0.000000e+00
-4.063353e-10 0.000000e+00 0.000000e+00
-4.028861e-10 0.000000e+00 0.000000e+00
-4.089733e-10 0.000000e+00 0.000000e+00
-4.078352e-10 0.000000e+00 0.000000e+00
-6.327116e-10 0.000000e+00 0.000000e+00
-6.327521e-10 0.000000e+00 0.000000e+00
-5.228808e-10 0.000000e+00 0.000000e+00
-5.207901e-10 0.000000e+00 0.000000e+00
-5.195245e-10 0.000000e+00 0.000000e+00
-5.464717e-10 0.000000e+00 0.000000e+00
-5.470567e-10 0.000000e+00 0.000000e+00
-5.487449e-10 0.000000e+00 0.000000e+00
-5.467589e-10 0.000000e+00 0.000000e+00
-5.506496e-10 0.000000e+00 0.000000e+00
-6.083101e-10 0.000000e+00 0.000000e+00
-6.078584e-10 0.000000e+00 0.000000e+00
-6.063529e-10 0.000000e+00 0.000000e+00
-6.058158e-10 0.000000e+00 0.000000e+00
-6.074433e-10 0.000000e+00 0.000000e+00
4.828490e-10 0.000000e+00 0.000000e+00
4.821256e-10 0.000000e+00 0.000000e+00
4.816017e-10 0.000000e+00 0.000000e+00
4.713464e-10 0.000000e+00 0.000000e+00
4.837692e-10 0.000000e+00 0.000000e+00
-1.733679e-10 0.000000e+00 0.000000e+00
-3.716843e-11 0.000000e+00 0.000000e+00
-6.536056e-11 0.000000e+00 0.000000e+00
-5.750281e-11 0.000000e+00 0.000000e+00
-5.078227e-11 0.000000e+00 0.000000e+00
4.817034e-10 0.000000e+00 0.000000e+00
1.851533e-10 0.000000e+00 0.000000e+00
1.857585e-10 0.000000e+00 0.000000e+00
1.800081e-10 0.000000e+00 0.000000e+00
1.729191e-10 0.000000e+00 0.000000e+00
9.921861e-10 0.000000e+00 0.000000e+00
1.003320e-09 0.000000e+00 0.000000e+00
9.912109e-10 0.000000e+00 0.000000e+00
9.973516e-10 0.000000e+00 0.000000e+00
9.656804e-10 0.000000e+00 0.000000e+00
1.013877e-09 0.000000e+00 0.000000e+00
3.342273e-09 0.000000e+00 0.000000e+00
3.367073e-09 0.000000e+00 0.000000e+00
3.262933e-09 0.000000e+00 0.000000e+00
3.340352e-09 0.000000e+00 0.000000e+00
3.530852e-09 0.000000e+00 0.000000e+00
3.590286e-09 0.000000e+00 0.000000e+00
3.543212e-09 0.000000e+00 0.000000e+00
3.706351e-09 0.000000e+00 0.000000e+00
3.484763e-09 0.000000e+00 0.000000e+00
3.839621e-09 0.000000e+00 0.000000e+00
3.748624e-09 0.000000e+00 0.000000e+00
3.679806e-09 0.000000e+00 0.000000e+00
3.960564e-09 0.000000e+00 0.000000e+00
3.703575e-09 0.000000e+00 0.000000e+00
3.847185e-09 0.000000e+00 0.000000e+00
3.997441e-09 0.000000e+00 0.000000e+00
3.818145e-09 0.000000e+00 0.000000e+00
3.834847e-09 0.000000e+00 0.000000e+00
3.883076e-09 0.000000e+00 0.000000e+00
3.213292e-09 0.000000e+00 0.000000e+00
3.242648e-09 0.000000e+00 0.000000e+00
3.246152e-09 0.000000e+00 0.000000e+00
3.251144e-09 0.000000e+00 0.000000e+00
3.237268e-09 0.000000e+00 0.000000e+00
4.040206e-09 0.000000e+00 0.000000e+00
4.552080e-09 0.000000e+00 0.000000e+00
4.110395e-09 0.000000e+00 0.000000e+00
4.088421e-09 0.000000e+00 0.000000e+00
4.233042e-09 0.000000e+00 0.000000e+00
1.119727e-09 0.000000e+00 0.000000e+00
1.107391e-09 0.000000e+00 0.000000e+00
1.100168e-09 0.000000e+00 0.000000e+00
-4.777535e-10 0.000000e+00 0.000000e+00
-4.508210e-10 0.000000e+00 0.000000e+00
-2.691649e-09 0.000000e+00 0.000000e+00
-2.666651e-09 0.000000e+00 0.000000e+00
-2.794619e-09 0.000000e+00 0.000000e+00
-2.847914e-09 0.000000e+00 0.000000e+00
-2.860165e-09 0.000000e+00 0.000000e+00
1.496858e-10 0.000000e+00 0.000000e+00
1.491053e-10 0.000000e+00 0.000000e+00
7.089522e-11 0.000000e+00 0.000000e+00
6.327605e-10 0.000000e+00 0.000000e+00
6.327555e-10 0.000000e+00 0.000000e+00
6.175515e-10 0.000000e+00 0.000000e+00
6.119409e-10 0.000000e+00 0.000000e+00
6.175930e-10 0.000000e+00 0.000000e+00
6.179757e-10 0.000000e+00 0.000000e+00
6.133900e-10 0.000000e+00 0.000000e+00
6.324333e-10 0.000000e+00 0.000000e+00
6.321840e-10 0.000000e+00 0.000000e+00
6.324365e-10 0.000000e+00 0.000000e+00
6.326725e-10 0.000000e+00 0.000000e+00
6.322252e-10 0.000000e+00 0.000000e+00
1.232815e-10 0.000000e+00 0.000000e+00
5.897600e-10 0.000000e+00 0.000000e+00
5.966741e-10 0.000000e+00 0.000000e+00
5.870069e-10 0.000000e+00 0.000000e+00
5.807943e-10 0.000000e+00 0.000000e+00
5.930838e-10 0.000000e+00 0.000000e+00
6.025582e-10 0.000000e+00 0.000000e+00
5.923462e-10 0.000000e+00 0.000000e+00
5.903633e-10 0.000000e+00 0.000000e+00
5.902529e-10 0.000000e+00 0.000000e+00
4.821266e-10 0.000000e+00 0.000000e+00
4.723126e-10 0.000000e+00 0.000000e+00
4.551411e-10 0.000000e+00 0.000000e+00
2.632371e-10 0.000000e+00 0.000000e+00
-1.913958e-10 0.000000e+00 0.000000e+00
3.559031e-10 0.000000e+00 0.000000e+00
4.056633e-10 0.000000e+00 0.000000e+00
1.364957e-10 0.000000e+00 0.000000e+00
3.109594e-10 0.000000e+00 0.000000e+00
1.667269e-11 0.000000e+00 0.000000e+00
-1.509469e-10 0.000000e+00 0.000000e+00
-1.143634e-10 0.000000e+00 0.000000e+00
-1.328644e-10 0.000000e+00 0.000000e+00
-1.513712e-10 0.000000e+00 0.000000e+00
-1.407803e-10 0.000000e+00 0.000000e+00
-1.614268e-10 0.000000e+00 0.000000e+00
-1.765032e-10 0.000000e+00 0.000000e+00
-1.635093e-10 0.000000e+00 0.000000e+00
-1.639254e-10 0.000000e+00 0.000000e+00
-1.695533e-10 0.000000e+00 0.000000e+00
-4.887002e-11 0.000000e+00 0.000000e+00
-9.902978e-11 0.000000e+00 0.000000e+00
-1.184553e-10 0.000000e+00 0.000000e+00
-9.798145e-11 0.000000e+00 0.000000e+00
-1.191723e-10 0.000000e+00 0.000000e+00
-2.883413e-10 0.000000e+00 0.000000e+00
-2.542796e-10 0.000000e+00 0.000000e+00
-3.024188e-10 0.000000e+00 0.000000e+00
-2.647526e-10 0.000000e+00 0.000000e+00
-2.464511e-10 0.000000e+00 0.000000e+00
-2.854869e-10 0.000000e+00 0.000000e+00
-2.706615e-10 0.000000e+00 0.000000e+00
-2.811034e-10 0.000000e+00 0.000000e+00
-3.014336e-10 0.000000e+00 0.000000e+00
-2.879274e-10 0.000000e+00 0.000000e+00
4.187531e-10 0.000000e+00 0.000000e+00
4.415156e-10 0.000000e+00 0.000000e+00
4.037514e-10 0.000000e+00 0.000000e+00
4.874964e-10 0.000000e+00 0.000000e+00
4.773043e-10 0.000000e+00 0.000000e+00
6.262837e-10 0.000000e+00 0.000000e+00
6.255467e-10 0.000000e+00 0.000000e+00
6.259501e-10 0.000000e+00 0.000000e+00
6.264798e-10 0.000000e+00 0.000000e+00
6.258183e-10 0.000000e+00 0.000000e+00
5.114041e-10 0.000000e+00 0.000000e+00
5.247858e-10 0.000000e+00 0.000000e+00
5.286578e-10 0.000000e+00 0.000000e+00
5.122687e-10 0.000000e+00 0.000000e+00
5.277545e-10 0.000000e+00 0.000000e+00
5.180391e-10 0.000000e+00 0.000000e+00
5.119916e-10 0.000000e+00 0.000000e+00
5.181126e-10 0.000000e+00 0.000000e+00
5.091193e-10 0.000000e+00 0.000000e+00
