step K U E temp
0 1.423775e-21 -4.104397e-20 -3.962020e-20 2.062471e+02
1000 1.484929e-21 -3.562354e-20 2.586139e-20 2.151059e+02
2000 1.979357e-21 -2.983206e-20 5.260730e-20 2.867285e+02
3000 2.696674e-23 -2.851796e-20 1.315090e-19 3.906386e+00
4000 1.672795e-22 -2.753195e-20 1.726353e-19 2.423201e+01
5000 3.168714e-25 -3.955621e-20 2.404441e-19 4.590181e-02
6000 1.311394e-20 -4.045530e-20 2.926586e-19 1.899678e+03
7000 2.042724e-21 -3.640866e-20 4.456341e-19 2.959078e+02
8000 1.713751e-21 -4.068125e-20 4.810325e-19 2.482530e+02
9000 1.707935e-20 -3.941941e-20 5.376599e-19 2.474104e+03
10000 1.457776e-21 -3.993650e-20 6.030320e-19 2.111726e+02
11000 9.708982e-25 -3.996446e-20 6.009259e-19 1.406437e-01
12000 6.190915e-22 -3.974516e-20 7.208739e-19 8.968123e+01
13000 1.480150e-24 -4.082499e-20 7.591766e-19 2.144136e-01
14000 3.069361e-22 -4.014760e-20 7.601593e-19 4.446258e+01
15000 1.816869e-21 -4.067181e-20 7.611451e-19 2.631906e+02
16000 5.379274e-22 -4.064225e-20 7.999026e-19 7.792385e+01
17000 5.255612e-22 -4.050081e-20 9.280190e-19 7.613249e+01
18000 2.446699e-21 -3.747339e-20 1.045698e-18 3.544273e+02
19000 2.583553e-21 -3.187710e-20 1.090707e-18 3.742520e+02
20000 4.857531e-22 -2.608586e-20 1.174400e-18 7.036591e+01
21000 1.492887e-20 -2.818653e-20 1.226742e-18 2.162588e+03
22000 2.823948e-23 -3.447677e-20 1.292802e-18 4.090754e+00
23000 9.610854e-22 -4.019859e-20 1.333400e-18 1.392223e+02
24000 4.543359e-22 -4.101841e-20 1.411723e-18 6.581483e+01
25000 8.257027e-21 -4.100593e-20 1.459083e-18 1.196108e+03
26000 5.891252e-21 -4.105960e-20 1.471040e-18 8.534033e+02
27000 8.136911e-22 -4.049744e-20 1.494135e-18 1.178708e+02
28000 1.299934e-21 -3.927768e-20 1.522679e-18 1.883077e+02
29000 6.525690e-21 -3.885931e-20 1.580091e-18 9.453076e+02
30000 6.460359e-22 -3.897682e-20 1.700717e-18 9.358438e+01
31000 7.158091e-22 -4.095027e-20 1.725354e-18 1.036917e+02
32000 3.448394e-23 -3.293320e-20 1.767101e-18 4.995323e+00
33000 1.056032e-20 -3.433667e-20 1.776224e-18 1.529761e+03
34000 4.684629e-22 -3.874877e-20 1.842432e-18 6.786125e+01
35000 1.514054e-23 -3.704268e-20 1.851209e-18 2.193249e+00
36000 6.915044e-21 -3.343798e-20 1.893477e-18 1.001709e+03
37000 3.886443e-22 -3.476914e-20 1.885666e-18 5.629878e+01
38000 7.184002e-21 -2.796046e-20 1.939231e-18 1.040670e+03
39000 9.891008e-22 -2.769932e-20 1.974952e-18 1.432806e+02
40000 1.058248e-21 -2.588197e-20 2.016065e-18 1.532971e+02
41000 1.676532e-22 -2.977168e-20 2.059288e-18 2.428615e+01
42000 4.124912e-24 -2.399726e-20 2.096210e-18 5.975324e-01
43000 5.981621e-22 -7.083748e-21 2.153514e-18 8.664941e+01
44000 8.333519e-22 -3.732986e-21 2.157100e-18 1.207189e+02
45000 4.512535e-21 -5.202535e-21 2.159310e-18 6.536831e+02
46000 5.013827e-22 -1.729780e-20 2.148285e-18 7.263001e+01
47000 3.738528e-20 -1.323735e-20 2.304148e-18 5.415610e+03
48000 1.222166e-21 -2.339630e-20 2.265695e-18 1.770422e+02
49000 3.063789e-21 -3.895061e-20 2.371220e-18 4.438186e+02
50000 3.716070e-21 -2.953948e-20 2.436417e-18 5.383078e+02
51000 2.217427e-21 -3.227715e-20 2.529955e-18 3.212152e+02
52000 5.515125e-21 -3.486201e-20 2.570885e-18 7.989178e+02
53000 1.618270e-22 -3.210838e-20 2.657173e-18 2.344217e+01
54000 2.141048e-21 -3.435197e-20 2.696123e-18 3.101510e+02
55000 2.644965e-22 -3.471710e-20 2.689798e-18 3.831480e+01
56000 8.372130e-21 -3.391127e-20 2.755773e-18 1.212782e+03
57000 3.889502e-21 -3.660539e-20 2.738713e-18 5.634309e+02
58000 6.912305e-22 -3.608684e-20 2.830215e-18 1.001312e+02
59000 5.238567e-23 -1.723103e-20 2.946400e-18 7.588558e+00
60000 2.251755e-21 -7.481691e-21 2.994770e-18 3.261879e+02
61000 1.977292e-23 -8.626686e-21 3.039575e-18 2.864293e+00
62000 2.671300e-23 -1.480750e-20 3.065219e-18 3.869630e+00
63000 1.571945e-21 -1.208770e-20 3.069484e-18 2.277111e+02
64000 3.440152e-23 -1.164495e-20 3.068389e-18 4.983384e+00
65000 6.151104e-22 -1.453889e-20 3.066076e-18 8.910453e+01
66000 6.091509e-21 -1.146803e-20 3.197100e-18 8.824124e+02
67000 2.407172e-21 -1.503731e-20 3.187374e-18 3.487015e+02
68000 8.584346e-21 -6.507289e-21 3.334008e-18 1.243523e+03
69000 3.617436e-21 -7.763959e-21 3.317981e-18 5.240196e+02
70000 2.990807e-21 -1.212149e-20 3.390870e-18 4.332466e+02
71000 3.420635e-21 -1.248819e-20 3.390955e-18 4.955112e+02
72000 2.014097e-21 -2.001287e-20 3.462001e-18 2.917609e+02
73000 1.121816e-21 -1.998203e-20 3.461140e-18 1.625057e+02
74000 4.586844e-21 -2.065747e-20 3.543958e-18 6.644475e+02
75000 1.161972e-22 -2.074831e-20 3.579378e-18 1.683226e+01
76000 5.627879e-23 -2.981622e-20 3.672166e-18 8.152512e+00
77000 1.032899e-21 -3.304926e-20 3.661001e-18 1.496252e+02
78000 5.767225e-21 -2.992545e-20 3.798941e-18 8.354368e+02
79000 4.394125e-21 -3.341714e-20 3.832002e-18 6.365304e+02
80000 1.368275e-21 -3.202307e-20 3.870940e-18 1.982075e+02
81000 8.530549e-24 -3.192838e-20 3.871314e-18 1.235730e+00
82000 6.662742e-22 -3.236892e-20 3.879647e-18 9.651608e+01
83000 4.767547e-23 -3.283122e-20 3.916133e-18 6.906240e+00
84000 1.748480e-21 -3.213808e-20 3.951715e-18 2.532838e+02
85000 8.575896e-22 -3.308895e-20 3.990534e-18 1.242299e+02
86000 8.559424e-22 -3.362282e-20 4.005586e-18 1.239913e+02
87000 7.446246e-22 -2.572071e-20 4.074179e-18 1.078659e+02
88000 2.721417e-23 -2.560652e-20 4.111291e-18 3.942228e+00
89000 4.406834e-21 -1.841087e-20 4.154093e-18 6.383714e+02
90000 8.764471e-23 -2.178331e-20 4.274397e-18 1.269616e+01
91000 1.106449e-21 -2.453621e-20 4.365471e-18 1.602796e+02
92000 1.496280e-22 -2.693557e-20 4.451160e-18 2.167503e+01
93000 2.387174e-21 1.093107e-20 4.533318e-18 3.458047e+02
94000 3.861903e-21 -2.557052e-20 4.498292e-18 5.594330e+02
95000 6.942846e-21 -2.368423e-20 4.503369e-18 1.005737e+03
96000 3.286003e-21 -2.530152e-20 4.497985e-18 4.760084e+02
97000 2.251301e-21 -2.984152e-20 4.493069e-18 3.261222e+02
98000 8.886850e-22 -2.584085e-20 4.575050e-18 1.287344e+02
99000 3.185579e-23 -2.586204e-20 4.574173e-18 4.614612e+00
100000 5.132426e-22 -2.667684e-20 4.574135e-18 7.434802e+01
101000 6.397348e-22 -2.700398e-20 4.574861e-18 9.267160e+01
102000 3.059264e-21 -2.389381e-20 4.619214e-18 4.431632e+02
103000 1.967699e-22 -3.706627e-20 4.687774e-18 2.850397e+01
104000 6.114835e-22 -2.730505e-20 4.784422e-18 8.857915e+01
105000 3.391448e-21 -2.489829e-20 4.833039e-18 4.912832e+02
106000 1.348195e-22 -4.002826e-20 4.852313e-18 1.952988e+01
107000 9.353884e-23 -4.062888e-20 4.845071e-18 1.354998e+01
108000 2.096605e-23 -4.061147e-20 4.845095e-18 3.037130e+00
109000 2.958518e-22 -4.072985e-20 4.898352e-18 4.285691e+01
110000 1.379354e-21 -4.093473e-20 4.935841e-18 1.998124e+02
111000 7.042850e-21 -4.104644e-20 5.043557e-18 1.020223e+03
112000 4.498546e-22 -1.581025e-20 5.064640e-18 6.516567e+01
113000 1.152390e-20 -2.236360e-20 5.077662e-18 1.669345e+03
114000 5.241689e-22 -4.048515e-20 5.198775e-18 7.593080e+01
115000 8.881414e-21 -3.909067e-20 5.291314e-18 1.286556e+03
116000 1.211537e-21 -4.013806e-20 5.272812e-18 1.755025e+02
117000 6.336218e-21 -4.078151e-20 5.320057e-18 9.178608e+02
118000 3.691400e-21 -1.874577e-20 5.407694e-18 5.347341e+02
119000 1.506560e-21 -1.651108e-20 5.400569e-18 2.182394e+02
120000 2.491954e-21 -8.694544e-21 5.393798e-18 3.609830e+02
121000 9.287620e-22 -5.855644e-21 5.435846e-18 1.345399e+02
122000 1.545393e-21 -1.110460e-20 5.472806e-18 2.238647e+02
123000 2.052970e-23 -1.472627e-20 5.470074e-18 2.973920e+00
124000 4.540698e-22 -1.113510e-20 5.511767e-18 6.577628e+01
125000 6.119332e-22 -1.973814e-20 5.553387e-18 8.864428e+01
126000 2.361250e-21 -2.239546e-20 5.565664e-18 3.420493e+02
127000 1.685224e-21 -2.839554e-21 5.600402e-18 2.441206e+02
128000 2.941516e-21 -2.079792e-21 5.603860e-18 4.261063e+02
129000 6.123243e-22 -3.592832e-21 5.641191e-18 8.870093e+01
130000 1.042891e-21 -4.773643e-21 5.652013e-18 1.510726e+02
131000 3.252979e-21 -1.785665e-20 5.689689e-18 4.712247e+02
132000 7.206914e-22 5.937049e-21 5.726658e-18 1.043989e+02
133000 2.513905e-22 -1.446357e-20 5.760874e-18 3.641627e+01
134000 3.768191e-21 2.953168e-21 5.808045e-18 5.458579e+02
135000 5.868955e-22 4.390937e-21 5.887551e-18 8.501733e+01
136000 7.310527e-21 -3.458928e-20 5.938912e-18 1.058999e+03
137000 3.128744e-21 -3.431099e-20 5.939941e-18 4.532280e+02
138000 3.702909e-21 -3.413002e-20 5.946381e-18 5.364012e+02
139000 4.237243e-21 -4.079419e-20 6.041431e-18 6.138045e+02
140000 7.151735e-21 -4.078660e-20 6.084207e-18 1.035996e+03
141000 1.024647e-21 -3.959885e-20 6.115470e-18 1.484297e+02
142000 2.191475e-21 -4.083450e-20 6.113303e-18 3.174558e+02
143000 7.276019e-22 -3.990286e-20 6.097464e-18 1.054000e+02
144000 3.521435e-23 -3.965252e-20 6.156546e-18 5.101129e+00
145000 1.401200e-21 -3.770694e-20 6.154276e-18 2.029770e+02
146000 4.080237e-22 -4.003735e-20 6.216595e-18 5.910607e+01
147000 1.885765e-21 -3.990545e-20 6.278358e-18 2.731709e+02
148000 3.804766e-20 -3.265437e-20 6.360523e-18 5.511562e+03
149000 5.237107e-21 -4.109839e-20 6.398592e-18 7.586443e+02
150000 2.112618e-22 -3.792449e-20 6.441829e-18 3.060326e+01
151000 5.940526e-23 -4.050103e-20 6.432627e-18 8.605411e+00
152000 8.164891e-23 -4.034027e-20 6.433711e-18 1.182761e+01
153000 7.790247e-21 -4.015946e-20 6.483098e-18 1.128491e+03
154000 1.661134e-22 -4.006501e-20 6.472358e-18 2.406308e+01
155000 8.405389e-21 -3.986914e-20 6.484803e-18 1.217600e+03
156000 2.532929e-21 -3.881146e-20 6.517429e-18 3.669186e+02
157000 6.464049e-21 -4.023038e-20 6.565540e-18 9.363784e+02
158000 8.829821e-21 -3.953841e-20 6.647701e-18 1.279083e+03
159000 1.144073e-21 -2.623516e-20 6.724464e-18 1.657297e+02
160000 6.302814e-22 -2.194653e-20 6.766565e-18 9.130220e+01
161000 1.275924e-24 -2.151582e-20 6.819283e-18 1.848296e-01
162000 4.598339e-24 -3.326719e-20 6.882831e-18 6.661127e-01
163000 7.526011e-24 -4.072930e-20 6.917279e-18 1.090213e+00
164000 2.559410e-22 -4.104350e-20 7.004610e-18 3.707546e+01
165000 2.480424e-21 -4.061879e-20 7.135731e-18 3.593128e+02
166000 3.035827e-21 -3.761730e-20 7.171610e-18 4.397681e+02
167000 1.405911e-21 -3.809952e-20 7.166155e-18 2.036595e+02
168000 6.492078e-22 -3.790923e-20 7.162164e-18 9.404385e+01
169000 3.946439e-21 -3.683988e-20 7.201208e-18 5.716788e+02
170000 7.042269e-22 -4.109838e-20 7.291449e-18 1.020139e+02
171000 6.933730e-23 -4.109964e-20 7.288994e-18 1.004416e+01
172000 2.204370e-23 -4.042181e-20 7.327397e-18 3.193237e+00
173000 2.140625e-22 -4.041866e-20 7.327477e-18 3.100896e+01
174000 1.219004e-21 -4.070173e-20 7.333360e-18 1.765842e+02
175000 8.404502e-22 -3.639973e-20 7.342207e-18 1.217471e+02
176000 1.796872e-21 -4.059744e-20 7.336349e-18 2.602938e+02
177000 1.187986e-21 -3.917572e-20 7.331400e-18 1.720909e+02
178000 5.876974e-21 -3.254693e-20 7.412990e-18 8.513349e+02
179000 1.067901e-21 -3.221443e-20 7.448727e-18 1.546955e+02
180000 1.432199e-21 -4.073491e-20 7.579540e-18 2.074676e+02
181000 7.427334e-24 -4.086977e-20 7.563357e-18 1.075919e+00
182000 2.186234e-21 -4.043256e-20 7.690053e-18 3.166966e+02
183000 7.663201e-22 -4.068562e-20 7.772871e-18 1.110087e+02
184000 1.739870e-22 -3.949441e-20 7.781391e-18 2.520366e+01
185000 1.089826e-21 -2.171550e-20 7.899202e-18 1.578715e+02
186000 5.747589e-22 -3.049958e-20 7.932883e-18 8.325923e+01
187000 6.856499e-22 -2.766177e-20 7.925111e-18 9.932285e+01
188000 8.459198e-22 -2.771350e-20 7.925557e-18 1.225394e+02
189000 1.008407e-21 -2.837265e-20 7.930809e-18 1.460772e+02
190000 2.054560e-21 -2.744164e-20 8.049547e-18 2.976224e+02
191000 1.623516e-22 -2.696631e-20 8.044976e-18 2.351815e+01
192000 1.618419e-22 -2.713544e-20 8.044839e-18 2.344432e+01
193000 1.785540e-21 -2.699972e-20 8.046474e-18 2.586523e+02
194000 1.791250e-23 -2.710149e-20 8.044623e-18 2.594794e+00
195000 1.205247e-21 -2.679557e-20 8.105997e-18 1.745914e+02
196000 3.958599e-23 -2.676358e-20 8.105563e-18 5.734404e+00
197000 2.001500e-21 -2.679755e-20 8.152559e-18 2.899361e+02
198000 3.325337e-21 -1.638312e-20 8.218385e-18 4.817064e+02
199000 8.579894e-22 1.456442e-20 8.295436e-18 1.242878e+02
200000 3.235650e-21 1.262520e-20 8.339350e-18 4.687144e+02
201000 8.137968e-22 3.028127e-20 8.391095e-18 1.178861e+02
202000 9.699984e-21 -7.061201e-21 8.496942e-18 1.405134e+03
203000 8.159129e-21 -3.370881e-21 8.541767e-18 1.181927e+03
204000 3.489081e-21 -7.182455e-21 8.586206e-18 5.054262e+02
205000 2.925454e-21 -1.060156e-20 8.589592e-18 4.237795e+02
206000 3.193547e-22 4.698856e-21 8.654254e-18 4.626154e+01
207000 6.093668e-21 5.561979e-21 8.664191e-18 8.827252e+02
208000 1.083208e-20 -4.329843e-21 8.762606e-18 1.569129e+03
209000 9.379036e-21 -3.550780e-20 8.779314e-18 1.358642e+03
210000 2.822204e-22 -3.409262e-20 8.726696e-18 4.088229e+01
211000 2.382037e-21 -1.174869e-20 8.790851e-18 3.450605e+02
212000 1.223801e-22 -1.165600e-20 8.836510e-18 1.772791e+01
213000 3.969405e-22 -1.158040e-20 8.834736e-18 5.750057e+01
214000 3.936216e-21 -1.910695e-20 8.891181e-18 5.701979e+02
215000 1.065062e-21 -2.967808e-20 8.935028e-18 1.542843e+02
216000 7.333064e-22 -2.197803e-20 8.968585e-18 1.062263e+02
217000 3.728349e-22 -2.317815e-20 9.017969e-18 5.400865e+01
218000 3.684106e-22 -1.218273e-20 9.170641e-18 5.336775e+01
219000 1.516961e-21 -2.059392e-20 9.302180e-18 2.197461e+02
220000 1.160578e-21 -1.732163e-20 9.293013e-18 1.681206e+02
221000 2.204397e-21 -1.539949e-20 9.270803e-18 3.193277e+02
222000 1.649641e-21 -1.563775e-20 9.278927e-18 2.389661e+02
223000 2.472553e-21 -1.507446e-20 9.317570e-18 3.581726e+02
224000 7.470379e-23 -1.520012e-20 9.316091e-18 1.082155e+01
225000 2.116296e-20 -1.289878e-20 9.388448e-18 3.065654e+03
226000 4.823494e-23 -1.982056e-20 9.416744e-18 6.987285e+00
227000 1.941597e-21 -1.796372e-20 9.412080e-18 2.812586e+02
228000 1.112896e-20 -1.788293e-20 9.503853e-18 1.612135e+03
229000 3.014931e-21 -2.020785e-20 9.545745e-18 4.367412e+02
230000 5.830497e-21 -1.517965e-20 9.576098e-18 8.446023e+02
231000 2.006152e-21 -1.797032e-20 9.636009e-18 2.906100e+02
232000 3.097175e-20 -3.395752e-20 9.637014e-18 4.486549e+03
233000 4.537040e-22 -3.996514e-20 9.600489e-18 6.572329e+01
234000 2.728524e-22 -3.525958e-20 9.605013e-18 3.952524e+01
235000 1.747368e-21 -3.527007e-20 9.606477e-18 2.531227e+02
236000 4.035614e-23 -4.055946e-20 9.599481e-18 5.845966e+00
237000 9.603379e-23 -3.559211e-20 9.604504e-18 1.391140e+01
238000 1.767087e-21 -3.975878e-20 9.642008e-18 2.559791e+02
239000 1.620504e-21 -3.130099e-20 9.690320e-18 2.347453e+02
240000 1.942649e-21 -4.047334e-20 9.683462e-18 2.814111e+02
241000 1.634278e-22 -3.946371e-20 9.800700e-18 2.367405e+01
242000 2.071505e-21 -4.108436e-20 9.840987e-18 3.000769e+02
243000 3.256872e-23 -4.035439e-20 9.879678e-18 4.717886e+00
244000 1.648197e-22 -3.676631e-20 9.963812e-18 2.387568e+01
245000 1.042245e-25 -2.988460e-20 1.005069e-17 1.509790e-02
246000 7.451176e-22 -3.618978e-20 1.008480e-17 1.079373e+02
247000 1.685130e-23 -3.439819e-20 1.008562e-17 2.441070e+00
248000 7.227981e-22 -3.359849e-20 1.016939e-17 1.047041e+02
249000 7.765616e-23 -3.242217e-20 1.021020e-17 1.124923e+01
250000 1.238445e-22 -2.739029e-21 1.031738e-17 1.794004e+01
251000 2.360605e-24 -3.953800e-20 1.036047e-17 3.419558e-01
252000 1.902229e-21 -4.043428e-20 1.040600e-17 2.755558e+02
253000 1.484513e-21 -3.917053e-20 1.044235e-17 2.150457e+02
254000 2.202161e-23 -4.109776e-20 1.047911e-17 3.190037e+00
255000 7.406497e-22 -3.305271e-20 1.048769e-17 1.072901e+02
256000 1.208724e-21 -3.652537e-20 1.064468e-17 1.750950e+02
257000 2.144900e-21 -3.695441e-20 1.074466e-17 3.107090e+02
258000 1.637932e-23 -3.671098e-20 1.073372e-17 2.372698e+00
259000 1.308434e-21 -4.070091e-20 1.072554e-17 1.895389e+02
260000 2.066507e-22 -4.063803e-20 1.072343e-17 2.993529e+01
261000 3.805324e-22 -4.004724e-20 1.076111e-17 5.512370e+01
262000 6.852180e-22 -3.654788e-20 1.076414e-17 9.926028e+01
263000 5.521698e-22 -3.745054e-20 1.076310e-17 7.998699e+01
264000 3.023516e-21 -3.690863e-20 1.084614e-17 4.379848e+02
265000 1.307208e-21 -3.996160e-20 1.088490e-17 1.893613e+02
266000 7.307822e-24 -4.067010e-20 1.100272e-17 1.058607e+00
267000 1.087507e-20 -4.107060e-20 1.106090e-17 1.575357e+03
268000 1.757731e-21 -4.073875e-20 1.110873e-17 2.546239e+02
269000 5.302711e-22 -3.989718e-20 1.113304e-17 7.681476e+01
270000 1.280374e-23 -2.315983e-20 1.125685e-17 1.854743e+00
271000 3.837783e-21 -3.827306e-20 1.141865e-17 5.559390e+02
272000 6.571504e-21 -3.757435e-20 1.141330e-17 9.519442e+02
273000 1.566337e-23 -3.710645e-20 1.140334e-17 2.268986e+00
274000 4.801550e-22 -3.710144e-20 1.140384e-17 6.955497e+01
275000 4.093614e-21 -3.718444e-20 1.140708e-17 5.929985e+02
276000 1.228388e-20 -3.250744e-20 1.150058e-17 1.779435e+03
277000 9.493264e-22 -3.243835e-20 1.148998e-17 1.375189e+02
278000 2.150166e-20 -2.888492e-20 1.155262e-17 3.114718e+03
279000 7.721952e-23 -3.551040e-20 1.160646e-17 1.118597e+01
280000 1.040338e-21 -2.937718e-20 1.169166e-17 1.507028e+02
281000 1.177438e-22 -2.905729e-20 1.169116e-17 1.705630e+01
282000 3.689518e-21 -3.241197e-20 1.177312e-17 5.344614e+02
283000 9.000952e-23 -2.849069e-20 1.181988e-17 1.303873e+01
284000 1.579302e-24 -2.886878e-20 1.181917e-17 2.287768e-01
285000 1.426727e-21 -1.445079e-20 1.190698e-17 2.066748e+02
286000 2.935232e-21 -3.463181e-20 1.194169e-17 4.251960e+02
287000 1.289182e-20 -3.905271e-20 1.195126e-17 1.867502e+03
288000 9.918707e-22 -3.918896e-20 1.198068e-17 1.436818e+02
289000 2.208992e-20 -4.062798e-20 1.208880e-17 3.199933e+03
290000 2.723587e-21 -3.851670e-20 1.210139e-17 3.945371e+02
291000 2.909674e-21 -1.930264e-20 1.214362e-17 4.214937e+02
292000 9.351621e-21 -1.338115e-20 1.215597e-17 1.354670e+03
293000 9.455998e-22 -7.419536e-21 1.223353e-17 1.369790e+02
294000 2.211476e-21 -9.687475e-21 1.223252e-17 3.203531e+02
295000 3.799596e-23 -9.679639e-21 1.223036e-17 5.504072e+00
296000 2.692566e-21 -1.934899e-20 1.226390e-17 3.900435e+02
297000 1.189462e-22 -1.935609e-20 1.226133e-17 1.723048e+01
298000 6.245946e-22 -1.631050e-20 1.231485e-17 9.047841e+01
299000 8.902473e-23 -3.666465e-20 1.233292e-17 1.289607e+01
300000 2.235353e-21 -2.889048e-20 1.233934e-17 3.238119e+02
301000 1.614913e-20 -3.940736e-20 1.251224e-17 2.339354e+03
302000 7.822521e-22 -3.997878e-20 1.249522e-17 1.133166e+02
303000 1.085252e-21 -3.960555e-20 1.253421e-17 1.572090e+02
304000 5.225776e-23 -3.957041e-20 1.253223e-17 7.570029e+00
305000 1.578724e-21 -3.922174e-20 1.258801e-17 2.286930e+02
306000 1.958365e-24 -4.093939e-20 1.268599e-17 2.836876e-01
307000 2.497327e-22 -4.002739e-20 1.273531e-17 3.617613e+01
308000 1.000593e-22 -4.072145e-20 1.274770e-17 1.449452e+01
309000 7.223812e-23 -4.015607e-20 1.278320e-17 1.046437e+01
310000 4.986391e-21 -4.073222e-20 1.284697e-17 7.223256e+02
311000 5.347024e-23 -3.621851e-20 1.282276e-17 7.745668e+00
312000 5.752146e-23 -3.141342e-20 1.300117e-17 8.332524e+00
313000 8.551413e-22 -3.989111e-20 1.299612e-17 1.238753e+02
314000 3.791377e-22 -3.546795e-20 1.310308e-17 5.492166e+01
315000 1.745448e-21 -3.460024e-20 1.314018e-17 2.528446e+02
316000 1.040349e-20 -3.458528e-20 1.328381e-17 1.507044e+03
317000 2.082218e-21 -1.779517e-20 1.338429e-17 3.016288e+02
318000 2.661852e-21 -1.769791e-20 1.338496e-17 3.855943e+02
319000 9.377152e-26 -2.204590e-20 1.341962e-17 1.358369e-02
320000 9.462710e-22 -1.850714e-20 1.347522e-17 1.370763e+02
321000 1.699647e-21 -2.138026e-20 1.346099e-17 2.462098e+02
322000 7.255102e-21 -2.777478e-20 1.355295e-17 1.050970e+03
323000 1.040384e-21 -2.739728e-20 1.354053e-17 1.507095e+02
324000 1.026069e-21 -2.710445e-20 1.354983e-17 1.486357e+02
325000 1.428310e-21 -2.407974e-20 1.354627e-17 2.069041e+02
326000 1.782473e-21 -5.072270e-21 1.359674e-17 2.582081e+02
327000 1.686596e-22 -1.258734e-20 1.366758e-17 2.443193e+01
328000 7.625979e-22 -1.283904e-20 1.366792e-17 1.104695e+02
329000 7.263573e-21 -1.039483e-20 1.379688e-17 1.052197e+03
330000 3.681542e-21 -1.454992e-20 1.383418e-17 5.333059e+02
331000 4.209264e-21 -1.633614e-20 1.382806e-17 6.097515e+02
332000 9.818704e-21 -1.722320e-20 1.383271e-17 1.422332e+03
333000 3.763891e-21 -8.051179e-21 1.391580e-17 5.452351e+02
334000 1.506837e-20 -1.021865e-20 1.392485e-17 2.182796e+03
335000 2.158963e-23 -1.235774e-20 1.394817e-17 3.127461e+00
336000 3.311410e-23 -8.652569e-21 1.399138e-17 4.796889e+00
337000 9.086295e-23 -4.449150e-22 1.407965e-17 1.316235e+01
338000 8.307120e-22 -3.865249e-20 1.412195e-17 1.203365e+02
339000 1.443070e-21 -4.094548e-20 1.414342e-17 2.090423e+02
340000 7.336337e-22 -4.098424e-20 1.414169e-17 1.062737e+02
341000 4.131518e-22 -3.243683e-20 1.424063e-17 5.984892e+01
342000 4.470586e-21 -3.671965e-20 1.426150e-17 6.476065e+02
343000 1.191856e-21 -4.579100e-21 1.435666e-17 1.726515e+02
344000 4.801571e-21 -3.336722e-20 1.441014e-17 6.955528e+02
345000 1.125791e-21 -3.473116e-20 1.439384e-17 1.630815e+02
346000 4.336942e-22 -3.573147e-20 1.443490e-17 6.282469e+01
347000 1.000928e-21 -3.678980e-20 1.441579e-17 1.449938e+02
348000 5.636421e-22 -3.719453e-20 1.447748e-17 8.164887e+01
349000 1.719178e-22 -3.365316e-20 1.456470e-17 2.490391e+01
350000 4.585025e-23 -3.378427e-20 1.455959e-17 6.641840e+00
351000 1.914754e-21 -3.382170e-20 1.456043e-17 2.773702e+02
352000 2.094989e-23 -3.981824e-20 1.459617e-17 3.034789e+00
353000 1.709674e-20 -4.037612e-20 1.463990e-17 2.476623e+03
354000 1.771326e-23 -4.038656e-20 1.462327e-17 2.565932e+00
355000 4.952715e-22 -4.037690e-20 1.462333e-17 7.174474e+01
356000 4.182236e-22 -4.099104e-20 1.466812e-17 6.058362e+01
357000 8.627797e-23 -4.029640e-20 1.474631e-17 1.249818e+01
358000 9.691831e-21 -4.109178e-20 1.479504e-17 1.403953e+03
359000 2.381920e-21 -4.110000e-20 1.484349e-17 3.450436e+02
360000 6.376563e-23 -4.050948e-20 1.483469e-17 9.237052e+00
361000 6.638027e-22 -4.072392e-20 1.483608e-17 9.615807e+01
362000 4.588625e-21 -4.042253e-20 1.483580e-17 6.647055e+02
363000 2.757257e-23 -3.870117e-20 1.491758e-17 3.994146e+00
364000 1.617805e-22 -1.901517e-20 1.494223e-17 2.343542e+01
365000 1.431014e-20 -1.628399e-20 1.499931e-17 2.072958e+03
366000 9.682938e-22 -1.608856e-20 1.498668e-17 1.402665e+02
367000 9.192008e-22 -2.777741e-20 1.506672e-17 1.331549e+02
368000 3.867985e-21 -2.912750e-20 1.507708e-17 5.603141e+02
369000 1.103519e-21 -2.747329e-20 1.505994e-17 1.598551e+02
370000 7.655021e-24 -2.555555e-20 1.511470e-17 1.108902e+00
371000 4.372055e-22 -2.894141e-20 1.519231e-17 6.333333e+01
372000 2.408181e-21 -2.596465e-20 1.523839e-17 3.488477e+02
373000 3.288032e-23 -1.946496e-26 1.532003e-17 4.763024e+00
374000 2.731801e-21 -2.195603e-21 1.540054e-17 3.957271e+02
375000 1.185184e-23 -2.095528e-21 1.539792e-17 1.716851e+00
376000 3.864829e-22 -3.938827e-21 1.539645e-17 5.598569e+01
377000 1.772582e-21 -3.389253e-24 1.552178e-17 2.567752e+02
378000 1.688394e-25 -3.012060e-25 1.552146e-17 2.445797e-02
379000 4.781150e-22 -1.744435e-23 1.556135e-17 6.925945e+01
380000 1.049339e-25 -4.197867e-22 1.560265e-17 1.520066e-02
381000 3.852444e-22 -2.261260e-22 1.564045e-17 5.580627e+01
382000 3.002127e-21 -1.970727e-21 1.564103e-17 4.348863e+02
383000 9.350438e-22 -4.864544e-21 1.569487e-17 1.354499e+02
384000 7.914884e-21 -2.363883e-21 1.572583e-17 1.146545e+03
385000 7.480441e-23 -2.439943e-21 1.571879e-17 1.083612e+01
386000 8.421560e-22 -2.089640e-21 1.576476e-17 1.219942e+02
387000 3.605932e-22 -4.385655e-21 1.579769e-17 5.223532e+01
388000 6.281351e-22 -4.548360e-21 1.588438e-17 9.099127e+01
389000 2.230151e-21 -6.508981e-22 1.600727e-17 3.230584e+02
390000 2.558874e-22 -7.514204e-22 1.603979e-17 3.706769e+01
391000 3.761272e-21 -1.514984e-21 1.604773e-17 5.448556e+02
392000 7.290762e-21 -9.869674e-22 1.604633e-17 1.056135e+03
393000 1.226481e-21 -1.607853e-21 1.608195e-17 1.776673e+02
394000 7.292204e-21 -8.314091e-22 1.612905e-17 1.056344e+03
395000 1.180903e-21 -2.134893e-22 1.616254e-17 1.710649e+02
396000 1.604456e-21 -2.462565e-22 1.616253e-17 2.324205e+02
397000 1.867851e-21 -1.831935e-22 1.616786e-17 2.705758e+02
398000 4.221977e-22 -3.374503e-22 1.621709e-17 6.115931e+01
399000 5.692058e-21 -4.647693e-23 1.625875e-17 8.245482e+02
400000 1.686821e-20 -3.790500e-21 1.635190e-17 2.443518e+03
401000 8.157936e-23 -2.537259e-23 1.633315e-17 1.181754e+01
402000 9.608980e-21 -1.462113e-21 1.634000e-17 1.391951e+03
403000 1.112946e-20 -3.458352e-23 1.634104e-17 1.612207e+03
404000 2.156755e-22 -1.437362e-21 1.637287e-17 3.124263e+01
405000 1.523848e-21 -4.425298e-21 1.649510e-17 2.207438e+02
406000 4.276756e-21 -3.211564e-21 1.655465e-17 6.195284e+02
407000 1.058807e-20 -4.434680e-21 1.654385e-17 1.533782e+03
408000 1.188712e-21 -4.958890e-21 1.657944e-17 1.721962e+02
409000 1.294166e-22 -7.563232e-22 1.662460e-17 1.874722e+01
410000 2.936220e-22 -6.832299e-21 1.669962e-17 4.253391e+01
411000 1.997265e-21 -3.349769e-23 1.673199e-17 2.893227e+02
412000 6.419713e-21 -2.584602e-22 1.678956e-17 9.299558e+02
413000 2.055207e-21 -9.963109e-23 1.678609e-17 2.977160e+02
414000 1.360594e-21 -4.121401e-21 1.682057e-17 1.970948e+02
415000 7.837634e-22 -4.176056e-21 1.682181e-17 1.135355e+02
416000 7.754787e-22 -4.039510e-21 1.682113e-17 1.123354e+02
417000 1.405031e-22 -1.092415e-21 1.690598e-17 2.035320e+01
418000 1.800642e-21 -1.029283e-21 1.690823e-17 2.608399e+02
419000 5.589682e-22 -1.838730e-21 1.695892e-17 8.097180e+01
420000 1.917660e-21 -4.038622e-21 1.694232e-17 2.777911e+02
421000 5.855338e-21 -4.987462e-21 1.704183e-17 8.482009e+02
422000 1.642069e-20 -9.306276e-21 1.710961e-17 2.378691e+03
423000 9.304727e-21 -8.931347e-21 1.713467e-17 1.347877e+03
424000 2.968441e-21 -9.439886e-21 1.713595e-17 4.300066e+02
425000 6.945322e-21 -8.788656e-21 1.712831e-17 1.006095e+03
426000 9.714831e-23 -7.751697e-21 1.723228e-17 1.407285e+01
427000 1.547927e-20 -1.406569e-20 1.726995e-17 2.242318e+03
428000 1.777558e-21 -1.206373e-20 1.725547e-17 2.574960e+02
429000 1.247149e-21 -2.700199e-20 1.732993e-17 1.806612e+02
430000 1.899820e-21 -2.815832e-20 1.736909e-17 2.752068e+02
431000 1.681400e-20 -2.802223e-20 1.738444e-17 2.435666e+03
432000 4.610577e-23 -2.717203e-20 1.736275e-17 6.678855e+00
433000 5.463962e-21 -2.048417e-20 1.750709e-17 7.915063e+02
434000 2.290696e-21 -2.613323e-20 1.749853e-17 3.318288e+02
435000 1.999394e-22 -2.857380e-20 1.754745e-17 2.896311e+01
436000 1.923009e-22 -2.177601e-20 1.757946e-17 2.785660e+01
437000 8.406782e-21 -2.255750e-20 1.763264e-17 1.217802e+03
438000 8.750364e-24 -2.078972e-20 1.766051e-17 1.267573e+00
439000 3.080947e-21 -1.915090e-20 1.766741e-17 4.463042e+02
440000 1.266386e-22 -1.524657e-20 1.774912e-17 1.834479e+01
441000 1.686636e-21 -8.637157e-21 1.774526e-17 2.443251e+02
442000 1.176465e-21 -2.606231e-20 1.777882e-17 1.704220e+02
443000 1.961568e-21 -2.613484e-20 1.781951e-17 2.841515e+02
444000 6.064987e-21 -1.913154e-20 1.796422e-17 8.785704e+02
445000 3.303326e-23 -1.867233e-20 1.795010e-17 4.785179e+00
446000 3.855412e-21 -1.631150e-20 1.795909e-17 5.584927e+02
447000 2.437952e-21 -8.754855e-21 1.803400e-17 3.531603e+02
448000 4.556588e-21 -1.201072e-20 1.807829e-17 6.600646e+02
449000 7.376315e-22 -9.723432e-21 1.811113e-17 1.068529e+02
450000 8.851201e-22 -9.621301e-21 1.811137e-17 1.282180e+02
451000 7.847836e-23 -6.756254e-21 1.819458e-17 1.136833e+01
452000 4.933531e-23 -9.053998e-21 1.824280e-17 7.146684e+00
453000 1.209394e-22 -1.669747e-20 1.827546e-17 1.751921e+01
454000 2.034531e-21 -1.877112e-20 1.835109e-17 2.947209e+02
455000 4.502579e-22 -1.769962e-20 1.840724e-17 6.522409e+01
456000 2.410947e-23 -1.320647e-20 1.841136e-17 3.492484e+00
457000 5.427330e-21 -1.112240e-20 1.840806e-17 7.861999e+02
458000 9.761965e-21 -1.099171e-20 1.841054e-17 1.414113e+03
459000 8.936611e-24 -1.099381e-20 1.840079e-17 1.294552e+00
460000 4.622992e-21 -1.307385e-20 1.841553e-17 6.696839e+02
461000 5.231143e-25 -1.029442e-20 1.848924e-17 7.577802e-02
462000 2.019680e-21 -2.125840e-20 1.852890e-17 2.925697e+02
463000 2.993675e-22 -2.472546e-20 1.863297e-17 4.336620e+01
464000 1.353194e-21 -1.997441e-20 1.866545e-17 1.960229e+02
465000 3.952304e-22 -1.963030e-20 1.866360e-17 5.725284e+01
466000 4.229773e-21 -1.320789e-20 1.871389e-17 6.127224e+02
467000 6.942823e-25 -1.632287e-20 1.871419e-17 1.005733e-01
468000 1.436207e-21 1.460810e-20 1.881604e-17 2.080481e+02
469000 1.963054e-22 -3.900780e-20 1.887425e-17 2.843668e+01
470000 8.621297e-21 -3.199281e-20 1.892960e-17 1.248876e+03
471000 2.351918e-21 -3.785309e-20 1.892189e-17 3.406975e+02
472000 1.883168e-20 -3.865418e-20 1.897897e-17 2.727946e+03
473000 4.165087e-23 -3.141818e-20 1.900114e-17 6.033520e+00
474000 2.122713e-20 -4.109987e-20 1.918181e-17 3.074950e+03
475000 1.705848e-21 -3.291817e-20 1.928318e-17 2.471082e+02
476000 2.074806e-22 -4.030303e-20 1.944810e-17 3.005552e+01
477000 4.228458e-21 -3.681467e-20 1.948006e-17 6.125319e+02
478000 5.952742e-23 -3.554439e-20 1.952136e-17 8.623107e+00
479000 3.005429e-21 -4.014598e-20 1.957885e-17 4.353647e+02
480000 1.458097e-20 -3.711156e-20 1.962456e-17 2.112190e+03
481000 4.540153e-22 -4.094599e-20 1.964809e-17 6.576838e+01
482000 1.709428e-22 -3.756516e-20 1.968667e-17 2.476268e+01
483000 1.150054e-21 -3.908238e-20 1.971617e-17 1.665961e+02
484000 3.784001e-24 -3.979385e-20 1.980000e-17 5.481481e-01
485000 3.718228e-24 -3.895427e-20 1.981356e-17 5.386203e-01
486000 4.894618e-21 -3.975804e-20 1.980523e-17 7.090314e+02
487000 5.751700e-22 -3.974113e-20 1.980108e-17 8.331878e+01
488000 5.143346e-22 -3.644643e-20 1.992880e-17 7.450621e+01
489000 2.182441e-21 -3.538266e-20 1.992572e-17 3.161471e+02
490000 8.272168e-21 -3.536934e-20 1.993162e-17 1.198301e+03
491000 1.471164e-22 -3.716612e-20 1.993104e-17 2.131119e+01
492000 7.802456e-24 -3.515668e-20 1.996535e-17 1.130259e+00
493000 5.460104e-22 -3.577373e-20 1.997567e-17 7.909474e+01
494000 3.239802e-21 -4.053424e-20 2.004964e-17 4.693158e+02
495000 1.926869e-21 -3.956904e-20 2.009289e-17 2.791251e+02
496000 1.388122e-21 -4.080391e-20 2.022566e-17 2.010826e+02
497000 7.820476e-25 -2.439250e-20 2.023721e-17 1.132870e-01
498000 3.780043e-22 -2.464160e-20 2.023762e-17 5.475748e+01
499000 1.659295e-23 -1.876589e-20 2.032861e-17 2.403645e+00
500000 1.986689e-22 -1.464252e-20 2.032462e-17 2.877905e+01
501000 7.455982e-22 -1.469794e-20 2.032647e-17 1.080069e+02
502000 6.499042e-22 -1.781968e-20 2.036596e-17 9.414474e+01
503000 2.507415e-21 -2.419378e-20 2.054263e-17 3.632227e+02
504000 5.576920e-23 -2.022151e-20 2.057390e-17 8.078693e+00
505000 1.841240e-21 -2.083816e-20 2.066503e-17 2.667209e+02
506000 3.973513e-23 -2.151947e-20 2.076692e-17 5.756007e+00
507000 6.838282e-22 -1.270863e-20 2.073531e-17 9.905896e+01
508000 3.396368e-21 -1.778029e-20 2.080990e-17 4.919959e+02
509000 5.983165e-21 -1.585061e-20 2.085964e-17 8.667177e+02
510000 2.123548e-20 -5.632209e-21 2.099876e-17 3.076160e+03
511000 6.957250e-22 -1.431533e-21 2.103963e-17 1.007823e+02
512000 1.286526e-20 -4.938530e-21 2.116924e-17 1.863654e+03
513000 1.743823e-21 -3.141053e-21 2.115860e-17 2.526091e+02
514000 5.950295e-22 -3.733281e-21 2.119686e-17 8.619562e+01
515000 4.563797e-22 -2.707905e-21 2.123837e-17 6.611089e+01
516000 9.661955e-22 -8.286171e-21 2.128787e-17 1.399625e+02
517000 1.955761e-22 -6.520859e-21 2.127381e-17 2.833104e+01
518000 4.093626e-23 -2.992062e-21 2.131705e-17 5.930002e+00
519000 8.989931e-22 -2.914467e-21 2.136029e-17 1.302276e+02
520000 1.486690e-26 -3.027614e-21 2.135734e-17 2.153610e-03
521000 5.051926e-22 -3.499340e-21 2.136201e-17 7.318191e+01
522000 1.463530e-21 -6.592314e-21 2.143506e-17 2.120062e+02
523000 3.990189e-24 -6.926981e-21 2.148283e-17 5.780164e-01
524000 6.263567e-21 -7.585081e-21 2.148960e-17 9.073366e+02
525000 2.789821e-21 -4.519416e-21 2.149293e-17 4.041318e+02
526000 2.382587e-21 -1.095482e-21 2.148131e-17 3.451402e+02
527000 5.547680e-22 -9.598424e-22 2.148102e-17 8.036336e+01
528000 7.262473e-23 -6.900160e-22 2.157191e-17 1.052038e+01
529000 2.277541e-21 -8.356212e-21 2.160754e-17 3.299232e+02
530000 1.207485e-21 -2.178830e-21 2.164905e-17 1.749156e+02
531000 1.336580e-21 -1.992687e-21 2.164271e-17 1.936162e+02
532000 1.339751e-24 -2.890306e-21 2.173157e-17 1.940756e-01
533000 1.492240e-21 -2.998448e-21 2.173906e-17 2.161650e+02
534000 7.700439e-21 -2.958930e-21 2.174289e-17 1.115481e+03
535000 5.395189e-23 -2.771969e-22 2.180030e-17 7.815440e+00
536000 2.494036e-21 -3.422486e-22 2.189010e-17 3.612846e+02
537000 7.770103e-21 -2.663688e-22 2.189143e-17 1.125572e+03
538000 6.036561e-22 -3.359206e-22 2.188692e-17 8.744526e+01
539000 4.389544e-21 -1.943425e-21 2.197035e-17 6.358668e+02
540000 7.176335e-23 -1.235911e-21 2.202125e-17 1.039560e+01
541000 5.926857e-21 -8.804158e-22 2.206768e-17 8.585610e+02
542000 1.384909e-21 -6.816058e-22 2.205970e-17 2.006171e+02
543000 1.349103e-21 -1.851699e-21 2.209558e-17 1.954303e+02
544000 1.124528e-23 -7.680837e-21 2.220220e-17 1.628985e+00
545000 1.256063e-21 -8.676660e-21 2.225728e-17 1.819526e+02
546000 2.346405e-22 -9.280632e-21 2.229146e-17 3.398989e+01
547000 5.967511e-21 -5.515548e-21 2.238403e-17 8.644502e+02
548000 5.407863e-22 -6.694886e-21 2.237153e-17 7.833799e+01
549000 1.137548e-21 -6.117711e-21 2.246796e-17 1.647846e+02
550000 2.317857e-21 -6.812574e-21 2.245260e-17 3.357634e+02
551000 8.399812e-21 -6.774603e-21 2.245916e-17 1.216792e+03
552000 1.210675e-20 -6.966515e-21 2.246840e-17 1.753777e+03
553000 2.742415e-20 -1.290057e-20 2.258581e-17 3.972646e+03
554000 2.827822e-23 -3.056945e-20 2.250432e-17 4.096366e+00
555000 1.420757e-21 -2.855770e-20 2.256345e-17 2.058100e+02
556000 1.316181e-21 -2.802578e-20 2.264553e-17 1.906612e+02
557000 9.678063e-22 -2.811607e-20 2.264542e-17 1.401959e+02
558000 1.180570e-22 -2.547232e-20 2.274987e-17 1.710166e+01
559000 1.595833e-21 -2.947950e-20 2.277042e-17 2.311715e+02
560000 6.529746e-21 -3.848354e-20 2.279909e-17 9.458952e+02
561000 5.516567e-22 -4.103366e-20 2.290531e-17 7.991267e+01
562000 8.297209e-24 -3.584604e-20 2.302446e-17 1.201929e+00
563000 9.019932e-24 -3.736823e-20 2.301703e-17 1.306622e+00
564000 2.475691e-22 -3.442009e-20 2.300877e-17 3.586271e+01
565000 1.119074e-20 -4.109473e-20 2.306647e-17 1.621084e+03
566000 1.060873e-22 -4.102975e-20 2.315861e-17 1.536774e+01
567000 1.993750e-23 -3.971533e-20 2.314407e-17 2.888134e+00
568000 7.135090e-21 -4.107509e-20 2.324781e-17 1.033585e+03
569000 1.266802e-23 -3.009862e-20 2.325647e-17 1.835082e+00
570000 2.986521e-21 -2.958121e-20 2.325054e-17 4.326257e+02
571000 1.667567e-21 -2.972426e-20 2.325140e-17 2.415628e+02
572000 5.390033e-22 -3.009222e-20 2.325704e-17 7.807971e+01
573000 8.319189e-25 -2.563644e-20 2.334735e-17 1.205113e-01
574000 7.737949e-22 -2.933596e-20 2.341498e-17 1.120915e+02
575000 1.272437e-22 -2.978404e-20 2.341186e-17 1.843245e+01
576000 8.262130e-22 -2.934580e-20 2.346072e-17 1.196847e+02
577000 5.832034e-22 -3.153992e-20 2.349205e-17 8.448250e+01
578000 2.445674e-22 -3.140267e-20 2.348491e-17 3.542790e+01
579000 3.423585e-21 -3.602828e-20 2.354747e-17 4.959385e+02
580000 5.258149e-23 -3.743598e-20 2.353625e-17 7.616924e+00
581000 5.140688e-22 -3.582397e-20 2.362602e-17 7.446770e+01
582000 1.360147e-20 -3.916778e-20 2.379680e-17 1.970300e+03
583000 2.620166e-22 -3.400691e-20 2.385738e-17 3.795556e+01
584000 1.234210e-20 -4.168101e-21 2.392819e-17 1.787869e+03
585000 3.261630e-21 -2.818753e-21 2.396045e-17 4.724779e+02
586000 3.577091e-21 -1.192687e-20 2.400608e-17 5.181753e+02
587000 5.522000e-21 -6.614803e-21 2.404511e-17 7.999137e+02
588000 2.811344e-21 -4.463207e-21 2.404590e-17 4.072496e+02
589000 8.251002e-22 -1.117843e-21 2.404571e-17 1.195235e+02
590000 6.879006e-23 -2.559580e-22 2.404405e-17 9.964888e+00
591000 2.142793e-21 -6.554840e-21 2.408127e-17 3.104037e+02
592000 7.918193e-21 -5.156497e-21 2.408552e-17 1.147025e+03
593000 2.154444e-22 -8.167948e-21 2.413403e-17 3.120915e+01
594000 9.742769e-22 -1.608940e-21 2.412961e-17 1.411332e+02
595000 2.247079e-22 -2.563297e-20 2.415068e-17 3.255105e+01
596000 4.821761e-23 -1.590901e-20 2.425115e-17 6.984775e+00
597000 1.977482e-21 -1.899591e-20 2.425055e-17 2.864569e+02
598000 4.038993e-22 -1.350293e-20 2.430096e-17 5.850862e+01
599000 2.812772e-21 2.083326e-20 2.442365e-17 4.074565e+02
600000 7.284944e-23 1.383522e-20 2.441396e-17 1.055293e+01
601000 7.759134e-23 -2.245158e-20 2.445458e-17 1.123984e+01
602000 1.222307e-22 1.004564e-20 2.450635e-17 1.770627e+01
603000 1.009109e-20 2.425480e-20 2.455435e-17 1.461790e+03
604000 5.767827e-23 1.853452e-20 2.453859e-17 8.355241e+00
605000 1.450100e-20 -4.767120e-21 2.463718e-17 2.100606e+03
606000 3.533629e-22 2.425041e-21 2.462878e-17 5.118794e+01
607000 7.207902e-24 -2.640560e-20 2.469896e-17 1.044132e+00
608000 4.610974e-22 -3.955114e-20 2.472730e-17 6.679430e+01
609000 1.256287e-20 -4.074804e-20 2.487316e-17 1.819850e+03
610000 3.964352e-21 -4.100883e-20 2.491284e-17 5.742736e+02
611000 3.873699e-23 -4.094880e-20 2.490131e-17 5.611417e+00
612000 1.192883e-21 -4.094338e-20 2.490346e-17 1.728003e+02
613000 5.428504e-21 -4.079087e-20 2.495953e-17 7.863699e+02
614000 1.835819e-21 -3.713811e-20 2.499434e-17 2.659357e+02
615000 1.489889e-21 -3.641401e-20 2.497907e-17 2.158244e+02
616000 2.345791e-22 -3.269216e-20 2.508114e-17 3.398098e+01
617000 9.169312e-22 -2.519820e-20 2.509509e-17 1.328261e+02
618000 1.009084e-20 -2.660764e-20 2.511468e-17 1.461753e+03
619000 7.308033e-24 -2.510444e-20 2.509580e-17 1.058637e+00
620000 6.694766e-23 -3.569915e-20 2.518313e-17 9.697999e+00
621000 1.131613e-23 -1.135080e-20 2.525752e-17 1.639248e+00
622000 3.193155e-21 -1.912845e-20 2.535284e-17 4.625585e+02
623000 4.799836e-21 1.252455e-21 2.543070e-17 6.953014e+02
624000 6.792028e-21 4.662885e-21 2.543938e-17 9.838891e+02
625000 3.305552e-21 2.294918e-20 2.550635e-17 4.788403e+02
626000 7.374345e-22 2.898383e-20 2.550972e-17 1.068243e+02
627000 1.591695e-22 8.388390e-21 2.559335e-17 2.305720e+01
628000 3.148733e-21 -2.855370e-20 2.566358e-17 4.561236e+02
629000 5.333349e-21 -2.727322e-20 2.571415e-17 7.725858e+02
630000 2.107803e-21 -2.497179e-20 2.574894e-17 3.053350e+02
631000 5.248109e-24 -2.191477e-20 2.575585e-17 7.602379e-01
632000 1.562364e-21 -2.273314e-21 2.583640e-17 2.263231e+02
633000 4.588812e-21 -2.273412e-20 2.589367e-17 6.647327e+02
634000 8.580392e-21 -3.820839e-20 2.599049e-17 1.242951e+03
635000 1.885854e-21 -3.854250e-20 2.603284e-17 2.731836e+02
636000 7.419488e-22 -3.874719e-20 2.609595e-17 1.074783e+02
637000 2.542680e-21 -3.676652e-20 2.615486e-17 3.683312e+02
638000 9.993751e-22 -3.872976e-20 2.614954e-17 1.447689e+02
639000 1.712764e-21 -4.025116e-20 2.623566e-17 2.481099e+02
640000 1.758240e-23 -3.921941e-20 2.629066e-17 2.546976e+00
641000 2.787502e-21 -3.374556e-20 2.628706e-17 4.037959e+02
642000 9.112947e-21 -4.105431e-20 2.632547e-17 1.320096e+03
643000 3.381870e-22 -3.922059e-20 2.637100e-17 4.898957e+01
644000 3.348542e-21 -4.008400e-20 2.641216e-17 4.850679e+02
645000 2.017446e-22 -3.951912e-20 2.645127e-17 2.922461e+01
646000 3.725905e-21 -3.829517e-20 2.646088e-17 5.397325e+02
647000 1.133998e-20 -3.799300e-20 2.656926e-17 1.642702e+03
648000 1.127251e-22 -4.074147e-20 2.663327e-17 1.632929e+01
649000 4.339769e-22 -4.085428e-20 2.664753e-17 6.286564e+01
650000 1.875811e-21 -4.090670e-20 2.668436e-17 2.717289e+02
651000 3.241056e-25 -3.800349e-20 2.671773e-17 4.694975e-02
652000 4.971200e-22 -2.630081e-20 2.695728e-17 7.201251e+01
653000 3.808242e-23 -1.035908e-20 2.705380e-17 5.516597e+00
654000 1.160126e-20 -2.461659e-20 2.721583e-17 1.680552e+03
655000 5.391205e-22 -3.713290e-20 2.723021e-17 7.809668e+01
656000 1.835715e-22 -1.564598e-20 2.735417e-17 2.659206e+01
657000 1.481559e-21 -9.335008e-21 2.739188e-17 2.146178e+02
658000 5.416394e-22 -1.035767e-20 2.738963e-17 7.846156e+01
659000 3.777670e-23 -1.777167e-20 2.748677e-17 5.472311e+00
660000 1.333405e-21 -1.756124e-20 2.749165e-17 1.931562e+02
661000 1.929730e-21 -1.575872e-20 2.763605e-17 2.795395e+02
662000 2.337875e-21 -4.575523e-21 2.765086e-17 3.386633e+02
663000 6.961461e-21 -3.408419e-21 2.779848e-17 1.008433e+03
664000 1.964905e-21 -3.340455e-21 2.779056e-17 2.846349e+02
665000 6.691775e-22 -5.239405e-21 2.777789e-17 9.693666e+01
666000 9.198313e-22 -6.100944e-21 2.782813e-17 1.332462e+02
667000 1.481588e-21 -1.050312e-20 2.791261e-17 2.146220e+02
668000 4.255495e-21 -3.717133e-21 2.798059e-17 6.164484e+02
669000 1.117972e-21 -3.246631e-21 2.795031e-17 1.619488e+02
670000 1.344063e-20 -2.810168e-21 2.809486e-17 1.947002e+03
671000 2.564527e-23 -3.707894e-22 2.814306e-17 3.714958e+00
672000 2.233250e-22 -3.472728e-21 2.816855e-17 3.235073e+01
673000 8.599216e-22 -3.537732e-21 2.822806e-17 1.245677e+02
674000 3.211357e-21 -1.117359e-23 2.832722e-17 4.651952e+02
675000 3.495264e-24 -5.812584e-22 2.835120e-17 5.063218e-01
676000 6.445160e-22 -2.230066e-22 2.835711e-17 9.336420e+01
677000 7.480552e-22 -4.025341e-21 2.838289e-17 1.083628e+02
678000 3.932511e-22 -4.142201e-21 2.844357e-17 5.696612e+01
679000 5.074044e-22 -6.899674e-22 2.843958e-17 7.350230e+01
680000 1.996203e-21 -2.873819e-22 2.848073e-17 2.891688e+02
681000 8.090875e-21 -4.952382e-23 2.856249e-17 1.172039e+03
682000 3.112780e-21 -2.316578e-22 2.859801e-17 4.509155e+02
683000 4.979669e-21 -2.254417e-21 2.862825e-17 7.213519e+02
684000 1.435791e-21 -1.166047e-21 2.863384e-17 2.079878e+02
685000 1.514617e-21 -2.302760e-21 2.862442e-17 2.194065e+02
686000 3.481895e-21 -6.003383e-22 2.871405e-17 5.043852e+02
687000 1.479596e-21 -6.752075e-22 2.876762e-17 2.143335e+02
688000 1.756146e-21 -2.060420e-20 2.883664e-17 2.543943e+02
689000 5.031389e-21 -1.940933e-20 2.888767e-17 7.288440e+02
690000 1.162491e-22 -3.269653e-20 2.894808e-17 1.683978e+01
691000 1.537007e-21 -3.308698e-20 2.899957e-17 2.226499e+02
692000 2.615416e-21 -3.021686e-20 2.907109e-17 3.788676e+02
693000 5.752004e-21 -2.942281e-20 2.911707e-17 8.332319e+02
694000 3.430293e-21 -3.194337e-20 2.920660e-17 4.969103e+02
695000 6.563296e-22 -3.968785e-20 2.929262e-17 9.507552e+01
696000 2.437005e-21 -3.760434e-20 2.932312e-17 3.530230e+02
697000 3.056564e-22 -3.601139e-20 2.940472e-17 4.427721e+01
698000 3.294404e-23 -3.388139e-20 2.944508e-17 4.772255e+00
699000 1.367906e-23 -3.865422e-20 2.952544e-17 1.981541e+00
700000 5.613883e-22 -3.704424e-20 2.966178e-17 8.132237e+01
701000 2.038303e-22 6.907260e-21 2.975622e-17 2.952674e+01
702000 2.470107e-21 3.856340e-20 2.992105e-17 3.578182e+02
703000 3.449101e-24 2.797900e-20 2.996063e-17 4.996347e-01
704000 1.467884e-21 4.338878e-20 2.996504e-17 2.126369e+02
705000 1.288984e-20 2.192969e-20 3.000080e-17 1.867214e+03
706000 6.924488e-21 2.874560e-20 3.008402e-17 1.003077e+03
707000 2.838730e-23 2.906028e-20 3.007698e-17 4.112168e+00
708000 7.748928e-21 5.010566e-20 3.025916e-17 1.122505e+03
709000 5.793680e-22 3.583527e-20 3.033088e-17 8.392691e+01
710000 9.702981e-21 5.833283e-22 3.051421e-17 1.405568e+03
711000 2.182046e-24 -1.506877e-20 3.051942e-17 3.160898e-01
712000 3.326290e-22 -3.699628e-20 3.057548e-17 4.818445e+01
713000 5.260024e-21 -9.139308e-21 3.069064e-17 7.619640e+02
714000 1.401172e-22 -5.870154e-21 3.072820e-17 2.029729e+01
715000 1.196825e-20 -3.135666e-20 3.078661e-17 1.733714e+03
716000 1.654538e-21 -1.737162e-20 3.080884e-17 2.396754e+02
717000 3.096968e-21 -3.820953e-20 3.085700e-17 4.486250e+02
718000 9.216066e-23 -3.990973e-20 3.086320e-17 1.335034e+01
719000 2.062732e-22 -4.100540e-20 3.088557e-17 2.988061e+01
720000 1.419053e-21 -4.097722e-20 3.089335e-17 2.055632e+02
721000 6.739516e-22 -4.101644e-20 3.088367e-17 9.762823e+01
722000 1.077332e-20 -4.102706e-20 3.089187e-17 1.560617e+03
723000 2.181832e-21 -4.039212e-20 3.101032e-17 3.160589e+02
724000 2.075012e-22 -4.028317e-20 3.100718e-17 3.005851e+01
725000 3.402560e-22 -4.040018e-20 3.100932e-17 4.928929e+01
726000 6.143820e-26 -4.036699e-20 3.100595e-17 8.899902e-03
727000 3.865112e-21 -4.032031e-20 3.100861e-17 5.598979e+02
728000 2.255592e-21 -4.031060e-20 3.100732e-17 3.267437e+02
729000 5.895108e-22 -4.040666e-20 3.106651e-17 8.539619e+01
730000 1.654892e-21 -3.512275e-20 3.109251e-17 2.397267e+02
731000 2.633802e-22 -4.101755e-20 3.113614e-17 3.815310e+01
732000 3.013196e-22 -4.102104e-20 3.119259e-17 4.364898e+01
733000 1.634554e-22 -3.771998e-20 3.116558e-17 2.367806e+01
734000 5.585958e-23 -3.782793e-20 3.116432e-17 8.091786e+00
735000 8.508155e-22 -3.869507e-20 3.121415e-17 1.232486e+02
736000 7.321487e-22 1.720909e-20 3.126355e-17 1.060586e+02
737000 4.970263e-22 1.846478e-20 3.125782e-17 7.199894e+01
738000 2.087370e-23 9.714869e-21 3.129564e-17 3.023751e+00
739000 1.674815e-21 -3.682160e-21 3.129182e-17 2.426126e+02
740000 6.570741e-21 6.216920e-21 3.134136e-17 9.518336e+02
741000 4.207925e-21 -4.243866e-21 3.143103e-17 6.095576e+02
742000 1.127218e-21 -7.844028e-21 3.141542e-17 1.632881e+02
743000 4.849042e-24 -6.602326e-21 3.155243e-17 7.024293e-01
744000 1.752079e-21 1.652526e-20 3.167336e-17 2.538051e+02
745000 1.001789e-21 2.631047e-20 3.166303e-17 1.451185e+02
746000 2.510639e-22 6.100156e-20 3.170698e-17 3.636896e+01
747000 7.993485e-22 1.591191e-20 3.175174e-17 1.157931e+02
748000 1.396530e-21 1.583196e-20 3.175234e-17 2.023005e+02
749000 3.864488e-21 1.555263e-20 3.175503e-17 5.598074e+02
750000 2.724726e-22 3.387656e-20 3.183302e-17 3.947022e+01
751000 2.230800e-21 4.130792e-20 3.182664e-17 3.231524e+02
752000 1.259476e-21 5.038913e-20 3.189262e-17 1.824469e+02
753000 8.439548e-22 5.294351e-20 3.194178e-17 1.222548e+02
754000 1.248913e-21 4.925864e-20 3.203406e-17 1.809169e+02
755000 6.235459e-23 6.352924e-20 3.208274e-17 9.032649e+00
756000 4.323542e-21 -4.080041e-20 3.222559e-17 6.263057e+02
757000 3.821347e-22 -3.933929e-20 3.229217e-17 5.535581e+01
758000 3.641684e-23 -4.027337e-20 3.233635e-17 5.275322e+00
759000 2.347702e-23 -1.166629e-20 3.237412e-17 3.400868e+00
760000 2.565924e-21 -3.543843e-20 3.251343e-17 3.716983e+02
761000 9.970514e-22 -1.870820e-20 3.252863e-17 1.444323e+02
762000 3.475846e-22 -1.861164e-20 3.252768e-17 5.035089e+01
763000 2.126992e-23 -1.935581e-20 3.253261e-17 3.081148e+00
764000 1.790658e-21 -1.917070e-20 3.253271e-17 2.593937e+02
765000 1.337971e-22 -2.024509e-20 3.253620e-17 1.938178e+01
766000 1.120968e-20 -2.539299e-20 3.268072e-17 1.623828e+03
767000 1.986439e-21 -2.611536e-20 3.269053e-17 2.877544e+02
768000 2.644234e-21 -2.558306e-20 3.267680e-17 3.830421e+02
769000 2.170832e-21 -2.490224e-20 3.267121e-17 3.144654e+02
770000 2.925982e-21 -2.563222e-20 3.273718e-17 4.238560e+02
771000 1.301312e-21 -2.505998e-20 3.272573e-17 1.885072e+02
772000 6.679519e-22 -2.936071e-20 3.273485e-17 9.675912e+01
773000 2.085564e-21 -3.428367e-20 3.282164e-17 3.021136e+02
774000 1.614843e-21 -2.885270e-20 3.288352e-17 2.339252e+02
775000 5.062283e-23 -2.842891e-20 3.297917e-17 7.333193e+00
776000 6.440486e-21 -1.005469e-20 3.300871e-17 9.329650e+02
777000 6.528435e-22 6.569587e-21 3.308981e-17 9.457053e+01
778000 4.506236e-21 -2.663103e-22 3.308010e-17 6.527707e+02
779000 6.622625e-21 3.149616e-21 3.311559e-17 9.593495e+02
780000 3.930194e-22 4.093261e-21 3.311405e-17 5.693256e+01
781000 4.180967e-21 9.222196e-21 3.312437e-17 6.056524e+02
782000 2.629429e-21 9.817491e-21 3.312114e-17 3.808976e+02
783000 6.512010e-22 9.765064e-21 3.311937e-17 9.433259e+01
784000 4.083492e-22 1.098263e-20 3.311753e-17 5.915323e+01
785000 5.261794e-23 1.130171e-20 3.311891e-17 7.622204e+00
786000 7.322016e-23 2.641140e-21 3.315186e-17 1.060663e+01
787000 2.481590e-21 -3.660598e-20 3.322487e-17 3.594817e+02
788000 4.384477e-21 -3.758844e-20 3.332457e-17 6.351328e+02
789000 1.369553e-21 -2.762491e-20 3.331560e-17 1.983926e+02
790000 5.018376e-24 2.776514e-20 3.339281e-17 7.269590e-01
791000 2.410251e-21 5.769054e-20 3.344435e-17 3.491475e+02
792000 7.926109e-24 2.359084e-20 3.343427e-17 1.148171e+00
793000 2.617513e-21 5.205748e-20 3.348458e-17 3.791714e+02
794000 2.857274e-21 5.660432e-20 3.348345e-17 4.139030e+02
795000 3.291799e-24 6.862170e-20 3.357322e-17 4.768481e-01
796000 7.194805e-23 7.590908e-20 3.359602e-17 1.042235e+01
797000 7.016441e-21 7.378030e-20 3.360151e-17 1.016398e+03
798000 1.659028e-24 7.483392e-20 3.359502e-17 2.403258e-01
799000 9.640676e-22 7.482502e-20 3.359598e-17 1.396543e+02
800000 1.290944e-22 7.970475e-20 3.363994e-17 1.870053e+01
801000 3.096960e-21 6.002604e-20 3.368734e-17 4.486238e+02
802000 1.386839e-21 8.456287e-20 3.372661e-17 2.008966e+02
803000 5.568540e-22 6.839692e-20 3.373894e-17 8.066554e+01
804000 7.997398e-23 8.332946e-20 3.372539e-17 1.158498e+01
805000 9.110008e-21 8.283723e-20 3.373497e-17 1.319670e+03
806000 1.413583e-21 3.246594e-20 3.376739e-17 2.047709e+02
807000 1.399094e-20 2.307530e-20 3.382568e-17 2.026719e+03
808000 4.358906e-23 -3.725635e-20 3.383825e-17 6.314286e+00
809000 5.690728e-23 -3.475244e-20 3.383769e-17 8.243555e+00
810000 9.715371e-22 -3.729325e-20 3.383872e-17 1.407363e+02
811000 1.238319e-22 -3.077569e-20 3.383199e-17 1.793822e+01
812000 9.087701e-24 -3.099650e-20 3.388899e-17 1.316439e+00
813000 5.768353e-23 -2.779053e-20 3.388477e-17 8.356002e+00
814000 2.274136e-23 -2.938995e-20 3.393759e-17 3.294299e+00
815000 2.519220e-21 -3.425589e-20 3.393041e-17 3.649328e+02
816000 1.989635e-22 -3.051907e-20 3.397544e-17 2.882174e+01
817000 2.122163e-21 -3.372257e-20 3.396842e-17 3.074153e+02
818000 1.414136e-21 -3.046947e-20 3.401560e-17 2.048508e+02
819000 1.374410e-21 -3.995215e-20 3.403318e-17 1.990962e+02
820000 8.559594e-23 -3.998877e-20 3.402902e-17 1.239938e+01
821000 9.497703e-23 -3.767449e-20 3.411930e-17 1.375832e+01
822000 1.402609e-21 -3.778141e-20 3.412698e-17 2.031812e+02
823000 2.197420e-20 -4.107237e-20 3.428215e-17 3.183170e+03
824000 5.137351e-23 -4.015329e-20 3.423646e-17 7.441936e+00
825000 1.135772e-21 -3.943333e-20 3.432181e-17 1.645273e+02
826000 4.502318e-21 -3.990359e-20 3.436763e-17 6.522032e+02
827000 9.664456e-22 -4.007950e-20 3.436840e-17 1.399987e+02
828000 2.226425e-21 -3.915377e-20 3.441780e-17 3.225186e+02
829000 4.382642e-22 -3.890460e-20 3.441788e-17 6.348669e+01
830000 7.258312e-23 -4.011353e-20 3.443185e-17 1.051435e+01
831000 1.335724e-22 -3.889365e-20 3.446686e-17 1.934922e+01
832000 1.174322e-22 -3.678912e-20 3.449310e-17 1.701116e+01
833000 1.724455e-21 -4.082702e-20 3.448666e-17 2.498035e+02
834000 2.413033e-21 -4.105889e-20 3.462205e-17 3.495506e+02
835000 1.442193e-21 -4.071144e-20 3.465460e-17 2.089152e+02
836000 4.530439e-22 -4.085931e-20 3.470362e-17 6.562767e+01
837000 5.274539e-22 -3.889802e-20 3.476178e-17 7.640666e+01
838000 6.137254e-21 -3.058979e-20 3.480068e-17 8.890390e+02
839000 6.254888e-22 -2.814855e-20 3.480159e-17 9.060794e+01
840000 1.624154e-22 -3.870751e-20 3.494533e-17 2.352740e+01
841000 1.300618e-23 -2.045186e-20 3.502202e-17 1.884068e+00
842000 5.244648e-22 -3.396852e-20 3.518522e-17 7.597366e+01
843000 9.153597e-22 -2.724452e-20 3.535032e-17 1.325985e+02
844000 2.935713e-21 -2.717691e-20 3.535412e-17 4.252656e+02
845000 2.889631e-21 -2.754446e-20 3.544821e-17 4.185902e+02
846000 1.294338e-21 -3.447617e-20 3.543907e-17 1.874970e+02
847000 2.833895e-21 -3.989853e-20 3.551811e-17 4.105163e+02
848000 6.685158e-23 -4.101911e-20 3.563108e-17 9.684080e+00
849000 6.495652e-23 -4.083937e-20 3.566630e-17 9.409564e+00
850000 7.675892e-23 -4.086164e-20 3.576498e-17 1.111925e+01
851000 3.228056e-22 -3.684194e-20 3.579312e-17 4.676143e+01
852000 4.378354e-21 -3.600073e-20 3.583466e-17 6.342458e+02
853000 4.722071e-23 -4.065538e-20 3.587218e-17 6.840364e+00
854000 4.673906e-23 -3.679917e-20 3.596825e-17 6.770593e+00
855000 1.614427e-21 -4.102674e-20 3.595748e-17 2.338649e+02
856000 6.881803e-21 -4.070479e-20 3.596204e-17 9.968939e+02
857000 6.071076e-23 -4.093047e-20 3.600546e-17 8.794524e+00
858000 1.754063e-21 3.691275e-20 3.612400e-17 2.540926e+02
859000 2.429133e-21 6.642578e-21 3.615576e-17 3.518828e+02
860000 2.379583e-25 1.328051e-20 3.614941e-17 3.447050e-02
861000 6.088477e-22 1.292655e-20 3.614706e-17 8.819731e+01
862000 4.688595e-22 -1.031544e-20 3.618368e-17 6.791872e+01
863000 9.263539e-23 -1.394415e-20 3.619049e-17 1.341911e+01
864000 4.502788e-22 1.884410e-20 3.618225e-17 6.522712e+01
865000 5.220450e-21 2.029300e-20 3.619103e-17 7.562313e+02
866000 2.536360e-23 1.932141e-20 3.618185e-17 3.674155e+00
867000 4.328712e-21 2.696055e-20 3.623185e-17 6.270546e+02
868000 3.736098e-22 2.635384e-20 3.627254e-17 5.412090e+01
869000 6.950937e-21 2.496733e-20 3.627981e-17 1.006909e+03
870000 6.014081e-21 2.513470e-20 3.627819e-17 8.711963e+02
871000 2.251401e-21 2.654094e-20 3.640689e-17 3.261366e+02
872000 8.679764e-22 -1.391139e-20 3.639149e-17 1.257346e+02
873000 8.359070e-22 -9.988742e-21 3.638004e-17 1.210890e+02
874000 2.257885e-20 -1.001075e-20 3.640197e-17 3.270758e+03
875000 2.154006e-21 -1.662877e-20 3.639292e-17 3.120280e+02
876000 8.446811e-22 3.084878e-20 3.657113e-17 1.223600e+02
877000 5.946120e-22 7.080108e-22 3.664982e-17 8.613514e+01
878000 1.106259e-21 -6.790744e-21 3.664153e-17 1.602520e+02
879000 8.007827e-22 -5.890966e-21 3.663534e-17 1.160009e+02
