pX pY pZ 
-4.192992e-14 0.000000e+00 0.000000e+00
-1.753496e-13 0.000000e+00 0.000000e+00
2.663324e-13 0.000000e+00 0.000000e+00
2.097837e-14 0.000000e+00 0.000000e+00
1.775942e-14 0.000000e+00 0.000000e+00
-1.531655e-14 0.000000e+00 0.000000e+00
9.931370e-14 0.000000e+00 0.000000e+00
-3.023261e-13 0.000000e+00 0.000000e+00
3.032629e-13 0.000000e+00 0.000000e+00
-1.702017e-13 0.000000e+00 0.000000e+00
1.830132e-13 0.000000e+00 0.000000e+00
1.904604e-13 0.000000e+00 0.000000e+00
1.289403e-13 0.000000e+00 0.000000e+00
-4.336918e-13 0.000000e+00 0.000000e+00
-2.329757e-13 0.000000e+00 0.000000e+00
-3.173414e-13 0.000000e+00 0.000000e+00
-2.541453e-13 0.000000e+00 0.000000e+00
-4.634438e-14 0.000000e+00 0.000000e+00
9.992786e-14 0.000000e+00 0.000000e+00
-2.204337e-13 0.000000e+00 0.000000e+00
1.663581e-13 0.000000e+00 0.000000e+00
-4.162753e-15 0.000000e+00 0.000000e+00
-1.824848e-13 0.000000e+00 0.000000e+00
-1.230784e-13 0.000000e+00 0.000000e+00
-1.617960e-13 0.000000e+00 0.000000e+00
1.629565e-13 0.000000e+00 0.000000e+00
2.620016e-13 0.000000e+00 0.000000e+00
1.446649e-13 0.000000e+00 0.000000e+00
3.078808e-13 0.000000e+00 0.000000e+00
1.398212e-13 0.000000e+00 0.000000e+00
-3.309976e-13 0.000000e+00 0.000000e+00
-1.421447e-14 0.000000e+00 0.000000e+00
-3.516940e-13 0.000000e+00 0.000000e+00
-7.163022e-14 0.000000e+00 0.000000e+00
-1.287375e-13 0.000000e+00 0.000000e+00
1.042544e-13 0.000000e+00 0.000000e+00
-3.983131e-15 0.000000e+00 0.000000e+00
-1.454273e-13 0.000000e+00 0.000000e+00
-2.412958e-13 0.000000e+00 0.000000e+00
1.042539e-13 0.000000e+00 0.000000e+00
1.933285e-13 0.000000e+00 0.000000e+00
1.628586e-13 0.000000e+00 0.000000e+00
2.586851e-13 0.000000e+00 0.000000e+00
-2.861438e-13 0.000000e+00 0.000000e+00
-1.938727e-13 0.000000e+00 0.000000e+00
5.054001e-14 0.000000e+00 0.000000e+00
1.175521e-13 0.000000e+00 0.000000e+00
1.250591e-13 0.000000e+00 0.000000e+00
-5.542792e-15 0.000000e+00 0.000000e+00
9.069577e-14 0.000000e+00 0.000000e+00
-3.068298e-13 0.000000e+00 0.000000e+00
-2.058372e-14 0.000000e+00 0.000000e+00
2.830416e-13 0.000000e+00 0.000000e+00
1.117952e-13 0.000000e+00 0.000000e+00
4.942265e-14 0.000000e+00 0.000000e+00
-1.298829e-14 0.000000e+00 0.000000e+00
-1.637726e-13 0.000000e+00 0.000000e+00
1.083543e-13 0.000000e+00 0.000000e+00
-4.695635e-13 0.000000e+00 0.000000e+00
-2.266968e-14 0.000000e+00 0.000000e+00
4.257050e-13 0.000000e+00 0.000000e+00
1.080593e-13 0.000000e+00 0.000000e+00
-1.288420e-13 0.000000e+00 0.000000e+00
7.204564e-14 0.000000e+00 0.000000e+00
1.901313e-13 0.000000e+00 0.000000e+00
-1.181879e-14 0.000000e+00 0.000000e+00
2.000707e-14 0.000000e+00 0.000000e+00
-8.818100e-14 0.000000e+00 0.000000e+00
2.194746e-13 0.000000e+00 0.000000e+00
-8.456223e-14 0.000000e+00 0.000000e+00
-8.445720e-14 0.000000e+00 0.000000e+00
-1.314897e-13 0.000000e+00 0.000000e+00
1.356216e-13 0.000000e+00 0.000000e+00
-1.685052e-13 0.000000e+00 0.000000e+00
8.470078e-14 0.000000e+00 0.000000e+00
-1.166271e-13 0.000000e+00 0.000000e+00
-5.020215e-13 0.000000e+00 0.000000e+00
3.349569e-14 0.000000e+00 0.000000e+00
-8.568300e-14 0.000000e+00 0.000000e+00
7.881076e-14 0.000000e+00 0.000000e+00
2.572518e-13 0.000000e+00 0.000000e+00
-2.154755e-13 0.000000e+00 0.000000e+00
2.193070e-13 0.000000e+00 0.000000e+00
1.939451e-13 0.000000e+00 0.000000e+00
-2.019744e-13 0.000000e+00 0.000000e+00
3.420527e-13 0.000000e+00 0.000000e+00
-2.645980e-13 0.000000e+00 0.000000e+00
-6.050959e-14 0.000000e+00 0.000000e+00
5.684321e-14 0.000000e+00 0.000000e+00
5.112111e-14 0.000000e+00 0.000000e+00
-6.751968e-14 0.000000e+00 0.000000e+00
-5.138330e-13 0.000000e+00 0.000000e+00
-1.312482e-13 0.000000e+00 0.000000e+00
-1.224292e-13 0.000000e+00 0.000000e+00
-3.622411e-13 0.000000e+00 0.000000e+00
1.625773e-13 0.000000e+00 0.000000e+00
-2.943438e-13 0.000000e+00 0.000000e+00
2.471363e-13 0.000000e+00 0.000000e+00
-7.464124e-14 0.000000e+00 0.000000e+00
-5.132581e-14 0.000000e+00 0.000000e+00
-3.063913e-14 0.000000e+00 0.000000e+00
-9.590594e-14 0.000000e+00 0.000000e+00
2.940614e-14 0.000000e+00 0.000000e+00
6.346159e-14 0.000000e+00 0.000000e+00
1.689440e-13 0.000000e+00 0.000000e+00
1.376533e-13 0.000000e+00 0.000000e+00
5.671325e-14 0.000000e+00 0.000000e+00
5.219865e-14 0.000000e+00 0.000000e+00
2.059445e-13 0.000000e+00 0.000000e+00
-9.490630e-14 0.000000e+00 0.000000e+00
2.134007e-13 0.000000e+00 0.000000e+00
-5.104315e-15 0.000000e+00 0.000000e+00
-1.148740e-13 0.000000e+00 0.000000e+00
5.684867e-14 0.000000e+00 0.000000e+00
2.838900e-13 0.000000e+00 0.000000e+00
-4.816651e-13 0.000000e+00 0.000000e+00
2.185774e-13 0.000000e+00 0.000000e+00
-1.999389e-13 0.000000e+00 0.000000e+00
-5.138884e-15 0.000000e+00 0.000000e+00
-1.352573e-15 0.000000e+00 0.000000e+00
1.634165e-13 0.000000e+00 0.000000e+00
-2.144018e-14 0.000000e+00 0.000000e+00
9.573057e-14 0.000000e+00 0.000000e+00
1.238874e-13 0.000000e+00 0.000000e+00
-3.209825e-14 0.000000e+00 0.000000e+00
1.764693e-13 0.000000e+00 0.000000e+00
4.251873e-14 0.000000e+00 0.000000e+00
1.420337e-13 0.000000e+00 0.000000e+00
-6.405935e-14 0.000000e+00 0.000000e+00
-4.759193e-14 0.000000e+00 0.000000e+00
-4.524088e-14 0.000000e+00 0.000000e+00
1.322696e-13 0.000000e+00 0.000000e+00
-1.436625e-13 0.000000e+00 0.000000e+00
2.199232e-13 0.000000e+00 0.000000e+00
7.984266e-14 0.000000e+00 0.000000e+00
-2.144061e-15 0.000000e+00 0.000000e+00
-5.762255e-14 0.000000e+00 0.000000e+00
-2.556124e-13 0.000000e+00 0.000000e+00
-4.695340e-14 0.000000e+00 0.000000e+00
2.754976e-13 0.000000e+00 0.000000e+00
-7.338632e-14 0.000000e+00 0.000000e+00
-4.323437e-14 0.000000e+00 0.000000e+00
1.339481e-13 0.000000e+00 0.000000e+00
-5.429998e-14 0.000000e+00 0.000000e+00
1.718852e-14 0.000000e+00 0.000000e+00
-3.573080e-13 0.000000e+00 0.000000e+00
1.185828e-13 0.000000e+00 0.000000e+00
9.025177e-14 0.000000e+00 0.000000e+00
3.040371e-13 0.000000e+00 0.000000e+00
-1.981867e-13 0.000000e+00 0.000000e+00
1.893225e-13 0.000000e+00 0.000000e+00
-2.966100e-15 0.000000e+00 0.000000e+00
-1.125691e-13 0.000000e+00 0.000000e+00
1.201788e-14 0.000000e+00 0.000000e+00
9.722628e-15 0.000000e+00 0.000000e+00
-8.555984e-14 0.000000e+00 0.000000e+00
2.158852e-13 0.000000e+00 0.000000e+00
-2.163249e-14 0.000000e+00 0.000000e+00
1.677013e-14 0.000000e+00 0.000000e+00
3.016864e-14 0.000000e+00 0.000000e+00
-1.482384e-13 0.000000e+00 0.000000e+00
8.393228e-14 0.000000e+00 0.000000e+00
-2.640485e-13 0.000000e+00 0.000000e+00
7.825134e-16 0.000000e+00 0.000000e+00
-1.892456e-13 0.000000e+00 0.000000e+00
-3.834900e-13 0.000000e+00 0.000000e+00
-6.469165e-14 0.000000e+00 0.000000e+00
4.743459e-13 0.000000e+00 0.000000e+00
-1.362241e-13 0.000000e+00 0.000000e+00
2.272802e-13 0.000000e+00 0.000000e+00
-2.475247e-13 0.000000e+00 0.000000e+00
1.758879e-13 0.000000e+00 0.000000e+00
-2.657418e-13 0.000000e+00 0.000000e+00
-1.377757e-13 0.000000e+00 0.000000e+00
-1.738715e-13 0.000000e+00 0.000000e+00
8.697826e-14 0.000000e+00 0.000000e+00
-5.462279e-13 0.000000e+00 0.000000e+00
1.128735e-13 0.000000e+00 0.000000e+00
6.104286e-14 0.000000e+00 0.000000e+00
-1.648029e-13 0.000000e+00 0.000000e+00
-1.436594e-13 0.000000e+00 0.000000e+00
-7.778979e-14 0.000000e+00 0.000000e+00
-3.358841e-14 0.000000e+00 0.000000e+00
-2.460979e-13 0.000000e+00 0.000000e+00
-1.140888e-13 0.000000e+00 0.000000e+00
7.004806e-13 0.000000e+00 0.000000e+00
-8.742561e-14 0.000000e+00 0.000000e+00
3.698290e-13 0.000000e+00 0.000000e+00
-7.467396e-14 0.000000e+00 0.000000e+00
1.756043e-14 0.000000e+00 0.000000e+00
-1.218259e-13 0.000000e+00 0.000000e+00
4.684198e-14 0.000000e+00 0.000000e+00
-6.607584e-14 0.000000e+00 0.000000e+00
-2.477688e-13 0.000000e+00 0.000000e+00
1.654357e-13 0.000000e+00 0.000000e+00
1.826119e-13 0.000000e+00 0.000000e+00
9.861981e-14 0.000000e+00 0.000000e+00
1.160576e-13 0.000000e+00 0.000000e+00
2.960256e-13 0.000000e+00 0.000000e+00
-2.343332e-13 0.000000e+00 0.000000e+00
6.979116e-14 0.000000e+00 0.000000e+00
-3.395002e-13 0.000000e+00 0.000000e+00
-5.872120e-13 0.000000e+00 0.000000e+00
1.160626e-14 0.000000e+00 0.000000e+00
-6.091907e-14 0.000000e+00 0.000000e+00
7.304734e-14 0.000000e+00 0.000000e+00
-7.189265e-14 0.000000e+00 0.000000e+00
2.736027e-14 0.000000e+00 0.000000e+00
-1.089708e-13 0.000000e+00 0.000000e+00
3.578446e-13 0.000000e+00 0.000000e+00
-2.573146e-13 0.000000e+00 0.000000e+00
1.903461e-13 0.000000e+00 0.000000e+00
1.301550e-13 0.000000e+00 0.000000e+00
1.423375e-13 0.000000e+00 0.000000e+00
-4.018875e-14 0.000000e+00 0.000000e+00
1.843710e-13 0.000000e+00 0.000000e+00
4.206018e-14 0.000000e+00 0.000000e+00
1.107104e-13 0.000000e+00 0.000000e+00
-9.378675e-15 0.000000e+00 0.000000e+00
3.935589e-14 0.000000e+00 0.000000e+00
-2.199428e-13 0.000000e+00 0.000000e+00
-1.353515e-13 0.000000e+00 0.000000e+00
1.958072e-13 0.000000e+00 0.000000e+00
-2.265647e-13 0.000000e+00 0.000000e+00
-1.509910e-13 0.000000e+00 0.000000e+00
3.878180e-13 0.000000e+00 0.000000e+00
2.813880e-14 0.000000e+00 0.000000e+00
2.564039e-13 0.000000e+00 0.000000e+00
-4.153873e-14 0.000000e+00 0.000000e+00
-1.645298e-13 0.000000e+00 0.000000e+00
1.021090e-13 0.000000e+00 0.000000e+00
5.805196e-15 0.000000e+00 0.000000e+00
-1.595465e-13 0.000000e+00 0.000000e+00
2.417532e-13 0.000000e+00 0.000000e+00
-1.076055e-13 0.000000e+00 0.000000e+00
-1.532390e-13 0.000000e+00 0.000000e+00
-5.302682e-14 0.000000e+00 0.000000e+00
1.123533e-13 0.000000e+00 0.000000e+00
-3.826691e-14 0.000000e+00 0.000000e+00
2.187856e-14 0.000000e+00 0.000000e+00
1.226500e-13 0.000000e+00 0.000000e+00
7.497186e-14 0.000000e+00 0.000000e+00
-1.078306e-13 0.000000e+00 0.000000e+00
-2.871814e-14 0.000000e+00 0.000000e+00
-3.063239e-14 0.000000e+00 0.000000e+00
1.817112e-14 0.000000e+00 0.000000e+00
-4.841537e-13 0.000000e+00 0.000000e+00
-1.992386e-14 0.000000e+00 0.000000e+00
3.041792e-13 0.000000e+00 0.000000e+00
-3.457764e-13 0.000000e+00 0.000000e+00
6.910913e-14 0.000000e+00 0.000000e+00
3.744050e-14 0.000000e+00 0.000000e+00
-2.020345e-13 0.000000e+00 0.000000e+00
-4.324811e-14 0.000000e+00 0.000000e+00
2.886542e-13 0.000000e+00 0.000000e+00
-1.739937e-13 0.000000e+00 0.000000e+00
-3.188171e-13 0.000000e+00 0.000000e+00
5.133081e-14 0.000000e+00 0.000000e+00
-2.085360e-14 0.000000e+00 0.000000e+00
-3.053823e-14 0.000000e+00 0.000000e+00
-1.036707e-13 0.000000e+00 0.000000e+00
-2.357481e-14 0.000000e+00 0.000000e+00
-5.167942e-14 0.000000e+00 0.000000e+00
3.505706e-14 0.000000e+00 0.000000e+00
-2.440454e-13 0.000000e+00 0.000000e+00
1.646511e-13 0.000000e+00 0.000000e+00
6.333990e-14 0.000000e+00 0.000000e+00
-4.685616e-14 0.000000e+00 0.000000e+00
1.520043e-13 0.000000e+00 0.000000e+00
1.413846e-13 0.000000e+00 0.000000e+00
-7.779644e-14 0.000000e+00 0.000000e+00
-2.609314e-13 0.000000e+00 0.000000e+00
-1.947654e-13 0.000000e+00 0.000000e+00
9.090399e-14 0.000000e+00 0.000000e+00
-3.888824e-13 0.000000e+00 0.000000e+00
4.863577e-14 0.000000e+00 0.000000e+00
1.677147e-13 0.000000e+00 0.000000e+00
-6.128641e-14 0.000000e+00 0.000000e+00
-9.864523e-14 0.000000e+00 0.000000e+00
-8.164248e-14 0.000000e+00 0.000000e+00
6.915302e-14 0.000000e+00 0.000000e+00
-5.725199e-14 0.000000e+00 0.000000e+00
3.236083e-14 0.000000e+00 0.000000e+00
-9.201788e-14 0.000000e+00 0.000000e+00
9.569505e-14 0.000000e+00 0.000000e+00
2.886077e-13 0.000000e+00 0.000000e+00
-2.533178e-13 0.000000e+00 0.000000e+00
3.027817e-13 0.000000e+00 0.000000e+00
-7.840814e-14 0.000000e+00 0.000000e+00
-1.176350e-13 0.000000e+00 0.000000e+00
4.261843e-13 0.000000e+00 0.000000e+00
-2.915966e-15 0.000000e+00 0.000000e+00
-7.249331e-14 0.000000e+00 0.000000e+00
-2.487417e-13 0.000000e+00 0.000000e+00
1.759762e-13 0.000000e+00 0.000000e+00
-1.278631e-13 0.000000e+00 0.000000e+00
1.799343e-16 0.000000e+00 0.000000e+00
-1.884599e-13 0.000000e+00 0.000000e+00
-1.343906e-13 0.000000e+00 0.000000e+00
2.369522e-13 0.000000e+00 0.000000e+00
9.390417e-14 0.000000e+00 0.000000e+00
1.041751e-13 0.000000e+00 0.000000e+00
1.260762e-13 0.000000e+00 0.000000e+00
-1.004805e-13 0.000000e+00 0.000000e+00
2.729972e-13 0.000000e+00 0.000000e+00
1.421250e-13 0.000000e+00 0.000000e+00
1.240207e-13 0.000000e+00 0.000000e+00
1.238011e-13 0.000000e+00 0.000000e+00
9.944701e-14 0.000000e+00 0.000000e+00
-8.967914e-14 0.000000e+00 0.000000e+00
9.462086e-14 0.000000e+00 0.000000e+00
-4.376645e-14 0.000000e+00 0.000000e+00
5.621550e-14 0.000000e+00 0.000000e+00
6.723373e-14 0.000000e+00 0.000000e+00
-1.298864e-13 0.000000e+00 0.000000e+00
-3.757173e-13 0.000000e+00 0.000000e+00
1.493024e-13 0.000000e+00 0.000000e+00
2.109519e-13 0.000000e+00 0.000000e+00
-1.521064e-13 0.000000e+00 0.000000e+00
1.244206e-13 0.000000e+00 0.000000e+00
-2.859869e-13 0.000000e+00 0.000000e+00
4.923614e-14 0.000000e+00 0.000000e+00
1.601212e-13 0.000000e+00 0.000000e+00
8.039994e-14 0.000000e+00 0.000000e+00
1.836020e-13 0.000000e+00 0.000000e+00
6.665763e-14 0.000000e+00 0.000000e+00
2.733628e-13 0.000000e+00 0.000000e+00
1.728837e-13 0.000000e+00 0.000000e+00
-3.960252e-13 0.000000e+00 0.000000e+00
-1.174321e-13 0.000000e+00 0.000000e+00
2.254627e-13 0.000000e+00 0.000000e+00
-3.783403e-15 0.000000e+00 0.000000e+00
-1.961637e-14 0.000000e+00 0.000000e+00
1.165249e-13 0.000000e+00 0.000000e+00
1.415574e-13 0.000000e+00 0.000000e+00
-6.606379e-14 0.000000e+00 0.000000e+00
-3.632843e-13 0.000000e+00 0.000000e+00
-9.640424e-14 0.000000e+00 0.000000e+00
1.151243e-13 0.000000e+00 0.000000e+00
4.279752e-14 0.000000e+00 0.000000e+00
-5.721455e-14 0.000000e+00 0.000000e+00
2.086275e-15 0.000000e+00 0.000000e+00
-1.156762e-13 0.000000e+00 0.000000e+00
1.928755e-13 0.000000e+00 0.000000e+00
5.305224e-14 0.000000e+00 0.000000e+00
2.086320e-13 0.000000e+00 0.000000e+00
3.519059e-13 0.000000e+00 0.000000e+00
-1.491819e-13 0.000000e+00 0.000000e+00
-3.089432e-13 0.000000e+00 0.000000e+00
-1.405879e-14 0.000000e+00 0.000000e+00
-3.373511e-13 0.000000e+00 0.000000e+00
-1.179706e-13 0.000000e+00 0.000000e+00
2.043129e-13 0.000000e+00 0.000000e+00
1.773060e-13 0.000000e+00 0.000000e+00
1.857021e-14 0.000000e+00 0.000000e+00
4.754724e-14 0.000000e+00 0.000000e+00
1.696372e-13 0.000000e+00 0.000000e+00
-1.722081e-13 0.000000e+00 0.000000e+00
1.934092e-13 0.000000e+00 0.000000e+00
-2.772464e-13 0.000000e+00 0.000000e+00
-4.974342e-13 0.000000e+00 0.000000e+00
8.860416e-14 0.000000e+00 0.000000e+00
2.249865e-13 0.000000e+00 0.000000e+00
-9.812468e-14 0.000000e+00 0.000000e+00
-4.795126e-14 0.000000e+00 0.000000e+00
-1.486691e-13 0.000000e+00 0.000000e+00
5.714763e-14 0.000000e+00 0.000000e+00
9.396238e-14 0.000000e+00 0.000000e+00
3.955557e-14 0.000000e+00 0.000000e+00
-1.464745e-13 0.000000e+00 0.000000e+00
2.191121e-13 0.000000e+00 0.000000e+00
2.393016e-14 0.000000e+00 0.000000e+00
-4.230897e-14 0.000000e+00 0.000000e+00
2.510978e-13 0.000000e+00 0.000000e+00
1.036289e-13 0.000000e+00 0.000000e+00
4.219241e-13 0.000000e+00 0.000000e+00
3.076308e-13 0.000000e+00 0.000000e+00
2.098915e-13 0.000000e+00 0.000000e+00
-4.204775e-14 0.000000e+00 0.000000e+00
-2.708314e-13 0.000000e+00 0.000000e+00
1.633678e-13 0.000000e+00 0.000000e+00
-5.427559e-14 0.000000e+00 0.000000e+00
-2.420809e-13 0.000000e+00 0.000000e+00
-9.592008e-14 0.000000e+00 0.000000e+00
5.822195e-14 0.000000e+00 0.000000e+00
-1.638936e-13 0.000000e+00 0.000000e+00
2.088437e-14 0.000000e+00 0.000000e+00
-6.696332e-14 0.000000e+00 0.000000e+00
-4.104390e-13 0.000000e+00 0.000000e+00
1.586686e-13 0.000000e+00 0.000000e+00
-8.133968e-14 0.000000e+00 0.000000e+00
-1.768390e-13 0.000000e+00 0.000000e+00
-7.640897e-14 0.000000e+00 0.000000e+00
-2.978319e-13 0.000000e+00 0.000000e+00
-4.283464e-14 0.000000e+00 0.000000e+00
6.407198e-14 0.000000e+00 0.000000e+00
1.388864e-13 0.000000e+00 0.000000e+00
4.300409e-13 0.000000e+00 0.000000e+00
-1.593952e-13 0.000000e+00 0.000000e+00
-1.864913e-13 0.000000e+00 0.000000e+00
1.738101e-13 0.000000e+00 0.000000e+00
3.689625e-13 0.000000e+00 0.000000e+00
5.189664e-13 0.000000e+00 0.000000e+00
1.874226e-14 0.000000e+00 0.000000e+00
3.185498e-13 0.000000e+00 0.000000e+00
3.626316e-14 0.000000e+00 0.000000e+00
-2.195156e-13 0.000000e+00 0.000000e+00
9.094685e-14 0.000000e+00 0.000000e+00
-8.922606e-14 0.000000e+00 0.000000e+00
-2.919511e-13 0.000000e+00 0.000000e+00
-2.801222e-13 0.000000e+00 0.000000e+00
6.834883e-14 0.000000e+00 0.000000e+00
-7.790369e-14 0.000000e+00 0.000000e+00
3.228887e-13 0.000000e+00 0.000000e+00
-3.007834e-13 0.000000e+00 0.000000e+00
3.257047e-13 0.000000e+00 0.000000e+00
-2.506141e-14 0.000000e+00 0.000000e+00
-5.071443e-14 0.000000e+00 0.000000e+00
-1.301030e-13 0.000000e+00 0.000000e+00
1.165497e-14 0.000000e+00 0.000000e+00
-5.206496e-14 0.000000e+00 0.000000e+00
-1.044622e-13 0.000000e+00 0.000000e+00
-4.622779e-14 0.000000e+00 0.000000e+00
2.241484e-13 0.000000e+00 0.000000e+00
1.768249e-13 0.000000e+00 0.000000e+00
1.207638e-13 0.000000e+00 0.000000e+00
2.551972e-14 0.000000e+00 0.000000e+00
-1.635726e-13 0.000000e+00 0.000000e+00
-1.767959e-13 0.000000e+00 0.000000e+00
2.956791e-13 0.000000e+00 0.000000e+00
-4.018311e-14 0.000000e+00 0.000000e+00
1.635823e-13 0.000000e+00 0.000000e+00
1.244097e-13 0.000000e+00 0.000000e+00
2.112940e-13 0.000000e+00 0.000000e+00
-1.566021e-13 0.000000e+00 0.000000e+00
2.656129e-13 0.000000e+00 0.000000e+00
8.222428e-14 0.000000e+00 0.000000e+00
-1.514540e-13 0.000000e+00 0.000000e+00
-6.360511e-13 0.000000e+00 0.000000e+00
1.342793e-13 0.000000e+00 0.000000e+00
-2.960764e-13 0.000000e+00 0.000000e+00
4.579958e-14 0.000000e+00 0.000000e+00
-2.842809e-13 0.000000e+00 0.000000e+00
-6.439175e-14 0.000000e+00 0.000000e+00
-1.345566e-13 0.000000e+00 0.000000e+00
7.369835e-14 0.000000e+00 0.000000e+00
3.838040e-14 0.000000e+00 0.000000e+00
4.946992e-14 0.000000e+00 0.000000e+00
-3.201787e-14 0.000000e+00 0.000000e+00
-1.714048e-13 0.000000e+00 0.000000e+00
-4.513838e-13 0.000000e+00 0.000000e+00
-5.862005e-15 0.000000e+00 0.000000e+00
2.606849e-14 0.000000e+00 0.000000e+00
2.159710e-13 0.000000e+00 0.000000e+00
-1.502836e-13 0.000000e+00 0.000000e+00
-6.483458e-14 0.000000e+00 0.000000e+00
-2.515637e-13 0.000000e+00 0.000000e+00
9.008560e-14 0.000000e+00 0.000000e+00
-1.208833e-13 0.000000e+00 0.000000e+00
-1.744030e-13 0.000000e+00 0.000000e+00
3.495950e-13 0.000000e+00 0.000000e+00
3.210502e-13 0.000000e+00 0.000000e+00
4.284821e-13 0.000000e+00 0.000000e+00
-3.181506e-13 0.000000e+00 0.000000e+00
1.334069e-13 0.000000e+00 0.000000e+00
-6.017061e-14 0.000000e+00 0.000000e+00
8.880099e-14 0.000000e+00 0.000000e+00
2.238782e-13 0.000000e+00 0.000000e+00
9.635734e-14 0.000000e+00 0.000000e+00
-2.593518e-13 0.000000e+00 0.000000e+00
1.278944e-13 0.000000e+00 0.000000e+00
-1.260391e-13 0.000000e+00 0.000000e+00
1.587575e-13 0.000000e+00 0.000000e+00
3.700689e-14 0.000000e+00 0.000000e+00
-1.236377e-13 0.000000e+00 0.000000e+00
-7.230723e-15 0.000000e+00 0.000000e+00
-1.885711e-13 0.000000e+00 0.000000e+00
-1.824453e-13 0.000000e+00 0.000000e+00
7.279996e-14 0.000000e+00 0.000000e+00
4.895840e-14 0.000000e+00 0.000000e+00
-1.741520e-13 0.000000e+00 0.000000e+00
2.374278e-13 0.000000e+00 0.000000e+00
1.077784e-13 0.000000e+00 0.000000e+00
-7.921742e-14 0.000000e+00 0.000000e+00
2.419782e-13 0.000000e+00 0.000000e+00
8.841622e-14 0.000000e+00 0.000000e+00
-2.480389e-13 0.000000e+00 0.000000e+00
1.570132e-13 0.000000e+00 0.000000e+00
-4.947248e-14 0.000000e+00 0.000000e+00
-1.588724e-14 0.000000e+00 0.000000e+00
-8.198026e-14 0.000000e+00 0.000000e+00
-8.886608e-14 0.000000e+00 0.000000e+00
-1.053784e-13 0.000000e+00 0.000000e+00
1.944184e-14 0.000000e+00 0.000000e+00
-1.649999e-13 0.000000e+00 0.000000e+00
-2.782865e-13 0.000000e+00 0.000000e+00
6.513745e-14 0.000000e+00 0.000000e+00
1.264406e-13 0.000000e+00 0.000000e+00
-1.201407e-13 0.000000e+00 0.000000e+00
1.671435e-13 0.000000e+00 0.000000e+00
1.059044e-13 0.000000e+00 0.000000e+00
-7.130370e-14 0.000000e+00 0.000000e+00
-2.485012e-13 0.000000e+00 0.000000e+00
1.027063e-13 0.000000e+00 0.000000e+00
5.246494e-13 0.000000e+00 0.000000e+00
-1.883782e-13 0.000000e+00 0.000000e+00
-1.790236e-13 0.000000e+00 0.000000e+00
-5.869519e-15 0.000000e+00 0.000000e+00
1.650199e-14 0.000000e+00 0.000000e+00
-2.027434e-14 0.000000e+00 0.000000e+00
-2.278724e-13 0.000000e+00 0.000000e+00
2.813642e-14 0.000000e+00 0.000000e+00
-2.222836e-13 0.000000e+00 0.000000e+00
9.517037e-14 0.000000e+00 0.000000e+00
3.040048e-14 0.000000e+00 0.000000e+00
-6.805365e-14 0.000000e+00 0.000000e+00
1.391508e-13 0.000000e+00 0.000000e+00
-1.748111e-13 0.000000e+00 0.000000e+00
-1.679811e-13 0.000000e+00 0.000000e+00
-2.035483e-13 0.000000e+00 0.000000e+00
3.579427e-13 0.000000e+00 0.000000e+00
2.231966e-13 0.000000e+00 0.000000e+00
3.759578e-14 0.000000e+00 0.000000e+00
1.525665e-13 0.000000e+00 0.000000e+00
4.011130e-13 0.000000e+00 0.000000e+00
-5.271671e-14 0.000000e+00 0.000000e+00
1.946541e-14 0.000000e+00 0.000000e+00
-1.738190e-13 0.000000e+00 0.000000e+00
-1.531737e-13 0.000000e+00 0.000000e+00
6.469700e-14 0.000000e+00 0.000000e+00
-7.944072e-14 0.000000e+00 0.000000e+00
9.714111e-14 0.000000e+00 0.000000e+00
1.601895e-13 0.000000e+00 0.000000e+00
3.139653e-14 0.000000e+00 0.000000e+00
2.580225e-13 0.000000e+00 0.000000e+00
-1.723765e-13 0.000000e+00 0.000000e+00
-4.455897e-14 0.000000e+00 0.000000e+00
1.420185e-13 0.000000e+00 0.000000e+00
-7.621062e-14 0.000000e+00 0.000000e+00
-1.160066e-13 0.000000e+00 0.000000e+00
-2.283635e-13 0.000000e+00 0.000000e+00
5.103862e-13 0.000000e+00 0.000000e+00
-4.351032e-14 0.000000e+00 0.000000e+00
1.387411e-13 0.000000e+00 0.000000e+00
5.346968e-14 0.000000e+00 0.000000e+00
-1.714332e-13 0.000000e+00 0.000000e+00
-1.406783e-13 0.000000e+00 0.000000e+00
2.583731e-13 0.000000e+00 0.000000e+00
2.523241e-14 0.000000e+00 0.000000e+00
1.151339e-14 0.000000e+00 0.000000e+00
2.106641e-13 0.000000e+00 0.000000e+00
2.188990e-13 0.000000e+00 0.000000e+00
-1.824564e-13 0.000000e+00 0.000000e+00
-1.618965e-13 0.000000e+00 0.000000e+00
-5.670049e-15 0.000000e+00 0.000000e+00
-9.664642e-14 0.000000e+00 0.000000e+00
-5.996960e-14 0.000000e+00 0.000000e+00
2.017795e-13 0.000000e+00 0.000000e+00
-4.620741e-13 0.000000e+00 0.000000e+00
-4.819053e-13 0.000000e+00 0.000000e+00
6.689446e-14 0.000000e+00 0.000000e+00
-7.787594e-14 0.000000e+00 0.000000e+00
4.172037e-13 0.000000e+00 0.000000e+00
-1.160930e-13 0.000000e+00 0.000000e+00
1.555337e-13 0.000000e+00 0.000000e+00
8.003777e-14 0.000000e+00 0.000000e+00
-1.560910e-13 0.000000e+00 0.000000e+00
-2.285570e-14 0.000000e+00 0.000000e+00
-1.838205e-13 0.000000e+00 0.000000e+00
2.042357e-14 0.000000e+00 0.000000e+00
1.329722e-13 0.000000e+00 0.000000e+00
-2.305504e-13 0.000000e+00 0.000000e+00
6.958885e-14 0.000000e+00 0.000000e+00
-1.150771e-14 0.000000e+00 0.000000e+00
-2.457953e-14 0.000000e+00 0.000000e+00
9.430381e-15 0.000000e+00 0.000000e+00
-3.368363e-14 0.000000e+00 0.000000e+00
-1.764430e-13 0.000000e+00 0.000000e+00
-8.766111e-14 0.000000e+00 0.000000e+00
1.251237e-13 0.000000e+00 0.000000e+00
1.817102e-14 0.000000e+00 0.000000e+00
-1.043162e-13 0.000000e+00 0.000000e+00
1.005302e-13 0.000000e+00 0.000000e+00
1.283433e-13 0.000000e+00 0.000000e+00
-3.414948e-13 0.000000e+00 0.000000e+00
1.607110e-13 0.000000e+00 0.000000e+00
-1.518580e-13 0.000000e+00 0.000000e+00
-1.449157e-14 0.000000e+00 0.000000e+00
1.437137e-13 0.000000e+00 0.000000e+00
-3.451648e-13 0.000000e+00 0.000000e+00
-4.260639e-14 0.000000e+00 0.000000e+00
1.120030e-13 0.000000e+00 0.000000e+00
-4.336357e-14 0.000000e+00 0.000000e+00
-3.517095e-13 0.000000e+00 0.000000e+00
2.856923e-13 0.000000e+00 0.000000e+00
3.591555e-14 0.000000e+00 0.000000e+00
1.421157e-13 0.000000e+00 0.000000e+00
3.286674e-13 0.000000e+00 0.000000e+00
2.345699e-13 0.000000e+00 0.000000e+00
1.523149e-13 0.000000e+00 0.000000e+00
-6.723593e-14 0.000000e+00 0.000000e+00
2.362101e-13 0.000000e+00 0.000000e+00
2.210970e-13 0.000000e+00 0.000000e+00
2.164554e-13 0.000000e+00 0.000000e+00
-1.784768e-14 0.000000e+00 0.000000e+00
-3.120274e-13 0.000000e+00 0.000000e+00
1.512780e-13 0.000000e+00 0.000000e+00
2.136790e-13 0.000000e+00 0.000000e+00
4.032701e-13 0.000000e+00 0.000000e+00
-2.728830e-13 0.000000e+00 0.000000e+00
-7.086623e-15 0.000000e+00 0.000000e+00
4.620860e-14 0.000000e+00 0.000000e+00
3.503101e-13 0.000000e+00 0.000000e+00
-1.860147e-13 0.000000e+00 0.000000e+00
-2.318915e-13 0.000000e+00 0.000000e+00
-2.601149e-13 0.000000e+00 0.000000e+00
1.422183e-13 0.000000e+00 0.000000e+00
2.926175e-13 0.000000e+00 0.000000e+00
1.071549e-13 0.000000e+00 0.000000e+00
-1.982693e-13 0.000000e+00 0.000000e+00
-4.293065e-15 0.000000e+00 0.000000e+00
-1.469830e-13 0.000000e+00 0.000000e+00
8.798415e-14 0.000000e+00 0.000000e+00
9.900904e-14 0.000000e+00 0.000000e+00
6.071186e-15 0.000000e+00 0.000000e+00
-1.644144e-13 0.000000e+00 0.000000e+00
3.460338e-13 0.000000e+00 0.000000e+00
1.026289e-13 0.000000e+00 0.000000e+00
-5.959477e-14 0.000000e+00 0.000000e+00
-4.921878e-14 0.000000e+00 0.000000e+00
-2.315072e-14 0.000000e+00 0.000000e+00
2.377611e-14 0.000000e+00 0.000000e+00
6.371381e-14 0.000000e+00 0.000000e+00
2.641133e-13 0.000000e+00 0.000000e+00
-2.853918e-13 0.000000e+00 0.000000e+00
4.261049e-14 0.000000e+00 0.000000e+00
-1.046357e-13 0.000000e+00 0.000000e+00
-1.480066e-13 0.000000e+00 0.000000e+00
1.337819e-13 0.000000e+00 0.000000e+00
3.372700e-13 0.000000e+00 0.000000e+00
-8.761443e-14 0.000000e+00 0.000000e+00
5.881838e-14 0.000000e+00 0.000000e+00
-7.726417e-14 0.000000e+00 0.000000e+00
2.830462e-13 0.000000e+00 0.000000e+00
-2.683731e-13 0.000000e+00 0.000000e+00
2.119571e-13 0.000000e+00 0.000000e+00
-9.344898e-14 0.000000e+00 0.000000e+00
-6.791398e-14 0.000000e+00 0.000000e+00
1.584437e-14 0.000000e+00 0.000000e+00
1.745884e-14 0.000000e+00 0.000000e+00
3.109372e-13 0.000000e+00 0.000000e+00
4.983436e-14 0.000000e+00 0.000000e+00
-3.440240e-14 0.000000e+00 0.000000e+00
-1.867561e-13 0.000000e+00 0.000000e+00
-4.203698e-14 0.000000e+00 0.000000e+00
1.536229e-13 0.000000e+00 0.000000e+00
4.417926e-13 0.000000e+00 0.000000e+00
-3.361160e-15 0.000000e+00 0.000000e+00
-2.772968e-13 0.000000e+00 0.000000e+00
3.070748e-13 0.000000e+00 0.000000e+00
-1.471714e-13 0.000000e+00 0.000000e+00
2.632854e-13 0.000000e+00 0.000000e+00
-1.543446e-13 0.000000e+00 0.000000e+00
-1.717226e-13 0.000000e+00 0.000000e+00
-4.891934e-14 0.000000e+00 0.000000e+00
-2.517584e-13 0.000000e+00 0.000000e+00
5.780585e-14 0.000000e+00 0.000000e+00
1.015555e-13 0.000000e+00 0.000000e+00
3.803983e-13 0.000000e+00 0.000000e+00
1.220415e-13 0.000000e+00 0.000000e+00
7.783118e-14 0.000000e+00 0.000000e+00
-6.658784e-14 0.000000e+00 0.000000e+00
-1.744917e-13 0.000000e+00 0.000000e+00
-8.392316e-14 0.000000e+00 0.000000e+00
2.181813e-13 0.000000e+00 0.000000e+00
3.134830e-13 0.000000e+00 0.000000e+00
9.351940e-14 0.000000e+00 0.000000e+00
2.436798e-13 0.000000e+00 0.000000e+00
4.410668e-14 0.000000e+00 0.000000e+00
6.874008e-14 0.000000e+00 0.000000e+00
1.732747e-13 0.000000e+00 0.000000e+00
8.704505e-14 0.000000e+00 0.000000e+00
-2.484697e-13 0.000000e+00 0.000000e+00
-1.942675e-13 0.000000e+00 0.000000e+00
4.295274e-14 0.000000e+00 0.000000e+00
8.735242e-14 0.000000e+00 0.000000e+00
-9.499161e-14 0.000000e+00 0.000000e+00
-3.016451e-14 0.000000e+00 0.000000e+00
4.473383e-13 0.000000e+00 0.000000e+00
2.262510e-14 0.000000e+00 0.000000e+00
-1.006686e-13 0.000000e+00 0.000000e+00
1.564685e-13 0.000000e+00 0.000000e+00
4.706212e-14 0.000000e+00 0.000000e+00
-1.392710e-13 0.000000e+00 0.000000e+00
-6.102304e-14 0.000000e+00 0.000000e+00
5.233308e-14 0.000000e+00 0.000000e+00
3.418070e-13 0.000000e+00 0.000000e+00
2.196114e-14 0.000000e+00 0.000000e+00
-5.434496e-13 0.000000e+00 0.000000e+00
3.201292e-13 0.000000e+00 0.000000e+00
8.674632e-14 0.000000e+00 0.000000e+00
-3.484364e-13 0.000000e+00 0.000000e+00
8.643045e-14 0.000000e+00 0.000000e+00
-4.748175e-14 0.000000e+00 0.000000e+00
6.543923e-15 0.000000e+00 0.000000e+00
-2.425412e-13 0.000000e+00 0.000000e+00
1.286399e-14 0.000000e+00 0.000000e+00
-3.381041e-13 0.000000e+00 0.000000e+00
7.144504e-14 0.000000e+00 0.000000e+00
1.059532e-13 0.000000e+00 0.000000e+00
2.938233e-13 0.000000e+00 0.000000e+00
-1.842359e-13 0.000000e+00 0.000000e+00
7.310642e-14 0.000000e+00 0.000000e+00
-1.532944e-13 0.000000e+00 0.000000e+00
3.743616e-14 0.000000e+00 0.000000e+00
1.264498e-13 0.000000e+00 0.000000e+00
4.734771e-13 0.000000e+00 0.000000e+00
2.978467e-13 0.000000e+00 0.000000e+00
-1.133758e-13 0.000000e+00 0.000000e+00
-1.050205e-13 0.000000e+00 0.000000e+00
1.641704e-13 0.000000e+00 0.000000e+00
-5.734049e-14 0.000000e+00 0.000000e+00
9.896359e-14 0.000000e+00 0.000000e+00
2.811946e-13 0.000000e+00 0.000000e+00
-2.608203e-14 0.000000e+00 0.000000e+00
-5.997435e-14 0.000000e+00 0.000000e+00
1.541796e-13 0.000000e+00 0.000000e+00
6.869889e-14 0.000000e+00 0.000000e+00
-7.686296e-14 0.000000e+00 0.000000e+00
-2.552739e-14 0.000000e+00 0.000000e+00
-1.032020e-13 0.000000e+00 0.000000e+00
2.336670e-14 0.000000e+00 0.000000e+00
6.946126e-14 0.000000e+00 0.000000e+00
1.583597e-13 0.000000e+00 0.000000e+00
-2.835813e-13 0.000000e+00 0.000000e+00
1.550594e-13 0.000000e+00 0.000000e+00
-2.142877e-13 0.000000e+00 0.000000e+00
-2.203791e-13 0.000000e+00 0.000000e+00
-2.637683e-13 0.000000e+00 0.000000e+00
4.488908e-14 0.000000e+00 0.000000e+00
5.265857e-14 0.000000e+00 0.000000e+00
8.737665e-15 0.000000e+00 0.000000e+00
2.239056e-13 0.000000e+00 0.000000e+00
-1.657349e-13 0.000000e+00 0.000000e+00
-6.245242e-14 0.000000e+00 0.000000e+00
-7.030781e-14 0.000000e+00 0.000000e+00
-4.135446e-14 0.000000e+00 0.000000e+00
-6.016953e-15 0.000000e+00 0.000000e+00
-4.706301e-14 0.000000e+00 0.000000e+00
8.937589e-14 0.000000e+00 0.000000e+00
3.029925e-14 0.000000e+00 0.000000e+00
2.077344e-13 0.000000e+00 0.000000e+00
-2.561742e-13 0.000000e+00 0.000000e+00
2.968477e-13 0.000000e+00 0.000000e+00
-1.986647e-13 0.000000e+00 0.000000e+00
-1.862662e-13 0.000000e+00 0.000000e+00
1.455282e-15 0.000000e+00 0.000000e+00
2.966292e-13 0.000000e+00 0.000000e+00
1.717601e-13 0.000000e+00 0.000000e+00
1.243709e-13 0.000000e+00 0.000000e+00
-2.224961e-13 0.000000e+00 0.000000e+00
-1.660851e-13 0.000000e+00 0.000000e+00
1.641591e-13 0.000000e+00 0.000000e+00
3.967369e-14 0.000000e+00 0.000000e+00
-6.227100e-14 0.000000e+00 0.000000e+00
-1.012259e-14 0.000000e+00 0.000000e+00
2.045193e-14 0.000000e+00 0.000000e+00
-4.053338e-14 0.000000e+00 0.000000e+00
1.128628e-13 0.000000e+00 0.000000e+00
-2.124071e-13 0.000000e+00 0.000000e+00
-5.746843e-14 0.000000e+00 0.000000e+00
-1.402922e-13 0.000000e+00 0.000000e+00
-4.404141e-13 0.000000e+00 0.000000e+00
-2.473962e-13 0.000000e+00 0.000000e+00
2.633340e-13 0.000000e+00 0.000000e+00
3.134231e-13 0.000000e+00 0.000000e+00
-1.785843e-13 0.000000e+00 0.000000e+00
7.285762e-14 0.000000e+00 0.000000e+00
-1.233201e-13 0.000000e+00 0.000000e+00
-4.260816e-13 0.000000e+00 0.000000e+00
-1.026834e-13 0.000000e+00 0.000000e+00
5.095168e-13 0.000000e+00 0.000000e+00
-4.712573e-14 0.000000e+00 0.000000e+00
1.114024e-14 0.000000e+00 0.000000e+00
2.783094e-13 0.000000e+00 0.000000e+00
3.485815e-13 0.000000e+00 0.000000e+00
2.310153e-13 0.000000e+00 0.000000e+00
7.125991e-14 0.000000e+00 0.000000e+00
-3.146819e-13 0.000000e+00 0.000000e+00
1.084628e-14 0.000000e+00 0.000000e+00
2.238451e-13 0.000000e+00 0.000000e+00
1.679408e-13 0.000000e+00 0.000000e+00
-2.057758e-13 0.000000e+00 0.000000e+00
-2.620360e-13 0.000000e+00 0.000000e+00
3.636571e-14 0.000000e+00 0.000000e+00
1.682599e-13 0.000000e+00 0.000000e+00
-2.390245e-13 0.000000e+00 0.000000e+00
-1.716001e-13 0.000000e+00 0.000000e+00
-1.187108e-13 0.000000e+00 0.000000e+00
2.605916e-15 0.000000e+00 0.000000e+00
9.369272e-14 0.000000e+00 0.000000e+00
1.571323e-13 0.000000e+00 0.000000e+00
6.655492e-15 0.000000e+00 0.000000e+00
2.435373e-13 0.000000e+00 0.000000e+00
-2.774508e-14 0.000000e+00 0.000000e+00
-8.746584e-14 0.000000e+00 0.000000e+00
1.491657e-13 0.000000e+00 0.000000e+00
-2.789774e-14 0.000000e+00 0.000000e+00
-5.402302e-13 0.000000e+00 0.000000e+00
2.355360e-14 0.000000e+00 0.000000e+00
-7.892233e-14 0.000000e+00 0.000000e+00
-7.083212e-14 0.000000e+00 0.000000e+00
-2.316435e-13 0.000000e+00 0.000000e+00
-3.939317e-13 0.000000e+00 0.000000e+00
-4.851918e-14 0.000000e+00 0.000000e+00
-3.595921e-13 0.000000e+00 0.000000e+00
3.916148e-13 0.000000e+00 0.000000e+00
1.088942e-13 0.000000e+00 0.000000e+00
-2.726427e-13 0.000000e+00 0.000000e+00
1.005219e-13 0.000000e+00 0.000000e+00
1.021818e-13 0.000000e+00 0.000000e+00
-5.094705e-13 0.000000e+00 0.000000e+00
6.305849e-14 0.000000e+00 0.000000e+00
3.538358e-13 0.000000e+00 0.000000e+00
-2.073478e-13 0.000000e+00 0.000000e+00
2.972064e-14 0.000000e+00 0.000000e+00
-5.926693e-14 0.000000e+00 0.000000e+00
2.685816e-13 0.000000e+00 0.000000e+00
-3.141126e-13 0.000000e+00 0.000000e+00
-5.453536e-14 0.000000e+00 0.000000e+00
1.432487e-14 0.000000e+00 0.000000e+00
-6.360114e-14 0.000000e+00 0.000000e+00
1.114282e-13 0.000000e+00 0.000000e+00
-4.681880e-15 0.000000e+00 0.000000e+00
-2.190419e-13 0.000000e+00 0.000000e+00
2.490981e-13 0.000000e+00 0.000000e+00
-3.725518e-13 0.000000e+00 0.000000e+00
-4.506059e-14 0.000000e+00 0.000000e+00
-1.276447e-13 0.000000e+00 0.000000e+00
-7.766313e-15 0.000000e+00 0.000000e+00
1.005532e-13 0.000000e+00 0.000000e+00
1.689284e-13 0.000000e+00 0.000000e+00
2.672798e-13 0.000000e+00 0.000000e+00
4.247989e-13 0.000000e+00 0.000000e+00
8.618289e-14 0.000000e+00 0.000000e+00
6.115827e-14 0.000000e+00 0.000000e+00
4.430574e-14 0.000000e+00 0.000000e+00
6.847589e-14 0.000000e+00 0.000000e+00
-2.146736e-14 0.000000e+00 0.000000e+00
-7.243655e-14 0.000000e+00 0.000000e+00
1.283869e-13 0.000000e+00 0.000000e+00
-1.130126e-13 0.000000e+00 0.000000e+00
2.191728e-13 0.000000e+00 0.000000e+00
-1.797372e-13 0.000000e+00 0.000000e+00
8.043430e-14 0.000000e+00 0.000000e+00
4.066059e-14 0.000000e+00 0.000000e+00
-3.612049e-13 0.000000e+00 0.000000e+00
7.201444e-14 0.000000e+00 0.000000e+00
1.641725e-13 0.000000e+00 0.000000e+00
1.756798e-13 0.000000e+00 0.000000e+00
-4.309322e-15 0.000000e+00 0.000000e+00
-9.243170e-14 0.000000e+00 0.000000e+00
7.011540e-14 0.000000e+00 0.000000e+00
-1.166438e-13 0.000000e+00 0.000000e+00
-1.606559e-13 0.000000e+00 0.000000e+00
-1.146484e-13 0.000000e+00 0.000000e+00
8.008826e-14 0.000000e+00 0.000000e+00
-1.884343e-14 0.000000e+00 0.000000e+00
-1.458607e-13 0.000000e+00 0.000000e+00
-1.162426e-14 0.000000e+00 0.000000e+00
-2.861818e-14 0.000000e+00 0.000000e+00
-2.021756e-13 0.000000e+00 0.000000e+00
3.652512e-13 0.000000e+00 0.000000e+00
1.410645e-13 0.000000e+00 0.000000e+00
-7.734405e-13 0.000000e+00 0.000000e+00
-4.040929e-14 0.000000e+00 0.000000e+00
-1.847559e-14 0.000000e+00 0.000000e+00
-1.979877e-13 0.000000e+00 0.000000e+00
-2.758925e-14 0.000000e+00 0.000000e+00
-2.531529e-13 0.000000e+00 0.000000e+00
