step K U E temp
0 6.074428e-21 -3.895992e-20 -3.288550e-20 8.799381e+02
1000 2.906599e-21 -3.899001e-20 2.391659e-20 4.210482e+02
2000 1.072980e-22 -2.706624e-20 5.304106e-20 1.554312e+01
3000 1.592831e-21 -8.210531e-21 1.133823e-19 2.307365e+02
4000 6.955172e-22 -1.729967e-20 1.837631e-19 1.007522e+02
5000 5.846662e-21 -1.927835e-20 2.666021e-19 8.469440e+02
6000 7.102164e-22 -1.187006e-20 3.488402e-19 1.028815e+02
7000 2.673713e-21 -1.260905e-20 3.500647e-19 3.873124e+02
8000 1.143896e-22 -3.175581e-20 3.683586e-19 1.657041e+01
9000 1.266958e-21 -3.947413e-20 4.019466e-19 1.835308e+02
10000 4.728988e-21 -3.178371e-20 4.129453e-19 6.850384e+02
11000 1.718791e-21 -3.551124e-20 4.862076e-19 2.489830e+02
12000 1.305712e-21 -3.282801e-20 6.485793e-19 1.891447e+02
13000 2.008522e-21 -3.283327e-20 6.492799e-19 2.909533e+02
14000 2.168433e-21 -3.364682e-20 6.675885e-19 3.141179e+02
15000 1.079168e-21 -3.583425e-20 6.853644e-19 1.563277e+02
16000 6.910588e-22 -3.593673e-20 6.851865e-19 1.001064e+02
17000 8.990483e-21 -2.766269e-20 7.013278e-19 1.302356e+03
18000 1.021761e-22 -2.422539e-20 7.358768e-19 1.480117e+01
19000 1.196256e-21 -2.748324e-20 7.747963e-19 1.732890e+02
20000 4.782314e-21 -2.072310e-20 8.652837e-19 6.927632e+02
21000 3.998601e-22 -3.040747e-20 8.929321e-19 5.792349e+01
22000 3.673254e-23 -3.069697e-20 9.419929e-19 5.321054e+00
23000 4.840687e-21 -3.511261e-20 9.785430e-19 7.012190e+02
24000 1.012019e-21 -3.346884e-20 1.019945e-18 1.466004e+02
25000 4.656776e-23 -3.287889e-20 1.007317e-18 6.745778e+00
26000 2.145227e-21 -3.411697e-20 1.095328e-18 3.107563e+02
27000 1.341225e-22 -3.412995e-20 1.092900e-18 1.942890e+01
28000 2.633373e-21 -3.435631e-20 1.093936e-18 3.814689e+02
29000 6.116454e-22 -2.775989e-20 1.219231e-18 8.860259e+01
30000 2.680911e-22 -2.741809e-20 1.214560e-18 3.883551e+01
31000 9.717093e-22 -1.890744e-20 1.263440e-18 1.407612e+02
32000 2.777084e-21 -1.903233e-20 1.349284e-18 4.022868e+02
33000 2.234426e-22 -6.606971e-21 1.393617e-18 3.236776e+01
34000 5.571634e-21 -1.625932e-20 1.430675e-18 8.071037e+02
35000 1.580029e-22 -3.641476e-22 1.519794e-18 2.288820e+01
36000 5.640347e-21 -1.529235e-20 1.605868e-18 8.170573e+02
37000 9.540953e-22 -1.326611e-20 1.627806e-18 1.382097e+02
38000 1.778429e-21 -1.597530e-20 1.671622e-18 2.576222e+02
39000 1.914773e-21 -1.671373e-20 1.674978e-18 2.773729e+02
40000 3.778015e-21 -1.641258e-20 1.669383e-18 5.472811e+02
41000 1.182403e-20 -3.939856e-24 1.771820e-18 1.712821e+03
42000 1.572756e-21 -4.071610e-20 1.720857e-18 2.278284e+02
43000 4.363515e-23 -4.108254e-20 1.798961e-18 6.320962e+00
44000 4.094692e-21 -4.096960e-20 1.843125e-18 5.931546e+02
45000 1.050162e-20 -4.088282e-20 1.969619e-18 1.521258e+03
46000 1.679325e-21 -4.031961e-20 1.961360e-18 2.432661e+02
47000 1.674814e-21 -3.997011e-20 2.002284e-18 2.426125e+02
48000 1.181032e-21 -4.013229e-20 2.045107e-18 1.710836e+02
49000 2.814589e-21 -4.109856e-20 2.124389e-18 4.077196e+02
50000 2.643122e-21 -4.048195e-20 2.202161e-18 3.828811e+02
51000 1.814050e-23 -3.757850e-20 2.242440e-18 2.627821e+00
52000 1.656927e-22 -3.821247e-20 2.243813e-18 2.400215e+01
53000 2.229785e-22 -3.779790e-20 2.242439e-18 3.230054e+01
54000 2.413307e-23 -2.993026e-20 2.290107e-18 3.495903e+00
55000 1.439652e-22 -3.583300e-20 2.324311e-18 2.085471e+01
56000 2.261004e-21 -4.076107e-20 2.361505e-18 3.275277e+02
57000 1.007054e-21 -3.995398e-20 2.361339e-18 1.458813e+02
58000 3.053824e-22 -3.682258e-20 2.365817e-18 4.423751e+01
59000 6.214284e-21 -3.582764e-20 2.453728e-18 9.001975e+02
60000 4.757905e-24 -4.065411e-20 2.479725e-18 6.892273e-01
61000 2.670377e-22 -4.079787e-20 2.479470e-18 3.868293e+01
62000 2.536498e-21 -4.107767e-20 2.570363e-18 3.674356e+02
63000 3.217678e-21 -3.832844e-20 2.604894e-18 4.661109e+02
64000 2.365537e-21 -3.831957e-20 2.644050e-18 3.426703e+02
65000 4.946241e-21 -3.864727e-20 2.727687e-18 7.165096e+02
66000 4.406031e-21 -3.994506e-20 2.764740e-18 6.382551e+02
67000 1.966067e-21 -3.673467e-20 2.853735e-18 2.848033e+02
68000 1.063824e-21 -3.755963e-20 2.861626e-18 1.541050e+02
69000 4.035264e-22 -3.692441e-20 2.850375e-18 5.845459e+01
70000 1.676635e-22 -2.876725e-20 2.892460e-18 2.428763e+01
71000 9.471858e-22 -2.962031e-20 2.891335e-18 1.372088e+02
72000 3.297031e-22 -3.474433e-20 3.064788e-18 4.776060e+01
73000 5.655685e-21 -3.987762e-20 3.048111e-18 8.192793e+02
74000 1.645444e-21 -3.972009e-20 3.046544e-18 2.383581e+02
75000 1.260648e-21 -3.966108e-20 3.049441e-18 1.826167e+02
76000 4.419515e-22 -3.972762e-20 3.146677e-18 6.402084e+01
77000 6.597815e-22 -4.081376e-20 3.120958e-18 9.557556e+01
78000 2.626633e-22 -4.089398e-20 3.163738e-18 3.804926e+01
79000 2.923848e-23 -4.096159e-20 3.165660e-18 4.235468e+00
80000 3.709104e-21 -4.090583e-20 3.256128e-18 5.372987e+02
81000 3.757692e-23 -4.099148e-20 3.286390e-18 5.443371e+00
82000 1.448829e-21 -3.197602e-20 3.290670e-18 2.098765e+02
83000 8.831429e-22 -2.413376e-20 3.336749e-18 1.279316e+02
84000 1.022720e-21 -2.569135e-20 3.375331e-18 1.481506e+02
85000 1.039687e-22 -2.486554e-20 3.415238e-18 1.506085e+01
86000 4.207244e-22 -3.833307e-20 3.494930e-18 6.094589e+01
87000 5.656360e-23 -3.748171e-20 3.490213e-18 8.193770e+00
88000 5.307122e-21 -3.837585e-20 3.502265e-18 7.687865e+02
89000 5.959767e-23 -3.215304e-20 3.532287e-18 8.633283e+00
90000 5.943486e-21 -4.100399e-20 3.624481e-18 8.609699e+02
91000 1.457472e-21 -4.056101e-20 3.650017e-18 2.111285e+02
92000 2.896196e-21 -4.106605e-20 3.748629e-18 4.195412e+02
93000 9.819701e-23 -3.754739e-20 3.771489e-18 1.422476e+01
94000 3.171995e-21 -3.747386e-20 3.813312e-18 4.594933e+02
95000 9.503295e-21 -3.823121e-20 3.819622e-18 1.376642e+03
96000 5.578849e-21 -3.744156e-20 3.815877e-18 8.081487e+02
97000 3.331106e-21 -3.324732e-20 3.821057e-18 4.825421e+02
98000 1.058569e-21 -3.875652e-20 3.894787e-18 1.533437e+02
99000 9.019551e-22 -3.595552e-20 3.928819e-18 1.306567e+02
100000 6.040619e-21 -3.495675e-20 3.978834e-18 8.750405e+02
101000 4.754346e-24 -3.493434e-20 3.973447e-18 6.887118e-01
102000 1.965319e-23 -2.917246e-20 3.971359e-18 2.846949e+00
103000 3.023840e-23 -3.188060e-20 4.068562e-18 4.380316e+00
104000 1.216887e-21 -1.578744e-20 4.105429e-18 1.762775e+02
105000 2.121164e-22 -1.923338e-20 4.100979e-18 3.072706e+01
106000 5.432755e-21 -1.957895e-20 4.186311e-18 7.869857e+02
107000 4.249084e-21 -6.269843e-21 4.197979e-18 6.155198e+02
108000 1.162219e-22 -1.761671e-20 4.318334e-18 1.683584e+01
109000 4.535255e-21 -2.761232e-20 4.338211e-18 6.569743e+02
110000 1.775889e-23 -2.884290e-20 4.379295e-18 2.572542e+00
111000 7.423288e-22 -2.042944e-20 4.420313e-18 1.075333e+02
112000 1.430345e-21 -1.938975e-20 4.424053e-18 2.071989e+02
113000 6.877439e-22 -3.152257e-20 4.472313e-18 9.962618e+01
114000 9.018732e-22 -2.496958e-20 4.495932e-18 1.306448e+02
115000 2.061544e-21 -1.182388e-20 4.552083e-18 2.986341e+02
116000 1.611897e-22 -2.859699e-20 4.666713e-18 2.334985e+01
117000 9.479038e-21 -1.523989e-20 4.834293e-18 1.373128e+03
118000 1.097005e-21 -1.426582e-20 4.827424e-18 1.589115e+02
119000 3.219498e-21 -1.455131e-20 4.828696e-18 4.663746e+02
120000 7.945303e-22 -7.370603e-21 4.873424e-18 1.150952e+02
121000 3.160598e-21 -1.564219e-20 5.050048e-18 4.578423e+02
122000 5.971087e-22 -1.187223e-20 5.030068e-18 8.649681e+01
123000 3.432423e-21 -1.447975e-20 5.156991e-18 4.972188e+02
124000 2.150638e-23 -1.408563e-20 5.148979e-18 3.115402e+00
125000 2.149049e-21 -2.701361e-20 5.166708e-18 3.113099e+02
126000 2.749929e-21 -2.433797e-20 5.197443e-18 3.983531e+02
127000 2.110176e-21 -2.526388e-20 5.183587e-18 3.056788e+02
128000 1.079473e-22 -3.357135e-20 5.207609e-18 1.563719e+01
129000 8.426937e-21 -3.569861e-20 5.310825e-18 1.220721e+03
130000 1.772755e-25 -3.721257e-20 5.348828e-18 2.568002e-02
131000 2.555511e-22 -3.828964e-20 5.352464e-18 3.701898e+01
132000 1.838364e-21 -4.004796e-20 5.340502e-18 2.663043e+02
133000 8.431315e-23 -3.445864e-20 5.465229e-18 1.221355e+01
134000 5.156284e-21 -3.493432e-20 5.508817e-18 7.469363e+02
135000 4.697580e-22 -3.477287e-20 5.504837e-18 6.804886e+01
136000 3.066990e-21 -3.889541e-20 5.580183e-18 4.442823e+02
137000 1.447334e-20 -3.979150e-20 5.630311e-18 2.096599e+03
138000 4.670916e-22 -4.078183e-20 5.626815e-18 6.766262e+01
139000 2.113011e-21 -4.109591e-20 5.718103e-18 3.060895e+02
140000 6.445562e-21 -3.797451e-20 5.738504e-18 9.337003e+02
141000 1.577258e-21 -3.755136e-20 5.747408e-18 2.284807e+02
142000 2.385671e-24 -3.813386e-20 5.737957e-18 3.455868e-01
143000 3.826935e-22 -3.780240e-20 5.733338e-18 5.543676e+01
144000 2.050726e-27 -3.974038e-20 5.825623e-18 2.970669e-04
145000 1.702965e-21 -3.917057e-20 5.853542e-18 2.466905e+02
146000 2.825169e-21 -3.770315e-20 5.909884e-18 4.092523e+02
147000 2.270280e-22 -2.343749e-20 5.976790e-18 3.288715e+01
148000 2.908894e-21 -1.245403e-20 6.030455e-18 4.213807e+02
149000 6.249156e-21 -2.189399e-20 6.024355e-18 9.052491e+02
150000 5.675015e-23 -2.403301e-20 6.098382e-18 8.220794e+00
151000 1.131203e-20 -2.634612e-20 6.156565e-18 1.638654e+03
152000 5.278137e-22 -2.081066e-20 6.185360e-18 7.645879e+01
153000 1.130017e-23 -1.296902e-20 6.187042e-18 1.636936e+00
154000 8.080493e-23 -1.394923e-20 6.186132e-18 1.170535e+01
155000 2.569607e-22 -2.291252e-20 6.240595e-18 3.722317e+01
156000 1.191771e-20 -2.847336e-20 6.246031e-18 1.726393e+03
157000 1.169188e-22 -1.161416e-20 6.308503e-18 1.693679e+01
158000 8.182061e-23 -1.158639e-20 6.428534e-18 1.185248e+01
159000 7.143277e-24 -6.272950e-23 6.479945e-18 1.034771e+00
160000 9.510039e-21 -2.360456e-20 6.528641e-18 1.377619e+03
161000 4.643846e-22 -2.029797e-20 6.547659e-18 6.727047e+01
162000 6.362464e-21 -2.879763e-20 6.598934e-18 9.216628e+02
163000 6.179908e-22 -3.564369e-20 6.676730e-18 8.952178e+01
164000 1.409328e-21 -3.575331e-20 6.678845e-18 2.041545e+02
165000 5.901881e-22 -3.188607e-20 6.717592e-18 8.549430e+01
166000 3.891806e-23 -3.199915e-20 6.716955e-18 5.637648e+00
167000 9.442819e-23 -4.107103e-20 6.794100e-18 1.367881e+01
168000 6.281135e-23 -4.028510e-20 6.880532e-18 9.098815e+00
169000 1.274202e-21 -3.796086e-20 6.915743e-18 1.845801e+02
170000 4.173404e-21 -3.939124e-20 6.923875e-18 6.045569e+02
171000 6.348137e-21 -3.682411e-20 6.963034e-18 9.195873e+02
172000 1.212084e-21 -4.108401e-20 6.995293e-18 1.755817e+02
173000 1.698542e-21 -4.093768e-20 6.990039e-18 2.460498e+02
174000 2.113665e-21 -3.997666e-20 7.111019e-18 3.061843e+02
175000 4.833316e-22 -3.977207e-20 7.098200e-18 7.001514e+01
176000 1.024669e-22 -3.982659e-20 7.096824e-18 1.484330e+01
177000 1.911011e-24 -3.980313e-20 7.096672e-18 2.768279e-01
178000 1.116783e-20 -3.298233e-20 7.173600e-18 1.617765e+03
179000 1.011093e-21 -3.309024e-20 7.200847e-18 1.464663e+02
180000 2.366664e-22 -2.528961e-20 7.182115e-18 3.428336e+01
181000 4.265523e-21 -2.640341e-20 7.239203e-18 6.179011e+02
182000 1.171328e-22 -3.076732e-20 7.233397e-18 1.696779e+01
183000 1.294768e-21 -2.522508e-20 7.324810e-18 1.875594e+02
184000 8.661935e-21 -1.403134e-20 7.398577e-18 1.254763e+03
185000 1.738570e-21 -1.422912e-20 7.390047e-18 2.518483e+02
186000 1.366733e-21 -2.122825e-20 7.392431e-18 1.979841e+02
187000 2.962873e-23 -1.993736e-20 7.420259e-18 4.292001e+00
188000 2.075264e-21 -1.943705e-20 7.424076e-18 3.006215e+02
189000 1.279441e-23 -1.529506e-20 7.479895e-18 1.853391e+00
190000 2.504892e-21 -2.217333e-20 7.492220e-18 3.628572e+02
191000 1.469191e-22 -1.415106e-20 7.548471e-18 2.128262e+01
192000 7.234574e-21 -1.308887e-20 7.611838e-18 1.047996e+03
193000 1.601844e-24 -2.113208e-20 7.675615e-18 2.320422e-01
194000 2.184315e-21 -2.078227e-20 7.721849e-18 3.164185e+02
195000 6.936627e-25 -2.027025e-20 7.713906e-18 1.004836e-01
196000 1.040285e-21 -4.168206e-21 7.798291e-18 1.506951e+02
197000 1.642143e-21 -4.650469e-21 7.837891e-18 2.378799e+02
198000 4.365642e-21 -8.014674e-22 7.843564e-18 6.324043e+02
199000 9.689653e-24 -1.583383e-21 7.838509e-18 1.403637e+00
200000 6.269791e-21 -2.303176e-23 7.886247e-18 9.082382e+02
201000 1.647082e-21 -4.064048e-21 7.917583e-18 2.385954e+02
202000 7.545805e-22 -3.316083e-21 7.958525e-18 1.093081e+02
203000 3.404182e-23 -1.046892e-20 7.989724e-18 4.931278e+00
204000 6.959738e-21 -1.202300e-20 7.994937e-18 1.008183e+03
205000 9.920396e-21 -7.361660e-21 8.086757e-18 1.437063e+03
206000 6.955303e-22 -1.208290e-20 8.188613e-18 1.007541e+02
207000 3.978221e-22 -1.187716e-20 8.269699e-18 5.762827e+01
208000 1.172235e-24 -1.012062e-20 8.314396e-18 1.698092e-01
209000 1.607973e-22 -1.032386e-20 8.313035e-18 2.329300e+01
210000 9.486101e-22 -2.911174e-20 8.421171e-18 1.374151e+02
211000 3.404057e-22 -2.439754e-20 8.508674e-18 4.931097e+01
212000 4.114592e-21 -2.325144e-20 8.542843e-18 5.960374e+02
213000 1.792841e-20 -3.375981e-20 8.649898e-18 2.597098e+03
214000 1.476793e-21 -2.459966e-20 8.671278e-18 2.139273e+02
215000 2.730792e-21 -3.068344e-20 8.680903e-18 3.955809e+02
216000 9.734269e-21 -4.074339e-20 8.728991e-18 1.410100e+03
217000 3.692641e-21 -4.109628e-20 8.762598e-18 5.349137e+02
218000 4.233542e-21 -4.032409e-20 8.803909e-18 6.132683e+02
219000 8.070997e-21 -4.108003e-20 8.887136e-18 1.169160e+03
220000 1.078625e-21 -4.109496e-20 8.919984e-18 1.562489e+02
221000 1.728829e-22 -4.109332e-20 8.919085e-18 2.504371e+01
222000 7.453730e-23 -4.087030e-20 8.961856e-18 1.079743e+01
223000 1.020076e-20 -4.109679e-20 9.052428e-18 1.477676e+03
224000 8.155300e-22 -3.161111e-20 9.049204e-18 1.181372e+02
225000 8.019281e-21 -3.010134e-20 9.097918e-18 1.161668e+03
226000 3.959107e-21 -4.030663e-20 9.124529e-18 5.735139e+02
227000 4.728190e-21 -3.814007e-20 9.126588e-18 6.849229e+02
228000 6.156139e-21 -3.765129e-20 9.128505e-18 8.917747e+02
229000 4.390650e-21 -3.465420e-20 9.220963e-18 6.360270e+02
230000 1.109677e-21 -2.607093e-20 9.255039e-18 1.607471e+02
231000 3.322256e-21 -3.185655e-20 9.331474e-18 4.812600e+02
232000 6.796549e-22 -3.124318e-20 9.329979e-18 9.845442e+01
233000 2.843519e-21 -1.611406e-20 9.386729e-18 4.119105e+02
234000 4.407730e-22 -1.719336e-20 9.423247e-18 6.385012e+01
235000 2.973991e-21 -1.728025e-20 9.466037e-18 4.308106e+02
236000 9.027433e-23 -2.236612e-20 9.457744e-18 1.307709e+01
237000 6.527470e-23 -2.445131e-20 9.455708e-18 9.455654e+00
238000 2.564625e-22 -2.302855e-20 9.498038e-18 3.715101e+01
239000 3.957799e-22 -2.138552e-20 9.541512e-18 5.733244e+01
240000 5.336292e-21 -2.889017e-20 9.662546e-18 7.730121e+02
241000 5.259289e-21 -3.867339e-20 9.697355e-18 7.618575e+02
242000 8.231065e-22 -3.837769e-20 9.683682e-18 1.192347e+02
243000 3.746049e-23 -3.743333e-20 9.781799e-18 5.426505e+00
244000 5.890783e-23 -4.088050e-20 9.883126e-18 8.533353e+00
245000 1.090343e-21 -4.076010e-20 9.880354e-18 1.579464e+02
246000 3.160899e-21 -4.056620e-20 9.882847e-18 4.578860e+02
247000 2.599846e-21 -4.079946e-20 9.881966e-18 3.766121e+02
248000 2.781110e-22 -4.049509e-20 9.881664e-18 4.028700e+01
249000 4.116277e-22 -4.055587e-20 9.880210e-18 5.962814e+01
250000 1.620933e-21 -4.105717e-20 9.923331e-18 2.348074e+02
251000 1.495530e-21 -4.105315e-20 9.923211e-18 2.166416e+02
252000 1.753014e-22 -4.105861e-20 9.960970e-18 2.539406e+01
253000 1.414429e-22 -3.929877e-20 1.004403e-17 2.048933e+01
254000 4.774155e-21 -3.878411e-20 1.009783e-17 6.915813e+02
255000 3.934031e-22 -3.931724e-20 1.018708e-17 5.698814e+01
256000 7.248425e-21 -3.971949e-20 1.021340e-17 1.050003e+03
257000 5.303531e-21 -4.070931e-20 1.024694e-17 7.682664e+02
258000 3.127264e-21 -3.863176e-20 1.025455e-17 4.530136e+02
259000 1.487486e-22 -4.109748e-20 1.029007e-17 2.154764e+01
260000 2.008846e-21 -4.095492e-20 1.038133e-17 2.910003e+02
261000 5.082637e-21 -4.009349e-20 1.041903e-17 7.362679e+02
262000 3.292842e-21 -4.007818e-20 1.046865e-17 4.769992e+02
263000 2.094132e-22 -4.005212e-20 1.046465e-17 3.033547e+01
264000 4.685002e-22 -3.816118e-20 1.050184e-17 6.786666e+01
265000 5.485348e-22 -4.109948e-20 1.053077e-17 7.946042e+01
266000 3.493726e-21 -4.109927e-20 1.053347e-17 5.060991e+02
267000 2.925866e-22 -4.109424e-20 1.053971e-17 4.238392e+01
268000 1.242487e-21 -4.108443e-20 1.054036e-17 1.799860e+02
269000 5.166638e-21 -3.839233e-20 1.062662e-17 7.484361e+02
270000 5.037416e-22 -3.936552e-20 1.060881e-17 7.297171e+01
271000 4.464185e-21 -3.904007e-20 1.067543e-17 6.466791e+02
272000 1.654185e-21 -2.887227e-20 1.069880e-17 2.396243e+02
273000 1.379471e-21 -3.904852e-20 1.078992e-17 1.998293e+02
274000 1.353996e-22 -4.068118e-20 1.082221e-17 1.961390e+01
275000 3.341426e-21 -4.050162e-20 1.084256e-17 4.840371e+02
276000 2.755385e-22 -4.079033e-20 1.090598e-17 3.991434e+01
277000 1.133081e-20 -4.076753e-20 1.095443e-17 1.641375e+03
278000 4.267475e-25 -4.108904e-20 1.093935e-17 6.181839e-02
279000 1.223127e-22 -4.100479e-20 1.102772e-17 1.771814e+01
280000 3.543362e-21 -3.795967e-20 1.107435e-17 5.132893e+02
281000 1.176812e-20 -3.604498e-20 1.117627e-17 1.704723e+03
282000 3.655454e-21 -3.350736e-20 1.116227e-17 5.295269e+02
283000 6.485278e-22 -3.439389e-20 1.114850e-17 9.394536e+01
284000 7.585888e-24 -2.312184e-20 1.118221e-17 1.098887e+00
285000 7.198541e-25 -2.832673e-20 1.128287e-17 1.042776e-01
286000 3.459990e-22 -2.970605e-20 1.136348e-17 5.012121e+01
287000 9.869044e-22 -3.462164e-20 1.134824e-17 1.429624e+02
288000 9.481016e-24 -3.511681e-20 1.139774e-17 1.373414e+00
289000 5.568047e-22 -3.700370e-20 1.142054e-17 8.065839e+01
290000 7.169563e-22 -3.721238e-20 1.148772e-17 1.038579e+02
291000 4.401378e-21 -4.104224e-20 1.151663e-17 6.375810e+02
292000 4.183251e-22 -4.076159e-20 1.154918e-17 6.059832e+01
293000 3.039913e-21 -4.094565e-20 1.164017e-17 4.403600e+02
294000 8.025285e-22 -4.099681e-20 1.163958e-17 1.162538e+02
295000 1.912301e-21 -3.954151e-20 1.166985e-17 2.770148e+02
296000 8.807605e-25 -3.958041e-20 1.166731e-17 1.275865e-01
297000 3.014656e-21 -1.251359e-20 1.171050e-17 4.367013e+02
298000 3.509212e-21 -1.374334e-20 1.170985e-17 5.083424e+02
299000 7.527801e-21 -1.132873e-20 1.171638e-17 1.090473e+03
300000 8.145706e-23 -4.108686e-20 1.175583e-17 1.179982e+01
301000 4.432996e-21 -4.063020e-20 1.179682e-17 6.421611e+02
302000 1.964774e-21 -6.522216e-21 1.183974e-17 2.846160e+02
303000 1.130474e-21 2.335347e-20 1.198448e-17 1.637598e+02
304000 3.918592e-21 2.144362e-21 1.196610e-17 5.676450e+02
305000 1.722275e-21 1.426436e-20 1.201599e-17 2.494877e+02
306000 2.651022e-22 -4.109999e-20 1.208617e-17 3.840255e+01
307000 3.935835e-21 -4.105211e-20 1.206773e-17 5.701428e+02
308000 1.094665e-20 -3.835799e-20 1.211225e-17 1.585725e+03
309000 2.030235e-22 -3.841312e-20 1.210205e-17 2.940986e+01
310000 5.534886e-21 -3.213513e-20 1.214963e-17 8.017803e+02
311000 2.273248e-22 -3.293280e-20 1.219395e-17 3.293013e+01
312000 2.523373e-21 -3.782038e-20 1.223660e-17 3.655343e+02
313000 1.777308e-22 -3.301481e-20 1.227439e-17 2.574598e+01
314000 2.708986e-23 -3.106147e-20 1.227285e-17 3.924221e+00
315000 1.886862e-20 -3.614588e-20 1.233113e-17 2.733297e+03
316000 5.443232e-21 -3.180945e-20 1.236896e-17 7.885033e+02
317000 1.182936e-21 -2.389447e-20 1.243590e-17 1.713595e+02
318000 1.582411e-23 -4.058097e-20 1.247453e-17 2.292271e+00
319000 2.041073e-22 -4.032665e-20 1.252409e-17 2.956687e+01
320000 4.681272e-22 -4.008816e-20 1.256642e-17 6.781263e+01
321000 7.403366e-21 -4.042801e-20 1.265068e-17 1.072447e+03
322000 1.138704e-22 -4.097938e-20 1.265568e-17 1.649519e+01
323000 6.309355e-22 -3.848056e-20 1.267878e-17 9.139695e+01
324000 4.488046e-21 -3.945261e-20 1.267958e-17 6.501357e+02
325000 1.668566e-21 -3.943559e-20 1.267693e-17 2.417074e+02
326000 9.039775e-22 -4.009661e-20 1.272534e-17 1.309497e+02
327000 1.585602e-21 -7.018639e-21 1.276352e-17 2.296893e+02
328000 2.305931e-23 -1.439555e-20 1.274638e-17 3.340357e+00
329000 5.296383e-22 -3.488706e-20 1.284899e-17 7.672309e+01
330000 1.731221e-21 -3.268855e-20 1.283666e-17 2.507837e+02
331000 5.515004e-22 -2.838801e-20 1.291219e-17 7.989002e+01
332000 3.045255e-20 -2.361004e-20 1.306759e-17 4.411338e+03
333000 7.348707e-22 -3.847898e-20 1.307893e-17 1.064529e+02
334000 1.010833e-20 -3.432924e-20 1.317703e-17 1.464287e+03
335000 1.863570e-21 -3.741503e-20 1.320762e-17 2.699557e+02
336000 5.779977e-22 -1.684950e-20 1.329087e-17 8.372841e+01
337000 1.263547e-20 -1.925430e-20 1.332855e-17 1.830367e+03
338000 5.222751e-22 -2.588692e-20 1.336118e-17 7.565646e+01
339000 5.345011e-25 -2.592622e-20 1.336070e-17 7.742751e-02
340000 1.407258e-21 -2.598568e-20 1.336220e-17 2.038545e+02
341000 9.961822e-21 -3.488101e-20 1.345575e-17 1.443064e+03
342000 2.033784e-22 -3.507353e-20 1.343829e-17 2.946127e+01
343000 1.250337e-21 -3.554575e-20 1.344986e-17 1.811231e+02
344000 4.814235e-21 -3.660960e-20 1.353145e-17 6.973873e+02
345000 3.023544e-21 -3.922053e-20 1.360545e-17 4.379888e+02
346000 1.514848e-22 -3.959118e-20 1.360006e-17 2.194400e+01
347000 6.373815e-22 -3.808344e-20 1.367937e-17 9.233070e+01
348000 8.186808e-22 -3.860990e-20 1.372959e-17 1.185936e+02
349000 1.978370e-21 -3.837919e-20 1.376728e-17 2.865855e+02
350000 1.711953e-21 -3.870727e-20 1.381280e-17 2.479925e+02
351000 2.883783e-22 -3.855250e-20 1.381862e-17 4.177431e+01
352000 9.407370e-22 -4.109474e-20 1.393460e-17 1.362746e+02
353000 1.582914e-20 -3.093191e-20 1.403243e-17 2.293000e+03
354000 1.932173e-21 -3.061599e-20 1.405888e-17 2.798934e+02
355000 5.003590e-20 -2.118151e-20 1.417160e-17 7.248171e+03
356000 5.045745e-23 1.031475e-20 1.425156e-17 7.309237e+00
357000 2.746514e-21 1.568190e-20 1.429843e-17 3.978585e+02
358000 9.135599e-21 1.452848e-20 1.430376e-17 1.323378e+03
359000 2.649018e-21 1.771628e-20 1.430037e-17 3.837352e+02
360000 3.963989e-24 -4.873464e-21 1.442037e-17 5.742211e-01
361000 2.744832e-21 2.001098e-20 1.450276e-17 3.976148e+02
362000 1.143718e-22 -2.147289e-20 1.451838e-17 1.656783e+01
363000 6.415697e-21 -2.176111e-20 1.452146e-17 9.293742e+02
364000 2.045917e-21 -2.272724e-20 1.451884e-17 2.963703e+02
365000 1.020358e-21 -2.358017e-20 1.455911e-17 1.478084e+02
366000 4.790231e-21 -2.250761e-20 1.461398e-17 6.939100e+02
367000 1.156798e-22 -1.486763e-20 1.469089e-17 1.675731e+01
368000 1.437524e-22 -1.514697e-20 1.468715e-17 2.082389e+01
369000 6.126844e-21 -1.605764e-20 1.469299e-17 8.875310e+02
370000 1.695134e-21 -1.739564e-20 1.478203e-17 2.455561e+02
371000 8.729754e-21 -3.871003e-20 1.486528e-17 1.264587e+03
372000 4.607977e-22 -3.660350e-20 1.490291e-17 6.675088e+01
373000 1.644087e-20 -4.099325e-20 1.494738e-17 2.381615e+03
374000 1.280993e-21 -3.914324e-20 1.497940e-17 1.855639e+02
375000 5.711683e-21 -3.934507e-20 1.498307e-17 8.273910e+02
376000 3.113079e-22 -3.582161e-20 1.506285e-17 4.509588e+01
377000 5.861872e-22 -3.472274e-20 1.506023e-17 8.491473e+01
378000 1.559197e-21 -3.574826e-20 1.510836e-17 2.258644e+02
379000 1.278526e-20 -4.044429e-20 1.517842e-17 1.852065e+03
380000 3.738459e-21 -4.096916e-20 1.517791e-17 5.415509e+02
381000 2.533493e-22 -4.097416e-20 1.517545e-17 3.670002e+01
382000 2.856057e-22 -3.964680e-20 1.530900e-17 4.137268e+01
383000 5.832890e-22 -3.944526e-20 1.529906e-17 8.449489e+01
384000 5.755403e-22 -4.718753e-21 1.538385e-17 8.337242e+01
385000 9.339921e-24 -7.489145e-21 1.537224e-17 1.352975e+00
386000 1.987093e-21 1.533680e-20 1.542448e-17 2.878490e+02
387000 5.200007e-23 2.687457e-20 1.546699e-17 7.532700e+00
388000 6.471701e-24 2.498076e-20 1.546499e-17 9.374868e-01
389000 7.938124e-21 1.718818e-20 1.547601e-17 1.149912e+03
390000 1.436764e-21 2.344661e-20 1.546508e-17 2.081288e+02
391000 1.803194e-22 2.313582e-20 1.546368e-17 2.612096e+01
392000 1.812312e-21 -3.382771e-20 1.555140e-17 2.625305e+02
393000 1.496897e-21 -3.467485e-20 1.555363e-17 2.168396e+02
394000 3.985400e-21 -3.788059e-20 1.563845e-17 5.773228e+02
395000 1.629625e-21 -4.026434e-20 1.561442e-17 2.360665e+02
396000 1.998766e-21 -4.034142e-20 1.562262e-17 2.895400e+02
397000 2.017477e-21 -4.039407e-20 1.564234e-17 2.922506e+02
398000 2.933688e-21 -4.095366e-20 1.575159e-17 4.249724e+02
399000 4.391095e-22 -4.044501e-20 1.577098e-17 6.360914e+01
400000 7.609108e-22 -4.058948e-20 1.583966e-17 1.102251e+02
401000 1.276013e-20 -4.108696e-20 1.588866e-17 1.848425e+03
402000 9.483611e-22 -4.099562e-20 1.590736e-17 1.373790e+02
403000 1.050215e-24 -4.109999e-20 1.595617e-17 1.521335e-01
404000 1.271097e-26 -4.106450e-20 1.599432e-17 1.841304e-03
405000 3.037475e-21 -4.107591e-20 1.599864e-17 4.400069e+02
406000 5.893639e-21 -2.594262e-20 1.597709e-17 8.537491e+02
407000 1.352182e-20 -2.823313e-20 1.609484e-17 1.958762e+03
408000 1.965395e-22 -2.591537e-20 1.605103e-17 2.847059e+01
409000 7.141102e-22 -2.576966e-20 1.605065e-17 1.034456e+02
410000 1.393664e-23 -1.896658e-20 1.616223e-17 2.018854e+00
411000 9.167989e-22 5.642146e-22 1.615030e-17 1.328069e+02
412000 1.844123e-22 7.723697e-21 1.623241e-17 2.671386e+01
413000 2.252453e-22 6.739545e-21 1.623525e-17 3.262890e+01
414000 2.895872e-23 2.308867e-20 1.630359e-17 4.194943e+00
415000 3.160221e-21 3.185569e-20 1.645609e-17 4.577877e+02
416000 7.781856e-21 4.595706e-20 1.649374e-17 1.127275e+03
417000 2.785442e-21 3.442637e-20 1.652829e-17 4.034974e+02
418000 2.610266e-21 9.605118e-21 1.660305e-17 3.781216e+02
419000 5.105935e-22 1.550886e-20 1.660294e-17 7.396427e+01
420000 1.248581e-23 2.031426e-20 1.664819e-17 1.808687e+00
421000 5.844067e-21 -3.941244e-20 1.668434e-17 8.465681e+02
422000 5.418187e-21 -3.101666e-20 1.677750e-17 7.848753e+02
423000 1.416853e-20 -2.336433e-20 1.680603e-17 2.052446e+03
424000 4.737033e-21 -2.309882e-20 1.679462e-17 6.862037e+02
425000 2.749578e-21 -2.310255e-20 1.679254e-17 3.983023e+02
426000 6.435012e-22 -1.911020e-20 1.693166e-17 9.321721e+01
427000 4.103472e-21 -4.382602e-21 1.700971e-17 5.944266e+02
428000 3.611927e-23 -4.630513e-21 1.703623e-17 5.232216e+00
429000 2.848029e-21 -4.768853e-21 1.703818e-17 4.125638e+02
430000 2.047503e-22 -1.485127e-20 1.716844e-17 2.966001e+01
431000 2.342540e-24 -1.436489e-20 1.716811e-17 3.393389e-01
432000 1.298166e-21 -1.673616e-20 1.721274e-17 1.880516e+02
433000 5.264623e-21 -1.805276e-20 1.730761e-17 7.626302e+02
434000 3.647856e-21 -1.448017e-20 1.729886e-17 5.284263e+02
435000 1.703762e-22 -7.290503e-21 1.732571e-17 2.468060e+01
436000 2.131486e-21 -4.648884e-21 1.735813e-17 3.087658e+02
437000 1.201810e-21 -5.082918e-21 1.735650e-17 1.740935e+02
438000 1.140846e-21 -5.018707e-21 1.735627e-17 1.652622e+02
439000 2.164811e-25 -4.913736e-21 1.735511e-17 3.135933e-02
440000 3.421689e-21 -4.604932e-21 1.735999e-17 4.956638e+02
441000 1.524864e-21 -4.789354e-21 1.740260e-17 2.208909e+02
442000 4.305110e-22 -2.354282e-27 1.752043e-17 6.236357e+01
443000 3.908015e-21 -1.129693e-21 1.752279e-17 5.661127e+02
444000 1.356765e-22 -3.652178e-22 1.751977e-17 1.965401e+01
445000 2.830804e-22 -2.244278e-21 1.760157e-17 4.100687e+01
446000 4.395515e-21 -8.696952e-22 1.768355e-17 6.367318e+02
447000 1.738885e-21 -3.160296e-22 1.768252e-17 2.518939e+02
448000 4.119685e-22 -3.139434e-22 1.772331e-17 5.967751e+01
449000 1.661214e-21 -1.365042e-22 1.776152e-17 2.406425e+02
450000 2.609684e-21 -2.433032e-21 1.780024e-17 3.780373e+02
451000 6.384315e-22 -1.239302e-21 1.784369e-17 9.248282e+01
452000 6.152231e-21 -2.404289e-22 1.788591e-17 8.912085e+02
453000 5.036470e-21 -5.699122e-24 1.788503e-17 7.295801e+02
454000 5.281303e-23 -3.830973e-22 1.787967e-17 7.650465e+00
455000 1.017229e-20 -3.611460e-23 1.789023e-17 1.473552e+03
456000 4.225892e-22 -8.659213e-23 1.792034e-17 6.121602e+01
457000 3.009278e-21 -1.903939e-22 1.792282e-17 4.359222e+02
458000 2.515382e-21 -3.324454e-26 1.792255e-17 3.643768e+02
459000 5.555010e-21 -1.564769e-21 1.796414e-17 8.046955e+02
460000 4.623286e-21 -2.932596e-21 1.796192e-17 6.697265e+02
461000 2.028092e-21 -1.521758e-20 1.804266e-17 2.937882e+02
462000 2.030274e-21 -1.592156e-20 1.809320e-17 2.941042e+02
463000 2.110628e-21 -7.794825e-21 1.815432e-17 3.057444e+02
464000 5.837256e-22 -7.800344e-21 1.823678e-17 8.455814e+01
465000 1.998221e-22 -7.872305e-21 1.823872e-17 2.894612e+01
466000 1.324299e-20 -8.627137e-21 1.829126e-17 1.918372e+03
467000 5.900223e-21 -1.626294e-20 1.834386e-17 8.547028e+02
468000 7.956556e-21 -1.097702e-20 1.841172e-17 1.152582e+03
469000 6.056710e-21 -2.056315e-20 1.846111e-17 8.773715e+02
470000 2.985452e-22 -3.942161e-20 1.848689e-17 4.324708e+01
471000 1.663929e-20 -3.648201e-20 1.865539e-17 2.410357e+03
472000 3.263888e-22 -3.869783e-20 1.867248e-17 4.728049e+01
473000 1.334044e-21 -3.810442e-20 1.872091e-17 1.932488e+02
474000 2.006815e-21 -3.812493e-20 1.872264e-17 2.907061e+02
475000 2.216434e-21 -3.636177e-20 1.875464e-17 3.210713e+02
476000 2.960835e-21 -3.614946e-20 1.874853e-17 4.289049e+02
477000 6.849535e-21 -3.695562e-20 1.879909e-17 9.922196e+02
478000 8.630012e-22 -3.675948e-20 1.879899e-17 1.250138e+02
479000 1.276403e-20 -3.239969e-20 1.884795e-17 1.848990e+03
480000 3.218709e-22 -3.080210e-20 1.887692e-17 4.662603e+01
481000 3.264561e-21 -3.339820e-20 1.897662e-17 4.729023e+02
482000 3.750375e-22 -4.109188e-20 1.903602e-17 5.432771e+01
483000 4.702791e-21 -4.013621e-20 1.908369e-17 6.812435e+02
484000 2.729129e-23 -4.098549e-20 1.915627e-17 3.953400e+00
485000 4.488167e-21 -4.098669e-20 1.916082e-17 6.501532e+02
486000 1.697042e-21 -4.107229e-20 1.920002e-17 2.458325e+02
487000 2.934755e-22 -3.993708e-20 1.925460e-17 4.251269e+01
488000 3.714937e-22 -3.769411e-20 1.928103e-17 5.381436e+01
489000 3.057140e-21 -3.795370e-20 1.928185e-17 4.428555e+02
490000 2.804287e-21 -3.693966e-20 1.928166e-17 4.062274e+02
491000 3.619172e-21 -4.073173e-20 1.933246e-17 5.242711e+02
492000 1.758654e-23 -3.787517e-20 1.935686e-17 2.547576e+00
493000 1.158668e-21 -3.786445e-20 1.935790e-17 1.678440e+02
494000 2.254853e-23 -4.085089e-20 1.940564e-17 3.266366e+00
495000 2.336025e-21 -4.071806e-20 1.941178e-17 3.383952e+02
496000 3.826147e-21 -4.086983e-20 1.940816e-17 5.542534e+02
497000 1.227101e-23 -3.845387e-20 1.945512e-17 1.777571e+00
498000 5.411216e-22 -3.869413e-20 1.944516e-17 7.838655e+01
499000 4.696526e-21 -3.912975e-20 1.945249e-17 6.803359e+02
500000 4.015599e-22 -3.889927e-20 1.944816e-17 5.816972e+01
501000 4.302505e-21 -1.243556e-20 1.947261e-17 6.232583e+02
502000 3.079245e-21 -1.194855e-20 1.951669e-17 4.460577e+02
503000 6.443643e-22 -1.627198e-21 1.956148e-17 9.334223e+01
504000 1.849229e-21 1.206426e-20 1.961393e-17 2.678782e+02
505000 3.874689e-21 -2.510930e-20 1.968091e-17 5.612852e+02
506000 2.796761e-23 -2.455313e-20 1.967189e-17 4.051372e+00
507000 1.363983e-21 -2.934160e-20 1.979177e-17 1.975857e+02
508000 1.523994e-21 -2.387238e-20 1.992862e-17 2.207648e+02
509000 8.936711e-21 -2.224215e-20 2.003352e-17 1.294567e+03
510000 7.594711e-22 -2.770704e-20 2.001813e-17 1.100165e+02
511000 3.015473e-21 -2.729368e-20 2.006083e-17 4.368196e+02
512000 8.561294e-22 1.548654e-21 2.009946e-17 1.240184e+02
513000 4.403741e-22 -1.836551e-20 2.020246e-17 6.379233e+01
514000 3.102493e-21 -1.878443e-20 2.026161e-17 4.494253e+02
515000 8.581731e-22 -1.842198e-20 2.025871e-17 1.243144e+02
516000 3.474523e-21 -3.522878e-21 2.025364e-17 5.033174e+02
517000 7.453176e-22 -5.367734e-21 2.030132e-17 1.079663e+02
518000 3.586991e-21 -3.442831e-21 2.035639e-17 5.196095e+02
519000 3.463391e-21 1.903736e-20 2.038250e-17 5.017047e+02
520000 1.731942e-20 8.211916e-21 2.044003e-17 2.508880e+03
521000 5.724860e-21 1.028906e-20 2.046041e-17 8.292999e+02
522000 1.389664e-21 2.677617e-20 2.050821e-17 2.013059e+02
523000 1.048264e-20 -3.749617e-20 2.055106e-17 1.518509e+03
524000 4.733933e-21 -3.578033e-20 2.058181e-17 6.857547e+02
525000 8.356095e-21 -4.108028e-20 2.062514e-17 1.210459e+03
526000 2.682440e-23 -4.079674e-20 2.065183e-17 3.885767e+00
527000 5.613986e-23 -4.080998e-20 2.065171e-17 8.132387e+00
528000 2.111253e-21 -3.894164e-20 2.069114e-17 3.058349e+02
529000 9.147782e-23 -3.887585e-20 2.068712e-17 1.325142e+01
530000 6.163900e-22 -3.927560e-20 2.084568e-17 8.928989e+01
531000 1.025077e-21 -4.093811e-20 2.089590e-17 1.484920e+02
532000 2.021688e-20 -4.109881e-20 2.104924e-17 2.928606e+03
533000 1.176943e-22 -4.024431e-20 2.117544e-17 1.704913e+01
534000 4.132147e-22 -3.430452e-20 2.111618e-17 5.985804e+01
535000 7.772235e-21 -3.741396e-20 2.114378e-17 1.125881e+03
536000 4.853047e-21 -3.401555e-20 2.117515e-17 7.030095e+02
537000 5.768166e-22 -3.467143e-20 2.122403e-17 8.355731e+01
538000 5.578674e-22 -1.434686e-20 2.133283e-17 8.081235e+01
539000 7.385285e-21 -1.266245e-25 2.132741e-17 1.069828e+03
540000 5.953751e-22 -3.490030e-21 2.146147e-17 8.624568e+01
541000 1.058204e-20 -5.818516e-21 2.152759e-17 1.532908e+03
542000 7.754619e-21 -5.855936e-21 2.152521e-17 1.123330e+03
543000 2.197227e-20 -8.324292e-21 2.167265e-17 3.182891e+03
544000 4.958371e-23 -8.600107e-21 2.168039e-17 7.182668e+00
545000 9.869956e-22 -7.635430e-21 2.173560e-17 1.429756e+02
546000 4.950958e-22 -5.093551e-21 2.176843e-17 7.171928e+01
547000 3.909837e-22 -9.914873e-24 2.180075e-17 5.663767e+01
548000 3.122602e-24 -4.168826e-22 2.183959e-17 4.523383e-01
549000 5.488395e-21 -2.432786e-22 2.184525e-17 7.950456e+02
550000 4.379640e-21 -2.516486e-22 2.192682e-17 6.344320e+02
551000 1.037904e-21 -1.391231e-21 2.192304e-17 1.503502e+02
552000 7.095836e-21 -1.599166e-21 2.192579e-17 1.027899e+03
553000 2.455253e-21 -9.800081e-22 2.196276e-17 3.556665e+02
554000 1.539043e-22 -1.804867e-21 2.200675e-17 2.229449e+01
555000 1.010926e-21 -1.744887e-21 2.200542e-17 1.464422e+02
556000 1.111072e-21 -2.218804e-21 2.204672e-17 1.609492e+02
557000 1.450062e-21 -2.227410e-22 2.204324e-17 2.100552e+02
558000 1.275751e-21 -2.743214e-22 2.204692e-17 1.848045e+02
559000 1.695679e-21 -5.594829e-22 2.208125e-17 2.456351e+02
560000 1.488167e-21 -4.791843e-22 2.212965e-17 2.155751e+02
561000 8.030366e-21 -4.993391e-23 2.213561e-17 1.163274e+03
562000 6.476479e-22 -8.311952e-22 2.216163e-17 9.381790e+01
563000 4.570498e-21 -1.401283e-21 2.224689e-17 6.620796e+02
564000 3.409023e-21 -7.807399e-22 2.229753e-17 4.938291e+02
565000 8.482880e-22 -2.563749e-21 2.237343e-17 1.228825e+02
566000 7.292198e-21 -7.635132e-21 2.246051e-17 1.056344e+03
567000 5.123571e-22 -1.141812e-20 2.244308e-17 7.421975e+01
568000 3.220058e-21 -9.040631e-21 2.249802e-17 4.664558e+02
569000 2.847149e-21 -7.659031e-21 2.261753e-17 4.124363e+02
570000 1.805556e-23 -8.884428e-21 2.265544e-17 2.615518e+00
571000 6.784573e-23 -1.826720e-20 2.274323e-17 9.828093e+00
572000 4.842656e-21 -1.147960e-20 2.278200e-17 7.015042e+02
573000 3.813572e-21 -8.496597e-21 2.282348e-17 5.524318e+02
574000 8.571790e-22 -7.541141e-21 2.281836e-17 1.241704e+02
575000 1.516748e-21 -8.113696e-21 2.287187e-17 2.197152e+02
576000 3.242180e-22 -2.630350e-20 2.290108e-17 4.696603e+01
577000 1.808135e-22 -2.561676e-20 2.292461e-17 2.619253e+01
578000 1.741872e-22 -2.124565e-20 2.296378e-17 2.523266e+01
579000 3.551051e-21 -2.816722e-20 2.301115e-17 5.144031e+02
580000 8.455325e-22 -3.262355e-20 2.305762e-17 1.224833e+02
581000 2.919348e-21 -2.049180e-20 2.310048e-17 4.228950e+02
582000 4.279876e-22 -2.712660e-20 2.317140e-17 6.199803e+01
583000 2.046844e-21 -3.142607e-20 2.319288e-17 2.965047e+02
584000 6.941222e-21 -3.089039e-20 2.334873e-17 1.005501e+03
585000 2.332089e-21 -3.258162e-20 2.337869e-17 3.378251e+02
586000 9.279549e-22 -3.099395e-20 2.338116e-17 1.344230e+02
587000 6.927057e-22 -2.504510e-20 2.345866e-17 1.003449e+02
588000 2.127824e-23 -3.154463e-20 2.349294e-17 3.082353e+00
589000 1.585437e-21 -2.920675e-20 2.358266e-17 2.296655e+02
590000 1.069578e-21 -2.740008e-20 2.357643e-17 1.549385e+02
591000 5.772723e-22 -3.209172e-20 2.362003e-17 8.362332e+01
592000 2.977081e-21 -3.181787e-20 2.362587e-17 4.312582e+02
593000 5.926159e-22 -3.208598e-20 2.362014e-17 8.584599e+01
594000 2.309396e-22 -2.795005e-20 2.366497e-17 3.345378e+01
595000 3.244567e-21 -3.513101e-20 2.370281e-17 4.700061e+02
596000 1.208817e-21 -3.610904e-20 2.375020e-17 1.751085e+02
597000 2.571666e-21 -3.626141e-20 2.379545e-17 3.725300e+02
598000 6.695481e-22 -3.913510e-20 2.382487e-17 9.699034e+01
599000 8.726635e-21 -3.811075e-20 2.387442e-17 1.264135e+03
600000 1.534434e-21 -3.451843e-20 2.395315e-17 2.222772e+02
601000 1.761605e-21 -1.132764e-20 2.400089e-17 2.551850e+02
602000 4.140432e-21 -3.753705e-20 2.402828e-17 5.997806e+02
603000 5.187353e-22 -3.589848e-20 2.406996e-17 7.514370e+01
604000 6.135642e-22 -3.910343e-20 2.411668e-17 8.888054e+01
605000 1.083606e-21 -3.942997e-20 2.419532e-17 1.569705e+02
606000 9.022398e-21 -3.476140e-20 2.432294e-17 1.306979e+03
607000 5.809783e-22 -3.836989e-20 2.439948e-17 8.416017e+01
608000 1.174051e-20 -3.508126e-20 2.445272e-17 1.700724e+03
609000 2.088817e-21 -2.022586e-20 2.446737e-17 3.025848e+02
610000 6.356755e-21 -3.439341e-20 2.451889e-17 9.208358e+02
611000 1.458677e-21 -3.062013e-20 2.455550e-17 2.113030e+02
612000 1.042600e-22 -3.171300e-20 2.459477e-17 1.510304e+01
613000 2.892486e-21 -3.783684e-20 2.459654e-17 4.190039e+02
614000 6.346788e-22 -3.759377e-20 2.459580e-17 9.193920e+01
615000 5.393836e-23 -3.760060e-20 2.459507e-17 7.813479e+00
616000 5.043218e-22 -3.582028e-20 2.463572e-17 7.305576e+01
617000 3.572195e-23 -3.590907e-20 2.463669e-17 5.174661e+00
618000 1.146429e-20 -3.802005e-20 2.474087e-17 1.660711e+03
619000 4.407310e-22 -3.259684e-20 2.470890e-17 6.384403e+01
620000 2.605179e-23 -3.253729e-20 2.470584e-17 3.773848e+00
621000 8.107892e-21 -3.152980e-20 2.476490e-17 1.174505e+03
622000 3.308753e-22 -3.341897e-20 2.473896e-17 4.793040e+01
623000 2.238538e-22 -3.053223e-20 2.484878e-17 3.242733e+01
624000 5.586436e-22 -3.692779e-20 2.485098e-17 8.092479e+01
625000 3.720952e-22 -3.477491e-20 2.488234e-17 5.390149e+01
626000 4.043307e-22 -3.482360e-20 2.488078e-17 5.857110e+01
627000 5.329431e-22 -2.271240e-20 2.500278e-17 7.720183e+01
628000 1.425211e-20 -2.208284e-20 2.499917e-17 2.064552e+03
629000 2.994224e-22 -1.821481e-20 2.498313e-17 4.337415e+01
630000 4.293085e-21 -2.487530e-20 2.506997e-17 6.218937e+02
631000 8.995776e-22 -2.443787e-20 2.510897e-17 1.303123e+02
632000 1.324785e-20 -4.079144e-20 2.518188e-17 1.919076e+03
633000 1.400356e-20 -4.100732e-20 2.525662e-17 2.028547e+03
634000 2.303779e-22 -4.048103e-20 2.529043e-17 3.337241e+01
635000 9.192275e-22 -3.825637e-20 2.528677e-17 1.331587e+02
636000 1.872242e-22 -3.390170e-20 2.538026e-17 2.712118e+01
637000 2.010495e-21 -1.589473e-20 2.539152e-17 2.912391e+02
638000 1.157580e-21 -2.020838e-20 2.546881e-17 1.676864e+02
639000 4.260364e-22 -2.934561e-20 2.556328e-17 6.171539e+01
640000 4.286413e-22 -2.406683e-20 2.556011e-17 6.209272e+01
641000 5.602286e-21 -7.953223e-21 2.556077e-17 8.115439e+02
642000 4.272601e-21 -1.183477e-20 2.558553e-17 6.189264e+02
643000 1.980155e-21 -1.291648e-20 2.558954e-17 2.868440e+02
644000 3.391934e-21 -9.583880e-21 2.563862e-17 4.913536e+02
645000 7.388062e-25 -7.330828e-21 2.566485e-17 1.070230e-01
646000 3.115610e-22 -7.530421e-21 2.565798e-17 4.513254e+01
647000 2.781585e-22 -1.108500e-20 2.575748e-17 4.029388e+01
648000 1.151039e-21 -1.023410e-20 2.579803e-17 1.667388e+02
649000 5.612190e-22 -1.179672e-20 2.578315e-17 8.129786e+01
650000 1.464613e-21 -1.317970e-20 2.596683e-17 2.121630e+02
651000 2.179555e-23 -1.652473e-20 2.599324e-17 3.157291e+00
652000 1.210587e-21 -1.639501e-20 2.599326e-17 1.753649e+02
653000 6.925126e-22 -1.879949e-20 2.603863e-17 1.003170e+02
654000 8.632852e-22 -1.335204e-20 2.604736e-17 1.250550e+02
655000 7.353361e-22 -7.434872e-21 2.604326e-17 1.065204e+02
656000 4.454801e-21 -7.621569e-21 2.604560e-17 6.453199e+02
657000 1.362894e-21 -9.720573e-21 2.607434e-17 1.974280e+02
658000 2.201949e-21 -9.823920e-21 2.607385e-17 3.189730e+02
659000 5.298950e-21 -1.088620e-20 2.608112e-17 7.676028e+02
660000 1.023669e-21 -1.056096e-20 2.619406e-17 1.482881e+02
661000 1.808712e-21 -3.502609e-21 2.621205e-17 2.620089e+02
662000 9.938375e-21 -4.491235e-21 2.626681e-17 1.439667e+03
663000 7.324131e-21 -7.078725e-22 2.629820e-17 1.060969e+03
664000 1.435522e-21 -2.704868e-22 2.637693e-17 2.079488e+02
665000 1.624987e-20 -2.721852e-20 2.641899e-17 2.353946e+03
666000 2.200926e-24 -2.554325e-20 2.639983e-17 3.188248e-01
667000 3.831102e-22 -2.853472e-20 2.645515e-17 5.549711e+01
668000 1.103295e-21 -2.267502e-20 2.647798e-17 1.598227e+02
669000 2.365372e-20 -2.826835e-20 2.660013e-17 3.426464e+03
670000 2.324848e-23 -3.695376e-20 2.665199e-17 3.367761e+00
671000 7.836470e-22 -3.761051e-20 2.670035e-17 1.135186e+02
672000 2.115672e-24 -7.872003e-21 2.673139e-17 3.064750e-01
673000 1.840969e-22 -7.945577e-21 2.673154e-17 2.666817e+01
674000 1.479484e-22 -2.508425e-20 2.681268e-17 2.143171e+01
675000 1.728438e-21 -3.416189e-20 2.690106e-17 2.503805e+02
676000 1.369672e-20 -3.519030e-20 2.694003e-17 1.984098e+03
677000 1.761223e-22 -1.078399e-20 2.693626e-17 2.551297e+01
678000 3.218015e-22 -1.931065e-20 2.697645e-17 4.661597e+01
679000 2.031593e-23 -1.847498e-20 2.697919e-17 2.942954e+00
680000 3.946577e-21 -1.825981e-20 2.702431e-17 5.716989e+02
681000 4.130580e-21 -2.390910e-20 2.715883e-17 5.983533e+02
682000 1.963847e-21 -3.096601e-20 2.721837e-17 2.844817e+02
683000 3.639527e-23 -2.970369e-20 2.732743e-17 5.272198e+00
684000 2.497008e-21 -2.692677e-20 2.739125e-17 3.617151e+02
685000 3.431576e-21 -3.823578e-20 2.748059e-17 4.970960e+02
686000 1.421519e-22 -3.652077e-20 2.754589e-17 2.059204e+01
687000 1.068979e-21 -3.701112e-20 2.755060e-17 1.548517e+02
688000 1.985360e-21 -3.714437e-20 2.754751e-17 2.875980e+02
689000 2.616098e-22 -3.514701e-20 2.752658e-17 3.789664e+01
690000 1.586976e-21 -3.518844e-20 2.768406e-17 2.298885e+02
691000 5.553000e-23 -4.108937e-20 2.770711e-17 8.044044e+00
692000 7.139508e-22 -4.105372e-20 2.770228e-17 1.034225e+02
693000 2.214721e-21 -4.044525e-20 2.779275e-17 3.208231e+02
694000 6.426573e-21 -3.554522e-20 2.784318e-17 9.309496e+02
695000 1.148177e-22 -2.511808e-20 2.787374e-17 1.663242e+01
696000 1.595519e-22 -2.698839e-20 2.796374e-17 2.311259e+01
697000 2.407238e-21 -2.648079e-20 2.795074e-17 3.487111e+02
698000 6.480258e-22 -3.917255e-20 2.801582e-17 9.387263e+01
699000 1.609867e-23 -3.921425e-20 2.801401e-17 2.332043e+00
700000 1.335243e-21 -3.850358e-20 2.805266e-17 1.934225e+02
701000 1.294880e-22 -3.721708e-20 2.810536e-17 1.875756e+01
702000 1.433992e-21 -4.077164e-20 2.815211e-17 2.077272e+02
703000 1.164835e-22 -3.496095e-20 2.820196e-17 1.687373e+01
704000 9.199561e-23 -3.734605e-20 2.824565e-17 1.332643e+01
705000 4.683914e-24 -3.848220e-20 2.827316e-17 6.785090e-01
706000 6.319360e-23 -3.801970e-20 2.827787e-17 9.154188e+00
707000 1.148360e-21 -3.856134e-20 2.827327e-17 1.663507e+02
708000 1.006550e-21 -3.800104e-20 2.827836e-17 1.458082e+02
709000 2.797994e-22 -3.968070e-20 2.831703e-17 4.053158e+01
710000 2.576468e-21 -3.986590e-20 2.835782e-17 3.732257e+02
711000 1.969169e-21 -3.940969e-20 2.835951e-17 2.852527e+02
712000 1.600418e-23 -3.949123e-20 2.843952e-17 2.318356e+00
713000 2.240900e-22 -3.976883e-20 2.851911e-17 3.246154e+01
714000 6.924126e-23 -4.093605e-20 2.858031e-17 1.003025e+01
715000 3.206415e-22 -4.057733e-20 2.862856e-17 4.644794e+01
716000 6.928208e-21 2.153021e-20 2.872880e-17 1.003616e+03
717000 1.217148e-21 8.177758e-21 2.874486e-17 1.763153e+02
718000 2.846114e-21 -2.724843e-20 2.877998e-17 4.122864e+02
719000 1.286304e-24 -3.671629e-20 2.885898e-17 1.863333e-01
720000 9.267356e-23 -3.414582e-20 2.890578e-17 1.342464e+01
721000 7.482193e-23 -1.847254e-20 2.898664e-17 1.083866e+01
722000 1.037326e-21 -1.560960e-20 2.903060e-17 1.502664e+02
723000 5.427274e-23 -2.469960e-20 2.902358e-17 7.861917e+00
724000 2.628263e-21 -2.445689e-20 2.902448e-17 3.807287e+02
725000 8.916849e-21 -1.885919e-20 2.907263e-17 1.291689e+03
726000 3.241581e-21 -1.920349e-20 2.910871e-17 4.695735e+02
727000 1.033683e-20 -1.949162e-20 2.912006e-17 1.497387e+03
728000 3.481552e-25 -1.923718e-20 2.910585e-17 5.043356e-02
729000 2.487798e-22 -1.914709e-20 2.910515e-17 3.603810e+01
730000 1.842092e-21 -1.144045e-20 2.910550e-17 2.668444e+02
731000 3.843248e-21 -1.085608e-20 2.910751e-17 5.567306e+02
732000 6.631350e-22 -9.898362e-21 2.910600e-17 9.606134e+01
733000 1.933528e-21 -2.345297e-20 2.915121e-17 2.800897e+02
734000 2.433192e-21 -1.102879e-20 2.918613e-17 3.524708e+02
735000 2.803571e-20 -2.913653e-20 2.925988e-17 4.061236e+03
736000 3.684800e-21 -2.923044e-20 2.923428e-17 5.337779e+02
737000 2.966687e-21 -3.107821e-20 2.931447e-17 4.297525e+02
738000 6.920605e-22 -3.213030e-20 2.934438e-17 1.002515e+02
739000 4.858117e-21 -3.572803e-20 2.947181e-17 7.037439e+02
740000 8.124402e-21 -2.418910e-20 2.955795e-17 1.176896e+03
741000 2.823137e-22 -1.768233e-20 2.960046e-17 4.089580e+01
742000 9.029904e-21 -4.440767e-21 2.968544e-17 1.308067e+03
743000 3.348416e-22 -3.410977e-21 2.967366e-17 4.850496e+01
744000 2.377765e-22 -9.859743e-21 2.967551e-17 3.444417e+01
745000 9.835467e-22 -9.490745e-21 2.967785e-17 1.424760e+02
746000 3.771545e-22 -3.249857e-20 2.976049e-17 5.463438e+01
747000 1.025548e-20 -1.781488e-20 2.985195e-17 1.485603e+03
748000 5.525823e-21 9.736483e-21 2.992427e-17 8.004674e+02
749000 8.410734e-21 2.611035e-20 3.009522e-17 1.218374e+03
750000 8.175710e-21 -3.130586e-20 3.013273e-17 1.184329e+03
751000 8.824783e-22 -4.099569e-20 3.016010e-17 1.278353e+02
752000 8.709917e-24 -3.901039e-20 3.019457e-17 1.261713e+00
753000 8.879428e-22 -3.558027e-20 3.024466e-17 1.286269e+02
754000 1.336118e-20 -3.936707e-20 3.029406e-17 1.935493e+03
755000 1.696714e-21 -3.132083e-20 3.032668e-17 2.457851e+02
756000 4.757380e-22 -3.235316e-20 3.038046e-17 6.891513e+01
757000 3.810481e-22 -3.342989e-20 3.035594e-17 5.519841e+01
758000 3.570351e-22 -3.336898e-20 3.035708e-17 5.171989e+01
759000 2.114195e-23 -3.345122e-20 3.035528e-17 3.062610e+00
760000 1.547837e-21 -3.370536e-20 3.035824e-17 2.242187e+02
761000 2.776671e-22 -3.331833e-20 3.035828e-17 4.022269e+01
762000 1.367354e-21 -3.513501e-20 3.041133e-17 1.980740e+02
763000 2.600512e-21 -2.847019e-20 3.044162e-17 3.767087e+02
764000 2.277835e-24 -2.787582e-20 3.044175e-17 3.299659e-01
765000 1.497665e-22 -3.717685e-20 3.044540e-17 2.169509e+01
766000 9.328314e-22 -3.333656e-20 3.045734e-17 1.351294e+02
767000 5.093891e-22 -3.356572e-20 3.050820e-17 7.378980e+01
768000 7.242597e-24 -3.240150e-20 3.059479e-17 1.049158e+00
769000 3.209869e-21 -3.330251e-20 3.064941e-17 4.649798e+02
770000 1.315507e-21 -1.447948e-20 3.065442e-17 1.905635e+02
771000 7.542093e-21 -1.613963e-20 3.066366e-17 1.092543e+03
772000 7.931224e-22 -1.488464e-20 3.065386e-17 1.148913e+02
773000 3.324945e-22 -1.447416e-20 3.065342e-17 4.816496e+01
774000 4.458447e-21 -1.957907e-20 3.076069e-17 6.458479e+02
775000 3.607409e-22 -1.428978e-20 3.074426e-17 5.225672e+01
776000 1.945527e-21 -5.946028e-21 3.078994e-17 2.818280e+02
777000 1.540196e-21 -5.341997e-21 3.078388e-17 2.231120e+02
778000 5.667956e-22 -3.944487e-21 3.077893e-17 8.210568e+01
779000 2.476637e-21 -3.936201e-21 3.078118e-17 3.587642e+02
780000 2.185145e-21 -1.048817e-20 3.094841e-17 3.165388e+02
781000 4.829788e-23 -9.483848e-21 3.103725e-17 6.996403e+00
782000 7.446885e-24 -2.045220e-20 3.105287e-17 1.078751e+00
783000 1.624444e-21 -2.011534e-20 3.105823e-17 2.353160e+02
784000 9.099867e-22 -8.820747e-23 3.117297e-17 1.318201e+02
785000 1.274078e-21 -1.013898e-21 3.120982e-17 1.845622e+02
786000 1.785381e-21 -7.028729e-23 3.126799e-17 2.586292e+02
787000 6.492259e-22 -6.041917e-21 3.134382e-17 9.404649e+01
788000 1.856771e-21 -6.675447e-21 3.134332e-17 2.689708e+02
789000 1.044130e-20 -2.885605e-22 3.139419e-17 1.512521e+03
790000 4.887618e-21 -1.638191e-21 3.146729e-17 7.080175e+02
791000 1.695842e-24 -5.602085e-22 3.153046e-17 2.456586e-01
792000 1.552145e-21 -5.713423e-22 3.153358e-17 2.248428e+02
793000 2.276542e-22 -3.704254e-22 3.157949e-17 3.297786e+01
794000 2.147477e-21 -5.989577e-22 3.166721e-17 3.110822e+02
795000 1.451857e-21 -7.349266e-21 3.170932e-17 2.103152e+02
796000 3.342575e-23 -7.687240e-21 3.169699e-17 4.842034e+00
797000 2.492079e-21 -6.886588e-21 3.174871e-17 3.610011e+02
798000 1.155073e-22 -4.536529e-21 3.179984e-17 1.673232e+01
799000 1.126153e-21 -5.355286e-21 3.184117e-17 1.631338e+02
800000 5.582582e-21 -2.673001e-22 3.190140e-17 8.086895e+02
801000 1.062919e-21 -1.663262e-21 3.198362e-17 1.539738e+02
802000 1.584590e-21 -1.658850e-21 3.202408e-17 2.295428e+02
803000 2.932778e-22 -2.676656e-21 3.200720e-17 4.248405e+01
804000 2.037337e-23 -2.707309e-21 3.200688e-17 2.951274e+00
805000 9.458144e-22 -2.682273e-21 3.206479e-17 1.370101e+02
806000 3.443030e-21 -2.321198e-21 3.215713e-17 4.987552e+02
807000 9.284271e-22 -4.422599e-21 3.213715e-17 1.344914e+02
808000 2.273272e-22 -4.290454e-21 3.213910e-17 3.293048e+01
809000 7.263126e-23 -4.709064e-21 3.218451e-17 1.052132e+01
810000 2.402312e-20 -1.054112e-22 3.233846e-17 3.479975e+03
811000 1.488074e-23 -1.560543e-22 3.238725e-17 2.155615e+00
812000 1.722061e-21 -4.210226e-21 3.247507e-17 2.494568e+02
813000 1.135860e-21 -4.354206e-21 3.247685e-17 1.645401e+02
814000 1.034721e-22 -2.360233e-22 3.259624e-17 1.498891e+01
815000 7.398349e-22 -2.109766e-22 3.264067e-17 1.071721e+02
816000 5.177689e-21 -1.750727e-23 3.266116e-17 7.500369e+02
817000 1.436111e-24 -2.821200e-23 3.270833e-17 2.080342e-01
818000 1.341366e-21 -2.178039e-22 3.274858e-17 1.943095e+02
819000 2.766969e-23 -3.456788e-22 3.279798e-17 4.008215e+00
820000 2.101501e-21 -2.177105e-21 3.284612e-17 3.044221e+02
821000 8.258942e-22 -3.635676e-21 3.291274e-17 1.196385e+02
822000 4.605056e-23 -5.689299e-21 3.299733e-17 6.670857e+00
823000 1.479439e-21 -2.306440e-21 3.302295e-17 2.143106e+02
824000 1.276086e-21 -5.293629e-23 3.304017e-17 1.848531e+02
825000 3.555553e-21 -1.513538e-22 3.304766e-17 5.150553e+02
826000 8.712837e-22 -1.395157e-21 3.311596e-17 1.262136e+02
827000 2.436045e-21 -1.952894e-21 3.319564e-17 3.528840e+02
828000 1.661230e-20 -1.376790e-21 3.328708e-17 2.406449e+03
829000 3.022705e-23 -4.410796e-23 3.327522e-17 4.378672e+00
830000 6.377375e-23 -1.441065e-21 3.331456e-17 9.238228e+00
831000 8.408949e-22 -8.880594e-22 3.340102e-17 1.218115e+02
832000 2.963292e-21 -1.360648e-21 3.339353e-17 4.292608e+02
833000 1.450780e-21 -1.355693e-21 3.339215e-17 2.101592e+02
834000 2.358794e-21 -2.306324e-22 3.340053e-17 3.416935e+02
835000 1.663554e-22 -1.086247e-21 3.341084e-17 2.409815e+01
836000 2.243992e-21 -7.713704e-21 3.339878e-17 3.250634e+02
837000 4.124290e-22 -7.638633e-21 3.339652e-17 5.974422e+01
838000 6.313841e-21 -1.515146e-21 3.348802e-17 9.146192e+02
839000 6.814597e-23 -2.107236e-21 3.347112e-17 9.871585e+00
840000 1.722768e-20 -1.348294e-21 3.356822e-17 2.495592e+03
841000 3.726841e-22 -8.926077e-22 3.360066e-17 5.398680e+01
842000 8.870632e-22 -8.711159e-22 3.360112e-17 1.284995e+02
843000 1.807375e-21 -9.638993e-22 3.360799e-17 2.618152e+02
844000 1.366901e-23 -8.686471e-22 3.360031e-17 1.980085e+00
845000 1.285250e-21 -1.689335e-23 3.373603e-17 1.861805e+02
846000 6.466906e-21 -2.434339e-22 3.372305e-17 9.367922e+02
847000 6.876571e-21 -1.893629e-22 3.373083e-17 9.961360e+02
848000 1.984620e-23 -3.992800e-22 3.376167e-17 2.874908e+00
849000 4.280466e-23 -3.321566e-22 3.375787e-17 6.200658e+00
850000 2.896364e-22 -4.036747e-22 3.376256e-17 4.195656e+01
851000 1.618634e-21 -2.101753e-22 3.380300e-17 2.344743e+02
852000 1.092646e-21 -3.460861e-21 3.392671e-17 1.582800e+02
853000 8.368268e-22 -2.396425e-21 3.393306e-17 1.212222e+02
854000 4.711482e-22 -1.070544e-20 3.400442e-17 6.825025e+01
855000 9.292991e-22 -1.058910e-20 3.400140e-17 1.346177e+02
856000 2.220330e-22 -1.057894e-20 3.400058e-17 3.216358e+01
857000 2.458088e-22 -1.200866e-20 3.405958e-17 3.560771e+01
858000 2.233912e-22 -6.705635e-21 3.405589e-17 3.236031e+01
859000 3.109624e-22 -2.045713e-21 3.408510e-17 4.504583e+01
860000 1.192183e-23 -3.513437e-21 3.412447e-17 1.726989e+00
861000 6.734466e-22 -5.477650e-22 3.424655e-17 9.755508e+01
862000 7.595419e-22 -2.250498e-22 3.429803e-17 1.100268e+02
863000 1.208655e-22 -5.487842e-22 3.430430e-17 1.750850e+01
864000 1.151791e-22 -5.292074e-22 3.434042e-17 1.668477e+01
865000 6.116510e-22 -1.671418e-22 3.433828e-17 8.860340e+01
866000 4.646805e-23 -2.364352e-21 3.437475e-17 6.731334e+00
867000 1.588196e-21 -3.247681e-21 3.441714e-17 2.300651e+02
868000 4.454295e-22 -2.622066e-21 3.450403e-17 6.452465e+01
869000 6.451264e-23 -3.344994e-22 3.467210e-17 9.345263e+00
870000 1.773772e-20 -2.552671e-22 3.477124e-17 2.569476e+03
871000 9.017782e-24 -2.130326e-21 3.476005e-17 1.306311e+00
872000 4.632548e-21 -2.945958e-21 3.480638e-17 6.710681e+02
873000 1.010172e-20 -3.035279e-21 3.481283e-17 1.463329e+03
874000 4.034616e-22 -3.555156e-21 3.484616e-17 5.844521e+01
875000 1.116955e-21 -3.717839e-21 3.484725e-17 1.618015e+02
876000 4.978300e-24 -3.480935e-21 3.484436e-17 7.211536e-01
877000 4.849647e-22 -3.844852e-21 3.484765e-17 7.025169e+01
878000 3.957901e-21 -1.768397e-21 3.493421e-17 5.733391e+02
879000 7.326250e-21 -1.910988e-21 3.502699e-17 1.061276e+03
