step K U E temp
0 4.808326e-22 -3.529927e-20 -3.481844e-20 6.965312e+01
1000 2.875539e-23 -2.807673e-20 3.195202e-20 4.165489e+00
2000 1.665850e-21 -2.329819e-20 5.836766e-20 2.413140e+02
3000 1.761360e-22 -4.045089e-20 3.983310e-20 2.551495e+01
4000 2.631512e-21 -4.066224e-20 1.374994e-19 3.811993e+02
5000 1.928962e-20 -3.652803e-20 2.627616e-19 2.794283e+03
6000 5.596562e-22 -4.088077e-20 2.810500e-19 8.107147e+01
7000 1.610671e-21 -4.068055e-20 4.412318e-19 2.333208e+02
8000 1.074634e-23 -3.939067e-20 4.806232e-19 1.556709e+00
9000 4.839149e-22 -3.566641e-20 5.248175e-19 7.009962e+01
10000 7.343719e-22 -2.956575e-20 6.515067e-19 1.063807e+02
11000 9.406322e-21 -4.026693e-20 6.908002e-19 1.362594e+03
12000 1.633630e-21 -3.964702e-20 6.819866e-19 2.366467e+02
13000 3.156641e-21 -3.991118e-20 7.265663e-19 4.572691e+02
14000 3.762839e-21 -4.109432e-20 8.037718e-19 5.450827e+02
15000 5.736703e-23 -2.056976e-20 8.994876e-19 8.310154e+00
16000 1.510381e-21 -2.339225e-20 9.381236e-19 2.187929e+02
17000 6.794612e-22 -2.543152e-20 9.757605e-19 9.842636e+01
18000 7.464266e-24 -2.661004e-20 9.884329e-19 1.081269e+00
19000 8.754440e-22 -2.429222e-20 9.765843e-19 1.268163e+02
20000 1.844381e-20 -3.324637e-20 1.069544e-18 2.671759e+03
21000 4.083293e-23 -3.347529e-20 1.048040e-18 5.915034e+00
22000 6.655311e-22 -4.096140e-20 1.119716e-18 9.640844e+01
23000 7.701787e-21 -3.933829e-20 1.128364e-18 1.115676e+03
24000 2.867160e-21 -3.690138e-20 1.125966e-18 4.153351e+02
25000 4.970543e-22 -3.656629e-20 1.123946e-18 7.200300e+01
26000 5.926254e-22 -3.242649e-20 1.168166e-18 8.584737e+01
27000 1.485572e-23 -3.192269e-20 1.209449e-18 2.151991e+00
28000 2.963804e-21 -2.574985e-20 1.257214e-18 4.293349e+02
29000 1.776847e-21 -1.966823e-20 1.422109e-18 2.573930e+02
30000 3.864401e-21 -2.288394e-20 1.420980e-18 5.597949e+02
31000 7.865562e-23 -2.344270e-20 1.416637e-18 1.139401e+01
32000 5.348094e-21 -1.749230e-20 1.427856e-18 7.747218e+02
33000 3.635733e-21 -2.074090e-20 1.462895e-18 5.266702e+02
34000 1.790009e-21 -1.883338e-20 1.543146e-18 2.592997e+02
35000 2.302782e-23 -1.852786e-20 1.581869e-18 3.335797e+00
36000 1.383698e-21 -1.204690e-20 1.637887e-18 2.004417e+02
37000 1.457134e-20 -1.364413e-20 1.721825e-18 2.110795e+03
38000 1.084251e-22 -1.609790e-20 1.784011e-18 1.570640e+01
39000 1.573077e-22 -1.836153e-20 1.781866e-18 2.278750e+01
40000 7.734053e-21 -1.556666e-20 1.832655e-18 1.120350e+03
41000 4.064969e-23 -2.427981e-20 1.859424e-18 5.888491e+00
42000 5.235073e-21 -2.418121e-20 1.943375e-18 7.583496e+02
43000 5.328442e-21 -3.489054e-20 1.970545e-18 7.718750e+02
44000 1.607372e-21 -3.950143e-20 1.962108e-18 2.328429e+02
45000 4.758263e-22 -3.977017e-20 1.961776e-18 6.892792e+01
46000 3.198001e-22 -3.955857e-20 1.960769e-18 4.632605e+01
47000 5.814267e-24 -4.070260e-20 2.018657e-18 8.422513e-01
48000 1.301480e-21 -4.078472e-20 2.166231e-18 1.885316e+02
49000 3.050084e-21 -4.082075e-20 2.225232e-18 4.418333e+02
50000 1.841193e-21 -4.089502e-20 2.259976e-18 2.667141e+02
51000 5.185696e-22 -4.026115e-20 2.248514e-18 7.511969e+01
52000 1.043190e-20 -4.100793e-20 2.269574e-18 1.511158e+03
53000 1.414911e-21 -1.866273e-20 2.424244e-18 2.049632e+02
54000 2.926830e-21 -3.064110e-20 2.420664e-18 4.239789e+02
55000 7.703242e-26 -2.952807e-20 2.550783e-18 1.115887e-02
56000 1.760564e-23 -3.364827e-20 2.547674e-18 2.550343e+00
57000 7.456443e-21 -3.748865e-20 2.616253e-18 1.080136e+03
58000 8.368623e-23 -3.309079e-20 2.690497e-18 1.212274e+01
59000 3.674326e-21 -4.102688e-20 2.702869e-18 5.322607e+02
60000 2.492676e-22 -2.982577e-20 2.730468e-18 3.610876e+01
61000 1.397127e-20 -3.315235e-20 2.783244e-18 2.023869e+03
62000 9.293056e-22 -3.342895e-20 2.771110e-18 1.346187e+02
63000 3.897590e-22 -3.044347e-20 2.815888e-18 5.646026e+01
64000 3.841496e-21 -3.714923e-20 2.847681e-18 5.564768e+02
65000 6.300241e-22 -3.848344e-20 2.882286e-18 9.126492e+01
66000 4.744576e-21 -3.897667e-20 2.975443e-18 6.872964e+02
67000 1.605051e-21 -3.901840e-20 3.026797e-18 2.325068e+02
68000 6.763679e-21 -3.681163e-20 3.111810e-18 9.797825e+02
69000 1.715188e-23 -3.624835e-20 3.152682e-18 2.484611e+00
70000 5.430228e-21 -3.038609e-20 3.267476e-18 7.866197e+02
71000 2.492430e-22 -3.389280e-20 3.308270e-18 3.610519e+01
72000 4.430562e-22 -2.523658e-20 3.439901e-18 6.418086e+01
73000 7.608008e-23 -3.423551e-20 3.415821e-18 1.102092e+01
74000 1.763653e-22 -4.016209e-20 3.455650e-18 2.554818e+01
75000 3.290685e-21 -4.024477e-20 3.491994e-18 4.766866e+02
76000 7.480329e-22 -4.058197e-20 3.492605e-18 1.083596e+02
77000 1.074004e-20 -3.836996e-20 3.559404e-18 1.555796e+03
78000 3.993444e-21 -3.890295e-20 3.673351e-18 5.784879e+02
79000 3.259828e-21 -3.892563e-20 3.671494e-18 4.722168e+02
80000 3.421851e-21 -3.875305e-20 3.720001e-18 4.956873e+02
81000 4.437505e-21 -3.871204e-20 3.760495e-18 6.428143e+02
82000 1.993486e-21 -3.830584e-20 3.755034e-18 2.887752e+02
83000 5.463588e-23 -3.990939e-20 3.821377e-18 7.914522e+00
84000 5.422934e-22 -3.971368e-20 3.816041e-18 7.855630e+01
85000 1.211681e-23 -3.980007e-20 3.814558e-18 1.755234e+00
86000 1.419312e-21 -3.974742e-20 3.815867e-18 2.056007e+02
87000 1.540047e-20 -3.933246e-20 3.927957e-18 2.230903e+03
88000 6.004968e-22 -3.898179e-20 3.950364e-18 8.698762e+01
89000 1.031722e-21 -3.856378e-20 3.996053e-18 1.494547e+02
90000 5.787987e-23 -3.763460e-20 4.000830e-18 8.384444e+00
91000 7.772549e-22 -3.777782e-20 4.002380e-18 1.125927e+02
92000 2.440833e-21 -1.318763e-20 3.989253e-18 3.535777e+02
93000 7.638801e-22 -1.266750e-20 3.988096e-18 1.106552e+02
94000 2.772720e-21 -3.045446e-20 4.059116e-18 4.016547e+02
95000 3.779556e-22 -3.028581e-20 4.057378e-18 5.475043e+01
96000 2.296194e-21 -3.028323e-20 4.059320e-18 3.326252e+02
97000 8.084856e-22 -3.559089e-20 4.113091e-18 1.171168e+02
98000 1.759398e-21 -3.605188e-20 4.121107e-18 2.548654e+02
99000 3.732593e-22 -3.547443e-20 4.154770e-18 5.407012e+01
100000 4.261901e-21 -3.946657e-20 4.205531e-18 6.173765e+02
101000 2.987876e-21 -3.837932e-20 4.280712e-18 4.328219e+02
102000 9.826633e-21 -3.848744e-20 4.285506e-18 1.423480e+03
103000 5.212008e-22 -3.743582e-20 4.283014e-18 7.550084e+01
104000 1.939307e-21 -3.629576e-20 4.319386e-18 2.809269e+02
105000 2.326243e-23 -2.626822e-20 4.430363e-18 3.369782e+00
106000 8.756299e-22 -2.649449e-20 4.433431e-18 1.268432e+02
107000 1.308511e-21 -1.894753e-20 4.466040e-18 1.895502e+02
108000 5.569492e-22 -4.081004e-20 4.507212e-18 8.067933e+01
109000 4.471144e-21 -4.080014e-20 4.511548e-18 6.476873e+02
110000 1.709103e-23 -4.075287e-20 4.511883e-18 2.475796e+00
111000 5.486343e-21 -4.037982e-20 4.512284e-18 7.947484e+02
112000 6.067362e-23 -4.025946e-20 4.490238e-18 8.789145e+00
113000 5.461852e-21 -4.013012e-20 4.504696e-18 7.912006e+02
114000 3.245683e-26 -4.100803e-20 4.550833e-18 4.701678e-03
115000 1.568526e-22 -4.093877e-20 4.627708e-18 2.272158e+01
116000 7.405593e-23 -4.109999e-20 4.667199e-18 1.072770e+01
117000 3.838711e-22 -4.109371e-20 4.674709e-18 5.560734e+01
118000 4.139664e-21 -4.058204e-20 4.716954e-18 5.996693e+02
119000 5.369119e-21 -4.078050e-20 4.771521e-18 7.777675e+02
120000 4.052927e-22 -4.084925e-20 4.761599e-18 5.871047e+01
121000 3.881807e-21 -2.279349e-20 4.794469e-18 5.623163e+02
122000 5.332498e-21 -2.954417e-20 4.828737e-18 7.724625e+02
123000 2.671436e-21 -3.064211e-20 4.827582e-18 3.869827e+02
124000 4.655339e-22 -2.421466e-20 4.876321e-18 6.743696e+01
125000 7.769602e-22 -2.827639e-20 4.863665e-18 1.125500e+02
126000 1.508174e-22 -3.088582e-20 5.011601e-18 2.184732e+01
127000 2.180409e-22 -2.681531e-20 4.979177e-18 3.158528e+01
128000 5.390830e-22 -3.211380e-20 5.074714e-18 7.809125e+01
129000 5.276054e-23 -2.198770e-20 5.197141e-18 7.642861e+00
130000 1.373449e-21 -2.541244e-20 5.240140e-18 1.989570e+02
131000 1.102497e-20 -2.954584e-20 5.247246e-18 1.597070e+03
132000 1.810334e-23 -4.041696e-20 5.320402e-18 2.622440e+00
133000 2.109450e-21 -4.083400e-20 5.348718e-18 3.055736e+02
134000 2.699152e-21 -4.078863e-20 5.350574e-18 3.909976e+02
135000 5.215267e-22 -3.994324e-20 5.404759e-18 7.554805e+01
136000 8.850256e-22 -4.084518e-20 5.485222e-18 1.282043e+02
137000 2.737747e-22 -4.109997e-20 5.605005e-18 3.965884e+01
138000 3.091458e-25 -4.109427e-20 5.650095e-18 4.478268e-02
139000 3.837269e-21 -1.624522e-20 5.751050e-18 5.558646e+02
140000 5.494919e-22 -1.867371e-20 5.783157e-18 7.959908e+01
141000 6.502031e-25 -1.869463e-20 5.827807e-18 9.418804e-02
142000 4.668776e-21 -1.859781e-20 5.889261e-18 6.763161e+02
143000 3.985540e-21 -1.742406e-20 5.934880e-18 5.773430e+02
144000 1.275753e-20 -8.147664e-21 5.924610e-18 1.848049e+03
145000 4.833322e-23 -1.495124e-22 5.919899e-18 7.001521e+00
146000 3.639840e-21 -1.523922e-20 5.961578e-18 5.272651e+02
147000 4.056803e-22 -7.655387e-21 5.992750e-18 5.876661e+01
148000 3.382098e-21 -3.836914e-20 6.045013e-18 4.899287e+02
149000 3.683238e-21 -4.109572e-20 6.082588e-18 5.335517e+02
150000 1.767545e-21 -3.878421e-20 6.082983e-18 2.560456e+02
151000 1.757053e-21 -3.535130e-20 6.166406e-18 2.545257e+02
152000 1.172234e-21 -4.063075e-20 6.160688e-18 1.698091e+02
153000 6.875666e-21 -4.101132e-20 6.246406e-18 9.960050e+02
154000 3.022084e-22 -4.109662e-20 6.279870e-18 4.377774e+01
155000 3.857579e-22 -4.108650e-20 6.323996e-18 5.588066e+01
156000 5.934722e-21 -3.976390e-20 6.366171e-18 8.597003e+02
157000 6.145711e-24 -3.761388e-20 6.405198e-18 8.902640e-01
158000 1.306502e-20 -3.415106e-20 6.498968e-18 1.892591e+03
159000 1.264490e-21 -3.855814e-20 6.528015e-18 1.831733e+02
160000 1.368558e-20 -4.103205e-20 6.625535e-18 1.982485e+03
161000 2.116413e-21 -4.067167e-20 6.643555e-18 3.065823e+02
162000 2.425922e-21 -3.899915e-20 6.644685e-18 3.514176e+02
163000 1.254107e-25 -3.976835e-20 6.680232e-18 1.816691e-02
164000 4.976445e-22 -4.032366e-20 6.681651e-18 7.208849e+01
165000 2.066423e-22 -4.004099e-20 6.680166e-18 2.993408e+01
166000 2.536180e-24 -4.072029e-20 6.688061e-18 3.673895e-01
167000 5.645357e-21 -3.278541e-20 6.732860e-18 8.177831e+02
168000 2.068383e-21 -3.544137e-20 6.766627e-18 2.996248e+02
169000 8.238122e-21 -3.557493e-20 6.772663e-18 1.193370e+03
170000 2.549199e-21 -3.964939e-20 6.762900e-18 3.692755e+02
171000 2.082781e-22 -3.301041e-20 6.847198e-18 3.017104e+01
172000 2.813096e-21 -3.563624e-20 6.847177e-18 4.075034e+02
173000 2.131893e-21 -3.419704e-20 6.847935e-18 3.088248e+02
174000 9.839910e-22 -3.614706e-20 6.844838e-18 1.425404e+02
175000 7.751873e-22 -2.826425e-20 6.892511e-18 1.122932e+02
176000 2.633161e-20 -3.308811e-20 7.033261e-18 3.814382e+03
177000 2.603661e-23 -3.912285e-20 7.002454e-18 3.771648e+00
178000 1.174648e-20 -3.610364e-20 7.095643e-18 1.701588e+03
179000 2.655588e-21 -3.508008e-20 7.087585e-18 3.846869e+02
180000 1.007688e-24 -3.776060e-20 7.123954e-18 1.459731e-01
181000 3.857830e-21 -2.288744e-20 7.220970e-18 5.588429e+02
182000 5.571857e-22 -2.378966e-20 7.256768e-18 8.071360e+01
183000 2.013133e-22 -3.758363e-20 7.368733e-18 2.916213e+01
184000 1.671832e-23 -3.134972e-20 7.423105e-18 2.421805e+00
185000 6.132499e-24 -2.058256e-20 7.499817e-18 8.883502e-01
186000 4.622322e-21 -3.425026e-20 7.550363e-18 6.695868e+02
187000 1.093096e-21 -3.973429e-20 7.654288e-18 1.583453e+02
188000 1.808784e-21 -4.046096e-20 7.681348e-18 2.620193e+02
189000 1.209635e-22 -4.065776e-20 7.679820e-18 1.752270e+01
190000 1.013083e-22 -4.018794e-20 7.719960e-18 1.467546e+01
191000 7.699391e-23 -4.017756e-20 7.719961e-18 1.115329e+01
192000 4.185461e-22 -4.095256e-20 7.905508e-18 6.063035e+01
193000 1.466543e-22 -4.040043e-20 7.960474e-18 2.124426e+01
194000 1.230784e-22 -4.084488e-20 8.070624e-18 1.782906e+01
195000 5.319885e-21 -4.104532e-20 8.054000e-18 7.706354e+02
196000 1.434611e-21 -4.101214e-20 8.194085e-18 2.078169e+02
197000 2.630485e-22 -4.054437e-20 8.182615e-18 3.810504e+01
198000 2.652443e-21 -3.864229e-20 8.227651e-18 3.842313e+02
199000 1.646106e-21 -3.286513e-20 8.248782e-18 2.384540e+02
200000 5.356092e-21 -3.262418e-20 8.252732e-18 7.758804e+02
201000 1.061749e-20 -3.254844e-20 8.298075e-18 1.538044e+03
202000 3.476897e-21 -3.183147e-20 8.291645e-18 5.036613e+02
203000 7.809314e-22 -3.142622e-20 8.289355e-18 1.131253e+02
204000 2.978823e-22 -3.578516e-20 8.379753e-18 4.315106e+01
205000 5.652730e-21 -3.486517e-20 8.411177e-18 8.188512e+02
206000 1.407599e-21 -3.433587e-20 8.420279e-18 2.039040e+02
207000 1.700182e-22 -3.507571e-20 8.406903e-18 2.462874e+01
208000 3.288877e-22 -3.509437e-20 8.506103e-18 4.764248e+01
209000 2.086292e-21 -3.314923e-20 8.572709e-18 3.022190e+02
210000 5.621939e-21 -3.398492e-20 8.639227e-18 8.143907e+02
211000 1.296701e-21 -1.313312e-20 8.668164e-18 1.878393e+02
212000 2.211787e-21 -2.736737e-20 8.694889e-18 3.203981e+02
213000 6.392620e-22 -2.782411e-20 8.772816e-18 9.260312e+01
214000 1.922739e-21 -2.278383e-20 8.868937e-18 2.785268e+02
215000 2.389232e-23 -2.793297e-20 8.989228e-18 3.461027e+00
216000 1.036666e-21 -3.059109e-20 8.982884e-18 1.501708e+02
217000 7.677034e-22 -2.905769e-20 8.988708e-18 1.112091e+02
218000 5.533451e-22 -3.914707e-20 9.109528e-18 8.015725e+01
219000 2.282211e-23 -3.834987e-20 9.149332e-18 3.305998e+00
220000 2.857944e-23 -3.641796e-20 9.310573e-18 4.140001e+00
221000 1.145168e-21 -3.716562e-20 9.357219e-18 1.658883e+02
222000 5.003283e-21 -3.540793e-20 9.407457e-18 7.247726e+02
223000 3.067699e-21 -3.624520e-20 9.455053e-18 4.443851e+02
224000 2.194873e-21 -3.613175e-20 9.453509e-18 3.179481e+02
225000 9.224575e-22 -3.497568e-20 9.515190e-18 1.336266e+02
226000 1.390185e-21 -3.766379e-20 9.510023e-18 2.013814e+02
227000 1.470762e-20 -4.062687e-20 9.560695e-18 2.130537e+03
228000 2.086750e-21 -9.334352e-21 9.672752e-18 3.022853e+02
229000 7.711957e-22 -1.790992e-20 9.702868e-18 1.117150e+02
230000 1.102582e-21 -2.557075e-21 9.838546e-18 1.597194e+02
231000 3.499805e-24 -2.274888e-21 9.917788e-18 5.069797e-01
232000 5.556740e-22 -9.546897e-22 1.007960e-17 8.049460e+01
233000 6.312492e-21 -6.361738e-22 1.008568e-17 9.144239e+02
234000 1.672596e-22 -9.965103e-22 1.007917e-17 2.422912e+01
235000 1.675548e-22 -9.799480e-21 1.007037e-17 2.427189e+01
236000 4.910528e-22 -9.935232e-21 1.007059e-17 7.113362e+01
237000 2.877558e-22 -9.774407e-21 1.011052e-17 4.168414e+01
238000 3.913763e-21 -1.000198e-20 1.011399e-17 5.669453e+02
239000 8.446954e-21 -9.816830e-21 1.011864e-17 1.223621e+03
240000 4.342086e-22 -1.014796e-20 1.011072e-17 6.289919e+01
241000 6.431539e-22 -9.587027e-21 1.011106e-17 9.316689e+01
242000 9.216708e-21 -3.752032e-21 1.020546e-17 1.335127e+03
243000 4.476584e-22 -4.275815e-24 1.032044e-17 6.484753e+01
244000 4.846076e-23 -1.988899e-21 1.040771e-17 7.019997e+00
245000 1.696121e-20 -2.660702e-21 1.046416e-17 2.456990e+03
246000 5.002160e-22 -1.021756e-21 1.043948e-17 7.246099e+01
247000 4.470035e-21 -1.197552e-22 1.044435e-17 6.475266e+02
248000 1.883238e-21 -4.749907e-21 1.045001e-17 2.728047e+02
249000 1.512320e-21 -3.973107e-22 1.044115e-17 2.190737e+02
250000 5.232884e-23 -2.717243e-24 1.048009e-17 7.580325e+00
251000 2.848440e-22 -1.011221e-24 1.048517e-17 4.126234e+01
252000 4.149183e-22 -2.121646e-23 1.048039e-17 6.010482e+01
253000 1.410312e-21 -1.501081e-22 1.056126e-17 2.042970e+02
254000 4.747902e-21 -6.330624e-22 1.056411e-17 6.877782e+02
255000 8.708822e-21 -1.554203e-21 1.056812e-17 1.261555e+03
256000 1.044258e-21 -1.249070e-21 1.055980e-17 1.512706e+02
257000 1.492252e-22 -3.446605e-21 1.059672e-17 2.161668e+01
258000 1.575247e-20 -2.313304e-21 1.065348e-17 2.281894e+03
259000 8.544387e-21 -4.484447e-22 1.072810e-17 1.237735e+03
260000 1.223806e-21 -3.140028e-22 1.076092e-17 1.772798e+02
261000 1.252035e-23 -2.691038e-22 1.080690e-17 1.813690e+00
262000 2.858694e-21 -5.420240e-22 1.088407e-17 4.141087e+02
263000 7.454473e-21 -7.006716e-21 1.092057e-17 1.079851e+03
264000 3.250357e-24 -7.053657e-21 1.095309e-17 4.708447e-01
265000 1.068253e-21 -1.035774e-20 1.099609e-17 1.547466e+02
266000 1.124194e-20 -4.265474e-21 1.112698e-17 1.628500e+03
267000 5.181261e-23 -4.748070e-21 1.115867e-17 7.505544e+00
268000 1.077935e-21 -6.976787e-21 1.119431e-17 1.561490e+02
269000 1.234146e-21 -7.247212e-21 1.119496e-17 1.787776e+02
270000 1.863980e-21 -6.443832e-21 1.129211e-17 2.700150e+02
271000 2.149139e-21 -3.909907e-21 1.136732e-17 3.113231e+02
272000 4.890093e-22 -4.090660e-21 1.137506e-17 7.083760e+01
273000 3.402765e-22 -4.364206e-21 1.136803e-17 4.929226e+01
274000 9.132248e-22 -4.547241e-22 1.144689e-17 1.322892e+02
275000 1.368405e-21 -3.118170e-20 1.151750e-17 1.982263e+02
276000 2.893800e-21 -2.121567e-20 1.162911e-17 4.191942e+02
277000 2.167425e-21 -2.407342e-20 1.170526e-17 3.139719e+02
278000 2.314820e-21 -2.373942e-20 1.170347e-17 3.353235e+02
279000 6.092587e-21 -2.305749e-20 1.172693e-17 8.825685e+02
280000 4.085046e-22 -2.855014e-20 1.174808e-17 5.917574e+01
281000 7.281276e-22 -2.944900e-20 1.179111e-17 1.054761e+02
282000 1.243363e-20 -2.316173e-20 1.185217e-17 1.801128e+03
283000 1.404666e-21 -2.385566e-20 1.182135e-17 2.034791e+02
284000 2.184108e-21 -2.421113e-20 1.183082e-17 3.163885e+02
285000 3.359923e-23 -2.396394e-20 1.182064e-17 4.867165e+00
286000 2.674985e-22 -2.420449e-20 1.187006e-17 3.874967e+01
287000 3.697222e-20 -1.853041e-20 1.194119e-17 5.355774e+03
288000 1.996325e-21 -8.641243e-21 1.195336e-17 2.891865e+02
289000 4.310567e-23 -9.855333e-21 1.199020e-17 6.244261e+00
290000 6.038839e-22 -9.467433e-21 1.207131e-17 8.747827e+01
291000 1.679378e-22 -9.766317e-21 1.212281e-17 2.432737e+01
292000 4.593048e-21 -8.945191e-21 1.216021e-17 6.653462e+02
293000 3.409179e-21 -7.142117e-21 1.219840e-17 4.938516e+02
294000 2.988048e-21 -6.936371e-21 1.219631e-17 4.328469e+02
295000 1.282991e-22 -6.759813e-21 1.219405e-17 1.858533e+01
296000 5.619449e-22 -6.612191e-21 1.219704e-17 8.140301e+01
297000 4.369983e-23 -3.373574e-20 1.229393e-17 6.330331e+00
298000 1.940278e-21 -3.072213e-20 1.227455e-17 2.810676e+02
299000 6.282049e-22 -3.123447e-20 1.227716e-17 9.100140e+01
300000 7.999585e-21 -3.085448e-20 1.228107e-17 1.158815e+03
301000 5.714282e-21 -3.149474e-20 1.240811e-17 8.277675e+02
302000 2.432007e-21 -1.458162e-20 1.242957e-17 3.522991e+02
303000 9.544962e-21 -1.848768e-20 1.243311e-17 1.382678e+03
304000 2.771120e-22 -1.644481e-20 1.254588e-17 4.014228e+01
305000 1.155876e-23 -1.651147e-20 1.254666e-17 1.674395e+00
306000 2.762927e-21 -1.245325e-20 1.260032e-17 4.002359e+02
307000 1.537527e-22 -1.479016e-20 1.258845e-17 2.227253e+01
308000 1.259901e-21 -6.577706e-21 1.273114e-17 1.825085e+02
309000 3.502980e-22 -6.616356e-21 1.272760e-17 5.074396e+01
310000 7.683515e-21 -9.533473e-21 1.274053e-17 1.113029e+03
311000 7.972274e-22 -9.189646e-21 1.273114e-17 1.154859e+02
312000 3.727944e-22 -3.410976e-20 1.280241e-17 5.400277e+01
313000 9.613344e-22 -3.956403e-20 1.288322e-17 1.392583e+02
314000 8.367010e-22 -3.800496e-20 1.291797e-17 1.212040e+02
315000 2.486958e-22 -4.094558e-20 1.294756e-17 3.602593e+01
316000 3.739838e-20 -2.903284e-20 1.302558e-17 5.417508e+03
317000 1.008100e-21 -2.083629e-20 1.302113e-17 1.460328e+02
318000 2.440490e-21 -2.402684e-20 1.314376e-17 3.535279e+02
319000 2.535634e-21 -3.100477e-20 1.323171e-17 3.673104e+02
320000 1.004127e-22 -3.118578e-20 1.327022e-17 1.454572e+01
321000 3.979787e-21 -3.148568e-20 1.336283e-17 5.765095e+02
322000 2.476308e-21 -2.228045e-20 1.344099e-17 3.587166e+02
323000 3.218594e-23 -4.280199e-21 1.351575e-17 4.662436e+00
324000 1.452867e-22 -5.954174e-21 1.351419e-17 2.104615e+01
325000 4.881042e-22 6.875261e-21 1.356736e-17 7.070649e+01
326000 3.983358e-23 3.701793e-22 1.360041e-17 5.770269e+00
327000 1.778775e-21 -2.144694e-20 1.363674e-17 2.576723e+02
328000 5.468544e-22 -2.341285e-20 1.372463e-17 7.921700e+01
329000 3.739363e-21 2.372569e-21 1.376802e-17 5.416819e+02
330000 1.119529e-22 -1.078765e-20 1.380812e-17 1.621743e+01
331000 1.575295e-21 -1.028669e-20 1.384609e-17 2.281962e+02
332000 8.351745e-21 9.214426e-21 1.393762e-17 1.209829e+03
333000 2.400822e-21 7.726023e-21 1.393024e-17 3.477817e+02
334000 1.033575e-21 6.778716e-21 1.396977e-17 1.497231e+02
335000 1.914397e-21 5.675102e-21 1.397321e-17 2.773184e+02
336000 4.964431e-23 1.713435e-20 1.405869e-17 7.191446e+00
337000 1.932004e-20 -2.827032e-20 1.409229e-17 2.798689e+03
338000 7.776036e-22 -2.840524e-20 1.413628e-17 1.126432e+02
339000 1.089366e-20 -3.127916e-21 1.426173e-17 1.578049e+03
340000 3.890044e-22 -8.042211e-21 1.429492e-17 5.635094e+01
341000 4.818909e-22 -2.687967e-21 1.429706e-17 6.980644e+01
342000 2.981996e-21 -1.679943e-20 1.437779e-17 4.319702e+02
343000 2.290176e-21 -1.256603e-20 1.437285e-17 3.317535e+02
344000 4.341290e-21 -4.098895e-20 1.443767e-17 6.288767e+02
345000 1.639952e-21 -4.055069e-20 1.460514e-17 2.375626e+02
346000 1.223458e-21 -4.106813e-20 1.467575e-17 1.772294e+02
347000 9.178732e-22 -3.678698e-20 1.475763e-17 1.329626e+02
348000 1.658380e-21 -3.415653e-20 1.475174e-17 2.402319e+02
349000 1.259828e-21 -3.399503e-20 1.474878e-17 1.824980e+02
350000 1.949947e-21 -3.576931e-20 1.484152e-17 2.824681e+02
351000 7.836838e-22 -3.331584e-20 1.501354e-17 1.135240e+02
352000 7.551034e-21 -3.626360e-20 1.499141e-17 1.093838e+03
353000 2.113209e-20 -3.937118e-20 1.514511e-17 3.061183e+03
354000 4.449251e-22 -3.938965e-20 1.524408e-17 6.445159e+01
355000 3.830026e-22 -4.074989e-20 1.527650e-17 5.548153e+01
356000 1.024932e-24 -4.095306e-20 1.527645e-17 1.484710e-01
357000 3.196621e-22 -4.105124e-20 1.527711e-17 4.630606e+01
358000 5.114248e-21 -4.096468e-20 1.528055e-17 7.408470e+02
359000 2.098272e-21 -4.066101e-20 1.527427e-17 3.039545e+02
360000 2.561191e-22 -4.097766e-20 1.531487e-17 3.710126e+01
361000 2.746424e-21 -4.054353e-20 1.536913e-17 3.978454e+02
362000 1.302472e-21 -3.797645e-20 1.535833e-17 1.886753e+02
363000 5.154386e-21 -4.098996e-20 1.546405e-17 7.466614e+02
364000 3.300538e-21 -2.570937e-20 1.544241e-17 4.781140e+02
365000 2.750134e-22 -2.586279e-20 1.548475e-17 3.983828e+01
366000 1.037266e-21 -2.690464e-20 1.549058e-17 1.502577e+02
367000 1.035669e-21 -1.782561e-20 1.555358e-17 1.500264e+02
368000 9.650625e-23 -1.747435e-20 1.555308e-17 1.397984e+01
369000 6.201701e-21 -1.745674e-20 1.555979e-17 8.983748e+02
370000 4.116576e-21 -2.071493e-20 1.560716e-17 5.963248e+02
371000 2.773199e-21 -1.921734e-20 1.569676e-17 4.017239e+02
372000 8.074293e-23 -2.140561e-20 1.572566e-17 1.169637e+01
373000 3.682319e-22 -7.526874e-23 1.580579e-17 5.334185e+01
374000 3.607360e-21 -9.031477e-24 1.588601e-17 5.225601e+02
375000 1.565689e-24 -3.716684e-23 1.593177e-17 2.268048e-01
376000 3.028997e-21 -1.262352e-23 1.594493e-17 4.387788e+02
377000 3.568184e-22 -2.098333e-21 1.592117e-17 5.168850e+01
378000 6.544887e-21 -2.131211e-21 1.596683e-17 9.480885e+02
379000 1.427010e-20 -1.560615e-21 1.602148e-17 2.067158e+03
380000 4.162276e-21 -2.085912e-21 1.608538e-17 6.029448e+02
381000 1.236165e-20 -2.685369e-21 1.618702e-17 1.790701e+03
382000 5.220242e-22 -1.845940e-21 1.618282e-17 7.562011e+01
383000 8.599162e-22 -2.005375e-21 1.626608e-17 1.245670e+02
384000 1.439879e-23 -1.970744e-21 1.626307e-17 2.085800e+00
385000 1.853901e-22 -1.864920e-21 1.630259e-17 2.685550e+01
386000 1.265086e-21 -1.360002e-21 1.635679e-17 1.832596e+02
387000 1.392686e-21 -5.313632e-21 1.638386e-17 2.017436e+02
388000 4.094683e-21 -1.308731e-20 1.645107e-17 5.931533e+02
389000 2.896107e-22 -1.123431e-20 1.648093e-17 4.195283e+01
390000 1.688970e-21 -1.264705e-20 1.647875e-17 2.446632e+02
391000 1.080682e-22 -1.049795e-20 1.653495e-17 1.565470e+01
392000 1.244485e-21 -1.054215e-20 1.657484e-17 1.802754e+02
393000 1.413992e-21 -1.447897e-20 1.655865e-17 2.048300e+02
394000 2.385164e-21 -4.082756e-20 1.664469e-17 3.455134e+02
395000 1.262983e-21 -4.104818e-20 1.669703e-17 1.829549e+02
396000 5.714889e-21 -4.096928e-20 1.667919e-17 8.278555e+02
397000 2.138747e-22 -3.838299e-20 1.673096e-17 3.098177e+01
398000 3.046695e-22 -3.101691e-20 1.681741e-17 4.413424e+01
399000 9.886752e-22 -3.408628e-20 1.692421e-17 1.432189e+02
400000 1.555162e-21 -3.929476e-20 1.700714e-17 2.252798e+02
401000 3.945286e-23 -4.096412e-20 1.707387e-17 5.715118e+00
402000 2.466144e-21 -3.579303e-20 1.726328e-17 3.572442e+02
403000 1.096607e-21 -3.801063e-20 1.724420e-17 1.588538e+02
404000 5.463896e-22 -3.216366e-20 1.730043e-17 7.914968e+01
405000 8.198198e-21 2.071307e-20 1.739352e-17 1.187586e+03
406000 4.087073e-21 -1.292822e-20 1.755195e-17 5.920510e+02
407000 1.757239e-25 2.302567e-20 1.763691e-17 2.545526e-02
408000 4.495674e-21 2.435939e-20 1.763290e-17 6.512407e+02
409000 2.281391e-22 -3.695820e-20 1.768699e-17 3.304810e+01
410000 1.971583e-22 -3.714392e-20 1.768130e-17 2.856024e+01
411000 1.108470e-21 -3.708811e-20 1.778158e-17 1.605724e+02
412000 3.882825e-22 -3.360073e-20 1.780989e-17 5.624637e+01
413000 1.239568e-21 -3.355638e-20 1.794854e-17 1.795631e+02
414000 3.731072e-22 -3.795626e-20 1.798242e-17 5.404808e+01
415000 2.319596e-21 -3.514816e-20 1.808801e-17 3.360153e+02
416000 5.066764e-21 -3.907008e-20 1.826355e-17 7.339685e+02
417000 1.349123e-22 -3.888583e-20 1.825933e-17 1.954332e+01
418000 9.212750e-24 -3.755569e-20 1.825336e-17 1.334554e+00
419000 2.423633e-22 -4.051333e-20 1.828493e-17 3.510861e+01
420000 1.211123e-21 -4.010126e-20 1.828312e-17 1.754426e+02
421000 3.775256e-23 -3.891972e-20 1.833960e-17 5.468814e+00
422000 9.675905e-23 -3.920162e-20 1.833612e-17 1.401646e+01
423000 9.390530e-21 -3.228731e-20 1.843281e-17 1.360307e+03
424000 7.923639e-23 -3.793997e-20 1.842272e-17 1.147814e+01
425000 3.884607e-22 -3.663443e-20 1.845086e-17 5.627218e+01
426000 5.805174e-23 -3.662194e-20 1.845047e-17 8.409342e+00
427000 2.192776e-21 -2.310236e-21 1.859353e-17 3.176443e+02
428000 1.400560e-22 -2.791827e-20 1.863487e-17 2.028843e+01
429000 4.001771e-23 -2.796663e-20 1.863447e-17 5.796941e+00
430000 1.150539e-21 -2.774734e-20 1.864258e-17 1.666664e+02
431000 1.595913e-21 -1.685333e-20 1.874756e-17 2.311830e+02
432000 1.621618e-21 -1.591075e-20 1.890611e-17 2.349066e+02
433000 3.114859e-21 -2.104399e-20 1.895827e-17 4.512166e+02
434000 1.156294e-22 -1.865297e-20 1.893569e-17 1.675000e+01
435000 1.048079e-20 -2.058061e-20 1.899719e-17 1.518241e+03
436000 2.434203e-20 -2.424971e-20 1.913042e-17 3.526172e+03
437000 1.787283e-23 -3.191569e-20 1.914145e-17 2.589048e+00
438000 8.451446e-21 -3.203504e-20 1.915046e-17 1.224271e+03
439000 1.544242e-21 -2.950307e-20 1.921662e-17 2.236980e+02
440000 1.282868e-21 -4.078240e-20 1.925788e-17 1.858356e+02
441000 1.829291e-21 -4.065759e-20 1.924939e-17 2.649901e+02
442000 6.750785e-21 -4.045017e-20 1.929040e-17 9.779148e+02
443000 5.235832e-23 -4.052099e-20 1.928856e-17 7.584595e+00
444000 4.627340e-21 -4.047091e-20 1.928838e-17 6.703138e+02
445000 1.438407e-21 -4.081840e-20 1.930449e-17 2.083668e+02
446000 6.565948e-23 -3.937291e-20 1.933273e-17 9.511394e+00
447000 1.144865e-20 -3.897415e-20 1.939802e-17 1.658444e+03
448000 8.022046e-21 -4.069303e-20 1.938324e-17 1.162069e+03
449000 1.445923e-21 -3.728416e-20 1.943003e-17 2.094555e+02
450000 9.365666e-23 -4.021823e-20 1.943594e-17 1.356705e+01
451000 2.609199e-21 -1.405262e-20 1.947020e-17 3.779670e+02
452000 2.411163e-22 -2.581422e-20 1.949303e-17 3.492797e+01
453000 4.027117e-21 -2.595244e-20 1.949408e-17 5.833657e+02
454000 1.517155e-21 -3.893521e-20 1.955065e-17 2.197741e+02
455000 4.336754e-21 -3.601112e-20 1.962251e-17 6.282197e+02
456000 1.107093e-20 -3.883987e-20 1.968881e-17 1.603729e+03
457000 1.148103e-20 -3.999125e-20 1.968639e-17 1.663136e+03
458000 1.336300e-21 -4.086798e-20 1.966733e-17 1.935756e+02
459000 3.050351e-20 -4.006076e-20 1.986708e-17 4.418720e+03
460000 1.863664e-21 -4.106199e-20 1.985860e-17 2.699692e+02
461000 6.501456e-21 -4.107290e-20 1.985908e-17 9.417971e+02
462000 3.707835e-23 -4.106477e-20 1.985534e-17 5.371147e+00
463000 1.940406e-21 -4.084864e-20 1.992254e-17 2.810861e+02
464000 2.253381e-22 -3.876632e-20 1.999455e-17 3.264234e+01
465000 2.338982e-22 -4.106587e-20 2.000335e-17 3.388236e+01
466000 1.790391e-21 -3.857617e-20 2.008032e-17 2.593550e+02
467000 1.523665e-20 -3.952252e-20 2.013319e-17 2.207173e+03
468000 2.091230e-20 -3.603814e-20 2.020045e-17 3.029343e+03
469000 2.046097e-21 -3.651418e-20 2.019133e-17 2.963964e+02
470000 2.700819e-21 -3.591413e-20 2.017971e-17 3.912391e+02
471000 7.548268e-21 -3.970309e-20 2.018855e-17 1.093438e+03
472000 5.054184e-21 -3.997907e-20 2.018026e-17 7.321461e+02
473000 3.662795e-21 -3.957323e-20 2.019422e-17 5.305903e+02
474000 2.655371e-21 -4.007189e-20 2.017824e-17 3.846555e+02
475000 1.770585e-22 -3.968373e-20 2.022461e-17 2.564859e+01
476000 8.155889e-24 -3.828715e-20 2.027453e-17 1.181457e+00
477000 5.099704e-21 -3.796959e-20 2.028523e-17 7.387401e+02
478000 3.495532e-22 -3.834259e-20 2.027578e-17 5.063606e+01
479000 2.423785e-22 -3.794170e-20 2.028152e-17 3.511081e+01
480000 7.361628e-23 -3.898067e-20 2.028345e-17 1.066401e+01
481000 1.811584e-21 -3.012746e-21 2.039230e-17 2.624250e+02
482000 2.041748e-22 1.089940e-20 2.042959e-17 2.957664e+01
483000 3.729868e-21 1.432663e-20 2.043788e-17 5.403064e+02
484000 3.532611e-22 -2.344836e-20 2.047325e-17 5.117320e+01
485000 3.273550e-21 -1.322322e-20 2.047438e-17 4.742046e+02
486000 6.788357e-21 -5.079029e-21 2.046353e-17 9.833574e+02
487000 4.139910e-22 -6.309083e-21 2.045774e-17 5.997050e+01
488000 1.048006e-20 -1.736596e-20 2.050756e-17 1.518135e+03
489000 1.425613e-21 -2.438770e-20 2.058406e-17 2.065134e+02
490000 7.865332e-23 -2.324247e-20 2.059477e-17 1.139367e+01
491000 3.780040e-21 -3.339560e-20 2.063532e-17 5.475743e+02
492000 3.587367e-23 -8.512639e-21 2.072459e-17 5.196639e+00
493000 9.787122e-21 -6.479866e-21 2.071202e-17 1.417757e+03
494000 6.079048e-22 1.563627e-21 2.075366e-17 8.806073e+01
495000 2.578126e-22 1.491123e-20 2.075418e-17 3.734658e+01
496000 1.861505e-20 -2.718733e-20 2.090023e-17 2.696566e+03
497000 5.387348e-22 -1.671033e-20 2.099684e-17 7.804081e+01
498000 5.666380e-21 -3.001750e-20 2.111981e-17 8.208285e+02
499000 2.674885e-21 -2.603782e-20 2.117027e-17 3.874823e+02
500000 7.959731e-22 -2.445221e-20 2.116640e-17 1.153042e+02
501000 4.644159e-22 -2.479091e-20 2.116286e-17 6.727502e+01
502000 2.090558e-23 -2.670973e-20 2.116724e-17 3.028370e+00
503000 9.090883e-22 -3.417028e-20 2.120834e-17 1.316900e+02
504000 1.006373e-23 -6.725138e-21 2.124077e-17 1.457826e+00
505000 7.184586e-24 -6.493464e-21 2.136211e-17 1.040755e+00
506000 7.387511e-22 1.714176e-21 2.145224e-17 1.070150e+02
507000 3.619770e-21 -9.105494e-21 2.149514e-17 5.243578e+02
508000 1.193018e-21 -2.138185e-20 2.148172e-17 1.728199e+02
509000 4.601602e-22 -2.974625e-20 2.153322e-17 6.665854e+01
510000 4.654844e-21 -4.104084e-20 2.156345e-17 6.742980e+02
511000 9.674780e-23 -4.109954e-20 2.158966e-17 1.401483e+01
512000 1.651542e-21 -3.697403e-20 2.170059e-17 2.392414e+02
513000 3.160262e-21 -4.038559e-20 2.169529e-17 4.577937e+02
514000 3.359023e-22 -4.054124e-20 2.168605e-17 4.865861e+01
515000 5.971737e-21 -3.885387e-20 2.174128e-17 8.650623e+02
516000 1.164899e-20 -3.763067e-20 2.176822e-17 1.687465e+03
517000 2.295987e-21 -3.310265e-20 2.183096e-17 3.325954e+02
518000 8.457613e-22 -3.417841e-20 2.191814e-17 1.225165e+02
519000 9.567366e-22 -3.420643e-20 2.191863e-17 1.385923e+02
520000 2.792273e-23 -3.269256e-20 2.192167e-17 4.044870e+00
521000 6.426384e-22 -3.157177e-20 2.191290e-17 9.309221e+01
522000 4.316499e-22 -3.097729e-20 2.196078e-17 6.252855e+01
523000 1.885390e-21 -3.408414e-20 2.199909e-17 2.731165e+02
524000 2.430263e-21 -3.459695e-20 2.201117e-17 3.520464e+02
525000 6.059277e-23 -1.530350e-20 2.207606e-17 8.777433e+00
526000 2.092132e-21 -5.934059e-21 2.209301e-17 3.030650e+02
527000 5.798436e-22 -5.850879e-21 2.208974e-17 8.399580e+01
528000 5.691985e-22 -1.102465e-20 2.213555e-17 8.245375e+01
529000 2.447085e-21 -9.577340e-21 2.217502e-17 3.544833e+02
530000 2.349805e-21 -9.286910e-21 2.221369e-17 3.403913e+02
531000 1.877263e-22 -1.093344e-20 2.237464e-17 2.719392e+01
532000 8.072855e-21 -9.928198e-21 2.238864e-17 1.169429e+03
533000 4.967642e-22 -1.123414e-20 2.237855e-17 7.196098e+01
534000 5.010842e-21 -1.072455e-20 2.241759e-17 7.258677e+02
535000 8.350561e-22 -1.138877e-20 2.242383e-17 1.209657e+02
536000 1.328545e-22 -1.069133e-20 2.246105e-17 1.924522e+01
537000 1.734694e-25 -1.040568e-20 2.246140e-17 2.512868e-02
538000 1.640963e-21 -5.530343e-21 2.255095e-17 2.377089e+02
539000 7.931007e-22 -5.751089e-21 2.254886e-17 1.148881e+02
540000 1.407999e-22 -6.004335e-21 2.255233e-17 2.039619e+01
541000 8.735936e-25 -5.439390e-21 2.259608e-17 1.265482e-01
542000 1.255111e-22 -7.831463e-21 2.257991e-17 1.818146e+01
543000 4.793783e-23 -8.228569e-21 2.268476e-17 6.944246e+00
544000 6.520381e-22 -2.599691e-21 2.273801e-17 9.445386e+01
545000 1.079500e-21 -2.537485e-21 2.279076e-17 1.563757e+02
546000 8.407900e-22 -3.562293e-21 2.282748e-17 1.217963e+02
547000 1.386909e-22 -6.659848e-21 2.286031e-17 2.009068e+01
548000 4.603855e-22 -5.027717e-21 2.291659e-17 6.669118e+01
549000 2.987465e-22 -2.959701e-21 2.296118e-17 4.327624e+01
550000 7.886951e-21 -2.905891e-21 2.297371e-17 1.142499e+03
551000 2.249082e-21 -2.235165e-21 2.296065e-17 3.258007e+02
552000 2.860503e-24 -2.873234e-21 2.300093e-17 4.143707e-01
553000 2.873165e-25 -2.930992e-21 2.299984e-17 4.162050e-02
554000 7.210608e-21 -2.309786e-21 2.300726e-17 1.044524e+03
555000 3.393430e-23 -6.261817e-22 2.304233e-17 4.915703e+00
556000 1.450909e-21 -8.647236e-22 2.309137e-17 2.101779e+02
557000 3.489390e-22 -2.055017e-20 2.310297e-17 5.054709e+01
558000 2.338771e-22 -2.045729e-20 2.316129e-17 3.387930e+01
559000 4.393180e-23 -2.034705e-20 2.315930e-17 6.363935e+00
560000 2.314647e-22 -2.308562e-20 2.325020e-17 3.352984e+01
561000 2.145176e-22 -1.783767e-20 2.324819e-17 3.107489e+01
562000 2.028785e-21 -2.099211e-21 2.333939e-17 2.938885e+02
563000 8.491571e-21 -1.412144e-21 2.336830e-17 1.230084e+03
564000 1.134057e-20 -5.368228e-23 2.350978e-17 1.642788e+03
565000 1.194087e-21 -9.264987e-23 2.349536e-17 1.729747e+02
566000 2.001447e-21 -1.301057e-22 2.354639e-17 2.899284e+02
567000 2.505798e-21 -8.675726e-22 2.366430e-17 3.629884e+02
568000 9.059587e-24 -4.446502e-22 2.365831e-17 1.312366e+00
569000 3.324678e-21 -3.889913e-22 2.380514e-17 4.816109e+02
570000 2.098517e-22 -9.463948e-22 2.384984e-17 3.039900e+01
571000 1.627695e-21 -2.340427e-22 2.387692e-17 2.357869e+02
572000 2.287739e-21 -2.938293e-22 2.389783e-17 3.314005e+02
573000 7.510533e-22 -5.885441e-23 2.390350e-17 1.087971e+02
574000 5.812547e-21 -3.187521e-21 2.394028e-17 8.420021e+02
575000 8.876954e-22 -3.779114e-21 2.396643e-17 1.285910e+02
576000 6.088825e-21 -1.692526e-21 2.401659e-17 8.820236e+02
577000 3.016885e-22 -1.842071e-21 2.400381e-17 4.370241e+01
578000 2.644412e-22 -1.981714e-21 2.405493e-17 3.830680e+01
579000 1.048177e-21 -1.333181e-21 2.408905e-17 1.518383e+02
580000 3.601347e-22 -1.388821e-21 2.408611e-17 5.216890e+01
581000 4.558628e-21 -1.407442e-21 2.414772e-17 6.603601e+02
582000 3.226830e-21 -6.252967e-22 2.424809e-17 4.674367e+02
583000 1.339152e-22 -2.470222e-20 2.429020e-17 1.939887e+01
584000 5.416260e-21 -3.803839e-20 2.429043e-17 7.845963e+02
585000 5.869540e-21 -3.279102e-20 2.448617e-17 8.502581e+02
586000 1.597449e-21 -3.326647e-20 2.447052e-17 2.314056e+02
587000 2.619584e-21 -3.497414e-20 2.453549e-17 3.794714e+02
588000 2.021647e-21 -3.363941e-20 2.459799e-17 2.928546e+02
589000 3.082124e-22 -3.986674e-20 2.468563e-17 4.464747e+01
590000 3.083628e-22 -4.062566e-20 2.476610e-17 4.466926e+01
591000 1.778637e-23 -4.053141e-20 2.476528e-17 2.576523e+00
592000 7.837121e-22 -4.055864e-20 2.476268e-17 1.135281e+02
593000 3.118536e-21 -4.052891e-20 2.476877e-17 4.517493e+02
594000 4.765729e-21 -3.852137e-20 2.476379e-17 6.903607e+02
595000 2.557498e-21 -3.975963e-20 2.486415e-17 3.704777e+02
596000 1.181976e-21 -2.494621e-20 2.492622e-17 1.712204e+02
597000 1.069223e-21 -2.831570e-20 2.491037e-17 1.548869e+02
598000 3.466972e-21 -2.963646e-20 2.505830e-17 5.022236e+02
599000 1.213027e-21 -3.052361e-20 2.503398e-17 1.757184e+02
600000 1.062058e-20 -3.027891e-20 2.510175e-17 1.538492e+03
601000 1.488149e-20 -3.084407e-20 2.515785e-17 2.155724e+03
602000 5.489958e-21 -2.666040e-20 2.516707e-17 7.952720e+02
603000 1.898823e-21 -2.733802e-20 2.515622e-17 2.750623e+02
604000 3.915964e-22 -2.707920e-20 2.515274e-17 5.672642e+01
605000 1.669251e-21 -2.643185e-20 2.525443e-17 2.418067e+02
606000 1.116527e-22 -3.716583e-20 2.528402e-17 1.617394e+01
607000 5.569797e-21 -3.530153e-20 2.531238e-17 8.068375e+02
608000 5.297756e-21 -3.563734e-20 2.537022e-17 7.674298e+02
609000 4.118055e-21 -3.688805e-20 2.546233e-17 5.965390e+02
610000 1.364621e-20 -3.730576e-20 2.556185e-17 1.976782e+03
611000 3.686158e-22 -2.227615e-20 2.553546e-17 5.339747e+01
612000 2.907546e-21 -3.331105e-20 2.561563e-17 4.211855e+02
613000 1.302248e-22 -3.310725e-20 2.560991e-17 1.886429e+01
614000 6.574139e-22 -3.301796e-20 2.569850e-17 9.523259e+01
615000 4.114903e-21 -2.659125e-20 2.574254e-17 5.960825e+02
616000 5.361831e-21 -2.252933e-20 2.582070e-17 7.767117e+02
617000 9.536189e-22 -2.458869e-20 2.593935e-17 1.381407e+02
618000 5.085312e-22 -3.893516e-20 2.600823e-17 7.366553e+01
619000 9.448503e-22 -4.028567e-20 2.604727e-17 1.368705e+02
620000 3.651300e-21 -4.038558e-20 2.611362e-17 5.289251e+02
621000 1.681055e-20 -8.821335e-21 2.617036e-17 2.435167e+03
622000 8.802978e-22 -2.956250e-20 2.619375e-17 1.275194e+02
623000 1.711687e-22 -3.307511e-20 2.623300e-17 2.479539e+01
624000 4.094631e-21 -1.929827e-20 2.631174e-17 5.931459e+02
625000 6.592504e-21 9.377777e-21 2.641616e-17 9.549862e+02
626000 7.221942e-21 -1.203858e-20 2.640917e-17 1.046166e+03
627000 5.743616e-21 -2.935263e-20 2.660035e-17 8.320168e+02
628000 1.396700e-21 -2.518211e-20 2.668744e-17 2.023252e+02
629000 2.188495e-21 -2.349135e-20 2.674120e-17 3.170241e+02
630000 9.331739e-24 -2.388736e-20 2.678178e-17 1.351790e+00
631000 4.743524e-21 -2.306230e-20 2.677964e-17 6.871441e+02
632000 5.026891e-21 -2.320370e-20 2.690111e-17 7.281924e+02
633000 5.360131e-21 -2.923664e-20 2.695297e-17 7.764654e+02
634000 2.993289e-22 -1.198266e-20 2.700281e-17 4.336062e+01
635000 4.332536e-24 4.958452e-22 2.704377e-17 6.276086e-01
636000 1.427407e-21 -3.672980e-21 2.704729e-17 2.067734e+02
637000 5.029499e-22 -7.046886e-21 2.704876e-17 7.285703e+01
638000 1.792035e-24 -6.226914e-21 2.709399e-17 2.595931e-01
639000 6.602118e-22 -8.376119e-21 2.709343e-17 9.563789e+01
640000 1.434781e-21 2.443142e-21 2.712764e-17 2.078416e+02
641000 2.058919e-22 1.715657e-20 2.725812e-17 2.982538e+01
642000 3.099705e-22 1.642063e-20 2.725919e-17 4.490214e+01
643000 3.979898e-21 1.989665e-20 2.726388e-17 5.765257e+02
644000 3.827891e-21 3.576869e-20 2.727960e-17 5.545060e+02
645000 2.114223e-24 2.084831e-20 2.726085e-17 3.062651e-01
646000 8.945324e-23 1.186420e-20 2.730173e-17 1.295814e+01
647000 3.482959e-23 3.070564e-20 2.731074e-17 5.045394e+00
648000 2.019612e-21 1.835671e-20 2.734413e-17 2.925598e+02
649000 1.095607e-21 2.004563e-20 2.742560e-17 1.587091e+02
650000 3.373625e-21 2.596501e-20 2.751161e-17 4.887014e+02
651000 9.177851e-21 -4.011466e-20 2.754647e-17 1.329498e+03
652000 3.410159e-22 -4.046271e-20 2.759547e-17 4.939936e+01
653000 7.922123e-22 -3.267055e-20 2.761666e-17 1.147594e+02
654000 7.673838e-22 -3.757910e-20 2.764208e-17 1.111628e+02
655000 1.753453e-21 -3.729970e-20 2.764742e-17 2.540042e+02
656000 1.799299e-23 -3.505645e-20 2.774793e-17 2.606454e+00
657000 1.970465e-21 -3.991912e-20 2.779212e-17 2.854403e+02
658000 3.971708e-21 -3.561332e-20 2.780241e-17 5.753393e+02
659000 1.714353e-21 -4.060170e-20 2.780373e-17 2.483401e+02
660000 1.309153e-22 -4.057552e-20 2.780111e-17 1.896432e+01
661000 9.242787e-21 -4.096542e-20 2.791135e-17 1.338905e+03
662000 3.283341e-21 -8.184740e-21 2.792909e-17 4.756228e+02
663000 2.866575e-21 -7.541264e-21 2.793655e-17 4.152504e+02
664000 9.330515e-22 -8.950408e-21 2.793494e-17 1.351613e+02
665000 4.515356e-22 -1.493929e-20 2.801458e-17 6.540917e+01
666000 1.499223e-21 -1.831287e-20 2.801894e-17 2.171765e+02
667000 1.291431e-21 -1.772979e-20 2.801038e-17 1.870760e+02
668000 2.983479e-22 -1.415930e-20 2.801343e-17 4.321851e+01
669000 2.353047e-21 -1.501228e-20 2.805616e-17 3.408610e+02
670000 4.964213e-22 -2.120213e-20 2.813639e-17 7.191130e+01
671000 9.187596e-21 -2.175160e-20 2.819494e-17 1.330910e+03
672000 1.279381e-23 -1.793858e-20 2.820916e-17 1.853304e+00
673000 2.788519e-24 -1.620880e-20 2.829559e-17 4.039432e-01
674000 3.379557e-21 -1.590641e-20 2.839251e-17 4.895607e+02
675000 4.822440e-21 -1.293762e-20 2.848523e-17 6.985759e+02
676000 1.538947e-20 -1.297971e-20 2.849537e-17 2.229310e+03
677000 4.938424e-22 -1.303126e-20 2.848061e-17 7.153771e+01
678000 2.050106e-23 -1.152242e-20 2.853155e-17 2.969771e+00
679000 9.797577e-23 -1.273473e-20 2.853283e-17 1.419271e+01
680000 6.350358e-21 -1.168500e-20 2.854133e-17 9.199091e+02
681000 3.421409e-21 -1.265683e-20 2.853726e-17 4.956234e+02
682000 3.213418e-21 -1.109086e-20 2.862776e-17 4.654939e+02
683000 7.673129e-22 -1.030795e-20 2.859656e-17 1.111525e+02
684000 8.499301e-22 -1.046714e-20 2.865058e-17 1.231204e+02
685000 9.063734e-22 -1.083309e-20 2.866629e-17 1.312967e+02
686000 3.399817e-20 -1.333679e-20 2.878866e-17 4.924955e+03
687000 3.023045e-21 -1.121217e-20 2.878768e-17 4.379165e+02
688000 8.796298e-21 -1.065962e-20 2.878739e-17 1.274227e+03
689000 1.006575e-21 -9.062941e-21 2.879287e-17 1.458119e+02
690000 1.134980e-23 -8.304952e-21 2.877261e-17 1.644126e+00
691000 1.242794e-21 -9.402980e-21 2.882037e-17 1.800304e+02
692000 1.922553e-21 -4.305489e-21 2.894210e-17 2.784998e+02
693000 1.908670e-21 -1.121059e-20 2.906660e-17 2.764887e+02
694000 5.478100e-22 -1.049894e-20 2.915888e-17 7.935543e+01
695000 1.410306e-21 -9.448224e-21 2.914751e-17 2.042961e+02
696000 1.095027e-21 -1.041636e-20 2.920204e-17 1.586250e+02
697000 1.947371e-21 -2.132870e-20 2.918936e-17 2.820950e+02
698000 4.641484e-21 -2.164202e-20 2.918944e-17 6.723627e+02
699000 7.679853e-23 -2.240302e-20 2.919208e-17 1.112499e+01
700000 8.048715e-22 -2.372320e-20 2.924103e-17 1.165932e+02
701000 9.191811e-23 -3.841590e-20 2.933953e-17 1.331520e+01
702000 1.161043e-21 -3.862935e-20 2.933753e-17 1.681880e+02
703000 1.041572e-21 -3.949285e-20 2.934185e-17 1.508816e+02
704000 9.699110e-21 -3.961477e-20 2.940328e-17 1.405007e+03
705000 1.123545e-25 -2.862168e-20 2.942588e-17 1.627560e-02
706000 3.037214e-22 -2.721520e-20 2.950606e-17 4.399690e+01
707000 3.177377e-22 -2.454727e-20 2.956651e-17 4.602730e+01
708000 6.136406e-22 -2.558465e-20 2.957718e-17 8.889162e+01
709000 9.526660e-23 -3.126126e-20 2.958140e-17 1.380026e+01
710000 1.654450e-21 -3.233453e-20 2.959708e-17 2.396627e+02
711000 1.875636e-21 -3.000643e-20 2.959654e-17 2.717035e+02
712000 1.226919e-21 -3.278104e-20 2.959498e-17 1.777308e+02
713000 6.598388e-21 -3.860988e-20 2.962235e-17 9.558386e+02
714000 4.038551e-21 -3.856078e-20 2.961906e-17 5.850221e+02
715000 4.608506e-22 -3.240846e-20 2.975674e-17 6.675854e+01
716000 1.675781e-21 -3.396457e-20 2.979745e-17 2.427527e+02
717000 3.574500e-24 -3.195026e-20 2.983286e-17 5.177999e-01
718000 8.650645e-22 -3.145390e-20 2.983161e-17 1.253127e+02
719000 1.551589e-22 -3.289448e-20 2.992561e-17 2.247623e+01
720000 1.480196e-22 -1.875479e-20 2.991222e-17 2.144204e+01
721000 7.999104e-21 -2.188617e-20 2.996277e-17 1.158746e+03
722000 6.883852e-23 -2.191330e-20 2.999584e-17 9.971907e+00
723000 5.050882e-22 -2.184737e-20 2.999583e-17 7.316678e+01
724000 5.735853e-23 -2.367238e-21 3.006432e-17 8.308923e+00
725000 1.830616e-21 -2.496810e-21 3.006955e-17 2.651820e+02
726000 1.560780e-21 -2.615367e-22 3.013901e-17 2.260937e+02
727000 2.815881e-21 -3.329413e-23 3.017536e-17 4.079069e+02
728000 4.904161e-21 -1.770971e-23 3.023330e-17 7.104138e+02
729000 7.211140e-21 -1.196005e-22 3.027235e-17 1.044601e+03
730000 2.264686e-22 -6.706515e-24 3.027006e-17 3.280610e+01
731000 1.628081e-21 -8.982530e-22 3.034560e-17 2.358429e+02
732000 3.334342e-21 -1.094669e-21 3.045226e-17 4.830108e+02
733000 1.893355e-21 -1.679920e-21 3.047352e-17 2.742702e+02
734000 2.282258e-21 -1.763186e-21 3.046868e-17 3.306065e+02
735000 1.092563e-21 -1.723575e-21 3.046850e-17 1.582681e+02
736000 3.209050e-21 -1.697569e-21 3.047282e-17 4.648611e+02
737000 4.659101e-22 -1.773800e-21 3.046710e-17 6.749146e+01
738000 4.495202e-21 -3.739691e-23 3.052790e-17 6.511723e+02
739000 2.337777e-21 -2.228183e-22 3.061507e-17 3.386490e+02
740000 2.356079e-20 -1.405788e-21 3.070735e-17 3.413003e+03
741000 8.766290e-22 -4.324469e-22 3.068719e-17 1.269880e+02
742000 1.586165e-23 -4.112253e-22 3.068536e-17 2.297710e+00
743000 6.753558e-21 -1.484198e-21 3.078041e-17 9.783165e+02
744000 1.247040e-20 -1.504976e-22 3.083933e-17 1.806455e+03
745000 2.334461e-22 -4.522624e-21 3.086618e-17 3.381686e+01
746000 8.419603e-23 -8.580425e-21 3.091272e-17 1.219659e+01
747000 4.818355e-22 -6.483551e-21 3.094954e-17 6.979841e+01
748000 3.998957e-22 -8.501256e-21 3.099248e-17 5.792866e+01
749000 8.707893e-21 -6.177378e-21 3.110266e-17 1.261420e+03
750000 8.488251e-21 -4.657609e-21 3.111791e-17 1.229603e+03
751000 6.252104e-22 -4.374460e-21 3.110283e-17 9.056762e+01
752000 3.748550e-21 -4.792293e-21 3.115329e-17 5.430128e+02
753000 1.235269e-22 -2.017890e-20 3.135858e-17 1.789404e+01
754000 3.860640e-22 -1.802883e-20 3.136418e-17 5.592500e+01
755000 1.993295e-21 -1.864390e-20 3.135412e-17 2.887475e+02
756000 7.025894e-22 -1.865463e-20 3.135280e-17 1.017767e+02
757000 3.936156e-21 -1.957578e-20 3.141510e-17 5.701893e+02
758000 1.273187e-21 -2.022973e-20 3.140112e-17 1.844331e+02
759000 7.981436e-22 -2.019877e-20 3.139977e-17 1.156186e+02
760000 2.559289e-22 -1.747145e-20 3.140803e-17 3.707371e+01
761000 3.145892e-21 -2.077553e-20 3.144505e-17 4.557121e+02
762000 3.893766e-21 -1.990274e-20 3.144272e-17 5.640487e+02
763000 4.765114e-21 -1.649435e-20 3.154625e-17 6.902716e+02
764000 2.762196e-21 -2.467118e-20 3.153545e-17 4.001301e+02
765000 1.350143e-21 -3.003217e-20 3.157968e-17 1.955810e+02
766000 5.998284e-21 -3.623443e-20 3.172706e-17 8.689079e+02
767000 4.719489e-22 -3.430329e-20 3.170064e-17 6.836623e+01
768000 3.729155e-21 -3.031299e-20 3.175204e-17 5.402032e+02
769000 1.513890e-21 -3.170067e-20 3.178711e-17 2.193013e+02
770000 3.088555e-23 -5.990629e-21 3.190783e-17 4.474062e+00
771000 1.338984e-21 -1.888823e-20 3.199039e-17 1.939645e+02
772000 8.258785e-21 -1.225848e-20 3.206837e-17 1.196363e+03
773000 1.913774e-20 -2.252531e-20 3.211437e-17 2.772282e+03
774000 9.113149e-22 -2.309447e-20 3.214326e-17 1.320125e+02
775000 1.337652e-20 -1.293381e-20 3.225036e-17 1.937715e+03
776000 1.878227e-23 -6.068224e-21 3.222973e-17 2.720788e+00
777000 1.858060e-21 -1.491947e-21 3.224076e-17 2.691575e+02
778000 6.500835e-21 -2.792901e-20 3.227537e-17 9.417071e+02
779000 9.835102e-22 -2.971935e-20 3.225868e-17 1.424707e+02
780000 4.352469e-20 -4.092272e-20 3.234270e-17 6.304960e+03
781000 1.197096e-21 -3.713796e-20 3.230856e-17 1.734107e+02
782000 1.188877e-22 -3.944306e-20 3.230341e-17 1.722200e+01
783000 6.121223e-23 -3.934212e-20 3.230376e-17 8.867167e+00
784000 4.587460e-22 -3.732377e-20 3.239203e-17 6.645367e+01
785000 7.776919e-22 -3.725933e-20 3.238888e-17 1.126560e+02
786000 1.635226e-21 -3.525904e-20 3.238480e-17 2.368778e+02
787000 3.965607e-24 -3.539898e-20 3.238026e-17 5.744554e-01
788000 2.514068e-21 -3.584807e-20 3.238992e-17 3.641864e+02
789000 2.986977e-21 -3.529739e-20 3.238476e-17 4.326917e+02
790000 4.555142e-23 -3.542949e-20 3.238034e-17 6.598553e+00
791000 1.654579e-21 -3.728742e-20 3.243111e-17 2.396813e+02
792000 2.955025e-21 -3.572744e-20 3.247180e-17 4.280632e+02
793000 4.863433e-22 -3.600596e-20 3.247208e-17 7.045141e+01
794000 8.676227e-22 -3.581152e-20 3.246941e-17 1.256833e+02
795000 1.465290e-20 -4.027054e-20 3.260510e-17 2.122611e+03
796000 3.501023e-23 -3.963338e-20 3.267842e-17 5.071562e+00
797000 8.803333e-22 -4.048067e-20 3.273288e-17 1.275246e+02
798000 2.054156e-21 -4.076436e-20 3.277266e-17 2.975638e+02
799000 2.499329e-21 -1.985150e-20 3.279901e-17 3.620513e+02
800000 2.943024e-21 -1.946089e-20 3.279557e-17 4.263247e+02
801000 1.742899e-20 -3.625583e-20 3.285819e-17 2.524753e+03
802000 2.217573e-22 -3.754685e-20 3.292572e-17 3.212363e+01
803000 7.377764e-22 -3.183465e-20 3.296313e-17 1.068738e+02
804000 4.461734e-22 -2.957333e-20 3.295664e-17 6.463242e+01
805000 1.247972e-22 -2.922865e-20 3.305418e-17 1.807806e+01
806000 7.831878e-21 -2.823280e-20 3.313531e-17 1.134521e+03
807000 1.163764e-21 -2.806304e-20 3.318824e-17 1.685822e+02
808000 2.172274e-22 -2.004728e-20 3.319778e-17 3.146743e+01
809000 2.856584e-22 -2.158237e-20 3.331483e-17 4.138030e+01
810000 7.875203e-21 -2.226580e-20 3.330655e-17 1.140797e+03
811000 2.484612e-22 -2.107343e-20 3.332991e-17 3.599194e+01
812000 7.984244e-21 -2.040524e-20 3.343285e-17 1.156593e+03
813000 2.857662e-22 -1.212309e-20 3.343607e-17 4.139593e+01
814000 2.559067e-21 -1.174484e-20 3.344517e-17 3.707050e+02
815000 3.952732e-22 -8.053063e-21 3.347703e-17 5.725904e+01
816000 1.379718e-22 -8.525530e-21 3.347226e-17 1.998652e+01
817000 2.109130e-22 -8.363720e-21 3.347271e-17 3.055274e+01
818000 1.083940e-20 -9.716153e-21 3.358459e-17 1.570189e+03
819000 2.663671e-21 -1.294365e-20 3.359818e-17 3.858578e+02
820000 5.860762e-21 -1.445358e-20 3.369599e-17 8.489865e+02
821000 2.679479e-22 -5.595238e-21 3.368103e-17 3.881477e+01
822000 8.162460e-21 -4.374405e-21 3.368863e-17 1.182409e+03
823000 3.111580e-21 -3.857176e-21 3.377364e-17 4.507417e+02
824000 1.241138e-21 -3.446313e-21 3.376240e-17 1.797905e+02
825000 5.358266e-21 -3.362679e-21 3.376492e-17 7.761953e+02
826000 7.445129e-22 -3.524972e-21 3.381608e-17 1.078497e+02
827000 2.560602e-20 -4.923305e-21 3.387559e-17 3.709273e+03
828000 9.705835e-23 -3.836345e-21 3.389092e-17 1.405982e+01
829000 8.911410e-21 -6.505107e-21 3.393163e-17 1.290902e+03
830000 4.907980e-22 -3.653379e-20 3.400518e-17 7.109671e+01
831000 2.047532e-21 -3.631907e-20 3.400077e-17 2.966042e+02
832000 2.387096e-22 -3.627673e-20 3.399837e-17 3.457933e+01
833000 1.998060e-21 -3.621111e-20 3.400005e-17 2.894378e+02
834000 3.176215e-22 -3.597321e-20 3.400395e-17 4.601047e+01
835000 7.975220e-22 -3.595012e-20 3.404516e-17 1.155286e+02
836000 2.128096e-21 -3.513531e-20 3.409030e-17 3.082748e+02
837000 2.464147e-22 -3.034752e-20 3.412408e-17 3.569549e+01
838000 5.799949e-23 -3.781323e-20 3.412203e-17 8.401772e+00
839000 4.215258e-22 4.334625e-20 3.420377e-17 6.106197e+01
840000 1.064844e-21 4.061452e-20 3.424171e-17 1.542526e+02
841000 3.327685e-21 4.147677e-20 3.424481e-17 4.820464e+02
842000 1.107772e-21 5.306607e-20 3.429419e-17 1.604713e+02
843000 4.764457e-21 5.976169e-20 3.434454e-17 6.901765e+02
844000 1.080016e-22 1.371016e-20 3.441270e-17 1.564505e+01
845000 1.075882e-22 -1.880969e-21 3.444070e-17 1.558517e+01
846000 2.791522e-22 -6.694680e-21 3.443520e-17 4.043782e+01
847000 1.299691e-20 -1.008557e-21 3.445837e-17 1.882725e+03
848000 2.227638e-21 -3.723791e-20 3.443248e-17 3.226943e+02
849000 4.963565e-22 -3.748145e-20 3.442738e-17 7.190191e+01
850000 2.952710e-21 -3.801168e-20 3.444053e-17 4.277279e+02
851000 2.092124e-21 -2.809915e-20 3.452869e-17 3.030638e+02
852000 4.414700e-22 -4.088056e-20 3.452761e-17 6.395109e+01
853000 1.791930e-21 -4.109983e-20 3.468668e-17 2.595780e+02
854000 3.780186e-22 -4.099648e-20 3.476056e-17 5.475955e+01
855000 3.292818e-23 -4.104010e-20 3.475878e-17 4.769956e+00
856000 4.764177e-21 -3.358251e-20 3.485742e-17 6.901359e+02
857000 5.195840e-22 -2.997398e-20 3.485807e-17 7.526663e+01
858000 4.372536e-22 -3.003060e-20 3.491787e-17 6.334030e+01
859000 6.982360e-21 -2.957077e-20 3.496693e-17 1.011461e+03
860000 6.343263e-21 -2.383623e-20 3.501345e-17 9.188813e+02
861000 4.099290e-23 -5.454540e-21 3.511330e-17 5.938207e+00
862000 1.045134e-21 -1.860062e-20 3.521220e-17 1.513975e+02
863000 2.123213e-20 -2.926572e-20 3.528065e-17 3.075674e+03
864000 1.702866e-21 -2.112798e-20 3.529418e-17 2.466761e+02
865000 2.610618e-21 -3.154190e-20 3.536816e-17 3.781726e+02
866000 3.309141e-22 -2.046548e-20 3.541001e-17 4.793602e+01
867000 1.135562e-21 -7.593779e-21 3.542063e-17 1.644969e+02
868000 1.053720e-21 -1.907983e-20 3.541351e-17 1.526412e+02
869000 5.877688e-22 -2.745439e-20 3.544766e-17 8.514384e+01
870000 1.154961e-21 -3.790333e-20 3.552609e-17 1.673070e+02
871000 3.308798e-22 -3.795876e-20 3.552689e-17 4.793105e+01
872000 7.605428e-21 -3.945284e-20 3.552217e-17 1.101718e+03
873000 1.878335e-21 -3.640002e-20 3.560129e-17 2.720946e+02
874000 1.142270e-23 -2.987702e-20 3.575135e-17 1.654686e+00
875000 9.804945e-22 -3.453669e-20 3.573115e-17 1.420339e+02
876000 2.981052e-22 -3.192835e-20 3.580015e-17 4.318334e+01
877000 1.961177e-22 -3.188063e-20 3.586054e-17 2.840950e+01
878000 2.143474e-21 -3.045150e-20 3.590446e-17 3.105024e+02
879000 5.601720e-21 -4.020120e-20 3.594229e-17 8.114619e+02
