step K U E temp
0 1.282867e-21 -2.420609e-20 -2.292323e-20 1.858353e+02
1000 3.597208e-22 -3.552712e-20 -3.516740e-20 5.210894e+01
2000 4.203540e-21 -3.692591e-20 -3.272237e-20 6.089224e+02
3000 8.270255e-23 -4.104726e-20 -4.096456e-20 1.198024e+01
4000 1.329859e-21 -3.945973e-20 -3.812987e-20 1.926426e+02
5000 1.992514e-23 -4.050516e-20 1.095148e-19 2.886344e+00
6000 3.033508e-23 -3.885225e-20 6.117809e-20 4.394322e+00
7000 5.557193e-23 -3.843826e-20 6.161731e-20 8.050118e+00
8000 6.388540e-25 -3.714741e-20 6.285323e-20 9.254402e-02
9000 1.176062e-21 -3.650570e-20 6.467036e-20 1.703636e+02
10000 5.389597e-22 -3.741639e-20 2.131226e-19 7.807338e+01
11000 3.474478e-23 -2.446852e-20 1.755662e-19 5.033109e+00
12000 4.184340e-22 -3.681334e-20 1.696076e-19 6.061411e+01
13000 3.874513e-23 -3.079912e-20 1.692396e-19 5.612597e+00
14000 7.895216e-23 -3.125119e-20 1.688278e-19 1.143696e+01
15000 2.447005e-21 -3.468987e-20 3.177571e-19 3.544718e+02
16000 4.444757e-21 -3.927078e-20 2.651740e-19 6.438649e+02
17000 3.487743e-22 -3.858243e-20 2.617676e-19 5.052324e+01
18000 5.422669e-22 -3.991432e-20 2.606291e-19 7.855246e+01
19000 1.173858e-21 -3.888041e-20 2.622934e-19 1.700443e+02
20000 1.004255e-21 -3.873984e-20 4.122645e-19 1.454758e+02
21000 3.859285e-21 -3.802747e-20 3.700086e-19 5.590537e+02
22000 5.666126e-22 -3.793162e-20 3.708034e-19 8.207917e+01
23000 1.791569e-22 -3.996702e-20 3.602175e-19 2.595256e+01
24000 2.069318e-22 -4.021413e-20 3.622455e-19 2.997602e+01
25000 3.039102e-22 -3.996628e-20 5.103428e-19 4.402425e+01
26000 7.906753e-22 -3.633103e-20 4.645398e-19 1.145368e+02
27000 5.500260e-21 -3.573798e-20 4.705686e-19 7.967644e+02
28000 2.543253e-22 -3.549529e-20 4.693914e-19 3.684142e+01
29000 7.164047e-21 -3.577464e-20 4.719807e-19 1.037780e+03
30000 1.997921e-23 -3.604334e-20 6.140201e-19 2.894177e+00
31000 1.276317e-22 -2.934415e-20 5.707835e-19 1.848866e+01
32000 1.333577e-21 -2.679750e-20 5.745361e-19 1.931812e+02
33000 2.959612e-22 -3.277019e-20 5.675269e-19 4.287276e+01
34000 4.025132e-21 -2.829199e-20 5.757331e-19 5.830782e+02
35000 5.139424e-21 -2.925027e-20 7.258892e-19 7.444940e+02
36000 7.241729e-21 -3.799086e-20 6.746054e-19 1.049033e+03
37000 1.668368e-22 -3.816248e-20 6.652605e-19 2.416789e+01
38000 3.244133e-21 -3.815585e-20 6.682656e-19 4.699433e+02
39000 1.478047e-21 -3.798914e-20 6.689093e-19 2.141091e+02
40000 3.744856e-22 -3.821581e-20 8.165492e-19 5.424776e+01
41000 2.326558e-21 -3.140513e-20 7.709298e-19 3.370238e+02
42000 1.532688e-20 -3.241840e-20 7.829085e-19 2.220243e+03
43000 3.206229e-21 -3.182459e-20 7.713818e-19 4.644525e+02
44000 3.463259e-21 -3.325099e-20 7.703084e-19 5.016856e+02
45000 4.987235e-22 -3.350920e-20 9.176708e-19 7.224479e+01
46000 1.764555e-22 -3.107625e-20 8.692091e-19 2.556124e+01
47000 7.537346e-22 -3.065773e-20 8.715200e-19 1.091856e+02
48000 4.728050e-21 -3.180677e-20 8.729585e-19 6.849026e+02
49000 7.111107e-22 -3.064657e-20 8.715740e-19 1.030111e+02
50000 9.478583e-21 -3.092115e-20 1.028866e-18 1.373062e+03
51000 6.481607e-23 -2.321592e-20 9.768489e-19 9.389218e+00
52000 2.311736e-23 -2.630440e-20 9.737189e-19 3.348767e+00
53000 3.144356e-22 -2.706501e-20 9.732866e-19 4.554896e+01
54000 4.179995e-22 -2.704665e-20 9.734045e-19 6.055116e+01
55000 4.702855e-23 -2.679888e-20 1.123255e-18 6.812528e+00
56000 8.337435e-23 -3.666183e-20 1.073367e-18 1.207756e+01
57000 8.928830e-23 -3.668824e-20 1.072579e-18 1.293425e+01
58000 2.428515e-21 -3.690474e-20 1.077473e-18 3.517932e+02
59000 1.364106e-21 -3.670830e-20 1.073406e-18 1.976035e+02
60000 1.489318e-22 -3.690488e-20 1.225200e-18 2.157417e+01
61000 9.088262e-22 -2.453469e-20 1.176468e-18 1.316520e+02
62000 2.716235e-22 -1.857137e-20 1.181700e-18 3.934721e+01
63000 3.462594e-21 -2.428002e-20 1.179205e-18 5.015893e+02
64000 1.644725e-21 -2.388319e-20 1.177763e-18 2.382538e+02
65000 1.157978e-21 -2.212246e-20 1.329036e-18 1.677440e+02
66000 2.886884e-21 -1.956496e-20 1.283477e-18 4.181924e+02
67000 2.795487e-22 -1.942475e-20 1.280938e-18 4.049526e+01
68000 2.379716e-21 -1.755683e-20 1.284823e-18 3.447243e+02
69000 5.468421e-27 -1.476497e-20 1.285235e-18 7.921522e-04
70000 5.430158e-21 -2.036697e-20 1.438145e-18 7.866095e+02
71000 2.386828e-21 -1.864521e-20 1.388181e-18 3.457545e+02
72000 5.170063e-25 -1.457016e-20 1.385430e-18 7.489323e-02
73000 1.509605e-23 -1.678293e-20 1.383234e-18 2.186805e+00
74000 8.240819e-22 -1.645639e-20 1.384368e-18 1.193760e+02
75000 9.690880e-23 -1.452550e-20 1.535571e-18 1.403815e+01
76000 6.077302e-21 -4.101829e-20 1.465059e-18 8.803543e+02
77000 1.263268e-22 -4.095311e-20 1.459173e-18 1.829963e+01
78000 2.872194e-21 -3.496670e-20 1.467905e-18 4.160643e+02
79000 6.879298e-22 -4.081909e-20 1.459869e-18 9.965311e+01
80000 8.102732e-23 -3.568798e-20 1.614393e-18 1.173757e+01
81000 7.075800e-21 -4.081539e-20 1.566260e-18 1.024996e+03
82000 1.268261e-23 -4.092326e-20 1.559089e-18 1.837196e+00
83000 3.400692e-22 -3.973532e-20 1.560605e-18 4.926223e+01
84000 1.413009e-26 -4.103321e-20 1.558967e-18 2.046876e-03
85000 1.669163e-21 -3.808042e-20 1.713589e-18 2.417940e+02
86000 3.090754e-22 -3.754146e-20 1.663942e-18 4.477248e+01
87000 9.976540e-21 -3.767620e-20 1.678159e-18 1.445196e+03
88000 1.868567e-21 -3.713337e-20 1.664736e-18 2.706795e+02
89000 1.103664e-21 -3.760253e-20 1.666065e-18 1.598761e+02
90000 1.658960e-21 -3.754995e-20 1.815425e-18 2.403160e+02
91000 9.721970e-21 -3.683555e-20 1.773045e-18 1.408319e+03
92000 5.007166e-22 -3.672727e-20 1.763801e-18 7.253352e+01
93000 5.658493e-22 -3.699737e-20 1.765084e-18 8.196859e+01
94000 4.222557e-21 -3.635015e-20 1.768742e-18 6.116771e+02
95000 1.031607e-20 -3.657736e-20 1.923770e-18 1.494380e+03
96000 2.190178e-21 -3.692953e-20 1.879700e-18 3.172678e+02
97000 1.793635e-20 -3.713349e-20 1.889385e-18 2.598250e+03
98000 8.859751e-23 -3.707988e-20 1.870422e-18 1.283418e+01
99000 2.658765e-21 -3.728521e-20 1.887506e-18 3.851471e+02
100000 5.980152e-21 -3.710009e-20 2.026502e-18 8.662813e+02
101000 4.650857e-21 -4.048787e-20 1.964163e-18 6.737204e+02
102000 2.051219e-21 -3.990882e-20 1.962142e-18 2.971384e+02
103000 1.106131e-21 -4.021081e-20 1.960895e-18 1.602335e+02
104000 2.678205e-21 -4.106819e-20 1.961610e-18 3.879633e+02
105000 5.927004e-22 -4.069956e-20 2.109893e-18 8.585823e+01
106000 5.156564e-21 -3.992573e-20 2.065231e-18 7.469768e+02
107000 1.937638e-21 -3.957968e-20 2.062358e-18 2.806851e+02
108000 7.277714e-23 -3.917581e-20 2.060897e-18 1.054245e+01
109000 4.811928e-22 -4.004666e-20 2.060435e-18 6.970530e+01
110000 1.643703e-21 -3.966223e-20 2.211981e-18 2.381059e+02
111000 6.179768e-22 -3.853144e-20 2.164578e-18 8.951975e+01
112000 2.979058e-24 -3.855595e-20 2.163207e-18 4.315445e-01
113000 9.968474e-22 -3.914354e-20 2.161967e-18 1.444027e+02
114000 7.464537e-25 -3.877142e-20 2.161263e-18 1.081308e-01
115000 1.025420e-20 -3.882840e-20 2.321435e-18 1.485417e+03
116000 1.591870e-21 -4.045158e-20 2.261990e-18 2.305973e+02
117000 6.734177e-22 -4.021628e-20 2.260460e-18 9.755089e+01
118000 2.979135e-23 -4.036035e-20 2.259710e-18 4.315557e+00
119000 3.103337e-22 -4.046919e-20 2.261252e-18 4.495475e+01
120000 2.808841e-22 -4.041259e-20 2.410120e-18 4.068870e+01
121000 1.263263e-21 -4.107540e-20 2.360188e-18 1.829955e+02
122000 3.521785e-22 -4.108891e-20 2.359263e-18 5.101636e+01
123000 3.785285e-23 -4.107866e-20 2.358959e-18 5.483342e+00
124000 8.914013e-22 -4.098104e-20 2.359911e-18 1.291279e+02
125000 6.725100e-25 -4.094656e-20 2.509054e-18 9.741940e-02
126000 2.115911e-23 -4.078819e-20 2.461721e-18 3.065097e+00
127000 9.204801e-22 -4.079233e-20 2.462878e-18 1.333402e+02
128000 4.652289e-21 -4.069558e-20 2.470735e-18 6.739278e+02
129000 4.643296e-21 -4.079881e-20 2.467106e-18 6.726251e+02
130000 1.777114e-22 -4.077442e-20 2.611334e-18 2.574317e+01
131000 3.412537e-21 -4.107464e-20 2.562429e-18 4.943380e+02
132000 1.445889e-21 -4.089418e-20 2.561254e-18 2.094507e+02
133000 5.229487e-21 -4.108277e-20 2.564147e-18 7.575405e+02
134000 1.297721e-21 -4.097657e-20 2.560323e-18 1.879871e+02
135000 1.004420e-20 -4.109806e-20 2.718946e-18 1.454997e+03
136000 4.882747e-21 -4.022461e-20 2.674747e-18 7.073118e+02
137000 7.358051e-22 -4.015338e-20 2.663283e-18 1.065883e+02
138000 1.906797e-21 -3.988834e-20 2.673950e-18 2.762175e+02
139000 6.933026e-23 -4.012152e-20 2.661348e-18 1.004314e+01
140000 5.151620e-23 -4.011316e-20 2.811126e-18 7.462606e+00
141000 1.407466e-21 -3.921308e-20 2.765725e-18 2.038847e+02
142000 9.565046e-22 -3.933380e-20 2.765847e-18 1.385587e+02
143000 2.043737e-22 -3.911178e-20 2.772460e-18 2.960546e+01
144000 3.118744e-23 -3.933763e-20 2.765118e-18 4.517795e+00
145000 2.253857e-21 -3.936660e-20 2.919242e-18 3.264924e+02
146000 7.906334e-22 -3.514335e-20 2.869639e-18 1.145307e+02
147000 1.313209e-21 -3.329022e-20 2.868023e-18 1.902307e+02
148000 4.574944e-21 -3.051755e-20 2.874057e-18 6.627236e+02
149000 5.353929e-24 -2.322087e-20 2.876784e-18 7.755670e-01
150000 2.102067e-21 -3.470334e-20 3.017415e-18 3.045041e+02
151000 2.770557e-22 -3.167138e-20 2.968606e-18 4.013413e+01
152000 2.268244e-22 -3.235525e-20 2.967872e-18 3.285765e+01
153000 1.983504e-21 -2.610535e-20 2.975878e-18 2.873292e+02
154000 7.860079e-21 -3.309317e-20 2.974767e-18 1.138606e+03
155000 4.920482e-23 -3.401328e-20 3.117385e-18 7.127781e+00
156000 3.898249e-23 -3.149349e-20 3.068545e-18 5.646981e+00
157000 4.137003e-21 -3.221729e-20 3.071920e-18 5.992838e+02
158000 1.310072e-21 -2.355172e-20 3.077758e-18 1.897762e+02
159000 3.068616e-22 -2.183073e-20 3.078476e-18 4.445179e+01
160000 9.923608e-21 -2.992868e-20 3.229995e-18 1.437528e+03
161000 2.917002e-21 -2.191504e-20 3.181002e-18 4.225552e+02
162000 2.481095e-21 -2.675010e-20 3.175731e-18 3.594099e+02
163000 6.832332e-22 -2.856321e-20 3.172122e-18 9.897276e+01
164000 1.123562e-21 -2.839770e-20 3.172726e-18 1.627586e+02
165000 5.629134e-21 -2.760866e-20 3.328020e-18 8.154331e+02
166000 2.216276e-21 -2.912268e-20 3.274409e-18 3.210484e+02
167000 1.406772e-21 -2.882979e-20 3.272654e-18 2.037842e+02
168000 1.046553e-20 -2.849434e-20 3.282730e-18 1.516031e+03
169000 2.657618e-23 -2.873505e-20 3.271365e-18 3.849810e+00
170000 4.594743e-23 -2.869946e-20 3.421443e-18 6.655917e+00
171000 8.247558e-22 -3.158701e-20 3.369238e-18 1.194736e+02
172000 4.911797e-21 -3.306585e-20 3.371935e-18 7.115201e+02
173000 1.387936e-20 -3.284792e-20 3.381035e-18 2.010556e+03
174000 2.105501e-23 -3.241545e-20 3.367606e-18 3.050016e+00
175000 1.734977e-21 -3.311601e-20 3.518789e-18 2.513277e+02
176000 1.117075e-21 -3.183190e-20 3.469286e-18 1.618189e+02
177000 3.065645e-22 -3.147921e-20 3.468827e-18 4.440875e+01
178000 5.247932e-22 -3.174506e-20 3.468780e-18 7.602123e+01
179000 2.280833e-23 -3.180618e-20 3.468217e-18 3.304002e+00
180000 2.296768e-21 -3.136831e-20 3.620929e-18 3.327085e+02
181000 4.914841e-24 -3.070057e-20 3.574369e-18 7.119610e-01
182000 7.001081e-21 -3.055797e-20 3.582540e-18 1.014172e+03
183000 4.955633e-21 -3.062435e-20 3.579225e-18 7.178701e+02
184000 2.741397e-21 -3.073026e-20 3.577594e-18 3.971172e+02
185000 3.823886e-23 -3.044062e-20 3.730978e-18 5.539258e+00
186000 6.171297e-21 -4.020108e-20 3.679672e-18 8.939704e+02
187000 2.162230e-21 -4.022341e-20 3.673424e-18 3.132194e+02
188000 4.776206e-22 -4.024367e-20 3.670593e-18 6.918784e+01
189000 2.705951e-21 -4.027451e-20 3.672830e-18 3.919825e+02
190000 1.303120e-21 -4.028436e-20 3.821895e-18 1.887692e+02
191000 5.981395e-23 -3.945361e-20 3.761061e-18 8.664613e+00
192000 1.160353e-20 -3.940257e-20 3.772569e-18 1.680881e+03
193000 3.641590e-21 -3.916983e-20 3.770361e-18 5.275185e+02
194000 6.901057e-22 -3.929304e-20 3.762695e-18 9.996830e+01
195000 5.345587e-21 -3.977265e-20 3.938310e-18 7.743586e+02
196000 7.999108e-26 -3.930568e-20 3.863180e-18 1.158746e-02
197000 4.354735e-22 -3.930784e-20 3.863624e-18 6.308243e+01
198000 5.112573e-26 -3.940490e-20 3.866009e-18 7.406043e-03
199000 2.494328e-22 -3.917576e-20 3.866786e-18 3.613269e+01
200000 1.050144e-21 -3.931600e-20 4.014291e-18 1.521232e+02
201000 3.498051e-21 -3.827516e-20 4.020557e-18 5.067256e+02
202000 4.702009e-22 -1.742762e-20 3.983259e-18 6.811302e+01
203000 2.301984e-21 -1.755652e-20 3.984935e-18 3.334640e+02
204000 4.022075e-21 -1.781066e-20 3.986512e-18 5.826354e+02
205000 1.950859e-22 -1.584432e-20 4.150374e-18 2.826003e+01
206000 6.713289e-22 -3.027823e-20 4.100745e-18 9.724830e+01
207000 1.242459e-21 -3.508698e-20 4.096099e-18 1.799819e+02
208000 7.592520e-22 -3.224698e-20 4.070479e-18 1.099848e+02
209000 7.430358e-22 -3.233062e-20 4.070479e-18 1.076357e+02
210000 1.908925e-21 -3.245477e-20 4.222530e-18 2.765257e+02
211000 4.810090e-21 -2.818106e-20 4.188103e-18 6.967868e+02
212000 6.936719e-22 -2.807448e-20 4.183277e-18 1.004849e+02
213000 8.287577e-24 -2.821184e-20 4.183739e-18 1.200534e+00
214000 1.967480e-21 -2.806191e-20 4.184550e-18 2.850081e+02
215000 6.897681e-21 -2.841962e-20 4.346162e-18 9.991940e+02
216000 1.357661e-21 -1.730219e-20 4.295653e-18 1.966700e+02
217000 2.294134e-21 -1.785289e-20 4.287640e-18 3.323269e+02
218000 7.175403e-23 -1.898191e-20 4.291416e-18 1.039425e+01
219000 1.589073e-22 -1.774665e-20 4.286523e-18 2.301922e+01
220000 1.332982e-22 -1.785356e-20 4.435474e-18 1.930950e+01
221000 2.546557e-21 -2.369037e-20 4.383091e-18 3.688928e+02
222000 6.919445e-22 -2.412397e-20 4.377419e-18 1.002347e+02
223000 1.504326e-20 -2.464316e-20 4.390634e-18 2.179158e+03
224000 4.561506e-22 -2.532483e-20 4.378360e-18 6.607770e+01
225000 1.225327e-21 -2.413364e-20 4.527910e-18 1.775001e+02
226000 9.910850e-22 -2.542282e-20 4.487592e-18 1.435680e+02
227000 3.335257e-21 -2.559428e-20 4.489901e-18 4.831434e+02
228000 2.883480e-21 -1.966404e-20 4.520291e-18 4.176992e+02
229000 2.347714e-22 -2.545368e-20 4.486628e-18 3.400884e+01
230000 2.555399e-21 -2.577126e-20 4.641919e-18 3.701736e+02
231000 1.347998e-21 -2.352289e-20 4.618608e-18 1.952702e+02
232000 1.896885e-21 -3.918393e-20 4.607450e-18 2.747817e+02
233000 3.741135e-22 -4.108130e-20 4.576604e-18 5.419386e+01
234000 3.075947e-23 -4.094416e-20 4.559114e-18 4.455799e+00
235000 7.658087e-22 -4.090108e-20 4.710350e-18 1.109346e+02
236000 1.233189e-21 -4.107183e-20 4.667669e-18 1.786390e+02
237000 1.330056e-21 -4.105517e-20 4.661842e-18 1.926711e+02
238000 8.102977e-22 -4.100465e-20 4.664198e-18 1.173792e+02
239000 8.446639e-23 -4.101439e-20 4.661489e-18 1.223575e+01
240000 1.696865e-21 -4.104907e-20 4.811574e-18 2.458069e+02
241000 2.878064e-21 -4.099566e-20 4.783940e-18 4.169147e+02
242000 3.101297e-23 -4.098981e-20 4.780204e-18 4.492520e+00
243000 7.094963e-21 -4.095910e-20 4.795147e-18 1.027772e+03
244000 3.073993e-22 -4.097022e-20 4.783554e-18 4.452968e+01
245000 4.988613e-21 -4.044668e-20 4.962735e-18 7.226476e+02
246000 4.604083e-21 -1.277253e-20 4.899639e-18 6.669448e+02
247000 4.626082e-22 -1.226033e-20 4.890484e-18 6.701315e+01
248000 2.227260e-21 -1.080403e-20 4.891438e-18 3.226395e+02
249000 1.726447e-21 -1.024055e-20 4.891487e-18 2.500921e+02
250000 1.934274e-21 -1.132805e-20 5.040725e-18 2.801977e+02
251000 4.418480e-22 2.170725e-21 5.002613e-18 6.400584e+01
252000 2.172582e-22 -6.479824e-21 4.993738e-18 3.147189e+01
253000 1.000112e-21 -7.430009e-21 4.993591e-18 1.448757e+02
254000 4.324211e-22 -9.029855e-21 4.994494e-18 6.264027e+01
255000 4.449451e-21 -4.717756e-21 5.149732e-18 6.445448e+02
256000 4.709172e-22 3.489690e-22 5.100822e-18 6.821679e+01
257000 7.008133e-22 -2.029451e-21 5.101219e-18 1.015194e+02
258000 7.052098e-23 6.080963e-21 5.106151e-18 1.021563e+01
259000 7.687102e-22 1.291063e-20 5.113679e-18 1.113549e+02
260000 6.178066e-24 -1.539645e-21 5.249273e-18 8.949509e-01
261000 3.490083e-21 1.813780e-21 5.206095e-18 5.055714e+02
262000 2.398405e-21 2.850851e-21 5.205295e-18 3.474316e+02
263000 5.523379e-24 2.866391e-21 5.202915e-18 8.001134e-01
264000 4.149981e-23 8.835755e-21 5.208877e-18 6.011638e+00
265000 5.850492e-23 9.263211e-21 5.359322e-18 8.474989e+00
266000 2.625069e-21 1.240187e-20 5.318331e-18 3.802659e+02
267000 4.061675e-23 1.211414e-20 5.317428e-18 5.883718e+00
268000 1.294146e-21 1.315005e-20 5.315249e-18 1.874692e+02
269000 6.927671e-22 1.864257e-20 5.319335e-18 1.003538e+02
270000 2.555927e-21 2.181015e-20 5.474366e-18 3.702500e+02
271000 3.997641e-22 2.987387e-20 5.430274e-18 5.790960e+01
272000 5.833569e-22 2.951170e-20 5.430095e-18 8.450473e+01
273000 5.150454e-21 2.626658e-20 5.432240e-18 7.460918e+02
274000 2.525703e-21 2.885828e-20 5.431386e-18 3.658719e+02
275000 3.023771e-23 2.691995e-20 5.577184e-18 4.380216e+00
276000 5.196240e-21 1.703798e-20 5.522518e-18 7.527243e+02
277000 2.820733e-22 1.242969e-20 5.515863e-18 4.086097e+01
278000 9.757338e-22 1.379531e-20 5.514961e-18 1.413442e+02
279000 4.135484e-21 1.242298e-20 5.519746e-18 5.990638e+02
280000 5.189637e-23 1.833203e-20 5.671711e-18 7.517678e+00
281000 2.037062e-21 -1.962428e-20 5.582413e-18 2.950876e+02
282000 1.660956e-23 -2.528482e-20 5.574732e-18 2.406052e+00
283000 4.062730e-21 -2.401300e-20 5.580050e-18 5.885247e+02
284000 1.361834e-21 -2.600073e-20 5.575361e-18 1.972745e+02
285000 1.243753e-22 -1.927547e-20 5.730849e-18 1.801693e+01
286000 2.704376e-21 -1.632156e-20 5.686383e-18 3.917543e+02
287000 3.601876e-21 -1.404248e-22 5.703461e-18 5.217656e+02
288000 3.866369e-22 -1.650738e-20 5.683879e-18 5.600800e+01
289000 3.006404e-22 -1.655529e-20 5.683745e-18 4.355059e+01
290000 1.635630e-23 -1.839172e-20 5.832503e-18 2.369365e+00
291000 2.697438e-21 -4.092345e-20 5.761774e-18 3.907493e+02
292000 7.445869e-23 -3.785603e-20 5.762218e-18 1.078604e+01
293000 2.573447e-21 -4.089012e-20 5.761683e-18 3.727880e+02
294000 3.432441e-21 -4.053679e-20 5.762896e-18 4.972214e+02
295000 1.654014e-21 -4.021449e-20 5.911440e-18 2.395995e+02
296000 1.064960e-21 -4.053248e-20 5.860532e-18 1.542695e+02
297000 2.731512e-22 -3.796856e-20 5.862305e-18 3.956853e+01
298000 3.911989e-21 -3.910809e-20 5.864804e-18 5.666884e+02
299000 2.434196e-21 -4.109440e-20 5.861340e-18 3.526162e+02
300000 1.142285e-23 -4.104849e-20 6.008963e-18 1.654707e+00
301000 5.292355e-21 -4.083037e-20 5.964465e-18 7.666474e+02
302000 3.021531e-22 -4.061023e-20 5.959786e-18 4.376972e+01
303000 4.554802e-25 -4.087038e-20 5.959163e-18 6.598059e-02
304000 1.386831e-20 -4.092086e-20 5.973525e-18 2.008956e+03
305000 3.281306e-21 -4.064659e-20 6.112656e-18 4.753281e+02
306000 3.645561e-21 -4.093729e-20 6.064076e-18 5.280939e+02
307000 1.697893e-21 -4.085494e-20 6.062298e-18 2.459557e+02
308000 2.638274e-21 -4.083219e-20 6.065156e-18 3.821788e+02
309000 1.007421e-21 -4.094537e-20 6.062090e-18 1.459344e+02
310000 2.453127e-23 -4.094459e-20 6.211033e-18 3.553585e+00
311000 8.741111e-21 -4.081362e-20 6.167927e-18 1.266232e+03
312000 8.052493e-21 -4.108663e-20 6.166966e-18 1.166479e+03
313000 2.541697e-21 -4.031791e-20 6.162224e-18 3.681887e+02
314000 4.611592e-21 -4.062412e-20 6.163987e-18 6.680325e+02
315000 5.741422e-23 -3.968215e-20 6.310375e-18 8.316990e+00
316000 6.866638e-22 -4.097522e-20 6.259711e-18 9.946971e+01
317000 4.749859e-21 -4.101314e-20 6.263737e-18 6.880618e+02
318000 4.226409e-22 -4.084599e-20 6.259577e-18 6.122351e+01
319000 4.452718e-22 -4.085386e-20 6.259591e-18 6.450181e+01
320000 2.494219e-21 -4.109749e-20 6.412604e-18 3.613111e+02
321000 3.964594e-21 -4.046675e-20 6.363498e-18 5.743087e+02
322000 3.768150e-21 -4.100632e-20 6.362762e-18 5.458520e+02
323000 3.321501e-21 -4.100991e-20 6.362312e-18 4.811506e+02
324000 3.176282e-21 -4.060809e-20 6.362568e-18 4.601143e+02
325000 1.318500e-21 -4.098581e-20 6.510333e-18 1.909971e+02
326000 2.939081e-21 -3.833630e-20 6.464603e-18 4.257536e+02
327000 1.415961e-21 -3.492472e-20 6.466491e-18 2.051153e+02
328000 8.806267e-21 -3.907678e-20 6.469743e-18 1.275671e+03
329000 5.361205e-22 -3.830289e-20 6.462233e-18 7.766210e+01
330000 2.006065e-21 -3.910641e-20 6.612928e-18 2.905973e+02
331000 1.258442e-21 -4.078753e-20 6.574490e-18 1.822972e+02
332000 2.418485e-21 -4.084793e-20 6.576802e-18 3.503402e+02
333000 1.668203e-21 -4.081116e-20 6.572155e-18 2.416548e+02
334000 6.569230e-23 -3.891682e-20 6.561149e-18 9.516147e+00
335000 3.547079e-22 -3.817915e-20 6.712176e-18 5.138277e+01
336000 6.754913e-22 -4.077790e-20 6.659948e-18 9.785127e+01
337000 1.514957e-22 -4.086529e-20 6.662351e-18 2.194558e+01
338000 1.586514e-24 -4.069269e-20 6.659309e-18 2.298215e-01
339000 3.726732e-23 -4.052752e-20 6.659510e-18 5.398522e+00
340000 7.195752e-22 -4.004324e-20 6.811692e-18 1.042372e+02
341000 1.046882e-21 -4.042173e-20 6.760757e-18 1.516507e+02
342000 3.887205e-22 -4.070289e-20 6.759686e-18 5.630983e+01
343000 6.576379e-21 -4.067875e-20 6.765898e-18 9.526504e+02
344000 7.668658e-22 -4.068769e-20 6.760079e-18 1.110877e+02
345000 2.576432e-21 -4.048333e-20 6.912105e-18 3.732204e+02
346000 1.253158e-20 -2.995801e-20 6.882574e-18 1.815317e+03
347000 1.364155e-22 -3.797681e-20 6.862160e-18 1.976107e+01
348000 1.159257e-21 -3.380900e-20 6.867350e-18 1.679293e+02
349000 8.962995e-22 -3.812935e-20 6.862767e-18 1.298374e+02
350000 2.394861e-22 -3.863312e-20 7.012529e-18 3.469182e+01
351000 2.881834e-22 -3.426216e-20 6.966026e-18 4.174607e+01
352000 5.220917e-21 -3.824591e-20 6.971981e-18 7.562989e+02
353000 3.764691e-21 -3.554030e-20 6.968224e-18 5.453509e+02
354000 2.426711e-21 -3.771283e-20 6.964714e-18 3.515319e+02
355000 2.061392e-22 -3.601293e-20 7.114193e-18 2.986121e+01
356000 2.090296e-21 -3.799612e-20 7.064217e-18 3.027990e+02
357000 9.670463e-25 -3.716850e-20 7.062833e-18 1.400858e-01
358000 2.496037e-22 -3.768453e-20 7.062565e-18 3.615744e+01
359000 1.043972e-20 -3.815544e-20 7.073862e-18 1.512292e+03
360000 2.166665e-22 -3.735294e-20 7.212864e-18 3.138618e+01
361000 3.477532e-21 -3.810157e-20 7.166133e-18 5.037532e+02
362000 2.138068e-21 -3.795351e-20 7.164803e-18 3.097193e+02
363000 2.729445e-21 -3.822717e-20 7.168518e-18 3.953857e+02
364000 5.897672e-21 -3.769407e-20 7.180481e-18 8.543334e+02
365000 7.867627e-22 -3.806861e-20 7.313222e-18 1.139700e+02
366000 3.369234e-21 -3.118887e-20 7.272180e-18 4.880653e+02
367000 9.185717e-23 -3.473207e-20 7.265360e-18 1.330638e+01
368000 1.014082e-22 -3.266965e-20 7.267432e-18 1.468994e+01
369000 6.167723e-21 -3.315395e-20 7.273014e-18 8.934528e+02
370000 2.305646e-21 -3.454576e-20 7.417760e-18 3.339944e+02
371000 6.846719e-22 -2.621195e-20 7.374473e-18 9.918116e+01
372000 1.153591e-21 -3.341116e-20 7.367746e-18 1.671085e+02
373000 2.938762e-20 -3.131768e-20 7.398070e-18 4.257074e+03
374000 6.832219e-22 -3.093720e-20 7.369746e-18 9.897112e+01
375000 1.428074e-21 -3.091444e-20 7.520514e-18 2.068700e+02
376000 2.170518e-21 -2.984685e-20 7.472391e-18 3.144199e+02
377000 5.356256e-22 -2.338129e-20 7.477154e-18 7.759041e+01
378000 1.128633e-22 -2.026734e-20 7.479846e-18 1.634932e+01
379000 1.464860e-21 -2.908274e-20 7.472382e-18 2.121987e+02
380000 3.141441e-21 -2.422027e-20 7.628921e-18 4.550673e+02
381000 9.434352e-26 -1.675526e-20 7.583245e-18 1.366655e-02
382000 4.673365e-23 -1.703136e-20 7.583018e-18 6.769809e+00
383000 3.093176e-23 -1.535767e-20 7.584673e-18 4.480756e+00
384000 1.820091e-21 -1.488549e-20 7.586935e-18 2.636574e+02
385000 5.901328e-21 -1.639566e-20 7.739506e-18 8.548630e+02
386000 9.778728e-23 -2.301647e-20 7.677117e-18 1.416541e+01
387000 1.229917e-21 -1.754578e-20 7.683684e-18 1.781650e+02
388000 7.642491e-22 -2.079317e-20 7.679971e-18 1.107087e+02
389000 5.658286e-22 -2.142024e-20 7.679146e-18 8.196560e+01
390000 1.655568e-22 -1.822377e-20 7.831942e-18 2.398245e+01
391000 6.520327e-22 -1.714822e-20 7.783613e-18 9.445307e+01
392000 4.294834e-24 -1.751298e-20 7.785970e-18 6.221471e-01
393000 2.190882e-23 -1.620809e-20 7.783814e-18 3.173699e+00
394000 8.019433e-24 -1.635435e-20 7.783654e-18 1.161690e+00
395000 9.605060e-22 -1.350975e-20 7.937451e-18 1.391383e+02
396000 2.549184e-23 -9.061033e-21 7.890964e-18 3.692733e+00
397000 1.556234e-22 -1.019558e-20 7.889960e-18 2.254351e+01
398000 1.859001e-21 -1.275802e-20 7.890596e-18 2.692938e+02
399000 3.237679e-22 -1.062480e-20 7.889699e-18 4.690083e+01
400000 9.428386e-22 -1.051493e-20 8.040428e-18 1.365790e+02
401000 4.544955e-23 -7.206402e-21 7.992839e-18 6.583794e+00
402000 7.074228e-21 -5.276098e-22 8.006547e-18 1.024768e+03
403000 5.834286e-21 -3.100057e-21 8.002734e-18 8.451512e+02
404000 9.826611e-21 -9.902851e-21 8.003048e-18 1.423477e+03
405000 4.590414e-22 -9.218152e-21 8.141241e-18 6.649647e+01
406000 2.042303e-22 -1.319640e-20 8.087008e-18 2.958469e+01
407000 4.741287e-24 -1.168570e-20 8.088323e-18 6.868200e-01
408000 5.545635e-21 -1.420442e-20 8.091341e-18 8.033374e+02
409000 4.424436e-22 -1.416586e-20 8.086277e-18 6.409212e+01
410000 2.361479e-25 -1.388545e-20 8.236115e-18 3.420825e-02
411000 1.194988e-21 -1.256532e-20 8.188631e-18 1.731053e+02
412000 7.009261e-21 -1.241253e-20 8.194597e-18 1.015357e+03
413000 5.234448e-22 -1.220732e-20 8.188316e-18 7.582591e+01
414000 4.514396e-21 -1.285316e-20 8.191733e-18 6.539527e+02
415000 1.332260e-20 -1.230154e-20 8.351021e-18 1.929904e+03
416000 4.220031e-21 -2.942466e-20 8.289654e-18 6.113112e+02
417000 3.016381e-22 -2.925934e-20 8.284042e-18 4.369512e+01
418000 4.512431e-22 -2.933771e-20 8.283503e-18 6.536681e+01
419000 4.231410e-22 -2.921065e-20 8.285914e-18 6.129595e+01
420000 1.488105e-23 -2.947173e-20 8.438059e-18 2.155659e+00
421000 2.813201e-21 -2.652807e-20 8.376398e-18 4.075186e+02
422000 3.655702e-21 -2.094182e-20 8.382714e-18 5.295628e+02
423000 7.675579e-22 -2.301815e-20 8.377749e-18 1.111880e+02
424000 1.527882e-20 -2.662360e-20 8.388971e-18 2.213281e+03
425000 5.830791e-26 -2.295081e-20 8.527049e-18 8.446450e-03
426000 2.806681e-21 -2.824167e-20 8.496617e-18 4.065741e+02
427000 4.930247e-23 -2.826723e-20 8.494980e-18 7.141926e+00
428000 5.334825e-22 -2.817457e-20 8.492772e-18 7.727996e+01
429000 1.815654e-22 -2.434118e-20 8.475844e-18 2.630146e+01
430000 2.114250e-24 -2.535629e-20 8.624646e-18 3.062690e-01
431000 1.630652e-21 -2.043817e-20 8.581243e-18 2.362152e+02
432000 5.058642e-21 -2.043820e-20 8.584671e-18 7.327919e+02
433000 1.028818e-21 -2.155861e-20 8.579473e-18 1.490340e+02
434000 1.354117e-21 -2.203466e-20 8.580074e-18 1.961565e+02
435000 3.269181e-21 -2.023310e-20 8.733501e-18 4.735716e+02
436000 2.001848e-22 -1.474791e-20 8.686077e-18 2.899865e+01
437000 3.744915e-22 -1.494014e-20 8.685508e-18 5.424862e+01
438000 1.145545e-27 -1.437939e-20 8.697367e-18 1.659430e-04
439000 2.376748e-22 -1.553862e-20 8.685546e-18 3.442943e+01
440000 4.123973e-23 -1.530998e-20 8.834802e-18 5.973963e+00
441000 9.174357e-23 -1.470412e-20 8.792436e-18 1.328992e+01
442000 1.916336e-21 -1.457873e-20 8.792564e-18 2.775993e+02
443000 2.137197e-21 -1.467175e-20 8.793592e-18 3.095932e+02
444000 3.716284e-22 -1.428387e-20 8.805649e-18 5.383387e+01
445000 2.526438e-22 -2.661007e-20 8.923933e-18 3.659783e+01
446000 1.956261e-22 -2.391700e-20 8.876750e-18 2.833829e+01
447000 2.317574e-22 -2.445873e-20 8.876632e-18 3.357224e+01
448000 8.495737e-21 -2.396048e-20 8.884844e-18 1.230687e+03
449000 5.141666e-21 -2.473687e-20 8.887601e-18 7.448186e+02
450000 4.020395e-23 -2.407002e-20 9.026077e-18 5.823921e+00
451000 6.702543e-22 -2.472436e-20 8.988415e-18 9.709264e+01
452000 3.729433e-21 -2.495063e-20 9.001544e-18 5.402435e+02
453000 1.129097e-21 -2.464431e-20 8.989893e-18 1.635603e+02
454000 1.385038e-21 -2.480722e-20 8.990731e-18 2.006358e+02
455000 8.193484e-23 -2.450437e-20 9.146257e-18 1.186903e+01
456000 1.072689e-22 -3.250953e-20 9.071923e-18 1.553891e+01
457000 1.160595e-21 -3.230475e-20 9.069706e-18 1.681231e+02
458000 5.987914e-22 -3.219732e-20 9.069283e-18 8.674057e+01
459000 1.138387e-21 -3.241862e-20 9.070747e-18 1.649061e+02
460000 6.502990e-25 -3.235221e-20 9.218812e-18 9.420193e-02
461000 3.949479e-21 -2.292002e-20 9.218677e-18 5.721191e+02
462000 1.099773e-19 -3.277391e-20 9.277203e-18 1.593125e+04
463000 1.424999e-21 -3.745886e-20 9.165127e-18 2.064245e+02
464000 3.988251e-22 -3.380440e-20 9.166594e-18 5.777357e+01
465000 5.351989e-23 -3.650416e-20 9.313549e-18 7.752860e+00
466000 2.171163e-21 -3.554337e-20 9.267454e-18 3.145134e+02
467000 9.814337e-21 -3.464259e-20 9.275172e-18 1.421699e+03
468000 1.245926e-21 -2.664512e-20 9.274601e-18 1.804841e+02
469000 1.642106e-20 -2.901765e-20 9.287403e-18 2.378744e+03
470000 2.266188e-22 -3.443540e-20 9.415791e-18 3.282787e+01
471000 5.094958e-22 -3.290393e-20 9.367664e-18 7.380526e+01
472000 7.284793e-21 -3.166854e-20 9.375616e-18 1.055271e+03
473000 1.134027e-21 -3.246134e-20 9.368674e-18 1.642745e+02
474000 1.169774e-22 -2.847741e-20 9.371640e-18 1.694528e+01
475000 1.817296e-21 -3.225783e-20 9.519560e-18 2.632524e+02
476000 3.037559e-23 -2.593458e-20 9.474096e-18 4.400190e+00
477000 3.925803e-22 -2.967440e-20 9.470718e-18 5.686895e+01
478000 2.461870e-22 -3.005925e-20 9.470189e-18 3.566250e+01
479000 3.525246e-25 -2.329809e-20 9.476702e-18 5.106650e-02
480000 4.952891e-21 -2.659164e-20 9.628361e-18 7.174729e+02
481000 1.051794e-21 -1.662845e-20 9.584423e-18 1.523622e+02
482000 1.282168e-21 -2.194774e-20 9.579334e-18 1.857342e+02
483000 2.748034e-21 -9.237995e-21 9.593510e-18 3.980786e+02
484000 1.313688e-22 -2.578392e-21 9.597553e-18 1.903001e+01
485000 3.084697e-22 -1.864314e-20 9.731665e-18 4.468474e+01
486000 7.656150e-22 -2.413092e-20 9.676671e-18 1.109065e+02
487000 1.241680e-22 -2.135887e-20 9.678867e-18 1.798690e+01
488000 1.594936e-20 -2.142739e-20 9.694595e-18 2.310414e+03
489000 5.709876e-21 -2.112489e-20 9.684877e-18 8.271293e+02
490000 2.448340e-23 -2.276835e-20 9.827256e-18 3.546651e+00
491000 2.105266e-21 -4.079299e-20 9.761458e-18 3.049675e+02
492000 8.223774e-22 -4.083641e-20 9.760892e-18 1.191291e+02
493000 3.971740e-21 -4.070496e-20 9.765004e-18 5.753439e+02
494000 3.417479e-22 -4.081804e-20 9.759917e-18 4.950541e+01
495000 1.273053e-21 -4.070941e-20 9.912055e-18 1.844137e+02
496000 8.122132e-22 -3.515880e-20 9.868230e-18 1.176567e+02
497000 1.912164e-22 -3.506577e-20 9.870985e-18 2.769950e+01
498000 2.849561e-21 -3.552932e-20 9.873543e-18 4.127857e+02
499000 1.176557e-21 -3.553795e-20 9.872327e-18 1.704353e+02
500000 3.503387e-22 -3.510534e-20 1.001942e-17 5.074986e+01
501000 5.299355e-22 -3.659271e-20 9.965994e-18 7.676614e+01
502000 4.464724e-21 -3.652894e-20 9.971862e-18 6.467573e+02
503000 3.097236e-23 -3.682809e-20 9.965665e-18 4.486638e+00
504000 2.397884e-21 -3.662518e-20 9.967270e-18 3.473561e+02
505000 2.969834e-24 -3.679955e-20 1.011504e-17 4.302083e-01
506000 1.022526e-20 -3.283122e-20 1.007739e-17 1.481225e+03
507000 2.060850e-23 -3.198285e-20 1.006808e-17 2.985335e+00
508000 2.153704e-21 -3.232509e-20 1.006983e-17 3.119844e+02
509000 1.846233e-26 -3.286815e-20 1.006713e-17 2.674442e-03
510000 1.991564e-22 -3.320855e-20 1.021699e-17 2.884967e+01
511000 1.651122e-21 -3.237172e-20 1.016975e-17 2.391805e+02
512000 6.479234e-21 -3.241115e-20 1.017479e-17 9.385780e+02
513000 8.851840e-22 -3.289456e-20 1.019362e-17 1.282272e+02
514000 4.453731e-23 -3.210800e-20 1.016796e-17 6.451649e+00
515000 5.480607e-22 -3.223388e-20 1.031841e-17 7.939176e+01
516000 1.035405e-21 -3.148905e-20 1.027791e-17 1.499881e+02
517000 3.626091e-24 -3.163686e-20 1.027580e-17 5.252733e-01
518000 1.580326e-21 -3.163233e-20 1.027729e-17 2.289251e+02
519000 3.520118e-22 -3.162521e-20 1.027594e-17 5.099222e+01
520000 2.491819e-21 -3.157455e-20 1.042777e-17 3.609634e+02
521000 3.683405e-25 -2.668736e-20 1.037331e-17 5.335758e-02
522000 4.198972e-21 -2.858700e-20 1.037561e-17 6.082606e+02
523000 2.790267e-21 -3.035465e-20 1.038039e-17 4.041964e+02
524000 3.244606e-22 -2.596573e-20 1.037436e-17 4.700117e+01
525000 4.965490e-21 -2.765003e-20 1.052732e-17 7.192980e+02
526000 7.252636e-22 -2.958125e-20 1.047115e-17 1.050613e+02
527000 1.851984e-21 -2.974678e-20 1.047212e-17 2.682773e+02
528000 1.562531e-21 -2.937533e-20 1.047219e-17 2.263474e+02
529000 4.471186e-21 -2.904951e-20 1.047542e-17 6.476934e+02
530000 9.365089e-22 -2.958736e-20 1.062135e-17 1.356621e+02
531000 3.377995e-22 -2.881528e-20 1.057340e-17 4.893344e+01
532000 1.160506e-23 -2.882798e-20 1.057327e-17 1.681102e+00
533000 5.933081e-22 -2.896873e-20 1.057761e-17 8.594627e+01
534000 2.591875e-22 -2.839781e-20 1.057441e-17 3.754575e+01
535000 1.534636e-22 -2.840759e-20 1.072411e-17 2.223065e+01
536000 9.124570e-22 -2.572056e-20 1.067519e-17 1.321780e+02
537000 1.625284e-21 -2.533368e-20 1.067639e-17 2.354376e+02
538000 1.511602e-23 -2.513770e-20 1.067560e-17 2.189698e+00
539000 1.086100e-21 -2.674158e-20 1.067501e-17 1.573318e+02
540000 6.039220e-22 -2.511577e-20 1.082637e-17 8.748379e+01
541000 2.829942e-21 -2.637435e-20 1.077648e-17 4.099437e+02
542000 2.245823e-21 -2.614060e-20 1.077634e-17 3.253285e+02
543000 2.586105e-21 -2.702816e-20 1.078214e-17 3.746216e+02
544000 1.709781e-22 -2.658517e-20 1.077372e-17 2.476779e+01
545000 3.631984e-21 -2.615106e-20 1.092770e-17 5.261270e+02
546000 6.896172e-22 -4.084683e-21 1.089660e-17 9.989755e+01
547000 1.433875e-21 -1.148695e-20 1.088995e-17 2.077103e+02
548000 2.876777e-21 -1.059724e-20 1.089228e-17 4.167282e+02
549000 6.121508e-23 -6.046882e-21 1.089401e-17 8.867581e+00
550000 3.525337e-22 -9.844472e-21 1.104051e-17 5.106783e+01
551000 1.061501e-20 -5.067433e-22 1.101011e-17 1.537684e+03
552000 1.547808e-21 -5.164047e-21 1.099638e-17 2.242146e+02
553000 1.156059e-21 -1.452830e-24 1.100115e-17 1.674660e+02
554000 7.687459e-21 -8.330797e-21 1.099943e-17 1.113601e+03
555000 1.052214e-20 -1.513512e-21 1.115901e-17 1.524231e+03
556000 7.638317e-21 -2.326514e-21 1.110531e-17 1.106482e+03
557000 4.720607e-22 -8.043606e-21 1.109243e-17 6.838244e+01
558000 1.985070e-22 -3.197245e-21 1.109700e-17 2.875561e+01
559000 2.055314e-21 -3.451532e-21 1.109860e-17 2.977316e+02
560000 3.992403e-21 -6.234279e-21 1.124776e-17 5.783371e+02
561000 2.411518e-22 -7.881538e-21 1.119236e-17 3.493311e+01
562000 5.630045e-21 -8.501942e-21 1.119713e-17 8.155649e+02
563000 1.199424e-21 -8.014346e-21 1.119319e-17 1.737479e+02
564000 2.468787e-21 -6.765854e-21 1.119816e-17 3.576270e+02
565000 3.077072e-21 -7.944975e-21 1.134513e-17 4.457429e+02
566000 7.916091e-21 -7.347592e-21 1.130238e-17 1.146720e+03
567000 5.733761e-23 -6.903646e-21 1.129359e-17 8.305892e+00
568000 4.857359e-21 -7.002342e-21 1.129797e-17 7.036342e+02
569000 2.003661e-21 -7.171166e-21 1.129502e-17 2.902491e+02
570000 7.816856e-22 -7.295642e-21 1.144447e-17 1.132345e+02
571000 8.717579e-23 -1.668695e-21 1.139842e-17 1.262823e+01
572000 1.308676e-20 -2.464350e-22 1.141284e-17 1.895740e+03
573000 3.476563e-21 -2.917840e-23 1.140345e-17 5.036129e+02
574000 5.018233e-22 -6.881861e-22 1.139981e-17 7.269383e+01
575000 1.685849e-21 -3.104811e-21 1.154858e-17 2.442111e+02
576000 3.345039e-21 -4.857740e-22 1.150286e-17 4.845603e+02
577000 3.761477e-21 -3.216489e-22 1.150344e-17 5.448853e+02
578000 1.864498e-22 -2.824034e-22 1.149990e-17 2.700901e+01
579000 1.215583e-21 -1.007176e-21 1.150021e-17 1.760887e+02
580000 1.170228e-21 -1.990244e-22 1.165097e-17 1.695186e+02
581000 1.125371e-20 -4.240927e-23 1.161121e-17 1.630205e+03
582000 3.399205e-22 -1.536908e-22 1.160019e-17 4.924068e+01
583000 1.585145e-21 -1.567882e-22 1.160143e-17 2.296231e+02
584000 3.059333e-21 -1.764565e-21 1.160129e-17 4.431732e+02
585000 6.586404e-22 -1.131869e-21 1.174953e-17 9.541026e+01
586000 6.591701e-22 -9.001847e-22 1.170163e-17 9.548700e+01
587000 2.552129e-21 -6.293795e-22 1.170192e-17 3.696999e+02
588000 4.669140e-22 -1.168937e-22 1.170035e-17 6.763689e+01
589000 8.058339e-21 -2.274962e-22 1.170783e-17 1.167326e+03
590000 1.963137e-22 -9.863957e-24 1.185019e-17 2.843789e+01
591000 1.057881e-21 -7.633954e-23 1.180105e-17 1.532440e+02
592000 1.797621e-21 -3.194108e-23 1.181254e-17 2.604024e+02
593000 6.859692e-22 -5.429711e-23 1.180128e-17 9.936910e+01
594000 1.278713e-22 -5.253303e-23 1.180090e-17 1.852336e+01
595000 7.881635e-22 -1.018623e-22 1.195167e-17 1.141729e+02
596000 1.096358e-21 -3.757972e-22 1.190072e-17 1.588178e+02
597000 9.426285e-22 -5.430891e-22 1.190040e-17 1.365486e+02
598000 1.042170e-21 -1.307907e-22 1.190091e-17 1.509682e+02
599000 5.035430e-21 -5.006335e-22 1.190453e-17 7.294294e+02
600000 1.078875e-21 -1.019725e-23 1.205107e-17 1.562852e+02
601000 5.068459e-22 -2.425785e-21 1.199808e-17 7.342140e+01
602000 4.830763e-21 -6.888097e-21 1.199794e-17 6.997814e+02
603000 1.782505e-21 -5.812230e-21 1.199597e-17 2.582127e+02
604000 1.920237e-21 -5.920768e-21 1.199600e-17 2.781644e+02
605000 3.302019e-22 -8.513467e-21 1.214265e-17 4.783285e+01
606000 1.803215e-21 -7.041917e-21 1.209476e-17 2.612126e+02
607000 1.561359e-22 -2.547352e-21 1.209761e-17 2.261775e+01
608000 3.620582e-23 -7.045799e-21 1.209299e-17 5.244754e+00
609000 5.411125e-24 -7.303881e-21 1.209270e-17 7.838524e-01
610000 3.511762e-21 -6.207298e-21 1.224730e-17 5.087118e+02
611000 5.397255e-22 -7.053344e-21 1.219351e-17 7.818432e+01
612000 4.904812e-21 -6.801064e-21 1.219927e-17 7.105082e+02
613000 2.889278e-22 -7.894690e-21 1.219413e-17 4.185390e+01
614000 2.232061e-21 -7.256648e-21 1.219498e-17 3.233350e+02
615000 2.910334e-20 -7.542404e-21 1.237157e-17 4.215892e+03
616000 1.586567e-26 -2.436835e-21 1.229756e-17 2.298292e-03
617000 1.566019e-21 -5.136819e-21 1.229643e-17 2.268525e+02
618000 8.637264e-23 -5.680145e-21 1.229644e-17 1.251189e+01
619000 4.030002e-22 -5.400723e-21 1.229503e-17 5.837837e+01
620000 6.489462e-21 -5.278006e-21 1.245121e-17 9.400597e+02
621000 4.434014e-21 -4.071961e-21 1.240036e-17 6.423086e+02
622000 5.074832e-21 -4.237126e-21 1.240084e-17 7.351371e+02
623000 5.148463e-21 -3.366259e-21 1.240178e-17 7.458033e+02
624000 8.305500e-21 -2.434068e-21 1.240587e-17 1.203130e+03
625000 2.086370e-21 -3.962734e-21 1.254812e-17 3.022303e+02
626000 4.019913e-22 -3.431830e-21 1.249731e-17 5.823223e+01
627000 1.729259e-21 -2.371974e-21 1.249936e-17 2.504994e+02
628000 6.355202e-22 -3.216525e-21 1.249742e-17 9.206108e+01
629000 6.354253e-25 -2.878007e-21 1.249712e-17 9.204734e-02
630000 3.582658e-22 -3.458067e-21 1.264746e-17 5.189817e+01
631000 4.185537e-22 -8.866707e-22 1.259953e-17 6.063144e+01
632000 1.137622e-20 -9.542952e-22 1.261042e-17 1.647953e+03
633000 2.019547e-21 -3.283956e-22 1.260266e-17 2.925504e+02
634000 8.880294e-23 -1.215778e-21 1.259973e-17 1.286394e+01
635000 2.071233e-22 -8.641845e-22 1.274934e-17 3.000376e+01
636000 5.070962e-23 -4.856430e-22 1.269957e-17 7.345765e+00
637000 1.261959e-25 -5.710810e-22 1.269946e-17 1.828067e-02
638000 1.427385e-21 -5.444881e-22 1.270089e-17 2.067701e+02
639000 3.776731e-24 -6.309053e-22 1.269992e-17 5.470951e-01
640000 5.503426e-22 -3.524665e-22 1.285044e-17 7.972230e+01
641000 1.918968e-21 -4.958158e-23 1.280828e-17 2.779805e+02
642000 2.325726e-21 -3.682160e-23 1.280947e-17 3.369034e+02
643000 1.289381e-21 -3.779829e-23 1.280791e-17 1.867790e+02
644000 5.010841e-22 -4.697077e-23 1.280608e-17 7.258675e+01
645000 4.162894e-22 -4.482579e-23 1.295568e-17 6.030344e+01
646000 1.024949e-21 -2.045718e-21 1.289898e-17 1.484736e+02
647000 9.310054e-21 -2.728502e-21 1.290658e-17 1.348649e+03
648000 8.525097e-23 -2.379131e-21 1.289771e-17 1.234941e+01
649000 4.588441e-22 -3.096441e-21 1.290113e-17 6.646789e+01
650000 1.360040e-21 -2.290495e-21 1.304907e-17 1.970146e+02
651000 6.433818e-22 -2.011282e-21 1.300366e-17 9.319991e+01
652000 1.019344e-23 -1.865830e-21 1.299884e-17 1.476615e+00
653000 3.593385e-21 -1.850800e-21 1.300259e-17 5.205356e+02
654000 1.576570e-21 -1.943471e-21 1.300105e-17 2.283810e+02
655000 6.105822e-21 -1.973537e-21 1.315668e-17 8.844858e+02
656000 4.140538e-22 -2.129381e-20 1.307912e-17 5.997959e+01
657000 4.323817e-21 -2.320565e-20 1.308141e-17 6.263456e+02
658000 2.300049e-22 -2.043361e-20 1.307980e-17 3.331838e+01
659000 4.740128e-22 -2.063815e-20 1.307984e-17 6.866522e+01
660000 4.751906e-21 -2.277357e-20 1.323198e-17 6.883583e+02
661000 1.501899e-22 -2.182850e-20 1.317890e-17 2.175643e+01
662000 3.951756e-21 -2.048227e-20 1.318347e-17 5.724491e+02
663000 6.009084e-22 -2.137021e-20 1.317923e-17 8.704723e+01
664000 2.211458e-21 -2.128952e-20 1.318092e-17 3.203506e+02
665000 3.686234e-21 -2.176279e-20 1.333223e-17 5.339857e+02
666000 5.156623e-23 -2.024523e-20 1.327981e-17 7.469854e+00
667000 1.512987e-21 -2.015490e-20 1.328136e-17 2.191704e+02
668000 2.121954e-22 -2.037295e-20 1.327984e-17 3.073851e+01
669000 4.751657e-21 -1.996973e-20 1.328478e-17 6.883222e+02
670000 1.231334e-21 -2.003030e-20 1.343120e-17 1.783703e+02
671000 3.985340e-23 -2.985904e-20 1.337018e-17 5.773140e+00
672000 2.348252e-21 -2.868757e-20 1.337375e-17 3.401664e+02
673000 6.683683e-22 -3.027639e-20 1.337041e-17 9.681944e+01
674000 1.736490e-21 -3.108778e-20 1.337316e-17 2.515469e+02
675000 4.729442e-22 -2.961916e-20 1.352085e-17 6.851042e+01
676000 1.005687e-22 -1.666223e-20 1.348619e-17 1.456832e+01
677000 5.520058e-23 -1.363691e-20 1.348642e-17 7.996324e+00
678000 5.758415e-23 -6.799727e-21 1.349326e-17 8.341606e+00
679000 2.077692e-21 -1.283789e-20 1.348924e-17 3.009732e+02
680000 1.591578e-22 -5.393403e-21 1.364477e-17 2.305550e+01
681000 4.000237e-22 3.104002e-21 1.360350e-17 5.794720e+01
682000 3.833627e-22 -2.723530e-22 1.360011e-17 5.553370e+01
683000 9.369815e-23 4.172316e-22 1.360051e-17 1.357306e+01
684000 4.576723e-21 1.941803e-20 1.362399e-17 6.629814e+02
685000 1.049403e-21 1.339215e-21 1.375239e-17 1.520160e+02
686000 6.282514e-21 -8.200251e-21 1.369938e-17 9.100812e+02
687000 2.094519e-21 -1.619934e-20 1.368653e-17 3.034108e+02
688000 7.289676e-23 -1.520742e-20 1.368488e-17 1.055978e+01
689000 2.429632e-22 -1.472116e-20 1.368552e-17 3.519551e+01
690000 2.581473e-22 -1.240663e-20 1.383785e-17 3.739507e+01
691000 3.905866e-21 -9.899600e-21 1.379560e-17 5.658015e+02
692000 4.018371e-21 -9.512884e-21 1.379505e-17 5.820989e+02
693000 2.668077e-22 -7.477050e-21 1.379965e-17 3.864961e+01
694000 1.138443e-20 -8.212287e-21 1.380443e-17 1.649142e+03
695000 2.658946e-22 -9.139794e-21 1.394135e-17 3.851734e+01
696000 4.802435e-22 1.051538e-20 1.391100e-17 6.956780e+01
697000 8.140659e-22 1.183083e-20 1.391264e-17 1.179251e+02
698000 1.112739e-21 1.506566e-20 1.391618e-17 1.611907e+02
699000 8.747774e-22 6.237242e-21 1.390713e-17 1.267197e+02
700000 7.087771e-23 6.242774e-21 1.405633e-17 1.026730e+01
701000 1.433381e-22 1.043937e-20 1.401087e-17 2.076388e+01
702000 1.081635e-20 1.491482e-20 1.402573e-17 1.566851e+03
703000 2.826629e-21 9.682183e-21 1.401401e-17 4.094638e+02
704000 1.672910e-23 1.084112e-20 1.401096e-17 2.423368e+00
705000 5.922311e-22 1.027228e-20 1.416129e-17 8.579024e+01
706000 1.696817e-21 1.592095e-20 1.411763e-17 2.457999e+02
707000 7.852430e-26 2.019356e-20 1.412019e-17 1.137498e-02
708000 1.126225e-20 1.600576e-20 1.412728e-17 1.631443e+03
709000 7.636295e-22 1.953515e-20 1.412030e-17 1.106189e+02
710000 1.034567e-21 1.750149e-20 1.426854e-17 1.498667e+02
711000 2.668902e-21 2.187519e-20 1.422521e-17 3.866156e+02
712000 2.188680e-21 2.420812e-20 1.422640e-17 3.170509e+02
713000 3.471789e-21 2.275445e-20 1.422633e-17 5.029213e+02
714000 1.248967e-22 2.445221e-20 1.422458e-17 1.809246e+01
715000 4.825657e-21 2.212309e-20 1.437736e-17 6.990418e+02
716000 3.536817e-22 2.856273e-20 1.432893e-17 5.123412e+01
717000 1.081954e-22 2.810310e-20 1.432825e-17 1.567312e+01
718000 1.083169e-20 2.507985e-20 1.434399e-17 1.569072e+03
719000 1.387718e-22 2.853169e-20 1.432868e-17 2.010240e+01
720000 2.098136e-22 2.645074e-20 1.447772e-17 3.039347e+01
721000 1.316827e-23 -3.979468e-20 1.436093e-17 1.907548e+00
722000 4.619132e-21 -3.860206e-20 1.437611e-17 6.691248e+02
723000 2.586681e-23 -3.892146e-20 1.436136e-17 3.747051e+00
724000 1.052947e-22 -3.892507e-20 1.436142e-17 1.525293e+01
725000 2.539597e-22 -3.988586e-20 1.451368e-17 3.678845e+01
726000 3.293436e-22 -3.110504e-20 1.447275e-17 4.770852e+01
727000 8.831062e-21 -3.098927e-20 1.448087e-17 1.279262e+03
728000 3.472631e-22 -3.038400e-20 1.448740e-17 5.030433e+01
729000 4.059376e-22 -3.102189e-20 1.447245e-17 5.880388e+01
730000 9.301550e-22 -3.100741e-20 1.462296e-17 1.347417e+02
731000 4.599180e-22 -3.931947e-20 1.456134e-17 6.662346e+01
732000 6.441932e-21 -3.859925e-20 1.457816e-17 9.331744e+02
733000 4.683871e-22 -3.934906e-20 1.456145e-17 6.785027e+01
734000 7.862867e-22 -3.933201e-20 1.456170e-17 1.139010e+02
735000 9.444921e-22 -3.917042e-20 1.471179e-17 1.368186e+02
736000 3.931972e-22 -3.555793e-20 1.466630e-17 5.695831e+01
737000 1.792731e-22 -3.574105e-20 1.466809e-17 2.596939e+01
738000 1.493560e-21 -3.587526e-20 1.467372e-17 2.163562e+02
739000 2.486944e-22 -3.559653e-20 1.466629e-17 3.602572e+01
740000 2.764493e-21 -3.542247e-20 1.481920e-17 4.004629e+02
741000 1.716266e-21 -4.045318e-20 1.477573e-17 2.486173e+02
742000 1.374096e-21 -4.040829e-20 1.477819e-17 1.990508e+02
743000 5.793396e-23 -4.046693e-20 1.477456e-17 8.392280e+00
744000 1.792233e-23 -4.033055e-20 1.479287e-17 2.596218e+00
745000 2.773424e-21 -4.042126e-20 1.492813e-17 4.017565e+02
746000 2.315228e-21 -3.276192e-20 1.489070e-17 3.353825e+02
747000 1.497997e-20 -3.430440e-20 1.491306e-17 2.169989e+03
748000 2.870615e-21 3.053395e-20 1.493551e-17 4.158355e+02
749000 2.791884e-21 3.170999e-20 1.493478e-17 4.044307e+02
750000 5.485397e-22 3.504569e-20 1.508559e-17 7.946114e+01
751000 2.585627e-22 3.920270e-20 1.504243e-17 3.745524e+01
752000 1.915179e-21 4.489350e-20 1.504681e-17 2.774318e+02
753000 8.656873e-23 4.141927e-20 1.504158e-17 1.254030e+01
754000 1.438941e-22 3.969583e-20 1.504132e-17 2.084442e+01
755000 8.927905e-22 4.329638e-20 1.519419e-17 1.293291e+02
756000 7.444295e-22 5.018462e-20 1.515099e-17 1.078376e+02
757000 7.949563e-22 5.338538e-20 1.515418e-17 1.151569e+02
758000 9.639050e-23 4.933296e-20 1.514972e-17 1.396307e+01
759000 4.785321e-21 4.876248e-20 1.515426e-17 6.931987e+02
760000 6.983033e-25 5.851792e-20 1.530852e-17 1.011558e-01
761000 3.357802e-22 -4.105442e-20 1.516055e-17 4.864092e+01
762000 3.311322e-21 -4.102799e-20 1.517088e-17 4.796761e+02
763000 5.928150e-22 -4.109405e-20 1.516791e-17 8.587483e+01
764000 1.198542e-21 -4.108787e-20 1.516293e-17 1.736201e+02
765000 8.050481e-22 -4.106689e-20 1.531014e-17 1.166188e+02
766000 2.159562e-21 -4.109448e-20 1.528276e-17 3.128329e+02
767000 3.201385e-23 -4.095765e-20 1.528881e-17 4.637508e+00
768000 4.184384e-24 -4.080570e-20 1.530892e-17 6.061475e-01
769000 4.066173e-24 -4.099393e-20 1.529378e-17 5.890234e-01
770000 1.026200e-21 -4.100950e-20 1.543884e-17 1.486547e+02
771000 4.804660e-21 -1.702016e-20 1.543778e-17 6.960003e+02
772000 8.621737e-21 -2.338087e-20 1.542306e-17 1.248940e+03
773000 8.914380e-22 -3.793404e-20 1.539772e-17 1.291332e+02
774000 3.919055e-21 2.215433e-21 1.540642e-17 5.677120e+02
775000 2.683060e-21 1.901987e-21 1.555522e-17 3.886665e+02
776000 2.980130e-22 -7.971369e-21 1.549288e-17 4.316998e+01
777000 8.195103e-22 -8.135175e-21 1.549318e-17 1.187138e+02
778000 1.852188e-21 -8.058479e-21 1.549430e-17 2.683069e+02
779000 4.545271e-23 -7.984801e-21 1.549260e-17 6.584253e+00
780000 3.598176e-22 -8.457053e-21 1.564266e-17 5.212297e+01
781000 3.308683e-21 -6.882554e-21 1.561785e-17 4.792938e+02
782000 1.706952e-22 -7.120548e-21 1.561799e-17 2.472680e+01
783000 5.710221e-22 -6.784799e-21 1.561436e-17 8.271793e+01
784000 1.287178e-22 -6.616485e-21 1.561352e-17 1.864599e+01
785000 1.552946e-21 -4.079521e-20 1.574297e-17 2.249588e+02
786000 7.449685e-23 -4.109717e-20 1.568176e-17 1.079157e+01
787000 6.202240e-22 -4.109468e-20 1.568125e-17 8.984528e+01
788000 1.563616e-21 -4.097582e-20 1.568337e-17 2.265044e+02
789000 5.082837e-22 -4.096797e-20 1.568507e-17 7.362967e+01
790000 4.080580e-23 -4.098346e-20 1.583041e-17 5.911103e+00
791000 4.255483e-21 -3.772092e-20 1.577674e-17 6.164467e+02
792000 1.712035e-21 -3.745982e-20 1.576572e-17 2.480044e+02
793000 2.387993e-21 -3.732869e-20 1.576652e-17 3.459233e+02
794000 1.666724e-21 -3.736718e-20 1.576555e-17 2.414406e+02
795000 2.849027e-22 -3.728655e-20 1.591491e-17 4.127084e+01
796000 1.068887e-20 -2.340156e-20 1.592056e-17 1.548383e+03
797000 3.251228e-24 -2.442792e-20 1.587851e-17 4.709710e-01
798000 7.876838e-21 -2.485002e-20 1.588472e-17 1.141034e+03
799000 3.307533e-21 -2.490749e-20 1.588030e-17 4.791272e+02
800000 8.654438e-22 -2.434049e-20 1.603038e-17 1.253677e+02
801000 2.124145e-22 -3.946774e-20 1.597715e-17 3.077024e+01
802000 7.142700e-21 -3.943780e-20 1.598741e-17 1.034687e+03
803000 5.867560e-23 -3.958298e-20 1.597340e-17 8.499712e+00
804000 4.133069e-22 -3.956249e-20 1.597318e-17 5.987139e+01
805000 1.483080e-21 -3.952805e-20 1.612451e-17 2.148381e+02
806000 3.842854e-21 -3.855757e-20 1.608011e-17 5.566735e+02
807000 4.744200e-22 -3.881681e-20 1.607427e-17 6.872420e+01
808000 4.555820e-24 -3.879487e-20 1.607227e-17 6.599534e-01
809000 4.094895e-22 -3.879345e-20 1.607258e-17 5.931840e+01
810000 7.189201e-22 -3.852029e-20 1.623065e-17 1.041423e+02
811000 4.960620e-21 -4.018270e-20 1.619013e-17 7.185925e+02
812000 1.905041e-22 -4.028356e-20 1.617239e-17 2.759631e+01
813000 2.536509e-22 -4.028260e-20 1.617244e-17 3.674372e+01
814000 6.221544e-21 -4.021332e-20 1.618474e-17 9.012492e+02
815000 6.579282e-22 -4.105844e-20 1.636028e-17 9.530709e+01
816000 5.438612e-22 -4.107204e-20 1.626087e-17 7.878341e+01
817000 1.003374e-20 -4.108340e-20 1.627014e-17 1.453481e+03
818000 1.194754e-21 -4.108044e-20 1.626107e-17 1.730713e+02
819000 9.478248e-22 -4.108473e-20 1.626126e-17 1.373013e+02
820000 5.694862e-25 -4.108420e-20 1.641022e-17 8.249544e-02
821000 7.241946e-21 -4.085676e-20 1.637350e-17 1.049064e+03
822000 1.459947e-22 -4.091027e-20 1.637421e-17 2.114870e+01
823000 2.057202e-22 -4.089482e-20 1.636928e-17 2.980050e+01
824000 3.503899e-22 -4.081823e-20 1.637521e-17 5.075728e+01
825000 1.129270e-21 -4.083834e-20 1.652025e-17 1.635854e+02
826000 2.640100e-21 -2.525089e-20 1.652402e-17 3.824433e+02
827000 5.946865e-21 -4.022538e-20 1.648237e-17 8.614594e+02
828000 1.827094e-21 -2.354783e-20 1.648597e-17 2.646718e+02
829000 1.274273e-26 -2.351478e-20 1.648383e-17 1.845904e-03
830000 9.701174e-22 -2.366497e-20 1.663892e-17 1.405306e+02
831000 3.063123e-22 -1.653860e-20 1.658377e-17 4.437221e+01
832000 1.681953e-22 -1.673042e-20 1.658344e-17 2.436468e+01
833000 1.072078e-21 -1.471536e-20 1.658637e-17 1.553006e+02
834000 7.110693e-22 -1.452112e-20 1.658630e-17 1.030051e+02
835000 1.102246e-21 -1.500366e-20 1.673610e-17 1.596707e+02
836000 6.248380e-22 -1.681570e-20 1.668381e-17 9.051367e+01
837000 3.706473e-21 -1.631850e-20 1.668739e-17 5.369175e+02
838000 1.326178e-20 -1.620342e-20 1.669707e-17 1.921093e+03
839000 2.039073e-21 -1.632921e-20 1.668571e-17 2.953789e+02
840000 1.827404e-23 -1.719216e-20 1.683300e-17 2.647167e+00
841000 4.928067e-22 -1.433603e-20 1.679075e-17 7.138768e+01
842000 7.595695e-24 -1.441169e-20 1.679253e-17 1.100308e+00
843000 4.396738e-22 -1.457977e-20 1.680360e-17 6.369089e+01
844000 5.958629e-22 -1.442186e-20 1.679354e-17 8.631635e+01
845000 2.900844e-21 -1.441981e-20 1.694576e-17 4.202145e+02
846000 3.862972e-22 -1.671266e-20 1.689814e-17 5.595879e+01
847000 1.985817e-21 -1.609357e-20 1.688602e-17 2.876643e+02
848000 9.556016e-22 -1.592264e-20 1.688547e-17 1.384279e+02
849000 8.279992e-22 -1.584319e-20 1.688592e-17 1.199435e+02
850000 1.234678e-21 -1.568887e-20 1.703905e-17 1.788548e+02
851000 1.662203e-23 -1.622751e-20 1.699410e-17 2.407858e+00
852000 3.407283e-21 -1.655004e-20 1.699307e-17 4.935770e+02
853000 2.017088e-23 -1.641561e-20 1.698820e-17 2.921942e+00
854000 1.117596e-20 -1.626550e-20 1.700329e-17 1.618943e+03
855000 2.580587e-21 -1.627691e-20 1.714418e-17 3.738223e+02
856000 4.293192e-25 -2.111718e-20 1.708300e-17 6.219092e-02
857000 1.095121e-21 -2.082694e-20 1.708270e-17 1.586385e+02
858000 7.132725e-22 -2.016539e-20 1.708826e-17 1.033242e+02
859000 1.164209e-21 -2.140530e-20 1.708837e-17 1.686467e+02
860000 1.911200e-20 -2.144870e-20 1.725724e-17 2.768554e+03
861000 9.645593e-22 -1.555881e-20 1.718557e-17 1.397255e+02
862000 2.085173e-21 -1.610971e-20 1.718645e-17 3.020570e+02
863000 1.630388e-23 -1.501813e-20 1.718577e-17 2.361770e+00
864000 1.855347e-22 -1.578238e-20 1.718458e-17 2.687645e+01
865000 2.186998e-22 -1.666256e-20 1.733631e-17 3.168072e+01
866000 6.581853e-22 -1.457315e-20 1.729170e-17 9.534434e+01
867000 6.539318e-22 -1.554617e-20 1.730659e-17 9.472818e+01
868000 3.319388e-22 -1.418902e-20 1.729444e-17 4.808446e+01
869000 7.290572e-23 -1.471816e-20 1.729127e-17 1.056108e+01
870000 1.261027e-24 -1.474140e-20 1.744128e-17 1.826717e-01
871000 1.038895e-22 -2.828850e-20 1.737549e-17 1.504937e+01
872000 8.944157e-22 -2.823404e-20 1.737601e-17 1.295645e+02
873000 8.466768e-21 -2.866477e-20 1.739100e-17 1.226491e+03
874000 3.540756e-23 -2.826389e-20 1.737528e-17 5.129119e+00
875000 1.585377e-23 -2.815766e-20 1.752504e-17 2.296567e+00
876000 1.525191e-21 -3.352862e-20 1.747296e-17 2.209382e+02
877000 2.511016e-21 -3.355709e-20 1.747444e-17 3.637443e+02
878000 1.810580e-22 -3.366516e-20 1.747498e-17 2.622795e+01
879000 7.347328e-21 -3.307024e-20 1.748421e-17 1.064330e+03
